
================== ASTRAL ===================== 

This is ASTRAL version 5.7.7
Gene trees are treated as unrooted
191 trees read from all_bs10.trees
index224
All output trees will be *arbitrarily* rooted at P0109B

======== Running the main analysis
Number of taxa: 239 (239 species)
Taxa: [P_018689, P_012895, P_012891, P_012811, P_012861, P_012827, P_012813, P_012921, P_012919, P_012795, YZRI, PSJT, P_012871, P0207B, P0206H, P0206G, P0207C, P0110C, P0207A, XQWC, GAP_80322, DHPO, WZFE, KRJP, WAIL, MAQO, Dhai, Apet, BCGB, WIGA, ABSS, VYLQ, WPHN, PAWA, OPDF, CSSK, Asie, QDVW, WKSU, SJEV, P_019187, P_019189, GAP_81227, GAP_81226, P_006410, P_016921, GAP_80397, P_016799, P_019185, P2589, GAP_79804, P2590, GAP_79862, GAP_80390, GAP_80389, P_011715, P_011735, P_008646, P_006412, P_011527, P_016909, P_018831, P_018693, P_014099, S03, P_016787, P_016789, P_016791, P_018695, P_018645, P_018783, P_016793, P_016795, P_006422, P_016797, OBPL, P_012867, P_012847, P_012923, P_012817, P_012899, P_012937, P_006421, P_012939, P_012843, P_012837, P_012803, P_012853, P_012809, P_012801, P_012799, P_012825, P_012909, GAP_81172, P_012833, GAP_80295, P_012927, P_012791, P_012819, P_012835, P_012823, P_012869, P_012915, P_012845, P_012807, P_012849, P_012931, P_012933, P_012935, P_012865, P_012841, P_012877, P_012913, P_012857, P_012901, P_012887, P_012851, P_012831, P_012875, P_012925, P_012883, P_012903, P_012815, P_012797, P_012897, P_012907, P_012859, P_012793, P_012863, P_012911, P_012821, P_012917, P_012873, P_012889, GAP_80292, GAP_80294, P_012893, GAP_80293, P_012881, GAP_80291, P_012885, P_012805, P_012879, P_012829, P_012855, P_007802, P_018637, P_012941, P2622, P_018639, OSHQ, P_019197, Wsal, P_019193, P_019191, Pcol, P2619, P_014083, GAP_80297, GAP_80298, P_014077, GAP_80395, P_011549, GAP_80393, GAP_80394, P_011643, P_011651, P_011509, P_011647, P_011465, P_011489, P_011487, P_011523, P_011501, P_011631, P_007783, P_011637, P_006414, P_011587, P_014081, P_008647, P0104A, P_006411, Schi, P_011531, P_008632, P_011671, P_016813, P_011679, P_008640, Msal, P_006413, KAYP, P_011675, P_011759, P_008631, P_018635, P_006418, P_006419, P_012905, P_012839, P_018779, P_011713, P_011705, P_011537, P0110B, P_011739, P_011673, P_011657, P_007844, GAP_80417, S27, S02, S08, P_011611, P_011745, P_007843, P_018691, P_006420, P_011579, P0203H, P_011551, P_025525, P_011677, P0109B, P_011681, P_014095, P_011609, P_025523, S38, P2623, P_011699, P_011607, P_019199, P_011613, P_007845, S04, P_025527, P_011701]
Taxon occupancy: {P_019193=81, P_019191=6, P_019197=136, OPDF=182, GAP_81172=182, P_018783=173, P_019199=1, Wsal=103, P_016921=169, WKSU=190, P_025523=3, P_025525=6, P_025527=1, P0203H=55, P_014077=37, QDVW=187, P_011487=172, P_011489=176, P_016813=160, P_006421=178, P_006422=179, P_006420=38, P_006418=171, P_006419=177, P_006414=164, P_014081=39, P_014083=67, P_018689=182, P0206H=147, P0206G=131, Msal=165, P0109B=36, P_006410=156, P_012901=180, P_006411=145, P_006412=165, P_012903=185, P_006413=168, P_012905=181, PAWA=183, GAP_79862=148, P_012907=182, ABSS=188, P_012909=172, P_018691=58, GAP_80291=184, P_018695=171, P_014095=11, GAP_80293=178, P_018693=166, GAP_80292=175, GAP_80295=166, P_014099=155, GAP_80294=171, GAP_80297=167, GAP_80298=166, P_012911=183, P_011701=1, P_012913=158, P_012915=177, P_011705=24, P_012917=164, P_012919=129, P_012881=180, P_011671=66, P_011551=25, MAQO=187, P_012883=181, P_011673=49, GAP_80322=184, P_012885=176, P_011675=119, P2590=128, P_012887=180, P_011677=69, P_012889=176, P_011679=64, P_008647=138, PSJT=185, P2589=125, P_012891=167, P_011681=45, P_012893=175, P_018637=159, P_012895=176, P_018635=104, P_012897=181, P0207C=154, P0207B=158, P_012899=160, P0207A=157, P_018639=93, P_008646=172, P_008640=170, BCGB=187, WZFE=186, P_018645=170, KRJP=187, KAYP=108, P_011699=5, P_011579=57, CSSK=182, P_008632=162, P_016909=175, P_007783=130, P_008631=38, P_019187=159, P_019185=159, P_019189=129, P_012791=177, P_012793=178, P_012795=170, Asie=147, P_011465=179, P_018779=35, P_012797=180, P_011587=51, P_012799=174, GAP_80417=35, WIGA=182, GAP_79804=98, P_007802=57, P_012841=176, P_011631=55, P_012843=181, Pcol=96, P_012845=182, P_012847=166, P_011637=154, P_011759=92, P_012849=173, Apet=89, OBPL=188, P0110C=130, P_018831=157, P0110B=75, YZRI=188, P_012851=175, P_012853=170, P_011643=169, P_011523=172, P_012855=151, P_012857=172, P_011647=105, P_011527=66, P_012859=163, WAIL=188, P_016789=169, P_012861=177, P_011651=95, P_016787=171, P_011531=71, P_012863=183, P_012865=167, Schi=96, P_012867=174, P_011657=96, P_011537=52, P_012869=173, P_016793=164, P_016791=171, P_016797=176, SJEV=187, P_016795=167, P_012871=163, P_012873=186, P_016799=176, P_012875=175, P_012877=177, P_012879=172, P_011549=118, P_007844=28, P_007845=1, S02=82, P_012921=100, S04=2, S03=144, P_012801=169, P_012923=162, P_011713=31, P_012803=172, P_011715=73, P_012925=179, S08=32, P_012805=172, P_007843=83, P_012927=171, P_012807=176, P_012809=177, VYLQ=188, DHPO=190, GAP_80390=161, P2622=77, P2623=19, XQWC=190, GAP_80394=172, GAP_80393=184, GAP_80395=180, GAP_80397=175, P_012931=170, P_012811=179, WPHN=187, P_012933=162, P_012813=161, P_012935=165, P_012815=179, P_012937=176, P_012817=169, P_011607=1, P_012939=175, P_012819=172, P_011609=25, P2619=44, OSHQ=185, GAP_80389=154, P_012941=177, P_012821=181, P_011611=18, P_012823=174, P_011613=1, P_011735=162, P_012825=167, S27=48, P_012827=118, P_011739=88, P_012829=133, Dhai=180, P0104A=104, P_012831=177, P_011501=180, GAP_81226=172, P_012833=173, GAP_81227=175, P_011745=86, P_012835=169, S38=5, P_012837=170, P_012839=166, P_011509=173}
Number of gene trees: 191
191 trees have missing taxa
Calculating quartet distance matrix (for completion of X)
Species tree distances calculated ...
Will attempt to complete bipartitions from X before adding using a distance matrix.
Building set of clusters (X) from gene trees 
------------------------------
gradient0: 15463
Number of Clusters after addition by distance: 15463
calculating extra bipartitions to be added at level 1 ...
Adding to X using resolutions of greedy consensus ...
Limit for sigma of degrees:6025
polytomy size limit : 14
discarded polytomies:  [3, 3, 3, 3, 3, 3, 3, 3, 3, 3, 3, 3, 3, 3, 3, 3, 3, 3, 3, 3, 3, 3, 4, 4, 4, 4, 4, 4, 4, 4, 4, 5, 5, 5, 6, 6, 6, 8, 9, 13, 14]
Threshold 0.0:
polytomy of size 3; rounds with additions with at least 5 support: 0; clusters: 15469
Threshold 0.01:
polytomy of size 4; rounds with additions with at least 5 support: 0; clusters: 15475
Threshold 0.02:
polytomy of size 6; rounds with additions with at least 5 support: 0; clusters: 15527
Threshold 0.05:
polytomy of size 8; rounds with additions with at least 5 support: 1; clusters: 15531
Threshold 0.1:
polytomy of size 3; rounds with additions with at least 5 support: 0; clusters: 15531
polytomy of size 3; rounds with additions with at least 5 support: 0; clusters: 15531
polytomy of size 9; rounds with additions with at least 5 support: 0; clusters: 15537
Threshold 0.2:
polytomy of size 3; rounds with additions with at least 5 support: 0; clusters: 15537
polytomy of size 3; rounds with additions with at least 5 support: 0; clusters: 15537
polytomy of size 3; rounds with additions with at least 5 support: 0; clusters: 15537
polytomy of size 3; rounds with additions with at least 5 support: 0; clusters: 15537
polytomy of size 3; rounds with additions with at least 5 support: 0; clusters: 15537
polytomy of size 3; rounds with additions with at least 5 support: 0; clusters: 15537
polytomy of size 3; rounds with additions with at least 5 support: 0; clusters: 15537
polytomy of size 3; rounds with additions with at least 5 support: 0; clusters: 15537
polytomy of size 4; rounds with additions with at least 5 support: 0; clusters: 15537
polytomy of size 13; rounds with additions with at least 5 support: 0; clusters: 15543
Threshold 0.3333333333333333:
polytomy of size 6; rounds with additions with at least 5 support: 0; clusters: 15543
polytomy of size 4; rounds with additions with at least 5 support: 0; clusters: 15543
polytomy of size 5; rounds with additions with at least 5 support: 0; clusters: 15543
polytomy of size 3; rounds with additions with at least 5 support: 0; clusters: 15543
polytomy of size 3; rounds with additions with at least 5 support: 0; clusters: 15543
polytomy of size 3; rounds with additions with at least 5 support: 0; clusters: 15543
polytomy of size 3; rounds with additions with at least 5 support: 0; clusters: 15543
polytomy of size 4; rounds with additions with at least 5 support: 0; clusters: 15543
polytomy of size 5; rounds with additions with at least 5 support: 0; clusters: 15543
polytomy of size 6; rounds with additions with at least 5 support: 0; clusters: 15543
polytomy of size 3; rounds with additions with at least 5 support: 0; clusters: 15543
polytomy of size 4; rounds with additions with at least 5 support: 0; clusters: 15543
polytomy of size 3; rounds with additions with at least 5 support: 0; clusters: 15543
polytomy of size 5; rounds with additions with at least 5 support: 0; clusters: 15543
polytomy of size 3; rounds with additions with at least 5 support: 0; clusters: 15543
polytomy of size 3; rounds with additions with at least 5 support: 0; clusters: 15543
polytomy of size 4; rounds with additions with at least 5 support: 0; clusters: 15543
polytomy of size 3; rounds with additions with at least 5 support: 0; clusters: 15543
polytomy of size 4; rounds with additions with at least 5 support: 0; clusters: 15543
polytomy of size 3; rounds with additions with at least 5 support: 0; clusters: 15543
polytomy of size 3; rounds with additions with at least 5 support: 0; clusters: 15543
polytomy of size 4; rounds with additions with at least 5 support: 0; clusters: 15543
polytomy of size 4; rounds with additions with at least 5 support: 0; clusters: 15543
polytomy of size 14; rounds with additions with at least 5 support: 0; clusters: 15543
max k is :2
Number of Clusters after addition by greedy: 15543
gradient0 in heuristiic: 15543
partitions formed in 14.412 secs
Dynamic Programming starting after 14.412 secs
Using tree-based weight calculation.
Using polytree-based weight calculation.
Polytree max score: 7268438816
Polytree building time: 0.176 seconds.
Number of quartet trees in the gene trees: 7268438816
Size of largest cluster: 239
Greedy score: 6759222625
estimationFactor: 1.0753365023244814
Sub-optimal score: 6824386862
Total Number of elements weighted: 44982
Normalized score (portion of input quartet trees satisfied before correcting for multiple individuals): 0.9496851179107456
Optimization score: 6902728174
Optimal tree inferred in 60.782 secs.
(GAP_80292,(P_006419,(P_012793,(P_012863,(P_006418,(P_012889,(((P_012893,GAP_80293),(P_012911,(P_012821,P_012917))),(P_012897,(((P_012873,P_012881),(P_012907,GAP_80291)),((P_012885,(P_012859,(GAP_80294,P_006420))),(P_018689,((((P_012925,P_012883),(P_012857,(P_012903,P_012815))),(P_012875,((P_012831,P_012905),(P_012901,(P_012887,P_012851))))),(P_012797,((P_012841,((P_012877,P_012913),(P_012811,(P_012895,P_012891)))),(((P_012867,((P_012817,P_012899),(P_012847,P_012923))),(P_012843,(((P_012937,(P_006421,P_012939)),((P_012803,P_012853),(P_012837,P_012829))),(((P_012801,(P_012809,P_012879)),(P_012839,(P_012805,(P_012825,(YZRI,P_012799))))),((P_012909,((P_012865,(P_012931,(P_012933,P_012935))),((P_012871,P_012849),(P_012845,P_012807)))),((GAP_81172,P_012833),((P_012927,(PSJT,GAP_80295)),((P_012791,P_012915),(P_012869,(P_012819,(P_012835,P_012823))))))))))),((P_012861,((P_012855,(P_012827,P_007802)),((P_012921,P_012919),(P_012813,P_018637)))),((P_012795,P_012941),((GAP_80322,DHPO),(((P2622,P2623),(P0110C,(XQWC,(P0110B,(P0207A,(P0207C,(P0207B,(P0206H,P0206G)))))))),((((P_018639,P_018779),(P_018695,(P_018645,P_018783))),((P_016793,(P_016795,P_006422)),(P_018691,((P_016797,(OBPL,(GAP_80397,(P_016799,P_007845)))),(P_018693,((S27,(P_016789,S04)),(P_016791,((P_016787,S02),((P_014099,S03),(S08,(P_014095,S38))))))))))),(((P0203H,((WZFE,P_016909),(P0109B,(P_018831,OSHQ)))),(((SJEV,(P_019193,(P_019187,Wsal))),(P_016921,(WKSU,(GAP_81227,(Pcol,(GAP_81226,P_006410)))))),(((Asie,QDVW),(P_025525,(P_019189,(P_019197,(PAWA,P_025527))))),(P_025523,((P_019191,(GAP_80417,(GAP_79804,P2590))),(CSSK,(P_019185,(OPDF,(P2589,P_019199))))))))),((WPHN,P_011613),(((P2619,P_011609),(MAQO,(WAIL,(P_011527,((P_014083,GAP_80297),(GAP_80298,P_014077)))))),(((GAP_79862,P_011587),(P_014081,(P_008647,P0104A))),(((KRJP,(GAP_80395,P_011549)),((P_011643,(P_011657,(P_011651,P_011509))),((GAP_80393,GAP_80394),((P_011647,(P_011465,(P_011501,(P_011523,(P_011489,P_011487))))),(P_011637,(P_011551,((P_011631,P_007844),(P_007783,(P_006414,P_007843))))))))),((P_011531,(Schi,(P_006411,P_011699))),(VYLQ,(P_008631,(P_018635,((P_008632,(P_011671,P_011579)),(((P_006413,(P_011713,P_011705)),(KAYP,((BCGB,ABSS),(WIGA,(Dhai,(Apet,Msal)))))),((P_016813,((GAP_80390,GAP_80389),((P_006412,P_008640),(P_008646,P_011679)))),(P_011701,((P_011673,(P_011537,(P_011607,(P_011739,P_011677)))),(P_011759,((P_011735,P_011675),(P_011681,(P_011715,(P_011611,P_011745)))))))))))))))))))))))))))))))))))))));
Final quartet score is: 6902728174
Final normalized quartet score is: 0.9496851179107456
You may want to ignore posterior probabilities and other statistics related to the following branch branch because the effective number of genes impacting it is only 1:
	{PAWA, P_025527}
You may want to ignore posterior probabilities and other statistics related to the following branch branch because the effective number of genes impacting it is only 5:
	{PAWA, P_019189, P_019197, P_025527}
You may want to ignore posterior probabilities and other statistics related to the following branch branch because the effective number of genes impacting it is only 6:
	{PAWA, P_019189, P_019197, P_025525, P_025527}
You may want to ignore posterior probabilities and other statistics related to the following branch branch because the effective number of genes impacting it is only 4:
	{GAP_79804, P2590, GAP_80417}
You may want to ignore posterior probabilities and other statistics related to the following branch branch because the effective number of genes impacting it is only 5:
	{GAP_79804, P2590, P_019191, GAP_80417}
You may want to ignore posterior probabilities and other statistics related to the following branch branch because the effective number of genes impacting it is only 1:
	{P2589, P_019199}
You may want to ignore posterior probabilities and other statistics related to the following branch branch because the effective number of genes impacting it is only 2:
	{OPDF, CSSK, P_019185, P2589, GAP_79804, P2590, P_019191, GAP_80417, P_019199}
You may want to ignore posterior probabilities and other statistics related to the following branch branch because the effective number of genes impacting it is only 3:
	{OPDF, CSSK, P_019185, P2589, GAP_79804, P2590, P_019191, GAP_80417, P_025523, P_019199}
You may want to ignore posterior probabilities and other statistics related to the following branch branch because the effective number of genes impacting it is only 1:
	{WPHN, P_011613}
You may want to ignore posterior probabilities and other statistics related to the following branch branch because the effective number of genes impacting it is only 10:
	{P2619, P_011609}
You may want to ignore posterior probabilities and other statistics related to the following branch branch because the effective number of genes impacting it is only 16:
	{P_011631, P_007844}
You may want to ignore posterior probabilities and other statistics related to the following branch branch because the effective number of genes impacting it is only 14:
	{P_011631, P_007783, P_006414, P_007844, P_007843}
You may want to ignore posterior probabilities and other statistics related to the following branch branch because the effective number of genes impacting it is only 2:
	{P_006411, P_011699}
You may want to ignore posterior probabilities and other statistics related to the following branch branch because the effective number of genes impacting it is only 10:
	{P_011713, P_011705}
You may want to ignore posterior probabilities and other statistics related to the following branch branch because the effective number of genes impacting it is only 1:
	{P_011739, P_011677}
You may want to ignore posterior probabilities and other statistics related to the following branch branch because the effective number of genes impacting it is only 1:
	{P_011739, P_011677, P_011607}
You may want to ignore posterior probabilities and other statistics related to the following branch branch because the effective number of genes impacting it is only 10:
	{P_011611, P_011745}
You may want to ignore posterior probabilities and other statistics related to the following branch branch because the effective number of genes impacting it is only 1:
	{P_011715, P_011735, P_011675, P_011759, P_011537, P_011739, P_011673, P_011611, P_011745, P_011677, P_011681, P_011607}
You may want to ignore posterior probabilities and other statistics related to the following branch branch because the effective number of genes impacting it is only 1:
	{P_011715, P_011735, P_011675, P_011759, P_011537, P_011739, P_011673, P_011611, P_011745, P_011677, P_011681, P_011607, P_011701}
You may want to ignore posterior probabilities and other statistics related to the following branch branch because the effective number of genes impacting it is only 1:
	{P_016799, P_007845}
You may want to ignore posterior probabilities and other statistics related to the following branch branch because the effective number of genes impacting it is only 2:
	{P_016789, S04}
You may want to ignore posterior probabilities and other statistics related to the following branch branch because the effective number of genes impacting it is only 0:
	{P_014095, S38}
You may want to ignore posterior probabilities and other statistics related to the following branch branch because the effective number of genes impacting it is only 4:
	{S08, P_014095, S38}
You may want to ignore posterior probabilities and other statistics related to the following branch branch because the effective number of genes impacting it is only 17:
	{P2622, P2623}
Extended species tree:
(P0109B,((P_018831,OSHQ)66.55:0.632693276742878,((WZFE,P_016909)79.02:1.1342132377060932,(P0203H,((((SJEV,(P_019193,(P_019187,Wsal)69.11:0.7374853860691584)72.16:0.8413478548942641)91.71:2.0170939194132393,(P_016921,(WKSU,(GAP_81227,(Pcol,(GAP_81226,P_006410)75.56:0.9713377844421136)73.03:0.8767089019666383)56.01:0.40812300242763216)46.78:0.22010717935521143)95.98:2.677188788345164)89.41:1.795045082724352,(((Asie,QDVW)98.62:3.4769806767073104,(P_025525,(P_019189,(P_019197,(PAWA,P_025527)100:0.2876820724517809)62.62:0.5620671630395748)40.07:8.544996901395815E-4)72.95:0.530904750580058)44.91:0.18634086959371565,(P_025523,((P_019191,(GAP_80417,(GAP_79804,P2590)100:2.961830721878311)100:1.2039728043259361)40.59:0.007423939071282392,(CSSK,(P_019185,(OPDF,(P2589,P_019199)100:0.2876820724517809)70.79:0.804102936563073)39.27:0.08896030619877228)80.49:1.197573039390348)100:0.6931471805599453)90.04:0.5956918444092321)92.72:2.14875643070819)47.44:0.23284123813891944,(((WPHN,P_011613)100:0.2876820724517809,(((P2619,P_011609)100:1.9924301646902058,(MAQO,(WAIL,(P_011527,((P_014083,GAP_80297)90.15:1.7841998792858142,(GAP_80298,P_014077)44.14:0.154495266009048)48.84:0.25005517639387564)66.14:0.6464313628353401)52.05:0.3231857421336154)79.26:1.1026321765610134)48.22:0.23638517132232392,(((GAP_79862,P_011587)82.8:1.2575405455843733,(P_014081,(P_008647,P0104A)100:3.0285220963769826)100:3.1780538303479453)86.75:1.5631128613021743,(((KRJP,(GAP_80395,P_011549)91.49:1.9701229629134462)59.81:0.4976570752146677,((P_011643,(P_011657,(P_011651,P_011509)80.42:1.1664569073147995)35.09:0.02093770652436888)85.95:1.52052399011095,((GAP_80393,GAP_80394)70.79:0.8106900691695634,((P_011647,(P_011465,(P_011501,(P_011523,(P_011489,P_011487)42.1:0.13643679482606752)39.27:0.08926819830008297)71.98:0.8517112928634432)88.06:1.6497041931780567)42.49:0.1399540578892992,(P_011637,(P_011551,((P_011631,P_007844)41.31:0.08517742664753286,(P_007783,(P_006414,P_007843)39.25:0.0839821703718642)57.48:0.42626572985349936)43.26:0.10693018864374723)29.96:0.0)54.66:0.3769775214487398)84.32:1.4165121758166235)38.34:0.07445778747940261)97.96:3.246337449475189)79.51:1.1586920100538314,((P_011531,(Schi,(P_006411,P_011699)50:0.0)92.31:1.9149128760337797)97.88:2.944587530454047,(VYLQ,(P_008631,(P_018635,((P_008632,(P_011671,P_011579)47.6:0.2002602706667326)95.46:2.488961700579639,(((P_006413,(P_011713,P_011705)66.15:0.49997966923516457)58.83:0.4463694304731795,(KAYP,((BCGB,ABSS)64.26:0.6131666327597833,(WIGA,(Dhai,(Apet,Msal)46.13:0.2018613302571499)40.64:0.11155996332052602)59.22:0.4830400628485862)41.11:0.1169196958165066)54.21:0.3629537826454069)31:0.0,((P_016813,((GAP_80390,GAP_80389)92.27:2.0713752913535166,((P_006412,P_008640)81.35:1.2441724732630184,(P_008646,P_011679)57.73:0.43329054697048486)49.68:0.27433482690105293)40.32:0.10569088975506692)63.75:0.5955757698611843,(P_011701,((P_011673,(P_011537,(P_011607,(P_011739,P_011677)100:0.2876820724517809)100:0.2876820724517809)33.99:0.0)44.33:0.16199781284079112,(P_011759,((P_011735,P_011675)89.85:1.7932516129702436,(P_011681,(P_011715,(P_011611,P_011745)60.05:0.3840316860736044)40.99:0.09843037467870505)59.78:0.4688387313549795)48.9:0.25265759887948847)42.57:0.13892502481162056)100:0.1053605156578264)100:0.2816397579958185)59.89:0.49800866832144425)70.76:0.8094326012609405)89.26:1.7435974323394061)36.68:0.033017680301447805)55.49:0.37079325184979506)51.82:0.3176063983943134)79.32:1.1454454859259309)38.54:0.07740581771579197)55.97:0.4070827307099795)66.86:0.6874301966812111)89.06:1.7643855116381695,((((P_018639,P_018779)70.3:0.6970285272679179,(P_018695,(P_018645,P_018783)49.64:0.2744448242587841)45.3:0.18978581258620722)75.45:0.9692729481485468,((P_016793,(P_016795,P_006422)65.19:0.6367892285652235)66.2:0.6662861022136273,(P_018691,((P_016797,(OBPL,(GAP_80397,(P_016799,P_007845)100:0.2876820724517809)54.55:0.3759931251180914)64.22:0.6119085145945903)76.04:1.0047995197637658,(P_018693,((S27,(P_016789,S04)50:0.0)86.76:1.4871069184841694,(P_016791,((P_016787,S02)99.57:3.6956362365768123,((P_014099,S03)93:1.984985706047327,(S08,(P_014095,S38)NaN:0.0)100:1.2039728043259361)34.21:0.0)35.5:0.029136186918426007)34.28:0.010773012316797689)74.12:0.9265889593532025)49.74:0.27590486283454235)38.41:0.06749278574295182)40.82:0.10646435751681667)39.82:0.09831517376082581)98.92:3.721415342484172,(((P2622,P2623)82.42:1.1014899884957248,(P0110C,(XQWC,(P0110B,(P0207A,(P0207C,(P0207B,(P0206H,P0206G)50.9:0.29687199136663855)46.89:0.22058698381254863)40.45:0.10784581857163272)43.86:0.16073345404644276)47.02:0.2178418969117839)72.99:0.883003320346837)97.35:2.8212125800725563)65.06:0.622571415224728,((GAP_80322,DHPO)91.48:1.9998219648118885,((P_012795,P_012941)99.62:4.214892402867071,((P_012861,((P_012855,(P_012827,P_007802)95.73:2.3652421460319104)92.45:2.0694970944208264,((P_012921,P_012919)99.43:3.6664065982618754,(P_012813,P_018637)68.38:0.7276333566311145)95.77:2.5979300381913952)98.57:3.478214031139805)42.57:0.14487690631884312,(((P_012867,((P_012817,P_012899)94.55:2.393304567469467,(P_012847,P_012923)99.34:3.9161350282374654)76.22:1.0113456189109962)98.59:3.515316302474521,(P_012843,(((P_012937,(P_006421,P_012939)89.87:1.8302257500558512)100:4.751288694118094,((P_012803,P_012853)34.83:0.01908945979946915,(P_012837,P_012829)83.75:1.3718752229170854)56.86:0.4274113120491283)41.61:0.1285835471336316,(((P_012801,(P_012809,P_012879)99.34:3.9306301753195436)75.81:0.9947971288659443,(P_012839,(P_012805,(P_012825,(YZRI,P_012799)67.74:0.7119612609546073)43.28:0.15666663766341057)39.67:0.09545039822349093)68:0.7211157120730224)78.86:1.1287182977373384,((P_012909,((P_012865,(P_012931,(P_012933,P_012935)95.14:2.4918270926325743)92.58:2.11527771813791)52.37:0.3294337390554373,((P_012871,P_012849)92.79:2.14356433605028,(P_012845,P_012807)63.44:0.5900209385597369)69.82:0.7793332617445832)96.85:2.886878974016058)33.86:0.00494593835867813,((GAP_81172,P_012833)98.76:3.601218515555511,((P_012927,(PSJT,GAP_80295)47.59:0.2345319017290254)85.32:1.4795999126119208,((P_012791,P_012915)45.13:0.1897283056326116,(P_012869,(P_012819,(P_012835,P_012823)34.81:0.01904520162666974)78.45:1.1073390794623477)98.23:3.3488714544668023)91.43:1.995170400277254)41.12:0.12030368344295331)95.19:2.526296253489278)91.81:2.0397778812369363)93.52:2.258317433698646)46.83:0.22120605191599055)83.72:1.3808389080971546)87.22:1.6156225191857359,((P_012841,((P_012877,P_012913)90.24:1.8600415278159805,(P_012811,(P_012895,P_012891)58.97:0.47634731692841265)94.72:2.4359445387497285)92.44:2.107542437006109)57.97:0.45333325013825854,(P_012797,((((P_012925,P_012883)97.44:3.060173288741999,(P_012857,(P_012903,P_012815)85.09:1.4618603289635639)38.43:0.07522392841905606)35.98:0.03695113057410648,(P_012875,((P_012831,P_012905)60.42:0.5122009439059618,(P_012901,(P_012887,P_012851)98.15:3.30549939995675)37.13:0.05510468740742535)50.85:0.29847612609074337)77.22:1.0530058546233922)69.06:0.7546259941170443,(P_018689,((P_012885,(P_012859,(GAP_80294,P_006420)97.38:2.5269160578655434)38.92:0.0815842128178445)38.76:0.07974634822510146,(((P_012873,P_012881)84.12:1.4020665353643784,(P_012907,GAP_80291)34.31:0.010795025817742379)37.09:0.05354505339864264,(P_012897,(((P_012893,GAP_80293)96.4:2.765927922234043,(P_012911,(P_012821,P_012917)94.82:2.442700180167964)82.46:1.304955719178178)34.22:0.009038552859952446,(P_012889,(P_006418,(P_012863,(P_012793,(P_006419,GAP_80292)98.13:3.2863398418645082)49.64:0.2727532401837906)39.1:0.08511598715199817)33.28:0.0)38.05:0.06827053443344314)36.29:0.04062301141973295)35.08:0.0221540562771394)38.35:0.07347776642650644)94.22:2.353941851800354)86.35:1.5496779857720622)96.62:2.829934408301522)31.36:0.0)95.21:2.5323163194913687)49.93:0.28092471837268057)88.15:1.6861494654832445)98.36:3.417890446270739)63.22:0.5857236752118853)72.7:0.8785871517633049)90.79:1.9275735090910389)81.04:1.234420921866047)97.27:2.6981486978571123)75.94:0.9642904492306691)80.33:1.1145224208804771));
Weight calculation took 42.331629796 secs
ASTRAL finished in 62.631 secs
