
================== ASTRAL ===================== 

This is ASTRAL version 5.7.7
Gene trees are treated as unrooted
159 trees read from all_bs10.trees
index224
All output trees will be *arbitrarily* rooted at P0109B

======== Running the main analysis
Number of taxa: 237 (237 species)
Taxa: [WIGA, Dhai, Apet, P_006413, BCGB, ABSS, P_011735, P_011675, P_011759, P_011715, P_008646, P_006412, P_008640, P_016813, VYLQ, P_018635, P_011531, Schi, P_006411, MAQO, GAP_80297, P_014083, GAP_80298, WAIL, P_014077, P2619, WPHN, P0110C, P0206G, P0206H, P0207B, XQWC, P0207A, P0207C, P2622, P_012841, P_012913, P_012877, P_012895, P_012811, P_012891, P_012797, P_012857, P_012887, P_012851, P_012815, P_012831, P_012905, P_012901, P_012875, P_012903, P_012889, P_012893, GAP_80293, P_012873, P_012881, P_012793, GAP_80292, P_006419, P_012917, P_012821, P_012907, P_012897, P_012911, P_012863, GAP_80294, P_012859, GAP_80291, P_006418, P_012885, P_018689, P_012883, P_012925, P_012801, P_012809, P_012879, P_012825, P_012805, P_012839, P_012799, YZRI, P_012909, P_012833, P_012915, P_012791, GAP_81172, P_012869, P_012835, P_012823, P_012819, P_012927, PSJT, P_012849, P_012871, P_012807, P_012845, P_012933, P_012935, P_012931, P_012865, P_012837, P_012829, P_012853, P_012803, P_006421, P_012939, P_012843, P_012867, P_012923, P_012899, P_012817, P_012861, P_012855, P_012827, P_007802, P_012919, P_018637, P_012813, P_012795, P_012941, GAP_80322, DHPO, P_016791, P_006422, P_016795, P_016793, P_016797, GAP_80397, OBPL, P_016799, S03, P_018639, P_014099, P_016789, P_016787, P_018645, P_018783, P_018695, P_018693, P_016909, WZFE, OSHQ, P_018831, P_019187, P_019193, Wsal, SJEV, GAP_81227, GAP_81226, P_006410, WKSU, Pcol, P_016921, P_019191, P_019197, PAWA, QDVW, Asie, P_019189, P2590, GAP_79804, P2589, OPDF, CSSK, P_019185, KRJP, GAP_80395, P_011549, GAP_80393, GAP_80394, P_011651, P_011509, P_011643, P_006414, P_011631, P_007783, P_011637, P_011647, P_011489, P_011465, P_011501, P_011523, P_011487, GAP_79862, P_011587, P_014081, P_008647, P0104A, P_008631, P_011671, P_011679, P_008632, KAYP, GAP_80389, GAP_80390, Msal, P_011537, P_011713, P_011705, P_018779, P_012921, P_012937, GAP_80295, P0110B, S02, S08, S27, P_012847, P_007844, P_011657, P_011739, P_011673, GAP_80417, P_018691, P_006420, P_007843, P_011611, P_011745, P_011527, P_011579, P0203H, P_011551, P_011677, P_025525, P0109B, P_014095, P_011681, P2623, P_011609, P_025523, S38, P_011699, P_011607, P_019199, P_011613, S04, P_011701]
Taxon occupancy: {P_019193=74, P_019191=6, P_019197=116, OPDF=155, GAP_81172=153, P_018783=143, P_019199=1, Wsal=91, P_016921=141, WKSU=158, P_025523=2, P_025525=6, P0203H=50, P_014077=37, QDVW=155, P_011487=143, P_011489=146, P_016813=137, P_006421=150, P_006422=148, P_006420=34, P_006418=137, P_006419=146, P_006414=139, P_014081=34, P_014083=59, P_018689=152, P0206H=119, P0206G=110, Msal=137, P0109B=34, P_012901=148, P_006410=130, P_006411=127, P_006412=138, P_012903=149, P_006413=142, P_012905=152, P_012907=148, PAWA=151, GAP_79862=128, ABSS=157, P_012909=144, P_018691=53, GAP_80291=152, P_018695=141, P_014095=10, GAP_80293=148, GAP_80292=141, P_018693=139, GAP_80295=136, GAP_80294=139, P_014099=128, GAP_80297=145, GAP_80298=142, P_012911=150, P_011701=2, P_012913=130, P_012915=150, P_011705=20, P_012917=134, P_012919=105, P_012881=146, P_011671=62, P_011551=19, MAQO=156, P_012883=146, P_011673=47, P_011675=104, P_012885=146, GAP_80322=150, P2590=112, P_012887=148, P_011677=65, P_012889=146, P_011679=61, P_008647=122, PSJT=153, P2589=106, P_012891=135, P_011681=44, P_012893=143, P_018637=135, P_012895=142, P_018635=92, P_012897=144, P0207C=126, P0207B=128, P_012899=138, P0207A=132, P_018639=76, P_008646=147, P_008640=146, BCGB=156, WZFE=153, P_018645=141, KRJP=154, KAYP=93, P_011699=5, P_011579=53, CSSK=150, P_008632=142, P_016909=149, P_007783=117, P_008631=33, P_019187=132, P_019185=131, P_019189=108, P_012791=148, P_012793=145, P_012795=144, Asie=124, P_011465=146, P_018779=33, P_012797=149, P_011587=46, P_012799=146, GAP_80417=33, WIGA=155, P_007802=51, GAP_79804=86, P_012841=142, P_011631=49, P_012843=149, Pcol=86, P_012845=148, P_011637=130, P_012847=139, P_011759=83, P_012849=144, Apet=74, OBPL=154, P0110C=111, P_018831=132, P0110B=62, YZRI=155, P_012851=144, P_012853=141, P_011643=142, P_011523=143, P_012855=124, P_012857=143, P_011647=95, P_011527=61, P_012859=132, WAIL=157, P_016789=139, P_012861=139, P_011651=89, P_011531=65, P_016787=143, P_012863=151, P_012865=139, Schi=86, P_012867=149, P_011657=82, P_011537=45, P_012869=146, P_016793=134, P_016791=144, P_016797=145, SJEV=154, P_016795=137, P_012871=138, P_012873=151, P_016799=145, P_012875=141, P_012877=145, P_012879=150, P_011549=106, P_007844=24, S02=74, P_012921=82, S04=2, P_012801=143, S03=121, P_012923=135, P_011713=27, P_012803=145, P_011715=63, P_012925=147, S08=31, P_012805=145, P_007843=76, P_012927=140, P_012807=148, P_012809=149, VYLQ=155, DHPO=156, GAP_80390=133, P2622=69, P2623=18, XQWC=157, GAP_80394=143, GAP_80393=151, GAP_80395=153, GAP_80397=144, P_012931=143, P_012811=148, WPHN=154, P_012933=134, P_012813=133, P_012935=138, P_012815=144, P_012937=150, P_012817=142, P_011607=1, P_012939=148, P_012819=144, P_011609=22, P2619=36, OSHQ=155, GAP_80389=132, P_012941=148, P_012821=149, P_011611=20, P_012823=143, P_011613=1, P_011735=139, P_012825=141, S27=42, P_012827=96, P_011739=83, P_012829=114, Dhai=147, P0104A=91, P_012831=147, P_011501=146, P_012833=144, GAP_81226=138, GAP_81227=141, P_011745=77, P_012835=143, S38=5, P_012837=142, P_012839=142, P_011509=146}
Number of gene trees: 159
159 trees have missing taxa
Calculating quartet distance matrix (for completion of X)
Species tree distances calculated ...
Will attempt to complete bipartitions from X before adding using a distance matrix.
Building set of clusters (X) from gene trees 
------------------------------
gradient0: 13465
Number of Clusters after addition by distance: 13465
calculating extra bipartitions to be added at level 1 ...
Adding to X using resolutions of greedy consensus ...
Limit for sigma of degrees:5975
polytomy size limit : 14
discarded polytomies:  [3, 3, 3, 3, 3, 3, 3, 3, 3, 3, 3, 3, 3, 3, 3, 3, 3, 3, 4, 4, 4, 4, 4, 4, 4, 5, 5, 6, 6, 7, 7, 8, 11, 13, 14]
Threshold 0.0:
Threshold 0.01:
polytomy of size 3; rounds with additions with at least 5 support: 0; clusters: 13469
Threshold 0.02:
polytomy of size 7; rounds with additions with at least 5 support: 1; clusters: 13581
Threshold 0.05:
polytomy of size 7; rounds with additions with at least 5 support: 0; clusters: 13581
Threshold 0.1:
polytomy of size 3; rounds with additions with at least 5 support: 0; clusters: 13581
polytomy of size 8; rounds with additions with at least 5 support: 0; clusters: 13591
polytomy of size 3; rounds with additions with at least 5 support: 0; clusters: 13591
Threshold 0.2:
polytomy of size 3; rounds with additions with at least 5 support: 0; clusters: 13591
polytomy of size 3; rounds with additions with at least 5 support: 0; clusters: 13591
polytomy of size 5; rounds with additions with at least 5 support: 0; clusters: 13591
polytomy of size 4; rounds with additions with at least 5 support: 0; clusters: 13591
polytomy of size 13; rounds with additions with at least 5 support: 0; clusters: 13591
polytomy of size 3; rounds with additions with at least 5 support: 0; clusters: 13591
polytomy of size 3; rounds with additions with at least 5 support: 0; clusters: 13591
polytomy of size 3; rounds with additions with at least 5 support: 0; clusters: 13591
polytomy of size 6; rounds with additions with at least 5 support: 0; clusters: 13591
polytomy of size 3; rounds with additions with at least 5 support: 0; clusters: 13591
Threshold 0.3333333333333333:
polytomy of size 6; rounds with additions with at least 5 support: 0; clusters: 13593
polytomy of size 3; rounds with additions with at least 5 support: 0; clusters: 13593
polytomy of size 3; rounds with additions with at least 5 support: 0; clusters: 13593
polytomy of size 3; rounds with additions with at least 5 support: 0; clusters: 13593
polytomy of size 4; rounds with additions with at least 5 support: 0; clusters: 13593
polytomy of size 5; rounds with additions with at least 5 support: 0; clusters: 13593
polytomy of size 4; rounds with additions with at least 5 support: 0; clusters: 13593
polytomy of size 14; rounds with additions with at least 5 support: 0; clusters: 13593
polytomy of size 4; rounds with additions with at least 5 support: 0; clusters: 13593
polytomy of size 4; rounds with additions with at least 5 support: 0; clusters: 13593
polytomy of size 3; rounds with additions with at least 5 support: 0; clusters: 13593
polytomy of size 3; rounds with additions with at least 5 support: 0; clusters: 13593
polytomy of size 3; rounds with additions with at least 5 support: 0; clusters: 13593
polytomy of size 3; rounds with additions with at least 5 support: 0; clusters: 13593
polytomy of size 4; rounds with additions with at least 5 support: 0; clusters: 13593
polytomy of size 3; rounds with additions with at least 5 support: 0; clusters: 13593
polytomy of size 4; rounds with additions with at least 5 support: 0; clusters: 13593
polytomy of size 3; rounds with additions with at least 5 support: 0; clusters: 13593
polytomy of size 11; rounds with additions with at least 5 support: 0; clusters: 13597
max k is :2
Number of Clusters after addition by greedy: 13597
gradient0 in heuristiic: 13597
partitions formed in 10.93 secs
Dynamic Programming starting after 10.93 secs
Using tree-based weight calculation.
Using polytree-based weight calculation.
Polytree max score: 6480383099
Polytree building time: 0.141 seconds.
Number of quartet trees in the gene trees: 6480383099
Size of largest cluster: 237
Greedy score: 6087872071
estimationFactor: 1.0644742569197132
Sub-optimal score: 6138605087
Total Number of elements weighted: 38108
Normalized score (portion of input quartet trees satisfied before correcting for multiple individuals): 0.9497452632005268
Optimization score: 6154713152
Optimal tree inferred in 41.103 secs.
(P_016787,(S02,((S03,P_014099),(P_016791,((S27,(P_016789,S04)),((S08,(P_014095,S38)),(P_018693,((P_016793,(P_006422,P_016795)),((P_016797,(OBPL,(GAP_80397,P_016799))),(((P_018639,P_018779),(P_018695,(P_018645,P_018783))),(P_018691,((((P2622,P2623),(P0110C,(P0110B,(P0207A,((P0207B,XQWC),(P0207C,(P0206G,P0206H))))))),((GAP_80322,DHPO),((P_012795,P_012941),((P_012861,((P_012855,(P_012827,P_007802)),((P_018637,P_012813),(P_012919,P_012921)))),(((P_012797,(P_012841,((P_012913,P_012877),(P_012811,(P_012895,P_012891))))),(((P_012883,P_012925),((P_012857,(P_012815,P_012903)),(P_012875,((P_012831,P_012905),(P_012901,(P_012887,P_012851)))))),(P_018689,((P_012885,(GAP_80294,P_006420)),(P_012859,(((P_012873,P_012881),(P_012907,GAP_80291)),(((P_012911,(P_012917,P_012821)),(P_012897,(P_012893,GAP_80293))),((P_012793,(GAP_80292,P_006419)),(P_012889,(P_012863,P_006418)))))))))),((P_012867,((P_012923,P_012847),(P_012899,P_012817))),(P_012843,(((P_012937,(P_006421,P_012939)),(P_012803,(P_012853,(P_012837,P_012829)))),(((P_012801,(P_012809,P_012879)),(P_012839,(P_012805,(P_012825,(P_012799,YZRI))))),((P_012909,(((P_012849,P_012871),(P_012807,P_012845)),(P_012865,(P_012931,(P_012933,P_012935))))),((P_012833,GAP_81172),((P_012927,(PSJT,GAP_80295)),((P_012915,P_012791),(P_012869,(P_012835,(P_012823,P_012819)))))))))))))))),(((P0203H,((P_016909,WZFE),(P0109B,(OSHQ,P_018831)))),(((SJEV,(P_019193,(P_019187,Wsal))),(P_016921,(GAP_81227,((WKSU,P_019199),(Pcol,(GAP_81226,P_006410)))))),(((QDVW,Asie),(P_025525,(P_019189,(P_019197,PAWA)))),(P_025523,((P_019191,(GAP_80417,(P2590,GAP_79804))),(CSSK,(P_019185,(P2589,OPDF)))))))),(P_011613,(WPHN,((P2619,P_011609),(((GAP_79862,P_011587),(P_014081,(P_008647,P0104A))),((MAQO,(WAIL,(P_011527,((GAP_80298,P_014077),(GAP_80297,P_014083))))),(((KRJP,(GAP_80395,P_011549)),((P_011643,(P_011657,(P_011651,P_011509))),((GAP_80393,GAP_80394),((P_011647,(P_011465,(P_011501,(P_011523,(P_011489,P_011487))))),(P_011631,((P_007783,(P_006414,P_007843)),(P_011551,(P_011637,P_007844)))))))),((P_011531,(P_011699,(Schi,P_006411))),(VYLQ,(P_018635,(P_008631,((P_008632,(P_011671,P_011579)),(((P_011713,P_011705),(P_006413,(WIGA,(Dhai,(Apet,Msal))))),((KAYP,(P_011679,(P_016813,((GAP_80389,GAP_80390),(P_008646,(P_006412,P_008640)))))),((BCGB,(ABSS,P_011607)),((P_011673,(P_011537,(P_011739,(P_011677,P_011701)))),(P_011759,((P_011735,P_011675),((P_011715,P_011681),(P_011611,P_011745))))))))))))))))))))))))))))))));
Final quartet score is: 6154713152
Final normalized quartet score is: 0.9497452632005268
You may want to ignore posterior probabilities and other statistics related to the following branch branch because the effective number of genes impacting it is only 1:
	{WKSU, P_019199}
You may want to ignore posterior probabilities and other statistics related to the following branch branch because the effective number of genes impacting it is only 5:
	{P_019197, PAWA, P_019189}
You may want to ignore posterior probabilities and other statistics related to the following branch branch because the effective number of genes impacting it is only 6:
	{P_019197, PAWA, P_019189, P_025525}
You may want to ignore posterior probabilities and other statistics related to the following branch branch because the effective number of genes impacting it is only 4:
	{P2590, GAP_79804, GAP_80417}
You may want to ignore posterior probabilities and other statistics related to the following branch branch because the effective number of genes impacting it is only 5:
	{P_019191, P2590, GAP_79804, GAP_80417}
You may want to ignore posterior probabilities and other statistics related to the following branch branch because the effective number of genes impacting it is only 1:
	{P_019191, P2590, GAP_79804, P2589, OPDF, CSSK, P_019185, GAP_80417}
You may want to ignore posterior probabilities and other statistics related to the following branch branch because the effective number of genes impacting it is only 2:
	{P_019191, P2590, GAP_79804, P2589, OPDF, CSSK, P_019185, GAP_80417, P_025523}
You may want to ignore posterior probabilities and other statistics related to the following branch branch because the effective number of genes impacting it is only 10:
	{P2619, P_011609}
You may want to ignore posterior probabilities and other statistics related to the following branch branch because the effective number of genes impacting it is only 5:
	{P_011637, P_007844}
You may want to ignore posterior probabilities and other statistics related to the following branch branch because the effective number of genes impacting it is only 19:
	{P_011637, P_007844, P_011551}
You may want to ignore posterior probabilities and other statistics related to the following branch branch because the effective number of genes impacting it is only 3:
	{Schi, P_006411}
You may want to ignore posterior probabilities and other statistics related to the following branch branch because the effective number of genes impacting it is only 3:
	{Schi, P_006411, P_011699}
You may want to ignore posterior probabilities and other statistics related to the following branch branch because the effective number of genes impacting it is only 9:
	{P_011713, P_011705}
You may want to ignore posterior probabilities and other statistics related to the following branch branch because the effective number of genes impacting it is only 1:
	{ABSS, P_011607}
You may want to ignore posterior probabilities and other statistics related to the following branch branch because the effective number of genes impacting it is only 0:
	{P_011677, P_011701}
You may want to ignore posterior probabilities and other statistics related to the following branch branch because the effective number of genes impacting it is only 12:
	{P_011611, P_011745}
You may want to ignore posterior probabilities and other statistics related to the following branch branch because the effective number of genes impacting it is only 1:
	{WIGA, Dhai, Apet, P_006413, BCGB, ABSS, P_011735, P_011675, P_011759, P_011715, P_008646, P_006412, P_008640, P_016813, VYLQ, P_018635, P_011531, Schi, P_006411, MAQO, GAP_80297, P_014083, GAP_80298, WAIL, P_014077, P2619, WPHN, KRJP, GAP_80395, P_011549, GAP_80393, GAP_80394, P_011651, P_011509, P_011643, P_006414, P_011631, P_007783, P_011637, P_011647, P_011489, P_011465, P_011501, P_011523, P_011487, GAP_79862, P_011587, P_014081, P_008647, P0104A, P_008631, P_011671, P_011679, P_008632, KAYP, GAP_80389, GAP_80390, Msal, P_011537, P_011713, P_011705, P_007844, P_011657, P_011739, P_011673, P_007843, P_011611, P_011745, P_011527, P_011579, P_011551, P_011677, P_011681, P_011609, P_011699, P_011607, P_011701}
You may want to ignore posterior probabilities and other statistics related to the following branch branch because the effective number of genes impacting it is only 1:
	{WIGA, Dhai, Apet, P_006413, BCGB, ABSS, P_011735, P_011675, P_011759, P_011715, P_008646, P_006412, P_008640, P_016813, VYLQ, P_018635, P_011531, Schi, P_006411, MAQO, GAP_80297, P_014083, GAP_80298, WAIL, P_014077, P2619, WPHN, KRJP, GAP_80395, P_011549, GAP_80393, GAP_80394, P_011651, P_011509, P_011643, P_006414, P_011631, P_007783, P_011637, P_011647, P_011489, P_011465, P_011501, P_011523, P_011487, GAP_79862, P_011587, P_014081, P_008647, P0104A, P_008631, P_011671, P_011679, P_008632, KAYP, GAP_80389, GAP_80390, Msal, P_011537, P_011713, P_011705, P_007844, P_011657, P_011739, P_011673, P_007843, P_011611, P_011745, P_011527, P_011579, P_011551, P_011677, P_011681, P_011609, P_011699, P_011607, P_011613, P_011701}
You may want to ignore posterior probabilities and other statistics related to the following branch branch because the effective number of genes impacting it is only 16:
	{P2622, P2623}
You may want to ignore posterior probabilities and other statistics related to the following branch branch because the effective number of genes impacting it is only 0:
	{P_014095, S38}
You may want to ignore posterior probabilities and other statistics related to the following branch branch because the effective number of genes impacting it is only 4:
	{S08, P_014095, S38}
You may want to ignore posterior probabilities and other statistics related to the following branch branch because the effective number of genes impacting it is only 2:
	{P_016789, S04}
Extended species tree:
(P0109B,((OSHQ,P_018831)83.87:1.2685113254635072,((P_016909,WZFE)93.36:2.212972934304359,(P0203H,((((SJEV,(P_019193,(P_019187,Wsal)73.77:0.8885145721880476)70.83:0.7939518796819109)97.32:2.9723012526050407,(P_016921,(GAP_81227,((WKSU,P_019199)100:0.2876820724517809,(Pcol,(GAP_81226,P_006410)82.57:1.2883954303858194)64.51:0.609754689706011)50.64:0.293101327132234)62.98:0.5755745281793669)96.31:2.724708839744127)94.25:2.350348441524984,(((QDVW,Asie)98.36:3.300678908203798,(P_025525,(P_019189,(P_019197,PAWA)72.15:0.8435699965905741)59.51:0.2795453310587192)66.19:0.4323987200456804)48.58:0.25354706823273293,(P_025523,((P_019191,(GAP_80417,(P2590,GAP_79804)100:2.890371757896163)100:1.2039728043259361)50:0.1053605156578264,(CSSK,(P_019185,(P2589,OPDF)81:1.2138249779248385)36.63:0.04617030285320956)88.94:1.728043654841946)100:0.2876820724517809)100:0.6931471805599453)90.76:1.9147983254353187)47.72:0.23715690391388225,((P_011613,(WPHN,((P2619,P_011609)100:1.9924301646902058,(((GAP_79862,P_011587)92.45:1.9220493679284079,(P_014081,(P_008647,P0104A)100:2.92673940206704)100:3.091042453358317)85.61:1.4792553809641042,((MAQO,(WAIL,(P_011527,((GAP_80298,P_014077)47:0.20446675313203477,(GAP_80297,P_014083)92.97:2.044327958224709)49.08:0.2537603310555221)43.23:0.1479816798414503)70.77:0.8083096052018461)87.74:1.647902127322431,(((KRJP,(GAP_80395,P_011549)90.3:1.842407409835848)74.39:0.9372379449001611,((P_011643,(P_011657,(P_011651,P_011509)78.47:1.0764581963983204)38.95:0.07998785155431949)83.18:1.3426128668591235,((GAP_80393,GAP_80394)72.25:0.8578982840199529,((P_011647,(P_011465,(P_011501,(P_011523,(P_011489,P_011487)44.51:0.17778333323145826)37.58:0.06146668202729962)72.52:0.867841657730307)86.41:1.5243232372731768)38.81:0.07883493052130244,(P_011631,((P_007783,(P_006414,P_007843)35.05:0.018220098674952293)74.16:0.9203911088119091,(P_011551,(P_011637,P_007844)50.06:0.10563854941635502)54.25:0.30863157720799117)38.88:0.0727734531620503)43.33:0.14600186526394673)83.97:1.3895999400699317)36.23:0.040505458184374704)96.74:2.835620276746613)87.62:1.6381712108044004,((P_011531,(P_011699,(Schi,P_006411)66.67:0.2876820724517809)83.33:0.5753641449035618)97.19:2.738465580245833,(VYLQ,(P_018635,(P_008631,((P_008632,(P_011671,P_011579)47.83:0.20763936477824438)91.64:1.9570625797464842,(((P_011713,P_011705)72.93:0.6453186510399898,(P_006413,(WIGA,(Dhai,(Apet,Msal)43.17:0.14793335377149802)45.13:0.18857555383688446)60.94:0.5230214308853567)34.74:0.006810254597158567)46.35:0.19251440314647358,((KAYP,(P_011679,(P_016813,((GAP_80389,GAP_80390)90.62:1.884622682362365,(P_008646,(P_006412,P_008640)73.12:0.8877666954059465)51.25:0.3044638852902342)36.6:0.04528633689155582)46.95:0.2114106783032171)60.01:0.46743854976792903)32.56:0.0,((BCGB,(ABSS,P_011607)100:0.2876820724517809)68.23:0.7253439121122227,((P_011673,(P_011537,(P_011739,(P_011677,P_011701)NaN:0.0)68.87:0.690450077846798)43.73:0.1339928153083666)41.82:0.11792782438140852,(P_011759,((P_011735,P_011675)87.64:1.603230680546903,((P_011715,P_011681)40.19:0.08395632449939389,(P_011611,P_011745)45.74:0.14312509458949282)54.75:0.36716354372461063)54.21:0.3572661726852545)42.73:0.14075156356423824)80.57:1.1927843166807783)30.99:0.0)48.84:0.25777064314117987)79.35:1.145153823481789)90.93:1.7293798607585253)50.44:0.2595200263110825)62.75:0.5636750814687682)52.34:0.32728476712247395)78.95:1.1244718038456694)58.77:0.4713185481226848)53.32:0.34853449867237013)44.45:0.165017155089595)59.64:0.470908274812077)100:0.2876820724517809)100:0.2876820724517809,((((P2622,P2623)66.17:0.5695115952099427,(P0110C,(P0110B,(P0207A,((P0207B,XQWC)49.42:0.268098945451615,(P0207C,(P0206G,P0206H)52.89:0.3362590609298897)44:0.1676568142290241)40.24:0.10390265817599331)40.25:0.09857067280080578)90.05:1.7568899419868735)97.11:2.7260687066048894)58.13:0.44556913143752397,((GAP_80322,DHPO)99.32:3.9010696184909,((P_012795,P_012941)99.29:3.850147601710057,((P_012861,((P_012855,(P_012827,P_007802)100:3.3787245258100977)87.49:1.597750340803812,((P_018637,P_012813)70.3:0.7855205006909604,(P_012919,P_012921)97.22:2.786382044372116)93.75:2.2335922215070947)97.12:2.8954147541612882)41.22:0.12084334749852155,(((P_012797,(P_012841,((P_012913,P_012877)91.18:1.941287796862211,(P_012811,(P_012895,P_012891)62.43:0.560866983381177)95.2:2.4959564859745846)94.36:2.3525701550281943)55.49:0.39481207054553036)37.78:0.06491146467028089,(((P_012883,P_012925)98.6:3.4632079567668232,((P_012857,(P_012815,P_012903)86.72:1.5644541736424795)37.56:0.06056849202735367,(P_012875,((P_012831,P_012905)64.02:0.6039513033275382,(P_012901,(P_012887,P_012851)97.76:3.113830040393347)33.22:0.0)52.95:0.3399623638052658)75.44:0.9755485880717837)35.66:0.03104451463893927)68.02:0.7188458967663712,(P_018689,((P_012885,(GAP_80294,P_006420)99.9:3.058454256248533)37.82:0.06378752626208468,(P_012859,(((P_012873,P_012881)80:1.17245757213706,(P_012907,GAP_80291)40.95:0.11509566924284202)38.95:0.08210664868284545,(((P_012911,(P_012917,P_012821)94.56:2.3810734852345097)86.14:1.523295660969694,(P_012897,(P_012893,GAP_80293)92.73:2.1196615953581053)41.59:0.12466669010866403)35.6:0.029384659258312018,((P_012793,(GAP_80292,P_006419)98.49:3.3826798120740356)46.76:0.2168237347106675,(P_012889,(P_012863,P_006418)40:0.09836932932825022)35.76:0.03144742913074765)40.64:0.10961775464474398)34.74:0.01646877401052782)36.88:0.04837942147957368)35.98:0.03499656277778182)91.61:1.9977883108727286)86.08:1.5235222973822258)95.76:2.61931865749617)93.42:2.228964409747759,((P_012867,((P_012923,P_012847)100:4.438721978350428,(P_012899,P_012817)91.28:1.9547205850441118)77.98:1.0826119473216684)99.77:4.30406509320418,(P_012843,(((P_012937,(P_006421,P_012939)90.58:1.8899514954072683)100:4.591747165655945,(P_012803,(P_012853,(P_012837,P_012829)84.36:1.3987461273882078)37.63:0.06201665823792767)55.02:0.3848068167534463)38.72:0.07991735491145821,(((P_012801,(P_012809,P_012879)98.51:3.402981503455654)70.04:0.783156554131617,(P_012839,(P_012805,(P_012825,(P_012799,YZRI)87.82:1.6465125809501686)47.59:0.23367263367165714)44.29:0.17351691849669504)71.17:0.8207007196950566)82.69:1.3182524960988888,((P_012909,(((P_012849,P_012871)91.16:1.9448302640503314,(P_012807,P_012845)61.72:0.5428432026067366)62.11:0.5539429490253892,(P_012865,(P_012931,(P_012933,P_012935)97.56:3.0285220963769826)96.8:2.823152717955408)58.06:0.4530509311123862)98.77:3.549224421223577)40.02:0.10095085555079769,((P_012833,GAP_81172)97.54:3.057885608708941,((P_012927,(PSJT,GAP_80295)49.14:0.2624972605758843)90.89:1.9223675569797545,((P_012915,P_012791)41.75:0.12989983565011437,(P_012869,(P_012835,(P_012823,P_012819)34.85:0.018962148421794816)77.16:1.0473523669656661)98.59:3.460130351909418)91.18:1.9578271760437391)37.3:0.05747844610745851)95.55:2.5762570654112746)95.14:2.5019179251293164)96.18:2.7099839085831254)53.63:0.35495643954924827)87.01:1.59074357688962)86.6:1.5630803870324967)50.11:0.2834213832104055)92.54:2.1115300894382822)99.81:4.362069807917666)58.85:0.47343575748733996)67.48:0.7049119277561054,(P_018691,(((P_018639,P_018779)70.35:0.7026981685738897,(P_018695,(P_018645,P_018783)45.31:0.19166397520018022)60.85:0.5140104279595046)52.48:0.32573623284668174,((P_016797,(OBPL,(GAP_80397,P_016799)46.73:0.21797753114238028)74.32:0.9341097134304651)76.27:1.0111465777021145,((P_016793,(P_006422,P_016795)63.32:0.5832167984469298)65.99:0.6573596583328067,(P_018693,((S08,(P_014095,S38)NaN:0.0)92.77:0.9498705292435967,((S27,(P_016789,S04)50:0.0)95.03:2.226510020512174,(P_016791,((S03,P_014099)94.72:2.3879955814372456,(S02,P_016787)99.99:3.8626370232127583)33.41:0.0)34.87:0.018996300462270212)38.05:0.05498163251720465)67.57:0.6650560008083626)44.48:0.17631114787672408)39.85:0.09789401010818212)42.09:0.1356075164091089)37.95:0.059277153607144493)98.6:3.0275366852229166)94.64:2.415025204707552)72.89:0.8823809983726134)97.85:2.791278036011233)92.35:1.9520256048638307)69.12:0.7075359180120447));
Weight calculation took 28.53422915 secs
ASTRAL finished in 42.648 secs
