
================== ASTRAL ===================== 

This is ASTRAL version 5.7.7
Gene trees are treated as unrooted
159 trees read from all_bs10.trees
index224
All output trees will be *arbitrarily* rooted at P0109B

======== Running the main analysis
Number of taxa: 237 (237 species)
Taxa: [WIGA, Dhai, Apet, P_006413, BCGB, ABSS, P_011735, P_011675, P_011759, P_011715, P_008646, P_006412, P_008640, P_016813, VYLQ, P_018635, P_011531, Schi, P_006411, MAQO, GAP_80297, P_014083, GAP_80298, WAIL, P_014077, P2619, WPHN, P0110C, P0206G, P0206H, P0207B, XQWC, P0207A, P0207C, P2622, P_012841, P_012913, P_012877, P_012895, P_012811, P_012891, P_012797, P_012857, P_012887, P_012851, P_012815, P_012831, P_012905, P_012901, P_012875, P_012903, P_012889, P_012893, GAP_80293, P_012873, P_012881, P_012793, GAP_80292, P_006419, P_012917, P_012821, P_012907, P_012897, P_012911, P_012863, GAP_80294, P_012859, GAP_80291, P_006418, P_012885, P_018689, P_012883, P_012925, P_012801, P_012809, P_012879, P_012825, P_012805, P_012839, P_012799, YZRI, P_012909, P_012833, P_012915, P_012791, GAP_81172, P_012869, P_012835, P_012823, P_012819, P_012927, PSJT, P_012849, P_012871, P_012807, P_012845, P_012933, P_012935, P_012931, P_012865, P_012837, P_012829, P_012853, P_012803, P_006421, P_012939, P_012843, P_012867, P_012923, P_012899, P_012817, P_012861, P_012855, P_012827, P_007802, P_012919, P_018637, P_012813, P_012795, P_012941, GAP_80322, DHPO, P_016791, P_006422, P_016795, P_016793, P_016797, GAP_80397, OBPL, P_016799, S03, P_018639, P_014099, P_016789, P_016787, P_018645, P_018783, P_018695, P_018693, P_016909, WZFE, OSHQ, P_018831, P_019187, P_019193, Wsal, SJEV, GAP_81227, GAP_81226, P_006410, WKSU, Pcol, P_016921, P_019191, P_019197, PAWA, QDVW, Asie, P_019189, P2590, GAP_79804, P2589, OPDF, CSSK, P_019185, KRJP, GAP_80395, P_011549, GAP_80393, GAP_80394, P_011651, P_011509, P_011643, P_006414, P_011631, P_007783, P_011637, P_011647, P_011489, P_011465, P_011501, P_011523, P_011487, GAP_79862, P_011587, P_014081, P_008647, P0104A, P_008631, P_011671, P_011679, P_008632, KAYP, GAP_80389, GAP_80390, Msal, P_011537, P_011713, P_011705, P_018779, P_012921, P_012937, GAP_80295, P0110B, S02, S08, S27, P_012847, P_007844, P_011657, P_011739, P_011673, GAP_80417, P_018691, P_006420, P_007843, P_011611, P_011745, P_011527, P_011579, P0203H, P_011551, P_011677, P_025525, P0109B, P_014095, P_011681, P2623, P_011609, P_025523, S38, P_011699, P_011607, P_019199, P_011613, S04, P_011701]
Taxon occupancy: {P_019193=74, P_019191=6, P_019197=116, OPDF=155, GAP_81172=153, P_018783=143, P_019199=1, Wsal=91, P_016921=141, WKSU=158, P_025523=2, P_025525=6, P0203H=50, P_014077=37, QDVW=155, P_011487=143, P_011489=146, P_016813=137, P_006421=150, P_006422=148, P_006420=34, P_006418=137, P_006419=146, P_006414=139, P_014081=34, P_014083=59, P_018689=152, P0206H=119, P0206G=110, Msal=137, P0109B=34, P_012901=148, P_006410=130, P_006411=127, P_006412=138, P_012903=149, P_006413=142, P_012905=152, P_012907=148, PAWA=151, GAP_79862=128, ABSS=157, P_012909=144, P_018691=53, GAP_80291=152, P_018695=141, P_014095=10, GAP_80293=148, GAP_80292=141, P_018693=139, GAP_80295=136, GAP_80294=139, P_014099=128, GAP_80297=145, GAP_80298=142, P_012911=150, P_011701=2, P_012913=130, P_012915=150, P_011705=20, P_012917=134, P_012919=105, P_012881=146, P_011671=62, P_011551=19, MAQO=156, P_012883=146, P_011673=47, P_011675=104, P_012885=146, GAP_80322=150, P2590=112, P_012887=148, P_011677=65, P_012889=146, P_011679=61, P_008647=122, PSJT=153, P2589=106, P_012891=135, P_011681=44, P_012893=143, P_018637=135, P_012895=142, P_018635=92, P_012897=144, P0207C=126, P0207B=128, P_012899=138, P0207A=132, P_018639=76, P_008646=147, P_008640=146, BCGB=156, WZFE=153, P_018645=141, KRJP=154, KAYP=93, P_011699=5, P_011579=53, CSSK=150, P_008632=142, P_016909=149, P_007783=117, P_008631=33, P_019187=132, P_019185=131, P_019189=108, P_012791=148, P_012793=145, P_012795=144, Asie=124, P_011465=146, P_018779=33, P_012797=149, P_011587=46, P_012799=146, GAP_80417=33, WIGA=155, P_007802=51, GAP_79804=86, P_012841=142, P_011631=49, P_012843=149, Pcol=86, P_012845=148, P_011637=130, P_012847=139, P_011759=83, P_012849=144, Apet=74, OBPL=154, P0110C=111, P_018831=132, P0110B=62, YZRI=155, P_012851=144, P_012853=141, P_011643=142, P_011523=143, P_012855=124, P_012857=143, P_011647=95, P_011527=61, P_012859=132, WAIL=157, P_016789=139, P_012861=139, P_011651=89, P_011531=65, P_016787=143, P_012863=151, P_012865=139, Schi=86, P_012867=149, P_011657=82, P_011537=45, P_012869=146, P_016793=134, P_016791=144, P_016797=145, SJEV=154, P_016795=137, P_012871=138, P_012873=151, P_016799=145, P_012875=141, P_012877=145, P_012879=150, P_011549=106, P_007844=24, S02=74, P_012921=82, S04=2, P_012801=143, S03=121, P_012923=135, P_011713=27, P_012803=145, P_011715=63, P_012925=147, S08=31, P_012805=145, P_007843=76, P_012927=140, P_012807=148, P_012809=149, VYLQ=155, DHPO=156, GAP_80390=133, P2622=69, P2623=18, XQWC=157, GAP_80394=143, GAP_80393=151, GAP_80395=153, GAP_80397=144, P_012931=143, P_012811=148, WPHN=154, P_012933=134, P_012813=133, P_012935=138, P_012815=144, P_012937=150, P_012817=142, P_011607=1, P_012939=148, P_012819=144, P_011609=22, P2619=36, OSHQ=155, GAP_80389=132, P_012941=148, P_012821=149, P_011611=20, P_012823=143, P_011613=1, P_011735=139, P_012825=141, S27=42, P_012827=96, P_011739=83, P_012829=114, Dhai=147, P0104A=91, P_012831=147, P_011501=146, P_012833=144, GAP_81226=138, GAP_81227=141, P_011745=77, P_012835=143, S38=5, P_012837=142, P_012839=142, P_011509=146}
Number of gene trees: 159
159 trees have missing taxa
Calculating quartet distance matrix (for completion of X)
Species tree distances calculated ...
Will attempt to complete bipartitions from X before adding using a distance matrix.
Building set of clusters (X) from gene trees 
------------------------------
gradient0: 13465
Number of Clusters after addition by distance: 13465
calculating extra bipartitions to be added at level 1 ...
Adding to X using resolutions of greedy consensus ...
Limit for sigma of degrees:5975
polytomy size limit : 14
discarded polytomies:  [3, 3, 3, 3, 3, 3, 3, 3, 3, 3, 3, 3, 3, 3, 3, 3, 3, 3, 4, 4, 4, 4, 4, 4, 4, 5, 5, 6, 6, 7, 7, 8, 11, 13, 14]
Threshold 0.0:
Threshold 0.01:
polytomy of size 3; rounds with additions with at least 5 support: 0; clusters: 13469
Threshold 0.02:
polytomy of size 7; rounds with additions with at least 5 support: 1; clusters: 13581
Threshold 0.05:
polytomy of size 7; rounds with additions with at least 5 support: 0; clusters: 13581
Threshold 0.1:
polytomy of size 3; rounds with additions with at least 5 support: 0; clusters: 13581
polytomy of size 8; rounds with additions with at least 5 support: 0; clusters: 13591
polytomy of size 3; rounds with additions with at least 5 support: 0; clusters: 13591
Threshold 0.2:
polytomy of size 3; rounds with additions with at least 5 support: 0; clusters: 13591
polytomy of size 3; rounds with additions with at least 5 support: 0; clusters: 13591
polytomy of size 5; rounds with additions with at least 5 support: 0; clusters: 13591
polytomy of size 4; rounds with additions with at least 5 support: 0; clusters: 13591
polytomy of size 13; rounds with additions with at least 5 support: 0; clusters: 13591
polytomy of size 3; rounds with additions with at least 5 support: 0; clusters: 13591
polytomy of size 3; rounds with additions with at least 5 support: 0; clusters: 13591
polytomy of size 3; rounds with additions with at least 5 support: 0; clusters: 13591
polytomy of size 6; rounds with additions with at least 5 support: 0; clusters: 13591
polytomy of size 3; rounds with additions with at least 5 support: 0; clusters: 13591
Threshold 0.3333333333333333:
polytomy of size 6; rounds with additions with at least 5 support: 0; clusters: 13593
polytomy of size 3; rounds with additions with at least 5 support: 0; clusters: 13593
polytomy of size 3; rounds with additions with at least 5 support: 0; clusters: 13593
polytomy of size 3; rounds with additions with at least 5 support: 0; clusters: 13593
polytomy of size 4; rounds with additions with at least 5 support: 0; clusters: 13593
polytomy of size 5; rounds with additions with at least 5 support: 0; clusters: 13593
polytomy of size 4; rounds with additions with at least 5 support: 0; clusters: 13593
polytomy of size 14; rounds with additions with at least 5 support: 0; clusters: 13593
polytomy of size 4; rounds with additions with at least 5 support: 0; clusters: 13593
polytomy of size 4; rounds with additions with at least 5 support: 0; clusters: 13593
polytomy of size 3; rounds with additions with at least 5 support: 0; clusters: 13593
polytomy of size 3; rounds with additions with at least 5 support: 0; clusters: 13593
polytomy of size 3; rounds with additions with at least 5 support: 0; clusters: 13593
polytomy of size 3; rounds with additions with at least 5 support: 0; clusters: 13593
polytomy of size 4; rounds with additions with at least 5 support: 0; clusters: 13593
polytomy of size 3; rounds with additions with at least 5 support: 0; clusters: 13593
polytomy of size 4; rounds with additions with at least 5 support: 0; clusters: 13593
polytomy of size 3; rounds with additions with at least 5 support: 0; clusters: 13593
polytomy of size 11; rounds with additions with at least 5 support: 0; clusters: 13597
max k is :2
Number of Clusters after addition by greedy: 13597
gradient0 in heuristiic: 13597
partitions formed in 10.819 secs
Dynamic Programming starting after 10.819 secs
Using tree-based weight calculation.
Using polytree-based weight calculation.
Polytree max score: 6480383099
Polytree building time: 0.14 seconds.
Number of quartet trees in the gene trees: 6480383099
Size of largest cluster: 237
Greedy score: 6087872071
estimationFactor: 1.0644742569197132
Sub-optimal score: 6138605087
Total Number of elements weighted: 38108
Normalized score (portion of input quartet trees satisfied before correcting for multiple individuals): 0.9497452632005268
Optimization score: 6154713152
Optimal tree inferred in 40.375 secs.
(P_016787,(S02,((S03,P_014099),(P_016791,((S27,(P_016789,S04)),((S08,(P_014095,S38)),(P_018693,((P_016793,(P_006422,P_016795)),((P_016797,(OBPL,(GAP_80397,P_016799))),(((P_018639,P_018779),(P_018695,(P_018645,P_018783))),(P_018691,((((P2622,P2623),(P0110C,(P0110B,(P0207A,((P0207B,XQWC),(P0207C,(P0206G,P0206H))))))),((GAP_80322,DHPO),((P_012795,P_012941),((P_012861,((P_012855,(P_012827,P_007802)),((P_018637,P_012813),(P_012919,P_012921)))),(((P_012797,(P_012841,((P_012913,P_012877),(P_012811,(P_012895,P_012891))))),(((P_012883,P_012925),((P_012857,(P_012815,P_012903)),(P_012875,((P_012831,P_012905),(P_012901,(P_012887,P_012851)))))),(P_018689,((P_012885,(GAP_80294,P_006420)),(P_012859,(((P_012873,P_012881),(P_012907,GAP_80291)),(((P_012911,(P_012917,P_012821)),(P_012897,(P_012893,GAP_80293))),((P_012793,(GAP_80292,P_006419)),(P_012889,(P_012863,P_006418)))))))))),((P_012867,((P_012923,P_012847),(P_012899,P_012817))),(P_012843,(((P_012937,(P_006421,P_012939)),(P_012803,(P_012853,(P_012837,P_012829)))),(((P_012801,(P_012809,P_012879)),(P_012839,(P_012805,(P_012825,(P_012799,YZRI))))),((P_012909,(((P_012849,P_012871),(P_012807,P_012845)),(P_012865,(P_012931,(P_012933,P_012935))))),((P_012833,GAP_81172),((P_012927,(PSJT,GAP_80295)),((P_012915,P_012791),(P_012869,(P_012835,(P_012823,P_012819)))))))))))))))),(((P0203H,((P_016909,WZFE),(P0109B,(OSHQ,P_018831)))),(((SJEV,(P_019193,(P_019187,Wsal))),(P_016921,(GAP_81227,((WKSU,P_019199),(Pcol,(GAP_81226,P_006410)))))),(((QDVW,Asie),(P_025525,(P_019189,(P_019197,PAWA)))),(P_025523,((P_019191,(GAP_80417,(P2590,GAP_79804))),(CSSK,(P_019185,(P2589,OPDF)))))))),(P_011613,(WPHN,((P2619,P_011609),(((GAP_79862,P_011587),(P_014081,(P_008647,P0104A))),((MAQO,(WAIL,(P_011527,((GAP_80298,P_014077),(GAP_80297,P_014083))))),(((KRJP,(GAP_80395,P_011549)),((P_011643,(P_011657,(P_011651,P_011509))),((GAP_80393,GAP_80394),((P_011647,(P_011465,(P_011501,(P_011523,(P_011489,P_011487))))),(P_011631,((P_007783,(P_006414,P_007843)),(P_011551,(P_011637,P_007844)))))))),((P_011531,(P_011699,(Schi,P_006411))),(VYLQ,(P_018635,(P_008631,((P_008632,(P_011671,P_011579)),(((P_011713,P_011705),(P_006413,(WIGA,(Dhai,(Apet,Msal))))),((KAYP,(P_011679,(P_016813,((GAP_80389,GAP_80390),(P_008646,(P_006412,P_008640)))))),((BCGB,(ABSS,P_011607)),((P_011673,(P_011537,(P_011739,(P_011677,P_011701)))),(P_011759,((P_011735,P_011675),((P_011715,P_011681),(P_011611,P_011745))))))))))))))))))))))))))))))));
Final quartet score is: 6154713152
Final normalized quartet score is: 0.9497452632005268
You may want to ignore posterior probabilities and other statistics related to the following branch branch because the effective number of genes impacting it is only 1:
	{WKSU, P_019199}
You may want to ignore posterior probabilities and other statistics related to the following branch branch because the effective number of genes impacting it is only 5:
	{P_019197, PAWA, P_019189}
You may want to ignore posterior probabilities and other statistics related to the following branch branch because the effective number of genes impacting it is only 6:
	{P_019197, PAWA, P_019189, P_025525}
You may want to ignore posterior probabilities and other statistics related to the following branch branch because the effective number of genes impacting it is only 4:
	{P2590, GAP_79804, GAP_80417}
You may want to ignore posterior probabilities and other statistics related to the following branch branch because the effective number of genes impacting it is only 5:
	{P_019191, P2590, GAP_79804, GAP_80417}
You may want to ignore posterior probabilities and other statistics related to the following branch branch because the effective number of genes impacting it is only 1:
	{P_019191, P2590, GAP_79804, P2589, OPDF, CSSK, P_019185, GAP_80417}
You may want to ignore posterior probabilities and other statistics related to the following branch branch because the effective number of genes impacting it is only 2:
	{P_019191, P2590, GAP_79804, P2589, OPDF, CSSK, P_019185, GAP_80417, P_025523}
You may want to ignore posterior probabilities and other statistics related to the following branch branch because the effective number of genes impacting it is only 10:
	{P2619, P_011609}
You may want to ignore posterior probabilities and other statistics related to the following branch branch because the effective number of genes impacting it is only 5:
	{P_011637, P_007844}
You may want to ignore posterior probabilities and other statistics related to the following branch branch because the effective number of genes impacting it is only 19:
	{P_011637, P_007844, P_011551}
You may want to ignore posterior probabilities and other statistics related to the following branch branch because the effective number of genes impacting it is only 3:
	{Schi, P_006411}
You may want to ignore posterior probabilities and other statistics related to the following branch branch because the effective number of genes impacting it is only 3:
	{Schi, P_006411, P_011699}
You may want to ignore posterior probabilities and other statistics related to the following branch branch because the effective number of genes impacting it is only 9:
	{P_011713, P_011705}
You may want to ignore posterior probabilities and other statistics related to the following branch branch because the effective number of genes impacting it is only 1:
	{ABSS, P_011607}
You may want to ignore posterior probabilities and other statistics related to the following branch branch because the effective number of genes impacting it is only 0:
	{P_011677, P_011701}
You may want to ignore posterior probabilities and other statistics related to the following branch branch because the effective number of genes impacting it is only 12:
	{P_011611, P_011745}
You may want to ignore posterior probabilities and other statistics related to the following branch branch because the effective number of genes impacting it is only 1:
	{WIGA, Dhai, Apet, P_006413, BCGB, ABSS, P_011735, P_011675, P_011759, P_011715, P_008646, P_006412, P_008640, P_016813, VYLQ, P_018635, P_011531, Schi, P_006411, MAQO, GAP_80297, P_014083, GAP_80298, WAIL, P_014077, P2619, WPHN, KRJP, GAP_80395, P_011549, GAP_80393, GAP_80394, P_011651, P_011509, P_011643, P_006414, P_011631, P_007783, P_011637, P_011647, P_011489, P_011465, P_011501, P_011523, P_011487, GAP_79862, P_011587, P_014081, P_008647, P0104A, P_008631, P_011671, P_011679, P_008632, KAYP, GAP_80389, GAP_80390, Msal, P_011537, P_011713, P_011705, P_007844, P_011657, P_011739, P_011673, P_007843, P_011611, P_011745, P_011527, P_011579, P_011551, P_011677, P_011681, P_011609, P_011699, P_011607, P_011701}
You may want to ignore posterior probabilities and other statistics related to the following branch branch because the effective number of genes impacting it is only 1:
	{WIGA, Dhai, Apet, P_006413, BCGB, ABSS, P_011735, P_011675, P_011759, P_011715, P_008646, P_006412, P_008640, P_016813, VYLQ, P_018635, P_011531, Schi, P_006411, MAQO, GAP_80297, P_014083, GAP_80298, WAIL, P_014077, P2619, WPHN, KRJP, GAP_80395, P_011549, GAP_80393, GAP_80394, P_011651, P_011509, P_011643, P_006414, P_011631, P_007783, P_011637, P_011647, P_011489, P_011465, P_011501, P_011523, P_011487, GAP_79862, P_011587, P_014081, P_008647, P0104A, P_008631, P_011671, P_011679, P_008632, KAYP, GAP_80389, GAP_80390, Msal, P_011537, P_011713, P_011705, P_007844, P_011657, P_011739, P_011673, P_007843, P_011611, P_011745, P_011527, P_011579, P_011551, P_011677, P_011681, P_011609, P_011699, P_011607, P_011613, P_011701}
You may want to ignore posterior probabilities and other statistics related to the following branch branch because the effective number of genes impacting it is only 16:
	{P2622, P2623}
You may want to ignore posterior probabilities and other statistics related to the following branch branch because the effective number of genes impacting it is only 0:
	{P_014095, S38}
You may want to ignore posterior probabilities and other statistics related to the following branch branch because the effective number of genes impacting it is only 4:
	{S08, P_014095, S38}
You may want to ignore posterior probabilities and other statistics related to the following branch branch because the effective number of genes impacting it is only 2:
	{P_016789, S04}
26.0 1.0101010101010102 3.98989898989899 31.0 1.4789691973608867E-8
133.5 3.3333333333333335 6.166666666666666 143.0 4.348011136616806E-51
45.00099683899746 9.993589743589745 6.005413417412791 61.0 1.470869873296393E-10
51.0 11.0 10.0 72.0 1.2638773569323705E-10
127.49568619072328 1.8456032719836402 1.6587105372930846 131.0 3.8145841464875624E-53
1.0 0.0 0.0 1.0 0.3678794411714423
Not enough genes
Cannot perform polytomy test with effective N (after polytomies) 1.0:
	(WKSU,P_019199):0.2876820724517809;
71.00865593101142 7.001443909663088 7.989900159325489 86.0 4.220537307809563E-21
55.47791785081668 16.979452188779554 13.542629960403767 86.0 6.130721784106519E-9
68.3675125966558 41.439450727298116 25.193036676046066 135.0 2.5750824465896723E-5
83.76057064762648 19.494505494505496 29.744923857868017 133.0 2.096907369997547E-12
134.83686274509805 1.7333333333333334 3.4298039215686273 140.0 5.4072574994546146E-55
145.4049631842837 1.611820145623293 7.256958334034919 154.2737416639419 9.75593384938565E-57
118.02677706043731 1.3268608414239482 0.6463620981387479 120.0 2.6459338439532187E-50
62.21061243825875 12.404893521198781 11.609659603456375 86.22516556291392 2.0096302845604323E-13
2.9754901960784315 0.0 2.0245098039215685 5.0 0.2501600024747148
Not enough genes
Cannot perform polytomy test with effective N (after polytomies) 5.0:
	(P_019189,(P_019197,PAWA):0.8435699965905741):0.2795453310587192;
3.971563981042654 2.0036835437098213 0.024752475247524754 6.0 0.14267724594894718
Not enough genes
Cannot perform polytomy test with effective N (after polytomies) 6.0:
	(P_025525,(P_019189,(P_019197,PAWA):0.8435699965905741):0.2795453310587192):0.4323987200456804;
73.79580277515818 45.15983185694069 32.94534892756256 151.90098355966143 1.6940878356675436E-4
26.0 0.0 0.0 26.0 5.109089028063313E-12
4.0 0.0 0.0 4.0 0.018315638888734168
Not enough genes
Cannot perform polytomy test with effective N (after polytomies) 4.0:
	(GAP_80417,(P2590,GAP_79804):2.890371757896163):1.2039728043259361;
2.0 2.0 0.0 4.0 0.36787944117144233
Not enough genes
Cannot perform polytomy test with effective N (after polytomies) 4.0:
	(P_019191,(GAP_80417,(P2590,GAP_79804):2.890371757896163):1.2039728043259361):0.1053605156578264;
80.99803675856307 1.994271988174427 17.0076912532625 100.0 1.1625867970291499E-23
46.516963868296266 32.004926108374384 48.47811002332935 127.0 0.14768964289265474
100.49999999999999 7.5 5.0 113.0 6.943620938615186E-35
1.0 0.0 0.0 1.0 0.3678794411714423
Not enough genes
Cannot perform polytomy test with effective N (after polytomies) 1.0:
	((P_019191,(GAP_80417,(P2590,GAP_79804):2.890371757896163):1.2039728043259361):0.1053605156578264,(CSSK,(P_019185,(P2589,OPDF):1.2138249779248385):0.04617030285320956):1.728043654841946):0.2876820724517809;
2.0 0.0 0.0 2.0 0.1353352832366126
Not enough genes
Cannot perform polytomy test with effective N (after polytomies) 2.0:
	(P_025523,((P_019191,(GAP_80417,(P2590,GAP_79804):2.890371757896163):1.2039728043259361):0.1053605156578264,(CSSK,(P_019185,(P2589,OPDF):1.2138249779248385):0.04617030285320956):1.728043654841946):0.2876820724517809):0.6931471805599453;
140.6535798921751 4.9133357225620955 9.411150604961781 154.97806621969897 1.0489037436546607E-50
73.66879121994162 56.14248005729512 24.57916176639445 154.39043304363122 5.990251696410793E-6
10.0 0.0 0.0 10.0 4.539992976248493E-5
Not enough genes
Cannot perform polytomy test with effective N (after polytomies) 10.0:
	(P2619,P_011609):1.9924301646902058;
37.90340909090909 0.03409090909090909 3.0625 41.0 8.453354772882113E-15
27.0 0.0 0.0 27.0 1.8795288165390832E-12
32.0 0.0 0.0 32.0 1.2664165549094111E-14
91.15287152948815 8.231005179008877 7.09143142929225 106.47530813778928 3.6568163935066895E-29
15.981423724341488 7.013776168399802 11.00480010725871 34.0 0.16845533010633
52.99393616706599 1.0001580556394838 3.005905777294524 57.0 1.4673580515284683E-20
29.450114466824335 14.508029078711573 16.046984659592297 60.0051282051282 0.034148739518821386
25.28960570652564 19.31860480433895 13.891789489135409 58.5 0.188853987076738
105.27692345351306 4.036845617227783 39.455754738782936 148.76952380952378 7.668851285788237E-24
135.20351135842344 13.775703090578757 5.124427995909028 154.10364244491123 1.8837845642769094E-45
93.80097087378641 3.0776699029126213 7.0 103.87864077669903 1.0292537828397473E-33
110.00850824360985 34.73708030982553 3.1436946231789533 147.88928317661433 2.799393739902895E-27
51.00478069173835 7.9582304490354225 6.036988859226237 65.0 1.101520102388985E-13
30.381948460133255 26.118256229619956 21.49979531024679 78.0 0.46814063736615497
116.10661342997453 11.389251288979196 12.087468614379612 139.58333333333334 1.281188727311957E-34
99.50658622000995 16.51084962943021 21.706677779985984 137.72411362942614 3.575992974358818E-21
61.86622643957226 34.03848823628056 43.09026019851904 138.99497487437185 0.012925480519877986
52.04426224689139 48.49635636077449 37.95938139233411 138.5 0.3127182936795112
102.01352759715277 19.821884715868116 18.83125435364577 140.66666666666666 7.740208289391274E-22
79.47258896053727 8.971161245134304 3.526101732765985 91.96985193843754 3.767677225487009E-26
34.93471868270519 27.991257089761557 27.08026345816993 90.00623923063668 0.5405617300055479
23.811465446673353 20.16756397958869 23.965754735510675 67.94478416177272 0.8154227410762089
76.18640846897942 12.661737415105867 13.888052339997717 102.736198224083 1.8376522509143724E-17
1.9953271028037385 0.9989691784352128 0.9919422508711405 3.986238532110092 0.7781719004323059
Not enough genes
Cannot perform polytomy test with effective N (after polytomies) 3.986238532110092:
	(P_011637,P_007844):0.10563854941635502;
8.60883928975026 3.720967688063695 3.538171614367441 15.867978592181396 0.20928838957156035
17.119360286951814 11.868313291158447 15.048377252814918 44.03605083092518 0.620890071568462
19.515271324070333 19.516192052654386 6.006418854680234 45.03788223140495 0.017384462925577784
120.84395337537406 8.063657986998201 15.009483882602046 143.9170952449743 6.844801803877796E-37
52.66972173859444 45.588932086362846 47.128518459686894 145.38717228464418 0.7511298803329465
142.20325692126514 1.680267304183747 3.109425601704879 146.99294982715378 1.75854345203283E-58
131.48823633004542 11.41393256334584 7.156771905752494 150.05894079914376 5.503042607045169E-44
2.0 1.0 0.0 3.0 0.36787944117144233
Not enough genes
Cannot perform polytomy test with effective N (after polytomies) 3.0:
	(Schi,P_006411):0.2876820724517809;
2.5 0.5 0.0 3.0 0.1737739434504451
Not enough genes
Cannot perform polytomy test with effective N (after polytomies) 3.0:
	(P_011699,(Schi,P_006411):0.2876820724517809):0.5753641449035618;
61.83895262864604 1.1739564555491775 0.6122270813821162 63.62513616557733 4.410915145535674E-26
11.0 6.0 6.0 23.0 0.3372413200235238
78.38054803653432 3.571063782337199 3.5785033903777848 85.53011520924932 3.853034738943848E-29
6.004115950095089 2.139033025652116 0.08917425657602687 8.232323232323232 0.037347561072394224
Not enough genes
Cannot perform polytomy test with effective N (after polytomies) 8.232323232323232:
	(P_011713,P_011705):0.6453186510399898;
27.542450524760238 18.284903359018276 17.977252652976226 63.80460653675474 0.24924511059507037
58.894926856460415 43.34467717555993 28.249275162709356 130.4888791947297 0.004524245521581365
80.31442945151902 28.63748002615546 22.832421545924667 131.78433102359915 1.2580504589054227E-10
12.317269158409394 11.83120942718802 11.308453930012103 35.456932515609516 0.978693767151606
15.596654029120998 12.041615860774831 6.0149258397320615 33.653195729627896 0.12350635662782196
108.50816913887016 5.607624505539092 5.617539688924098 119.73333333333335 3.955608928009663E-39
95.78863323463433 16.06093735021034 19.16026403381483 131.0098346186595 5.195536653184749E-21
62.3265178673678 30.796013196761976 28.49001335838772 121.61254442251749 1.482630927968498E-4
42.11712671521317 36.13020108253021 36.82551936635282 115.0728471640962 0.756154720310523
23.580103753375244 19.794897197348597 6.844641775823765 50.21964272654761 0.010042644848554116
19.59721666470964 8.05132315004925 5.008434205702364 32.656974020461256 0.004333406476238985
25.81313217822395 24.284246453707787 29.171631490327847 79.26901012225957 0.789339578004844
1.0 0.0 0.0 1.0 0.3678794411714423
Not enough genes
Cannot perform polytomy test with effective N (after polytomies) 1.0:
	(ABSS,P_011607):0.2876820724517809;
91.0557339810257 26.27019479588731 16.127662768244157 133.45359154515717 7.381675129042315E-17
0.0 0.0 0.0 0.0 NaN
Not enough genes
Cannot perform polytomy test with effective N (after polytomies) 0.0:
	(P_011677,P_011701):0.0;
19.97820683548997 6.995694422752386 2.0339307185739313 29.007831976816288 1.3918571893680606E-4
8.956214380065498 6.016399188925191 5.508427568642627 20.481041137633316 0.6020056669359066
15.907095705142265 11.381453778063822 10.747919420098214 38.036468903304296 0.5355829759702364
71.56253230624003 7.92022266267834 2.1685717716757384 81.65132674059411 2.1564395084565227E-24
10.464318563003841 7.527222394370584 8.046710408745792 26.038251366120218 0.7534679800096458
5.489071038251366 3.5025252525252526 3.0084037092233813 12.0 0.6498526652369198
Not enough genes
Cannot perform polytomy test with effective N (after polytomies) 12.0:
	(P_011611,P_011745):0.14312509458949282;
31.733128094229194 19.992798535171755 6.235397427627595 57.96132405702854 2.1820686605580702E-4
34.2497629562429 14.016421038372373 14.918926789884633 63.1851107844999 0.002023201218519183
28.06803177106277 20.22314769718929 17.400390271008515 65.69156973926057 0.24777784595461516
80.62270097748168 11.053998639381714 8.38594847303905 100.06264808990245 1.437670270360998E-22
38.061553536421506 56.53368057727869 28.243272414835445 122.83850652853565 0.006480255722625084
66.97903594354709 40.21763073914152 29.95617729732141 137.15284398001 3.3826653191592894E-4
112.12429588291802 22.360052570379672 6.826433373196305 141.31078182649398 1.619480749386611E-30
29.08898130155416 1.0470617283950616 1.8544958429425897 31.99053887289181 4.2002611669144466E-11
13.123458997448552 6.106854576183786 6.7883199667403336 26.01863354037267 0.1779443640081542
56.25686654447975 23.902732602952547 9.490889216692562 89.65048836412485 4.6136320698684955E-9
67.87151837291044 39.11110842534152 22.68668291120147 129.66930970945344 5.546772800534628E-6
102.39354764468717 12.785573700300295 14.516468533529226 129.6955898785167 4.185175611491895E-27
89.7288969817446 21.030693135225995 41.91713354553419 152.6767236625048 2.6060116378896917E-11
76.67576772582515 57.71547761620361 9.411442199655166 143.80268754168392 1.2637884276436307E-11
19.82545695078591 13.737399508420715 11.039405475402887 44.602261934609515 0.25602810044995183
27.46402235022327 9.642902531637818 8.94386697334253 46.05079185520362 7.63425174983779E-4
1.0 0.0 0.0 1.0 0.3678794411714423
Not enough genes
Cannot perform polytomy test with effective N (after polytomies) 1.0:
	(WPHN,((P2619,P_011609):1.9924301646902058,(((GAP_79862,P_011587):1.9220493679284079,(P_014081,(P_008647,P0104A):2.92673940206704):3.091042453358317):1.4792553809641042,((MAQO,(WAIL,(P_011527,((GAP_80298,P_014077):0.20446675313203477,(GAP_80297,P_014083):2.044327958224709):0.2537603310555221):0.1479816798414503):0.8083096052018461):1.647902127322431,(((KRJP,(GAP_80395,P_011549):1.842407409835848):0.9372379449001611,((P_011643,(P_011657,(P_011651,P_011509):1.0764581963983204):0.07998785155431949):1.3426128668591235,((GAP_80393,GAP_80394):0.8578982840199529,((P_011647,(P_011465,(P_011501,(P_011523,(P_011489,P_011487):0.17778333323145826):0.06146668202729962):0.867841657730307):1.5243232372731768):0.07883493052130244,(P_011631,((P_007783,(P_006414,P_007843):0.018220098674952293):0.9203911088119091,(P_011551,(P_011637,P_007844):0.10563854941635502):0.30863157720799117):0.0727734531620503):0.14600186526394673):1.3895999400699317):0.040505458184374704):2.835620276746613):1.6381712108044004,((P_011531,(P_011699,(Schi,P_006411):0.2876820724517809):0.5753641449035618):2.738465580245833,(VYLQ,(P_018635,(P_008631,((P_008632,(P_011671,P_011579):0.20763936477824438):1.9570625797464842,(((P_011713,P_011705):0.6453186510399898,(P_006413,(WIGA,(Dhai,(Apet,Msal):0.14793335377149802):0.18857555383688446):0.5230214308853567):0.006810254597158567):0.19251440314647358,((KAYP,(P_011679,(P_016813,((GAP_80389,GAP_80390):1.884622682362365,(P_008646,(P_006412,P_008640):0.8877666954059465):0.3044638852902342):0.04528633689155582):0.2114106783032171):0.46743854976792903):0.0,((BCGB,(ABSS,P_011607):0.2876820724517809):0.7253439121122227,((P_011673,(P_011537,(P_011739,(P_011677,P_011701):0.0):0.690450077846798):0.1339928153083666):0.11792782438140852,(P_011759,((P_011735,P_011675):1.603230680546903,((P_011715,P_011681):0.08395632449939389,(P_011611,P_011745):0.14312509458949282):0.36716354372461063):0.3572661726852545):0.14075156356423824):1.1927843166807783):0.0):0.25777064314117987):1.145153823481789):1.7293798607585253):0.2595200263110825):0.5636750814687682):0.32728476712247395):1.1244718038456694):0.4713185481226848):0.34853449867237013):0.165017155089595):0.470908274812077):0.2876820724517809;
1.0 0.0 0.0 1.0 0.3678794411714423
Not enough genes
Cannot perform polytomy test with effective N (after polytomies) 1.0:
	(P_011613,(WPHN,((P2619,P_011609):1.9924301646902058,(((GAP_79862,P_011587):1.9220493679284079,(P_014081,(P_008647,P0104A):2.92673940206704):3.091042453358317):1.4792553809641042,((MAQO,(WAIL,(P_011527,((GAP_80298,P_014077):0.20446675313203477,(GAP_80297,P_014083):2.044327958224709):0.2537603310555221):0.1479816798414503):0.8083096052018461):1.647902127322431,(((KRJP,(GAP_80395,P_011549):1.842407409835848):0.9372379449001611,((P_011643,(P_011657,(P_011651,P_011509):1.0764581963983204):0.07998785155431949):1.3426128668591235,((GAP_80393,GAP_80394):0.8578982840199529,((P_011647,(P_011465,(P_011501,(P_011523,(P_011489,P_011487):0.17778333323145826):0.06146668202729962):0.867841657730307):1.5243232372731768):0.07883493052130244,(P_011631,((P_007783,(P_006414,P_007843):0.018220098674952293):0.9203911088119091,(P_011551,(P_011637,P_007844):0.10563854941635502):0.30863157720799117):0.0727734531620503):0.14600186526394673):1.3895999400699317):0.040505458184374704):2.835620276746613):1.6381712108044004,((P_011531,(P_011699,(Schi,P_006411):0.2876820724517809):0.5753641449035618):2.738465580245833,(VYLQ,(P_018635,(P_008631,((P_008632,(P_011671,P_011579):0.20763936477824438):1.9570625797464842,(((P_011713,P_011705):0.6453186510399898,(P_006413,(WIGA,(Dhai,(Apet,Msal):0.14793335377149802):0.18857555383688446):0.5230214308853567):0.006810254597158567):0.19251440314647358,((KAYP,(P_011679,(P_016813,((GAP_80389,GAP_80390):1.884622682362365,(P_008646,(P_006412,P_008640):0.8877666954059465):0.3044638852902342):0.04528633689155582):0.2114106783032171):0.46743854976792903):0.0,((BCGB,(ABSS,P_011607):0.2876820724517809):0.7253439121122227,((P_011673,(P_011537,(P_011739,(P_011677,P_011701):0.0):0.690450077846798):0.1339928153083666):0.11792782438140852,(P_011759,((P_011735,P_011675):1.603230680546903,((P_011715,P_011681):0.08395632449939389,(P_011611,P_011745):0.14312509458949282):0.36716354372461063):0.3572661726852545):0.14075156356423824):1.1927843166807783):0.0):0.25777064314117987):1.145153823481789):1.7293798607585253):0.2595200263110825):0.5636750814687682):0.32728476712247395):1.1244718038456694):0.4713185481226848):0.34853449867237013):0.165017155089595):0.470908274812077):0.2876820724517809):0.2876820724517809;
10.587580603071588 2.9898477157360404 2.422571681192371 16.0 0.020295929467013054
58.97582087036529 10.247728395195077 50.10778101956747 119.33133028512783 4.4153669031243105E-8
52.889567434720384 18.9800185551419 28.120980047873577 99.99056603773586 9.752914738000621E-5
50.60221960689643 44.85912568285284 19.535648952443875 114.99699424219315 8.023354622601856E-4
48.42670815352322 46.17994132764396 25.725642185499478 120.33229166666666 0.020227379735570945
24.150646172756062 20.348312617511887 15.501041209732046 60.0 0.39072730648279175
51.32687703863303 1.768776371308017 3.904346590058952 57.0 1.1450611300400798E-18
63.11904761904762 1.0 0.8809523809523809 65.0 1.4732007739289921E-26
40.38696885166078 8.693556647523963 20.399533341992466 69.48005884117721 1.5271661091883883E-5
146.991452991453 0.008547008547008548 1.0 148.0 1.0704261958556801E-63
139.0 0.02631578947368421 0.9736842105263158 140.0 3.108766669542E-60
43.0 0.0 0.0 43.0 2.115131037591095E-19
76.99382716049382 5.75 5.256172839506172 88.0 5.968104320663968E-26
71.0 19.0 11.0 101.0 2.0369199259314702E-14
70.0 0.0 2.0 72.0 1.837307216041339E-29
97.5 1.75 4.75 104.0 7.53280277942386E-38
116.5398141197871 2.5939113454934573 0.8649791979318914 119.99870466321244 1.9329410376215772E-48
56.09884791215522 33.70066564678022 46.288363521224554 136.08787708016 0.062101058399531346
110.5021505376344 5.686021505376344 5.005376344086022 121.19354838709677 2.360921108883804E-40
81.15763965963744 21.83607103218646 27.0062893081761 130.0 1.510560258264925E-11
129.0 4.082278481012658 2.4177215189873418 135.5 2.044054270401993E-51
125.61240865985667 1.774245264463792 5.730991852721304 133.11764577704176 3.268866595866934E-49
75.14851238531313 31.61789088941444 28.669903461501864 135.43630673622943 3.050255058154412E-7
55.59810178026644 47.14151264914857 44.429909380108825 147.16952380952384 0.500722592802261
140.00607638888889 1.1781417450207259 0.8084116873925791 141.9926298213022 7.837186179842621E-60
112.75025397038075 12.696575967939992 4.577081811877398 130.02391175019815 4.259407288239663E-37
45.65600102471204 37.747427131859716 38.158477022534626 121.56190517910638 0.6131388809460204
88.39179032908373 27.514900645144422 22.168489167360693 138.07518014158885 1.6971553645309356E-13
131.04624321577964 2.110894823394823 0.8892195767195767 134.04635761589404 4.2069437517862544E-55
45.67942392162607 45.28202626485994 46.55661739598792 137.51806758247392 0.9907642213173735
69.51485241719502 27.557453197066632 34.2188597182559 131.29116533251755 9.005205279374687E-6
97.93197978259278 14.494301135688783 17.380550146209256 129.8068310644908 3.059214541034783E-23
44.04795452029952 35.59955003329273 43.88315665639721 123.53066120998946 0.5673690710535245
90.68944149579733 23.594534002108986 19.046121161485292 133.33009665939161 1.8843020148633264E-16
31.899890889252593 0.015384615384615385 0.015575559192580468 31.930851063829788 1.489072165384272E-14
39.06643130256793 31.63037987573424 32.61094564963594 103.3077568279381 0.6225255964365397
99.52010345283449 12.927675847030992 11.956117143766289 124.40389644363178 3.361966826368561E-27
45.16328705269674 30.920977591470255 34.2066861823433 110.29095082651028 0.22030222081071746
41.887466530806684 36.16314400726107 29.498709083254038 107.5493196213218 0.34219886526775645
123.02203907203908 5.046296565832989 2.0340950440288186 130.10243068190087 2.1033648357159688E-48
109.48044282994977 9.435796968766258 8.180230143560852 127.09646994227687 2.3142521801374506E-35
115.89887518028537 3.086835686448838 5.997923679109484 124.9836345458437 7.750431438063739E-44
38.87301764631102 30.786245381566783 23.813655532174515 93.4729185600523 0.16154470442005867
36.9020353073335 28.593576662924097 38.150020028257906 103.64563199851551 0.4579056770452089
127.03664921465969 1.0 0.9424083769633508 128.97905759162305 3.070760700947164E-54
50.463829073435626 31.33204745796319 26.130125428385778 107.9260019597846 0.010417125616128077
38.022116804888846 27.369402785292863 29.674727745544455 95.06624733572616 0.37110293086840773
35.147216017993614 31.312577361072485 31.833962337291005 98.29375571635711 0.8763214062451825
42.634521437281265 34.8960635893883 27.380820936174047 104.91140596284362 0.18947670377079454
37.39775920171582 36.59214701375686 33.65420613886019 107.64411235433286 0.897445957871107
34.198333183871355 25.000485579433175 33.54185248645542 92.74067124975994 0.42666166907197045
35.84508415293778 28.194174740713052 35.57545878130009 99.61471767495092 0.5668563339884947
126.79443032858757 5.695542862786232 5.90940769303159 138.3993808844054 1.1556784391151458E-46
120.20596555449532 9.806327297484987 9.628045745363954 139.64033859734425 1.0780061294391594E-38
148.1685114210277 4.020353683056367 2.543296111678161 154.7321612157622 1.190382476093722E-59
146.15815303789412 3.2528173069298774 7.046299950911026 156.45727029573501 5.992166847642174E-56
126.0 0.0 0.0 126.0 1.9006199352650135E-55
115.00588235294117 5.9941176470588236 4.9945054945054945 125.99450549450549 4.561486982656643E-42
108.0 14.5 16.0 138.5 1.046288117209367E-27
146.66666666666669 0.015272727272727273 0.31806060606060604 147.0 3.908984078226941E-64
125.0 9.0 4.0 138.0 5.612660429081417E-45
147.0 0.0 0.0 147.0 1.4411565509640708E-64
85.91724092042897 9.542247025577437 6.38666590014745 101.84615384615385 1.1377158006379431E-26
49.268105082265805 42.121222017564385 39.547530728331985 130.93685782816218 0.5592474210705167
77.38121338158275 31.451768413510205 31.81857372070193 140.65155551579488 3.451341154323007E-7
56.37706268577727 53.79320885556115 35.439497988032926 145.60976952937136 0.0682230314833661
132.00534759358288 0.0 1.9946524064171123 134.0 2.315552770672398E-56
96.37486993125066 18.731669851057436 22.490720491664526 137.5972602739726 7.065135999189991E-19
115.02902309700252 1.117627690035334 14.84010417984958 130.98675496688745 3.43793922457479E-39
61.637525355638054 26.972813878727766 40.90775637691944 129.51809561128528 8.696117203774714E-4
57.880292276953874 30.21292322214423 42.5931548057861 130.6863703048842 0.012164658358023045
98.50647468388155 18.73794981392996 21.167726183656256 138.41215068146778 4.2115546874929036E-20
127.17552641126312 14.604751596801181 12.010115733852917 153.79039374191723 2.348164027822166E-37
118.04296435272045 4.026672562715548 7.4137429643527195 129.4833798797887 4.518828961819508E-43
82.99768445521484 28.44517137452026 23.04052405005362 134.4833798797887 2.203196931053609E-11
89.94103107344633 29.35119983691537 25.507557225231523 144.79978813559322 1.763915600051134E-12
120.0 2.0 1.0 123.0 2.6078416948254145E-50
121.96924908424909 1.0 3.030750915750916 126.0 2.476474360992885E-50
75.80084745762711 28.333333333333332 26.416666666666668 130.5508474576271 1.5476630526067316E-8
140.25445540992874 0.8741293360620679 0.8663132131928946 141.99489795918367 3.794437885464282E-60
56.522094193622394 48.65027356972825 36.07584469834497 141.24821246169563 0.10446542014503377
139.48925385239255 0.8857461476074615 2.625 143.0 2.3925943508251096E-58
57.98247460744182 45.02366036188333 14.993865030674847 118.0 4.272526575628482E-6
127.25016698432066 4.030605807211371 8.717712056952847 139.99848484848488 4.202755236625769E-46
58.068294850564406 30.983632756530366 50.025453345286174 139.07738095238093 0.015399475693579695
45.99530767921174 42.011769344824415 43.982815296158904 131.98989232019505 0.9137735171284639
106.4846668664469 17.002347417840376 14.51063829787234 137.99765258215962 1.201016219158569E-26
140.00408656940556 1.9765890839798557 0.019324346614595343 142.0 7.841975535394162E-60
138.8659980546418 8.857870815353179 4.568450361928226 152.29231923192322 1.4361950405403486E-50
56.61222747954968 56.7960172764038 38.36166752474829 151.7699122807018 0.10893751515598799
146.19259242997856 2.6677370167929384 4.140965652721978 153.00129509949346 1.3262737087017384E-58
149.278229855047 3.0925132171453793 4.531888131172179 156.90263120336454 2.663333072172487E-59
149.89978400911895 3.38110697676175 2.5768818620572795 155.85777284793798 7.087408239106042E-61
76.34749408080157 33.21905177319478 32.80077108445072 142.36731693844706 1.863270005493366E-6
126.10575363340243 8.426946736377728 10.397589079332821 144.93028944911296 1.5339207871772507E-41
132.5698369948183 10.116876553303905 10.403312523465768 153.09002607158797 3.642294311243144E-43
77.36653291702817 32.11986250718879 44.91017942354887 154.39657484776583 2.5647833660914166E-5
139.4814736558037 2.9208203294308532 8.323733412025712 150.72602739726028 2.0326496938266674E-52
150.7078007589366 0.09744955208355087 0.19474968897984157 151.0 6.333763525373558E-66
92.26525450782354 5.289403869698326 59.22820450728676 156.78286288480862 9.580094521843534E-17
106.53921059082614 17.24467041459534 34.09582122525334 157.8797022306748 2.657966605139473E-19
14.0 4.775183755370891 1.1254803812514993 19.90066413662239 0.0013106443369597606
58.82989512102269 31.971060648269663 39.04539709022837 129.84635285952072 0.011357604790072981
50.43344372970826 18.899918248696846 13.544570999163794 82.8779329775689 5.677503894505589E-7
44.72335742861556 37.45244286654196 3.0512650438326836 85.2270653389902 2.663917896281378E-8
63.47268731162651 16.27351814851815 56.076591032702595 135.82279649284726 6.576887979249222E-7
105.51062393617056 34.341073221389784 2.1083028424396675 141.96 2.032697192201761E-26
109.49619221112384 8.308977661999872 25.750825164558403 143.55599503768212 2.7778651318315237E-27
75.3925699237838 14.760109466938342 28.911952217642746 119.06463160836489 9.768564651010268E-12
79.83215370324439 21.59939838443016 19.53870849787686 120.97026058555142 2.397433679865863E-13
0.0 0.0 0.0 0.0 NaN
Not enough genes
Cannot perform polytomy test with effective N (after polytomies) 0.0:
	(P_014095,S38):0.0;
3.7106963388370424 0.28427853553481697 0.005025125628140704 4.0 0.04101612195033579
Not enough genes
Cannot perform polytomy test with effective N (after polytomies) 4.0:
	(S08,(P_014095,S38):0.0):0.9498705292435967;
1.0 0.0 1.0 2.0 0.6065306597126334
Not enough genes
Cannot perform polytomy test with effective N (after polytomies) 2.0:
	(P_016789,S04):0.0;
39.733279482466905 1.9799827410976623 0.09983007789708448 41.81309230146165 2.641997791885073E-16
106.06254148120352 3.0179131665755805 2.8973475624378615 111.97780221021696 5.890770796366311E-42
71.09342291568339 0.0 0.010050251256281407 71.10347316693968 1.359084359501482E-31
37.96390120362809 33.975483801953 41.686617285569994 113.62600229115108 0.6752734629730135
42.26350894986099 35.388788826533656 43.53965519884821 121.19195297524286 0.6213859882183125
12.187809195124542 7.8943133753368375 11.947321774854212 32.02944434531559 0.5797809292087315
23.934877587780353 4.948093028386753 6.5381548191832435 35.42112543535035 8.301054811677767E-5
52.3438453274231 30.663715939811752 34.66032857414144 117.66788984137628 0.03357724294852721
52.71079249373628 44.80066526248657 34.76376004354177 132.27521779976462 0.15964035040451843
57.42399116621387 51.23012019546976 27.76446460656491 136.41857596824852 0.00459391551383268
18.171150030525027 17.059584859584863 12.655475427350426 47.88621031746031 0.5867944794500419
52.25634714745541 0.12120807176349235 0.6224447807810963 53.0 8.700523469140573E-23
149.5005829506652 5.82570136537038 2.64530519696258 157.97158951299815 9.24307677888223E-59
110.79567873726822 28.86425005448465 12.344104457799329 152.00403324955218 1.4923974197234474E-24
48.29314420803782 0.7880555555555555 0.2711111111111111 49.35231087470449 8.366787045735869E-21
46.16666666666667 1.6602564102564104 2.1666666666666665 49.993589743589745 9.686557346568947E-18
23.5 1.75 8.75 34.0 1.8890748836293047E-5
Extended species tree:
(P0109B,((OSHQ,P_018831)0:1.2685113254635072,((P_016909,WZFE)0:2.212972934304359,(P0203H,((((SJEV,(P_019193,(P_019187,Wsal)0:0.8885145721880476)0:0.7939518796819109)0:2.9723012526050407,(P_016921,(GAP_81227,((WKSU,P_019199)NA:0.2876820724517809,(Pcol,(GAP_81226,P_006410)0:1.2883954303858194)0:0.609754689706011)0.00003:0.293101327132234)0:0.5755745281793669)0:2.724708839744127)0:2.350348441524984,(((QDVW,Asie)0:3.300678908203798,(P_025525,(P_019189,(P_019197,PAWA)0:0.8435699965905741)NA:0.2795453310587192)NA:0.4323987200456804)0.00017:0.25354706823273293,(P_025523,((P_019191,(GAP_80417,(P2590,GAP_79804)0:2.890371757896163)NA:1.2039728043259361)NA:0.1053605156578264,(CSSK,(P_019185,(P2589,OPDF)0:1.2138249779248385)0.14769:0.04617030285320956)0:1.728043654841946)NA:0.2876820724517809)NA:0.6931471805599453)0:1.9147983254353187)0.00001:0.23715690391388225,((P_011613,(WPHN,((P2619,P_011609)NA:1.9924301646902058,(((GAP_79862,P_011587)0:1.9220493679284079,(P_014081,(P_008647,P0104A)0:2.92673940206704)0:3.091042453358317)0:1.4792553809641042,((MAQO,(WAIL,(P_011527,((GAP_80298,P_014077)0.16846:0.20446675313203477,(GAP_80297,P_014083)0:2.044327958224709)0.03415:0.2537603310555221)0.18885:0.1479816798414503)0:0.8083096052018461)0:1.647902127322431,(((KRJP,(GAP_80395,P_011549)0:1.842407409835848)0:0.9372379449001611,((P_011643,(P_011657,(P_011651,P_011509)0:1.0764581963983204)0.46814:0.07998785155431949)0:1.3426128668591235,((GAP_80393,GAP_80394)0:0.8578982840199529,((P_011647,(P_011465,(P_011501,(P_011523,(P_011489,P_011487)0.01293:0.17778333323145826)0.31272:0.06146668202729962)0:0.867841657730307)0:1.5243232372731768)0.54056:0.07883493052130244,(P_011631,((P_007783,(P_006414,P_007843)0.81542:0.018220098674952293)0:0.9203911088119091,(P_011551,(P_011637,P_007844)NA:0.10563854941635502)0.20929:0.30863157720799117)0.62089:0.0727734531620503)0.01738:0.14600186526394673)0:1.3895999400699317)0.75113:0.040505458184374704)0:2.835620276746613)0:1.6381712108044004,((P_011531,(P_011699,(Schi,P_006411)NA:0.2876820724517809)NA:0.5753641449035618)0:2.738465580245833,(VYLQ,(P_018635,(P_008631,((P_008632,(P_011671,P_011579)0.33724:0.20763936477824438)0:1.9570625797464842,(((P_011713,P_011705)NA:0.6453186510399898,(P_006413,(WIGA,(Dhai,(Apet,Msal)0.24925:0.14793335377149802)0.00452:0.18857555383688446)0:0.5230214308853567)0.97869:0.006810254597158567)0.12351:0.19251440314647358,((KAYP,(P_011679,(P_016813,((GAP_80389,GAP_80390)0:1.884622682362365,(P_008646,(P_006412,P_008640)0:0.8877666954059465)0.00015:0.3044638852902342)0.75615:0.04528633689155582)0.01004:0.2114106783032171)0.00433:0.46743854976792903)0.78934:0.0,((BCGB,(ABSS,P_011607)NA:0.2876820724517809)0:0.7253439121122227,((P_011673,(P_011537,(P_011739,(P_011677,P_011701)NA:0.0)0.00014:0.690450077846798)0.60201:0.1339928153083666)0.53558:0.11792782438140852,(P_011759,((P_011735,P_011675)0:1.603230680546903,((P_011715,P_011681)0.75347:0.08395632449939389,(P_011611,P_011745)NA:0.14312509458949282)0.00022:0.36716354372461063)0.00202:0.3572661726852545)0.24778:0.14075156356423824)0:1.1927843166807783)0.00648:0.0)0.00034:0.25777064314117987)0:1.145153823481789)0:1.7293798607585253)0.17794:0.2595200263110825)0:0.5636750814687682)0.00001:0.32728476712247395)0:1.1244718038456694)0:0.4713185481226848)0:0.34853449867237013)0.25603:0.165017155089595)0.00076:0.470908274812077)NA:0.2876820724517809)NA:0.2876820724517809,((((P2622,P2623)0.0203:0.5695115952099427,(P0110C,(P0110B,(P0207A,((P0207B,XQWC)0:0.268098945451615,(P0207C,(P0206G,P0206H)0.0001:0.3362590609298897)0.0008:0.1676568142290241)0.02023:0.10390265817599331)0.39073:0.09857067280080578)0:1.7568899419868735)0:2.7260687066048894)0.00002:0.44556913143752397,((GAP_80322,DHPO)0:3.9010696184909,((P_012795,P_012941)0:3.850147601710057,((P_012861,((P_012855,(P_012827,P_007802)0:3.3787245258100977)0:1.597750340803812,((P_018637,P_012813)0:0.7855205006909604,(P_012919,P_012921)0:2.786382044372116)0:2.2335922215070947)0:2.8954147541612882)0.0621:0.12084334749852155,(((P_012797,(P_012841,((P_012913,P_012877)0:1.941287796862211,(P_012811,(P_012895,P_012891)0:0.560866983381177)0:2.4959564859745846)0:2.3525701550281943)0:0.39481207054553036)0.50072:0.06491146467028089,(((P_012883,P_012925)0:3.4632079567668232,((P_012857,(P_012815,P_012903)0:1.5644541736424795)0.61314:0.06056849202735367,(P_012875,((P_012831,P_012905)0:0.6039513033275382,(P_012901,(P_012887,P_012851)0:3.113830040393347)0.99076:0.0)0.00001:0.3399623638052658)0:0.9755485880717837)0.56737:0.03104451463893927)0:0.7188458967663712,(P_018689,((P_012885,(GAP_80294,P_006420)0:3.058454256248533)0.62253:0.06378752626208468,(P_012859,(((P_012873,P_012881)0:1.17245757213706,(P_012907,GAP_80291)0.2203:0.11509566924284202)0.3422:0.08210664868284545,(((P_012911,(P_012917,P_012821)0:2.3810734852345097)0:1.523295660969694,(P_012897,(P_012893,GAP_80293)0:2.1196615953581053)0.16154:0.12466669010866403)0.45791:0.029384659258312018,((P_012793,(GAP_80292,P_006419)0:3.3826798120740356)0.01042:0.2168237347106675,(P_012889,(P_012863,P_006418)0.3711:0.09836932932825022)0.87632:0.03144742913074765)0.18948:0.10961775464474398)0.89745:0.01646877401052782)0.42666:0.04837942147957368)0.56686:0.03499656277778182)0:1.9977883108727286)0:1.5235222973822258)0:2.61931865749617)0:2.228964409747759,((P_012867,((P_012923,P_012847)0:4.438721978350428,(P_012899,P_012817)0:1.9547205850441118)0:1.0826119473216684)0:4.30406509320418,(P_012843,(((P_012937,(P_006421,P_012939)0:1.8899514954072683)0:4.591747165655945,(P_012803,(P_012853,(P_012837,P_012829)0:1.3987461273882078)0.55925:0.06201665823792767)0:0.3848068167534463)0.06822:0.07991735491145821,(((P_012801,(P_012809,P_012879)0:3.402981503455654)0:0.783156554131617,(P_012839,(P_012805,(P_012825,(P_012799,YZRI)0:1.6465125809501686)0.00087:0.23367263367165714)0.01216:0.17351691849669504)0:0.8207007196950566)0:1.3182524960988888,((P_012909,(((P_012849,P_012871)0:1.9448302640503314,(P_012807,P_012845)0:0.5428432026067366)0:0.5539429490253892,(P_012865,(P_012931,(P_012933,P_012935)0:3.0285220963769826)0:2.823152717955408)0:0.4530509311123862)0:3.549224421223577)0.10447:0.10095085555079769,((P_012833,GAP_81172)0:3.057885608708941,((P_012927,(PSJT,GAP_80295)0:0.2624972605758843)0:1.9223675569797545,((P_012915,P_012791)0.0154:0.12989983565011437,(P_012869,(P_012835,(P_012823,P_012819)0.91377:0.018962148421794816)0:1.0473523669656661)0:3.460130351909418)0:1.9578271760437391)0.10894:0.05747844610745851)0:2.5762570654112746)0:2.5019179251293164)0:2.7099839085831254)0:0.35495643954924827)0:1.59074357688962)0:1.5630803870324967)0.00003:0.2834213832104055)0:2.1115300894382822)0:4.362069807917666)0:0.47343575748733996)0:0.7049119277561054,(P_018691,(((P_018639,P_018779)0.00131:0.7026981685738897,(P_018695,(P_018645,P_018783)0.01136:0.19166397520018022)0:0.5140104279595046)0:0.32573623284668174,((P_016797,(OBPL,(GAP_80397,P_016799)0:0.21797753114238028)0:0.9341097134304651)0:1.0111465777021145,((P_016793,(P_006422,P_016795)0:0.5832167984469298)0:0.6573596583328067,(P_018693,((S08,(P_014095,S38)NA:0.0)NA:0.9498705292435967,((S27,(P_016789,S04)NA:0.0)0:2.226510020512174,(P_016791,((S03,P_014099)0:2.3879955814372456,(S02,P_016787)0:3.8626370232127583)0.67527:0.0)0.62139:0.018996300462270212)0.57978:0.05498163251720465)0.00008:0.6650560008083626)0.03358:0.17631114787672408)0.15964:0.09789401010818212)0.00459:0.1356075164091089)0.58679:0.059277153607144493)0:3.0275366852229166)0:2.415025204707552)0:0.8823809983726134)0:2.791278036011233)0:1.9520256048638307)0.00002:0.7075359180120447));
Weight calculation took 27.991953013 secs
ASTRAL finished in 42.236 secs
