
================== ASTRAL ===================== 

This is ASTRAL version 5.7.7
Gene trees are treated as unrooted
178 trees read from all_bs10.trees
index172
All output trees will be *arbitrarily* rooted at P0109B

======== Running the main analysis
Number of taxa: 244 (244 species)
Taxa: [Apet, BCGB, ABSS, WZFE, WKSU, SJEV, QDVW, Asie, PAWA, CSSK, OPDF, OBPL, YZRI, P_012871, PSJT, P_012927, P_012915, P_012791, P_012819, P_012835, P_012823, P_012869, GAP_81172, P_012833, P_012807, P_012845, P_012933, P_012935, P_012931, P_012865, P_012849, P_012909, P_012839, P_012837, P_012829, P_012803, P_012937, P_006421, P_012939, P_012843, P_012853, P_012861, P_012913, P_012877, P_012841, P_012891, P_012895, P_012811, P_018689, GAP_80293, P_012893, GAP_80291, P_012907, P_012873, P_012881, P_012897, P_006420, GAP_80294, P_012859, P_006419, GAP_80292, P_012889, P_012863, P_012793, P_006418, P_012821, P_012917, P_012911, P_012885, P_012815, P_012903, P_012883, P_012925, P_012857, P_012901, P_012851, P_012887, Sdec, P_011609, P_012875, P_012831, P_012905, P_012797, P_019197, P_012813, P_018637, P_012919, P_012921, P_007802, P_012827, P_012855, P_012941, P_012795, P2622, P2623, P0207B, P0207A, P0110B, P0207C, P0206H, P0206G, P0110C, XQWC, P_011527, GAP_80298, P_014083, GAP_80297, P_014077, P_011699, P_011549, GAP_80395, GAP_80394, GAP_80393, P_011647, P_007844, P_011637, P_007783, P_007843, P_006414, P_011501, P_011489, P_011487, P_011523, P_011465, P_011643, P_011657, P_011509, P_011651, P_011551, P_018635, P_008632, P_011671, P_016813, P_006413, P_011705, P_011713, P_011759, P_011701, P_011681, P_008646, GAP_80390, GAP_80389, P_008640, P_006412, P_011537, P_011675, P_011735, P_011745, P_011679, P_011715, P_011677, P_011739, P_011673, P_011531, P_006411, Schi, P_011587, GAP_79862, P_014081, P_008647, P0104A, P_025523, P_019189, P_019193, P_019187, Wsal, GAP_81227, P_016921, GAP_81226, P_006410, Pcol, P2619, P0109B, P_018831, P_016909, P2590, GAP_79804, P_019185, P2589, P_018779, GAP_80417, P0203H, P_007845, P_018783, P_011579, P_018639, P_018691, P_016799, GAP_80397, P_016797, P_006422, P_016795, P_016793, P_018693, P_016789, S27, P_014099, S03, S02, P_016787, S04, P_016791, P_018645, P_018695, GAP_80322, P_012867, P_012817, P_012899, P_012847, P_012923, P_012879, P_012809, P_012801, P_012799, P_012825, P_012805, GAP_80295, DHPO, WAIL, MAQO, KRJP, VYLQ, WPHN, Dhai, WIGA, KAYP, P_008631, P_011613, P_014095, S08, S38, P_025525, OSHQ, P_019191, P_011631, Msal, P_011719, P_014073, P_025527, P_011709, P_011611, P_019199, P_011607, P_011589]
Taxon occupancy: {P_019193=155, P_019191=76, P_019197=164, OPDF=171, GAP_81172=177, P_018783=173, P_019199=62, Wsal=159, P_016921=175, WKSU=178, P_025523=30, P_025525=53, P_025527=20, P_014073=29, P0203H=126, P_014077=111, QDVW=175, P_011487=174, P_011489=176, P_016813=159, P_006421=177, P_006422=174, P_006420=148, P_006418=176, P_006419=178, P_006414=175, P_014081=126, P_014083=140, P_018689=178, P0206H=168, P0206G=158, Msal=155, P0109B=90, P_012901=176, P_006410=172, P_006411=172, P_012903=176, P_006412=174, P_006413=170, P_012905=176, PAWA=171, P_012907=178, GAP_79862=170, ABSS=175, P_012909=177, P_018691=79, GAP_80291=178, P_018695=170, P_014095=77, GAP_80293=177, GAP_80292=178, P_018693=170, GAP_80295=174, GAP_80294=177, P_014099=170, GAP_80297=174, GAP_80298=172, P_012911=177, P_011701=32, P_012913=154, P_012915=174, P_011705=96, P_012917=173, P_012919=173, P_011709=19, P_012881=178, P_011671=100, P_011551=123, P_012883=178, P_011673=147, MAQO=176, P_012885=176, P_011675=165, GAP_80322=176, P2590=153, P_012887=177, P_011677=143, P_012889=175, P_011679=155, P_008647=166, PSJT=172, P2589=155, P_012891=176, P_011681=128, P_012893=177, P_018637=176, P_012895=177, P_018635=165, P_012897=177, P0207C=171, P0207B=172, P_012899=176, P0207A=174, P_018639=167, P_008646=175, P_008640=174, BCGB=174, WZFE=175, P_018645=170, KRJP=176, KAYP=106, P_011699=99, P_011579=139, CSSK=171, P_008632=172, P_007783=167, P_016909=175, P_008631=35, P_019187=172, P_019185=168, Sdec=41, P_019189=153, P_012791=176, P_012793=175, Asie=139, P_012795=175, P_011465=175, P_018779=149, P_012797=176, P_011587=141, P_012799=176, P_011589=3, GAP_80417=105, WIGA=172, P_007802=154, GAP_79804=141, P_012841=175, P_011631=149, P_012843=176, Pcol=149, P_012845=175, P_011637=173, P_012847=170, P_011759=165, P_012849=176, Apet=79, OBPL=175, P0110C=163, P0110B=125, P_018831=173, YZRI=176, P_012851=176, P_012853=173, P_011643=176, P_011523=176, P_012855=174, P_012857=174, P_011647=163, P_011527=108, P_012859=176, WAIL=176, P_016789=169, P_012861=177, P_011651=162, P_011531=149, P_016787=173, P_012863=177, P_012865=176, Schi=149, P_011657=163, P_012867=176, P_011537=138, P_012869=176, P_016793=169, P_016791=172, P_016797=175, SJEV=175, P_016795=170, P_012871=171, P_012873=176, P_016799=174, P_012875=177, P_012877=175, P_012879=178, P_011549=167, P_007844=132, P_007845=31, S02=138, P_012921=169, S04=52, S03=167, P_012801=176, P_011713=126, P_012923=177, P_012803=175, P_012925=175, P_011715=155, S08=116, P_007843=161, P_012805=175, P_012927=177, P_012807=173, P_011719=20, P_012809=176, VYLQ=176, DHPO=178, GAP_80390=158, P2622=133, P2623=65, XQWC=177, GAP_80394=176, GAP_80393=176, GAP_80395=176, GAP_80397=174, P_012931=177, P_012811=176, P_012933=171, WPHN=176, P_012813=176, P_012935=174, P_012815=174, P_012937=178, P_012817=176, P_011607=6, P_012939=174, P_012819=172, P_011609=119, P2619=115, OSHQ=175, GAP_80389=168, P_012941=178, P_012821=176, P_011611=24, P_012823=175, P_011613=56, P_011735=174, S27=139, P_012825=178, P_012827=167, P_011739=154, P_012829=128, Dhai=170, P0104A=152, P_012831=170, P_011501=176, P_012833=175, GAP_81226=175, P_011745=162, GAP_81227=176, P_012835=175, S38=49, P_012837=175, P_012839=173, P_011509=175}
Number of gene trees: 178
178 trees have missing taxa
Calculating quartet distance matrix (for completion of X)
Species tree distances calculated ...
Will attempt to complete bipartitions from X before adding using a distance matrix.
Building set of clusters (X) from gene trees 
------------------------------
gradient0: 25337
Number of Clusters after addition by distance: 25337
calculating extra bipartitions to be added at level 1 ...
Adding to X using resolutions of greedy consensus ...
Limit for sigma of degrees:6150
polytomy size limit : 32
discarded polytomies:  [3, 3, 3, 3, 3, 3, 3, 3, 3, 3, 3, 3, 3, 3, 3, 3, 3, 3, 3, 3, 3, 3, 3, 4, 4, 4, 4, 4, 4, 4, 4, 4, 4, 4, 5, 5, 5, 5, 5, 6, 6, 6, 7, 7, 8, 9, 9, 13, 14, 14, 15, 16, 32]
Threshold 0.0:
polytomy of size 3; rounds with additions with at least 5 support: 1; clusters: 25343
Threshold 0.01:
polytomy of size 5; rounds with additions with at least 5 support: 1; clusters: 25367
Threshold 0.02:
polytomy of size 7; rounds with additions with at least 5 support: 1; clusters: 25467
Threshold 0.05:
polytomy of size 8; rounds with additions with at least 5 support: 0; clusters: 25481
polytomy of size 3; rounds with additions with at least 5 support: 0; clusters: 25483
Threshold 0.1:
polytomy of size 3; rounds with additions with at least 5 support: 0; clusters: 25483
polytomy of size 3; rounds with additions with at least 5 support: 0; clusters: 25483
polytomy of size 5; rounds with additions with at least 5 support: 0; clusters: 25483
polytomy of size 3; rounds with additions with at least 5 support: 0; clusters: 25483
polytomy of size 13; rounds with additions with at least 5 support: 0; clusters: 25497
polytomy of size 3; rounds with additions with at least 5 support: 0; clusters: 25497
polytomy of size 3; rounds with additions with at least 5 support: 0; clusters: 25497
polytomy of size 3; rounds with additions with at least 5 support: 0; clusters: 25497
polytomy of size 4; rounds with additions with at least 5 support: 0; clusters: 25499
polytomy of size 6; rounds with additions with at least 5 support: 0; clusters: 25499
Threshold 0.2:
polytomy of size 3; rounds with additions with at least 5 support: 0; clusters: 25499
polytomy of size 6; rounds with additions with at least 5 support: 0; clusters: 25499
polytomy of size 3; rounds with additions with at least 5 support: 0; clusters: 25499
polytomy of size 9; rounds with additions with at least 5 support: 0; clusters: 25499
polytomy of size 4; rounds with additions with at least 5 support: 0; clusters: 25499
polytomy of size 14; rounds with additions with at least 5 support: 0; clusters: 25503
polytomy of size 4; rounds with additions with at least 5 support: 0; clusters: 25503
polytomy of size 4; rounds with additions with at least 5 support: 0; clusters: 25503
polytomy of size 4; rounds with additions with at least 5 support: 0; clusters: 25503
polytomy of size 5; rounds with additions with at least 5 support: 0; clusters: 25503
polytomy of size 3; rounds with additions with at least 5 support: 0; clusters: 25503
polytomy of size 16; rounds with additions with at least 5 support: 0; clusters: 25535
polytomy of size 4; rounds with additions with at least 5 support: 0; clusters: 25535
Threshold 0.3333333333333333:
polytomy of size 3; rounds with additions with at least 5 support: 0; clusters: 25535
polytomy of size 4; rounds with additions with at least 5 support: 0; clusters: 25535
polytomy of size 3; rounds with additions with at least 5 support: 0; clusters: 25535
polytomy of size 3; rounds with additions with at least 5 support: 0; clusters: 25535
polytomy of size 9; rounds with additions with at least 5 support: 0; clusters: 25535
polytomy of size 3; rounds with additions with at least 5 support: 0; clusters: 25535
polytomy of size 3; rounds with additions with at least 5 support: 0; clusters: 25535
polytomy of size 3; rounds with additions with at least 5 support: 0; clusters: 25535
polytomy of size 15; rounds with additions with at least 5 support: 0; clusters: 25537
polytomy of size 7; rounds with additions with at least 5 support: 0; clusters: 25537
polytomy of size 14; rounds with additions with at least 5 support: 0; clusters: 25537
polytomy of size 4; rounds with additions with at least 5 support: 0; clusters: 25537
polytomy of size 5; rounds with additions with at least 5 support: 0; clusters: 25537
polytomy of size 3; rounds with additions with at least 5 support: 0; clusters: 25537
polytomy of size 3; rounds with additions with at least 5 support: 0; clusters: 25537
polytomy of size 3; rounds with additions with at least 5 support: 0; clusters: 25537
polytomy of size 3; rounds with additions with at least 5 support: 0; clusters: 25537
polytomy of size 4; rounds with additions with at least 5 support: 0; clusters: 25537
polytomy of size 6; rounds with additions with at least 5 support: 0; clusters: 25537
polytomy of size 4; rounds with additions with at least 5 support: 0; clusters: 25537
polytomy of size 3; rounds with additions with at least 5 support: 0; clusters: 25537
polytomy of size 3; rounds with additions with at least 5 support: 0; clusters: 25537
polytomy of size 5; rounds with additions with at least 5 support: 0; clusters: 25537
polytomy of size 4; rounds with additions with at least 5 support: 0; clusters: 25537
polytomy of size 32; rounds with additions with at least 5 support: 0; clusters: 25581
max k is :2
Number of Clusters after addition by greedy: 25581
gradient0 in heuristiic: 25581
partitions formed in 19.706 secs
Dynamic Programming starting after 19.707 secs
Using tree-based weight calculation.
Using polytree-based weight calculation.
Polytree max score: 13657877022
Polytree building time: 0.246 seconds.
Number of quartet trees in the gene trees: 13657877022
Size of largest cluster: 244
Greedy score: 12734812916
estimationFactor: 1.0724835230865672
Sub-optimal score: 12836659579
Total Number of elements weighted: 69710
Normalized score (portion of input quartet trees satisfied before correcting for multiple individuals): 0.9464406912712938
Optimization score: 12926370570
Optimal tree inferred in 98.255 secs.
(GAP_81227,((Pcol,(GAP_81226,P_006410)),(WKSU,(P_016921,((SJEV,(P_019193,(P_019187,Wsal))),((((P_025527,P_011589),(P_025523,P_025525)),((P_019189,((PAWA,P_019197),(QDVW,Asie))),((CSSK,(P_019185,(OPDF,P2589))),((P_019191,P_019199),(GAP_80417,(P2590,GAP_79804)))))),((P0203H,((WZFE,P_016909),(P0109B,(P_018831,OSHQ)))),(((WPHN,P_011613),(((P_011609,(Sdec,P2619)),(MAQO,(WAIL,(P_011527,((GAP_80298,P_014077),(P_014083,GAP_80297)))))),(((P_011587,GAP_79862),(P_014081,(P_008647,P0104A))),(((KRJP,(P_011549,GAP_80395)),((P_011643,(P_011657,(P_011509,P_011651))),((GAP_80394,GAP_80393),((P_011647,(P_011465,(P_011501,(P_011489,(P_011487,P_011523))))),(P_011551,(P_011631,((P_007844,P_011637),(P_007843,(P_007783,P_006414))))))))),((P_011531,(P_011699,(P_006411,Schi))),(VYLQ,(P_018635,(P_008631,(P_011709,((P_011579,(P_008632,P_011671)),((P_014073,(P_011719,P_011607)),(((KAYP,(BCGB,ABSS)),(WIGA,(Dhai,(Apet,Msal)))),((P_011713,(P_006413,P_011705)),((P_016813,((GAP_80390,GAP_80389),((P_008640,P_006412),(P_008646,P_011679)))),(P_011701,((P_011673,(P_011537,(P_011677,P_011739))),(P_011759,((P_011675,P_011735),(P_011715,(P_011745,(P_011681,P_011611))))))))))))))))))))),((((P_018779,P_018639),(P_018695,(P_018783,P_018645))),((P_007845,(P_016797,(OBPL,(P_016799,GAP_80397)))),(P_018691,((P_016793,(P_006422,P_016795)),(P_018693,((P_014095,S08),((S04,(S38,(P_016789,S27))),(P_016791,((S02,P_016787),(P_014099,S03)))))))))),(((P2622,P2623),(P0110C,(XQWC,(P0110B,(P0207A,(P0207C,(P0207B,(P0206H,P0206G)))))))),((GAP_80322,DHPO),((P_012941,P_012795),((P_012861,((P_012855,(P_007802,P_012827)),((P_012813,P_018637),(P_012919,P_012921)))),(((P_012797,(P_012841,((P_012913,P_012877),(P_012811,(P_012891,P_012895))))),(((P_012883,P_012925),((P_012857,(P_012815,P_012903)),(P_012875,((P_012831,P_012905),(P_012901,(P_012851,P_012887)))))),(P_018689,((P_012885,(P_012859,(P_006420,GAP_80294))),((P_012873,P_012881),((P_012897,(GAP_80293,P_012893)),((P_012911,(P_012821,P_012917)),((GAP_80291,P_012907),(P_012889,(P_012863,(P_006418,(P_012793,(P_006419,GAP_80292))))))))))))),((P_012867,((P_012817,P_012899),(P_012847,P_012923))),(P_012843,(((P_012937,(P_006421,P_012939)),((P_012837,P_012829),(P_012803,P_012853))),(((P_012801,(P_012879,P_012809)),((P_012839,P_012805),(P_012825,(YZRI,P_012799)))),((P_012909,(((P_012807,P_012845),(P_012871,P_012849)),(P_012865,(P_012931,(P_012933,P_012935))))),((GAP_81172,P_012833),((PSJT,(P_012927,GAP_80295)),((P_012915,P_012791),(P_012869,(P_012823,(P_012819,P_012835)))))))))))))))))))))))));
Final quartet score is: 12926370570
Final normalized quartet score is: 0.9464406912712938
You may want to ignore posterior probabilities and other statistics related to the following branch branch because the effective number of genes impacting it is only 1:
	{P_011719, P_011607}
You may want to ignore posterior probabilities and other statistics related to the following branch branch because the effective number of genes impacting it is only 3:
	{P_011719, P_014073, P_011607}
You may want to ignore posterior probabilities and other statistics related to the following branch branch because the effective number of genes impacting it is only 18:
	{P_011681, P_011611}
You may want to ignore posterior probabilities and other statistics related to the following branch branch because the effective number of genes impacting it is only 19:
	{Apet, BCGB, ABSS, P_008632, P_011671, P_016813, P_006413, P_011705, P_011713, P_011759, P_011701, P_011681, P_008646, GAP_80390, GAP_80389, P_008640, P_006412, P_011537, P_011675, P_011735, P_011745, P_011679, P_011715, P_011677, P_011739, P_011673, P_011579, Dhai, WIGA, KAYP, Msal, P_011719, P_014073, P_011611, P_011607}
You may want to ignore posterior probabilities and other statistics related to the following branch branch because the effective number of genes impacting it is only 6:
	{Apet, BCGB, ABSS, P_008632, P_011671, P_016813, P_006413, P_011705, P_011713, P_011759, P_011701, P_011681, P_008646, GAP_80390, GAP_80389, P_008640, P_006412, P_011537, P_011675, P_011735, P_011745, P_011679, P_011715, P_011677, P_011739, P_011673, P_011579, Dhai, WIGA, KAYP, Msal, P_011719, P_014073, P_011709, P_011611, P_011607}
You may want to ignore posterior probabilities and other statistics related to the following branch branch because the effective number of genes impacting it is only 1:
	{P_025527, P_011589}
You may want to ignore posterior probabilities and other statistics related to the following branch branch because the effective number of genes impacting it is only 10:
	{P_025523, P_025525}
You may want to ignore posterior probabilities and other statistics related to the following branch branch because the effective number of genes impacting it is only 14:
	{P_025523, P_025525, P_025527, P_011589}
Extended species tree:
(P0109B,((P_018831,OSHQ)1:0.38679408151754396,((WZFE,P_016909)1:1.111094570235915,(P0203H,((((WPHN,P_011613)0.43:0.03238743260215212,(((P_011609,(Sdec,P2619)0.99:0.39555533750031324)1:0.876021898592052,(MAQO,(WAIL,(P_011527,((GAP_80298,P_014077)0.8:0.1264755529528645,(P_014083,GAP_80297)1:2.0833553469713397)0.93:0.15282108006941997)1:0.6580358207953086)1:0.35997084412549474)1:0.8551618274119263)0.99:0.20898978384578792,(((P_011587,GAP_79862)1:1.2596205068849322,(P_014081,(P_008647,P0104A)1:2.538973871058275)1:2.194513141079193)1:1.2279516122820449,(((KRJP,(P_011549,GAP_80395)1:2.030869983607576)1:0.5078242277989347,((P_011643,(P_011657,(P_011509,P_011651)1:0.8000895039321264)0.65:0.055115604842227044)1:1.411365147537574,((GAP_80394,GAP_80393)1:0.8891557628747802,((P_011647,(P_011465,(P_011501,(P_011489,(P_011487,P_011523)0.48:0.029229850109579205)0.94:0.11662746370497071)1:0.8614720802723316)1:1.297365581968426)0.97:0.1493243980007584,(P_011551,(P_011631,((P_007844,P_011637)0.83:0.10291546632965815,(P_007843,(P_007783,P_006414)0.92:0.11373720137707187)1:0.4913704470026912)0.98:0.1631478403857366)0.56:0.0821577648280243)0.87:0.12725730051871514)1:1.061584072313662)0.4:0.02789247003819719)1:2.587408295039232)1:1.5396955184134564,((P_011531,(P_011699,(P_006411,Schi)1:0.6951849374727938)1:0.5053144285021697)1:2.106691910988256,(VYLQ,(P_018635,(P_008631,(P_011709,((P_011579,(P_008632,P_011671)0.66:0.08145669711835009)1:1.5450052142264887,((P_014073,(P_011719,P_011607)0.67:0.2876820724517809)0.3:0.0,(((KAYP,(BCGB,ABSS)1:0.5924970040702253)0.85:0.12666593618276994,(WIGA,(Dhai,(Apet,Msal)0.85:0.14809637977854523)0.75:0.1071370007463562)1:0.5030469816467071)1:0.7476644443266207,((P_011713,(P_006413,P_011705)0.78:0.13809578092434205)0.79:0.1400685919122342,((P_016813,((GAP_80390,GAP_80389)1:1.965280978508887,((P_008640,P_006412)1:1.217458726111214,(P_008646,P_011679)0.87:0.15737594327253135)0.86:0.1099414142935662)0.97:0.1793825179802995)1:0.6132745355936696,(P_011701,((P_011673,(P_011537,(P_011677,P_011739)1:0.9696315529191661)0.63:0.06738714615328313)0.64:0.07367386847299541,(P_011759,((P_011675,P_011735)1:1.3587624602237969,(P_011715,(P_011745,(P_011681,P_011611)0.73:0.22979290946592393)0.98:0.20267302818417626)0.95:0.14630680734142473)1:0.24849128502093754)0.96:0.14789063806329328)0.81:0.19602382454145154)0.98:0.4170891316098739)1:0.33686493230384895)1:0.2365903170267359)0.6:0.15995451322951026)1:0.40618561481386395)0.87:0.301510241261399)0.6:0.21356214035775553)0.47:0.04688853789585425)1:0.6513068408879953)1:0.276976330452041)1:1.0928442793014328)0.98:0.18707762597786554)1:0.36334150405934734)1:0.8111675855846384)1:1.497993532489159,((((P_018779,P_018639)1:0.3583337546695602,(P_018695,(P_018783,P_018645)0.99:0.18214451940790036)1:0.30439409874630063)1:0.5449167202175699,((P_007845,(P_016797,(OBPL,(P_016799,GAP_80397)1:0.39158127286030053)1:0.45281755938039403)0.53:0.07836427703355699)0.83:0.20206282031514597,(P_018691,((P_016793,(P_006422,P_016795)1:0.6406472771230369)1:0.6713069770414261,(P_018693,((P_014095,S08)1:0.7056398362357231,((S04,(S38,(P_016789,S27)0.89:0.2078932686612649)0.82:0.2654031907070021)1:0.52420785957237,(P_016791,((S02,P_016787)1:3.117895264784359,(P_014099,S03)1:2.653817767284458)0.4:0.02845276073236243)0.58:0.05893737994265709)0.98:0.19108185865428057)1:0.437786845323831)0.93:0.1464370167432102)0.76:0.11990016246736147)0.65:0.10004516492696904)0.75:0.14806341123982622)1:2.7363337733437807,(((P2622,P2623)0.9:0.22013999754648605,(P0110C,(XQWC,(P0110B,(P0207A,(P0207C,(P0207B,(P0206H,P0206G)1:0.29288078663593103)0.95:0.1434523426369831)0.86:0.09253989294040989)0.74:0.07701123784545373)1:0.5266775115372455)1:0.4338583944367484)1:1.9080444144914042)1:0.6693893799692998,((GAP_80322,DHPO)1:2.184533752231099,((P_012941,P_012795)1:3.474307695677834,((P_012861,((P_012855,(P_007802,P_012827)1:1.816437124019128)1:1.2107847563573189,((P_012813,P_018637)1:0.5459621679049826,(P_012919,P_012921)1:2.5730003999609816)1:2.270895760626397)1:2.662717292347577)1:0.22428571255872806,(((P_012797,(P_012841,((P_012913,P_012877)1:1.4878342725731581,(P_012811,(P_012891,P_012895)1:0.437885211486784)1:2.0816946299555172)1:1.995632394138265)1:0.374030382112446)0.52:0.033929396416427254,(((P_012883,P_012925)1:3.5199245466136593,((P_012857,(P_012815,P_012903)1:1.1690472043411535)0.74:0.0722424966635003,(P_012875,((P_012831,P_012905)1:0.3963290548340157,(P_012901,(P_012851,P_012887)1:2.7787769212978772)0.7:0.058874416121785234)1:0.3026111779351578)1:0.8252661610481142)0.65:0.05777338336227569)1:0.5008203153861932,(P_018689,((P_012885,(P_012859,(P_006420,GAP_80294)1:1.6365508572993481)0.75:0.0892753800784965)0.44:0.02268598741206542,((P_012873,P_012881)1:1.3484669957326674,((P_012897,(GAP_80293,P_012893)1:2.609367043612371)0.8:0.09900362519090578,((P_012911,(P_012821,P_012917)1:2.0076841740639164)1:1.2487967571091494,((GAP_80291,P_012907)0.94:0.14032471309967537,(P_012889,(P_012863,(P_006418,(P_012793,(P_006419,GAP_80292)1:3.1444543694733076)0.76:0.08676748520186857)0.48:0.029096856857356145)0.57:0.04962996181815105)0.6:0.056098436612878715)0.53:0.042324034201953034)0.47:0.028151666247695526)0.67:0.06714288833498129)0.69:0.07255908076921715)1:1.9329157516656787)1:1.1446146397975197)1:2.6235100042676858)1:2.5735829876315757,((P_012867,((P_012817,P_012899)1:1.9573829113778785,(P_012847,P_012923)1:3.449832422896352)1:0.9074361363540541)1:3.595588014839821,(P_012843,(((P_012937,(P_006421,P_012939)1:1.7578579175523739)1:4.080239384888586,((P_012837,P_012829)1:1.2723951405064369,(P_012803,P_012853)0.45:0.02111842980261805)1:0.3378626636919048)0.99:0.18454328508232964,(((P_012801,(P_012879,P_012809)1:4.759293654560763)1:0.8009526481542603,((P_012839,P_012805)0.58:0.06393479058396051,(P_012825,(YZRI,P_012799)1:0.6668645732005075)1:0.24278106397726715)1:0.874354616664753)1:1.2585979705130224,((P_012909,(((P_012807,P_012845)1:0.6124221314468116,(P_012871,P_012849)1:2.3795876468997026)1:0.6827967987436073,(P_012865,(P_012931,(P_012933,P_012935)1:2.2512917986064953)1:2.180125796738253)1:0.1825446998891453)1:3.119609049286105)0.61:0.04578934851041511,((GAP_81172,P_012833)1:3.548631679455669,((PSJT,(P_012927,GAP_80295)1:0.2705593128880657)1:0.8335678791275435,((P_012915,P_012791)1:0.18652362332119882,(P_012869,(P_012823,(P_012819,P_012835)0.76:0.07013445931086316)1:0.7795981312791438)1:3.323545121946709)1:1.7960068111507719)0.61:0.06597252537264944)1:2.327981241682133)1:2.16566009077054)1:2.436554454168579)0.64:0.060928160173757004)1:1.4496109294763797)1:1.486272710644932)1:0.3783562838029484)1:1.6058861116194645)1:3.7992474881424716)1:0.81979772595986)1:0.9171298437209982)1:2.5037394610951287)1:1.0071691238528762,((((P_025527,P_011589)0.67:0.2876820724517809,(P_025523,P_025525)0.99:0.8938178760220965)1:1.2172270040632582,((P_019189,((PAWA,P_019197)1:0.39140357188900465,(QDVW,Asie)1:3.4197690151174283)0.67:0.09993087022307924)0.95:0.16105724978164362,((CSSK,(P_019185,(OPDF,P2589)1:0.5150138831215637)0.87:0.09396071564360053)1:1.127981848578658,((P_019191,P_019199)0.97:0.29062212965854645,(GAP_80417,(P2590,GAP_79804)1:2.5503165380706596)1:0.8025177254829531)1:0.7035354539632066)1:1.6328091934733238)0.95:0.22291695053224042)1:0.6770730054456305,((SJEV,(P_019193,(P_019187,Wsal)1:0.673526518998046)1:1.3221040099355001)1:1.2647682555681545,(P_016921,(WKSU,((Pcol,(GAP_81226,P_006410)1:0.9425348079796811)1:1.0707638547405474,GAP_81227)1:0.3500093405122333)0.13:0.20969465500422074)1:2.395938930063242)1:2.24496815845777)1:0.2786306475414687)1:2.0512861952081956)1:0.8232043605533088)1:0.9480007221823658));
Weight calculation took 73.446789496 secs
ASTRAL finished in 100.38 secs
