
================== ASTRAL ===================== 

This is ASTRAL version 5.7.7
Gene trees are treated as unrooted
197 trees read from all_bs10.trees
index0
All output trees will be *arbitrarily* rooted at VYLQ

======== Running the main analysis
Number of taxa: 216 (216 species)
Taxa: [VYLQ, OBPL, YZRI, DHPO, OPDF, CSSK, QDVW, Asie, WKSU, SJEV, Wsal, P_019187, P_019193, P2619, GAP_79804, P2590, P2589, P_019185, P_016909, P_018831, P2622, P0110C, P0207C, P0110B, XQWC, P0206G, P0207B, P0206H, P0207A, P_016793, P_018695, P_018783, P_018645, P_018693, P_016791, S27, P_016789, S02, P_016787, S03, P_014099, P_006422, P_016795, P_016797, GAP_80397, P_016799, P_012855, P_007802, P_012827, P_012919, P_012921, P_018637, P_012813, P_012867, P_012817, P_012899, P_012847, P_012923, P_012937, P_012939, P_006421, P_012853, P_012803, P_012829, P_012837, P_012801, P_012809, P_012879, P_012805, P_012825, P_012799, P_012909, P_012807, P_012845, P_012935, P_012933, P_012931, P_012865, P_012849, P_012871, P_012927, PSJT, GAP_80295, P_012915, P_012791, P_012823, P_012835, P_012819, P_012869, GAP_81172, P_012833, P_012839, P_012843, P_012841, P_012913, P_012877, GAP_80294, P_012859, P_012885, P_006419, GAP_80292, P_012893, GAP_80293, P_012881, P_012873, P_012911, P_012821, P_012917, P_012863, GAP_80291, P_012889, P_012793, P_006418, P_012897, P_012907, P_018689, P_012811, P_012895, P_012891, P_012797, P_012857, P_012875, P_012831, P_012905, P_012901, P_012851, P_012887, P_012815, P_012903, P_012925, P_012883, P_012861, P_012795, P_012941, P_014081, P_008647, P0104A, GAP_79862, P_011587, P_011679, P_011759, P_011537, P_011739, P_011745, P_011675, P_011735, P_011715, P_006413, P_016813, GAP_80389, GAP_80390, P_008640, P_011681, P_006412, P_008646, P_011673, P_011677, P_011671, P_008632, GAP_80298, P_014077, P_011527, P_014083, GAP_80297, P_011549, P_018635, GAP_80395, P_011465, P_011523, P_011487, P_011489, P_011501, GAP_80393, GAP_80394, P_011509, P_011651, P_011657, P_011643, P_007783, P_007843, P_006414, P_011637, P_011647, P_011531, P_006411, Schi, GAP_80322, P_018691, P_018639, P_011579, GAP_80417, P0203H, P_019197, P_016921, P_006410, GAP_81226, Pcol, GAP_81227, PAWA, P_019189, WZFE, KRJP, MAQO, WAIL, BCGB, ABSS, WIGA, Apet, Dhai, WPHN, P_008631, OSHQ, P_011631, KAYP, Msal, P_011611]
Taxon occupancy: {P_019193=176, P_019197=183, OPDF=192, GAP_81172=196, P_018783=192, Wsal=176, P_016921=193, WKSU=197, P0203H=143, P_014077=124, QDVW=194, P_011487=193, P_011489=195, P_016813=177, P_006421=196, P_006422=193, P_006418=196, P_006419=197, P_014081=146, P_006414=194, P_014083=157, P_018689=197, P0206H=187, P0206G=177, Msal=172, P_012901=195, P_006410=191, P_006411=191, P_012903=195, P_006412=193, P_006413=189, P_012905=196, P_012907=197, GAP_79862=190, PAWA=190, ABSS=194, P_012909=195, P_018691=97, GAP_80291=197, P_018695=189, GAP_80293=196, P_018693=189, GAP_80292=197, GAP_80295=194, P_014099=189, GAP_80294=196, GAP_80297=193, GAP_80298=191, P_012911=196, P_012913=173, P_012915=192, P_012917=193, P_012919=193, P_012881=197, P_011671=117, P_012883=197, P_011673=166, MAQO=194, P_012885=195, P_011675=183, GAP_80322=195, P2590=169, P_012887=196, P_011677=158, P_012889=194, P_011679=171, P_008647=185, PSJT=190, P2589=173, P_012891=195, P_011681=142, P_012893=196, P_018637=195, P_012895=196, P_018635=181, P_012897=196, P0207C=191, P0207B=191, P_012899=195, P0207A=193, P_018639=186, P_008646=194, P_008640=193, BCGB=194, WZFE=193, P_018645=189, KRJP=194, KAYP=113, P_011579=156, CSSK=189, P_008632=191, P_016909=194, P_007783=186, P_008631=40, P_019187=191, P_019185=186, P_019189=170, P_012791=195, P_012793=194, Asie=155, P_012795=194, P_011465=194, P_012797=196, P_011587=159, P_012799=196, GAP_80417=119, WIGA=191, GAP_79804=157, P_007802=173, P_012841=194, P_011631=167, P_012843=195, Pcol=169, P_012845=194, P_012847=189, P_011637=193, P_011759=184, P_012849=195, Apet=90, OBPL=194, P0110C=182, P_018831=192, P0110B=145, YZRI=194, P_012851=195, P_012853=193, P_011643=197, P_011523=195, P_012855=194, P_012857=194, P_011647=182, P_011527=121, P_012859=195, WAIL=195, P_016789=188, P_012861=196, P_011651=180, P_016787=192, P_011531=169, P_012863=196, P_012865=195, Schi=166, P_012867=195, P_011657=184, P_011537=153, P_012869=195, P_016793=188, P_016791=191, P_016797=194, SJEV=193, P_016795=189, P_012871=190, P_012873=195, P_016799=193, P_012875=196, P_012877=194, P_012879=197, P_011549=187, S02=157, P_012921=188, S03=186, P_012801=195, P_012923=196, P_012803=194, P_012925=195, P_011715=171, P_012805=194, P_007843=179, P_012927=196, P_012807=192, P_012809=195, VYLQ=195, DHPO=195, GAP_80390=176, P2622=150, XQWC=196, GAP_80394=195, GAP_80393=195, GAP_80395=195, GAP_80397=193, P_012931=196, P_012811=195, P_012933=190, WPHN=195, P_012813=195, P_012935=193, P_012815=193, P_012937=196, P_012817=194, P_012939=193, P_012819=191, P2619=130, OSHQ=192, GAP_80389=186, P_012941=197, P_012821=195, P_011611=34, P_012823=194, P_011735=193, S27=159, P_012825=197, P_012827=186, P_011739=171, P_012829=145, Dhai=188, P0104A=171, P_012831=189, P_011501=195, P_012833=194, GAP_81226=194, P_011745=180, GAP_81227=194, P_012835=194, P_012837=195, P_012839=192, P_011509=194}
Number of gene trees: 197
197 trees have missing taxa
Calculating quartet distance matrix (for completion of X)
Species tree distances calculated ...
Will attempt to complete bipartitions from X before adding using a distance matrix.
Building set of clusters (X) from gene trees 
------------------------------
gradient0: 20123
Number of Clusters after addition by distance: 20123
calculating extra bipartitions to be added at level 1 ...
Adding to X using resolutions of greedy consensus ...
Limit for sigma of degrees:5450
polytomy size limit : 19
discarded polytomies:  [3, 3, 3, 3, 3, 3, 3, 3, 3, 3, 3, 3, 3, 3, 3, 3, 3, 3, 3, 3, 3, 3, 3, 3, 3, 4, 4, 4, 4, 4, 4, 4, 4, 4, 4, 4, 4, 4, 5, 5, 6, 6, 6, 7, 7, 8, 8, 9, 10, 12, 14, 14, 19]
Threshold 0.0:
polytomy of size 3; rounds with additions with at least 5 support: 2; clusters: 20127
Threshold 0.01:
polytomy of size 6; rounds with additions with at least 5 support: 4; clusters: 20193
Threshold 0.02:
polytomy of size 8; rounds with additions with at least 5 support: 2; clusters: 20327
Threshold 0.05:
polytomy of size 3; rounds with additions with at least 5 support: 0; clusters: 20327
polytomy of size 9; rounds with additions with at least 5 support: 0; clusters: 20341
Threshold 0.1:
polytomy of size 3; rounds with additions with at least 5 support: 0; clusters: 20341
polytomy of size 3; rounds with additions with at least 5 support: 0; clusters: 20341
polytomy of size 4; rounds with additions with at least 5 support: 0; clusters: 20341
polytomy of size 3; rounds with additions with at least 5 support: 0; clusters: 20341
polytomy of size 3; rounds with additions with at least 5 support: 0; clusters: 20341
polytomy of size 12; rounds with additions with at least 5 support: 0; clusters: 20349
polytomy of size 3; rounds with additions with at least 5 support: 0; clusters: 20349
polytomy of size 3; rounds with additions with at least 5 support: 0; clusters: 20349
Threshold 0.2:
polytomy of size 3; rounds with additions with at least 5 support: 0; clusters: 20349
polytomy of size 3; rounds with additions with at least 5 support: 0; clusters: 20349
polytomy of size 5; rounds with additions with at least 5 support: 0; clusters: 20349
polytomy of size 7; rounds with additions with at least 5 support: 0; clusters: 20349
polytomy of size 3; rounds with additions with at least 5 support: 0; clusters: 20349
polytomy of size 4; rounds with additions with at least 5 support: 0; clusters: 20349
polytomy of size 3; rounds with additions with at least 5 support: 0; clusters: 20349
polytomy of size 4; rounds with additions with at least 5 support: 0; clusters: 20349
polytomy of size 5; rounds with additions with at least 5 support: 0; clusters: 20349
polytomy of size 4; rounds with additions with at least 5 support: 0; clusters: 20349
polytomy of size 14; rounds with additions with at least 5 support: 0; clusters: 20353
polytomy of size 4; rounds with additions with at least 5 support: 0; clusters: 20353
polytomy of size 3; rounds with additions with at least 5 support: 0; clusters: 20353
polytomy of size 3; rounds with additions with at least 5 support: 0; clusters: 20353
polytomy of size 3; rounds with additions with at least 5 support: 0; clusters: 20353
polytomy of size 4; rounds with additions with at least 5 support: 0; clusters: 20353
Threshold 0.3333333333333333:
polytomy of size 3; rounds with additions with at least 5 support: 0; clusters: 20353
polytomy of size 10; rounds with additions with at least 5 support: 0; clusters: 20353
polytomy of size 6; rounds with additions with at least 5 support: 0; clusters: 20353
polytomy of size 14; rounds with additions with at least 5 support: 0; clusters: 20353
polytomy of size 4; rounds with additions with at least 5 support: 0; clusters: 20353
polytomy of size 4; rounds with additions with at least 5 support: 0; clusters: 20353
polytomy of size 3; rounds with additions with at least 5 support: 0; clusters: 20353
polytomy of size 3; rounds with additions with at least 5 support: 0; clusters: 20353
polytomy of size 3; rounds with additions with at least 5 support: 0; clusters: 20353
polytomy of size 3; rounds with additions with at least 5 support: 0; clusters: 20353
polytomy of size 4; rounds with additions with at least 5 support: 0; clusters: 20353
polytomy of size 6; rounds with additions with at least 5 support: 0; clusters: 20353
polytomy of size 4; rounds with additions with at least 5 support: 0; clusters: 20353
polytomy of size 3; rounds with additions with at least 5 support: 0; clusters: 20353
polytomy of size 3; rounds with additions with at least 5 support: 0; clusters: 20353
polytomy of size 4; rounds with additions with at least 5 support: 0; clusters: 20353
polytomy of size 3; rounds with additions with at least 5 support: 0; clusters: 20353
polytomy of size 3; rounds with additions with at least 5 support: 0; clusters: 20353
polytomy of size 4; rounds with additions with at least 5 support: 0; clusters: 20353
polytomy of size 7; rounds with additions with at least 5 support: 0; clusters: 20353
polytomy of size 3; rounds with additions with at least 5 support: 0; clusters: 20353
polytomy of size 19; rounds with additions with at least 5 support: 0; clusters: 20353
polytomy of size 4; rounds with additions with at least 5 support: 0; clusters: 20353
polytomy of size 8; rounds with additions with at least 5 support: 0; clusters: 20353
max k is :8
Number of Clusters after addition by greedy: 20353
gradient0 in heuristiic: 20353
partitions formed in 7.349 secs
Dynamic Programming starting after 7.349 secs
Using tree-based weight calculation.
Using polytree-based weight calculation.
Polytree max score: 12886997729
Polytree building time: 0.148 seconds.
Number of quartet trees in the gene trees: 12886997729
Size of largest cluster: 216
Greedy score: 12045870509
estimationFactor: 1.0698270182608685
Sub-optimal score: 12162182885
Total Number of elements weighted: 65389
Normalized score (portion of input quartet trees satisfied before correcting for multiple individuals): 0.9505891990213449
Optimization score: 12250240849
Optimal tree inferred in 82.903 secs.
(GAP_80390,(GAP_80389,(((P_011679,P_008646),(P_008640,P_006412)),(P_016813,((P_011681,(P_011673,((P_011537,(P_011739,P_011677)),(P_011759,((P_011675,P_011735),(P_011715,(P_011745,P_011611))))))),(P_006413,(((KAYP,(BCGB,ABSS)),(WIGA,(Dhai,(Apet,Msal)))),((P_011579,(P_011671,P_008632)),(P_008631,(P_018635,(VYLQ,((P_011531,(P_006411,Schi)),(((KRJP,(P_011549,GAP_80395)),((P_011643,(P_011657,(P_011509,P_011651))),((GAP_80393,GAP_80394),(P_011631,((P_011637,(P_007843,(P_007783,P_006414))),(P_011647,(P_011465,(P_011501,(P_011523,(P_011487,P_011489)))))))))),((MAQO,(WAIL,(P_011527,(P_014077,(GAP_80298,(P_014083,GAP_80297)))))),(((GAP_79862,P_011587),(P_014081,(P_008647,P0104A))),(P2619,(WPHN,(((P0203H,((P_016909,WZFE),(P_018831,OSHQ))),(((SJEV,(P_019193,(Wsal,P_019187))),(P_016921,(GAP_81227,(WKSU,(Pcol,(P_006410,GAP_81226)))))),((P_019189,((QDVW,Asie),(P_019197,PAWA))),((GAP_80417,(GAP_79804,P2590)),((CSSK,P_019185),(OPDF,P2589)))))),((P_018691,((P_018639,(P_018695,(P_018783,P_018645))),((P_016797,(OBPL,(GAP_80397,P_016799))),((P_016793,(P_006422,P_016795)),(P_018693,((S03,P_014099),(P_016791,((S02,P_016787),(S27,P_016789))))))))),((P2622,(P0110C,(XQWC,(P0207A,((P0207C,P0110B),(P0207B,(P0206G,P0206H))))))),((DHPO,GAP_80322),((P_012795,P_012941),((P_012861,((P_012855,(P_007802,P_012827)),((P_012919,P_012921),(P_018637,P_012813)))),(((P_012797,(P_012841,((P_012913,P_012877),(P_012811,(P_012895,P_012891))))),((((P_012925,P_012883),(P_012857,(P_012815,P_012903))),(P_012875,((P_012831,P_012905),(P_012901,(P_012851,P_012887))))),(P_018689,((P_012859,(GAP_80294,P_012885)),((P_012881,P_012873),((P_012897,((P_012893,GAP_80293),(P_012911,(P_012821,P_012917)))),((GAP_80291,P_012907),(P_012889,((P_012863,P_006418),(P_012793,(P_006419,GAP_80292))))))))))),((P_012867,((P_012817,P_012899),(P_012847,P_012923))),(P_012843,(((P_012937,(P_012939,P_006421)),(P_012803,(P_012853,(P_012829,P_012837)))),(((P_012801,(P_012809,P_012879)),(P_012839,(P_012805,(P_012825,(YZRI,P_012799))))),(P_012909,(((P_012865,(P_012931,(P_012935,P_012933))),((P_012807,P_012845),(P_012849,P_012871))),((GAP_81172,P_012833),((P_012927,(PSJT,GAP_80295)),((P_012915,P_012791),(P_012869,(P_012823,(P_012835,P_012819))))))))))))))))))))))))))))))))))));
Final quartet score is: 12250240849
Final normalized quartet score is: 0.9505891990213449
Extended species tree:
(VYLQ,(((P_011531,(P_006411,Schi)1:1.491280203834991)1:2.080602625850655,(((KRJP,(P_011549,GAP_80395)1:1.542149032885593)1:0.7328735989178294,((P_011643,(P_011657,(P_011509,P_011651)1:0.8241067785015166)0.56:0.040986619968983506)1:1.270612271623837,((GAP_80393,GAP_80394)1:0.8271404051402779,(P_011631,((P_011637,(P_007843,(P_007783,P_006414)0.53:0.030751171190977367)1:0.5038851840605121)1:0.38546654350504433,(P_011647,(P_011465,(P_011501,(P_011523,(P_011487,P_011489)0.61:0.04660668786652886)0.91:0.10029360798517249)1:0.8267175985229166)1:1.3281868306424918)1:0.224629796256403)0.72:0.10418038067163117)1:0.5567654381561609)0.92:0.11103374733662007)1:2.3143654421413213)1:1.4913209575210107,((MAQO,(WAIL,(P_011527,(P_014077,(GAP_80298,(P_014083,GAP_80297)1:2.160308877067441)0.62:0.06317707479077407)0.96:0.1811203835154479)1:0.40951107952634097)1:0.7705327280270223)1:1.530026932149036,(((GAP_79862,P_011587)1:1.0670743121201067,(P_014081,(P_008647,P0104A)1:2.412933150162912)1:1.6523703369392198)1:0.9851150141690094,(P2619,(WPHN,(((P0203H,((P_016909,WZFE)1:1.8256454715264234,(P_018831,OSHQ)1:1.646770672647778)1:1.5250215347701017)1:1.8408254280331342,(((SJEV,(P_019193,(Wsal,P_019187)1:0.6352922354645849)1:0.9388294755863226)1:2.1264703579451805,(P_016921,(GAP_81227,(WKSU,(Pcol,(P_006410,GAP_81226)1:1.1136935026344699)1:0.6731751804187331)1:0.217961040914351)1:0.44097995458210737)1:2.606244680196307)1:2.174537740360853,((P_019189,((QDVW,Asie)1:3.5263605246161593,(P_019197,PAWA)1:0.6274316049347928)0.75:0.10267832835146397)0.99:0.17950628591749956,((GAP_80417,(GAP_79804,P2590)1:1.9549059178736872)1:1.7463605463339378,((CSSK,P_019185)0.4:0.040984466185735875,(OPDF,P2589)1:0.7905483724470395)1:1.460278202827666)1:1.781790899518496)1:1.7728387103051921)1:0.22560459342019562)1:0.8876527227512078,((P_018691,((P_018639,(P_018695,(P_018783,P_018645)0.99:0.15670930207928596)1:0.36205325411753014)1:0.352545017181268,((P_016797,(OBPL,(GAP_80397,P_016799)1:0.27002438273797613)1:0.7251799069305201)1:1.0317597525492619,((P_016793,(P_006422,P_016795)1:0.5807498265918657)1:0.5616288960875361,(P_018693,((S03,P_014099)1:2.1601595962180653,(P_016791,((S02,P_016787)1:2.6301208569225607,(S27,P_016789)1:1.69516118288403)0.53:0.03155560177763813)0.69:0.058103217176241166)1:0.7169216955845582)1:0.22687713868126141)0.85:0.09014110452789328)1:0.20803326390158491)0.61:0.058316724164002805)1:3.826789234294842,((P2622,(P0110C,(XQWC,(P0207A,((P0207C,P0110B)0.4:0.010772003984401958,(P0207B,(P0206G,P0206H)1:0.2924662217702341)1:0.2430776610714258)0.78:0.07226049775556678)1:0.2760222082507248)1:0.7167165217412412)1:2.026265950464702)1:0.8061871567874652,((DHPO,GAP_80322)1:2.784225017542794,((P_012795,P_012941)1:3.7344296108631503,((P_012861,((P_012855,(P_007802,P_012827)1:1.837308673138166)1:1.1047962529056072,((P_012919,P_012921)1:2.7503042749638476,(P_018637,P_012813)1:0.6138886132543497)1:2.393702787789339)1:2.957082681556765)1:0.1921140905755734,(((P_012797,(P_012841,((P_012913,P_012877)1:1.855221725698412,(P_012811,(P_012895,P_012891)1:0.30741512649796815)1:1.9682265121464997)1:1.8694670421298913)1:0.35723623402966964)0.79:0.07234148504017919,((((P_012925,P_012883)1:3.268502303779095,(P_012857,(P_012815,P_012903)1:1.4197909121582037)0.58:0.041047239562992215)0.73:0.06920576104677183,(P_012875,((P_012831,P_012905)1:0.4157672331841721,(P_012901,(P_012851,P_012887)1:3.0680504350547704)0.52:0.029714977069371203)1:0.31447174001613787)1:0.9254740178609617)1:0.7286873719931936,(P_018689,((P_012859,(GAP_80294,P_012885)0.67:0.099393012974704)0.43:0.01822108877005759,((P_012881,P_012873)1:1.2719327336596467,((P_012897,((P_012893,GAP_80293)1:2.6852460454631855,(P_012911,(P_012821,P_012917)1:1.8311028315982745)1:1.3350648620979306)0.45:0.04527337138642765)0.39:0.015827472173411357,((GAP_80291,P_012907)0.99:0.18471241517689985,(P_012889,((P_012863,P_006418)0.72:0.07586074668718473,(P_012793,(P_006419,GAP_80292)1:3.455297276819107)1:0.22108164864936133)0.58:0.04677609653216986)0.57:0.044830959966231175)0.47:0.026323881655979615)0.78:0.08592832126440766)0.62:0.0572016842710066)1:2.101847645412279)1:1.3440415953723286)1:3.049221537276632)1:2.993501988752773,((P_012867,((P_012817,P_012899)1:2.28555881405791,(P_012847,P_012923)1:3.126481391378424)1:0.9588208668874678)1:4.111951749198989,(P_012843,(((P_012937,(P_012939,P_006421)1:1.5941250951456816)1:4.541737256626525,(P_012803,(P_012853,(P_012829,P_012837)1:1.2314218211867534)0.63:0.04607422105181598)1:0.2735676603452971)1:0.184792422103034,(((P_012801,(P_012809,P_012879)1:3.7534179752515073)1:0.6499424871291692,(P_012839,(P_012805,(P_012825,(YZRI,P_012799)1:1.2411628826156473)1:0.2283688750799303)0.92:0.11587876309204376)1:0.8383696494916265)1:1.421601081386138,(P_012909,(((P_012865,(P_012931,(P_012935,P_012933)1:2.4436636912539518)1:2.254309766663124)1:0.3154620714976825,((P_012807,P_012845)1:0.45693713113914036,(P_012849,P_012871)1:1.7730586694729216)1:0.6150777435119805)1:3.1199553219512235,((GAP_81172,P_012833)1:2.993493950705805,((P_012927,(PSJT,GAP_80295)1:0.28234120714945193)1:2.2709504824694484,((P_012915,P_012791)0.99:0.16301291941509488,(P_012869,(P_012823,(P_012835,P_012819)0.44:0.021890587399971052)1:0.9182305966919817)1:2.994731660168647)1:1.8011449027797954)0.81:0.11594379703767708)1:2.7589568115615712)0.41:0.0154541094599734)1:2.3369434562208946)1:2.745083392688815)0.99:0.15500721651851485)1:1.6406454524005258)1:1.8304800036950568)1:0.38248702123367745)1:1.7819642123559567)1:4.087215528239628)1:0.4295589762080535)1:0.8438588362886609)1:2.578953351491965)1:2.2931127482382236)1:0.26694387777201756)1:0.2871316115752675)1:0.34681859590732145)1:0.36589125791118354)1:1.0533149078329054)1:0.33591113830672764,(P_018635,(P_008631,((P_011579,(P_011671,P_008632)0.99:0.22543584485336013)1:1.1871509135000937,(((KAYP,(BCGB,ABSS)1:0.62999076088755)0.71:0.08158150783213705,(WIGA,(Dhai,(Apet,Msal)0.52:0.05924282343162514)1:0.24311329539515003)1:0.5173665500123156)1:0.45788442401961343,(P_006413,((P_011681,(P_011673,((P_011537,(P_011739,P_011677)1:1.0208729388724784)0.84:0.1060979234067357,(P_011759,((P_011675,P_011735)1:1.3160109574665164,(P_011715,(P_011745,P_011611)1:0.5470450377053001)1:0.2932552816471575)1:0.36480387346381526)0.98:0.16689846969969277)0.86:0.11248123346881644)0.51:0.03799921735518021)1:0.4763414903436309,(P_016813,(((P_011679,P_008646)0.95:0.21051306185891205,(P_008640,P_006412)1:1.0551705152408761)0.97:0.15043647496186155,(GAP_80389,GAP_80390)1:1.9390288398733904)0.8:0.08374475536357541)1:0.5835873847631975)0.91:0.12404276785926946)0.98:0.16963295413389362)1:0.733207246660606)1:2.382201453073525)0.87:0.20783225557566798)1:0.5276744972533404));
Weight calculation took 72.99511349 secs
ASTRAL finished in 85.032 secs
