
================== ASTRAL ===================== 

This is ASTRAL version 5.7.7
Gene trees are treated as unrooted
183 trees read from all_bs10.trees
index185
All output trees will be *arbitrarily* rooted at P0109B

======== Running the main analysis
Number of taxa: 219 (219 species)
Taxa: [P_008646, P_011611, P_011675, P_011735, GAP_80389, GAP_80390, P_016813, Apet, P_011759, Msal, P_008632, P2619, P_011527, GAP_80297, P_019189, Sdec, P_011609, GAP_80298, P_011643, P_011465, P_011487, P_011489, P_011523, P_011501, P_011509, P_011651, GAP_80394, P_007844, P_011637, P_007783, P_006414, P_007843, P_011647, GAP_80393, GAP_80395, P_011549, P_011699, P_011531, P_014077, P_014083, P_008631, P_025523, P_014081, P_008647, P0104A, GAP_79862, P_011587, P_011681, P_011579, P_011739, P_011607, P_011551, P_018635, P_011673, P_008640, P_011701, P_011745, P_011715, P_011537, P_011671, Schi, P_006411, GAP_80322, P_012795, P_012941, P_012831, P_012937, P_006421, P_012939, P_012853, P_012871, P_012867, P_012817, P_012899, P_012847, P_012797, P_012913, P_012877, P_012841, P_012811, P_012895, P_018689, P_012885, P_012859, P_012793, P_012863, P_012821, P_012917, P_012889, P_006418, GAP_80292, P_006419, P_012893, GAP_80293, P_012911, GAP_80294, P_012873, P_012881, P_012907, GAP_80291, P_006420, P_012897, P_012815, P_012891, P_007802, P_012827, P_012855, P_018637, P_012813, P_012919, P_012921, P_012803, P_012825, P_012805, P_012799, P_012809, P_012879, P_012839, P_012801, GAP_81172, P_012833, P_012927, GAP_80295, P_012835, P_012819, P_012823, P_012869, P_012791, P_012915, P_012933, P_012935, P_012931, P_012849, P_012807, P_012845, P_012865, P_012909, P_012837, P_012829, P_012923, P_012843, P_012857, P_012887, P_012851, P_012905, P_012875, P_012901, P_012903, P_012925, P_012883, P_012861, P2622, P2623, P_018779, P0110B, P0207C, P0207B, P0206H, P0206G, P0207A, P0110C, P_018645, P_018695, P_014099, S03, P_016791, P_018691, P_018693, P_016787, S02, S04, P_007845, S27, P_016789, P_016793, P_016799, P_018783, GAP_80397, P_016797, P_016795, P_006422, P_018639, P_016909, P0203H, P_011613, P0109B, P_018831, Asie, P_019197, P_019185, P2589, GAP_79804, P2590, GAP_80417, P_016921, GAP_81227, GAP_81226, P_006410, Pcol, Wsal, P_019187, P_019193, Dhai, P_011713, P_011705, P_006413, P_006412, S38, P_014095, S08, P_019191, P_025525, P_011631, P_011719, P_014073, P_025527, P_011709, P_019199, P_011589]
Taxon occupancy: {P_019193=164, P_019191=87, P_019197=172, GAP_81172=182, P_018783=180, P_019199=80, Wsal=163, P_016921=180, P_025523=41, P_025525=63, P_025527=29, P_014073=43, P0203H=132, P_014077=120, P_011487=180, P_011489=181, P_016813=181, P_006421=182, P_006422=179, P_006420=155, P_006418=182, P_006419=183, P_006414=180, P_014081=143, P_014083=146, P_018689=183, P0206H=176, P0206G=167, Msal=181, P0109B=100, P_012901=181, P_006410=177, P_006411=178, P_012903=181, P_006412=179, P_006413=180, P_012905=182, GAP_79862=176, P_012907=183, P_012909=181, P_018691=167, GAP_80291=183, P_018695=178, P_014095=95, GAP_80293=182, GAP_80292=183, P_018693=179, GAP_80295=180, GAP_80294=182, P_014099=177, GAP_80297=180, GAP_80298=178, P_011701=48, P_012911=182, P_012913=182, P_012915=178, P_011705=131, P_012917=180, P_012919=181, P_011709=40, P_011671=165, P_012881=183, P_011551=138, P_011673=157, P_012883=183, P_011675=172, GAP_80322=181, P_012885=182, P2590=160, P_012887=183, P_012889=183, P_008647=172, P2589=161, P_011681=146, P_012891=182, P_012893=182, P_018637=182, P_012895=183, P_018635=171, P_012897=182, P0207C=179, P_012899=181, P0207B=178, P0207A=180, P_018639=175, P_008646=180, P_008640=180, P_018645=177, P_011699=114, P_011579=158, P_008632=180, P_007783=175, P_008631=179, P_016909=180, P_019187=177, P_019185=172, Sdec=52, P_019189=177, P_012791=181, P_012793=181, P_012795=181, Asie=164, P_011465=181, P_018779=161, P_011587=152, P_012797=182, P_012799=182, P_011589=12, GAP_80417=113, P_007802=162, GAP_79804=147, P_012841=181, P_011631=158, P_012843=181, Pcol=158, P_012845=180, P_011637=180, P_012847=178, P_011759=174, P_012849=181, Apet=177, P0110C=172, P0110B=139, P_018831=178, P_012851=182, P_011643=183, P_012853=179, P_011523=181, P_012855=181, P_011647=172, P_012857=180, P_011527=166, P_012859=182, P_016789=175, P_011651=168, P_012861=182, P_011531=160, P_016787=178, P_012863=182, P_012865=181, Schi=155, P_012867=181, P_011537=148, P_012869=182, P_016793=175, P_016791=179, P_016797=181, P_016795=178, P_012871=178, P_012873=181, P_016799=179, P_012875=182, P_012877=180, P_012879=183, P_011549=175, P_007844=140, P_007845=47, S02=150, P_012921=177, S04=65, P_012801=181, S03=173, P_012923=182, P_011713=141, P_012803=180, P_011715=161, P_012925=181, S08=131, P_007843=169, P_012805=181, P_012927=182, P_012807=178, P_011719=36, P_012809=181, GAP_80390=181, P2622=142, P2623=71, GAP_80394=181, GAP_80393=182, GAP_80395=181, GAP_80397=180, P_012931=182, P_012811=182, P_012933=178, P_012813=181, P_012935=179, P_012815=181, P_012937=182, P_011607=32, P_012817=180, P_012939=180, P_011609=129, P_012819=178, P2619=128, GAP_80389=182, P_012941=183, P_011611=169, P_012821=181, P_012823=181, P_011613=89, P_011735=179, P_012825=183, S27=151, P_012827=172, P_011739=163, P_012829=183, Dhai=175, P0104A=162, P_012831=182, P_011501=181, P_012833=180, GAP_81226=181, P_011745=166, GAP_81227=181, P_012835=181, S38=63, P_012837=181, P_012839=179, P_011509=180}
Number of gene trees: 183
183 trees have missing taxa
Calculating quartet distance matrix (for completion of X)
Species tree distances calculated ...
Will attempt to complete bipartitions from X before adding using a distance matrix.
Building set of clusters (X) from gene trees 
------------------------------
gradient0: 33019
Number of Clusters after addition by distance: 33019
calculating extra bipartitions to be added at level 1 ...
Adding to X using resolutions of greedy consensus ...
Limit for sigma of degrees:5525
polytomy size limit : 24
discarded polytomies:  [3, 3, 3, 3, 3, 3, 3, 3, 3, 3, 3, 3, 3, 3, 3, 3, 3, 3, 3, 4, 4, 4, 4, 4, 4, 4, 4, 4, 4, 4, 4, 5, 5, 5, 5, 5, 5, 5, 6, 6, 7, 7, 8, 8, 9, 9, 10, 10, 10, 10, 10, 14, 14, 15, 17, 20, 24]
Threshold 0.0:
polytomy of size 4; rounds with additions with at least 5 support: 2; clusters: 33037
Threshold 0.01:
polytomy of size 8; rounds with additions with at least 5 support: 5; clusters: 33287
Threshold 0.02:
polytomy of size 3; rounds with additions with at least 5 support: 0; clusters: 33287
polytomy of size 8; rounds with additions with at least 5 support: 0; clusters: 33375
Threshold 0.05:
polytomy of size 3; rounds with additions with at least 5 support: 0; clusters: 33375
polytomy of size 4; rounds with additions with at least 5 support: 0; clusters: 33377
polytomy of size 10; rounds with additions with at least 5 support: 0; clusters: 33409
polytomy of size 3; rounds with additions with at least 5 support: 0; clusters: 33409
polytomy of size 3; rounds with additions with at least 5 support: 0; clusters: 33409
polytomy of size 3; rounds with additions with at least 5 support: 0; clusters: 33409
polytomy of size 5; rounds with additions with at least 5 support: 0; clusters: 33411
polytomy of size 3; rounds with additions with at least 5 support: 0; clusters: 33411
Threshold 0.1:
polytomy of size 5; rounds with additions with at least 5 support: 0; clusters: 33411
polytomy of size 3; rounds with additions with at least 5 support: 0; clusters: 33411
polytomy of size 10; rounds with additions with at least 5 support: 0; clusters: 33433
polytomy of size 14; rounds with additions with at least 5 support: 0; clusters: 33477
polytomy of size 4; rounds with additions with at least 5 support: 0; clusters: 33477
polytomy of size 4; rounds with additions with at least 5 support: 0; clusters: 33477
polytomy of size 3; rounds with additions with at least 5 support: 0; clusters: 33477
polytomy of size 3; rounds with additions with at least 5 support: 0; clusters: 33477
polytomy of size 7; rounds with additions with at least 5 support: 1; clusters: 33483
polytomy of size 3; rounds with additions with at least 5 support: 0; clusters: 33483
polytomy of size 5; rounds with additions with at least 5 support: 0; clusters: 33485
Threshold 0.2:
polytomy of size 4; rounds with additions with at least 5 support: 0; clusters: 33485
polytomy of size 7; rounds with additions with at least 5 support: 0; clusters: 33487
polytomy of size 4; rounds with additions with at least 5 support: 0; clusters: 33487
polytomy of size 10; rounds with additions with at least 5 support: 0; clusters: 33499
polytomy of size 14; rounds with additions with at least 5 support: 0; clusters: 33515
polytomy of size 9; rounds with additions with at least 5 support: 0; clusters: 33515
polytomy of size 3; rounds with additions with at least 5 support: 0; clusters: 33515
polytomy of size 3; rounds with additions with at least 5 support: 0; clusters: 33515
polytomy of size 3; rounds with additions with at least 5 support: 0; clusters: 33515
polytomy of size 6; rounds with additions with at least 5 support: 0; clusters: 33515
polytomy of size 4; rounds with additions with at least 5 support: 0; clusters: 33515
polytomy of size 5; rounds with additions with at least 5 support: 0; clusters: 33515
polytomy of size 3; rounds with additions with at least 5 support: 0; clusters: 33515
polytomy of size 3; rounds with additions with at least 5 support: 0; clusters: 33515
polytomy of size 5; rounds with additions with at least 5 support: 0; clusters: 33515
polytomy of size 17; rounds with additions with at least 5 support: 0; clusters: 33535
Threshold 0.3333333333333333:
polytomy of size 4; rounds with additions with at least 5 support: 0; clusters: 33535
polytomy of size 5; rounds with additions with at least 5 support: 0; clusters: 33535
polytomy of size 10; rounds with additions with at least 5 support: 0; clusters: 33535
polytomy of size 3; rounds with additions with at least 5 support: 0; clusters: 33535
polytomy of size 15; rounds with additions with at least 5 support: 0; clusters: 33547
polytomy of size 4; rounds with additions with at least 5 support: 0; clusters: 33547
polytomy of size 3; rounds with additions with at least 5 support: 0; clusters: 33547
polytomy of size 3; rounds with additions with at least 5 support: 0; clusters: 33547
polytomy of size 3; rounds with additions with at least 5 support: 0; clusters: 33547
polytomy of size 5; rounds with additions with at least 5 support: 0; clusters: 33547
polytomy of size 24; rounds with additions with at least 5 support: 0; clusters: 33549
polytomy of size 4; rounds with additions with at least 5 support: 0; clusters: 33549
polytomy of size 10; rounds with additions with at least 5 support: 0; clusters: 33549
polytomy of size 6; rounds with additions with at least 5 support: 0; clusters: 33549
polytomy of size 4; rounds with additions with at least 5 support: 0; clusters: 33549
polytomy of size 4; rounds with additions with at least 5 support: 0; clusters: 33549
polytomy of size 9; rounds with additions with at least 5 support: 0; clusters: 33549
polytomy of size 20; rounds with additions with at least 5 support: 0; clusters: 33567
max k is :10
Number of Clusters after addition by greedy: 33567
gradient0 in heuristiic: 33567
partitions formed in 20.745 secs
Dynamic Programming starting after 20.746 secs
Using tree-based weight calculation.
Using polytree-based weight calculation.
Polytree max score: 8861956699
Polytree building time: 0.182 seconds.
Number of quartet trees in the gene trees: 8861956699
Size of largest cluster: 219
Greedy score: 8252898256
estimationFactor: 1.0737993398327919
Sub-optimal score: 8290954133
Total Number of elements weighted: 89811
Normalized score (portion of input quartet trees satisfied before correcting for multiple individuals): 0.9474276697771981
Optimization score: 8396062985
Optimal tree inferred in 199.714 secs.
(P_012845,(P_012807,((P_012871,P_012849),((P_012865,(P_012931,(P_012933,P_012935))),(P_012909,(((GAP_81172,P_012833),((P_012927,GAP_80295),((P_012791,P_012915),(P_012869,(P_012823,(P_012835,P_012819)))))),(((P_012801,(P_012809,P_012879)),(P_012839,(P_012805,(P_012825,P_012799)))),(((P_012937,(P_006421,P_012939)),(P_012803,(P_012853,(P_012837,P_012829)))),(P_012843,((P_012867,((P_012817,P_012899),(P_012847,P_012923))),(((P_012797,(P_012841,((P_012913,P_012877),(P_012811,(P_012895,P_012891))))),(((P_012925,P_012883),((P_012815,P_012903),(P_012857,(P_012875,((P_012831,P_012905),(P_012901,(P_012887,P_012851))))))),(P_018689,(P_012885,((P_012859,(GAP_80294,P_006420)),((P_012873,P_012881),(P_012897,((P_012907,GAP_80291),((P_012893,GAP_80293),((P_012863,(P_012911,(P_012821,P_012917))),(P_006418,(P_012889,(P_012793,(GAP_80292,P_006419)))))))))))))),((P_012861,((P_012855,(P_007802,P_012827)),((P_012919,P_012921),(P_018637,P_012813)))),((P_012795,P_012941),(GAP_80322,(((P2622,P2623),(P0110C,(P0110B,(P0207A,(P0207C,(P0207B,(P0206H,P0206G))))))),((((P_018779,P_018639),(P_018695,(P_018645,P_018783))),((P_016793,(P_016795,P_006422)),((P_016797,(P_007845,(P_016799,GAP_80397))),((P_018691,P_018693),((P_014095,S08),((S04,(P_016789,(S27,S38))),(P_016791,((P_016787,S02),(P_014099,S03))))))))),(((P0203H,(P_016909,(P0109B,P_018831))),(((P_019193,(Wsal,P_019187)),(P_016921,(GAP_81227,(Pcol,(GAP_81226,P_006410))))),((P_025527,(P_025523,P_025525)),((Asie,(P_019189,P_019197)),((P_019185,P2589),((P_019191,P_019199),(GAP_80417,(GAP_79804,P2590)))))))),(P_011613,(((P_011609,(P2619,Sdec)),(P_011527,(GAP_80298,(P_014077,(GAP_80297,P_014083))))),((((GAP_79862,P_011587),(P_014081,(P_008647,P0104A))),((GAP_80395,P_011549),(((GAP_80394,GAP_80393),(P_011643,(P_011509,P_011651))),((P_011647,(P_011465,(P_011523,(P_011501,(P_011487,P_011489))))),((P_007783,(P_006414,P_007843)),((P_007844,P_011637),(P_011551,P_011631))))))),((P_011589,(P_011531,(P_011699,(Schi,P_006411)))),((P_008631,P_018635),((P_008632,(P_011579,P_011671)),(P_011709,((P_011719,((P_011713,P_011705),(P_006413,(Dhai,(Apet,Msal))))),((P_016813,((GAP_80389,GAP_80390),(P_008646,(P_008640,P_006412)))),(P_011607,(P_014073,(P_011701,((P_011537,(P_011739,P_011673)),(P_011759,((P_011675,P_011735),(P_011715,(P_011681,(P_011611,P_011745)))))))))))))))))))))))))))))))))));
Final quartet score is: 8396062985
Final normalized quartet score is: 0.9474276697771981
You may want to ignore posterior probabilities and other statistics related to the following branch branch because the effective number of genes impacting it is only 17:
	{P_025523, P_025525}
You may want to ignore posterior probabilities and other statistics related to the following branch branch because the effective number of genes impacting it is only 11:
	{P_011699, P_011531, Schi, P_006411}
You may want to ignore posterior probabilities and other statistics related to the following branch branch because the effective number of genes impacting it is only 12:
	{P_011699, P_011531, Schi, P_006411, P_011589}
You may want to ignore posterior probabilities and other statistics related to the following branch branch because the effective number of genes impacting it is only 16:
	{P_011611, P_011675, P_011735, P_011759, P_011681, P_011739, P_011673, P_011701, P_011745, P_011715, P_011537}
You may want to ignore posterior probabilities and other statistics related to the following branch branch because the effective number of genes impacting it is only 11:
	{P_011611, P_011675, P_011735, P_011759, P_011681, P_011739, P_011673, P_011701, P_011745, P_011715, P_011537, P_014073}
84.99398953408854 27.995049504950494 40.06783299887565 153.05687203791467 2.091206717440967E-8
155.51309223071897 5.492859888449775 1.5084608525057963 162.51441297167455 1.6452673337921016E-62
111.05510698981159 20.000804252045597 24.94408875814281 156.0 1.2697608216907979E-22
114.49412625048191 21.50753821804501 18.505704387599703 154.50736885612662 7.694771167510138E-26
108.61380686946468 32.2172595157446 33.17616787837857 174.00723426358786 4.108971693722241E-15
161.36450650101534 3.3192077344012745 3.3431716155403532 168.02688585095697 2.812019904047571E-65
138.29806265449804 7.4363884786499135 11.288923363291612 157.02337449643957 9.765548106539958E-47
12.985365853658536 1.0242959820902557 2.004830917874396 16.014492753623188 2.583251246916835E-4
10.624479436444629 4.682424552312509 3.9865343173701744 19.293438306127314 0.1262519864574262
53.0323850872403 34.02100672869324 50.75433567024695 137.80772748618048 0.0957401278622076
67.29209027588479 35.840357046384526 41.55022197801086 144.68266930028017 0.0029640015445151456
125.55 18.633333333333333 7.066666666666666 151.25 1.7450215376655616E-37
37.98221686611007 8.308119738038487 10.506872852233677 56.797209456382234 5.356400396729836E-7
85.4538102874569 3.0051020408163267 8.01047542682881 96.46938775510203 1.3873489631267008E-29
48.007473855539416 19.212151490198575 12.512333417148605 79.7319587628866 1.542499162038678E-6
84.16306199558399 10.835758499630451 8.424690529668545 103.42351102488297 4.514541533420656E-24
147.48657381026732 4.622962092956043 7.203442147322406 159.31297805054578 2.2294383497548215E-55
26.540520613467216 12.760356847425763 25.51814535746594 64.81902281835892 0.06532629973999289
42.691533192514825 12.262735584446325 5.361012078337793 60.315280855298944 3.0054678467344453E-9
67.90605402437792 37.9676537036462 24.30792456344402 130.18163229146813 1.0546349899758671E-5
32.020102040816326 4.02 4.085408163265306 40.12551020408163 3.421116988414824E-9
67.4033376867645 7.917920077091072 9.082863304011235 84.40412106786681 1.388166916499731E-18
70.05485526102399 18.02900102095051 13.638537090408807 101.72239337238331 2.435173132159527E-13
43.97610476724681 33.616082267245496 36.44293067133166 114.03511770582395 0.4702645297235809
60.800860437999276 46.90973468569639 47.58164848293827 155.29224360663395 0.3056282781548643
112.55363729237224 11.476872893233555 7.36145912099331 131.39196930659912 6.310929850168156E-36
55.23787816273287 26.978561937160247 15.72533811795088 97.941778217844 3.0707575722064E-6
111.3669816162228 6.339366553544255 17.718179510199626 135.42452767996667 1.102870190174256E-32
121.0 2.0 6.0 129.0 7.479732618358677E-47
114.2382205121212 15.587504954631006 3.453882246363626 133.27960771311584 8.091540905009463E-37
116.33503380155693 9.116019234310164 14.129111551810395 139.58016458767747 6.689753670911318E-35
142.89393074724268 8.857013868145977 8.890153683094212 160.64109829848286 2.7609987057398616E-49
88.72523212555838 29.406676924166348 24.700092638377537 142.83200168810225 2.4256496359715924E-12
79.02962508321842 30.029416110022733 35.887886912728334 144.9469281059695 3.658214913756414E-7
105.15926498786372 23.37708378391861 24.39368115306026 152.93002992484261 1.7357838220417002E-19
51.67415692818005 42.756757992737604 40.02656893931045 134.45748386022808 0.4369569496436321
49.963573061842474 47.174529351153176 46.9750383097543 144.11314072274996 0.9435426415235427
51.00572978195009 46.43189989238245 49.58814727703419 147.0257769513667 0.8941732312585855
90.50586848315317 28.79684528447465 27.47599147410418 146.77870524173198 3.0647823049746314E-12
110.42674858177222 12.701632130685361 13.056357417606828 136.1847381300644 4.513049643030488E-31
42.66598951449299 41.57123460402005 39.77351953600552 124.01074365451856 0.9497134929040096
50.38007239910027 41.26262952499116 44.80802570012816 136.45072762421958 0.6284893748652688
83.35455041226405 25.181941503178383 29.167092296979913 137.70358421242233 1.0193193136233234E-10
55.83137175760398 26.71411835979219 27.81626833316457 110.36175845056074 6.09811166971648E-4
36.26294527387263 31.57638180623871 33.674508431455465 101.51383551156681 0.8497062420296699
46.949343790954835 33.40689372772632 45.157211394813814 125.51344891349497 0.2743348475254555
54.8259736864427 37.650735156925776 35.90144408678205 128.37815293015052 0.077639509237028
84.1842521453791 23.256753660761 24.458618378232952 131.89962418437307 1.0319115835460653E-12
130.73901090331685 6.7570089325221 8.232471119967371 145.7284909558063 5.358073381609536E-46
112.08307644638109 7.707766739438187 8.595016960545282 128.38586014636456 2.8738559702049067E-37
31.957295690619183 27.30518011785023 28.737420881938316 87.99989669040774 0.8240458323309339
59.01855500398716 14.057141156875657 21.041514538574877 94.11721069943769 7.866973754891282E-9
56.04213138996533 18.178257004598812 22.546217864920866 96.766606259485 1.6681324206106845E-6
4.647935121142256 2.2821785382032926 1.2880661417829944 8.218179801128542 0.33707362782139794
Not enough genes
Cannot perform polytomy test with effective N (after polytomies) 8.218179801128542:
	(P_011531,(P_011699,(Schi,P_006411):0.5633891935344189):0.44603007737911704):0.2961457474867656;
4.452844374402784 2.522205742918543 1.5757700029723425 8.55082012029367 0.47031510003413934
Not enough genes
Cannot perform polytomy test with effective N (after polytomies) 8.55082012029367:
	(P_011589,(P_011531,(P_011699,(Schi,P_006411):0.5633891935344189):0.44603007737911704):0.2961457474867656):0.2223183707986209;
44.664774440707724 36.566863889134886 41.50794615040074 122.73958448024335 0.6655194887203945
47.19284139403358 42.1698245918803 40.10488506326045 129.46755104917432 0.7349670136363758
125.4437569193564 9.738489321934235 12.64904631247429 147.83129255376494 4.309569548210368E-39
37.153673646592374 25.28955044390304 17.835190197814832 80.27841428831024 0.028804907489451154
61.4359708651256 38.90213047585457 34.00280171908461 134.34090306006476 0.008394214188300865
71.1859903721652 28.8577786143091 34.355311315360005 134.3990803018343 7.323054332677045E-6
49.75935667344238 37.81933389668849 25.65941538382152 113.2381059539524 0.021345467357983407
9.67226822682071 7.031941304482146 4.542621645989854 21.246831177292712 0.39490477755214004
6.776912540311278 5.535278994153913 8.249893655811569 20.56208519027676 0.7638077840590036
110.2401541821652 15.359197432631166 14.664178008442892 140.26352962323926 8.325844771722882E-29
102.02684463173165 21.06917443518885 18.895752571426424 141.9917716383469 2.5173466400718235E-21
47.77558732447267 30.80814701142956 40.868903155712445 119.45263749161467 0.1606699463997174
44.804676523713525 35.74338000412078 33.72266795295644 114.27072448079075 0.40071670531767956
63.13677639861213 16.740861145388827 20.555672219798616 100.43330976379957 2.478634344353717E-9
27.352076500843808 26.23568417241122 24.120017769190852 77.70777844244589 0.9011942053785467
39.69401944144672 26.96163175948009 28.308812490573963 94.96446369150078 0.21318686424911568
107.61695033775318 20.280867292365883 14.243306062501558 142.14112369262062 9.383835252417051E-26
44.02977503509913 22.023591808103752 39.001426276263985 105.05479311946686 0.022436152923105773
44.61708937881777 34.370537393662346 20.36986628223377 99.35749305471388 0.01140806905957902
52.419304827787954 32.600792401356415 25.72416199369523 110.7442592228396 0.005492908134671421
48.97058995015229 31.142981980488642 37.602559861041364 117.7161317916823 0.1254178916725948
46.48818361046694 30.80823648727857 33.833276339347144 111.12969643709266 0.15444768522361502
11.301562902600642 5.710929326521527 9.989412815443176 27.001905044565348 0.38689342575243824
3.591645145452123 3.4898551106823086 1.7365276962221972 8.818027952356628 0.6907093314440385
Not enough genes
Cannot perform polytomy test with effective N (after polytomies) 8.818027952356628:
	(P_011701,((P_011537,(P_011739,P_011673):0.021500908114645848):0.12834341656402898,(P_011759,((P_011675,P_011735):0.9881525101552731,(P_011715,(P_011681,(P_011611,P_011745):0.13095294752651504):0.1825683694016358):0.2277177188674094):0.12641658575457101):0.12998278383564693):0.11137823030287308):0.049959619238455245;
4.353742354329881 2.7565710107253376 1.4610445297211936 8.571357894776414 0.4795851906724198
Not enough genes
Cannot perform polytomy test with effective N (after polytomies) 8.571357894776414:
	(P_014073,(P_011701,((P_011537,(P_011739,P_011673):0.021500908114645848):0.12834341656402898,(P_011759,((P_011675,P_011735):0.9881525101552731,(P_011715,(P_011681,(P_011611,P_011745):0.13095294752651504):0.1825683694016358):0.2277177188674094):0.12641658575457101):0.12998278383564693):0.11137823030287308):0.049959619238455245):0.20126947355745947;
9.65514631570745 8.34012185909683 2.8384620953366975 20.83373027014098 0.15211511355685192
41.772827553905294 22.25928155324135 25.90526957058688 89.93737867773353 0.027582880646850393
16.153238291072675 3.2718374872708553 3.3386263731619548 22.763702151505484 7.089969547277695E-4
12.776848686059727 9.214509362778971 6.347443637965443 28.338801686804143 0.33344588920936175
116.45190621753096 9.107733292390423 7.3026171145660355 132.86225662448743 4.9070649101738385E-39
101.89122224286447 11.443246027288238 13.564160716234584 126.8986289863873 4.397959451060237E-28
95.6581679633766 6.806544687533876 4.54765830333461 107.01237095424509 1.335368107196143E-33
57.611665032438154 12.215693842695316 17.52909361568722 87.35645249082069 6.509172052422681E-10
29.36633657036742 16.352193076474226 8.401151380125636 54.119681026967285 0.002009988536413893
41.46296405052458 8.461485664467947 6.967805744682168 56.8922554596747 1.9629548249427947E-9
80.40321348875352 43.4900080590985 20.941248734670555 144.83447028252257 7.830056912659302E-9
62.6580163418935 39.04314377210562 44.88031707033706 146.58147718433617 0.045206795904972195
76.59972912864959 39.582786510172184 31.927019043107677 148.10953468192946 9.532970637905603E-6
71.02421510698964 41.70628896674705 22.887417223874603 135.6179212976113 2.2208765441364026E-6
66.69174811365374 32.663302391383034 38.58163468268497 137.93668518772176 7.551539547349869E-4
72.16644009739855 21.251883146831574 32.16902892497659 125.58735216920671 3.512250179637695E-8
26.030900289750456 8.003254285799201 6.929885026109657 40.964039601659316 2.1730921496881844E-4
23.25464473940437 17.578362732450294 3.484879904886953 44.317887376741616 8.992176222598526E-4
116.54098504496754 18.173018404230564 14.566031351100976 149.2800348002991 6.0139377724652045E-30
38.479250697557106 35.67016087460414 31.398908131205154 105.54831970336642 0.6967810904220672
53.631611442854165 10.701718371219007 8.766828058526233 73.1001578725994 3.4275375857469486E-12
21.06713009105138 8.062686486493426 15.212719589251803 44.342536166796606 0.056707563572689024
29.53046579174027 9.776400033534847 12.322353013776153 51.62921883905127 0.0012191360734685951
28.39272349021485 12.457403401249573 7.729132488699343 48.57925938016376 7.184400938133377E-4
115.220252970397 9.317288703306996 12.53781790640329 137.0753595801073 3.265642420759152E-35
131.05643009385426 8.560891592785438 11.878509982379114 151.4958316690188 1.312317346833089E-42
42.568429211960414 40.191288084840885 30.717174311242935 113.47689160804424 0.35371963044216753
44.463066518794776 39.89552380827312 34.5567021595941 118.915292486662 0.5378391457164262
42.49286261109625 29.730354670482484 24.538058475004622 96.76127575658336 0.07087727415813315
42.9580445849911 33.87506949384567 21.69067243565126 98.52378651448802 0.031195137947675186
37.238203064208456 35.91828556021734 35.31741405861501 108.47390268304082 0.9736526080341673
38.859048682106696 27.747259040350137 40.67757839691556 107.2838861193724 0.2540901078241149
50.26604231939894 32.42082928223156 32.83328243393901 115.5201540355695 0.06758062107682875
158.34906900362589 2.6377450356554855 1.8474866143698847 162.83430065365127 1.0086103589230314E-65
29.490874596039212 13.910092105808001 17.32520965750231 60.72617635934952 0.03639013550996849
78.80937174855917 28.02913598546278 53.105299706171806 159.94380744019378 5.603035900849729E-6
68.97059942136347 50.39015757641516 42.61379704316767 161.97455404094632 0.033480720858972385
70.47917872796309 48.72815982004259 47.34512668556312 166.5524652335688 0.04818584710984602
47.82683091668481 47.415542385500494 36.235778144538 131.4781514467233 0.3727343125806388
113.6942409558289 6.823438959110993 14.495374211058317 135.0130541259982 5.118043482559728E-35
128.90928777648378 3.9240424745273885 6.536053128568996 139.36938337958017 2.078992670444233E-48
65.97822953261144 21.249781120680456 27.689027051128352 114.91703770442024 2.3495178715905007E-7
169.99696792415875 2.9575206301575396 1.35363974922302 174.30812830353932 6.410346087934739E-71
124.41357672536853 18.532881344373063 9.074662033626613 152.02112010336822 7.189206075601128E-36
106.41289531543012 26.471579607505696 27.124598818185895 160.0090737411217 6.240410409889928E-18
150.46406876163167 7.572755291126636 11.995632749026266 170.03245680178458 2.5886743678881472E-51
98.50134679319997 39.93907196518945 35.57452994388391 174.01494870227333 5.693071998502237E-10
139.91713161538917 12.403490087460058 13.94827912919887 166.2689008320481 1.0910897040434323E-42
144.36717991778931 7.081156895601448 6.683935850564071 158.13227266395484 1.2222330655010603E-52
48.94961954598926 26.240061819685895 39.1628918570253 114.35257322270046 0.03324131255020428
116.36469161073154 23.37445036414206 22.56152520850939 162.30066718338298 4.542163928409385E-24
76.24234028223597 50.825478218225854 39.95392546329134 167.02174396375318 0.0019696543877030545
119.8714410470117 16.75141545311477 27.631700105673584 164.25455660580005 3.448084546882393E-26
123.95074256315998 12.865514839979742 12.924798880144406 149.74105628328414 1.6965100362581724E-36
65.51755232374221 30.42042169815802 36.923300187210444 132.86127420911066 3.813293723745458E-4
43.1232716193731 30.578821717451277 41.170710739276515 114.87280407610089 0.3042655517862806
146.6173970628446 7.074422635059306 4.889629107415111 158.581448805319 6.68201794543428E-55
97.38569341380068 17.372028782165046 11.96721718523993 126.72493938120566 3.0000018354675413E-24
78.45827138301725 30.459595658982128 33.08315908611793 142.0010261281173 2.0794250532760754E-7
143.3731115048181 10.747956128990808 11.925166241258337 166.04623387506723 2.5090529724265623E-46
49.74142631364634 45.23600374669917 36.402913400375645 131.38034346072115 0.34948587328757497
66.74565619283476 28.121125374818526 30.017947404775306 124.88472897242858 1.133053470339578E-5
67.56754089168005 22.75578443320814 22.49647295846623 112.81979828335443 1.6786054806515394E-8
36.79402158509846 31.330286081455775 35.34768993675898 103.47199760331323 0.792667195377356
34.2611553637776 31.121199088217857 33.70350276080494 99.08585721280039 0.9185401019686934
50.777783377740846 16.74143040059813 22.956359114855232 90.47557289319421 1.8584866895064244E-5
109.54693212676656 9.187939248352489 13.674427792423558 132.4092991675426 2.3740575418768272E-32
35.19772674358664 22.958205752389038 26.554638710264236 84.7105712062399 0.24622815416650262
85.59817595164533 12.20757270226534 12.22307373291404 110.02882238682471 5.555326818873105E-22
36.69043002237998 25.27198681979973 18.49774755265546 80.46016439483518 0.042760135252813386
123.3965284487399 6.614793479829066 10.667645437301323 140.6789673658703 2.0333379070209806E-41
129.3565089367595 9.242400508490848 13.965228682611375 152.56413812786172 3.0324567949887317E-40
67.12105610254433 19.994206097933827 21.623224062396417 108.73848626287457 2.665182506613482E-9
30.466945248362872 17.52469138068945 28.710066232396006 76.70170286144833 0.1454962471849582
151.01631868928817 7.995229572837372 5.042329890384527 164.05387815251007 5.116412292891953E-56
36.17264083608366 21.79652360722909 23.54186662892629 81.51103107223904 0.10382337578310667
27.46423546117716 26.871499853526206 24.796340807656488 79.13207612235986 0.9282977800873915
29.907805433387736 24.48548255297772 21.6719527786133 76.06524076497875 0.5009935883966254
29.847231892521943 20.61001638779522 25.40554353425025 75.8627918145674 0.4300000711797942
27.128619062422533 27.78232339984662 20.61189749839629 75.52283996066544 0.5355930556399631
27.82283611786491 23.835404123518202 23.803409749644537 75.46164999102766 0.8086394781231391
29.305156749816973 25.32322424773492 21.442848163546394 76.07122916109829 0.5436291406886271
27.798720794907865 23.158619622828688 28.052779169096087 79.01011958683264 0.7495810616430507
28.268293535953593 27.524166811790924 29.014308131697668 84.80676847944218 0.9805540731482459
81.52019422007045 12.069267170359968 7.667423831514568 101.25688522194498 8.275824508062111E-23
68.57222016505256 13.365853691276795 10.652985726097672 92.59105958242702 9.283057435206642E-16
106.81345797315278 6.650697516321183 5.275953036894894 118.74010852636886 6.238542038175887E-38
108.73142175226322 6.585571173771896 5.968895328195561 121.28588825423067 2.584290678648261E-38
144.52253488094308 11.529104948046394 15.57139866091969 171.62303848990916 3.6409417835133777E-44
159.01004696090513 9.00024762745021 6.54346176128442 174.55375634963977 1.202583844010674E-57
112.79279896286806 35.06241982390168 26.478764685317508 174.33398347208725 1.2667232971141897E-17
162.67086377269177 2.7390210402918114 3.789216884366801 169.1991016973504 5.957250935279741E-66
137.98910008910008 20.01089991089991 17.0 175.0 3.5790960684945664E-36
167.18960456518914 3.6147910683779862 3.116971302353027 173.92136693592016 9.605943629229654E-68
96.29803921679887 28.924978931129495 23.8304879848978 149.05350613282616 4.997277543001854E-15
52.56590220026033 40.602763843420924 42.923700645908596 136.09236668958985 0.41181751516471166
59.26364955616778 39.157252881890585 31.56405165197984 129.9849540900382 0.00884230849503636
53.39811908399071 39.39841893073295 30.272977455529464 123.06951547025312 0.03661760145586242
169.11495544306987 2.0679020909656307 6.806779771663967 177.98963730569946 6.155601561135492E-67
88.63860380075725 29.660009656761822 32.74989051784011 151.04850397535918 3.127595239497888E-10
62.31096187177375 50.61270746197172 45.23783733084726 158.16150666459274 0.2356393687280777
57.144052091099695 44.25773781929102 53.2439780691225 154.6457679795132 0.42862944979576056
93.9612551064436 28.365387009280262 29.058462089826797 151.38510420555068 6.096725260121748E-13
111.23889822874236 18.554552623876866 14.298742891828635 144.09219374444785 7.329600508589166E-28
147.43337478946773 10.9459521513241 10.942242270346753 169.32156921113858 1.6499654569948105E-48
149.57387245748885 9.276735243321987 11.57581100105814 170.42641870186895 4.466153988519965E-50
69.89760647878478 48.59021185572158 52.05647437925791 170.54429271376426 0.10031109314058359
63.04122016798067 58.965038059657736 49.04272554276604 171.04898377040445 0.4028582353929876
107.98613936919008 38.99491698924318 30.960484636588937 177.9415409950222 7.45698171843546E-14
157.69741293267745 10.846474309365775 6.467417748619974 175.0113049906632 6.951868516262967E-56
133.11497633503248 17.736521059509734 17.172533031981796 168.024030426524 2.646996277889637E-35
60.982524621403094 59.98136526166437 43.42532400448571 164.38921388755318 0.1695977182835387
133.97501396799134 10.742892498330148 11.7225377500541 156.4404442163756 1.4933930542646764E-42
154.0526879513807 7.104624586836221 9.972797221657839 171.13010975987476 1.7705112698254573E-54
137.96976811353983 13.127139080346357 15.987508767629919 167.0844159615161 2.4877287973179592E-40
78.51837368925815 39.03431513890973 41.81230239232391 159.3649912204918 1.0700101463071899E-4
128.7310378267234 19.557523728446384 21.363323963025234 169.65188551819503 9.661938659563176E-31
93.44019106792554 41.6528575811958 22.59912259837643 157.69217124749775 7.877627247393901E-12
87.75643140343662 46.832823245187825 26.06927984421784 160.65853449284228 1.024278934266016E-8
133.92383410385682 12.9129588474046 11.683569991702315 158.52036294296374 2.9475950131119535E-41
51.45200841026789 44.29135939858586 42.74364525038057 138.4870130592343 0.6265202536771777
123.20994875290529 10.38250103347421 8.00269224478705 141.59514203116655 1.3003748774914156E-40
124.51206792797764 5.214309343916427 5.159042689507878 134.88541996140196 1.4312804075332904E-46
39.78437327707241 40.33333070904908 37.166566784589754 117.28427077071123 0.929366425633443
98.08479795734095 15.34662516880122 13.589165534476535 127.02058866061871 1.220538773028137E-24
95.59359302658223 10.750371871928907 11.222892404340294 117.56685730285143 3.600216139666459E-27
55.148663532011426 21.916823869668466 32.33682294405343 109.40231034573333 3.6277336958004283E-4
117.92605023042661 8.00809045978961 9.975295929473011 135.90943661968925 1.177780171046639E-38
141.5478660287414 1.9824203111487055 0.5905384386211278 144.12082477851123 5.153739757997013E-60
96.6223530996761 10.787298975110755 32.230166694941715 139.63981876972858 2.3993995508530774E-19
94.19876670243114 13.511694387189728 19.26178786523431 126.97224895485519 1.6058846792457586E-21
120.27465686687458 2.4689875022031806 4.7629287036396555 127.50657307271742 4.292280576246473E-47
85.96362539530836 19.150525702202934 14.892696468568554 120.00684756607986 5.624582769961429E-18
116.89360598413015 6.304856076686455 1.0446156700791456 124.24307773089575 1.3184356832808818E-45
91.49753694581281 20.50518134715026 17.999845809601034 130.0025641025641 3.533599714766307E-18
76.00097143559165 8.004976087996173 13.99915451722849 98.00510204081631 1.441386780516523E-19
Extended species tree:
(P0109B,(P_018831,(P_016909,(P0203H,((((P_019193,(Wsal,P_019187)0:0.39683929486521646)0:2.6118294104028785,(P_016921,(GAP_81227,(Pcol,(GAP_81226,P_006410)0:0.8233379969397311)0:0.9273330055949133)0:0.563764137055223)0:2.688270126420377)0:1.6753751777433052,((P_025527,(P_025523,P_025525)0.00026:1.035050685328897)0.12625:0.33591185187741024,((Asie,(P_019189,P_019197)0.09574:0.07589303138308155)0.00296:0.21426189555129116,((P_019185,P2589)0:1.3353952330756382,((P_019191,P_019199)0:0.6650365344063973,(GAP_80417,(GAP_79804,P2590)0:1.6878693185941882)0:0.4975458365025297)0:1.2343190814576723)0:2.120157031761838)0.06533:0.1107664375053253)0:0.7861264612041176)0.00001:0.323618315482891,((P_011613,(((P_011609,(P2619,Sdec)0:1.1022949664288404)0:1.1515139694645908,(P_011527,(GAP_80298,(P_014077,(GAP_80297,P_014083)0:0.7401831650018502)0.47026:0.07626164503240869)0.30563:0.08722648823521757)0:1.4926858523122482)0:0.4116291259871042,((((GAP_79862,P_011587)0:1.2891314205990394,(P_014081,(P_008647,P0104A)0:2.264844765011199)0:1.4966596471623015)0:1.3520969795177318,((GAP_80395,P_011549)0:1.7488706497274087,(((GAP_80394,GAP_80393)0:0.5539082872659059,(P_011643,(P_011509,P_011651)0:0.3743203675987984)0:0.7439019857401145)0.43696:0.07495868565791658,((P_011647,(P_011465,(P_011523,(P_011501,(P_011487,P_011489)0.94354:0.016598560929741067)0.89417:0.01700369008132407)0:0.5424243535804859)0:1.2290302594270202)0.94971:0.012019822145603178,((P_007783,(P_006414,P_007843)0.62849:0.05108048214597375)0:0.5132148575353322,((P_007844,P_011637)0.00061:0.29038850013140594,(P_011551,P_011631)0.84971:0.031083759635739262)0.27433:0.05832045945560535)0.07764:0.1457751533309871)0:0.5981344018991992)0:1.811187761287062)0:1.6064665994757412)0.82405:0.03937172619941907,((P_011589,(P_011531,(P_011699,(Schi,P_006411)0:0.5633891935344189)0:0.44603007737911704)NA:0.2961457474867656)NA:0.2223183707986209,((P_008631,P_018635)0.66552:0.042319757075644365,((P_008632,(P_011579,P_011671)0.73497:0.043514539276876874)0:1.4451450763505314,(P_011709,((P_011719,((P_011713,P_011705)0.0288:0.20539472885545526,(P_006413,(Dhai,(Apet,Msal)0.00839:0.19955212800139321)0.00001:0.3405543769956579)0.02135:0.16648410981511189)0.3949:0.16505851141129876)0.76381:0.0,((P_016813,((GAP_80389,GAP_80390)0:1.1104210754534007,(P_008646,(P_008640,P_006412)0:0.8446057177609714)0.16067:0.0997658615748466)0.40072:0.08668737500614794)0:0.5685770483300574,(P_011607,(P_014073,(P_011701,((P_011537,(P_011739,P_011673)0.90119:0.021500908114645848)0.21319:0.12834341656402898,(P_011759,((P_011675,P_011735)0:0.9881525101552731,(P_011715,(P_011681,(P_011611,P_011745)0.02244:0.13095294752651504)0.01141:0.1825683694016358)0.00549:0.2277177188674094)0.12542:0.12641658575457101)0.15445:0.12998278383564693)0.38689:0.11137823030287308)NA:0.049959619238455245)NA:0.20126947355745947)0.15212:0.17831193038715265)0.02758:0.20953315693264105)0.00071:0.7331700646250404)0.33345:0.16633774463781106)0:1.634281347175136)0:1.1873915087975322)0:1.7627843300043722)0:0.6501936549418238)0.00201:0.3554772312112004)0:0.8540527070989046,((((P_018779,P_018639)0:0.39600702829784645,(P_018695,(P_018645,P_018783)0.04521:0.14716491269728707)0.00001:0.315494258127474)0:0.3282432767357082,((P_016793,(P_016795,P_006422)0.00076:0.24849096956549685)0:0.4387189996556366,((P_016797,(P_007845,(P_016799,GAP_80397)0.00022:0.5629467697878605)0.0009:0.3143237165280945)0:1.0883794311884871,((P_018691,P_018693)0.69678:0.042610569928137866,((P_014095,S08)0:0.8810631673569693,((S04,(P_016789,(S27,S38)0.05671:0.21931672985313697)0.00122:0.41802771320921767)0.00072:0.44474160012631736,(P_016791,((P_016787,S02)0:1.3931599355283397,(P_014099,S03)0:1.5564417300408973)0.35372:0.05951391995272077)0.53784:0.057820802132655495)0.07088:0.16486188263572873)0.0312:0.159528032234842)0.97365:0.010286702830286681)0.25409:0.03904655390263684)0.06758:0.1591016193682043)0:2.9913311208847,(((P2622,P2623)0.03639:0.24418080493637692,(P0110C,(P0110B,(P0207A,(P0207C,(P0207B,(P0206H,P0206G)0.00001:0.26723280937189514)0.03348:0.14479211852772977)0.04819:0.14036519516804777)0.37273:0.042411920639980324)0:1.4018557965222362)0:2.099941239025128)0:0.4366112155581947,(GAP_80322,((P_012795,P_012941)0:3.0912697121343524,((P_012861,((P_012855,(P_007802,P_012827)0:1.2714404061247138)0:0.6760317258308775,((P_012919,P_012921)0:1.7126329002490512,(P_018637,P_012813)0:0.42193775556257535)0:1.4053563792036126)0:1.9720048551551546)0.03324:0.146786645642525,(((P_012797,(P_012841,((P_012913,P_012877)0:0.8413435263060137,(P_012811,(P_012895,P_012891)0.00197:0.1992403795896253)0:0.8868818123749781)0:1.3220580037694625)0.00038:0.26678918198139806)0.30427:0.06000548547942041,(((P_012925,P_012883)0:2.104909058081674,((P_012815,P_012903)0:1.0319718116483196,(P_012857,(P_012875,((P_012831,P_012905)0:0.39005882937773373,(P_012901,(P_012887,P_012851)0:1.5484651881598765)0.34949:0.06573333961401641)0.00001:0.35000969478371013)0:0.49504110158673115)0.79267:0.028693152186415206)0.91854:0.013568105722546043)0.00002:0.40443308630246316,(P_018689,(P_012885,((P_012859,(GAP_80294,P_006420)0:1.315654114699533)0.24623:0.12328341145041913,((P_012873,P_012881)0:1.068369721349596,(P_012897,((P_012907,GAP_80291)0.04276:0.19311667313918157,((P_012893,GAP_80293)0:1.6421576197430752,((P_012863,(P_012911,(P_012821,P_012917)0:1.4419853703050054)0:0.5403717012913577)0.1455:0.09228205317695343,(P_006418,(P_012889,(P_012793,(GAP_80292,P_006419)0:2.059070290667262)0.10382:0.17149610596604717)0.9283:0.014206081627321112)0.50099:0.08569554575763391)0.43:0.08607819065114901)0.53559:0.032290718256044786)0.80864:0.04690234819176525)0.54363:0.07294933489494299)0.74958:0.021387174690088315)0.98055:0.0)0:1.1901183782883291)0:0.9138406357647257)0:1.8205674091210724)0:1.7941804174661788,((P_012867,((P_012817,P_012899)0:1.4098576425113203,(P_012847,P_012923)0:1.9564742596724802)0:0.6254022320940421)0:2.712842823014915,(P_012843,(((P_012937,(P_006421,P_012939)0:1.1271459285737364)0:2.713534605388561,(P_012803,(P_012853,(P_012837,P_012829)0:0.6210814580339737)0.41182:0.07812512540350731)0.00884:0.1968295163887058)0.03662:0.15733599528716236,(((P_012801,(P_012809,P_012879)0:2.491888710084195)0:0.4691144635100366,(P_012839,(P_012805,(P_012825,P_012799)0.23564:0.09128532880117408)0.42863:0.052043630858389325)0:0.5532216074774599)0:1.0498679001267206,(((GAP_81172,P_012833)0:1.6016018755533887,((P_012927,GAP_80295)0:1.6543715732855955,((P_012791,P_012915)0.10031:0.11787345191661448,(P_012869,(P_012823,(P_012835,P_012819)0.40286:0.05089501212028906)0:0.5195425242117292)0:1.8574232170621499)0:1.1435863217775362)0.1696:0.05454271324046241)0:1.4980538618593557,(P_012909,((P_012865,(P_012931,(P_012933,P_012935)0:1.8481217891238078)0:1.3139895282058314)0.00011:0.2671403265291442,((P_012871,P_012849)0:0.9983773547646599,(P_012807,P_012845)0:0.48324479437187234)0:0.37727990465601696)0:1.424249723252282)0.62652:0.054771876983380166)0:1.5900347906098022)0:2.075073844082281)0.92937:0.004528374544072352)0:1.0476712137529933)0:1.2356807729955932)0.00036:0.28673160866274133)0:1.5702903564705808)0:3.298707527676677)0:0.7561505350144556)0:0.9266723814409554)0:2.3424961278322316)0:0.8337998085737244)0:2.302593089710786)0:0.7933238546033137)0:1.0540324851282967));
Weight calculation took 170.691877885 secs
ASTRAL finished in 202.622 secs
