
================== ASTRAL ===================== 

This is ASTRAL version 5.7.7
Gene trees are treated as unrooted
193 trees read from all_bs10.trees
index218
All output trees will be *arbitrarily* rooted at P0109B

======== Running the main analysis
Number of taxa: 243 (243 species)
Taxa: [P_012811, P_012891, P_012867, P_012847, P_012923, P_012899, P_012817, P_012897, GAP_80291, P_012793, P_018689, P_012911, P_012881, P_012863, P_006418, GAP_80294, P_006420, P_012821, P_012907, P_012859, GAP_80292, P_006419, GAP_80293, P_012917, P_012885, P_012873, P_012889, P_012893, P_012875, P_012887, P_012797, P_012877, P_012913, P_012857, P_012901, P_012841, P_012831, XQWC, P0207B, P0206G, P0206H, P0110B, P0207C, P0207A, P0110C, P_012937, P_012861, P_012803, P_012871, PSJT, GAP_80295, P_012833, GAP_81172, P_012835, P_012869, P_012791, P_012823, P_012819, P_012915, P_012927, P_012845, P_012807, P_012801, YZRI, P_012825, P_012809, P_012879, P_012805, P_012799, P_012909, P_012933, P_012935, P_012931, P_012865, P_012853, P_012843, DHPO, GAP_80322, P_012919, P_012921, P_012813, P_018637, P_012855, P_007802, P_012827, P2623, P_012941, P_012795, P_016797, P_018693, P_014099, GAP_80397, OBPL, P_016799, P_018691, P_018695, P_018645, P_018783, P_018639, P_016793, S03, P_016791, S27, P_016789, P_016795, P_006422, P_016787, GAP_79804, P2590, P_018779, CSSK, P_019185, P2589, GAP_80394, P_011657, P_011549, OPDF, KRJP, P_011489, P_011523, P_011487, P_011501, P_019189, Asie, QDVW, GAP_80393, P_011647, P_011465, P_011643, P_011637, GAP_80395, P_006414, P_007843, P_007783, P_006411, P_011699, P_011509, P_011651, P_011551, MAQO, GAP_80298, GAP_80297, P_011527, WAIL, WPHN, P_019197, PAWA, VYLQ, GAP_79862, P_019187, Wsal, SJEV, P_019193, P_006410, GAP_81226, Pcol, P_008632, GAP_81227, P_016921, WKSU, P_008631, P0104A, P_008647, P_011715, P_006413, P_011713, Dhai, P_011735, P_016813, Apet, P_008646, P_011739, P_011745, P_011611, P_011673, P_008640, Msal, P_006412, P_011671, GAP_80390, ABSS, GAP_80389, P_011679, P_018831, P_016909, WZFE, P_014081, P_012849, P_012939, P_006421, P_012883, P_012925, P_012851, P_012895, P_012903, P_012815, P_012837, P_012829, P_012905, P_012839, P2619, P_014083, P_014077, P_011531, Schi, P_018635, P_011705, P_011579, WIGA, P_011537, P_011681, P_011759, P_011675, P_011677, BCGB, P_011631, P_011587, P0203H, P0109B, OSHQ, P_025525, P_019191, GAP_80417, S02, S08, S38, P2622, S04, KAYP, P_025527, P_011609, P_007844, P_014095, P_011709, P_011613, P_025523, P_014073, Sdec, P_019199, P_011607, P_011701, P_007845, P_011719]
Taxon occupancy: {P_019193=147, P_019191=36, P_019197=171, OPDF=175, GAP_81172=192, P_018783=186, P_019199=16, Wsal=145, P_016921=186, WKSU=191, P_025523=11, P_025525=34, P_025527=14, P_014073=6, P0203H=110, P_014077=77, QDVW=185, P_011487=189, P_011489=190, P_016813=190, P_006421=191, P_006422=186, P_006420=95, P_006418=190, P_006419=189, P_006414=186, P_014081=100, P_014083=109, P_018689=191, P0206H=181, P0206G=165, Msal=189, P0109B=74, P_012901=188, P_006410=181, P_006411=181, P_006412=187, P_012903=189, P_006413=188, P_012905=191, P_012907=193, PAWA=182, GAP_79862=176, ABSS=179, P_012909=190, P_018691=151, GAP_80291=192, P_018695=187, P_014095=34, GAP_80293=188, GAP_80292=190, P_018693=185, GAP_80295=185, GAP_80294=189, P_014099=184, GAP_80297=187, GAP_80298=186, P_012911=190, P_011701=6, P_012913=190, P_012915=188, P_011705=83, P_012917=184, P_012919=181, P_011709=7, P_012881=192, P_011671=149, P_011551=76, MAQO=186, P_011673=121, P_012883=191, P_012885=189, GAP_80322=189, P_011675=166, P2590=154, P_012887=192, P_011677=124, P_012889=193, P_011679=128, P_008647=170, PSJT=180, P2589=160, P_012891=191, P_011681=93, P_012893=189, P_018637=185, P_012895=192, P_018635=158, P_012897=190, P0207C=185, P_012899=189, P0207B=185, P0207A=181, P_018639=150, P_008646=188, P_008640=189, BCGB=180, WZFE=186, P_018645=183, KRJP=188, KAYP=88, P_011699=43, P_011579=120, CSSK=178, P_008632=188, P_007783=168, P_008631=187, P_016909=190, P_019187=183, P_019185=174, Sdec=12, P_019189=180, P_012791=189, P_012793=188, P_012795=188, Asie=175, P_018779=101, P_011465=189, P_012797=189, P_011587=111, P_012799=189, GAP_80417=78, WIGA=165, P_007802=129, GAP_79804=135, P_012841=186, P_011631=116, P_012843=191, Pcol=150, P_012845=190, P_012847=184, P_011637=182, P_011759=157, P_012849=190, Apet=183, OBPL=189, P0110C=169, P0110B=126, P_018831=182, YZRI=189, P_012851=189, P_012853=186, P_011643=190, P_011523=190, P_012855=183, P_012857=185, P_011647=161, P_011527=134, P_012859=188, WAIL=191, P_016789=182, P_012861=190, P_011651=155, P_016787=184, P_011531=127, P_012863=191, P_012865=189, Schi=133, P_012867=191, P_011657=156, P_011537=117, P_012869=190, P_016793=184, P_016791=185, P_016797=188, SJEV=189, P_016795=185, P_012871=183, P_012873=190, P_016799=188, P_012875=190, P_012877=189, P_012879=190, P_011549=164, P_007844=90, P_007845=4, S02=141, P_012921=161, S04=24, P_012801=189, S03=175, P_012923=186, P_011713=85, P_012803=190, P_011715=142, P_012925=189, S08=92, P_012805=188, P_007843=139, P_012927=188, P_012807=188, P_011719=1, P_012809=189, VYLQ=191, DHPO=189, GAP_80390=189, P2622=128, P2623=43, XQWC=190, GAP_80394=191, GAP_80393=191, GAP_80395=191, GAP_80397=185, P_012931=189, P_012811=191, P_012933=182, WPHN=187, P_012813=187, P_012935=185, P_012815=185, P_012937=192, P_012817=188, P_011607=5, P_012939=187, P_012819=185, P_011609=84, P2619=92, OSHQ=185, GAP_80389=188, P_012941=190, P_012821=190, P_011611=157, P_012823=188, P_011613=18, P_011735=187, P_012825=193, S27=112, P_012827=163, P_011739=146, P_012829=193, Dhai=184, P0104A=146, P_012831=190, P_011501=190, P_012833=186, GAP_81226=190, GAP_81227=190, P_011745=154, P_012835=189, S38=18, P_012837=190, P_012839=183, P_011509=188}
Number of gene trees: 193
193 trees have missing taxa
Calculating quartet distance matrix (for completion of X)
Species tree distances calculated ...
Will attempt to complete bipartitions from X before adding using a distance matrix.
Building set of clusters (X) from gene trees 
------------------------------
gradient0: 36387
Number of Clusters after addition by distance: 36387
calculating extra bipartitions to be added at level 1 ...
Adding to X using resolutions of greedy consensus ...
Limit for sigma of degrees:6125
polytomy size limit : 25
discarded polytomies:  [3, 3, 3, 3, 3, 3, 3, 3, 3, 3, 3, 3, 3, 3, 3, 3, 3, 3, 3, 3, 3, 4, 4, 4, 4, 4, 4, 4, 4, 4, 4, 4, 4, 4, 5, 5, 5, 5, 6, 6, 6, 6, 6, 6, 8, 8, 8, 8, 9, 10, 10, 10, 11, 13, 14, 14, 14, 23, 25]
Threshold 0.0:
polytomy of size 5; rounds with additions with at least 5 support: 3; clusters: 36437
Threshold 0.01:
polytomy of size 6; rounds with additions with at least 5 support: 3; clusters: 36493
Threshold 0.02:
polytomy of size 8; rounds with additions with at least 5 support: 3; clusters: 36709
polytomy of size 3; rounds with additions with at least 5 support: 0; clusters: 36711
Threshold 0.05:
polytomy of size 11; rounds with additions with at least 5 support: 0; clusters: 36767
polytomy of size 3; rounds with additions with at least 5 support: 0; clusters: 36767
polytomy of size 4; rounds with additions with at least 5 support: 0; clusters: 36767
polytomy of size 8; rounds with additions with at least 5 support: 0; clusters: 36783
Threshold 0.1:
polytomy of size 14; rounds with additions with at least 5 support: 0; clusters: 36789
polytomy of size 4; rounds with additions with at least 5 support: 0; clusters: 36789
polytomy of size 4; rounds with additions with at least 5 support: 0; clusters: 36789
polytomy of size 4; rounds with additions with at least 5 support: 0; clusters: 36789
polytomy of size 3; rounds with additions with at least 5 support: 0; clusters: 36789
polytomy of size 6; rounds with additions with at least 5 support: 0; clusters: 36789
polytomy of size 5; rounds with additions with at least 5 support: 0; clusters: 36791
polytomy of size 10; rounds with additions with at least 5 support: 1; clusters: 36803
polytomy of size 3; rounds with additions with at least 5 support: 0; clusters: 36803
Threshold 0.2:
polytomy of size 14; rounds with additions with at least 5 support: 0; clusters: 36805
polytomy of size 8; rounds with additions with at least 5 support: 0; clusters: 36805
polytomy of size 6; rounds with additions with at least 5 support: 0; clusters: 36805
polytomy of size 4; rounds with additions with at least 5 support: 0; clusters: 36805
polytomy of size 10; rounds with additions with at least 5 support: 0; clusters: 36809
polytomy of size 4; rounds with additions with at least 5 support: 0; clusters: 36809
polytomy of size 3; rounds with additions with at least 5 support: 0; clusters: 36809
polytomy of size 5; rounds with additions with at least 5 support: 0; clusters: 36811
polytomy of size 3; rounds with additions with at least 5 support: 0; clusters: 36811
polytomy of size 3; rounds with additions with at least 5 support: 0; clusters: 36811
polytomy of size 6; rounds with additions with at least 5 support: 0; clusters: 36813
polytomy of size 10; rounds with additions with at least 5 support: 0; clusters: 36813
polytomy of size 3; rounds with additions with at least 5 support: 0; clusters: 36813
polytomy of size 4; rounds with additions with at least 5 support: 0; clusters: 36813
polytomy of size 3; rounds with additions with at least 5 support: 0; clusters: 36813
polytomy of size 3; rounds with additions with at least 5 support: 0; clusters: 36813
polytomy of size 3; rounds with additions with at least 5 support: 0; clusters: 36813
polytomy of size 3; rounds with additions with at least 5 support: 0; clusters: 36813
polytomy of size 6; rounds with additions with at least 5 support: 0; clusters: 36813
polytomy of size 4; rounds with additions with at least 5 support: 0; clusters: 36813
polytomy of size 3; rounds with additions with at least 5 support: 0; clusters: 36813
Threshold 0.3333333333333333:
polytomy of size 14; rounds with additions with at least 5 support: 0; clusters: 36821
polytomy of size 6; rounds with additions with at least 5 support: 0; clusters: 36821
polytomy of size 3; rounds with additions with at least 5 support: 0; clusters: 36821
polytomy of size 4; rounds with additions with at least 5 support: 0; clusters: 36821
polytomy of size 4; rounds with additions with at least 5 support: 0; clusters: 36821
polytomy of size 3; rounds with additions with at least 5 support: 0; clusters: 36821
polytomy of size 23; rounds with additions with at least 5 support: 0; clusters: 36845
polytomy of size 3; rounds with additions with at least 5 support: 0; clusters: 36845
polytomy of size 4; rounds with additions with at least 5 support: 0; clusters: 36845
polytomy of size 3; rounds with additions with at least 5 support: 0; clusters: 36845
polytomy of size 8; rounds with additions with at least 5 support: 0; clusters: 36845
polytomy of size 9; rounds with additions with at least 5 support: 0; clusters: 36845
polytomy of size 4; rounds with additions with at least 5 support: 0; clusters: 36845
polytomy of size 3; rounds with additions with at least 5 support: 0; clusters: 36845
polytomy of size 4; rounds with additions with at least 5 support: 0; clusters: 36845
polytomy of size 3; rounds with additions with at least 5 support: 0; clusters: 36845
polytomy of size 3; rounds with additions with at least 5 support: 0; clusters: 36845
polytomy of size 3; rounds with additions with at least 5 support: 0; clusters: 36845
polytomy of size 5; rounds with additions with at least 5 support: 0; clusters: 36845
polytomy of size 25; rounds with additions with at least 5 support: 0; clusters: 36845
polytomy of size 13; rounds with additions with at least 5 support: 0; clusters: 36845
max k is :6
Number of Clusters after addition by greedy: 36845
gradient0 in heuristiic: 36845
partitions formed in 17.543 secs
Dynamic Programming starting after 17.543 secs
Using tree-based weight calculation.
Using polytree-based weight calculation.
Polytree max score: 11129835244
Polytree building time: 0.122 seconds.
Number of quartet trees in the gene trees: 11129835244
Size of largest cluster: 243
Greedy score: 10367969542
estimationFactor: 1.07348263311478
Sub-optimal score: 10451711907
Total Number of elements weighted: 92574
Normalized score (portion of input quartet trees satisfied before correcting for multiple individuals): 0.9456413704483045
Optimization score: 10524832653
Optimal tree inferred in 125.362 secs.
(Wsal,(P_019187,(P_019193,(SJEV,((P_016921,(GAP_81227,(WKSU,(Pcol,(P_006410,GAP_81226))))),(((P_025527,(P_025525,P_025523)),(((Asie,QDVW),(P_019189,(P_019197,PAWA))),(((P2589,OPDF),(CSSK,P_019185)),((P_019191,P_019199),(GAP_80417,(GAP_79804,P2590)))))),((P0203H,((P_016909,WZFE),(P0109B,(P_018831,OSHQ)))),(((WPHN,P_011613),(((P_011609,(P2619,Sdec)),(MAQO,(P_011527,((GAP_80298,P_014077),(WAIL,(GAP_80297,P_014083)))))),((((GAP_79862,P_011587),(P_014081,(P0104A,P_008647))),((KRJP,(P_011549,GAP_80395)),((P_011657,(P_011643,(P_011509,P_011651))),((GAP_80394,GAP_80393),((P_011647,(P_011465,(P_011501,(P_011523,(P_011489,P_011487))))),((P_007783,(P_006414,P_007843)),((P_011551,P_011631),(P_011637,P_007844)))))))),((P_011531,(P_011699,(P_006411,Schi))),(VYLQ,(P_008631,(P_018635,((P_011709,(P_011579,(P_008632,P_011671))),(((P_011713,(Dhai,P_011705)),(WIGA,((Apet,Msal),(P_006413,P_011719)))),((KAYP,(P_011679,(P_016813,((GAP_80390,GAP_80389),(P_008646,(P_008640,P_006412)))))),((ABSS,BCGB),((P_011673,((P_011537,P_011607),(P_011701,(P_011739,P_011677)))),(P_011759,((P_011735,P_011675),(P_011715,(P_011745,(P_011681,(P_011611,P_014073)))))))))))))))))),((((P_018639,P_018779),(P_018695,(P_018645,P_018783))),(P_018691,(((P_016793,(P_016795,P_006422)),(P_016797,(P_016799,(GAP_80397,OBPL)))),(P_018693,((S04,(S38,(S27,P_016789))),((P_016787,S02),(P_016791,((P_014099,S03),(S08,(P_014095,P_007845)))))))))),(((P2623,P2622),(P0110C,((P0207A,(P0110B,P0207C)),((P0206G,P0206H),(XQWC,P0207B))))),((DHPO,GAP_80322),((P_012941,P_012795),(((P_012855,(P_007802,P_012827)),((P_012919,P_012921),(P_012813,P_018637))),(P_012861,(((P_012797,(P_012841,((P_012877,P_012913),(P_012811,(P_012891,P_012895))))),(((P_012883,P_012925),(P_012857,((P_012903,P_012815),(P_012875,((P_012831,P_012905),(P_012901,(P_012887,P_012851))))))),(P_018689,((P_012885,(P_012859,(GAP_80294,P_006420))),((P_012897,(P_012907,(P_012881,P_012873))),((GAP_80293,P_012893),(GAP_80291,((P_012863,(P_012911,(P_012821,P_012917))),(P_006418,(P_012889,(P_012793,(GAP_80292,P_006419)))))))))))),((P_012867,((P_012899,P_012817),(P_012847,P_012923))),(((P_012937,(P_012939,P_006421)),(P_012803,(P_012853,(P_012837,P_012829)))),(P_012843,(((P_012801,(P_012809,P_012879)),(P_012839,(P_012805,(P_012825,(YZRI,P_012799))))),(P_012909,(((P_012865,(P_012931,(P_012933,P_012935))),((P_012845,P_012807),(P_012871,P_012849))),((P_012927,(PSJT,GAP_80295)),((P_012833,GAP_81172),((P_012791,P_012915),(P_012869,(P_012823,(P_012835,P_012819)))))))))))))))))))))))))));
Final quartet score is: 10524832653
Final normalized quartet score is: 0.9456413704483045
You may want to ignore posterior probabilities and other statistics related to the following branch branch because the effective number of genes impacting it is only 15:
	{WPHN, P_011613}
You may want to ignore posterior probabilities and other statistics related to the following branch branch because the effective number of genes impacting it is only 7:
	{P2619, Sdec}
You may want to ignore posterior probabilities and other statistics related to the following branch branch because the effective number of genes impacting it is only 3:
	{P_008632, P_011671, P_011579}
You may want to ignore posterior probabilities and other statistics related to the following branch branch because the effective number of genes impacting it is only 7:
	{P_008632, P_011671, P_011579, P_011709}
You may want to ignore posterior probabilities and other statistics related to the following branch branch because the effective number of genes impacting it is only 1:
	{P_006413, P_011719}
You may want to ignore posterior probabilities and other statistics related to the following branch branch because the effective number of genes impacting it is only 5:
	{P_011537, P_011607}
You may want to ignore posterior probabilities and other statistics related to the following branch branch because the effective number of genes impacting it is only 3:
	{P_011739, P_011677}
You may want to ignore posterior probabilities and other statistics related to the following branch branch because the effective number of genes impacting it is only 6:
	{P_011739, P_011677, P_011701}
You may want to ignore posterior probabilities and other statistics related to the following branch branch because the effective number of genes impacting it is only 6:
	{P_011611, P_014073}
You may want to ignore posterior probabilities and other statistics related to the following branch branch because the effective number of genes impacting it is only 16:
	{S27, P_016789}
You may want to ignore posterior probabilities and other statistics related to the following branch branch because the effective number of genes impacting it is only 6:
	{S27, P_016789, S38}
You may want to ignore posterior probabilities and other statistics related to the following branch branch because the effective number of genes impacting it is only 1:
	{P_014095, P_007845}
You may want to ignore posterior probabilities and other statistics related to the following branch branch because the effective number of genes impacting it is only 2:
	{P_025525, P_025523}
You may want to ignore posterior probabilities and other statistics related to the following branch branch because the effective number of genes impacting it is only 9:
	{P_025525, P_025527, P_025523}
You may want to ignore posterior probabilities and other statistics related to the following branch branch because the effective number of genes impacting it is only 11:
	{P_019191, P_019199}
Extended species tree:
(P0109B,((P_018831,OSHQ)1:2.2326709869877734,((P_016909,WZFE)1:3.0177111802727654,(P0203H,((((WPHN,P_011613)1:0.8724208765264856,(((P_011609,(P2619,Sdec)0.99:0.9808292530117262)1:1.3057193798312423,(MAQO,(P_011527,((GAP_80298,P_014077)0.58:0.0594770836143914,(WAIL,(GAP_80297,P_014083)1:1.66892186176042)0.43:0.019852203969262443)0.56:0.056707660809036324)1:1.1999964703642896)1:1.2299505858332245)1:0.6815596725267435,((((GAP_79862,P_011587)1:1.7519488668740013,(P_014081,(P0104A,P_008647)1:2.4221147282288946)1:1.8818984973280775)1:1.177869279322191,((KRJP,(P_011549,GAP_80395)1:1.1249799271670444)1:1.6113531321288899,((P_011657,(P_011643,(P_011509,P_011651)1:0.3743388971176228)0.38:0.005627903348098201)1:0.6779506410279436,((GAP_80394,GAP_80393)1:0.6083654908913001,((P_011647,(P_011465,(P_011501,(P_011523,(P_011489,P_011487)0.66:0.05586300983120192)0.59:0.05055375786770041)1:0.5563203846571053)1:1.1312817419395926)0.81:0.09548570080261089,((P_007783,(P_006414,P_007843)0.98:0.19095802304536721)1:0.5552165067269337,((P_011551,P_011631)0.47:0.037100164866757705,(P_011637,P_007844)0.96:0.21526865751854218)0.35:0.015788088523935952)0.99:0.1812378101475961)1:0.6799588654919386)0.75:0.07332174585311294)1:2.0113434893091338)1:1.2152197167926513)0.71:0.07800802682959423,((P_011531,(P_011699,(P_006411,Schi)1:0.7155082697151041)1:0.4710435748173912)1:2.0199068155653204,(VYLQ,(P_008631,(P_018635,((P_011709,(P_011579,(P_008632,P_011671)0.83:0.13284787037063692)0.77:0.4434187954346739)0.42:0.028588098801365407,(((P_011713,(Dhai,P_011705)0.86:0.20167343324974008)1:0.40655441716367113,(WIGA,((Apet,Msal)0.98:0.19181491863047914,(P_006413,P_011719)0.67:0.2876820724517809)0.66:0.07453022826556016)0.48:0.06080536750590536)1:0.551318105924449,((KAYP,(P_011679,(P_016813,((GAP_80390,GAP_80389)1:1.2891773999841107,(P_008646,(P_008640,P_006412)1:0.9252326048505156)0.96:0.16655710598044246)0.97:0.18000014397155953)0.87:0.18392085694910099)0.84:0.18993023323991184)0.57:0.08340658549534954,((ABSS,BCGB)1:0.6257531256641639,((P_011673,((P_011537,P_011607)0.54:0.11122352329822645,(P_011701,(P_011739,P_011677)0.69:0.31339042916198795)0.43:0.05110246367196802)0.92:0.2222221854967049)0.64:0.07238418606004088,(P_011759,((P_011735,P_011675)1:1.1815019789677432,(P_011715,(P_011745,(P_011681,(P_011611,P_014073)0.58:0.15415067982725836)0.96:0.22588113529046555)1:0.3367380564898081)1:0.474183484575327)0.97:0.17687334420759424)0.96:0.1656377456219628)1:1.0605226650276791)0.93:0.1542820353186064)0.96:0.17310143229097938)1:1.387199557447342)1:1.2847484969040348)0.49:0.030621505661393145)1:0.45345684132292274)1:0.34990668630042226)1:1.4876798667806028)1:0.8056960519239267)1:0.8400968174853632)1:1.8303076249222705,((((P_018639,P_018779)0.99:0.3047743585397656,(P_018695,(P_018645,P_018783)0.66:0.06614649905385381)0.99:0.19552720079793953)1:0.5257496040165569,(P_018691,(((P_016793,(P_016795,P_006422)1:0.48641164025522854)1:0.39066817643480356,(P_016797,(P_016799,(GAP_80397,OBPL)1:0.22481384507315508)1:1.4519810271153846)1:1.1702125913588741)0.81:0.1009275264308099,(P_018693,((S04,(S38,(S27,P_016789)0.48:0.16970591745291946)0.67:0.2886791674404584)1:0.6521834892477816,((P_016787,S02)1:1.7233278312825364,(P_016791,((P_014099,S03)1:2.643874998641259,(S08,(P_014095,P_007845)0.66:0.27200425973255116)1:1.5126545437812287)0.58:0.06403444630462997)0.72:0.08363937673417204)0.88:0.1253294249459582)1:0.2694144452268447)0.66:0.07141310379348605)0.41:0.016155003835903143)0.87:0.12209881793690396)1:2.8466991920028697,(((P2623,P2622)0.98:0.3545433366820387,(P0110C,((P0207A,(P0110B,P0207C)0.79:0.09866486616295123)0.37:0.0070014053987081494,((P0206G,P0206H)1:0.21989065378369688,(XQWC,P0207B)1:0.37437741729129825)0.99:0.1697007934047748)1:1.574182499844553)1:1.9989437429186319)1:0.5100278232411243,((DHPO,GAP_80322)1:3.111611630801111,((P_012941,P_012795)1:3.496625142305372,(((P_012855,(P_007802,P_012827)1:1.4236530941596863)1:0.7630196796571669,((P_012919,P_012921)1:1.8430943481994209,(P_012813,P_018637)1:0.38037418814522)1:1.1746044266278712)1:2.103241288229399,(P_012861,(((P_012797,(P_012841,((P_012877,P_012913)1:0.9333376864060714,(P_012811,(P_012891,P_012895)1:0.22807723112357434)1:0.9430282956769662)1:1.259246305299695)1:0.30928672127902906)0.38:0.0073126633321324045,(((P_012883,P_012925)1:2.2938203930407917,(P_012857,((P_012903,P_012815)1:1.238993855177474,(P_012875,((P_012831,P_012905)1:0.3348346387494482,(P_012901,(P_012887,P_012851)1:2.112130569563786)0.56:0.058651704952443595)0.99:0.21145908426406176)1:0.6587069566168482)0.74:0.08746086606934161)0.55:0.06995629752772542)1:0.40883053556015697,(P_018689,((P_012885,(P_012859,(GAP_80294,P_006420)1:1.8723063132423607)0.85:0.12069007519417335)0.42:0.016545619598404386,((P_012897,(P_012907,(P_012881,P_012873)1:1.162176027105666)0.42:0.018890506654601562)0.39:0.010483454971487758,((GAP_80293,P_012893)1:1.9004808718606934,(GAP_80291,((P_012863,(P_012911,(P_012821,P_012917)1:1.6551898913554586)1:0.8434794729331717)0.54:0.07399980975902917,(P_006418,(P_012889,(P_012793,(GAP_80292,P_006419)1:3.030076130764986)0.41:0.027270706522813902)0.6:0.0673886051450432)0.48:0.053073696438057)0.42:0.01896825863153735)0.52:0.058749710184625346)0.42:0.019181173319889888)0.76:0.1027574265106181)1:1.1117465409034786)1:0.8002145729906744)1:2.013004155485656)1:1.8222383114684895,((P_012867,((P_012899,P_012817)1:1.2858931027319513,(P_012847,P_012923)1:2.3458945675951663)1:0.5877960147315106)1:2.453074359369179,(((P_012937,(P_012939,P_006421)1:1.0871806495875587)1:2.9651769113506767,(P_012803,(P_012853,(P_012837,P_012829)1:0.7667892532207556)0.37:0.0035133694966299985)0.99:0.1835750199685385)0.97:0.1728258897649568,(P_012843,(((P_012801,(P_012809,P_012879)1:3.029506632163447)1:0.5124234423028177,(P_012839,(P_012805,(P_012825,(YZRI,P_012799)1:1.7702700333148425)0.77:0.09340739432202368)0.63:0.06483540687660182)1:0.5146753648086039)1:0.9518719571664025,(P_012909,(((P_012865,(P_012931,(P_012933,P_012935)1:2.2375076211650167)1:1.4579761991974307)1:0.21806952374495964,((P_012845,P_012807)1:0.35037378186175455,(P_012871,P_012849)1:1.183819052869202)1:0.3911839777302267)1:1.8147839851314296,((P_012927,(PSJT,GAP_80295)1:0.3057644700120406)1:2.112131172620665,((P_012833,GAP_81172)1:1.7867971816677881,((P_012791,P_012915)1:0.19872869558912065,(P_012869,(P_012823,(P_012835,P_012819)0.85:0.10392145277026617)1:0.48777025220571146)1:1.9692640289643424)1:1.282126704456621)0.44:0.031481093097157034)1:1.5670113830811128)0.54:0.037218171256333636)1:1.4828180067057541)1:1.752251249333852)0.44:0.02305492270731733)1:1.0654338540113093)1:1.2794480476048486)0.96:0.16783834511503337)0.66:0.07706420383487005)1:1.6533595918339112)1:3.3634628727399134)1:0.7017143354273405)1:0.5496167131555841)1:2.171914400477117)1:0.8024796497680926,(((P_025527,(P_025525,P_025523)0.87:0.6931471805599453)1:1.5399366607284188,(((Asie,QDVW)1:3.0583301092439994,(P_019189,(P_019197,PAWA)1:0.8716769533238949)0.69:0.06297027560376824)1:0.22050031854186317,(((P2589,OPDF)1:1.5512977150622942,(CSSK,P_019185)1:0.2676573415760674)1:0.979255875307173,((P_019191,P_019199)1:1.0305073997140506,(GAP_80417,(GAP_79804,P2590)1:1.5062536761988694)1:0.8823891801984737)1:1.2543334857205037)1:2.2497352514690796)0.67:0.12814112280710996)1:1.0083433216563547,((P_016921,(GAP_81227,(WKSU,(Pcol,(P_006410,GAP_81226)1:0.8535808197459946)1:0.3835584330773491)1:0.4240073855113848)1:0.6796383174733215)1:2.531637058234355,(SJEV,(P_019193,(P_019187,Wsal)1:0.7488647402343666)1:0.24906040255745948)1:2.8228669507829696)1:1.4625389895099)0.95:0.1331332554824813)1:1.975480650647088)1:0.9916745698565219)1:1.4567466000696294));
Weight calculation took 101.939841006 secs
ASTRAL finished in 127.909 secs
