
================== ASTRAL ===================== 

This is ASTRAL version 5.7.7
Gene trees are treated as unrooted
282 trees read from all_bs10.trees
index223
All output trees will be *arbitrarily* rooted at P0109B

======== Running the main analysis
Number of taxa: 243 (243 species)
Taxa: [Apet, WAIL, MAQO, KRJP, VYLQ, WPHN, YZRI, DHPO, P_012941, P_012795, P_012855, P_012827, P_007802, P_018637, P_012813, P_012921, P_012919, P_012797, P_012857, P_012901, P_012851, P_012887, P_012831, P_012905, P_012875, P_012883, P_012925, P_012815, P_012903, P_012841, P_012877, P_012913, P_012895, P_012891, P_012811, P_018689, P_012907, P_012897, P_012863, GAP_80291, P_012889, P_006418, P_012793, P_012917, P_012821, P_012911, GAP_80292, P_006419, GAP_80293, P_012893, P_012881, P_012873, P_012885, P_012859, GAP_80294, P_006420, P_012861, P_012843, P_012853, P_012803, P_012839, P_012909, P_012807, P_012845, P_012849, P_012871, P_012931, P_012933, P_012935, P_012865, GAP_80295, P_012927, PSJT, P_012915, P_012791, P_012823, P_012819, P_012835, P_012869, GAP_81172, P_012833, P_012801, P_012879, P_012809, P_012799, P_012825, P_012805, P_012829, P_012837, P_012937, P_006421, P_012939, P_012899, P_012817, P_012847, P_012923, P_012867, P2590, GAP_79804, P_011699, P_011527, GAP_80298, GAP_80297, P_011657, P_011643, P_011509, P_011651, P_011647, P_011637, P_007783, P_011551, P_007843, P_006414, P_011489, P_011487, P_011523, P_011501, P_011465, GAP_80393, GAP_80394, P_006411, P_011549, GAP_80395, P_014081, P0104A, P_008647, GAP_79862, P_019189, P_019197, GAP_80322, P0110C, P0110B, P0207A, P0207B, P0206H, P0206G, P0207C, XQWC, P2623, P_018691, P_011701, P_018639, P_016799, GAP_80397, OBPL, P_016797, P_006422, P_016795, P_016793, P_018693, P_016789, S27, P_018779, P_014099, S03, P_016791, P_016787, P_018645, P_018783, P_018695, CSSK, P_019185, P2589, OPDF, PAWA, Asie, QDVW, P_016909, P_018831, WZFE, GAP_81227, P_016921, Pcol, P_006410, GAP_81226, WKSU, SJEV, Wsal, P_019187, P_019193, P_008632, P_011671, P_011673, P_011735, P_011715, P_006413, P_011713, P_016813, WIGA, P_008646, GAP_80389, GAP_80390, P_006412, P_008640, P_011745, P_011739, P_011679, BCGB, ABSS, Dhai, KAYP, P_011705, P_011681, P_011537, P_011759, P_011675, P_008631, P_018635, P_011677, Schi, P_011531, P_011587, P_011631, P_014077, P_014083, P2619, P_019191, P2622, S08, S38, S02, P0203H, OSHQ, P0109B, GAP_80417, P_025525, P_011579, Msal, S04, P_007844, P_025527, P_011609, P_014095, P_011611, P_011709, P_011613, Sdec, P_025523, P_014073, P_019199, P_011607, P_007845, P_011719]
Taxon occupancy: {P_019193=192, P_019191=42, P_019197=226, OPDF=267, GAP_81172=272, P_018783=269, P_019199=18, Wsal=191, P_016921=266, WKSU=280, P_025523=13, P_025525=38, P_025527=17, P_014073=8, P0203H=131, P_014077=101, QDVW=271, P_011487=268, P_011489=271, P_016813=238, P_006421=268, P_006422=267, P_006420=113, P_006418=260, P_006419=261, P_006414=265, P_014081=123, P_014083=136, P_018689=271, P0206H=237, P0206G=216, Msal=242, P0109B=88, P_012901=265, P_006410=257, P_006411=250, P_012903=272, P_006412=268, P_006413=260, P_012905=274, P_012907=275, GAP_79862=251, PAWA=269, ABSS=278, P_012909=268, P_018691=103, GAP_80291=274, P_018695=262, P_014095=47, GAP_80293=267, GAP_80292=259, P_018693=257, GAP_80295=264, GAP_80294=260, P_014099=260, GAP_80297=262, GAP_80298=260, P_012911=271, P_011701=11, P_012913=224, P_012915=267, P_011705=96, P_012917=248, P_012919=229, P_011709=9, P_012881=269, P_011671=125, P_011551=93, MAQO=275, P_012883=269, P_011673=159, P_012885=262, GAP_80322=270, P_011675=230, P2590=207, P_012887=268, P_011677=153, P_012889=263, P_011679=168, P_008647=232, PSJT=271, P2589=205, P_012891=255, P_011681=124, P_012893=270, P_018637=251, P_012895=265, P_018635=206, P_012897=266, P0207C=247, P_012899=262, P0207B=254, P0207A=252, P_018639=195, P_008646=272, P_008640=272, BCGB=276, WZFE=275, P_018645=264, KRJP=276, KAYP=167, P_011699=54, P_011579=151, CSSK=266, P_008632=270, P_007783=234, P_016909=270, P_008631=49, P_019187=254, P_019185=241, Sdec=16, P_019189=216, P_012791=266, P_012793=267, P_012795=271, Asie=214, P_011465=269, P_018779=134, P_012797=267, P_011587=133, P_012799=265, GAP_80417=96, WIGA=271, P_007802=168, GAP_79804=180, P_012841=263, P_011631=151, P_012843=273, Pcol=195, P_012845=267, P_012847=255, P_011637=260, P_011759=200, P_012849=254, Apet=125, OBPL=276, P0110C=225, P0110B=156, P_018831=252, YZRI=276, P_012851=268, P_012853=264, P_011643=269, P_011523=271, P_012855=243, P_012857=264, P_011647=212, P_011527=137, P_012859=261, WAIL=278, P_016789=261, P_012861=264, P_011651=208, P_016787=262, P_011531=163, P_012863=272, P_012865=260, Schi=186, P_012867=266, P_011657=201, P_011537=151, P_012869=262, P_016793=260, P_016791=269, P_016797=270, SJEV=274, P_016795=257, P_012871=249, P_012873=268, P_016799=266, P_012875=266, P_012877=264, P_012879=263, P_011549=219, P_007844=115, P_007845=5, S02=171, P_012921=209, S04=31, P_012801=268, S03=237, P_012923=256, P_011713=110, P_012803=271, P_012925=268, P_011715=188, S08=115, P_012805=263, P_007843=193, P_012927=263, P_012807=262, P_011719=2, P_012809=261, VYLQ=275, DHPO=277, GAP_80390=238, P2622=159, P2623=53, GAP_80394=273, XQWC=279, GAP_80393=276, GAP_80395=272, GAP_80397=270, P_012931=263, P_012811=267, WPHN=274, P_012933=244, P_012813=254, P_012935=255, P_012815=264, P_012937=270, P_012817=265, P_011607=3, P_012939=255, P_012819=257, P_011609=103, P2619=107, OSHQ=270, GAP_80389=248, P_012941=271, P_012821=266, P_011611=39, P_012823=265, P_011613=21, P_011735=260, P_012825=265, S27=151, P_012827=213, P_011739=188, P_012829=182, Dhai=261, P0104A=192, P_012831=256, P_011501=273, P_012833=263, GAP_81226=266, GAP_81227=271, P_011745=206, P_012835=262, S38=30, P_012837=269, P_012839=263, P_011509=270}
Number of gene trees: 282
282 trees have missing taxa
Calculating quartet distance matrix (for completion of X)
Species tree distances calculated ...
Will attempt to complete bipartitions from X before adding using a distance matrix.
Building set of clusters (X) from gene trees 
------------------------------
gradient0: 30493
Number of Clusters after addition by distance: 30493
calculating extra bipartitions to be added at level 1 ...
Adding to X using resolutions of greedy consensus ...
Limit for sigma of degrees:6125
polytomy size limit : 21
discarded polytomies:  [3, 3, 3, 3, 3, 3, 3, 3, 3, 3, 3, 3, 3, 3, 3, 3, 3, 3, 3, 3, 4, 4, 4, 4, 4, 4, 4, 4, 4, 4, 4, 4, 4, 5, 5, 5, 5, 5, 6, 6, 6, 6, 8, 8, 10, 11, 11, 13, 14, 21]
Threshold 0.0:
Threshold 0.01:
polytomy of size 3; rounds with additions with at least 5 support: 0; clusters: 30495
Threshold 0.02:
polytomy of size 5; rounds with additions with at least 5 support: 1; clusters: 30513
Threshold 0.05:
polytomy of size 3; rounds with additions with at least 5 support: 0; clusters: 30513
polytomy of size 8; rounds with additions with at least 5 support: 0; clusters: 30519
polytomy of size 4; rounds with additions with at least 5 support: 0; clusters: 30519
Threshold 0.1:
polytomy of size 3; rounds with additions with at least 5 support: 0; clusters: 30519
polytomy of size 3; rounds with additions with at least 5 support: 0; clusters: 30519
polytomy of size 3; rounds with additions with at least 5 support: 0; clusters: 30519
polytomy of size 10; rounds with additions with at least 5 support: 0; clusters: 30519
polytomy of size 3; rounds with additions with at least 5 support: 0; clusters: 30519
polytomy of size 3; rounds with additions with at least 5 support: 0; clusters: 30519
polytomy of size 4; rounds with additions with at least 5 support: 0; clusters: 30519
polytomy of size 3; rounds with additions with at least 5 support: 0; clusters: 30519
polytomy of size 4; rounds with additions with at least 5 support: 0; clusters: 30519
Threshold 0.2:
polytomy of size 4; rounds with additions with at least 5 support: 0; clusters: 30519
polytomy of size 5; rounds with additions with at least 5 support: 0; clusters: 30519
polytomy of size 5; rounds with additions with at least 5 support: 0; clusters: 30519
polytomy of size 13; rounds with additions with at least 5 support: 0; clusters: 30523
polytomy of size 4; rounds with additions with at least 5 support: 0; clusters: 30523
polytomy of size 4; rounds with additions with at least 5 support: 0; clusters: 30523
polytomy of size 4; rounds with additions with at least 5 support: 0; clusters: 30523
polytomy of size 4; rounds with additions with at least 5 support: 0; clusters: 30523
polytomy of size 6; rounds with additions with at least 5 support: 0; clusters: 30523
polytomy of size 11; rounds with additions with at least 5 support: 1; clusters: 30525
Threshold 0.3333333333333333:
polytomy of size 5; rounds with additions with at least 5 support: 0; clusters: 30525
polytomy of size 3; rounds with additions with at least 5 support: 0; clusters: 30525
polytomy of size 11; rounds with additions with at least 5 support: 0; clusters: 30527
polytomy of size 6; rounds with additions with at least 5 support: 0; clusters: 30527
polytomy of size 14; rounds with additions with at least 5 support: 0; clusters: 30527
polytomy of size 4; rounds with additions with at least 5 support: 0; clusters: 30527
polytomy of size 4; rounds with additions with at least 5 support: 0; clusters: 30527
polytomy of size 3; rounds with additions with at least 5 support: 0; clusters: 30527
polytomy of size 3; rounds with additions with at least 5 support: 0; clusters: 30527
polytomy of size 3; rounds with additions with at least 5 support: 0; clusters: 30527
polytomy of size 3; rounds with additions with at least 5 support: 0; clusters: 30527
polytomy of size 4; rounds with additions with at least 5 support: 0; clusters: 30527
polytomy of size 6; rounds with additions with at least 5 support: 0; clusters: 30527
polytomy of size 4; rounds with additions with at least 5 support: 0; clusters: 30527
polytomy of size 3; rounds with additions with at least 5 support: 0; clusters: 30527
polytomy of size 3; rounds with additions with at least 5 support: 0; clusters: 30527
polytomy of size 5; rounds with additions with at least 5 support: 0; clusters: 30527
polytomy of size 3; rounds with additions with at least 5 support: 0; clusters: 30527
polytomy of size 4; rounds with additions with at least 5 support: 0; clusters: 30527
polytomy of size 3; rounds with additions with at least 5 support: 0; clusters: 30527
polytomy of size 6; rounds with additions with at least 5 support: 0; clusters: 30527
polytomy of size 3; rounds with additions with at least 5 support: 0; clusters: 30527
polytomy of size 3; rounds with additions with at least 5 support: 0; clusters: 30527
polytomy of size 3; rounds with additions with at least 5 support: 0; clusters: 30527
polytomy of size 8; rounds with additions with at least 5 support: 0; clusters: 30529
polytomy of size 21; rounds with additions with at least 5 support: 0; clusters: 30557
max k is :2
Number of Clusters after addition by greedy: 30557
gradient0 in heuristiic: 30557
partitions formed in 24.41 secs
Dynamic Programming starting after 24.41 secs
Using tree-based weight calculation.
Using polytree-based weight calculation.
Polytree max score: 15446464277
Polytree building time: 0.337 seconds.
Number of quartet trees in the gene trees: 15446464277
Size of largest cluster: 243
Greedy score: 14383563629
estimationFactor: 1.0738968919953182
Sub-optimal score: 14535545892
Calculated 100000 weights; time (seconds): 178
Total Number of elements weighted: 100105
Normalized score (portion of input quartet trees satisfied before correcting for multiple individuals): 0.9463461181058737
Optimization score: 14617701507
Optimal tree inferred in 178.823 secs.
(P_016789,(S27,(S04,(S38,(((P_014099,S03),(P_016791,(P_016787,S02))),((S08,P_014095),(P_018693,((P_016793,(P_006422,P_016795)),((P_016797,(OBPL,(P_016799,GAP_80397))),(P_018691,(((P_018639,P_018779),(P_018695,(P_018645,P_018783))),(P_007845,((((P2623,P2622),(P0110C,(XQWC,(P0207A,(P0110B,(P0207C,(P0207B,(P0206H,P0206G)))))))),((DHPO,GAP_80322),((P_012941,P_012795),((P_012861,((P_012855,(P_012827,P_007802)),((P_018637,P_012813),(P_012921,P_012919)))),(((P_012797,(P_012841,((P_012877,P_012913),(P_012811,(P_012895,P_012891))))),((((P_012883,P_012925),(P_012857,(P_012815,P_012903))),(P_012875,((P_012831,P_012905),(P_012901,(P_012851,P_012887))))),(P_018689,((P_012885,(GAP_80294,P_006420)),(P_012859,(((P_012907,GAP_80291),(P_012881,P_012873)),((P_012897,(GAP_80293,P_012893)),((P_012911,(P_012917,P_012821)),(P_012889,((P_012863,P_006418),(P_012793,(GAP_80292,P_006419)))))))))))),((P_012867,((P_012899,P_012817),(P_012847,P_012923))),(P_012843,(((P_012937,(P_006421,P_012939)),(P_012803,(P_012853,(P_012829,P_012837)))),(((P_012801,(P_012879,P_012809)),(P_012839,(P_012805,(P_012825,(YZRI,P_012799))))),((P_012909,((P_012865,(P_012931,(P_012933,P_012935))),((P_012807,P_012845),(P_012849,P_012871)))),((GAP_81172,P_012833),((P_012927,(GAP_80295,PSJT)),((P_012915,P_012791),(P_012869,(P_012823,(P_012819,P_012835)))))))))))))))),(((P0203H,((P_016909,WZFE),(P0109B,(P_018831,OSHQ)))),(((SJEV,(P_019193,(Wsal,P_019187))),(P_016921,(GAP_81227,(WKSU,(Pcol,(P_006410,GAP_81226)))))),(((P_025527,(P_025525,P_025523)),(P_019189,((P_019197,PAWA),(Asie,QDVW)))),(((P2589,OPDF),(CSSK,P_019185)),((P_019191,P_019199),(GAP_80417,(P2590,GAP_79804))))))),(WPHN,(P_011613,(((P_011609,(P2619,Sdec)),(MAQO,(WAIL,(P_011527,((GAP_80298,P_014077),(GAP_80297,P_014083)))))),(((GAP_79862,P_011587),(P_014081,(P0104A,P_008647))),(((KRJP,(P_011549,GAP_80395)),((P_011643,(P_011657,(P_011509,P_011651))),((GAP_80393,GAP_80394),((P_011647,(P_011465,(P_011501,(P_011523,(P_011489,P_011487))))),((P_011637,P_011551),((P_011631,P_007844),(P_007843,(P_007783,P_006414)))))))),((P_011531,(P_011699,(P_006411,Schi))),(VYLQ,(P_018635,(P_008631,(P_011709,((P_011579,(P_008632,P_011671)),(P_011713,((P_011705,((KAYP,(BCGB,ABSS)),(WIGA,(Dhai,(Apet,Msal))))),(P_006413,((P_016813,((GAP_80389,GAP_80390),((P_008646,P_011679),(P_006412,P_008640)))),(P_011673,((P_011537,(P_011701,(P_011677,(P_011739,P_011607)))),(P_011759,((P_011681,P_011719),((P_011735,P_011675),(P_011715,(P_011745,(P_011611,P_014073)))))))))))))))))))))))))))))))))))));
Final quartet score is: 14617701507
Final normalized quartet score is: 0.9463461181058737
You may want to ignore posterior probabilities and other statistics related to the following branch branch because the effective number of genes impacting it is only 2:
	{P_025525, P_025523}
You may want to ignore posterior probabilities and other statistics related to the following branch branch because the effective number of genes impacting it is only 10:
	{P_025525, P_025527, P_025523}
You may want to ignore posterior probabilities and other statistics related to the following branch branch because the effective number of genes impacting it is only 12:
	{P_019191, P_019199}
You may want to ignore posterior probabilities and other statistics related to the following branch branch because the effective number of genes impacting it is only 9:
	{P2619, Sdec}
You may want to ignore posterior probabilities and other statistics related to the following branch branch because the effective number of genes impacting it is only 3:
	{P_011739, P_011607}
You may want to ignore posterior probabilities and other statistics related to the following branch branch because the effective number of genes impacting it is only 5:
	{P_011739, P_011677, P_011607}
You may want to ignore posterior probabilities and other statistics related to the following branch branch because the effective number of genes impacting it is only 7:
	{P_011701, P_011739, P_011677, P_011607}
You may want to ignore posterior probabilities and other statistics related to the following branch branch because the effective number of genes impacting it is only 1:
	{P_011681, P_011719}
You may want to ignore posterior probabilities and other statistics related to the following branch branch because the effective number of genes impacting it is only 2:
	{P_011611, P_014073}
You may want to ignore posterior probabilities and other statistics related to the following branch branch because the effective number of genes impacting it is only 9:
	{Apet, P_011701, P_008632, P_011671, P_011673, P_011735, P_011715, P_006413, P_011713, P_016813, WIGA, P_008646, GAP_80389, GAP_80390, P_006412, P_008640, P_011745, P_011739, P_011679, BCGB, ABSS, Dhai, KAYP, P_011705, P_011681, P_011537, P_011759, P_011675, P_011677, P_011579, Msal, P_011611, P_014073, P_011607, P_011719}
You may want to ignore posterior probabilities and other statistics related to the following branch branch because the effective number of genes impacting it is only 2:
	{Apet, P_011701, P_008632, P_011671, P_011673, P_011735, P_011715, P_006413, P_011713, P_016813, WIGA, P_008646, GAP_80389, GAP_80390, P_006412, P_008640, P_011745, P_011739, P_011679, BCGB, ABSS, Dhai, KAYP, P_011705, P_011681, P_011537, P_011759, P_011675, P_011677, P_011579, Msal, P_011611, P_011709, P_014073, P_011607, P_011719}
You may want to ignore posterior probabilities and other statistics related to the following branch branch because the effective number of genes impacting it is only 18:
	{Apet, WAIL, MAQO, KRJP, VYLQ, P_011699, P_011527, GAP_80298, GAP_80297, P_011657, P_011643, P_011509, P_011651, P_011647, P_011637, P_007783, P_011551, P_007843, P_006414, P_011489, P_011487, P_011523, P_011501, P_011465, GAP_80393, GAP_80394, P_006411, P_011549, GAP_80395, P_014081, P0104A, P_008647, GAP_79862, P_011701, P_008632, P_011671, P_011673, P_011735, P_011715, P_006413, P_011713, P_016813, WIGA, P_008646, GAP_80389, GAP_80390, P_006412, P_008640, P_011745, P_011739, P_011679, BCGB, ABSS, Dhai, KAYP, P_011705, P_011681, P_011537, P_011759, P_011675, P_008631, P_018635, P_011677, Schi, P_011531, P_011587, P_011631, P_014077, P_014083, P2619, P_011579, Msal, P_007844, P_011609, P_011611, P_011709, P_011613, Sdec, P_014073, P_011607, P_011719}
You may want to ignore posterior probabilities and other statistics related to the following branch branch because the effective number of genes impacting it is only 10:
	{P_016789, S27, S04}
You may want to ignore posterior probabilities and other statistics related to the following branch branch because the effective number of genes impacting it is only 5:
	{P_018691, P_018639, P_016799, GAP_80397, OBPL, P_016797, P_006422, P_016795, P_016793, P_018693, P_016789, S27, P_018779, P_014099, S03, P_016791, P_016787, P_018645, P_018783, P_018695, S08, S38, S02, S04, P_014095}
You may want to ignore posterior probabilities and other statistics related to the following branch branch because the effective number of genes impacting it is only 5:
	{P_018691, P_018639, P_016799, GAP_80397, OBPL, P_016797, P_006422, P_016795, P_016793, P_018693, P_016789, S27, P_018779, P_014099, S03, P_016791, P_016787, P_018645, P_018783, P_018695, S08, S38, S02, S04, P_014095, P_007845}
59.991962051709756 19.993838510735493 2.014199437554746 82.0 1.0134871404778262E-14
227.85801288886148 22.658279193734572 10.506963731357429 261.0232558139535 3.5280988417518037E-75
112.01541100580627 27.98410932311105 22.988918977441067 162.9884393063584 9.995772223894266E-21
143.4859895411406 20.017299159822525 24.999618275781067 188.5029069767442 1.7299299880796158E-34
231.33769496246148 11.471953820847215 9.658504082933355 252.46815286624204 1.4210811514155841E-84
150.97654489414995 18.005810475884196 23.017644629965886 192.0 2.8613707346386812E-39
134.84154762182828 34.52287052688303 22.14577310269495 191.51019125140627 1.0345111319704982E-26
110.11196851727951 113.10160528374374 35.81332656492504 259.0269003659483 2.2754196306860708E-10
150.5061801459287 46.924668497700296 64.0730028101398 261.5038514537688 4.3960997260237296E-16
249.97512061928612 5.729369909725771 6.034805905573488 261.73929643458536 1.3760130953956103E-99
241.59405780605167 9.451090945808676 16.327467515221546 267.3726162670819 9.588250691901489E-86
2.0 0.0 0.0 2.0 0.1353352832366126
Not enough genes
Cannot perform polytomy test with effective N (after polytomies) 2.0:
	(P_025525,P_025523):0.6931471805599453;
6.760912764171057 0.06527123109141925 2.165522437937908 8.991706433200385 0.019990262204276712
Not enough genes
Cannot perform polytomy test with effective N (after polytomies) 8.991706433200385:
	(P_025527,(P_025525,P_025523):0.6931471805599453):0.723562459082811;
137.4318509433098 60.63476429210627 17.215039024344193 215.28165425976027 3.733944389522878E-23
202.48453608247422 0.004784688995215311 2.5106792285305577 205.0 1.6100852487396327E-86
82.08796103268044 45.855599471389304 77.2766233332221 205.22018383729187 0.0034814882283884835
20.988530308517262 10.41800540192693 9.61174747280234 41.01828318324653 0.052461473021733866
15.884970782637906 18.59660044678295 11.374902312801815 45.85647354222267 0.4186943861837775
146.48935832290897 24.529659066949772 27.980982610141254 199.0 2.700641481080092E-32
86.98719374233734 77.50030899262289 65.51249726503978 230.0 0.22077977499548396
188.9169160311269 19.972067019720562 12.625141242937852 221.5141242937853 3.1717130755795563E-59
8.988950276243095 1.3333333333333333 1.6777163904235728 12.0 0.009332828561298715
Not enough genes
Cannot perform polytomy test with effective N (after polytomies) 12.0:
	(P_019191,P_019199):0.7704312657944021;
78.00975609756097 4.0 1.9902439024390244 84.0 7.776205966333244E-30
23.970873786407765 3.0 7.029126213592233 34.0 1.796700086068265E-5
34.42975128021277 9.813083850757957 1.684437596302003 45.92727272727273 5.659539512050557E-9
191.14009533746923 6.858786008955172 18.636871674931786 216.6357530213562 9.852514042763079E-65
221.6325851294741 17.728603243746868 21.749467525772186 261.1106558989932 1.52668348187902E-68
111.03831556610906 90.73434999022557 49.29317962155132 251.06584517788593 7.255757751801043E-6
9.0 0.0 0.0 9.0 1.2340980408667962E-4
Not enough genes
Cannot perform polytomy test with effective N (after polytomies) 9.0:
	(P2619,Sdec):1.8971199848858815;
55.77552770612472 2.606216233100928 2.337100187661956 60.7188441268876 4.753979739040814E-21
38.0623392584353 26.506960409508654 31.92827487589227 96.49757454383622 0.3537675867676097
127.99368388620725 1.7590213468139702 6.237948972586256 135.99065420560748 7.104866769932669E-50
67.17066552522842 33.50301863706595 33.073923493208014 133.74760765550238 1.8700283738777698E-4
73.39876033767001 42.23605689721295 18.500670186500667 134.13548742138363 4.334550381640112E-8
164.51987961410518 8.783730735143402 88.83438227064124 262.1379926198898 7.169569220596378E-31
117.49460716476536 9.34161699097308 11.203484974194449 138.03970912993287 6.6346464178609265E-37
52.570721378358456 49.56745677093024 20.503553013761632 122.64173116305034 4.652705590576906E-4
99.65636386723938 5.980962078245175 12.031371594707846 117.6686975401924 3.7108396656303604E-31
102.0 0.0 2.0 104.0 2.44923169955825E-43
108.0052751294401 3.9900519733636512 2.0 113.99532710280374 9.504172481757535E-43
165.8414449628077 18.435073509860715 25.991000475636344 210.2675189483048 2.0109283670613704E-43
186.10888242216845 16.160338449123078 12.257852976105028 214.52707384739657 1.4321411294275002E-60
165.0159946313546 83.89893709136614 11.873959751167925 260.78889147388867 4.7188292374000685E-30
129.06291976280022 22.07981610568269 18.79905908916184 169.94179495764473 6.703461888437396E-31
77.08973001608275 63.60130544037083 47.89872232052015 188.58975777697373 0.03353173497220477
211.30666403711038 23.107931306638882 18.479784056407595 252.89437940015685 4.3947577051599495E-63
174.81906604319374 38.630947450945435 42.4736455279394 255.92365902207857 2.4490025798457837E-31
92.97435511676585 84.0094857422376 66.99300526355516 243.97684612255864 0.11747675984399106
92.20278297300507 87.10802664110892 70.59875264318295 249.90956225729695 0.21630897557584436
172.50649752472737 44.46668796987362 35.9994489365061 252.97263443110708 7.425528923881311E-31
159.56866852141906 16.43797447953443 16.837948375602654 192.84459137655614 9.824357418046444E-47
74.64407920869633 54.6608565432496 51.177564775031186 180.4825005269771 0.06956695249657889
37.058356864630916 19.88703853027949 26.355380339249738 83.30077573416014 0.06663387766219951
36.99438798021156 24.38071077708074 17.276897215029184 78.65199597232149 0.02228655650491009
61.82124898407297 59.01783955454313 50.1356191342215 170.9747076728376 0.5204607978516234
74.03117335957182 22.786860615257723 49.710495318572725 146.52852929340227 1.4376167277015847E-6
60.20955406109776 48.74479476250352 53.72871880625697 162.68306762985824 0.5436714508450258
111.31989220371105 53.869118097671105 66.84638836630283 232.035398667685 7.99092676509089E-6
202.45564756211039 21.03433351974708 35.19670005648629 258.6866811383438 5.2465265403928E-52
93.4554931562858 73.28022435084146 87.05200777876092 253.7877252858882 0.2846824509630692
253.1310465638711 7.063450550206242 7.493756508868553 267.6882536229459 8.65023746840798E-99
218.4193267660534 23.851295263699225 14.038641849804389 256.309263879557 2.8628301479698147E-68
32.99519230769231 3.0048076923076925 6.0 42.0 3.4334527370880184E-9
22.5 15.0 3.5 41.0 0.0012294117055373275
144.93158420865765 5.124664036416071 5.39967565770234 155.45592390277608 3.176545798917602E-55
35.91410424452583 28.0520425119435 20.003084012761434 83.96923076923076 0.10421549478465816
129.47378574070154 9.47622543375636 8.950588012690183 147.9005991871481 3.40107235023341E-43
85.26643342074411 27.86340943518029 23.227676754624813 136.35751961054922 3.883328644400891E-12
64.69058603088862 38.18404543083033 34.78406090843498 137.65869237015394 0.0029014213742128616
34.69367735680757 35.09575155207648 24.143763747946082 93.93319265683013 0.2917753664217833
90.97873790927724 66.08593334739591 54.11011310329725 211.17478435997037 0.006570638957067802
128.6084436313863 44.86190011280718 56.70612525299324 230.17646899718673 2.3652437828418292E-12
40.17796940270713 35.398935109610214 7.472502732651365 83.0494072449687 1.2716105373458638E-5
28.267058826787483 21.681888941475414 25.333526562436305 75.2824743306992 0.6480872322157463
184.71786522944694 11.287927013667423 12.251359061146458 208.25715130426082 4.194514771319245E-63
63.52717044512725 13.855635878100037 57.97076885782165 135.35357518104894 7.414095229579218E-8
178.31104763431676 27.51377751808205 19.491111628181766 225.31593678058059 5.167411332581575E-47
87.72001900126135 58.812129028968386 56.01652613088899 202.54867416111873 0.010427276276102954
72.86128510471602 53.54442242318453 46.34111423001941 172.74682175791995 0.038162506408596905
100.4306517260516 30.893176821059278 39.68216574188056 171.00599428899145 1.1901717682721215E-11
1.0 0.0 1.005050505050505 2.005050505050505 0.6057595417076964
Not enough genes
Cannot perform polytomy test with effective N (after polytomies) 2.005050505050505:
	(P_011739,P_011607):0.0;
3.0068027210884356 0.07575757575757576 0.04215625644197073 3.124716553287982 0.06196053649507104
Not enough genes
Cannot perform polytomy test with effective N (after polytomies) 3.124716553287982:
	(P_011677,(P_011739,P_011607):0.0):0.900067896367268;
3.0710659898477157 2.452902379225802 0.017766497461928935 5.541734866535447 0.2439900520174445
Not enough genes
Cannot perform polytomy test with effective N (after polytomies) 5.541734866535447:
	(P_011701,(P_011677,(P_011739,P_011607):0.0):0.900067896367268):0.22838995706015475;
43.121288270908764 39.997136958032655 29.66187818484886 112.78030341379028 0.26714286490126
0.9949748743718593 0.005025125628140704 0.0 1.0 0.373439085486007
Not enough genes
Cannot perform polytomy test with effective N (after polytomies) 1.0:
	(P_011681,P_011719):0.28266953062823674;
168.04962890618145 14.995003008001312 16.610943235229858 199.6555751494126 3.769262470037087E-51
2.0 0.0 0.0 2.0 0.1353352832366126
Not enough genes
Cannot perform polytomy test with effective N (after polytomies) 2.0:
	(P_011611,P_014073):0.6931471805599453;
12.986022923889166 6.9719430517855905 5.10689743583046 25.064863411505215 0.13142770928419806
69.02569874450522 37.857496817832605 31.53585851654007 138.41905407887788 1.615974405058846E-4
47.36870097279673 47.485899696838835 11.697672996909002 106.55227366654458 6.261258645541014E-6
36.742907072454834 37.2725469533912 13.435539825637848 87.45099385148387 0.001735903355588249
59.72067175326245 42.74767628917704 43.26908376869975 145.73743181113923 0.14692042904794303
45.19027432777665 31.146939113048358 40.683354867476574 117.02056830830159 0.2676648527377553
94.1811899500867 19.372544279935155 13.972540153779702 127.52627438380156 2.9274853547401676E-21
81.07561349258957 51.70663873337601 62.298524960741496 195.08077718670708 0.0333087945188593
107.75262526692029 41.30059315261704 62.02343181301362 211.07665023255095 7.312040301886139E-8
29.55159550029774 31.43333799388938 23.810023741027113 84.79495723521423 0.5723851974412775
68.15364562711801 18.51109395635667 12.817741637519553 99.48248122099423 7.350143881794089E-13
6.970770487682252 0.04040849673202614 0.11455605832076421 7.125735042735043 0.0012696644443667261
Not enough genes
Cannot perform polytomy test with effective N (after polytomies) 7.125735042735043:
	((P_011579,(P_008632,P_011671):0.14387939504359004):1.6311596074519845,(P_011713,((P_011705,((KAYP,(BCGB,ABSS):0.5641282070212322):0.22291635000177926,(WIGA,(Dhai,(Apet,Msal):0.04937976360435657):0.1545358283566782):0.40719000525900256):0.24467620960225986):0.057455993894633434,(P_006413,((P_016813,((GAP_80389,GAP_80390):1.737823430010286,((P_008646,P_011679):0.22170762959757323,(P_006412,P_008640):1.1451640023631475):0.15832806482920922):0.13814751042133042):0.471313581572975,(P_011673,((P_011537,(P_011701,(P_011677,(P_011739,P_011607):0.0):0.900067896367268):0.22838995706015475):0.07093861401983942,(P_011759,((P_011681,P_011719):0.28266953062823674,((P_011735,P_011675):1.4116301018242203,(P_011715,(P_011745,(P_011611,P_014073):0.6931471805599453):0.2841273754314522):0.2779201929850677):0.17511245170058978):0.13136936207116734):0.11707895895229001):0.07726181411285445):0.9142093391769811):0.1280845656811569):0.3039809786082214):0.016807102657279936):0.7285587131719242):1.5455014275770416;
1.0 0.9940828402366864 0.005917159763313609 2.0 0.6119058920068069
Not enough genes
Cannot perform polytomy test with effective N (after polytomies) 2.0:
	(P_011709,((P_011579,(P_008632,P_011671):0.14387939504359004):1.6311596074519845,(P_011713,((P_011705,((KAYP,(BCGB,ABSS):0.5641282070212322):0.22291635000177926,(WIGA,(Dhai,(Apet,Msal):0.04937976360435657):0.1545358283566782):0.40719000525900256):0.24467620960225986):0.057455993894633434,(P_006413,((P_016813,((GAP_80389,GAP_80390):1.737823430010286,((P_008646,P_011679):0.22170762959757323,(P_006412,P_008640):1.1451640023631475):0.15832806482920922):0.13814751042133042):0.471313581572975,(P_011673,((P_011537,(P_011701,(P_011677,(P_011739,P_011607):0.0):0.900067896367268):0.22838995706015475):0.07093861401983942,(P_011759,((P_011681,P_011719):0.28266953062823674,((P_011735,P_011675):1.4116301018242203,(P_011715,(P_011745,(P_011611,P_014073):0.6931471805599453):0.2841273754314522):0.2779201929850677):0.17511245170058978):0.13136936207116734):0.11707895895229001):0.07726181411285445):0.9142093391769811):0.1280845656811569):0.3039809786082214):0.016807102657279936):0.7285587131719242):1.5455014275770416):0.0;
16.870792521400844 13.720584628197468 12.419672574158596 43.01104972375691 0.6939498790077017
114.04602757451063 47.77304876718403 24.84727953017856 186.6663558718732 1.0559931041569385E-15
116.10678830507696 84.64946263278333 31.5805250948996 232.33677603275987 5.825764868897046E-11
170.11480641599712 27.13233291278764 30.76933379302508 228.01647312180984 1.0626261926173871E-38
125.90211563240179 41.04326599880095 54.83597717149195 221.78135880269468 6.581259084059047E-13
90.72600286440898 108.92931846935895 23.851324980094144 223.50664631386206 1.9988348571149232E-12
13.797149412185254 3.350155367324003 1.23121085054133 18.378515630050586 6.191122446212893E-4
5.903576570638521 4.973570004179695 5.044813520909204 15.921960095727421 0.9507735190925745
232.83404878096306 9.438172000461252 9.13583397980021 251.40805476122455 4.716373015635378E-87
23.260800255078447 20.063520019723224 2.5524569763831626 45.87677725118483 2.9540727343641395E-4
99.93930084210106 39.033511424377764 63.066027067190646 202.03883933366947 8.531493657043259E-7
102.33249192166657 71.63229003616784 46.56108308635134 220.52586504418576 2.4558767036216082E-5
57.59594564263163 41.248302611813 53.81624207941945 152.6604903338641 0.23706555194367007
54.70038720408638 54.56730862965093 42.21878279272537 151.48647862646268 0.36147456976148834
135.6679684799528 73.29327398284683 37.62953783974962 246.59078030254926 9.772770063685688E-14
130.71984598411495 85.05727116799342 5.222882847891633 221.0 1.6365858058386922E-24
133.936577261217 1.944949199772433 11.931304746461263 147.81283120745067 2.4670097933776333E-48
93.20922846252114 22.782029668303046 39.93199938981538 155.92325752063957 5.368319370776967E-12
249.06985034731858 9.227414142597729 4.786431552398861 263.0836960423152 1.7731909372255617E-97
263.92248062015506 0.15891472868217055 1.3947951273532668 265.47619047619054 5.232373675509958E-114
133.03304593357336 2.984375 6.9825790664266165 143.0 1.467017482453713E-50
174.4830125061378 12.833333333333332 21.18365416052885 208.5 1.7285428727264126E-52
149.5151007563068 43.48383838383838 28.98994974874372 221.9888888888889 3.8689852424002683E-26
193.99494949494948 3.005050505050505 3.0 200.0 6.148921827694524E-80
218.828231292517 7.249999999999999 6.421768707482993 232.49999999999997 1.1290362934740424E-84
234.7837491157829 5.8698579777948465 3.2503674578012207 243.90397455137898 4.111833181943308E-95
105.63172560407058 51.48090419763492 83.41781999387202 240.5304497955775 9.692979634887578E-5
192.1899125550937 15.880486759705445 9.972565658245992 218.04296497304514 8.73296218867489E-65
131.92023301457687 53.67287813977124 53.01800316769558 238.61111432204368 5.783122773814055E-12
229.73159368445042 12.256527020220506 13.564490412867352 255.55261111753828 1.2738985323430773E-80
227.93986228930686 7.917203276843416 15.512930809140004 251.3699963752903 1.4103578895844977E-81
133.91494283715988 55.8912544804555 54.0789657177252 243.88516303534058 7.976069217129298E-12
88.49419469583347 79.8484263189124 77.29895648302386 245.64157749776973 0.6567211867039969
251.12993721098968 3.4990420194211045 5.674159825490906 260.3031390559017 3.815843411186228E-102
200.3920932224474 21.286700994159776 16.624738165519634 238.3035323821268 9.484662163349356E-61
79.39203669878184 63.822421872558266 71.83005565124031 215.04451422258043 0.42926438800326083
84.34977407015099 68.28394378927784 65.64752622109746 218.28124408052628 0.24454483064159163
132.19950810148808 51.981172185232566 56.30400302570991 240.48468331243055 9.364225406305768E-12
243.86183183099797 2.8921553388049293 5.250758818421071 252.004745988224 7.956056201138245E-100
86.51805530532567 78.08307157755631 74.38194000892138 238.9830668918034 0.6152863526919634
116.35426296348908 59.81665492314 62.74947523466481 238.92039312129387 2.987950214923997E-6
157.73734085687985 33.01220207061752 37.47109298609913 228.2206359135965 2.614302541043332E-29
148.93719336382566 32.942741841144766 45.522116806844515 227.40205201181493 6.14516395067721E-24
98.08557368646018 2.0860686209908046 7.618830262394419 107.7904725698454 7.677482579701577E-36
61.422978832993586 57.50601305390719 53.77706157374955 172.7060534606503 0.775752268440852
68.9489114451926 58.276330489855425 51.749046168625355 178.9742881036734 0.28260236038713227
173.62589103748263 20.134957225329675 19.9385277879679 213.69937605078022 1.146804477674564E-48
64.41960892868752 48.73085943717619 61.963743752968554 175.11421211883226 0.29523127617151157
227.78273771326695 9.920675641801127 4.9425213495174285 242.6459347045855 1.1542715785874164E-87
62.172506855213236 51.81017713287437 47.99186094714733 161.97454493523495 0.3689039985108713
215.07725297407922 10.99062440516239 9.08009692169693 235.14797430093853 2.2248559331758906E-78
163.50473154262406 21.59213089044468 18.748853697618376 203.84571613068712 1.6461557092832625E-44
62.70327462830155 50.21358066738412 52.50581253143586 165.42266782712153 0.44857075708339333
239.96844618698594 0.14701796287616575 2.914386822928985 243.02985097279108 2.478466413501549E-102
90.59040062454599 47.13231090384515 48.04787992838366 185.77059145677478 4.741073960265687E-5
60.8344528534517 52.26183412525366 46.51492936163442 159.61121634033978 0.3768101973113156
57.4998461242577 49.75873524961315 49.153307622345366 156.41188899621622 0.6600571063702734
60.36716228158333 46.99531681925739 55.0488130232608 162.41129212410152 0.4329097801814754
60.83633059569556 56.327133871307765 51.129991742361284 168.2934562093646 0.6566767067089421
66.05181188414682 47.86279532385287 52.8328420092352 166.7474492172349 0.20390973616199407
61.76191025815329 50.51854392806494 61.98225426301198 174.26270844923022 0.47715541834739816
207.81477973990567 15.293050517839625 12.284333594738264 235.39216385248355 3.396462960690235E-70
193.4528966223682 24.655880371578235 17.911147649240547 236.01992464318698 2.472611760390022E-55
248.96408428995582 8.523054679767558 4.760111747696483 262.2472507174199 5.480905497771671E-98
242.67836290759658 7.583639926743816 9.008581389245823 259.27058422358624 9.501956822842747E-93
218.4990337950267 13.4898701408745 17.011096064098822 249.0 8.56648795987962E-73
234.5 1.0 4.5 240.0 6.243020460447498E-98
186.49367088607596 31.008780094316204 36.0 253.50245098039215 7.410668451839352E-41
258.6361072136193 2.156169386458531 3.1962382295741087 263.988514829652 1.6497979114765811E-108
218.0 8.0 21.0 247.0 9.181658132099025E-74
261.40353611130445 1.0333028083028084 0.5062352901335953 262.94307420974087 6.338116499794403E-113
145.3357628716623 12.439565996640292 17.776767636913625 175.5520965052162 9.819471796952795E-43
84.7946638288078 79.42251129585203 77.55252118930078 241.7696963139606 0.839133962356727
126.08392114498632 67.66315495016343 54.479472355453304 248.22654845060305 2.382574738016433E-8
109.782972084895 80.66925136738789 57.14651301129273 247.59873646357562 2.195430607984406E-4
249.011878623992 1.9881213760080012 1.0 252.0 2.600636007101313E-106
168.1020540580194 41.08548687842231 41.694609961420184 250.8821508978619 1.6053907347806976E-28
187.02873288788902 57.15385220511761 4.444702976280569 248.6272880692872 5.318085548691948E-47
103.39201724850773 58.67451436191997 87.3916815862988 249.4582131967265 0.0020827563341689784
101.09408103493878 55.57396593201332 90.62577692812525 247.29382389507734 0.0010126037677305562
177.78184225178467 31.522474407361823 46.29979704476134 255.6041137039078 9.008377898410155E-34
218.02157213871934 25.062138178599252 25.199814515983142 268.2835248333017 5.8889641352733905E-61
220.99446940235865 6.03705674500936 5.974091830160059 233.00561797752806 7.096549905116765E-87
225.48053035823747 9.05628056116139 11.005837493413287 245.54264841281216 7.834243575891434E-83
130.43105683656444 53.74727562691167 58.91401729897599 243.0923497624521 1.4274613206546327E-10
142.29828572579513 56.66455598074554 49.994518697381736 248.9573604039224 1.3604440834608882E-14
213.02320691562338 11.011289181983365 11.965503902393273 236.0 1.8005782782063414E-75
165.68224696252778 42.36601195497919 49.82699045557348 257.87524937308046 7.005168208998735E-25
243.28164348933007 7.047593314920604 4.844057889535796 255.1732946937865 1.3346331650060665E-96
89.25940704729172 76.40185425536575 84.08822607960421 249.7494873822617 0.6048468537096103
252.40647594584308 3.7462015109073934 3.4028780988050653 259.55555555555554 2.5021306812272175E-104
104.19975631797168 32.75919066324279 103.62827677549717 240.58722375671164 7.246014832108852E-10
224.69968961617582 3.7925218152935902 31.104724656809022 259.5969360882784 1.6051314487497693E-73
111.30062667492703 73.17891263478081 73.5418510646237 258.02139037433153 0.0037754672869590757
88.9672684007453 77.01149573819951 79.03089909086131 245.00966322980614 0.6056150785958605
183.49746190642145 34.96641560686505 36.50808449428625 254.97196200757276 6.435984150887008E-38
246.97215180703643 6.170356960124117 2.5099533540515426 255.65246212121207 9.46044676932805E-101
233.94207206492618 18.563597415661025 11.038700344421917 263.54436982500914 6.214249705690811E-80
112.26450804719063 97.52176646509326 55.8555200360731 265.641794548357 6.340161484629944E-5
251.7427681647339 4.63242416527283 12.43595836858683 268.81115069859356 2.3020043330151984E-96
238.98882275745856 11.708709691229886 15.963031604831214 266.6605640535197 2.6048170467010978E-83
243.8238622927481 14.058392240210352 8.573514743308223 266.45576927626666 7.10083122788006E-89
103.72278863243442 64.81365168100729 74.37839711533675 242.91483742877844 0.006239349966135586
209.99419539634619 20.94815395175608 21.545316561503043 252.4876659096053 5.2636478837665655E-62
215.75342821232962 18.294721096721076 25.75477898637907 259.80292829542975 1.5581113069848595E-63
119.52120093621711 51.09377729412579 81.23104312467046 251.84602135501336 8.232912128635655E-7
219.4458488244354 16.277092846757 27.297370454115143 263.02031212530756 2.1861431343345337E-65
269.50713164514923 2.2226875289047094 0.8290804370692608 272.5588996111232 3.7116024350571902E-115
163.60638526419538 24.615294845054073 79.6001633090177 267.8218434182672 1.4576922169339069E-24
173.48712499382938 22.82082966642909 68.35518577325499 264.6631404335135 4.0328344140355385E-30
53.58234484942274 18.71993202804078 23.74754167655603 96.04981855401955 1.5232835639128394E-5
113.00328045540661 64.64511614262791 69.04330024364003 246.69169684167457 1.6729622494962608E-4
114.54621001677606 62.59122643267392 34.81474284146674 211.95217929091672 8.533971790492473E-11
115.66399351733577 73.87892205111878 18.636423099924297 208.17933866837882 1.4986497232683038E-15
143.72820153317767 83.48450947923229 31.529424009601996 258.74213502201195 1.3301296023967147E-16
156.11123589700415 95.99104748276407 8.197773007043516 260.3000563868117 2.0115141972818082E-28
185.4943220452072 14.913359070091571 56.86131740650686 257.26899852180566 9.745866662147725E-41
132.8706227234318 47.85847061989697 47.50147983510114 228.2305731784299 1.5480944336251706E-14
141.94625238669107 42.35358176996803 41.25252680332697 225.55236095998606 4.879296167237977E-20
30.7567224838114 2.703067597594045 4.409420674348314 37.869210755753755 3.0900832091531873E-9
219.96977970607327 4.17971099644339 5.248640238350326 229.398130940867 1.8941692404838627E-88
162.9927226772039 2.953139004386907 0.08836264120795245 166.03422432279876 6.087390640457912E-69
75.26041539886027 71.84217202776063 68.62297275784705 215.72556018446795 0.8579482402676594
75.26600024991025 73.13478734215263 68.70213415322496 217.10292174528786 0.8564686005412228
14.090741166404882 6.053933378269662 1.9093795093795094 22.054054054054053 0.0054185145455086
3.913550524390759 3.0965736107333757 1.010989010989011 8.021113146113146 0.432612773655916
Not enough genes
Cannot perform polytomy test with effective N (after polytomies) 8.021113146113146:
	(S04,(S27,P_016789):0.5392366261650218):0.16338031863906444;
15.549190193706366 6.163134813577098 3.68516491873314 25.397489926016604 0.009790793114872359
38.40237973423388 24.599821870835157 29.43026813642767 92.4324697414967 0.20347675905495824
64.96473415799436 17.999173863937422 19.76881233331041 102.7327203552422 1.031378557552289E-9
83.92012663199718 59.665713020031156 62.271178232601116 205.85701788462944 0.07549481080284429
98.49632671796692 68.96994324909174 59.84166120795647 227.30793117501514 0.0045726576089027944
38.51009193318866 28.758367535262323 22.461270581230036 89.72973004968102 0.11235539102153533
34.341468122939276 27.543052271730804 25.668467847628666 87.55298824229874 0.4898835205811667
2.027174922600619 1.5164138286893705 1.3847936016511868 4.928382352941176 0.9323104849763841
Not enough genes
Cannot perform polytomy test with effective N (after polytomies) 4.928382352941176:
	(((P_018639,P_018779):0.3977464044160794,(P_018695,(P_018645,P_018783):0.20375562272768136):0.3665010564504027):0.39960131357864925,(P_018691,((P_016797,(OBPL,(P_016799,GAP_80397):0.40051394220692726):0.5044472546634103):0.8611685194894457,((P_016793,(P_006422,P_016795):0.4611725950866106):0.5795045149509637,(P_018693,((S08,P_014095):1.1613326954836922,(((P_014099,S03):2.6898155310465173,(P_016791,(P_016787,S02):3.3161173020107637):0.021113385277642425):0.01779839099050496,(S38,(S04,(S27,P_016789):0.5392366261650218):0.16338031863906444):0.4837954579567026):0.12389369181127607):0.578757678299239):0.1148915671777823):0.15914598209828448):0.14696134648617912):0.08524256774716113):0.013000174546226364;
4.809523809523809 0.0028011204481792717 0.017692791402275195 4.830017721374264 0.008490850793580721
Not enough genes
Cannot perform polytomy test with effective N (after polytomies) 4.830017721374264:
	(P_007845,(((P_018639,P_018779):0.3977464044160794,(P_018695,(P_018645,P_018783):0.20375562272768136):0.3665010564504027):0.39960131357864925,(P_018691,((P_016797,(OBPL,(P_016799,GAP_80397):0.40051394220692726):0.5044472546634103):0.8611685194894457,((P_016793,(P_006422,P_016795):0.4611725950866106):0.5795045149509637,(P_018693,((S08,P_014095):1.1613326954836922,(((P_014099,S03):2.6898155310465173,(P_016791,(P_016787,S02):3.3161173020107637):0.021113385277642425):0.01779839099050496,(S38,(S04,(S27,P_016789):0.5392366261650218):0.16338031863906444):0.4837954579567026):0.12389369181127607):0.578757678299239):0.1148915671777823):0.15914598209828448):0.14696134648617912):0.08524256774716113):0.013000174546226364):1.3372681945361156;
251.29003921287872 6.718274931027147 5.2234021116779665 263.2317162555838 5.086235356584422E-100
172.33177986520533 38.19742025324436 31.748530388465948 242.27773050691565 1.328289745816751E-34
117.50219527881434 8.167019172365402 1.859559209396877 127.52877366057662 6.404724201903414E-44
106.94024358622373 14.81307546274324 9.246680951033037 131.0 1.1467966167179895E-30
58.745535714285715 4.248633879781421 25.005830405932866 88.0 6.299346746998065E-12
Extended species tree:
(P0109B,((P_018831,OSHQ)0:0.8775318687991825,((P_016909,WZFE)0:1.631759315805437,(P0203H,((((SJEV,(P_019193,(Wsal,P_019187)0:0.7436059277077604)0:1.0099301573259587)0:2.0328182319231254,(P_016921,(GAP_81227,(WKSU,(Pcol,(P_006410,GAP_81226)0:1.1189971634900684)0:0.7999703979481936)0:0.14525196828796144)0:0.44632256683605664)0:2.619054681497055)0:1.899309756078009,(((P_025527,(P_025525,P_025523)NA:0.6931471805599453)NA:0.723562459082811,(P_019189,((P_019197,PAWA)0:0.6035715860668676,(Asie,QDVW)0:3.6652395619012803)0.00348:0.10213203300560113)0.05246:0.2867014907776338)0.41869:0.00855655107740874,(((P2589,OPDF)0:0.9129717144656844,(CSSK,P_019185)0.22078:0.06705037444699548)0:1.4850824953591049,((P_019191,P_019199)NA:0.7704312657944021,(GAP_80417,(P2590,GAP_79804)0:2.0926706996923867)0.00002:0.7493433423297884)0:0.9176035659658442)0:1.700376840961063)0:1.4625412922597347)0.00001:0.17527011886746044,((WPHN,(P_011613,(((P_011609,(P2619,Sdec)NA:1.8971199848858815)0:1.9348568939543567,(MAQO,(WAIL,(P_011527,((GAP_80298,P_014077)0.35377:0.08947515598686821,(GAP_80297,P_014083)0:2.317559708430251)0.00019:0.2846715154591755)0:0.3779337711875429)0:0.5759585266155789)0:1.4591459577013646)0.00047:0.14824349565072353,(((GAP_79862,P_011587)0:1.425782538784556,(P_014081,(P0104A,P_008647)0:3.149882953381249)0:2.3949383939345483)0:1.1315738275717657,(((KRJP,(P_011549,GAP_80395)0:1.5860081872928118)0:0.5897063493409227,((P_011643,(P_011657,(P_011509,P_011651)0:1.001076482257377)0.03353:0.11644399168205516)0:1.3798874033675013,((GAP_80393,GAP_80394)0:0.7353199274461047,((P_011647,(P_011465,(P_011501,(P_011523,(P_011489,P_011487)0.11748:0.07180168344041875)0.21631:0.05256911213721033)0:0.7315739788236182)0:1.3271485044361064)0.06957:0.12437651311642349,((P_011637,P_011551)0.06663:0.1736337650622721,((P_011631,P_007844)0.02229:0.21899634719726457,(P_007843,(P_007783,P_006414)0.52046:0.04000783691627331)0:0.29130703602465885)0.54367:0.053151263141381695)0.00001:0.24403885217309615)0:1.1069144273782996)0.28468:0.05149984812994037)0:2.4435626832540582)0:1.4840780835958973,((P_011531,(P_011699,(P_006411,Schi)0:1.0526692608930814)0.00123:0.36179004460550285)0:2.202847931911672,(VYLQ,(P_018635,(P_008631,(P_011709,((P_011579,(P_008632,P_011671)0.10422:0.14387939504359004)0:1.6311596074519845,(P_011713,((P_011705,((KAYP,(BCGB,ABSS)0:0.5641282070212322)0.0029:0.22291635000177926,(WIGA,(Dhai,(Apet,Msal)0.29178:0.04937976360435657)0.00657:0.1545358283566782)0:0.40719000525900256)0.00001:0.24467620960225986)0.64809:0.057455993894633434,(P_006413,((P_016813,((GAP_80389,GAP_80390)0:1.737823430010286,((P_008646,P_011679)0:0.22170762959757323,(P_006412,P_008640)0:1.1451640023631475)0.01043:0.15832806482920922)0.03816:0.13814751042133042)0:0.471313581572975,(P_011673,((P_011537,(P_011701,(P_011677,(P_011739,P_011607)NA:0.0)NA:0.900067896367268)NA:0.22838995706015475)0.26714:0.07093861401983942,(P_011759,((P_011681,P_011719)NA:0.28266953062823674,((P_011735,P_011675)0:1.4116301018242203,(P_011715,(P_011745,(P_011611,P_014073)NA:0.6931471805599453)0.13143:0.2841273754314522)0.00016:0.2779201929850677)0.00001:0.17511245170058978)0.00174:0.13136936207116734)0.14692:0.11707895895229001)0.26766:0.07726181411285445)0:0.9142093391769811)0.03331:0.1280845656811569)0:0.3039809786082214)0.57239:0.016807102657279936)0:0.7285587131719242)NA:1.5455014275770416)NA:0.0)0.69395:0.07795749313193978)0:0.5302793879707584)0:0.2828799801864738)0:0.9524594404189901)0:0.42726044141131636)0:0.11223873416054687)0.00062:0.8392663142087445)0.95077:0.023581976859789924)0:2.151379474208589,((((P2623,P2622)0.0003:0.28013381581888336,(P0110C,(XQWC,(P0207A,(P0110B,(P0207C,(P0207B,(P0206H,P0206G)0:0.27223726470538456)0.00002:0.2143270882921226)0.23707:0.06426014627562886)0.36147:0.03882846683164243)0:0.38850274220521847)0:0.4832788809211285)0:1.8974579950207902)0:0.4958869974138916,((DHPO,GAP_80322)0:2.46182815356791,((P_012941,P_012795)0:4.242272642541743,((P_012861,((P_012855,(P_012827,P_007802)0:2.169461616042965)0:1.3834253305447184,((P_018637,P_012813)0:0.7047281179334427,(P_012921,P_012919)0:2.9512084103306115)0:2.3617918178228368)0:2.780865145145274)0.0001:0.16962050988092864,(((P_012797,(P_012841,((P_012877,P_012913)0:1.6934232909693439,(P_012811,(P_012895,P_012891)0:0.3942872309921099)0:1.8526828342944808)0:1.9296137683443624)0:0.38606239143299714)0.65672:0.03894367062102413,((((P_012883,P_012925)0:2.840459084719483,(P_012857,(P_012815,P_012903)0:1.4109793748128518)0.42926:0.05257832006366561)0.24454:0.08012299735135267,(P_012875,((P_012831,P_012905)0:0.38738018778747085,(P_012901,(P_012851,P_012887)0:2.9149639690586353)0.61529:0.041630654629082414)0:0.2580655852611987)0:0.7597561203740669)0:0.6503274595718704,(P_018689,((P_012885,(GAP_80294,P_006420)0:1.9132571779274714)0.77575:0.03087627992927063,(P_012859,(((P_012907,GAP_80291)0.2826:0.07759009498243899,(P_012881,P_012873)0:1.2484109108102472)0.29523:0.04989921926781362,((P_012897,(GAP_80293,P_012893)0:2.3262492044237804)0.3689:0.07497033998120803,((P_012911,(P_012917,P_012821)0:2.011109048166478)0:1.1949376126334212,(P_012889,((P_012863,P_006418)0.44857:0.0673765256481748,(P_012793,(GAP_80292,P_006419)0:3.690296529631335)0.00005:0.25819255201469427)0.37681:0.0705862057766403)0.66006:0.04911053101286691)0.43291:0.055647837630340584)0.65668:0.039813588990793784)0.20391:0.09501005704820875)0.47716:0.029011061875574104)0:1.7074113893307137)0:1.28837847350955)0:2.5085469282838515)0:2.28879985663403,((P_012867,((P_012899,P_012817)0:1.665977591219151,(P_012847,P_012923)0:3.207529648480899)0:0.9142085425323015)0:3.3253874834976545,(P_012843,(((P_012937,(P_006421,P_012939)0:1.7067662563946624)0:4.238286130309425,(P_012803,(P_012853,(P_012829,P_012837)0:1.3272094173224642)0.83913:0.02421113574301414)0:0.2995539526652777)0.00022:0.17722737050853335,(((P_012801,(P_012879,P_012809)0:3.744604093674986)0:0.6953007434504622,(P_012839,(P_012805,(P_012825,(YZRI,P_012799)0:0.9777616519416517)0.00208:0.1269441869245248)0.00101:0.11735725111751502)0:0.7748737859548278)0:1.2533508979579522,((P_012909,((P_012865,(P_012931,(P_012933,P_012935)0:2.4840734427593847)0:2.0545938122418117)0:0.35885861702554517,((P_012807,P_012845)0:0.43685571858014943,(P_012849,P_012871)0:1.8855086252990583)0:0.6162085374615018)0:2.583809131359063)0.60485:0.034545555692042526,((GAP_81172,P_012833)0:3.059446005884071,((P_012927,(GAP_80295,PSJT)0:0.15896031136059846)0:1.5768492067582722,((P_012915,P_012791)0.00378:0.15612177861600357,(P_012869,(P_012823,(P_012819,P_012835)0.60562:0.04338990881976561)0:0.8563680297164157)0:2.8721638161309095)0:1.751468782594765)0.00006:0.14104153748189097)0:2.298093574842972)0:1.828342503734179)0:2.0208913063144407)0.00624:0.14834076963033424)0:1.357239234865872)0:1.350538062949685)0:0.23452717455279995)0:1.3733998086321164)0:3.8068985249631524)0:0.5325735298190103)0:0.6530640482849928,(P_007845,(((P_018639,P_018779)0.00002:0.3977464044160794,(P_018695,(P_018645,P_018783)0.00017:0.20375562272768136)0:0.3665010564504027)0:0.39960131357864925,(P_018691,((P_016797,(OBPL,(P_016799,GAP_80397)0:0.40051394220692726)0:0.5044472546634103)0:0.8611685194894457,((P_016793,(P_006422,P_016795)0:0.4611725950866106)0:0.5795045149509637,(P_018693,((S08,P_014095)0:1.1613326954836922,(((P_014099,S03)0:2.6898155310465173,(P_016791,(P_016787,S02)0:3.3161173020107637)0.85795:0.021113385277642425)0.85647:0.01779839099050496,(S38,(S04,(S27,P_016789)0.00542:0.5392366261650218)NA:0.16338031863906444)0.00979:0.4837954579567026)0.20348:0.12389369181127607)0:0.578757678299239)0.07549:0.1148915671777823)0.00457:0.15914598209828448)0.11236:0.14696134648617912)0.48988:0.08524256774716113)NA:0.013000174546226364)NA:1.3372681945361156)0:2.610908441041855)0:0.8268202779194567)0:2.0503791157338283)0:1.2560735851781846)0:0.6735275083429023));
Weight calculation took 144.289732012 secs
ASTRAL finished in 182.244 secs
