
================== ASTRAL ===================== 

This is ASTRAL version 5.7.7
Gene trees are treated as unrooted
282 trees read from all_bs10.trees
index223
All output trees will be *arbitrarily* rooted at P0109B

======== Running the main analysis
Number of taxa: 243 (243 species)
Taxa: [Apet, WAIL, MAQO, KRJP, VYLQ, WPHN, YZRI, DHPO, P_012941, P_012795, P_012855, P_012827, P_007802, P_018637, P_012813, P_012921, P_012919, P_012797, P_012857, P_012901, P_012851, P_012887, P_012831, P_012905, P_012875, P_012883, P_012925, P_012815, P_012903, P_012841, P_012877, P_012913, P_012895, P_012891, P_012811, P_018689, P_012907, P_012897, P_012863, GAP_80291, P_012889, P_006418, P_012793, P_012917, P_012821, P_012911, GAP_80292, P_006419, GAP_80293, P_012893, P_012881, P_012873, P_012885, P_012859, GAP_80294, P_006420, P_012861, P_012843, P_012853, P_012803, P_012839, P_012909, P_012807, P_012845, P_012849, P_012871, P_012931, P_012933, P_012935, P_012865, GAP_80295, P_012927, PSJT, P_012915, P_012791, P_012823, P_012819, P_012835, P_012869, GAP_81172, P_012833, P_012801, P_012879, P_012809, P_012799, P_012825, P_012805, P_012829, P_012837, P_012937, P_006421, P_012939, P_012899, P_012817, P_012847, P_012923, P_012867, P2590, GAP_79804, P_011699, P_011527, GAP_80298, GAP_80297, P_011657, P_011643, P_011509, P_011651, P_011647, P_011637, P_007783, P_011551, P_007843, P_006414, P_011489, P_011487, P_011523, P_011501, P_011465, GAP_80393, GAP_80394, P_006411, P_011549, GAP_80395, P_014081, P0104A, P_008647, GAP_79862, P_019189, P_019197, GAP_80322, P0110C, P0110B, P0207A, P0207B, P0206H, P0206G, P0207C, XQWC, P2623, P_018691, P_011701, P_018639, P_016799, GAP_80397, OBPL, P_016797, P_006422, P_016795, P_016793, P_018693, P_016789, S27, P_018779, P_014099, S03, P_016791, P_016787, P_018645, P_018783, P_018695, CSSK, P_019185, P2589, OPDF, PAWA, Asie, QDVW, P_016909, P_018831, WZFE, GAP_81227, P_016921, Pcol, P_006410, GAP_81226, WKSU, SJEV, Wsal, P_019187, P_019193, P_008632, P_011671, P_011673, P_011735, P_011715, P_006413, P_011713, P_016813, WIGA, P_008646, GAP_80389, GAP_80390, P_006412, P_008640, P_011745, P_011739, P_011679, BCGB, ABSS, Dhai, KAYP, P_011705, P_011681, P_011537, P_011759, P_011675, P_008631, P_018635, P_011677, Schi, P_011531, P_011587, P_011631, P_014077, P_014083, P2619, P_019191, P2622, S08, S38, S02, P0203H, OSHQ, P0109B, GAP_80417, P_025525, P_011579, Msal, S04, P_007844, P_025527, P_011609, P_014095, P_011611, P_011709, P_011613, Sdec, P_025523, P_014073, P_019199, P_011607, P_007845, P_011719]
Taxon occupancy: {P_019193=192, P_019191=42, P_019197=226, OPDF=267, GAP_81172=272, P_018783=269, P_019199=18, Wsal=191, P_016921=266, WKSU=280, P_025523=13, P_025525=38, P_025527=17, P_014073=8, P0203H=131, P_014077=101, QDVW=271, P_011487=268, P_011489=271, P_016813=238, P_006421=268, P_006422=267, P_006420=113, P_006418=260, P_006419=261, P_006414=265, P_014081=123, P_014083=136, P_018689=271, P0206H=237, P0206G=216, Msal=242, P0109B=88, P_012901=265, P_006410=257, P_006411=250, P_012903=272, P_006412=268, P_006413=260, P_012905=274, P_012907=275, GAP_79862=251, PAWA=269, ABSS=278, P_012909=268, P_018691=103, GAP_80291=274, P_018695=262, P_014095=47, GAP_80293=267, GAP_80292=259, P_018693=257, GAP_80295=264, GAP_80294=260, P_014099=260, GAP_80297=262, GAP_80298=260, P_012911=271, P_011701=11, P_012913=224, P_012915=267, P_011705=96, P_012917=248, P_012919=229, P_011709=9, P_012881=269, P_011671=125, P_011551=93, MAQO=275, P_012883=269, P_011673=159, P_012885=262, GAP_80322=270, P_011675=230, P2590=207, P_012887=268, P_011677=153, P_012889=263, P_011679=168, P_008647=232, PSJT=271, P2589=205, P_012891=255, P_011681=124, P_012893=270, P_018637=251, P_012895=265, P_018635=206, P_012897=266, P0207C=247, P_012899=262, P0207B=254, P0207A=252, P_018639=195, P_008646=272, P_008640=272, BCGB=276, WZFE=275, P_018645=264, KRJP=276, KAYP=167, P_011699=54, P_011579=151, CSSK=266, P_008632=270, P_007783=234, P_016909=270, P_008631=49, P_019187=254, P_019185=241, Sdec=16, P_019189=216, P_012791=266, P_012793=267, P_012795=271, Asie=214, P_011465=269, P_018779=134, P_012797=267, P_011587=133, P_012799=265, GAP_80417=96, WIGA=271, P_007802=168, GAP_79804=180, P_012841=263, P_011631=151, P_012843=273, Pcol=195, P_012845=267, P_012847=255, P_011637=260, P_011759=200, P_012849=254, Apet=125, OBPL=276, P0110C=225, P0110B=156, P_018831=252, YZRI=276, P_012851=268, P_012853=264, P_011643=269, P_011523=271, P_012855=243, P_012857=264, P_011647=212, P_011527=137, P_012859=261, WAIL=278, P_016789=261, P_012861=264, P_011651=208, P_016787=262, P_011531=163, P_012863=272, P_012865=260, Schi=186, P_012867=266, P_011657=201, P_011537=151, P_012869=262, P_016793=260, P_016791=269, P_016797=270, SJEV=274, P_016795=257, P_012871=249, P_012873=268, P_016799=266, P_012875=266, P_012877=264, P_012879=263, P_011549=219, P_007844=115, P_007845=5, S02=171, P_012921=209, S04=31, P_012801=268, S03=237, P_012923=256, P_011713=110, P_012803=271, P_012925=268, P_011715=188, S08=115, P_012805=263, P_007843=193, P_012927=263, P_012807=262, P_011719=2, P_012809=261, VYLQ=275, DHPO=277, GAP_80390=238, P2622=159, P2623=53, GAP_80394=273, XQWC=279, GAP_80393=276, GAP_80395=272, GAP_80397=270, P_012931=263, P_012811=267, WPHN=274, P_012933=244, P_012813=254, P_012935=255, P_012815=264, P_012937=270, P_012817=265, P_011607=3, P_012939=255, P_012819=257, P_011609=103, P2619=107, OSHQ=270, GAP_80389=248, P_012941=271, P_012821=266, P_011611=39, P_012823=265, P_011613=21, P_011735=260, P_012825=265, S27=151, P_012827=213, P_011739=188, P_012829=182, Dhai=261, P0104A=192, P_012831=256, P_011501=273, P_012833=263, GAP_81226=266, GAP_81227=271, P_011745=206, P_012835=262, S38=30, P_012837=269, P_012839=263, P_011509=270}
Number of gene trees: 282
282 trees have missing taxa
Calculating quartet distance matrix (for completion of X)
Species tree distances calculated ...
Will attempt to complete bipartitions from X before adding using a distance matrix.
Building set of clusters (X) from gene trees 
------------------------------
gradient0: 30493
Number of Clusters after addition by distance: 30493
calculating extra bipartitions to be added at level 1 ...
Adding to X using resolutions of greedy consensus ...
Limit for sigma of degrees:6125
polytomy size limit : 21
discarded polytomies:  [3, 3, 3, 3, 3, 3, 3, 3, 3, 3, 3, 3, 3, 3, 3, 3, 3, 3, 3, 3, 4, 4, 4, 4, 4, 4, 4, 4, 4, 4, 4, 4, 4, 5, 5, 5, 5, 5, 6, 6, 6, 6, 8, 8, 10, 11, 11, 13, 14, 21]
Threshold 0.0:
Threshold 0.01:
polytomy of size 3; rounds with additions with at least 5 support: 0; clusters: 30495
Threshold 0.02:
polytomy of size 5; rounds with additions with at least 5 support: 1; clusters: 30513
Threshold 0.05:
polytomy of size 3; rounds with additions with at least 5 support: 0; clusters: 30513
polytomy of size 8; rounds with additions with at least 5 support: 0; clusters: 30519
polytomy of size 4; rounds with additions with at least 5 support: 0; clusters: 30519
Threshold 0.1:
polytomy of size 3; rounds with additions with at least 5 support: 0; clusters: 30519
polytomy of size 3; rounds with additions with at least 5 support: 0; clusters: 30519
polytomy of size 3; rounds with additions with at least 5 support: 0; clusters: 30519
polytomy of size 10; rounds with additions with at least 5 support: 0; clusters: 30519
polytomy of size 3; rounds with additions with at least 5 support: 0; clusters: 30519
polytomy of size 3; rounds with additions with at least 5 support: 0; clusters: 30519
polytomy of size 4; rounds with additions with at least 5 support: 0; clusters: 30519
polytomy of size 3; rounds with additions with at least 5 support: 0; clusters: 30519
polytomy of size 4; rounds with additions with at least 5 support: 0; clusters: 30519
Threshold 0.2:
polytomy of size 4; rounds with additions with at least 5 support: 0; clusters: 30519
polytomy of size 5; rounds with additions with at least 5 support: 0; clusters: 30519
polytomy of size 5; rounds with additions with at least 5 support: 0; clusters: 30519
polytomy of size 13; rounds with additions with at least 5 support: 0; clusters: 30523
polytomy of size 4; rounds with additions with at least 5 support: 0; clusters: 30523
polytomy of size 4; rounds with additions with at least 5 support: 0; clusters: 30523
polytomy of size 4; rounds with additions with at least 5 support: 0; clusters: 30523
polytomy of size 4; rounds with additions with at least 5 support: 0; clusters: 30523
polytomy of size 6; rounds with additions with at least 5 support: 0; clusters: 30523
polytomy of size 11; rounds with additions with at least 5 support: 1; clusters: 30525
Threshold 0.3333333333333333:
polytomy of size 5; rounds with additions with at least 5 support: 0; clusters: 30525
polytomy of size 3; rounds with additions with at least 5 support: 0; clusters: 30525
polytomy of size 11; rounds with additions with at least 5 support: 0; clusters: 30527
polytomy of size 6; rounds with additions with at least 5 support: 0; clusters: 30527
polytomy of size 14; rounds with additions with at least 5 support: 0; clusters: 30527
polytomy of size 4; rounds with additions with at least 5 support: 0; clusters: 30527
polytomy of size 4; rounds with additions with at least 5 support: 0; clusters: 30527
polytomy of size 3; rounds with additions with at least 5 support: 0; clusters: 30527
polytomy of size 3; rounds with additions with at least 5 support: 0; clusters: 30527
polytomy of size 3; rounds with additions with at least 5 support: 0; clusters: 30527
polytomy of size 3; rounds with additions with at least 5 support: 0; clusters: 30527
polytomy of size 4; rounds with additions with at least 5 support: 0; clusters: 30527
polytomy of size 6; rounds with additions with at least 5 support: 0; clusters: 30527
polytomy of size 4; rounds with additions with at least 5 support: 0; clusters: 30527
polytomy of size 3; rounds with additions with at least 5 support: 0; clusters: 30527
polytomy of size 3; rounds with additions with at least 5 support: 0; clusters: 30527
polytomy of size 5; rounds with additions with at least 5 support: 0; clusters: 30527
polytomy of size 3; rounds with additions with at least 5 support: 0; clusters: 30527
polytomy of size 4; rounds with additions with at least 5 support: 0; clusters: 30527
polytomy of size 3; rounds with additions with at least 5 support: 0; clusters: 30527
polytomy of size 6; rounds with additions with at least 5 support: 0; clusters: 30527
polytomy of size 3; rounds with additions with at least 5 support: 0; clusters: 30527
polytomy of size 3; rounds with additions with at least 5 support: 0; clusters: 30527
polytomy of size 3; rounds with additions with at least 5 support: 0; clusters: 30527
polytomy of size 8; rounds with additions with at least 5 support: 0; clusters: 30529
polytomy of size 21; rounds with additions with at least 5 support: 0; clusters: 30557
max k is :2
Number of Clusters after addition by greedy: 30557
gradient0 in heuristiic: 30557
partitions formed in 23.93 secs
Dynamic Programming starting after 23.93 secs
Using tree-based weight calculation.
Using polytree-based weight calculation.
Polytree max score: 15446464277
Polytree building time: 0.261 seconds.
Number of quartet trees in the gene trees: 15446464277
Size of largest cluster: 243
Greedy score: 14383563629
estimationFactor: 1.0738968919953182
Sub-optimal score: 14535545892
Calculated 100000 weights; time (seconds): 178
Total Number of elements weighted: 100105
Normalized score (portion of input quartet trees satisfied before correcting for multiple individuals): 0.9463461181058737
Optimization score: 14617701507
Optimal tree inferred in 179.073 secs.
(P_016789,(S27,(S04,(S38,(((P_014099,S03),(P_016791,(P_016787,S02))),((S08,P_014095),(P_018693,((P_016793,(P_006422,P_016795)),((P_016797,(OBPL,(P_016799,GAP_80397))),(P_018691,(((P_018639,P_018779),(P_018695,(P_018645,P_018783))),(P_007845,((((P2623,P2622),(P0110C,(XQWC,(P0207A,(P0110B,(P0207C,(P0207B,(P0206H,P0206G)))))))),((DHPO,GAP_80322),((P_012941,P_012795),((P_012861,((P_012855,(P_012827,P_007802)),((P_018637,P_012813),(P_012921,P_012919)))),(((P_012797,(P_012841,((P_012877,P_012913),(P_012811,(P_012895,P_012891))))),((((P_012883,P_012925),(P_012857,(P_012815,P_012903))),(P_012875,((P_012831,P_012905),(P_012901,(P_012851,P_012887))))),(P_018689,((P_012885,(GAP_80294,P_006420)),(P_012859,(((P_012907,GAP_80291),(P_012881,P_012873)),((P_012897,(GAP_80293,P_012893)),((P_012911,(P_012917,P_012821)),(P_012889,((P_012863,P_006418),(P_012793,(GAP_80292,P_006419)))))))))))),((P_012867,((P_012899,P_012817),(P_012847,P_012923))),(P_012843,(((P_012937,(P_006421,P_012939)),(P_012803,(P_012853,(P_012829,P_012837)))),(((P_012801,(P_012879,P_012809)),(P_012839,(P_012805,(P_012825,(YZRI,P_012799))))),((P_012909,((P_012865,(P_012931,(P_012933,P_012935))),((P_012807,P_012845),(P_012849,P_012871)))),((GAP_81172,P_012833),((P_012927,(GAP_80295,PSJT)),((P_012915,P_012791),(P_012869,(P_012823,(P_012819,P_012835)))))))))))))))),(((P0203H,((P_016909,WZFE),(P0109B,(P_018831,OSHQ)))),(((SJEV,(P_019193,(Wsal,P_019187))),(P_016921,(GAP_81227,(WKSU,(Pcol,(P_006410,GAP_81226)))))),(((P_025527,(P_025525,P_025523)),(P_019189,((P_019197,PAWA),(Asie,QDVW)))),(((P2589,OPDF),(CSSK,P_019185)),((P_019191,P_019199),(GAP_80417,(P2590,GAP_79804))))))),(WPHN,(P_011613,(((P_011609,(P2619,Sdec)),(MAQO,(WAIL,(P_011527,((GAP_80298,P_014077),(GAP_80297,P_014083)))))),(((GAP_79862,P_011587),(P_014081,(P0104A,P_008647))),(((KRJP,(P_011549,GAP_80395)),((P_011643,(P_011657,(P_011509,P_011651))),((GAP_80393,GAP_80394),((P_011647,(P_011465,(P_011501,(P_011523,(P_011489,P_011487))))),((P_011637,P_011551),((P_011631,P_007844),(P_007843,(P_007783,P_006414)))))))),((P_011531,(P_011699,(P_006411,Schi))),(VYLQ,(P_018635,(P_008631,(P_011709,((P_011579,(P_008632,P_011671)),(P_011713,((P_011705,((KAYP,(BCGB,ABSS)),(WIGA,(Dhai,(Apet,Msal))))),(P_006413,((P_016813,((GAP_80389,GAP_80390),((P_008646,P_011679),(P_006412,P_008640)))),(P_011673,((P_011537,(P_011701,(P_011677,(P_011739,P_011607)))),(P_011759,((P_011681,P_011719),((P_011735,P_011675),(P_011715,(P_011745,(P_011611,P_014073)))))))))))))))))))))))))))))))))))));
Final quartet score is: 14617701507
Final normalized quartet score is: 0.9463461181058737
You may want to ignore posterior probabilities and other statistics related to the following branch branch because the effective number of genes impacting it is only 2:
	{P_025525, P_025523}
You may want to ignore posterior probabilities and other statistics related to the following branch branch because the effective number of genes impacting it is only 10:
	{P_025525, P_025527, P_025523}
You may want to ignore posterior probabilities and other statistics related to the following branch branch because the effective number of genes impacting it is only 12:
	{P_019191, P_019199}
You may want to ignore posterior probabilities and other statistics related to the following branch branch because the effective number of genes impacting it is only 9:
	{P2619, Sdec}
You may want to ignore posterior probabilities and other statistics related to the following branch branch because the effective number of genes impacting it is only 3:
	{P_011739, P_011607}
You may want to ignore posterior probabilities and other statistics related to the following branch branch because the effective number of genes impacting it is only 5:
	{P_011739, P_011677, P_011607}
You may want to ignore posterior probabilities and other statistics related to the following branch branch because the effective number of genes impacting it is only 7:
	{P_011701, P_011739, P_011677, P_011607}
You may want to ignore posterior probabilities and other statistics related to the following branch branch because the effective number of genes impacting it is only 1:
	{P_011681, P_011719}
You may want to ignore posterior probabilities and other statistics related to the following branch branch because the effective number of genes impacting it is only 2:
	{P_011611, P_014073}
You may want to ignore posterior probabilities and other statistics related to the following branch branch because the effective number of genes impacting it is only 9:
	{Apet, P_011701, P_008632, P_011671, P_011673, P_011735, P_011715, P_006413, P_011713, P_016813, WIGA, P_008646, GAP_80389, GAP_80390, P_006412, P_008640, P_011745, P_011739, P_011679, BCGB, ABSS, Dhai, KAYP, P_011705, P_011681, P_011537, P_011759, P_011675, P_011677, P_011579, Msal, P_011611, P_014073, P_011607, P_011719}
You may want to ignore posterior probabilities and other statistics related to the following branch branch because the effective number of genes impacting it is only 2:
	{Apet, P_011701, P_008632, P_011671, P_011673, P_011735, P_011715, P_006413, P_011713, P_016813, WIGA, P_008646, GAP_80389, GAP_80390, P_006412, P_008640, P_011745, P_011739, P_011679, BCGB, ABSS, Dhai, KAYP, P_011705, P_011681, P_011537, P_011759, P_011675, P_011677, P_011579, Msal, P_011611, P_011709, P_014073, P_011607, P_011719}
You may want to ignore posterior probabilities and other statistics related to the following branch branch because the effective number of genes impacting it is only 18:
	{Apet, WAIL, MAQO, KRJP, VYLQ, P_011699, P_011527, GAP_80298, GAP_80297, P_011657, P_011643, P_011509, P_011651, P_011647, P_011637, P_007783, P_011551, P_007843, P_006414, P_011489, P_011487, P_011523, P_011501, P_011465, GAP_80393, GAP_80394, P_006411, P_011549, GAP_80395, P_014081, P0104A, P_008647, GAP_79862, P_011701, P_008632, P_011671, P_011673, P_011735, P_011715, P_006413, P_011713, P_016813, WIGA, P_008646, GAP_80389, GAP_80390, P_006412, P_008640, P_011745, P_011739, P_011679, BCGB, ABSS, Dhai, KAYP, P_011705, P_011681, P_011537, P_011759, P_011675, P_008631, P_018635, P_011677, Schi, P_011531, P_011587, P_011631, P_014077, P_014083, P2619, P_011579, Msal, P_007844, P_011609, P_011611, P_011709, P_011613, Sdec, P_014073, P_011607, P_011719}
You may want to ignore posterior probabilities and other statistics related to the following branch branch because the effective number of genes impacting it is only 10:
	{P_016789, S27, S04}
You may want to ignore posterior probabilities and other statistics related to the following branch branch because the effective number of genes impacting it is only 5:
	{P_018691, P_018639, P_016799, GAP_80397, OBPL, P_016797, P_006422, P_016795, P_016793, P_018693, P_016789, S27, P_018779, P_014099, S03, P_016791, P_016787, P_018645, P_018783, P_018695, S08, S38, S02, S04, P_014095}
You may want to ignore posterior probabilities and other statistics related to the following branch branch because the effective number of genes impacting it is only 5:
	{P_018691, P_018639, P_016799, GAP_80397, OBPL, P_016797, P_006422, P_016795, P_016793, P_018693, P_016789, S27, P_018779, P_014099, S03, P_016791, P_016787, P_018645, P_018783, P_018695, S08, S38, S02, S04, P_014095, P_007845}
Extended species tree:
(P0109B,((P_018831,OSHQ)1:0.8775318687991825,((P_016909,WZFE)1:1.631759315805437,(P0203H,((((SJEV,(P_019193,(Wsal,P_019187)1:0.7436059277077604)1:1.0099301573259587)1:2.0328182319231254,(P_016921,(GAP_81227,(WKSU,(Pcol,(P_006410,GAP_81226)1:1.1189971634900684)1:0.7999703979481936)0.22:0.14525196828796144)1:0.44632256683605664)1:2.619054681497055)1:1.899309756078009,(((P_025527,(P_025525,P_025523)0.87:0.6931471805599453)0.98:0.723562459082811,(P_019189,((P_019197,PAWA)1:0.6035715860668676,(Asie,QDVW)1:3.6652395619012803)0.77:0.10213203300560113)0.97:0.2867014907776338)0.26:0.00855655107740874,(((P2589,OPDF)1:0.9129717144656844,(CSSK,P_019185)0.78:0.06705037444699548)1:1.4850824953591049,((P_019191,P_019199)0.99:0.7704312657944021,(GAP_80417,(P2590,GAP_79804)1:2.0926706996923867)1:0.7493433423297884)1:0.9176035659658442)1:1.700376840961063)1:1.4625412922597347)1:0.17527011886746044,((WPHN,(P_011613,(((P_011609,(P2619,Sdec)1:1.8971199848858815)1:1.9348568939543567,(MAQO,(WAIL,(P_011527,((GAP_80298,P_014077)0.74:0.08947515598686821,(GAP_80297,P_014083)1:2.317559708430251)1:0.2846715154591755)1:0.3779337711875429)1:0.5759585266155789)1:1.4591459577013646)0.75:0.14824349565072353,(((GAP_79862,P_011587)1:1.425782538784556,(P_014081,(P0104A,P_008647)1:3.149882953381249)1:2.3949383939345483)1:1.1315738275717657,(((KRJP,(P_011549,GAP_80395)1:1.5860081872928118)1:0.5897063493409227,((P_011643,(P_011657,(P_011509,P_011651)1:1.001076482257377)0.94:0.11644399168205516)1:1.3798874033675013,((GAP_80393,GAP_80394)1:0.7353199274461047,((P_011647,(P_011465,(P_011501,(P_011523,(P_011489,P_011487)0.79:0.07180168344041875)0.65:0.05256911213721033)1:0.7315739788236182)1:1.3271485044361064)0.96:0.12437651311642349,((P_011637,P_011551)0.94:0.1736337650622721,((P_011631,P_007844)0.98:0.21899634719726457,(P_007843,(P_007783,P_006414)0.54:0.04000783691627331)1:0.29130703602465885)0.65:0.053151263141381695)1:0.24403885217309615)1:1.1069144273782996)0.67:0.05149984812994037)1:2.4435626832540582)1:1.4840780835958973,((P_011531,(P_011699,(P_006411,Schi)1:1.0526692608930814)0.98:0.36179004460550285)1:2.202847931911672,(VYLQ,(P_018635,(P_008631,(P_011709,((P_011579,(P_008632,P_011671)0.88:0.14387939504359004)1:1.6311596074519845,(P_011713,((P_011705,((KAYP,(BCGB,ABSS)1:0.5641282070212322)1:0.22291635000177926,(WIGA,(Dhai,(Apet,Msal)0.43:0.04937976360435657)0.99:0.1545358283566782)1:0.40719000525900256)0.92:0.24467620960225986)0.56:0.057455993894633434,(P_006413,((P_016813,((GAP_80389,GAP_80390)1:1.737823430010286,((P_008646,P_011679)0.94:0.22170762959757323,(P_006412,P_008640)1:1.1451640023631475)0.99:0.15832806482920922)0.97:0.13814751042133042)1:0.471313581572975,(P_011673,((P_011537,(P_011701,(P_011677,(P_011739,P_011607)0.42:0.0)0.94:0.900067896367268)0.59:0.22838995706015475)0.62:0.07093861401983942,(P_011759,((P_011681,P_011719)0.66:0.28266953062823674,((P_011735,P_011675)1:1.4116301018242203,(P_011715,(P_011745,(P_011611,P_014073)0.87:0.6931471805599453)0.91:0.2841273754314522)1:0.2779201929850677)0.48:0.17511245170058978)0.44:0.13136936207116734)0.92:0.11707895895229001)0.68:0.07726181411285445)1:0.9142093391769811)0.97:0.1280845656811569)1:0.3039809786082214)0.34:0.016807102657279936)1:0.7285587131719242)1:1.5455014275770416)0.42:0.0)0.59:0.07795749313193978)1:0.5302793879707584)1:0.2828799801864738)1:0.9524594404189901)1:0.42726044141131636)0:0.11223873416054687)1:0.8392663142087445)0.42:0.023581976859789924)1:2.151379474208589,((((P2623,P2622)0.87:0.28013381581888336,(P0110C,(XQWC,(P0207A,(P0110B,(P0207C,(P0207B,(P0206H,P0206G)1:0.27223726470538456)1:0.2143270882921226)0.63:0.06426014627562886)0.46:0.03882846683164243)1:0.38850274220521847)1:0.4832788809211285)1:1.8974579950207902)1:0.4958869974138916,((DHPO,GAP_80322)1:2.46182815356791,((P_012941,P_012795)1:4.242272642541743,((P_012861,((P_012855,(P_012827,P_007802)1:2.169461616042965)1:1.3834253305447184,((P_018637,P_012813)1:0.7047281179334427,(P_012921,P_012919)1:2.9512084103306115)1:2.3617918178228368)1:2.780865145145274)1:0.16962050988092864,(((P_012797,(P_012841,((P_012877,P_012913)1:1.6934232909693439,(P_012811,(P_012895,P_012891)1:0.3942872309921099)1:1.8526828342944808)1:1.9296137683443624)1:0.38606239143299714)0.62:0.03894367062102413,((((P_012883,P_012925)1:2.840459084719483,(P_012857,(P_012815,P_012903)1:1.4109793748128518)0.68:0.05257832006366561)0.87:0.08012299735135267,(P_012875,((P_012831,P_012905)1:0.38738018778747085,(P_012901,(P_012851,P_012887)1:2.9149639690586353)0.64:0.041630654629082414)1:0.2580655852611987)1:0.7597561203740669)1:0.6503274595718704,(P_018689,((P_012885,(GAP_80294,P_006420)1:1.9132571779274714)0.52:0.03087627992927063,(P_012859,(((P_012907,GAP_80291)0.81:0.07759009498243899,(P_012881,P_012873)1:1.2484109108102472)0.56:0.04989921926781362,((P_012897,(GAP_80293,P_012893)1:2.3262492044237804)0.78:0.07497033998120803,((P_012911,(P_012917,P_012821)1:2.011109048166478)1:1.1949376126334212,(P_012889,((P_012863,P_006418)0.75:0.0673765256481748,(P_012793,(GAP_80292,P_006419)1:3.690296529631335)1:0.25819255201469427)0.75:0.0705862057766403)0.63:0.04911053101286691)0.64:0.055647837630340584)0.57:0.039813588990793784)0.87:0.09501005704820875)0.43:0.029011061875574104)1:1.7074113893307137)1:1.28837847350955)1:2.5085469282838515)1:2.28879985663403,((P_012867,((P_012899,P_012817)1:1.665977591219151,(P_012847,P_012923)1:3.207529648480899)1:0.9142085425323015)1:3.3253874834976545,(P_012843,(((P_012937,(P_006421,P_012939)1:1.7067662563946624)1:4.238286130309425,(P_012803,(P_012853,(P_012829,P_012837)1:1.3272094173224642)0.51:0.02421113574301414)1:0.2995539526652777)1:0.17722737050853335,(((P_012801,(P_012879,P_012809)1:3.744604093674986)1:0.6953007434504622,(P_012839,(P_012805,(P_012825,(YZRI,P_012799)1:0.9777616519416517)0.97:0.1269441869245248)0.93:0.11735725111751502)1:0.7748737859548278)1:1.2533508979579522,((P_012909,((P_012865,(P_012931,(P_012933,P_012935)1:2.4840734427593847)1:2.0545938122418117)1:0.35885861702554517,((P_012807,P_012845)1:0.43685571858014943,(P_012849,P_012871)1:1.8855086252990583)1:0.6162085374615018)1:2.583809131359063)0.57:0.034545555692042526,((GAP_81172,P_012833)1:3.059446005884071,((P_012927,(GAP_80295,PSJT)0.56:0.15896031136059846)1:1.5768492067582722,((P_012915,P_012791)1:0.15612177861600357,(P_012869,(P_012823,(P_012819,P_012835)0.66:0.04338990881976561)1:0.8563680297164157)1:2.8721638161309095)1:1.751468782594765)0.98:0.14104153748189097)1:2.298093574842972)1:1.828342503734179)1:2.0208913063144407)1:0.14834076963033424)1:1.357239234865872)1:1.350538062949685)1:0.23452717455279995)1:1.3733998086321164)1:3.8068985249631524)1:0.5325735298190103)1:0.6530640482849928,(P_007845,(((P_018639,P_018779)1:0.3977464044160794,(P_018695,(P_018645,P_018783)1:0.20375562272768136)1:0.3665010564504027)1:0.39960131357864925,(P_018691,((P_016797,(OBPL,(P_016799,GAP_80397)1:0.40051394220692726)1:0.5044472546634103)1:0.8611685194894457,((P_016793,(P_006422,P_016795)1:0.4611725950866106)1:0.5795045149509637,(P_018693,((S08,P_014095)1:1.1613326954836922,(((P_014099,S03)1:2.6898155310465173,(P_016791,(P_016787,S02)1:3.3161173020107637)0.48:0.021113385277642425)0.45:0.01779839099050496,(S38,(S04,(S27,P_016789)0.99:0.5392366261650218)0.57:0.16338031863906444)0.99:0.4837954579567026)0.86:0.12389369181127607)1:0.578757678299239)0.96:0.1148915671777823)1:0.15914598209828448)0.91:0.14696134648617912)0.72:0.08524256774716113)0.43:0.013000174546226364)0.99:1.3372681945361156)1:2.610908441041855)1:0.8268202779194567)1:2.0503791157338283)1:1.2560735851781846)1:0.6735275083429023));
Weight calculation took 143.972871627 secs
ASTRAL finished in 182.471 secs
