
================== ASTRAL ===================== 

This is ASTRAL version 5.7.7
Gene trees are treated as unrooted
187 trees read from all_bs10.trees
index142
All output trees will be *arbitrarily* rooted at P0109B

======== Running the main analysis
Number of taxa: 244 (244 species)
Taxa: [P_012907, P_006419, GAP_80292, P_006418, P_012889, P_012873, P_012881, P_012793, P_012911, P_012897, P_012917, P_012821, P_012863, P_006420, GAP_80294, P_012885, P_012859, P_018689, GAP_80293, P_012893, P_012895, GAP_80291, P_012891, P_012875, P_012887, P_012851, P_012831, P_012815, P_012903, P_012925, P_012883, P_012857, P_012841, P_012913, P_012877, P_012797, P_012905, P_012901, P_012861, XQWC, P0207B, P0206H, P0206G, P0110C, P0110B, P0207C, P0207A, P2622, P2623, P_016795, P_016797, P_007845, GAP_80397, P_016799, OBPL, S04, S27, P_016789, S02, P_018779, P_014099, S03, P_018691, P_018693, P_016791, P_006422, P_016787, P_016793, Sdec, P_018695, P_018645, P_018783, P_018831, P_016909, WZFE, P2619, P_014083, P_018635, P_011551, VYLQ, WPHN, P_011681, P_011715, P_011537, P_011671, P_011677, GAP_80390, P_011679, P_011739, P_011673, GAP_80389, ABSS, P_011713, Dhai, P_006413, P_008640, P_008646, P_011745, P_011759, P_006412, P_011675, P_011735, P_016813, Apet, WAIL, P_014077, GAP_80395, KRJP, P_011549, P_011509, P_011651, P_011489, P_011487, P_011523, P_011501, P_011465, GAP_80394, P_011643, P_011637, P_007844, P_007783, P_006414, P_007843, P_011647, GAP_80393, P_011657, MAQO, P_011527, GAP_80297, GAP_80298, P_011699, P_011531, Schi, P_006411, GAP_79862, P_008647, P0104A, P_014081, P0203H, P_011609, P_008632, P_011587, P0109B, P_018639, P_011579, P_011701, GAP_81227, P_016921, Pcol, WKSU, P_006410, GAP_81226, SJEV, P_019193, P_019187, Wsal, P_019189, PAWA, P_019197, P_025523, CSSK, P_019185, P2589, OPDF, GAP_80417, P2590, GAP_79804, Asie, QDVW, DHPO, GAP_80322, P_012941, P_012795, P_012813, P_007802, P_012827, P_012855, P_018637, P_012921, P_012919, P_012853, P_012843, P_012803, P_012937, P_006421, P_012939, P_012829, P_012837, P_012867, P_012847, P_012923, P_012817, P_012899, P_012865, P_012849, P_012871, P_012933, P_012935, P_012931, GAP_81172, P_012833, P_012927, P_012915, P_012869, P_012823, P_012791, P_012819, P_012835, P_012807, PSJT, GAP_80295, P_012845, P_012809, P_012879, P_012839, P_012801, P_012805, P_012909, YZRI, P_012799, P_012825, P_012811, S08, P_014095, S38, OSHQ, P_019191, P_011613, P_011705, BCGB, WIGA, Msal, P_008631, P_011631, P_025525, KAYP, P_011719, P_025527, P_014073, P_011709, P_011611, P_019199, P_011607, P_011589]
Taxon occupancy: {P_019193=163, P_019191=80, P_019197=172, OPDF=169, GAP_81172=186, P_018783=181, P_019199=64, Wsal=163, P_016921=183, WKSU=181, P_025523=30, P_025525=53, P_025527=25, P_014073=20, P0203H=133, P_014077=108, QDVW=177, P_011487=182, P_011489=184, P_016813=169, P_006421=186, P_006422=181, P_006420=148, P_006418=184, P_006419=185, P_006414=184, P_014081=131, P_014083=136, P_018689=186, P0206H=174, P0206G=162, Msal=163, P0109B=98, P_012901=183, P_006410=179, P_006411=181, P_012903=184, P_006412=183, P_006413=179, P_012905=184, P_012907=187, GAP_79862=178, PAWA=174, ABSS=176, P_012909=185, P_018691=89, GAP_80291=187, P_018695=179, P_014095=77, GAP_80293=185, GAP_80292=185, P_018693=179, GAP_80295=182, GAP_80294=185, P_014099=177, GAP_80297=182, GAP_80298=181, P_012911=184, P_011701=31, P_012913=165, P_012915=182, P_011705=98, P_012917=179, P_012919=175, P_011709=17, P_012881=187, P_011671=110, P_011551=113, P_012883=186, P_011673=154, MAQO=180, P_012885=184, P_011675=172, GAP_80322=185, P2590=158, P_012887=185, P_011677=143, P_012889=183, P_011679=160, P_008647=175, PSJT=170, P2589=161, P_012891=184, P_011681=132, P_012893=185, P_018637=182, P_012895=185, P_018635=172, P_012897=184, P0207C=180, P0207B=181, P_012899=182, P0207A=180, P_018639=171, P_008646=184, P_008640=183, BCGB=170, WZFE=177, P_018645=178, KRJP=178, KAYP=84, P_011699=94, P_011579=142, CSSK=169, P_008632=180, P_016909=184, P_007783=171, P_008631=39, P_019187=180, P_019185=177, Sdec=45, P_019189=157, P_012791=184, P_012793=182, Asie=143, P_012795=184, P_018779=141, P_011465=184, P_012797=183, P_011587=144, P_012799=184, P_011589=3, GAP_80417=112, WIGA=160, GAP_79804=145, P_007802=142, P_012841=182, P_011631=152, Pcol=156, P_012843=185, P_012845=184, P_011637=179, P_012847=177, P_011759=171, P_012849=185, Apet=86, OBPL=180, P0110C=170, P0110B=129, P_018831=180, YZRI=179, P_012851=182, P_011643=184, P_012853=181, P_011523=184, P_012855=178, P_012857=182, P_011647=166, P_011527=115, P_012859=184, WAIL=185, P_016789=176, P_012861=186, P_011651=156, P_016787=179, P_011531=153, P_012863=185, P_012865=180, Schi=148, P_011657=162, P_012867=184, P_011537=135, P_012869=183, P_016793=178, P_016791=180, P_016797=182, SJEV=182, P_016795=177, P_012871=179, P_012873=185, P_016799=183, P_012875=185, P_012877=182, P_012879=186, P_011549=170, P_007844=130, P_007845=33, S02=147, S04=49, P_012921=170, S03=172, P_012801=184, P_011713=127, P_012923=180, P_012803=184, P_012925=183, P_011715=156, S08=119, P_007843=162, P_012805=184, P_012927=185, P_012807=182, P_011719=23, P_012809=185, VYLQ=185, DHPO=183, GAP_80390=166, P2622=137, P2623=72, XQWC=178, GAP_80394=185, GAP_80393=184, GAP_80395=185, GAP_80397=181, P_012931=185, P_012811=185, WPHN=177, P_012933=180, P_012813=183, P_012935=182, P_012815=180, P_012937=186, P_012817=182, P_011607=3, P_012939=182, P_011609=122, P_012819=180, P2619=126, OSHQ=178, GAP_80389=176, P_012941=187, P_012821=184, P_011611=31, P_012823=183, P_011613=63, P_011735=183, S27=133, P_012825=186, P_012827=163, P_011739=155, P_012829=138, Dhai=178, P0104A=159, P_012831=178, P_011501=185, GAP_81226=184, P_012833=183, P_011745=165, GAP_81227=182, P_012835=183, S38=51, P_012837=184, P_012839=180, P_011509=184}
Number of gene trees: 187
187 trees have missing taxa
Calculating quartet distance matrix (for completion of X)
Species tree distances calculated ...
Will attempt to complete bipartitions from X before adding using a distance matrix.
Building set of clusters (X) from gene trees 
------------------------------
gradient0: 41447
Number of Clusters after addition by distance: 41447
calculating extra bipartitions to be added at level 1 ...
Adding to X using resolutions of greedy consensus ...
Limit for sigma of degrees:6150
polytomy size limit : 46
discarded polytomies:  [3, 3, 3, 3, 3, 3, 3, 3, 3, 3, 3, 3, 3, 3, 3, 3, 3, 3, 3, 3, 4, 4, 4, 4, 4, 4, 4, 4, 4, 4, 4, 5, 5, 5, 5, 5, 5, 5, 5, 5, 6, 6, 6, 6, 7, 7, 8, 9, 12, 12, 13, 14, 14, 15, 17, 25, 27, 46]
Threshold 0.0:
polytomy of size 6; rounds with additions with at least 5 support: 2; clusters: 41539
Threshold 0.01:
polytomy of size 3; rounds with additions with at least 5 support: 0; clusters: 41539
polytomy of size 7; rounds with additions with at least 5 support: 0; clusters: 41629
Threshold 0.02:
polytomy of size 4; rounds with additions with at least 5 support: 0; clusters: 41637
polytomy of size 7; rounds with additions with at least 5 support: 1; clusters: 41645
Threshold 0.05:
polytomy of size 3; rounds with additions with at least 5 support: 0; clusters: 41645
polytomy of size 3; rounds with additions with at least 5 support: 0; clusters: 41645
polytomy of size 3; rounds with additions with at least 5 support: 0; clusters: 41645
polytomy of size 4; rounds with additions with at least 5 support: 0; clusters: 41645
polytomy of size 6; rounds with additions with at least 5 support: 0; clusters: 41653
polytomy of size 3; rounds with additions with at least 5 support: 0; clusters: 41653
polytomy of size 3; rounds with additions with at least 5 support: 0; clusters: 41653
polytomy of size 12; rounds with additions with at least 5 support: 1; clusters: 41705
Threshold 0.1:
polytomy of size 4; rounds with additions with at least 5 support: 0; clusters: 41705
polytomy of size 3; rounds with additions with at least 5 support: 0; clusters: 41705
polytomy of size 4; rounds with additions with at least 5 support: 0; clusters: 41705
polytomy of size 5; rounds with additions with at least 5 support: 0; clusters: 41705
polytomy of size 5; rounds with additions with at least 5 support: 0; clusters: 41705
polytomy of size 15; rounds with additions with at least 5 support: 0; clusters: 41715
polytomy of size 3; rounds with additions with at least 5 support: 0; clusters: 41715
polytomy of size 5; rounds with additions with at least 5 support: 0; clusters: 41715
polytomy of size 3; rounds with additions with at least 5 support: 0; clusters: 41715
polytomy of size 3; rounds with additions with at least 5 support: 0; clusters: 41715
polytomy of size 4; rounds with additions with at least 5 support: 0; clusters: 41715
polytomy of size 14; rounds with additions with at least 5 support: 0; clusters: 41725
Threshold 0.2:
polytomy of size 5; rounds with additions with at least 5 support: 0; clusters: 41725
polytomy of size 12; rounds with additions with at least 5 support: 0; clusters: 41741
polytomy of size 5; rounds with additions with at least 5 support: 0; clusters: 41741
polytomy of size 3; rounds with additions with at least 5 support: 0; clusters: 41741
polytomy of size 3; rounds with additions with at least 5 support: 0; clusters: 41741
polytomy of size 4; rounds with additions with at least 5 support: 0; clusters: 41741
polytomy of size 8; rounds with additions with at least 5 support: 0; clusters: 41741
polytomy of size 27; rounds with additions with at least 5 support: 0; clusters: 41815
polytomy of size 4; rounds with additions with at least 5 support: 0; clusters: 41815
polytomy of size 3; rounds with additions with at least 5 support: 0; clusters: 41815
polytomy of size 3; rounds with additions with at least 5 support: 0; clusters: 41815
polytomy of size 4; rounds with additions with at least 5 support: 0; clusters: 41815
polytomy of size 6; rounds with additions with at least 5 support: 0; clusters: 41815
polytomy of size 4; rounds with additions with at least 5 support: 0; clusters: 41815
polytomy of size 3; rounds with additions with at least 5 support: 0; clusters: 41815
polytomy of size 4; rounds with additions with at least 5 support: 0; clusters: 41815
polytomy of size 5; rounds with additions with at least 5 support: 0; clusters: 41815
polytomy of size 14; rounds with additions with at least 5 support: 0; clusters: 41815
Threshold 0.3333333333333333:
polytomy of size 3; rounds with additions with at least 5 support: 0; clusters: 41815
polytomy of size 3; rounds with additions with at least 5 support: 0; clusters: 41815
polytomy of size 4; rounds with additions with at least 5 support: 0; clusters: 41815
polytomy of size 3; rounds with additions with at least 5 support: 0; clusters: 41815
polytomy of size 5; rounds with additions with at least 5 support: 0; clusters: 41815
polytomy of size 6; rounds with additions with at least 5 support: 0; clusters: 41815
polytomy of size 5; rounds with additions with at least 5 support: 0; clusters: 41815
polytomy of size 17; rounds with additions with at least 5 support: 0; clusters: 41825
polytomy of size 3; rounds with additions with at least 5 support: 0; clusters: 41825
polytomy of size 3; rounds with additions with at least 5 support: 0; clusters: 41825
polytomy of size 5; rounds with additions with at least 5 support: 0; clusters: 41825
polytomy of size 9; rounds with additions with at least 5 support: 0; clusters: 41825
polytomy of size 46; rounds with additions with at least 5 support: 0; clusters: 41855
polytomy of size 13; rounds with additions with at least 5 support: 0; clusters: 41855
polytomy of size 25; rounds with additions with at least 5 support: 0; clusters: 41857
max k is :4
Number of Clusters after addition by greedy: 41857
gradient0 in heuristiic: 41857
partitions formed in 13.534 secs
Dynamic Programming starting after 13.534 secs
Using tree-based weight calculation.
Using polytree-based weight calculation.
Polytree max score: 10814489947
Polytree building time: 0.102 seconds.
Number of quartet trees in the gene trees: 10814489947
Size of largest cluster: 244
Greedy score: 10100227807
estimationFactor: 1.0707174287202688
Sub-optimal score: 10152173192
Calculated 100000 weights; time (seconds): 106
Total Number of elements weighted: 100570
Normalized score (portion of input quartet trees satisfied before correcting for multiple individuals): 0.9510078219503106
Optimization score: 10284664530
Optimal tree inferred in 107.413 secs.
(P_012803,(P_012853,((P_012829,P_012837),((P_012937,(P_006421,P_012939)),((((P_012801,(P_012809,P_012879)),(P_012839,(P_012805,(P_012825,(YZRI,P_012799))))),((((P_012849,P_012871),(P_012807,P_012845)),(P_012865,(P_012931,(P_012933,P_012935)))),(P_012909,((GAP_81172,P_012833),((P_012927,(PSJT,GAP_80295)),((P_012915,P_012791),(P_012869,(P_012835,(P_012823,P_012819))))))))),(P_012843,((P_012867,((P_012847,P_012923),(P_012817,P_012899))),(((P_012841,((P_012913,P_012877),(P_012811,(P_012895,P_012891)))),(P_012797,((P_012857,(((P_012815,P_012903),(P_012925,P_012883)),(P_012875,(P_012901,((P_012831,P_012905),(P_012887,P_012851)))))),(P_018689,((P_012885,(P_012859,(P_006420,GAP_80294))),((P_012907,(P_012873,P_012881)),((GAP_80291,(P_012897,(GAP_80293,P_012893))),((P_012911,(P_012917,P_012821)),(P_006418,((P_012889,P_012793),(P_012863,(P_006419,GAP_80292)))))))))))),((P_012861,((P_012855,(P_007802,P_012827)),((P_012813,P_018637),(P_012921,P_012919)))),((P_012941,P_012795),((DHPO,GAP_80322),(((P2622,P2623),(P0110C,(P0110B,((P0207C,P0207A),((XQWC,P0207B),(P0206H,P0206G)))))),((((P_018779,P_018639),(P_018695,(P_018645,P_018783))),(P_018691,(((P_016793,(P_016795,P_006422)),(P_016797,(P_007845,(P_016799,(GAP_80397,OBPL))))),(P_018693,((S02,P_016787),((S04,(S38,(S27,P_016789))),(P_016791,((S08,P_014095),(P_014099,S03))))))))),(((P0203H,((P_016909,WZFE),(P0109B,(P_018831,OSHQ)))),(((SJEV,(P_019193,(P_019187,Wsal))),(P_016921,(GAP_81227,(WKSU,(Pcol,(P_006410,GAP_81226)))))),((P_025527,(P_025523,P_025525)),(((Asie,QDVW),(P_019189,(PAWA,P_019197))),(((P2589,OPDF),(CSSK,P_019185)),((P_019191,P_019199),(GAP_80417,(P2590,GAP_79804)))))))),((WPHN,P_011613),(((P_011609,(Sdec,P2619)),(MAQO,(P_014077,(WAIL,(P_011527,(GAP_80298,(P_014083,GAP_80297))))))),(((GAP_79862,P_011587),(P_014081,(P_008647,P0104A))),(((KRJP,(GAP_80395,P_011549)),((P_011657,(P_011643,(P_011509,P_011651))),((GAP_80394,GAP_80393),((P_011647,(P_011465,(P_011501,(P_011489,(P_011487,P_011523))))),(P_011631,(P_011551,((P_011637,P_007844),(P_007843,(P_007783,P_006414))))))))),((P_011589,(P_011531,(P_011699,(Schi,P_006411)))),(VYLQ,(P_018635,(P_008631,((P_011579,(P_008632,(P_011671,P_011607))),(P_011719,(P_014073,(P_011709,(((P_011713,(Dhai,P_011705)),(P_006413,(Apet,(WIGA,Msal)))),((P_016813,(KAYP,((GAP_80390,GAP_80389),((P_011679,P_008646),(P_008640,P_006412))))),((ABSS,BCGB),(P_011701,((P_011673,(P_011537,(P_011677,P_011739))),(P_011759,((P_011675,P_011735),(P_011715,(P_011681,(P_011745,P_011611))))))))))))))))))))))))))))))))))));
Final quartet score is: 10284664530
Final normalized quartet score is: 0.9510078219503106
You may want to ignore posterior probabilities and other statistics related to the following branch branch because the effective number of genes impacting it is only 11:
	{P_025523, P_025525}
You may want to ignore posterior probabilities and other statistics related to the following branch branch because the effective number of genes impacting it is only 16:
	{P_025523, P_025525, P_025527}
You may want to ignore posterior probabilities and other statistics related to the following branch branch because the effective number of genes impacting it is only 2:
	{P_011699, P_011531, Schi, P_006411}
You may want to ignore posterior probabilities and other statistics related to the following branch branch because the effective number of genes impacting it is only 3:
	{P_011699, P_011531, Schi, P_006411, P_011589}
You may want to ignore posterior probabilities and other statistics related to the following branch branch because the effective number of genes impacting it is only 1:
	{P_011671, P_011607}
You may want to ignore posterior probabilities and other statistics related to the following branch branch because the effective number of genes impacting it is only 17:
	{P_011681, P_011715, P_011537, P_011677, GAP_80390, P_011679, P_011739, P_011673, GAP_80389, ABSS, P_011713, Dhai, P_006413, P_008640, P_008646, P_011745, P_011759, P_006412, P_011675, P_011735, P_016813, Apet, P_011701, P_011705, BCGB, WIGA, Msal, KAYP, P_011611}
You may want to ignore posterior probabilities and other statistics related to the following branch branch because the effective number of genes impacting it is only 2:
	{P_011681, P_011715, P_011537, P_011677, GAP_80390, P_011679, P_011739, P_011673, GAP_80389, ABSS, P_011713, Dhai, P_006413, P_008640, P_008646, P_011745, P_011759, P_006412, P_011675, P_011735, P_016813, Apet, P_011701, P_011705, BCGB, WIGA, Msal, KAYP, P_011709, P_011611}
You may want to ignore posterior probabilities and other statistics related to the following branch branch because the effective number of genes impacting it is only 4:
	{P_011681, P_011715, P_011537, P_011677, GAP_80390, P_011679, P_011739, P_011673, GAP_80389, ABSS, P_011713, Dhai, P_006413, P_008640, P_008646, P_011745, P_011759, P_006412, P_011675, P_011735, P_016813, Apet, P_011701, P_011705, BCGB, WIGA, Msal, KAYP, P_014073, P_011709, P_011611}
Extended species tree:
(P0109B,((P_018831,OSHQ)1:1.790332679055763,((P_016909,WZFE)1:2.4569560025804082,(P0203H,((((SJEV,(P_019193,(P_019187,Wsal)1:0.6348579518831212)1:0.25183301631165533)1:2.983937974862656,(P_016921,(GAP_81227,(WKSU,(Pcol,(P_006410,GAP_81226)1:0.8563979933173728)1:0.391584122994796)1:0.3973690691762966)1:0.7672360215479819)1:2.389715051646423)1:1.9926902221954017,((P_025527,(P_025523,P_025525)0.68:0.19693189453583868)0.99:0.7049182246991494,(((Asie,QDVW)1:3.1106432829231605,(P_019189,(PAWA,P_019197)1:0.896710986939448)0.99:0.19855075463582283)1:0.3302386466612699,(((P2589,OPDF)1:1.4509560952278775,(CSSK,P_019185)1:0.25469193990823463)1:1.0824150874776959,((P_019191,P_019199)0.87:0.21886062928715252,(GAP_80417,(P2590,GAP_79804)1:1.5929166212171806)1:0.7372863518831121)1:0.49386807908465086)1:1.36476372330365)0.88:0.22849236952418808)1:0.6125420391928432)0.95:0.16614546948451872,(((WPHN,P_011613)0.96:0.2929316602586823,(((P_011609,(Sdec,P2619)0.89:0.23999869330528198)1:0.9642103257516996,(MAQO,(P_014077,(WAIL,(P_011527,(GAP_80298,(P_014083,GAP_80297)1:1.6538023835368543)0.85:0.11290084115569572)0.62:0.06242675354864011)0.5:0.04013242318209829)1:0.9978995391639971)1:1.5709702589732337)1:0.6095364001771645,(((GAP_79862,P_011587)1:1.2862037515540945,(P_014081,(P_008647,P0104A)1:3.2618773239421204)1:1.5603230419264302)1:1.7978299614399582,(((KRJP,(GAP_80395,P_011549)1:1.2552297012319258)1:1.4001533420625314,((P_011657,(P_011643,(P_011509,P_011651)1:0.5288506469056468)0.91:0.12478985432697144)1:0.889951913129403,((GAP_80394,GAP_80393)1:0.8172535096273262,((P_011647,(P_011465,(P_011501,(P_011489,(P_011487,P_011523)0.74:0.07431117752349135)0.54:0.05165798109635992)1:0.5770027173795866)1:1.1410779068518069)1:0.2461326180350841,(P_011631,(P_011551,((P_011637,P_007844)1:0.25684130184059933,(P_007843,(P_007783,P_006414)0.98:0.2238252319683899)1:0.613535489835233)0.72:0.09737914967014845)0.7:0.09000903408642084)0.51:0.04754796609365985)1:0.6482536369112836)0.58:0.05544857495578526)1:2.220500478964132)1:1.6894676442754877,((P_011589,(P_011531,(P_011699,(Schi,P_006411)1:0.6800206445025138)1:0.5499203833015879)0.59:0.18419246472976622)0.75:0.4325214464984111,(VYLQ,(P_018635,(P_008631,((P_011579,(P_008632,(P_011671,P_011607)0.66:0.2831469172863898)0.88:0.14469141826148058)1:1.5869340925367132,(P_011719,(P_014073,(P_011709,(((P_011713,(Dhai,P_011705)0.98:0.2750226223041114)0.93:0.19307008139702547,(P_006413,(Apet,(WIGA,Msal)0.36:0.0)0.87:0.18547872882681593)0.86:0.12370949971303087)1:0.39589406512773834,((P_016813,(KAYP,((GAP_80390,GAP_80389)1:1.363109113022305,((P_011679,P_008646)0.99:0.2522058537293258,(P_008640,P_006412)1:0.9241064853738004)0.49:0.052303538263881684)0.96:0.2774578147362192)0.38:0.006650469481267651)1:0.5379146028529799,((ABSS,BCGB)1:0.6970227152813091,(P_011701,((P_011673,(P_011537,(P_011677,P_011739)1:1.116941297997426)0.76:0.11871049701499291)0.92:0.16324166442839477,(P_011759,((P_011675,P_011735)1:1.4487659854089383,(P_011715,(P_011681,(P_011745,P_011611)0.96:0.45858552821597276)0.8:0.1294960050456038)1:0.340087652611341)1:0.2791291896974784)0.88:0.13504720445109358)0.9:0.3439026408213204)0.22:0.049929427214080876)0.89:0.16221684153302782)0.9:0.16555382374133415)0.86:0.41251007771485715)0.19:0.0)0.93:0.8429828597006912)0.81:0.28401406590891487)1:1.8207513144681648)0.39:0.03712965645105129)1:0.48353682255718167)0.92:0.14713119537808214)1:1.375392599840704)0.56:0.06998710283972345)1:0.5776999505951863)1:0.5334616190958662)1:1.7512243908275082,((((P_018779,P_018639)1:0.3681828359970824,(P_018695,(P_018645,P_018783)0.85:0.10112825207134708)1:0.24563283298123692)1:0.4181114470156818,(P_018691,(((P_016793,(P_016795,P_006422)1:0.43885176569782747)1:0.35099527101534406,(P_016797,(P_007845,(P_016799,(GAP_80397,OBPL)0.88:0.1498320968240477)1:0.7466563384100139)0.88:0.28339901855587296)1:1.1252593502676245)0.64:0.06816970850172895,(P_018693,((S02,P_016787)1:2.378273125740401,((S04,(S38,(S27,P_016789)0.76:0.18868786018664246)0.64:0.13282095330045782)1:0.7399157681658964,(P_016791,((S08,P_014095)1:1.0064368207115535,(P_014099,S03)1:2.438708442634923)0.35:0.006955185176450442)0.8:0.0990699560169165)0.32:0.0031331898751805094)1:0.3153352796480908)0.57:0.0629674467392892)0.38:0.006615496529811096)0.97:0.2562396984430996)1:2.700151116510815,(((P2622,P2623)0.98:0.28453446833042106,(P0110C,(P0110B,((P0207C,P0207A)0.54:0.033621939806807645,((XQWC,P0207B)1:0.4035672558880437,(P0206H,P0206G)1:0.24808546729039999)0.63:0.05758013182633021)0.66:0.07275455637240792)1:1.4433845975785682)1:2.2106676964326915)1:0.42354443810468084,((DHPO,GAP_80322)1:2.750217084086189,((P_012941,P_012795)1:3.9693934851911195,((P_012861,((P_012855,(P_007802,P_012827)1:1.9344967567777804)1:0.8192920513747727,((P_012813,P_018637)1:0.5043258684572673,(P_012921,P_012919)1:2.1504530187519846)1:1.6316070759795727)1:2.636634952672978)0.8:0.10589906304895856,(((P_012841,((P_012913,P_012877)1:0.9587231184064723,(P_012811,(P_012895,P_012891)1:0.2443450787236442)1:0.9969486580881413)1:1.3882037755893317)1:0.40736346347176255,(P_012797,((P_012857,(((P_012815,P_012903)1:1.2302680079497637,(P_012925,P_012883)1:2.0221699253473244)0.4:0.013407749101898592,(P_012875,(P_012901,((P_012831,P_012905)1:0.2464999995315196,(P_012887,P_012851)1:1.948998991403954)0.46:0.02418936761601153)1:0.26958093227481583)1:0.6830095290203063)0.71:0.08474441038641495)1:0.567639894014513,(P_018689,((P_012885,(P_012859,(P_006420,GAP_80294)1:1.9624056352992885)0.6:0.0605631831098047)0.69:0.08457357759099624,((P_012907,(P_012873,P_012881)1:0.9146031237280416)0.53:0.049356768626693234,((GAP_80291,(P_012897,(GAP_80293,P_012893)1:2.136335139638191)0.63:0.08103250615792439)0.55:0.05616983293039991,((P_012911,(P_012917,P_012821)1:1.6422883642283732)1:0.9144996554439715,(P_006418,((P_012889,P_012793)0.55:0.05811993050944119,(P_012863,(P_006419,GAP_80292)1:2.547552657810051)0.51:0.05097770147920832)0.6:0.06518188283250986)0.83:0.14425867217719585)0.41:0.018607590663414865)0.54:0.052363629267765235)0.75:0.10584266019885645)1:1.027706220422929)1:1.110825602904284)1:2.051481225943418)0.33:0.0)1:2.421688307484722,((P_012867,((P_012847,P_012923)1:2.751021511602529,(P_012817,P_012899)1:1.310527122693641)1:0.5330273669968493)1:3.2364992258657734,(P_012843,((((P_012801,(P_012809,P_012879)1:3.136997963851104)1:0.4897627336350811,(P_012839,(P_012805,(P_012825,(YZRI,P_012799)1:2.066659056898321)0.97:0.14792245963440967)0.42:0.02555311116604359)1:0.5122157126549179)1:1.1252830488303385,((((P_012849,P_012871)1:1.1353305858530067,(P_012807,P_012845)1:0.43468426635800195)1:0.3604284037397008,(P_012865,(P_012931,(P_012933,P_012935)1:2.235609923349131)1:1.501706344799589)0.99:0.1971377954920814)1:1.9585569866863448,(P_012909,((GAP_81172,P_012833)1:2.0471688190041726,((P_012927,(PSJT,GAP_80295)1:0.2621125503010868)1:2.4788645524065527,((P_012915,P_012791)1:0.2118528938123063,(P_012869,(P_012835,(P_012823,P_012819)0.49:0.04157701750773351)1:0.5073750635517471)1:2.071045289904799)1:1.1030014183363068)0.8:0.08745420045503972)1:1.7325496283423643)0.38:0.007639032989023707)1:1.941822738104969)1:1.991948361356329,((P_012937,(P_006421,P_012939)1:1.003986742026394)1:3.1583509857022296,((P_012829,P_012837)1:0.903192399094793,(P_012853,P_012803)0.59:0.055528719843779634)0.65:0.06593032202534449)0.84:0.11250894883375664)0.83:0.1059132243483281)1:1.1695804873567488)1:1.077175991970894)1:0.28114183869133896)1:1.453521077906942)1:2.4540987439789324)1:0.6865056397274535)1:0.48419184979136204)1:2.2401119860997927)1:0.9888571324715455)1:2.12611374197047)1:1.0046171669015527)1:0.8084021471166082));
Weight calculation took 88.325407849 secs
ASTRAL finished in 108.824 secs
