
================== ASTRAL ===================== 

This is ASTRAL version 5.7.7
Gene trees are treated as unrooted
181 trees read from all_bs10.trees
index142
All output trees will be *arbitrarily* rooted at P0109B

======== Running the main analysis
Number of taxa: 244 (244 species)
Taxa: [P_012907, P_006419, GAP_80292, P_006418, P_012889, P_012873, P_012881, P_012793, P_012911, P_012897, P_012917, P_012821, P_012863, P_006420, GAP_80294, P_012885, P_012859, P_018689, GAP_80293, P_012893, P_012895, GAP_80291, P_012891, P_012875, P_012887, P_012851, P_012831, P_012815, P_012903, P_012925, P_012883, P_012857, P_012841, P_012913, P_012877, P_012797, P_012905, P_012901, P_012861, XQWC, P0207B, P0206H, P0206G, P0110C, P0110B, P0207C, P0207A, P2622, P2623, P_016795, P_016797, P_007845, GAP_80397, P_016799, OBPL, S04, S27, P_016789, S02, P_018779, P_014099, S03, P_018691, P_018693, P_016791, P_006422, P_016787, P_016793, Sdec, P_018695, P_018645, P_018783, P_018831, P_016909, WZFE, P2619, P_014083, P_018635, P_011551, VYLQ, WPHN, P_011681, P_011715, P_011537, P_011671, P_011677, GAP_80390, P_011679, P_011739, P_011673, GAP_80389, ABSS, P_011713, Dhai, P_006413, P_008640, P_008646, P_011745, P_011759, P_006412, P_011675, P_011735, P_016813, Apet, WAIL, P_014077, GAP_80395, KRJP, P_011549, P_011509, P_011651, P_011489, P_011487, P_011523, P_011501, P_011465, GAP_80394, P_011643, P_011637, P_007844, P_007783, P_006414, P_007843, P_011647, GAP_80393, P_011657, MAQO, P_011527, GAP_80297, GAP_80298, P_011699, P_011531, Schi, P_006411, GAP_79862, P_008647, P0104A, P_014081, P0203H, P_011609, P_008632, P_011587, P0109B, P_018639, P_011579, P_011701, GAP_81227, P_016921, Pcol, WKSU, P_006410, GAP_81226, SJEV, P_019193, P_019187, Wsal, P_019189, PAWA, P_019197, P_025523, CSSK, P_019185, P2589, OPDF, GAP_80417, P2590, GAP_79804, Asie, QDVW, DHPO, GAP_80322, P_012941, P_012795, P_012813, P_007802, P_012827, P_012855, P_018637, P_012921, P_012919, P_012853, P_012843, P_012803, P_012937, P_006421, P_012939, P_012829, P_012837, P_012867, P_012847, P_012923, P_012817, P_012899, P_012865, P_012849, P_012871, P_012933, P_012935, P_012931, GAP_81172, P_012833, P_012927, P_012915, P_012869, P_012823, P_012791, P_012819, P_012835, P_012807, PSJT, GAP_80295, P_012845, P_012809, P_012879, P_012839, P_012801, P_012805, P_012909, YZRI, P_012799, P_012825, P_012811, S08, P_014095, S38, OSHQ, P_019191, P_011613, P_011705, BCGB, WIGA, Msal, P_008631, P_011631, P_025525, KAYP, P_011719, P_025527, P_014073, P_011709, P_011611, P_019199, P_011607, P_011589]
Taxon occupancy: {P_019193=157, P_019191=78, P_019197=166, OPDF=163, GAP_81172=180, P_018783=175, P_019199=62, Wsal=157, P_016921=177, WKSU=175, P_025523=30, P_025525=53, P_025527=23, P_014073=18, P0203H=131, P_014077=102, QDVW=171, P_011487=176, P_011489=178, P_016813=163, P_006421=180, P_006422=175, P_006420=143, P_006418=178, P_006419=179, P_006414=178, P_014081=127, P_014083=131, P_018689=180, P0206H=168, P0206G=156, Msal=157, P0109B=96, P_012901=177, P_006410=173, P_006411=175, P_012903=178, P_006412=177, P_006413=173, P_012905=178, P_012907=181, GAP_79862=173, PAWA=168, ABSS=170, P_012909=179, P_018691=87, GAP_80291=181, P_018695=173, P_014095=75, GAP_80293=179, GAP_80292=179, P_018693=173, GAP_80295=176, GAP_80294=179, P_014099=171, GAP_80297=176, GAP_80298=175, P_012911=178, P_011701=30, P_012913=159, P_012915=176, P_011705=93, P_012917=173, P_012919=169, P_011709=17, P_012881=181, P_011671=106, P_011551=110, P_012883=180, P_011673=148, MAQO=174, P_012885=178, P_011675=166, GAP_80322=179, P2590=153, P_012887=179, P_011677=138, P_012889=177, P_011679=154, P_008647=169, PSJT=164, P2589=157, P_012891=178, P_011681=126, P_012893=179, P_018637=176, P_012895=179, P_018635=166, P_012897=178, P0207C=174, P0207B=175, P_012899=176, P0207A=174, P_018639=165, P_008646=178, P_008640=177, BCGB=164, WZFE=171, P_018645=172, KRJP=172, KAYP=79, P_011699=90, P_011579=137, CSSK=163, P_008632=174, P_016909=178, P_007783=165, P_008631=39, P_019187=174, P_019185=171, Sdec=45, P_019189=154, P_012791=178, P_012793=176, Asie=139, P_012795=178, P_018779=136, P_011465=178, P_012797=177, P_011587=140, P_012799=178, P_011589=3, GAP_80417=108, WIGA=154, GAP_79804=142, P_007802=138, P_012841=176, P_011631=148, Pcol=151, P_012843=179, P_012845=178, P_011637=173, P_012847=171, P_011759=165, P_012849=179, Apet=83, OBPL=174, P0110C=164, P0110B=127, P_018831=174, YZRI=173, P_012851=176, P_011643=178, P_012853=175, P_011523=178, P_012855=172, P_012857=176, P_011647=160, P_011527=110, P_012859=178, WAIL=179, P_016789=170, P_012861=180, P_011651=150, P_016787=173, P_011531=147, P_012863=179, P_012865=174, Schi=143, P_011657=157, P_012867=178, P_011537=129, P_012869=177, P_016793=172, P_016791=174, P_016797=176, SJEV=176, P_016795=171, P_012871=174, P_012873=179, P_016799=177, P_012875=179, P_012877=176, P_012879=180, P_011549=164, P_007844=127, P_007845=33, S02=141, S04=47, P_012921=164, S03=166, P_012801=179, P_011713=123, P_012923=174, P_012803=178, P_012925=177, P_011715=150, S08=115, P_007843=156, P_012805=178, P_012927=179, P_012807=176, P_011719=20, P_012809=179, VYLQ=179, DHPO=177, GAP_80390=160, P2622=133, P2623=69, XQWC=172, GAP_80394=179, GAP_80393=178, GAP_80395=179, GAP_80397=175, P_012931=179, P_012811=179, WPHN=171, P_012933=174, P_012813=177, P_012935=176, P_012815=174, P_012937=180, P_012817=176, P_011607=2, P_012939=176, P_011609=120, P_012819=174, P2619=121, OSHQ=172, GAP_80389=171, P_012941=181, P_012821=178, P_011611=30, P_012823=177, P_011613=61, P_011735=177, S27=128, P_012825=180, P_012827=157, P_011739=149, P_012829=135, Dhai=172, P0104A=153, P_012831=172, P_011501=179, GAP_81226=178, P_012833=177, P_011745=160, GAP_81227=176, P_012835=177, S38=49, P_012837=178, P_012839=174, P_011509=178}
Number of gene trees: 181
181 trees have missing taxa
Calculating quartet distance matrix (for completion of X)
Species tree distances calculated ...
Will attempt to complete bipartitions from X before adding using a distance matrix.
Building set of clusters (X) from gene trees 
------------------------------
gradient0: 39737
Number of Clusters after addition by distance: 39737
calculating extra bipartitions to be added at level 1 ...
Adding to X using resolutions of greedy consensus ...
Limit for sigma of degrees:6150
polytomy size limit : 43
discarded polytomies:  [3, 3, 3, 3, 3, 3, 3, 3, 3, 3, 3, 3, 3, 3, 3, 3, 3, 3, 3, 3, 4, 4, 4, 4, 4, 4, 4, 4, 4, 4, 4, 4, 4, 4, 5, 5, 5, 5, 5, 5, 5, 5, 5, 6, 6, 6, 6, 7, 8, 8, 9, 12, 12, 13, 14, 14, 14, 15, 25, 26, 43]
Threshold 0.0:
polytomy of size 6; rounds with additions with at least 5 support: 2; clusters: 39831
Threshold 0.01:
polytomy of size 7; rounds with additions with at least 5 support: 2; clusters: 39911
Threshold 0.02:
polytomy of size 3; rounds with additions with at least 5 support: 0; clusters: 39911
polytomy of size 8; rounds with additions with at least 5 support: 0; clusters: 39995
Threshold 0.05:
polytomy of size 3; rounds with additions with at least 5 support: 0; clusters: 39995
polytomy of size 3; rounds with additions with at least 5 support: 0; clusters: 39995
polytomy of size 4; rounds with additions with at least 5 support: 1; clusters: 39997
polytomy of size 4; rounds with additions with at least 5 support: 1; clusters: 39999
polytomy of size 3; rounds with additions with at least 5 support: 0; clusters: 39999
polytomy of size 6; rounds with additions with at least 5 support: 1; clusters: 40007
polytomy of size 3; rounds with additions with at least 5 support: 0; clusters: 40007
polytomy of size 4; rounds with additions with at least 5 support: 0; clusters: 40007
polytomy of size 12; rounds with additions with at least 5 support: 2; clusters: 40079
Threshold 0.1:
polytomy of size 5; rounds with additions with at least 5 support: 0; clusters: 40079
polytomy of size 3; rounds with additions with at least 5 support: 0; clusters: 40079
polytomy of size 4; rounds with additions with at least 5 support: 0; clusters: 40079
polytomy of size 5; rounds with additions with at least 5 support: 0; clusters: 40079
polytomy of size 4; rounds with additions with at least 5 support: 0; clusters: 40079
polytomy of size 15; rounds with additions with at least 5 support: 0; clusters: 40091
polytomy of size 3; rounds with additions with at least 5 support: 0; clusters: 40091
polytomy of size 5; rounds with additions with at least 5 support: 0; clusters: 40095
polytomy of size 3; rounds with additions with at least 5 support: 0; clusters: 40095
polytomy of size 3; rounds with additions with at least 5 support: 0; clusters: 40095
polytomy of size 3; rounds with additions with at least 5 support: 0; clusters: 40095
polytomy of size 4; rounds with additions with at least 5 support: 0; clusters: 40095
polytomy of size 14; rounds with additions with at least 5 support: 0; clusters: 40099
Threshold 0.2:
polytomy of size 5; rounds with additions with at least 5 support: 0; clusters: 40099
polytomy of size 12; rounds with additions with at least 5 support: 0; clusters: 40101
polytomy of size 5; rounds with additions with at least 5 support: 0; clusters: 40101
polytomy of size 4; rounds with additions with at least 5 support: 0; clusters: 40101
polytomy of size 3; rounds with additions with at least 5 support: 0; clusters: 40101
polytomy of size 4; rounds with additions with at least 5 support: 0; clusters: 40101
polytomy of size 8; rounds with additions with at least 5 support: 0; clusters: 40103
polytomy of size 26; rounds with additions with at least 5 support: 0; clusters: 40137
polytomy of size 4; rounds with additions with at least 5 support: 0; clusters: 40137
polytomy of size 3; rounds with additions with at least 5 support: 0; clusters: 40137
polytomy of size 3; rounds with additions with at least 5 support: 0; clusters: 40137
polytomy of size 4; rounds with additions with at least 5 support: 0; clusters: 40137
polytomy of size 6; rounds with additions with at least 5 support: 0; clusters: 40137
polytomy of size 4; rounds with additions with at least 5 support: 0; clusters: 40137
polytomy of size 3; rounds with additions with at least 5 support: 0; clusters: 40137
polytomy of size 4; rounds with additions with at least 5 support: 0; clusters: 40137
polytomy of size 5; rounds with additions with at least 5 support: 0; clusters: 40137
polytomy of size 14; rounds with additions with at least 5 support: 0; clusters: 40155
Threshold 0.3333333333333333:
polytomy of size 3; rounds with additions with at least 5 support: 0; clusters: 40155
polytomy of size 3; rounds with additions with at least 5 support: 0; clusters: 40155
polytomy of size 3; rounds with additions with at least 5 support: 0; clusters: 40155
polytomy of size 4; rounds with additions with at least 5 support: 0; clusters: 40155
polytomy of size 3; rounds with additions with at least 5 support: 0; clusters: 40155
polytomy of size 5; rounds with additions with at least 5 support: 0; clusters: 40155
polytomy of size 6; rounds with additions with at least 5 support: 0; clusters: 40155
polytomy of size 5; rounds with additions with at least 5 support: 0; clusters: 40155
polytomy of size 4; rounds with additions with at least 5 support: 0; clusters: 40155
polytomy of size 14; rounds with additions with at least 5 support: 0; clusters: 40177
polytomy of size 3; rounds with additions with at least 5 support: 0; clusters: 40177
polytomy of size 3; rounds with additions with at least 5 support: 0; clusters: 40177
polytomy of size 5; rounds with additions with at least 5 support: 0; clusters: 40177
polytomy of size 9; rounds with additions with at least 5 support: 0; clusters: 40177
polytomy of size 43; rounds with additions with at least 5 support: 0; clusters: 40193
polytomy of size 13; rounds with additions with at least 5 support: 0; clusters: 40193
polytomy of size 25; rounds with additions with at least 5 support: 0; clusters: 40193
max k is :4
Number of Clusters after addition by greedy: 40193
gradient0 in heuristiic: 40193
partitions formed in 9.017 secs
Dynamic Programming starting after 9.017 secs
Using tree-based weight calculation.
Using polytree-based weight calculation.
Polytree max score: 10327268447
Polytree building time: 0.104 seconds.
Number of quartet trees in the gene trees: 10327268447
Size of largest cluster: 244
Greedy score: 9643770041
estimationFactor: 1.070874606413689
Sub-optimal score: 9669668663
Total Number of elements weighted: 95952
Normalized score (portion of input quartet trees satisfied before correcting for multiple individuals): 0.951146335975554
Optimization score: 9822743544
Optimal tree inferred in 107.383 secs.
(P_012803,(P_012853,((P_012829,P_012837),((P_012937,(P_006421,P_012939)),((((P_012801,(P_012809,P_012879)),(P_012839,(P_012805,(P_012825,(YZRI,P_012799))))),((((P_012849,P_012871),(P_012807,P_012845)),(P_012865,(P_012931,(P_012933,P_012935)))),(P_012909,((GAP_81172,P_012833),((P_012927,(PSJT,GAP_80295)),((P_012915,P_012791),(P_012869,(P_012835,(P_012823,P_012819))))))))),(P_012843,((P_012867,((P_012847,P_012923),(P_012817,P_012899))),(((P_012797,(P_012841,((P_012913,P_012877),(P_012811,(P_012895,P_012891))))),((P_012857,(((P_012815,P_012903),(P_012925,P_012883)),(P_012875,(P_012901,((P_012831,P_012905),(P_012887,P_012851)))))),(P_018689,((P_012885,(P_012859,(P_006420,GAP_80294))),((P_012873,P_012881),((P_012907,(P_006418,((P_012889,P_012793),(P_012863,(P_006419,GAP_80292))))),((P_012911,(P_012917,P_012821)),(GAP_80291,(P_012897,(GAP_80293,P_012893)))))))))),((P_012861,((P_012855,(P_007802,P_012827)),((P_012813,P_018637),(P_012921,P_012919)))),((P_012941,P_012795),((DHPO,GAP_80322),(((P2622,P2623),(P0110C,(P0110B,((XQWC,P0207B),(P0207A,(P0207C,(P0206H,P0206G))))))),((((P_018779,P_018639),(P_018695,(P_018645,P_018783))),(((P_016793,(P_016795,P_006422)),(P_018691,(P_018693,(P_016797,(P_007845,(P_016799,(GAP_80397,OBPL))))))),((S02,P_016787),((S04,(S38,(S27,P_016789))),(P_016791,((S08,P_014095),(P_014099,S03))))))),(((P0203H,((P_016909,WZFE),(P0109B,(P_018831,OSHQ)))),(((SJEV,(P_019193,(P_019187,Wsal))),(P_016921,(GAP_81227,(WKSU,(Pcol,(P_006410,GAP_81226)))))),((P_025527,(P_025523,P_025525)),(((Asie,QDVW),(P_019189,(PAWA,P_019197))),(((P2589,OPDF),(CSSK,P_019185)),((P_019191,P_019199),(GAP_80417,(P2590,GAP_79804)))))))),((WPHN,P_011613),(((P_011609,(Sdec,P2619)),(MAQO,(WAIL,(P_011527,((P_014083,GAP_80297),(P_014077,GAP_80298)))))),(((GAP_79862,P_011587),(P_014081,(P_008647,P0104A))),(((KRJP,(GAP_80395,P_011549)),((P_011657,(P_011643,(P_011509,P_011651))),((GAP_80394,GAP_80393),((P_011647,(P_011465,(P_011501,(P_011489,(P_011487,P_011523))))),(P_011631,(P_011551,((P_011637,P_007844),(P_007843,(P_007783,P_006414))))))))),((P_011589,(P_011531,(P_011699,(Schi,P_006411)))),(VYLQ,(P_018635,(P_008631,((P_011579,(P_011671,P_008632)),(((P_011713,(Dhai,P_011705)),(P_006413,(Apet,(WIGA,Msal)))),((P_016813,(KAYP,((GAP_80390,GAP_80389),((P_011679,P_008646),(P_008640,P_006412))))),((ABSS,BCGB),((P_011607,(P_011701,P_011719)),((P_014073,P_011709),((P_011673,(P_011537,(P_011677,P_011739))),(P_011759,((P_011675,P_011735),(P_011715,(P_011681,(P_011745,P_011611))))))))))))))))))))))))))))))))));
Final quartet score is: 9822743544
Final normalized quartet score is: 0.951146335975554
You may want to ignore posterior probabilities and other statistics related to the following branch branch because the effective number of genes impacting it is only 11:
	{P_025523, P_025525}
You may want to ignore posterior probabilities and other statistics related to the following branch branch because the effective number of genes impacting it is only 16:
	{P_025523, P_025525, P_025527}
You may want to ignore posterior probabilities and other statistics related to the following branch branch because the effective number of genes impacting it is only 2:
	{P_011699, P_011531, Schi, P_006411}
You may want to ignore posterior probabilities and other statistics related to the following branch branch because the effective number of genes impacting it is only 3:
	{P_011699, P_011531, Schi, P_006411, P_011589}
You may want to ignore posterior probabilities and other statistics related to the following branch branch because the effective number of genes impacting it is only 0:
	{P_011701, P_011719}
You may want to ignore posterior probabilities and other statistics related to the following branch branch because the effective number of genes impacting it is only 1:
	{P_011701, P_011719, P_011607}
You may want to ignore posterior probabilities and other statistics related to the following branch branch because the effective number of genes impacting it is only 2:
	{P_014073, P_011709}
You may want to ignore posterior probabilities and other statistics related to the following branch branch because the effective number of genes impacting it is only 19:
	{P_011745, P_011611}
You may want to ignore posterior probabilities and other statistics related to the following branch branch because the effective number of genes impacting it is only 11:
	{P_011681, P_011715, P_011537, P_011677, P_011739, P_011673, P_011745, P_011759, P_011675, P_011735, P_014073, P_011709, P_011611}
Extended species tree:
(P0109B,((P_018831,OSHQ)90.79:1.8730398544053448,((P_016909,WZFE)94.65:2.4215089075220946,(P0203H,((((SJEV,(P_019193,(P_019187,Wsal)65.73:0.652301225104388)47.74:0.23713441303305421)97.11:2.94720653358395,(P_016921,(GAP_81227,(WKSU,(Pcol,(P_006410,GAP_81226)71.89:0.8462580972331425)55.15:0.38759176152481506)55.95:0.40647782091548035)69.25:0.7601077290534135)94.25:2.3530261628153837)91.2:1.945926647486722,((P_025527,(P_025523,P_025525)49.76:0.19693189453583868)71.88:0.7049182246991494,(((Asie,QDVW)98.44:3.365691045219565,(P_019189,(PAWA,P_019197)73.61:0.9026755999270987)44.3:0.17273244818832434)52.18:0.32386898875989784,(((P2589,OPDF)84.53:1.4227738133125907,(CSSK,P_019185)49.95:0.2800090110121007)77.51:1.064432751921051,((P_019191,P_019199)46.26:0.19485998769353552,(GAP_80417,(P2590,GAP_79804)87.08:1.5718164616737087)68.65:0.7228367293831689)59.06:0.4713474811480735)82.96:1.3308131573985238)46.3:0.19834199579685483)68.68:0.7025402905370421)44.17:0.16907178074622878,(((WPHN,P_011613)50.24:0.2625955740517932,(((P_011609,(Sdec,P2619)48.97:0.23999869330528198)75.97:0.979921025343456,(MAQO,(WAIL,(P_011527,((P_014083,GAP_80297)87.41:1.6138783458295736,(P_014077,GAP_80298)39.21:0.08500933553968668)37.71:0.06171625688470137)37.29:0.0547309842221541)76.55:1.0238247758289505)86.45:1.5396035672790302)65.7:0.6378338884598437,(((GAP_79862,P_011587)81.65:1.2511993326605961,(P_014081,(P_008647,P0104A)98.22:3.2273927616406555)87.29:1.5979740615794804)89.38:1.7635735735882252,(((KRJP,(GAP_80395,P_011549)80.77:1.2151846887873465)84.17:1.3999132851324438,((P_011657,(P_011643,(P_011509,P_011651)61.29:0.5303097152889766)42.71:0.14538478271429112)72.75:0.8717545556881788,((GAP_80394,GAP_80393)71.08:0.8158166437245009,((P_011647,(P_011465,(P_011501,(P_011489,(P_011487,P_011523)39.44:0.09094586591593017)37.38:0.05803796649010184)62.63:0.5655842654951936)80.02:1.1703858549461632)48.53:0.24970457028422421,(P_011631,(P_011551,((P_011637,P_007844)49.85:0.27465079818986216,(P_007843,(P_007783,P_006414)47.78:0.23668633301541928)65.62:0.6464618198262134)40.07:0.09763972534273377)39.54:0.08912289875539689)36.9:0.04911730179757862)66.37:0.6673972654650802)37.58:0.06076102100638452)94.24:2.3386198854376166)88.7:1.701410503237897,((P_011589,(P_011531,(P_011699,(Schi,P_006411)68.48:0.7200861909117816)60.18:0.49381418886012257)66.82:0.18419246472976622)91.96:0.4325214464984111,(VYLQ,(P_018635,(P_008631,((P_011579,(P_011671,P_008632)44.8:0.17852136533339538)87.35:1.6008842464391773,(((P_011713,(Dhai,P_011705)51.3:0.29392826933364624)46.74:0.2127132059664969,(P_006413,(Apet,(WIGA,Msal)35.16:0.012362714029482308)45.97:0.19198874631076626)40.51:0.10641622237777575)56.39:0.40970861507818607,((P_016813,(KAYP,((GAP_80390,GAP_80389)83.95:1.3767659386989106,((P_011679,P_008646)50.99:0.29560871837730507,(P_008640,P_006412)73.68:0.903486357798257)36.37:0.03982674404626498)51.3:0.2854449617347219)35.32:0.013127545911419554)62.5:0.5501099757339776,((ABSS,BCGB)68.62:0.7272284058015853,((P_011607,(P_011701,P_011719)NaN:0.0)100:0.2876820724517809,((P_014073,P_011709)11.02:0.0,((P_011673,(P_011537,(P_011677,P_011739)78.36:1.0779449964990515)41.37:0.1189945013751489)42.69:0.14115253845612755,(P_011759,((P_011675,P_011735)84.52:1.4180990207902857,(P_011715,(P_011681,(P_011745,P_011611)61.08:0.4589095159872863)42.81:0.1444564890278295)53.37:0.345229964976448)50.62:0.28942687244089244)42.76:0.14359348096484228)59.97:0.4461267657825216)48.16:0.10766607229557912)34.23:0.0)42.03:0.12934405471467095)43.43:0.15335228238893192)81.77:1.2558771826567134)92.47:1.8207513144681648)37.43:0.03712965645105129)59.03:0.4711722386536115)43.66:0.160047114372792)83.96:1.3557738214645751)38.6:0.07107665465360885)63.52:0.5740715109566165)63.43:0.577613389715799)88.86:1.7046158806948728,((((P_018779,P_018639)55.04:0.3824230837976514,(P_018695,(P_018645,P_018783)40.03:0.1005303255936974)48.39:0.24846554358044956)56.58:0.41810627185681787,(((P_016793,(P_016795,P_006422)59.15:0.47710380649085526)54.18:0.3634022848975408,(P_018691,(P_018693,(P_016797,(P_007845,(P_016799,(GAP_80397,OBPL)42.6:0.14447921621634197)70.76:0.7466563384100139)51.91:0.28339901855587296)79.49:1.1480126700310123)42.74:0.13593850450089254)34.5:0.0065310885151223285)37.54:0.0587517509364666,((S02,P_016787)95.06:2.4603689592585223,((S04,(S38,(S27,P_016789)48.18:0.22890662920175944)46.39:0.17217616671230707)72.06:0.8012243667755181,(P_016791,((S08,P_014095)80.44:1.1423039014247696,(P_014099,S03)94.85:2.4022219229259063)34.83:0.014763189863560459)38.14:0.06840509250232747)33.75:0.0010723072998563331)54.3:0.36545119602209186)48.61:0.2507293042609839)96.27:2.7263430827099673,(((P2622,P2623)50.73:0.28442337127240047,(P0110C,(P0110B,((XQWC,P0207B)57.05:0.43091429857390995,(P0207A,(P0207C,(P0206H,P0206G)49.22:0.26519512095711334)37.3:0.057366564367808244)36.42:0.04362594451606639)42.32:0.1384343054876165)84.71:1.426422777497255)93.15:2.1712969203598558)58.66:0.4642444730704103,((DHPO,GAP_80322)96.15:2.7156316638357425,((P_012941,P_012795)99.27:3.9351546538676923,((P_012861,((P_012855,(P_007802,P_012827)90.8:1.9019826167610359)70.57:0.8003667152160205,((P_012813,P_018637)60.49:0.5135530542597327,(P_012921,P_012919)92.53:2.1126017554675873)87.01:1.5940694492330303)95.68:2.5966187979425874)41.85:0.1293123290743271,(((P_012797,(P_012841,((P_012913,P_012877)75.37:0.9726491593990328,(P_012811,(P_012895,P_012891)48.02:0.2425931758242015)75.24:0.9695914466539374)83.29:1.3475952378419596)51.54:0.3089627238508333)37.27:0.054529141975706956,((P_012857,(((P_012815,P_012903)84.03:1.3794429605010765,(P_012925,P_012883)92.48:2.100195600524538)33.33:0.0,(P_012875,(P_012901,((P_012831,P_012905)47.08:0.22286599933611792,(P_012887,P_012851)91.42:1.98281523794065)35.01:0.02042798739759136)49.04:0.2591686555620681)68:0.7117781439057834)37.3:0.05402315232071717)63.41:0.5775363822322988,(P_018689,((P_012885,(P_012859,(P_006420,GAP_80294)91.88:2.009788504646944)39.16:0.08312647465902012)39.95:0.09529331839947916,((P_012873,P_012881)75.27:0.959863745859834,((P_012907,(P_006418,((P_012889,P_012793)37.85:0.05967945171638401,(P_012863,(P_006419,GAP_80292)95.88:2.6384995470119916)38.09:0.06420394063213253)39.2:0.08227146263205214)40.14:0.09729991368307646)34.83:0.01396466220156087,((P_012911,(P_012917,P_012821)88.76:1.7198272059413577)76.73:1.014842394817529,(GAP_80291,(P_012897,(GAP_80293,P_012893)93.3:2.1929017700731426)36.52:0.04030474893867407)38.14:0.06401608056711393)34.35:0.006748427774782628)37.4:0.05318083819293823)40.63:0.10553404985429908)76.47:1.006444973870988)78.96:1.1063060263748452)91.74:1.985935626765791)95.23:2.4698813367979255,((P_012867,((P_012847,P_012923)96.18:2.7144292402194994,(P_012817,P_012899)82.48:1.3078624409732504)60.41:0.5113366909932573)97.91:3.1988805702614407,(P_012843,((((P_012801,(P_012809,P_012879)97.6:3.1078477864211913)59.12:0.47774745567546983,(P_012839,(P_012805,(P_012825,(YZRI,P_012799)91.83:2.028596451578725)42.49:0.1423041389983979)36.17:0.03923413284066554)60.37:0.5085783320749993)79.42:1.1437498689565053,((((P_012849,P_012871)79.4:1.1490004116057322,(P_012807,P_012845)58.31:0.45910595478799915)53.7:0.3560690443509189,(P_012865,(P_012931,(P_012933,P_012935)93.18:2.19947427333372)85.83:1.507051754879649)43.99:0.16829773796913736)91.02:1.9352847736767296,(P_012909,((GAP_81172,P_012833)92.32:2.085050453613022,((P_012927,(PSJT,GAP_80295)48.98:0.26110342070410714)94.79:2.442835516211671,((P_012915,P_012791)44.84:0.18400077163246623,(P_012869,(P_012835,(P_012823,P_012819)37.04:0.05337039995888332)59.98:0.5010407641529857)91.86:2.033092249302611)77.49:1.0617999280733597)40.28:0.10480954729721285)88.34:1.6891804639528158)34.92:0.01945809529823375)90.75:1.8960227301657409)92.79:2.119751690364548,((P_012937,(P_006421,P_012939)75.75:0.9922937752455232)97.66:3.122244291411074,((P_012829,P_012837)72.89:0.8712463579761917,(P_012853,P_012803)34.63:0.01499719459029006)37.94:0.06623496553718601)41.32:0.12059781471176968)39.84:0.09590464665618989)78.88:1.1153260793372524)78.74:1.1059985155486571)48.02:0.2385072506111711)86.12:1.5164426574916177)94.74:2.415220705695449)66.81:0.6818308741989644)58.21:0.45540414552169795)93.55:2.207942060878081)75.71:0.9728814955220142)92.82:2.107013404201195)75.83:0.9876042733348764)71:0.8049998252941578));
Weight calculation took 93.944728177 secs
ASTRAL finished in 109.127 secs
