
================== ASTRAL ===================== 

This is ASTRAL version 5.7.7
Gene trees are treated as unrooted
327 trees read from all_bs10.trees
index19
All output trees will be *arbitrarily* rooted at P0109B

======== Running the main analysis
Number of taxa: 244 (244 species)
Taxa: [Apet, VYLQ, WPHN, WAIL, MAQO, P_011609, Sdec, P_019189, P_019197, P2590, GAP_79804, P_008647, P0104A, P_014081, P_011587, P_011701, GAP_80417, P_025523, P0203H, P0109B, P_016909, P_018831, P0110C, P2622, P0110B, P0207A, P0207C, P0207B, P0206H, P0206G, XQWC, P2623, P_007845, P_011579, P_018639, GAP_80322, P_012855, P_007802, P_012827, P_012919, P_012921, P_012813, P_018637, P_012795, P_012941, P_012839, P_012799, P_012805, P_012825, P_012879, P_012809, P_012801, P_012909, GAP_80295, PSJT, P_012927, P_012915, P_012791, P_012869, P_012835, P_012819, P_012823, GAP_81172, P_012833, P_012865, P_012935, P_012933, P_012931, P_012871, P_012849, P_012845, P_012807, P_012803, P_012853, P_012837, P_012829, P_012937, P_006421, P_012939, P_012867, P_012899, P_012817, P_012847, P_012923, P_012843, P_012861, P_012841, P_012913, P_012877, P_012797, P_012901, P_012851, P_012887, P_012905, P_012875, P_012831, P_012857, P_012903, P_012815, P_012925, P_012883, P_012897, P_012907, P_006420, GAP_80294, GAP_80291, GAP_80293, P_012893, P_012885, P_012881, P_012873, GAP_80292, P_006419, P_012859, P_012889, P_012863, P_006418, P_012917, P_012821, P_012911, P_012793, P_018689, P_012891, P_012895, P_012811, GAP_81227, P_016921, Pcol, GAP_81226, P_006410, GAP_79862, P_014077, P_018635, P_011527, GAP_80298, P_014083, GAP_80297, P_007844, P_011637, P_011647, Schi, P_006411, P_011531, P_011549, GAP_80395, P_011739, P_011465, P_011501, P_011489, P_011487, P_011523, P_006414, P_007843, P_007783, GAP_80393, GAP_80394, P_011651, P_011509, P_011643, P_011551, P_011657, P2619, BCGB, P_011699, P_011715, P_011705, P_011713, P_006413, P_011759, P_011675, P_011735, P_011537, P_011671, P_008632, P_011677, WIGA, GAP_80389, P_011679, P_011681, GAP_80390, P_008646, P_006412, P_008640, P_011673, P_011745, P_016813, OBPL, GAP_80397, P_016799, P_016797, P_016793, P_018695, P_018783, P_018645, P_016789, S27, P_016791, S02, P_016787, S04, S03, P_018779, P_014099, P_018691, P_018693, P_006422, P_016795, YZRI, DHPO, WKSU, PAWA, P2589, P_019185, OPDF, CSSK, P_019193, Wsal, P_019187, SJEV, WZFE, QDVW, Asie, KRJP, ABSS, Dhai, Msal, P_011631, S38, S08, OSHQ, P_019191, P_025525, P_014095, P_011613, P_008631, KAYP, P_011719, P_014073, P_025527, P_011709, P_011611, P_019199, P_011607, P_011589]
Taxon occupancy: {P_019193=262, P_019191=106, P_019197=277, OPDF=307, GAP_81172=314, P_018783=311, P_019199=82, Wsal=256, P_016921=314, WKSU=324, P_025523=43, P_025525=79, P_025527=31, P_014073=43, P0203H=185, P_014077=168, QDVW=315, P_011487=312, P_011489=314, P_016813=266, P_006421=305, P_006422=309, P_006420=228, P_006418=300, P_006419=303, P_014081=200, P_006414=309, P_014083=210, P_018689=313, P0206H=280, P0206G=267, Msal=272, P0109B=138, P_012901=304, P_006410=302, P_006411=301, P_012903=309, P_006412=308, P_006413=293, P_012905=313, P_012907=310, GAP_79862=295, PAWA=306, ABSS=320, P_012909=311, P_018691=129, GAP_80291=315, P_018695=300, P_014095=119, GAP_80293=309, GAP_80292=304, P_018693=304, GAP_80295=313, GAP_80294=301, P_014099=308, GAP_80297=308, GAP_80298=305, P_011701=53, P_012911=308, P_012913=255, P_012915=312, P_011705=160, P_012917=293, P_012919=284, P_011709=27, P_012881=309, P_011671=164, P_011551=191, MAQO=320, P_012883=312, P_011673=242, GAP_80322=315, P_012885=305, P_011675=280, P2590=247, P_012887=309, P_011677=231, P_012889=299, P_011679=254, P_008647=288, PSJT=309, P2589=245, P_012891=298, P_011681=209, P_012893=310, P_018637=304, P_012895=305, P_018635=277, P_012897=302, P0207C=290, P0207B=295, P_012899=307, P0207A=305, P_018639=280, P_008646=312, P_008640=311, BCGB=316, WZFE=317, P_018645=307, KRJP=315, KAYP=185, P_011699=151, P_011579=227, CSSK=306, P_008632=306, P_016909=315, P_007783=291, P_008631=51, P_019187=305, P_019185=287, Sdec=58, P_019189=251, P_012791=313, P_012793=304, P_012795=307, Asie=243, P_011465=315, P_018779=239, P_011587=213, P_012797=314, P_012799=311, P_011589=4, GAP_80417=152, WIGA=305, GAP_79804=225, P_007802=252, P_012841=305, P_011631=238, P_012843=317, Pcol=255, P_012845=307, P_012847=299, P_011637=307, P_011759=266, P_012849=295, Apet=137, OBPL=319, P0110C=275, P_018831=307, P0110B=193, YZRI=318, P_012851=309, P_012853=307, P_011643=320, P_011523=316, P_012855=294, P_012857=308, P_011647=274, P_011527=169, P_012859=297, WAIL=322, P_016789=305, P_012861=302, P_011651=271, P_011531=240, P_016787=310, P_012863=309, P_012865=302, Schi=250, P_012867=310, P_011657=268, P_011537=218, P_012869=304, P_016793=304, P_016791=314, P_016797=314, SJEV=315, P_016795=299, P_012871=295, P_012873=307, P_016799=307, P_012875=306, P_012877=299, P_012879=308, P_011549=285, P_007844=209, P_007845=43, S02=212, P_012921=275, S04=74, P_012801=314, S03=285, P_012923=298, P_011713=199, P_012803=310, P_012925=302, P_011715=253, S08=174, P_012805=307, P_007843=272, P_012927=306, P_012807=308, P_011719=29, P_012809=302, VYLQ=319, DHPO=321, GAP_80390=270, P2622=201, P2623=96, XQWC=323, GAP_80394=314, GAP_80393=318, GAP_80395=315, GAP_80397=314, P_012931=309, P_012811=306, WPHN=314, P_012933=290, P_012813=304, P_012935=300, P_012815=297, P_012937=311, P_012817=305, P_011607=7, P_012939=294, P_011609=181, P_012819=304, P2619=170, OSHQ=313, GAP_80389=283, P_012941=313, P_012821=306, P_011611=47, P_012823=310, P_011613=79, P_011735=307, P_012825=311, S27=229, P_012827=274, P_011739=258, P_012829=194, Dhai=300, P0104A=249, P_012831=289, P_011501=316, P_012833=306, GAP_81226=310, GAP_81227=317, P_011745=265, P_012835=308, S38=85, P_012837=314, P_012839=299, P_011509=315}
Number of gene trees: 327
327 trees have missing taxa
Calculating quartet distance matrix (for completion of X)
Species tree distances calculated ...
Will attempt to complete bipartitions from X before adding using a distance matrix.
Building set of clusters (X) from gene trees 
------------------------------
gradient0: 47625
Number of Clusters after addition by distance: 47625
calculating extra bipartitions to be added at level 1 ...
Adding to X using resolutions of greedy consensus ...
Limit for sigma of degrees:6150
polytomy size limit : 41
discarded polytomies:  [3, 3, 3, 3, 3, 3, 3, 3, 3, 3, 3, 3, 3, 3, 3, 3, 3, 3, 3, 3, 3, 4, 4, 4, 4, 4, 4, 4, 4, 4, 4, 4, 4, 4, 4, 4, 5, 5, 5, 5, 5, 6, 6, 6, 6, 7, 7, 8, 8, 11, 11, 13, 14, 14, 17, 41]
Threshold 0.0:
polytomy of size 3; rounds with additions with at least 5 support: 1; clusters: 47629
Threshold 0.01:
polytomy of size 6; rounds with additions with at least 5 support: 2; clusters: 47677
Threshold 0.02:
polytomy of size 7; rounds with additions with at least 5 support: 0; clusters: 47737
Threshold 0.05:
polytomy of size 3; rounds with additions with at least 5 support: 0; clusters: 47737
polytomy of size 4; rounds with additions with at least 5 support: 0; clusters: 47737
polytomy of size 7; rounds with additions with at least 5 support: 0; clusters: 47737
polytomy of size 3; rounds with additions with at least 5 support: 0; clusters: 47737
polytomy of size 3; rounds with additions with at least 5 support: 1; clusters: 47739
Threshold 0.1:
polytomy of size 4; rounds with additions with at least 5 support: 0; clusters: 47739
polytomy of size 3; rounds with additions with at least 5 support: 0; clusters: 47739
polytomy of size 5; rounds with additions with at least 5 support: 0; clusters: 47739
polytomy of size 3; rounds with additions with at least 5 support: 0; clusters: 47739
polytomy of size 11; rounds with additions with at least 5 support: 0; clusters: 47743
polytomy of size 3; rounds with additions with at least 5 support: 0; clusters: 47743
polytomy of size 5; rounds with additions with at least 5 support: 0; clusters: 47743
polytomy of size 5; rounds with additions with at least 5 support: 0; clusters: 47743
polytomy of size 4; rounds with additions with at least 5 support: 0; clusters: 47743
polytomy of size 4; rounds with additions with at least 5 support: 0; clusters: 47743
polytomy of size 3; rounds with additions with at least 5 support: 0; clusters: 47743
Threshold 0.2:
polytomy of size 3; rounds with additions with at least 5 support: 0; clusters: 47743
polytomy of size 4; rounds with additions with at least 5 support: 0; clusters: 47743
polytomy of size 3; rounds with additions with at least 5 support: 0; clusters: 47743
polytomy of size 4; rounds with additions with at least 5 support: 0; clusters: 47743
polytomy of size 4; rounds with additions with at least 5 support: 0; clusters: 47743
polytomy of size 8; rounds with additions with at least 5 support: 0; clusters: 47749
polytomy of size 5; rounds with additions with at least 5 support: 0; clusters: 47749
polytomy of size 13; rounds with additions with at least 5 support: 0; clusters: 47753
polytomy of size 3; rounds with additions with at least 5 support: 0; clusters: 47753
polytomy of size 4; rounds with additions with at least 5 support: 0; clusters: 47753
polytomy of size 3; rounds with additions with at least 5 support: 0; clusters: 47753
polytomy of size 3; rounds with additions with at least 5 support: 0; clusters: 47753
polytomy of size 6; rounds with additions with at least 5 support: 0; clusters: 47753
polytomy of size 3; rounds with additions with at least 5 support: 0; clusters: 47753
polytomy of size 4; rounds with additions with at least 5 support: 0; clusters: 47753
polytomy of size 8; rounds with additions with at least 5 support: 0; clusters: 47753
polytomy of size 17; rounds with additions with at least 5 support: 0; clusters: 47761
polytomy of size 4; rounds with additions with at least 5 support: 0; clusters: 47761
Threshold 0.3333333333333333:
polytomy of size 3; rounds with additions with at least 5 support: 0; clusters: 47761
polytomy of size 3; rounds with additions with at least 5 support: 0; clusters: 47761
polytomy of size 14; rounds with additions with at least 5 support: 0; clusters: 47763
polytomy of size 3; rounds with additions with at least 5 support: 0; clusters: 47763
polytomy of size 14; rounds with additions with at least 5 support: 0; clusters: 47763
polytomy of size 4; rounds with additions with at least 5 support: 0; clusters: 47763
polytomy of size 5; rounds with additions with at least 5 support: 0; clusters: 47763
polytomy of size 3; rounds with additions with at least 5 support: 0; clusters: 47763
polytomy of size 3; rounds with additions with at least 5 support: 0; clusters: 47763
polytomy of size 3; rounds with additions with at least 5 support: 0; clusters: 47763
polytomy of size 4; rounds with additions with at least 5 support: 0; clusters: 47763
polytomy of size 6; rounds with additions with at least 5 support: 0; clusters: 47763
polytomy of size 4; rounds with additions with at least 5 support: 0; clusters: 47763
polytomy of size 3; rounds with additions with at least 5 support: 0; clusters: 47763
polytomy of size 4; rounds with additions with at least 5 support: 0; clusters: 47763
polytomy of size 11; rounds with additions with at least 5 support: 0; clusters: 47763
polytomy of size 4; rounds with additions with at least 5 support: 0; clusters: 47763
polytomy of size 6; rounds with additions with at least 5 support: 0; clusters: 47763
polytomy of size 41; rounds with additions with at least 5 support: 0; clusters: 47799
max k is :4
Number of Clusters after addition by greedy: 47799
gradient0 in heuristiic: 47799
partitions formed in 31.865 secs
Dynamic Programming starting after 31.865 secs
Using tree-based weight calculation.
Using polytree-based weight calculation.
Polytree max score: 20359387874
Polytree building time: 0.281 seconds.
Number of quartet trees in the gene trees: 20359387874
Size of largest cluster: 244
Greedy score: 18745061147
estimationFactor: 1.0861201099500473
Sub-optimal score: 18921090514
Calculated 100000 weights; time (seconds): 213
Total Number of elements weighted: 150510
Normalized score (portion of input quartet trees satisfied before correcting for multiple individuals): 0.9440188114665514
Optimization score: 19219645143
Optimal tree inferred in 338.713 secs.
(P_011713,(P_011705,(P_006413,(((P_011679,(P_016813,((GAP_80389,GAP_80390),(P_008646,(P_006412,P_008640))))),((P_014073,P_011589),((P_011701,P_011681),(P_011673,((P_011537,(P_011739,P_011677)),(P_011759,((P_011675,P_011735),(P_011715,(P_011745,P_011611))))))))),(((KAYP,(BCGB,ABSS)),(WIGA,(Apet,(Dhai,Msal)))),((P_011719,P_011607),((P_011579,(P_011671,P_008632)),(P_008631,(P_018635,(VYLQ,((P_011531,(P_011699,(Schi,P_006411))),(((KRJP,(P_011549,GAP_80395)),((P_011657,(P_011643,(P_011651,P_011509))),((GAP_80393,GAP_80394),(P_011631,((P_011551,((P_007844,P_011637),(P_007843,(P_006414,P_007783)))),(P_011647,(P_011465,(P_011501,(P_011523,(P_011489,P_011487)))))))))),(((P_011587,GAP_79862),(P_014081,(P_008647,P0104A))),(((P_011609,(Sdec,P2619)),(MAQO,(WAIL,(P_011527,(P_014077,(GAP_80298,(P_014083,GAP_80297))))))),((WPHN,P_011613),(((P0203H,((P_016909,WZFE),(P0109B,(P_018831,OSHQ)))),(((SJEV,(P_019193,(Wsal,P_019187))),(P_016921,(WKSU,(GAP_81227,(Pcol,(GAP_81226,P_006410)))))),((P_011709,(P_025527,(P_025523,P_025525))),(((QDVW,Asie),(P_019189,(P_019197,PAWA))),(((P_019185,CSSK),(P2589,OPDF)),((P_019191,P_019199),(GAP_80417,(P2590,GAP_79804)))))))),((P_007845,(((P_018639,P_018779),(P_018695,(P_018783,P_018645))),(P_018691,((P_016797,(OBPL,(GAP_80397,P_016799))),((P_016793,(P_006422,P_016795)),(P_018693,((S08,P_014095),((S38,(S04,(P_016789,S27))),((S02,P_016787),(P_016791,(S03,P_014099))))))))))),(((P2622,P2623),(P0110C,(XQWC,(P0207A,(P0110B,(P0207C,(P0207B,(P0206H,P0206G)))))))),((GAP_80322,DHPO),((P_012795,P_012941),((P_012861,((P_012855,(P_007802,P_012827)),((P_012813,P_018637),(P_012919,P_012921)))),(((P_012797,(P_012841,((P_012913,P_012877),(P_012811,(P_012891,P_012895))))),((((P_012903,P_012815),(P_012857,(P_012925,P_012883))),(P_012875,((P_012905,P_012831),(P_012901,(P_012851,P_012887))))),(P_018689,((P_012885,(P_006420,GAP_80294)),(P_012859,((P_012907,(GAP_80291,(P_012881,P_012873))),((P_012897,(GAP_80293,P_012893)),((P_012863,(P_012911,(P_012917,P_012821))),(P_012889,(P_006418,(P_012793,(GAP_80292,P_006419)))))))))))),((P_012867,((P_012899,P_012817),(P_012847,P_012923))),(P_012843,(((P_012937,(P_006421,P_012939)),(P_012803,(P_012853,(P_012837,P_012829)))),(((P_012801,(P_012879,P_012809)),((P_012839,P_012805),(P_012825,(P_012799,YZRI)))),((P_012909,((P_012865,(P_012931,(P_012935,P_012933))),((P_012845,P_012807),(P_012871,P_012849)))),((GAP_81172,P_012833),((PSJT,(GAP_80295,P_012927)),((P_012915,P_012791),(P_012869,(P_012823,(P_012835,P_012819)))))))))))))))))))))))))))))))));
Final quartet score is: 19219645143
Final normalized quartet score is: 0.9440188114665514
You may want to ignore posterior probabilities and other statistics related to the following branch branch because the effective number of genes impacting it is only 13:
	{P_025523, P_025525}
You may want to ignore posterior probabilities and other statistics related to the following branch branch because the effective number of genes impacting it is only 0:
	{P_025523, P_025525, P_025527}
You may want to ignore posterior probabilities and other statistics related to the following branch branch because the effective number of genes impacting it is only 9:
	{P_025523, P_025525, P_025527, P_011709}
You may want to ignore posterior probabilities and other statistics related to the following branch branch because the effective number of genes impacting it is only 1:
	{P_011719, P_011607}
You may want to ignore posterior probabilities and other statistics related to the following branch branch because the effective number of genes impacting it is only 1:
	{P_014073, P_011589}
90.01694543565156 34.501715046032615 4.5658465605693355 129.0845070422535 1.0585056675149116E-19
252.46182975778714 34.2916642393217 17.94494516827043 304.6984391653792 4.931005773017917E-74
136.015066425398 42.092322926673575 55.01027025075397 233.11765960282554 3.2747333271305607E-15
197.9680982333975 30.500830121228844 28.082245961253864 256.55117431588025 6.743427582860887E-49
255.07266144826843 17.23022835806575 19.618498122336 291.9213879286702 4.767141639369316E-84
195.99823318495027 22.016696887203953 27.02466454056044 245.03959461271467 7.106893662115538E-53
173.5461041358768 49.975950179546444 23.49522518667827 247.01727950210153 1.4715296517670427E-34
138.09369109234703 123.02397133719431 43.744246874309354 304.86190930385067 1.0489903370272672E-11
155.832459898398 118.01584906963426 33.29635309033944 307.1446620583717 1.991322813315574E-17
288.73083537037456 9.782644352387848 7.690831357300111 306.20431108006255 6.36879043240584E-112
253.05552129568628 11.449766201514691 18.53297549019866 283.03826298739966 9.56608033764387E-88
9.0 1.0 3.0 13.0 0.018315638888734168
Not enough genes
Cannot perform polytomy test with effective N (after polytomies) 13.0:
	(P_025523,P_025525):0.6241543090729941;
0.0 0.0 0.0 0.0 NaN
Not enough genes
Cannot perform polytomy test with effective N (after polytomies) 0.0:
	(P_025527,(P_025523,P_025525):0.6241543090729941):0.0;
1.8808943686658188 2.5058511931997147 0.8072449145465989 5.193990476412132 0.6529103051759594
Not enough genes
Cannot perform polytomy test with effective N (after polytomies) 5.193990476412132:
	(P_011709,(P_025527,(P_025523,P_025525):0.6241543090729941):0.0):0.0;
232.0279069767442 1.3271317829457363 0.6449612403100775 234.0 8.464671092106663E-100
129.3600339841166 32.25470825741449 38.57846419384058 200.19320643537165 6.157152681098322E-20
82.70445901874291 86.91954192009032 51.3204615534591 220.94446249229233 0.005874845953764593
130.16091655639923 73.70655155762994 74.76008063448886 278.62754874851805 1.328237664252961E-5
88.82024532521689 91.43830752798893 87.70393703660474 267.9624898898105 0.9596984106480696
156.13688223030064 39.535590426534846 35.79504235860323 231.46751501543872 4.425537155889162E-27
215.48450467908265 24.18082448658662 25.075180985358703 264.740510151028 1.7519572163979598E-60
35.729110513112275 7.749295994358556 10.630598231865667 54.1090047393365 1.9810327328886366E-6
113.99543378995435 5.004854368932039 5.004566210045662 124.00485436893206 2.4945689317292902E-42
60.3915794952391 16.546700194718696 12.245441240274763 89.18372093023255 4.268152197785143E-11
72.17914429622894 41.21458778237764 8.801501752535899 122.19523383114247 1.955430991706483E-11
202.4370080942349 13.13672731405433 39.144048314286366 254.71778372257558 1.3891417168563205E-54
56.730394331772345 15.027253270817406 27.328881101756505 99.08652870434626 9.174731485298894E-7
49.36515186702233 32.08281419989953 8.971329956841563 90.41929602376341 1.206160174577203E-6
116.73397232703036 79.46403752528535 44.44081929505647 240.63882914737218 8.386360500988871E-8
106.61772642844018 40.51952174861284 63.64119884141738 210.7784470184704 1.1103532059549703E-7
110.62858237615465 86.83223047443386 69.59458214933164 267.05539499992017 0.008488583460877731
141.39360833604613 74.80554443502939 41.595580506924016 257.7947332779995 8.84866271810396E-14
139.77178076469534 90.44978609221462 21.08834474932061 251.30991160623057 3.7158804626039742E-19
164.93962011523567 28.587770777770867 100.98392612853048 294.511317021537 2.5806095213987993E-21
170.36165507669725 113.78149764708536 12.933018145773755 297.07617086955634 1.2891645319932259E-28
203.9396449548138 16.167878965739988 65.56845600847772 285.6759799290315 6.179496387236737E-44
144.09858193307846 51.7195520317169 46.681135875512474 242.49926984030785 6.879292174760171E-17
138.35532078473548 40.77248322902767 44.841384546274234 223.9691885600374 1.8753842091798455E-18
58.506385057483264 6.7248224548971285 20.63355483099641 85.86476234337681 1.2660104926441444E-11
42.86582808722086 6.00701002110526 14.05021438295361 62.92305249127973 1.670383127836047E-8
11.335199039177576 12.057384713830373 4.5714503228014705 27.96403407580942 0.16052633433832217
45.06065789918288 16.5093198338701 8.560659956157862 70.13063768921084 1.4296618626265036E-7
201.23704641428446 4.63995770523615 1.4319909077679627 207.30899502728857 4.8745840850004516E-83
256.3291346555097 4.072204792922887 8.716769792409082 269.11810924084165 1.4657127795160385E-101
78.56035852618801 76.83276613525005 73.39061643943063 228.7837411008687 0.9131762323640663
77.15716534094483 69.92647852962622 71.56689627153469 218.65054014210574 0.8210468062960071
72.46706856948788 38.14691326811073 35.783168613919244 146.39715045151786 1.7723395164771848E-4
79.54645864732096 44.34181024644837 22.329756719718585 146.2180256134879 3.78469695883348E-8
82.66666949280531 54.93171291972807 64.8635187071758 202.46190111970918 0.05360923825742363
104.49523821801534 64.11367173335377 57.35408093096883 225.96299088233795 1.7924655655221505E-4
38.65602160057085 32.91759125223853 22.07299278440159 93.64660563721098 0.1031048993008413
35.40307607365622 30.742012344454015 27.988363282030292 94.13345170014053 0.6390998759953622
13.850918066769987 11.566256050532576 8.402958072265942 33.82013218956851 0.5148393022979189
36.61931455730355 2.811921101706849 0.4110834329959911 39.84231909200639 3.9265406784124426E-14
40.890795536023376 5.740921832484263 37.84289280706904 84.47461017557669 1.4161110088455369E-6
112.96819755229545 54.107591036926515 76.93583483764357 244.01162342686553 1.9847820808758586E-5
111.90500424056107 87.63954763091506 64.95316004312015 264.49771191459627 0.001924119031036207
72.93594350259148 48.91619887323344 64.48116777819138 186.33331015401632 0.09162319321249605
65.41405312093276 59.30045716036782 60.30024971072882 185.0147599920294 0.8399756516530513
169.15648091424183 74.13877064412588 46.45986612284285 289.75511768121055 2.386666816268837E-19
153.12354725642953 107.19769141590325 6.334187317910448 266.65542599024326 2.826200737439303E-28
177.17708976635052 7.491308759756205 10.936507343672705 195.60490586977943 2.2027984866963523E-63
110.3315828095523 26.571416706755624 41.947968913881226 178.85096843018914 3.2907542158823813E-15
270.2268772029819 8.992359498052759 16.66492294600605 295.8841596470407 4.8837320524269584E-98
298.9908256880734 0.9329139380188728 1.1343999087914536 301.05813953488376 8.544067027307835E-129
201.12547177597125 11.142430371187285 14.950428443128489 227.21833059028702 2.3309250153089673E-68
210.80056389006546 24.633093768817222 28.325417155133934 263.7590748140166 1.10268642705686E-56
194.01081697685746 36.5132097120158 48.499940068657345 279.0239667575306 1.2753057216840423E-36
247.50177659462477 7.80695450031597 7.205166047299022 262.5138971422398 5.144929319520596E-96
257.7094952140805 6.808803554282987 18.013894405635543 282.532193173999 2.307264638392695E-93
267.6386086854086 6.274107448808143 7.055672296076971 280.9683884302937 5.314565029896657E-106
111.80176645911081 44.01772070181835 82.24845204541327 238.06793920634243 4.77852734437138E-7
219.33302427180112 10.680975793115191 14.895795561218746 244.90979562613504 2.1226726782398494E-76
153.91085007705402 64.96218272594146 65.16325726488682 284.0362900678823 8.510584144740392E-13
247.0498845582361 23.91392255313594 19.428633631874956 290.392440743247 1.0245625163697144E-76
250.53568428912607 12.663190190814378 21.345628594673656 284.5445030746141 4.733831975619576E-84
135.54747215945196 67.70914600212939 59.268948658516315 262.52556682009765 2.098123429676821E-9
93.34302631973348 78.57838207216605 82.23394102719179 254.15534941909135 0.49761006993169976
215.70252642121352 19.349236320626346 24.26543336464789 259.31719610648776 1.0148489317749996E-63
274.13947799439006 3.780996146685552 4.436675492829315 282.3571496339049 7.019669709216015E-113
77.45643663199841 68.14528683614935 74.89903334356164 220.50075681170944 0.7298957234841998
73.98384123513235 70.34709473537691 70.71338241730433 215.04431838781358 0.9456028300801804
151.85915319480063 48.43915854636213 61.982020003565296 262.2803317447281 2.0188769011590475E-16
274.98166103520225 8.9377355981796 6.174993909535438 290.09439054291727 8.430062292236531E-108
94.553824578509 79.2013027214925 92.1263116053992 265.8814389054007 0.4637178499345369
126.3861494342556 62.34976095659089 73.79531851843485 262.53122890928137 1.630048344121816E-6
173.8449718346991 32.941963909810084 37.277587472559155 244.06452321706834 5.315129255018362E-35
154.96849066660266 33.322398637634656 36.76930833696851 225.06019764120583 1.7029792611567421E-28
180.31538504707282 25.154759459238317 3.4259401838760333 208.89608469018717 9.071347824408535E-59
63.42410953497564 55.483041980975834 63.111865022613884 182.01901653856538 0.7165096981098921
180.05722129077856 21.920124544995307 27.720818848535462 229.69816468430932 2.44857088329969E-46
63.484167329311724 54.876238913039685 61.776371817878626 180.13677806023003 0.7075710490472747
63.23634565635389 55.3277206474302 59.15785607306081 177.7219223768449 0.7679450435924463
251.76221794891086 12.885344888997972 8.909828835689412 273.55739167359826 7.5240922607556235E-93
66.15943378005872 53.07342596352419 48.984632658175364 168.21749240175828 0.23800821787782203
249.13164257885657 16.370687051841532 9.16211901844619 274.6644486491443 3.981703341051608E-89
152.14052267121485 23.531901085055193 28.272766219835383 203.9451899761054 1.0684448564424246E-34
68.31821919804888 40.40434947367903 56.46138229889591 165.1839509706238 0.028311084304230044
274.9857086872398 3.1357136760003086 4.053063599822852 282.174485963063 4.3589713348067675E-114
94.45793042122055 49.01296754776402 52.774713545019125 196.24561151400368 5.978428881757514E-5
63.08379150216478 53.343914684331644 51.00336398803148 167.43107017452792 0.47928150615142173
57.291291296595 51.98944370138914 50.776598963162535 160.05733396114667 0.7985262061815958
63.51641815693571 47.2478697034051 59.16759425078384 169.93188211112465 0.285807587664123
62.73917519458444 54.85729043856385 57.553170286985136 175.14963592013342 0.7596713912059956
62.578754397916484 51.89407308793714 56.09341188067945 170.56623936653307 0.6007086756006162
68.46349237876872 49.37525021994091 60.54359317997891 178.38233577868854 0.21294372412033888
210.33400092759277 25.51831674904928 12.761395309120582 248.61371298576265 8.507517899295912E-65
185.83517537537108 27.27065797232822 27.63129526205679 240.7371286097561 5.558964611782298E-46
247.99129188631153 11.079255355992428 7.990742881470116 267.0612901237741 3.314947308091736E-93
247.72859927090585 7.213992894878378 9.881156493879582 264.8237486596638 1.4941866800005404E-94
256.49243027471846 18.572900162437804 18.570507713132784 293.63583815028903 1.896528343391311E-84
275.0052368062248 2.627968658830372 4.002632685233841 281.635838150289 1.4834894387615949E-114
206.82890356768075 43.09375982434138 48.402322073094176 298.3249854651163 1.570853806193395E-38
295.6303208405741 4.710988124737369 5.128293535658573 305.46960250097004 7.011321243846975E-121
244.00602409638554 18.0 20.999440384488775 283.0054644808743 4.386256096343196E-78
293.0567047827279 2.1160964748205306 1.8119822704214823 296.9847835279699 1.2249159686400706E-124
140.01007108244522 23.88103848271195 17.054740826991676 180.94585039214883 4.143701739132246E-35
93.61388353124872 84.16669073744742 82.3138517675656 260.0944260362617 0.6546590430919297
130.24115944697692 72.54900662088974 65.88386327218184 268.6740293400485 8.443193796417162E-7
111.14831921921524 79.48159611924719 63.40695583962825 254.03687117809068 9.412462453664876E-4
289.02461110210356 2.1570400133936047 1.8444079347693805 293.02605905026655 7.949079548316417E-123
190.80176243059046 42.280267540594615 54.26262416442437 287.34465413560946 1.358926748429139E-31
108.48224971049613 101.41522593925076 65.32178733154404 275.21926298129097 0.0029038600583052025
202.40709782009625 9.744820854816929 75.59255878641216 287.74447746132535 3.800379507642862E-44
129.4985899234158 56.50236235429385 101.55048867385194 287.5514409515616 7.142444832603797E-7
198.25032253721378 30.865582265215682 61.71064824535933 290.8265530477888 2.8191977951368276E-36
228.63328932701728 31.430542892607797 27.21230356817746 287.2761357878025 8.405478860513728E-61
269.9948717948718 5.0 9.0 283.9948717948718 1.6226308883996976E-106
251.01771434938465 12.527411163941343 24.439489822204298 287.9846153355303 1.977363571786275E-82
133.29246850777804 75.2398270583621 73.52811534706962 282.06041091320975 4.502543374280066E-6
151.81761945980716 63.14991204425207 69.98143186608088 284.9489633701401 7.40556924009147E-12
239.56696954361527 18.925612003408286 16.579041542530575 275.0716230895541 2.0499327017472051E-78
179.87979556588243 59.681397234007264 55.35126537060193 294.9124581704916 8.511294155921795E-23
279.955307898403 6.894034216337763 8.845622876340295 295.6949649910811 1.8423536890522553E-109
97.13766574620672 92.30453721373355 92.44185302060484 281.8840559805451 0.9225807509231885
285.27803900786796 7.63225816592728 5.209228706293856 298.1195258800891 5.156640767666849E-114
129.7197611944311 45.68914953469135 106.56599876933795 281.9749094984604 1.974455184476133E-9
215.04572792480306 66.26426818997177 13.186477906351072 294.4964740211259 3.5958480922587795E-49
122.40899217893919 88.25134043409152 88.3161787024039 298.9765113154346 0.020341935915784946
122.14826463603379 93.9822547974773 73.04292191462905 289.17344134814016 0.0018378005540274698
204.02286195631137 47.99872408293461 43.98646693498066 296.00805297422664 2.1968028969835833E-37
282.8399448476226 5.65186401720489 7.341355860027894 295.83316472485535 7.74743250792093E-113
261.1940109590827 22.434631377790947 22.904924637451906 306.53356697432554 2.471939198542174E-81
118.67559318475479 111.14858182424994 65.91402486875742 295.73819987776216 2.5821808931301407E-4
278.39591651801146 7.292743711791289 14.968651082733901 300.65731131253665 5.69790713525192E-104
264.1396749357439 14.00727729151257 16.38660737924503 294.53355960650157 4.114456122716144E-92
257.2580925019979 17.471505631792574 12.46286163202588 287.19245976581635 1.5761725484640063E-89
105.38660729570368 67.64847661001193 83.39609576166397 256.4311796673796 0.014945524301899512
211.6088831426639 20.880422706584444 25.12715137367219 257.61645722292053 1.0220572241692704E-60
215.65196567882612 17.477109980970923 24.126135692688816 257.25521135248584 7.0675928145541464E-65
119.53705247684982 43.50372918561483 76.24214754470171 239.28292920716638 1.2023516708020395E-8
218.29065652450112 15.486239264920565 28.05942018385388 261.83631597327553 5.591944872268804E-65
279.0697365258349 0.9249702583765144 4.73777210776111 284.7324788919725 3.921663976816977E-117
150.92322417000355 29.277842495779108 89.56372899386697 269.7647956596496 1.356874280365369E-18
174.20242522587716 18.153304484955054 66.57939068915066 258.93512039998285 7.915752521223817E-33
232.8194550490508 7.7561518757087695 8.964362180642096 249.53996910540167 2.0623681836672218E-88
20.337764356900085 20.344669196026544 16.293338154175903 56.975771707102524 0.7500730739064465
26.527502659310603 14.835137177761458 3.352279226748953 44.714919063821014 1.2232460547047128E-4
76.33405409223066 17.458233334971613 16.90907923752591 110.70136666472817 1.875116147479965E-14
189.02011215585344 10.979328752543303 7.000559091603293 207.0 9.457462576334131E-69
67.38572294387515 38.0427829321365 53.13436473382245 158.5628706098341 0.01701485283625832
48.05573868067461 36.34619814630496 26.41208635327206 110.81402318025162 0.04168514370566378
88.05794682647881 48.558825305408924 25.645366767575105 162.26213889946283 9.920838113488778E-9
182.7768838430641 15.096618308096724 94.71042296068529 292.58392511184616 4.7035828025022466E-32
162.32688455400532 15.749006099529536 18.18605531534537 196.26194596888024 1.7158709417995606E-47
71.63301880209927 72.55968092567882 16.20716785918966 160.39986758696776 3.4743764303263742E-9
142.80172153303263 35.36247200100393 9.633697967590717 187.79789150162728 2.411123350649009E-35
168.0 7.0 3.0 178.0 1.4001373941097095E-65
162.16365301636841 16.064556882217552 6.450670161304596 184.67888005989056 1.9249300814822443E-54
172.62554883239034 28.412873075266347 22.90986704538824 223.94828895304494 1.1772150523579573E-42
232.24805403390167 19.516465581520862 16.50608198088409 268.2706015963066 4.866356656142494E-75
183.10346012489055 84.52997902596688 8.872688025000109 276.50612717585756 1.0823473043596032E-36
174.97045171541336 44.975249038042264 30.24406784865005 250.1897686021057 9.231846874985175E-34
89.98484519960954 86.5109098540565 71.84627938944267 248.34203444310867 0.3263842439639368
180.41668298326778 33.837073358995795 25.699344153507692 239.95310049577125 6.82614640232612E-42
193.20877315927078 30.93984627169684 43.52782972393851 267.6764491549061 2.1660511369014685E-40
68.66373096468705 51.871824884194034 59.38240470583943 179.9179605547205 0.307352571300051
89.83709512791313 70.30965716121092 73.97560782874714 234.12236011787118 0.25148771902620787
130.1835006538701 61.70759842576316 45.066272693015335 236.95737177264863 6.456915225402877E-12
61.11591409761918 41.67761540348201 56.23863895796386 159.03216845906505 0.14524200584922609
59.639813678315136 48.7027098614639 43.3828138676159 151.72533740739493 0.2570682222418634
98.9953509778071 95.02432280168287 76.92680894119475 270.94648272068474 0.21605135248112894
104.92824992201619 89.1740569264505 75.04302102421724 269.14532787268394 0.08280776563271035
189.5567924867299 44.58148404442429 42.55778077956604 276.6960573107202 3.4999286720677483E-34
193.77805659761378 24.111212184086213 23.079614345109672 240.96888312680966 6.317713035699558E-53
108.79495809264053 59.85738491829333 48.350510260873676 217.00285327180754 6.53223715983303E-7
86.60565175068417 41.7873196663952 70.8107262762548 199.20369769333416 4.1705727418139203E-4
117.45750409593185 68.85269047187305 16.892559810526777 203.2027543783317 6.067454703499042E-17
98.03381092493163 65.37932355919835 96.23177265596621 259.64490714009617 0.020390334197545778
265.0949070894664 9.899703920189355 14.056284036078905 289.0508950457347 5.237183175441924E-97
222.57071805367698 18.965470541615396 16.05299152265185 257.58918011794424 1.2381034417225435E-71
96.28631588374625 15.19771941761207 10.933394677498523 122.41742997885684 2.4080132194565808E-25
58.97892302515978 50.76481916981222 11.60036824388978 121.34411043886178 1.310466352873711E-7
193.70134837003158 8.57171131789852 15.653713953858066 217.92677364178817 1.6295714626549931E-66
47.097667745448426 37.03800405246636 44.20075143899115 128.33642323690594 0.5342751617805115
171.59325903591653 25.168847903584016 15.934948529833761 212.69705546933432 1.9400102402044217E-47
1.0 0.0 0.0 1.0 0.3678794411714423
Not enough genes
Cannot perform polytomy test with effective N (after polytomies) 1.0:
	(P_011719,P_011607):0.2876820724517809;
93.77801974130378 26.265154402213486 27.0042836224504 147.04745776596766 4.831322016858117E-14
51.518436723571355 48.730420395548215 32.849042254425996 133.09789937354557 0.10166702977270696
38.12516688119278 34.766673232294984 24.19812256122292 97.08996267471069 0.19550319901119959
49.73600446550775 25.279909864672334 26.66577212881367 101.68168645899375 0.003819432178234352
137.68704827217775 44.02332739474139 55.79810185729535 237.50847752421447 5.266388088879755E-15
149.52837383192372 30.055005367931876 54.952889399033545 234.53626859888914 8.493986120716616E-23
208.15709427761672 12.40779643346525 14.046464639006576 234.61135535008856 4.548536583804067E-71
196.05433433675577 32.86398266152823 27.876040647031072 256.7943576453151 3.486580150348348E-47
95.35411371320296 42.60186939148139 62.89199178347533 200.84797488815968 2.5524954496002776E-5
60.40413559998229 56.49482355951753 48.79098819068626 165.68994735018606 0.5314235946738888
64.75204840890052 58.80491394557696 34.13313771971173 157.69010007418922 0.006638664687430772
90.19702219620336 46.51838002544195 39.34130580259233 176.05670802423765 2.474220954177927E-6
0.8953608247422681 0.004639175257731959 0.1 1.0 0.4879517296635
Not enough genes
Cannot perform polytomy test with effective N (after polytomies) 1.0:
	(P_014073,P_011589):0.18816332903557767;
10.909932516141001 11.718544269777794 9.18539754598967 31.813874331908465 0.8539635614858685
109.17736970461392 19.908497291788397 15.14412027362789 144.22998727003022 4.524175786264402E-26
69.04960083401694 44.692809677485705 49.132649297710635 162.87505980921327 0.04507340490660594
192.37781038555073 14.563432147151657 28.375032751170227 235.3162752838726 6.715878277927007E-55
20.964057084143352 5.059395312747534 6.1041056281154145 32.1275580250063 6.171794601238932E-4
91.54636791284693 54.23730558841161 40.834176909924196 186.61785041118273 1.5095326477340012E-5
100.05464108660733 41.91255199679126 60.09253899149188 202.05973207489046 1.9754972463022243E-6
81.7039170149774 56.525910354580695 55.279185069715794 193.5090124392739 0.03186557016544056
73.97820348401154 43.150287767615005 62.16905605837905 179.2975473100056 0.01746032372456341
59.9903249051696 48.261725465664064 44.095825879275054 152.34787625010873 0.2624844796621477
12.880238282587921 8.442285180592712 9.95074421995125 31.273267683131884 0.613557506888661
19.172157196460144 10.357109007322535 3.766532491623218 33.2957986954059 0.0045932274597140135
90.25579174152568 51.79834825704242 52.21439404048214 194.26853403905025 5.358936641359274E-4
46.10679840694625 19.5092089657272 24.615120030641513 90.23112740331496 0.0013280169483227274
64.44140359145428 35.049370629351124 57.87843460268918 157.3692088234946 0.010699961783959155
100.34616995337157 66.23822487565626 51.14950969765716 217.73390452668497 1.5810174183592703E-4
13.30503128868308 9.121323638747798 2.7189077879417622 25.145262715372642 0.033658130236001366
13.80297611647381 10.270130853762401 3.92739755945164 28.000504529687852 0.06837290357586441
39.26998781401817 4.333506844075417 4.252130917557086 47.85562557565068 7.896942875253308E-12
20.222035195670934 8.19486081014715 15.730495766897684 44.147391772715764 0.08127492393125325
118.6146018935605 60.37164048862575 31.87469762934857 210.8609400115348 8.360366920353136E-13
112.88559409789997 81.5643291527453 39.4637665878602 233.91368983850546 2.7511784836007254E-8
163.44436539090054 30.312327055188078 29.19669016117951 222.9533826072681 1.5244758785991316E-35
97.12087255625883 37.72377204201469 53.29516506118315 188.1398096594567 2.6999571564293737E-7
87.92422807580688 84.14563589243872 22.501456753651244 194.57132072189685 9.255301781228279E-10
133.20565296511404 39.26125353392054 40.805365822032854 213.27227232106742 2.0832058637389253E-18
210.18952319196555 11.827358134674947 14.73676522556684 236.75364655220733 7.32893780703841E-72
153.20978071826724 36.21068818689683 32.114227056498734 221.5346959616628 1.5565214253697774E-28
146.0098289066772 15.199305386931057 6.707279760255861 167.91641405386412 4.8303301529471454E-48
146.84365095806567 20.675080376983722 12.422031351682008 179.94076268673138 7.988530267310094E-42
90.70955283850189 5.787147662263773 40.54614029955185 137.04284080031752 4.689136182309463E-18
Extended species tree:
(P0109B,((P_018831,OSHQ)0:0.7721521158700962,((P_016909,WZFE)0:1.3423877085607618,(P0203H,((((SJEV,(P_019193,(Wsal,P_019187)0:0.4643448994513968)0:1.0583817520578094)0:1.6408418314964417,(P_016921,(WKSU,(GAP_81227,(Pcol,(GAP_81226,P_006410)0:1.1871774765642935)0:0.7976211683598431)0:0.19508524190126267)0:0.2991718706771276)0:2.405711968665062)0:1.8102135199697116,((P_011709,(P_025527,(P_025523,P_025525)NA:0.6241543090729941)NA:0.0)NA:0.0,(((QDVW,Asie)0:3.9648539797861257,(P_019189,(P_019197,PAWA)0:0.6244541831001278)0.00587:0.06076298562327554)0.00001:0.220920254661838,(((P_019185,CSSK)0.9597:0.0,(P2589,OPDF)0:0.7082110508940785)0:1.259925147112879,((P_019191,P_019199)0:0.6396118715299771,(GAP_80417,(P2590,GAP_79804)0:2.024136140837634)0:0.7021391766819313)0:0.4761641917600131)0:1.1630337372246389)0:0.43112178954528035)0:0.3710335296673476)0:0.2544267596617664,(((P_007845,(((P_018639,P_018779)0:0.2945857067142082,(P_018695,(P_018783,P_018645)0.00849:0.12676788029075547)0:0.38497361428565535)0:0.40190092673944827,(P_018691,((P_016797,(OBPL,(GAP_80397,P_016799)0:0.41131954840005774)0:0.44208652505350987)0:0.8372286157106319,((P_016793,(P_006422,P_016795)0:0.4904898015731024)0:0.5490384062645309,(P_018693,((S08,P_014095)0:0.7139648636862904,((S38,(S04,(P_016789,S27)0:0.7049712437383789)0.16053:0.09105383214630983)0:0.5982685929946171,((S02,P_016787)0:2.9774213632184594,(P_016791,(S03,P_014099)0:2.569524867127112)0.91318:0.012915403967005329)0.82105:0.027277215409743122)0.00018:0.27111010222499987)0:0.37178344133196034)0.05361:0.11591684972762059)0.00018:0.2114741085472735)0.1031:0.11950137225055962)0.6391:0.05997485702062677)0.51484:0.10167525464349053)0:1.8637068186330743,(((P2622,P2623)0:0.24538337402002142,(P0110C,(XQWC,(P0207A,(P0110B,(P0207C,(P0207B,(P0206H,P0206G)0.00002:0.21270969148854263)0.00192:0.14183677100652714)0.09162:0.08774626948489052)0.83998:0.027875771690518993)0:0.4662905261194978)0:0.44338212010083194)0:1.9090251939573615)0:0.5450578032035015,((GAP_80322,DHPO)0:2.004814544029003,((P_012795,P_012941)0:4.184352195629158,((P_012861,((P_012855,(P_007802,P_012827)0:1.725567472184146)0:1.1851397176688514,((P_012813,P_018637)0:0.774909897969354,(P_012919,P_012921)0:2.3952950293787856)0:1.9906066937332338)0:2.5739899872700414)0:0.22500192625390616,(((P_012797,(P_012841,((P_012913,P_012877)0:1.8194620992119523,(P_012811,(P_012891,P_012895)0:0.370996975408147)0:1.4772609919812103)0:1.693332791458493)0:0.31682616913605144)0.49761:0.049970300696751443,((((P_012903,P_012815)0:1.3583730427003327,(P_012857,(P_012925,P_012883)0:3.020120534705558)0.7299:0.024839866880818712)0.9456:0.013765593876333183,(P_012875,((P_012905,P_012831)0:0.45443683449092886,(P_012901,(P_012851,P_012887)0:2.4885728603525004)0.46372:0.031942003064041574)0:0.24766742885488766)0:0.8302890490432885)0:0.7513655258286568,(P_018689,((P_012885,(P_006420,GAP_80294)0:1.5540253557534187)0.71651:0.02001469781790086,(P_012859,((P_012907,(GAP_80291,(P_012881,P_012873)0:1.1108846945421031)0.70757:0.02605101208094748)0.76795:0.03122033823070018,((P_012897,(GAP_80293,P_012893)0:2.0831463733114846)0.23801:0.09042721134656258,((P_012863,(P_012911,(P_012917,P_012821)0:1.935337319940313)0:0.9506778865798896)0.02831:0.12403374979943134,(P_012889,(P_006418,(P_012793,(GAP_80292,P_006419)0:3.137833565766423)0.00006:0.24631909091296034)0.47928:0.06379917029081934)0.79853:0.03415652979436297)0.28581:0.05909586241878512)0.75967:0.034855096506608035)0.60071:0.04827126046601206)0.21294:0.07525558053919959)0:1.443741313760036)0:1.058786461110424)0:2.1865244657590486)0:2.28172446924919,((P_012867,((P_012899,P_012817)0:1.638922090800156,(P_012847,P_012923)0:3.2065275146148995)0:0.7688984971801739)0:2.93647673984571,(P_012843,(((P_012937,(P_006421,P_012939)0:1.5546629073694833)0:3.696628109855162,(P_012803,(P_012853,(P_012837,P_012829)0:1.062104625364116)0.65466:0.038549838997085736)0:0.25416555674372027)0.00094:0.16690396425685192,(((P_012801,(P_012879,P_012809)0:3.6684758313842396)0:0.678399176090033,((P_012839,P_012805)0.0029:0.093332517616007,(P_012825,(P_012799,YZRI)0:0.8018143875055147)0:0.19017172341144875)0:0.731918117565856)0:1.1700795013518268,((P_012909,((P_012865,(P_012931,(P_012935,P_012933)0:2.5389558771941827)0:1.624193590972322)0:0.2311081873315173,((P_012845,P_012807)0:0.3515287387078605,(P_012871,P_012849)0:1.6177554810203119)0:0.5307268273999346)0:2.469458868468022)0.92258:0.015189759458319218,((GAP_81172,P_012833)0:2.667707760127287,((PSJT,(GAP_80295,P_012927)0:0.20778895818300402)0:0.8955466489872231,((P_012915,P_012791)0.02034:0.11888814178044849,(P_012869,(P_012823,(P_012835,P_012819)0.00184:0.14089988015513516)0:0.7558539006109849)0:2.6491322201057748)0:1.4871231961408404)0.00026:0.10524994862138051)0:2.1570314235556434)0:1.836704172939364)0:1.8262956368728411)0.01495:0.12111359569935835)0:1.2995722565206949)0:1.3965527392792776)0:0.28266384781802556)0:1.3695516394239438)0:3.3530597099862818)0:0.409614790307936)0:0.7037326947139206)0:2.243430402287599,((WPHN,P_011613)0.75007:0.026545712347839832,(((P_011609,(Sdec,P2619)0.00012:0.4627049244856682)0:0.7445758131190735,(MAQO,(WAIL,(P_011527,(P_014077,(GAP_80298,(P_014083,GAP_80297)0:1.9886930875886537)0.01701:0.1432606658297718)0.04169:0.15627274716747705)0:0.36968503996077784)0:0.5689081145006086)0:1.325576462385462)0:0.18120408738162042,(((P_011587,GAP_79862)0:1.006653846176582,(P_014081,(P_008647,P0104A)0:2.38402542493422)0:1.6609054516656259)0:1.0529743626924257,(((KRJP,(P_011549,GAP_80395)0:1.5787245991328729)0:0.6728085793366622,((P_011657,(P_011643,(P_011651,P_011509)0:0.7871286625529135)0.32638:0.04221232218690531)0:0.9758920763951427,((GAP_80393,GAP_80394)0:0.8643383242420813,(P_011631,((P_011551,((P_007844,P_011637)0.30735:0.07181235780021111,(P_007843,(P_006414,P_007783)0.25149:0.07594179739050343)0:0.38659119316948926)0.14524:0.07563616318121139)0.25707:0.08965733911203896,(P_011647,(P_011465,(P_011501,(P_011523,(P_011489,P_011487)0.21605:0.047131105006350434)0.08281:0.0862347242960563)0:0.7421439700710559)0:1.2081753456883306)0:0.28578968212526423)0.00042:0.16120392366902023)0:0.45067262062171304)0.02039:0.06633242664905167)0:2.047477507981928)0:1.5657438750101091,((P_011531,(P_011699,(Schi,P_006411)0:1.1094260503024185)0:0.25245792741400197)0:1.755419773627195,(VYLQ,(P_018635,(P_008631,((P_011579,(P_011671,P_008632)0.53428:0.04732516461904622)0:1.2189563621284183,((P_011719,P_011607)NA:0.2876820724517809,(((KAYP,(BCGB,ABSS)0:0.5981065419892936)0.10167:0.07934400401700409,(WIGA,(Apet,(Dhai,Msal)0.1955:0.08666228269712813)0.00382:0.2569021522071658)0:0.45558882193450484)0:0.6019607086237602,(((P_011679,(P_016813,((GAP_80389,GAP_80390)0:1.74419715385342,(P_008646,(P_006412,P_008640)0:1.023764698997655)0.00003:0.23396236444581073)0.53142:0.04453857321015483)0.00664:0.11885259591300186)0:0.3067109473636284,((P_014073,P_011589)NA:0.18816332903557767,((P_011701,P_011681)0.85396:0.0,(P_011673,((P_011537,(P_011739,P_011677)0:0.9878740264584593)0.04507:0.14160127114680954,(P_011759,((P_011675,P_011735)0:1.2769158191952816,(P_011715,(P_011745,P_011611)0.00062:0.5964606551911499)0.00002:0.2638495516413945)0:0.2732566602470295)0.03187:0.13935188008061017)0.01746:0.1226961759287122)0.26248:0.09080717378061645)0.61356:0.10386046128787604)0.00459:0.41329856991569336)0.00054:0.21482890275330327,(P_006413,(P_011705,P_011713)0.00133:0.2985094933303236)0.0107:0.11693750589774694)0.00016:0.208425711162919)0.03366:0.30561958589484317)0.06837:0.24071530906552685)0:1.2231385121954896)0.08127:0.18858178029466505)0:0.4152202197565578)0:0.249501750114532)0:0.903180409898529)0:0.3150269731857889)0:0.19160180068844207)0:0.5665111209697319)0:1.749254882062317)0:0.7608135493444627)0:1.592514462832006)0:1.263491910953586)0:0.6648851590748438));
Weight calculation took 267.030307698 secs
ASTRAL finished in 341.422 secs
