
================== ASTRAL ===================== 

This is ASTRAL version 5.7.7
Gene trees are treated as unrooted
329 trees read from all_bs10.trees
index19
All output trees will be *arbitrarily* rooted at P0109B

======== Running the main analysis
Number of taxa: 244 (244 species)
Taxa: [Apet, VYLQ, WPHN, WAIL, MAQO, P_011609, Sdec, P_019189, P_019197, P2590, GAP_79804, P_008647, P0104A, P_014081, P_011587, P_011701, GAP_80417, P_025523, P0203H, P0109B, P_016909, P_018831, P0110C, P2622, P0110B, P0207A, P0207C, P0207B, P0206H, P0206G, XQWC, P2623, P_007845, P_011579, P_018639, GAP_80322, P_012855, P_007802, P_012827, P_012919, P_012921, P_012813, P_018637, P_012795, P_012941, P_012839, P_012799, P_012805, P_012825, P_012879, P_012809, P_012801, P_012909, GAP_80295, PSJT, P_012927, P_012915, P_012791, P_012869, P_012835, P_012819, P_012823, GAP_81172, P_012833, P_012865, P_012935, P_012933, P_012931, P_012871, P_012849, P_012845, P_012807, P_012803, P_012853, P_012837, P_012829, P_012937, P_006421, P_012939, P_012867, P_012899, P_012817, P_012847, P_012923, P_012843, P_012861, P_012841, P_012913, P_012877, P_012797, P_012901, P_012851, P_012887, P_012905, P_012875, P_012831, P_012857, P_012903, P_012815, P_012925, P_012883, P_012897, P_012907, P_006420, GAP_80294, GAP_80291, GAP_80293, P_012893, P_012885, P_012881, P_012873, GAP_80292, P_006419, P_012859, P_012889, P_012863, P_006418, P_012917, P_012821, P_012911, P_012793, P_018689, P_012891, P_012895, P_012811, GAP_81227, P_016921, Pcol, GAP_81226, P_006410, GAP_79862, P_014077, P_018635, P_011527, GAP_80298, P_014083, GAP_80297, P_007844, P_011637, P_011647, Schi, P_006411, P_011531, P_011549, GAP_80395, P_011739, P_011465, P_011501, P_011489, P_011487, P_011523, P_006414, P_007843, P_007783, GAP_80393, GAP_80394, P_011651, P_011509, P_011643, P_011551, P_011657, P2619, BCGB, P_011699, P_011715, P_011705, P_011713, P_006413, P_011759, P_011675, P_011735, P_011537, P_011671, P_008632, P_011677, WIGA, GAP_80389, P_011679, P_011681, GAP_80390, P_008646, P_006412, P_008640, P_011673, P_011745, P_016813, OBPL, GAP_80397, P_016799, P_016797, P_016793, P_018695, P_018783, P_018645, P_016789, S27, P_016791, S02, P_016787, S04, S03, P_018779, P_014099, P_018691, P_018693, P_006422, P_016795, YZRI, DHPO, WKSU, PAWA, P2589, P_019185, OPDF, CSSK, P_019193, Wsal, P_019187, SJEV, WZFE, QDVW, Asie, KRJP, ABSS, Dhai, Msal, P_011631, S38, S08, OSHQ, P_019191, P_025525, P_014095, P_011613, P_008631, KAYP, P_011719, P_014073, P_025527, P_011709, P_011611, P_019199, P_011607, P_011589]
Taxon occupancy: {P_019193=264, P_019191=109, P_019197=278, OPDF=309, GAP_81172=316, P_018783=313, P_019199=84, Wsal=258, P_016921=315, WKSU=326, P_025523=44, P_025525=79, P_025527=31, P_014073=44, P0203H=187, P_014077=169, QDVW=317, P_011487=314, P_011489=316, P_016813=268, P_006421=307, P_006422=311, P_006420=231, P_006418=302, P_006419=305, P_014081=202, P_006414=311, P_014083=212, P_018689=315, P0206H=282, P0206G=269, Msal=273, P0109B=139, P_012901=306, P_006410=304, P_006411=303, P_012903=311, P_006412=310, P_006413=295, P_012905=315, P_012907=312, GAP_79862=297, PAWA=308, ABSS=322, P_012909=313, P_018691=131, GAP_80291=317, P_018695=302, P_014095=121, GAP_80293=311, GAP_80292=306, P_018693=306, GAP_80295=315, GAP_80294=303, P_014099=310, GAP_80297=310, GAP_80298=307, P_011701=54, P_012911=310, P_012913=257, P_012915=314, P_011705=163, P_012917=295, P_012919=286, P_011709=28, P_012881=311, P_011671=167, P_011551=194, MAQO=322, P_012883=314, P_011673=244, GAP_80322=317, P_012885=307, P_011675=282, P2590=249, P_012887=311, P_011677=233, P_012889=301, P_011679=256, P_008647=290, PSJT=311, P2589=247, P_012891=300, P_011681=211, P_012893=312, P_018637=306, P_012895=307, P_018635=278, P_012897=304, P0207C=292, P0207B=297, P_012899=309, P0207A=307, P_018639=282, P_008646=314, P_008640=313, BCGB=318, WZFE=319, P_018645=309, KRJP=317, KAYP=185, P_011699=152, P_011579=230, CSSK=308, P_008632=308, P_016909=317, P_007783=293, P_008631=51, P_019187=307, P_019185=288, Sdec=60, P_019189=253, P_012791=315, P_012793=306, P_012795=309, Asie=244, P_011465=317, P_018779=240, P_011587=215, P_012797=316, P_012799=313, P_011589=4, GAP_80417=155, WIGA=307, GAP_79804=228, P_007802=255, P_012841=307, P_011631=241, P_012843=319, Pcol=257, P_012845=309, P_012847=301, P_011637=309, P_011759=268, P_012849=297, Apet=136, OBPL=321, P0110C=277, P_018831=309, P0110B=196, YZRI=320, P_012851=311, P_012853=309, P_011643=322, P_011523=318, P_012855=296, P_012857=310, P_011647=276, P_011527=169, P_012859=299, WAIL=324, P_016789=307, P_012861=304, P_011651=272, P_011531=242, P_016787=312, P_012863=311, P_012865=304, Schi=251, P_012867=312, P_011657=271, P_011537=219, P_012869=306, P_016793=306, P_016791=316, P_016797=316, SJEV=317, P_016795=301, P_012871=297, P_012873=309, P_016799=309, P_012875=308, P_012877=301, P_012879=310, P_011549=287, P_007844=212, P_007845=44, S02=214, P_012921=277, S04=75, P_012801=316, S03=287, P_012923=300, P_011713=201, P_012803=312, P_012925=304, P_011715=255, S08=177, P_012805=309, P_007843=274, P_012927=308, P_012807=310, P_011719=30, P_012809=304, VYLQ=321, DHPO=323, GAP_80390=271, P2622=204, P2623=97, XQWC=325, GAP_80394=316, GAP_80393=320, GAP_80395=317, GAP_80397=316, P_012931=311, P_012811=308, WPHN=316, P_012933=292, P_012813=306, P_012935=302, P_012815=299, P_012937=312, P_012817=307, P_011607=7, P_012939=296, P_011609=183, P_012819=306, P2619=172, OSHQ=315, GAP_80389=285, P_012941=315, P_012821=308, P_011611=48, P_012823=312, P_011613=80, P_011735=309, P_012825=313, S27=231, P_012827=276, P_011739=260, P_012829=195, Dhai=302, P0104A=251, P_012831=291, P_011501=318, P_012833=308, GAP_81226=312, GAP_81227=318, P_011745=267, P_012835=310, S38=86, P_012837=316, P_012839=301, P_011509=317}
Number of gene trees: 329
329 trees have missing taxa
Calculating quartet distance matrix (for completion of X)
Species tree distances calculated ...
Will attempt to complete bipartitions from X before adding using a distance matrix.
Building set of clusters (X) from gene trees 
------------------------------
gradient0: 48093
Number of Clusters after addition by distance: 48093
calculating extra bipartitions to be added at level 1 ...
Adding to X using resolutions of greedy consensus ...
Limit for sigma of degrees:6150
polytomy size limit : 41
discarded polytomies:  [3, 3, 3, 3, 3, 3, 3, 3, 3, 3, 3, 3, 3, 3, 3, 3, 3, 4, 4, 4, 4, 4, 4, 4, 4, 4, 4, 4, 4, 4, 4, 5, 5, 5, 5, 5, 5, 6, 6, 6, 7, 7, 8, 8, 11, 11, 13, 14, 14, 16, 41]
Threshold 0.0:
Threshold 0.01:
polytomy of size 5; rounds with additions with at least 5 support: 1; clusters: 48113
Threshold 0.02:
polytomy of size 6; rounds with additions with at least 5 support: 0; clusters: 48147
Threshold 0.05:
polytomy of size 4; rounds with additions with at least 5 support: 0; clusters: 48147
polytomy of size 7; rounds with additions with at least 5 support: 0; clusters: 48153
polytomy of size 3; rounds with additions with at least 5 support: 0; clusters: 48153
polytomy of size 3; rounds with additions with at least 5 support: 0; clusters: 48153
polytomy of size 3; rounds with additions with at least 5 support: 0; clusters: 48153
Threshold 0.1:
polytomy of size 4; rounds with additions with at least 5 support: 0; clusters: 48153
polytomy of size 3; rounds with additions with at least 5 support: 0; clusters: 48153
polytomy of size 5; rounds with additions with at least 5 support: 0; clusters: 48153
polytomy of size 11; rounds with additions with at least 5 support: 1; clusters: 48171
polytomy of size 3; rounds with additions with at least 5 support: 0; clusters: 48171
polytomy of size 5; rounds with additions with at least 5 support: 0; clusters: 48171
polytomy of size 5; rounds with additions with at least 5 support: 0; clusters: 48171
polytomy of size 4; rounds with additions with at least 5 support: 0; clusters: 48171
polytomy of size 4; rounds with additions with at least 5 support: 0; clusters: 48171
polytomy of size 3; rounds with additions with at least 5 support: 0; clusters: 48171
Threshold 0.2:
polytomy of size 4; rounds with additions with at least 5 support: 0; clusters: 48171
polytomy of size 4; rounds with additions with at least 5 support: 0; clusters: 48171
polytomy of size 3; rounds with additions with at least 5 support: 0; clusters: 48171
polytomy of size 3; rounds with additions with at least 5 support: 0; clusters: 48171
polytomy of size 8; rounds with additions with at least 5 support: 0; clusters: 48177
polytomy of size 5; rounds with additions with at least 5 support: 0; clusters: 48177
polytomy of size 13; rounds with additions with at least 5 support: 0; clusters: 48179
polytomy of size 3; rounds with additions with at least 5 support: 0; clusters: 48179
polytomy of size 4; rounds with additions with at least 5 support: 0; clusters: 48179
polytomy of size 3; rounds with additions with at least 5 support: 0; clusters: 48179
polytomy of size 6; rounds with additions with at least 5 support: 0; clusters: 48179
polytomy of size 3; rounds with additions with at least 5 support: 0; clusters: 48179
polytomy of size 4; rounds with additions with at least 5 support: 0; clusters: 48179
polytomy of size 3; rounds with additions with at least 5 support: 0; clusters: 48179
polytomy of size 8; rounds with additions with at least 5 support: 0; clusters: 48181
polytomy of size 16; rounds with additions with at least 5 support: 0; clusters: 48209
polytomy of size 4; rounds with additions with at least 5 support: 0; clusters: 48209
Threshold 0.3333333333333333:
polytomy of size 3; rounds with additions with at least 5 support: 0; clusters: 48209
polytomy of size 14; rounds with additions with at least 5 support: 0; clusters: 48215
polytomy of size 14; rounds with additions with at least 5 support: 0; clusters: 48215
polytomy of size 4; rounds with additions with at least 5 support: 0; clusters: 48215
polytomy of size 5; rounds with additions with at least 5 support: 0; clusters: 48215
polytomy of size 3; rounds with additions with at least 5 support: 0; clusters: 48215
polytomy of size 3; rounds with additions with at least 5 support: 0; clusters: 48215
polytomy of size 3; rounds with additions with at least 5 support: 0; clusters: 48215
polytomy of size 4; rounds with additions with at least 5 support: 0; clusters: 48215
polytomy of size 6; rounds with additions with at least 5 support: 0; clusters: 48215
polytomy of size 4; rounds with additions with at least 5 support: 0; clusters: 48215
polytomy of size 3; rounds with additions with at least 5 support: 0; clusters: 48215
polytomy of size 4; rounds with additions with at least 5 support: 0; clusters: 48215
polytomy of size 11; rounds with additions with at least 5 support: 0; clusters: 48215
polytomy of size 4; rounds with additions with at least 5 support: 0; clusters: 48215
polytomy of size 7; rounds with additions with at least 5 support: 0; clusters: 48215
polytomy of size 41; rounds with additions with at least 5 support: 0; clusters: 48267
max k is :2
Number of Clusters after addition by greedy: 48267
gradient0 in heuristiic: 48267
partitions formed in 12.918 secs
Dynamic Programming starting after 12.918 secs
Using tree-based weight calculation.
Using polytree-based weight calculation.
Polytree max score: 20592620666
Polytree building time: 0.174 seconds.
Number of quartet trees in the gene trees: 20592620666
Size of largest cluster: 244
Greedy score: 19119537538
estimationFactor: 1.077045960189793
Sub-optimal score: 19192644703
Calculated 100000 weights; time (seconds): 188
Total Number of elements weighted: 152417
Normalized score (portion of input quartet trees satisfied before correcting for multiple individuals): 0.9440446135686613
Optimization score: 19440352619
Optimal tree inferred in 291.39 secs.
(P_011713,(P_011705,(((KAYP,(BCGB,ABSS)),(WIGA,(Apet,(Dhai,Msal)))),((P_006413,((P_011679,(P_016813,((GAP_80389,GAP_80390),(P_008646,(P_006412,P_008640))))),((P_014073,P_011589),(P_011701,(P_011681,(P_011673,((P_011537,(P_011739,P_011677)),(P_011759,((P_011675,P_011735),(P_011715,(P_011745,P_011611))))))))))),((P_011719,P_011607),((P_011579,(P_011671,P_008632)),(P_008631,(P_018635,(VYLQ,((P_011531,(P_011699,(Schi,P_006411))),(((KRJP,(P_011549,GAP_80395)),((P_011657,(P_011643,(P_011651,P_011509))),((GAP_80393,GAP_80394),(P_011631,((P_011551,((P_007844,P_011637),(P_007843,(P_006414,P_007783)))),(P_011647,(P_011465,(P_011501,(P_011523,(P_011489,P_011487)))))))))),(((P_011587,GAP_79862),(P_014081,(P_008647,P0104A))),(((P_011609,(Sdec,P2619)),(MAQO,(WAIL,(P_011527,(P_014077,(GAP_80298,(P_014083,GAP_80297))))))),((WPHN,P_011613),(((P0203H,((P_016909,WZFE),(P0109B,(P_018831,OSHQ)))),(((SJEV,(P_019193,(Wsal,P_019187))),(P_016921,(WKSU,(GAP_81227,(Pcol,(GAP_81226,P_006410)))))),((P_011709,(P_025527,(P_025523,P_025525))),(((QDVW,Asie),(P_019189,(P_019197,PAWA))),(((P_019185,CSSK),(P2589,OPDF)),((P_019191,P_019199),(GAP_80417,(P2590,GAP_79804)))))))),((((P_018639,P_018779),(P_018695,(P_018783,P_018645))),(P_018691,((P_007845,(P_016797,(OBPL,(GAP_80397,P_016799)))),((P_016793,(P_006422,P_016795)),(P_018693,((S08,P_014095),((S38,(S04,(P_016789,S27))),((S02,P_016787),(P_016791,(S03,P_014099)))))))))),(((P2622,P2623),(P0110C,(XQWC,(P0207A,(P0110B,(P0207C,(P0207B,(P0206H,P0206G)))))))),((GAP_80322,DHPO),((P_012795,P_012941),((P_012861,((P_012855,(P_007802,P_012827)),((P_012919,P_012921),(P_012813,P_018637)))),(((P_012797,(P_012841,((P_012913,P_012877),(P_012811,(P_012891,P_012895))))),((((P_012903,P_012815),(P_012857,(P_012925,P_012883))),(P_012875,((P_012905,P_012831),(P_012901,(P_012851,P_012887))))),(P_018689,((P_012885,(P_006420,GAP_80294)),(P_012859,(((P_012907,GAP_80291),(P_012881,P_012873)),((P_012897,(GAP_80293,P_012893)),(P_012889,((P_012863,(P_012911,(P_012917,P_012821))),(P_006418,(P_012793,(GAP_80292,P_006419)))))))))))),((P_012867,((P_012899,P_012817),(P_012847,P_012923))),(P_012843,(((P_012937,(P_006421,P_012939)),(P_012803,(P_012853,(P_012837,P_012829)))),(((P_012801,(P_012879,P_012809)),((P_012839,P_012805),(P_012825,(P_012799,YZRI)))),((P_012909,((P_012865,(P_012931,(P_012935,P_012933))),((P_012845,P_012807),(P_012871,P_012849)))),((GAP_81172,P_012833),((PSJT,(GAP_80295,P_012927)),((P_012915,P_012791),(P_012869,(P_012823,(P_012835,P_012819))))))))))))))))))))))))))))))));
Final quartet score is: 19440352619
Final normalized quartet score is: 0.9440446135686613
You may want to ignore posterior probabilities and other statistics related to the following branch branch because the effective number of genes impacting it is only 13:
	{P_025523, P_025525}
You may want to ignore posterior probabilities and other statistics related to the following branch branch because the effective number of genes impacting it is only 0:
	{P_025523, P_025525, P_025527}
You may want to ignore posterior probabilities and other statistics related to the following branch branch because the effective number of genes impacting it is only 9:
	{P_025523, P_025525, P_025527, P_011709}
You may want to ignore posterior probabilities and other statistics related to the following branch branch because the effective number of genes impacting it is only 1:
	{P_011719, P_011607}
You may want to ignore posterior probabilities and other statistics related to the following branch branch because the effective number of genes impacting it is only 1:
	{P_014073, P_011589}
You may want to ignore posterior probabilities and other statistics related to the following branch branch because the effective number of genes impacting it is only 9:
	{P_011701, P_011739, P_011715, P_011759, P_011675, P_011735, P_011537, P_011677, P_011681, P_011673, P_011745, P_011611}
Extended species tree:
(P0109B,((P_018831,OSHQ)1:0.7798100295814209,((P_016909,WZFE)1:1.3430581200662353,(P0203H,((((SJEV,(P_019193,(Wsal,P_019187)1:0.4611675048272639)1:1.004478901868757)1:1.6453244532755733,(P_016921,(WKSU,(GAP_81227,(Pcol,(GAP_81226,P_006410)1:1.2152290319640309)1:0.7986239498526839)1:0.18832373664706933)1:0.29476972480717245)1:2.439317370843755)1:1.8457343660626078,((P_011709,(P_025527,(P_025523,P_025525)0.98:0.6241543090729941)0.33:0.0)0.29:0.0,(((QDVW,Asie)1:3.9733286067770965,(P_019189,(P_019197,PAWA)1:0.6287848411672201)0.24:0.05031244896897366)1:0.2255059681246256,(((P_019185,CSSK)0.4:0.00865525598977114,(P2589,OPDF)1:0.7139369005964241)1:1.268971572135483,((P_019191,P_019199)1:0.6433322741382044,(GAP_80417,(P2590,GAP_79804)1:2.0555959736996074)1:0.6910923363145244)1:0.48084471174160465)1:1.1521396116548352)1:0.427167773155658)1:0.3804603276447807)1:0.24862531044627353,(((((P_018639,P_018779)1:0.2977746056965885,(P_018695,(P_018783,P_018645)0.99:0.12419347289792643)1:0.3803974579570295)1:0.3874147342499958,(P_018691,((P_007845,(P_016797,(OBPL,(GAP_80397,P_016799)1:0.39503474017727863)1:0.43026438930995575)0.84:0.2766055916530142)0.81:0.190818892744802,((P_016793,(P_006422,P_016795)1:0.47846031802155586)1:0.5287202669657562,(P_018693,((S08,P_014095)1:0.670350122831469,((S38,(S04,(P_016789,S27)1:0.7354121006364487)0.39:0.09105383214630983)1:0.5899470951115696,((S02,P_016787)1:2.9869538265998004,(P_016791,(S03,P_014099)1:2.5758167123143854)0.51:0.025044905114504332)0.48:0.020651051156607193)1:0.29551690733620845)1:0.3796227120046806)0.98:0.13506485158818884)1:0.20334623837659277)0.85:0.13189885856725359)0.7:0.07766354146918103)1:2.761846609778853,(((P2622,P2623)0.85:0.24633076232771184,(P0110C,(XQWC,(P0207A,(P0110B,(P0207C,(P0207B,(P0206H,P0206G)1:0.21029264320851093)0.99:0.13667345131751887)0.85:0.09252612088242336)0.48:0.02256628923394611)1:0.4626615933829378)1:0.44494917299197684)1:1.9184165427267703)1:0.5553157289364083,((GAP_80322,DHPO)1:1.963458766647907,((P_012795,P_012941)1:3.9120544786916094,((P_012861,((P_012855,(P_007802,P_012827)1:1.7023610072518713)1:1.1717530907869222,((P_012919,P_012921)1:2.434580385330051,(P_012813,P_018637)1:0.7719493038320236)1:1.9995794166321639)1:2.6212203350435357)1:0.22648571864756636,(((P_012797,(P_012841,((P_012913,P_012877)1:1.8681602247229334,(P_012811,(P_012891,P_012895)1:0.3710861510764625)1:1.517217058962614)1:1.7357452719242492)1:0.3085034011328049)0.68:0.04934426717497477,((((P_012903,P_012815)1:1.3547756590388305,(P_012857,(P_012925,P_012883)1:2.934741491513773)0.47:0.025506506612175368)0.54:0.030351835493746926,(P_012875,((P_012905,P_012831)1:0.45986081107967247,(P_012901,(P_012851,P_012887)1:2.488943467480485)0.45:0.023983398670463632)1:0.24097906944594327)1:0.8110845974405826)1:0.728260626046454,(P_018689,((P_012885,(P_006420,GAP_80294)1:1.5129361922526343)0.43:0.024023415388708166,(P_012859,(((P_012907,GAP_80291)0.46:0.028527127530251977,(P_012881,P_012873)1:1.1554369950279526)0.46:0.029560788802838828,((P_012897,(GAP_80293,P_012893)1:2.0978634357501424)0.85:0.08822810168231998,(P_012889,((P_012863,(P_012911,(P_012917,P_012821)1:1.9457895337784477)1:0.961578707575988)0.91:0.12037625232611736,(P_006418,(P_012793,(GAP_80292,P_006419)1:3.271584288136556)1:0.2529399348104209)0.5:0.03805079633134452)0.29:0.0)0.72:0.07490422634986178)0.57:0.03770543789275903)0.66:0.05168667240707879)0.75:0.07193762029728228)1:1.4677938387977514)1:1.0715337411834605)1:2.189434720604797)1:2.3000657152092043,((P_012867,((P_012899,P_012817)1:1.616447469507711,(P_012847,P_012923)1:3.2135788389464737)1:0.7505465753884978)1:2.9404045810461,(P_012843,(((P_012937,(P_006421,P_012939)1:1.5651706838449555)1:3.6983653124818647,(P_012803,(P_012853,(P_012837,P_012829)1:1.0971772706906957)0.58:0.03217896512819542)1:0.25771011474863614)1:0.1694381082305297,(((P_012801,(P_012879,P_012809)1:3.6761367709817216)1:0.6977118491244688,((P_012839,P_012805)0.82:0.09087392930792794,(P_012825,(P_012799,YZRI)1:0.8037482013117183)1:0.1860012304923191)1:0.7374299032139319)1:1.1919541254418722,((P_012909,((P_012865,(P_012931,(P_012935,P_012933)1:2.607966742545227)1:1.5836817266747247)1:0.2507168403800728,((P_012845,P_012807)1:0.35408500906836327,(P_012871,P_012849)1:1.6150585663009656)1:0.5354411961254469)1:2.4510961951649026)0.55:0.02779059596224382,((GAP_81172,P_012833)1:2.659351884091481,((PSJT,(GAP_80295,P_012927)1:0.22090952763921723)1:0.8898377663600071,((P_012915,P_012791)0.99:0.12688339214834246,(P_012869,(P_012823,(P_012835,P_012819)0.99:0.12390413883693384)1:0.7414965963557175)1:2.663366114093698)1:1.5044298384293966)0.81:0.10275141502455494)1:2.161778907389705)1:1.862837525122617)1:1.8267225547160622)0.97:0.10943448781769549)1:1.3946703414636414)1:1.3927641307369008)1:0.27447401539520555)1:1.344988329998691)1:3.230976412440875)1:0.3926909431192804)1:0.7019171534674641)1:2.2097437001241653,((WPHN,P_011613)0.38:0.018906318602353277,(((P_011609,(Sdec,P2619)1:0.5162296444498367)1:0.722510075283251,(MAQO,(WAIL,(P_011527,(P_014077,(GAP_80298,(P_014083,GAP_80297)1:2.047326578271695)0.95:0.133305560195128)0.95:0.1583117376552942)1:0.3855390981665702)1:0.5423233250557461)1:1.3366052240783919)0.47:0.18343766777165432,(((P_011587,GAP_79862)1:1.0195002474066601,(P_014081,(P_008647,P0104A)1:2.484364030198889)1:1.6184201132333305)1:1.023512949882618,(((KRJP,(P_011549,GAP_80395)1:1.483753554086726)1:0.6749824017768844,((P_011657,(P_011643,(P_011651,P_011509)1:0.7877183852151128)0.57:0.03858783609226397)1:0.9551751535196035,((GAP_80393,GAP_80394)1:0.8389981337130761,(P_011631,((P_011551,((P_007844,P_011637)0.8:0.07565518725856887,(P_007843,(P_006414,P_007783)0.87:0.08015160081685989)1:0.40046296411011706)0.66:0.07401089037097901)0.87:0.0968193335541242,(P_011647,(P_011465,(P_011501,(P_011523,(P_011489,P_011487)0.64:0.045244990027454385)0.92:0.0886049151040846)1:0.7210220797519259)1:1.1884479031907778)1:0.2979384469861492)0.99:0.16158931121750367)1:0.4698276696816105)0.65:0.06835870525901629)1:2.0532988601372986)1:1.5728690887737622,((P_011531,(P_011699,(Schi,P_006411)1:1.0813009478051572)1:0.2773566761320938)1:1.789470113790913,(VYLQ,(P_018635,(P_008631,((P_011579,(P_011671,P_008632)0.82:0.09344060404932612)1:1.2258436742928804,((P_011719,P_011607)0.67:0.2876820724517809,((P_006413,((P_011679,(P_016813,((GAP_80389,GAP_80390)1:1.7049631640063592,(P_008646,(P_006412,P_008640)1:0.9736912887141052)1:0.2566175790781655)0.47:0.02696805309353022)0.94:0.14760141564305992)1:0.2960833211705363,((P_014073,P_011589)0.61:0.18816332903557767,(P_011701,(P_011681,(P_011673,((P_011537,(P_011739,P_011677)1:0.9681067884518602)0.93:0.11683855212043338,(P_011759,((P_011675,P_011735)1:1.2432399931244795,(P_011715,(P_011745,P_011611)1:0.6509245682432308)1:0.265452637681059)1:0.28590734690512865)0.99:0.15155804565668943)0.92:0.11753752826294248)0.63:0.058396193426109126)0.48:0.05158220747795905)0.72:0.30613247841948066)0.99:0.44714755524662786)0.96:0.12772805121559336)1:0.2467182212079622,(((KAYP,(BCGB,ABSS)1:0.590782393500075)0.63:0.07723974737521704,(WIGA,(Apet,(Dhai,Msal)0.73:0.10412899416548138)1:0.27335639554461205)1:0.45380710298774557)1:0.449548736434622,(P_011705,P_011713)0.99:0.2306270930019194)0.16:0.0)0.96:0.35442831435116484)0.78:0.22007806415173226)1:1.2397532280609844)0.82:0.17550341660802835)1:0.43145195423895805)1:0.25178150933144583)1:0.8990085139149224)1:0.3139531900663002)0.83:0.18821938670840954)1:0.5600545781166648)1:1.7464191459541298)1:0.7920109059767212)1:1.6361008480172419)1:1.23452262040339)1:0.6827227534146086));
Weight calculation took 264.959196763 secs
ASTRAL finished in 293.576 secs
