
================== ASTRAL ===================== 

This is ASTRAL version 5.7.7
Gene trees are treated as unrooted
195 trees read from all_bs10.trees
index214
All output trees will be *arbitrarily* rooted at P0109B

======== Running the main analysis
Number of taxa: 244 (244 species)
Taxa: [S04, S02, P_007845, S27, P_016789, P_016787, P_016791, P_018691, P_018693, P_014099, S03, P_018779, P_016793, P_018695, P_018645, P_018639, DHPO, GAP_80322, P2623, P2622, P0110C, P0207A, P0110B, P0207C, P0207B, P0206G, P0206H, XQWC, P_012853, P_012865, P_012933, P_012849, P_012931, P_012807, P_012845, P_012935, P_012871, P_012833, GAP_81172, GAP_80295, PSJT, P_012927, P_012791, P_012823, P_012835, P_012819, P_012869, P_012915, P_012909, P_012825, P_012805, P_012799, YZRI, P_012839, P_012801, P_012879, P_012843, P_012829, P_012837, P_012809, P_012803, P_012937, P_006421, P_012939, P_012867, P_012817, P_012899, P_012847, P_012923, P_012797, P_012831, P_012905, P_012903, P_012925, P_012883, P_012857, P_012901, P_012851, P_012887, P_012913, P_012877, P_012841, P_012891, P_012815, P_012895, P_012811, P_018689, P_012907, P_012897, P_012793, P_012917, P_012821, GAP_80291, P_012889, P_006418, GAP_80292, P_006419, P_012873, P_012881, GAP_80293, P_012893, P_012911, P_012863, P_012859, GAP_80294, P_006420, P_012885, P_012875, P_012861, P_012941, P_012795, P_012919, P_012921, P_012813, P_018637, P_012855, P_007802, P_012827, P_011677, Msal, P_006412, WIGA, P_016813, P_011745, P_011701, P_008640, P_011715, P_011681, P_011739, P_011675, P_011735, Apet, P_011611, P_008646, P_011705, P_011713, P_006413, Dhai, P_011759, GAP_80389, P_011679, BCGB, ABSS, GAP_80390, P_008632, P_011671, P_011579, P_008631, P_018635, P_011643, P_011699, P_011531, P2619, P_014077, P_014083, P_011551, P_011673, Sdec, WPHN, VYLQ, MAQO, WAIL, GAP_80297, GAP_80298, P_011527, GAP_80395, P_011549, KRJP, P_011465, GAP_80393, GAP_80394, P_007843, P_006414, P_007783, P_011509, P_011651, P_011523, P_011489, P_011487, P_011501, P_011647, P_011637, P_007844, P_011657, GAP_79862, P_011587, P_014081, P_008647, P0104A, P_006411, Schi, QDVW, Asie, P_019197, PAWA, P_019185, GAP_80417, GAP_79804, P2590, P2589, OPDF, CSSK, P_019189, GAP_81227, P_016921, WKSU, Pcol, P_006410, GAP_81226, P_019187, Wsal, P_019193, SJEV, P0203H, P0109B, P_018831, P_016909, WZFE, P_018783, P_006422, P_016795, P_016797, OBPL, P_016799, GAP_80397, S38, P_014095, S08, OSHQ, P_025525, P_019191, P_011613, P_011609, P_011537, KAYP, P_011631, P_011719, P_025527, P_014073, P_011607, P_025523, P_011709, P_019199, P_011589]
Taxon occupancy: {P_019193=173, P_019191=82, P_019197=179, OPDF=187, GAP_81172=194, P_018783=190, P_019199=65, Wsal=174, P_016921=191, WKSU=195, P_025523=30, P_025525=61, P_025527=24, P_014073=31, P0203H=140, P_014077=120, QDVW=192, P_011487=191, P_011489=193, P_016813=193, P_006421=194, P_006422=191, P_006420=163, P_006418=194, P_006419=195, P_006414=192, P_014081=143, P_014083=156, P_018689=195, P0206H=184, P0206G=175, Msal=192, P0109B=103, P_012901=193, P_006410=189, P_006411=188, P_012903=193, P_006412=191, P_006413=192, P_012905=194, P_012907=195, GAP_79862=186, PAWA=188, ABSS=190, P_012909=193, P_018691=172, GAP_80291=195, P_018695=189, P_014095=89, GAP_80293=194, P_018693=189, GAP_80292=195, GAP_80295=189, P_014099=187, GAP_80294=194, GAP_80297=191, GAP_80298=189, P_012911=193, P_011701=38, P_012913=194, P_012915=190, P_011705=125, P_012917=191, P_012919=189, P_011709=20, P_012881=195, P_011671=173, P_011551=141, P_012883=195, P_011673=162, MAQO=191, GAP_80322=192, P_012885=193, P_011675=181, P2590=165, P_012887=194, P_011677=153, P_012889=195, P_011679=168, P_008647=183, PSJT=188, P2589=170, P_012891=193, P_011681=140, P_012893=194, P_018637=192, P_012895=194, P_018635=180, P_012897=194, P0207C=188, P0207B=189, P_012899=193, P_018639=183, P0207A=191, P_008646=192, P_008640=192, BCGB=191, WZFE=191, P_018645=187, KRJP=191, KAYP=110, P_011699=113, P_011579=161, CSSK=187, P_008632=192, P_008631=191, P_007783=182, P_016909=192, P_019187=189, P_019185=185, Sdec=45, P_019189=187, P_012791=192, P_012793=191, P_012795=192, Asie=177, P_018779=161, P_011465=192, P_012797=193, P_011587=153, P_012799=193, P_011589=5, GAP_80417=114, WIGA=185, P_007802=168, GAP_79804=154, P_012841=192, P_011631=162, P_012843=193, Pcol=166, P_012845=192, P_012847=187, P_011637=189, P_011759=184, P_012849=193, Apet=186, OBPL=192, P0110C=180, P0110B=141, P_018831=190, YZRI=192, P_012851=193, P_012853=190, P_011643=194, P_011523=193, P_012855=190, P_012857=191, P_011647=179, P_011527=170, P_012859=193, WAIL=193, P_016789=186, P_012861=193, P_011651=179, P_016787=190, P_011531=163, P_012863=194, P_012865=192, Schi=165, P_012867=193, P_011657=178, P_011537=151, P_012869=192, P_016793=186, P_016791=189, P_016797=192, SJEV=192, P_016795=189, P_012871=188, P_012873=193, P_016799=191, P_012875=194, P_012877=192, P_012879=193, P_011549=183, P_007844=146, P_007845=36, S02=155, S04=59, P_012921=185, S03=184, P_012801=193, P_012923=194, P_011713=140, P_012803=192, P_012925=192, P_011715=168, S08=135, P_012805=192, P_007843=176, P_012927=192, P_012807=190, P_011719=20, P_012809=192, VYLQ=193, DHPO=194, GAP_80390=193, P2622=147, P2623=73, XQWC=194, GAP_80394=193, GAP_80393=193, GAP_80395=193, GAP_80397=191, P_012931=194, P_012811=193, P_012933=188, WPHN=190, P_012813=193, P_012935=191, P_012815=191, P_012937=195, P_012817=192, P_011607=22, P_012939=191, P_012819=189, P_011609=130, P2619=126, OSHQ=190, GAP_80389=192, P_012941=195, P_012821=193, P_011611=181, P_012823=192, P_011613=67, P_011735=191, S27=155, P_012825=195, P_012827=183, P_011739=168, P_012829=195, Dhai=186, P0104A=169, P_012831=193, P_011501=193, P_012833=192, GAP_81226=192, P_011745=178, GAP_81227=193, P_012835=192, S38=57, P_012837=192, P_012839=189, P_011509=192}
Number of gene trees: 195
195 trees have missing taxa
Calculating quartet distance matrix (for completion of X)
Species tree distances calculated ...
Will attempt to complete bipartitions from X before adding using a distance matrix.
Building set of clusters (X) from gene trees 
------------------------------
gradient0: 37711
Number of Clusters after addition by distance: 37711
calculating extra bipartitions to be added at level 1 ...
Adding to X using resolutions of greedy consensus ...
Limit for sigma of degrees:6150
polytomy size limit : 26
discarded polytomies:  [3, 3, 3, 3, 3, 3, 3, 3, 3, 3, 3, 3, 3, 3, 3, 3, 4, 4, 4, 4, 4, 4, 4, 4, 4, 4, 4, 4, 4, 4, 4, 4, 5, 5, 5, 5, 5, 5, 5, 5, 5, 5, 6, 6, 6, 7, 8, 8, 9, 9, 10, 10, 11, 13, 13, 14, 15, 18, 18, 24, 26]
Threshold 0.0:
polytomy of size 4; rounds with additions with at least 5 support: 2; clusters: 37731
Threshold 0.01:
polytomy of size 3; rounds with additions with at least 5 support: 0; clusters: 37733
polytomy of size 5; rounds with additions with at least 5 support: 2; clusters: 37757
Threshold 0.02:
polytomy of size 3; rounds with additions with at least 5 support: 0; clusters: 37757
polytomy of size 4; rounds with additions with at least 5 support: 1; clusters: 37763
polytomy of size 8; rounds with additions with at least 5 support: 6; clusters: 37989
polytomy of size 3; rounds with additions with at least 5 support: 0; clusters: 37989
Threshold 0.05:
polytomy of size 4; rounds with additions with at least 5 support: 0; clusters: 37991
polytomy of size 3; rounds with additions with at least 5 support: 0; clusters: 37991
polytomy of size 9; rounds with additions with at least 5 support: 0; clusters: 38017
polytomy of size 10; rounds with additions with at least 5 support: 2; clusters: 38077
polytomy of size 3; rounds with additions with at least 5 support: 0; clusters: 38077
polytomy of size 6; rounds with additions with at least 5 support: 0; clusters: 38081
Threshold 0.1:
polytomy of size 5; rounds with additions with at least 5 support: 0; clusters: 38081
polytomy of size 3; rounds with additions with at least 5 support: 0; clusters: 38081
polytomy of size 15; rounds with additions with at least 5 support: 0; clusters: 38087
polytomy of size 3; rounds with additions with at least 5 support: 0; clusters: 38087
polytomy of size 13; rounds with additions with at least 5 support: 0; clusters: 38133
polytomy of size 4; rounds with additions with at least 5 support: 0; clusters: 38133
polytomy of size 4; rounds with additions with at least 5 support: 0; clusters: 38133
polytomy of size 4; rounds with additions with at least 5 support: 0; clusters: 38133
polytomy of size 9; rounds with additions with at least 5 support: 1; clusters: 38143
Threshold 0.2:
polytomy of size 4; rounds with additions with at least 5 support: 0; clusters: 38143
polytomy of size 3; rounds with additions with at least 5 support: 0; clusters: 38143
polytomy of size 8; rounds with additions with at least 5 support: 0; clusters: 38145
polytomy of size 5; rounds with additions with at least 5 support: 0; clusters: 38145
polytomy of size 18; rounds with additions with at least 5 support: 0; clusters: 38155
polytomy of size 5; rounds with additions with at least 5 support: 0; clusters: 38155
polytomy of size 4; rounds with additions with at least 5 support: 0; clusters: 38157
polytomy of size 3; rounds with additions with at least 5 support: 0; clusters: 38157
polytomy of size 14; rounds with additions with at least 5 support: 0; clusters: 38181
polytomy of size 4; rounds with additions with at least 5 support: 0; clusters: 38181
polytomy of size 5; rounds with additions with at least 5 support: 0; clusters: 38181
polytomy of size 3; rounds with additions with at least 5 support: 0; clusters: 38181
polytomy of size 3; rounds with additions with at least 5 support: 0; clusters: 38181
polytomy of size 3; rounds with additions with at least 5 support: 0; clusters: 38181
polytomy of size 6; rounds with additions with at least 5 support: 0; clusters: 38181
polytomy of size 4; rounds with additions with at least 5 support: 0; clusters: 38181
polytomy of size 5; rounds with additions with at least 5 support: 0; clusters: 38181
polytomy of size 4; rounds with additions with at least 5 support: 0; clusters: 38181
polytomy of size 11; rounds with additions with at least 5 support: 0; clusters: 38183
Threshold 0.3333333333333333:
polytomy of size 5; rounds with additions with at least 5 support: 0; clusters: 38183
polytomy of size 3; rounds with additions with at least 5 support: 0; clusters: 38183
polytomy of size 5; rounds with additions with at least 5 support: 0; clusters: 38183
polytomy of size 26; rounds with additions with at least 5 support: 0; clusters: 38215
polytomy of size 5; rounds with additions with at least 5 support: 0; clusters: 38215
polytomy of size 13; rounds with additions with at least 5 support: 0; clusters: 38215
polytomy of size 10; rounds with additions with at least 5 support: 0; clusters: 38215
polytomy of size 4; rounds with additions with at least 5 support: 0; clusters: 38215
polytomy of size 24; rounds with additions with at least 5 support: 0; clusters: 38219
polytomy of size 4; rounds with additions with at least 5 support: 0; clusters: 38219
polytomy of size 4; rounds with additions with at least 5 support: 0; clusters: 38219
polytomy of size 3; rounds with additions with at least 5 support: 0; clusters: 38219
polytomy of size 3; rounds with additions with at least 5 support: 0; clusters: 38219
polytomy of size 3; rounds with additions with at least 5 support: 0; clusters: 38219
polytomy of size 5; rounds with additions with at least 5 support: 0; clusters: 38219
polytomy of size 7; rounds with additions with at least 5 support: 0; clusters: 38219
polytomy of size 4; rounds with additions with at least 5 support: 0; clusters: 38219
polytomy of size 6; rounds with additions with at least 5 support: 0; clusters: 38219
polytomy of size 4; rounds with additions with at least 5 support: 0; clusters: 38219
polytomy of size 18; rounds with additions with at least 5 support: 0; clusters: 38221
max k is :12
Number of Clusters after addition by greedy: 38221
gradient0 in heuristiic: 38221
partitions formed in 18.073 secs
Dynamic Programming starting after 18.073 secs
Using tree-based weight calculation.
Using polytree-based weight calculation.
Polytree max score: 15406136658
Polytree building time: 0.135 seconds.
Number of quartet trees in the gene trees: 15406136658
Size of largest cluster: 244
Greedy score: 14184753179
estimationFactor: 1.0861053741004258
Sub-optimal score: 14471773055
Calculated 100000 weights; time (seconds): 129
Total Number of elements weighted: 101434
Normalized score (portion of input quartet trees satisfied before correcting for multiple individuals): 0.9485046982503536
Optimization score: 14612793002
Optimal tree inferred in 131.422 secs.
(P_011699,((P_011589,(P_006411,Schi)),(P_011531,((VYLQ,(P_008631,(P_018635,((P_008632,(P_011671,P_011579)),(P_011709,(P_014073,((P_011719,((P_011713,(P_011705,Dhai)),(P_006413,(WIGA,(Msal,Apet))))),((KAYP,(BCGB,ABSS)),((P_016813,((GAP_80389,GAP_80390),((P_008646,P_011679),(P_006412,P_008640)))),((P_011537,((P_011701,P_011607),(P_011673,(P_011677,P_011739)))),(P_011759,((P_011675,P_011735),(P_011715,(P_011681,(P_011745,P_011611))))))))))))))),(((GAP_79862,P_011587),(P_014081,(P_008647,P0104A))),(((KRJP,(GAP_80395,P_011549)),(((GAP_80393,GAP_80394),((P_011509,P_011651),(P_011643,P_011657))),((P_011465,(P_011523,(P_011501,(P_011489,P_011487)))),(P_011647,((P_011551,P_011631),((P_011637,P_007844),(P_007783,(P_007843,P_006414)))))))),(((P_011609,(P2619,Sdec)),(MAQO,(WAIL,(P_014077,(P_011527,(GAP_80298,(P_014083,GAP_80297))))))),((WPHN,P_011613),(((P0203H,((P_016909,WZFE),(P0109B,(P_018831,OSHQ)))),(((SJEV,(P_019193,(P_019187,Wsal))),(P_016921,(GAP_81227,(WKSU,(Pcol,(P_006410,GAP_81226)))))),((P_025527,(P_025525,P_025523)),(((QDVW,Asie),(P_019189,(P_019197,PAWA))),(((P2589,OPDF),(P_019185,CSSK)),((P_019191,P_019199),(GAP_80417,(GAP_79804,P2590)))))))),((((P_018779,P_018639),(P_018695,(P_018645,P_018783))),((P_016793,(P_006422,P_016795)),((P_016797,(P_007845,(P_016799,(OBPL,GAP_80397)))),(P_018691,(P_018693,(P_016791,((S04,(P_016789,(S27,S38))),((P_014095,S08),((S02,P_016787),(P_014099,S03)))))))))),(((P2623,P2622),(P0110C,(P0207A,((P0110B,P0207C),((P0206G,P0206H),(P0207B,XQWC)))))),((DHPO,GAP_80322),((P_012941,P_012795),(((P_012855,(P_007802,P_012827)),((P_012919,P_012921),(P_012813,P_018637))),(P_012861,(((P_012797,(P_012841,((P_012913,P_012877),(P_012811,(P_012891,P_012895))))),(((P_012925,P_012883),((P_012903,P_012815),(P_012857,(P_012875,((P_012831,P_012905),(P_012901,(P_012851,P_012887))))))),(P_018689,((GAP_80294,P_006420),(P_012885,(P_012859,((P_012873,P_012881),((P_012897,(P_012907,GAP_80291)),(((GAP_80293,P_012893),(P_012911,(P_012917,P_012821))),((P_012793,(GAP_80292,P_006419)),(P_012889,(P_006418,P_012863)))))))))))),((P_012867,((P_012847,P_012923),(P_012817,P_012899))),((P_012843,((P_012937,(P_006421,P_012939)),((P_012829,P_012837),(P_012853,P_012803)))),(((P_012801,(P_012879,P_012809)),(P_012839,(P_012805,(P_012825,(P_012799,YZRI))))),(P_012909,((((P_012849,P_012871),(P_012807,P_012845)),(P_012865,(P_012931,(P_012933,P_012935)))),((P_012833,GAP_81172),((P_012927,(GAP_80295,PSJT)),((P_012791,P_012915),(P_012869,(P_012823,(P_012835,P_012819)))))))))))))))))))))))))));
Final quartet score is: 14612793002
Final normalized quartet score is: 0.9485046982503536
You may want to ignore posterior probabilities and other statistics related to the following branch branch because the effective number of genes impacting it is only 11:
	{P_025525, P_025523}
You may want to ignore posterior probabilities and other statistics related to the following branch branch because the effective number of genes impacting it is only 17:
	{P_025525, P_025527, P_025523}
You may want to ignore posterior probabilities and other statistics related to the following branch branch because the effective number of genes impacting it is only 5:
	{P_011701, P_011607}
You may want to ignore posterior probabilities and other statistics related to the following branch branch because the effective number of genes impacting it is only 2:
	{P_011677, Msal, P_006412, WIGA, P_016813, P_011745, P_011701, P_008640, P_011715, P_011681, P_011739, P_011675, P_011735, Apet, P_011611, P_008646, P_011705, P_011713, P_006413, Dhai, P_011759, GAP_80389, P_011679, BCGB, ABSS, GAP_80390, P_011673, P_011537, KAYP, P_011719, P_014073, P_011607}
You may want to ignore posterior probabilities and other statistics related to the following branch branch because the effective number of genes impacting it is only 5:
	{P_006411, Schi}
You may want to ignore posterior probabilities and other statistics related to the following branch branch because the effective number of genes impacting it is only 4:
	{P_006411, Schi, P_011589}
Extended species tree:
(P0109B,((P_018831,OSHQ)1:1.9904853515468715,((P_016909,WZFE)1:2.5354630950323065,(P0203H,((((SJEV,(P_019193,(P_019187,Wsal)1:0.5416986039744944)1:0.5211459287663549)1:2.2920544419403774,(P_016921,(GAP_81227,(WKSU,(Pcol,(P_006410,GAP_81226)1:1.021999294490911)1:0.46579854398855397)1:0.3652382201341847)1:0.55077472471676)1:2.972287118508187)1:2.1316796110317555,((P_025527,(P_025525,P_025523)1:0.9808292530117262)1:0.9053364725446174,(((QDVW,Asie)1:3.3884292818735733,(P_019189,(P_019197,PAWA)1:0.876487811514944)0.97:0.13436756892666749)1:0.2743116571931501,(((P2589,OPDF)1:1.5377589161025387,(P_019185,CSSK)1:0.28793299645628473)1:1.0868474637177128,((P_019191,P_019199)1:0.898029171115944,(GAP_80417,(GAP_79804,P2590)1:1.641193902898174)1:0.6401632126497248)1:1.3496914155454098)1:2.1448594210255485)0.36:0.06599442358380496)1:1.0202491518046732)1:0.2473115660396353,(((((P_018779,P_018639)1:0.3276755714312167,(P_018695,(P_018645,P_018783)0.67:0.06015252996686056)1:0.3778654251745038)1:0.36034701553981174,((P_016793,(P_006422,P_016795)1:0.24425567810966203)1:0.3687960948989464,((P_016797,(P_007845,(P_016799,(OBPL,GAP_80397)1:0.2036493645459993)0.96:0.312892980296935)0.99:0.4462024267287413)1:1.044762716827089,(P_018691,(P_018693,(P_016791,((S04,(P_016789,(S27,S38)0.62:0.10495253396409161)1:0.42167571272443183)1:0.46196126239865787,((P_014095,S08)1:1.108358119211151,((S02,P_016787)1:1.4702778873271805,(P_014099,S03)1:1.4196928986438169)0.85:0.119788046627922)0.2:0.0)0.51:0.03367801780752584)1:0.2781089569851431)0.47:0.028069854286355566)0.94:0.15062720056325465)0.57:0.04628565171813238)0.93:0.138869030815977)1:2.8070161453690288,(((P2623,P2622)1:0.32603516504106067,(P0110C,(P0207A,((P0110B,P0207C)0.94:0.14140631061604655,((P0206G,P0206H)1:0.32527605230262546,(P0207B,XQWC)1:0.35633604826955156)0.7:0.0935124119610099)0.47:0.029776730434331475)1:1.3151640336826527)1:2.0853325531034437)1:0.34066947666734193,((DHPO,GAP_80322)1:3.240393848176314,((P_012941,P_012795)1:2.5513443139857475,(((P_012855,(P_007802,P_012827)1:1.1609211625071958)1:0.6149867641094048,((P_012919,P_012921)1:1.4423092198748988,(P_012813,P_018637)1:0.4171185348608894)1:1.1648137425284202)1:1.8001074407347313,(P_012861,(((P_012797,(P_012841,((P_012913,P_012877)1:0.8031414857941817,(P_012811,(P_012891,P_012895)0.99:0.1769019398182518)1:0.8807838728099433)1:1.4203837527124263)1:0.3277234437096056)0.74:0.07588691559671436,(((P_012925,P_012883)1:2.00100968851725,((P_012903,P_012815)1:0.9819378533811146,(P_012857,(P_012875,((P_012831,P_012905)1:0.3645838255213986,(P_012901,(P_012851,P_012887)1:1.4569350957271978)0.98:0.15151874853949324)1:0.206005283353886)1:0.6696202355824443)0.59:0.05238919195628618)0.38:0.007469092897540712)1:0.5895124060355962,(P_018689,((GAP_80294,P_006420)1:1.4134400417827315,(P_012885,(P_012859,((P_012873,P_012881)1:0.8737855808458508,((P_012897,(P_012907,GAP_80291)0.5:0.042124469309262155)0.56:0.049381298548002495,(((GAP_80293,P_012893)1:1.7259468805474727,(P_012911,(P_012917,P_012821)1:1.2772052188659027)1:0.8577957200571468)0.61:0.06012448779489537,((P_012793,(GAP_80292,P_006419)1:2.178753288673191)0.98:0.20271014277502297,(P_012889,(P_006418,P_012863)0.81:0.1033931642256087)0.47:0.040658963715936816)0.72:0.08528658825772233)0.39:0.010273191250762497)0.5:0.043402757763330656)0.44:0.02726930435006007)0.38:0.006667237139372008)0.53:0.0400880578530952)1:0.9865943756105375)1:0.8279202775058428)1:1.8644893664028763)1:1.7925754998440298,((P_012867,((P_012847,P_012923)1:2.0470422007000155,(P_012817,P_012899)1:1.1898203943139833)1:0.5575397158375566)1:2.2208996387064426,((P_012843,((P_012937,(P_006421,P_012939)1:0.9735030096226835)1:2.968865158796978,((P_012829,P_012837)1:0.67117129562432,(P_012853,P_012803)0.46:0.03377458647811752)1:0.19892451818911247)0.99:0.18779791889399058)0.35:0.001424991429756366,(((P_012801,(P_012879,P_012809)1:2.5230890592997905)1:0.5096566492686083,(P_012839,(P_012805,(P_012825,(P_012799,YZRI)1:1.7042937374014553)0.89:0.10138927949436902)0.73:0.08139733511947705)1:0.471129072677415)1:0.9643116384378893,(P_012909,((((P_012849,P_012871)1:1.0221349832672177,(P_012807,P_012845)1:0.45727597105972717)1:0.33694081607497567,(P_012865,(P_012931,(P_012933,P_012935)1:1.6719819146316264)1:1.2563116725771357)1:0.24092184734504923)1:1.7625063364554767,((P_012833,GAP_81172)1:1.53921298667697,((P_012927,(GAP_80295,PSJT)1:0.34194944489988993)1:1.6092156233794568,((P_012791,P_012915)0.96:0.129626386174442,(P_012869,(P_012823,(P_012835,P_012819)0.83:0.07941892621879003)1:0.5342989225620258)1:1.8614361520225347)1:1.067765359561709)0.76:0.07886795377000112)1:1.5551483104598418)0.58:0.041838912951335835)1:1.4927803161361368)1:2.04201799394183)1:1.1826456285978753)1:1.2725470812442956)1:0.2525217761257148)0.54:0.06642469369877578)1:1.48783980882013)1:3.254077326047143)1:0.9684227809098664)1:1.0565776715592066)1:2.4376322353704376,((WPHN,P_011613)1:0.6675308501190225,(((P_011609,(P2619,Sdec)1:1.3912074270421637)1:0.9975190814611713,(MAQO,(WAIL,(P_014077,(P_011527,(GAP_80298,(P_014083,GAP_80297)1:1.2643570239702187)0.78:0.07440611451123096)0.66:0.06485817337991878)0.56:0.07301116111421173)1:1.1966350844895342)1:1.4267227026106384)1:0.4606305707907447,(((KRJP,(GAP_80395,P_011549)1:0.8889728419957007)1:1.3808160898433721,(((GAP_80393,GAP_80394)1:0.7856235998190031,((P_011509,P_011651)1:0.2815249797210354,(P_011643,P_011657)0.37:0.0063675452551723395)1:0.6550766577453152)0.35:0.009571891627534657,((P_011465,(P_011523,(P_011501,(P_011489,P_011487)0.68:0.058946563353243074)0.59:0.04486019464860172)1:0.562717435280318)1:1.2586175757243971,(P_011647,((P_011551,P_011631)0.48:0.03899916311953979,((P_011637,P_007844)0.99:0.19787534049535757,(P_007783,(P_007843,P_006414)0.58:0.042929968812638844)1:0.5175590583053096)0.93:0.1297052741947651)0.58:0.0460683504075876)0.39:0.024504059425907703)1:0.7220099787686557)1:1.9960965915854973)1:1.8487325289012373,(((GAP_79862,P_011587)1:1.0343509731249252,(P_014081,(P_008647,P0104A)1:2.257226999641089)1:1.1387972551825822)1:1.217194812861907,((VYLQ,(P_008631,(P_018635,((P_008632,(P_011671,P_011579)0.81:0.10629571579066434)1:1.3654308841246738,(P_011709,(P_014073,((P_011719,((P_011713,(P_011705,Dhai)0.98:0.22297726221381753)0.97:0.24850831309589594,(P_006413,(WIGA,(Msal,Apet)0.96:0.1581000737881238)0.92:0.14764863843276474)0.43:0.02075944319999256)0.49:0.06552462210278466)0.74:0.2481620757014975,((KAYP,(BCGB,ABSS)1:1.326285979400233)0.43:0.03160994757456547,((P_016813,((GAP_80389,GAP_80390)1:1.237236724985733,((P_008646,P_011679)0.98:0.2528032069896922,(P_006412,P_008640)1:1.1074762777602163)0.81:0.09869278903128342)0.72:0.07910302515292722)1:0.423660973676907,((P_011537,((P_011701,P_011607)0.3:0.0,(P_011673,(P_011677,P_011739)1:0.5115282074128695)0.61:0.0944835864044702)0.49:0.065634000393331)0.71:0.09008567955620003,(P_011759,((P_011675,P_011735)1:0.920937762093732,(P_011715,(P_011681,(P_011745,P_011611)0.81:0.11505839497835145)0.99:0.20795106753854242)1:0.21382806206950888)0.74:0.0789615871946393)0.87:0.11012279360137728)1:0.9187608256073422)0.62:0.06656794671066626)0.83:0.128427637567515)0.05:0.0)0.77:0.4790403075301881)0.68:0.18997639613252804)1:1.1554679658148985)0.37:0.006015900428136377)1:0.7333555281142802)1:0.273424957644594,(P_011531,((P_011589,(P_006411,Schi)0.4:0.0)0.49:0.15542537725925884,P_011699)1:0.6364045891362463)1:1.594714773999986)1:1.3396088285502628)0.44:0.0208244567977288)1:0.8051081677651131)1:0.8553828096161435)1:2.4824519487071903)1:0.9155619718360026)1:2.2984269598466263)1:0.9517335114582359)1:1.2629630383021921));
Weight calculation took 108.545221347 secs
ASTRAL finished in 133.288 secs
