
================== ASTRAL ===================== 

This is ASTRAL version 5.7.7
Gene trees are treated as unrooted
176 trees read from all_bs10.trees
index3
All output trees will be *arbitrarily* rooted at P0109B

======== Running the main analysis
Number of taxa: 244 (244 species)
Taxa: [Apet, DHPO, P_016909, P0109B, P_018831, P_011527, GAP_80298, P_014083, GAP_80297, P_014077, Schi, P_006411, P_011715, P_006413, P_011739, P_011673, P_011675, P_011735, P_011759, P_011745, P_011537, P_008640, P_006412, P_011681, P_008646, GAP_80389, GAP_80390, P_011679, P_011705, P_011713, P_011579, P_008632, P_011531, P_011671, P_016813, P_011677, P_011551, GAP_80394, GAP_80393, P_007844, P_011637, P_011465, P_007783, P_007843, P_006414, P_011647, P_011523, P_011487, P_011489, P_011501, P_011643, P_011509, P_011651, P_011657, P_011549, GAP_80395, P_011587, P_011701, P_007845, P0203H, P_018779, P_011609, Sdec, P_019197, P_019189, GAP_79862, P_008647, P0104A, P_014081, P_012795, P_012941, P_007802, P_012827, P_012855, P_012919, P_012921, P_012813, P_018637, P_012867, P_012899, P_012817, P_012847, P_012923, P_012937, P_006421, P_012939, P_012843, P_012853, P_012803, P_012915, P_012791, P_012835, P_012819, P_012823, P_012869, GAP_81172, P_012833, GAP_80295, PSJT, P_012927, P_012871, P_012849, P_012933, P_012935, P_012931, P_012865, P_012845, P_012807, P_012909, P_012825, P_012799, YZRI, P_012805, GAP_80417, P2590, GAP_79804, P_012839, P_012879, P_012809, P_012801, P_012837, P_012829, P2619, P_018635, P_012861, P_012841, P_012913, P_012877, P_018689, P_012907, P_012897, P_012885, P_012859, P_006420, GAP_80294, P_012873, P_012881, GAP_80291, GAP_80293, P_012893, P_012793, P_006418, P_012863, P_012821, P_012917, P_012911, P_012889, GAP_80292, P_006419, P_012891, P_012895, P_012811, P_012875, P_012905, P_012831, P_012901, P_012851, P_012887, P_012903, P_012815, P_012925, P_012883, P_012857, P_012797, GAP_80322, P_018691, P_018639, P_018645, P_025523, P_018783, P_018695, P_016797, GAP_80397, P_016799, P_016793, P_006422, P_016795, P_018693, P_016789, S27, S03, P_014099, P_016787, S02, P_016791, S04, P0110C, XQWC, P0207B, P0207A, P0110B, P0207C, P0206G, P0206H, P2623, P2622, OBPL, WZFE, SJEV, Wsal, P_019187, P_019193, GAP_81227, Pcol, GAP_81226, P_006410, P_016921, WKSU, PAWA, CSSK, P2589, OPDF, P_019185, QDVW, Asie, KRJP, P_011699, WAIL, MAQO, VYLQ, WPHN, Dhai, BCGB, ABSS, WIGA, P_008631, P_011613, S38, S08, P_014095, OSHQ, P_025525, P_019191, P_011631, KAYP, Msal, P_011719, P_014073, P_025527, P_011709, P_019199, P_011611, P_011607, P_011589]
Taxon occupancy: {P_019193=154, P_019191=78, P_019197=163, OPDF=169, GAP_81172=175, P_018783=171, P_019199=61, Wsal=157, P_016921=173, WKSU=176, P_025523=29, P_025525=53, P_025527=19, P_014073=29, P0203H=124, P_014077=111, QDVW=173, P_011487=172, P_011489=174, P_016813=157, P_006421=175, P_006422=172, P_006420=148, P_006418=174, P_006419=176, P_006414=173, P_014081=124, P_014083=140, P_018689=176, P0206H=166, P0206G=156, Msal=153, P0109B=88, P_012901=174, P_006410=170, P_006411=170, P_006412=172, P_012903=174, P_006413=168, P_012905=174, GAP_79862=169, P_012907=176, PAWA=169, ABSS=173, P_012909=174, P_018691=78, GAP_80291=176, P_018695=168, P_014095=76, GAP_80293=175, GAP_80292=176, P_018693=168, GAP_80295=173, GAP_80294=175, P_014099=168, GAP_80297=172, GAP_80298=170, P_011701=32, P_012911=175, P_012913=152, P_011705=96, P_012915=171, P_012917=171, P_012919=172, P_011709=19, P_011671=100, P_012881=176, P_011551=121, P_011673=143, P_012883=176, MAQO=174, P_011675=162, P_012885=174, GAP_80322=174, P2590=150, P_011677=139, P_012887=175, P_011679=153, P_012889=173, P_008647=164, PSJT=169, P2589=153, P_011681=126, P_012891=174, P_012893=175, P_018637=174, P_012895=175, P_018635=163, P_012897=175, P0207C=169, P_012899=174, P0207B=170, P_018639=166, P0207A=172, P_008646=173, P_008640=172, BCGB=171, WZFE=173, P_018645=168, KRJP=174, KAYP=107, P_011699=99, P_011579=136, CSSK=169, P_008632=170, P_016909=173, P_007783=166, P_008631=34, P_019187=170, P_019185=166, Sdec=40, P_019189=151, P_012791=174, P_012793=173, P_012795=173, Asie=137, P_011465=173, P_018779=146, P_011587=140, P_012797=174, P_012799=174, P_011589=3, GAP_80417=103, WIGA=169, P_007802=152, GAP_79804=139, P_012841=173, P_011631=147, P_012843=174, Pcol=148, P_012845=173, P_011637=171, P_012847=168, P_011759=163, P_012849=174, Apet=79, OBPL=173, P0110C=161, P_018831=171, P0110B=123, YZRI=174, P_012851=174, P_011643=175, P_012853=171, P_011523=174, P_012855=173, P_011647=162, P_012857=173, P_011527=105, P_012859=174, WAIL=174, P_016789=167, P_011651=161, P_012861=175, P_011531=148, P_016787=171, P_012863=175, P_012865=174, Schi=147, P_011657=162, P_012867=174, P_011537=135, P_012869=174, P_016793=167, P_016791=171, P_016797=173, SJEV=172, P_016795=168, P_012871=169, P_012873=174, P_016799=172, P_012875=175, P_012877=173, P_012879=176, P_011549=165, P_007844=130, P_007845=31, S02=136, P_012921=167, S04=52, P_012801=174, S03=165, P_011713=125, P_012923=175, P_012803=173, P_011715=153, P_012925=173, S08=116, P_007843=159, P_012805=173, P_012927=175, P_012807=171, P_011719=20, P_012809=174, VYLQ=174, DHPO=176, GAP_80390=156, P2622=131, P2623=63, GAP_80394=174, XQWC=175, GAP_80393=174, GAP_80395=174, GAP_80397=172, P_012931=175, P_012811=174, P_012933=169, WPHN=174, P_012813=174, P_012935=172, P_012815=172, P_012937=176, P_012817=173, P_011607=6, P_012939=172, P_011609=117, P_012819=170, P2619=113, OSHQ=172, GAP_80389=166, P_012941=176, P_012821=174, P_011611=22, P_012823=173, P_011613=56, P_011735=172, P_012825=176, S27=138, P_012827=165, P_011739=152, P_012829=127, Dhai=168, P0104A=150, P_012831=168, P_011501=174, P_012833=173, GAP_81226=173, P_011745=159, GAP_81227=174, P_012835=173, S38=48, P_012837=173, P_012839=171, P_011509=173}
Number of gene trees: 176
176 trees have missing taxa
Calculating quartet distance matrix (for completion of X)
Species tree distances calculated ...
Will attempt to complete bipartitions from X before adding using a distance matrix.
Building set of clusters (X) from gene trees 
------------------------------
gradient0: 25767
Number of Clusters after addition by distance: 25767
calculating extra bipartitions to be added at level 1 ...
Adding to X using resolutions of greedy consensus ...
Limit for sigma of degrees:6150
polytomy size limit : 32
discarded polytomies:  [3, 3, 3, 3, 3, 3, 3, 3, 3, 3, 3, 3, 3, 3, 3, 3, 3, 3, 3, 4, 4, 4, 4, 4, 4, 4, 4, 4, 4, 5, 5, 5, 5, 6, 6, 6, 6, 7, 9, 10, 11, 12, 14, 14, 14, 18, 32]
Threshold 0.0:
polytomy of size 3; rounds with additions with at least 5 support: 0; clusters: 25769
Threshold 0.01:
polytomy of size 3; rounds with additions with at least 5 support: 0; clusters: 25771
polytomy of size 3; rounds with additions with at least 5 support: 0; clusters: 25771
Threshold 0.02:
polytomy of size 7; rounds with additions with at least 5 support: 2; clusters: 25887
polytomy of size 3; rounds with additions with at least 5 support: 0; clusters: 25887
Threshold 0.05:
polytomy of size 3; rounds with additions with at least 5 support: 0; clusters: 25887
polytomy of size 9; rounds with additions with at least 5 support: 0; clusters: 25907
polytomy of size 4; rounds with additions with at least 5 support: 2; clusters: 25913
Threshold 0.1:
polytomy of size 4; rounds with additions with at least 5 support: 0; clusters: 25913
polytomy of size 3; rounds with additions with at least 5 support: 0; clusters: 25913
polytomy of size 5; rounds with additions with at least 5 support: 0; clusters: 25913
polytomy of size 3; rounds with additions with at least 5 support: 0; clusters: 25913
polytomy of size 12; rounds with additions with at least 5 support: 0; clusters: 25919
polytomy of size 3; rounds with additions with at least 5 support: 0; clusters: 25919
polytomy of size 3; rounds with additions with at least 5 support: 0; clusters: 25919
polytomy of size 3; rounds with additions with at least 5 support: 0; clusters: 25919
polytomy of size 6; rounds with additions with at least 5 support: 0; clusters: 25919
Threshold 0.2:
polytomy of size 5; rounds with additions with at least 5 support: 0; clusters: 25919
polytomy of size 3; rounds with additions with at least 5 support: 0; clusters: 25919
polytomy of size 10; rounds with additions with at least 5 support: 0; clusters: 25925
polytomy of size 5; rounds with additions with at least 5 support: 0; clusters: 25925
polytomy of size 14; rounds with additions with at least 5 support: 0; clusters: 25925
polytomy of size 4; rounds with additions with at least 5 support: 0; clusters: 25925
polytomy of size 4; rounds with additions with at least 5 support: 0; clusters: 25925
polytomy of size 4; rounds with additions with at least 5 support: 0; clusters: 25925
polytomy of size 5; rounds with additions with at least 5 support: 0; clusters: 25927
polytomy of size 3; rounds with additions with at least 5 support: 0; clusters: 25927
polytomy of size 18; rounds with additions with at least 5 support: 0; clusters: 25943
Threshold 0.3333333333333333:
polytomy of size 3; rounds with additions with at least 5 support: 0; clusters: 25943
polytomy of size 4; rounds with additions with at least 5 support: 0; clusters: 25943
polytomy of size 11; rounds with additions with at least 5 support: 0; clusters: 25943
polytomy of size 3; rounds with additions with at least 5 support: 0; clusters: 25943
polytomy of size 3; rounds with additions with at least 5 support: 0; clusters: 25943
polytomy of size 6; rounds with additions with at least 5 support: 0; clusters: 25943
polytomy of size 3; rounds with additions with at least 5 support: 0; clusters: 25943
polytomy of size 14; rounds with additions with at least 5 support: 0; clusters: 25947
polytomy of size 6; rounds with additions with at least 5 support: 0; clusters: 25947
polytomy of size 14; rounds with additions with at least 5 support: 0; clusters: 25947
polytomy of size 4; rounds with additions with at least 5 support: 0; clusters: 25947
polytomy of size 4; rounds with additions with at least 5 support: 0; clusters: 25947
polytomy of size 3; rounds with additions with at least 5 support: 0; clusters: 25947
polytomy of size 3; rounds with additions with at least 5 support: 0; clusters: 25947
polytomy of size 3; rounds with additions with at least 5 support: 0; clusters: 25947
polytomy of size 6; rounds with additions with at least 5 support: 0; clusters: 25947
polytomy of size 4; rounds with additions with at least 5 support: 0; clusters: 25947
polytomy of size 4; rounds with additions with at least 5 support: 0; clusters: 25947
polytomy of size 32; rounds with additions with at least 5 support: 0; clusters: 25971
max k is :4
Number of Clusters after addition by greedy: 25971
gradient0 in heuristiic: 25971
partitions formed in 17.344 secs
Dynamic Programming starting after 17.344 secs
Using tree-based weight calculation.
Using polytree-based weight calculation.
Polytree max score: 13740589145
Polytree building time: 0.19 seconds.
Number of quartet trees in the gene trees: 13740589145
Size of largest cluster: 244
Greedy score: 12668300681
estimationFactor: 1.0846434333223733
Sub-optimal score: 12865289878
Total Number of elements weighted: 69047
Normalized score (portion of input quartet trees satisfied before correcting for multiple individuals): 0.9533254225686988
Optimization score: 13099252953
Optimal tree inferred in 86.167 secs.
(GAP_80294,(P_006420,(P_012859,(P_012885,((((P_012873,P_012881),(P_012907,GAP_80291)),((P_012889,((P_006418,P_012863),(P_012793,(GAP_80292,P_006419)))),((P_012911,(P_012821,P_012917)),(P_012897,(GAP_80293,P_012893))))),(P_018689,((((P_012925,P_012883),(P_012857,(P_012903,P_012815))),(P_012875,((P_012905,P_012831),(P_012901,(P_012851,P_012887))))),((P_012841,((P_012913,P_012877),(P_012811,(P_012891,P_012895)))),(P_012797,(((P_012867,((P_012899,P_012817),(P_012847,P_012923))),(P_012843,(((P_012937,(P_006421,P_012939)),((P_012837,P_012829),(P_012853,P_012803))),(((P_012801,(P_012879,P_012809)),(P_012839,(P_012805,(P_012825,(P_012799,YZRI))))),(P_012909,(((P_012865,(P_012931,(P_012933,P_012935))),((P_012845,P_012807),(P_012871,P_012849))),((GAP_81172,P_012833),((P_012927,(GAP_80295,PSJT)),((P_012915,P_012791),(P_012869,(P_012823,(P_012835,P_012819)))))))))))),((P_012861,((P_012855,(P_007802,P_012827)),((P_012919,P_012921),(P_012813,P_018637)))),((P_012795,P_012941),((DHPO,GAP_80322),(((P2623,P2622),(P0110C,(XQWC,(P0110B,(P0207A,(P0207C,(P0207B,(P0206G,P0206H)))))))),((P_014095,(((P_018779,P_018639),(P_018695,(P_018645,P_018783))),((P_016797,(P_007845,(P_016799,(GAP_80397,OBPL)))),((P_016793,(P_006422,P_016795)),(P_018691,(P_018693,(S08,((S38,(S04,(P_016789,S27))),(P_016791,((S03,P_014099),(P_016787,S02))))))))))),(((P0203H,((P_016909,WZFE),(P0109B,(P_018831,OSHQ)))),(((SJEV,(P_019193,(Wsal,P_019187))),(P_016921,(GAP_81227,(WKSU,(Pcol,(GAP_81226,P_006410)))))),((P_025527,(P_025523,P_025525)),(((QDVW,Asie),(P_019189,(P_019197,PAWA))),(((P2589,OPDF),(CSSK,P_019185)),((P_019191,P_019199),(GAP_80417,(P2590,GAP_79804)))))))),((WPHN,P_011613),((Sdec,P_011589),(((P_011609,P2619),(MAQO,(WAIL,(P_011527,((P_014083,GAP_80297),(GAP_80298,P_014077)))))),(((P_011587,GAP_79862),(P_014081,(P_008647,P0104A))),(((KRJP,(P_011549,GAP_80395)),(((GAP_80394,GAP_80393),(P_011657,(P_011643,(P_011509,P_011651)))),((P_011647,(P_011465,(P_011523,(P_011501,(P_011487,P_011489))))),(P_011631,(P_011551,((P_007844,P_011637),(P_007783,(P_007843,P_006414)))))))),((P_011531,(P_011699,(Schi,P_006411))),(VYLQ,((P_018635,P_008631),(P_011709,((P_011579,(P_008632,P_011671)),((P_014073,(P_011719,P_011607)),(P_011701,((P_011705,P_011713),(((KAYP,(BCGB,ABSS)),(WIGA,(Dhai,(Apet,Msal)))),(P_006413,((P_016813,((GAP_80389,GAP_80390),((P_008646,P_011679),(P_008640,P_006412)))),((P_011673,(P_011537,(P_011739,P_011677))),(P_011681,(P_011759,((P_011675,P_011735),(P_011715,(P_011745,P_011611))))))))))))))))))))))))))))))))))))));
Final quartet score is: 13099252953
Final normalized quartet score is: 0.9533254225686988
You may want to ignore posterior probabilities and other statistics related to the following branch branch because the effective number of genes impacting it is only 9:
	{P_025523, P_025525}
You may want to ignore posterior probabilities and other statistics related to the following branch branch because the effective number of genes impacting it is only 13:
	{P_025523, P_025525, P_025527}
You may want to ignore posterior probabilities and other statistics related to the following branch branch because the effective number of genes impacting it is only 1:
	{Sdec, P_011589}
You may want to ignore posterior probabilities and other statistics related to the following branch branch because the effective number of genes impacting it is only 1:
	{P_011719, P_011607}
You may want to ignore posterior probabilities and other statistics related to the following branch branch because the effective number of genes impacting it is only 3:
	{P_011719, P_014073, P_011607}
You may want to ignore posterior probabilities and other statistics related to the following branch branch because the effective number of genes impacting it is only 18:
	{P_011745, P_011611}
You may want to ignore posterior probabilities and other statistics related to the following branch branch because the effective number of genes impacting it is only 12:
	{Apet, P_011715, P_006413, P_011739, P_011673, P_011675, P_011735, P_011759, P_011745, P_011537, P_008640, P_006412, P_011681, P_008646, GAP_80389, GAP_80390, P_011679, P_011705, P_011713, P_016813, P_011677, P_011701, Dhai, BCGB, ABSS, WIGA, KAYP, Msal, P_011611}
You may want to ignore posterior probabilities and other statistics related to the following branch branch because the effective number of genes impacting it is only 19:
	{Apet, P_011715, P_006413, P_011739, P_011673, P_011675, P_011735, P_011759, P_011745, P_011537, P_008640, P_006412, P_011681, P_008646, GAP_80389, GAP_80390, P_011679, P_011705, P_011713, P_011579, P_008632, P_011671, P_016813, P_011677, P_011701, Dhai, BCGB, ABSS, WIGA, KAYP, Msal, P_011719, P_014073, P_011611, P_011607}
You may want to ignore posterior probabilities and other statistics related to the following branch branch because the effective number of genes impacting it is only 18:
	{Apet, P_011715, P_006413, P_011739, P_011673, P_011675, P_011735, P_011759, P_011745, P_011537, P_008640, P_006412, P_011681, P_008646, GAP_80389, GAP_80390, P_011679, P_011705, P_011713, P_011579, P_008632, P_011671, P_016813, P_011677, P_011701, Dhai, BCGB, ABSS, WIGA, KAYP, Msal, P_011719, P_014073, P_011709, P_011611, P_011607}
Extended species tree:
(P0109B,((P_018831,OSHQ)74.69:0.9339799136696608,((P_016909,WZFE)87.32:1.619915859462256,(P0203H,((((SJEV,(P_019193,(Wsal,P_019187)59.87:0.49763486790674305)76.33:1.0142949095642824)92.51:2.113441170524937,(P_016921,(GAP_81227,(WKSU,(Pcol,(GAP_81226,P_006410)81.08:1.2311682750106212)67.49:0.704258144065071)45.42:0.19521995786347238)64.16:0.6102317510731086)96.55:2.8094248888890205)94.27:2.3593380780365827,((P_025527,(P_025523,P_025525)66.67:0.5108256237659905)73.08:0.7002380946162989,(((QDVW,Asie)98.52:3.408994594382189,(P_019189,(P_019197,PAWA)67.67:0.7086166869606245)39.05:0.0851840432586758)49.36:0.26902141973152266,(((P2589,OPDF)77.45:1.0607602185469736,(CSSK,P_019185)41.42:0.12502932324111934)86.21:1.5372110872093327,((P_019191,P_019199)66.32:0.6382635571766351,(GAP_80417,(P2590,GAP_79804)91.3:1.9298615882137216)59.26:0.4699884366171989)57.81:0.44189220516370126)84.94:1.4520007638490844)42.1:0.12917533279813523)66.61:0.6570454792070994)52.62:0.3335090039265727,(((WPHN,P_011613)34.56:0.005645612427000569,((Sdec,P_011589)98.55:0.2732933349996813,(((P_011609,P2619)75.8:0.9751126619702704,(MAQO,(WAIL,(P_011527,((P_014083,GAP_80297)90.59:1.89089279236897,(GAP_80298,P_014077)42.6:0.1428998412604785)38.62:0.07639478237777961)58.04:0.4492785551277026)69.61:0.7720157964225448)80.66:1.2062692796494656)50.59:0.2900759205573353,(((P_011587,GAP_79862)79.38:1.1439644390136048,(P_014081,(P_008647,P0104A)93.68:2.232317524075093)91.78:2.0028216525228437)85.85:1.5091174108045236,(((KRJP,(P_011549,GAP_80395)88.2:1.6866698924507124)72.04:0.8531632102526427,(((GAP_80394,GAP_80393)78.51:1.1088140442688268,(P_011657,(P_011643,(P_011509,P_011651)73.48:0.9040107864892459)43.43:0.15908644129086982)76.18:1.0078544070204964)37.77:0.06472683372771232,((P_011647,(P_011465,(P_011523,(P_011501,(P_011487,P_011489)43.76:0.16505702736681044)35.57:0.030643068940055647)74.45:0.9404037885152673)83.38:1.3555180793755237)51.12:0.3022434931658876,(P_011631,(P_011551,((P_007844,P_011637)44.89:0.18365635423918342,(P_007783,(P_007843,P_006414)36.95:0.051736782263113255)64.49:0.6180675242088436)37.44:0.05777367242959501)42.63:0.14208955335620205)40.45:0.10748711585123556)75.98:0.9999615548746711)93.4:2.2309750765530567)89.41:1.7842050029470793,((P_011531,(P_011699,(Schi,P_006411)69.14:0.7444041094193559)53.4:0.3447174974414584)90.44:1.8770574289253292,(VYLQ,((P_018635,P_008631)39.44:0.07319872193133196,(P_011709,((P_011579,(P_008632,P_011671)43.23:0.15144361112097376)83.1:1.3357405509781544,((P_014073,(P_011719,P_011607)100:0.2876820724517809)28.36:0.0,(P_011701,((P_011705,P_011713)48.97:0.2524977559008943,(((KAYP,(BCGB,ABSS)69.83:0.7650254422109385)46.68:0.2120195610035931,(WIGA,(Dhai,(Apet,Msal)47.49:0.22467576105969272)44.47:0.17674390911359827)63.44:0.5877786427958013)56.42:0.41481915492791205,(P_006413,((P_016813,((GAP_80389,GAP_80390)90.93:1.925002710713587,((P_008646,P_011679)47.65:0.2341445241017823,(P_008640,P_006412)83.18:1.3432261465009903)47.11:0.22395282374035386)43.19:0.1526695589780477)65.94:0.6512661964687992,((P_011673,(P_011537,(P_011739,P_011677)73.71:0.9028780997657239)43.19:0.15214017546927758)36.2:0.038602473460116714,(P_011681,(P_011759,((P_011675,P_011735)88.07:1.672504873557092,(P_011715,(P_011745,P_011611)69.02:0.6429902513149639)56.53:0.4159816473975517)46.01:0.20417645208750146)48.55:0.24941929311349603)42.44:0.13948630738985585)76.46:1.01585135099302)44.16:0.16929750901043875)42.7:0.1450011044191271)34.91:0.01902385763378126)37.43:0.03791852224014078)46.23:0.13731734996772726)65.7:0.619916164223253)66.42:0.5588629224700115)53.32:0.2776174975157591)57.96:0.4506425500230048)50.94:0.29878995907485123)80.96:1.2195327935470723)53.06:0.3396397226272592)49.3:0.2643668784998834)44.46:0.15672025053972558)51.79:0.2868235190535709)91.52:1.9940192147146658,((P_014095,(((P_018779,P_018639)47.09:0.22458205275793236,(P_018695,(P_018645,P_018783)49.2:0.26567759526905393)55.14:0.3880374025431217)60.01:0.5010330781595106,((P_016797,(P_007845,(P_016799,(GAP_80397,OBPL)41.88:0.13285693357963993)55.06:0.3545449174776857)47.91:0.21622866098194)76.88:1.0390458505485816,((P_016793,(P_006422,P_016795)63.42:0.5883601033696836)63.45:0.5884301092252512,(P_018691,(P_018693,(S08,((S38,(S04,(P_016789,S27)70.42:0.7612091603518935)41.26:0.09193481161961407)59.32:0.46216631926331403,(P_016791,((S03,P_014099)93.72:2.273839374270672,(P_016787,S02)97.73:3.104931543673893)35.71:0.0321512435863661)43.41:0.15778596998128586)40:0.09734287527849758)60.59:0.50787551050508)49.63:0.2618477230038813)36.65:0.04086369811173038)38.62:0.07779598847646399)44.94:0.18530634121508407)36.66:0.041620419447738574)91.68:1.9452829049652534,(((P2623,P2622)51.87:0.3078987534675873,(P0110C,(XQWC,(P0110B,(P0207A,(P0207C,(P0207B,(P0206G,P0206H)52.19:0.3254877906577968)43.15:0.15466745358086503)42.76:0.1479175334122255)42.31:0.1385566401556919)52.23:0.3244611496854776)67.05:0.6918711260607349)89.4:1.7767168516035696)61.82:0.5441517544910776,((DHPO,GAP_80322)97.4:3.045394167740409,((P_012795,P_012941)98.8:3.627213766662696,((P_012861,((P_012855,(P_007802,P_012827)89.46:1.788177079415159)82.06:1.2853630718218514,((P_012919,P_012921)94.27:2.3602488537475512,(P_012813,P_018637)61.93:0.5508044722489946)93.56:2.255928799763771)96.52:2.8054552817244476)41.93:0.13352205480893498,(((P_012867,((P_012899,P_012817)90.88:1.9328914625193203,(P_012847,P_012923)97.88:3.2049588532583595)71.91:0.8496325778490128)97.25:3.0020909453870925,(P_012843,(((P_012937,(P_006421,P_012939)88.82:1.7404661748405046)99.24:3.9100374199721966,((P_012837,P_012829)81.43:1.243039975517477,(P_012853,P_012803)33.52:0.0)51.13:0.3039446043858741)43.63:0.1628259081497926,(((P_012801,(P_012879,P_012809)99.42:4.056975518090013)65.84:0.6574540071025142,(P_012839,(P_012805,(P_012825,(P_012799,YZRI)85.39:1.4843144640856667)45.64:0.19917286555188204)39.05:0.0856558468012134)73.13:0.8924360201303435)80.86:1.2231666844510038,(P_012909,(((P_012865,(P_012931,(P_012933,P_012935)95.24:2.527209029478689)94.72:2.4373577337639394)48.24:0.2474372687382588,((P_012845,P_012807)58.53:0.4663439324512881,(P_012871,P_012849)92.5:2.1144113384446155)67.82:0.7159938329547196)96.76:2.8663869972646143,((GAP_81172,P_012833)97.29:3.015759063903864,((P_012927,(GAP_80295,PSJT)46.62:0.2168776627725306)93.78:2.288891007122187,((P_012915,P_012791)41.3:0.1230499194740152,(P_012869,(P_012823,(P_012835,P_012819)42.06:0.1358792407352526)69.56:0.7707564239171546)97.87:3.209621634652427)89.16:1.7705357593308548)43.05:0.15297618651182193)95.77:2.6353441733722454)38.03:0.06936359323312258)91.98:2.0517398153105995)95.61:2.600022251466442)40.78:0.11412328771279882)84.21:1.408032720400106)88:1.6701473142641696,(P_012797,((P_012841,((P_012913,P_012877)82.08:1.2838857690596057,(P_012811,(P_012891,P_012895)55.33:0.3931081259859831)88.54:1.71642693254863)91.58:2.006148955109284)60.35:0.5101155918742226,((((P_012925,P_012883)97.38:3.0429271480179167,(P_012857,(P_012903,P_012815)83.23:1.3501971399402712)35.24:0.02520958680129723)37.52:0.06048329223807563,(P_012875,((P_012905,P_012831)60.71:0.5192188661860533,(P_012901,(P_012851,P_012887)97.66:3.1341972320176463)34.7:0.017496746957603865)50.61:0.2932240044448692)70.34:0.7939220631472096)67.09:0.6907982820078226,(P_018689,((((P_012873,P_012881)84.35:1.4114434967211977,(P_012907,GAP_80291)39.05:0.08398235459744044)38.36:0.07242183232735676,((P_012889,((P_006418,P_012863)39.08:0.08396285689245168,(P_012793,(GAP_80292,P_006419)96.41:2.774557383435204)47.47:0.23051460566676996)35.05:0.021328155401434745)37.01:0.051125302828451,((P_012911,(P_012821,P_012917)90.16:1.8589339808028789)84.96:1.4474176508544612,(P_012897,(GAP_80293,P_012893)95.66:2.6067680048585355)43.94:0.16533496695955044)37.45:0.05782334664705534)35.74:0.03144413531751203)44.29:0.17236402332088965,(P_012885,(P_012859,(P_006420,GAP_80294)88.37:1.6939452239989596)41.17:0.11961550985622009)36.76:0.04770498028548236)91.22:1.9595476400843355)81.31:1.241271542365833)96.27:2.7355654044121116)36.92:0.051667604740572144)95.37:2.547255966471532)57.26:0.4359728318588847)90.5:1.8929243189225011)99.32:3.971910752941707)71.99:0.8511498899483745)74.79:0.9533658610656923)94.59:2.4046453317233145)73.65:0.906820242425996)87.34:1.604266177810541)76.39:1.0123742777616547)62.93:0.568022022024531));
Weight calculation took 63.803456083 secs
ASTRAL finished in 88.199 secs
