
================== ASTRAL ===================== 

This is ASTRAL version 5.7.7
Gene trees are treated as unrooted
176 trees read from all_bs10.trees
index3
All output trees will be *arbitrarily* rooted at P0109B

======== Running the main analysis
Number of taxa: 244 (244 species)
Taxa: [Apet, DHPO, P_016909, P0109B, P_018831, P_011527, GAP_80298, P_014083, GAP_80297, P_014077, Schi, P_006411, P_011715, P_006413, P_011739, P_011673, P_011675, P_011735, P_011759, P_011745, P_011537, P_008640, P_006412, P_011681, P_008646, GAP_80389, GAP_80390, P_011679, P_011705, P_011713, P_011579, P_008632, P_011531, P_011671, P_016813, P_011677, P_011551, GAP_80394, GAP_80393, P_007844, P_011637, P_011465, P_007783, P_007843, P_006414, P_011647, P_011523, P_011487, P_011489, P_011501, P_011643, P_011509, P_011651, P_011657, P_011549, GAP_80395, P_011587, P_011701, P_007845, P0203H, P_018779, P_011609, Sdec, P_019197, P_019189, GAP_79862, P_008647, P0104A, P_014081, P_012795, P_012941, P_007802, P_012827, P_012855, P_012919, P_012921, P_012813, P_018637, P_012867, P_012899, P_012817, P_012847, P_012923, P_012937, P_006421, P_012939, P_012843, P_012853, P_012803, P_012915, P_012791, P_012835, P_012819, P_012823, P_012869, GAP_81172, P_012833, GAP_80295, PSJT, P_012927, P_012871, P_012849, P_012933, P_012935, P_012931, P_012865, P_012845, P_012807, P_012909, P_012825, P_012799, YZRI, P_012805, GAP_80417, P2590, GAP_79804, P_012839, P_012879, P_012809, P_012801, P_012837, P_012829, P2619, P_018635, P_012861, P_012841, P_012913, P_012877, P_018689, P_012907, P_012897, P_012885, P_012859, P_006420, GAP_80294, P_012873, P_012881, GAP_80291, GAP_80293, P_012893, P_012793, P_006418, P_012863, P_012821, P_012917, P_012911, P_012889, GAP_80292, P_006419, P_012891, P_012895, P_012811, P_012875, P_012905, P_012831, P_012901, P_012851, P_012887, P_012903, P_012815, P_012925, P_012883, P_012857, P_012797, GAP_80322, P_018691, P_018639, P_018645, P_025523, P_018783, P_018695, P_016797, GAP_80397, P_016799, P_016793, P_006422, P_016795, P_018693, P_016789, S27, S03, P_014099, P_016787, S02, P_016791, S04, P0110C, XQWC, P0207B, P0207A, P0110B, P0207C, P0206G, P0206H, P2623, P2622, OBPL, WZFE, SJEV, Wsal, P_019187, P_019193, GAP_81227, Pcol, GAP_81226, P_006410, P_016921, WKSU, PAWA, CSSK, P2589, OPDF, P_019185, QDVW, Asie, KRJP, P_011699, WAIL, MAQO, VYLQ, WPHN, Dhai, BCGB, ABSS, WIGA, P_008631, P_011613, S38, S08, P_014095, OSHQ, P_025525, P_019191, P_011631, KAYP, Msal, P_011719, P_014073, P_025527, P_011709, P_019199, P_011611, P_011607, P_011589]
Taxon occupancy: {P_019193=154, P_019191=78, P_019197=163, OPDF=169, GAP_81172=175, P_018783=171, P_019199=61, Wsal=157, P_016921=173, WKSU=176, P_025523=29, P_025525=53, P_025527=19, P_014073=29, P0203H=124, P_014077=111, QDVW=173, P_011487=172, P_011489=174, P_016813=157, P_006421=175, P_006422=172, P_006420=148, P_006418=174, P_006419=176, P_006414=173, P_014081=124, P_014083=140, P_018689=176, P0206H=166, P0206G=156, Msal=153, P0109B=88, P_012901=174, P_006410=170, P_006411=170, P_006412=172, P_012903=174, P_006413=168, P_012905=174, GAP_79862=169, P_012907=176, PAWA=169, ABSS=173, P_012909=174, P_018691=78, GAP_80291=176, P_018695=168, P_014095=76, GAP_80293=175, GAP_80292=176, P_018693=168, GAP_80295=173, GAP_80294=175, P_014099=168, GAP_80297=172, GAP_80298=170, P_011701=32, P_012911=175, P_012913=152, P_011705=96, P_012915=171, P_012917=171, P_012919=172, P_011709=19, P_011671=100, P_012881=176, P_011551=121, P_011673=143, P_012883=176, MAQO=174, P_011675=162, P_012885=174, GAP_80322=174, P2590=150, P_011677=139, P_012887=175, P_011679=153, P_012889=173, P_008647=164, PSJT=169, P2589=153, P_011681=126, P_012891=174, P_012893=175, P_018637=174, P_012895=175, P_018635=163, P_012897=175, P0207C=169, P_012899=174, P0207B=170, P_018639=166, P0207A=172, P_008646=173, P_008640=172, BCGB=171, WZFE=173, P_018645=168, KRJP=174, KAYP=107, P_011699=99, P_011579=136, CSSK=169, P_008632=170, P_016909=173, P_007783=166, P_008631=34, P_019187=170, P_019185=166, Sdec=40, P_019189=151, P_012791=174, P_012793=173, P_012795=173, Asie=137, P_011465=173, P_018779=146, P_011587=140, P_012797=174, P_012799=174, P_011589=3, GAP_80417=103, WIGA=169, P_007802=152, GAP_79804=139, P_012841=173, P_011631=147, P_012843=174, Pcol=148, P_012845=173, P_011637=171, P_012847=168, P_011759=163, P_012849=174, Apet=79, OBPL=173, P0110C=161, P_018831=171, P0110B=123, YZRI=174, P_012851=174, P_011643=175, P_012853=171, P_011523=174, P_012855=173, P_011647=162, P_012857=173, P_011527=105, P_012859=174, WAIL=174, P_016789=167, P_011651=161, P_012861=175, P_011531=148, P_016787=171, P_012863=175, P_012865=174, Schi=147, P_011657=162, P_012867=174, P_011537=135, P_012869=174, P_016793=167, P_016791=171, P_016797=173, SJEV=172, P_016795=168, P_012871=169, P_012873=174, P_016799=172, P_012875=175, P_012877=173, P_012879=176, P_011549=165, P_007844=130, P_007845=31, S02=136, P_012921=167, S04=52, P_012801=174, S03=165, P_011713=125, P_012923=175, P_012803=173, P_011715=153, P_012925=173, S08=116, P_007843=159, P_012805=173, P_012927=175, P_012807=171, P_011719=20, P_012809=174, VYLQ=174, DHPO=176, GAP_80390=156, P2622=131, P2623=63, GAP_80394=174, XQWC=175, GAP_80393=174, GAP_80395=174, GAP_80397=172, P_012931=175, P_012811=174, P_012933=169, WPHN=174, P_012813=174, P_012935=172, P_012815=172, P_012937=176, P_012817=173, P_011607=6, P_012939=172, P_011609=117, P_012819=170, P2619=113, OSHQ=172, GAP_80389=166, P_012941=176, P_012821=174, P_011611=22, P_012823=173, P_011613=56, P_011735=172, P_012825=176, S27=138, P_012827=165, P_011739=152, P_012829=127, Dhai=168, P0104A=150, P_012831=168, P_011501=174, P_012833=173, GAP_81226=173, P_011745=159, GAP_81227=174, P_012835=173, S38=48, P_012837=173, P_012839=171, P_011509=173}
Number of gene trees: 176
176 trees have missing taxa
Calculating quartet distance matrix (for completion of X)
Species tree distances calculated ...
Will attempt to complete bipartitions from X before adding using a distance matrix.
Building set of clusters (X) from gene trees 
------------------------------
gradient0: 25767
Number of Clusters after addition by distance: 25767
calculating extra bipartitions to be added at level 1 ...
Adding to X using resolutions of greedy consensus ...
Limit for sigma of degrees:6150
polytomy size limit : 32
discarded polytomies:  [3, 3, 3, 3, 3, 3, 3, 3, 3, 3, 3, 3, 3, 3, 3, 3, 3, 3, 3, 4, 4, 4, 4, 4, 4, 4, 4, 4, 4, 5, 5, 5, 5, 6, 6, 6, 6, 7, 9, 10, 11, 12, 14, 14, 14, 18, 32]
Threshold 0.0:
polytomy of size 3; rounds with additions with at least 5 support: 0; clusters: 25769
Threshold 0.01:
polytomy of size 3; rounds with additions with at least 5 support: 0; clusters: 25771
polytomy of size 3; rounds with additions with at least 5 support: 0; clusters: 25771
Threshold 0.02:
polytomy of size 7; rounds with additions with at least 5 support: 2; clusters: 25887
polytomy of size 3; rounds with additions with at least 5 support: 0; clusters: 25887
Threshold 0.05:
polytomy of size 3; rounds with additions with at least 5 support: 0; clusters: 25887
polytomy of size 9; rounds with additions with at least 5 support: 0; clusters: 25907
polytomy of size 4; rounds with additions with at least 5 support: 2; clusters: 25913
Threshold 0.1:
polytomy of size 4; rounds with additions with at least 5 support: 0; clusters: 25913
polytomy of size 3; rounds with additions with at least 5 support: 0; clusters: 25913
polytomy of size 5; rounds with additions with at least 5 support: 0; clusters: 25913
polytomy of size 3; rounds with additions with at least 5 support: 0; clusters: 25913
polytomy of size 12; rounds with additions with at least 5 support: 0; clusters: 25919
polytomy of size 3; rounds with additions with at least 5 support: 0; clusters: 25919
polytomy of size 3; rounds with additions with at least 5 support: 0; clusters: 25919
polytomy of size 3; rounds with additions with at least 5 support: 0; clusters: 25919
polytomy of size 6; rounds with additions with at least 5 support: 0; clusters: 25919
Threshold 0.2:
polytomy of size 5; rounds with additions with at least 5 support: 0; clusters: 25919
polytomy of size 3; rounds with additions with at least 5 support: 0; clusters: 25919
polytomy of size 10; rounds with additions with at least 5 support: 0; clusters: 25925
polytomy of size 5; rounds with additions with at least 5 support: 0; clusters: 25925
polytomy of size 14; rounds with additions with at least 5 support: 0; clusters: 25925
polytomy of size 4; rounds with additions with at least 5 support: 0; clusters: 25925
polytomy of size 4; rounds with additions with at least 5 support: 0; clusters: 25925
polytomy of size 4; rounds with additions with at least 5 support: 0; clusters: 25925
polytomy of size 5; rounds with additions with at least 5 support: 0; clusters: 25927
polytomy of size 3; rounds with additions with at least 5 support: 0; clusters: 25927
polytomy of size 18; rounds with additions with at least 5 support: 0; clusters: 25943
Threshold 0.3333333333333333:
polytomy of size 3; rounds with additions with at least 5 support: 0; clusters: 25943
polytomy of size 4; rounds with additions with at least 5 support: 0; clusters: 25943
polytomy of size 11; rounds with additions with at least 5 support: 0; clusters: 25943
polytomy of size 3; rounds with additions with at least 5 support: 0; clusters: 25943
polytomy of size 3; rounds with additions with at least 5 support: 0; clusters: 25943
polytomy of size 6; rounds with additions with at least 5 support: 0; clusters: 25943
polytomy of size 3; rounds with additions with at least 5 support: 0; clusters: 25943
polytomy of size 14; rounds with additions with at least 5 support: 0; clusters: 25947
polytomy of size 6; rounds with additions with at least 5 support: 0; clusters: 25947
polytomy of size 14; rounds with additions with at least 5 support: 0; clusters: 25947
polytomy of size 4; rounds with additions with at least 5 support: 0; clusters: 25947
polytomy of size 4; rounds with additions with at least 5 support: 0; clusters: 25947
polytomy of size 3; rounds with additions with at least 5 support: 0; clusters: 25947
polytomy of size 3; rounds with additions with at least 5 support: 0; clusters: 25947
polytomy of size 3; rounds with additions with at least 5 support: 0; clusters: 25947
polytomy of size 6; rounds with additions with at least 5 support: 0; clusters: 25947
polytomy of size 4; rounds with additions with at least 5 support: 0; clusters: 25947
polytomy of size 4; rounds with additions with at least 5 support: 0; clusters: 25947
polytomy of size 32; rounds with additions with at least 5 support: 0; clusters: 25971
max k is :4
Number of Clusters after addition by greedy: 25971
gradient0 in heuristiic: 25971
partitions formed in 12.405 secs
Dynamic Programming starting after 12.405 secs
Using tree-based weight calculation.
Using polytree-based weight calculation.
Polytree max score: 13740589145
Polytree building time: 0.098 seconds.
Number of quartet trees in the gene trees: 13740589145
Size of largest cluster: 244
Greedy score: 12668300681
estimationFactor: 1.0846434333223733
Sub-optimal score: 12865289878
Total Number of elements weighted: 69047
Normalized score (portion of input quartet trees satisfied before correcting for multiple individuals): 0.9533254225686988
Optimization score: 13099252953
Optimal tree inferred in 79.64 secs.
(GAP_80294,(P_006420,(P_012859,(P_012885,((((P_012873,P_012881),(P_012907,GAP_80291)),((P_012889,((P_006418,P_012863),(P_012793,(GAP_80292,P_006419)))),((P_012911,(P_012821,P_012917)),(P_012897,(GAP_80293,P_012893))))),(P_018689,((((P_012925,P_012883),(P_012857,(P_012903,P_012815))),(P_012875,((P_012905,P_012831),(P_012901,(P_012851,P_012887))))),((P_012841,((P_012913,P_012877),(P_012811,(P_012891,P_012895)))),(P_012797,(((P_012867,((P_012899,P_012817),(P_012847,P_012923))),(P_012843,(((P_012937,(P_006421,P_012939)),((P_012837,P_012829),(P_012853,P_012803))),(((P_012801,(P_012879,P_012809)),(P_012839,(P_012805,(P_012825,(P_012799,YZRI))))),(P_012909,(((P_012865,(P_012931,(P_012933,P_012935))),((P_012845,P_012807),(P_012871,P_012849))),((GAP_81172,P_012833),((P_012927,(GAP_80295,PSJT)),((P_012915,P_012791),(P_012869,(P_012823,(P_012835,P_012819)))))))))))),((P_012861,((P_012855,(P_007802,P_012827)),((P_012919,P_012921),(P_012813,P_018637)))),((P_012795,P_012941),((DHPO,GAP_80322),(((P2623,P2622),(P0110C,(XQWC,(P0110B,(P0207A,(P0207C,(P0207B,(P0206G,P0206H)))))))),((P_014095,(((P_018779,P_018639),(P_018695,(P_018645,P_018783))),((P_016797,(P_007845,(P_016799,(GAP_80397,OBPL)))),((P_016793,(P_006422,P_016795)),(P_018691,(P_018693,(S08,((S38,(S04,(P_016789,S27))),(P_016791,((S03,P_014099),(P_016787,S02))))))))))),(((P0203H,((P_016909,WZFE),(P0109B,(P_018831,OSHQ)))),(((SJEV,(P_019193,(Wsal,P_019187))),(P_016921,(GAP_81227,(WKSU,(Pcol,(GAP_81226,P_006410)))))),((P_025527,(P_025523,P_025525)),(((QDVW,Asie),(P_019189,(P_019197,PAWA))),(((P2589,OPDF),(CSSK,P_019185)),((P_019191,P_019199),(GAP_80417,(P2590,GAP_79804)))))))),((WPHN,P_011613),((Sdec,P_011589),(((P_011609,P2619),(MAQO,(WAIL,(P_011527,((P_014083,GAP_80297),(GAP_80298,P_014077)))))),(((P_011587,GAP_79862),(P_014081,(P_008647,P0104A))),(((KRJP,(P_011549,GAP_80395)),(((GAP_80394,GAP_80393),(P_011657,(P_011643,(P_011509,P_011651)))),((P_011647,(P_011465,(P_011523,(P_011501,(P_011487,P_011489))))),(P_011631,(P_011551,((P_007844,P_011637),(P_007783,(P_007843,P_006414)))))))),((P_011531,(P_011699,(Schi,P_006411))),(VYLQ,((P_018635,P_008631),(P_011709,((P_011579,(P_008632,P_011671)),((P_014073,(P_011719,P_011607)),(P_011701,((P_011705,P_011713),(((KAYP,(BCGB,ABSS)),(WIGA,(Dhai,(Apet,Msal)))),(P_006413,((P_016813,((GAP_80389,GAP_80390),((P_008646,P_011679),(P_008640,P_006412)))),((P_011673,(P_011537,(P_011739,P_011677))),(P_011681,(P_011759,((P_011675,P_011735),(P_011715,(P_011745,P_011611))))))))))))))))))))))))))))))))))))));
Final quartet score is: 13099252953
Final normalized quartet score is: 0.9533254225686988
You may want to ignore posterior probabilities and other statistics related to the following branch branch because the effective number of genes impacting it is only 9:
	{P_025523, P_025525}
You may want to ignore posterior probabilities and other statistics related to the following branch branch because the effective number of genes impacting it is only 13:
	{P_025523, P_025525, P_025527}
You may want to ignore posterior probabilities and other statistics related to the following branch branch because the effective number of genes impacting it is only 1:
	{Sdec, P_011589}
You may want to ignore posterior probabilities and other statistics related to the following branch branch because the effective number of genes impacting it is only 1:
	{P_011719, P_011607}
You may want to ignore posterior probabilities and other statistics related to the following branch branch because the effective number of genes impacting it is only 3:
	{P_011719, P_014073, P_011607}
You may want to ignore posterior probabilities and other statistics related to the following branch branch because the effective number of genes impacting it is only 18:
	{P_011745, P_011611}
You may want to ignore posterior probabilities and other statistics related to the following branch branch because the effective number of genes impacting it is only 12:
	{Apet, P_011715, P_006413, P_011739, P_011673, P_011675, P_011735, P_011759, P_011745, P_011537, P_008640, P_006412, P_011681, P_008646, GAP_80389, GAP_80390, P_011679, P_011705, P_011713, P_016813, P_011677, P_011701, Dhai, BCGB, ABSS, WIGA, KAYP, Msal, P_011611}
You may want to ignore posterior probabilities and other statistics related to the following branch branch because the effective number of genes impacting it is only 19:
	{Apet, P_011715, P_006413, P_011739, P_011673, P_011675, P_011735, P_011759, P_011745, P_011537, P_008640, P_006412, P_011681, P_008646, GAP_80389, GAP_80390, P_011679, P_011705, P_011713, P_011579, P_008632, P_011671, P_016813, P_011677, P_011701, Dhai, BCGB, ABSS, WIGA, KAYP, Msal, P_011719, P_014073, P_011611, P_011607}
You may want to ignore posterior probabilities and other statistics related to the following branch branch because the effective number of genes impacting it is only 18:
	{Apet, P_011715, P_006413, P_011739, P_011673, P_011675, P_011735, P_011759, P_011745, P_011537, P_008640, P_006412, P_011681, P_008646, GAP_80389, GAP_80390, P_011679, P_011705, P_011713, P_011579, P_008632, P_011671, P_016813, P_011677, P_011701, Dhai, BCGB, ABSS, WIGA, KAYP, Msal, P_011719, P_014073, P_011709, P_011611, P_011607}
Extended species tree:
(P0109B,((P_018831,OSHQ)1:0.9339799136696608,((P_016909,WZFE)1:1.619915859462256,(P0203H,((((SJEV,(P_019193,(Wsal,P_019187)1:0.49763486790674305)1:1.0142949095642824)1:2.113441170524937,(P_016921,(GAP_81227,(WKSU,(Pcol,(GAP_81226,P_006410)1:1.2311682750106212)1:0.704258144065071)0.99:0.19521995786347238)1:0.6102317510731086)1:2.8094248888890205)1:2.3593380780365827,((P_025527,(P_025523,P_025525)0.93:0.5108256237659905)0.99:0.7002380946162989,(((QDVW,Asie)1:3.408994594382189,(P_019189,(P_019197,PAWA)1:0.7086166869606245)0.55:0.0851840432586758)1:0.26902141973152266,(((P2589,OPDF)1:1.0607602185469736,(CSSK,P_019185)0.94:0.12502932324111934)1:1.5372110872093327,((P_019191,P_019199)1:0.6382635571766351,(GAP_80417,(P2590,GAP_79804)1:1.9298615882137216)1:0.4699884366171989)1:0.44189220516370126)1:1.4520007638490844)0.57:0.12917533279813523)1:0.6570454792070994)1:0.3335090039265727,(((WPHN,P_011613)0.38:0.005645612427000569,((Sdec,P_011589)0.66:0.2732933349996813,(((P_011609,P2619)1:0.9751126619702704,(MAQO,(WAIL,(P_011527,((P_014083,GAP_80297)1:1.89089279236897,(GAP_80298,P_014077)0.91:0.1428998412604785)0.7:0.07639478237777961)1:0.4492785551277026)1:0.7720157964225448)1:1.2062692796494656)1:0.2900759205573353,(((P_011587,GAP_79862)1:1.1439644390136048,(P_014081,(P_008647,P0104A)1:2.232317524075093)1:2.0028216525228437)1:1.5091174108045236,(((KRJP,(P_011549,GAP_80395)1:1.6866698924507124)1:0.8531632102526427,(((GAP_80394,GAP_80393)1:1.1088140442688268,(P_011657,(P_011643,(P_011509,P_011651)1:0.9040107864892459)0.98:0.15908644129086982)1:1.0078544070204964)0.58:0.06472683372771232,((P_011647,(P_011465,(P_011523,(P_011501,(P_011487,P_011489)0.99:0.16505702736681044)0.46:0.030643068940055647)1:0.9404037885152673)1:1.3555180793755237)1:0.3022434931658876,(P_011631,(P_011551,((P_007844,P_011637)0.99:0.18365635423918342,(P_007783,(P_007843,P_006414)0.5:0.051736782263113255)1:0.6180675242088436)0.61:0.05777367242959501)0.9:0.14208955335620205)0.68:0.10748711585123556)1:0.9999615548746711)1:2.2309750765530567)1:1.7842050029470793,((P_011531,(P_011699,(Schi,P_006411)1:0.7444041094193559)1:0.3447174974414584)1:1.8770574289253292,(VYLQ,((P_018635,P_008631)0.52:0.07319872193133196,(P_011709,((P_011579,(P_008632,P_011671)0.91:0.15144361112097376)1:1.3357405509781544,((P_014073,(P_011719,P_011607)0.67:0.2876820724517809)0.18:0.0,(P_011701,((P_011705,P_011713)0.98:0.2524977559008943,(((KAYP,(BCGB,ABSS)1:0.7650254422109385)0.97:0.2120195610035931,(WIGA,(Dhai,(Apet,Msal)0.97:0.22467576105969272)0.98:0.17674390911359827)1:0.5877786427958013)1:0.41481915492791205,(P_006413,((P_016813,((GAP_80389,GAP_80390)1:1.925002710713587,((P_008646,P_011679)0.99:0.2341445241017823,(P_008640,P_006412)1:1.3432261465009903)1:0.22395282374035386)0.94:0.1526695589780477)1:0.6512661964687992,((P_011673,(P_011537,(P_011739,P_011677)1:0.9028780997657239)0.93:0.15214017546927758)0.43:0.038602473460116714,(P_011681,(P_011759,((P_011675,P_011735)1:1.672504873557092,(P_011715,(P_011745,P_011611)0.99:0.6429902513149639)1:0.4159816473975517)0.99:0.20417645208750146)0.93:0.24941929311349603)0.75:0.13948630738985585)1:1.01585135099302)0.92:0.16929750901043875)0.84:0.1450011044191271)0.43:0.01902385763378126)0.45:0.03791852224014078)0.59:0.13731734996772726)1:0.619916164223253)0.98:0.5588629224700115)0.67:0.2776174975157591)1:0.4506425500230048)1:0.29878995907485123)1:1.2195327935470723)1:0.3396397226272592)0.99:0.2643668784998834)0.67:0.15672025053972558)0.88:0.2868235190535709)1:1.9940192147146658,((P_014095,(((P_018779,P_018639)1:0.22458205275793236,(P_018695,(P_018645,P_018783)1:0.26567759526905393)1:0.3880374025431217)1:0.5010330781595106,((P_016797,(P_007845,(P_016799,(GAP_80397,OBPL)0.35:0.13285693357963993)0.97:0.3545449174776857)0.51:0.21622866098194)1:1.0390458505485816,((P_016793,(P_006422,P_016795)1:0.5883601033696836)1:0.5884301092252512,(P_018691,(P_018693,(S08,((S38,(S04,(P_016789,S27)1:0.7612091603518935)0.54:0.09193481161961407)1:0.46216631926331403,(P_016791,((S03,P_014099)1:2.273839374270672,(P_016787,S02)1:3.104931543673893)0.33:0.0321512435863661)0.97:0.15778596998128586)0.7:0.09734287527849758)1:0.50787551050508)0.98:0.2618477230038813)0.49:0.04086369811173038)0.72:0.07779598847646399)0.98:0.18530634121508407)0.45:0.041620419447738574)1:1.9452829049652534,(((P2623,P2622)0.98:0.3078987534675873,(P0110C,(XQWC,(P0110B,(P0207A,(P0207C,(P0207B,(P0206G,P0206H)1:0.3254877906577968)0.98:0.15466745358086503)0.98:0.1479175334122255)0.94:0.1385566401556919)1:0.3244611496854776)1:0.6918711260607349)1:1.7767168516035696)1:0.5441517544910776,((DHPO,GAP_80322)1:3.045394167740409,((P_012795,P_012941)1:3.627213766662696,((P_012861,((P_012855,(P_007802,P_012827)1:1.788177079415159)1:1.2853630718218514,((P_012919,P_012921)1:2.3602488537475512,(P_012813,P_018637)1:0.5508044722489946)1:2.255928799763771)1:2.8054552817244476)0.91:0.13352205480893498,(((P_012867,((P_012899,P_012817)1:1.9328914625193203,(P_012847,P_012923)1:3.2049588532583595)1:0.8496325778490128)1:3.0020909453870925,(P_012843,(((P_012937,(P_006421,P_012939)1:1.7404661748405046)1:3.9100374199721966,((P_012837,P_012829)1:1.243039975517477,(P_012853,P_012803)0.35:0.0)1:0.3039446043858741)0.97:0.1628259081497926,(((P_012801,(P_012879,P_012809)1:4.056975518090013)1:0.6574540071025142,(P_012839,(P_012805,(P_012825,(P_012799,YZRI)1:1.4843144640856667)1:0.19917286555188204)0.64:0.0856558468012134)1:0.8924360201303435)1:1.2231666844510038,(P_012909,(((P_012865,(P_012931,(P_012933,P_012935)1:2.527209029478689)1:2.4373577337639394)1:0.2474372687382588,((P_012845,P_012807)1:0.4663439324512881,(P_012871,P_012849)1:2.1144113384446155)1:0.7159938329547196)1:2.8663869972646143,((GAP_81172,P_012833)1:3.015759063903864,((P_012927,(GAP_80295,PSJT)1:0.2168776627725306)1:2.288891007122187,((P_012915,P_012791)0.95:0.1230499194740152,(P_012869,(P_012823,(P_012835,P_012819)0.97:0.1358792407352526)1:0.7707564239171546)1:3.209621634652427)1:1.7705357593308548)0.98:0.15297618651182193)1:2.6353441733722454)0.76:0.06936359323312258)1:2.0517398153105995)1:2.600022251466442)0.93:0.11412328771279882)1:1.408032720400106)1:1.6701473142641696,(P_012797,((P_012841,((P_012913,P_012877)1:1.2838857690596057,(P_012811,(P_012891,P_012895)1:0.3931081259859831)1:1.71642693254863)1:2.006148955109284)1:0.5101155918742226,((((P_012925,P_012883)1:3.0429271480179167,(P_012857,(P_012903,P_012815)1:1.3501971399402712)0.48:0.02520958680129723)0.67:0.06048329223807563,(P_012875,((P_012905,P_012831)1:0.5192188661860533,(P_012901,(P_012851,P_012887)1:3.1341972320176463)0.43:0.017496746957603865)1:0.2932240044448692)1:0.7939220631472096)1:0.6907982820078226,(P_018689,((((P_012873,P_012881)1:1.4114434967211977,(P_012907,GAP_80291)0.75:0.08398235459744044)0.67:0.07242183232735676,((P_012889,((P_006418,P_012863)0.65:0.08396285689245168,(P_012793,(GAP_80292,P_006419)1:2.774557383435204)1:0.23051460566676996)0.43:0.021328155401434745)0.59:0.051125302828451,((P_012911,(P_012821,P_012917)1:1.8589339808028789)1:1.4474176508544612,(P_012897,(GAP_80293,P_012893)1:2.6067680048585355)0.92:0.16533496695955044)0.6:0.05782334664705534)0.49:0.03144413531751203)0.97:0.17236402332088965,(P_012885,(P_012859,(P_006420,GAP_80294)1:1.6939452239989596)0.9:0.11961550985622009)0.58:0.04770498028548236)1:1.9595476400843355)1:1.241271542365833)1:2.7355654044121116)0.54:0.051667604740572144)1:2.547255966471532)1:0.4359728318588847)1:1.8929243189225011)1:3.971910752941707)1:0.8511498899483745)1:0.9533658610656923)1:2.4046453317233145)1:0.906820242425996)1:1.604266177810541)1:1.0123742777616547)1:0.568022022024531));
Weight calculation took 63.263583609 secs
ASTRAL finished in 81.222 secs
