
================== ASTRAL ===================== 

This is ASTRAL version 5.7.7
Gene trees are treated as unrooted
339 trees read from all_bs10.trees
index223
All output trees will be *arbitrarily* rooted at P0109B

======== Running the main analysis
Number of taxa: 243 (243 species)
Taxa: [Apet, WAIL, MAQO, KRJP, VYLQ, WPHN, YZRI, DHPO, P_012941, P_012795, P_012855, P_012827, P_007802, P_018637, P_012813, P_012921, P_012919, P_012797, P_012857, P_012901, P_012851, P_012887, P_012831, P_012905, P_012875, P_012883, P_012925, P_012815, P_012903, P_012841, P_012877, P_012913, P_012895, P_012891, P_012811, P_018689, P_012907, P_012897, P_012863, GAP_80291, P_012889, P_006418, P_012793, P_012917, P_012821, P_012911, GAP_80292, P_006419, GAP_80293, P_012893, P_012881, P_012873, P_012885, P_012859, GAP_80294, P_006420, P_012861, P_012843, P_012853, P_012803, P_012839, P_012909, P_012807, P_012845, P_012849, P_012871, P_012931, P_012933, P_012935, P_012865, GAP_80295, P_012927, PSJT, P_012915, P_012791, P_012823, P_012819, P_012835, P_012869, GAP_81172, P_012833, P_012801, P_012879, P_012809, P_012799, P_012825, P_012805, P_012829, P_012837, P_012937, P_006421, P_012939, P_012899, P_012817, P_012847, P_012923, P_012867, P2590, GAP_79804, P_011699, P_011527, GAP_80298, GAP_80297, P_011657, P_011643, P_011509, P_011651, P_011647, P_011637, P_007783, P_011551, P_007843, P_006414, P_011489, P_011487, P_011523, P_011501, P_011465, GAP_80393, GAP_80394, P_006411, P_011549, GAP_80395, P_014081, P0104A, P_008647, GAP_79862, P_019189, P_019197, GAP_80322, P0110C, P0110B, P0207A, P0207B, P0206H, P0206G, P0207C, XQWC, P2623, P_018691, P_011701, P_018639, P_016799, GAP_80397, OBPL, P_016797, P_006422, P_016795, P_016793, P_018693, P_016789, S27, P_018779, P_014099, S03, P_016791, P_016787, P_018645, P_018783, P_018695, CSSK, P_019185, P2589, OPDF, PAWA, Asie, QDVW, P_016909, P_018831, WZFE, GAP_81227, P_016921, Pcol, P_006410, GAP_81226, WKSU, SJEV, Wsal, P_019187, P_019193, P_008632, P_011671, P_011673, P_011735, P_011715, P_006413, P_011713, P_016813, WIGA, P_008646, GAP_80389, GAP_80390, P_006412, P_008640, P_011745, P_011739, P_011679, BCGB, ABSS, Dhai, KAYP, P_011705, P_011681, P_011537, P_011759, P_011675, P_008631, P_018635, P_011677, Schi, P_011531, P_011587, P_011631, P_014077, P_014083, P2619, P_019191, P2622, S08, S38, S02, P0203H, OSHQ, P0109B, GAP_80417, P_025525, P_011579, Msal, S04, P_007844, P_025527, P_011609, P_014095, P_011611, P_011709, P_011613, Sdec, P_025523, P_014073, P_007845, P_019199, P_011719, P_011607]
Taxon occupancy: {P_019193=209, P_019191=46, P_019197=248, OPDF=315, GAP_81172=305, P_018783=310, P_019199=18, Wsal=208, P_016921=312, WKSU=336, P_025523=15, P_025525=41, P_025527=20, P_014073=8, P0203H=136, P_014077=108, QDVW=325, P_011487=309, P_011489=314, P_016813=266, P_006421=298, P_006422=304, P_006420=120, P_006418=287, P_006419=288, P_006414=304, P_014081=132, P_014083=148, P_018689=296, P0206H=257, P0206G=238, Msal=282, P0109B=93, P_012901=295, P_006410=291, P_006411=282, P_012903=301, P_006412=307, P_006413=291, P_012905=309, P_012907=304, GAP_79862=277, PAWA=316, ABSS=333, P_012909=298, P_018691=111, GAP_80291=310, P_018695=299, P_014095=50, GAP_80293=300, GAP_80292=284, P_018693=292, GAP_80295=293, GAP_80294=282, P_014099=292, GAP_80297=300, GAP_80298=295, P_012911=303, P_011701=11, P_012913=242, P_012915=305, P_011705=101, P_012917=271, P_012919=248, P_011709=9, P_012881=297, P_011671=135, P_011551=100, MAQO=331, P_012883=301, P_011673=167, P_012885=287, GAP_80322=309, P_011675=252, P2590=228, P_012887=294, P_011677=166, P_012889=291, P_011679=181, P_008647=258, PSJT=322, P2589=229, P_012891=282, P_011681=133, P_012893=302, P_018637=279, P_012895=286, P_018635=229, P_012897=291, P0207C=271, P_012899=288, P0207B=281, P0207A=284, P_018639=212, P_008646=316, P_008640=315, BCGB=331, WZFE=329, P_018645=302, KRJP=328, KAYP=196, P_011699=57, P_011579=163, CSSK=317, P_008632=305, P_007783=257, P_016909=315, P_008631=51, P_019187=291, P_019185=271, Sdec=16, P_019189=238, P_012791=295, P_012793=292, P_012795=302, Asie=250, P_011465=313, P_018779=147, P_012797=299, P_011587=142, P_012799=300, GAP_80417=104, WIGA=319, P_007802=180, GAP_79804=197, P_012841=294, P_011631=160, P_012843=308, Pcol=215, P_012845=297, P_012847=286, P_011637=296, P_011759=215, P_012849=280, Apet=139, OBPL=331, P0110C=245, P0110B=166, P_018831=289, YZRI=330, P_012851=296, P_012853=297, P_011643=313, P_011523=315, P_012855=265, P_012857=294, P_011647=232, P_011527=150, P_012859=281, WAIL=334, P_016789=304, P_012861=288, P_011651=227, P_016787=302, P_011531=177, P_012863=303, P_012865=287, Schi=205, P_012867=296, P_011657=220, P_011537=161, P_012869=289, P_016793=301, P_016791=310, P_016797=311, SJEV=326, P_016795=293, P_012871=278, P_012873=296, P_016799=307, P_012875=295, P_012877=289, P_012879=296, P_011549=241, P_007844=122, P_007845=7, S02=178, P_012921=224, S04=31, P_012801=300, S03=263, P_012923=279, P_011713=118, P_012803=301, P_012925=295, P_011715=205, S08=120, P_012805=287, P_007843=210, P_012927=294, P_012807=293, P_011719=3, P_012809=294, VYLQ=330, DHPO=332, GAP_80390=272, P2622=168, P2623=55, GAP_80394=314, XQWC=334, GAP_80393=325, GAP_80395=315, GAP_80397=317, P_012931=291, P_012811=296, WPHN=326, P_012933=267, P_012813=274, P_012935=281, P_012815=289, P_012937=304, P_012817=295, P_011607=3, P_012939=279, P_012819=291, P_011609=107, P2619=115, OSHQ=324, GAP_80389=277, P_012941=305, P_012821=300, P_011611=40, P_012823=303, P_011613=21, P_011735=298, P_012825=296, S27=161, P_012827=224, P_011739=206, P_012829=192, Dhai=311, P0104A=208, P_012831=284, P_011501=318, P_012833=290, GAP_81226=308, GAP_81227=323, P_011745=224, P_012835=298, S38=33, P_012837=302, P_012839=284, P_011509=314}
Number of gene trees: 339
339 trees have missing taxa
Calculating quartet distance matrix (for completion of X)
Species tree distances calculated ...
Will attempt to complete bipartitions from X before adding using a distance matrix.
Building set of clusters (X) from gene trees 
------------------------------
gradient0: 34883
Number of Clusters after addition by distance: 34883
calculating extra bipartitions to be added at level 1 ...
Adding to X using resolutions of greedy consensus ...
Limit for sigma of degrees:6125
polytomy size limit : 21
discarded polytomies:  [3, 3, 3, 3, 3, 3, 3, 3, 3, 3, 3, 3, 3, 4, 4, 4, 4, 4, 4, 4, 4, 4, 4, 4, 4, 4, 5, 5, 5, 6, 6, 6, 6, 7, 8, 11, 12, 13, 14, 21]
Threshold 0.0:
Threshold 0.01:
Threshold 0.02:
Threshold 0.05:
polytomy of size 3; rounds with additions with at least 5 support: 0; clusters: 34883
polytomy of size 3; rounds with additions with at least 5 support: 0; clusters: 34883
Threshold 0.1:
polytomy of size 4; rounds with additions with at least 5 support: 0; clusters: 34883
polytomy of size 3; rounds with additions with at least 5 support: 0; clusters: 34883
polytomy of size 8; rounds with additions with at least 5 support: 0; clusters: 34887
polytomy of size 3; rounds with additions with at least 5 support: 0; clusters: 34887
polytomy of size 3; rounds with additions with at least 5 support: 0; clusters: 34887
polytomy of size 4; rounds with additions with at least 5 support: 0; clusters: 34887
Threshold 0.2:
polytomy of size 3; rounds with additions with at least 5 support: 0; clusters: 34887
polytomy of size 4; rounds with additions with at least 5 support: 0; clusters: 34887
polytomy of size 5; rounds with additions with at least 5 support: 0; clusters: 34887
polytomy of size 6; rounds with additions with at least 5 support: 0; clusters: 34887
polytomy of size 12; rounds with additions with at least 5 support: 0; clusters: 34887
polytomy of size 4; rounds with additions with at least 5 support: 0; clusters: 34887
polytomy of size 4; rounds with additions with at least 5 support: 0; clusters: 34887
polytomy of size 4; rounds with additions with at least 5 support: 0; clusters: 34887
polytomy of size 4; rounds with additions with at least 5 support: 0; clusters: 34887
polytomy of size 6; rounds with additions with at least 5 support: 0; clusters: 34889
polytomy of size 11; rounds with additions with at least 5 support: 0; clusters: 34889
Threshold 0.3333333333333333:
polytomy of size 3; rounds with additions with at least 5 support: 0; clusters: 34889
polytomy of size 3; rounds with additions with at least 5 support: 0; clusters: 34889
polytomy of size 5; rounds with additions with at least 5 support: 0; clusters: 34889
polytomy of size 7; rounds with additions with at least 5 support: 0; clusters: 34889
polytomy of size 6; rounds with additions with at least 5 support: 0; clusters: 34889
polytomy of size 14; rounds with additions with at least 5 support: 0; clusters: 34889
polytomy of size 4; rounds with additions with at least 5 support: 0; clusters: 34889
polytomy of size 4; rounds with additions with at least 5 support: 0; clusters: 34889
polytomy of size 3; rounds with additions with at least 5 support: 0; clusters: 34889
polytomy of size 3; rounds with additions with at least 5 support: 0; clusters: 34889
polytomy of size 3; rounds with additions with at least 5 support: 0; clusters: 34889
polytomy of size 4; rounds with additions with at least 5 support: 0; clusters: 34889
polytomy of size 6; rounds with additions with at least 5 support: 0; clusters: 34889
polytomy of size 3; rounds with additions with at least 5 support: 0; clusters: 34889
polytomy of size 4; rounds with additions with at least 5 support: 0; clusters: 34889
polytomy of size 4; rounds with additions with at least 5 support: 0; clusters: 34889
polytomy of size 4; rounds with additions with at least 5 support: 0; clusters: 34889
polytomy of size 5; rounds with additions with at least 5 support: 0; clusters: 34889
polytomy of size 3; rounds with additions with at least 5 support: 0; clusters: 34889
polytomy of size 13; rounds with additions with at least 5 support: 0; clusters: 34895
polytomy of size 21; rounds with additions with at least 5 support: 0; clusters: 34909
max k is :0
Number of Clusters after addition by greedy: 34909
gradient0 in heuristiic: 34909
partitions formed in 23.16 secs
Dynamic Programming starting after 23.16 secs
Using tree-based weight calculation.
Using polytree-based weight calculation.
Polytree max score: 16159630675
Polytree building time: 0.252 seconds.
Number of quartet trees in the gene trees: 16159630675
Size of largest cluster: 243
Greedy score: 14577302014
estimationFactor: 1.10854742938579
Sub-optimal score: 15100262205
Calculated 100000 weights; time (seconds): 189
Total Number of elements weighted: 117295
Normalized score (portion of input quartet trees satisfied before correcting for multiple individuals): 0.9444929949799116
Optimization score: 15262657974
Optimal tree inferred in 225.858 secs.
(P_016789,(S27,(S04,(S38,(((P_014099,S03),(P_016791,(P_016787,S02))),((S08,P_014095),(P_018693,((P_016793,(P_006422,P_016795)),((P_016797,(P_007845,(OBPL,(P_016799,GAP_80397)))),(P_018691,(((P_018639,P_018779),(P_018695,(P_018645,P_018783))),((((P2623,P2622),(P0110C,(XQWC,(P0207A,(P0110B,(P0207C,(P0207B,(P0206H,P0206G)))))))),((DHPO,GAP_80322),((P_012941,P_012795),((P_012861,((P_012855,(P_012827,P_007802)),((P_018637,P_012813),(P_012921,P_012919)))),(((P_012797,(P_012841,((P_012877,P_012913),(P_012811,(P_012895,P_012891))))),((((P_012883,P_012925),(P_012857,(P_012815,P_012903))),(P_012875,((P_012831,P_012905),(P_012901,(P_012851,P_012887))))),(P_018689,((P_012885,(GAP_80294,P_006420)),(P_012859,(((P_012907,GAP_80291),(P_012881,P_012873)),((P_012897,(GAP_80293,P_012893)),((P_012911,(P_012917,P_012821)),(P_012889,((P_012863,P_006418),(P_012793,(GAP_80292,P_006419)))))))))))),((P_012867,((P_012899,P_012817),(P_012847,P_012923))),(P_012843,(((P_012937,(P_006421,P_012939)),(P_012803,(P_012853,(P_012829,P_012837)))),(((P_012801,(P_012879,P_012809)),(P_012839,(P_012805,(P_012825,(YZRI,P_012799))))),((P_012909,((P_012865,(P_012931,(P_012933,P_012935))),((P_012807,P_012845),(P_012849,P_012871)))),((GAP_81172,P_012833),((PSJT,(GAP_80295,P_012927)),((P_012915,P_012791),(P_012869,(P_012823,(P_012819,P_012835)))))))))))))))),(((P0203H,((P_016909,WZFE),(P0109B,(P_018831,OSHQ)))),(((SJEV,(P_019193,(Wsal,P_019187))),(P_016921,(WKSU,(GAP_81227,(Pcol,(P_006410,GAP_81226)))))),(((P_025527,(P_025525,P_025523)),(P_019189,((P_019197,PAWA),(Asie,QDVW)))),(((P2589,OPDF),(CSSK,P_019185)),((P_019191,P_019199),(GAP_80417,(P2590,GAP_79804))))))),(WPHN,(P_011613,(((P_011609,(P2619,Sdec)),(MAQO,(WAIL,(P_011527,((GAP_80298,P_014077),(GAP_80297,P_014083)))))),(((GAP_79862,P_011587),(P_014081,(P0104A,P_008647))),(((KRJP,(P_011549,GAP_80395)),((P_011643,(P_011657,(P_011509,P_011651))),((GAP_80393,GAP_80394),((P_011647,(P_011465,(P_011501,(P_011523,(P_011489,P_011487))))),((P_011637,P_011551),((P_011631,P_007844),(P_007843,(P_007783,P_006414)))))))),((P_011531,(P_011699,(P_006411,Schi))),(VYLQ,(P_018635,(P_008631,(P_011709,((P_011579,(P_008632,P_011671)),(P_011713,((P_011705,((KAYP,(BCGB,ABSS)),(WIGA,(Dhai,(Apet,Msal))))),(P_006413,((P_016813,(P_011679,((GAP_80389,GAP_80390),(P_008646,(P_006412,P_008640))))),((P_011673,((P_011537,P_011607),(P_011701,(P_011739,P_011677)))),(P_011759,((P_011681,P_011719),((P_011735,P_011675),(P_011715,(P_011745,(P_011611,P_014073)))))))))))))))))))))))))))))))))));
Final quartet score is: 15262657974
Final normalized quartet score is: 0.9444929949799116
You may want to ignore posterior probabilities and other statistics related to the following branch branch because the effective number of genes impacting it is only 2:
	{P_025525, P_025523}
You may want to ignore posterior probabilities and other statistics related to the following branch branch because the effective number of genes impacting it is only 11:
	{P_025525, P_025527, P_025523}
You may want to ignore posterior probabilities and other statistics related to the following branch branch because the effective number of genes impacting it is only 12:
	{P_019191, P_019199}
You may want to ignore posterior probabilities and other statistics related to the following branch branch because the effective number of genes impacting it is only 9:
	{P2619, Sdec}
You may want to ignore posterior probabilities and other statistics related to the following branch branch because the effective number of genes impacting it is only 3:
	{P_011537, P_011607}
You may want to ignore posterior probabilities and other statistics related to the following branch branch because the effective number of genes impacting it is only 5:
	{P_011739, P_011677}
You may want to ignore posterior probabilities and other statistics related to the following branch branch because the effective number of genes impacting it is only 7:
	{P_011701, P_011739, P_011677}
You may want to ignore posterior probabilities and other statistics related to the following branch branch because the effective number of genes impacting it is only 1:
	{P_011681, P_011719}
You may want to ignore posterior probabilities and other statistics related to the following branch branch because the effective number of genes impacting it is only 2:
	{P_011611, P_014073}
You may want to ignore posterior probabilities and other statistics related to the following branch branch because the effective number of genes impacting it is only 9:
	{Apet, P_011701, P_008632, P_011671, P_011673, P_011735, P_011715, P_006413, P_011713, P_016813, WIGA, P_008646, GAP_80389, GAP_80390, P_006412, P_008640, P_011745, P_011739, P_011679, BCGB, ABSS, Dhai, KAYP, P_011705, P_011681, P_011537, P_011759, P_011675, P_011677, P_011579, Msal, P_011611, P_014073, P_011719, P_011607}
You may want to ignore posterior probabilities and other statistics related to the following branch branch because the effective number of genes impacting it is only 2:
	{Apet, P_011701, P_008632, P_011671, P_011673, P_011735, P_011715, P_006413, P_011713, P_016813, WIGA, P_008646, GAP_80389, GAP_80390, P_006412, P_008640, P_011745, P_011739, P_011679, BCGB, ABSS, Dhai, KAYP, P_011705, P_011681, P_011537, P_011759, P_011675, P_011677, P_011579, Msal, P_011611, P_011709, P_014073, P_011719, P_011607}
You may want to ignore posterior probabilities and other statistics related to the following branch branch because the effective number of genes impacting it is only 18:
	{Apet, WAIL, MAQO, KRJP, VYLQ, P_011699, P_011527, GAP_80298, GAP_80297, P_011657, P_011643, P_011509, P_011651, P_011647, P_011637, P_007783, P_011551, P_007843, P_006414, P_011489, P_011487, P_011523, P_011501, P_011465, GAP_80393, GAP_80394, P_006411, P_011549, GAP_80395, P_014081, P0104A, P_008647, GAP_79862, P_011701, P_008632, P_011671, P_011673, P_011735, P_011715, P_006413, P_011713, P_016813, WIGA, P_008646, GAP_80389, GAP_80390, P_006412, P_008640, P_011745, P_011739, P_011679, BCGB, ABSS, Dhai, KAYP, P_011705, P_011681, P_011537, P_011759, P_011675, P_008631, P_018635, P_011677, Schi, P_011531, P_011587, P_011631, P_014077, P_014083, P2619, P_011579, Msal, P_007844, P_011609, P_011611, P_011709, P_011613, Sdec, P_014073, P_011719, P_011607}
You may want to ignore posterior probabilities and other statistics related to the following branch branch because the effective number of genes impacting it is only 7:
	{P_016799, GAP_80397, OBPL}
You may want to ignore posterior probabilities and other statistics related to the following branch branch because the effective number of genes impacting it is only 7:
	{P_016799, GAP_80397, OBPL, P_007845}
You may want to ignore posterior probabilities and other statistics related to the following branch branch because the effective number of genes impacting it is only 10:
	{P_016789, S27, S04}
Extended species tree:
(P0109B,((P_018831,OSHQ)72.08:0.8409902311794747,((P_016909,WZFE)82.97:1.3486900594617175,(P0203H,((((SJEV,(P_019193,(Wsal,P_019187)66.87:0.6878730070795568)76.76:1.0380825213727896)89.02:1.7757188495412595,(P_016921,(WKSU,(GAP_81227,(Pcol,(P_006410,GAP_81226)77.03:1.0496685250919051)73.05:0.8929479238209576)48.31:0.2513155095434569)47.43:0.2345729221190095)94.26:2.400639693276695)87.12:1.6231986097029543,(((P_025527,(P_025525,P_025523)100:0.6931471805599453)77.62:0.8174016836531708,(P_019189,((P_019197,PAWA)63.02:0.5821350545943546,(Asie,QDVW)98.93:3.805423534246829)42.05:0.13692801814038527)50.25:0.27041450933606226)33.2:0.0,(((P2589,OPDF)70.31:0.7983464716834631,(CSSK,P_019185)36.04:0.03927449254549147)83.82:1.3951462330305906,((P_019191,P_019199)74.91:0.7704312657944021,(GAP_80417,(P2590,GAP_79804)92.15:2.0161232769474933)72.89:0.8315814405667603)72.33:0.8283346474421249)86.65:1.5819093555064845)83.9:1.404096787266541)44.32:0.1773641430475791,((WPHN,(P_011613,(((P_011609,(P2619,Sdec)100:1.8971199848858815)91.86:1.9349629025572872,(MAQO,(WAIL,(P_011527,((GAP_80298,P_014077)39.11:0.084384344176616,(GAP_80297,P_014083)94.13:2.326235368793015)48.99:0.2611865029332709)54.64:0.3770336720685575)61.29:0.5383345399422002)83.95:1.389521217938158)42.09:0.13526896378041692,(((GAP_79862,P_011587)84.6:1.4218647962942947,(P_014081,(P0104A,P_008647)97.3:2.92673940206704)94.19:2.3164678048880503)78.74:1.127112011403232,(((KRJP,(P_011549,GAP_80395)85.62:1.5085442668469897)58.84:0.47735950322981,((P_011643,(P_011657,(P_011509,P_011651)75.18:0.9714008048438458)40.26:0.10642759680563953)82.32:1.3115196867100338,((GAP_80393,GAP_80394)69.11:0.7618037361796424,((P_011647,(P_011465,(P_011501,(P_011523,(P_011489,P_011487)39.1:0.08817755954445793)37.66:0.06495258268588779)66.7:0.6873248995748517)82.46:1.313368516421352)40.67:0.11307195349353405,((P_011637,P_011551)43.92:0.1640661382003115,((P_011631,P_007844)46.34:0.20645948401063388,(P_007843,(P_007783,P_006414)35.81:0.034835019245183986)49.9:0.27929019502957525)36.69:0.048263867675711086)47.62:0.23772221027468832)77.45:1.0727389600598394)36.75:0.050676085373960185)93.31:2.2560348954088276)81.87:1.287304942346231,((P_011531,(P_011699,(P_006411,Schi)77.4:1.008224735780876)53.42:0.33279561809392216)92.15:2.0720092737367155,(VYLQ,(P_018635,(P_008631,(P_011709,((P_011579,(P_008632,P_011671)41.49:0.12267112731929494)87.75:1.650067992416207,(P_011713,((P_011705,((KAYP,(BCGB,ABSS)60.68:0.5185411130742213)46.35:0.21202832616414471,(WIGA,(Dhai,(Apet,Msal)38.26:0.07100827503744982)41.98:0.1360419219315728)54.06:0.36794057000287655)48.16:0.2410311574402084)38.33:0.07016614912782128,(P_006413,((P_016813,(P_011679,((GAP_80389,GAP_80390)87.82:1.6692230883758632,(P_008646,(P_006412,P_008640)76.78:1.0418582341088467)48.46:0.25333898334183247)39.83:0.09756718037774471)42.12:0.1353223618061249)59.5:0.4908793140507998,((P_011673,((P_011537,P_011607)33.33:0.0,(P_011701,(P_011739,P_011677)96.23:0.900067896367268)55.42:0.22838995706015475)45.2:0.18643927444308067)35.24:0.024647310454370543,(P_011759,((P_011681,P_011719)99.5:0.28266953062823674,((P_011735,P_011675)83.19:1.355583195635606,(P_011715,(P_011745,(P_011611,P_014073)100:0.6931471805599453)51.81:0.2841273754314522)50.2:0.28495905439227764)43.75:0.16317305449838063)42.39:0.13812999895281952)43.46:0.16000588328273985)78.9:1.133490619127366)40.6:0.11225911775357843)52.03:0.324551171399707)35.68:0.029729332071273817)68.73:0.7361586085909739)97.83:1.5455014275770416)50:0.0)39.62:0.0845844509497019)61.38:0.5381799229796822)50.26:0.2891566898229024)71.18:0.8292157678116281)54.79:0.38355083641714544)41.96:0.13574482055008633)75.07:0.8392663142087445)37.08:0.023581976859789924)90.49:1.9155620030046188,((((P2623,P2622)48.72:0.243152084972649,(P0110C,(XQWC,(P0207A,(P0110B,(P0207C,(P0207B,(P0206H,P0206G)49.49:0.273135960762535)44.74:0.1843860132469538)37.39:0.0591833207599861)37.03:0.05336813990300081)56.57:0.4237520502360726)57.14:0.43630584319278604)90.8:1.919503217263684)59.01:0.47776729910895493,((DHPO,GAP_80322)91.19:1.990175805904379,((P_012941,P_012795)99.46:4.331815964836064,((P_012861,((P_012855,(P_012827,P_007802)92.54:2.10959814242519)83.44:1.3698747118237111,((P_018637,P_012813)67.67:0.7148022486472883,(P_012921,P_012919)96.68:2.8710485109470008)93.88:2.3283140046325816)96.24:2.7816539257542945)44.76:0.18495623209025217,(((P_012797,(P_012841,((P_012877,P_012913)87.94:1.6791041260656834,(P_012811,(P_012895,P_012891)55.87:0.4076717162047418)89.31:1.8005903373688432)90.23:1.887180874247062)54.07:0.36807423683274393)36.07:0.03983312001466623,((((P_012883,P_012925)96.75:2.9212953861387554,(P_012857,(P_012815,P_012903)83.62:1.3839015103541412)35.1:0.024472228887062325)39.43:0.09318558902513854,(P_012875,((P_012831,P_012905)55.61:0.40196357380245523,(P_012901,(P_012851,P_012887)97.02:2.9947011490232986)35.98:0.03828961915669291)46.94:0.22486682282620826)69.93:0.7870108023931506)65.76:0.658863346222316,(P_018689,((P_012885,(GAP_80294,P_006420)91.47:1.9663860163489737)34.55:0.015546718261853765,(P_012859,(((P_012907,GAP_80291)38.23:0.07308596731691758,(P_012881,P_012873)80.57:1.2152723112241741)37.31:0.058483229363718074,((P_012897,(GAP_80293,P_012893)92.85:2.1830296268972553)39.74:0.09732400610484356,((P_012911,(P_012917,P_012821)91.8:2.053149867477853)78.97:1.1374093247748036,(P_012889,((P_012863,P_006418)37.04:0.05388183331359521,(P_012793,(GAP_80292,P_006419)98.8:3.7421982015638853)48.13:0.2464819788536633)36.91:0.0517461691743286)36.22:0.040984644152387485)36.86:0.051295593140636274)34.09:0.008750085738778286)38.67:0.07996250761592326)35.31:0.02721122754459318)87.69:1.6613512901387475)81.76:1.2783865512022103)94.4:2.4227990414395224)92.85:2.1901433968795665,((P_012867,((P_012899,P_012817)87.26:1.6300111412655829,(P_012847,P_012923)97.89:3.2900787164217493)72.07:0.8607815732224608)97.7:3.231914695462465,(P_012843,(((P_012937,(P_006421,P_012939)88.39:1.7197859696029656)99.23:4.09441702385294,(P_012803,(P_012853,(P_012829,P_012837)82.71:1.3234024187173155)34.37:0.01372994132494191)50.17:0.2874050963822971)45.91:0.2059947294478549,(((P_012801,(P_012879,P_012809)98.91:3.8300592621526603)67.55:0.7124860395635781,(P_012839,(P_012805,(P_012825,(YZRI,P_012799)70.78:0.8160122010258678)40.72:0.11486619528789795)39.87:0.1005714194654256)68.42:0.7394308842904876)78.11:1.1021160316775909,((P_012909,((P_012865,(P_012931,(P_012933,P_012935)95.27:2.570013895439072)91.31:1.9984778327550983)55.01:0.38869355400692146,((P_012807,P_012845)57.54:0.4461182179825818,(P_012849,P_012871)90.36:1.8980304743781555)63.02:0.5833660342261268)94.97:2.518684394713311)37.58:0.06358431383669544,((GAP_81172,P_012833)97.42:3.1255640482549394,((PSJT,(GAP_80295,P_012927)46.5:0.21670493336038363)70.71:0.8141980858845721,((P_012915,P_012791)42.09:0.1382688552188233,(P_012869,(P_012823,(P_012819,P_012835)36.72:0.04996276652968206)71.33:0.8351672505892666)96.56:2.870351097078915)87.68:1.6656789012184554)41.37:0.1261797677800629)92.54:2.1507036940366633)86.88:1.6043227274456957)86.91:1.6069271984142701)40.47:0.1107677404401121)81.72:1.2777913584323988)79.73:1.1773786693045363)45.74:0.2029096965207089)81.59:1.271964210744337)98.25:3.474351645440025)58.4:0.46712716534396964)64.03:0.6113297983403986,(((P_018639,P_018779)57.36:0.4341741818888361,(P_018695,(P_018645,P_018783)44.92:0.18803543639181014)53.92:0.36414822470815034)55.83:0.40613506294966223,(P_018691,((P_016797,(P_007845,(OBPL,(P_016799,GAP_80397)59.21:0.48646661286525983)58.39:0.3091763111154061)51.39:0.1871068809900555)68.36:0.7381463571786671,((P_016793,(P_006422,P_016795)57.04:0.4340946355268417)61.84:0.5515523134095484,(P_018693,((S08,P_014095)82.16:1.2115072418398152,(((P_014099,S03)95.07:2.5306734799850625,(P_016791,(P_016787,S02)98.24:3.357170545909498)36.08:0.03984043264114259)35.22:0.026595501327627908,(S38,(S04,(S27,P_016789)63.89:0.5392366261650218)48.79:0.16338031863906444)65.32:0.5914358249184012)43.03:0.14953561652666675)63.81:0.5948619816143977)40.57:0.11190808491105543)46.18:0.21087094908090462)41.71:0.12696462759199723)39.11:0.08387672153476422)96.92:2.9818701207474474)93.59:2.295570172220941)68.89:0.7543417607292809)91.11:1.9407675690704542)81.16:1.232718295531787)65.49:0.6384958371119229));
Weight calculation took 190.033762577 secs
ASTRAL finished in 228.406 secs
