
================== ASTRAL ===================== 

This is ASTRAL version 5.7.7
Gene trees are treated as unrooted
339 trees read from all_bs10.trees
index223
All output trees will be *arbitrarily* rooted at P0109B

======== Running the main analysis
Number of taxa: 243 (243 species)
Taxa: [Apet, WAIL, MAQO, KRJP, VYLQ, WPHN, YZRI, DHPO, P_012941, P_012795, P_012855, P_012827, P_007802, P_018637, P_012813, P_012921, P_012919, P_012797, P_012857, P_012901, P_012851, P_012887, P_012831, P_012905, P_012875, P_012883, P_012925, P_012815, P_012903, P_012841, P_012877, P_012913, P_012895, P_012891, P_012811, P_018689, P_012907, P_012897, P_012863, GAP_80291, P_012889, P_006418, P_012793, P_012917, P_012821, P_012911, GAP_80292, P_006419, GAP_80293, P_012893, P_012881, P_012873, P_012885, P_012859, GAP_80294, P_006420, P_012861, P_012843, P_012853, P_012803, P_012839, P_012909, P_012807, P_012845, P_012849, P_012871, P_012931, P_012933, P_012935, P_012865, GAP_80295, P_012927, PSJT, P_012915, P_012791, P_012823, P_012819, P_012835, P_012869, GAP_81172, P_012833, P_012801, P_012879, P_012809, P_012799, P_012825, P_012805, P_012829, P_012837, P_012937, P_006421, P_012939, P_012899, P_012817, P_012847, P_012923, P_012867, P2590, GAP_79804, P_011699, P_011527, GAP_80298, GAP_80297, P_011657, P_011643, P_011509, P_011651, P_011647, P_011637, P_007783, P_011551, P_007843, P_006414, P_011489, P_011487, P_011523, P_011501, P_011465, GAP_80393, GAP_80394, P_006411, P_011549, GAP_80395, P_014081, P0104A, P_008647, GAP_79862, P_019189, P_019197, GAP_80322, P0110C, P0110B, P0207A, P0207B, P0206H, P0206G, P0207C, XQWC, P2623, P_018691, P_011701, P_018639, P_016799, GAP_80397, OBPL, P_016797, P_006422, P_016795, P_016793, P_018693, P_016789, S27, P_018779, P_014099, S03, P_016791, P_016787, P_018645, P_018783, P_018695, CSSK, P_019185, P2589, OPDF, PAWA, Asie, QDVW, P_016909, P_018831, WZFE, GAP_81227, P_016921, Pcol, P_006410, GAP_81226, WKSU, SJEV, Wsal, P_019187, P_019193, P_008632, P_011671, P_011673, P_011735, P_011715, P_006413, P_011713, P_016813, WIGA, P_008646, GAP_80389, GAP_80390, P_006412, P_008640, P_011745, P_011739, P_011679, BCGB, ABSS, Dhai, KAYP, P_011705, P_011681, P_011537, P_011759, P_011675, P_008631, P_018635, P_011677, Schi, P_011531, P_011587, P_011631, P_014077, P_014083, P2619, P_019191, P2622, S08, S38, S02, P0203H, OSHQ, P0109B, GAP_80417, P_025525, P_011579, Msal, S04, P_007844, P_025527, P_011609, P_014095, P_011611, P_011709, P_011613, Sdec, P_025523, P_014073, P_007845, P_019199, P_011719, P_011607]
Taxon occupancy: {P_019193=209, P_019191=46, P_019197=248, OPDF=315, GAP_81172=305, P_018783=310, P_019199=18, Wsal=208, P_016921=312, WKSU=336, P_025523=15, P_025525=41, P_025527=20, P_014073=8, P0203H=136, P_014077=108, QDVW=325, P_011487=309, P_011489=314, P_016813=266, P_006421=298, P_006422=304, P_006420=120, P_006418=287, P_006419=288, P_006414=304, P_014081=132, P_014083=148, P_018689=296, P0206H=257, P0206G=238, Msal=282, P0109B=93, P_012901=295, P_006410=291, P_006411=282, P_012903=301, P_006412=307, P_006413=291, P_012905=309, P_012907=304, GAP_79862=277, PAWA=316, ABSS=333, P_012909=298, P_018691=111, GAP_80291=310, P_018695=299, P_014095=50, GAP_80293=300, GAP_80292=284, P_018693=292, GAP_80295=293, GAP_80294=282, P_014099=292, GAP_80297=300, GAP_80298=295, P_012911=303, P_011701=11, P_012913=242, P_012915=305, P_011705=101, P_012917=271, P_012919=248, P_011709=9, P_012881=297, P_011671=135, P_011551=100, MAQO=331, P_012883=301, P_011673=167, P_012885=287, GAP_80322=309, P_011675=252, P2590=228, P_012887=294, P_011677=166, P_012889=291, P_011679=181, P_008647=258, PSJT=322, P2589=229, P_012891=282, P_011681=133, P_012893=302, P_018637=279, P_012895=286, P_018635=229, P_012897=291, P0207C=271, P_012899=288, P0207B=281, P0207A=284, P_018639=212, P_008646=316, P_008640=315, BCGB=331, WZFE=329, P_018645=302, KRJP=328, KAYP=196, P_011699=57, P_011579=163, CSSK=317, P_008632=305, P_007783=257, P_016909=315, P_008631=51, P_019187=291, P_019185=271, Sdec=16, P_019189=238, P_012791=295, P_012793=292, P_012795=302, Asie=250, P_011465=313, P_018779=147, P_012797=299, P_011587=142, P_012799=300, GAP_80417=104, WIGA=319, P_007802=180, GAP_79804=197, P_012841=294, P_011631=160, P_012843=308, Pcol=215, P_012845=297, P_012847=286, P_011637=296, P_011759=215, P_012849=280, Apet=139, OBPL=331, P0110C=245, P0110B=166, P_018831=289, YZRI=330, P_012851=296, P_012853=297, P_011643=313, P_011523=315, P_012855=265, P_012857=294, P_011647=232, P_011527=150, P_012859=281, WAIL=334, P_016789=304, P_012861=288, P_011651=227, P_016787=302, P_011531=177, P_012863=303, P_012865=287, Schi=205, P_012867=296, P_011657=220, P_011537=161, P_012869=289, P_016793=301, P_016791=310, P_016797=311, SJEV=326, P_016795=293, P_012871=278, P_012873=296, P_016799=307, P_012875=295, P_012877=289, P_012879=296, P_011549=241, P_007844=122, P_007845=7, S02=178, P_012921=224, S04=31, P_012801=300, S03=263, P_012923=279, P_011713=118, P_012803=301, P_012925=295, P_011715=205, S08=120, P_012805=287, P_007843=210, P_012927=294, P_012807=293, P_011719=3, P_012809=294, VYLQ=330, DHPO=332, GAP_80390=272, P2622=168, P2623=55, GAP_80394=314, XQWC=334, GAP_80393=325, GAP_80395=315, GAP_80397=317, P_012931=291, P_012811=296, WPHN=326, P_012933=267, P_012813=274, P_012935=281, P_012815=289, P_012937=304, P_012817=295, P_011607=3, P_012939=279, P_012819=291, P_011609=107, P2619=115, OSHQ=324, GAP_80389=277, P_012941=305, P_012821=300, P_011611=40, P_012823=303, P_011613=21, P_011735=298, P_012825=296, S27=161, P_012827=224, P_011739=206, P_012829=192, Dhai=311, P0104A=208, P_012831=284, P_011501=318, P_012833=290, GAP_81226=308, GAP_81227=323, P_011745=224, P_012835=298, S38=33, P_012837=302, P_012839=284, P_011509=314}
Number of gene trees: 339
339 trees have missing taxa
Calculating quartet distance matrix (for completion of X)
Species tree distances calculated ...
Will attempt to complete bipartitions from X before adding using a distance matrix.
Building set of clusters (X) from gene trees 
------------------------------
gradient0: 34883
Number of Clusters after addition by distance: 34883
calculating extra bipartitions to be added at level 1 ...
Adding to X using resolutions of greedy consensus ...
Limit for sigma of degrees:6125
polytomy size limit : 21
discarded polytomies:  [3, 3, 3, 3, 3, 3, 3, 3, 3, 3, 3, 3, 3, 4, 4, 4, 4, 4, 4, 4, 4, 4, 4, 4, 4, 4, 5, 5, 5, 6, 6, 6, 6, 7, 8, 11, 12, 13, 14, 21]
Threshold 0.0:
Threshold 0.01:
Threshold 0.02:
Threshold 0.05:
polytomy of size 3; rounds with additions with at least 5 support: 0; clusters: 34883
polytomy of size 3; rounds with additions with at least 5 support: 0; clusters: 34883
Threshold 0.1:
polytomy of size 4; rounds with additions with at least 5 support: 0; clusters: 34883
polytomy of size 3; rounds with additions with at least 5 support: 0; clusters: 34883
polytomy of size 8; rounds with additions with at least 5 support: 0; clusters: 34887
polytomy of size 3; rounds with additions with at least 5 support: 0; clusters: 34887
polytomy of size 3; rounds with additions with at least 5 support: 0; clusters: 34887
polytomy of size 4; rounds with additions with at least 5 support: 0; clusters: 34887
Threshold 0.2:
polytomy of size 3; rounds with additions with at least 5 support: 0; clusters: 34887
polytomy of size 4; rounds with additions with at least 5 support: 0; clusters: 34887
polytomy of size 5; rounds with additions with at least 5 support: 0; clusters: 34887
polytomy of size 6; rounds with additions with at least 5 support: 0; clusters: 34887
polytomy of size 12; rounds with additions with at least 5 support: 0; clusters: 34887
polytomy of size 4; rounds with additions with at least 5 support: 0; clusters: 34887
polytomy of size 4; rounds with additions with at least 5 support: 0; clusters: 34887
polytomy of size 4; rounds with additions with at least 5 support: 0; clusters: 34887
polytomy of size 4; rounds with additions with at least 5 support: 0; clusters: 34887
polytomy of size 6; rounds with additions with at least 5 support: 0; clusters: 34889
polytomy of size 11; rounds with additions with at least 5 support: 0; clusters: 34889
Threshold 0.3333333333333333:
polytomy of size 3; rounds with additions with at least 5 support: 0; clusters: 34889
polytomy of size 3; rounds with additions with at least 5 support: 0; clusters: 34889
polytomy of size 5; rounds with additions with at least 5 support: 0; clusters: 34889
polytomy of size 7; rounds with additions with at least 5 support: 0; clusters: 34889
polytomy of size 6; rounds with additions with at least 5 support: 0; clusters: 34889
polytomy of size 14; rounds with additions with at least 5 support: 0; clusters: 34889
polytomy of size 4; rounds with additions with at least 5 support: 0; clusters: 34889
polytomy of size 4; rounds with additions with at least 5 support: 0; clusters: 34889
polytomy of size 3; rounds with additions with at least 5 support: 0; clusters: 34889
polytomy of size 3; rounds with additions with at least 5 support: 0; clusters: 34889
polytomy of size 3; rounds with additions with at least 5 support: 0; clusters: 34889
polytomy of size 4; rounds with additions with at least 5 support: 0; clusters: 34889
polytomy of size 6; rounds with additions with at least 5 support: 0; clusters: 34889
polytomy of size 3; rounds with additions with at least 5 support: 0; clusters: 34889
polytomy of size 4; rounds with additions with at least 5 support: 0; clusters: 34889
polytomy of size 4; rounds with additions with at least 5 support: 0; clusters: 34889
polytomy of size 4; rounds with additions with at least 5 support: 0; clusters: 34889
polytomy of size 5; rounds with additions with at least 5 support: 0; clusters: 34889
polytomy of size 3; rounds with additions with at least 5 support: 0; clusters: 34889
polytomy of size 13; rounds with additions with at least 5 support: 0; clusters: 34895
polytomy of size 21; rounds with additions with at least 5 support: 0; clusters: 34909
max k is :0
Number of Clusters after addition by greedy: 34909
gradient0 in heuristiic: 34909
partitions formed in 22.339 secs
Dynamic Programming starting after 22.34 secs
Using tree-based weight calculation.
Using polytree-based weight calculation.
Polytree max score: 16159630675
Polytree building time: 0.26 seconds.
Number of quartet trees in the gene trees: 16159630675
Size of largest cluster: 243
Greedy score: 14577302014
estimationFactor: 1.10854742938579
Sub-optimal score: 15100262205
Calculated 100000 weights; time (seconds): 190
Total Number of elements weighted: 117295
Normalized score (portion of input quartet trees satisfied before correcting for multiple individuals): 0.9444929949799116
Optimization score: 15262657974
Optimal tree inferred in 227.386 secs.
(P_016789,(S27,(S04,(S38,(((P_014099,S03),(P_016791,(P_016787,S02))),((S08,P_014095),(P_018693,((P_016793,(P_006422,P_016795)),((P_016797,(P_007845,(OBPL,(P_016799,GAP_80397)))),(P_018691,(((P_018639,P_018779),(P_018695,(P_018645,P_018783))),((((P2623,P2622),(P0110C,(XQWC,(P0207A,(P0110B,(P0207C,(P0207B,(P0206H,P0206G)))))))),((DHPO,GAP_80322),((P_012941,P_012795),((P_012861,((P_012855,(P_012827,P_007802)),((P_018637,P_012813),(P_012921,P_012919)))),(((P_012797,(P_012841,((P_012877,P_012913),(P_012811,(P_012895,P_012891))))),((((P_012883,P_012925),(P_012857,(P_012815,P_012903))),(P_012875,((P_012831,P_012905),(P_012901,(P_012851,P_012887))))),(P_018689,((P_012885,(GAP_80294,P_006420)),(P_012859,(((P_012907,GAP_80291),(P_012881,P_012873)),((P_012897,(GAP_80293,P_012893)),((P_012911,(P_012917,P_012821)),(P_012889,((P_012863,P_006418),(P_012793,(GAP_80292,P_006419)))))))))))),((P_012867,((P_012899,P_012817),(P_012847,P_012923))),(P_012843,(((P_012937,(P_006421,P_012939)),(P_012803,(P_012853,(P_012829,P_012837)))),(((P_012801,(P_012879,P_012809)),(P_012839,(P_012805,(P_012825,(YZRI,P_012799))))),((P_012909,((P_012865,(P_012931,(P_012933,P_012935))),((P_012807,P_012845),(P_012849,P_012871)))),((GAP_81172,P_012833),((PSJT,(GAP_80295,P_012927)),((P_012915,P_012791),(P_012869,(P_012823,(P_012819,P_012835)))))))))))))))),(((P0203H,((P_016909,WZFE),(P0109B,(P_018831,OSHQ)))),(((SJEV,(P_019193,(Wsal,P_019187))),(P_016921,(WKSU,(GAP_81227,(Pcol,(P_006410,GAP_81226)))))),(((P_025527,(P_025525,P_025523)),(P_019189,((P_019197,PAWA),(Asie,QDVW)))),(((P2589,OPDF),(CSSK,P_019185)),((P_019191,P_019199),(GAP_80417,(P2590,GAP_79804))))))),(WPHN,(P_011613,(((P_011609,(P2619,Sdec)),(MAQO,(WAIL,(P_011527,((GAP_80298,P_014077),(GAP_80297,P_014083)))))),(((GAP_79862,P_011587),(P_014081,(P0104A,P_008647))),(((KRJP,(P_011549,GAP_80395)),((P_011643,(P_011657,(P_011509,P_011651))),((GAP_80393,GAP_80394),((P_011647,(P_011465,(P_011501,(P_011523,(P_011489,P_011487))))),((P_011637,P_011551),((P_011631,P_007844),(P_007843,(P_007783,P_006414)))))))),((P_011531,(P_011699,(P_006411,Schi))),(VYLQ,(P_018635,(P_008631,(P_011709,((P_011579,(P_008632,P_011671)),(P_011713,((P_011705,((KAYP,(BCGB,ABSS)),(WIGA,(Dhai,(Apet,Msal))))),(P_006413,((P_016813,(P_011679,((GAP_80389,GAP_80390),(P_008646,(P_006412,P_008640))))),((P_011673,((P_011537,P_011607),(P_011701,(P_011739,P_011677)))),(P_011759,((P_011681,P_011719),((P_011735,P_011675),(P_011715,(P_011745,(P_011611,P_014073)))))))))))))))))))))))))))))))))));
Final quartet score is: 15262657974
Final normalized quartet score is: 0.9444929949799116
You may want to ignore posterior probabilities and other statistics related to the following branch branch because the effective number of genes impacting it is only 2:
	{P_025525, P_025523}
You may want to ignore posterior probabilities and other statistics related to the following branch branch because the effective number of genes impacting it is only 11:
	{P_025525, P_025527, P_025523}
You may want to ignore posterior probabilities and other statistics related to the following branch branch because the effective number of genes impacting it is only 12:
	{P_019191, P_019199}
You may want to ignore posterior probabilities and other statistics related to the following branch branch because the effective number of genes impacting it is only 9:
	{P2619, Sdec}
You may want to ignore posterior probabilities and other statistics related to the following branch branch because the effective number of genes impacting it is only 3:
	{P_011537, P_011607}
You may want to ignore posterior probabilities and other statistics related to the following branch branch because the effective number of genes impacting it is only 5:
	{P_011739, P_011677}
You may want to ignore posterior probabilities and other statistics related to the following branch branch because the effective number of genes impacting it is only 7:
	{P_011701, P_011739, P_011677}
You may want to ignore posterior probabilities and other statistics related to the following branch branch because the effective number of genes impacting it is only 1:
	{P_011681, P_011719}
You may want to ignore posterior probabilities and other statistics related to the following branch branch because the effective number of genes impacting it is only 2:
	{P_011611, P_014073}
You may want to ignore posterior probabilities and other statistics related to the following branch branch because the effective number of genes impacting it is only 9:
	{Apet, P_011701, P_008632, P_011671, P_011673, P_011735, P_011715, P_006413, P_011713, P_016813, WIGA, P_008646, GAP_80389, GAP_80390, P_006412, P_008640, P_011745, P_011739, P_011679, BCGB, ABSS, Dhai, KAYP, P_011705, P_011681, P_011537, P_011759, P_011675, P_011677, P_011579, Msal, P_011611, P_014073, P_011719, P_011607}
You may want to ignore posterior probabilities and other statistics related to the following branch branch because the effective number of genes impacting it is only 2:
	{Apet, P_011701, P_008632, P_011671, P_011673, P_011735, P_011715, P_006413, P_011713, P_016813, WIGA, P_008646, GAP_80389, GAP_80390, P_006412, P_008640, P_011745, P_011739, P_011679, BCGB, ABSS, Dhai, KAYP, P_011705, P_011681, P_011537, P_011759, P_011675, P_011677, P_011579, Msal, P_011611, P_011709, P_014073, P_011719, P_011607}
You may want to ignore posterior probabilities and other statistics related to the following branch branch because the effective number of genes impacting it is only 18:
	{Apet, WAIL, MAQO, KRJP, VYLQ, P_011699, P_011527, GAP_80298, GAP_80297, P_011657, P_011643, P_011509, P_011651, P_011647, P_011637, P_007783, P_011551, P_007843, P_006414, P_011489, P_011487, P_011523, P_011501, P_011465, GAP_80393, GAP_80394, P_006411, P_011549, GAP_80395, P_014081, P0104A, P_008647, GAP_79862, P_011701, P_008632, P_011671, P_011673, P_011735, P_011715, P_006413, P_011713, P_016813, WIGA, P_008646, GAP_80389, GAP_80390, P_006412, P_008640, P_011745, P_011739, P_011679, BCGB, ABSS, Dhai, KAYP, P_011705, P_011681, P_011537, P_011759, P_011675, P_008631, P_018635, P_011677, Schi, P_011531, P_011587, P_011631, P_014077, P_014083, P2619, P_011579, Msal, P_007844, P_011609, P_011611, P_011709, P_011613, Sdec, P_014073, P_011719, P_011607}
You may want to ignore posterior probabilities and other statistics related to the following branch branch because the effective number of genes impacting it is only 7:
	{P_016799, GAP_80397, OBPL}
You may want to ignore posterior probabilities and other statistics related to the following branch branch because the effective number of genes impacting it is only 7:
	{P_016799, GAP_80397, OBPL, P_007845}
You may want to ignore posterior probabilities and other statistics related to the following branch branch because the effective number of genes impacting it is only 10:
	{P_016789, S27, S04}
61.997580029237845 21.999456488263583 2.019817415082836 86.01685393258427 7.449367319696176E-15
251.96386722429503 31.438807246539856 20.289141949179207 303.6918164200141 5.765680395054587E-74
117.01541100580627 31.98410932311105 25.988918977441067 174.9884393063584 5.024030441034377E-20
156.9859895411406 21.517299159822525 25.999618275781067 204.5029069767442 1.879107034109988E-38
258.1998969987265 18.699290217806087 13.16400697202344 290.06319418855605 1.2208980233432506E-88
160.9874623920348 23.98186352379343 24.024138136459396 208.9934640522876 1.0146527489473253E-39
153.3958131911424 36.95120982396795 19.641081158387234 209.9881041734976 1.4731745380931173E-33
146.8639120202953 118.64540590394887 38.51537493618542 304.0246928604296 2.8870951379238083E-14
146.19514582972826 130.61254496774467 31.451038705076343 308.2587295025493 4.242036949346678E-17
287.1379247103061 8.936197243660416 8.5347934138741 304.6089153678406 3.1142140890951462E-111
276.58746301492334 14.845562361225701 26.036762416227212 317.4697877923762 1.3080335041996377E-90
2.0 0.0 0.0 2.0 0.1353352832366126
Not enough genes
Cannot perform polytomy test with effective N (after polytomies) 2.0:
	(P_025525,P_025523):0.6931471805599453;
7.7559127641710575 0.07027123109141925 2.165522437937908 9.991706433200385 0.008742910673477527
Not enough genes
Cannot perform polytomy test with effective N (after polytomies) 9.991706433200385:
	(P_025527,(P_025525,P_025523):0.6931471805599453):0.8174016836531708;
147.72976145208267 69.4059213818956 17.278783925782097 234.41446675976036 1.087032320550828E-24
233.48453608247422 0.004784688995215311 2.5106792285305577 236.0 5.610381320719319E-100
94.60671810222732 46.041905490626974 84.33470975829046 224.98333335114472 1.6087932643979157E-4
22.096208530490983 11.5467725252146 10.33280212754095 43.975783183246534 0.0575294335169629
17.41053597937388 21.352478160984827 13.684926520548293 52.447940660907 0.43130786781172237
153.98935832290897 29.568444349207837 35.44219732788319 219.0 4.804606722178755E-30
92.98328749233734 92.47340807096391 72.54330443669876 258.0 0.2059823173547439
205.80356102830044 22.359243743858492 17.366944521626376 245.5297492937853 6.493704523410335E-62
8.988950276243095 1.3333333333333333 1.6777163904235728 12.0 0.009332828561298715
Not enough genes
Cannot perform polytomy test with effective N (after polytomies) 12.0:
	(P_019191,P_019199):0.7704312657944021;
82.00975609756097 5.0 1.9902439024390244 89.0 7.68460790744052E-31
26.970873786407765 3.0 7.029126213592233 37.0 1.5797523057712593E-6
35.42975128021277 11.818798136472244 1.7358661677305744 48.98441558441559 1.1100907998034276E-8
208.62599524853675 8.906987219033535 23.227437821614235 240.76042028918454 6.886455524209595E-68
259.33158214256423 22.178950591163858 27.593016667471332 309.1035494011994 5.532785949793292E-78
131.7556838225057 105.90613934937461 59.64157162814342 297.30339480002374 1.4134218149783728E-6
9.0 0.0 0.0 9.0 1.2340980408667962E-4
Not enough genes
Cannot perform polytomy test with effective N (after polytomies) 9.0:
	(P2619,Sdec):1.8971199848858815;
55.78207078137009 2.606216233100928 2.337100187661956 60.72538720213297 4.723436922725323E-21
40.0826823956902 29.482940801665517 32.9319513464805 102.49757454383622 0.4250502820041254
136.490007415619 2.2602468370100484 6.245301913762726 144.99555616639176 3.8703186306270814E-53
71.16045179203716 37.99141168926061 36.09574417420461 145.24760765550238 3.2483633643349673E-4
80.39876033766998 46.73605689721294 20.000670186500667 147.13548742138357 7.74450481014009E-9
186.68603172595954 10.7255955661822 107.20338870667878 304.6150159988205 6.161804882509606E-34
123.67210588279549 9.448269945316207 14.190589845456255 147.31096567356795 1.1639520347998349E-37
54.76849592998969 54.192790793944965 21.164404164020816 130.12569088795547 1.9707866301791151E-4
103.66430037517587 6.838104935388031 12.031371594707846 122.53377690527175 2.869897282606449E-32
108.0 0.0 3.0 111.0 3.947513714985457E-45
114.5177751294401 5.052551973363651 2.0065789473684212 121.57690605017217 9.368585843823869E-45
181.2255202858307 21.907386808214888 27.01570940310026 230.14861649714584 3.8879414209911117E-47
198.95103480823704 17.271530007251446 16.14776123298576 232.37032604847425 8.432426963029533E-63
174.5594118417928 108.47864271592995 13.648287746536127 296.6863423042589 1.867395388010985E-29
136.05301541956305 24.109943887132346 20.815691356103702 180.9786506627991 1.0417876484289808E-31
82.56152143445857 69.14044011701944 53.37217122549571 205.07413277697373 0.0440368267084536
237.68188184133294 28.71247678783936 22.322701613177646 288.71706024234993 1.7513407599147589E-68
202.93227996783543 41.995591371864215 48.696001093013585 293.6238724327132 1.6571248017198935E-37
107.91696026137534 91.14374317691477 76.93273680268209 275.9934402409722 0.07318503270153856
107.66981254978302 96.18337555880248 82.06834771941699 285.9215358280025 0.1781176157665672
192.53040575722886 54.24115013150127 41.86969853600507 288.64125442473517 2.638691273797898E-32
173.0394216883575 18.937352588987167 17.860532618254936 209.83730689559957 3.196842991735454E-50
80.0878444054985 62.257044351266664 54.59393818292182 196.93882693968698 0.0738002765465852
38.49398760315387 21.723932106762888 27.43512875151611 87.65304846143286 0.0830810144943012
37.34880332828843 25.955369177500213 17.297979229772714 80.60215173556136 0.02318744101101149
64.82805543908589 60.05996578003333 56.133065104816495 181.02108632393572 0.7303639936435747
76.8519223986834 25.521976349501536 51.636245667265314 154.01014441545024 2.6735449065489442E-6
63.43104205177909 50.746268293473236 58.72780438990947 172.9051147351618 0.4899360143912097
123.03837759150628 61.88633692060477 73.43895662985065 258.36367114196173 4.755320503095338E-6
231.7317454708046 24.19912976309876 43.25800762864213 299.1888828625455 4.9574235970923714E-58
110.13688177615697 83.67705754941422 105.88003988995338 299.69397921552456 0.1325555223079432
294.18028423526135 9.753639882605636 11.33569888972911 315.26962300759607 1.4996663789419811E-111
246.7286952795368 31.451178059527564 23.187096866858173 301.3669702059225 3.5620949177401054E-70
34.054015837104075 3.0048076923076925 6.9411764705882355 44.0 3.4506303579753816E-9
22.970443349753694 16.529556650246306 3.5 43.0 0.0010441372547794472
153.97676575627668 6.902487088364123 6.209394696833143 167.08864754147393 3.244995280682458E-57
36.91410424452583 30.0520425119435 22.003084012761434 88.96923076923076 0.1528580310266461
139.44110923860464 9.834850131303435 9.638074934640382 158.91403430454844 1.0561237542988112E-46
97.2655149345515 37.73841529808985 25.278869620713397 160.28279985335476 9.300741238714898E-13
75.15121402785043 45.232015685681496 41.7388029497861 162.12203266331804 0.0019470479523870524
40.54119023334831 38.225003122716004 27.19402632779284 105.96021968385716 0.23689587155619016
102.08353675350554 78.1863682951072 62.87355835488141 243.14346340349414 0.008082125736374093
145.97402647710328 54.55336089380061 69.51710550278445 270.04449287368834 2.50472184446429E-12
41.684548350075545 36.39310756486002 8.472502732651364 86.55015864758693 1.608654430368341E-5
30.30289085221526 22.895028804541884 25.860995241916502 79.05891489867365 0.5900907935682826
202.50845229554 14.771632645259192 13.31578563144457 230.59587057224377 1.2650408800680682E-67
198.37119972345087 33.78959250537992 26.21543510714952 258.37622733598033 1.899381626012233E-48
111.97329243713473 55.448594994886804 63.63259336295334 231.0544807949749 5.47209465272865E-6
53.22375673387042 50.15572696119373 30.2599930848694 133.63947677993355 0.030525539676535342
50.340943776388706 48.74027531659059 20.43513888796082 119.51635798094011 8.217710788640677E-4
114.08884744878648 34.62994164643071 43.01794562723281 191.73673472245 1.120396913540104E-13
1.0 1.0 1.0 3.0 1.0
Not enough genes
Cannot perform polytomy test with effective N (after polytomies) 3.0:
	(P_011537,P_011607):0.0;
3.0068027210884356 0.04215625644197073 0.07575757575757576 3.124716553287982 0.06196053649507104
Not enough genes
Cannot perform polytomy test with effective N (after polytomies) 3.124716553287982:
	(P_011739,P_011677):0.900067896367268;
3.0710659898477157 2.452902379225802 0.017766497461928935 5.541734866535447 0.2439900520174445
Not enough genes
Cannot perform polytomy test with effective N (after polytomies) 5.541734866535447:
	(P_011701,(P_011739,P_011677):0.900067896367268):0.22838995706015475;
38.48573407113976 28.94232833288671 17.72232226204453 85.15038466607099 0.022247440468361426
43.213304106055254 47.52473569269487 31.88252850955146 122.62056830830159 0.20250025310756986
0.9949748743718593 0.005025125628140704 0.0 1.0 0.373439085486007
Not enough genes
Cannot perform polytomy test with effective N (after polytomies) 1.0:
	(P_011681,P_011719):0.28266953062823674;
181.04962890618145 17.47905741513264 19.094535886922056 217.62322220823614 1.3443093157024702E-53
2.0 0.0 0.0 2.0 0.1353352832366126
Not enough genes
Cannot perform polytomy test with effective N (after polytomies) 2.0:
	(P_011611,P_014073):0.6931471805599453;
12.986022923889166 6.9719430517855905 5.10689743583046 25.064863411505215 0.13142770928419806
73.49630438321041 38.857496817832605 34.04071243665841 146.39451363770144 7.528863222571324E-5
49.937624227235034 51.10312275000208 13.101464538853893 114.14221151609101 4.662971645921482E-6
38.776837420713555 38.78747659091785 13.906133286902952 91.47044729853437 0.0011532071088182789
69.96623356613664 49.76229802962158 41.26503491666211 160.99356651242033 0.01741623940423634
173.9621481991107 23.781662900186124 22.75259299029445 220.49640408959127 1.8634595649075056E-45
88.48085822354038 56.222560768250666 73.24090871780355 217.94432770959457 0.027748305081359042
123.76878279882196 45.71067158738914 68.41082993608444 237.89028432229554 1.4810341529237829E-9
32.26546058435343 32.06570156756944 26.10836952611935 90.43953167804221 0.6663006660634507
70.75485645394917 18.93124538410626 13.258178764443084 102.94428060249852 1.966648873213409E-13
6.970770487682252 0.04040849673202614 0.11455605832076421 7.125735042735043 0.0012696644443667261
Not enough genes
Cannot perform polytomy test with effective N (after polytomies) 7.125735042735043:
	((P_011579,(P_008632,P_011671):0.12267112731929494):1.650067992416207,(P_011713,((P_011705,((KAYP,(BCGB,ABSS):0.5185411130742213):0.21202832616414471,(WIGA,(Dhai,(Apet,Msal):0.07100827503744982):0.1360419219315728):0.36794057000287655):0.2410311574402084):0.07016614912782128,(P_006413,((P_016813,(P_011679,((GAP_80389,GAP_80390):1.6692230883758632,(P_008646,(P_006412,P_008640):1.0418582341088467):0.25333898334183247):0.09756718037774471):0.1353223618061249):0.4908793140507998,((P_011673,((P_011537,P_011607):0.0,(P_011701,(P_011739,P_011677):0.900067896367268):0.22838995706015475):0.18643927444308067):0.024647310454370543,(P_011759,((P_011681,P_011719):0.28266953062823674,((P_011735,P_011675):1.355583195635606,(P_011715,(P_011745,(P_011611,P_014073):0.6931471805599453):0.2841273754314522):0.28495905439227764):0.16317305449838063):0.13812999895281952):0.16000588328273985):1.133490619127366):0.11225911775357843):0.324551171399707):0.029729332071273817):0.7361586085909739):1.5455014275770416;
1.0 0.9940828402366864 0.005917159763313609 2.0 0.6119058920068069
Not enough genes
Cannot perform polytomy test with effective N (after polytomies) 2.0:
	(P_011709,((P_011579,(P_008632,P_011671):0.12267112731929494):1.650067992416207,(P_011713,((P_011705,((KAYP,(BCGB,ABSS):0.5185411130742213):0.21202832616414471,(WIGA,(Dhai,(Apet,Msal):0.07100827503744982):0.1360419219315728):0.36794057000287655):0.2410311574402084):0.07016614912782128,(P_006413,((P_016813,(P_011679,((GAP_80389,GAP_80390):1.6692230883758632,(P_008646,(P_006412,P_008640):1.0418582341088467):0.25333898334183247):0.09756718037774471):0.1353223618061249):0.4908793140507998,((P_011673,((P_011537,P_011607):0.0,(P_011701,(P_011739,P_011677):0.900067896367268):0.22838995706015475):0.18643927444308067):0.024647310454370543,(P_011759,((P_011681,P_011719):0.28266953062823674,((P_011735,P_011675):1.355583195635606,(P_011715,(P_011745,(P_011611,P_014073):0.6931471805599453):0.2841273754314522):0.28495905439227764):0.16317305449838063):0.13812999895281952):0.16000588328273985):1.133490619127366):0.11225911775357843):0.324551171399707):0.029729332071273817):0.7361586085909739):1.5455014275770416):0.0;
17.43745918806751 13.720584628197468 12.85300590749193 44.01104972375691 0.6674610982466115
125.96925587608146 53.14198789104552 26.127479586779522 205.2387233539065 1.1736708124292438E-17
132.95843782619295 97.18374980488159 34.38342788658643 264.525615517661 5.435621354791956E-13
184.0387778001075 34.51601686308039 39.99384252684804 258.54863719003595 5.906947946878638E-37
134.81101472055914 47.23648265739149 63.99106852871524 246.03856590666587 3.605826538740742E-12
104.67803224631476 118.73586148686877 26.03814140587895 249.45203513906247 9.216151320748281E-14
13.797149412185254 3.350155367324003 1.23121085054133 18.378515630050586 6.191122446212893E-4
5.903576570638521 4.973570004179695 5.044813520909204 15.921960095727421 0.9507735190925745
264.9244336345933 15.652799592513757 12.186809508239154 292.7640427353462 3.355194160057927E-94
23.325554115061525 21.9860758044102 2.565147331713112 47.87677725118484 2.1202416226984616E-4
107.91098595997806 43.0271064903708 67.09321849573115 218.03131094608 3.723820037602233E-7
107.8406553959749 81.60326373548214 51.573656305754014 241.01757543721106 5.1867495071883184E-5
60.57615061565985 44.60331409623654 56.81562483531369 161.99508954721009 0.2748749182538441
59.70022858093533 57.314144072688904 44.22360297882648 161.2379756324507 0.27476963063754456
154.084600036285 75.83455436912722 42.469913568369876 272.38906797378206 1.995048781899892E-16
137.14185453112353 97.63526262098488 5.222882847891633 240.00000000000006 1.3044830687900405E-25
140.46168177145893 2.1156970535233977 12.108263442376177 154.6856422673585 7.323279303892406E-51
97.16554768517386 25.235207638977617 42.253678667076336 164.65443399122782 6.57591313374318E-12
274.1193504851883 19.592150984836533 6.8878520749607945 300.5993535449856 3.143832809220931E-99
290.9046234772979 0.15891472868217055 1.4126522702104096 292.4761904761905 1.0393715255994017E-125
136.03304593357336 2.984375 7.9825790664266165 147.0 3.913032761123142E-51
181.4804484035737 13.833333333333332 22.18621826309295 217.49999999999997 3.4425007233403335E-54
159.01510075630677 43.48982640779048 32.48994974874372 234.99487691284097 5.793634232671856E-28
203.99494949494948 3.005050505050505 4.0 211.0 1.8274644122519968E-83
232.82165234514855 7.249999999999999 7.9283476548514145 247.99999999999997 1.4529024020725257E-89
248.21365941167258 5.875012616970104 3.815302522736286 257.90397455137895 1.8110802558896127E-100
114.52210665067861 54.66902157813447 86.63889535244468 255.83002358125776 2.7029495373065852E-5
203.1859443011255 16.878502632721315 10.978518039198374 231.04296497304517 4.19426057059938E-68
143.92618539552927 57.66692575881886 56.01800316769558 257.6111143220437 1.628433770531235E-13
246.98456987492662 14.259503210696696 15.30853803191497 276.5526111175383 2.1282696463075357E-85
243.81776183268585 8.901012800652941 17.490852161283392 270.2096267946222 2.673979232043923E-86
141.91985222645826 60.97063208673166 59.59604606559397 262.48653037878387 9.35275349700472E-12
98.50547378295938 91.97503395203141 82.62792905890207 273.10843679389285 0.49680388155740807
273.1299372109897 3.4990420194211045 5.674159825490906 282.3031390559017 1.1276916577548982E-111
214.23086426717256 23.378933754302718 18.590474856700467 256.2002728781757 4.650840790167378E-64
80.4223993017659 70.19944111070264 78.51799881683795 229.1398392293065 0.6791210549684072
93.93271368559412 73.42924560473057 70.86539164849275 238.22735093881744 0.13359752230975294
144.8719312863255 54.1086102515652 61.52274895968944 260.5032904975801 1.9787530604599136E-13
264.86183183099797 2.8921553388049293 5.250758818421071 273.00474598822393 6.321848859220699E-109
93.53888639065023 85.06054447089406 81.40735090667265 260.00678176821697 0.6395977842878267
121.9200524371733 67.55665492314002 70.26746664175394 259.7441740020672 1.9619882508566177E-5
175.63983685562837 35.4914424334293 40.032414181243844 251.1636934703015 1.2646276399737775E-33
167.70541019662096 36.61348174877186 50.70404563896756 255.02293758436036 3.4830586889037415E-27
104.07962130550781 2.0860686209908046 7.6247826433468004 113.79047256984542 2.1673270710087658E-38
63.32351158592222 59.895781537058035 60.06550572656095 183.2847988495412 0.9407411228820844
73.45797822707596 63.78934894266376 54.90080192109187 192.1481290908316 0.26055395529936975
185.19710831202417 21.665107929744767 22.985722641083388 229.84793888285233 7.495061762504825E-51
73.70389603839966 55.800434384248554 68.04930516978436 197.55363559243258 0.2802941254840056
239.1456216593423 12.604002927593674 5.823375238094604 257.5729998250306 6.306981682650208E-90
70.49805094004833 56.31381824182024 50.59254630053801 177.4044154824066 0.16930735054817458
236.0625470917263 11.005330287515331 10.08009692169693 257.14797430093853 1.2687061482101949E-86
180.51414756584938 26.590652135079964 21.48854395317415 228.59334365410348 2.794395314203891E-47
66.63786471874948 56.59855147868055 56.69529490135536 179.9317110987854 0.5741876654284183
252.96844618698591 0.14701796287616575 2.914386822928985 256.02985097279105 5.6336429198812544E-108
97.07263153766367 52.12101110462878 52.47602720133433 201.66966984362676 4.81549475261605E-5
64.11966163971138 57.16436255092277 52.451126705313115 173.73515089594724 0.5515615253504521
63.02624519384816 54.68598003848068 56.31007364382057 174.02229887614942 0.7138808749166996
68.94566948370688 53.67680631597365 64.41042164920898 187.0328974488895 0.3729779410056743
65.87324870868673 64.57748770555477 62.78468469550725 193.23542110974876 0.963344688414514
69.75638304255409 51.79996170268362 58.833528063994336 180.38987280923203 0.25626807586496536
66.37539582229675 53.302393012633445 68.30230766178337 187.98009649671357 0.3454472678560673
222.09149370924604 17.57260863235905 13.616272923073126 253.2803752646782 7.314706469584732E-74
206.85509164956326 25.74499520411412 20.414770034693834 253.01485688837124 9.823012896606438E-59
280.8808707877879 10.616764149788466 6.030861386375994 297.52849632395237 3.4809330655021133E-109
276.5693736614302 9.037433964915106 12.258022049270465 297.86482967561574 7.680368392644786E-104
236.46611343923067 14.52246154930211 20.00484606409882 270.9934210526316 9.105829840136755E-78
255.4935064935065 1.0064935064935066 4.5 261.0 4.9511646248268236E-107
199.99367088607596 36.012091352594354 41.49337748344371 277.499139722114 1.8883537995320932E-41
285.2746190286017 3.454560537790859 3.2571985111226254 291.9863780775152 6.106139189407842E-119
236.0 9.0 22.0 267.0 5.123171760170582E-80
286.72171792948626 1.4239278083028084 0.797428471951777 288.94307420974087 2.458417632057672E-123
149.32926936516878 13.446059503133798 17.776767636913625 180.5520965052162 9.058217669314198E-44
89.29758548551257 88.12547265712236 82.3576271823147 259.7806853249497 0.8526768444737427
135.04665236980952 73.72221714557335 60.399275699229314 269.1681452146122 2.1262645328568652E-8
127.35844463204613 88.35112902545893 61.70498490751739 277.41455856502245 7.572754265595959E-6
272.00566744386776 1.9881213760080012 1.0062111801242235 275.0 2.737049610324954E-116
185.53011083132537 42.782370832462114 46.34286251138532 274.6553441751728 3.6554216724975664E-32
193.54162421811063 75.24432567826723 4.661117020778107 273.447066917156 3.982848041410873E-44
108.49179482363978 61.95576009248286 95.98678079026784 266.43433570639047 0.0014577582567459426
103.23617131645213 58.57606176342388 97.15015142126192 258.96238450113793 0.0011188683161168717
188.38115338449572 35.476759106786055 51.46492198188562 275.3228344731674 3.7475532768344228E-34
239.13832213946955 29.284371671296515 37.733916178616184 306.1566099893823 8.780785129471897E-61
241.99446940235865 6.03705674500936 5.974091830160059 254.00561797752806 6.037870677089914E-96
242.48053035823747 11.043208665736554 12.044119472871737 265.56785849684576 6.066491335430309E-88
146.01218266437905 56.83060896024501 62.5839952239208 265.42678684854485 5.915636429528288E-13
154.2665257236609 60.19716364004953 53.63965644167182 268.1033458053822 3.951300169919712E-16
229.52320691562338 12.011289181983365 12.465503902393273 254.0 1.8814743769122076E-81
177.99525971334324 49.36601195497919 55.075754911439844 282.4370265797623 4.342390255435306E-25
265.9530915767618 7.172593314920604 6.922609802104101 280.0482946937865 1.1160311237040208E-104
103.53203717925652 79.6157540055558 92.37762212337525 275.5254133081876 0.21027508993820204
274.530744951691 3.7462015109073934 3.532995057869393 281.8099415204678 8.15944736833059E-114
121.63608927549717 33.75919066324279 106.19194381797168 261.58722375671164 1.0873570091462165E-11
201.377223474847 74.22031476383147 9.177526095691055 284.7750643343695 1.8917466383806489E-44
119.54471210756668 83.89748578348642 80.57919248327846 284.02139037433153 0.007231636736613634
100.96387102895741 83.01579403929696 91.0110465486485 274.9907116169029 0.4139296158786241
199.00371190642144 39.96016560686505 40.00808449428625 278.97196200757276 4.3019089926095135E-40
271.9721518070364 6.170356960124117 3.5099533540515426 281.6524621212121 9.097240096582228E-111
265.1461413006066 20.83455443578962 16.404583179522017 302.38527891591826 4.9152359378650526E-88
123.59069211567876 111.75143050574374 63.37164162390417 298.7137642453267 3.6349212986356464E-5
280.31190000917485 5.528149009520962 17.054518681236434 302.8945676999323 1.227575298515347E-104
269.4642026277146 17.859790402796158 22.841740475751752 310.1657335062625 1.2048503475690504E-87
269.7180071366837 23.209813992671435 17.405671945552555 310.3334930749077 8.156963689344451E-88
110.35097173849088 71.91303169256118 90.39977382834577 272.6637772593978 0.017146358962262638
225.60723069056723 23.906813653097203 26.565759057316313 276.0798034009807 6.839074963498574E-64
231.84256070405448 26.50647696011994 32.420023993335555 290.76906165751 6.1181581553732845E-62
130.16338030394618 54.86909948959621 99.560483725276 284.5929635188184 2.7274737250030176E-7
238.12126512448103 18.496520595402494 35.2216027844615 291.839388504345 1.862379847929858E-67
303.0543578840225 3.0257752491355325 2.3657078249902685 308.4458409581483 9.453638074774517E-128
185.2540581589657 34.657594881698834 97.32152097353595 317.2331740142005 3.1288438297621875E-24
201.11934286184086 34.882389575465965 78.11012280293184 314.1118552402387 1.3926329829576822E-31
59.68234484942273 18.71993202804078 25.647541676556028 104.04981855401955 9.564034456309239E-7
123.01976301975779 76.71880322919112 74.09851550943355 273.8370817583825 2.493177961952477E-4
123.20993683486793 66.96611615366147 38.34729203380156 228.52334502233097 2.358742774473361E-11
127.28864415740868 80.41615133705646 20.292071045284516 227.99686653974965 3.640443817421596E-17
176.20809127202946 87.74944883653718 33.63103298616181 297.5885730947285 2.08846760285543E-23
4.067491905018889 2.898104425256341 0.0 6.965596330275229 0.15127785117709694
Not enough genes
Cannot perform polytomy test with effective N (after polytomies) 6.965596330275229:
	(OBPL,(P_016799,GAP_80397):0.48646661286525983):0.3091763111154061;
3.4373556352050976 2.0 1.2508164078056552 6.688172043010753 0.5747443005724346
Not enough genes
Cannot perform polytomy test with effective N (after polytomies) 6.688172043010753:
	(P_007845,(OBPL,(P_016799,GAP_80397):0.48646661286525983):0.3091763111154061):0.1871068809900555;
202.51103673409833 19.896378260802027 73.81988231285105 296.2272973077514 1.9172911418704977E-39
143.840827493165 56.756693185424744 51.59907613060005 252.1965968091898 1.3223358221152023E-14
156.69721176644398 49.948095826088625 46.7483973993653 253.39370499189792 7.35146838815441E-21
32.75672248381141 2.703067597594045 4.409420674348314 39.86921075575376 4.876616605193653E-10
237.02741955991507 5.561600760222917 6.722496447500652 249.31151676763864 1.370660148059667E-93
169.9927226772039 2.953139004386907 0.08836264120795245 173.03422432279876 5.58757798140047E-72
87.71264195692622 81.17518641603499 74.18451434874859 243.07234272170982 0.5684229198855233
87.17953513149499 83.61057680134162 76.70500679343213 247.49511872626874 0.7091245045097345
14.090741166404882 6.053933378269662 1.9093795093795094 22.054054054054053 0.0054185145455086
3.913550524390759 3.0965736107333757 1.010989010989011 8.021113146113146 0.432612773655916
Not enough genes
Cannot perform polytomy test with effective N (after polytomies) 8.021113146113146:
	(S04,(S27,P_016789):0.5392366261650218):0.16338031863906444;
18.549190193706366 6.163134813577098 3.68516491873314 28.397489926016604 0.001231614629241774
42.071976288433454 25.659075041450134 30.046115229033557 97.77716655891714 0.10909886290310676
68.29638398964418 18.955007366750788 19.771337585835663 107.02272894223064 1.9113508031256157E-10
93.59610211670912 68.59269864617889 68.53306638805606 230.72186715094406 0.06613185598520985
121.38991337700885 74.70163749208824 66.75313451134022 262.84468538043734 4.795130413301282E-5
40.16254112286043 33.54977339665192 22.575136667757285 96.28745118726962 0.08554420899593097
37.061003758665024 30.02587739101925 27.68534616510915 94.77222731479343 0.47058629990058487
309.31568511595447 6.155131757533404 3.6650185232038806 319.13583539669173 7.833841164480853E-127
292.11920700982853 10.00904316703401 10.014071001484869 312.1423211783474 1.866375069074501E-111
195.65781697799753 48.00901195465508 40.36031817645303 284.0271471091056 7.079220719435801E-36
120.13778415037444 9.445474589849594 2.2727113450310275 131.85597008525508 7.217603408512661E-44
110.37641379898969 15.172102990090279 10.451483210920042 136.0 3.545447374416769E-31
60.745535714285715 5.250054334326876 26.755830405932866 92.75142045454547 1.0051338800989178E-11
Extended species tree:
(P0109B,((P_018831,OSHQ)0:0.8409902311794747,((P_016909,WZFE)0:1.3486900594617175,(P0203H,((((SJEV,(P_019193,(Wsal,P_019187)0:0.6878730070795568)0:1.0380825213727896)0:1.7757188495412595,(P_016921,(WKSU,(GAP_81227,(Pcol,(P_006410,GAP_81226)0:1.0496685250919051)0:0.8929479238209576)0:0.2513155095434569)0:0.2345729221190095)0:2.400639693276695)0:1.6231986097029543,(((P_025527,(P_025525,P_025523)NA:0.6931471805599453)NA:0.8174016836531708,(P_019189,((P_019197,PAWA)0:0.5821350545943546,(Asie,QDVW)0:3.805423534246829)0.00016:0.13692801814038527)0.05753:0.27041450933606226)0.43131:0.0,(((P2589,OPDF)0:0.7983464716834631,(CSSK,P_019185)0.20598:0.03927449254549147)0:1.3951462330305906,((P_019191,P_019199)NA:0.7704312657944021,(GAP_80417,(P2590,GAP_79804)0:2.0161232769474933)0:0.8315814405667603)0:0.8283346474421249)0:1.5819093555064845)0:1.404096787266541)0:0.1773641430475791,((WPHN,(P_011613,(((P_011609,(P2619,Sdec)NA:1.8971199848858815)0:1.9349629025572872,(MAQO,(WAIL,(P_011527,((GAP_80298,P_014077)0.42505:0.084384344176616,(GAP_80297,P_014083)0:2.326235368793015)0.00032:0.2611865029332709)0:0.3770336720685575)0:0.5383345399422002)0:1.389521217938158)0.0002:0.13526896378041692,(((GAP_79862,P_011587)0:1.4218647962942947,(P_014081,(P0104A,P_008647)0:2.92673940206704)0:2.3164678048880503)0:1.127112011403232,(((KRJP,(P_011549,GAP_80395)0:1.5085442668469897)0:0.47735950322981,((P_011643,(P_011657,(P_011509,P_011651)0:0.9714008048438458)0.04404:0.10642759680563953)0:1.3115196867100338,((GAP_80393,GAP_80394)0:0.7618037361796424,((P_011647,(P_011465,(P_011501,(P_011523,(P_011489,P_011487)0.07319:0.08817755954445793)0.17812:0.06495258268588779)0:0.6873248995748517)0:1.313368516421352)0.0738:0.11307195349353405,((P_011637,P_011551)0.08308:0.1640661382003115,((P_011631,P_007844)0.02319:0.20645948401063388,(P_007843,(P_007783,P_006414)0.73036:0.034835019245183986)0:0.27929019502957525)0.48994:0.048263867675711086)0:0.23772221027468832)0:1.0727389600598394)0.13256:0.050676085373960185)0:2.2560348954088276)0:1.287304942346231,((P_011531,(P_011699,(P_006411,Schi)0:1.008224735780876)0.00104:0.33279561809392216)0:2.0720092737367155,(VYLQ,(P_018635,(P_008631,(P_011709,((P_011579,(P_008632,P_011671)0.15286:0.12267112731929494)0:1.650067992416207,(P_011713,((P_011705,((KAYP,(BCGB,ABSS)0:0.5185411130742213)0.00195:0.21202832616414471,(WIGA,(Dhai,(Apet,Msal)0.2369:0.07100827503744982)0.00808:0.1360419219315728)0:0.36794057000287655)0.00002:0.2410311574402084)0.59009:0.07016614912782128,(P_006413,((P_016813,(P_011679,((GAP_80389,GAP_80390)0:1.6692230883758632,(P_008646,(P_006412,P_008640)0:1.0418582341088467)0.00001:0.25333898334183247)0.03053:0.09756718037774471)0.00082:0.1353223618061249)0:0.4908793140507998,((P_011673,((P_011537,P_011607)NA:0.0,(P_011701,(P_011739,P_011677)NA:0.900067896367268)NA:0.22838995706015475)0.02225:0.18643927444308067)0.2025:0.024647310454370543,(P_011759,((P_011681,P_011719)NA:0.28266953062823674,((P_011735,P_011675)0:1.355583195635606,(P_011715,(P_011745,(P_011611,P_014073)NA:0.6931471805599453)0.13143:0.2841273754314522)0.00008:0.28495905439227764)0:0.16317305449838063)0.00115:0.13812999895281952)0.01742:0.16000588328273985)0:1.133490619127366)0.02775:0.11225911775357843)0:0.324551171399707)0.6663:0.029729332071273817)0:0.7361586085909739)NA:1.5455014275770416)NA:0.0)0.66746:0.0845844509497019)0:0.5381799229796822)0:0.2891566898229024)0:0.8292157678116281)0:0.38355083641714544)0:0.13574482055008633)0.00062:0.8392663142087445)0.95077:0.023581976859789924)0:1.9155620030046188,((((P2623,P2622)0.00021:0.243152084972649,(P0110C,(XQWC,(P0207A,(P0110B,(P0207C,(P0207B,(P0206H,P0206G)0:0.273135960762535)0.00005:0.1843860132469538)0.27487:0.0591833207599861)0.27477:0.05336813990300081)0:0.4237520502360726)0:0.43630584319278604)0:1.919503217263684)0:0.47776729910895493,((DHPO,GAP_80322)0:1.990175805904379,((P_012941,P_012795)0:4.331815964836064,((P_012861,((P_012855,(P_012827,P_007802)0:2.10959814242519)0:1.3698747118237111,((P_018637,P_012813)0:0.7148022486472883,(P_012921,P_012919)0:2.8710485109470008)0:2.3283140046325816)0:2.7816539257542945)0.00003:0.18495623209025217,(((P_012797,(P_012841,((P_012877,P_012913)0:1.6791041260656834,(P_012811,(P_012895,P_012891)0:0.4076717162047418)0:1.8005903373688432)0:1.887180874247062)0:0.36807423683274393)0.4968:0.03983312001466623,((((P_012883,P_012925)0:2.9212953861387554,(P_012857,(P_012815,P_012903)0:1.3839015103541412)0.67912:0.024472228887062325)0.1336:0.09318558902513854,(P_012875,((P_012831,P_012905)0:0.40196357380245523,(P_012901,(P_012851,P_012887)0:2.9947011490232986)0.6396:0.03828961915669291)0.00002:0.22486682282620826)0:0.7870108023931506)0:0.658863346222316,(P_018689,((P_012885,(GAP_80294,P_006420)0:1.9663860163489737)0.94074:0.015546718261853765,(P_012859,(((P_012907,GAP_80291)0.26055:0.07308596731691758,(P_012881,P_012873)0:1.2152723112241741)0.28029:0.058483229363718074,((P_012897,(GAP_80293,P_012893)0:2.1830296268972553)0.16931:0.09732400610484356,((P_012911,(P_012917,P_012821)0:2.053149867477853)0:1.1374093247748036,(P_012889,((P_012863,P_006418)0.57419:0.05388183331359521,(P_012793,(GAP_80292,P_006419)0:3.7421982015638853)0.00005:0.2464819788536633)0.55156:0.0517461691743286)0.71388:0.040984644152387485)0.37298:0.051295593140636274)0.96334:0.008750085738778286)0.25627:0.07996250761592326)0.34545:0.02721122754459318)0:1.6613512901387475)0:1.2783865512022103)0:2.4227990414395224)0:2.1901433968795665,((P_012867,((P_012899,P_012817)0:1.6300111412655829,(P_012847,P_012923)0:3.2900787164217493)0:0.8607815732224608)0:3.231914695462465,(P_012843,(((P_012937,(P_006421,P_012939)0:1.7197859696029656)0:4.09441702385294,(P_012803,(P_012853,(P_012829,P_012837)0:1.3234024187173155)0.85268:0.01372994132494191)0:0.2874050963822971)0.00001:0.2059947294478549,(((P_012801,(P_012879,P_012809)0:3.8300592621526603)0:0.7124860395635781,(P_012839,(P_012805,(P_012825,(YZRI,P_012799)0:0.8160122010258678)0.00146:0.11486619528789795)0.00112:0.1005714194654256)0:0.7394308842904876)0:1.1021160316775909,((P_012909,((P_012865,(P_012931,(P_012933,P_012935)0:2.570013895439072)0:1.9984778327550983)0:0.38869355400692146,((P_012807,P_012845)0:0.4461182179825818,(P_012849,P_012871)0:1.8980304743781555)0:0.5833660342261268)0:2.518684394713311)0.21028:0.06358431383669544,((GAP_81172,P_012833)0:3.1255640482549394,((PSJT,(GAP_80295,P_012927)0:0.21670493336038363)0:0.8141980858845721,((P_012915,P_012791)0.00723:0.1382688552188233,(P_012869,(P_012823,(P_012819,P_012835)0.41393:0.04996276652968206)0:0.8351672505892666)0:2.870351097078915)0:1.6656789012184554)0.00004:0.1261797677800629)0:2.1507036940366633)0:1.6043227274456957)0:1.6069271984142701)0.01715:0.1107677404401121)0:1.2777913584323988)0:1.1773786693045363)0:0.2029096965207089)0:1.271964210744337)0:3.474351645440025)0:0.46712716534396964)0:0.6113297983403986,(((P_018639,P_018779)0:0.4341741818888361,(P_018695,(P_018645,P_018783)0.00025:0.18803543639181014)0:0.36414822470815034)0:0.40613506294966223,(P_018691,((P_016797,(P_007845,(OBPL,(P_016799,GAP_80397)0:0.48646661286525983)NA:0.3091763111154061)NA:0.1871068809900555)0:0.7381463571786671,((P_016793,(P_006422,P_016795)0:0.4340946355268417)0:0.5515523134095484,(P_018693,((S08,P_014095)0:1.2115072418398152,(((P_014099,S03)0:2.5306734799850625,(P_016791,(P_016787,S02)0:3.357170545909498)0.56842:0.03984043264114259)0.70912:0.026595501327627908,(S38,(S04,(S27,P_016789)0.00542:0.5392366261650218)NA:0.16338031863906444)0.00123:0.5914358249184012)0.1091:0.14953561652666675)0:0.5948619816143977)0.06613:0.11190808491105543)0.00005:0.21087094908090462)0.08554:0.12696462759199723)0.47059:0.08387672153476422)0:2.9818701207474474)0:2.295570172220941)0:0.7543417607292809)0:1.9407675690704542)0:1.232718295531787)0:0.6384958371119229));
Weight calculation took 191.411301526 secs
ASTRAL finished in 230.003 secs
