
================== ASTRAL ===================== 

This is ASTRAL version 5.7.7
Gene trees are treated as unrooted
195 trees read from all_bs10.trees
index76
All output trees will be *arbitrarily* rooted at P0109B

======== Running the main analysis
Number of taxa: 244 (244 species)
Taxa: [P_006411, P_011671, P_011679, P_011531, P_008632, P_011677, P_011735, P_011675, P_011759, P_011537, P_011715, P_011739, P_011673, P_011745, P_006412, P_011681, P_008640, GAP_80390, GAP_80389, P_008646, P_006413, P_011713, P_011705, P_016813, GAP_80395, P_011549, P_011501, P_011487, P_011489, P_011523, P_007783, P_006414, P_007843, GAP_80393, GAP_80394, P_011643, P_011509, P_011651, P_011657, P_011647, P_011551, P_007844, P_011637, P_011465, P2619, P_014083, P_018635, GAP_80297, P_014077, GAP_80298, P_011527, P_014081, P0104A, P_008647, SJEV, P_019187, Wsal, P_019193, GAP_81227, Pcol, GAP_81226, P_006410, P_016921, PAWA, P2589, P_019185, GAP_80417, GAP_79804, P2590, P_011699, P_019197, P_019189, GAP_79862, Sdec, P_016909, P_018831, P0109B, S04, P_018783, P_018645, P_018695, P_016793, P_006422, P_016795, P_007845, GAP_80397, P_016799, P_016797, S03, P_014099, P_016791, S02, P_016787, S27, P_016789, P_011579, P_018639, P_025523, P_011701, P_011587, P_018691, P_018693, P_018779, P2622, GAP_80322, XQWC, P0110B, P0110C, P0207A, P0207C, P0206H, P0207B, P0206G, P2623, P0203H, Asie, QDVW, CSSK, OPDF, WKSU, WZFE, KRJP, WAIL, MAQO, BCGB, WIGA, ABSS, Apet, Dhai, VYLQ, WPHN, OBPL, DHPO, YZRI, P_012871, PSJT, P_012795, P_012941, P_011609, P_012855, P_012827, P_007802, P_012813, P_018637, P_012919, P_012921, P_012811, P_012891, P_012895, P_018689, P_012859, P_012793, P_012911, P_012889, P_006420, GAP_80294, GAP_80293, P_012873, GAP_80292, P_006419, P_012881, P_012893, GAP_80291, P_012863, P_012821, P_012917, P_006418, P_012885, P_012897, P_012907, P_012797, P_012857, P_012901, P_012851, P_012887, P_012905, P_012831, P_012875, P_012925, P_012883, P_012815, P_012903, P_012913, P_012877, P_012841, P_012861, P_012867, P_012847, P_012923, P_012817, P_012899, P_012937, P_012939, P_006421, P_012843, P_012829, P_012837, P_012909, P_012927, GAP_80295, GAP_81172, P_012833, P_012791, P_012869, P_012819, P_012823, P_012835, P_012915, P_012807, P_012845, P_012849, P_012931, P_012935, P_012933, P_012865, P_012801, P_012879, P_012809, P_012805, P_012799, P_012825, P_012839, P_012803, P_012853, Schi, S38, P_014095, S08, OSHQ, P_025525, P_008631, Msal, KAYP, P_011631, P_011613, P_019191, P_011719, P_025527, P_014073, P_011709, P_019199, P_011611, P_011607, P_011589]
Taxon occupancy: {P_019193=173, P_019191=84, P_019197=182, OPDF=189, GAP_81172=194, P_018783=190, P_019199=67, Wsal=174, P_016921=192, WKSU=195, P_025523=33, P_025525=60, P_025527=24, P_014073=32, P0203H=141, P_014077=124, QDVW=192, P_011487=191, P_011489=193, P_016813=175, P_006421=194, P_006422=191, P_006420=163, P_006418=194, P_006419=195, P_006414=192, P_014081=143, P_014083=156, P_018689=195, P0206H=185, P0206G=174, Msal=171, P0109B=106, P_006410=189, P_012901=193, P_006411=189, P_006412=190, P_012903=193, P_006413=187, P_012905=194, PAWA=188, GAP_79862=188, P_012907=195, ABSS=192, P_012909=193, P_018691=93, GAP_80291=195, P_018695=187, P_014095=90, GAP_80293=194, P_018693=187, GAP_80292=195, GAP_80295=192, P_014099=187, GAP_80294=194, GAP_80297=191, GAP_80298=189, P_011701=38, P_012911=194, P_012913=171, P_011705=106, P_012915=190, P_012917=191, P_012919=191, P_011709=20, P_011671=113, P_012881=195, P_011551=139, P_011673=164, MAQO=193, P_012883=195, P_011675=179, GAP_80322=193, P_012885=193, P2590=166, P_011677=157, P_012887=194, P_011679=169, P_012889=192, P_008647=183, PSJT=189, P2589=171, P_011681=140, P_012891=193, P_012893=194, P_018637=193, P_012895=194, P_018635=180, P_012897=194, P0207C=189, P0207B=189, P_012899=193, P_018639=184, P0207A=190, P_008646=192, P_008640=191, BCGB=192, WZFE=191, P_018645=187, KRJP=192, KAYP=119, P_011699=111, P_011579=154, CSSK=186, P_008632=189, P_007783=184, P_016909=192, P_008631=40, P_019187=188, P_019185=185, Sdec=46, P_019189=168, P_012791=193, P_012793=192, Asie=155, P_012795=192, P_011465=192, P_018779=163, P_011587=156, P_012797=194, P_012799=194, P_011589=3, GAP_80417=116, WIGA=189, GAP_79804=152, P_007802=170, P_012841=192, P_011631=164, Pcol=166, P_012843=193, P_012845=192, P_011637=191, P_012847=187, P_011759=181, P_012849=193, Apet=91, OBPL=192, P0110C=179, P_018831=190, P0110B=140, YZRI=191, P_012851=193, P_011643=194, P_012853=191, P_011523=193, P_012855=192, P_011647=179, P_012857=192, P_011527=121, P_012859=193, WAIL=193, P_016789=186, P_011651=180, P_012861=194, P_011531=167, P_016787=190, P_012863=194, P_012865=193, Schi=164, P_011657=179, P_012867=193, P_011537=150, P_012869=193, P_016793=186, P_016791=190, P_016797=192, SJEV=192, P_016795=187, P_012871=188, P_012873=193, P_016799=191, P_012875=194, P_012877=192, P_012879=195, P_011549=185, P_007844=148, P_007845=35, S02=154, S04=60, P_012921=186, S03=184, P_012801=193, P_011713=141, P_012923=194, P_012803=192, P_011715=168, P_012925=193, S08=135, P_007843=177, P_012805=192, P_012927=194, P_012807=190, P_011719=20, P_012809=193, VYLQ=193, DHPO=195, GAP_80390=175, P2622=147, P2623=73, GAP_80394=193, XQWC=194, GAP_80393=193, GAP_80395=193, GAP_80397=191, P_012931=194, P_012811=193, WPHN=193, P_012933=188, P_012813=193, P_012935=191, P_012815=192, P_012937=195, P_012817=192, P_011607=6, P_012939=191, P_011609=133, P_012819=189, P2619=128, OSHQ=191, GAP_80389=184, P_012941=195, P_012821=193, P_011611=33, P_012823=192, P_011613=65, P_011735=191, S27=158, P_012825=195, P_012827=184, P_011739=168, P_012829=144, Dhai=186, P0104A=169, P_012831=187, P_011501=193, GAP_81226=192, P_012833=192, P_011745=178, GAP_81227=193, P_012835=192, S38=56, P_012837=193, P_012839=190, P_011509=192}
Number of gene trees: 195
195 trees have missing taxa
Calculating quartet distance matrix (for completion of X)
Species tree distances calculated ...
Will attempt to complete bipartitions from X before adding using a distance matrix.
Building set of clusters (X) from gene trees 
------------------------------
gradient0: 25611
Number of Clusters after addition by distance: 25611
calculating extra bipartitions to be added at level 1 ...
Adding to X using resolutions of greedy consensus ...
Limit for sigma of degrees:6150
polytomy size limit : 29
discarded polytomies:  [3, 3, 3, 3, 3, 3, 3, 3, 3, 3, 3, 3, 3, 3, 3, 3, 3, 3, 3, 3, 3, 3, 4, 4, 4, 4, 4, 4, 4, 4, 4, 4, 5, 5, 5, 5, 6, 6, 6, 8, 9, 10, 11, 12, 12, 13, 14, 14, 29]
Threshold 0.0:
Threshold 0.01:
polytomy of size 4; rounds with additions with at least 5 support: 0; clusters: 25625
Threshold 0.02:
polytomy of size 3; rounds with additions with at least 5 support: 0; clusters: 25625
polytomy of size 6; rounds with additions with at least 5 support: 2; clusters: 25671
Threshold 0.05:
polytomy of size 4; rounds with additions with at least 5 support: 0; clusters: 25671
polytomy of size 3; rounds with additions with at least 5 support: 0; clusters: 25671
polytomy of size 8; rounds with additions with at least 5 support: 0; clusters: 25673
polytomy of size 3; rounds with additions with at least 5 support: 0; clusters: 25673
Threshold 0.1:
polytomy of size 3; rounds with additions with at least 5 support: 0; clusters: 25675
polytomy of size 3; rounds with additions with at least 5 support: 0; clusters: 25675
polytomy of size 4; rounds with additions with at least 5 support: 0; clusters: 25675
polytomy of size 3; rounds with additions with at least 5 support: 0; clusters: 25675
polytomy of size 4; rounds with additions with at least 5 support: 0; clusters: 25675
polytomy of size 5; rounds with additions with at least 5 support: 0; clusters: 25675
polytomy of size 3; rounds with additions with at least 5 support: 0; clusters: 25675
polytomy of size 12; rounds with additions with at least 5 support: 0; clusters: 25691
polytomy of size 4; rounds with additions with at least 5 support: 0; clusters: 25691
Threshold 0.2:
polytomy of size 11; rounds with additions with at least 5 support: 0; clusters: 25699
polytomy of size 4; rounds with additions with at least 5 support: 0; clusters: 25699
polytomy of size 13; rounds with additions with at least 5 support: 0; clusters: 25699
polytomy of size 3; rounds with additions with at least 5 support: 0; clusters: 25699
polytomy of size 3; rounds with additions with at least 5 support: 0; clusters: 25699
polytomy of size 3; rounds with additions with at least 5 support: 0; clusters: 25699
polytomy of size 5; rounds with additions with at least 5 support: 0; clusters: 25703
polytomy of size 3; rounds with additions with at least 5 support: 0; clusters: 25703
polytomy of size 3; rounds with additions with at least 5 support: 0; clusters: 25703
polytomy of size 14; rounds with additions with at least 5 support: 0; clusters: 25715
polytomy of size 9; rounds with additions with at least 5 support: 0; clusters: 25721
Threshold 0.3333333333333333:
polytomy of size 3; rounds with additions with at least 5 support: 0; clusters: 25721
polytomy of size 3; rounds with additions with at least 5 support: 0; clusters: 25721
polytomy of size 4; rounds with additions with at least 5 support: 0; clusters: 25721
polytomy of size 3; rounds with additions with at least 5 support: 0; clusters: 25721
polytomy of size 10; rounds with additions with at least 5 support: 0; clusters: 25721
polytomy of size 6; rounds with additions with at least 5 support: 0; clusters: 25721
polytomy of size 3; rounds with additions with at least 5 support: 0; clusters: 25721
polytomy of size 12; rounds with additions with at least 5 support: 0; clusters: 25723
polytomy of size 14; rounds with additions with at least 5 support: 0; clusters: 25723
polytomy of size 4; rounds with additions with at least 5 support: 0; clusters: 25723
polytomy of size 4; rounds with additions with at least 5 support: 0; clusters: 25723
polytomy of size 3; rounds with additions with at least 5 support: 0; clusters: 25723
polytomy of size 3; rounds with additions with at least 5 support: 0; clusters: 25723
polytomy of size 3; rounds with additions with at least 5 support: 0; clusters: 25723
polytomy of size 3; rounds with additions with at least 5 support: 0; clusters: 25723
polytomy of size 4; rounds with additions with at least 5 support: 0; clusters: 25723
polytomy of size 6; rounds with additions with at least 5 support: 0; clusters: 25723
polytomy of size 3; rounds with additions with at least 5 support: 0; clusters: 25723
polytomy of size 5; rounds with additions with at least 5 support: 0; clusters: 25723
polytomy of size 3; rounds with additions with at least 5 support: 0; clusters: 25723
polytomy of size 5; rounds with additions with at least 5 support: 0; clusters: 25723
polytomy of size 29; rounds with additions with at least 5 support: 0; clusters: 25749
max k is :4
Number of Clusters after addition by greedy: 25749
gradient0 in heuristiic: 25749
partitions formed in 12.712 secs
Dynamic Programming starting after 12.712 secs
Using tree-based weight calculation.
Using polytree-based weight calculation.
Polytree max score: 16106480302
Polytree building time: 0.128 seconds.
Number of quartet trees in the gene trees: 16106480302
Size of largest cluster: 244
Greedy score: 14023217763
estimationFactor: 1.1485580965943958
Sub-optimal score: 14760581933
Total Number of elements weighted: 67805
Normalized score (portion of input quartet trees satisfied before correcting for multiple individuals): 0.9274629927772037
Optimization score: 14938164424
Optimal tree inferred in 80.774 secs.
(P_012871,(P_012849,((P_012807,P_012845),((P_012865,(P_012931,(P_012935,P_012933))),(P_012909,(((PSJT,(P_012927,GAP_80295)),((GAP_81172,P_012833),((P_012791,P_012915),(P_012869,(P_012823,(P_012819,P_012835)))))),(((P_012801,(P_012879,P_012809)),(YZRI,(P_012839,(P_012805,(P_012799,P_012825))))),(((P_012937,(P_012939,P_006421)),((P_012803,P_012853),(P_012829,P_012837))),(P_012843,((P_012867,((P_012817,P_012899),(P_012847,P_012923))),(((P_012841,((P_012913,P_012877),(P_012811,(P_012891,P_012895)))),(P_012797,((((P_012925,P_012883),(P_012857,(P_012815,P_012903))),(P_012875,((P_012905,P_012831),(P_012901,(P_012851,P_012887))))),(P_018689,(P_012885,((P_012859,(P_006420,GAP_80294)),((P_012907,(P_012873,P_012881)),((GAP_80291,(P_012897,(GAP_80293,P_012893))),((P_012911,(P_012821,P_012917)),(P_012889,((P_012863,P_006418),(P_012793,(GAP_80292,P_006419))))))))))))),((P_012861,((P_012855,(P_012827,P_007802)),((P_012813,P_018637),(P_012919,P_012921)))),((P_012795,P_012941),((GAP_80322,DHPO),(((P2622,P2623),(P0110C,(XQWC,(P0110B,(P0207A,(P0207C,(P0207B,(P0206H,P0206G)))))))),((OBPL,(((P_018639,P_018779),(P_018695,(P_018783,P_018645))),((P_016793,(P_006422,P_016795)),((P_016797,(P_007845,(GAP_80397,P_016799))),(P_018691,(P_018693,((P_014095,S08),((S04,(S38,(S27,P_016789))),(P_016791,((S02,P_016787),(S03,P_014099))))))))))),(((P0203H,((P_016909,WZFE),(P0109B,(P_018831,OSHQ)))),(((SJEV,(P_019193,(P_019187,Wsal))),(WKSU,(P_016921,(GAP_81227,(Pcol,(GAP_81226,P_006410)))))),((P_025525,(P_011589,(P_025523,P_025527))),(((Asie,QDVW),(P_019189,(PAWA,P_019197))),((CSSK,(P_019185,(P2589,OPDF))),((P_019191,P_019199),(GAP_80417,(GAP_79804,P2590)))))))),((WPHN,P_011613),(((GAP_79862,P_011587),(P_014081,(P0104A,P_008647))),(Sdec,(((P2619,P_011609),((WAIL,MAQO),(P_011527,(P_014077,(GAP_80298,(P_014083,GAP_80297)))))),((KRJP,((GAP_80395,P_011549),((P_011657,(P_011643,(P_011509,P_011651))),((GAP_80393,GAP_80394),((P_011647,(P_011465,(P_011523,(P_011501,(P_011487,P_011489))))),(P_011631,(P_011551,((P_007844,P_011637),(P_007843,(P_007783,P_006414)))))))))),((P_011531,(P_011699,(P_006411,Schi))),(VYLQ,(P_018635,(P_008631,(P_011709,((P_011671,(P_008632,P_011579)),((P_011719,P_011607),((KAYP,((BCGB,ABSS),(WIGA,(Dhai,(Apet,Msal))))),((P_006413,(P_011713,P_011705)),((P_016813,((GAP_80390,GAP_80389),((P_006412,P_008640),(P_011679,P_008646)))),(P_011701,(P_014073,((P_011673,(P_011537,(P_011677,P_011739))),(P_011681,(P_011759,((P_011735,P_011675),(P_011715,(P_011745,P_011611))))))))))))))))))))))))))))))))))))))));
Final quartet score is: 14938164424
Final normalized quartet score is: 0.9274629927772037
You may want to ignore posterior probabilities and other statistics related to the following branch branch because the effective number of genes impacting it is only 1:
	{P_025523, P_025527}
You may want to ignore posterior probabilities and other statistics related to the following branch branch because the effective number of genes impacting it is only 1:
	{P_025523, P_025527, P_011589}
You may want to ignore posterior probabilities and other statistics related to the following branch branch because the effective number of genes impacting it is only 1:
	{P_011719, P_011607}
You may want to ignore posterior probabilities and other statistics related to the following branch branch because the effective number of genes impacting it is only 7:
	{P_011677, P_011735, P_011675, P_011759, P_011537, P_011715, P_011739, P_011673, P_011745, P_011681, P_014073, P_011611}
You may want to ignore posterior probabilities and other statistics related to the following branch branch because the effective number of genes impacting it is only 6:
	{P_011671, P_011679, P_008632, P_011677, P_011735, P_011675, P_011759, P_011537, P_011715, P_011739, P_011673, P_011745, P_006412, P_011681, P_008640, GAP_80390, GAP_80389, P_008646, P_006413, P_011713, P_011705, P_016813, P_011579, P_011701, BCGB, WIGA, ABSS, Apet, Dhai, Msal, KAYP, P_011719, P_014073, P_011709, P_011611, P_011607}
56.0145531221938 44.983398682596274 0.0378492548978666 101.03580105968794 4.597539971054822E-12
130.6372388266738 41.6657174168344 15.199296008744088 187.5022522522523 3.876983218127225E-26
103.00026373442402 41.0001771456566 18.999559119919383 163.0 6.825302224505364E-16
143.95382568376954 12.636650506706639 14.40952380952381 171.0 6.132118093992985E-44
151.74022673400725 20.135963621828353 12.958717315142918 184.8349076709785 9.218889676396601E-44
132.00426604994323 17.00031746031746 16.990850279693635 165.99543378995432 2.47832098824613E-35
122.91124038709636 27.51383403529983 13.58203424877497 164.00710867117115 7.377235334818992E-29
106.63776589958292 45.49137594412195 35.856991489008024 187.98613333271288 6.121172120447545E-11
118.36749619461469 63.75284326297132 8.202852337637873 190.32319179522386 1.6959503924153423E-21
150.63041777225533 22.886492569865663 15.837394835050695 189.35430517717168 2.473639403765397E-40
163.6855923675565 8.851897196344801 13.580043301528233 186.11753286542952 5.192563695096356E-55
1.0 0.0 0.0 1.0 0.3678794411714423
Not enough genes
Cannot perform polytomy test with effective N (after polytomies) 1.0:
	(P_025523,P_025527):0.2876820724517809;
1.0 0.0 0.0 1.0 0.3678794411714423
Not enough genes
Cannot perform polytomy test with effective N (after polytomies) 1.0:
	(P_011589,(P_025523,P_025527):0.2876820724517809):0.2876820724517809;
23.60938665405697 4.722438300288514 2.04783053288928 30.379655487234764 1.1915790874377979E-6
150.5013938580799 0.0 2.4937984496124033 152.9951923076923 5.6389810388315275E-64
84.16238714143667 41.647153789494915 24.755890503693163 150.56543143462474 7.79645698520084E-9
65.32256454541256 50.64705535339403 35.52082845079796 151.49044834960455 0.012309766108555154
76.24193512378646 54.69352610458364 45.332676939865344 176.26813816823545 0.013902222475711308
87.04924651838144 7.030832005036751 67.9335205672695 162.0135990906877 9.057044870210962E-15
82.40230772367096 48.11046203253081 45.00802090773407 175.52079066393586 6.357954016877783E-4
131.6131776729864 32.028267944237534 6.225684724713442 169.86713034193738 2.3628623408760708E-34
25.291143950671792 12.348005038053918 10.183427793640984 47.822576782366696 0.015193845977374321
99.0 3.0 0.0 102.0 3.1307823656758503E-41
50.46678867311661 7.461698956668522 16.07151237021487 74.0 7.654541791319573E-10
57.27665420285219 32.9599416203592 3.4073094878091563 93.64390531102055 7.490942300215221E-11
147.53970918642003 5.245881926310963 20.54243282163915 173.32802393437015 1.3639872413106838E-46
33.517724555947765 11.653101412388803 23.967513960714985 69.13833992905155 0.00544229394102531
38.86209502722847 18.362434963647846 10.428909017593936 67.65343900847026 7.14953534129595E-5
84.79953956189341 47.79315547898828 42.33670714169267 174.92940218257436 1.058774706685003E-4
21.714240504733894 20.284788248155277 13.447232999963909 55.44626175285308 0.347730237326451
121.56855025183133 11.344622024407835 17.09248665697347 150.00565893321263 3.6648855835113182E-34
124.99561403508773 1.0043859649122806 4.0 130.0 7.097726499600619E-51
122.09244492654032 9.184568982968171 7.075615401692992 138.3526293112015 1.6653312699564144E-41
135.1228324943069 20.475429509292724 21.134782154984585 176.7330441585842 7.678030821926226E-33
72.13092463230181 10.34960037578833 13.223201811950652 95.7037268200408 2.8008323324756114E-17
98.74655461122903 4.558070109981402 81.97908268423731 185.28370740544773 1.772465246904813E-18
141.02322047437798 8.972328524983162 4.0044510006388805 154.0 8.038372115584416E-52
48.98493456351418 28.475808190937087 44.53487128063645 121.99561403508773 0.0571501348736524
35.000920176830576 27.988194935201076 23.688384996810708 86.67750010884237 0.32350134587388446
101.60608830084661 9.908809939011938 7.098712343166123 118.61361058302468 1.741609805535652E-32
90.60470855093747 42.63832327211018 13.422677808921655 146.66570963196932 3.236260233403748E-14
58.85203411987227 53.58092455299598 28.169830185689513 140.60278885855777 0.0032057959355720916
177.455164364335 2.141554228692547 4.0728054673427705 183.6695240603703 1.3117573596728268E-72
138.98465625715656 16.051643558540114 19.005743303456477 174.04204311915316 1.4910703038515592E-37
63.58106137545953 57.38232669952516 48.04706938203002 169.0104574570147 0.337778296673363
140.26960023290397 18.64400697404658 13.71985545723271 172.63346266418327 1.652301640197107E-39
135.73689009642447 21.26044113734643 24.46250374933445 181.45983498310534 3.079129184083599E-31
74.96134379017876 56.08562200712953 54.95401292882502 186.00097872613333 0.1303847798035268
69.5380142215231 64.98462232099868 50.511932990311585 185.03456953283336 0.20185655457721363
142.27880311040173 22.07063597984171 18.982064610309642 183.33150370055307 7.366227632390093E-36
145.83074921540558 16.687436473090376 8.328171093986397 170.84635678248233 4.812731071694045E-46
66.16636095159457 50.61514363098084 45.47843832574457 162.25994290831997 0.11702436325792168
60.16899280178965 34.28095075397673 43.626066516533385 138.07601007229977 0.0238937095062067
76.65894720876776 40.005002978247774 52.09887775152016 168.76282793853568 0.0020275592742571374
90.74256675609735 41.64995310676651 35.36077217908704 167.75329204195089 7.224954203081274E-8
49.112674637996875 31.391677979877286 43.19062796666678 123.69498058454094 0.13891597890854712
47.780265746332745 43.22402766946184 21.382459984534954 112.38675340032955 0.004917577494990419
61.9763915768643 56.76360101208229 28.84343582354564 147.58342841249222 0.0015769100769728586
143.98386609849746 13.03634053523934 24.916038733648364 181.93624536738514 2.7848113575470554E-38
71.40921088175601 49.60542654848148 60.88580459782014 181.90044202805763 0.14072518095066178
170.03520421289892 4.456684462099325 7.996245722918965 182.4881343979172 1.31337233088524E-64
94.38002380990741 3.4464374196644165 86.83181673886918 184.658277968441 1.0784024528377995E-18
98.79333582767595 45.89963376613854 25.738268861265414 170.43123845507992 1.310784854004667E-11
68.89026077097506 15.219558250973344 12.890180978051598 97.0 3.3037598775845136E-14
57.1971594207358 32.23712553059089 8.565715048673319 98.0 1.3727579617936138E-8
142.63889376321652 9.344239696937567 11.627607588386303 163.61074104854038 4.279988011004615E-47
31.98504733377068 30.99738135663704 29.92521959888564 92.90764828929335 0.9663104875495927
96.44936643166008 7.657526570512258 6.174894333789753 110.2817873359621 2.663286301364046E-32
1.0 0.0 0.0 1.0 0.3678794411714423
Not enough genes
Cannot perform polytomy test with effective N (after polytomies) 1.0:
	(P_011719,P_011607):0.2876820724517809;
100.45688953673523 35.251395947397704 36.005741550178996 171.71402703431193 2.3417306831696984E-11
31.970949298192266 20.043003963888868 22.01317580941325 74.02712907149439 0.1907246756130428
66.79513218079568 53.52357374669152 34.096692073268116 154.41539800075532 0.005224387914551334
101.88178291213812 31.8459976273573 34.861215169954455 168.58899570944988 7.67354115409142E-13
33.56531148280337 32.766683167009404 31.235119131417605 97.56711378123038 0.9578008451199252
73.58362280528847 11.044863846596076 15.710312335687306 100.33879898757185 1.7391396450308616E-16
35.92473925849391 24.829488836574143 17.609110084582692 78.36333817965074 0.03844434391307339
52.46809555398359 29.56834139868006 44.51588725538583 126.55232420804947 0.04058052674724328
154.76558974777453 3.915409766969977 6.649405601235591 165.3304051159801 1.9419019373434974E-59
146.4434415632533 11.762719703187837 13.403395505123427 171.60955677156454 4.4468910879508765E-46
67.97394879332965 66.73545966198513 16.105004998286017 150.8144134536008 2.7112199383310664E-8
74.00610328026605 36.57428328614384 42.471810994630005 153.0521975610399 3.563639889981682E-4
58.869502889755715 37.833103425016816 36.178806669900055 132.88141298467258 0.02697757215516452
89.7378466394377 20.49839553634531 21.18079842814944 131.41704060393246 2.0488811601130107E-16
91.01593112132836 15.94464513128168 11.187743366253153 118.1483196188632 7.730776380149363E-23
53.41585648989151 31.158260685660107 28.60046158907406 113.17457876462568 0.007167826393783607
44.969235616372806 46.886293253173335 36.93002182674682 128.78555069629294 0.5220251176676896
148.71258984850942 8.184970180861077 12.161877970083008 169.0594379994535 4.619921292946843E-50
19.950083072213502 3.0142617114979084 3.0312884040615136 25.995633187772924 1.6331925908562905E-5
68.6552208569782 46.93774205409924 25.6509463670451 141.24390927812254 5.433169185278797E-5
82.13759954440549 27.365509087832994 50.64234669299331 160.14545532523178 7.12075623192528E-7
53.53380604884349 52.69222716932933 11.908014084430127 118.13404730260294 5.70502682092895E-7
52.995114580914134 44.440625373932214 17.33373024678099 114.76947020162734 1.1618521964764149E-4
12.712818848447546 11.175555708247485 4.075422895797627 27.963797452492656 0.10253184879743575
3.0141417004372557 1.4330784864340493 0.5653133898495193 5.012533576720824 0.397467970195432
Not enough genes
Cannot perform polytomy test with effective N (after polytomies) 5.012533576720824:
	(P_014073,((P_011673,(P_011537,(P_011677,P_011739):1.0379824641052389):0.22535291311910977):0.019930451111383526,(P_011681,(P_011759,((P_011735,P_011675):1.6697788019386586,(P_011715,(P_011745,P_011611):0.9378137827716485):0.25358682296288154):0.3072950104499376):0.19120482536592798):0.20658913971000156):0.17242844956621226):0.29030500808608245;
16.604976760235907 8.695331393376522 1.6529731838621606 26.95328133747459 0.001973774122361147
68.3880415026164 34.25154312940833 39.585234299495745 142.22481893152047 8.142755981202387E-4
87.0514449133934 35.106293610078794 37.36203580621344 159.51977432968562 9.099267103747718E-8
10.114666146898486 9.66782437200956 3.337727311187151 23.1202178300952 0.1550360137027915
12.092791046232826 6.978983057382463 4.632339514527652 23.70411361814294 0.15853304179716374
8.404648971252993 4.7068887352981035 3.2501004337932162 16.36163814034431 0.27399505234664623
4.415280834759924 0.9893617021276596 0.5953574631124154 6.0 0.1100304664204245
Not enough genes
Cannot perform polytomy test with effective N (after polytomies) 6.0:
	(P_011709,((P_011671,(P_008632,P_011579):0.010961492724306719):1.609785114445436,((P_011719,P_011607):0.2876820724517809,((KAYP,((BCGB,ABSS):0.4659409847096459,(WIGA,(Dhai,(Apet,Msal):0.14987889166349908):0.15627584583558868):0.5127200145321127):0.010857569056516293):0.8895818886633847,((P_006413,(P_011713,P_011705):0.19722299583014868):0.12445102614080097,((P_016813,((GAP_80390,GAP_80389):2.260543763454538,((P_006412,P_008640):1.481101777427803,(P_011679,P_008646):0.18827793984920674):0.24922373482162435):0.17384242009816517):0.7267796918808729,(P_011701,(P_014073,((P_011673,(P_011537,(P_011677,P_011739):1.0379824641052389):0.22535291311910977):0.019930451111383526,(P_011681,(P_011759,((P_011735,P_011675):1.6697788019386586,(P_011715,(P_011745,P_011611):0.9378137827716485):0.25358682296288154):0.3072950104499376):0.19120482536592798):0.20658913971000156):0.17242844956621226):0.29030500808608245):0.49600112855460265):0.24364100695772045):0.3760976103564917):0.13813149499818622):0.2669096376423131):0.25636381931451374):0.5908281790277595;
15.052388202841016 9.772827842655428 11.30920016019172 36.13441620568816 0.542136743661284
102.27259548057663 46.09752214455969 16.352879389002812 164.72299701413914 8.751929886805684E-16
79.12362321437428 75.34881889582317 19.02308833702728 173.49553044722472 3.0936653064409062E-9
120.82630024684855 22.04616573348444 30.471556371093897 173.34402235142687 2.890031507172097E-23
79.99993381464837 21.22793259290613 58.82160536939092 160.04947177694544 6.131623504013512E-8
17.245227433964327 9.80024939844278 14.14512344733674 41.19060027974385 0.36108793128651484
15.100795559218644 15.72599012176127 10.73966383913021 41.566449520110126 0.5870963165950035
107.11545383934296 45.657875743772074 18.164047652101182 170.93737723521622 1.5500270441843408E-16
142.56598935922213 24.022318277211863 11.999773187939624 178.5880808243736 1.0215141730747054E-38
79.40747215266329 26.84247972011997 47.190994347688644 153.44094622047191 1.0837727413118765E-6
85.7774379558825 53.07155231142543 37.21306605378149 176.06205632108941 2.8950921967431913E-5
100.90135400423839 49.12835693048934 27.01539319713425 177.04510413186196 2.6121611231186156E-11
100.51284414072016 52.564230007539955 15.572922519093309 168.64999666735343 9.738158493799487E-15
116.6879709170992 26.680564231703517 28.697714770365376 172.0662499191681 1.0005811995590556E-20
117.61880690180061 19.369775142649946 27.683223349496753 164.67180539394732 3.2660573022450584E-24
20.97373834958881 5.048939406998503 5.991542626687943 32.01422038327526 5.640708488586139E-4
18.95955529623265 13.975448145588247 2.0603034253205776 34.99530686714147 0.0015590527138933216
158.94574444151843 7.034000434719695 18.763107532690228 184.74285240892834 4.1236474271032637E-51
47.62274389327577 15.170446049357551 8.863457475871458 71.65664741850478 1.3661802289776208E-8
29.733962352138477 10.05512800998307 10.045029875213213 49.83412023733476 4.2014913546865385E-4
9.44521762614593 6.896627417326275 7.117773666542476 23.45961871001468 0.7749692259993892
32.440352169614194 12.359183984355138 5.75265971573752 50.55219586970685 1.049398025304424E-5
150.00037073767766 1.5431100190095464 1.9139195007130654 153.45740025740025 6.053582340242362E-63
167.6226134183318 5.547582228259182 4.925482999974781 178.09567864656577 4.973850375149256E-65
53.99580454816498 49.422912958032384 56.72697233343205 160.14568983962943 0.7748061891195879
66.68124451687102 37.73825604899568 53.88697343901549 158.3064740048822 0.018564957108798737
57.94786204748761 34.608178422230544 30.195015156645063 122.75105562636321 0.004358866270930806
82.43665450243616 25.05648260484145 16.303936162301127 123.79707326957873 2.6241123468322536E-14
40.23698555304916 17.899204225656813 17.95282678610502 76.08901656481099 0.0014414661045012173
25.258639284406367 31.575454985031065 15.708314386502888 72.54240865594032 0.07143356056539926
53.571691377984266 48.68929092005844 50.194185547023565 152.45516784506628 0.884245924651015
77.12604104787162 34.90869902319701 43.970744615426426 156.00548468649504 7.494926667835353E-5
89.32027685038462 64.40798018569376 17.511658215527355 171.23991525160574 7.678366522224686E-11
165.42489897131816 11.573946228949215 11.566096287098748 188.56494148736613 3.0286472387933628E-55
31.069271550742364 7.312607367309476 28.910544242479222 67.29242316053106 4.555040258879624E-4
82.94095302996698 33.03068614789337 53.989050703374716 169.96068988123506 1.5319433438366108E-5
83.86922645369695 53.56043049027362 42.553542235546104 179.98319917951667 4.8536838301906017E-4
78.67843869450256 53.71536070363244 50.93998052338557 183.33377992152057 0.0219511375873533
48.97701717132371 49.61840006846406 39.41090389426798 138.00632113405575 0.49138438817005337
80.65967524433184 38.48991732010842 17.718104799229 136.86769736366927 1.6172522515195812E-10
87.8376732364042 85.11349342451929 2.2494005373911605 175.20056719831464 2.5186977547745782E-18
134.0050837351748 2.0865603441783405 8.60852858609256 144.70017266544568 1.6740777808760228E-50
108.21644445757046 16.10962417718789 20.9830405826969 145.30910921745524 8.221088337173544E-25
152.09539447464985 20.678416028488908 14.023956890363321 186.79776739350206 5.141448231761963E-43
190.0 1.887090909090909 0.09090909090909091 191.978 1.5022046541395166E-81
148.9408319436032 7.023001508295626 7.041347895251408 163.00518134715026 2.2190901166023773E-54
159.82991584173251 13.791927330173776 10.380802330739208 184.0026455026455 2.8789205192090186E-52
134.49549814976314 25.507657638414216 29.99684421182266 190.00000000000003 8.341057527214272E-27
174.99247841909278 3.4933035714285716 6.5142180094786735 185.0 1.409602287420028E-68
177.43017737969794 4.011232876712329 9.558589743589744 191.0 5.4338208897819054E-67
185.9741406976676 3.198057331697771 2.9740927898507445 192.14629081921612 2.5101432196688172E-76
100.73436245789537 40.24514359046943 49.330812121058436 190.31031816942325 5.19942312164853E-8
151.99859925626436 9.155407681940702 8.84599306179495 170.0 5.765472184241089E-53
115.14365348399247 40.005649717514125 35.85069679849341 191.0 2.5922760304658952E-14
183.25223214285714 3.07224025974026 3.6755275974025974 190.0 1.0985209182267022E-74
178.71584913076126 4.9561694285229105 6.327981440715836 190.0 3.372033346662346E-69
116.98560976863459 32.40200964312289 42.412203911723346 191.7998233234808 3.0941442204614117E-15
190.9298619620851 0.6795703185458376 0.3716339764993715 191.98106625713032 9.71613638013927E-83
172.62350137720745 6.129151330448714 8.171564045876876 186.92421675353302 2.3748948365592144E-64
81.85163665710192 51.436981738110255 51.90828536056901 185.1969037557812 0.007308199158751912
63.99404867331963 61.96998413409445 56.83266056927949 182.79669337669358 0.7995742771919542
118.79942601919092 32.347290300474384 34.519899430236855 185.66661574990215 8.828159631497598E-18
188.99840026333115 2.0005860805860807 0.9964053611519048 191.99539170506915 2.983780562981203E-80
67.45440356046436 60.9392032680562 61.26167350540876 189.6552803339293 0.8079248348434677
96.58995733670554 43.18680615628856 50.98658342256135 190.76334691555545 2.0754656432650136E-6
153.74605276210883 19.81155191031579 16.145937217037943 189.70354188946257 6.000787829046626E-43
140.67071548495227 23.00682831830102 19.464062791354323 183.1416065946076 1.4149967284841645E-34
141.3014411717815 16.23365407431285 1.2637538981087872 158.79884914420313 3.076243117307811E-49
60.12055040547806 39.43905431252882 49.31424597357383 148.8738506915807 0.11575784798876289
153.5803957825996 11.304189896645285 14.042838327631959 178.92742400687683 6.232970725667124E-49
52.63566037831027 40.51666101381832 48.1905926605707 141.34291405269929 0.45033252156141457
175.9180143779483 3.979862883688691 6.044919996178845 185.94279725781584 5.910127513803777E-69
53.91218518142543 51.18534635511169 37.03445650397229 142.1319880405094 0.17680833603406232
50.48303282042533 43.53776617953388 42.01258697638251 136.03338597634172 0.6379063896329255
178.0051282051282 3.9719525217239324 5.923289491165139 187.90037021801726 5.921724840122245E-70
146.76659194652103 10.111461927726802 16.61051873291907 173.4885726071669 2.3403335897358457E-45
57.759780833369334 39.28812078076728 44.32398908503354 141.37189069917014 0.14443781699561856
181.05678033154595 3.093389427367633 5.984833094341347 190.13500285325495 6.537463912574761E-72
74.43158982083008 34.49388025677111 38.72534111378898 147.65081119139018 5.660777797812279E-5
51.16876187171305 39.134704113230335 50.48497170881305 140.78843769375644 0.3777591013714401
51.98620190829982 44.61722081039828 39.688401618381626 136.29182433707973 0.4303494126124905
46.93100341940143 42.61309504825611 45.67479334651307 135.2188918141706 0.8963369972855824
53.48703259108305 40.24493344771972 44.08847256172777 137.82043860053054 0.3641375572438891
54.880114149611146 40.07493830648394 49.05655810670353 144.0116105627986 0.31384600257473905
53.270895229890336 45.88577298223258 48.25655660856098 147.4132248206839 0.748759736937842
176.72190499685743 4.473652031925045 5.045238482484614 186.2407955112671 1.1032594770542494E-69
172.33002134144388 8.189285736037593 7.805869883303469 188.32517696078494 5.29031384975488E-63
181.50394565422187 3.288298992143906 6.493062657040524 191.28530730340628 1.4574222243492286E-71
67.13490750962941 63.489390411239675 61.492895071282994 192.11719299215207 0.8800226375336538
187.9256580124897 0.9037468785353292 5.265814692751688 194.0952195837767 3.3126600263010246E-77
177.0888631113395 6.903087646236251 7.008049242424242 191.0 1.528521404114841E-66
184.3627946127946 1.0028409090909092 0.5880681818181818 185.9537037037037 1.9975623047527372E-79
146.69881547489678 22.960387182910548 23.34079734219269 193.0 4.4861104816255524E-35
190.66545491718392 1.3219693903581713 0.8150182211935489 192.80244252873564 1.0656869799418657E-81
174.99397590361446 5.0 10.0 189.99397590361446 6.758558552466019E-65
191.99386503067484 0.0 1.0061349693251533 193.0 3.0563832594094087E-83
68.73291988109777 54.34089112718109 60.07779258900231 183.15160359728117 0.4232394890363952
127.82133677301108 7.178761159381658 7.999902067607253 143.0 1.247512167032454E-44
103.6652858890193 40.74246720153856 41.74758461359384 186.1553377041517 8.096817416432757E-10
83.0007783302949 64.45883532669592 36.99798721994835 184.45760087693918 1.6452317214626008E-4
190.0087109628394 0.9862385321100917 0.005050505050505051 191.0 2.160821810845895E-82
151.5768763352944 18.1158971461114 20.540855263835972 190.23362874524176 1.1530337561472187E-40
96.72053149247778 56.30843096593108 37.97101497332212 190.99997743173097 6.87055437148679E-7
95.30489447425853 40.47907601768306 52.210207144395774 187.99417763633738 1.674507648539474E-6
90.61271521299604 77.51223707361939 16.75042517128627 184.87537745790172 1.1323252640796022E-11
101.52417940359736 79.5180512516158 7.696903733880085 188.73913438909324 2.3962783734978988E-17
153.95109755951106 19.31063905629502 19.08794752537114 192.34968414117722 1.004565541525759E-41
107.58323942380083 62.4400164869551 14.981551781551781 185.00480769230774 7.934447451236996E-16
113.41627720523151 70.46357912767117 3.2312547782084446 187.11111111111111 3.33792353979021E-22
187.00405434112972 1.9863013698630136 1.0188268352651915 190.00918254625793 2.2250766552424912E-79
83.11372358285332 53.4022217711982 52.48405464594848 189.0 0.008070352038892873
67.97798309473569 60.97200405700452 57.045508343755294 185.9954954954955 0.6097600810759395
147.99060287207993 25.49780716400632 18.007023753868076 191.49543378995435 5.793705113163425E-37
187.32981313317248 3.003100775193799 1.3337527583003586 191.66666666666663 2.0418036301876635E-78
177.8759322974522 6.367776058754588 8.756291643793228 193.0 5.22796202307846E-66
79.05601853625694 76.78318892475953 36.82745920565021 192.66666666666669 1.5312075655191657E-4
168.54473047222194 23.780404607165686 1.8586528796518182 194.18378795903945 9.07243973303811E-56
180.0 1.0 6.0 187.0 4.0506291566440403E-73
183.46774193548387 3.013824884792627 3.5184331797235022 190.0 5.955670180789317E-75
100.11300659505757 43.98479859117394 46.15219481376847 190.24999999999997 1.1896985932583025E-7
122.9667383172856 34.06552110885789 28.95449554074394 185.98675496688745 2.6475220497694657E-20
177.00205854240266 2.525005718838794 7.472935738758531 187.0 1.7705543113061307E-69
144.72592251192722 22.275274742996743 25.623802745076045 192.625 1.2392906839334617E-33
189.74220709515092 0.8663328897915972 2.144884672591745 192.75342465753428 1.454745952975234E-80
67.83443324743904 57.6786417999918 64.51981387237775 190.0328889198086 0.654801860493035
178.59458002840915 7.285549059567911 7.433553805517597 193.31368289349464 1.3397990565186365E-66
181.84890083328608 7.437982031067183 3.954455652502632 193.2413385168559 1.7483189721252524E-70
80.85302448103346 56.93795753181406 49.809397966499716 187.60037997934722 0.01457745515499295
161.1113518838635 10.206675275793947 17.797393018480594 189.11542017813804 1.5954954331081491E-50
157.38059061308098 16.931255984068763 14.941359628521134 189.25320622567088 1.209767990173155E-46
85.68406420434103 31.445200012632366 71.47595194744208 188.60521616441548 3.4321300597600715E-6
160.2319702721752 6.632054106582428 24.840887295141776 191.7049116738994 1.370275049310445E-48
184.7092704860073 4.609817175562332 1.951985035530857 191.27107269710052 1.7753838751028032E-75
92.21795338899568 13.297592884531827 80.63554984833974 186.15109612186723 1.9433962882155996E-13
111.28643088180489 14.654268270060147 61.58303538322225 187.52373453508727 5.97336957376779E-17
165.04612672846346 11.763592081094039 10.731662922606196 187.5413817321637 1.6673020099770458E-55
145.69044262798838 14.625700077970043 18.199429954490544 178.51557266044895 2.078273742803894E-41
118.93643743461931 11.09864004024524 4.64429222656083 134.67936970142537 1.3235850738123445E-40
90.00669223839827 29.66718487729948 19.765977333648358 139.43985444934611 3.1205932264785316E-14
68.95539919735032 18.2232311174854 18.568512542307143 105.74714285714286 3.171520247514924E-11
Extended species tree:
(P0109B,((P_018831,OSHQ)0:0.3907554328491181,((P_016909,WZFE)0:0.77553190368079,(P0203H,((((SJEV,(P_019193,(P_019187,Wsal)0:0.5835317790672172)0:1.4081771340514484)0:1.2902521904245763,(WKSU,(P_016921,(GAP_81227,(Pcol,(GAP_81226,P_006410)0:1.1574056820013265)0:0.9605738523685086)0:0.4252499039570537)0:0.558646646260397)0:1.1614692870261958)0:1.6721717591397691,((P_025525,(P_011589,(P_025523,P_025527)NA:0.2876820724517809)NA:0.2876820724517809)0:0.9903898977539032,(((Asie,QDVW)0:3.3804667497019993,(P_019189,(PAWA,P_019197)0:0.4048621298079659)0.01231:0.15380089412844833)0.0139:0.15681846378287745,((CSSK,(P_019185,(P2589,OPDF)0:0.35810433407369285)0.00064:0.22341911008541848)0:1.0653689867177842,((P_019191,P_019199)0.01519:0.3243906420394371,(GAP_80417,(GAP_79804,P2590)0:2.8429695190015813)0:0.7119952414627833)0:0.5238616936140966)0:1.4675078358152047)0.00544:0.2443931249651571)0.00007:0.42938823676914667)0.00011:0.2523321314979677,(((WPHN,P_011613)0.34773:0.08016189405285049,(((GAP_79862,P_011587)0:1.2295961258966326,(P_014081,(P0104A,P_008647)0:2.6772420187589807)0:1.6831401456681834)0:1.0227236295338233,(Sdec,(((P2619,P_011609)0:0.964546604444538,((WAIL,MAQO)0:0.3497424055272554,(P_011527,(P_014077,(GAP_80298,(P_014083,GAP_80297)0:2.0005626615171477)0.05715:0.10247418840229011)0.3235:0.10402924994906884)0:1.4880119526311297)0:0.5453650022114186)0.00321:0.13172763336153315,((KRJP,((GAP_80395,P_011549)0:2.8370293210330004,((P_011657,(P_011643,(P_011509,P_011651)0:1.1744493345960565)0.33778:0.06291302379166429)0:1.244008081722299,((GAP_80393,GAP_80394)0:0.9568295891976274,((P_011647,(P_011465,(P_011523,(P_011501,(P_011487,P_011489)0.13038:0.10679605051243032)0.20186:0.06260570161368932)0:1.0723470713557652)0:1.4824390460170995)0.11702:0.11420328835740495,(P_011631,(P_011551,((P_007844,P_011637)0.02389:0.16128534792849636,(P_007843,(P_007783,P_006414)0.00203:0.1952213581986891)0:0.36612640894931625)0.13892:0.09518328437362862)0.00492:0.14166487508944484)0.00158:0.13430043084168888)0:1.1413327424021344)0.14073:0.08953092068049363)0:2.207487954671589)0:0.30453008148200944)0:0.453230275791459,((P_011531,(P_011699,(P_006411,Schi)0:0.8084295709684991)0:0.45669044836292216)0:1.6083564684306533,(VYLQ,(P_018635,(P_008631,(P_011709,((P_011671,(P_008632,P_011579)0.96631:0.010961492724306719)0:1.609785114445436,((P_011719,P_011607)NA:0.2876820724517809,((KAYP,((BCGB,ABSS)0:0.4659409847096459,(WIGA,(Dhai,(Apet,Msal)0.19072:0.14987889166349908)0.00522:0.15627584583558868)0:0.5127200145321127)0.9578:0.010857569056516293)0:0.8895818886633847,((P_006413,(P_011713,P_011705)0.03844:0.19722299583014868)0.04058:0.12445102614080097,((P_016813,((GAP_80390,GAP_80389)0:2.260543763454538,((P_006412,P_008640)0:1.481101777427803,(P_011679,P_008646)0:0.18827793984920674)0.00036:0.24922373482162435)0.02698:0.17384242009816517)0:0.7267796918808729,(P_011701,(P_014073,((P_011673,(P_011537,(P_011677,P_011739)0:1.0379824641052389)0.00717:0.22535291311910977)0.52203:0.019930451111383526,(P_011681,(P_011759,((P_011735,P_011675)0:1.6697788019386586,(P_011715,(P_011745,P_011611)0.00002:0.9378137827716485)0.00005:0.25358682296288154)0:0.3072950104499376)0:0.19120482536592798)0.00012:0.20658913971000156)0.10253:0.17242844956621226)NA:0.29030500808608245)0.00197:0.49600112855460265)0.00081:0.24364100695772045)0:0.3760976103564917)0.15504:0.13813149499818622)0.15853:0.2669096376423131)0.274:0.25636381931451374)NA:0.5908281790277595)0.54214:0.11431502687862581)0:0.5545940712575329)0:0.1986499580851178)0:0.7755525257477999)0:0.2811859402785359)0.36109:0.12004399802166062)0.5871:0.03266498770885431)0:0.5700213464182244)0:1.173685879340679,((OBPL,(((P_018639,P_018779)0:0.3164123551839081,(P_018695,(P_018783,P_018645)0.00003:0.25705286384254106)0:0.4309012379198458)0:0.4921801140003127,((P_016793,(P_006422,P_016795)0:0.716125400345676)0:0.8322391102618858,((P_016797,(P_007845,(GAP_80397,P_016799)0.00056:0.60319880614424)0.00156:0.34260928768861243)0:1.530604125090306,(P_018691,(P_018693,((P_014095,S08)0:0.6600487297960274,((S04,(S38,(S27,P_016789)0.00042:0.473822156065344)0.77497:0.08254862093699948)0.00001:0.5868214664511927,(P_016791,((S02,P_016787)0:3.1399707065513285,(S03,P_014099)0:2.3424529383380888)0.77481:0.0026151021546640192)0.01856:0.1368031870974674)0.00436:0.2261384518314264)0:0.6750094895923985)0.00144:0.3325849725386697)0.07143:0.01530165390423463)0.88425:0.02393907885915238)0.00007:0.2702970873801358)0:0.325551326168081)0:1.6553945799521492,(((P2622,P2623)0.00046:0.20140279482446877,(P0110C,(XQWC,(P0110B,(P0207A,(P0207C,(P0207B,(P0206H,P0206G)0.00002:0.2584074665002695)0.00049:0.2170538313232888)0.02195:0.15110072881582)0.49138:0.028919082852974235)0:0.4741352670384414)0:0.2847056944872562)0:2.1169167860327063)0:0.940234724330455,((GAP_80322,DHPO)0:1.2546834154899582,((P_012795,P_012941)0:3.7658591504002863,((P_012861,((P_012855,(P_012827,P_007802)0:1.9821019271051403)0:1.5891437646317257,((P_012813,P_018637)0:0.8124880061950001,(P_012919,P_012921)0:2.4217027463952774)0:2.173077818096696)0:2.887777290051926)0:0.3422429156655296,(((P_012841,((P_012913,P_012877)0:1.7916857485909803,(P_012811,(P_012891,P_012895)0:0.510092214182712)0:2.7994035364916643)0:2.3384984356672587)0:0.5279015687099075,(P_012797,((((P_012925,P_012883)0:4.138699892029393,(P_012857,(P_012815,P_012903)0:2.102674087151438)0.00731:0.1736343515339388)0.79957:0.02251934989227025,(P_012875,((P_012905,P_012831)0:0.6063064109754259,(P_012901,(P_012851,P_012887)0:3.471659264780331)0.80792:0.03118570655012769)0:0.29509655404117763)0:1.235486667822186)0:1.0381484103598786,(P_018689,(P_012885,((P_012859,(P_006420,GAP_80294)0:1.750820110677851)0.11576:0.10726403808129374,((P_012907,(P_012873,P_012881)0:1.5157329737485021)0.45033:0.05622229430217772,((GAP_80291,(P_012897,(GAP_80293,P_012893)0:2.4251918372304186)0.17681:0.06719906965248545)0.63791:0.05403311930689437,((P_012911,(P_012821,P_012917)0:2.4474284449030677)0:1.4341685207247503,(P_012889,((P_012863,P_006418)0.14444:0.11490007561890364,(P_012793,(GAP_80292,P_006419)0:2.5371379815172634)0.00006:0.2891117336302389)0.37776:0.042199601229910365)0.43035:0.07040329100361563)0.89634:0.016932132000642093)0.36414:0.08115017380490669)0.31385:0.07007902869181812)0.74876:0.03916135806866733)0:2.473757619594781)0:2.005072601706247)0:2.4756962664446696)0.88002:0.02169080843161297)0:2.898178131747832,((P_012867,((P_012817,P_012899)0:2.1499218879720257,(P_012847,P_012923)0:3.873387089841757)0:1.005857712956821)0:3.718111214554545,(P_012843,(((P_012937,(P_012939,P_006421)0:2.0741880574296423)0:4.16618308086467,((P_012803,P_012853)0.42324:0.06172799792658104,(P_012829,P_012837)0:1.7806549021017335)0:0.4017463620096744)0.00016:0.18791971472969435,(((P_012801,(P_012879,P_012809)0:4.16324807752032)0:1.1677695256440317,(YZRI,(P_012839,(P_012805,(P_012799,P_012825)0:0.29521603642561195)0:0.2962672915540934)0:0.2629733852525071)0:0.3604085374582687)0:1.18530533423346,(((PSJT,(P_012927,GAP_80295)0:0.4582084180916524)0:0.5181567648279815,((GAP_81172,P_012833)0:3.4592808036653215,((P_012791,P_012915)0.00807:0.1697935320253462,(P_012869,(P_012823,(P_012819,P_012835)0.60976:0.0463487748812053)0:1.0590095815344482)0:3.1808602185232484)0:2.082080006841049)0.00015:0.1191326444882655)0:1.586098043510821,(P_012909,((P_012865,(P_012931,(P_012935,P_012933)0:2.75153531304195)0:2.8276134473146612)0:0.33575256806108306,((P_012807,P_012845)0:0.6663768825734079,(P_012849,P_012871)0:2.433268739654754)0:0.970699659600579)0:3.4720264088720625)0.6548:0.033183982518344854)0:2.109131951553921)0:2.3465498684457238)0.01458:0.15437609108230202)0:1.4747301480793047)0:1.3502507822159988)0:0.19584653538296198)0:1.37528778539436)0:2.8303315556866004)0:0.2732783000032119)0:0.48687625523911243)0:1.6770539203955241)0:1.2635928335053377)0:1.686853203442947)0:0.6186652677221363)0:0.6329071217686646));
Weight calculation took 65.573195668 secs
ASTRAL finished in 82.666 secs
