
================== ASTRAL ===================== 

This is ASTRAL version 5.7.7
Gene trees are treated as unrooted
197 trees read from all_bs10.trees
index76
All output trees will be *arbitrarily* rooted at P0109B

======== Running the main analysis
Number of taxa: 244 (244 species)
Taxa: [P_006411, P_011671, P_011679, P_011531, P_008632, P_011677, P_011735, P_011675, P_011759, P_011537, P_011715, P_011739, P_011673, P_011745, P_006412, P_011681, P_008640, GAP_80390, GAP_80389, P_008646, P_006413, P_011713, P_011705, P_016813, GAP_80395, P_011549, P_011501, P_011487, P_011489, P_011523, P_007783, P_006414, P_007843, GAP_80393, GAP_80394, P_011643, P_011509, P_011651, P_011657, P_011647, P_011551, P_007844, P_011637, P_011465, P2619, P_014083, P_018635, GAP_80297, P_014077, GAP_80298, P_011527, P_014081, P0104A, P_008647, SJEV, P_019187, Wsal, P_019193, GAP_81227, Pcol, GAP_81226, P_006410, P_016921, PAWA, P2589, P_019185, GAP_80417, GAP_79804, P2590, P_011699, P_019197, P_019189, GAP_79862, Sdec, P_016909, P_018831, P0109B, S04, P_018783, P_018645, P_018695, P_016793, P_006422, P_016795, P_007845, GAP_80397, P_016799, P_016797, S03, P_014099, P_016791, S02, P_016787, S27, P_016789, P_011579, P_018639, P_025523, P_011701, P_011587, P_018691, P_018693, P_018779, P2622, GAP_80322, XQWC, P0110B, P0110C, P0207A, P0207C, P0206H, P0207B, P0206G, P2623, P0203H, Asie, QDVW, CSSK, OPDF, WKSU, WZFE, KRJP, WAIL, MAQO, BCGB, WIGA, ABSS, Apet, Dhai, VYLQ, WPHN, OBPL, DHPO, YZRI, P_012871, PSJT, P_012795, P_012941, P_011609, P_012855, P_012827, P_007802, P_012813, P_018637, P_012919, P_012921, P_012811, P_012891, P_012895, P_018689, P_012859, P_012793, P_012911, P_012889, P_006420, GAP_80294, GAP_80293, P_012873, GAP_80292, P_006419, P_012881, P_012893, GAP_80291, P_012863, P_012821, P_012917, P_006418, P_012885, P_012897, P_012907, P_012797, P_012857, P_012901, P_012851, P_012887, P_012905, P_012831, P_012875, P_012925, P_012883, P_012815, P_012903, P_012913, P_012877, P_012841, P_012861, P_012867, P_012847, P_012923, P_012817, P_012899, P_012937, P_012939, P_006421, P_012843, P_012829, P_012837, P_012909, P_012927, GAP_80295, GAP_81172, P_012833, P_012791, P_012869, P_012819, P_012823, P_012835, P_012915, P_012807, P_012845, P_012849, P_012931, P_012935, P_012933, P_012865, P_012801, P_012879, P_012809, P_012805, P_012799, P_012825, P_012839, P_012803, P_012853, Schi, S38, P_014095, S08, OSHQ, P_025525, P_008631, Msal, KAYP, P_011631, P_011613, P_019191, P_011719, P_025527, P_014073, P_011709, P_019199, P_011611, P_011607, P_011589]
Taxon occupancy: {P_019193=175, P_019191=87, P_019197=183, OPDF=191, GAP_81172=196, P_018783=192, P_019199=69, Wsal=176, P_016921=193, WKSU=197, P_025523=34, P_025525=60, P_025527=24, P_014073=33, P0203H=143, P_014077=125, QDVW=194, P_011487=193, P_011489=195, P_016813=177, P_006421=196, P_006422=193, P_006420=166, P_006418=196, P_006419=197, P_006414=194, P_014081=145, P_014083=158, P_018689=197, P0206H=187, P0206G=176, Msal=172, P0109B=107, P_006410=191, P_012901=195, P_006411=191, P_006412=192, P_012903=195, P_006413=189, P_012905=196, PAWA=190, GAP_79862=190, P_012907=197, ABSS=194, P_012909=195, P_018691=95, GAP_80291=197, P_018695=189, P_014095=92, GAP_80293=196, P_018693=189, GAP_80292=197, GAP_80295=194, P_014099=189, GAP_80294=196, GAP_80297=193, GAP_80298=191, P_011701=39, P_012911=196, P_012913=173, P_011705=109, P_012915=192, P_012917=193, P_012919=193, P_011709=21, P_011671=116, P_012881=197, P_011551=142, P_011673=166, MAQO=195, P_012883=197, P_011675=181, GAP_80322=195, P_012885=195, P2590=168, P_011677=159, P_012887=196, P_011679=171, P_012889=194, P_008647=185, PSJT=191, P2589=173, P_011681=142, P_012891=195, P_012893=196, P_018637=195, P_012895=196, P_018635=181, P_012897=196, P0207C=191, P0207B=191, P_012899=195, P_018639=186, P0207A=192, P_008646=194, P_008640=193, BCGB=194, WZFE=193, P_018645=189, KRJP=194, KAYP=119, P_011699=112, P_011579=157, CSSK=188, P_008632=191, P_007783=186, P_016909=194, P_008631=40, P_019187=190, P_019185=186, Sdec=48, P_019189=170, P_012791=195, P_012793=194, Asie=156, P_012795=194, P_011465=194, P_018779=164, P_011587=158, P_012797=196, P_012799=196, P_011589=3, GAP_80417=119, WIGA=191, GAP_79804=155, P_007802=173, P_012841=194, P_011631=167, Pcol=168, P_012843=195, P_012845=194, P_011637=193, P_012847=189, P_011759=183, P_012849=195, Apet=90, OBPL=194, P0110C=181, P_018831=192, P0110B=143, YZRI=193, P_012851=195, P_011643=196, P_012853=193, P_011523=195, P_012855=194, P_011647=181, P_012857=194, P_011527=121, P_012859=195, WAIL=195, P_016789=188, P_011651=181, P_012861=196, P_011531=169, P_016787=192, P_012863=196, P_012865=195, Schi=165, P_011657=182, P_012867=195, P_011537=151, P_012869=195, P_016793=188, P_016791=192, P_016797=194, SJEV=194, P_016795=189, P_012871=190, P_012873=195, P_016799=193, P_012875=196, P_012877=194, P_012879=197, P_011549=187, P_007844=151, P_007845=36, S02=156, S04=61, P_012921=188, S03=186, P_012801=195, P_011713=143, P_012923=196, P_012803=194, P_011715=170, P_012925=195, S08=138, P_007843=179, P_012805=194, P_012927=196, P_012807=192, P_011719=21, P_012809=195, VYLQ=195, DHPO=197, GAP_80390=176, P2622=150, P2623=74, GAP_80394=195, XQWC=196, GAP_80393=195, GAP_80395=195, GAP_80397=193, P_012931=196, P_012811=195, WPHN=195, P_012933=190, P_012813=195, P_012935=193, P_012815=194, P_012937=196, P_012817=194, P_011607=6, P_012939=193, P_011609=135, P_012819=191, P2619=130, OSHQ=193, GAP_80389=186, P_012941=197, P_012821=195, P_011611=34, P_012823=194, P_011613=66, P_011735=193, S27=160, P_012825=197, P_012827=186, P_011739=170, P_012829=145, Dhai=188, P0104A=171, P_012831=189, P_011501=195, GAP_81226=194, P_012833=194, P_011745=180, GAP_81227=194, P_012835=194, S38=57, P_012837=195, P_012839=192, P_011509=194}
Number of gene trees: 197
197 trees have missing taxa
Calculating quartet distance matrix (for completion of X)
Species tree distances calculated ...
Will attempt to complete bipartitions from X before adding using a distance matrix.
Building set of clusters (X) from gene trees 
------------------------------
gradient0: 25557
Number of Clusters after addition by distance: 25557
calculating extra bipartitions to be added at level 1 ...
Adding to X using resolutions of greedy consensus ...
Limit for sigma of degrees:6150
polytomy size limit : 31
discarded polytomies:  [3, 3, 3, 3, 3, 3, 3, 3, 3, 3, 3, 3, 3, 3, 3, 3, 3, 3, 3, 3, 3, 3, 4, 4, 4, 4, 4, 4, 4, 4, 4, 4, 4, 4, 5, 5, 5, 6, 6, 6, 6, 8, 9, 10, 10, 12, 12, 13, 14, 14, 31]
Threshold 0.0:
Threshold 0.01:
polytomy of size 4; rounds with additions with at least 5 support: 0; clusters: 25573
Threshold 0.02:
polytomy of size 3; rounds with additions with at least 5 support: 0; clusters: 25573
polytomy of size 3; rounds with additions with at least 5 support: 0; clusters: 25573
polytomy of size 6; rounds with additions with at least 5 support: 1; clusters: 25615
Threshold 0.05:
polytomy of size 4; rounds with additions with at least 5 support: 0; clusters: 25615
polytomy of size 4; rounds with additions with at least 5 support: 0; clusters: 25617
polytomy of size 8; rounds with additions with at least 5 support: 0; clusters: 25619
polytomy of size 3; rounds with additions with at least 5 support: 0; clusters: 25619
Threshold 0.1:
polytomy of size 3; rounds with additions with at least 5 support: 0; clusters: 25619
polytomy of size 3; rounds with additions with at least 5 support: 0; clusters: 25619
polytomy of size 4; rounds with additions with at least 5 support: 0; clusters: 25619
polytomy of size 3; rounds with additions with at least 5 support: 0; clusters: 25619
polytomy of size 6; rounds with additions with at least 5 support: 0; clusters: 25625
polytomy of size 3; rounds with additions with at least 5 support: 0; clusters: 25625
polytomy of size 12; rounds with additions with at least 5 support: 1; clusters: 25637
polytomy of size 4; rounds with additions with at least 5 support: 1; clusters: 25639
Threshold 0.2:
polytomy of size 10; rounds with additions with at least 5 support: 0; clusters: 25645
polytomy of size 4; rounds with additions with at least 5 support: 0; clusters: 25645
polytomy of size 13; rounds with additions with at least 5 support: 0; clusters: 25645
polytomy of size 3; rounds with additions with at least 5 support: 0; clusters: 25645
polytomy of size 3; rounds with additions with at least 5 support: 0; clusters: 25645
polytomy of size 4; rounds with additions with at least 5 support: 0; clusters: 25645
polytomy of size 5; rounds with additions with at least 5 support: 0; clusters: 25647
polytomy of size 3; rounds with additions with at least 5 support: 0; clusters: 25647
polytomy of size 3; rounds with additions with at least 5 support: 0; clusters: 25647
polytomy of size 14; rounds with additions with at least 5 support: 0; clusters: 25649
polytomy of size 9; rounds with additions with at least 5 support: 0; clusters: 25663
Threshold 0.3333333333333333:
polytomy of size 3; rounds with additions with at least 5 support: 0; clusters: 25663
polytomy of size 3; rounds with additions with at least 5 support: 0; clusters: 25663
polytomy of size 4; rounds with additions with at least 5 support: 0; clusters: 25663
polytomy of size 3; rounds with additions with at least 5 support: 0; clusters: 25663
polytomy of size 10; rounds with additions with at least 5 support: 0; clusters: 25663
polytomy of size 6; rounds with additions with at least 5 support: 0; clusters: 25663
polytomy of size 3; rounds with additions with at least 5 support: 0; clusters: 25663
polytomy of size 3; rounds with additions with at least 5 support: 0; clusters: 25663
polytomy of size 12; rounds with additions with at least 5 support: 0; clusters: 25663
polytomy of size 14; rounds with additions with at least 5 support: 0; clusters: 25663
polytomy of size 4; rounds with additions with at least 5 support: 0; clusters: 25663
polytomy of size 4; rounds with additions with at least 5 support: 0; clusters: 25663
polytomy of size 3; rounds with additions with at least 5 support: 0; clusters: 25663
polytomy of size 3; rounds with additions with at least 5 support: 0; clusters: 25663
polytomy of size 3; rounds with additions with at least 5 support: 0; clusters: 25663
polytomy of size 3; rounds with additions with at least 5 support: 0; clusters: 25663
polytomy of size 4; rounds with additions with at least 5 support: 0; clusters: 25663
polytomy of size 6; rounds with additions with at least 5 support: 0; clusters: 25663
polytomy of size 4; rounds with additions with at least 5 support: 0; clusters: 25663
polytomy of size 5; rounds with additions with at least 5 support: 0; clusters: 25663
polytomy of size 3; rounds with additions with at least 5 support: 0; clusters: 25663
polytomy of size 3; rounds with additions with at least 5 support: 0; clusters: 25663
polytomy of size 5; rounds with additions with at least 5 support: 0; clusters: 25663
polytomy of size 31; rounds with additions with at least 5 support: 0; clusters: 25705
max k is :2
Number of Clusters after addition by greedy: 25705
gradient0 in heuristiic: 25705
partitions formed in 9.318 secs
Dynamic Programming starting after 9.318 secs
Using tree-based weight calculation.
Using polytree-based weight calculation.
Polytree max score: 16325430006
Polytree building time: 0.13 seconds.
Number of quartet trees in the gene trees: 16325430006
Size of largest cluster: 244
Greedy score: 14893816939
estimationFactor: 1.0961213014006685
Sub-optimal score: 15031450800
Total Number of elements weighted: 67086
Normalized score (portion of input quartet trees satisfied before correcting for multiple individuals): 0.9280207940882338
Optimization score: 15150338518
Optimal tree inferred in 84.163 secs.
(P_012871,(P_012849,((P_012807,P_012845),((P_012865,(P_012931,(P_012935,P_012933))),(P_012909,(((PSJT,(P_012927,GAP_80295)),((GAP_81172,P_012833),((P_012791,P_012915),(P_012869,(P_012823,(P_012819,P_012835)))))),(((P_012801,(P_012879,P_012809)),(YZRI,(P_012839,(P_012805,(P_012799,P_012825))))),(((P_012937,(P_012939,P_006421)),((P_012803,P_012853),(P_012829,P_012837))),(P_012843,((P_012867,((P_012817,P_012899),(P_012847,P_012923))),(((P_012841,((P_012913,P_012877),(P_012811,(P_012891,P_012895)))),(P_012797,((((P_012925,P_012883),(P_012857,(P_012815,P_012903))),(P_012875,((P_012905,P_012831),(P_012901,(P_012851,P_012887))))),(P_018689,(P_012885,((P_012859,(P_006420,GAP_80294)),((P_012907,(P_012873,P_012881)),(((P_012793,(GAP_80292,P_006419)),(P_012889,(P_012863,P_006418))),((P_012911,(P_012821,P_012917)),(GAP_80291,(P_012897,(GAP_80293,P_012893)))))))))))),((P_012861,((P_012855,(P_012827,P_007802)),((P_012813,P_018637),(P_012919,P_012921)))),((P_012795,P_012941),((GAP_80322,DHPO),(((P2622,P2623),(P0110C,(XQWC,(P0110B,(P0207A,(P0207C,(P0207B,(P0206H,P0206G)))))))),((OBPL,(((P_018639,P_018779),(P_018695,(P_018783,P_018645))),(P_018691,((P_016793,(P_006422,P_016795)),((P_016797,(P_007845,(GAP_80397,P_016799))),(P_018693,((P_014095,S08),((S04,(S38,(S27,P_016789))),(P_016791,((S03,P_014099),(S02,P_016787))))))))))),(((P0203H,((P_016909,WZFE),(P0109B,(P_018831,OSHQ)))),(((SJEV,(P_019193,(P_019187,Wsal))),(WKSU,(P_016921,(GAP_81227,(Pcol,(GAP_81226,P_006410)))))),((P_025525,(P_011589,(P_025523,P_025527))),(((Asie,QDVW),(P_019189,(PAWA,P_019197))),((CSSK,(P_019185,(P2589,OPDF))),((P_019191,P_019199),(GAP_80417,(GAP_79804,P2590)))))))),((WPHN,P_011613),(((GAP_79862,P_011587),(P_014081,(P0104A,P_008647))),(Sdec,(((P2619,P_011609),((WAIL,MAQO),(P_011527,(P_014077,(GAP_80298,(P_014083,GAP_80297)))))),(((KRJP,(GAP_80395,P_011549)),((P_011657,(P_011643,(P_011509,P_011651))),((GAP_80393,GAP_80394),((P_011647,(P_011465,(P_011523,(P_011501,(P_011487,P_011489))))),(P_011631,(P_011551,((P_007844,P_011637),(P_007843,(P_007783,P_006414))))))))),((P_011531,(P_011699,(P_006411,Schi))),(VYLQ,(P_018635,(P_008631,(P_011709,((P_011579,(P_011671,P_008632)),((P_011719,P_011607),((KAYP,((BCGB,ABSS),(WIGA,(Dhai,(Apet,Msal))))),((P_006413,(P_011713,P_011705)),((P_016813,((GAP_80390,GAP_80389),(P_011679,(P_008646,(P_006412,P_008640))))),(P_011701,(P_014073,((P_011673,(P_011537,(P_011677,P_011739))),(P_011681,(P_011759,((P_011735,P_011675),(P_011715,(P_011745,P_011611))))))))))))))))))))))))))))))))))))))));
Final quartet score is: 15150338518
Final normalized quartet score is: 0.9280207940882338
You may want to ignore posterior probabilities and other statistics related to the following branch branch because the effective number of genes impacting it is only 1:
	{P_025523, P_025527}
You may want to ignore posterior probabilities and other statistics related to the following branch branch because the effective number of genes impacting it is only 1:
	{P_025523, P_025527, P_011589}
You may want to ignore posterior probabilities and other statistics related to the following branch branch because the effective number of genes impacting it is only 1:
	{P_011719, P_011607}
You may want to ignore posterior probabilities and other statistics related to the following branch branch because the effective number of genes impacting it is only 7:
	{P_011677, P_011735, P_011675, P_011759, P_011537, P_011715, P_011739, P_011673, P_011745, P_011681, P_014073, P_011611}
You may want to ignore posterior probabilities and other statistics related to the following branch branch because the effective number of genes impacting it is only 6:
	{P_011671, P_011679, P_008632, P_011677, P_011735, P_011675, P_011759, P_011537, P_011715, P_011739, P_011673, P_011745, P_006412, P_011681, P_008640, GAP_80390, GAP_80389, P_008646, P_006413, P_011713, P_011705, P_016813, P_011579, P_011701, BCGB, WIGA, ABSS, Apet, Dhai, Msal, KAYP, P_011719, P_014073, P_011709, P_011611, P_011607}
Extended species tree:
(P0109B,((P_018831,OSHQ)1:0.4005082013068367,((P_016909,WZFE)1:0.8035186355031522,(P0203H,((((SJEV,(P_019193,(P_019187,Wsal)1:0.6121825136096724)1:1.3343507402949446)1:1.3009569303656892,(WKSU,(P_016921,(GAP_81227,(Pcol,(GAP_81226,P_006410)1:1.141133019655591)1:0.9608140103610053)1:0.41839843249550107)1:0.550245933566933)1:1.1719211982345152)1:1.682803510516278,((P_025525,(P_011589,(P_025523,P_025527)0.67:0.2876820724517809)0.67:0.2876820724517809)1:0.9903898977539032,(((Asie,QDVW)1:3.386939465625376,(P_019189,(PAWA,P_019197)1:0.4179714470594395)0.97:0.1491425092791948)0.99:0.1581658878062358,((CSSK,(P_019185,(P2589,OPDF)1:0.3642200524139003)1:0.22906817907657853)1:1.0770060144963893,((P_019191,P_019199)0.99:0.32292030463186155,(GAP_80417,(GAP_79804,P2590)1:2.6485360735698027)1:0.7112637088349015)1:0.5417754819626703)1:1.4751891283721463)0.98:0.24487101017954863)1:0.44384908558047576)1:0.2528896168973789,(((WPHN,P_011613)0.49:0.06933758400157854,(((GAP_79862,P_011587)1:1.2427537206050767,(P_014081,(P0104A,P_008647)1:2.692393823779582)1:1.6973902089106838)1:1.0339136189321592,(Sdec,(((P2619,P_011609)1:0.9846258163766002,((WAIL,MAQO)1:0.34901024076081716,(P_011527,(P_014077,(GAP_80298,(P_014083,GAP_80297)1:2.0133833499462095)0.73:0.09715058983282877)0.78:0.10397249888822169)1:1.4880119526311297)1:0.5587363168574477)0.8:0.12909824050810484,(((KRJP,(GAP_80395,P_011549)1:1.8100849255238987)0.02:0.2316565883175123,((P_011657,(P_011643,(P_011509,P_011651)1:1.152790032399274)0.63:0.05718700230876757)1:1.2322530267882577,((GAP_80393,GAP_80394)1:0.9484407515630667,((P_011647,(P_011465,(P_011523,(P_011501,(P_011487,P_011489)0.94:0.10854857652424216)0.76:0.07749728685265475)1:1.0594107142194742)1:1.4564281331676658)0.95:0.12195453147781884,(P_011631,(P_011551,((P_007844,P_011637)0.98:0.15810184835350333,(P_007843,(P_007783,P_006414)1:0.19620299556124543)1:0.3838282044274482)0.76:0.09286443979969702)0.73:0.12900681281306028)0.87:0.13713624162579724)1:1.1532410067062728)0.86:0.08874562574429917)1:2.3784163813529418)1:1.2845573714941734,((P_011531,(P_011699,(P_006411,Schi)1:0.8185819424325173)1:0.49095337685252355)1:1.620433126592377,(VYLQ,(P_018635,(P_008631,(P_011709,((P_011579,(P_011671,P_008632)0.33:0.0)1:1.4183675140807142,((P_011719,P_011607)0.67:0.2876820724517809,((KAYP,((BCGB,ABSS)1:0.4581845954199866,(WIGA,(Dhai,(Apet,Msal)0.86:0.13646075767291382)0.99:0.17403785168421837)1:0.499668534341488)0.38:0.008177399693245825)1:0.9047008607982517,((P_006413,(P_011713,P_011705)0.95:0.18641517757501697)0.84:0.11685686568447345,((P_016813,((GAP_80390,GAP_80389)1:2.2440078164984594,(P_011679,(P_008646,(P_006412,P_008640)1:1.349854435802196)0.7:0.19181326911413638)0.94:0.1733735055255322)0.98:0.1648539122253186)1:0.7430071432887009,(P_011701,(P_014073,((P_011673,(P_011537,(P_011677,P_011739)1:1.046340340123498)0.99:0.209112858879586)0.36:0.019115237415050595,(P_011681,(P_011759,((P_011735,P_011675)1:1.6355403116407738,(P_011715,(P_011745,P_011611)1:0.9735565871316307)1:0.2473407862015657)1:0.3070539258220639)0.52:0.1874106777499453)0.97:0.20993762391592125)0.62:0.16447765672366774)0.71:0.29030500808608245)0.99:0.4987633605742613)1:0.23882434575381856)1:0.3766984071527676)0.51:0.10978766019376451)0.92:0.29490505618582086)0.79:0.23192729283722188)0.92:0.5908281790277595)0.68:0.11431502687862581)1:0.546768012703576)0.96:0.2090740543256462)1:0.8032865009863468)1:0.2818455296187571)0.7:0.12865736235654596)0.44:0.043899487973409264)1:0.5520371792725866)1:1.1805609790317357,((OBPL,(((P_018639,P_018779)1:0.3165665668066391,(P_018695,(P_018783,P_018645)1:0.25695424609188905)1:0.43561123127928164)1:0.4804623778322291,(P_018691,((P_016793,(P_006422,P_016795)1:0.7276154048942188)1:0.8259974483787312,((P_016797,(P_007845,(GAP_80397,P_016799)1:0.6330391005344772)0.92:0.31296996866646304)1:1.567884303772717,(P_018693,((P_014095,S08)1:0.6644307573577146,((S04,(S38,(S27,P_016789)1:0.4492621797387846)0.56:0.08254862093699948)1:0.6060335427480364,(P_016791,((S03,P_014099)1:2.347375683507102,(S02,P_016787)1:3.1528361448205646)0.3:0.0025342656312443298)0.93:0.12965596532501822)1:0.2228079988573304)1:0.6554913631517418)0.99:0.17701803268683422)0.52:0.030598838498690835)0.8:0.11383000909628567)0.94:0.17579491122672017)1:0.3129047172534501)1:1.6658897861667958,(((P2622,P2623)0.74:0.20399755970657038,(P0110C,(XQWC,(P0110B,(P0207A,(P0207C,(P0207B,(P0206H,P0206G)1:0.26407909720192124)1:0.21003754218909712)0.99:0.15243433281034813)0.41:0.028286099649538352)1:0.44787776993197587)0.99:0.3073739515532545)1:2.1305502463218438)1:0.9404897283016415,((GAP_80322,DHPO)1:1.265276860164058,((P_012795,P_012941)1:3.776169689316229,((P_012861,((P_012855,(P_012827,P_007802)1:2.000228744166122)1:1.5609396396524589,((P_012813,P_018637)1:0.805361843010559,(P_012919,P_012921)1:2.4323980355120263)1:2.183440605132242)1:2.898078891378915)1:0.32560102487712067,(((P_012841,((P_012913,P_012877)1:1.8033137865860993,(P_012811,(P_012891,P_012895)1:0.5204550012182586)1:2.80982029734992)1:2.348915196525515)1:0.5374225041504456,(P_012797,((((P_012925,P_012883)1:4.149010267963846,(P_012857,(P_012815,P_012903)1:2.113260441366986)1:0.17772850308829022)0.47:0.024202288919548794,(P_012875,((P_012905,P_012831)1:0.6071885344087942,(P_012901,(P_012851,P_012887)1:3.4819688793391217)0.52:0.029519487813345915)1:0.29849172382288347)1:1.2266965967732804)1:1.0722236755190768,(P_018689,(P_012885,((P_012859,(P_006420,GAP_80294)1:1.769419663627306)0.85:0.09717919683486503,((P_012907,(P_012873,P_012881)1:1.4895122932782723)0.63:0.05961035825992676,(((P_012793,(GAP_80292,P_006419)1:2.5475474229499984)1:0.29495302816762936,(P_012889,(P_012863,P_006418)0.67:0.06255943517582925)0.51:0.043856761297684455)0.93:0.13017466319516682,((P_012911,(P_012821,P_012917)1:2.457960380594476)1:1.3394439897818697,(GAP_80291,(P_012897,(GAP_80293,P_012893)1:2.4358334734261966)0.61:0.06975929286252246)0.65:0.05938657703119964)0.41:0.015651454826742385)0.77:0.08061553359121679)0.73:0.07633832644723852)0.5:0.02966289574069266)1:2.484382409024145)1:2.0593165801587987)1:2.486043756758155)0.48:0.02146606862365757)1:2.9083773469125176,((P_012867,((P_012817,P_012899)1:2.1602846750075715,(P_012847,P_012923)1:3.884028108520466)1:1.0374820066618875)1:3.728378116458952,(P_012843,(((P_012937,(P_012939,P_006421)1:2.0187855438691713)1:4.171324480365086,((P_012803,P_012853)0.69:0.05535026619162966,(P_012829,P_012837)1:1.787575344946308)1:0.41162245982220413)1:0.1820365912582829,(((P_012801,(P_012879,P_012809)1:4.173610864555866)1:1.178173626393248,(YZRI,(P_012839,(P_012805,(P_012799,P_012825)1:0.3054814803739401)1:0.29610553039149257)0.99:0.24606766408027098)1:0.3822948466895942)1:1.19458140459146,(((PSJT,(P_012927,GAP_80295)1:0.4437200249710322)1:0.542210887966098,((GAP_81172,P_012833)1:3.4696970663488704,((P_012791,P_012915)0.99:0.1617262619664623,(P_012869,(P_012823,(P_012819,P_012835)0.7:0.0569874279945846)1:1.0471250836763628)1:3.1911873326790983)1:2.0923365070082385)0.52:0.1121068314318649)1:1.608884555596601,(P_012909,((P_012865,(P_012931,(P_012935,P_012933)1:2.7621174223724854)1:2.8380302081729165)1:0.3489026752681533,((P_012807,P_012845)1:0.6615166540108574,(P_012849,P_012871)1:2.4438508489852913)1:0.9912536998090999)1:3.4822958949185527)0.48:0.026769495076155864)1:2.125172118453747)1:2.3661223095248025)0.99:0.14870892819843723)1:1.5099109986831385)1:1.3893078881965815)1:0.20377124648070843)1:1.4168918572765414)1:2.8406798081166142)1:0.2742737168390579)1:0.48481521338634637)1:1.6871886184109155)1:1.288315046976026)1:1.7014862507852113)1:0.6328057893834526)1:0.642231447047661));
Weight calculation took 72.522652443 secs
ASTRAL finished in 86.273 secs
