
================== ASTRAL ===================== 

This is ASTRAL version 5.7.7
Gene trees are treated as unrooted
14 trees read from all_bs10.trees
index16
All output trees will be *arbitrarily* rooted at P0109B

======== Running the main analysis
Number of taxa: 243 (243 species)
Taxa: [GAP_80395, P_011527, MAQO, KRJP, WAIL, GAP_80297, P_014083, GAP_80298, P_014077, Sdec, P_011609, P2619, WPHN, P0203H, P_016909, WZFE, P0109B, P_018831, OSHQ, P_019189, PAWA, P_019197, P_025525, Asie, QDVW, CSSK, P2589, P_019185, OPDF, GAP_80417, P2590, GAP_79804, SJEV, Wsal, P_019187, P_019193, WKSU, GAP_81227, Pcol, GAP_81226, P_006410, P_016921, P_018645, P_018639, P_018779, P_018783, P_018695, P_014095, S08, S04, S27, P_016789, P_016791, S03, P_014099, P_016787, S02, P_018693, P_006422, P_016795, P_016793, P_007845, P_016797, OBPL, GAP_80397, P_016799, P0110C, P0207C, P0206H, P0206G, P0207B, XQWC, P0110B, P0207A, P2623, P2622, DHPO, GAP_80322, P_012795, P_012941, P_012861, P_012855, P_007802, P_012827, P_012813, P_018637, P_012921, P_012919, P_012843, P_012879, P_012809, P_012801, P_012805, P_012825, P_012839, P_012799, P_012865, P_012931, P_012935, P_012933, P_012849, P_012871, P_012807, P_012845, P_012909, GAP_81172, P_012833, P_012869, P_012835, P_012819, P_012823, P_012915, P_012791, YZRI, PSJT, GAP_80295, P_012927, P_012803, P_012937, P_012939, P_006421, P_012837, P_012829, P_012853, P_012867, P_012899, P_012817, P_012847, P_012923, P_012925, P_012883, P_012815, P_012903, P_012905, P_012831, P_012851, P_012887, P_012901, P_012875, P_012857, P_018689, P_012859, P_012897, GAP_80291, P_012907, P_012881, P_012873, P_012889, P_006418, P_012863, P_006420, GAP_80294, P_012893, GAP_80293, P_006419, GAP_80292, P_012793, P_012885, P_012911, P_012917, P_012821, P_012841, P_012797, P_012877, P_012913, P_012811, P_012895, P_012891, P_008647, P0104A, P_011587, GAP_79862, P_014081, P_011531, P_006411, Schi, P_011699, P_011671, P_008632, P_011579, GAP_80389, GAP_80390, P_008646, P_006412, P_008640, P_011679, P_006413, P_011677, P_011739, P_011745, P_011681, P_011715, P_011735, P_011675, P_011537, P_011759, P_011705, Dhai, VYLQ, Apet, WIGA, Msal, BCGB, ABSS, P_011673, P_011713, P_016813, P_011613, P_011709, P_018635, GAP_80394, P_011657, P_011643, P_011651, P_011509, P_011465, P_011489, P_011501, P_011487, P_011523, P_011631, P_011647, P_007783, P_007843, P_006414, P_011637, P_007844, P_011551, GAP_80393, P_011549, P_019191, P_014073, S38, P_019199, P_025527, P_008631, P_011701, P_011611, P_018691, KAYP, P_025523, P_011607, P_011719]
Taxon occupancy: {P_019193=13, P_019191=8, P_019197=14, OPDF=14, GAP_81172=14, P_018783=14, P_019199=6, Wsal=14, P_016921=14, WKSU=14, P_025523=1, P_025525=5, P_025527=3, P_014073=5, P0203H=12, P_014077=13, QDVW=14, P_011487=14, P_011489=14, P_016813=14, P_006421=14, P_006422=14, P_006420=13, P_006418=14, P_006419=14, P_014081=13, P_006414=14, P_014083=13, P_018689=14, P0206H=14, P0206G=14, Msal=13, P0109B=13, P_006410=14, P_012901=14, P_006411=14, P_012903=14, P_006412=14, P_006413=14, P_012905=14, PAWA=14, P_012907=14, GAP_79862=14, ABSS=14, P_012909=13, P_018691=11, GAP_80291=14, P_018695=14, P_014095=10, GAP_80293=14, P_018693=14, GAP_80292=14, GAP_80295=14, P_014099=14, GAP_80294=14, GAP_80297=14, GAP_80298=14, P_012911=14, P_011701=5, P_012913=13, P_012915=13, P_011705=11, P_012917=14, P_012919=14, P_011709=1, P_012881=14, P_011671=10, P_011551=13, MAQO=14, P_012883=14, P_011673=14, GAP_80322=13, P_012885=14, P_011675=14, P2590=13, P_012887=14, P_011677=14, P_012889=14, P_011679=14, P_008647=14, PSJT=14, P2589=14, P_012891=14, P_011681=14, P_012893=14, P_018637=14, P_012895=14, P_018635=14, P_012897=14, P0207C=14, P0207B=14, P_012899=14, P_018639=14, P0207A=14, P_008646=14, P_008640=14, BCGB=14, WZFE=14, P_018645=14, KRJP=14, KAYP=6, P_011699=7, P_011579=14, CSSK=14, P_008632=13, P_016909=13, P_007783=14, P_008631=4, P_019187=14, P_019185=14, Sdec=7, P_019189=14, P_012791=14, P_012793=14, Asie=11, P_012795=14, P_018779=14, P_011465=14, P_012797=14, P_011587=14, P_012799=14, GAP_80417=11, WIGA=14, GAP_79804=13, P_007802=14, P_012841=14, P_011631=14, Pcol=14, P_012843=14, P_012845=14, P_012847=13, P_011637=14, P_011759=14, P_012849=14, Apet=9, OBPL=14, P0110C=14, P_018831=14, P0110B=13, YZRI=14, P_012851=14, P_012853=14, P_011643=14, P_011523=14, P_012855=14, P_012857=14, P_011647=14, P_011527=14, P_012859=14, WAIL=14, P_016789=14, P_012861=14, P_011651=14, P_016787=14, P_011531=13, P_012863=14, P_012865=14, Schi=13, P_012867=14, P_011657=14, P_011537=14, P_012869=14, P_016793=14, P_016791=14, P_016797=14, SJEV=13, P_016795=14, P_012871=14, P_012873=14, P_016799=14, P_012875=14, P_012877=14, P_012879=14, P_011549=14, P_007844=14, P_007845=7, S02=14, S04=10, P_012921=14, S03=14, P_012801=14, P_012923=14, P_011713=12, P_012803=14, S08=14, P_012925=14, P_011715=13, P_012805=14, P_007843=14, P_012927=14, P_012807=14, P_011719=1, P_012809=14, VYLQ=14, DHPO=14, GAP_80390=13, P2622=13, P2623=8, XQWC=14, GAP_80394=14, GAP_80393=14, GAP_80395=14, GAP_80397=14, P_012931=14, P_012811=14, WPHN=14, P_012933=14, P_012813=14, P_012935=14, P_012815=14, P_012937=14, P_012817=13, P_011607=1, P_012939=14, P_011609=13, P_012819=14, P2619=14, OSHQ=14, GAP_80389=14, P_012941=14, P_012821=14, P_011611=3, P_012823=14, P_011613=9, P_011735=14, S27=13, P_012825=14, P_012827=14, P_011739=14, P_012829=14, Dhai=14, P0104A=13, P_012831=14, P_011501=14, GAP_81226=14, P_012833=14, GAP_81227=14, P_011745=14, P_012835=14, S38=7, P_012837=14, P_012839=14, P_011509=14}
Number of gene trees: 14
14 trees have missing taxa
Calculating quartet distance matrix (for completion of X)
Species tree distances calculated ...
Will attempt to complete bipartitions from X before adding using a distance matrix.
Building set of clusters (X) from gene trees 
------------------------------
gradient0: 3477
Number of Clusters after addition by distance: 3477
calculating extra bipartitions to be added at level 1 ...
Adding to X using resolutions of greedy consensus ...
Limit for sigma of degrees:6125
polytomy size limit : 20
discarded polytomies:  [3, 3, 3, 3, 3, 3, 3, 3, 3, 3, 3, 3, 3, 3, 4, 4, 4, 4, 4, 5, 5, 5, 5, 6, 6, 7, 10, 10, 13, 13, 20]
Threshold 0.0:
Threshold 0.01:
Threshold 0.02:
Threshold 0.05:
Threshold 0.1:
polytomy of size 3; rounds with additions with at least 5 support: 0; clusters: 3479
polytomy of size 7; rounds with additions with at least 5 support: 0; clusters: 3501
polytomy of size 5; rounds with additions with at least 5 support: 1; clusters: 3515
polytomy of size 4; rounds with additions with at least 5 support: 0; clusters: 3515
Threshold 0.2:
polytomy of size 3; rounds with additions with at least 5 support: 0; clusters: 3515
polytomy of size 3; rounds with additions with at least 5 support: 0; clusters: 3515
polytomy of size 4; rounds with additions with at least 5 support: 0; clusters: 3519
polytomy of size 3; rounds with additions with at least 5 support: 1; clusters: 3521
polytomy of size 10; rounds with additions with at least 5 support: 0; clusters: 3527
polytomy of size 3; rounds with additions with at least 5 support: 0; clusters: 3529
polytomy of size 3; rounds with additions with at least 5 support: 0; clusters: 3529
polytomy of size 13; rounds with additions with at least 5 support: 0; clusters: 3575
polytomy of size 4; rounds with additions with at least 5 support: 0; clusters: 3579
Threshold 0.3333333333333333:
polytomy of size 3; rounds with additions with at least 5 support: 0; clusters: 3579
polytomy of size 3; rounds with additions with at least 5 support: 0; clusters: 3579
polytomy of size 6; rounds with additions with at least 5 support: 0; clusters: 3583
polytomy of size 3; rounds with additions with at least 5 support: 0; clusters: 3583
polytomy of size 3; rounds with additions with at least 5 support: 0; clusters: 3583
polytomy of size 4; rounds with additions with at least 5 support: 0; clusters: 3589
polytomy of size 3; rounds with additions with at least 5 support: 0; clusters: 3589
polytomy of size 5; rounds with additions with at least 5 support: 0; clusters: 3593
polytomy of size 6; rounds with additions with at least 5 support: 0; clusters: 3597
polytomy of size 5; rounds with additions with at least 5 support: 0; clusters: 3599
polytomy of size 13; rounds with additions with at least 5 support: 0; clusters: 3601
polytomy of size 4; rounds with additions with at least 5 support: 0; clusters: 3601
polytomy of size 3; rounds with additions with at least 5 support: 0; clusters: 3601
polytomy of size 5; rounds with additions with at least 5 support: 0; clusters: 3601
polytomy of size 3; rounds with additions with at least 5 support: 0; clusters: 3601
polytomy of size 3; rounds with additions with at least 5 support: 0; clusters: 3601
polytomy of size 20; rounds with additions with at least 5 support: 0; clusters: 3647
polytomy of size 10; rounds with additions with at least 5 support: 0; clusters: 3673
max k is :2
Number of Clusters after addition by greedy: 3673
gradient0 in heuristiic: 3673
partitions formed in 4.907 secs
Dynamic Programming starting after 4.907 secs
Using tree-based weight calculation.
Using polytree-based weight calculation.
Polytree max score: 1466359348
Polytree building time: 0.032 seconds.
Number of quartet trees in the gene trees: 1466359348
Size of largest cluster: 243
Greedy score: 1382967766
estimationFactor: 1.0602990062748867
Sub-optimal score: 1389800875
Total Number of elements weighted: 5060
Normalized score (portion of input quartet trees satisfied before correcting for multiple individuals): 0.9547133074231952
Optimization score: 1399952783
Optimal tree inferred in 5.959 secs.
(P_008646,((P_006412,P_008640),((GAP_80390,(GAP_80389,P_011719)),(P_011679,(P_016813,((P_011759,(((P_011673,P_011701),(P_011537,(P_011677,P_011739))),(P_011681,((P_011735,P_011675),(P_011715,(P_011611,(P_011745,P_014073))))))),((KAYP,(P_006413,(P_011705,P_011713))),((P_011607,((BCGB,ABSS),((Dhai,Apet),(WIGA,Msal)))),((P_008632,(P_011671,P_011579)),(P_018635,(P_008631,(VYLQ,((P_011531,(P_011699,(P_006411,Schi))),(((KRJP,(GAP_80395,P_011549)),(((P_011651,P_011509),(P_011657,P_011643)),((GAP_80394,GAP_80393),((P_011647,(P_011465,((P_011489,P_011487),(P_011501,P_011523)))),((P_011637,P_011551),((P_011631,P_007844),(P_007783,(P_007843,P_006414)))))))),(((P_011609,(Sdec,P2619)),(MAQO,(WAIL,((GAP_80298,P_014077),(P_011527,(GAP_80297,P_014083)))))),((P_011613,P_011709),(((P_011587,GAP_79862),(P_014081,(P_008647,P0104A))),(WPHN,(((P0203H,((P_016909,WZFE),(P0109B,(P_018831,OSHQ)))),(((SJEV,(P_019193,(Wsal,P_019187))),(P_016921,(WKSU,(GAP_81227,(Pcol,(GAP_81226,P_006410)))))),((P_025525,P_025523),(((P_025527,(Asie,QDVW)),(P_019189,(PAWA,P_019197))),((P_019185,(CSSK,(P2589,OPDF))),((P_019191,P_019199),(GAP_80417,(P2590,GAP_79804)))))))),((((P_018639,P_018779),(P_018695,(P_018645,P_018783))),((P_018691,(P_016793,(P_006422,P_016795))),((P_018693,(P_007845,(P_016797,(OBPL,(GAP_80397,P_016799))))),((P_014095,S08),(((S04,S38),(S27,P_016789)),((P_016787,S02),(P_016791,(S03,P_014099)))))))),(((P2623,P2622),(P0110C,(P0207A,(P0110B,((P0207B,XQWC),(P0207C,(P0206H,P0206G))))))),((DHPO,GAP_80322),((P_012795,P_012941),((P_012861,((P_012855,(P_007802,P_012827)),((P_012813,P_018637),(P_012921,P_012919)))),(((P_012841,((P_012877,P_012913),(P_012811,(P_012895,P_012891)))),(P_012797,(((P_012815,P_012903),((P_012857,(P_012925,P_012883)),(P_012875,((P_012905,P_012831),(P_012901,(P_012851,P_012887)))))),(P_018689,((P_012885,(P_006420,GAP_80294)),(P_012859,((P_012907,(P_012881,P_012873)),(GAP_80291,((P_012897,(P_012893,GAP_80293)),((P_012793,(P_006419,GAP_80292)),((P_012911,(P_012917,P_012821)),(P_012863,(P_012889,P_006418))))))))))))),((P_012867,((P_012847,P_012923),(P_012899,P_012817))),((P_012937,(P_012939,P_006421)),(P_012843,(((P_012803,P_012853),(P_012837,P_012829)),(((P_012801,(P_012879,P_012809)),(P_012839,(P_012805,(P_012825,(P_012799,YZRI))))),((((P_012807,P_012845),(P_012849,P_012871)),(P_012865,(P_012931,(P_012935,P_012933)))),(P_012909,((GAP_81172,P_012833),((PSJT,(GAP_80295,P_012927)),((P_012915,P_012791),(P_012869,(P_012819,(P_012835,P_012823))))))))))))))))))))))))))))))))))))));
Final quartet score is: 1399952783
Final normalized quartet score is: 0.9547133074231952
You may want to ignore posterior probabilities and other statistics related to the following branch branch because the effective number of genes impacting it is only 13:
	{P_018831, OSHQ}
You may want to ignore posterior probabilities and other statistics related to the following branch branch because the effective number of genes impacting it is only 13:
	{P_016909, WZFE}
You may want to ignore posterior probabilities and other statistics related to the following branch branch because the effective number of genes impacting it is only 13:
	{Wsal, P_019187}
You may want to ignore posterior probabilities and other statistics related to the following branch branch because the effective number of genes impacting it is only 12:
	{Wsal, P_019187, P_019193}
You may want to ignore posterior probabilities and other statistics related to the following branch branch because the effective number of genes impacting it is only 13:
	{SJEV, Wsal, P_019187, P_019193}
You may want to ignore posterior probabilities and other statistics related to the following branch branch because the effective number of genes impacting it is only 14:
	{GAP_81226, P_006410}
You may want to ignore posterior probabilities and other statistics related to the following branch branch because the effective number of genes impacting it is only 14:
	{Pcol, GAP_81226, P_006410}
You may want to ignore posterior probabilities and other statistics related to the following branch branch because the effective number of genes impacting it is only 14:
	{GAP_81227, Pcol, GAP_81226, P_006410}
You may want to ignore posterior probabilities and other statistics related to the following branch branch because the effective number of genes impacting it is only 14:
	{WKSU, GAP_81227, Pcol, GAP_81226, P_006410}
You may want to ignore posterior probabilities and other statistics related to the following branch branch because the effective number of genes impacting it is only 14:
	{WKSU, GAP_81227, Pcol, GAP_81226, P_006410, P_016921}
You may want to ignore posterior probabilities and other statistics related to the following branch branch because the effective number of genes impacting it is only 14:
	{SJEV, Wsal, P_019187, P_019193, WKSU, GAP_81227, Pcol, GAP_81226, P_006410, P_016921}
You may want to ignore posterior probabilities and other statistics related to the following branch branch because the effective number of genes impacting it is only 1:
	{P_025525, P_025523}
You may want to ignore posterior probabilities and other statistics related to the following branch branch because the effective number of genes impacting it is only 2:
	{Asie, QDVW}
You may want to ignore posterior probabilities and other statistics related to the following branch branch because the effective number of genes impacting it is only 3:
	{Asie, QDVW, P_025527}
You may want to ignore posterior probabilities and other statistics related to the following branch branch because the effective number of genes impacting it is only 14:
	{PAWA, P_019197}
You may want to ignore posterior probabilities and other statistics related to the following branch branch because the effective number of genes impacting it is only 14:
	{P_019189, PAWA, P_019197}
You may want to ignore posterior probabilities and other statistics related to the following branch branch because the effective number of genes impacting it is only 14:
	{P_019189, PAWA, P_019197, Asie, QDVW, P_025527}
You may want to ignore posterior probabilities and other statistics related to the following branch branch because the effective number of genes impacting it is only 14:
	{P2589, OPDF}
You may want to ignore posterior probabilities and other statistics related to the following branch branch because the effective number of genes impacting it is only 14:
	{CSSK, P2589, OPDF}
You may want to ignore posterior probabilities and other statistics related to the following branch branch because the effective number of genes impacting it is only 14:
	{CSSK, P2589, P_019185, OPDF}
You may want to ignore posterior probabilities and other statistics related to the following branch branch because the effective number of genes impacting it is only 6:
	{P_019191, P_019199}
You may want to ignore posterior probabilities and other statistics related to the following branch branch because the effective number of genes impacting it is only 10:
	{P2590, GAP_79804}
You may want to ignore posterior probabilities and other statistics related to the following branch branch because the effective number of genes impacting it is only 6:
	{GAP_80417, P2590, GAP_79804}
You may want to ignore posterior probabilities and other statistics related to the following branch branch because the effective number of genes impacting it is only 8:
	{GAP_80417, P2590, GAP_79804, P_019191, P_019199}
You may want to ignore posterior probabilities and other statistics related to the following branch branch because the effective number of genes impacting it is only 14:
	{CSSK, P2589, P_019185, OPDF, GAP_80417, P2590, GAP_79804, P_019191, P_019199}
You may want to ignore posterior probabilities and other statistics related to the following branch branch because the effective number of genes impacting it is only 5:
	{P_019189, PAWA, P_019197, Asie, QDVW, CSSK, P2589, P_019185, OPDF, GAP_80417, P2590, GAP_79804, P_019191, P_019199, P_025527}
You may want to ignore posterior probabilities and other statistics related to the following branch branch because the effective number of genes impacting it is only 5:
	{P_019189, PAWA, P_019197, P_025525, Asie, QDVW, CSSK, P2589, P_019185, OPDF, GAP_80417, P2590, GAP_79804, P_019191, P_019199, P_025527, P_025523}
You may want to ignore posterior probabilities and other statistics related to the following branch branch because the effective number of genes impacting it is only 14:
	{P_019189, PAWA, P_019197, P_025525, Asie, QDVW, CSSK, P2589, P_019185, OPDF, GAP_80417, P2590, GAP_79804, SJEV, Wsal, P_019187, P_019193, WKSU, GAP_81227, Pcol, GAP_81226, P_006410, P_016921, P_019191, P_019199, P_025527, P_025523}
You may want to ignore posterior probabilities and other statistics related to the following branch branch because the effective number of genes impacting it is only 14:
	{P_018639, P_018779}
You may want to ignore posterior probabilities and other statistics related to the following branch branch because the effective number of genes impacting it is only 14:
	{P_018645, P_018783}
You may want to ignore posterior probabilities and other statistics related to the following branch branch because the effective number of genes impacting it is only 14:
	{P_018645, P_018783, P_018695}
You may want to ignore posterior probabilities and other statistics related to the following branch branch because the effective number of genes impacting it is only 14:
	{P_018645, P_018639, P_018779, P_018783, P_018695}
You may want to ignore posterior probabilities and other statistics related to the following branch branch because the effective number of genes impacting it is only 14:
	{P_006422, P_016795}
You may want to ignore posterior probabilities and other statistics related to the following branch branch because the effective number of genes impacting it is only 11:
	{P_006422, P_016795, P_016793}
You may want to ignore posterior probabilities and other statistics related to the following branch branch because the effective number of genes impacting it is only 11:
	{P_006422, P_016795, P_016793, P_018691}
You may want to ignore posterior probabilities and other statistics related to the following branch branch because the effective number of genes impacting it is only 14:
	{GAP_80397, P_016799}
You may want to ignore posterior probabilities and other statistics related to the following branch branch because the effective number of genes impacting it is only 14:
	{OBPL, GAP_80397, P_016799}
You may want to ignore posterior probabilities and other statistics related to the following branch branch because the effective number of genes impacting it is only 7:
	{P_016797, OBPL, GAP_80397, P_016799}
You may want to ignore posterior probabilities and other statistics related to the following branch branch because the effective number of genes impacting it is only 7:
	{P_007845, P_016797, OBPL, GAP_80397, P_016799}
You may want to ignore posterior probabilities and other statistics related to the following branch branch because the effective number of genes impacting it is only 14:
	{P_018693, P_007845, P_016797, OBPL, GAP_80397, P_016799}
You may want to ignore posterior probabilities and other statistics related to the following branch branch because the effective number of genes impacting it is only 10:
	{P_014095, S08}
You may want to ignore posterior probabilities and other statistics related to the following branch branch because the effective number of genes impacting it is only 6:
	{S04, S38}
You may want to ignore posterior probabilities and other statistics related to the following branch branch because the effective number of genes impacting it is only 11:
	{S27, P_016789}
You may want to ignore posterior probabilities and other statistics related to the following branch branch because the effective number of genes impacting it is only 11:
	{S04, S27, P_016789, S38}
You may want to ignore posterior probabilities and other statistics related to the following branch branch because the effective number of genes impacting it is only 14:
	{P_016787, S02}
You may want to ignore posterior probabilities and other statistics related to the following branch branch because the effective number of genes impacting it is only 14:
	{S03, P_014099}
You may want to ignore posterior probabilities and other statistics related to the following branch branch because the effective number of genes impacting it is only 14:
	{P_016791, S03, P_014099}
You may want to ignore posterior probabilities and other statistics related to the following branch branch because the effective number of genes impacting it is only 14:
	{P_016791, S03, P_014099, P_016787, S02}
You may want to ignore posterior probabilities and other statistics related to the following branch branch because the effective number of genes impacting it is only 14:
	{S04, S27, P_016789, P_016791, S03, P_014099, P_016787, S02, S38}
You may want to ignore posterior probabilities and other statistics related to the following branch branch because the effective number of genes impacting it is only 14:
	{P_014095, S08, S04, S27, P_016789, P_016791, S03, P_014099, P_016787, S02, S38}
You may want to ignore posterior probabilities and other statistics related to the following branch branch because the effective number of genes impacting it is only 14:
	{P_014095, S08, S04, S27, P_016789, P_016791, S03, P_014099, P_016787, S02, P_018693, P_007845, P_016797, OBPL, GAP_80397, P_016799, S38}
You may want to ignore posterior probabilities and other statistics related to the following branch branch because the effective number of genes impacting it is only 14:
	{P_014095, S08, S04, S27, P_016789, P_016791, S03, P_014099, P_016787, S02, P_018693, P_006422, P_016795, P_016793, P_007845, P_016797, OBPL, GAP_80397, P_016799, S38, P_018691}
You may want to ignore posterior probabilities and other statistics related to the following branch branch because the effective number of genes impacting it is only 14:
	{P_018645, P_018639, P_018779, P_018783, P_018695, P_014095, S08, S04, S27, P_016789, P_016791, S03, P_014099, P_016787, S02, P_018693, P_006422, P_016795, P_016793, P_007845, P_016797, OBPL, GAP_80397, P_016799, S38, P_018691}
You may want to ignore posterior probabilities and other statistics related to the following branch branch because the effective number of genes impacting it is only 8:
	{P2623, P2622}
You may want to ignore posterior probabilities and other statistics related to the following branch branch because the effective number of genes impacting it is only 14:
	{P0207B, XQWC}
You may want to ignore posterior probabilities and other statistics related to the following branch branch because the effective number of genes impacting it is only 14:
	{P0206H, P0206G}
You may want to ignore posterior probabilities and other statistics related to the following branch branch because the effective number of genes impacting it is only 14:
	{P0207C, P0206H, P0206G}
You may want to ignore posterior probabilities and other statistics related to the following branch branch because the effective number of genes impacting it is only 13:
	{P0207C, P0206H, P0206G, P0207B, XQWC}
You may want to ignore posterior probabilities and other statistics related to the following branch branch because the effective number of genes impacting it is only 13:
	{P0207C, P0206H, P0206G, P0207B, XQWC, P0110B}
You may want to ignore posterior probabilities and other statistics related to the following branch branch because the effective number of genes impacting it is only 14:
	{P0207C, P0206H, P0206G, P0207B, XQWC, P0110B, P0207A}
You may want to ignore posterior probabilities and other statistics related to the following branch branch because the effective number of genes impacting it is only 13:
	{P0110C, P0207C, P0206H, P0206G, P0207B, XQWC, P0110B, P0207A}
You may want to ignore posterior probabilities and other statistics related to the following branch branch because the effective number of genes impacting it is only 13:
	{P0110C, P0207C, P0206H, P0206G, P0207B, XQWC, P0110B, P0207A, P2623, P2622}
You may want to ignore posterior probabilities and other statistics related to the following branch branch because the effective number of genes impacting it is only 13:
	{DHPO, GAP_80322}
You may want to ignore posterior probabilities and other statistics related to the following branch branch because the effective number of genes impacting it is only 14:
	{P_012795, P_012941}
You may want to ignore posterior probabilities and other statistics related to the following branch branch because the effective number of genes impacting it is only 14:
	{P_007802, P_012827}
You may want to ignore posterior probabilities and other statistics related to the following branch branch because the effective number of genes impacting it is only 14:
	{P_012855, P_007802, P_012827}
You may want to ignore posterior probabilities and other statistics related to the following branch branch because the effective number of genes impacting it is only 14:
	{P_012813, P_018637}
You may want to ignore posterior probabilities and other statistics related to the following branch branch because the effective number of genes impacting it is only 14:
	{P_012921, P_012919}
You may want to ignore posterior probabilities and other statistics related to the following branch branch because the effective number of genes impacting it is only 14:
	{P_012813, P_018637, P_012921, P_012919}
You may want to ignore posterior probabilities and other statistics related to the following branch branch because the effective number of genes impacting it is only 14:
	{P_012855, P_007802, P_012827, P_012813, P_018637, P_012921, P_012919}
You may want to ignore posterior probabilities and other statistics related to the following branch branch because the effective number of genes impacting it is only 14:
	{P_012861, P_012855, P_007802, P_012827, P_012813, P_018637, P_012921, P_012919}
You may want to ignore posterior probabilities and other statistics related to the following branch branch because the effective number of genes impacting it is only 13:
	{P_012877, P_012913}
You may want to ignore posterior probabilities and other statistics related to the following branch branch because the effective number of genes impacting it is only 14:
	{P_012895, P_012891}
You may want to ignore posterior probabilities and other statistics related to the following branch branch because the effective number of genes impacting it is only 14:
	{P_012811, P_012895, P_012891}
You may want to ignore posterior probabilities and other statistics related to the following branch branch because the effective number of genes impacting it is only 14:
	{P_012877, P_012913, P_012811, P_012895, P_012891}
You may want to ignore posterior probabilities and other statistics related to the following branch branch because the effective number of genes impacting it is only 14:
	{P_012841, P_012877, P_012913, P_012811, P_012895, P_012891}
You may want to ignore posterior probabilities and other statistics related to the following branch branch because the effective number of genes impacting it is only 14:
	{P_012815, P_012903}
You may want to ignore posterior probabilities and other statistics related to the following branch branch because the effective number of genes impacting it is only 14:
	{P_012925, P_012883}
You may want to ignore posterior probabilities and other statistics related to the following branch branch because the effective number of genes impacting it is only 14:
	{P_012925, P_012883, P_012857}
You may want to ignore posterior probabilities and other statistics related to the following branch branch because the effective number of genes impacting it is only 14:
	{P_012905, P_012831}
You may want to ignore posterior probabilities and other statistics related to the following branch branch because the effective number of genes impacting it is only 14:
	{P_012851, P_012887}
You may want to ignore posterior probabilities and other statistics related to the following branch branch because the effective number of genes impacting it is only 14:
	{P_012851, P_012887, P_012901}
You may want to ignore posterior probabilities and other statistics related to the following branch branch because the effective number of genes impacting it is only 14:
	{P_012905, P_012831, P_012851, P_012887, P_012901}
You may want to ignore posterior probabilities and other statistics related to the following branch branch because the effective number of genes impacting it is only 14:
	{P_012905, P_012831, P_012851, P_012887, P_012901, P_012875}
You may want to ignore posterior probabilities and other statistics related to the following branch branch because the effective number of genes impacting it is only 14:
	{P_012925, P_012883, P_012905, P_012831, P_012851, P_012887, P_012901, P_012875, P_012857}
You may want to ignore posterior probabilities and other statistics related to the following branch branch because the effective number of genes impacting it is only 14:
	{P_012925, P_012883, P_012815, P_012903, P_012905, P_012831, P_012851, P_012887, P_012901, P_012875, P_012857}
You may want to ignore posterior probabilities and other statistics related to the following branch branch because the effective number of genes impacting it is only 13:
	{P_006420, GAP_80294}
You may want to ignore posterior probabilities and other statistics related to the following branch branch because the effective number of genes impacting it is only 14:
	{P_006420, GAP_80294, P_012885}
You may want to ignore posterior probabilities and other statistics related to the following branch branch because the effective number of genes impacting it is only 14:
	{P_012881, P_012873}
You may want to ignore posterior probabilities and other statistics related to the following branch branch because the effective number of genes impacting it is only 14:
	{P_012907, P_012881, P_012873}
You may want to ignore posterior probabilities and other statistics related to the following branch branch because the effective number of genes impacting it is only 14:
	{P_012893, GAP_80293}
You may want to ignore posterior probabilities and other statistics related to the following branch branch because the effective number of genes impacting it is only 14:
	{P_012897, P_012893, GAP_80293}
You may want to ignore posterior probabilities and other statistics related to the following branch branch because the effective number of genes impacting it is only 14:
	{P_006419, GAP_80292}
You may want to ignore posterior probabilities and other statistics related to the following branch branch because the effective number of genes impacting it is only 14:
	{P_006419, GAP_80292, P_012793}
You may want to ignore posterior probabilities and other statistics related to the following branch branch because the effective number of genes impacting it is only 14:
	{P_012917, P_012821}
You may want to ignore posterior probabilities and other statistics related to the following branch branch because the effective number of genes impacting it is only 14:
	{P_012911, P_012917, P_012821}
You may want to ignore posterior probabilities and other statistics related to the following branch branch because the effective number of genes impacting it is only 14:
	{P_012889, P_006418}
You may want to ignore posterior probabilities and other statistics related to the following branch branch because the effective number of genes impacting it is only 14:
	{P_012889, P_006418, P_012863}
You may want to ignore posterior probabilities and other statistics related to the following branch branch because the effective number of genes impacting it is only 14:
	{P_012889, P_006418, P_012863, P_012911, P_012917, P_012821}
You may want to ignore posterior probabilities and other statistics related to the following branch branch because the effective number of genes impacting it is only 14:
	{P_012889, P_006418, P_012863, P_006419, GAP_80292, P_012793, P_012911, P_012917, P_012821}
You may want to ignore posterior probabilities and other statistics related to the following branch branch because the effective number of genes impacting it is only 14:
	{P_012897, P_012889, P_006418, P_012863, P_012893, GAP_80293, P_006419, GAP_80292, P_012793, P_012911, P_012917, P_012821}
You may want to ignore posterior probabilities and other statistics related to the following branch branch because the effective number of genes impacting it is only 14:
	{P_012897, GAP_80291, P_012889, P_006418, P_012863, P_012893, GAP_80293, P_006419, GAP_80292, P_012793, P_012911, P_012917, P_012821}
You may want to ignore posterior probabilities and other statistics related to the following branch branch because the effective number of genes impacting it is only 14:
	{P_012897, GAP_80291, P_012907, P_012881, P_012873, P_012889, P_006418, P_012863, P_012893, GAP_80293, P_006419, GAP_80292, P_012793, P_012911, P_012917, P_012821}
You may want to ignore posterior probabilities and other statistics related to the following branch branch because the effective number of genes impacting it is only 14:
	{P_012859, P_012897, GAP_80291, P_012907, P_012881, P_012873, P_012889, P_006418, P_012863, P_012893, GAP_80293, P_006419, GAP_80292, P_012793, P_012911, P_012917, P_012821}
You may want to ignore posterior probabilities and other statistics related to the following branch branch because the effective number of genes impacting it is only 14:
	{P_012859, P_012897, GAP_80291, P_012907, P_012881, P_012873, P_012889, P_006418, P_012863, P_006420, GAP_80294, P_012893, GAP_80293, P_006419, GAP_80292, P_012793, P_012885, P_012911, P_012917, P_012821}
You may want to ignore posterior probabilities and other statistics related to the following branch branch because the effective number of genes impacting it is only 14:
	{P_018689, P_012859, P_012897, GAP_80291, P_012907, P_012881, P_012873, P_012889, P_006418, P_012863, P_006420, GAP_80294, P_012893, GAP_80293, P_006419, GAP_80292, P_012793, P_012885, P_012911, P_012917, P_012821}
You may want to ignore posterior probabilities and other statistics related to the following branch branch because the effective number of genes impacting it is only 14:
	{P_012925, P_012883, P_012815, P_012903, P_012905, P_012831, P_012851, P_012887, P_012901, P_012875, P_012857, P_018689, P_012859, P_012897, GAP_80291, P_012907, P_012881, P_012873, P_012889, P_006418, P_012863, P_006420, GAP_80294, P_012893, GAP_80293, P_006419, GAP_80292, P_012793, P_012885, P_012911, P_012917, P_012821}
You may want to ignore posterior probabilities and other statistics related to the following branch branch because the effective number of genes impacting it is only 14:
	{P_012925, P_012883, P_012815, P_012903, P_012905, P_012831, P_012851, P_012887, P_012901, P_012875, P_012857, P_018689, P_012859, P_012897, GAP_80291, P_012907, P_012881, P_012873, P_012889, P_006418, P_012863, P_006420, GAP_80294, P_012893, GAP_80293, P_006419, GAP_80292, P_012793, P_012885, P_012911, P_012917, P_012821, P_012797}
You may want to ignore posterior probabilities and other statistics related to the following branch branch because the effective number of genes impacting it is only 14:
	{P_012925, P_012883, P_012815, P_012903, P_012905, P_012831, P_012851, P_012887, P_012901, P_012875, P_012857, P_018689, P_012859, P_012897, GAP_80291, P_012907, P_012881, P_012873, P_012889, P_006418, P_012863, P_006420, GAP_80294, P_012893, GAP_80293, P_006419, GAP_80292, P_012793, P_012885, P_012911, P_012917, P_012821, P_012841, P_012797, P_012877, P_012913, P_012811, P_012895, P_012891}
You may want to ignore posterior probabilities and other statistics related to the following branch branch because the effective number of genes impacting it is only 13:
	{P_012847, P_012923}
You may want to ignore posterior probabilities and other statistics related to the following branch branch because the effective number of genes impacting it is only 13:
	{P_012899, P_012817}
You may want to ignore posterior probabilities and other statistics related to the following branch branch because the effective number of genes impacting it is only 14:
	{P_012899, P_012817, P_012847, P_012923}
You may want to ignore posterior probabilities and other statistics related to the following branch branch because the effective number of genes impacting it is only 14:
	{P_012867, P_012899, P_012817, P_012847, P_012923}
You may want to ignore posterior probabilities and other statistics related to the following branch branch because the effective number of genes impacting it is only 14:
	{P_012939, P_006421}
You may want to ignore posterior probabilities and other statistics related to the following branch branch because the effective number of genes impacting it is only 14:
	{P_012937, P_012939, P_006421}
You may want to ignore posterior probabilities and other statistics related to the following branch branch because the effective number of genes impacting it is only 14:
	{P_012803, P_012853}
You may want to ignore posterior probabilities and other statistics related to the following branch branch because the effective number of genes impacting it is only 14:
	{P_012837, P_012829}
You may want to ignore posterior probabilities and other statistics related to the following branch branch because the effective number of genes impacting it is only 14:
	{P_012803, P_012837, P_012829, P_012853}
You may want to ignore posterior probabilities and other statistics related to the following branch branch because the effective number of genes impacting it is only 14:
	{P_012879, P_012809}
You may want to ignore posterior probabilities and other statistics related to the following branch branch because the effective number of genes impacting it is only 14:
	{P_012879, P_012809, P_012801}
You may want to ignore posterior probabilities and other statistics related to the following branch branch because the effective number of genes impacting it is only 14:
	{P_012799, YZRI}
You may want to ignore posterior probabilities and other statistics related to the following branch branch because the effective number of genes impacting it is only 14:
	{P_012825, P_012799, YZRI}
You may want to ignore posterior probabilities and other statistics related to the following branch branch because the effective number of genes impacting it is only 14:
	{P_012805, P_012825, P_012799, YZRI}
You may want to ignore posterior probabilities and other statistics related to the following branch branch because the effective number of genes impacting it is only 14:
	{P_012805, P_012825, P_012839, P_012799, YZRI}
You may want to ignore posterior probabilities and other statistics related to the following branch branch because the effective number of genes impacting it is only 14:
	{P_012879, P_012809, P_012801, P_012805, P_012825, P_012839, P_012799, YZRI}
You may want to ignore posterior probabilities and other statistics related to the following branch branch because the effective number of genes impacting it is only 14:
	{P_012807, P_012845}
You may want to ignore posterior probabilities and other statistics related to the following branch branch because the effective number of genes impacting it is only 14:
	{P_012849, P_012871}
You may want to ignore posterior probabilities and other statistics related to the following branch branch because the effective number of genes impacting it is only 14:
	{P_012849, P_012871, P_012807, P_012845}
You may want to ignore posterior probabilities and other statistics related to the following branch branch because the effective number of genes impacting it is only 14:
	{P_012935, P_012933}
You may want to ignore posterior probabilities and other statistics related to the following branch branch because the effective number of genes impacting it is only 14:
	{P_012931, P_012935, P_012933}
You may want to ignore posterior probabilities and other statistics related to the following branch branch because the effective number of genes impacting it is only 14:
	{P_012865, P_012931, P_012935, P_012933}
You may want to ignore posterior probabilities and other statistics related to the following branch branch because the effective number of genes impacting it is only 14:
	{P_012865, P_012931, P_012935, P_012933, P_012849, P_012871, P_012807, P_012845}
You may want to ignore posterior probabilities and other statistics related to the following branch branch because the effective number of genes impacting it is only 14:
	{GAP_81172, P_012833}
You may want to ignore posterior probabilities and other statistics related to the following branch branch because the effective number of genes impacting it is only 14:
	{GAP_80295, P_012927}
You may want to ignore posterior probabilities and other statistics related to the following branch branch because the effective number of genes impacting it is only 14:
	{PSJT, GAP_80295, P_012927}
You may want to ignore posterior probabilities and other statistics related to the following branch branch because the effective number of genes impacting it is only 13:
	{P_012915, P_012791}
You may want to ignore posterior probabilities and other statistics related to the following branch branch because the effective number of genes impacting it is only 14:
	{P_012835, P_012823}
You may want to ignore posterior probabilities and other statistics related to the following branch branch because the effective number of genes impacting it is only 14:
	{P_012835, P_012819, P_012823}
You may want to ignore posterior probabilities and other statistics related to the following branch branch because the effective number of genes impacting it is only 14:
	{P_012869, P_012835, P_012819, P_012823}
You may want to ignore posterior probabilities and other statistics related to the following branch branch because the effective number of genes impacting it is only 14:
	{P_012869, P_012835, P_012819, P_012823, P_012915, P_012791}
You may want to ignore posterior probabilities and other statistics related to the following branch branch because the effective number of genes impacting it is only 14:
	{P_012869, P_012835, P_012819, P_012823, P_012915, P_012791, PSJT, GAP_80295, P_012927}
You may want to ignore posterior probabilities and other statistics related to the following branch branch because the effective number of genes impacting it is only 13:
	{GAP_81172, P_012833, P_012869, P_012835, P_012819, P_012823, P_012915, P_012791, PSJT, GAP_80295, P_012927}
You may want to ignore posterior probabilities and other statistics related to the following branch branch because the effective number of genes impacting it is only 13:
	{P_012909, GAP_81172, P_012833, P_012869, P_012835, P_012819, P_012823, P_012915, P_012791, PSJT, GAP_80295, P_012927}
You may want to ignore posterior probabilities and other statistics related to the following branch branch because the effective number of genes impacting it is only 14:
	{P_012865, P_012931, P_012935, P_012933, P_012849, P_012871, P_012807, P_012845, P_012909, GAP_81172, P_012833, P_012869, P_012835, P_012819, P_012823, P_012915, P_012791, PSJT, GAP_80295, P_012927}
You may want to ignore posterior probabilities and other statistics related to the following branch branch because the effective number of genes impacting it is only 14:
	{P_012879, P_012809, P_012801, P_012805, P_012825, P_012839, P_012799, P_012865, P_012931, P_012935, P_012933, P_012849, P_012871, P_012807, P_012845, P_012909, GAP_81172, P_012833, P_012869, P_012835, P_012819, P_012823, P_012915, P_012791, YZRI, PSJT, GAP_80295, P_012927}
You may want to ignore posterior probabilities and other statistics related to the following branch branch because the effective number of genes impacting it is only 14:
	{P_012879, P_012809, P_012801, P_012805, P_012825, P_012839, P_012799, P_012865, P_012931, P_012935, P_012933, P_012849, P_012871, P_012807, P_012845, P_012909, GAP_81172, P_012833, P_012869, P_012835, P_012819, P_012823, P_012915, P_012791, YZRI, PSJT, GAP_80295, P_012927, P_012803, P_012837, P_012829, P_012853}
You may want to ignore posterior probabilities and other statistics related to the following branch branch because the effective number of genes impacting it is only 14:
	{P_012843, P_012879, P_012809, P_012801, P_012805, P_012825, P_012839, P_012799, P_012865, P_012931, P_012935, P_012933, P_012849, P_012871, P_012807, P_012845, P_012909, GAP_81172, P_012833, P_012869, P_012835, P_012819, P_012823, P_012915, P_012791, YZRI, PSJT, GAP_80295, P_012927, P_012803, P_012837, P_012829, P_012853}
You may want to ignore posterior probabilities and other statistics related to the following branch branch because the effective number of genes impacting it is only 14:
	{P_012843, P_012879, P_012809, P_012801, P_012805, P_012825, P_012839, P_012799, P_012865, P_012931, P_012935, P_012933, P_012849, P_012871, P_012807, P_012845, P_012909, GAP_81172, P_012833, P_012869, P_012835, P_012819, P_012823, P_012915, P_012791, YZRI, PSJT, GAP_80295, P_012927, P_012803, P_012937, P_012939, P_006421, P_012837, P_012829, P_012853}
You may want to ignore posterior probabilities and other statistics related to the following branch branch because the effective number of genes impacting it is only 14:
	{P_012843, P_012879, P_012809, P_012801, P_012805, P_012825, P_012839, P_012799, P_012865, P_012931, P_012935, P_012933, P_012849, P_012871, P_012807, P_012845, P_012909, GAP_81172, P_012833, P_012869, P_012835, P_012819, P_012823, P_012915, P_012791, YZRI, PSJT, GAP_80295, P_012927, P_012803, P_012937, P_012939, P_006421, P_012837, P_012829, P_012853, P_012867, P_012899, P_012817, P_012847, P_012923}
You may want to ignore posterior probabilities and other statistics related to the following branch branch because the effective number of genes impacting it is only 14:
	{P_012843, P_012879, P_012809, P_012801, P_012805, P_012825, P_012839, P_012799, P_012865, P_012931, P_012935, P_012933, P_012849, P_012871, P_012807, P_012845, P_012909, GAP_81172, P_012833, P_012869, P_012835, P_012819, P_012823, P_012915, P_012791, YZRI, PSJT, GAP_80295, P_012927, P_012803, P_012937, P_012939, P_006421, P_012837, P_012829, P_012853, P_012867, P_012899, P_012817, P_012847, P_012923, P_012925, P_012883, P_012815, P_012903, P_012905, P_012831, P_012851, P_012887, P_012901, P_012875, P_012857, P_018689, P_012859, P_012897, GAP_80291, P_012907, P_012881, P_012873, P_012889, P_006418, P_012863, P_006420, GAP_80294, P_012893, GAP_80293, P_006419, GAP_80292, P_012793, P_012885, P_012911, P_012917, P_012821, P_012841, P_012797, P_012877, P_012913, P_012811, P_012895, P_012891}
You may want to ignore posterior probabilities and other statistics related to the following branch branch because the effective number of genes impacting it is only 14:
	{P_012861, P_012855, P_007802, P_012827, P_012813, P_018637, P_012921, P_012919, P_012843, P_012879, P_012809, P_012801, P_012805, P_012825, P_012839, P_012799, P_012865, P_012931, P_012935, P_012933, P_012849, P_012871, P_012807, P_012845, P_012909, GAP_81172, P_012833, P_012869, P_012835, P_012819, P_012823, P_012915, P_012791, YZRI, PSJT, GAP_80295, P_012927, P_012803, P_012937, P_012939, P_006421, P_012837, P_012829, P_012853, P_012867, P_012899, P_012817, P_012847, P_012923, P_012925, P_012883, P_012815, P_012903, P_012905, P_012831, P_012851, P_012887, P_012901, P_012875, P_012857, P_018689, P_012859, P_012897, GAP_80291, P_012907, P_012881, P_012873, P_012889, P_006418, P_012863, P_006420, GAP_80294, P_012893, GAP_80293, P_006419, GAP_80292, P_012793, P_012885, P_012911, P_012917, P_012821, P_012841, P_012797, P_012877, P_012913, P_012811, P_012895, P_012891}
You may want to ignore posterior probabilities and other statistics related to the following branch branch because the effective number of genes impacting it is only 14:
	{P_012795, P_012941, P_012861, P_012855, P_007802, P_012827, P_012813, P_018637, P_012921, P_012919, P_012843, P_012879, P_012809, P_012801, P_012805, P_012825, P_012839, P_012799, P_012865, P_012931, P_012935, P_012933, P_012849, P_012871, P_012807, P_012845, P_012909, GAP_81172, P_012833, P_012869, P_012835, P_012819, P_012823, P_012915, P_012791, YZRI, PSJT, GAP_80295, P_012927, P_012803, P_012937, P_012939, P_006421, P_012837, P_012829, P_012853, P_012867, P_012899, P_012817, P_012847, P_012923, P_012925, P_012883, P_012815, P_012903, P_012905, P_012831, P_012851, P_012887, P_012901, P_012875, P_012857, P_018689, P_012859, P_012897, GAP_80291, P_012907, P_012881, P_012873, P_012889, P_006418, P_012863, P_006420, GAP_80294, P_012893, GAP_80293, P_006419, GAP_80292, P_012793, P_012885, P_012911, P_012917, P_012821, P_012841, P_012797, P_012877, P_012913, P_012811, P_012895, P_012891}
You may want to ignore posterior probabilities and other statistics related to the following branch branch because the effective number of genes impacting it is only 14:
	{DHPO, GAP_80322, P_012795, P_012941, P_012861, P_012855, P_007802, P_012827, P_012813, P_018637, P_012921, P_012919, P_012843, P_012879, P_012809, P_012801, P_012805, P_012825, P_012839, P_012799, P_012865, P_012931, P_012935, P_012933, P_012849, P_012871, P_012807, P_012845, P_012909, GAP_81172, P_012833, P_012869, P_012835, P_012819, P_012823, P_012915, P_012791, YZRI, PSJT, GAP_80295, P_012927, P_012803, P_012937, P_012939, P_006421, P_012837, P_012829, P_012853, P_012867, P_012899, P_012817, P_012847, P_012923, P_012925, P_012883, P_012815, P_012903, P_012905, P_012831, P_012851, P_012887, P_012901, P_012875, P_012857, P_018689, P_012859, P_012897, GAP_80291, P_012907, P_012881, P_012873, P_012889, P_006418, P_012863, P_006420, GAP_80294, P_012893, GAP_80293, P_006419, GAP_80292, P_012793, P_012885, P_012911, P_012917, P_012821, P_012841, P_012797, P_012877, P_012913, P_012811, P_012895, P_012891}
You may want to ignore posterior probabilities and other statistics related to the following branch branch because the effective number of genes impacting it is only 14:
	{P0110C, P0207C, P0206H, P0206G, P0207B, XQWC, P0110B, P0207A, P2623, P2622, DHPO, GAP_80322, P_012795, P_012941, P_012861, P_012855, P_007802, P_012827, P_012813, P_018637, P_012921, P_012919, P_012843, P_012879, P_012809, P_012801, P_012805, P_012825, P_012839, P_012799, P_012865, P_012931, P_012935, P_012933, P_012849, P_012871, P_012807, P_012845, P_012909, GAP_81172, P_012833, P_012869, P_012835, P_012819, P_012823, P_012915, P_012791, YZRI, PSJT, GAP_80295, P_012927, P_012803, P_012937, P_012939, P_006421, P_012837, P_012829, P_012853, P_012867, P_012899, P_012817, P_012847, P_012923, P_012925, P_012883, P_012815, P_012903, P_012905, P_012831, P_012851, P_012887, P_012901, P_012875, P_012857, P_018689, P_012859, P_012897, GAP_80291, P_012907, P_012881, P_012873, P_012889, P_006418, P_012863, P_006420, GAP_80294, P_012893, GAP_80293, P_006419, GAP_80292, P_012793, P_012885, P_012911, P_012917, P_012821, P_012841, P_012797, P_012877, P_012913, P_012811, P_012895, P_012891}
You may want to ignore posterior probabilities and other statistics related to the following branch branch because the effective number of genes impacting it is only 14:
	{P_018645, P_018639, P_018779, P_018783, P_018695, P_014095, S08, S04, S27, P_016789, P_016791, S03, P_014099, P_016787, S02, P_018693, P_006422, P_016795, P_016793, P_007845, P_016797, OBPL, GAP_80397, P_016799, P0110C, P0207C, P0206H, P0206G, P0207B, XQWC, P0110B, P0207A, P2623, P2622, DHPO, GAP_80322, P_012795, P_012941, P_012861, P_012855, P_007802, P_012827, P_012813, P_018637, P_012921, P_012919, P_012843, P_012879, P_012809, P_012801, P_012805, P_012825, P_012839, P_012799, P_012865, P_012931, P_012935, P_012933, P_012849, P_012871, P_012807, P_012845, P_012909, GAP_81172, P_012833, P_012869, P_012835, P_012819, P_012823, P_012915, P_012791, YZRI, PSJT, GAP_80295, P_012927, P_012803, P_012937, P_012939, P_006421, P_012837, P_012829, P_012853, P_012867, P_012899, P_012817, P_012847, P_012923, P_012925, P_012883, P_012815, P_012903, P_012905, P_012831, P_012851, P_012887, P_012901, P_012875, P_012857, P_018689, P_012859, P_012897, GAP_80291, P_012907, P_012881, P_012873, P_012889, P_006418, P_012863, P_006420, GAP_80294, P_012893, GAP_80293, P_006419, GAP_80292, P_012793, P_012885, P_012911, P_012917, P_012821, P_012841, P_012797, P_012877, P_012913, P_012811, P_012895, P_012891, S38, P_018691}
You may want to ignore posterior probabilities and other statistics related to the following branch branch because the effective number of genes impacting it is only 14:
	{P_011587, GAP_79862}
You may want to ignore posterior probabilities and other statistics related to the following branch branch because the effective number of genes impacting it is only 12:
	{P_008647, P0104A}
You may want to ignore posterior probabilities and other statistics related to the following branch branch because the effective number of genes impacting it is only 13:
	{P_008647, P0104A, P_014081}
You may want to ignore posterior probabilities and other statistics related to the following branch branch because the effective number of genes impacting it is only 14:
	{P_008647, P0104A, P_011587, GAP_79862, P_014081}
You may want to ignore posterior probabilities and other statistics related to the following branch branch because the effective number of genes impacting it is only 1:
	{P_011613, P_011709}
You may want to ignore posterior probabilities and other statistics related to the following branch branch because the effective number of genes impacting it is only 7:
	{Sdec, P2619}
You may want to ignore posterior probabilities and other statistics related to the following branch branch because the effective number of genes impacting it is only 13:
	{Sdec, P_011609, P2619}
You may want to ignore posterior probabilities and other statistics related to the following branch branch because the effective number of genes impacting it is only 13:
	{GAP_80298, P_014077}
You may want to ignore posterior probabilities and other statistics related to the following branch branch because the effective number of genes impacting it is only 13:
	{GAP_80297, P_014083}
You may want to ignore posterior probabilities and other statistics related to the following branch branch because the effective number of genes impacting it is only 14:
	{P_011527, GAP_80297, P_014083}
You may want to ignore posterior probabilities and other statistics related to the following branch branch because the effective number of genes impacting it is only 14:
	{P_011527, GAP_80297, P_014083, GAP_80298, P_014077}
You may want to ignore posterior probabilities and other statistics related to the following branch branch because the effective number of genes impacting it is only 14:
	{P_011527, WAIL, GAP_80297, P_014083, GAP_80298, P_014077}
You may want to ignore posterior probabilities and other statistics related to the following branch branch because the effective number of genes impacting it is only 14:
	{P_011527, MAQO, WAIL, GAP_80297, P_014083, GAP_80298, P_014077}
You may want to ignore posterior probabilities and other statistics related to the following branch branch because the effective number of genes impacting it is only 14:
	{P_011527, MAQO, WAIL, GAP_80297, P_014083, GAP_80298, P_014077, Sdec, P_011609, P2619}
You may want to ignore posterior probabilities and other statistics related to the following branch branch because the effective number of genes impacting it is only 14:
	{GAP_80395, P_011549}
You may want to ignore posterior probabilities and other statistics related to the following branch branch because the effective number of genes impacting it is only 14:
	{GAP_80395, KRJP, P_011549}
You may want to ignore posterior probabilities and other statistics related to the following branch branch because the effective number of genes impacting it is only 14:
	{P_011651, P_011509}
You may want to ignore posterior probabilities and other statistics related to the following branch branch because the effective number of genes impacting it is only 14:
	{P_011657, P_011643}
You may want to ignore posterior probabilities and other statistics related to the following branch branch because the effective number of genes impacting it is only 14:
	{P_011657, P_011643, P_011651, P_011509}
You may want to ignore posterior probabilities and other statistics related to the following branch branch because the effective number of genes impacting it is only 14:
	{GAP_80394, GAP_80393}
You may want to ignore posterior probabilities and other statistics related to the following branch branch because the effective number of genes impacting it is only 14:
	{P_011489, P_011487}
You may want to ignore posterior probabilities and other statistics related to the following branch branch because the effective number of genes impacting it is only 14:
	{P_011501, P_011523}
You may want to ignore posterior probabilities and other statistics related to the following branch branch because the effective number of genes impacting it is only 14:
	{P_011489, P_011501, P_011487, P_011523}
You may want to ignore posterior probabilities and other statistics related to the following branch branch because the effective number of genes impacting it is only 14:
	{P_011465, P_011489, P_011501, P_011487, P_011523}
You may want to ignore posterior probabilities and other statistics related to the following branch branch because the effective number of genes impacting it is only 14:
	{P_011465, P_011489, P_011501, P_011487, P_011523, P_011647}
You may want to ignore posterior probabilities and other statistics related to the following branch branch because the effective number of genes impacting it is only 13:
	{P_011637, P_011551}
You may want to ignore posterior probabilities and other statistics related to the following branch branch because the effective number of genes impacting it is only 14:
	{P_011631, P_007844}
You may want to ignore posterior probabilities and other statistics related to the following branch branch because the effective number of genes impacting it is only 14:
	{P_007843, P_006414}
You may want to ignore posterior probabilities and other statistics related to the following branch branch because the effective number of genes impacting it is only 14:
	{P_007783, P_007843, P_006414}
You may want to ignore posterior probabilities and other statistics related to the following branch branch because the effective number of genes impacting it is only 14:
	{P_011631, P_007783, P_007843, P_006414, P_007844}
You may want to ignore posterior probabilities and other statistics related to the following branch branch because the effective number of genes impacting it is only 14:
	{P_011631, P_007783, P_007843, P_006414, P_011637, P_007844, P_011551}
You may want to ignore posterior probabilities and other statistics related to the following branch branch because the effective number of genes impacting it is only 14:
	{P_011465, P_011489, P_011501, P_011487, P_011523, P_011631, P_011647, P_007783, P_007843, P_006414, P_011637, P_007844, P_011551}
You may want to ignore posterior probabilities and other statistics related to the following branch branch because the effective number of genes impacting it is only 14:
	{GAP_80394, P_011465, P_011489, P_011501, P_011487, P_011523, P_011631, P_011647, P_007783, P_007843, P_006414, P_011637, P_007844, P_011551, GAP_80393}
You may want to ignore posterior probabilities and other statistics related to the following branch branch because the effective number of genes impacting it is only 14:
	{GAP_80394, P_011657, P_011643, P_011651, P_011509, P_011465, P_011489, P_011501, P_011487, P_011523, P_011631, P_011647, P_007783, P_007843, P_006414, P_011637, P_007844, P_011551, GAP_80393}
You may want to ignore posterior probabilities and other statistics related to the following branch branch because the effective number of genes impacting it is only 14:
	{GAP_80395, KRJP, GAP_80394, P_011657, P_011643, P_011651, P_011509, P_011465, P_011489, P_011501, P_011487, P_011523, P_011631, P_011647, P_007783, P_007843, P_006414, P_011637, P_007844, P_011551, GAP_80393, P_011549}
You may want to ignore posterior probabilities and other statistics related to the following branch branch because the effective number of genes impacting it is only 6:
	{P_006411, Schi}
You may want to ignore posterior probabilities and other statistics related to the following branch branch because the effective number of genes impacting it is only 7:
	{P_006411, Schi, P_011699}
You may want to ignore posterior probabilities and other statistics related to the following branch branch because the effective number of genes impacting it is only 13:
	{P_011531, P_006411, Schi, P_011699}
You may want to ignore posterior probabilities and other statistics related to the following branch branch because the effective number of genes impacting it is only 9:
	{P_011671, P_011579}
You may want to ignore posterior probabilities and other statistics related to the following branch branch because the effective number of genes impacting it is only 13:
	{P_011671, P_008632, P_011579}
You may want to ignore posterior probabilities and other statistics related to the following branch branch because the effective number of genes impacting it is only 14:
	{BCGB, ABSS}
You may want to ignore posterior probabilities and other statistics related to the following branch branch because the effective number of genes impacting it is only 9:
	{Dhai, Apet}
You may want to ignore posterior probabilities and other statistics related to the following branch branch because the effective number of genes impacting it is only 13:
	{WIGA, Msal}
You may want to ignore posterior probabilities and other statistics related to the following branch branch because the effective number of genes impacting it is only 14:
	{Dhai, Apet, WIGA, Msal}
You may want to ignore posterior probabilities and other statistics related to the following branch branch because the effective number of genes impacting it is only 1:
	{Dhai, Apet, WIGA, Msal, BCGB, ABSS}
You may want to ignore posterior probabilities and other statistics related to the following branch branch because the effective number of genes impacting it is only 1:
	{Dhai, Apet, WIGA, Msal, BCGB, ABSS, P_011607}
You may want to ignore posterior probabilities and other statistics related to the following branch branch because the effective number of genes impacting it is only 10:
	{P_011705, P_011713}
You may want to ignore posterior probabilities and other statistics related to the following branch branch because the effective number of genes impacting it is only 5:
	{P_006413, P_011705, P_011713}
You may want to ignore posterior probabilities and other statistics related to the following branch branch because the effective number of genes impacting it is only 6:
	{P_006413, P_011705, P_011713, KAYP}
You may want to ignore posterior probabilities and other statistics related to the following branch branch because the effective number of genes impacting it is only 5:
	{P_011673, P_011701}
You may want to ignore posterior probabilities and other statistics related to the following branch branch because the effective number of genes impacting it is only 14:
	{P_011677, P_011739}
You may want to ignore posterior probabilities and other statistics related to the following branch branch because the effective number of genes impacting it is only 14:
	{P_011677, P_011739, P_011537}
You may want to ignore posterior probabilities and other statistics related to the following branch branch because the effective number of genes impacting it is only 14:
	{P_011677, P_011739, P_011537, P_011673, P_011701}
You may want to ignore posterior probabilities and other statistics related to the following branch branch because the effective number of genes impacting it is only 14:
	{P_011735, P_011675}
You may want to ignore posterior probabilities and other statistics related to the following branch branch because the effective number of genes impacting it is only 0:
	{P_011745, P_014073}
You may want to ignore posterior probabilities and other statistics related to the following branch branch because the effective number of genes impacting it is only 3:
	{P_011745, P_014073, P_011611}
You may want to ignore posterior probabilities and other statistics related to the following branch branch because the effective number of genes impacting it is only 13:
	{P_011745, P_011715, P_014073, P_011611}
You may want to ignore posterior probabilities and other statistics related to the following branch branch because the effective number of genes impacting it is only 14:
	{P_011745, P_011715, P_011735, P_011675, P_014073, P_011611}
You may want to ignore posterior probabilities and other statistics related to the following branch branch because the effective number of genes impacting it is only 14:
	{P_011745, P_011681, P_011715, P_011735, P_011675, P_014073, P_011611}
You may want to ignore posterior probabilities and other statistics related to the following branch branch because the effective number of genes impacting it is only 14:
	{P_011677, P_011739, P_011745, P_011681, P_011715, P_011735, P_011675, P_011537, P_011673, P_014073, P_011701, P_011611}
You may want to ignore posterior probabilities and other statistics related to the following branch branch because the effective number of genes impacting it is only 14:
	{P_011677, P_011739, P_011745, P_011681, P_011715, P_011735, P_011675, P_011537, P_011759, P_011673, P_014073, P_011701, P_011611}
You may want to ignore posterior probabilities and other statistics related to the following branch branch because the effective number of genes impacting it is only 1:
	{GAP_80389, P_011719}
You may want to ignore posterior probabilities and other statistics related to the following branch branch because the effective number of genes impacting it is only 13:
	{GAP_80389, GAP_80390, P_011719}
You may want to ignore posterior probabilities and other statistics related to the following branch branch because the effective number of genes impacting it is only 14:
	{P_006412, P_008640}
You may want to ignore posterior probabilities and other statistics related to the following branch branch because the effective number of genes impacting it is only 14:
	{P_008646, P_006412, P_008640}
You may want to ignore posterior probabilities and other statistics related to the following branch branch because the effective number of genes impacting it is only 14:
	{GAP_80389, GAP_80390, P_008646, P_006412, P_008640, P_011719}
You may want to ignore posterior probabilities and other statistics related to the following branch branch because the effective number of genes impacting it is only 14:
	{GAP_80389, GAP_80390, P_008646, P_006412, P_008640, P_011679, P_011719}
You may want to ignore posterior probabilities and other statistics related to the following branch branch because the effective number of genes impacting it is only 14:
	{GAP_80389, GAP_80390, P_008646, P_006412, P_008640, P_011679, P_016813, P_011719}
You may want to ignore posterior probabilities and other statistics related to the following branch branch because the effective number of genes impacting it is only 14:
	{GAP_80389, GAP_80390, P_008646, P_006412, P_008640, P_011679, P_011677, P_011739, P_011745, P_011681, P_011715, P_011735, P_011675, P_011537, P_011759, P_011673, P_016813, P_014073, P_011701, P_011611, P_011719}
You may want to ignore posterior probabilities and other statistics related to the following branch branch because the effective number of genes impacting it is only 14:
	{GAP_80389, GAP_80390, P_008646, P_006412, P_008640, P_011679, P_006413, P_011677, P_011739, P_011745, P_011681, P_011715, P_011735, P_011675, P_011537, P_011759, P_011705, P_011673, P_011713, P_016813, P_014073, P_011701, P_011611, KAYP, P_011719}
You may want to ignore posterior probabilities and other statistics related to the following branch branch because the effective number of genes impacting it is only 14:
	{GAP_80389, GAP_80390, P_008646, P_006412, P_008640, P_011679, P_006413, P_011677, P_011739, P_011745, P_011681, P_011715, P_011735, P_011675, P_011537, P_011759, P_011705, Dhai, Apet, WIGA, Msal, BCGB, ABSS, P_011673, P_011713, P_016813, P_014073, P_011701, P_011611, KAYP, P_011607, P_011719}
You may want to ignore posterior probabilities and other statistics related to the following branch branch because the effective number of genes impacting it is only 14:
	{P_011671, P_008632, P_011579, GAP_80389, GAP_80390, P_008646, P_006412, P_008640, P_011679, P_006413, P_011677, P_011739, P_011745, P_011681, P_011715, P_011735, P_011675, P_011537, P_011759, P_011705, Dhai, Apet, WIGA, Msal, BCGB, ABSS, P_011673, P_011713, P_016813, P_014073, P_011701, P_011611, KAYP, P_011607, P_011719}
You may want to ignore posterior probabilities and other statistics related to the following branch branch because the effective number of genes impacting it is only 4:
	{P_011671, P_008632, P_011579, GAP_80389, GAP_80390, P_008646, P_006412, P_008640, P_011679, P_006413, P_011677, P_011739, P_011745, P_011681, P_011715, P_011735, P_011675, P_011537, P_011759, P_011705, Dhai, Apet, WIGA, Msal, BCGB, ABSS, P_011673, P_011713, P_016813, P_018635, P_014073, P_011701, P_011611, KAYP, P_011607, P_011719}
You may want to ignore posterior probabilities and other statistics related to the following branch branch because the effective number of genes impacting it is only 4:
	{P_011671, P_008632, P_011579, GAP_80389, GAP_80390, P_008646, P_006412, P_008640, P_011679, P_006413, P_011677, P_011739, P_011745, P_011681, P_011715, P_011735, P_011675, P_011537, P_011759, P_011705, Dhai, Apet, WIGA, Msal, BCGB, ABSS, P_011673, P_011713, P_016813, P_018635, P_014073, P_008631, P_011701, P_011611, KAYP, P_011607, P_011719}
You may want to ignore posterior probabilities and other statistics related to the following branch branch because the effective number of genes impacting it is only 14:
	{P_011671, P_008632, P_011579, GAP_80389, GAP_80390, P_008646, P_006412, P_008640, P_011679, P_006413, P_011677, P_011739, P_011745, P_011681, P_011715, P_011735, P_011675, P_011537, P_011759, P_011705, Dhai, VYLQ, Apet, WIGA, Msal, BCGB, ABSS, P_011673, P_011713, P_016813, P_018635, P_014073, P_008631, P_011701, P_011611, KAYP, P_011607, P_011719}
You may want to ignore posterior probabilities and other statistics related to the following branch branch because the effective number of genes impacting it is only 14:
	{P_011531, P_006411, Schi, P_011699, P_011671, P_008632, P_011579, GAP_80389, GAP_80390, P_008646, P_006412, P_008640, P_011679, P_006413, P_011677, P_011739, P_011745, P_011681, P_011715, P_011735, P_011675, P_011537, P_011759, P_011705, Dhai, VYLQ, Apet, WIGA, Msal, BCGB, ABSS, P_011673, P_011713, P_016813, P_018635, P_014073, P_008631, P_011701, P_011611, KAYP, P_011607, P_011719}
You may want to ignore posterior probabilities and other statistics related to the following branch branch because the effective number of genes impacting it is only 14:
	{GAP_80395, KRJP, P_011531, P_006411, Schi, P_011699, P_011671, P_008632, P_011579, GAP_80389, GAP_80390, P_008646, P_006412, P_008640, P_011679, P_006413, P_011677, P_011739, P_011745, P_011681, P_011715, P_011735, P_011675, P_011537, P_011759, P_011705, Dhai, VYLQ, Apet, WIGA, Msal, BCGB, ABSS, P_011673, P_011713, P_016813, P_018635, GAP_80394, P_011657, P_011643, P_011651, P_011509, P_011465, P_011489, P_011501, P_011487, P_011523, P_011631, P_011647, P_007783, P_007843, P_006414, P_011637, P_007844, P_011551, GAP_80393, P_011549, P_014073, P_008631, P_011701, P_011611, KAYP, P_011607, P_011719}
You may want to ignore posterior probabilities and other statistics related to the following branch branch because the effective number of genes impacting it is only 9:
	{GAP_80395, P_011527, MAQO, KRJP, WAIL, GAP_80297, P_014083, GAP_80298, P_014077, Sdec, P_011609, P2619, P_011531, P_006411, Schi, P_011699, P_011671, P_008632, P_011579, GAP_80389, GAP_80390, P_008646, P_006412, P_008640, P_011679, P_006413, P_011677, P_011739, P_011745, P_011681, P_011715, P_011735, P_011675, P_011537, P_011759, P_011705, Dhai, VYLQ, Apet, WIGA, Msal, BCGB, ABSS, P_011673, P_011713, P_016813, P_018635, GAP_80394, P_011657, P_011643, P_011651, P_011509, P_011465, P_011489, P_011501, P_011487, P_011523, P_011631, P_011647, P_007783, P_007843, P_006414, P_011637, P_007844, P_011551, GAP_80393, P_011549, P_014073, P_008631, P_011701, P_011611, KAYP, P_011607, P_011719}
You may want to ignore posterior probabilities and other statistics related to the following branch branch because the effective number of genes impacting it is only 9:
	{GAP_80395, P_011527, MAQO, KRJP, WAIL, GAP_80297, P_014083, GAP_80298, P_014077, Sdec, P_011609, P2619, P_011531, P_006411, Schi, P_011699, P_011671, P_008632, P_011579, GAP_80389, GAP_80390, P_008646, P_006412, P_008640, P_011679, P_006413, P_011677, P_011739, P_011745, P_011681, P_011715, P_011735, P_011675, P_011537, P_011759, P_011705, Dhai, VYLQ, Apet, WIGA, Msal, BCGB, ABSS, P_011673, P_011713, P_016813, P_011613, P_011709, P_018635, GAP_80394, P_011657, P_011643, P_011651, P_011509, P_011465, P_011489, P_011501, P_011487, P_011523, P_011631, P_011647, P_007783, P_007843, P_006414, P_011637, P_007844, P_011551, GAP_80393, P_011549, P_014073, P_008631, P_011701, P_011611, KAYP, P_011607, P_011719}
You may want to ignore posterior probabilities and other statistics related to the following branch branch because the effective number of genes impacting it is only 14:
	{GAP_80395, P_011527, MAQO, KRJP, WAIL, GAP_80297, P_014083, GAP_80298, P_014077, Sdec, P_011609, P2619, P_008647, P0104A, P_011587, GAP_79862, P_014081, P_011531, P_006411, Schi, P_011699, P_011671, P_008632, P_011579, GAP_80389, GAP_80390, P_008646, P_006412, P_008640, P_011679, P_006413, P_011677, P_011739, P_011745, P_011681, P_011715, P_011735, P_011675, P_011537, P_011759, P_011705, Dhai, VYLQ, Apet, WIGA, Msal, BCGB, ABSS, P_011673, P_011713, P_016813, P_011613, P_011709, P_018635, GAP_80394, P_011657, P_011643, P_011651, P_011509, P_011465, P_011489, P_011501, P_011487, P_011523, P_011631, P_011647, P_007783, P_007843, P_006414, P_011637, P_007844, P_011551, GAP_80393, P_011549, P_014073, P_008631, P_011701, P_011611, KAYP, P_011607, P_011719}
You may want to ignore posterior probabilities and other statistics related to the following branch branch because the effective number of genes impacting it is only 14:
	{GAP_80395, P_011527, MAQO, KRJP, WAIL, GAP_80297, P_014083, GAP_80298, P_014077, Sdec, P_011609, P2619, WPHN, P_008647, P0104A, P_011587, GAP_79862, P_014081, P_011531, P_006411, Schi, P_011699, P_011671, P_008632, P_011579, GAP_80389, GAP_80390, P_008646, P_006412, P_008640, P_011679, P_006413, P_011677, P_011739, P_011745, P_011681, P_011715, P_011735, P_011675, P_011537, P_011759, P_011705, Dhai, VYLQ, Apet, WIGA, Msal, BCGB, ABSS, P_011673, P_011713, P_016813, P_011613, P_011709, P_018635, GAP_80394, P_011657, P_011643, P_011651, P_011509, P_011465, P_011489, P_011501, P_011487, P_011523, P_011631, P_011647, P_007783, P_007843, P_006414, P_011637, P_007844, P_011551, GAP_80393, P_011549, P_014073, P_008631, P_011701, P_011611, KAYP, P_011607, P_011719}
You may want to ignore posterior probabilities and other statistics related to the following branch branch because the effective number of genes impacting it is only 14:
	{GAP_80395, P_011527, MAQO, KRJP, WAIL, GAP_80297, P_014083, GAP_80298, P_014077, Sdec, P_011609, P2619, WPHN, P_018645, P_018639, P_018779, P_018783, P_018695, P_014095, S08, S04, S27, P_016789, P_016791, S03, P_014099, P_016787, S02, P_018693, P_006422, P_016795, P_016793, P_007845, P_016797, OBPL, GAP_80397, P_016799, P0110C, P0207C, P0206H, P0206G, P0207B, XQWC, P0110B, P0207A, P2623, P2622, DHPO, GAP_80322, P_012795, P_012941, P_012861, P_012855, P_007802, P_012827, P_012813, P_018637, P_012921, P_012919, P_012843, P_012879, P_012809, P_012801, P_012805, P_012825, P_012839, P_012799, P_012865, P_012931, P_012935, P_012933, P_012849, P_012871, P_012807, P_012845, P_012909, GAP_81172, P_012833, P_012869, P_012835, P_012819, P_012823, P_012915, P_012791, YZRI, PSJT, GAP_80295, P_012927, P_012803, P_012937, P_012939, P_006421, P_012837, P_012829, P_012853, P_012867, P_012899, P_012817, P_012847, P_012923, P_012925, P_012883, P_012815, P_012903, P_012905, P_012831, P_012851, P_012887, P_012901, P_012875, P_012857, P_018689, P_012859, P_012897, GAP_80291, P_012907, P_012881, P_012873, P_012889, P_006418, P_012863, P_006420, GAP_80294, P_012893, GAP_80293, P_006419, GAP_80292, P_012793, P_012885, P_012911, P_012917, P_012821, P_012841, P_012797, P_012877, P_012913, P_012811, P_012895, P_012891, P_008647, P0104A, P_011587, GAP_79862, P_014081, P_011531, P_006411, Schi, P_011699, P_011671, P_008632, P_011579, GAP_80389, GAP_80390, P_008646, P_006412, P_008640, P_011679, P_006413, P_011677, P_011739, P_011745, P_011681, P_011715, P_011735, P_011675, P_011537, P_011759, P_011705, Dhai, VYLQ, Apet, WIGA, Msal, BCGB, ABSS, P_011673, P_011713, P_016813, P_011613, P_011709, P_018635, GAP_80394, P_011657, P_011643, P_011651, P_011509, P_011465, P_011489, P_011501, P_011487, P_011523, P_011631, P_011647, P_007783, P_007843, P_006414, P_011637, P_007844, P_011551, GAP_80393, P_011549, P_014073, S38, P_008631, P_011701, P_011611, P_018691, KAYP, P_011607, P_011719}
You may want to ignore posterior probabilities and other statistics related to the following branch branch because the effective number of genes impacting it is only 12:
	{GAP_80395, P_011527, MAQO, KRJP, WAIL, GAP_80297, P_014083, GAP_80298, P_014077, Sdec, P_011609, P2619, WPHN, P_019189, PAWA, P_019197, P_025525, Asie, QDVW, CSSK, P2589, P_019185, OPDF, GAP_80417, P2590, GAP_79804, SJEV, Wsal, P_019187, P_019193, WKSU, GAP_81227, Pcol, GAP_81226, P_006410, P_016921, P_018645, P_018639, P_018779, P_018783, P_018695, P_014095, S08, S04, S27, P_016789, P_016791, S03, P_014099, P_016787, S02, P_018693, P_006422, P_016795, P_016793, P_007845, P_016797, OBPL, GAP_80397, P_016799, P0110C, P0207C, P0206H, P0206G, P0207B, XQWC, P0110B, P0207A, P2623, P2622, DHPO, GAP_80322, P_012795, P_012941, P_012861, P_012855, P_007802, P_012827, P_012813, P_018637, P_012921, P_012919, P_012843, P_012879, P_012809, P_012801, P_012805, P_012825, P_012839, P_012799, P_012865, P_012931, P_012935, P_012933, P_012849, P_012871, P_012807, P_012845, P_012909, GAP_81172, P_012833, P_012869, P_012835, P_012819, P_012823, P_012915, P_012791, YZRI, PSJT, GAP_80295, P_012927, P_012803, P_012937, P_012939, P_006421, P_012837, P_012829, P_012853, P_012867, P_012899, P_012817, P_012847, P_012923, P_012925, P_012883, P_012815, P_012903, P_012905, P_012831, P_012851, P_012887, P_012901, P_012875, P_012857, P_018689, P_012859, P_012897, GAP_80291, P_012907, P_012881, P_012873, P_012889, P_006418, P_012863, P_006420, GAP_80294, P_012893, GAP_80293, P_006419, GAP_80292, P_012793, P_012885, P_012911, P_012917, P_012821, P_012841, P_012797, P_012877, P_012913, P_012811, P_012895, P_012891, P_008647, P0104A, P_011587, GAP_79862, P_014081, P_011531, P_006411, Schi, P_011699, P_011671, P_008632, P_011579, GAP_80389, GAP_80390, P_008646, P_006412, P_008640, P_011679, P_006413, P_011677, P_011739, P_011745, P_011681, P_011715, P_011735, P_011675, P_011537, P_011759, P_011705, Dhai, VYLQ, Apet, WIGA, Msal, BCGB, ABSS, P_011673, P_011713, P_016813, P_011613, P_011709, P_018635, GAP_80394, P_011657, P_011643, P_011651, P_011509, P_011465, P_011489, P_011501, P_011487, P_011523, P_011631, P_011647, P_007783, P_007843, P_006414, P_011637, P_007844, P_011551, GAP_80393, P_011549, P_019191, P_014073, S38, P_019199, P_025527, P_008631, P_011701, P_011611, P_018691, KAYP, P_025523, P_011607, P_011719}
You may want to ignore posterior probabilities and other statistics related to the following branch branch because the effective number of genes impacting it is only 12:
	{GAP_80395, P_011527, MAQO, KRJP, WAIL, GAP_80297, P_014083, GAP_80298, P_014077, Sdec, P_011609, P2619, WPHN, P0203H, P_019189, PAWA, P_019197, P_025525, Asie, QDVW, CSSK, P2589, P_019185, OPDF, GAP_80417, P2590, GAP_79804, SJEV, Wsal, P_019187, P_019193, WKSU, GAP_81227, Pcol, GAP_81226, P_006410, P_016921, P_018645, P_018639, P_018779, P_018783, P_018695, P_014095, S08, S04, S27, P_016789, P_016791, S03, P_014099, P_016787, S02, P_018693, P_006422, P_016795, P_016793, P_007845, P_016797, OBPL, GAP_80397, P_016799, P0110C, P0207C, P0206H, P0206G, P0207B, XQWC, P0110B, P0207A, P2623, P2622, DHPO, GAP_80322, P_012795, P_012941, P_012861, P_012855, P_007802, P_012827, P_012813, P_018637, P_012921, P_012919, P_012843, P_012879, P_012809, P_012801, P_012805, P_012825, P_012839, P_012799, P_012865, P_012931, P_012935, P_012933, P_012849, P_012871, P_012807, P_012845, P_012909, GAP_81172, P_012833, P_012869, P_012835, P_012819, P_012823, P_012915, P_012791, YZRI, PSJT, GAP_80295, P_012927, P_012803, P_012937, P_012939, P_006421, P_012837, P_012829, P_012853, P_012867, P_012899, P_012817, P_012847, P_012923, P_012925, P_012883, P_012815, P_012903, P_012905, P_012831, P_012851, P_012887, P_012901, P_012875, P_012857, P_018689, P_012859, P_012897, GAP_80291, P_012907, P_012881, P_012873, P_012889, P_006418, P_012863, P_006420, GAP_80294, P_012893, GAP_80293, P_006419, GAP_80292, P_012793, P_012885, P_012911, P_012917, P_012821, P_012841, P_012797, P_012877, P_012913, P_012811, P_012895, P_012891, P_008647, P0104A, P_011587, GAP_79862, P_014081, P_011531, P_006411, Schi, P_011699, P_011671, P_008632, P_011579, GAP_80389, GAP_80390, P_008646, P_006412, P_008640, P_011679, P_006413, P_011677, P_011739, P_011745, P_011681, P_011715, P_011735, P_011675, P_011537, P_011759, P_011705, Dhai, VYLQ, Apet, WIGA, Msal, BCGB, ABSS, P_011673, P_011713, P_016813, P_011613, P_011709, P_018635, GAP_80394, P_011657, P_011643, P_011651, P_011509, P_011465, P_011489, P_011501, P_011487, P_011523, P_011631, P_011647, P_007783, P_007843, P_006414, P_011637, P_007844, P_011551, GAP_80393, P_011549, P_019191, P_014073, S38, P_019199, P_025527, P_008631, P_011701, P_011611, P_018691, KAYP, P_025523, P_011607, P_011719}
You may want to ignore posterior probabilities and other statistics related to the following branch branch because the effective number of genes impacting it is only 13:
	{GAP_80395, P_011527, MAQO, KRJP, WAIL, GAP_80297, P_014083, GAP_80298, P_014077, Sdec, P_011609, P2619, WPHN, P0203H, P_016909, WZFE, P_019189, PAWA, P_019197, P_025525, Asie, QDVW, CSSK, P2589, P_019185, OPDF, GAP_80417, P2590, GAP_79804, SJEV, Wsal, P_019187, P_019193, WKSU, GAP_81227, Pcol, GAP_81226, P_006410, P_016921, P_018645, P_018639, P_018779, P_018783, P_018695, P_014095, S08, S04, S27, P_016789, P_016791, S03, P_014099, P_016787, S02, P_018693, P_006422, P_016795, P_016793, P_007845, P_016797, OBPL, GAP_80397, P_016799, P0110C, P0207C, P0206H, P0206G, P0207B, XQWC, P0110B, P0207A, P2623, P2622, DHPO, GAP_80322, P_012795, P_012941, P_012861, P_012855, P_007802, P_012827, P_012813, P_018637, P_012921, P_012919, P_012843, P_012879, P_012809, P_012801, P_012805, P_012825, P_012839, P_012799, P_012865, P_012931, P_012935, P_012933, P_012849, P_012871, P_012807, P_012845, P_012909, GAP_81172, P_012833, P_012869, P_012835, P_012819, P_012823, P_012915, P_012791, YZRI, PSJT, GAP_80295, P_012927, P_012803, P_012937, P_012939, P_006421, P_012837, P_012829, P_012853, P_012867, P_012899, P_012817, P_012847, P_012923, P_012925, P_012883, P_012815, P_012903, P_012905, P_012831, P_012851, P_012887, P_012901, P_012875, P_012857, P_018689, P_012859, P_012897, GAP_80291, P_012907, P_012881, P_012873, P_012889, P_006418, P_012863, P_006420, GAP_80294, P_012893, GAP_80293, P_006419, GAP_80292, P_012793, P_012885, P_012911, P_012917, P_012821, P_012841, P_012797, P_012877, P_012913, P_012811, P_012895, P_012891, P_008647, P0104A, P_011587, GAP_79862, P_014081, P_011531, P_006411, Schi, P_011699, P_011671, P_008632, P_011579, GAP_80389, GAP_80390, P_008646, P_006412, P_008640, P_011679, P_006413, P_011677, P_011739, P_011745, P_011681, P_011715, P_011735, P_011675, P_011537, P_011759, P_011705, Dhai, VYLQ, Apet, WIGA, Msal, BCGB, ABSS, P_011673, P_011713, P_016813, P_011613, P_011709, P_018635, GAP_80394, P_011657, P_011643, P_011651, P_011509, P_011465, P_011489, P_011501, P_011487, P_011523, P_011631, P_011647, P_007783, P_007843, P_006414, P_011637, P_007844, P_011551, GAP_80393, P_011549, P_019191, P_014073, S38, P_019199, P_025527, P_008631, P_011701, P_011611, P_018691, KAYP, P_025523, P_011607, P_011719}
Extended species tree:
(P0109B,((P_018831,OSHQ)84.62:1.1349799328389845,((P_016909,WZFE)92.31:1.5404450409471486,(P0203H,((((SJEV,(P_019193,(Wsal,P_019187)69.2:0.6232813277866489)83.33:1.0608719606852628)100:2.2335922215070947,(P_016921,(WKSU,(GAP_81227,(Pcol,(GAP_81226,P_006410)78.57:0.9162907318741549)67.86:0.597851241002831)52.34:0.264930517442684)58.93:0.39304258810960735)98.57:2.1202635362000914)99.81:2.2243178093056946,((P_025525,P_025523)100:0.2876820724517809,(((P_025527,(Asie,QDVW)100:0.6931471805599453)84.59:0.4967045453378597,(P_019189,(PAWA,P_019197)64.22:0.5092561830748898)43.62:0.11653830678270266)67.78:0.5810324360477213,((P_019185,(CSSK,(P2589,OPDF)71.43:0.6931471805599453)35.71:0.0)83.33:1.0986122886681102,((P_019191,P_019199)77.85:0.6504056321826744,(GAP_80417,(P2590,GAP_79804)100:1.9924301646902058)58.33:0.2876820724517809)62.5:0.40546510810816444)94.65:1.7301484075010827)42.59:0.03173367837561104)60.75:0.2981974164513038)77.48:0.8747874004112801,(((((P_018639,P_018779)60.14:0.41753513287770816,(P_018695,(P_018645,P_018783)49.9:0.22145551586655404)50:0.2231435513142097)74.7:0.7698482040006605,((P_018691,(P_016793,(P_006422,P_016795)85.71:1.2039728043259361)90.06:1.3027061219320188)43.72:0.09098797904722132,((P_018693,(P_007845,(P_016797,(OBPL,(GAP_80397,P_016799)53.81:0.2870501608983679)85.68:1.2024924191555018)38.14:5.635390399913477E-4)62.7:0.36520613993206563)53.67:0.2586802548139564,((P_014095,S08)69.95:0.6050103110485812,(((S04,S38)50:0.13353139262452274,(S27,P_016789)68.18:0.5753641449035618)89.11:1.259947296244229,((P_016787,S02)99.97:2.297944713437544,(P_016791,(S03,P_014099)92.89:1.6118919013956674)45.84:0.144761152922935)39.69:0.04262389357017906)37.25:0.012793192402534436)93.82:1.5491669097853893)42.81:0.08444371240436485)55.89:0.3146398892833303)97.92:2.0467730519744376,(((P2623,P2622)80.09:0.8065422912391974,(P0110C,(P0207A,(P0110B,((P0207B,XQWC)48.82:0.20130607304838316,(P0207C,(P0206H,P0206G)64.18:0.5082520270919376)51.69:0.2531426057465464)41.36:0.07732171257609366)36.51:0.007380107297622534)97.62:2.014903020542266)97.8:1.982533842389027)64.69:0.5044010661933386,((DHPO,GAP_80322)84.62:1.1350328442916808,((P_012795,P_012941)100:2.302585092994046,((P_012861,((P_012855,(P_007802,P_012827)100:2.302585092994046)100:2.302585092994046,((P_012813,P_018637)71.43:0.6931471805599453,(P_012921,P_012919)100:2.302585092994046)100:2.302585092994046)100:2.302585092994046)50.16:0.22591893189614426,(((P_012841,((P_012877,P_012913)87.17:1.2522050884251106,(P_012811,(P_012895,P_012891)78.57:0.9162907318741549)92.87:1.6105546071341752)97.6:2.0126633779487593)56.88:0.35149358519673485,(P_012797,(((P_012815,P_012903)100:2.302585092994046,((P_012857,(P_012925,P_012883)99.87:2.2845665874913657)44.75:0.13517221958000186,(P_012875,((P_012905,P_012831)57.1:0.3558015814378033,(P_012901,(P_012851,P_012887)100:2.302585092994046)42.84:0.10513273346466526)44.06:0.1242265617138955)87.17:1.2742477272705433)49.92:0.22131764908681034)72.51:0.7168848889116186,(P_018689,((P_012885,(P_006420,GAP_80294)100:2.2335922215070947)54:0.266000210143329,(P_012859,((P_012907,(P_012881,P_012873)85.71:1.2039728043259361)44.76:0.12036640404261466,(GAP_80291,((P_012897,(P_012893,GAP_80293)99.92:2.224885915424566)54.08:0.25028258695236383,((P_012793,(P_006419,GAP_80292)100:2.302585092994046)61.53:0.4144967620600109,((P_012911,(P_012917,P_012821)100:2.2335922215070947)94.99:1.7456183132302,(P_012863,(P_012889,P_006418)40.02:0.047183185514011246)60.56:0.3928438400113502)40.16:0.04761469005611286)42.55:0.07817772199945514)44.37:0.09936196333526638)44.33:0.1067744223230599)45.67:0.12992864628849576)36.45:0.0)86.44:1.23610408250873)99.64:2.253794928824613)98.48:2.110067438375629)41.22:0.08021633385680092)100:2.302585092994046,((P_012867,((P_012847,P_012923)100:2.2302798633941108,(P_012899,P_012817)84.62:1.1349799328389845)74.67:0.7882248292621877)99.6:2.2482238837751587,((P_012937,(P_012939,P_006421)92.86:1.6094379124341005)100:2.302585092994046,(P_012843,(((P_012803,P_012853)46.82:0.1655580900646166,(P_012837,P_012829)89.29:1.3862943611198908)55.31:0.3180742516075617,(((P_012801,(P_012879,P_012809)100:2.302585092994046)74.39:0.7795671067401247,(P_012839,(P_012805,(P_012825,(P_012799,YZRI)78.6:0.9173974960554793)57.11:0.3560458152611713)52.4:0.2661039673415774)63.68:0.49673920989846176)82.21:1.050462944770527,((((P_012807,P_012845)85.46:1.1920589773938068,(P_012849,P_012871)92.86:1.6094379124341005)74.11:0.7711087220296571,(P_012865,(P_012931,(P_012935,P_012933)100:2.302585092994046)100:2.302585092994046)64.29:0.5108256237659905)100:2.302585092994046,(P_012909,((GAP_81172,P_012833)100:2.302585092994046,((PSJT,(GAP_80295,P_012927)57.14:0.35667494393873245)85.55:1.1963772203708354,((P_012915,P_012791)53.85:0.2876820724517809,(P_012869,(P_012819,(P_012835,P_012823)46.19:0.15471137510407254)78.57:0.9162907318741549)100:2.302585092994046)96.43:1.8971199848858815)54.73:0.3095324570730341)98.24:2.02743038663942)49.12:0.1987650999475543)97.25:1.975864394473524)98.73:2.1388649621506373)55.48:0.31847808931275134)36.61:0.010170141949938719)86.91:1.2613037360650445)98.95:2.1655874923930383)56.12:0.336328362079565)92.25:1.567822717701045)95.79:1.8391216761411777)61.06:0.4321336093229586)66.61:0.5512485602434729)98.15:2.069324672216851,(WPHN,(((P_011587,GAP_79862)100:2.3019732850826404,(P_014081,(P_008647,P0104A)100:2.159484249353373)92.31:1.5404450409471486)99.77:2.271332549489942,((P_011613,P_011709)100:0.2876820724517809,(((P_011609,(Sdec,P2619)57.14:0.2876820724517809)90.76:1.4226036828834925,(MAQO,(WAIL,((GAP_80298,P_014077)56.67:0.3373223716392622,(P_011527,(GAP_80297,P_014083)100:2.2335922215070947)40.67:0.07047179707078446)70.31:0.6622443485474274)65.47:0.5369277618630511)86.13:1.206462899348097)54.66:0.2991661653626192,(((KRJP,(GAP_80395,P_011549)100:2.302585092994046)69.5:0.6313710294442662,(((P_011651,P_011509)88.97:1.3568871990320486,(P_011657,P_011643)43.38:0.10391847826668732)93.68:1.6329122168755048,((GAP_80394,GAP_80393)69.82:0.6396759056721346,((P_011647,(P_011465,((P_011489,P_011487)53.57:0.2876820724517809,(P_011501,P_011523)35.76:6.851365624091548E-4)79.63:0.9469277013360451)82.77:1.057692595300649)46.88:0.16123364947913602,((P_011637,P_011551)50.44:0.2187414195007131,((P_011631,P_007844)40.92:0.0726409398624483,(P_007783,(P_007843,P_006414)41.34:0.07515429006274403)64.13:0.4953068594270125)52:0.2526696435004149)52.87:0.26973580485789767)70.4:0.6489208724756873)43.78:0.11347272781670131)98.34:1.9776303467780885)89.05:1.3013021741554136,((P_011531,(P_011699,(P_006411,Schi)100:1.5404450409471486)71.37:0.5738967932096122)94.83:1.7197100558794924,(VYLQ,(P_008631,(P_018635,((P_008632,(P_011671,P_011579)44.44:0.1053605156578264)84.89:1.1465115059112694,((P_011607,((BCGB,ABSS)61.44:0.4362440420096297,((Dhai,Apet)41.03:0.05209583563960945,(WIGA,Msal)45.96:0.1467123100269032)55.97:0.32906846555669667)96.99:0.23899989381239292)4.55:0.0,((KAYP,(P_006413,(P_011705,P_011713)84.83:1.002132388677642)51.32:0.15262925467086905)36.56:0.0,((P_011759,(((P_011673,P_011701)64:0.34357048508649424,(P_011537,(P_011677,P_011739)85.91:1.2131653834411549)33.68:0.0)48.51:0.18900968606567498,(P_011681,((P_011735,P_011675)92.61:1.5825586776590048,(P_011715,(P_011611,(P_011745,P_014073)NaN:0.0)100:0.9797369536131172)69.72:0.6001754401284709)42.67:0.09650408512324239)54.63:0.2990971491669935)35.69:0.0)91.96:1.4692140535705274,(P_016813,(P_011679,((GAP_80390,(GAP_80389,P_011719)100:0.2876820724517809)99.59:2.1153875764464085,((P_006412,P_008640)71.34:0.6905539570772223,P_008646)62.31:0.4512248143483309)37.8:0.024972940400225976)43.18:0.10659491868558017)73.51:0.7268628355845419)49.18:0.18370160040396738)37.6:0.017416341996539814)84.37:1.1323543124044315)77.98:0.8897983751098631)75:0.5109158154233236)74.24:0.49497064619264713)55.72:0.3284731519139866)80.98:1.0034424608664962)61.82:0.4249536564616711)42.39:0.06914214053603861)42.61:0.06829215845138532)69.44:0.627369420241431)86.15:1.2076662747544398)95.92:1.8289510656919816)88.47:1.2910039455064992)79.17:0.9067212808580042)80.77:0.9808292530117262));
Weight calculation took 0.688110212 secs
ASTRAL finished in 6.627 secs
