
================== ASTRAL ===================== 

This is ASTRAL version 5.7.7
Gene trees are treated as unrooted
161 trees read from all_bs10.trees
index164
All output trees will be *arbitrarily* rooted at P0109B

======== Running the main analysis
Number of taxa: 244 (244 species)
Taxa: [Msal, Apet, Dhai, P_006413, P_016813, VYLQ, P_018635, P_006411, P_011609, P_011677, P_011739, Schi, P_011531, P_011587, GAP_79862, P_008647, P0104A, P_014081, GAP_80393, GAP_80394, P_011657, P_011643, P_011509, P_011651, P_011647, P_011489, P_011465, P_011487, P_011523, P_011501, P_011637, P_007843, P_007844, P_011631, P_007783, P_006414, KRJP, GAP_80395, P_011549, P2619, P0110C, P0206G, P0207B, XQWC, P0206H, P0207A, P0110B, P0207C, P_012941, P_012795, P_012841, P_012913, P_012877, P_012895, P_012811, P_012891, P_012797, P_012863, P_012821, P_012917, P_012911, GAP_80291, P_012859, P_012897, P_012885, GAP_80292, P_006419, P_012907, P_012793, P_006420, GAP_80294, P_006418, P_012881, P_012873, GAP_80293, P_012893, P_012889, P_012925, P_012883, P_012857, P_012831, P_012905, P_012851, P_012887, P_012875, P_012901, P_012903, P_012815, P_018689, P_012867, P_012817, P_012899, P_012923, P_012847, P_012803, P_012843, P_012937, P_006421, P_012939, P_012837, P_012829, P_012853, P_012801, P_012879, P_012809, P_012839, P_012799, YZRI, P_012825, P_012805, P_012909, S38, GAP_80295, PSJT, P_012927, GAP_81172, P_012869, P_012835, P_012823, P_012819, P_012833, P_012791, P_012915, P_012849, P_012871, P_012807, P_012845, P_012865, P_012933, P_012935, P_012931, P_012861, P_012855, P_012827, P_007802, P_012813, P_018637, P_012921, P_012919, DHPO, GAP_80322, P2622, P_018695, P_016795, P_016789, P_014099, S02, P_016787, P_018779, P_018645, S27, P_018639, P_018783, S04, S03, P_016793, P_016797, GAP_80397, OBPL, P_016799, P_018693, P_016791, P_006422, S08, P0109B, P0203H, P_018831, OSHQ, P_016909, WZFE, SJEV, P_019187, P_019193, Wsal, P_016921, GAP_81227, WKSU, Pcol, GAP_81226, P_006410, P_019191, P2589, OPDF, P_019185, CSSK, GAP_80417, P2590, GAP_79804, P_019197, PAWA, P_025525, QDVW, Asie, P_019189, P_014095, P_011613, WPHN, MAQO, GAP_80297, P_014083, GAP_80298, P_014077, WAIL, P_008631, P_008632, P_011705, P_011579, P_011671, P_008640, P_006412, P_008646, P_011679, KAYP, GAP_80390, GAP_80389, BCGB, P_011745, P_011537, P_011673, P_011681, P_011759, P_011675, P_011735, P_011715, ABSS, WIGA, P_011713, P2623, P_011699, P_011719, P_011527, P_014073, P_011551, P_018691, P_025527, P_011709, Sdec, P_025523, P_011611, P_019199, P_011701, P_007845, P_011607, P_011589]
Taxon occupancy: {P_019193=140, P_019191=71, P_019197=145, OPDF=157, GAP_81172=161, P_018783=155, P_019199=60, Wsal=143, P_016921=156, WKSU=160, P_025523=26, P_025525=49, P_025527=21, P_014073=28, P0203H=112, P_014077=103, QDVW=157, P_011487=154, P_011489=156, P_016813=145, P_006421=159, P_006422=156, P_006420=133, P_006418=154, P_006419=159, P_014081=117, P_006414=156, P_014083=128, P_018689=161, P0206H=148, P0206G=139, Msal=139, P0109B=86, P_012901=158, P_006410=153, P_006411=153, P_012903=159, P_006412=154, P_006413=152, P_012905=159, GAP_79862=152, P_012907=160, PAWA=153, ABSS=159, P_012909=159, P_018691=77, GAP_80291=159, P_018695=151, P_014095=78, GAP_80293=157, GAP_80292=157, P_018693=151, GAP_80295=158, GAP_80294=157, P_014099=152, GAP_80297=157, GAP_80298=153, P_012911=158, P_011701=33, P_012913=141, P_012915=158, P_011705=94, P_012917=154, P_012919=152, P_011709=15, P_012881=157, P_011671=103, P_011551=109, P_012883=160, MAQO=158, P_011673=135, P_012885=156, GAP_80322=158, P_011675=147, P2590=135, P_011677=130, P_012887=159, P_012889=156, P_011679=139, P_008647=148, PSJT=155, P2589=137, P_012891=153, P_011681=118, P_012893=158, P_018637=157, P_012895=155, P_018635=145, P_012897=157, P0207C=155, P0207B=153, P_012899=159, P0207A=157, P_018639=146, P_008646=158, P_008640=157, BCGB=157, WZFE=155, P_018645=152, KRJP=156, KAYP=92, P_011699=89, P_011579=129, CSSK=152, P_008632=155, P_007783=149, P_016909=159, P_008631=34, P_019187=154, P_019185=147, Sdec=39, P_019189=139, P_012791=161, P_012793=158, P_012795=158, Asie=128, P_011465=155, P_018779=129, P_011587=127, P_012797=157, P_012799=157, P_011589=3, GAP_80417=98, WIGA=156, P_007802=131, GAP_79804=130, P_011631=132, P_012841=158, P_012843=157, Pcol=133, P_012845=158, P_011637=154, P_012847=157, P_011759=151, P_012849=159, Apet=73, OBPL=155, P0110C=147, P0110B=117, P_018831=155, YZRI=157, P_012851=158, P_011643=159, P_012853=156, P_011523=156, P_012855=155, P_011647=148, P_012857=158, P_011527=105, P_012859=157, WAIL=159, P_016789=152, P_011651=148, P_012861=155, P_011531=135, P_016787=155, P_012863=159, P_012865=158, Schi=139, P_011657=146, P_012867=160, P_011537=126, P_012869=159, P_016793=150, P_016791=156, P_016797=156, SJEV=156, P_016795=152, P_012871=156, P_012873=158, P_016799=154, P_012875=159, P_012877=154, P_012879=159, P_011549=153, P_007844=119, P_007845=31, S02=128, P_012921=147, S04=55, P_012801=158, S03=150, P_012923=160, P_011713=120, P_012803=158, P_012925=156, S08=113, P_011715=136, P_007843=145, P_012805=159, P_012927=159, P_012807=158, P_011719=18, P_012809=159, VYLQ=157, DHPO=158, GAP_80390=139, P2622=125, P2623=67, GAP_80394=158, XQWC=159, GAP_80393=159, GAP_80395=160, GAP_80397=155, P_012931=160, P_012811=157, P_012933=157, WPHN=154, P_012813=157, P_012935=157, P_012815=154, P_012937=159, P_012817=159, P_011607=6, P_012939=160, P_011609=114, P_012819=155, P2619=108, OSHQ=157, GAP_80389=149, P_012941=161, P_012821=157, P_011611=31, P_012823=158, P_011613=55, P_011735=156, P_012825=159, S27=128, P_012827=147, P_011739=139, P_012829=119, Dhai=150, P0104A=132, P_012831=152, P_011501=156, P_012833=161, GAP_81226=154, GAP_81227=155, P_011745=145, P_012835=158, S38=50, P_012837=157, P_012839=157, P_011509=157}
Number of gene trees: 161
161 trees have missing taxa
Calculating quartet distance matrix (for completion of X)
Species tree distances calculated ...
Will attempt to complete bipartitions from X before adding using a distance matrix.
Building set of clusters (X) from gene trees 
------------------------------
gradient0: 23727
Number of Clusters after addition by distance: 23727
calculating extra bipartitions to be added at level 1 ...
Adding to X using resolutions of greedy consensus ...
Limit for sigma of degrees:6150
polytomy size limit : 32
discarded polytomies:  [3, 3, 3, 3, 3, 3, 3, 3, 3, 3, 3, 3, 3, 3, 3, 3, 3, 3, 3, 3, 3, 3, 3, 4, 4, 4, 4, 4, 4, 4, 4, 4, 4, 5, 5, 5, 5, 5, 6, 6, 7, 9, 10, 10, 11, 12, 14, 14, 14, 18, 32]
Threshold 0.0:
polytomy of size 3; rounds with additions with at least 5 support: 0; clusters: 23729
Threshold 0.01:
polytomy of size 5; rounds with additions with at least 5 support: 1; clusters: 23751
Threshold 0.02:
polytomy of size 7; rounds with additions with at least 5 support: 2; clusters: 23859
Threshold 0.05:
polytomy of size 3; rounds with additions with at least 5 support: 0; clusters: 23859
polytomy of size 3; rounds with additions with at least 5 support: 0; clusters: 23859
polytomy of size 10; rounds with additions with at least 5 support: 1; clusters: 23889
polytomy of size 3; rounds with additions with at least 5 support: 0; clusters: 23889
polytomy of size 4; rounds with additions with at least 5 support: 0; clusters: 23889
polytomy of size 3; rounds with additions with at least 5 support: 0; clusters: 23889
Threshold 0.1:
polytomy of size 3; rounds with additions with at least 5 support: 0; clusters: 23889
polytomy of size 3; rounds with additions with at least 5 support: 0; clusters: 23889
polytomy of size 5; rounds with additions with at least 5 support: 0; clusters: 23889
polytomy of size 12; rounds with additions with at least 5 support: 0; clusters: 23909
polytomy of size 3; rounds with additions with at least 5 support: 0; clusters: 23909
polytomy of size 3; rounds with additions with at least 5 support: 0; clusters: 23909
polytomy of size 3; rounds with additions with at least 5 support: 0; clusters: 23909
polytomy of size 9; rounds with additions with at least 5 support: 0; clusters: 23913
Threshold 0.2:
polytomy of size 3; rounds with additions with at least 5 support: 0; clusters: 23913
polytomy of size 4; rounds with additions with at least 5 support: 0; clusters: 23913
polytomy of size 3; rounds with additions with at least 5 support: 0; clusters: 23913
polytomy of size 10; rounds with additions with at least 5 support: 0; clusters: 23917
polytomy of size 4; rounds with additions with at least 5 support: 0; clusters: 23917
polytomy of size 14; rounds with additions with at least 5 support: 0; clusters: 23931
polytomy of size 3; rounds with additions with at least 5 support: 0; clusters: 23931
polytomy of size 4; rounds with additions with at least 5 support: 0; clusters: 23931
polytomy of size 3; rounds with additions with at least 5 support: 0; clusters: 23931
polytomy of size 3; rounds with additions with at least 5 support: 0; clusters: 23931
polytomy of size 3; rounds with additions with at least 5 support: 0; clusters: 23931
polytomy of size 5; rounds with additions with at least 5 support: 0; clusters: 23933
polytomy of size 4; rounds with additions with at least 5 support: 0; clusters: 23933
polytomy of size 18; rounds with additions with at least 5 support: 0; clusters: 23969
Threshold 0.3333333333333333:
polytomy of size 4; rounds with additions with at least 5 support: 0; clusters: 23969
polytomy of size 3; rounds with additions with at least 5 support: 0; clusters: 23969
polytomy of size 4; rounds with additions with at least 5 support: 0; clusters: 23969
polytomy of size 11; rounds with additions with at least 5 support: 0; clusters: 23969
polytomy of size 3; rounds with additions with at least 5 support: 0; clusters: 23969
polytomy of size 14; rounds with additions with at least 5 support: 0; clusters: 23971
polytomy of size 6; rounds with additions with at least 5 support: 0; clusters: 23971
polytomy of size 14; rounds with additions with at least 5 support: 0; clusters: 23971
polytomy of size 4; rounds with additions with at least 5 support: 0; clusters: 23971
polytomy of size 5; rounds with additions with at least 5 support: 0; clusters: 23971
polytomy of size 3; rounds with additions with at least 5 support: 0; clusters: 23971
polytomy of size 3; rounds with additions with at least 5 support: 0; clusters: 23971
polytomy of size 3; rounds with additions with at least 5 support: 0; clusters: 23971
polytomy of size 3; rounds with additions with at least 5 support: 0; clusters: 23971
polytomy of size 6; rounds with additions with at least 5 support: 0; clusters: 23971
polytomy of size 4; rounds with additions with at least 5 support: 0; clusters: 23971
polytomy of size 3; rounds with additions with at least 5 support: 0; clusters: 23971
polytomy of size 5; rounds with additions with at least 5 support: 0; clusters: 23971
polytomy of size 4; rounds with additions with at least 5 support: 0; clusters: 23971
polytomy of size 32; rounds with additions with at least 5 support: 0; clusters: 24035
max k is :4
Number of Clusters after addition by greedy: 24035
gradient0 in heuristiic: 24035
partitions formed in 7.592 secs
Dynamic Programming starting after 7.592 secs
Using tree-based weight calculation.
Using polytree-based weight calculation.
Polytree max score: 12837288686
Polytree building time: 0.097 seconds.
Number of quartet trees in the gene trees: 12837288686
Size of largest cluster: 244
Greedy score: 11961639270
estimationFactor: 1.0732048004654466
Sub-optimal score: 12099501183
Total Number of elements weighted: 61870
Normalized score (portion of input quartet trees satisfied before correcting for multiple individuals): 0.9517928823494559
Optimization score: 12218440000
Optimal tree inferred in 65.813 secs.
(OPDF,(P2589,((P_019185,CSSK),(((P_019191,P_019199),(GAP_80417,(P2590,GAP_79804))),(((QDVW,Asie),(P_019189,(P_019197,PAWA))),((P_025527,(P_025525,P_025523)),(((SJEV,(P_019193,(P_019187,Wsal))),(P_016921,(GAP_81227,(WKSU,(Pcol,(GAP_81226,P_006410)))))),((P0203H,((P_016909,WZFE),(P0109B,(P_018831,OSHQ)))),((WPHN,(P_011613,(((P_011609,(P2619,(Sdec,P_011589))),(MAQO,(WAIL,(P_011527,(P_014077,(GAP_80298,(GAP_80297,P_014083))))))),(((P_011587,GAP_79862),(P_014081,(P_008647,P0104A))),(((KRJP,(GAP_80395,P_011549)),((P_011643,(P_011657,(P_011509,P_011651))),((GAP_80393,GAP_80394),(P_011631,((P_011647,(P_011465,(P_011501,(P_011523,(P_011489,P_011487))))),(P_011551,((P_011637,P_007844),(P_007843,(P_007783,P_006414))))))))),((P_011531,(P_011699,(P_006411,Schi))),(VYLQ,(P_018635,(P_008631,((P_011579,(P_008632,P_011671)),(P_011701,((P_011709,(P_011719,P_011607)),(((P_011705,P_011713),((KAYP,(BCGB,ABSS)),(WIGA,(Dhai,(Msal,Apet))))),((P_006413,((P_016813,(GAP_80390,GAP_80389)),((P_008646,P_011679),(P_008640,P_006412)))),((P_011681,P_014073),(P_011673,((P_011537,(P_011677,P_011739)),(P_011759,((P_011675,P_011735),(P_011715,(P_011745,P_011611))))))))))))))))))))),((((P_018779,P_018639),(P_018695,(P_018645,P_018783))),(P_018691,((P_016797,(P_007845,(P_016799,(GAP_80397,OBPL)))),((P_018693,(P_016793,(P_016795,P_006422))),((S08,P_014095),((S38,(S04,(P_016789,S27))),((S02,P_016787),(P_016791,(P_014099,S03))))))))),(((P2622,P2623),(P0110C,(XQWC,(P0207A,((P0110B,P0207C),(P0207B,(P0206G,P0206H))))))),((DHPO,GAP_80322),((P_012941,P_012795),((P_012861,((P_012855,(P_012827,P_007802)),((P_012813,P_018637),(P_012921,P_012919)))),(((P_012841,((P_012913,P_012877),(P_012811,(P_012895,P_012891)))),(P_012797,((((P_012903,P_012815),(P_012857,(P_012925,P_012883))),(P_012875,((P_012851,P_012887),(P_012901,(P_012831,P_012905))))),(P_018689,((P_006420,GAP_80294),(P_012885,(P_012859,(((GAP_80291,P_012907),(P_012881,P_012873)),((P_012897,(GAP_80293,P_012893)),((P_012911,(P_012821,P_012917)),(P_012889,((P_012863,P_006418),(P_012793,(GAP_80292,P_006419)))))))))))))),((P_012867,((P_012817,P_012899),(P_012923,P_012847))),(P_012843,(((P_012937,(P_006421,P_012939)),((P_012803,P_012853),(P_012837,P_012829))),(((P_012801,(P_012879,P_012809)),(P_012839,(P_012805,(P_012825,(P_012799,YZRI))))),((P_012909,(((P_012807,P_012845),(P_012849,P_012871)),(P_012865,(P_012931,(P_012933,P_012935))))),((GAP_81172,P_012833),((P_012927,(GAP_80295,PSJT)),((P_012791,P_012915),(P_012869,(P_012823,(P_012835,P_012819))))))))))))))))))))))))));
Final quartet score is: 12218440000
Final normalized quartet score is: 0.9517928823494559
You may want to ignore posterior probabilities and other statistics related to the following branch branch because the effective number of genes impacting it is only 1:
	{Sdec, P_011589}
You may want to ignore posterior probabilities and other statistics related to the following branch branch because the effective number of genes impacting it is only 0:
	{P_011719, P_011607}
You may want to ignore posterior probabilities and other statistics related to the following branch branch because the effective number of genes impacting it is only 4:
	{P_011719, P_011709, P_011607}
You may want to ignore posterior probabilities and other statistics related to the following branch branch because the effective number of genes impacting it is only 9:
	{Msal, Apet, Dhai, P_006413, P_016813, P_011677, P_011739, P_011705, P_008640, P_006412, P_008646, P_011679, KAYP, GAP_80390, GAP_80389, BCGB, P_011745, P_011537, P_011673, P_011681, P_011759, P_011675, P_011735, P_011715, ABSS, WIGA, P_011713, P_011719, P_014073, P_011709, P_011611, P_011607}
You may want to ignore posterior probabilities and other statistics related to the following branch branch because the effective number of genes impacting it is only 9:
	{P_025525, P_025523}
You may want to ignore posterior probabilities and other statistics related to the following branch branch because the effective number of genes impacting it is only 14:
	{P_025525, P_025527, P_025523}
65.98879410484564 15.996590510538983 1.0146153846153847 83.0 6.75184748525456E-19
141.02155918908335 7.8271816336884825 4.1512591772281695 153.0 1.6379823598476709E-52
1.0 0.0 0.0 1.0 0.3678794411714423
Not enough genes
Cannot perform polytomy test with effective N (after polytomies) 1.0:
	(Sdec,P_011589):0.2876820724517809;
20.554957133186075 2.302288735406188 11.720038265620953 34.577284134213215 7.253367060940948E-4
60.760452626701 13.35755082665013 11.060636358237256 85.1786398115884 9.144414840335857E-13
118.99969559228087 3.995497989831665 3.0048064178874645 126.0 1.0396761965588893E-46
42.45358962714999 26.999826327685742 30.055885587771055 99.50930154260679 0.13275963040668998
31.797680664841536 25.663559040227465 20.208527539239526 77.66976724430853 0.2729674278813164
51.77788474210352 31.745373032501156 18.476742225395324 102.0 2.5703584479955927E-4
108.33445268663999 6.379922603916557 37.31700070263026 152.0313759931868 3.82378235786279E-24
108.22715813775716 8.220574198808388 7.29939326219081 123.74712559875636 3.747736125150556E-36
52.20766449083669 42.188868144511346 9.881418211222234 104.27795084657028 7.705787635545055E-7
92.69919702568392 21.418881912586084 3.766288053665132 117.88436699193514 3.148103268431318E-25
101.0 3.0 1.0 105.0 2.8138685404058844E-41
98.91858028990062 8.490140348057428 4.03723774567017 111.44595838362821 3.0717283696021404E-34
104.80533808453437 17.006701471511942 10.246774157825275 132.0588137138716 3.523890774489593E-28
126.88787633909087 6.102991050400377 16.01382744618951 149.00469483568077 4.799177761039342E-40
120.24062224240367 25.330527162116255 2.531603821218444 148.10275322573838 5.197746239820834E-35
99.00000677866213 20.083846045238104 16.791788445850646 135.87564126975087 1.6959471181385942E-21
52.615997095297416 44.59029802124244 41.335295908024285 138.54159102456413 0.48192572035959136
121.00498602875172 9.819531783940539 15.245678595561849 146.0701964082541 8.933537633285242E-36
107.71566045926849 11.343742934791045 22.848125862846327 141.90752925690586 3.6675010440334715E-26
53.03060478308744 42.027001898818455 43.99466831245296 139.05227499435887 0.47574038891225234
52.480889333337785 50.630905597925235 34.99376973531275 138.1055646665758 0.13469028420206702
100.65343888456593 17.998398957558138 22.73924834214353 141.3910861842676 1.412429778025831E-20
115.31307377151332 11.13111325998338 10.852142570756396 137.29632960225308 3.7577158665445314E-35
56.84115305516103 33.550524652600465 30.679397352934913 121.0710750606964 0.006091480538406865
45.829457086877376 34.25693297506111 26.67441977161141 106.7608098335499 0.07317661647594724
51.9772351356399 43.95743039344128 35.14864699552086 131.08331252460204 0.19759443895965526
75.74032493520043 31.661045823979393 24.131737103584367 131.53310786276418 2.0030090626743722E-8
38.75714273117587 23.48155480376157 33.55786557167776 95.7965631066152 0.15123188116660075
38.050088520507934 28.957746606910263 23.856641192547215 90.8644763199654 0.18147451854291244
50.14389600661857 40.63186561008023 23.139463511496515 113.91522512819532 0.007147699172333763
71.55797704387984 39.607168912324006 9.09121866325903 120.25636461946287 2.6859850968971427E-11
52.50818054848282 38.02685303811723 48.985308700569334 139.5203422871694 0.29335542407888504
140.8783109361964 4.936605283702517 4.815094739085672 150.6300109589846 4.683950548690705E-54
125.80046560239138 5.408413047049868 7.626823078037251 138.83570172747852 3.022348870329089E-45
64.09830368921527 7.0437107821624 10.14100439654685 81.28301886792453 3.1643263155269313E-17
46.005746949289566 27.195284965308602 4.570853983640228 77.7718858982384 6.155365429351169E-8
113.9165887353456 2.9762727820411183 10.123411897927824 127.01627341531454 2.842719722796683E-40
34.875650318651175 28.268373116918813 20.048169032105157 83.19219246767514 0.13671420563685519
105.37794273161217 12.909520711583912 6.884709408863719 125.17217285205979 1.882956024546859E-32
0.0 0.0 0.0 0.0 NaN
Not enough genes
Cannot perform polytomy test with effective N (after polytomies) 0.0:
	(P_011719,P_011607):0.0;
0.033645276292335116 2.9946524064171123 0.9717023172905526 4.0 0.17951793448324327
Not enough genes
Cannot perform polytomy test with effective N (after polytomies) 4.0:
	(P_011709,(P_011719,P_011607):0.0):0.0;
27.92975004654592 17.431179011837735 17.640288666920835 63.001217725304485 0.17990294540142282
54.55233045494293 10.226251243842976 13.906010708302633 78.68459240708854 9.570658397171795E-11
26.927243832230985 26.053588390584142 15.565875018097916 68.54670724091304 0.17387204011070218
21.07110536071555 13.029004298316751 18.061654367900655 52.16176402693296 0.3869175237355116
63.35957169534175 36.837753680723395 21.083531886721584 121.28085726278674 1.2479557022179458E-5
75.04083488068683 21.329302220054668 27.82320734825155 124.19334444899306 9.635589646633557E-10
59.63141659573858 36.01082340118221 13.296955129412652 108.93919512633343 3.803180755770118E-7
32.748999344444485 37.01770767509391 32.01275386949839 101.77946088903678 0.8063499989283613
110.0960220513471 5.904010535843556 6.950037444692002 122.95007003188266 1.0832531187616445E-38
32.71363036022439 33.357865251698335 30.51361074441075 96.58510635633348 0.9332485852408811
52.461416153496536 18.013747449161002 40.4808122713202 110.95597587397774 2.5639254276301556E-4
103.48710674168412 12.158240841995042 15.772577438278283 131.41792502195744 3.0440709348145962E-27
45.91061815981579 34.7074019052547 28.53598543201976 109.15400549709024 0.118576162473954
71.92385254823579 15.383450369989214 17.870839408439682 105.17814232666468 2.2650838527326712E-13
28.41079736522685 44.86413588706815 21.380761811617685 94.65569506391269 0.010011023015908223
9.124465452450027 5.117228197576862 4.461181894749494 18.702875544776383 0.3598178751872007
77.0536224097642 10.022517414966499 9.063227665116154 96.13936748984686 2.559662757552305E-21
40.49158593442366 25.65757834448573 33.01181220633997 99.16097648524936 0.18931137187294866
113.43822880758096 7.879316966956008 10.37757731760527 131.69512309214224 1.2692604761227664E-36
13.977179703363955 4.064849761039612 4.076260506109587 22.118289970513157 0.011830066104154551
58.25474658095072 28.08154165539598 18.72092448953566 105.05721272588237 5.088957913638056E-6
58.094908303118004 24.272634115507646 38.96370863240073 121.33125105102638 8.153939137389354E-4
53.59245884819322 27.17375519667139 31.70200650930448 112.4682205541691 0.004871418451882959
44.86678824198503 25.358925403462965 35.94208578948535 106.16779943493334 0.06755323876713788
34.58358011030913 32.177937940126114 24.528283472714488 91.28980152314973 0.4041459615582286
55.21212175688526 24.724987749271417 10.99280089412519 90.92991040028187 4.576454391108549E-8
59.48493682363896 23.68978615655048 22.899849102728833 106.07457208291828 4.322747936875553E-6
18.119740877369324 5.5105397621104935 2.486824144431994 26.117104783911813 3.716486162659548E-4
3.6394690336800553 3.8742774763916334 0.01635103222481887 7.530097542296508 0.1551179960664466
Not enough genes
Cannot perform polytomy test with effective N (after polytomies) 7.530097542296508:
	((P_011709,(P_011719,P_011607):0.0):0.0,(((P_011705,P_011713):0.16793481820526243,((KAYP,(BCGB,ABSS):0.7484587815999502):0.08422242891046529,(WIGA,(Dhai,(Msal,Apet):0.09930932803502077):0.32465298932399245):0.509325635393414):0.37630262536583126):0.0,((P_006413,((P_016813,(GAP_80390,GAP_80389):1.7858362524811642):0.0028517547536007497,((P_008646,P_011679):0.2267557382578094,(P_008640,P_006412):1.1155905081702648):0.13373553084365347):0.7258413575130704):0.0,((P_011681,P_014073):0.2164843434132046,(P_011673,((P_011537,(P_011677,P_011739):1.1706712539949355):0.1124943806293331,(P_011759,((P_011675,P_011735):1.52471993990883,(P_011715,(P_011745,P_011611):0.5223771182288504):0.39143635193546905):0.23869829280671404):0.23378591723679082):0.1369530603122919):0.06410354344130145):0.512299993306319):0.4054454280881196):0.6977679583499724):0.15081486393778415;
17.571494607634744 6.4480759754275345 2.5388458695671554 26.558416452629434 0.001036906210259721
27.443177885057835 2.1369619879790864 3.099668940969556 32.67980881400648 6.322142487193696E-9
14.884279037031627 6.024039037953882 7.965605099306039 28.873923174291548 0.10501858885218046
69.91043797138249 33.77078914102608 18.394383054845076 122.07561016725366 3.431244871358796E-8
67.82727541118703 40.57288822192908 24.846088667726164 133.2462523008423 2.3756840973014345E-5
101.45006290151399 11.096931865080423 14.050232193305021 126.59722695989943 7.581806014626909E-28
54.859148586374495 25.815228839061213 28.398354500245215 109.07273192568093 8.192155627324405E-4
55.31475771856693 49.39537046643844 8.776999611004337 113.48712779600972 4.286723398635585E-8
22.879069766044235 12.618282995921307 5.178225942863872 40.67557870482942 0.0029496271793518518
15.913877354665967 13.014041817742692 12.4677126619198 41.395631834328455 0.7798761871361903
124.47851951668098 5.10697949792774 4.64409867883031 134.22959769343905 5.2075952842507E-47
56.310048122585336 36.925927082652514 23.87396735135462 117.10994255659247 0.0010879170240583685
58.86528697161972 30.33221066892579 50.7381956041222 139.9356932446677 0.009727410321791698
73.71920895230674 40.269032550055655 20.844271096756316 134.83251259911873 1.2239370669667303E-7
77.21810517148558 44.506958658032175 9.83519072132213 131.5602545508399 5.6941158627059995E-12
66.08505810077337 17.028301762085277 63.87416314045383 146.98752300331248 1.568530996453878E-7
17.960852949267302 8.073918107740365 4.928464237109977 30.963235294117645 0.011322816488952227
13.7293191901303 13.386558186899398 0.9286272735409556 28.04450465057065 0.003377859399428095
112.82743628693247 8.337051955146567 22.32029392734582 143.48478216942485 6.077024528068899E-30
86.12015919807448 20.633134534710255 22.805343688471037 129.55863742125575 1.2171482010766441E-14
76.235273449769 15.767990033967724 22.849349846700495 114.85261333043721 4.01695978869323E-13
35.73095428587371 22.045432330917116 45.19150508379743 102.96789170058825 0.01933998575807568
38.01890360945381 4.702731634411954 18.919582487578904 61.64121773144467 1.2381918827345879E-6
33.83156010969256 3.99287347115063 11.064624513769651 48.88905809461284 3.319201956000288E-7
8.815536388585969 8.539022601198761 3.548306185463297 20.902865175248024 0.2833000408234576
22.354053432572112 13.002208825478005 5.353003007485422 40.709265265535535 0.004782452958203549
124.98146251903302 1.6760380196779754 0.33769176898132097 126.9951923076923 2.7198687583682977E-53
138.9970054590621 2.0528002130507765 1.0380547707655765 142.08786044287845 1.782334847563431E-58
44.69329013140643 34.440346307108996 33.07193952203957 112.205575960555 0.34006929851561635
37.79046411820174 32.51179888831585 33.75043804506475 104.05270105158235 0.8027611813133434
44.054879076964134 25.504958747078245 20.2411750040541 89.80101282809648 0.005366033166808102
57.239616771307055 23.506988631010316 10.76757235465626 91.51417775697362 6.171852359993158E-9
46.23774214789284 35.72777039312934 31.584685022952286 113.55019756397446 0.22147961984884992
22.389072565115075 19.36098244778179 14.539449272203587 56.28950428510045 0.43376032068793213
26.46068184464534 16.681150614384187 16.553165105212233 59.69499756424176 0.1972323034117797
149.0482330163391 4.292044765073401 1.8097066182137038 155.14998439962622 2.0973090170756533E-60
32.76991604882154 3.7938389356086093 29.31059737740703 65.87435236183718 1.1131962752892617E-5
43.431264840140976 42.31512045499583 27.925290689596327 113.67167598473313 0.13891698445118028
60.975373579539344 45.942207271255505 26.084805267357282 133.00238611815212 9.993671624570002E-4
65.40058617697406 48.66734902600828 29.948866388494743 144.01680159147708 0.001427203294822376
54.248603856228236 45.796642957317566 49.46292499139931 149.5081718049451 0.6973634961926578
72.06413231572819 51.3192160703804 28.22146872411139 151.60481711021998 7.349537827238008E-5
96.35225157221781 42.84012367340403 4.619681491966853 143.81205673758868 5.81540951196065E-20
116.26466868197525 1.3043015326473781 4.359231134998621 121.92820134962125 1.3937501354734801E-46
69.54605237541978 19.195883199660916 23.696432391143844 112.43836796622453 1.0116211029370102E-9
150.21941509964103 0.5837466100843712 2.4198740247601056 153.2230357344855 2.0171897128216543E-63
155.0 1.0343165059557573 0.0238230289279637 156.0581395348837 3.9291774086084885E-67
114.9740930894799 5.9900969897973795 6.021409624857901 126.98559970413517 2.456008019852731E-41
122.99787940962659 9.250628140703517 12.149391621026481 144.39789917135658 1.1284321429563345E-38
107.50652472527473 15.009137182910548 27.48901098901099 150.00467289719626 1.3196765172428672E-22
139.4975517596029 4.5 2.0047846889952154 146.00233644859813 5.886952388175921E-56
140.33668341708545 2.2532071891844687 6.440954773869347 149.03084538013928 1.175600453939339E-54
146.68556759556637 2.15448223396499 2.264994930776552 151.1050447603079 1.0177533331855715E-60
60.86095258414264 26.307747913435527 52.99626611694649 140.16496661452464 8.933852124926478E-4
126.74358131731286 4.504832832988549 8.685858150168071 139.93427230046947 1.4373295367770543E-45
81.98719271693417 33.06183882929297 31.015630846194746 146.0646623924219 3.7387212328155675E-8
135.9745011176019 6.014740119239224 6.050676446177975 148.03991768301913 2.9242978975321045E-50
137.65543669984774 4.560656436033408 9.824145812661806 152.04023894854296 2.100104644778199E-49
76.97400225374417 30.69539033428385 36.03793289041459 143.7073254784426 1.5435677814107138E-6
123.23322588854528 8.2873903805823 12.080643597711347 143.60125986683892 2.0717100987468315E-39
148.0156401737797 0.9538461538461539 4.013697929977 152.98318425760286 7.158557963521488E-61
46.819887315335265 39.77444873982638 41.29911640729329 127.89345246245495 0.7244762585512836
44.08353810679304 39.60262421373026 41.088343386620444 124.77450570714373 0.8822723161162386
147.02791974837186 4.925648917136981 2.540930501120408 154.49449916662925 1.8508554867379894E-58
79.73183078991782 34.96314441592962 27.34975035106683 142.04472555691427 4.4959967702928456E-8
52.42627705895276 47.957087111069825 48.49817170041614 148.8815358704387 0.8870250683305853
73.7311422727382 39.11057225287338 31.83896864844319 144.68068317405476 3.0743678067662166E-5
96.04795591014158 18.56638732383902 22.266281204254994 136.8806244382356 6.58526422533602E-19
87.19406153823111 20.126983608189974 23.416401282843538 130.73744642926462 5.68979595167351E-15
110.13521592548231 14.903731574856533 1.669934640522876 126.70888214086173 9.909203698017619E-37
36.903729733857034 31.68540608759047 30.643187413450065 99.23232323489756 0.7116500750725325
105.9532090683482 10.329272373570177 12.305524448623721 128.5880058905421 5.523729548430099E-31
37.086306230034744 27.24312008981947 34.1146815420577 98.4441078619119 0.4598882059946897
138.02122260904432 6.898531149590998 2.181191387227327 147.10094514586265 2.2272807414077834E-53
36.889329969169204 29.866776178937652 28.304930866507064 95.06103701461392 0.5169411579339279
135.01064517910322 5.044066692123138 8.893386237483371 148.94809810870973 1.4613620933958442E-48
98.41951661609292 9.53621448920725 10.78829551173188 118.74402661703205 3.213267951965986E-29
38.01124230153626 27.54121021440889 22.750400178830983 88.30285269477613 0.1262623107133766
148.96549743163015 1.0863902263994982 3.0271355465334797 153.07902320456313 5.78151089116234E-62
48.21523035609144 30.866895004707573 28.557613390104162 107.63973875090318 0.040044335306196555
34.43374711600547 27.55694069834909 28.94162699229607 90.93231480665062 0.646339648429008
31.225857533734246 28.868098477934062 24.19711838625513 84.29107439792344 0.6341643470772949
36.79524584899973 25.123874921499148 30.26822580956169 92.18734658006056 0.3284324316180491
32.940739417011685 32.03819316158829 29.417728965499137 94.3966615440991 0.8990391614501466
34.415858919382224 26.13841851780871 33.38280744111794 93.93708487830887 0.522195360305578
34.739194736092486 31.506085264792244 31.50501703385338 97.75029703473811 0.898551687611074
37.19359700905449 29.196599342442987 36.07278765710981 102.4629840086073 0.5775670841875903
120.60409697153447 11.955526708172327 4.554968575784249 137.11459225549103 7.768672030108698E-41
109.94376101838003 13.047073501659689 13.752544649396611 136.74337916943634 2.4907548667175445E-30
135.6676048195565 3.103733649262072 3.2219675779304486 141.993306046749 1.992233600425907E-54
51.43057392493668 39.00502171310098 50.73391764963267 141.16951328767033 0.3549424217051478
143.62782683293187 2.5887039198773905 3.0165971733219314 149.2331279261312 1.9310767071270314E-58
145.00238121205513 4.548001850611186 6.090239776617933 155.64062283928422 3.556441789279252E-55
153.53179190751445 1.5086705202312138 0.5953757225433526 155.63583815028903 1.3182585597821679E-65
110.29489949511499 21.272317486017073 27.249643483984205 158.81686046511626 4.852323405354545E-21
157.30476480788764 0.9818920916481891 1.7064758669782578 159.99313276651407 9.403412106230851E-67
136.0 8.0 12.0 156.0 5.871882838714795E-45
155.53069540649747 0.4685374149659864 0.001963350785340314 156.0011961722488 7.2561765021186795E-68
51.84276377720353 51.82753946416334 41.80555753056569 145.47586077193256 0.5008367531546344
93.17234182943514 13.22239073706617 9.514472164079727 115.90920473058105 7.724852606745483E-26
71.85116311855734 37.58719968835448 39.85209788278585 149.29046068969765 6.24516488253366E-4
56.45006687083661 49.08837928657243 37.82089543621362 143.35934159362267 0.15846647376364428
155.0045871559633 1.9954128440366974 0.0 157.0 2.4127610539510924E-66
102.82427809659237 22.202427366447985 28.99494402149575 154.02164948453608 1.2199370192001644E-17
131.0375421937298 4.234914132917709 19.67121569581926 154.94367202246676 5.631041537429877E-41
74.275819694123 32.51386960832908 46.19725062057893 152.986939923031 1.3794273624144102E-4
61.29384386344586 42.255836613493315 49.80315207544922 153.3528325523884 0.16563688991578865
112.5341958627081 19.010872685871178 23.260429839202775 154.80549838778205 3.360322462165896E-24
134.36145897540393 12.41191711253644 8.150025279850887 154.92340136779126 6.346340584265525E-44
90.91950291443816 31.99208109722998 27.554579815998515 150.46616382766666 1.46493516860027E-11
135.5008498992388 10.011901126785785 8.989699954367579 154.50245098039215 2.3526091982222397E-45
101.72073784312235 24.53477707565385 30.198331969349038 156.45384688812524 3.8613370701450157E-16
149.0 3.0 2.0 154.0 2.9670280715080014E-61
141.45633378484607 4.522677520388556 9.00177210490362 154.98078341013823 1.3123671510093866E-51
78.83867733937258 41.83032005148908 29.529074392261684 150.19807178312334 1.931500934083381E-6
151.59301947942862 2.510533545328288 2.1686941613621116 156.27224718611902 1.2335612225231511E-62
58.344855639761235 46.183884220432276 44.9368153032527 149.4655551634462 0.3324307137724926
153.7807706950661 3.0710393407761827 2.43 159.2818100358423 6.39018823364E-63
74.1398959310649 25.846976524251357 50.01312754468374 150.0 8.623384567149821E-6
147.0824769917789 3.4108124742754224 8.259781397502039 158.75307086355633 2.3617782801673585E-55
64.07460879114633 47.9749688596095 43.96948854396924 156.01906619472507 0.11332626564200467
53.98571248080142 51.98414946540473 42.02593589797631 147.99579784418245 0.43526110584687083
119.01680135025079 18.005050505050505 18.475945501526898 155.4977973568282 4.314385642616427E-29
152.29677774784668 2.0045449502466473 1.6939824662259273 155.99530516431923 9.659661471084301E-64
135.51171574074561 10.630486845240016 10.7178409029567 156.86004348894235 7.108952926728778E-44
59.83420614834566 55.82764734663421 40.29903693667393 155.9608904316538 0.12899375437898183
152.67758652801174 2.155543138190431 3.264675905788444 158.09780557199062 1.6473726621927512E-62
146.41982438901627 3.1683904388347224 4.608366058337423 154.19658088618843 5.995796909839454E-58
146.49921117826221 2.921869386180844 3.248256822607329 152.66933738705038 3.101748985563228E-59
64.02013325830741 38.9518268511646 37.476984872745746 140.44894498221777 0.008624974496108662
130.92564159504522 4.8137713787974885 8.507724760545038 144.24713773438776 3.003581740246762E-47
135.5555935840942 9.235235220451207 6.38576957733306 151.17659838187848 1.266028222677742E-47
76.4551091694008 25.704462509370973 39.220845308161365 141.38041698693314 4.30632814557639E-7
137.00353792758187 3.567808174715035 8.59157211212042 149.16291821441732 1.0913052115641714E-50
150.03783294035787 0.8818633124044369 0.9099572465537632 151.8296534993161 2.3718524399277926E-64
91.35937456176445 10.547471349908118 45.99616698174743 147.90301289342 3.5143345084031866E-15
106.95025113237004 6.85363973851121 32.255187108613576 146.05907797949482 7.079872203936202E-25
138.7812404093449 3.272259153124532 3.2219029210135575 145.275402483483 1.216606042405993E-55
97.34224113814574 16.346386831691245 16.643615921278343 130.33224389111533 1.6577940852420387E-22
84.99115277967802 27.018874696659253 22.98997252366272 135.0 2.42533914399589E-12
96.96847334198156 19.019444717213936 21.0120819408045 137.0 1.6539219216925305E-19
139.89421153974035 3.761677901428321 5.974160854500349 149.63005029566904 1.1789525126068074E-53
107.99524051683701 9.976547346147065 14.028212137015943 132.00000000000003 4.388850504483555E-31
86.40289320189157 29.500088673158228 17.078655591257466 132.98163746630726 4.1046459859327685E-14
69.93566745966368 58.155586735213156 24.07366267191871 152.16491686679552 1.389262125035843E-5
89.25803645347426 24.335840442606795 39.40255167534752 152.99642857142857 1.4718828810606596E-10
148.37663972463352 2.2483010927069946 3.6479310134700977 154.2728718308106 2.870156849559303E-60
142.10754632023966 3.0798522383935985 4.4087624129432905 149.59616097157655 2.617273911803679E-56
5.0 3.0 1.0 9.0 0.26359713811572677
Not enough genes
Cannot perform polytomy test with effective N (after polytomies) 9.0:
	(P_025525,P_025523):0.2876820724517809;
9.87359237435318 1.6551765844218673 1.0542452830188678 12.583014241793915 0.003061258112694039
Not enough genes
Cannot perform polytomy test with effective N (after polytomies) 12.583014241793915:
	(P_025527,(P_025525,P_025523):0.2876820724517809):0.8924789176350525;
123.02790697674419 1.3271317829457363 0.6449612403100775 125.0 1.7823042498137626E-52
86.06392701281806 16.129270790072983 19.466875693423077 121.66007349631411 2.1596893055764773E-17
55.05523973389327 46.39730799846487 28.80126264423681 130.25381037659494 0.016209600233660647
67.82147271942459 39.65566045060263 38.23866159265193 145.71579476267917 0.0032408374385675506
28.790375938848168 7.169501750918492 7.6010979199894395 43.5609756097561 2.6956808084796967E-5
82.99543378995435 5.0 0.0045662100456621 88.0 8.550202181303457E-33
43.89571990928051 12.546700194718696 9.241300826233356 65.68372093023257 5.5552832058896226E-8
47.27209484989983 27.510387243418474 5.945668431975866 80.72815052529417 1.2726899460162885E-7
54.50409079336582 40.541691008503896 46.51730231027981 141.5630841121495 0.3534620307380928
102.51401869158879 17.523525550436975 13.530564995751913 133.56810923777766 2.2804016938208896E-25
124.10134381707931 8.020373010799098 9.782334532046935 141.90405135992535 2.3830397527471914E-41
118.74003940629686 16.718837597959727 5.490068991737351 140.94894599599394 1.0266461371485897E-36
27.36854044045603 7.474416361639867 20.741043934739164 55.584000736835065 0.003932445321677873
35.7125779517731 13.350362159457777 3.863072158252246 52.92601226948312 2.6128496226562357E-7
62.306144954137764 49.86092547921797 20.945229674242587 133.11230010759832 3.9142691884234156E-5
93.65246453445133 4.013655706102724 7.663744314439942 105.32986455499399 1.4583510663012674E-32
94.59757796551446 11.085017180053251 5.317404854432282 111.0 4.985584585112233E-30
57.486162053064085 2.749886385095089 25.763951561840827 86.0 3.6043834083499484E-12
Extended species tree:
(P0109B,((P_018831,OSHQ)0:1.1343575768118812,((P_016909,WZFE)0:2.0681979126703256,(P0203H,(((WPHN,(P_011613,(((P_011609,(P2619,(Sdec,P_011589)NA:0.2876820724517809)0.00073:0.45670467879986076)0:0.8154922921473203,(MAQO,(WAIL,(P_011527,(P_014077,(GAP_80298,(GAP_80297,P_014083)0:2.35924238642962)0.13276:0.1433820679912714)0.27297:0.11237149220755792)0.00026:0.29309250270385534)0:0.8252731946913333)0:1.616253786547755)0:0.27952170279898025,(((P_011587,GAP_79862)0:1.1074929879528677,(P_014081,(P_008647,P0104A)0:2.6485360735698027)0:1.712291989441274)0:1.1441096495915322,(((KRJP,(GAP_80395,P_011549)0:1.4646410583465241)0:1.2366401898579162,((P_011643,(P_011657,(P_011509,P_011651)0:0.8792996615982485)0.48193:0.06784508172857355)0:1.3248434017493318,((GAP_80393,GAP_80394)0:0.9959176085789787,(P_011631,((P_011647,(P_011465,(P_011501,(P_011523,(P_011489,P_011487)0.47574:0.07039346709747075)0.13469:0.06818328526692888)0:0.821708757433086)0:1.3891676473756096)0.00609:0.22122005933120265,(P_011551,((P_011637,P_007844)0.07318:0.14842238125709703,(P_007843,(P_007783,P_006414)0.19759:0.09461604715524431)0:0.4419581202482943)0.15123:0.1060239391205458)0.18147:0.12930843677700818)0.00715:0.1678665219912923)0:0.486469422609627)0.29336:0.06241214864213241)0:2.240914423253881)0:1.893432032562068,((P_011531,(P_011699,(P_006411,Schi)0:1.104118230296251)0:0.4716954141208304)0:1.8005398497761997,(VYLQ,(P_018635,(P_008631,((P_011579,(P_008632,P_011671)0.13671:0.1293775174880219)0:1.3975067671353785,(P_011701,((P_011709,(P_011719,P_011607)NA:0.0)NA:0.0,(((P_011705,P_011713)0.1799:0.16793481820526243,((KAYP,(BCGB,ABSS)0:0.7484587815999502)0.17387:0.08422242891046529,(WIGA,(Dhai,(Msal,Apet)0.38692:0.09930932803502077)0.00001:0.32465298932399245)0:0.509325635393414)0:0.37630262536583126)0.80635:0.0,((P_006413,((P_016813,(GAP_80390,GAP_80389)0:1.7858362524811642)0.93325:0.0028517547536007497,((P_008646,P_011679)0.00026:0.2267557382578094,(P_008640,P_006412)0:1.1155905081702648)0.11858:0.13373553084365347)0:0.7258413575130704)0.01001:0.0,((P_011681,P_014073)0.35982:0.2164843434132046,(P_011673,((P_011537,(P_011677,P_011739)0:1.1706712539949355)0.18931:0.1124943806293331,(P_011759,((P_011675,P_011735)0:1.52471993990883,(P_011715,(P_011745,P_011611)0.01183:0.5223771182288504)0.00001:0.39143635193546905)0.00082:0.23869829280671404)0.00487:0.23378591723679082)0.06755:0.1369530603122919)0.40415:0.06410354344130145)0:0.512299993306319)0:0.4054454280881196)0.00037:0.6977679583499724)NA:0.15081486393778415)0.00104:0.6095664566525877)0:1.280993283364066)0.10502:0.2841612852953548)0:0.43393025121705825)0.00002:0.29822789688746015)0:1.1796727946573902)0.00082:0.2844672405136572)0:0.2545425762941822)0.00295:0.39077904872392955)0.77988:0.06512424038850405)0:2.1265029043357715,((((P_018779,P_018639)0.00109:0.24224914288571744,(P_018695,(P_018645,P_018783)0.00973:0.13526111000378505)0:0.37699729825846173)0:0.4680373721468756,(P_018691,((P_016797,(P_007845,(P_016799,(GAP_80397,OBPL)0:0.18613377117426103)0.01132:0.4198937545168516)0.00338:0.23451933870350852)0:1.1127388611391658,((P_018693,(P_016793,(P_016795,P_006422)0:0.6722516258527457)0:0.6675868022008702)0.01934:0.01563098716091483,((S08,P_014095)0:0.5283052736213188,((S38,(S04,(P_016789,S27)0:0.7281606892852959)0.2833:0.10950785616919424)0.00478:0.3622964560566858,((S02,P_016787)0:3.343349150895156,(P_016791,(P_014099,S03)0:3.1492397514652017)0.34007:0.09672722969386227)0.80276:0.04039806714568575)0.00537:0.25847378012704497)0:0.5587347455327822)0.22148:0.11145591219628816)0.43376:0.09015312821289934)0.19723:0.16716764948085652)0:2.6850104483838613,(((P2622,P2623)0.00001:0.26792293976868237,(P0110C,(XQWC,(P0207A,((P0110B,P0207C)0.13892:0.07054771589106794,(P0207B,(P0206G,P0206H)0.001:0.20156309105816286)0.00143:0.19416671730282095)0.69736:0.041503896827259905)0.00007:0.23362411922618495)0:0.6892369382839338)0:2.5094855734621606)0:0.5440553065450365,((DHPO,GAP_80322)0:3.24573562012198,((P_012941,P_012795)0:3.9293485078787795,((P_012861,((P_012855,(P_012827,P_007802)0:1.8806185569967933)0:1.464947167191024,((P_012813,P_018637)0:0.8391273081389268,(P_012921,P_012919)0:2.5694425970864896)0:2.3338519558752995)0:2.9291069112701904)0.00089:0.1586444667425852,(((P_012841,((P_012913,P_012877)0:1.8902423346247494,(P_012811,(P_012895,P_012891)0:0.40982886079405006)0:2.0287802833327735)0:1.8918556231916763)0:0.3536698717362567,(P_012797,((((P_012903,P_012815)0:1.5066188483956786,(P_012857,(P_012925,P_012883)0:2.8450428286889493)0.72448:0.04590502404668573)0.88227:0.02608211821753803,(P_012875,((P_012851,P_012887)0:2.505018667378136,(P_012901,(P_012831,P_012905)0:0.4096032221792576)0.88703:0.024986724399378553)0.00003:0.2999869643417079)0:0.787245584364384)0:0.6788821359071624,(P_018689,((P_006420,GAP_80294)0:1.577886663455883,(P_012885,(P_012859,(((GAP_80291,P_012907)0.71165:0.05368867446266104,(P_012881,P_012873)0:1.2961750566581856)0.45989:0.061241857484109354,((P_012897,(GAP_80293,P_012893)0:2.2819032587988057)0.51694:0.07907517743920899,((P_012911,(P_012821,P_012917)0:1.9009524349725997)0:1.3200341293941222,(P_012889,((P_012863,P_006418)0.12626:0.14904112562454278,(P_012793,(GAP_80292,P_006419)0:3.000111358961448)0.04004:0.18117736021125322)0.64634:0.06382745178597042)0.63416:0.05041366557639755)0.32843:0.0968177473228716)0.89904:0.018117413464274)0.5222:0.044755153857222216)0.89855:0.02807276188402149)0.57757:0.04002074218615731)0:1.6598181794635956)0:1.1949049896352746)0:2.565943829198195)0.35494:0.04356840766396789)0:2.7188506430824564,((P_012867,((P_012817,P_012899)0:2.19419267897353,(P_012923,P_012847)0:3.51575200078934)0:0.7661472023044028)0:3.370712529763175,(P_012843,(((P_012937,(P_006421,P_012939)0:1.606258259516721)0:4.26518531638872,((P_012803,P_012853)0.50084:0.031388256490807946,(P_012837,P_012829)0:1.1889032610429402)0.00062:0.24477967186633406)0.15847:0.0905351971868717,(((P_012801,(P_012879,P_012809)0:3.560047858431457)0:0.6830675360834886,(P_012839,(P_012805,(P_012825,(P_012799,YZRI)0:1.4289158061236105)0.00014:0.2529935828671783)0.16564:0.10054241510484505)0:0.8756536599762818)0:1.5729699272859743,((P_012909,(((P_012807,P_012845)0:0.5114828282886391,(P_012849,P_012871)0:1.645384060911185)0:0.6330928839209976,(P_012865,(P_012931,(P_012933,P_012935)0:2.8462005395830277)0:1.9684342978114249)0:0.3314803109669143)0:2.915697997650101)0.33243:0.08516941200305352,((GAP_81172,P_012833)0:2.7995064078572165,((P_012927,(GAP_80295,PSJT)0.00001:0.26982778956453723)0:2.1288803423840075,((P_012791,P_012915)0.11333:0.11890004807807762,(P_012869,(P_012823,(P_012835,P_012819)0.43526:0.044469947365978)0:1.0237427960102212)0:3.103501649402774)0:1.5494922345120572)0.12899:0.07451541074160663)0:2.804601798261471)0:2.46712054908741)0:2.6594147692304033)0.00862:0.1971147751951396)0:1.911209946563031)0:1.808909325047069)0:0.3645149588172591)0:2.0291208838920265)0:3.597164904078881)0:0.5452864782478892)0:0.8937728579855717)0:2.565901727791353)0:0.9461987725404024,(((SJEV,(P_019193,(P_019187,Wsal)0:0.5751906850403198)0:0.807447862951345)0:2.235774163400168,(P_016921,(GAP_81227,(WKSU,(Pcol,(GAP_81226,P_006410)0:1.2658178340387123)0:0.6298515361814746)0.00001:0.2044512793781283)0:0.4611098907430677)0:2.708743733552933)0:2.4704109025324805,((P_025527,(P_025525,P_025523)NA:0.2876820724517809)NA:0.8924789176350525,(((QDVW,Asie)0:3.341550372593445,(P_019189,(P_019197,PAWA)0:0.8040088437487463)0.01621:0.1383251198360147)0.00324:0.21492297704053573,(((P_019191,P_019199)0.00003:0.6332459552572547,(GAP_80417,(P2590,GAP_79804)0:2.2906510468286125)0:0.6682616245901135)0:0.458248630493032,((P_019185,CSSK)0.35346:0.07631252066627005,(P2589,OPDF)0:1.0291805457784196)0:1.6227074497371843)0:1.4054662398773052)0.00393:0.25556313328415325)0:0.6799883846847325)0.00004:0.21924220261938682)0:1.721260201450793)0:1.4564243692692773)0:0.6755837742386773));
Weight calculation took 56.341675286 secs
ASTRAL finished in 67.365 secs
