
================== ASTRAL ===================== 

This is ASTRAL version 5.7.7
Gene trees are treated as unrooted
159 trees read from all_bs10.trees
index164
All output trees will be *arbitrarily* rooted at P0109B

======== Running the main analysis
Number of taxa: 244 (244 species)
Taxa: [Msal, Apet, Dhai, P_006413, P_016813, VYLQ, P_018635, P_006411, P_011609, P_011677, P_011739, Schi, P_011531, P_011587, GAP_79862, P_008647, P0104A, P_014081, GAP_80393, GAP_80394, P_011657, P_011643, P_011509, P_011651, P_011647, P_011489, P_011465, P_011487, P_011523, P_011501, P_011637, P_007843, P_007844, P_011631, P_007783, P_006414, KRJP, GAP_80395, P_011549, P2619, P0110C, P0206G, P0207B, XQWC, P0206H, P0207A, P0110B, P0207C, P_012941, P_012795, P_012841, P_012913, P_012877, P_012895, P_012811, P_012891, P_012797, P_012863, P_012821, P_012917, P_012911, GAP_80291, P_012859, P_012897, P_012885, GAP_80292, P_006419, P_012907, P_012793, P_006420, GAP_80294, P_006418, P_012881, P_012873, GAP_80293, P_012893, P_012889, P_012925, P_012883, P_012857, P_012831, P_012905, P_012851, P_012887, P_012875, P_012901, P_012903, P_012815, P_018689, P_012867, P_012817, P_012899, P_012923, P_012847, P_012803, P_012843, P_012937, P_006421, P_012939, P_012837, P_012829, P_012853, P_012801, P_012879, P_012809, P_012839, P_012799, YZRI, P_012825, P_012805, P_012909, S38, GAP_80295, PSJT, P_012927, GAP_81172, P_012869, P_012835, P_012823, P_012819, P_012833, P_012791, P_012915, P_012849, P_012871, P_012807, P_012845, P_012865, P_012933, P_012935, P_012931, P_012861, P_012855, P_012827, P_007802, P_012813, P_018637, P_012921, P_012919, DHPO, GAP_80322, P2622, P_018695, P_016795, P_016789, P_014099, S02, P_016787, P_018779, P_018645, S27, P_018639, P_018783, S04, S03, P_016793, P_016797, GAP_80397, OBPL, P_016799, P_018693, P_016791, P_006422, S08, P0109B, P0203H, P_018831, OSHQ, P_016909, WZFE, SJEV, P_019187, P_019193, Wsal, P_016921, GAP_81227, WKSU, Pcol, GAP_81226, P_006410, P_019191, P2589, OPDF, P_019185, CSSK, GAP_80417, P2590, GAP_79804, P_019197, PAWA, P_025525, QDVW, Asie, P_019189, P_014095, P_011613, WPHN, MAQO, GAP_80297, P_014083, GAP_80298, P_014077, WAIL, P_008631, P_008632, P_011705, P_011579, P_011671, P_008640, P_006412, P_008646, P_011679, KAYP, GAP_80390, GAP_80389, BCGB, P_011745, P_011537, P_011673, P_011681, P_011759, P_011675, P_011735, P_011715, ABSS, WIGA, P2623, P_011699, P_011719, P_011713, P_011527, P_014073, P_011551, P_018691, P_025527, P_011709, Sdec, P_025523, P_011611, P_019199, P_011701, P_007845, P_011607, P_011589]
Taxon occupancy: {P_019193=138, P_019191=68, P_019197=144, OPDF=155, GAP_81172=159, P_018783=153, P_019199=58, Wsal=141, P_016921=155, WKSU=158, P_025523=25, P_025525=49, P_025527=21, P_014073=27, P0203H=110, P_014077=102, QDVW=155, P_011487=152, P_011489=154, P_016813=143, P_006421=157, P_006422=154, P_006420=130, P_006418=152, P_006419=157, P_014081=115, P_006414=154, P_014083=126, P_018689=159, P0206H=146, P0206G=137, Msal=138, P0109B=85, P_012901=156, P_006410=151, P_006411=151, P_012903=157, P_006412=152, P_006413=150, P_012905=157, GAP_79862=150, P_012907=158, PAWA=151, ABSS=157, P_012909=157, P_018691=75, GAP_80291=157, P_018695=149, P_014095=76, GAP_80293=155, GAP_80292=155, P_018693=149, GAP_80295=156, GAP_80294=155, P_014099=150, GAP_80297=155, GAP_80298=151, P_012911=156, P_011701=32, P_012913=139, P_012915=156, P_011705=91, P_012917=152, P_012919=150, P_011709=14, P_012881=155, P_011671=100, P_011551=106, P_012883=158, MAQO=156, P_011673=133, P_012885=154, GAP_80322=156, P_011675=145, P2590=133, P_011677=128, P_012887=157, P_012889=154, P_011679=137, P_008647=146, PSJT=153, P2589=135, P_012891=151, P_011681=116, P_012893=156, P_018637=155, P_012895=153, P_018635=144, P_012897=155, P0207C=153, P0207B=151, P_012899=157, P0207A=155, P_018639=144, P_008646=156, P_008640=155, BCGB=155, WZFE=153, P_018645=150, KRJP=154, KAYP=92, P_011699=88, P_011579=126, CSSK=150, P_008632=153, P_007783=147, P_016909=157, P_008631=34, P_019187=152, P_019185=146, Sdec=37, P_019189=137, P_012791=159, P_012793=156, P_012795=156, Asie=127, P_011465=153, P_018779=128, P_011587=125, P_012797=155, P_012799=155, P_011589=3, GAP_80417=95, WIGA=154, P_007802=128, GAP_79804=127, P_011631=129, P_012841=156, P_012843=155, Pcol=131, P_012845=156, P_011637=152, P_012847=155, P_011759=149, P_012849=157, Apet=74, OBPL=153, P0110C=145, P0110B=114, P_018831=153, YZRI=155, P_012851=156, P_011643=157, P_012853=154, P_011523=154, P_012855=153, P_011647=146, P_012857=156, P_011527=105, P_012859=155, WAIL=157, P_016789=150, P_011651=147, P_012861=153, P_011531=133, P_016787=153, P_012863=157, P_012865=156, Schi=138, P_011657=143, P_012867=158, P_011537=125, P_012869=157, P_016793=148, P_016791=154, P_016797=154, SJEV=154, P_016795=150, P_012871=154, P_012873=156, P_016799=152, P_012875=157, P_012877=152, P_012879=157, P_011549=151, P_007844=116, P_007845=30, S02=126, P_012921=145, S04=54, P_012801=156, S03=148, P_012923=158, P_011713=118, P_012803=156, P_012925=154, S08=110, P_011715=134, P_007843=143, P_012805=157, P_012927=157, P_012807=156, P_011719=17, P_012809=157, VYLQ=155, DHPO=156, GAP_80390=138, P2622=122, P2623=66, GAP_80394=156, XQWC=157, GAP_80393=157, GAP_80395=158, GAP_80397=153, P_012931=158, P_012811=155, P_012933=155, WPHN=152, P_012813=155, P_012935=155, P_012815=152, P_012937=158, P_012817=157, P_011607=6, P_012939=158, P_011609=112, P_012819=153, P2619=106, OSHQ=155, GAP_80389=147, P_012941=159, P_012821=155, P_011611=30, P_012823=156, P_011613=54, P_011735=154, P_012825=157, S27=126, P_012827=145, P_011739=137, P_012829=118, Dhai=148, P0104A=130, P_012831=150, P_011501=154, P_012833=159, GAP_81226=152, GAP_81227=154, P_011745=143, P_012835=156, S38=49, P_012837=155, P_012839=155, P_011509=155}
Number of gene trees: 159
159 trees have missing taxa
Calculating quartet distance matrix (for completion of X)
Species tree distances calculated ...
Will attempt to complete bipartitions from X before adding using a distance matrix.
Building set of clusters (X) from gene trees 
------------------------------
gradient0: 23421
Number of Clusters after addition by distance: 23421
calculating extra bipartitions to be added at level 1 ...
Adding to X using resolutions of greedy consensus ...
Limit for sigma of degrees:6150
polytomy size limit : 30
discarded polytomies:  [3, 3, 3, 3, 3, 3, 3, 3, 3, 3, 3, 3, 3, 3, 3, 3, 3, 3, 3, 4, 4, 4, 4, 4, 4, 4, 4, 4, 4, 4, 5, 5, 5, 5, 5, 5, 6, 7, 9, 9, 10, 11, 12, 14, 14, 14, 19, 30]
Threshold 0.0:
polytomy of size 4; rounds with additions with at least 5 support: 0; clusters: 23435
Threshold 0.01:
polytomy of size 5; rounds with additions with at least 5 support: 0; clusters: 23453
Threshold 0.02:
polytomy of size 7; rounds with additions with at least 5 support: 1; clusters: 23551
Threshold 0.05:
polytomy of size 3; rounds with additions with at least 5 support: 0; clusters: 23551
polytomy of size 3; rounds with additions with at least 5 support: 0; clusters: 23551
polytomy of size 9; rounds with additions with at least 5 support: 3; clusters: 23579
polytomy of size 3; rounds with additions with at least 5 support: 0; clusters: 23579
polytomy of size 4; rounds with additions with at least 5 support: 0; clusters: 23579
polytomy of size 3; rounds with additions with at least 5 support: 0; clusters: 23579
Threshold 0.1:
polytomy of size 3; rounds with additions with at least 5 support: 0; clusters: 23579
polytomy of size 3; rounds with additions with at least 5 support: 0; clusters: 23579
polytomy of size 5; rounds with additions with at least 5 support: 0; clusters: 23579
polytomy of size 12; rounds with additions with at least 5 support: 0; clusters: 23607
polytomy of size 3; rounds with additions with at least 5 support: 0; clusters: 23607
polytomy of size 3; rounds with additions with at least 5 support: 0; clusters: 23607
polytomy of size 3; rounds with additions with at least 5 support: 0; clusters: 23607
polytomy of size 9; rounds with additions with at least 5 support: 0; clusters: 23609
Threshold 0.2:
polytomy of size 3; rounds with additions with at least 5 support: 0; clusters: 23609
polytomy of size 4; rounds with additions with at least 5 support: 0; clusters: 23609
polytomy of size 10; rounds with additions with at least 5 support: 0; clusters: 23617
polytomy of size 4; rounds with additions with at least 5 support: 0; clusters: 23617
polytomy of size 14; rounds with additions with at least 5 support: 0; clusters: 23619
polytomy of size 4; rounds with additions with at least 5 support: 0; clusters: 23619
polytomy of size 3; rounds with additions with at least 5 support: 0; clusters: 23619
polytomy of size 3; rounds with additions with at least 5 support: 0; clusters: 23619
polytomy of size 3; rounds with additions with at least 5 support: 0; clusters: 23619
polytomy of size 5; rounds with additions with at least 5 support: 0; clusters: 23619
polytomy of size 4; rounds with additions with at least 5 support: 0; clusters: 23619
polytomy of size 19; rounds with additions with at least 5 support: 0; clusters: 23651
Threshold 0.3333333333333333:
polytomy of size 4; rounds with additions with at least 5 support: 0; clusters: 23651
polytomy of size 3; rounds with additions with at least 5 support: 0; clusters: 23651
polytomy of size 4; rounds with additions with at least 5 support: 0; clusters: 23651
polytomy of size 11; rounds with additions with at least 5 support: 0; clusters: 23653
polytomy of size 3; rounds with additions with at least 5 support: 0; clusters: 23653
polytomy of size 14; rounds with additions with at least 5 support: 0; clusters: 23661
polytomy of size 5; rounds with additions with at least 5 support: 0; clusters: 23661
polytomy of size 14; rounds with additions with at least 5 support: 0; clusters: 23663
polytomy of size 4; rounds with additions with at least 5 support: 0; clusters: 23663
polytomy of size 5; rounds with additions with at least 5 support: 0; clusters: 23663
polytomy of size 3; rounds with additions with at least 5 support: 0; clusters: 23663
polytomy of size 3; rounds with additions with at least 5 support: 0; clusters: 23663
polytomy of size 3; rounds with additions with at least 5 support: 0; clusters: 23663
polytomy of size 6; rounds with additions with at least 5 support: 0; clusters: 23663
polytomy of size 4; rounds with additions with at least 5 support: 0; clusters: 23663
polytomy of size 3; rounds with additions with at least 5 support: 0; clusters: 23663
polytomy of size 5; rounds with additions with at least 5 support: 0; clusters: 23663
polytomy of size 4; rounds with additions with at least 5 support: 0; clusters: 23663
polytomy of size 30; rounds with additions with at least 5 support: 0; clusters: 23691
max k is :6
Number of Clusters after addition by greedy: 23691
gradient0 in heuristiic: 23691
partitions formed in 16.386 secs
Dynamic Programming starting after 16.386 secs
Using tree-based weight calculation.
Using polytree-based weight calculation.
Polytree max score: 12619726366
Polytree building time: 0.145 seconds.
Number of quartet trees in the gene trees: 12619726366
Size of largest cluster: 244
Greedy score: 11761062261
estimationFactor: 1.073009060401572
Sub-optimal score: 11888780174
Total Number of elements weighted: 61051
Normalized score (portion of input quartet trees satisfied before correcting for multiple individuals): 0.9515346223633008
Optimization score: 12008106562
Optimal tree inferred in 75.544 secs.
(OPDF,(P2589,((P_019185,CSSK),(((P_019191,P_019199),(GAP_80417,(P2590,GAP_79804))),(((QDVW,Asie),(P_019189,(P_019197,PAWA))),((P_025527,(P_025525,P_025523)),(((SJEV,(P_019193,(P_019187,Wsal))),(P_016921,(GAP_81227,(WKSU,(Pcol,(GAP_81226,P_006410)))))),((P0203H,((P_016909,WZFE),(P0109B,(P_018831,OSHQ)))),((WPHN,(P_011613,(((P_011609,(P2619,(Sdec,P_011589))),(MAQO,(WAIL,(P_011527,(P_014077,(GAP_80298,(GAP_80297,P_014083))))))),(((P_011587,GAP_79862),(P_014081,(P_008647,P0104A))),(((KRJP,(GAP_80395,P_011549)),((P_011643,(P_011657,(P_011509,P_011651))),((GAP_80393,GAP_80394),(P_011631,((P_011647,(P_011465,(P_011501,(P_011523,(P_011489,P_011487))))),(P_011551,((P_011637,P_007844),(P_007843,(P_007783,P_006414))))))))),((P_011531,(P_011699,(P_006411,Schi))),(VYLQ,(P_018635,(P_008631,(P_011709,(P_011701,((P_011719,P_011607),((P_011579,(P_008632,P_011671)),(((P_011705,P_011713),((KAYP,(BCGB,ABSS)),(WIGA,(Dhai,(Msal,Apet))))),((P_006413,(P_016813,((GAP_80390,GAP_80389),((P_008646,P_011679),(P_008640,P_006412))))),((P_011681,P_014073),(P_011673,((P_011537,(P_011677,P_011739)),((P_011715,(P_011745,P_011611)),(P_011759,(P_011675,P_011735))))))))))))))))))))),((((P_018779,P_018639),(P_018695,(P_018645,P_018783))),(P_018691,((P_007845,(P_016797,(OBPL,(GAP_80397,P_016799)))),((P_018693,(P_016793,(P_016795,P_006422))),((S08,P_014095),((S38,(S04,(P_016789,S27))),((S02,P_016787),(P_016791,(P_014099,S03))))))))),(((P2622,P2623),(P0110C,(XQWC,(P0207A,((P0110B,P0207C),(P0207B,(P0206G,P0206H))))))),((DHPO,GAP_80322),((P_012941,P_012795),((P_012861,((P_012855,(P_012827,P_007802)),((P_012813,P_018637),(P_012921,P_012919)))),(((P_012797,(P_012841,((P_012913,P_012877),(P_012811,(P_012895,P_012891))))),(((P_012857,(P_012925,P_012883)),((P_012903,P_012815),(P_012875,((P_012851,P_012887),(P_012901,(P_012831,P_012905)))))),(P_018689,((P_006420,GAP_80294),(P_012885,(P_012859,(((GAP_80291,P_012907),(P_012881,P_012873)),((P_012897,(GAP_80293,P_012893)),((P_012911,(P_012821,P_012917)),(P_012889,((P_012863,P_006418),(P_012793,(GAP_80292,P_006419))))))))))))),((P_012867,((P_012817,P_012899),(P_012923,P_012847))),(P_012843,(((P_012937,(P_006421,P_012939)),((P_012803,P_012853),(P_012837,P_012829))),(((P_012801,(P_012879,P_012809)),(P_012839,(P_012805,(P_012825,(P_012799,YZRI))))),((P_012909,(((P_012849,P_012871),(P_012807,P_012845)),(P_012865,(P_012931,(P_012933,P_012935))))),((GAP_81172,P_012833),((P_012927,(GAP_80295,PSJT)),((P_012791,P_012915),(P_012869,(P_012823,(P_012835,P_012819))))))))))))))))))))))))));
Final quartet score is: 12008106562
Final normalized quartet score is: 0.9515346223633008
You may want to ignore posterior probabilities and other statistics related to the following branch branch because the effective number of genes impacting it is only 1:
	{Sdec, P_011589}
You may want to ignore posterior probabilities and other statistics related to the following branch branch because the effective number of genes impacting it is only 1:
	{P_011719, P_011607}
You may want to ignore posterior probabilities and other statistics related to the following branch branch because the effective number of genes impacting it is only 6:
	{Msal, Apet, Dhai, P_006413, P_016813, P_011677, P_011739, P_008632, P_011705, P_011579, P_011671, P_008640, P_006412, P_008646, P_011679, KAYP, GAP_80390, GAP_80389, BCGB, P_011745, P_011537, P_011673, P_011681, P_011759, P_011675, P_011735, P_011715, ABSS, WIGA, P_011719, P_011713, P_014073, P_011611, P_011607}
You may want to ignore posterior probabilities and other statistics related to the following branch branch because the effective number of genes impacting it is only 4:
	{Msal, Apet, Dhai, P_006413, P_016813, P_011677, P_011739, P_008632, P_011705, P_011579, P_011671, P_008640, P_006412, P_008646, P_011679, KAYP, GAP_80390, GAP_80389, BCGB, P_011745, P_011537, P_011673, P_011681, P_011759, P_011675, P_011735, P_011715, ABSS, WIGA, P_011719, P_011713, P_014073, P_011611, P_011701, P_011607}
You may want to ignore posterior probabilities and other statistics related to the following branch branch because the effective number of genes impacting it is only 4:
	{Msal, Apet, Dhai, P_006413, P_016813, P_011677, P_011739, P_008632, P_011705, P_011579, P_011671, P_008640, P_006412, P_008646, P_011679, KAYP, GAP_80390, GAP_80389, BCGB, P_011745, P_011537, P_011673, P_011681, P_011759, P_011675, P_011735, P_011715, ABSS, WIGA, P_011719, P_011713, P_014073, P_011709, P_011611, P_011701, P_011607}
You may want to ignore posterior probabilities and other statistics related to the following branch branch because the effective number of genes impacting it is only 9:
	{P_025525, P_025523}
You may want to ignore posterior probabilities and other statistics related to the following branch branch because the effective number of genes impacting it is only 14:
	{P_025525, P_025527, P_025523}
Extended species tree:
(P0109B,((P_018831,OSHQ)79.25:1.1223813857651657,((P_016909,WZFE)92.67:2.126920703661192,(P0203H,(((WPHN,(P_011613,(((P_011609,(P2619,(Sdec,P_011589)100:0.2876820724517809)56.55:0.3922590528828401)70.73:0.7949513102507196,(MAQO,(WAIL,(P_011527,(P_014077,(GAP_80298,(GAP_80297,P_014083)94.35:2.3433690372733302)43.1:0.1508573978698059)41.58:0.12297333312151289)50.6:0.2898439819753377)71.89:0.8465792318363055)87.91:1.6499371974972572)50.11:0.28018296443914054,(((P_011587,GAP_79862)78.21:1.0877697299353979,(P_014081,(P_008647,P0104A)96.12:2.629487878599107)89.01:1.7316975562313226)80.06:1.1767160812926434,(((KRJP,(GAP_80395,P_011549)87.67:1.6407305970938721)81.63:1.259039158674088,((P_011643,(P_011657,(P_011509,P_011651)75.03:0.9598718756920362)37.61:0.0618713526331495)82.47:1.3038159514294723,((GAP_80393,GAP_80394)76.54:1.0215844489161652,(P_011631,((P_011647,(P_011465,(P_011501,(P_011523,(P_011489,P_011487)39.12:0.08626928677201291)38.33:0.07341708450284072)72.35:0.862245647089367)83.75:1.3743757622580184)47.07:0.22324764306926873,(P_011551,((P_011637,P_007844)41.28:0.12024910204178053,(P_007843,(P_007783,P_006414)38.44:0.07499405309247732)56.88:0.4256205546167154)41.67:0.12606347044149796)40.65:0.10862458159295756)45.67:0.19728382005190462)57.79:0.4454642733929786)37.93:0.06710044542303198)93.55:2.2442790617812225)90.57:1.8886075219566882,((P_011531,(P_011699,(P_006411,Schi)79.84:1.1484516802828346)58.62:0.4589192609593928)88.96:1.7371959577426062,(VYLQ,(P_018635,(P_008631,(P_011709,(P_011701,((P_011719,P_011607)100:0.2876820724517809,((P_011579,(P_008632,P_011671)38.03:0.0655820480545278)84.67:1.4261055883391835,(((P_011705,P_011713)44.33:0.16741292740465474,((KAYP,(BCGB,ABSS)68.86:0.7333945954045897)39.84:0.09290352086993901,(WIGA,(Dhai,(Msal,Apet)38.98:0.07689917137427203)48.94:0.2586712658213288)60.73:0.5166759522979867)54.58:0.3724822480841022)32.68:0.0,((P_006413,(P_016813,((GAP_80390,GAP_80389)92.34:2.0744991325593136,((P_008646,P_011679)48.74:0.2539871057340468,(P_008640,P_006412)79.8:1.164043278649863)39.73:0.09461067556781409)34.99:0.01959526800465199)64.96:0.6243652294611464)29.79:0.0,((P_011681,P_014073)52.49:0.2819243418770233,(P_011673,((P_011537,(P_011677,P_011739)80.98:1.2106859471734195)43.28:0.15404753543407082,((P_011715,(P_011745,P_011611)63.23:0.5231065920920462)58.75:0.46669273192290056,(P_011759,(P_011675,P_011735)89.51:1.7843406014767769)30.35:0.0)51.95:0.3181268421321504)42.58:0.1423450492401882)37.27:0.05425088022485171)60.32:0.5019880084941352)56.27:0.40956758312541436)73.89:0.9169147174945875)25.47:0.0)61.31:0.2935745874374272)77.78:0.5680043819663927)0.8:0.0)51.53:0.2837927746152421)57.74:0.4448162067680784)49.52:0.27066169729169376)80.86:1.21529117274515)49.83:0.2752788250162895)49.22:0.2637150361407309)55.29:0.36953710129104606)38.38:0.06406257445782071)92.68:2.119430581346964,((((P_018779,P_018639)48.45:0.2492324723827305,(P_018695,(P_018645,P_018783)43.05:0.15206493846316751)54.76:0.3787091974801319)59.01:0.47538603933520235,(P_018691,((P_007845,(P_016797,(OBPL,(GAP_80397,P_016799)44.74:0.18206074407764666)74.43:0.9388050350630158)51.19:0.2763097896759729)50.21:0.25238089210487924,((P_018693,(P_016793,(P_016795,P_006422)67.91:0.7150058775179495)66.77:0.6787434990044503)36.76:0.04712960802562466,((S08,P_014095)63.14:0.5647311611547785,((S38,(S04,(P_016789,S27)67.9:0.687765735669929)42.17:0.10950785616919424)55.32:0.37043343764017633,((S02,P_016787)98.39:3.3276383547285695,(P_016791,(P_014099,S03)97.82:3.1454669885596056)38.21:0.07067605092460214)37.43:0.05779874563731372)47.22:0.2237194171987126)61.71:0.5369162044924023)41.08:0.11741510961534811)39.02:0.07802936711240266)42.12:0.12916295970965253)96.15:2.700784548856717,(((P2622,P2623)49.74:0.2673199494805274,(P0110C,(XQWC,(P0207A,((P0110B,P0207C)39.12:0.0850572314418633,(P0207B,(P0206G,P0206H)46.19:0.20785531785164274)44.71:0.18136275846954572)35.67:0.03192629867599913)47.2:0.22720607137857363)67.24:0.6963301955010784)95.33:2.504532703867018)61:0.5225757569096986,((DHPO,GAP_80322)98.02:3.2353152287018627,((P_012941,P_012795)99.31:3.9165325959341293,((P_012861,((P_012855,(P_012827,P_007802)91.93:2.02383128929881)85.53:1.4871212449024676,((P_012813,P_018637)71.96:0.8491571086277071,(P_012921,P_012919)95.48:2.555743971955277)94.09:2.321048948969589)97.04:2.916023148088285)43.37:0.1577719535912272,(((P_012797,(P_012841,((P_012913,P_012877)90.44:1.8759147263266662,(P_012811,(P_012895,P_012891)56.91:0.42735083409508784)91.4:1.9777153361923467)90.3:1.8678548952372895)52.63:0.3341258278618009)36.83:0.04969493395767793,(((P_012857,(P_012925,P_012883)96.71:2.8319693102119188)36.69:0.04714930339790201,((P_012903,P_012815)84.41:1.4158014498950922,(P_012875,((P_012851,P_012887)94.92:2.4599457258471773,(P_012901,(P_012831,P_012905)56.27:0.41250227269871004)35.06:0.022611761045961676)51.44:0.30967384542110027)69.8:0.7752608587989719)33.2:0.0)66.41:0.6703568936117855,(P_018689,((P_006420,GAP_80294)86.61:1.5543921168551191,(P_012885,(P_012859,(((GAP_80291,P_012907)37.22:0.05414809867470097,(P_012881,P_012873)82.15:1.2829524794660383)37.23:0.054205196278832926,((P_012897,(GAP_80293,P_012893)93.71:2.2628846478349938)39.6:0.09194208794351386,((P_012911,(P_012821,P_012917)89.91:1.8297179991818984)82.75:1.3119481762981555,(P_012889,((P_012863,P_006418)41.48:0.12246983083673334,(P_012793,(GAP_80292,P_006419)96.63:2.8126164099394013)45.39:0.19183873062859585)38.36:0.07170117828826872)36.91:0.04842692082724316)39.62:0.09212937505414796)35.25:0.023414182321250216)37.12:0.052256110621343825)35.77:0.03162745058860861)35.94:0.03454880280551471)86.85:1.5761369919197965)79.41:1.1472761058671876)95.91:2.6400656151763466)96.13:2.6912210666232,((P_012867,((P_012817,P_012899)93.12:2.1877574314793353,(P_012923,P_012847)98.63:3.502901313267393)69.92:0.7811384564084328)98.3:3.3582118304523414,(P_012843,(((P_012937,(P_006421,P_012939)87.1:1.59986846141795)99.7:4.265758943506106,((P_012803,P_012853)36.23:0.04042143039201738,(P_012837,P_012829)80.07:1.1731027653440333)47.25:0.22821361728010806)39.48:0.09217945018478675,(((P_012801,(P_012879,P_012809)98.71:3.5457786104732607)66.39:0.6719998088929723,(P_012839,(P_012805,(P_012825,(P_012799,YZRI)84.37:1.4158059680206687)48.21:0.24650376072546745)39.95:0.10015473607401623)72.11:0.8545767560003373)86.37:1.5470015008150397,((P_012909,(((P_012849,P_012871)87.59:1.6363930734278596,(P_012807,P_012845)61.06:0.527200684394058)65.38:0.6432647870527185,(P_012865,(P_012931,(P_012933,P_012935)96.73:2.83969472448965)91.21:1.9616477816706304)51.48:0.31070237017410585)97.12:2.9460021124524225)38.38:0.07449578868254433,((GAP_81172,P_012833)96.51:2.790078429785355,((P_012927,(GAP_80295,PSJT)50.77:0.2962746531671487)92.57:2.118171846303702,((P_012791,P_012915)41.6:0.12786782033738409,(P_012869,(P_012823,(P_012835,P_012819)38.51:0.07659957959679951)76.64:1.0276456335683275)97.92:3.2035900458405706)86.36:1.5469657043099976)38.03:0.06910780561822329)96.53:2.79197146160036)94.89:2.4537624953220174)96.03:2.6735095370087776)45.4:0.19366827143512882)89.97:1.8333909719424475)89.52:1.7953706548298278)54.92:0.3826397767185207)92.38:2.0903327809333656)99.32:3.911877250118095)61.92:0.5491065410978291)73.6:0.9073322402531244)95.67:2.590751053749315)72.89:0.8793848890993542,(((SJEV,(P_019193,(P_019187,Wsal)62.11:0.5528849275260214)72.94:0.8820084869704778)93.4:2.221128197121067,(P_016921,(GAP_81227,(WKSU,(Pcol,(GAP_81226,P_006410)80.77:1.2116290491242503)65.59:0.646948788164614)46.26:0.20998873298776208)58.89:0.47409238244503016)96.16:2.7027277013159803)94.93:2.457575432127026,((P_025527,(P_025525,P_025523)55.56:0.2876820724517809)78.47:0.8924789176350525,(((QDVW,Asie)98.41:3.3335822029442665,(P_019189,(P_019197,PAWA)70.25:0.7875692264953482)42.31:0.13904129716990526)46.89:0.22121639143292168,(((P_019191,P_019199)65.95:0.6277314070255252,(GAP_80417,(P2590,GAP_79804)94.11:2.2563619733499807)66.84:0.6671044570343654)58.24:0.4503028706304399,((P_019185,CSSK)37.35:0.057923160186398384,(P2589,OPDF)76.4:1.0142066318632132)87.63:1.6355650617603545)84.54:1.4231070045462508)50.13:0.2723561519375753)66.96:0.6645236957482114)47.38:0.22995092910742013)88.11:1.656292689130512)85.87:1.4975862487288534)67.63:0.6984926767103612));
Weight calculation took 54.466767582 secs
ASTRAL finished in 77.551 secs
