
================== ASTRAL ===================== 

This is ASTRAL version 5.7.7
Gene trees are treated as unrooted
159 trees read from all_bs10.trees
index164
All output trees will be *arbitrarily* rooted at P0109B

======== Running the main analysis
Number of taxa: 244 (244 species)
Taxa: [Msal, Apet, Dhai, P_006413, P_016813, VYLQ, P_018635, P_006411, P_011609, P_011677, P_011739, Schi, P_011531, P_011587, GAP_79862, P_008647, P0104A, P_014081, GAP_80393, GAP_80394, P_011657, P_011643, P_011509, P_011651, P_011647, P_011489, P_011465, P_011487, P_011523, P_011501, P_011637, P_007843, P_007844, P_011631, P_007783, P_006414, KRJP, GAP_80395, P_011549, P2619, P0110C, P0206G, P0207B, XQWC, P0206H, P0207A, P0110B, P0207C, P_012941, P_012795, P_012841, P_012913, P_012877, P_012895, P_012811, P_012891, P_012797, P_012863, P_012821, P_012917, P_012911, GAP_80291, P_012859, P_012897, P_012885, GAP_80292, P_006419, P_012907, P_012793, P_006420, GAP_80294, P_006418, P_012881, P_012873, GAP_80293, P_012893, P_012889, P_012925, P_012883, P_012857, P_012831, P_012905, P_012851, P_012887, P_012875, P_012901, P_012903, P_012815, P_018689, P_012867, P_012817, P_012899, P_012923, P_012847, P_012803, P_012843, P_012937, P_006421, P_012939, P_012837, P_012829, P_012853, P_012801, P_012879, P_012809, P_012839, P_012799, YZRI, P_012825, P_012805, P_012909, S38, GAP_80295, PSJT, P_012927, GAP_81172, P_012869, P_012835, P_012823, P_012819, P_012833, P_012791, P_012915, P_012849, P_012871, P_012807, P_012845, P_012865, P_012933, P_012935, P_012931, P_012861, P_012855, P_012827, P_007802, P_012813, P_018637, P_012921, P_012919, DHPO, GAP_80322, P2622, P_018695, P_016795, P_016789, P_014099, S02, P_016787, P_018779, P_018645, S27, P_018639, P_018783, S04, S03, P_016793, P_016797, GAP_80397, OBPL, P_016799, P_018693, P_016791, P_006422, S08, P0109B, P0203H, P_018831, OSHQ, P_016909, WZFE, SJEV, P_019187, P_019193, Wsal, P_016921, GAP_81227, WKSU, Pcol, GAP_81226, P_006410, P_019191, P2589, OPDF, P_019185, CSSK, GAP_80417, P2590, GAP_79804, P_019197, PAWA, P_025525, QDVW, Asie, P_019189, P_014095, P_011613, WPHN, MAQO, GAP_80297, P_014083, GAP_80298, P_014077, WAIL, P_008631, P_008632, P_011705, P_011579, P_011671, P_008640, P_006412, P_008646, P_011679, KAYP, GAP_80390, GAP_80389, BCGB, P_011745, P_011537, P_011673, P_011681, P_011759, P_011675, P_011735, P_011715, ABSS, WIGA, P2623, P_011699, P_011719, P_011713, P_011527, P_014073, P_011551, P_018691, P_025527, P_011709, Sdec, P_025523, P_011611, P_019199, P_011701, P_007845, P_011607, P_011589]
Taxon occupancy: {P_019193=138, P_019191=68, P_019197=144, OPDF=155, GAP_81172=159, P_018783=153, P_019199=58, Wsal=141, P_016921=155, WKSU=158, P_025523=25, P_025525=49, P_025527=21, P_014073=27, P0203H=110, P_014077=102, QDVW=155, P_011487=152, P_011489=154, P_016813=143, P_006421=157, P_006422=154, P_006420=130, P_006418=152, P_006419=157, P_014081=115, P_006414=154, P_014083=126, P_018689=159, P0206H=146, P0206G=137, Msal=138, P0109B=85, P_012901=156, P_006410=151, P_006411=151, P_012903=157, P_006412=152, P_006413=150, P_012905=157, GAP_79862=150, P_012907=158, PAWA=151, ABSS=157, P_012909=157, P_018691=75, GAP_80291=157, P_018695=149, P_014095=76, GAP_80293=155, GAP_80292=155, P_018693=149, GAP_80295=156, GAP_80294=155, P_014099=150, GAP_80297=155, GAP_80298=151, P_012911=156, P_011701=32, P_012913=139, P_012915=156, P_011705=91, P_012917=152, P_012919=150, P_011709=14, P_012881=155, P_011671=100, P_011551=106, P_012883=158, MAQO=156, P_011673=133, P_012885=154, GAP_80322=156, P_011675=145, P2590=133, P_011677=128, P_012887=157, P_012889=154, P_011679=137, P_008647=146, PSJT=153, P2589=135, P_012891=151, P_011681=116, P_012893=156, P_018637=155, P_012895=153, P_018635=144, P_012897=155, P0207C=153, P0207B=151, P_012899=157, P0207A=155, P_018639=144, P_008646=156, P_008640=155, BCGB=155, WZFE=153, P_018645=150, KRJP=154, KAYP=92, P_011699=88, P_011579=126, CSSK=150, P_008632=153, P_007783=147, P_016909=157, P_008631=34, P_019187=152, P_019185=146, Sdec=37, P_019189=137, P_012791=159, P_012793=156, P_012795=156, Asie=127, P_011465=153, P_018779=128, P_011587=125, P_012797=155, P_012799=155, P_011589=3, GAP_80417=95, WIGA=154, P_007802=128, GAP_79804=127, P_011631=129, P_012841=156, P_012843=155, Pcol=131, P_012845=156, P_011637=152, P_012847=155, P_011759=149, P_012849=157, Apet=74, OBPL=153, P0110C=145, P0110B=114, P_018831=153, YZRI=155, P_012851=156, P_011643=157, P_012853=154, P_011523=154, P_012855=153, P_011647=146, P_012857=156, P_011527=105, P_012859=155, WAIL=157, P_016789=150, P_011651=147, P_012861=153, P_011531=133, P_016787=153, P_012863=157, P_012865=156, Schi=138, P_011657=143, P_012867=158, P_011537=125, P_012869=157, P_016793=148, P_016791=154, P_016797=154, SJEV=154, P_016795=150, P_012871=154, P_012873=156, P_016799=152, P_012875=157, P_012877=152, P_012879=157, P_011549=151, P_007844=116, P_007845=30, S02=126, P_012921=145, S04=54, P_012801=156, S03=148, P_012923=158, P_011713=118, P_012803=156, P_012925=154, S08=110, P_011715=134, P_007843=143, P_012805=157, P_012927=157, P_012807=156, P_011719=17, P_012809=157, VYLQ=155, DHPO=156, GAP_80390=138, P2622=122, P2623=66, GAP_80394=156, XQWC=157, GAP_80393=157, GAP_80395=158, GAP_80397=153, P_012931=158, P_012811=155, P_012933=155, WPHN=152, P_012813=155, P_012935=155, P_012815=152, P_012937=158, P_012817=157, P_011607=6, P_012939=158, P_011609=112, P_012819=153, P2619=106, OSHQ=155, GAP_80389=147, P_012941=159, P_012821=155, P_011611=30, P_012823=156, P_011613=54, P_011735=154, P_012825=157, S27=126, P_012827=145, P_011739=137, P_012829=118, Dhai=148, P0104A=130, P_012831=150, P_011501=154, P_012833=159, GAP_81226=152, GAP_81227=154, P_011745=143, P_012835=156, S38=49, P_012837=155, P_012839=155, P_011509=155}
Number of gene trees: 159
159 trees have missing taxa
Calculating quartet distance matrix (for completion of X)
Species tree distances calculated ...
Will attempt to complete bipartitions from X before adding using a distance matrix.
Building set of clusters (X) from gene trees 
------------------------------
gradient0: 23421
Number of Clusters after addition by distance: 23421
calculating extra bipartitions to be added at level 1 ...
Adding to X using resolutions of greedy consensus ...
Limit for sigma of degrees:6150
polytomy size limit : 30
discarded polytomies:  [3, 3, 3, 3, 3, 3, 3, 3, 3, 3, 3, 3, 3, 3, 3, 3, 3, 3, 3, 4, 4, 4, 4, 4, 4, 4, 4, 4, 4, 4, 5, 5, 5, 5, 5, 5, 6, 7, 9, 9, 10, 11, 12, 14, 14, 14, 19, 30]
Threshold 0.0:
polytomy of size 4; rounds with additions with at least 5 support: 0; clusters: 23435
Threshold 0.01:
polytomy of size 5; rounds with additions with at least 5 support: 0; clusters: 23453
Threshold 0.02:
polytomy of size 7; rounds with additions with at least 5 support: 1; clusters: 23551
Threshold 0.05:
polytomy of size 3; rounds with additions with at least 5 support: 0; clusters: 23551
polytomy of size 3; rounds with additions with at least 5 support: 0; clusters: 23551
polytomy of size 9; rounds with additions with at least 5 support: 3; clusters: 23579
polytomy of size 3; rounds with additions with at least 5 support: 0; clusters: 23579
polytomy of size 4; rounds with additions with at least 5 support: 0; clusters: 23579
polytomy of size 3; rounds with additions with at least 5 support: 0; clusters: 23579
Threshold 0.1:
polytomy of size 3; rounds with additions with at least 5 support: 0; clusters: 23579
polytomy of size 3; rounds with additions with at least 5 support: 0; clusters: 23579
polytomy of size 5; rounds with additions with at least 5 support: 0; clusters: 23579
polytomy of size 12; rounds with additions with at least 5 support: 0; clusters: 23607
polytomy of size 3; rounds with additions with at least 5 support: 0; clusters: 23607
polytomy of size 3; rounds with additions with at least 5 support: 0; clusters: 23607
polytomy of size 3; rounds with additions with at least 5 support: 0; clusters: 23607
polytomy of size 9; rounds with additions with at least 5 support: 0; clusters: 23609
Threshold 0.2:
polytomy of size 3; rounds with additions with at least 5 support: 0; clusters: 23609
polytomy of size 4; rounds with additions with at least 5 support: 0; clusters: 23609
polytomy of size 10; rounds with additions with at least 5 support: 0; clusters: 23617
polytomy of size 4; rounds with additions with at least 5 support: 0; clusters: 23617
polytomy of size 14; rounds with additions with at least 5 support: 0; clusters: 23619
polytomy of size 4; rounds with additions with at least 5 support: 0; clusters: 23619
polytomy of size 3; rounds with additions with at least 5 support: 0; clusters: 23619
polytomy of size 3; rounds with additions with at least 5 support: 0; clusters: 23619
polytomy of size 3; rounds with additions with at least 5 support: 0; clusters: 23619
polytomy of size 5; rounds with additions with at least 5 support: 0; clusters: 23619
polytomy of size 4; rounds with additions with at least 5 support: 0; clusters: 23619
polytomy of size 19; rounds with additions with at least 5 support: 0; clusters: 23651
Threshold 0.3333333333333333:
polytomy of size 4; rounds with additions with at least 5 support: 0; clusters: 23651
polytomy of size 3; rounds with additions with at least 5 support: 0; clusters: 23651
polytomy of size 4; rounds with additions with at least 5 support: 0; clusters: 23651
polytomy of size 11; rounds with additions with at least 5 support: 0; clusters: 23653
polytomy of size 3; rounds with additions with at least 5 support: 0; clusters: 23653
polytomy of size 14; rounds with additions with at least 5 support: 0; clusters: 23661
polytomy of size 5; rounds with additions with at least 5 support: 0; clusters: 23661
polytomy of size 14; rounds with additions with at least 5 support: 0; clusters: 23663
polytomy of size 4; rounds with additions with at least 5 support: 0; clusters: 23663
polytomy of size 5; rounds with additions with at least 5 support: 0; clusters: 23663
polytomy of size 3; rounds with additions with at least 5 support: 0; clusters: 23663
polytomy of size 3; rounds with additions with at least 5 support: 0; clusters: 23663
polytomy of size 3; rounds with additions with at least 5 support: 0; clusters: 23663
polytomy of size 6; rounds with additions with at least 5 support: 0; clusters: 23663
polytomy of size 4; rounds with additions with at least 5 support: 0; clusters: 23663
polytomy of size 3; rounds with additions with at least 5 support: 0; clusters: 23663
polytomy of size 5; rounds with additions with at least 5 support: 0; clusters: 23663
polytomy of size 4; rounds with additions with at least 5 support: 0; clusters: 23663
polytomy of size 30; rounds with additions with at least 5 support: 0; clusters: 23691
max k is :6
Number of Clusters after addition by greedy: 23691
gradient0 in heuristiic: 23691
partitions formed in 15.744 secs
Dynamic Programming starting after 15.744 secs
Using tree-based weight calculation.
Using polytree-based weight calculation.
Polytree max score: 12619726366
Polytree building time: 0.203 seconds.
Number of quartet trees in the gene trees: 12619726366
Size of largest cluster: 244
Greedy score: 11761062261
estimationFactor: 1.073009060401572
Sub-optimal score: 11888780174
Total Number of elements weighted: 61051
Normalized score (portion of input quartet trees satisfied before correcting for multiple individuals): 0.9515346223633008
Optimization score: 12008106562
Optimal tree inferred in 74.796 secs.
(OPDF,(P2589,((P_019185,CSSK),(((P_019191,P_019199),(GAP_80417,(P2590,GAP_79804))),(((QDVW,Asie),(P_019189,(P_019197,PAWA))),((P_025527,(P_025525,P_025523)),(((SJEV,(P_019193,(P_019187,Wsal))),(P_016921,(GAP_81227,(WKSU,(Pcol,(GAP_81226,P_006410)))))),((P0203H,((P_016909,WZFE),(P0109B,(P_018831,OSHQ)))),((WPHN,(P_011613,(((P_011609,(P2619,(Sdec,P_011589))),(MAQO,(WAIL,(P_011527,(P_014077,(GAP_80298,(GAP_80297,P_014083))))))),(((P_011587,GAP_79862),(P_014081,(P_008647,P0104A))),(((KRJP,(GAP_80395,P_011549)),((P_011643,(P_011657,(P_011509,P_011651))),((GAP_80393,GAP_80394),(P_011631,((P_011647,(P_011465,(P_011501,(P_011523,(P_011489,P_011487))))),(P_011551,((P_011637,P_007844),(P_007843,(P_007783,P_006414))))))))),((P_011531,(P_011699,(P_006411,Schi))),(VYLQ,(P_018635,(P_008631,(P_011709,(P_011701,((P_011719,P_011607),((P_011579,(P_008632,P_011671)),(((P_011705,P_011713),((KAYP,(BCGB,ABSS)),(WIGA,(Dhai,(Msal,Apet))))),((P_006413,(P_016813,((GAP_80390,GAP_80389),((P_008646,P_011679),(P_008640,P_006412))))),((P_011681,P_014073),(P_011673,((P_011537,(P_011677,P_011739)),((P_011715,(P_011745,P_011611)),(P_011759,(P_011675,P_011735))))))))))))))))))))),((((P_018779,P_018639),(P_018695,(P_018645,P_018783))),(P_018691,((P_007845,(P_016797,(OBPL,(GAP_80397,P_016799)))),((P_018693,(P_016793,(P_016795,P_006422))),((S08,P_014095),((S38,(S04,(P_016789,S27))),((S02,P_016787),(P_016791,(P_014099,S03))))))))),(((P2622,P2623),(P0110C,(XQWC,(P0207A,((P0110B,P0207C),(P0207B,(P0206G,P0206H))))))),((DHPO,GAP_80322),((P_012941,P_012795),((P_012861,((P_012855,(P_012827,P_007802)),((P_012813,P_018637),(P_012921,P_012919)))),(((P_012797,(P_012841,((P_012913,P_012877),(P_012811,(P_012895,P_012891))))),(((P_012857,(P_012925,P_012883)),((P_012903,P_012815),(P_012875,((P_012851,P_012887),(P_012901,(P_012831,P_012905)))))),(P_018689,((P_006420,GAP_80294),(P_012885,(P_012859,(((GAP_80291,P_012907),(P_012881,P_012873)),((P_012897,(GAP_80293,P_012893)),((P_012911,(P_012821,P_012917)),(P_012889,((P_012863,P_006418),(P_012793,(GAP_80292,P_006419))))))))))))),((P_012867,((P_012817,P_012899),(P_012923,P_012847))),(P_012843,(((P_012937,(P_006421,P_012939)),((P_012803,P_012853),(P_012837,P_012829))),(((P_012801,(P_012879,P_012809)),(P_012839,(P_012805,(P_012825,(P_012799,YZRI))))),((P_012909,(((P_012849,P_012871),(P_012807,P_012845)),(P_012865,(P_012931,(P_012933,P_012935))))),((GAP_81172,P_012833),((P_012927,(GAP_80295,PSJT)),((P_012791,P_012915),(P_012869,(P_012823,(P_012835,P_012819))))))))))))))))))))))))));
Final quartet score is: 12008106562
Final normalized quartet score is: 0.9515346223633008
You may want to ignore posterior probabilities and other statistics related to the following branch branch because the effective number of genes impacting it is only 1:
	{Sdec, P_011589}
You may want to ignore posterior probabilities and other statistics related to the following branch branch because the effective number of genes impacting it is only 1:
	{P_011719, P_011607}
You may want to ignore posterior probabilities and other statistics related to the following branch branch because the effective number of genes impacting it is only 6:
	{Msal, Apet, Dhai, P_006413, P_016813, P_011677, P_011739, P_008632, P_011705, P_011579, P_011671, P_008640, P_006412, P_008646, P_011679, KAYP, GAP_80390, GAP_80389, BCGB, P_011745, P_011537, P_011673, P_011681, P_011759, P_011675, P_011735, P_011715, ABSS, WIGA, P_011719, P_011713, P_014073, P_011611, P_011607}
You may want to ignore posterior probabilities and other statistics related to the following branch branch because the effective number of genes impacting it is only 4:
	{Msal, Apet, Dhai, P_006413, P_016813, P_011677, P_011739, P_008632, P_011705, P_011579, P_011671, P_008640, P_006412, P_008646, P_011679, KAYP, GAP_80390, GAP_80389, BCGB, P_011745, P_011537, P_011673, P_011681, P_011759, P_011675, P_011735, P_011715, ABSS, WIGA, P_011719, P_011713, P_014073, P_011611, P_011701, P_011607}
You may want to ignore posterior probabilities and other statistics related to the following branch branch because the effective number of genes impacting it is only 4:
	{Msal, Apet, Dhai, P_006413, P_016813, P_011677, P_011739, P_008632, P_011705, P_011579, P_011671, P_008640, P_006412, P_008646, P_011679, KAYP, GAP_80390, GAP_80389, BCGB, P_011745, P_011537, P_011673, P_011681, P_011759, P_011675, P_011735, P_011715, ABSS, WIGA, P_011719, P_011713, P_014073, P_011709, P_011611, P_011701, P_011607}
You may want to ignore posterior probabilities and other statistics related to the following branch branch because the effective number of genes impacting it is only 9:
	{P_025525, P_025523}
You may want to ignore posterior probabilities and other statistics related to the following branch branch because the effective number of genes impacting it is only 14:
	{P_025525, P_025527, P_025523}
Extended species tree:
(P0109B,((P_018831,OSHQ)1:1.1223813857651657,((P_016909,WZFE)1:2.126920703661192,(P0203H,(((WPHN,(P_011613,(((P_011609,(P2619,(Sdec,P_011589)0.67:0.2876820724517809)0.98:0.3922590528828401)1:0.7949513102507196,(MAQO,(WAIL,(P_011527,(P_014077,(GAP_80298,(GAP_80297,P_014083)1:2.3433690372733302)0.93:0.1508573978698059)0.81:0.12297333312151289)1:0.2898439819753377)1:0.8465792318363055)1:1.6499371974972572)0.99:0.28018296443914054,(((P_011587,GAP_79862)1:1.0877697299353979,(P_014081,(P_008647,P0104A)1:2.629487878599107)1:1.7316975562313226)1:1.1767160812926434,(((KRJP,(GAP_80395,P_011549)1:1.6407305970938721)1:1.259039158674088,((P_011643,(P_011657,(P_011509,P_011651)1:0.9598718756920362)0.67:0.0618713526331495)1:1.3038159514294723,((GAP_80393,GAP_80394)1:1.0215844489161652,(P_011631,((P_011647,(P_011465,(P_011501,(P_011523,(P_011489,P_011487)0.81:0.08626928677201291)0.6:0.07341708450284072)1:0.862245647089367)1:1.3743757622580184)1:0.22324764306926873,(P_011551,((P_011637,P_007844)0.86:0.12024910204178053,(P_007843,(P_007783,P_006414)0.69:0.07499405309247732)1:0.4256205546167154)0.85:0.12606347044149796)0.79:0.10862458159295756)0.98:0.19728382005190462)1:0.4454642733929786)0.6:0.06710044542303198)1:2.2442790617812225)1:1.8886075219566882,((P_011531,(P_011699,(P_006411,Schi)1:1.1484516802828346)1:0.4589192609593928)1:1.7371959577426062,(VYLQ,(P_018635,(P_008631,(P_011709,(P_011701,((P_011719,P_011607)0.67:0.2876820724517809,((P_011579,(P_008632,P_011671)0.54:0.0655820480545278)1:1.4261055883391835,(((P_011705,P_011713)0.89:0.16741292740465474,((KAYP,(BCGB,ABSS)1:0.7333945954045897)0.6:0.09290352086993901,(WIGA,(Dhai,(Msal,Apet)0.53:0.07689917137427203)1:0.2586712658213288)1:0.5166759522979867)1:0.3724822480841022)0.29:0.0,((P_006413,(P_016813,((GAP_80390,GAP_80389)1:2.0744991325593136,((P_008646,P_011679)1:0.2539871057340468,(P_008640,P_006412)1:1.164043278649863)0.79:0.09461067556781409)0.43:0.01959526800465199)1:0.6243652294611464)0.01:0.0,((P_011681,P_014073)0.87:0.2819243418770233,(P_011673,((P_011537,(P_011677,P_011739)1:1.2106859471734195)0.94:0.15404753543407082,((P_011715,(P_011745,P_011611)0.99:0.5231065920920462)1:0.46669273192290056,(P_011759,(P_011675,P_011735)1:1.7843406014767769)0:0.0)1:0.3181268421321504)0.91:0.1423450492401882)0.53:0.05425088022485171)1:0.5019880084941352)1:0.40956758312541436)1:0.9169147174945875)0.02:0.0)0.67:0.2935745874374272)0.87:0.5680043819663927)0.02:0.0)0.93:0.2837927746152421)1:0.4448162067680784)1:0.27066169729169376)1:1.21529117274515)1:0.2752788250162895)0.98:0.2637150361407309)0.99:0.36953710129104606)0.55:0.06406257445782071)1:2.119430581346964,((((P_018779,P_018639)1:0.2492324723827305,(P_018695,(P_018645,P_018783)0.94:0.15206493846316751)1:0.3787091974801319)1:0.47538603933520235,(P_018691,((P_007845,(P_016797,(OBPL,(GAP_80397,P_016799)0.78:0.18206074407764666)1:0.9388050350630158)0.74:0.2763097896759729)0.86:0.25238089210487924,((P_018693,(P_016793,(P_016795,P_006422)1:0.7150058775179495)1:0.6787434990044503)0.15:0.04712960802562466,((S08,P_014095)1:0.5647311611547785,((S38,(S04,(P_016789,S27)1:0.687765735669929)0.49:0.10950785616919424)0.99:0.37043343764017633,((S02,P_016787)1:3.3276383547285695,(P_016791,(P_014099,S03)1:3.1454669885596056)0.69:0.07067605092460214)0.61:0.05779874563731372)0.99:0.2237194171987126)1:0.5369162044924023)0.88:0.11741510961534811)0.59:0.07802936711240266)0.8:0.12916295970965253)1:2.700784548856717,(((P2622,P2623)0.88:0.2673199494805274,(P0110C,(XQWC,(P0207A,((P0110B,P0207C)0.65:0.0850572314418633,(P0207B,(P0206G,P0206H)0.99:0.20785531785164274)0.99:0.18136275846954572)0.51:0.03192629867599913)1:0.22720607137857363)1:0.6963301955010784)1:2.504532703867018)1:0.5225757569096986,((DHPO,GAP_80322)1:3.2353152287018627,((P_012941,P_012795)1:3.9165325959341293,((P_012861,((P_012855,(P_012827,P_007802)1:2.02383128929881)1:1.4871212449024676,((P_012813,P_018637)1:0.8491571086277071,(P_012921,P_012919)1:2.555743971955277)1:2.321048948969589)1:2.916023148088285)0.93:0.1577719535912272,(((P_012797,(P_012841,((P_012913,P_012877)1:1.8759147263266662,(P_012811,(P_012895,P_012891)1:0.42735083409508784)1:1.9777153361923467)1:1.8678548952372895)1:0.3341258278618009)0.57:0.04969493395767793,(((P_012857,(P_012925,P_012883)1:2.8319693102119188)0.57:0.04714930339790201,((P_012903,P_012815)1:1.4158014498950922,(P_012875,((P_012851,P_012887)1:2.4599457258471773,(P_012901,(P_012831,P_012905)1:0.41250227269871004)0.46:0.022611761045961676)1:0.30967384542110027)1:0.7752608587989719)0.32:0.0)1:0.6703568936117855,(P_018689,((P_006420,GAP_80294)1:1.5543921168551191,(P_012885,(P_012859,(((GAP_80291,P_012907)0.6:0.05414809867470097,(P_012881,P_012873)1:1.2829524794660383)0.57:0.054205196278832926,((P_012897,(GAP_80293,P_012893)1:2.2628846478349938)0.76:0.09194208794351386,((P_012911,(P_012821,P_012917)1:1.8297179991818984)1:1.3119481762981555,(P_012889,((P_012863,P_006418)0.85:0.12246983083673334,(P_012793,(GAP_80292,P_006419)1:2.8126164099394013)0.99:0.19183873062859585)0.67:0.07170117828826872)0.52:0.04842692082724316)0.74:0.09212937505414796)0.45:0.023414182321250216)0.53:0.052256110621343825)0.49:0.03162745058860861)0.47:0.03454880280551471)1:1.5761369919197965)1:1.1472761058671876)1:2.6400656151763466)1:2.6912210666232,((P_012867,((P_012817,P_012899)1:2.1877574314793353,(P_012923,P_012847)1:3.502901313267393)1:0.7811384564084328)1:3.3582118304523414,(P_012843,(((P_012937,(P_006421,P_012939)1:1.59986846141795)1:4.265758943506106,((P_012803,P_012853)0.44:0.04042143039201738,(P_012837,P_012829)1:1.1731027653440333)1:0.22821361728010806)0.81:0.09217945018478675,(((P_012801,(P_012879,P_012809)1:3.5457786104732607)1:0.6719998088929723,(P_012839,(P_012805,(P_012825,(P_012799,YZRI)1:1.4158059680206687)1:0.24650376072546745)0.85:0.10015473607401623)1:0.8545767560003373)1:1.5470015008150397,((P_012909,(((P_012849,P_012871)1:1.6363930734278596,(P_012807,P_012845)1:0.527200684394058)1:0.6432647870527185,(P_012865,(P_012931,(P_012933,P_012935)1:2.83969472448965)1:1.9616477816706304)1:0.31070237017410585)1:2.9460021124524225)0.76:0.07449578868254433,((GAP_81172,P_012833)1:2.790078429785355,((P_012927,(GAP_80295,PSJT)1:0.2962746531671487)1:2.118171846303702,((P_012791,P_012915)0.95:0.12786782033738409,(P_012869,(P_012823,(P_012835,P_012819)0.7:0.07659957959679951)1:1.0276456335683275)1:3.2035900458405706)1:1.5469657043099976)0.64:0.06910780561822329)1:2.79197146160036)1:2.4537624953220174)1:2.6735095370087776)0.99:0.19366827143512882)1:1.8333909719424475)1:1.7953706548298278)1:0.3826397767185207)1:2.0903327809333656)1:3.911877250118095)1:0.5491065410978291)1:0.9073322402531244)1:2.590751053749315)1:0.8793848890993542,(((SJEV,(P_019193,(P_019187,Wsal)1:0.5528849275260214)1:0.8820084869704778)1:2.221128197121067,(P_016921,(GAP_81227,(WKSU,(Pcol,(GAP_81226,P_006410)1:1.2116290491242503)1:0.646948788164614)0.99:0.20998873298776208)1:0.47409238244503016)1:2.7027277013159803)1:2.457575432127026,((P_025527,(P_025525,P_025523)0.75:0.2876820724517809)1:0.8924789176350525,(((QDVW,Asie)1:3.3335822029442665,(P_019189,(P_019197,PAWA)1:0.7875692264953482)0.89:0.13904129716990526)1:0.22121639143292168,(((P_019191,P_019199)1:0.6277314070255252,(GAP_80417,(P2590,GAP_79804)1:2.2563619733499807)1:0.6671044570343654)1:0.4503028706304399,((P_019185,CSSK)0.66:0.057923160186398384,(P2589,OPDF)1:1.0142066318632132)1:1.6355650617603545)1:1.4231070045462508)0.97:0.2723561519375753)1:0.6645236957482114)1:0.22995092910742013)1:1.656292689130512)1:1.4975862487288534)1:0.6984926767103612));
Weight calculation took 54.547571291 secs
ASTRAL finished in 77.115 secs
