
================== ASTRAL ===================== 

This is ASTRAL version 5.7.7
Gene trees are treated as unrooted
339 trees read from all_bs10.trees
index198
All output trees will be *arbitrarily* rooted at P0109B

======== Running the main analysis
Number of taxa: 244 (244 species)
Taxa: [P_012841, P_012877, P_012913, P_012861, P_012837, P_012855, P_012813, P_012939, P_012937, P_006421, P_012827, P_007802, P_012803, P_012921, P_012919, P_012889, P_012891, GAP_80291, P_012881, P_012793, P_012911, P_006418, P_012811, P_012859, P_012907, P_012821, P_012917, P_012897, P_012873, GAP_80292, P_012863, P_018689, GAP_80293, P_012893, P_006420, GAP_80294, P_012885, P_006419, P_012895, P_012831, P_012905, P_012797, P_012815, P_012903, P_012857, P_012925, P_012883, P_012901, P_012941, P_012795, P_012851, P_012887, P_012867, P2589, OPDF, GAP_80417, PAWA, P2590, GAP_79804, CSSK, P_019185, P_012817, P_012899, P_012847, P_012923, P_011609, P_012875, P2622, P2623, P_018695, P_011701, P_011579, Sdec, P_011673, P0207B, P0110C, XQWC, P0207C, P0206G, P0207A, P0206H, P_016787, P_018691, P_018693, P_016793, P_006422, P_016791, P_016789, S02, S27, P_016797, P_007845, P_016799, OBPL, GAP_80397, P_018779, P_014099, S03, S04, P_018639, P_018783, P_018645, P_011699, GAP_80389, ABSS, P_011675, P_011735, P_011677, P_011537, P_008640, GAP_80390, P_006412, P_011759, P_011745, P_006413, P_008646, Apet, Dhai, P_016813, P_011681, P_011715, P_011713, VYLQ, P_008632, P_011671, P_008647, P0104A, P_014081, P_011549, GAP_80395, KRJP, P_011489, P_011487, P_011523, P_011509, P_011651, P2619, P_006414, P_007843, P_007783, GAP_80394, P_011637, P_007844, P_011465, P_011647, P_011501, P_011643, GAP_80393, P_011657, P_011587, GAP_79862, WAIL, P_011527, GAP_80297, GAP_80298, MAQO, Schi, P_006411, WPHN, P_012829, P_018635, P_014083, P_012845, P_012807, P_012805, P_012865, P_012799, YZRI, GAP_81172, P_012809, P_012879, P_012801, P_012839, P_012935, P_012933, P_012931, GAP_80295, P_012927, PSJT, P_012825, P_012835, P_012915, P_012791, P_012819, P_012869, P_012823, P_012849, P_012871, P_012833, P_012909, GAP_80322, DHPO, P_016795, Asie, QDVW, P0110B, P_011551, P0203H, P0109B, P_018831, WZFE, P_016909, P_019197, Wsal, P_019193, P_019187, SJEV, GAP_81226, P_006410, Pcol, WKSU, P_016921, GAP_81227, P_025523, P_019189, P_012853, P_012843, P_018637, P_025525, OSHQ, P_011531, P_008631, P_011705, WIGA, Msal, P_011739, BCGB, P_011679, P_011631, P_014077, P_019191, P_011613, S38, P_014095, S08, P_011719, KAYP, P_025527, P_014073, P_011709, P_011611, P_019199, P_011607, P_011589]
Taxon occupancy: {P_019193=249, P_019191=103, P_019197=271, OPDF=286, GAP_81172=313, P_018783=313, P_019199=75, Wsal=253, P_016921=316, WKSU=315, P_025523=41, P_025525=75, P_025527=31, P_014073=29, P0203H=183, P_014077=155, QDVW=312, P_011487=314, P_011489=317, P_016813=263, P_006421=304, P_006422=308, P_006420=214, P_006418=299, P_006419=301, P_014081=188, P_006414=312, P_014083=182, P_018689=312, P0206H=277, P0206G=255, Msal=278, P0109B=131, P_012901=302, P_006410=302, P_006411=304, P_012903=307, P_006412=305, P_006413=292, P_012905=316, P_012907=311, PAWA=307, GAP_79862=293, ABSS=309, P_012909=306, P_018691=126, GAP_80291=318, P_018695=302, P_014095=108, GAP_80293=307, GAP_80292=298, P_018693=300, GAP_80295=311, GAP_80294=301, P_014099=305, GAP_80297=313, GAP_80298=308, P_012911=305, P_011701=46, P_012913=255, P_012915=313, P_011705=144, P_012917=287, P_012919=271, P_011709=26, P_012881=310, P_011671=155, P_011551=168, P_012883=313, P_011673=228, MAQO=321, P_012885=303, P_011675=271, GAP_80322=320, P2590=240, P_012887=307, P_011677=213, P_012889=300, P_011679=237, P_008647=287, PSJT=299, P2589=242, P_012891=295, P_011681=202, P_012893=307, P_018637=301, P_012895=303, P_018635=273, P_012897=300, P0207C=285, P_012899=304, P0207B=292, P0207A=299, P_018639=271, P_008646=314, P_008640=311, BCGB=303, WZFE=319, P_018645=307, KRJP=312, KAYP=144, P_011699=133, P_011579=210, CSSK=300, P_008632=307, P_007783=281, P_016909=318, P_008631=51, P_019187=300, P_019185=287, Sdec=58, P_019189=249, P_012791=310, P_012793=307, P_012795=309, Asie=246, P_018779=218, P_011465=320, P_012797=313, P_011587=201, P_012799=312, P_011589=4, GAP_80417=142, WIGA=274, P_007802=226, GAP_79804=218, P_012841=305, P_011631=226, Pcol=239, P_012843=317, P_012845=308, P_012847=297, P_011637=306, P_011759=251, P_012849=293, Apet=136, OBPL=325, P0110C=273, P0110B=178, P_018831=301, YZRI=318, P_012851=308, P_011643=324, P_012853=307, P_011523=319, P_012855=287, P_012857=305, P_011647=256, P_011527=162, P_012859=294, WAIL=330, P_016789=302, P_012861=298, P_011651=245, P_016787=307, P_011531=220, P_012863=309, P_012865=296, Schi=243, P_012867=308, P_011657=250, P_011537=198, P_012869=302, P_016793=306, P_016791=313, P_016797=311, SJEV=319, P_016795=297, P_012871=292, P_012873=308, P_016799=310, P_012875=305, P_012877=295, P_012879=309, P_011549=271, P_007844=192, P_007845=39, S02=199, P_012921=260, S04=65, S03=276, P_012801=321, P_012923=293, P_011713=182, P_012803=310, P_012925=302, P_011715=234, S08=162, P_007843=258, P_012805=306, P_012927=304, P_012807=305, P_011719=28, P_012809=309, VYLQ=325, DHPO=328, GAP_80390=270, P2622=191, P2623=93, XQWC=319, GAP_80394=318, GAP_80393=326, GAP_80395=319, GAP_80397=315, P_012931=304, P_012811=299, WPHN=308, P_012933=287, P_012813=300, P_012935=298, P_012815=294, P_012937=311, P_012817=305, P_011607=6, P_012939=293, P_011609=173, P_012819=302, P2619=164, OSHQ=309, GAP_80389=280, P_012941=315, P_012821=307, P_011611=44, P_012823=312, P_011613=75, P_011735=306, S27=205, P_012825=314, P_012827=251, P_011739=238, P_012829=193, Dhai=306, P0104A=244, P_012831=289, P_011501=323, P_012833=302, GAP_81226=314, P_011745=253, GAP_81227=322, P_012835=307, S38=75, P_012837=315, P_012839=297, P_011509=319}
Number of gene trees: 339
339 trees have missing taxa
Calculating quartet distance matrix (for completion of X)
Species tree distances calculated ...
Will attempt to complete bipartitions from X before adding using a distance matrix.
Building set of clusters (X) from gene trees 
------------------------------
gradient0: 72357
Number of Clusters after addition by distance: 72357
calculating extra bipartitions to be added at level 1 ...
Adding to X using resolutions of greedy consensus ...
Limit for sigma of degrees:6150
polytomy size limit : 102
discarded polytomies:  [3, 3, 3, 3, 3, 3, 3, 3, 3, 3, 3, 3, 3, 3, 3, 3, 3, 3, 4, 4, 4, 4, 4, 4, 4, 4, 4, 5, 5, 5, 6, 6, 7, 7, 8, 8, 12, 13, 14, 16, 21, 37, 102]
Threshold 0.0:
Threshold 0.01:
polytomy of size 3; rounds with additions with at least 5 support: 0; clusters: 72357
Threshold 0.02:
polytomy of size 5; rounds with additions with at least 5 support: 0; clusters: 72371
polytomy of size 3; rounds with additions with at least 5 support: 0; clusters: 72371
Threshold 0.05:
polytomy of size 6; rounds with additions with at least 5 support: 1; clusters: 72381
polytomy of size 3; rounds with additions with at least 5 support: 0; clusters: 72381
polytomy of size 4; rounds with additions with at least 5 support: 0; clusters: 72381
polytomy of size 7; rounds with additions with at least 5 support: 0; clusters: 72387
polytomy of size 4; rounds with additions with at least 5 support: 0; clusters: 72387
Threshold 0.1:
polytomy of size 13; rounds with additions with at least 5 support: 0; clusters: 72397
polytomy of size 4; rounds with additions with at least 5 support: 0; clusters: 72397
polytomy of size 4; rounds with additions with at least 5 support: 0; clusters: 72397
polytomy of size 8; rounds with additions with at least 5 support: 0; clusters: 72405
polytomy of size 3; rounds with additions with at least 5 support: 0; clusters: 72405
polytomy of size 3; rounds with additions with at least 5 support: 0; clusters: 72405
polytomy of size 21; rounds with additions with at least 5 support: 1; clusters: 72445
polytomy of size 4; rounds with additions with at least 5 support: 0; clusters: 72445
polytomy of size 3; rounds with additions with at least 5 support: 0; clusters: 72445
polytomy of size 3; rounds with additions with at least 5 support: 0; clusters: 72445
Threshold 0.2:
polytomy of size 4; rounds with additions with at least 5 support: 0; clusters: 72445
polytomy of size 14; rounds with additions with at least 5 support: 0; clusters: 72451
polytomy of size 5; rounds with additions with at least 5 support: 0; clusters: 72451
polytomy of size 3; rounds with additions with at least 5 support: 0; clusters: 72451
polytomy of size 3; rounds with additions with at least 5 support: 0; clusters: 72451
polytomy of size 3; rounds with additions with at least 5 support: 0; clusters: 72451
polytomy of size 6; rounds with additions with at least 5 support: 0; clusters: 72451
polytomy of size 12; rounds with additions with at least 5 support: 0; clusters: 72455
polytomy of size 3; rounds with additions with at least 5 support: 0; clusters: 72455
polytomy of size 4; rounds with additions with at least 5 support: 0; clusters: 72455
polytomy of size 8; rounds with additions with at least 5 support: 0; clusters: 72455
polytomy of size 3; rounds with additions with at least 5 support: 0; clusters: 72455
polytomy of size 37; rounds with additions with at least 5 support: 0; clusters: 72487
polytomy of size 4; rounds with additions with at least 5 support: 0; clusters: 72487
polytomy of size 3; rounds with additions with at least 5 support: 0; clusters: 72487
Threshold 0.3333333333333333:
polytomy of size 7; rounds with additions with at least 5 support: 0; clusters: 72487
polytomy of size 3; rounds with additions with at least 5 support: 0; clusters: 72487
polytomy of size 16; rounds with additions with at least 5 support: 0; clusters: 72509
polytomy of size 3; rounds with additions with at least 5 support: 0; clusters: 72509
polytomy of size 3; rounds with additions with at least 5 support: 0; clusters: 72509
polytomy of size 5; rounds with additions with at least 5 support: 0; clusters: 72509
polytomy of size 4; rounds with additions with at least 5 support: 0; clusters: 72509
polytomy of size 3; rounds with additions with at least 5 support: 0; clusters: 72509
polytomy of size 3; rounds with additions with at least 5 support: 0; clusters: 72509
polytomy of size 102; rounds with additions with at least 5 support: 0; clusters: 72549
max k is :2
Number of Clusters after addition by greedy: 72549
gradient0 in heuristiic: 72549
partitions formed in 28.432 secs
Dynamic Programming starting after 28.432 secs
Using tree-based weight calculation.
Using polytree-based weight calculation.
Polytree max score: 13188962922
Polytree building time: 0.157 seconds.
Number of quartet trees in the gene trees: 13188962922
Size of largest cluster: 244
Greedy score: 10689500911
estimationFactor: 1.2338240140311822
Sub-optimal score: 11861399463
Calculated 100000 weights; time (seconds): 188
Total Number of elements weighted: 189335
Normalized score (portion of input quartet trees satisfied before correcting for multiple individuals): 0.9437115449189979
Optimization score: 12446576575
Optimal tree inferred in 358.834 secs.
(P_012791,(P_012915,((P_012869,(P_012823,(P_012835,P_012819))),((P_012927,(GAP_80295,PSJT)),((GAP_81172,P_012833),(((P_012865,(P_012931,(P_012935,P_012933))),((P_012849,P_012871),(P_012845,P_012807))),(P_012909,(((P_012801,(P_012809,P_012879)),(P_012839,(P_012805,(P_012825,(P_012799,YZRI))))),((P_012843,((P_012937,(P_012939,P_006421)),((P_012803,P_012853),(P_012837,P_012829)))),((P_012867,((P_012847,P_012923),(P_012817,P_012899))),(((P_012797,(P_012841,((P_012877,P_012913),(P_012811,(P_012891,P_012895))))),(((P_012925,P_012883),((P_012857,(P_012815,P_012903)),(P_012875,((P_012851,P_012887),(P_012901,(P_012831,P_012905)))))),(P_018689,((P_006420,GAP_80294),(P_012885,(P_012897,(P_012859,(((GAP_80291,P_012907),(P_012881,P_012873)),((P_012889,(P_012793,(GAP_80292,P_006419))),(P_006418,((GAP_80293,P_012893),(P_012863,(P_012911,(P_012821,P_012917)))))))))))))),((P_012861,((P_012855,(P_012827,P_007802)),((P_012813,P_018637),(P_012921,P_012919)))),((P_012941,P_012795),((GAP_80322,DHPO),(((P2622,P2623),(P0110C,(P0110B,(P0207A,((P0207B,XQWC),(P0207C,(P0206G,P0206H))))))),((P_007845,(((P_018779,P_018639),(P_018695,(P_018783,P_018645))),(P_018691,(((P_018693,(P_016793,(P_006422,P_016795))),(P_016797,(OBPL,(P_016799,GAP_80397)))),((P_014095,S08),((S04,(S38,(P_016789,S27))),((P_016787,S02),(P_016791,(P_014099,S03))))))))),(((P0203H,((WZFE,P_016909),(P0109B,(P_018831,OSHQ)))),(((SJEV,(P_019193,(Wsal,P_019187))),(P_016921,(GAP_81227,(WKSU,(Pcol,(GAP_81226,P_006410)))))),((P_025527,(P_025523,P_025525)),(((Asie,QDVW),(P_019189,(PAWA,P_019197))),(((CSSK,P_019185),(P2589,OPDF)),((P_019191,P_019199),(GAP_80417,(P2590,GAP_79804)))))))),((WPHN,P_011613),(((P_011609,(Sdec,P2619)),(MAQO,(WAIL,(P_011527,((GAP_80298,P_014077),(GAP_80297,P_014083)))))),((((P_011587,GAP_79862),(P_014081,(P_008647,P0104A))),((KRJP,(P_011549,GAP_80395)),((P_011657,(P_011643,(P_011509,P_011651))),((GAP_80394,GAP_80393),(P_011631,((P_011551,((P_011637,P_007844),(P_007843,(P_006414,P_007783)))),(P_011647,(P_011465,(P_011501,(P_011489,(P_011487,P_011523))))))))))),(((P_011531,P_011589),(P_011699,(Schi,P_006411))),(VYLQ,((P_018635,P_008631),((P_011579,(P_008632,P_011671)),((P_011719,P_011607),((P_014073,P_011709),(((P_011713,P_011705),(P_006413,((KAYP,(ABSS,BCGB)),(WIGA,(Dhai,(Apet,Msal)))))),((P_016813,((GAP_80389,GAP_80390),((P_008646,P_011679),(P_008640,P_006412)))),(P_011701,((P_011673,(P_011537,(P_011677,P_011739))),(P_011759,((P_011675,P_011735),(P_011715,(P_011681,(P_011745,P_011611)))))))))))))))))))))))))))))))))));
Final quartet score is: 12446576575
Final normalized quartet score is: 0.9437115449189979
You may want to ignore posterior probabilities and other statistics related to the following branch branch because the effective number of genes impacting it is only 13:
	{P_025523, P_025525}
You may want to ignore posterior probabilities and other statistics related to the following branch branch because the effective number of genes impacting it is only 3:
	{P_011531, P_011589}
You may want to ignore posterior probabilities and other statistics related to the following branch branch because the effective number of genes impacting it is only 1:
	{P_011719, P_011607}
You may want to ignore posterior probabilities and other statistics related to the following branch branch because the effective number of genes impacting it is only 2:
	{P_014073, P_011709}
You may want to ignore posterior probabilities and other statistics related to the following branch branch because the effective number of genes impacting it is only 7:
	{P_011701, P_011673, GAP_80389, ABSS, P_011675, P_011735, P_011677, P_011537, P_008640, GAP_80390, P_006412, P_011759, P_011745, P_006413, P_008646, Apet, Dhai, P_016813, P_011681, P_011715, P_011713, P_011705, WIGA, Msal, P_011739, BCGB, P_011679, KAYP, P_014073, P_011709, P_011611}
Extended species tree:
(P0109B,((P_018831,OSHQ)84.72:1.426661172496354,((WZFE,P_016909)86.44:1.5710939722103527,(P0203H,((((SJEV,(P_019193,(Wsal,P_019187)55.12:0.3898373371032339)51.35:0.3104200526961688)90.33:1.8964593901892064,(P_016921,(GAP_81227,(WKSU,(Pcol,(GAP_81226,P_006410)69.82:0.7822195848922464)57.99:0.4550735364729739)49.18:0.26782197107782996)58.6:0.47135125109369813)90.2:1.8824484299639876)82.34:1.3056465425229418,((P_025527,(P_025523,P_025525)59.9:0.38133922907607826)71.49:0.6721947389503771,(((Asie,QDVW)98.39:3.484636489050169,(P_019189,(PAWA,P_019197)62.41:0.5620977239685245)39.65:0.0957430056371606)46.27:0.21180971251125263,(((CSSK,P_019185)38.87:0.08406110667079916,(P2589,OPDF)71.61:0.8413340347679878)73.52:0.9119762376272434,((P_019191,P_019199)53.51:0.33557051588220976,(GAP_80417,(P2590,GAP_79804)90.88:1.9036487164287665)61.32:0.5241448903635693)62.36:0.5563601755203139)82.51:1.3168012227619703)53.85:0.348410732280919)59.86:0.4798960615157399)41.61:0.1278804117097671,(((WPHN,P_011613)47.61:0.21855307394376003,(((P_011609,(Sdec,P2619)57.17:0.4087479786528513)78.26:1.0808167563421442,(MAQO,(WAIL,(P_011527,((GAP_80298,P_014077)38.34:0.0734603685378096,(GAP_80297,P_014083)88.53:1.716960806903847)36.04:0.03725576943369225)41.52:0.12574972352066496)60.28:0.5119646631655882)86.61:1.5648123369741533)61.81:0.5398838388614807,((((P_011587,GAP_79862)76.1:1.0054336612964896,(P_014081,(P_008647,P0104A)94.86:2.4519429779498036)86.08:1.5281620119310275)79.12:1.1397828923391016,((KRJP,(P_011549,GAP_80395)77:1.0497284125380044)77.72:1.0808123333385187,((P_011657,(P_011643,(P_011509,P_011651)61.23:0.5337660591511056)37.84:0.06663738754535985)72.72:0.8784550945399086,((GAP_80394,GAP_80393)65.48:0.6488803993197445,(P_011631,((P_011551,((P_011637,P_007844)47.65:0.23479996402184994,(P_007843,(P_006414,P_007783)42.37:0.1417535004958407)59.82:0.4981152018017437)38.32:0.0717143400365657)35.65:0.03008905514720551,(P_011647,(P_011465,(P_011501,(P_011489,(P_011487,P_011523)37.18:0.056612930401331876)36.01:0.038221957132181496)61.56:0.5427533467818063)82.67:1.3185705116833437)47.45:0.2319281595516041)42.73:0.14673356038360905)57.27:0.4356398800606945)36.76:0.0498321090623132)90.56:1.9149091964227987)82.21:1.2938134748677337)38.29:0.07135850613788834,(((P_011531,P_011589)50:0.0,(P_011699,(Schi,P_006411)67.95:0.712312798853679)55.33:0.3871436478009585)90.84:1.9312302412398927,(VYLQ,((P_018635,P_008631)65.43:0.5945233663555759,((P_011579,(P_008632,P_011671)38.04:0.0672752392941303)87.27:1.6150592507909434,((P_011719,P_011607)100:0.2876820724517809,((P_014073,P_011709)0.09:0.0,(((P_011713,P_011705)46.31:0.20247647507629501,(P_006413,((KAYP,(ABSS,BCGB)61.18:0.5231614525037321)39.98:0.09639922665247591,(WIGA,(Dhai,(Apet,Msal)36.91:0.04698476040572484)37.65:0.06283478422230307)55.76:0.4019798995588123)48.97:0.2613637199281624)41.42:0.12326671349682494)39:0.08322639850944355,((P_016813,((GAP_80389,GAP_80390)84.63:1.4361217677867588,((P_008646,P_011679)47.75:0.23742852536977996,(P_008640,P_006412)74.16:0.9331207595443942)40.57:0.11048035776906644)41.96:0.132143629300068)62.42:0.5584001001016581,(P_011701,((P_011673,(P_011537,(P_011677,P_011739)68.64:0.7331364900439908)43.76:0.1620659872583756)34.11:0.007618753199937015,(P_011759,((P_011675,P_011735)85.05:1.4644711683873106,(P_011715,(P_011681,(P_011745,P_011611)47.92:0.20951448648400978)39.76:0.09546661613705827)46.45:0.2127552194034451)46.86:0.22037504494299023)43.26:0.15555610485339533)50.68:0.2637645452470263)52.59:0.3007120799190865)45.29:0.19151803147959387)50.61:0.26531035537988407)27.39:0.0)54.74:0.3183218468424278)82.73:1.322634199135073)58.74:0.46937582885522533)42.9:0.15005888614731935)74.21:0.9295381247022952)59.86:0.49360210306238983)59.91:0.4967223135735256)82.74:1.316404879903155,((P_007845,(((P_018779,P_018639)53.62:0.3558345958279125,(P_018695,(P_018783,P_018645)40.75:0.11462128685605555)50.35:0.28975226718048663)55.11:0.3893670186862594,(P_018691,(((P_018693,(P_016793,(P_006422,P_016795)59.21:0.4831654489357947)56.22:0.4128250899297715)35.85:0.034910275260487796,(P_016797,(OBPL,(P_016799,GAP_80397)43.24:0.1578747104178976)74.21:0.9386248108556544)75.81:0.9989825920033658)35.84:0.03497846499690836,((P_014095,S08)72.58:0.8499517158127745,((S04,(S38,(P_016789,S27)59.02:0.4583618495522388)45.41:0.16583390540659548)67.33:0.6672478795832134,((P_016787,S02)94.65:2.423860383396436,(P_016791,(P_014099,S03)90.69:1.9241837312937107)36.54:0.04565107237264281)36.74:0.048988761573652465)42.16:0.13522351724781273)50.83:0.2944741870957339)38.22:0.06694864070060322)44.7:0.175974142631651)42.68:0.12312851509993124)90.2:1.6741148005201403,(((P2622,P2623)43.64:0.1557644755594584,(P0110C,(P0110B,(P0207A,((P0207B,XQWC)49.25:0.26866195812533644,(P0207C,(P0206G,P0206H)45.37:0.19502889955458338)40.62:0.11277210526104677)40.62:0.1129318690645003)35.94:0.03624669684932916)83.41:1.3599890806083557)93.7:2.275412276649239)57.91:0.44827789736404566,((GAP_80322,DHPO)93.13:2.2264196113201526,((P_012941,P_012795)98.91:3.845877258610073,((P_012861,((P_012855,(P_012827,P_007802)91.69:2.023300622147536)66.67:0.6837227937457371,((P_012813,P_018637)51.18:0.30707666683985035,(P_012921,P_012919)91.69:2.0358519517107827)83.9:1.3993221009304582)92.88:2.17840218378901)41.35:0.12311234649503401,(((P_012797,(P_012841,((P_012877,P_012913)76.24:1.014975890753943,(P_012811,(P_012891,P_012895)48.33:0.2503776887842738)72.87:0.8866083382040286)82.59:1.3187220777759263)53.49:0.35246459098293714)37.28:0.05667340775863751,(((P_012925,P_012883)94.58:2.4332785033764575,((P_012857,(P_012815,P_012903)79.45:1.1520464156179115)35.61:0.02991097204860678,(P_012875,((P_012851,P_012887)90.95:1.9535121639296336,(P_012901,(P_012831,P_012905)58.1:0.4558577352748899)33.94:0.0060317113544728915)49.5:0.2718520034376246)67.59:0.706007518938)34.35:0.010918414561118663)65.46:0.6415823060626825,(P_018689,((P_006420,GAP_80294)88.62:1.720437150129487,(P_012885,(P_012897,(P_012859,(((GAP_80291,P_012907)36.73:0.046902633539916236,(P_012881,P_012873)75.67:0.9877431765662579)37.51:0.05917966725505455,((P_012889,(P_012793,(GAP_80292,P_006419)94.11:2.3579569838352654)42.06:0.13344126811673865)37.28:0.05499991743654138,(P_006418,((GAP_80293,P_012893)93.85:2.3086150504619525,(P_012863,(P_012911,(P_012821,P_012917)88.49:1.7180123574411352)69.17:0.7542006907899441)39.59:0.09154666410254154)38.31:0.07132540107007901)33.49:0.0)37.22:0.054094082028855885)35.73:0.030677256411749173)38.77:0.07821441333736127)35.63:0.029562324310774334)35.43:0.026632910414459494)80.36:1.1926759613631643)76.21:1.0045804908228648)90.65:1.9033601716490516)92.69:2.1316209420231793,((P_012867,((P_012847,P_012923)94.43:2.4197716868767434,(P_012817,P_012899)78.95:1.138745280908821)61.98:0.5551771593922513)97.53:3.143497847242756,((P_012843,((P_012937,(P_012939,P_006421)74.12:0.9347205051943995)97.72:3.2190331234180105,((P_012803,P_012853)35.38:0.027881340078093772,(P_012837,P_012829)76.78:1.0294039025945998)43.24:0.15630257783035545)44.66:0.18085951514462503)36.55:0.045414373832153306,(((P_012801,(P_012809,P_012879)96.84:2.9465616932330887)62.08:0.5559515232992952,(P_012839,(P_012805,(P_012825,(P_012799,YZRI)81.87:1.2842326062369742)41.07:0.12006769743270199)39.84:0.09935879474545453)59.21:0.4839703139274923)75.19:0.9727954616513654,(P_012909,(((P_012865,(P_012931,(P_012935,P_012933)88.03:1.689068326970883)83.57:1.3784055159386925)44.4:0.1776189854314576,((P_012849,P_012871)80.92:1.2321028604058284,(P_012845,P_012807)46.96:0.22442581929485214)51.71:0.3174294919316567)89.75:1.8348490305496956,((GAP_81172,P_012833)90.91:1.9532388223075894,((P_012927,(GAP_80295,PSJT)47.02:0.22607904825207353)91.29:1.9960300569073017,((P_012869,(P_012823,(P_012835,P_012819)47.22:0.23016844175618095)56.99:0.4331161401645558)89.71:1.8350667765528064,(P_012915,P_012791)44.79:0.18514037735820174)76.63:1.034869655373767)42.03:0.13637574911968714)88.92:1.7586554856819574)35.56:0.030873268533743815)83.88:1.3919118009566065)87.6:1.643943193876363)74.88:0.9569057471329935)78.45:1.104081621414066)44.71:0.18095024370925591)75.29:0.9738334840252214)94.01:2.334274579250144)54.23:0.370087326968997)56.12:0.41080571413936867)87.65:1.6415656460651702)71.05:0.8154333487410647)89.89:1.8268997598051206)72.55:0.8712353857806231)65.66:0.6480112342568125));
Weight calculation took 299.765956652 secs
ASTRAL finished in 361.553 secs
