
================== ASTRAL ===================== 

This is ASTRAL version 5.7.7
Gene trees are treated as unrooted
328 trees read from all_bs10.trees
index5
All output trees will be *arbitrarily* rooted at P0109B

======== Running the main analysis
Number of taxa: 254 (254 species)
Taxa: [GAP_79804, GAP_80417, P0203H, P_011535, P_018831, P0109B, P_016909, WZFE, P_018645, P_018783, P_016787, P_006422, P_018693, S06, P_016797, GAP_80397, P_016799, OBPL, S02, S44, P_016789, S27, P_016793, P_016791, P_018779, S07, P_014099, S03, P_016795, P_018695, P_018691, P_018639, P0110B, P0110C, P0207C, P0207A, P0206H, P0207B, P0206G, P_012895, P_012811, P_012891, P_012885, P_006418, GAP_80292, P_006419, P_012907, P_012881, P_012911, GAP_80294, P_006420, P_018689, GAP_80293, P_012893, P_012793, P_012821, P_012897, P_012917, P_012859, P_012873, GAP_80291, P_012889, P_012863, P_012875, P_012887, P_012851, P_012905, P_012901, P_012925, P_012883, P_012815, P_012903, P_012831, P_012797, P_012913, P_012877, P_012841, P_012857, P_012861, P_012937, P_012939, P_006421, BCGB, P_012867, P_012923, P_012847, P_012899, P_012817, P_012829, P_012837, P_012803, P_012843, P_012853, P_012879, P_012809, P_012805, P_012909, YZRI, P_012799, P_012825, P_012865, P_012927, P_012915, P_012869, P_012791, P_012819, P_012823, P_012835, GAP_80295, PSJT, P_012833, GAP_81172, P_012933, P_012929, P_012935, P_012845, P_012807, P_012871, P_012849, P_012931, P_012801, P_012839, P_012795, P_012941, P_012813, P_007802, P_012855, P_018637, P_012921, P_012919, GAP_80322, P2622, P2623, P_011579, VYLQ, WPHN, FALI, WIGA, P_011675, P_006412, P_011611, P_008646, P_008640, P_011745, P_011713, P_006413, P_011759, GAP_80390, GAP_80389, ABSS, P_011701, P_011681, P_011705, P_011537, P_008632, P_011715, P_006411, GAP_80392, P_011699, P_011509, P_011491, P_011471, P_011505, P_011623, P_007783, P_007843, P_006414, GAP_80394, P_011493, P_011495, P_011525, P_011637, P_011627, P_007844, GAP_80393, P_011485, P_011483, P_011501, P_011467, P_011499, P_011465, P_011507, P_011477, P_011511, P_011473, P_011469, P_011521, P_011497, P_011475, P_011523, P_011503, P_011487, P_011489, P_011549, GAP_80395, GAP_80298, GAP_80297, P_014077, P2619, WAIL, MAQO, P_014083, P_011587, GAP_79862, P_014081, P0104A, P_008647, WKSU, P_016921, GAP_81227, Pcol, GAP_81226, P_006410, Wsal, P_019187, P_019193, P_019197, P0102B, PAWA, QDVW, P_018635, P_011551, CSSK, P_019185, OPDF, P2589, P2590, P_011735, P_008631, P_011531, P_014095, S08, S04, S38, KAYP, P_012827, P_011693, OSHQ, P_019189, P_019191, GAP_79790, P_011631, P_016813, P_011719, P_014073, P_011709, P_011739, P_011741, Sdec, P_019199, P_011729, P_007782, P_007845, P_011607]
Taxon occupancy: {P_019193=259, P_019191=86, P_019197=269, OPDF=306, GAP_81172=306, P_018783=300, P_019199=72, P_011471=305, Wsal=244, P_011473=303, P_016921=304, P_011475=314, S44=173, P_011477=312, WKSU=326, P_014073=52, P0203H=176, P_014077=161, P_011483=311, P_011485=311, QDVW=315, P_011487=309, P_011489=309, P_016813=170, P_006421=292, P_006422=297, P_006420=206, P_006418=283, P_006419=279, P_006414=299, P_014081=199, P_014083=201, P_011491=317, P_018689=298, P_011493=311, P0206H=274, P_011495=312, P0206G=252, P_011497=311, P_011499=313, P0109B=119, P_012901=296, P_006410=289, P_006411=289, P_012903=299, P_006412=297, P_006413=285, P_012905=304, P_012907=294, GAP_79862=285, PAWA=307, ABSS=322, P_012909=300, P_018691=131, GAP_80291=301, P_018695=302, P_014095=84, GAP_80293=299, P_018693=298, GAP_80292=297, GAP_80295=303, P_014099=301, GAP_80294=294, GAP_80297=300, GAP_80298=293, P_012911=293, P_011701=52, P_012913=290, P_012915=303, P_011705=191, P_012917=277, P_012919=279, P_011709=33, P_012881=296, P_011551=167, P_012883=301, MAQO=321, P_012885=293, GAP_80322=303, P_011675=282, P2590=233, P_012887=301, P_012889=284, P_008647=271, PSJT=314, P2589=237, P_012891=285, P_011681=118, P_012893=296, P_018637=293, P_012895=291, P_018635=278, P_012897=291, P0207C=285, P0207B=287, P_012899=298, P_018639=270, P0207A=296, P_008646=304, P_008640=302, BCGB=320, WZFE=320, P_018645=299, KAYP=201, P_011693=13, P_011699=135, P_011579=241, CSSK=307, P_008632=298, P_007782=37, P_016909=174, P_007783=287, P_008631=48, P_019187=297, P_019185=276, Sdec=42, P_019189=102, P_012791=297, P_012793=289, P_012795=304, P_018779=215, P_011465=311, P_012797=301, P_011587=205, P_011467=308, GAP_79790=21, P_012799=303, P_011469=306, GAP_80417=153, WIGA=313, GAP_79804=209, P_007802=240, P_012841=295, P_011631=138, P_011511=309, P_012843=306, Pcol=239, P_012845=295, P_012847=137, P_011637=302, P_011759=263, P_012849=271, OBPL=319, P0110C=262, P_018831=302, P0110B=178, YZRI=318, P_012851=295, P_011521=313, P_012853=298, P_011523=307, P_012855=284, P_011525=310, P_012857=293, P_012859=283, WAIL=321, P_016789=298, P_012861=290, P_016787=303, P_011531=225, P_012863=296, P_012865=291, P_011535=279, P_012867=301, FALI=317, P_011537=212, P_012869=294, P_016793=298, P_016791=308, P_016797=305, P_016795=294, P_012871=278, P_012873=292, P_016799=303, P_012875=291, P_012877=286, P_012879=297, P_011549=277, P_007844=194, P_007845=37, S02=213, P_012921=263, S04=55, S03=272, P_012801=300, S06=134, P_012923=286, P_011713=202, P_012803=298, P_012925=291, P_011715=145, S08=152, S07=286, P_012805=296, P_007843=265, P_012927=300, P_012807=299, P_012929=275, P_011719=26, P_012809=295, VYLQ=317, GAP_80390=312, P2622=194, GAP_80392=270, P2623=87, GAP_80394=309, GAP_80393=316, GAP_80395=310, P0102B=222, GAP_80397=310, P_012931=299, P_012811=293, P_012933=280, WPHN=317, P_012813=262, P_012935=297, P_012815=291, P_012937=304, P_012817=294, P_011607=7, P_012939=249, P_011729=10, P_012819=291, P2619=159, OSHQ=316, GAP_80389=278, P_012941=308, P_012821=295, P_011611=273, P_012823=300, P_011735=151, S27=215, P_012825=295, P_012827=210, P_011739=124, P_012829=186, P0104A=240, P_011741=18, P_012831=300, P_011501=313, P_012833=292, P_011623=253, GAP_81226=305, P_011745=259, P_011503=307, GAP_81227=313, P_012835=295, P_011505=309, S38=54, P_012837=306, P_011627=282, P_011507=315, P_012839=292, P_011509=307}
Number of gene trees: 328
328 trees have missing taxa
Calculating quartet distance matrix (for completion of X)
Species tree distances calculated ...
Will attempt to complete bipartitions from X before adding using a distance matrix.
Building set of clusters (X) from gene trees 
------------------------------
gradient0: 79039
Number of Clusters after addition by distance: 79039
calculating extra bipartitions to be added at level 1 ...
Adding to X using resolutions of greedy consensus ...
Limit for sigma of degrees:6400
polytomy size limit : 133
discarded polytomies:  [3, 3, 3, 3, 3, 3, 3, 3, 3, 3, 3, 3, 3, 3, 3, 4, 4, 4, 4, 4, 4, 4, 4, 4, 4, 4, 4, 4, 5, 5, 5, 6, 6, 6, 8, 8, 9, 11, 11, 12, 13, 14, 16, 22, 38, 133]
Threshold 0.0:
polytomy of size 4; rounds with additions with at least 5 support: 2; clusters: 79059
Threshold 0.01:
polytomy of size 4; rounds with additions with at least 5 support: 0; clusters: 79059
polytomy of size 4; rounds with additions with at least 5 support: 0; clusters: 79065
Threshold 0.02:
polytomy of size 5; rounds with additions with at least 5 support: 0; clusters: 79081
polytomy of size 4; rounds with additions with at least 5 support: 0; clusters: 79081
Threshold 0.05:
polytomy of size 4; rounds with additions with at least 5 support: 0; clusters: 79083
polytomy of size 9; rounds with additions with at least 5 support: 0; clusters: 79113
polytomy of size 8; rounds with additions with at least 5 support: 0; clusters: 79131
polytomy of size 6; rounds with additions with at least 5 support: 3; clusters: 79151
polytomy of size 5; rounds with additions with at least 5 support: 0; clusters: 79151
Threshold 0.1:
polytomy of size 4; rounds with additions with at least 5 support: 0; clusters: 79151
polytomy of size 6; rounds with additions with at least 5 support: 0; clusters: 79153
polytomy of size 13; rounds with additions with at least 5 support: 0; clusters: 79179
polytomy of size 3; rounds with additions with at least 5 support: 0; clusters: 79179
polytomy of size 4; rounds with additions with at least 5 support: 0; clusters: 79179
polytomy of size 4; rounds with additions with at least 5 support: 0; clusters: 79179
polytomy of size 3; rounds with additions with at least 5 support: 0; clusters: 79179
polytomy of size 3; rounds with additions with at least 5 support: 0; clusters: 79179
polytomy of size 11; rounds with additions with at least 5 support: 0; clusters: 79185
polytomy of size 4; rounds with additions with at least 5 support: 0; clusters: 79185
polytomy of size 3; rounds with additions with at least 5 support: 0; clusters: 79185
polytomy of size 14; rounds with additions with at least 5 support: 0; clusters: 79221
polytomy of size 4; rounds with additions with at least 5 support: 0; clusters: 79221
Threshold 0.2:
polytomy of size 12; rounds with additions with at least 5 support: 0; clusters: 79223
polytomy of size 5; rounds with additions with at least 5 support: 0; clusters: 79223
polytomy of size 4; rounds with additions with at least 5 support: 0; clusters: 79223
polytomy of size 3; rounds with additions with at least 5 support: 0; clusters: 79223
polytomy of size 3; rounds with additions with at least 5 support: 0; clusters: 79223
polytomy of size 3; rounds with additions with at least 5 support: 0; clusters: 79223
polytomy of size 22; rounds with additions with at least 5 support: 0; clusters: 79231
polytomy of size 3; rounds with additions with at least 5 support: 0; clusters: 79231
polytomy of size 11; rounds with additions with at least 5 support: 0; clusters: 79231
polytomy of size 16; rounds with additions with at least 5 support: 0; clusters: 79231
polytomy of size 8; rounds with additions with at least 5 support: 0; clusters: 79231
polytomy of size 38; rounds with additions with at least 5 support: 0; clusters: 79257
Threshold 0.3333333333333333:
polytomy of size 3; rounds with additions with at least 5 support: 0; clusters: 79257
polytomy of size 3; rounds with additions with at least 5 support: 0; clusters: 79257
polytomy of size 3; rounds with additions with at least 5 support: 0; clusters: 79257
polytomy of size 4; rounds with additions with at least 5 support: 0; clusters: 79257
polytomy of size 6; rounds with additions with at least 5 support: 0; clusters: 79257
polytomy of size 3; rounds with additions with at least 5 support: 0; clusters: 79257
polytomy of size 3; rounds with additions with at least 5 support: 0; clusters: 79257
polytomy of size 4; rounds with additions with at least 5 support: 0; clusters: 79257
polytomy of size 3; rounds with additions with at least 5 support: 0; clusters: 79257
polytomy of size 133; rounds with additions with at least 5 support: 0; clusters: 79271
polytomy of size 3; rounds with additions with at least 5 support: 0; clusters: 79271
max k is :6
Number of Clusters after addition by greedy: 79271
gradient0 in heuristiic: 79271
partitions formed in 41.972 secs
Dynamic Programming starting after 41.972 secs
Using tree-based weight calculation.
Using polytree-based weight calculation.
Polytree max score: 13690362518
Polytree building time: 0.474 seconds.
Number of quartet trees in the gene trees: 13690362518
Size of largest cluster: 254
Greedy score: 12926353431
estimationFactor: 1.059104765398705
Sub-optimal score: 12976800143
Calculated 100000 weights; time (seconds): 266
Total Number of elements weighted: 196764
Normalized score (portion of input quartet trees satisfied before correcting for multiple individuals): 0.9551621066138375
Optimization score: 13076515503
Optimal tree inferred in 596.935 secs.
(P_011477,(P_011511,((P_011475,(P_011497,P_011487)),(P_011489,(P_011483,(P_011501,(P_011473,((P_011469,P_011503),((P_011521,(P_011523,(P_011485,P_011467))),(P_011507,((P_011499,P_011465),((P_011551,((P_007844,(P_011637,P_011627)),(P_011623,(P_007783,(P_007843,P_006414))))),(P_011631,(((P_011505,(P_011491,(P_011509,P_011471))),((P_011729,P_007782),(GAP_80393,(GAP_80394,(P_011525,(P_011493,P_011495)))))),((P_011549,GAP_80395),(((P_011531,(P_006411,(GAP_80392,P_011699))),(VYLQ,(P_018635,(P_011709,((P_008631,(P_011741,(P_011719,P_011607))),((P_011579,P_008632),(GAP_79790,(((P_011713,P_011705),(WIGA,P_006413)),((KAYP,(P_016813,((GAP_80390,GAP_80389),(P_008646,(P_006412,P_008640))))),((P_011701,P_011693),(P_014073,((BCGB,ABSS),((P_011537,P_011739),(P_011759,((P_011675,P_011735),(P_011681,(P_011715,(P_011611,P_011745)))))))))))))))))),(((P_011587,GAP_79862),(P_014081,(P0104A,P_008647))),(((P2619,Sdec),(MAQO,(P_014077,(WAIL,(GAP_80298,(GAP_80297,P_014083)))))),((WPHN,FALI),(((P_011535,(P0203H,((P_016909,WZFE),(P0109B,(P_018831,OSHQ))))),(((P_019193,(Wsal,P_019187)),(P_016921,(GAP_81227,(WKSU,(Pcol,(GAP_81226,P_006410)))))),((QDVW,((P_019197,PAWA),(P0102B,P_019189))),(((CSSK,P_019185),(OPDF,P2589)),((P_019191,P_019199),(GAP_80417,(GAP_79804,P2590))))))),((P_007845,(((P_018779,P_018639),(P_018695,(P_018645,P_018783))),(P_018691,(((P_016793,(P_006422,P_016795)),(P_016797,(P_016799,(GAP_80397,OBPL)))),(P_018693,((P_014095,S08),((S04,(S38,(P_016789,(S06,S27)))),((P_016787,(S02,S44)),(P_016791,(S03,(S07,P_014099))))))))))),(((P2622,P2623),(P0110C,(P0110B,(P0207A,(P0207B,(P0207C,(P0206H,P0206G))))))),(GAP_80322,((P_012795,P_012941),((P_012861,((P_012855,(P_007802,P_012827)),((P_012813,P_018637),(P_012921,P_012919)))),(((P_012797,(P_012841,((P_012913,P_012877),(P_012811,(P_012895,P_012891))))),((P_012857,(((P_012925,P_012883),(P_012815,P_012903)),(P_012875,((P_012905,P_012831),(P_012901,(P_012887,P_012851)))))),(P_018689,((GAP_80294,P_006420),(P_012885,(P_012897,(((P_012881,P_012873),(P_012859,(P_012907,GAP_80291))),(((GAP_80293,P_012893),(P_012911,(P_012821,P_012917))),(P_006418,(P_012863,(P_012889,(P_012793,(GAP_80292,P_006419))))))))))))),((P_012867,((P_012923,P_012847),(P_012899,P_012817))),((P_012843,((P_012937,(P_012939,P_006421)),((P_012803,P_012853),(P_012829,P_012837)))),(((P_012801,(P_012879,P_012809)),(P_012839,(P_012805,(P_012825,(YZRI,P_012799))))),(P_012909,((((P_012845,P_012807),(P_012871,P_012849)),(P_012865,(P_012931,(P_012929,(P_012933,P_012935))))),((P_012833,GAP_81172),((P_012927,(GAP_80295,PSJT)),((P_012915,P_012791),(P_012869,(P_012823,(P_012819,P_012835)))))))))))))))))))))))))))))))))))));
Final quartet score is: 13076515503
Final normalized quartet score is: 0.9551621066138375
You may want to ignore posterior probabilities and other statistics related to the following branch branch because the effective number of genes impacting it is only 1:
	{P_011719, P_011607}
You may want to ignore posterior probabilities and other statistics related to the following branch branch because the effective number of genes impacting it is only 1:
	{P_011719, P_011741, P_011607}
You may want to ignore posterior probabilities and other statistics related to the following branch branch because the effective number of genes impacting it is only 11:
	{P_008631, P_011719, P_011741, P_011607}
You may want to ignore posterior probabilities and other statistics related to the following branch branch because the effective number of genes impacting it is only 1:
	{P_011701, P_011693}
You may want to ignore posterior probabilities and other statistics related to the following branch branch because the effective number of genes impacting it is only 14:
	{BCGB, P_011675, P_011611, P_011745, P_011759, ABSS, P_011681, P_011537, P_011715, P_011735, P_014073, P_011739}
You may want to ignore posterior probabilities and other statistics related to the following branch branch because the effective number of genes impacting it is only 10:
	{BCGB, P_011579, WIGA, P_011675, P_006412, P_011611, P_008646, P_008640, P_011745, P_011713, P_006413, P_011759, GAP_80390, GAP_80389, ABSS, P_011701, P_011681, P_011705, P_011537, P_008632, P_011715, P_011735, P_008631, KAYP, P_011693, GAP_79790, P_016813, P_011719, P_014073, P_011739, P_011741, P_011607}
You may want to ignore posterior probabilities and other statistics related to the following branch branch because the effective number of genes impacting it is only 1:
	{P_011729, P_007782}
Extended species tree:
(P0109B,((P_018831,OSHQ)90.96:1.9116558416044658,((P_016909,WZFE)96.73:2.848375534752052,(P0203H,(P_011535,((((P_019193,(Wsal,P_019187)57.74:0.44947848696274734)95.75:2.658607090248187,(P_016921,(GAP_81227,(WKSU,(Pcol,(GAP_81226,P_006410)75.1:0.9711874560202511)47.28:0.23060409151323497)55.39:0.3972429632293989)60.88:0.527077539138003)93.6:2.2841563084546306)86.32:1.5474076394983562,((QDVW,((P_019197,PAWA)73.85:0.9173985900673354,(P0102B,P_019189)100:4.111975739868669)40.66:0.11178582068775196)50.75:0.2971052549061194,(((CSSK,P_019185)44.23:0.17503689904132905,(OPDF,P2589)76.2:1.014590886148556)74.67:0.9543902475567075,((P_019191,P_019199)51.21:0.2847045136656295,(GAP_80417,(GAP_79804,P2590)91.06:1.9243720088429082)66.69:0.6679442898096514)61.72:0.5377340850043992)88.26:1.6965385871373904)82.45:1.3043973176684167)43.64:0.16166213252975348,(((P_007845,(((P_018779,P_018639)47.46:0.23267699892201554,(P_018695,(P_018645,P_018783)44.88:0.18589521719937913)52.06:0.3241554030977249)56.94:0.4297046213612977,(P_018691,(((P_016793,(P_006422,P_016795)60.17:0.5060703866597117)58.6:0.467435156586728,(P_016797,(P_016799,(GAP_80397,OBPL)42.13:0.1385722399727519)81.62:1.2707042415660648)76.79:1.039172523191364)39.26:0.08858985061659932,(P_018693,((P_014095,S08)75.24:0.9274660161393997,((S04,(S38,(P_016789,(S06,S27)66.86:0.6771361954508627)42.71:0.1316340096942021)64.24:0.5087195816768044)56.11:0.38257289984244214,((P_016787,(S02,S44)44.41:0.1760400901649719)87.74:1.6564168884833348,(P_016791,(S03,(S07,P_014099)71.69:0.8456030354654502)92.74:2.1596867698407602)36.91:0.051035066975528766)35.89:0.03550215560323246)43.75:0.16076674365271154)45.69:0.19588301011731413)35.52:0.029389113612474975)41.87:0.12605855605097713)44.81:0.17724856395216415)42.91:0.12153776852607025)92.07:1.767224169828122,(((P2622,P2623)43.84:0.15590486852158597,(P0110C,(P0110B,(P0207A,(P0207B,(P0207C,(P0206H,P0206G)44.82:0.1853625224531549)35.91:0.037064555783551986)41.43:0.12663291006984687)44.9:0.18528195683117238)77.45:1.0620619343584057)94.17:2.3423983620385007)69.29:0.7542753052457482,(GAP_80322,((P_012795,P_012941)99.56:4.427889306195375,((P_012861,((P_012855,(P_007802,P_012827)82.01:1.2799896349093267)60.79:0.5228952604417957,((P_012813,P_018637)54.6:0.37849612513259245,(P_012921,P_012919)92.41:2.1204299698378595)82.43:1.3133965918899386)94.73:2.4509040834201175)40.79:0.1121772249398898,(((P_012797,(P_012841,((P_012913,P_012877)72.32:0.866546707783806,(P_012811,(P_012895,P_012891)54.17:0.3689066842289356)75.67:0.9931837888966718)84.15:1.4075969823538679)49.89:0.27888987199064835)39.78:0.09637446939583534,((P_012857,(((P_012925,P_012883)91.88:2.0520162991344217,(P_012815,P_012903)83.43:1.3587844784245102)38.07:0.06771172345782285,(P_012875,((P_012905,P_012831)49.95:0.28086349141534694,(P_012901,(P_012887,P_012851)92.81:2.167723125712453)39:0.08465963191080725)42.29:0.13937205125494714)68.02:0.7178217575464131)37.34:0.05642372391674345)61.26:0.527185490244218,(P_018689,((GAP_80294,P_006420)88.44:1.704455620850436,(P_012885,(P_012897,(((P_012881,P_012873)80.99:1.2226889465069664,(P_012859,(P_012907,GAP_80291)37.76:0.060813138376737595)36.86:0.047020175345693936)35.41:0.0255333303462019,(((GAP_80293,P_012893)92.56:2.126047319683068,(P_012911,(P_012821,P_012917)85.78:1.5144209940357496)78.22:1.0891046977461296)34.62:0.012985309207968762,(P_006418,(P_012863,(P_012889,(P_012793,(GAP_80292,P_006419)96.52:2.830126002427719)37.53:0.058179417135713805)35.11:0.02067760487899871)34.05:0.004404390148408554)42.4:0.13730556369922808)37.6:0.05930168646936885)34.26:0.00806955313217538)40.05:0.09909491766037308)38.77:0.07841428628170906)76.21:1.0032520956498687)74.1:0.9173902703828388)90.95:1.927513379363419)91.68:1.9964272727883785,((P_012867,((P_012923,P_012847)92.85:2.133741397897376,(P_012899,P_012817)76.6:1.0330227168879211)57.88:0.4531228059064701)98.82:3.7179129861951083,((P_012843,((P_012937,(P_012939,P_006421)74.86:0.9618455813025386)98.74:3.690105169929878,((P_012803,P_012853)36.99:0.05267601083344765,(P_012829,P_012837)71.53:0.8303507641582564)46.76:0.2192294235087833)43.31:0.15689105768444644)38.43:0.07475256749011899,(((P_012801,(P_012879,P_012809)97.65:3.1969855874723856)61.2:0.5328825478362431,(P_012839,(P_012805,(P_012825,(YZRI,P_012799)91.81:2.051648693632279)43.06:0.15370435834886545)37.49:0.061164173803277724)59.78:0.4973317133217872)75.94:1.0010587836243683,(P_012909,((((P_012845,P_012807)49.64:0.2756698915575688,(P_012871,P_012849)76.65:1.0340833964887064)52.49:0.3334217455915391,(P_012865,(P_012931,(P_012929,(P_012933,P_012935)36.76:0.05040507585895933)91.01:1.9630801820437842)82.32:1.306910701832179)48.61:0.25545124067371094)90.29:1.8837788322827327,((P_012833,GAP_81172)90.42:1.9004942385718162,((P_012927,(GAP_80295,PSJT)47.49:0.23490821203752354)90.4:1.90072275553362,((P_012915,P_012791)47.57:0.23622715998047006,(P_012869,(P_012823,(P_012819,P_012835)35.13:0.02515226967750846)56.23:0.41564902684640453)90.67:1.9272229324238053)77.54:1.072549005525034)42.99:0.1526796570010396)89.02:1.7632399013475948)33.74:0.0027850956663943013)80.98:1.228080997122243)87.41:1.6238738771905343)77.53:1.0622901161151905)85.07:1.4455405593442907)51.25:0.3020906903289074)79.57:1.1520571508915296)96.83:2.8365256243448096)58.16:0.455494917704285)65.45:0.6397353372045252)90.64:1.873044017936887,((WPHN,FALI)98.28:3.463241029244983,(((P2619,Sdec)68.79:0.6822456847134879,(MAQO,(P_014077,(WAIL,(GAP_80298,(GAP_80297,P_014083)81.21:1.243637395175722)35.79:0.035320963671691144)45.37:0.19287714945376527)66.09:0.6611420519673658)90.27:1.8479039717309529)61.68:0.5288524668478299,(((P_011587,GAP_79862)74.82:0.9534609991345138,(P_014081,(P0104A,P_008647)95.01:2.480946978511599)86.67:1.5684439335615878)85.68:1.4997844216903675,(((P_011531,(P_006411,(GAP_80392,P_011699)49.12:0.2618137464762744)72.57:0.8736590103788445)95.6:2.5905060177453625,(VYLQ,(P_018635,(P_011709,((P_008631,(P_011741,(P_011719,P_011607)100:0.2876820724517809)100:0.2876820724517809)2.32:0.0,((P_011579,P_008632)84.41:1.4217382229190267,(GAP_79790,(((P_011713,P_011705)53.7:0.3516420963074148,(WIGA,P_006413)47.87:0.2393772675292755)40.12:0.10228645122895255,((KAYP,(P_016813,((GAP_80390,GAP_80389)80.05:1.1856331876411492,(P_008646,(P_006412,P_008640)70.61:0.8068781055729872)44.9:0.1854758494030793)39.44:0.08822620561508668)61.45:0.5184526317093692)33.03:0.0,((P_011701,P_011693)0.42:0.0,(P_014073,((BCGB,ABSS)59.08:0.4798977187115367,((P_011537,P_011739)36.56:0.039769662949333165,(P_011759,((P_011675,P_011735)75.9:0.9860147355510063,(P_011681,(P_011715,(P_011611,P_011745)62.58:0.5585031374097226)39.85:0.08925075642591239)49.95:0.2735417730071997)46.78:0.21986335630499865)39.92:0.09914290463437096)64.55:0.6185418740972021)48.53:0.23127020754759633)68.19:0.49406094332797723)21.05:0.0)43.76:0.16520404717646817)21.22:0.0)74.75:0.8141422251391891)70.82:0.7800429486456562)43.59:0.0548978670037849)43.4:0.12055061210935024)50.69:0.29349385430578)45.24:0.19085581578732827)83.59:1.3542765733261533,((P_011549,GAP_80395)93.26:2.2346179329193294,(((P_011505,(P_011491,(P_011509,P_011471)46.03:0.20792053083967302)59.04:0.481316881125185)92.47:2.132978139236538,((P_011729,P_007782)100:0.2876820724517809,(GAP_80393,(GAP_80394,(P_011525,(P_011493,P_011495)54.93:0.386613884775939)75.37:0.9830847671002351)75.53:0.9879283213059147)54.74:0.3525925758264172)49.64:0.2493481186662347)36.52:0.0454347748302611,(P_011631,((P_011551,((P_007844,(P_011637,P_011627)53.62:0.35443784705799647)52.33:0.3267451853171236,(P_011623,(P_007783,(P_007843,P_006414)48.1:0.2450698440783464)37.83:0.06622038298104017)63.96:0.6040728411124725)41.21:0.11805245632682396)38.52:0.07402422592493538,((P_011499,P_011465)78.77:1.1203288836462217,(P_011507,((P_011521,(P_011523,(P_011485,P_011467)56.53:0.4180980494899901)36.97:0.05098947485906108)38.98:0.08280237794480641,((P_011469,P_011503)52.54:0.330079420391151,(P_011473,(P_011501,(P_011483,(P_011489,((P_011475,(P_011497,P_011487)42.95:0.15065751882799877)55.99:0.4058637854936898,(P_011511,P_011477)67.1:0.6914166583892603)42.9:0.14843758441447114)36.69:0.04676382457314581)37.32:0.05649657644779191)36.35:0.041284411377569406)37.21:0.054528906825720605)36.52:0.04376971992829079)42.44:0.14070262616932824)56.39:0.41507429230319615)84.1:1.404408807666171)37.95:0.06264412570635439)57.08:0.42192851326108066)92.35:2.104812903366867)89.75:1.8172280329333916)36.29:0.03825623224901407)52.1:0.31748435512314677)60.19:0.501417958803721)89.53:1.7749187333606158)71.78:0.8360604924953687)47.08:0.22398930608642106)87.73:1.6348564479775645)75.5:0.9807801508563949)69.31:0.7546134966637458));
Weight calculation took 412.37006186 secs
ASTRAL finished in 602.717 secs
