
================== ASTRAL ===================== 

This is ASTRAL version 5.7.7
Gene trees are treated as unrooted
159 trees read from all_bs10.trees
index186
All output trees will be *arbitrarily* rooted at P0109B

======== Running the main analysis
Number of taxa: 243 (243 species)
Taxa: [P_006413, KAYP, GAP_80390, GAP_80389, BCGB, P_011705, P_011681, P_011673, P_011679, P_011537, P_011745, P_011759, P_011715, P_011675, P_011735, ABSS, P_008646, P_008640, P_006412, P_008631, P_018635, P_006411, P_011739, P_011677, Schi, P_011531, P_014081, P0104A, P_008647, P_011587, GAP_79862, GAP_80393, GAP_80394, P_011651, P_011509, P_011657, P_011643, P_007783, P_007843, P_006414, P_011631, P_011647, P_011465, P_011489, P_011523, P_011501, P_011487, P_011637, KRJP, GAP_80395, P_011549, MAQO, GAP_80298, WAIL, P_014077, GAP_80297, P_014083, P2619, P_019191, P0110C, P0206G, P0207C, P0110B, P0207A, XQWC, P0206H, P0207B, P2622, DHPO, GAP_80322, P_012795, P_012941, P_012861, P_012813, P_018637, P_012921, P_012919, P_012827, P_007802, P_012855, P_012797, P_012867, P_012817, P_012899, P_012847, P_012923, P_012937, P_006421, P_012939, P_012837, P_012853, P_012843, P_012829, P_012803, P_012801, P_012809, P_012879, P_012839, YZRI, P_012799, P_012805, P_012825, P_012909, P_012927, GAP_80295, PSJT, P_012833, P_012791, P_012915, GAP_81172, P_012819, P_012823, P_012835, P_012869, P_012807, P_012845, P_012931, P_012933, P_012935, P_012865, P_012849, P_012871, P_018689, P_012925, P_012883, P_012903, P_012857, P_012875, P_012901, P_012887, P_012851, P_012815, P_012831, P_012905, P_012893, GAP_80293, P_012885, P_006419, GAP_80292, P_012793, P_012907, P_012821, P_012917, P_012911, P_012863, P_006418, GAP_80294, P_012859, P_012897, GAP_80291, P_012873, P_012881, P_012889, P_012895, P_012891, P_012811, P_012877, P_012913, P_012841, S08, P_016791, P_006422, P_016795, P_018695, P_016793, P_016797, GAP_80397, P_016799, OBPL, S03, S38, P_014099, S27, P_018779, P_016789, P_016787, S02, P_018783, P_018639, P_018645, P_018693, P0203H, WZFE, P_016909, OSHQ, P_018831, P0109B, GAP_79804, P2590, GAP_80417, P_019185, CSSK, OPDF, P2589, P_025525, Asie, QDVW, P_019189, P_019197, PAWA, P_016921, GAP_81226, P_006410, WKSU, Pcol, GAP_81227, P_019187, Wsal, P_019193, SJEV, WPHN, VYLQ, P_008632, P_011579, P_011671, P_016813, Apet, Msal, WIGA, Dhai, P2623, S04, P_007844, P_011713, P_025527, P_011609, P_014095, P_006420, P_011527, P_018691, P_011611, P_011551, P_011709, P_011613, P_011699, Sdec, P_011701, P_025523, P_019199, P_014073, P_011607, P_007845, P_011719]
Taxon occupancy: {P_019193=123, P_019191=33, P_019197=139, OPDF=155, GAP_81172=159, P_018783=153, P_019199=15, Wsal=123, P_016921=153, WKSU=158, P_025523=10, P_025525=27, P_025527=13, P_014073=5, P0203H=88, P_014077=71, QDVW=155, P_011487=151, P_011489=152, P_016813=142, P_006421=156, P_006422=153, P_006420=82, P_006418=153, P_006419=153, P_014081=83, P_006414=152, P_014083=97, P_018689=159, P0206H=143, P0206G=134, Msal=138, P0109B=65, P_012901=154, P_006410=147, P_006411=150, P_006412=151, P_012903=156, P_006413=149, P_012905=158, GAP_79862=145, P_012907=158, PAWA=151, ABSS=157, P_012909=157, P_018691=71, GAP_80291=157, P_018695=149, P_014095=33, GAP_80293=155, GAP_80292=154, P_018693=149, GAP_80295=155, GAP_80294=154, P_014099=148, GAP_80297=153, GAP_80298=149, P_012911=156, P_011701=7, P_012913=139, P_011705=68, P_012915=156, P_012917=151, P_012919=147, P_011709=7, P_012881=154, P_011671=88, P_011551=59, P_011673=102, MAQO=156, P_012883=156, P_011675=139, GAP_80322=155, P_012885=153, P2590=129, P_011677=110, P_012887=157, P_011679=113, P_012889=154, P_008647=139, PSJT=154, P2589=133, P_011681=87, P_012891=151, P_012893=155, P_018637=153, P_012895=153, P_018635=130, P_012897=155, P0207C=149, P0207B=149, P_012899=157, P0207A=152, P_018639=120, P_008646=154, P_008640=155, BCGB=156, WZFE=153, P_018645=150, KAYP=93, KRJP=154, P_011699=38, P_011579=100, CSSK=150, P_008632=153, P_008631=34, P_007783=140, P_016909=156, P_019187=149, P_019185=142, Sdec=11, P_019189=134, P_012791=159, P_012793=156, P_012795=155, Asie=127, P_011465=151, P_018779=90, P_011587=94, P_012797=154, P_012799=153, GAP_80417=70, WIGA=155, P_007802=103, GAP_79804=117, P_011631=95, P_012841=153, P_012843=154, Pcol=122, P_012845=156, P_011637=149, P_012847=153, P_011759=133, P_012849=156, Apet=74, OBPL=154, P0110C=140, P0110B=106, P_018831=148, YZRI=155, P_012851=154, P_011643=152, P_012853=153, P_011523=152, P_012855=151, P_011647=136, P_012857=154, P_011527=94, P_012859=155, WAIL=157, P_016789=149, P_011651=130, P_012861=153, P_011531=110, P_016787=151, P_012863=157, P_012865=155, Schi=118, P_011657=130, P_012867=158, P_011537=103, P_012869=155, P_016793=148, P_016791=153, P_016797=153, SJEV=154, P_016795=149, P_012871=152, P_012873=156, P_016799=152, P_012875=155, P_012877=152, P_012879=157, P_011549=141, P_007844=79, P_007845=3, S02=117, P_012921=131, S04=24, P_012801=153, S03=144, P_012923=155, P_011713=74, P_012803=156, P_011715=119, P_012925=155, S08=84, P_007843=125, P_012805=155, P_012927=154, P_012807=156, P_011719=1, P_012809=157, VYLQ=155, DHPO=156, GAP_80390=138, P2622=113, P2623=40, GAP_80394=156, XQWC=157, GAP_80393=157, GAP_80395=158, GAP_80397=152, P_012931=157, P_012811=155, P_012933=153, WPHN=154, P_012813=154, P_012935=152, P_012815=152, P_012937=156, P_012817=157, P_011607=3, P_012939=156, P_012819=151, P_011609=74, P2619=79, OSHQ=155, GAP_80389=147, P_012941=158, P_012821=155, P_011611=29, P_012823=155, P_011613=17, P_011735=153, P_012825=156, S27=96, P_012827=135, P_011739=122, P_012829=118, Dhai=148, P0104A=117, P_012831=150, P_011501=153, P_012833=156, GAP_81226=151, P_011745=133, GAP_81227=154, P_012835=155, S38=17, P_012837=154, P_012839=154, P_011509=153}
Number of gene trees: 159
159 trees have missing taxa
Calculating quartet distance matrix (for completion of X)
Species tree distances calculated ...
Will attempt to complete bipartitions from X before adding using a distance matrix.
Building set of clusters (X) from gene trees 
------------------------------
gradient0: 18341
Number of Clusters after addition by distance: 18341
calculating extra bipartitions to be added at level 1 ...
Adding to X using resolutions of greedy consensus ...
Limit for sigma of degrees:6125
polytomy size limit : 20
discarded polytomies:  [3, 3, 3, 3, 3, 3, 3, 3, 3, 3, 3, 3, 3, 3, 3, 4, 4, 4, 4, 4, 4, 4, 4, 4, 4, 5, 5, 5, 5, 5, 5, 6, 8, 8, 9, 9, 9, 11, 11, 14, 14, 20]
Threshold 0.0:
polytomy of size 4; rounds with additions with at least 5 support: 3; clusters: 18359
Threshold 0.01:
polytomy of size 5; rounds with additions with at least 5 support: 1; clusters: 18375
Threshold 0.02:
polytomy of size 8; rounds with additions with at least 5 support: 1; clusters: 18551
Threshold 0.05:
polytomy of size 9; rounds with additions with at least 5 support: 0; clusters: 18557
polytomy of size 3; rounds with additions with at least 5 support: 0; clusters: 18557
Threshold 0.1:
polytomy of size 3; rounds with additions with at least 5 support: 0; clusters: 18557
polytomy of size 4; rounds with additions with at least 5 support: 0; clusters: 18557
polytomy of size 11; rounds with additions with at least 5 support: 0; clusters: 18563
polytomy of size 3; rounds with additions with at least 5 support: 0; clusters: 18563
polytomy of size 3; rounds with additions with at least 5 support: 0; clusters: 18563
polytomy of size 5; rounds with additions with at least 5 support: 0; clusters: 18567
Threshold 0.2:
polytomy of size 5; rounds with additions with at least 5 support: 0; clusters: 18567
polytomy of size 5; rounds with additions with at least 5 support: 0; clusters: 18567
polytomy of size 14; rounds with additions with at least 5 support: 0; clusters: 18571
polytomy of size 4; rounds with additions with at least 5 support: 0; clusters: 18571
polytomy of size 3; rounds with additions with at least 5 support: 0; clusters: 18571
polytomy of size 4; rounds with additions with at least 5 support: 0; clusters: 18571
polytomy of size 4; rounds with additions with at least 5 support: 0; clusters: 18573
polytomy of size 8; rounds with additions with at least 5 support: 0; clusters: 18575
polytomy of size 11; rounds with additions with at least 5 support: 0; clusters: 18581
Threshold 0.3333333333333333:
polytomy of size 5; rounds with additions with at least 5 support: 0; clusters: 18581
polytomy of size 9; rounds with additions with at least 5 support: 0; clusters: 18581
polytomy of size 14; rounds with additions with at least 5 support: 0; clusters: 18581
polytomy of size 4; rounds with additions with at least 5 support: 0; clusters: 18581
polytomy of size 4; rounds with additions with at least 5 support: 0; clusters: 18581
polytomy of size 3; rounds with additions with at least 5 support: 0; clusters: 18581
polytomy of size 3; rounds with additions with at least 5 support: 0; clusters: 18581
polytomy of size 3; rounds with additions with at least 5 support: 0; clusters: 18581
polytomy of size 3; rounds with additions with at least 5 support: 0; clusters: 18581
polytomy of size 6; rounds with additions with at least 5 support: 0; clusters: 18581
polytomy of size 3; rounds with additions with at least 5 support: 0; clusters: 18581
polytomy of size 4; rounds with additions with at least 5 support: 0; clusters: 18581
polytomy of size 3; rounds with additions with at least 5 support: 0; clusters: 18581
polytomy of size 3; rounds with additions with at least 5 support: 0; clusters: 18581
polytomy of size 4; rounds with additions with at least 5 support: 0; clusters: 18581
polytomy of size 3; rounds with additions with at least 5 support: 0; clusters: 18581
polytomy of size 3; rounds with additions with at least 5 support: 0; clusters: 18581
polytomy of size 4; rounds with additions with at least 5 support: 0; clusters: 18581
polytomy of size 5; rounds with additions with at least 5 support: 0; clusters: 18583
polytomy of size 3; rounds with additions with at least 5 support: 0; clusters: 18583
polytomy of size 9; rounds with additions with at least 5 support: 0; clusters: 18585
polytomy of size 20; rounds with additions with at least 5 support: 0; clusters: 18595
max k is :6
Number of Clusters after addition by greedy: 18595
gradient0 in heuristiic: 18595
partitions formed in 14.799 secs
Dynamic Programming starting after 14.799 secs
Using tree-based weight calculation.
Using polytree-based weight calculation.
Polytree max score: 10581932975
Polytree building time: 0.215 seconds.
Number of quartet trees in the gene trees: 10581932975
Size of largest cluster: 243
Greedy score: 9746261341
estimationFactor: 1.0857427894411722
Sub-optimal score: 9966358322
Total Number of elements weighted: 50712
Normalized score (portion of input quartet trees satisfied before correcting for multiple individuals): 0.9514772643889289
Optimization score: 10068468639
Optimal tree inferred in 65.735 secs.
(P_012873,(P_012881,((P_012907,GAP_80291),(((P_012911,(P_012821,P_012917)),(P_012889,((P_012863,P_006418),(P_012793,(P_006419,GAP_80292))))),((P_012897,(P_012893,GAP_80293)),(P_012859,((P_012885,(GAP_80294,P_006420)),(P_018689,(((P_012857,(P_012925,P_012883)),((P_012903,P_012815),(P_012875,(P_012901,((P_012887,P_012851),(P_012831,P_012905)))))),((P_012797,(P_012841,((P_012877,P_012913),(P_012811,(P_012895,P_012891))))),(((P_012867,((P_012847,P_012923),(P_012817,P_012899))),(P_012843,(((P_012937,(P_006421,P_012939)),(P_012803,(P_012853,(P_012837,P_012829)))),(((P_012801,(P_012809,P_012879)),(P_012839,(P_012805,(P_012825,(YZRI,P_012799))))),((P_012909,((P_012865,(P_012931,(P_012933,P_012935))),((P_012849,P_012871),(P_012807,P_012845)))),((P_012833,GAP_81172),((P_012927,(GAP_80295,PSJT)),((P_012791,P_012915),(P_012869,(P_012835,(P_012819,P_012823))))))))))),((P_012861,((P_012855,(P_012827,P_007802)),((P_012921,P_012919),(P_012813,P_018637)))),((P_012795,P_012941),((DHPO,GAP_80322),(((P2622,P2623),(P0110C,(XQWC,(P0207A,((P0207C,P0110B),(P0207B,(P0206G,P0206H))))))),((((P_018779,P_018639),(P_018695,(P_018783,P_018645))),(P_018691,(P_007845,((P_016797,(OBPL,(GAP_80397,P_016799))),((P_016793,(P_006422,P_016795)),(P_018693,((S08,P_014095),((S38,(S04,(S27,P_016789))),(P_016791,((S03,P_014099),(P_016787,S02))))))))))),(((P0203H,((WZFE,P_016909),(P0109B,(OSHQ,P_018831)))),(((SJEV,(P_019193,(P_019187,Wsal))),(P_016921,(GAP_81227,(WKSU,(Pcol,(GAP_81226,P_006410)))))),(((P_025527,(P_025525,P_025523)),(P_019189,((P_019197,PAWA),(Asie,QDVW)))),(((P_019185,CSSK),(OPDF,P2589)),((P_019191,P_019199),(GAP_80417,(GAP_79804,P2590))))))),(P_011613,(WPHN,(((P_011609,(P2619,Sdec)),(MAQO,(WAIL,(P_011527,((GAP_80297,P_014083),(GAP_80298,P_014077)))))),(((P_011587,GAP_79862),(P_014081,(P0104A,P_008647))),(((KRJP,(GAP_80395,P_011549)),((P_011643,(P_011657,(P_011651,P_011509))),((GAP_80393,GAP_80394),((P_011647,(P_011465,(P_011523,(P_011501,(P_011489,P_011487))))),((P_011637,P_011551),((P_011631,P_007844),(P_007843,(P_007783,P_006414)))))))),((P_011531,(P_011699,(P_006411,Schi))),(VYLQ,(P_008631,(P_018635,(P_011709,((P_011579,(P_008632,P_011671)),(P_011713,(((KAYP,(BCGB,ABSS)),(P_011705,(WIGA,(Dhai,(Apet,Msal))))),((P_006413,P_011719),((P_011679,(P_016813,((GAP_80390,GAP_80389),(P_008646,(P_008640,P_006412))))),((P_011673,((P_011537,P_011607),(P_011701,(P_011739,P_011677)))),(P_011759,(P_011681,((P_011675,P_011735),(P_011715,(P_011745,(P_011611,P_014073)))))))))))))))))))))))))))))))))))))));
Final quartet score is: 10068468639
Final normalized quartet score is: 0.9514772643889289
You may want to ignore posterior probabilities and other statistics related to the following branch branch because the effective number of genes impacting it is only 1:
	{P_025525, P_025523}
You may want to ignore posterior probabilities and other statistics related to the following branch branch because the effective number of genes impacting it is only 8:
	{P_025525, P_025527, P_025523}
You may want to ignore posterior probabilities and other statistics related to the following branch branch because the effective number of genes impacting it is only 10:
	{P_019191, P_019199}
You may want to ignore posterior probabilities and other statistics related to the following branch branch because the effective number of genes impacting it is only 8:
	{P2619, Sdec}
You may want to ignore posterior probabilities and other statistics related to the following branch branch because the effective number of genes impacting it is only 1:
	{P_006413, P_011719}
You may want to ignore posterior probabilities and other statistics related to the following branch branch because the effective number of genes impacting it is only 3:
	{P_011537, P_011607}
You may want to ignore posterior probabilities and other statistics related to the following branch branch because the effective number of genes impacting it is only 3:
	{P_011739, P_011677}
You may want to ignore posterior probabilities and other statistics related to the following branch branch because the effective number of genes impacting it is only 5:
	{P_011739, P_011677, P_011701}
You may want to ignore posterior probabilities and other statistics related to the following branch branch because the effective number of genes impacting it is only 2:
	{P_011611, P_014073}
You may want to ignore posterior probabilities and other statistics related to the following branch branch because the effective number of genes impacting it is only 7:
	{P_006413, KAYP, GAP_80390, GAP_80389, BCGB, P_011705, P_011681, P_011673, P_011679, P_011537, P_011745, P_011759, P_011715, P_011675, P_011735, ABSS, P_008646, P_008640, P_006412, P_011739, P_011677, P_008632, P_011579, P_011671, P_016813, Apet, Msal, WIGA, Dhai, P_011713, P_011611, P_011701, P_014073, P_011607, P_011719}
You may want to ignore posterior probabilities and other statistics related to the following branch branch because the effective number of genes impacting it is only 5:
	{P_006413, KAYP, GAP_80390, GAP_80389, BCGB, P_011705, P_011681, P_011673, P_011679, P_011537, P_011745, P_011759, P_011715, P_011675, P_011735, ABSS, P_008646, P_008640, P_006412, P_011739, P_011677, P_008632, P_011579, P_011671, P_016813, Apet, Msal, WIGA, Dhai, P_011713, P_011611, P_011709, P_011701, P_014073, P_011607, P_011719}
You may want to ignore posterior probabilities and other statistics related to the following branch branch because the effective number of genes impacting it is only 15:
	{P_006413, KAYP, GAP_80390, GAP_80389, BCGB, P_011705, P_011681, P_011673, P_011679, P_011537, P_011745, P_011759, P_011715, P_011675, P_011735, ABSS, P_008646, P_008640, P_006412, P_008631, P_018635, P_006411, P_011739, P_011677, Schi, P_011531, P_014081, P0104A, P_008647, P_011587, GAP_79862, GAP_80393, GAP_80394, P_011651, P_011509, P_011657, P_011643, P_007783, P_007843, P_006414, P_011631, P_011647, P_011465, P_011489, P_011523, P_011501, P_011487, P_011637, KRJP, GAP_80395, P_011549, MAQO, GAP_80298, WAIL, P_014077, GAP_80297, P_014083, P2619, WPHN, VYLQ, P_008632, P_011579, P_011671, P_016813, Apet, Msal, WIGA, Dhai, P_007844, P_011713, P_011609, P_011527, P_011611, P_011551, P_011709, P_011699, Sdec, P_011701, P_014073, P_011607, P_011719}
You may want to ignore posterior probabilities and other statistics related to the following branch branch because the effective number of genes impacting it is only 17:
	{P_006413, KAYP, GAP_80390, GAP_80389, BCGB, P_011705, P_011681, P_011673, P_011679, P_011537, P_011745, P_011759, P_011715, P_011675, P_011735, ABSS, P_008646, P_008640, P_006412, P_008631, P_018635, P_006411, P_011739, P_011677, Schi, P_011531, P_014081, P0104A, P_008647, P_011587, GAP_79862, GAP_80393, GAP_80394, P_011651, P_011509, P_011657, P_011643, P_007783, P_007843, P_006414, P_011631, P_011647, P_011465, P_011489, P_011523, P_011501, P_011487, P_011637, KRJP, GAP_80395, P_011549, MAQO, GAP_80298, WAIL, P_014077, GAP_80297, P_014083, P2619, WPHN, VYLQ, P_008632, P_011579, P_011671, P_016813, Apet, Msal, WIGA, Dhai, P_007844, P_011713, P_011609, P_011527, P_011611, P_011551, P_011709, P_011613, P_011699, Sdec, P_011701, P_014073, P_011607, P_011719}
You may want to ignore posterior probabilities and other statistics related to the following branch branch because the effective number of genes impacting it is only 7:
	{S27, P_016789, S04}
You may want to ignore posterior probabilities and other statistics related to the following branch branch because the effective number of genes impacting it is only 17:
	{S38, S27, P_016789, S04}
You may want to ignore posterior probabilities and other statistics related to the following branch branch because the effective number of genes impacting it is only 3:
	{S08, P_016791, P_006422, P_016795, P_016793, P_016797, GAP_80397, P_016799, OBPL, S03, S38, P_014099, S27, P_016789, P_016787, S02, P_018693, S04, P_014095}
You may want to ignore posterior probabilities and other statistics related to the following branch branch because the effective number of genes impacting it is only 3:
	{S08, P_016791, P_006422, P_016795, P_016793, P_016797, GAP_80397, P_016799, OBPL, S03, S38, P_014099, S27, P_016789, P_016787, S02, P_018693, S04, P_014095, P_007845}
Extended species tree:
(P0109B,((OSHQ,P_018831)79.98:1.139404588459786,((WZFE,P_016909)94.96:2.4646620342911394,(P0203H,((((SJEV,(P_019193,(P_019187,Wsal)70.55:0.7959732737488706)72.6:0.8676151076169007)94.06:2.315580755724202,(P_016921,(GAP_81227,(WKSU,(Pcol,(GAP_81226,P_006410)80.15:1.1790294409613744)67.67:0.7068086592090694)45.96:0.20439336517588894)60.15:0.5047080955307486)96.38:2.751600348099496)94:2.311031216773121,(((P_025527,(P_025525,P_025523)100:0.2876820724517809)77.98:0.7555328373464888,(P_019189,((P_019197,PAWA)68.67:0.7387894106078757,(Asie,QDVW)97.97:3.1620534890015053)42.64:0.14467934014485978)49.64:0.2503538051153226)34.79:0.007488529352216087,(((P_019185,CSSK)43.73:0.16391579445079088,(OPDF,P2589)76.33:1.0113011662942961)86.21:1.5310256970606566,((P_019191,P_019199)79.89:0.8901414012927881,(GAP_80417,(GAP_79804,P2590)92.08:1.9632858456828275)72.11:0.7832524826695233)75.97:0.9382807254249995)90.76:1.907064935754934)89.21:1.7679516915770583)43.68:0.1632892723775451,((P_011613,(WPHN,(((P_011609,(P2619,Sdec)100:1.7917594692280545)91.86:1.8976117661551695,(MAQO,(WAIL,(P_011527,((GAP_80297,P_014083)94.85:2.3881526058330738,(GAP_80298,P_014077)42.29:0.13369718812455347)43.94:0.16503810563107563)50.08:0.27858087418351957)73.55:0.9062572100240187)88.8:1.7069373778259125)45.4:0.1903672846642575,(((P_011587,GAP_79862)87.24:1.5783992223741439,(P_014081,(P0104A,P_008647)98.57:3.1640675883732072)96.15:2.5763003270420275)82.2:1.2868194886146611,(((KRJP,(GAP_80395,P_011549)86:1.5174588522545271)73.16:0.892184178114683,((P_011643,(P_011657,(P_011651,P_011509)77.23:1.045190437695532)43.93:0.16674608547809258)85.98:1.517926669983357,((GAP_80393,GAP_80394)70.05:0.7849139300997342,((P_011647,(P_011465,(P_011523,(P_011501,(P_011489,P_011487)39.1:0.08601131502743445)36.9:0.05092346092499716)73.43:0.9005789729335524)82.82:1.3193776943258906)37.9:0.06579064512113056,((P_011637,P_011551)47.25:0.21809447594849862,((P_011631,P_007844)46.16:0.1981118183754844,(P_007843,(P_007783,P_006414)39.24:0.08727472339854025)54.01:0.35972951261707553)35.98:0.03525142628081314)51.83:0.3171068193144267)78.73:1.1178102118346296)36.88:0.0507967471890124)96.07:2.68517255651634)88.59:1.7136027292722205,((P_011531,(P_011699,(P_006411,Schi)79.4:1.0698406306680228)54.69:0.35020242943311486)91.92:2.0102562093369345,(VYLQ,(P_008631,(P_018635,(P_011709,((P_011579,(P_008632,P_011671)43.57:0.15454254116504665)88.96:1.7200109375542112,(P_011713,(((KAYP,(BCGB,ABSS)62.46:0.5533089638193353)49.12:0.258402298738906,(P_011705,(WIGA,(Dhai,(Apet,Msal)44.1:0.1635230295680261)46.54:0.21397297195133747)52.07:0.3127001856812579)46.09:0.19810511205315634)48.6:0.2529263246654664,((P_006413,P_011719)100:0.2876820724517809,((P_011679,(P_016813,((GAP_80390,GAP_80389)92.19:2.055879153555615,(P_008646,(P_008640,P_006412)77.8:1.0731779636973482)44.91:0.18366541103650386)43.16:0.15234780190310823)40.66:0.10809083490285913)51.26:0.30101744958097476,((P_011673,((P_011537,P_011607)33.33:0.0,(P_011701,(P_011739,P_011677)100:0.9808292530117262)50.14:0.1069072360098557)45.97:0.19687297147093535)37.12:0.05133522974355476,(P_011759,(P_011681,((P_011675,P_011735)87.57:1.6269915382557107,(P_011715,(P_011745,(P_011611,P_014073)100:0.6931471805599453)52.72:0.28962408230976955)48.67:0.25168690721714027)44.17:0.16731631189211077)43.73:0.15823112021525806)42.71:0.14458722129400667)79.92:1.1670614234618768)43.7:0.1623095597908707)46.88:0.219953709563738)39.92:0.09302238778792614)73.66:0.890096342590772)98.13:1.4448042698329133)74.12:0.4934423070396607)37.59:0.047371029908702324)73.42:0.838547841804352)50.93:0.2990611413483893)79.35:1.1443557729185345)53.51:0.351719262250137)45.33:0.1921052075853535)73.88:0.9169354100758735)38.49:0.03652871029236614)69.18:0.6359606995786655,((((P_018779,P_018639)50.12:0.27546618013185686,(P_018695,(P_018783,P_018645)47.24:0.22766581532696745)56.83:0.42464651368608103)56.55:0.41825654612268937,(P_018691,(P_007845,((P_016797,(OBPL,(GAP_80397,P_016799)48.82:0.2578758632698056)73.86:0.9175096455296692)80:1.1772579610244536,((P_016793,(P_006422,P_016795)63.17:0.5809218186136059)66.76:0.6808517235901435,(P_018693,((S08,P_014095)88.93:1.5434089180122261,((S38,(S04,(S27,P_016789)58.37:0.40317611108241974)48.52:0.13229742282924048)51.66:0.25209248917145205,(P_016791,((S03,P_014099)95.61:2.574453728689239,(P_016787,S02)98.25:3.246506030612994)33.96:0.005361040215627312)36.44:0.04316068112955289)43.54:0.15483811733951988)62.97:0.5660202438727711)43.73:0.1630527917009899)40.07:0.10116215566868764)45.01:0.0)62.3:0.21564074513884346)41.94:0.12666615038098894)96.71:2.8368109364378884,(((P2622,P2623)52.19:0.3047531301624223,(P0110C,(XQWC,(P0207A,((P0207C,P0110B)37.83:0.06398229961087319,(P0207B,(P0206G,P0206H)48.04:0.24213428341526552)48.62:0.2535270386969358)39.02:0.08476750212551579)47.37:0.2303569172925243)69.54:0.7668569310305795)91.29:1.9445794312977778)59.95:0.4963218761269692,((DHPO,GAP_80322)98.38:3.381677875863273,((P_012795,P_012941)99.64:4.1939293427182305,((P_012861,((P_012855,(P_012827,P_007802)93.55:2.1922989169947202)84.18:1.400478338563247,((P_012921,P_012919)96.15:2.677131349096741,(P_012813,P_018637)66.8:0.6834488933763562)95.79:2.618210761823774)97.96:3.2074279487003454)42.67:0.14577693077287876,(((P_012867,((P_012847,P_012923)98.67:3.5132024400386506,(P_012817,P_012899)90.84:1.9226587145443597)72.81:0.879792102228796)99.16:3.8199246685195893,(P_012843,(((P_012937,(P_006421,P_012939)88.82:1.7346010553881062)99.92:4.516417570230805,(P_012803,(P_012853,(P_012837,P_012829)80.94:1.2167783442517737)41.41:0.12425953793790956)46.6:0.2161094195298425)42.5:0.14297288708720404,(((P_012801,(P_012809,P_012879)98.7:3.534181991653519)67.99:0.7198082230502966,(P_012839,(P_012805,(P_012825,(YZRI,P_012799)86.77:1.5748209077900637)44.29:0.17441521512481542)44.77:0.18285854570390261)74.07:0.9258722721266769)85.16:1.4662677225761827,((P_012909,((P_012865,(P_012931,(P_012933,P_012935)96.62:2.8058928847988374)96.63:2.8104992866558915)55.67:0.39970301444300343,((P_012849,P_012871)89.68:1.8095481479334576,(P_012807,P_012845)58.27:0.4591768172352647)63.38:0.5880006833475421)95.27:2.5248823937879252)39.69:0.09584332232664847,((P_012833,GAP_81172)98.49:3.4423235804668746,((P_012927,(GAP_80295,PSJT)52.49:0.3312656277644146)92.46:2.1027343981713145,((P_012791,P_012915)41.75:0.13034064078698823,(P_012869,(P_012835,(P_012819,P_012823)33.8:0.003502551736364649)75:0.9612936910952199)98.15:3.290493628778388)90.06:1.847257164309078)41.96:0.13389745991909716)97.45:3.0484807106116447)94.38:2.371869821606423)96.42:2.7646653295784627)47.31:0.22904275552784142)90.01:1.8388815004426073)88.09:1.6751522709439437,((P_012797,(P_012841,((P_012877,P_012913)88.64:1.7143181323561942,(P_012811,(P_012895,P_012891)59.88:0.4976429340609337)94.51:2.38666892042616)93.12:2.1832719270921617)54.26:0.36881582072274793)37.22:0.0561467473913256,(((P_012857,(P_012925,P_012883)96.76:2.8440047902377996)39.23:0.08759206809242152,((P_012903,P_012815)86.44:1.54887090641025,(P_012875,(P_012901,((P_012887,P_012851)96.35:2.745187659746671,(P_012831,P_012905)58.32:0.4602330122164271)33.97:0.006113066891383702)49.27:0.26636788389756955)72.73:0.8747316128195464)33.38:0.0)64.37:0.6134986750542972,(P_018689,((P_012885,(GAP_80294,P_006420)92.7:2.064599315320865)35.74:0.031368067642350776,(P_012859,((P_012897,(P_012893,GAP_80293)92.49:2.1014378615075366)43.65:0.16044701816759965,(((P_012911,(P_012821,P_012917)90.34:1.86957109518201)86.26:1.530387556793034,(P_012889,((P_012863,P_006418)40.86:0.11285225204139343,(P_012793,(P_006419,GAP_80292)98.63:3.487955483576197)45.27:0.19002835292917655)40.54:0.10703763084543332)35.31:0.02405044624083609)38.35:0.07169954632414109,((P_012907,GAP_80291)39.84:0.0963532249565743,(P_012881,P_012873)83.29:1.3432487793105785)37.36:0.056320439086646655)35.9:0.03357988297062049)43.24:0.15324953543107092)35.2:0.023206688682504386)90:1.836075066015764)83.1:1.3386551314207056)97.33:3.004166960640786)95.25:2.519757627490345)52.19:0.32507911726211147)91.21:1.9609901804260506)99.75:4.3283346803221905)65.84:0.6563716434080615)67.81:0.714423407515484)94.88:2.451561248154379)76.96:1.039493628972535)91.48:1.9395048050899713)84.31:1.38788508089504)66.53:0.6594282754332594));
Weight calculation took 45.507385281 secs
ASTRAL finished in 68.192 secs
