
================== ASTRAL ===================== 

This is ASTRAL version 5.7.7
Gene trees are treated as unrooted
159 trees read from all_bs10.trees
index186
All output trees will be *arbitrarily* rooted at P0109B

======== Running the main analysis
Number of taxa: 243 (243 species)
Taxa: [P_006413, KAYP, GAP_80390, GAP_80389, BCGB, P_011705, P_011681, P_011673, P_011679, P_011537, P_011745, P_011759, P_011715, P_011675, P_011735, ABSS, P_008646, P_008640, P_006412, P_008631, P_018635, P_006411, P_011739, P_011677, Schi, P_011531, P_014081, P0104A, P_008647, P_011587, GAP_79862, GAP_80393, GAP_80394, P_011651, P_011509, P_011657, P_011643, P_007783, P_007843, P_006414, P_011631, P_011647, P_011465, P_011489, P_011523, P_011501, P_011487, P_011637, KRJP, GAP_80395, P_011549, MAQO, GAP_80298, WAIL, P_014077, GAP_80297, P_014083, P2619, P_019191, P0110C, P0206G, P0207C, P0110B, P0207A, XQWC, P0206H, P0207B, P2622, DHPO, GAP_80322, P_012795, P_012941, P_012861, P_012813, P_018637, P_012921, P_012919, P_012827, P_007802, P_012855, P_012797, P_012867, P_012817, P_012899, P_012847, P_012923, P_012937, P_006421, P_012939, P_012837, P_012853, P_012843, P_012829, P_012803, P_012801, P_012809, P_012879, P_012839, YZRI, P_012799, P_012805, P_012825, P_012909, P_012927, GAP_80295, PSJT, P_012833, P_012791, P_012915, GAP_81172, P_012819, P_012823, P_012835, P_012869, P_012807, P_012845, P_012931, P_012933, P_012935, P_012865, P_012849, P_012871, P_018689, P_012925, P_012883, P_012903, P_012857, P_012875, P_012901, P_012887, P_012851, P_012815, P_012831, P_012905, P_012893, GAP_80293, P_012885, P_006419, GAP_80292, P_012793, P_012907, P_012821, P_012917, P_012911, P_012863, P_006418, GAP_80294, P_012859, P_012897, GAP_80291, P_012873, P_012881, P_012889, P_012895, P_012891, P_012811, P_012877, P_012913, P_012841, S08, P_016791, P_006422, P_016795, P_018695, P_016793, P_016797, GAP_80397, P_016799, OBPL, S03, S38, P_014099, S27, P_018779, P_016789, P_016787, S02, P_018783, P_018639, P_018645, P_018693, P0203H, WZFE, P_016909, OSHQ, P_018831, P0109B, GAP_79804, P2590, GAP_80417, P_019185, CSSK, OPDF, P2589, P_025525, Asie, QDVW, P_019189, P_019197, PAWA, P_016921, GAP_81226, P_006410, WKSU, Pcol, GAP_81227, P_019187, Wsal, P_019193, SJEV, WPHN, VYLQ, P_008632, P_011579, P_011671, P_016813, Apet, Msal, WIGA, Dhai, P2623, S04, P_007844, P_011713, P_025527, P_011609, P_014095, P_006420, P_011527, P_018691, P_011611, P_011551, P_011709, P_011613, P_011699, Sdec, P_011701, P_025523, P_019199, P_014073, P_011607, P_007845, P_011719]
Taxon occupancy: {P_019193=123, P_019191=33, P_019197=139, OPDF=155, GAP_81172=159, P_018783=153, P_019199=15, Wsal=123, P_016921=153, WKSU=158, P_025523=10, P_025525=27, P_025527=13, P_014073=5, P0203H=88, P_014077=71, QDVW=155, P_011487=151, P_011489=152, P_016813=142, P_006421=156, P_006422=153, P_006420=82, P_006418=153, P_006419=153, P_014081=83, P_006414=152, P_014083=97, P_018689=159, P0206H=143, P0206G=134, Msal=138, P0109B=65, P_012901=154, P_006410=147, P_006411=150, P_006412=151, P_012903=156, P_006413=149, P_012905=158, GAP_79862=145, P_012907=158, PAWA=151, ABSS=157, P_012909=157, P_018691=71, GAP_80291=157, P_018695=149, P_014095=33, GAP_80293=155, GAP_80292=154, P_018693=149, GAP_80295=155, GAP_80294=154, P_014099=148, GAP_80297=153, GAP_80298=149, P_012911=156, P_011701=7, P_012913=139, P_011705=68, P_012915=156, P_012917=151, P_012919=147, P_011709=7, P_012881=154, P_011671=88, P_011551=59, P_011673=102, MAQO=156, P_012883=156, P_011675=139, GAP_80322=155, P_012885=153, P2590=129, P_011677=110, P_012887=157, P_011679=113, P_012889=154, P_008647=139, PSJT=154, P2589=133, P_011681=87, P_012891=151, P_012893=155, P_018637=153, P_012895=153, P_018635=130, P_012897=155, P0207C=149, P0207B=149, P_012899=157, P0207A=152, P_018639=120, P_008646=154, P_008640=155, BCGB=156, WZFE=153, P_018645=150, KAYP=93, KRJP=154, P_011699=38, P_011579=100, CSSK=150, P_008632=153, P_008631=34, P_007783=140, P_016909=156, P_019187=149, P_019185=142, Sdec=11, P_019189=134, P_012791=159, P_012793=156, P_012795=155, Asie=127, P_011465=151, P_018779=90, P_011587=94, P_012797=154, P_012799=153, GAP_80417=70, WIGA=155, P_007802=103, GAP_79804=117, P_011631=95, P_012841=153, P_012843=154, Pcol=122, P_012845=156, P_011637=149, P_012847=153, P_011759=133, P_012849=156, Apet=74, OBPL=154, P0110C=140, P0110B=106, P_018831=148, YZRI=155, P_012851=154, P_011643=152, P_012853=153, P_011523=152, P_012855=151, P_011647=136, P_012857=154, P_011527=94, P_012859=155, WAIL=157, P_016789=149, P_011651=130, P_012861=153, P_011531=110, P_016787=151, P_012863=157, P_012865=155, Schi=118, P_011657=130, P_012867=158, P_011537=103, P_012869=155, P_016793=148, P_016791=153, P_016797=153, SJEV=154, P_016795=149, P_012871=152, P_012873=156, P_016799=152, P_012875=155, P_012877=152, P_012879=157, P_011549=141, P_007844=79, P_007845=3, S02=117, P_012921=131, S04=24, P_012801=153, S03=144, P_012923=155, P_011713=74, P_012803=156, P_011715=119, P_012925=155, S08=84, P_007843=125, P_012805=155, P_012927=154, P_012807=156, P_011719=1, P_012809=157, VYLQ=155, DHPO=156, GAP_80390=138, P2622=113, P2623=40, GAP_80394=156, XQWC=157, GAP_80393=157, GAP_80395=158, GAP_80397=152, P_012931=157, P_012811=155, P_012933=153, WPHN=154, P_012813=154, P_012935=152, P_012815=152, P_012937=156, P_012817=157, P_011607=3, P_012939=156, P_012819=151, P_011609=74, P2619=79, OSHQ=155, GAP_80389=147, P_012941=158, P_012821=155, P_011611=29, P_012823=155, P_011613=17, P_011735=153, P_012825=156, S27=96, P_012827=135, P_011739=122, P_012829=118, Dhai=148, P0104A=117, P_012831=150, P_011501=153, P_012833=156, GAP_81226=151, P_011745=133, GAP_81227=154, P_012835=155, S38=17, P_012837=154, P_012839=154, P_011509=153}
Number of gene trees: 159
159 trees have missing taxa
Calculating quartet distance matrix (for completion of X)
Species tree distances calculated ...
Will attempt to complete bipartitions from X before adding using a distance matrix.
Building set of clusters (X) from gene trees 
------------------------------
gradient0: 18341
Number of Clusters after addition by distance: 18341
calculating extra bipartitions to be added at level 1 ...
Adding to X using resolutions of greedy consensus ...
Limit for sigma of degrees:6125
polytomy size limit : 20
discarded polytomies:  [3, 3, 3, 3, 3, 3, 3, 3, 3, 3, 3, 3, 3, 3, 3, 4, 4, 4, 4, 4, 4, 4, 4, 4, 4, 5, 5, 5, 5, 5, 5, 6, 8, 8, 9, 9, 9, 11, 11, 14, 14, 20]
Threshold 0.0:
polytomy of size 4; rounds with additions with at least 5 support: 3; clusters: 18359
Threshold 0.01:
polytomy of size 5; rounds with additions with at least 5 support: 1; clusters: 18375
Threshold 0.02:
polytomy of size 8; rounds with additions with at least 5 support: 1; clusters: 18551
Threshold 0.05:
polytomy of size 9; rounds with additions with at least 5 support: 0; clusters: 18557
polytomy of size 3; rounds with additions with at least 5 support: 0; clusters: 18557
Threshold 0.1:
polytomy of size 3; rounds with additions with at least 5 support: 0; clusters: 18557
polytomy of size 4; rounds with additions with at least 5 support: 0; clusters: 18557
polytomy of size 11; rounds with additions with at least 5 support: 0; clusters: 18563
polytomy of size 3; rounds with additions with at least 5 support: 0; clusters: 18563
polytomy of size 3; rounds with additions with at least 5 support: 0; clusters: 18563
polytomy of size 5; rounds with additions with at least 5 support: 0; clusters: 18567
Threshold 0.2:
polytomy of size 5; rounds with additions with at least 5 support: 0; clusters: 18567
polytomy of size 5; rounds with additions with at least 5 support: 0; clusters: 18567
polytomy of size 14; rounds with additions with at least 5 support: 0; clusters: 18571
polytomy of size 4; rounds with additions with at least 5 support: 0; clusters: 18571
polytomy of size 3; rounds with additions with at least 5 support: 0; clusters: 18571
polytomy of size 4; rounds with additions with at least 5 support: 0; clusters: 18571
polytomy of size 4; rounds with additions with at least 5 support: 0; clusters: 18573
polytomy of size 8; rounds with additions with at least 5 support: 0; clusters: 18575
polytomy of size 11; rounds with additions with at least 5 support: 0; clusters: 18581
Threshold 0.3333333333333333:
polytomy of size 5; rounds with additions with at least 5 support: 0; clusters: 18581
polytomy of size 9; rounds with additions with at least 5 support: 0; clusters: 18581
polytomy of size 14; rounds with additions with at least 5 support: 0; clusters: 18581
polytomy of size 4; rounds with additions with at least 5 support: 0; clusters: 18581
polytomy of size 4; rounds with additions with at least 5 support: 0; clusters: 18581
polytomy of size 3; rounds with additions with at least 5 support: 0; clusters: 18581
polytomy of size 3; rounds with additions with at least 5 support: 0; clusters: 18581
polytomy of size 3; rounds with additions with at least 5 support: 0; clusters: 18581
polytomy of size 3; rounds with additions with at least 5 support: 0; clusters: 18581
polytomy of size 6; rounds with additions with at least 5 support: 0; clusters: 18581
polytomy of size 3; rounds with additions with at least 5 support: 0; clusters: 18581
polytomy of size 4; rounds with additions with at least 5 support: 0; clusters: 18581
polytomy of size 3; rounds with additions with at least 5 support: 0; clusters: 18581
polytomy of size 3; rounds with additions with at least 5 support: 0; clusters: 18581
polytomy of size 4; rounds with additions with at least 5 support: 0; clusters: 18581
polytomy of size 3; rounds with additions with at least 5 support: 0; clusters: 18581
polytomy of size 3; rounds with additions with at least 5 support: 0; clusters: 18581
polytomy of size 4; rounds with additions with at least 5 support: 0; clusters: 18581
polytomy of size 5; rounds with additions with at least 5 support: 0; clusters: 18583
polytomy of size 3; rounds with additions with at least 5 support: 0; clusters: 18583
polytomy of size 9; rounds with additions with at least 5 support: 0; clusters: 18585
polytomy of size 20; rounds with additions with at least 5 support: 0; clusters: 18595
max k is :6
Number of Clusters after addition by greedy: 18595
gradient0 in heuristiic: 18595
partitions formed in 12.649 secs
Dynamic Programming starting after 12.649 secs
Using tree-based weight calculation.
Using polytree-based weight calculation.
Polytree max score: 10581932975
Polytree building time: 0.13 seconds.
Number of quartet trees in the gene trees: 10581932975
Size of largest cluster: 243
Greedy score: 9746261341
estimationFactor: 1.0857427894411722
Sub-optimal score: 9966358322
Total Number of elements weighted: 50712
Normalized score (portion of input quartet trees satisfied before correcting for multiple individuals): 0.9514772643889289
Optimization score: 10068468639
Optimal tree inferred in 60.131 secs.
(P_012873,(P_012881,((P_012907,GAP_80291),(((P_012911,(P_012821,P_012917)),(P_012889,((P_012863,P_006418),(P_012793,(P_006419,GAP_80292))))),((P_012897,(P_012893,GAP_80293)),(P_012859,((P_012885,(GAP_80294,P_006420)),(P_018689,(((P_012857,(P_012925,P_012883)),((P_012903,P_012815),(P_012875,(P_012901,((P_012887,P_012851),(P_012831,P_012905)))))),((P_012797,(P_012841,((P_012877,P_012913),(P_012811,(P_012895,P_012891))))),(((P_012867,((P_012847,P_012923),(P_012817,P_012899))),(P_012843,(((P_012937,(P_006421,P_012939)),(P_012803,(P_012853,(P_012837,P_012829)))),(((P_012801,(P_012809,P_012879)),(P_012839,(P_012805,(P_012825,(YZRI,P_012799))))),((P_012909,((P_012865,(P_012931,(P_012933,P_012935))),((P_012849,P_012871),(P_012807,P_012845)))),((P_012833,GAP_81172),((P_012927,(GAP_80295,PSJT)),((P_012791,P_012915),(P_012869,(P_012835,(P_012819,P_012823))))))))))),((P_012861,((P_012855,(P_012827,P_007802)),((P_012921,P_012919),(P_012813,P_018637)))),((P_012795,P_012941),((DHPO,GAP_80322),(((P2622,P2623),(P0110C,(XQWC,(P0207A,((P0207C,P0110B),(P0207B,(P0206G,P0206H))))))),((((P_018779,P_018639),(P_018695,(P_018783,P_018645))),(P_018691,(P_007845,((P_016797,(OBPL,(GAP_80397,P_016799))),((P_016793,(P_006422,P_016795)),(P_018693,((S08,P_014095),((S38,(S04,(S27,P_016789))),(P_016791,((S03,P_014099),(P_016787,S02))))))))))),(((P0203H,((WZFE,P_016909),(P0109B,(OSHQ,P_018831)))),(((SJEV,(P_019193,(P_019187,Wsal))),(P_016921,(GAP_81227,(WKSU,(Pcol,(GAP_81226,P_006410)))))),(((P_025527,(P_025525,P_025523)),(P_019189,((P_019197,PAWA),(Asie,QDVW)))),(((P_019185,CSSK),(OPDF,P2589)),((P_019191,P_019199),(GAP_80417,(GAP_79804,P2590))))))),(P_011613,(WPHN,(((P_011609,(P2619,Sdec)),(MAQO,(WAIL,(P_011527,((GAP_80297,P_014083),(GAP_80298,P_014077)))))),(((P_011587,GAP_79862),(P_014081,(P0104A,P_008647))),(((KRJP,(GAP_80395,P_011549)),((P_011643,(P_011657,(P_011651,P_011509))),((GAP_80393,GAP_80394),((P_011647,(P_011465,(P_011523,(P_011501,(P_011489,P_011487))))),((P_011637,P_011551),((P_011631,P_007844),(P_007843,(P_007783,P_006414)))))))),((P_011531,(P_011699,(P_006411,Schi))),(VYLQ,(P_008631,(P_018635,(P_011709,((P_011579,(P_008632,P_011671)),(P_011713,(((KAYP,(BCGB,ABSS)),(P_011705,(WIGA,(Dhai,(Apet,Msal))))),((P_006413,P_011719),((P_011679,(P_016813,((GAP_80390,GAP_80389),(P_008646,(P_008640,P_006412))))),((P_011673,((P_011537,P_011607),(P_011701,(P_011739,P_011677)))),(P_011759,(P_011681,((P_011675,P_011735),(P_011715,(P_011745,(P_011611,P_014073)))))))))))))))))))))))))))))))))))))));
Final quartet score is: 10068468639
Final normalized quartet score is: 0.9514772643889289
You may want to ignore posterior probabilities and other statistics related to the following branch branch because the effective number of genes impacting it is only 1:
	{P_025525, P_025523}
You may want to ignore posterior probabilities and other statistics related to the following branch branch because the effective number of genes impacting it is only 8:
	{P_025525, P_025527, P_025523}
You may want to ignore posterior probabilities and other statistics related to the following branch branch because the effective number of genes impacting it is only 10:
	{P_019191, P_019199}
You may want to ignore posterior probabilities and other statistics related to the following branch branch because the effective number of genes impacting it is only 8:
	{P2619, Sdec}
You may want to ignore posterior probabilities and other statistics related to the following branch branch because the effective number of genes impacting it is only 1:
	{P_006413, P_011719}
You may want to ignore posterior probabilities and other statistics related to the following branch branch because the effective number of genes impacting it is only 3:
	{P_011537, P_011607}
You may want to ignore posterior probabilities and other statistics related to the following branch branch because the effective number of genes impacting it is only 3:
	{P_011739, P_011677}
You may want to ignore posterior probabilities and other statistics related to the following branch branch because the effective number of genes impacting it is only 5:
	{P_011739, P_011677, P_011701}
You may want to ignore posterior probabilities and other statistics related to the following branch branch because the effective number of genes impacting it is only 2:
	{P_011611, P_014073}
You may want to ignore posterior probabilities and other statistics related to the following branch branch because the effective number of genes impacting it is only 7:
	{P_006413, KAYP, GAP_80390, GAP_80389, BCGB, P_011705, P_011681, P_011673, P_011679, P_011537, P_011745, P_011759, P_011715, P_011675, P_011735, ABSS, P_008646, P_008640, P_006412, P_011739, P_011677, P_008632, P_011579, P_011671, P_016813, Apet, Msal, WIGA, Dhai, P_011713, P_011611, P_011701, P_014073, P_011607, P_011719}
You may want to ignore posterior probabilities and other statistics related to the following branch branch because the effective number of genes impacting it is only 5:
	{P_006413, KAYP, GAP_80390, GAP_80389, BCGB, P_011705, P_011681, P_011673, P_011679, P_011537, P_011745, P_011759, P_011715, P_011675, P_011735, ABSS, P_008646, P_008640, P_006412, P_011739, P_011677, P_008632, P_011579, P_011671, P_016813, Apet, Msal, WIGA, Dhai, P_011713, P_011611, P_011709, P_011701, P_014073, P_011607, P_011719}
You may want to ignore posterior probabilities and other statistics related to the following branch branch because the effective number of genes impacting it is only 15:
	{P_006413, KAYP, GAP_80390, GAP_80389, BCGB, P_011705, P_011681, P_011673, P_011679, P_011537, P_011745, P_011759, P_011715, P_011675, P_011735, ABSS, P_008646, P_008640, P_006412, P_008631, P_018635, P_006411, P_011739, P_011677, Schi, P_011531, P_014081, P0104A, P_008647, P_011587, GAP_79862, GAP_80393, GAP_80394, P_011651, P_011509, P_011657, P_011643, P_007783, P_007843, P_006414, P_011631, P_011647, P_011465, P_011489, P_011523, P_011501, P_011487, P_011637, KRJP, GAP_80395, P_011549, MAQO, GAP_80298, WAIL, P_014077, GAP_80297, P_014083, P2619, WPHN, VYLQ, P_008632, P_011579, P_011671, P_016813, Apet, Msal, WIGA, Dhai, P_007844, P_011713, P_011609, P_011527, P_011611, P_011551, P_011709, P_011699, Sdec, P_011701, P_014073, P_011607, P_011719}
You may want to ignore posterior probabilities and other statistics related to the following branch branch because the effective number of genes impacting it is only 17:
	{P_006413, KAYP, GAP_80390, GAP_80389, BCGB, P_011705, P_011681, P_011673, P_011679, P_011537, P_011745, P_011759, P_011715, P_011675, P_011735, ABSS, P_008646, P_008640, P_006412, P_008631, P_018635, P_006411, P_011739, P_011677, Schi, P_011531, P_014081, P0104A, P_008647, P_011587, GAP_79862, GAP_80393, GAP_80394, P_011651, P_011509, P_011657, P_011643, P_007783, P_007843, P_006414, P_011631, P_011647, P_011465, P_011489, P_011523, P_011501, P_011487, P_011637, KRJP, GAP_80395, P_011549, MAQO, GAP_80298, WAIL, P_014077, GAP_80297, P_014083, P2619, WPHN, VYLQ, P_008632, P_011579, P_011671, P_016813, Apet, Msal, WIGA, Dhai, P_007844, P_011713, P_011609, P_011527, P_011611, P_011551, P_011709, P_011613, P_011699, Sdec, P_011701, P_014073, P_011607, P_011719}
You may want to ignore posterior probabilities and other statistics related to the following branch branch because the effective number of genes impacting it is only 7:
	{S27, P_016789, S04}
You may want to ignore posterior probabilities and other statistics related to the following branch branch because the effective number of genes impacting it is only 17:
	{S38, S27, P_016789, S04}
You may want to ignore posterior probabilities and other statistics related to the following branch branch because the effective number of genes impacting it is only 3:
	{S08, P_016791, P_006422, P_016795, P_016793, P_016797, GAP_80397, P_016799, OBPL, S03, S38, P_014099, S27, P_016789, P_016787, S02, P_018693, S04, P_014095}
You may want to ignore posterior probabilities and other statistics related to the following branch branch because the effective number of genes impacting it is only 3:
	{S08, P_016791, P_006422, P_016795, P_016793, P_016797, GAP_80397, P_016799, OBPL, S03, S38, P_014099, S27, P_016789, P_016787, S02, P_018693, S04, P_014095, P_007845}
47.986280233527935 1.0141994375547463 10.999520328917313 59.99999999999999 5.046338024170359E-14
141.5181796718215 3.5 4.00507614213198 149.02325581395348 4.879407248160558E-56
79.00589042688269 12.993464431986522 19.98908444748916 111.98843930635837 5.035256742122706E-16
87.4859895411406 12.517299159822525 20.499618275781067 120.50290697674419 4.692673947753493E-19
137.7936305732484 5.3318865740740735 3.374482852677518 146.5 1.6037204645767567E-53
96.98372793680802 14.005486462929673 10.010785600262306 121.0 1.0961950045307691E-26
81.8789928376218 23.526476450484374 15.585398291802512 120.99086757990867 7.72860997237589E-15
69.55256546418352 56.718754938680654 25.06507103444469 151.33639143730886 3.063397572359974E-5
91.42445975416337 26.678711780773643 33.896828465062995 152.0 1.618112259404967E-11
146.34616767171525 1.655235602094241 3.8485967261904763 151.84999999999997 1.0422789174010364E-59
142.71887903908623 2.2349735728265023 6.867424085192584 151.82127669710533 2.2126476764809126E-55
1.0 0.0 0.0 1.0 0.3678794411714423
Not enough genes
Cannot perform polytomy test with effective N (after polytomies) 1.0:
	(P_025525,P_025523):0.2876820724517809;
5.760912764171057 0.055320982335200344 1.5714925871916394 7.3877263336978976 0.028820177849386654
Not enough genes
Cannot perform polytomy test with effective N (after polytomies) 7.3877263336978976:
	(P_025527,(P_025525,P_025523):0.2876820724517809):0.7555328373464888;
91.47831182738527 34.74813827250196 6.99674700633598 133.2231971062232 7.342462137182189E-19
120.5 0.004784688995215311 2.4952153110047846 123.0 5.928029766159482E-51
55.283892406679826 26.805707627704262 47.56393933930911 129.6535393736932 0.006609945561125838
15.47426756686715 8.174264911937017 7.523629577255665 31.172162056059832 0.15328020245411783
12.321372630683177 13.61520605574371 9.484101848077758 35.42068053450465 0.685113490585892
59.47503424412945 31.54071474494363 44.98425101092691 136.0 0.01349703079873488
99.99040671000574 14.980982610141252 16.028610679853003 131.0 2.156736150113677E-24
117.68333333333332 7.625141242937854 11.205649717514124 136.5141242937853 4.766541799844034E-38
7.988950276243094 1.3333333333333333 0.6777163904235727 10.0 0.007379417522414833
Not enough genes
Cannot perform polytomy test with effective N (after polytomies) 10.0:
	(P_019191,P_019199):0.8901414012927881;
58.009756097560974 0.9902439024390244 4.0 63.0 5.105848652045986E-22
19.470873786407765 2.0 5.529126213592233 27.0 7.616834557331593E-5
27.347933098394588 8.313083850757957 0.3389830508474576 36.0 1.0735176292582887E-7
123.09548046878687 3.6322675034361036 8.894789144678576 135.62253711690155 1.6749442499138204E-44
134.53282667592558 7.4708302359547565 8.802966170127288 150.80662308200763 9.739028323543482E-47
62.97761728887911 53.41588427329584 27.79326073128099 144.18676229345593 0.001021481914513141
8.0 0.0 0.0 8.0 3.3546262790251126E-4
Not enough genes
Cannot perform polytomy test with effective N (after polytomies) 8.0:
	(P2619,Sdec):1.7917594692280545;
44.51416406976108 1.873206524363064 2.07010989639982 48.45748049052396 6.012270109563954E-17
91.99368388620725 0.7533395286321518 4.243630790768075 96.99065420560748 1.2459136354973967E-36
28.547280188071007 17.493014554605455 21.457279801159764 67.49757454383624 0.24808640490740236
41.192381777736166 25.553758839851277 27.001467037914946 93.74760765550239 0.09166346787656479
45.950421195783115 32.56319500923828 13.235204549695597 91.74882075471699 1.4407075803001871E-4
109.85800776542305 4.742897842897843 34.756818164992765 149.35772377331367 2.667219088661128E-26
87.10293374522392 4.903484560807188 6.080824509618765 98.08724281564987 3.205797882326615E-30
40.28469798355796 34.44976433993063 14.007183168758125 88.74164549224673 0.0016012624886546246
75.37396238807727 7.850415359344833 3.16944444328162 86.39382219070373 2.404906339207091E-25
69.0 0.0 1.0 70.0 7.649923493694764E-30
74.99000795386758 2.00531914893617 1.0 77.99532710280374 8.419052266365563E-31
109.35934065808239 7.004979071613329 16.670651754993923 133.03497148468963 5.299952723038383E-32
118.54404940855103 8.171366489618542 11.124033643114824 137.83944954128438 4.137803173309559E-38
110.3532064942148 33.98109335106801 6.494450972755544 150.82875081803837 9.672181455891067E-26
88.03468783720443 12.865279781386613 13.090357449806238 113.99032506839728 3.439695351605686E-22
53.59894326270201 39.505797811455274 28.906578815187377 122.01131988934466 0.02298530571264196
124.52817286756155 11.153287669044492 9.154949916739866 144.8364104533459 5.8363661800128505E-40
104.85097911069293 21.731995270672467 23.087925581533668 149.67089996289906 1.8827173154839683E-20
55.922283540960365 43.02406727787556 44.0802616310488 143.02661244988474 0.3410523035729419
52.57158179018539 47.87320981741071 42.023914864223045 142.46870647181913 0.5554389406934153
103.30207511864629 18.365329967449103 19.014936824039633 140.68234191013502 7.910799739677193E-23
106.82154510576211 11.09874414396204 11.064723155513436 128.9850124052376 1.372655127793216E-31
44.602217184980255 35.31213593841755 37.7773531571863 117.6917062805841 0.55412606063528
25.814217186894844 11.875704263331459 16.94812231150543 54.63804376173173 0.06504317240227445
24.622790659449986 16.382926132414223 12.331486987151544 53.33720377901575 0.11007640685032863
45.90430634787259 35.93245496701639 35.15406185768731 116.99082317257628 0.3979261573797407
54.46407953489132 14.64769786084699 31.73657212769939 100.84834952343769 7.005060346872571E-6
38.2035807083996 32.334143879577 35.647777908333836 106.18550249631043 0.7829563355484952
70.11535614226881 29.175769534637507 35.988028880975236 135.27915455788155 2.3208023771030065E-5
117.18011044038089 13.622646039043214 18.04330113996663 148.8460576193907 9.736323680856279E-31
54.24351290223567 40.43949675107958 52.3808655541902 147.06387520750545 0.318396713665939
148.0151154080214 2.6830228609625926 3.3683055801478945 154.06644384913187 5.504577611145623E-60
129.30993251245684 9.197189466535614 7.459960439886231 145.96708241887868 2.789063297633089E-44
26.995192307692307 2.0048076923076925 5.0 34.0 7.316319767350139E-8
17.5 12.0 2.5 32.0 0.004523643616612657
98.3798670455193 3.7278460407636675 4.919277489966084 107.02699057624905 1.253034833728622E-36
27.014104244525836 20.99050405040504 13.995391705069125 62.0 0.12821454828935866
87.56635968881996 5.029414876284928 5.840956937564818 98.4367315026697 1.7263058681680477E-30
48.26036282133361 14.889887743190142 14.113508177169978 77.26375874169374 3.904594170942446E-7
39.59847992191406 21.67106884372125 19.35262129089424 80.62217005652955 0.010372395979557891
26.834096396637765 18.080647696940055 15.928930419325779 60.843674512903604 0.1930130271729422
58.7412200873865 41.88597579995482 25.586260624786583 126.21345651212789 0.0014550602204857642
31.895369606498523 22.045293026487418 7.311954247239573 61.25261688022552 5.546652739620157E-4
27.029987808183435 25.55591652030989 6.063948635850537 58.649852964343864 9.07333496570349E-4
63.08891401555853 18.02315616381115 48.69187308907255 129.80394326844223 4.811531225178681E-6
1.0 0.0 0.0 1.0 0.3678794411714423
Not enough genes
Cannot perform polytomy test with effective N (after polytomies) 1.0:
	(P_006413,P_011719):0.2876820724517809;
117.06656280329311 4.2926266687274675 5.627194830532737 126.98638430255332 1.0306351543676157E-43
101.16153266694818 14.969627738794065 13.898062500797224 130.02922290653947 7.496416544323623E-26
51.4459479931465 32.530652815054715 30.58279382318124 114.55939463138245 0.03087197096835151
44.994842870607016 32.36242234902306 26.88391232493207 104.24117754456215 0.0835179115534772
32.74039638110163 33.23917055875122 14.538025783484054 80.5175927233369 0.014540733031820702
43.43880743628976 19.8427914310707 21.460206745950046 84.7418056133105 0.0021319379807673306
1.0 1.0 1.0 3.0 1.0
Not enough genes
Cannot perform polytomy test with effective N (after polytomies) 3.0:
	(P_011537,P_011607):0.0;
3.0 0.0 0.0 3.0 0.04978706836786395
Not enough genes
Cannot perform polytomy test with effective N (after polytomies) 3.0:
	(P_011739,P_011677):0.9808292530117262;
2.0 1.9884353741496597 0.0 3.9884353741496597 0.36893529869553987
Not enough genes
Cannot perform polytomy test with effective N (after polytomies) 3.9884353741496597:
	(P_011701,(P_011739,P_011677):0.9808292530117262):0.1069072360098557;
28.95634358078022 20.002155772976174 14.037658718233114 62.99615807198951 0.06820468459487578
30.03529031943034 31.192232031218488 19.680972974349196 80.90849532499803 0.22543928008898165
112.89599488940398 7.359842526713515 8.660985566888662 128.91682298300617 8.622787352759037E-38
2.0 0.0 0.0 2.0 0.1353352832366126
Not enough genes
Cannot perform polytomy test with effective N (after polytomies) 2.0:
	(P_011611,P_014073):0.6931471805599453;
10.05413295031272 6.000379070742937 3.014816865299302 19.06932888635496 0.14031763660559554
46.52447287833712 25.070717169707372 23.99382366626543 95.58901371430991 0.006289624628691522
34.132598881584045 33.66423667412634 9.48080161910722 77.27763717481761 4.4500425665447874E-4
29.53626610851083 27.3544733422083 10.655045308496646 67.54578475921578 0.008751750187531186
44.770961563233264 32.392283325663705 27.65816317272962 104.82140806162658 0.10702288656931727
94.40155621714115 11.14014668720453 12.580018275848444 118.12172118019413 8.80618170984409E-26
50.09503943146864 27.62725823411959 36.91330280314162 114.63560046872985 0.03558810450912409
56.1866564781607 25.872906170855327 37.781649556425414 119.84121220544145 0.002911993102194976
23.4206142423764 18.736972864045494 16.504974876248532 58.662561982670425 0.5288393738333205
51.52840017670678 10.795310789737355 7.627040851097198 69.95075181754133 6.843357238494773E-12
5.970770487682252 4.084967320261438E-4 0.11322272498743087 6.084401709401709 0.0031832528063134307
Not enough genes
Cannot perform polytomy test with effective N (after polytomies) 6.084401709401709:
	((P_011579,(P_008632,P_011671):0.15454254116504665):1.7200109375542112,(P_011713,(((KAYP,(BCGB,ABSS):0.5533089638193353):0.258402298738906,(P_011705,(WIGA,(Dhai,(Apet,Msal):0.1635230295680261):0.21397297195133747):0.3127001856812579):0.19810511205315634):0.2529263246654664,((P_006413,P_011719):0.2876820724517809,((P_011679,(P_016813,((GAP_80390,GAP_80389):2.055879153555615,(P_008646,(P_008640,P_006412):1.0731779636973482):0.18366541103650386):0.15234780190310823):0.10809083490285913):0.30101744958097476,((P_011673,((P_011537,P_011607):0.0,(P_011701,(P_011739,P_011677):0.9808292530117262):0.1069072360098557):0.19687297147093535):0.05133522974355476,(P_011759,(P_011681,((P_011675,P_011735):1.6269915382557107,(P_011715,(P_011745,(P_011611,P_014073):0.6931471805599453):0.28962408230976955):0.25168690721714027):0.16731631189211077):0.15823112021525806):0.14458722129400667):1.1670614234618768):0.1623095597908707):0.219953709563738):0.09302238778792614):0.890096342590772):1.4448042698329133;
2.9655172413793105 1.0344827586206897 9.912767644726407E-4 4.000991276764473 0.18309394632878154
Not enough genes
Cannot perform polytomy test with effective N (after polytomies) 4.000991276764473:
	(P_011709,((P_011579,(P_008632,P_011671):0.15454254116504665):1.7200109375542112,(P_011713,(((KAYP,(BCGB,ABSS):0.5533089638193353):0.258402298738906,(P_011705,(WIGA,(Dhai,(Apet,Msal):0.1635230295680261):0.21397297195133747):0.3127001856812579):0.19810511205315634):0.2529263246654664,((P_006413,P_011719):0.2876820724517809,((P_011679,(P_016813,((GAP_80390,GAP_80389):2.055879153555615,(P_008646,(P_008640,P_006412):1.0731779636973482):0.18366541103650386):0.15234780190310823):0.10809083490285913):0.30101744958097476,((P_011673,((P_011537,P_011607):0.0,(P_011701,(P_011739,P_011677):0.9808292530117262):0.1069072360098557):0.19687297147093535):0.05133522974355476,(P_011759,(P_011681,((P_011675,P_011735):1.6269915382557107,(P_011715,(P_011745,(P_011611,P_014073):0.6931471805599453):0.28962408230976955):0.25168690721714027):0.16731631189211077):0.15823112021525806):0.14458722129400667):1.1670614234618768):0.1623095597908707):0.219953709563738):0.09302238778792614):0.890096342590772):1.4448042698329133):0.4934423070396607;
11.657710072585482 11.971802622410944 7.381537028760482 31.011049723756912 0.5293307680633221
23.31413661225972 6.3870597601929955 2.0537404352082733 31.754936807660986 6.627673972868853E-6
71.55867322822101 48.69267224211674 20.26480627515759 140.51615174549534 7.537304202757426E-7
107.62139886561454 12.605626895712637 15.397939854184795 135.62496561551197 8.230250543489469E-29
70.20643305490574 29.265010909300702 31.74034048767705 131.2117844518835 5.84982346239817E-6
59.95356513654757 62.24025755635091 10.079768162874176 132.27359085577265 2.763799333830825E-9
101.73526922208407 16.771249035580627 19.190890179710582 137.6974084373753 7.273429940195384E-23
4.973570004179695 3.9035765706385206 4.044813520909204 12.921960095727421 0.9245494706731772
Not enough genes
Cannot perform polytomy test with effective N (after polytomies) 12.921960095727421:
	(WPHN,(((P_011609,(P2619,Sdec):1.7917594692280545):1.8976117661551695,(MAQO,(WAIL,(P_011527,((GAP_80297,P_014083):2.3881526058330738,(GAP_80298,P_014077):0.13369718812455347):0.16503810563107563):0.27858087418351957):0.9062572100240187):1.7069373778259125):0.1903672846642575,(((P_011587,GAP_79862):1.5783992223741439,(P_014081,(P0104A,P_008647):3.1640675883732072):2.5763003270420275):1.2868194886146611,(((KRJP,(GAP_80395,P_011549):1.5174588522545271):0.892184178114683,((P_011643,(P_011657,(P_011651,P_011509):1.045190437695532):0.16674608547809258):1.517926669983357,((GAP_80393,GAP_80394):0.7849139300997342,((P_011647,(P_011465,(P_011523,(P_011501,(P_011489,P_011487):0.08601131502743445):0.05092346092499716):0.9005789729335524):1.3193776943258906):0.06579064512113056,((P_011637,P_011551):0.21809447594849862,((P_011631,P_007844):0.1981118183754844,(P_007843,(P_007783,P_006414):0.08727472339854025):0.35972951261707553):0.03525142628081314):0.3171068193144267):1.1178102118346296):0.0507967471890124):2.68517255651634):1.7136027292722205,((P_011531,(P_011699,(P_006411,Schi):1.0698406306680228):0.35020242943311486):2.0102562093369345,(VYLQ,(P_008631,(P_018635,(P_011709,((P_011579,(P_008632,P_011671):0.15454254116504665):1.7200109375542112,(P_011713,(((KAYP,(BCGB,ABSS):0.5533089638193353):0.258402298738906,(P_011705,(WIGA,(Dhai,(Apet,Msal):0.1635230295680261):0.21397297195133747):0.3127001856812579):0.19810511205315634):0.2529263246654664,((P_006413,P_011719):0.2876820724517809,((P_011679,(P_016813,((GAP_80390,GAP_80389):2.055879153555615,(P_008646,(P_008640,P_006412):1.0731779636973482):0.18366541103650386):0.15234780190310823):0.10809083490285913):0.30101744958097476,((P_011673,((P_011537,P_011607):0.0,(P_011701,(P_011739,P_011677):0.9808292530117262):0.1069072360098557):0.19687297147093535):0.05133522974355476,(P_011759,(P_011681,((P_011675,P_011735):1.6269915382557107,(P_011715,(P_011745,(P_011611,P_014073):0.6931471805599453):0.28962408230976955):0.25168690721714027):0.16731631189211077):0.15823112021525806):0.14458722129400667):1.1670614234618768):0.1623095597908707):0.219953709563738):0.09302238778792614):0.890096342590772):1.4448042698329133):0.4934423070396607):0.047371029908702324):0.838547841804352):0.2990611413483893):1.1443557729185345):0.351719262250137):0.1921052075853535):0.9169354100758735):0.03652871029236614;
10.003344307473775 2.657442853080936 1.799163454291124 14.459950614845836 0.014716183618574531
Not enough genes
Cannot perform polytomy test with effective N (after polytomies) 14.459950614845836:
	(P_011613,(WPHN,(((P_011609,(P2619,Sdec):1.7917594692280545):1.8976117661551695,(MAQO,(WAIL,(P_011527,((GAP_80297,P_014083):2.3881526058330738,(GAP_80298,P_014077):0.13369718812455347):0.16503810563107563):0.27858087418351957):0.9062572100240187):1.7069373778259125):0.1903672846642575,(((P_011587,GAP_79862):1.5783992223741439,(P_014081,(P0104A,P_008647):3.1640675883732072):2.5763003270420275):1.2868194886146611,(((KRJP,(GAP_80395,P_011549):1.5174588522545271):0.892184178114683,((P_011643,(P_011657,(P_011651,P_011509):1.045190437695532):0.16674608547809258):1.517926669983357,((GAP_80393,GAP_80394):0.7849139300997342,((P_011647,(P_011465,(P_011523,(P_011501,(P_011489,P_011487):0.08601131502743445):0.05092346092499716):0.9005789729335524):1.3193776943258906):0.06579064512113056,((P_011637,P_011551):0.21809447594849862,((P_011631,P_007844):0.1981118183754844,(P_007843,(P_007783,P_006414):0.08727472339854025):0.35972951261707553):0.03525142628081314):0.3171068193144267):1.1178102118346296):0.0507967471890124):2.68517255651634):1.7136027292722205,((P_011531,(P_011699,(P_006411,Schi):1.0698406306680228):0.35020242943311486):2.0102562093369345,(VYLQ,(P_008631,(P_018635,(P_011709,((P_011579,(P_008632,P_011671):0.15454254116504665):1.7200109375542112,(P_011713,(((KAYP,(BCGB,ABSS):0.5533089638193353):0.258402298738906,(P_011705,(WIGA,(Dhai,(Apet,Msal):0.1635230295680261):0.21397297195133747):0.3127001856812579):0.19810511205315634):0.2529263246654664,((P_006413,P_011719):0.2876820724517809,((P_011679,(P_016813,((GAP_80390,GAP_80389):2.055879153555615,(P_008646,(P_008640,P_006412):1.0731779636973482):0.18366541103650386):0.15234780190310823):0.10809083490285913):0.30101744958097476,((P_011673,((P_011537,P_011607):0.0,(P_011701,(P_011739,P_011677):0.9808292530117262):0.1069072360098557):0.19687297147093535):0.05133522974355476,(P_011759,(P_011681,((P_011675,P_011735):1.6269915382557107,(P_011715,(P_011745,(P_011611,P_014073):0.6931471805599453):0.28962408230976955):0.25168690721714027):0.16731631189211077):0.15823112021525806):0.14458722129400667):1.1670614234618768):0.1623095597908707):0.219953709563738):0.09302238778792614):0.890096342590772):1.4448042698329133):0.4934423070396607):0.047371029908702324):0.838547841804352):0.2990611413483893):1.1443557729185345):0.351719262250137):0.1921052075853535):0.9169354100758735):0.03652871029236614):0.6359606995786655;
33.78747305455094 17.28597853103746 16.34238059225594 67.41583217784434 0.013797416621194407
66.94113587009241 41.92977763468455 32.838477673398984 141.70939117817593 0.0013572655570735287
73.96243579521636 35.30082413731473 20.87595395737992 130.13921388991102 2.8603073867145528E-8
73.15525154454625 46.68549454457708 9.51326963672286 129.35401572584618 5.0694966574824635E-11
71.68125718959136 18.08093269763678 57.073059360730596 146.83524924795876 1.5390944015337815E-7
110.67760986822199 34.92409601122897 4.25548217212553 149.8571880515765 8.13771658381183E-27
116.87070565242357 7.676364325200622 21.536882314198163 146.08395229182236 3.0277643640327286E-32
85.18961469801432 25.85639054559623 23.805623374279783 134.85162861789033 1.8067995527096923E-12
87.28403354226525 19.51661606680858 23.940307903322317 130.74095751239614 4.739462110827138E-15
23.997847159413404 0.019717745971374236 2.9661205451705035 26.98368545055528 5.54234384428914E-9
11.090741166404882 5.999879324215607 1.9093795093795094 18.999999999999996 0.03541228642304829
2.9135505243907596 2.0910791052388698 1.0 6.00462962962963 0.6310561160525747
Not enough genes
Cannot perform polytomy test with effective N (after polytomies) 6.00462962962963:
	(S04,(S27,P_016789):0.40317611108241974):0.13229742282924048;
7.173610072458148 4.571421914825364 2.141535538891973 13.886567526175483 0.25458033047183376
Not enough genes
Cannot perform polytomy test with effective N (after polytomies) 13.886567526175483:
	(S38,(S04,(S27,P_016789):0.40317611108241974):0.13229742282924048):0.25209248917145205;
131.96279310827057 3.982619485624393 2.0794188346060825 138.02483142850105 4.852829163068271E-53
113.01193871917556 1.0 1.0095923813029075 115.02153110047847 4.273064792988607E-48
42.37168316295329 41.312500526886005 41.085956517381696 124.770140207221 0.9887379379478546
44.86241645523334 37.72436842631911 40.51566506582025 123.10244994737269 0.7295435703269058
29.220511141365744 21.843609421400817 16.054657018780407 67.11877758154696 0.14279740763842025
47.56821567529412 12.54582833891817 15.426222916944035 75.54026693115632 3.0235145202426906E-7
51.475335609552246 30.967930074685132 35.263120262994434 117.70638594723181 0.050726378466102784
49.96327174754784 41.222259023469114 33.51592258606341 124.70145335708037 0.19610131652108384
1.248170731707317 0.45284552845528453 1.0722560975609756 2.7732723577235774 0.827956566490426
Not enough genes
Cannot perform polytomy test with effective N (after polytomies) 2.7732723577235774:
	((P_016797,(OBPL,(GAP_80397,P_016799):0.2578758632698056):0.9175096455296692):1.1772579610244536,((P_016793,(P_006422,P_016795):0.5809218186136059):0.6808517235901435,(P_018693,((S08,P_014095):1.5434089180122261,((S38,(S04,(S27,P_016789):0.40317611108241974):0.13229742282924048):0.25209248917145205,(P_016791,((S03,P_014099):2.574453728689239,(P_016787,S02):3.246506030612994):0.005361040215627312):0.04316068112955289):0.15483811733951988):0.5660202438727711):0.1630527917009899):0.10116215566868764):0.0;
1.7971632618564668 1.0033459504491453 0.08398833671399594 2.884497549019608 0.465571827699226
Not enough genes
Cannot perform polytomy test with effective N (after polytomies) 2.884497549019608:
	(P_007845,((P_016797,(OBPL,(GAP_80397,P_016799):0.2578758632698056):0.9175096455296692):1.1772579610244536,((P_016793,(P_006422,P_016795):0.5809218186136059):0.6808517235901435,(P_018693,((S08,P_014095):1.5434089180122261,((S38,(S04,(S27,P_016789):0.40317611108241974):0.13229742282924048):0.25209248917145205,(P_016791,((S03,P_014099):2.574453728689239,(P_016787,S02):3.246506030612994):0.005361040215627312):0.04316068112955289):0.15483811733951988):0.5660202438727711):0.1630527917009899):0.10116215566868764):0.0):0.21564074513884346;
25.613615066345986 18.470861788286932 16.986840341727163 61.071317196360084 0.3516819339651412
149.58632292321735 4.100231548553396 0.9825151960964076 154.66906966786718 1.8476433713924172E-61
19.76740615086142 2.4268442312851235 15.682526869038293 37.87677725118483 0.0014896825528586614
39.089379342504266 27.584597429440134 36.661117421556256 103.33509419350065 0.34383508084637615
61.979647949261064 43.00406855521756 24.03456380669588 129.0182803111745 2.3173520097748704E-4
66.60802973992524 40.153059160159664 30.250173935535017 137.0112628356199 4.3683443738659546E-4
55.9292801120505 44.26279019623703 43.135562033303884 143.32763234159142 0.3498537407066403
70.57439890211381 52.88999050851358 25.534347963109955 148.99873737373736 3.141808066146045E-5
95.26870114368906 40.190872148770204 1.5404267075407554 137.0 7.936091664688299E-22
99.44616132167154 1.8714274728222684 7.611998206183253 108.92958700067706 1.3898476213966222E-36
66.23312049841243 17.038228342973817 27.202902717653032 110.47425155903927 1.1107424047611516E-8
149.0073431832257 0.16624028240838398 2.2885907238128405 151.4621741894469 2.3475094323341934E-63
152.92248062015506 0.47619047619047616 0.07751937984496124 153.4761904761905 1.1621639959585636E-66
87.00265523949734 1.0 4.997344760502655 93.0 9.785183928276556E-34
114.48824810823206 7.5 14.011751891767943 136.0 3.4418647725369743E-35
124.9949494949495 2.005050505050505 3.0 130.0 7.446270328087242E-51
97.5151007563068 17.98994974874372 30.483838383838382 145.9888888888889 4.761106390092304E-17
140.32823129251702 3.0884353741496597 3.0833333333333335 146.50000000000003 1.4550787180809693E-56
145.97751958938642 2.177190840318386 0.8695172862311731 149.02422771593598 1.5293352465285731E-61
61.31284887491095 31.024422481618508 51.34823867408628 143.68551003061575 0.0069068625212271376
148.0 0.0 2.0 150.0 2.672089788592241E-63
138.98831677255097 6.027477927367391 7.984205300081653 153.0 3.5196800956687428E-50
112.49367088607595 21.5 20.508780094316204 154.50245098039215 2.949122297132015E-24
156.6656908345073 0.7186915450804339 0.6056852450952931 157.99006762468304 1.2601418665178615E-67
135.0 6.0 11.0 152.0 1.6779930870022295E-46
153.87076271186442 0.125 0.00423728813559322 154.0 1.9359497715181608E-67
94.52448846638102 13.57911285298195 8.67735106158941 116.78095238095237 1.170591095733307E-26
59.3104124743161 36.37002008966372 47.54540070861238 143.22583327259218 0.06352205550829075
68.86203456714554 44.47311840041249 34.42646137097586 147.7616143385339 0.0017174960421151855
63.386315320222394 48.14661422943223 37.618847127748325 149.15177667740295 0.034187127189821614
150.02337287686555 0.0 1.9766271231344381 152.0 3.381144959864264E-64
102.0801088774753 21.584631501479556 26.467372600903524 150.1321129798584 2.1104086492127737E-18
131.01471528339852 16.918986216099686 3.0607736386233277 150.99447513812152 2.8679931381764875E-43
67.18487700658544 37.08339537578506 47.412615793760025 151.6808881761305 0.009781507960300619
66.88618338454772 35.36706834115318 47.13973877894007 149.39299050464098 0.00613432654991537
112.94013113299617 17.975418285884214 21.5615296873567 152.47707910623708 1.7656186449844273E-25
133.1288532299962 10.900013099130655 12.307216768234877 156.33608309736172 9.332132094995798E-42
142.99502487562188 2.036697247706422 2.9682778766716877 148.0 1.196784789934284E-58
145.4400247277869 2.0360887270409593 3.0423197248956355 150.51843317972347 1.195717657600504E-59
81.93912297893189 35.78868767195568 29.447622950060655 147.17543360094822 5.405892118915076E-8
134.51803783550653 8.005177014013238 7.476785150480243 150.0 2.917195143809093E-47
87.38271630647637 31.56706405177831 31.0230439631935 149.97282432144817 7.755468567471908E-10
98.4865631163708 33.06429117357002 23.849293639053254 155.40014792899407 1.3073954047335555E-14
147.25626335156417 3.7261988629501137 3.577348271649512 154.5598104861638 1.1321710418953265E-58
58.762170140136185 46.92009889130258 42.361024187457 148.04329321889577 0.23402281841405373
153.65168539325842 0.6816479400749064 1.6666666666666665 156.0 1.875307997270458E-65
76.11326320346498 18.861825310490524 50.02491148604449 145.0 4.147551116426456E-8
142.38072242981457 1.5243450784804167 10.094932491705045 154.0 1.7587328914799552E-53
64.30546641056216 46.40591224764939 43.31535930970288 154.0267379679144 0.08197942367915709
49.008599525343435 46.012438705766336 49.98377062976429 145.00480886087405 0.9151971837593207
113.9954954954955 21.504608294930875 16.5 152.00010379042638 1.4581679202424394E-26
150.82727656355107 1.663096859114016 1.1762932440015772 153.66666666666666 8.147788299721887E-64
140.95637334043008 9.99859857517681 5.5580150973801095 156.512987012987 5.543104454063159E-50
65.31193151953147 53.21118502246571 37.145242172046814 155.668358714044 0.02133047037457549
154.49251442563946 1.3511981812251062 2.6934664383153373 158.5371790451799 2.057644592531975E-64
146.54574704337466 2.9941880127703397 5.726200842115527 155.26613589826053 2.73009854690856E-57
149.76365983024616 3.2323295532739085 2.3332025151380664 155.3291918986581 3.945221930682298E-61
68.00386678941796 40.35475532538245 35.39092852747527 143.74955064227566 0.0015896330326594106
131.9125489675733 7.286569814704682 7.353535726399709 146.55265450867768 9.959453894940841E-47
133.6769826303479 10.69350611582056 7.377562643585239 151.7480513897537 3.271061272787594E-45
120.89268292682927 10.35224327593158 5.142122886298264 136.3870490890591 1.4802345822718778E-41
86.00189330076935 30.589613790985368 27.024346566781876 143.6158536585366 1.1991775596470204E-10
138.98230903738423 4.25884865502853 3.8155907738449137 147.05674846625766 1.6613676753417427E-54
136.0048725518406 1.5464150177165656 8.499264815969015 146.05055238552617 7.52323289016329E-52
80.12526295358344 34.15319851242054 33.386645833698026 147.66510729970202 4.773812218180243E-7
54.73183552246791 49.517418147506866 42.78141909371469 147.03067276368947 0.4807443864068588
146.0032680554072 1.0 3.8927715485531817 150.8960396039604 4.6591477702689085E-60
50.7142021957819 36.125957240006414 42.44893288268362 129.28909231847194 0.28885351862685577
122.90998647536897 9.350212794829238 9.934539820598584 142.1947390907968 6.529847258891386E-40
145.51419307897544 1.5044734998194451 4.005849221408994 151.0245158002039 2.400160303092064E-59
84.5619836516071 28.63028416282225 31.794973092201857 144.9872409066312 1.3475251838352213E-9
48.76041440401792 48.67363645025616 46.085664635972485 143.51971549024657 0.9528631256869644
70.24485611709852 35.26079981090851 37.077257016279226 142.58291294428625 2.8554158951221183E-4
99.40996819231756 17.37597072808842 19.897681418609917 136.6836203390159 1.797742046713695E-21
42.30098325155271 42.52617988611005 41.88812429955034 126.71528743721309 0.9975239655819803
87.64921457507373 22.516059837652875 25.994246095135882 136.15952050786248 1.4212500938496185E-13
73.07596624162186 1.067512230688522 4.684271781885035 78.82775025419541 6.241558914542858E-28
36.70709345350014 31.91281246034905 34.095653834677975 102.71555974852717 0.845118835685673
133.10046398320108 3.9379793013916644 6.875447379419716 143.91389066401246 5.944987257377294E-50
43.388393977273246 26.002814497801452 30.008160860389964 99.39936933546467 0.08194680638601382
131.04002562564062 7.047748248812449 6.965537039741783 145.05331091419484 8.688280146424063E-47
106.96488908576676 9.652086065489303 7.385988579995158 124.00296373125121 1.1060032291860063E-34
39.738830120105845 29.853775238856123 27.6545328159193 97.24713817488127 0.2785688177580618
144.92464734353274 1.9193048309870722 0.0950303954880614 146.93898257000788 5.960660260135591E-62
51.50574029819341 31.919494416051037 30.36113713696879 113.78637185121325 0.025706800608268885
36.671770808627876 30.748007403001676 23.029784442688086 90.44956265431763 0.21181185560289917
31.524604193367203 28.72977988305483 29.028544715065383 89.28292879148742 0.9239161854031063
35.746340398767906 28.13858446083011 29.318345599568538 93.20327045916656 0.5829690936556422
41.10566216439329 30.42820710592125 31.6441873520299 103.17805662234444 0.37029394663388204
100.1693907595556 10.074295423584582 10.026407395917184 120.27009357905737 4.715472335186486E-30
37.22902529670416 25.526331770485225 36.90646985115079 99.66182691834017 0.26254162303501466
34.58941408904003 28.693450365328108 33.05662310838022 96.33948756274836 0.7472071937333521
42.64051683969864 27.988395049531896 27.985370484655 98.61428237388554 0.113328626795051
36.81596910206504 29.703126577964323 38.0838570426718 104.60295272270116 0.5569693833556919
128.5818238059323 8.613082099339465 5.680059261288438 142.8749651665602 1.431041592359032E-45
118.15480651101129 14.180439738577276 9.847764786201013 142.18301103578958 3.5134933354275137E-35
147.25000156621854 3.0201300093407837 1.0133506758536657 151.283482251413 2.753082994987564E-61
146.5325434105818 3.5870820108880257 3.720515862991569 153.8401412844614 2.343114380289198E-58
77.28034417330751 39.19878533601157 31.609066203946554 148.08819571326563 5.37602156883368E-6
140.287278839337 5.256919419106604 8.266264430798845 153.81046268924246 4.356112947045715E-51
157.5976087813262 0.20630853553079917 0.19173963314484463 157.99565695000183 7.961374046161655E-69
101.71166692183034 7.455373712053044 45.312603072194705 154.4796437060781 1.0614426104715384E-19
103.1493488604435 11.544664962719953 37.4183877739107 152.11240159707415 7.896161082004206E-20
144.33909251901267 3.362309816872945 4.433662751681392 152.135065087567 4.9316857426653443E-57
109.30144238104332 20.474821929762225 12.242737992403555 142.0190023032091 2.6823409166505242E-27
77.73195423874255 6.00960278858627 1.230860850903495 84.9724178782323 6.918680258915043E-29
74.19024358622373 8.89640879607657 4.913347617699702 88.0 3.9646727423428265E-23
43.245535714285715 0.75 21.004464285714285 65.0 8.790782408067816E-10
Extended species tree:
(P0109B,((OSHQ,P_018831)0:1.139404588459786,((WZFE,P_016909)0:2.4646620342911394,(P0203H,((((SJEV,(P_019193,(P_019187,Wsal)0:0.7959732737488706)0:0.8676151076169007)0:2.315580755724202,(P_016921,(GAP_81227,(WKSU,(Pcol,(GAP_81226,P_006410)0:1.1790294409613744)0:0.7068086592090694)0.00003:0.20439336517588894)0:0.5047080955307486)0:2.751600348099496)0:2.311031216773121,(((P_025527,(P_025525,P_025523)NA:0.2876820724517809)NA:0.7555328373464888,(P_019189,((P_019197,PAWA)0:0.7387894106078757,(Asie,QDVW)0:3.1620534890015053)0.00661:0.14467934014485978)0.15328:0.2503538051153226)0.68511:0.007488529352216087,(((P_019185,CSSK)0.0135:0.16391579445079088,(OPDF,P2589)0:1.0113011662942961)0:1.5310256970606566,((P_019191,P_019199)NA:0.8901414012927881,(GAP_80417,(GAP_79804,P2590)0:1.9632858456828275)0.00008:0.7832524826695233)0:0.9382807254249995)0:1.907064935754934)0:1.7679516915770583)0.00102:0.1632892723775451,((P_011613,(WPHN,(((P_011609,(P2619,Sdec)NA:1.7917594692280545)0:1.8976117661551695,(MAQO,(WAIL,(P_011527,((GAP_80297,P_014083)0:2.3881526058330738,(GAP_80298,P_014077)0.24809:0.13369718812455347)0.09166:0.16503810563107563)0.00014:0.27858087418351957)0:0.9062572100240187)0:1.7069373778259125)0.0016:0.1903672846642575,(((P_011587,GAP_79862)0:1.5783992223741439,(P_014081,(P0104A,P_008647)0:3.1640675883732072)0:2.5763003270420275)0:1.2868194886146611,(((KRJP,(GAP_80395,P_011549)0:1.5174588522545271)0:0.892184178114683,((P_011643,(P_011657,(P_011651,P_011509)0:1.045190437695532)0.02299:0.16674608547809258)0:1.517926669983357,((GAP_80393,GAP_80394)0:0.7849139300997342,((P_011647,(P_011465,(P_011523,(P_011501,(P_011489,P_011487)0.34105:0.08601131502743445)0.55544:0.05092346092499716)0:0.9005789729335524)0:1.3193776943258906)0.55413:0.06579064512113056,((P_011637,P_011551)0.06504:0.21809447594849862,((P_011631,P_007844)0.11008:0.1981118183754844,(P_007843,(P_007783,P_006414)0.39793:0.08727472339854025)0.00001:0.35972951261707553)0.78296:0.03525142628081314)0.00002:0.3171068193144267)0:1.1178102118346296)0.3184:0.0507967471890124)0:2.68517255651634)0:1.7136027292722205,((P_011531,(P_011699,(P_006411,Schi)0:1.0698406306680228)0.00452:0.35020242943311486)0:2.0102562093369345,(VYLQ,(P_008631,(P_018635,(P_011709,((P_011579,(P_008632,P_011671)0.12821:0.15454254116504665)0:1.7200109375542112,(P_011713,(((KAYP,(BCGB,ABSS)0:0.5533089638193353)0.01037:0.258402298738906,(P_011705,(WIGA,(Dhai,(Apet,Msal)0.19301:0.1635230295680261)0.00146:0.21397297195133747)0.00055:0.3127001856812579)0.00091:0.19810511205315634)0:0.2529263246654664,((P_006413,P_011719)NA:0.2876820724517809,((P_011679,(P_016813,((GAP_80390,GAP_80389)0:2.055879153555615,(P_008646,(P_008640,P_006412)0:1.0731779636973482)0.03087:0.18366541103650386)0.08352:0.15234780190310823)0.01454:0.10809083490285913)0.00213:0.30101744958097476,((P_011673,((P_011537,P_011607)NA:0.0,(P_011701,(P_011739,P_011677)NA:0.9808292530117262)NA:0.1069072360098557)0.0682:0.19687297147093535)0.22544:0.05133522974355476,(P_011759,(P_011681,((P_011675,P_011735)0:1.6269915382557107,(P_011715,(P_011745,(P_011611,P_014073)NA:0.6931471805599453)0.14032:0.28962408230976955)0.00629:0.25168690721714027)0.00045:0.16731631189211077)0.00875:0.15823112021525806)0.10702:0.14458722129400667)0:1.1670614234618768)0.03559:0.1623095597908707)0.00291:0.219953709563738)0.52884:0.09302238778792614)0:0.890096342590772)NA:1.4448042698329133)NA:0.4934423070396607)0.52933:0.047371029908702324)0.00001:0.838547841804352)0:0.2990611413483893)0:1.1443557729185345)0.00001:0.351719262250137)0:0.1921052075853535)0:0.9169354100758735)NA:0.03652871029236614)NA:0.6359606995786655,((((P_018779,P_018639)0.0138:0.27546618013185686,(P_018695,(P_018783,P_018645)0.00136:0.22766581532696745)0:0.42464651368608103)0:0.41825654612268937,(P_018691,(P_007845,((P_016797,(OBPL,(GAP_80397,P_016799)0:0.2578758632698056)0:0.9175096455296692)0:1.1772579610244536,((P_016793,(P_006422,P_016795)0:0.5809218186136059)0:0.6808517235901435,(P_018693,((S08,P_014095)0:1.5434089180122261,((S38,(S04,(S27,P_016789)0.03541:0.40317611108241974)NA:0.13229742282924048)NA:0.25209248917145205,(P_016791,((S03,P_014099)0:2.574453728689239,(P_016787,S02)0:3.246506030612994)0.98874:0.005361040215627312)0.72954:0.04316068112955289)0.1428:0.15483811733951988)0:0.5660202438727711)0.05073:0.1630527917009899)0.1961:0.10116215566868764)NA:0.0)NA:0.21564074513884346)0.35168:0.12666615038098894)0:2.8368109364378884,(((P2622,P2623)0.00149:0.3047531301624223,(P0110C,(XQWC,(P0207A,((P0207C,P0110B)0.34384:0.06398229961087319,(P0207B,(P0206G,P0206H)0.00023:0.24213428341526552)0.00044:0.2535270386969358)0.34985:0.08476750212551579)0.00003:0.2303569172925243)0:0.7668569310305795)0:1.9445794312977778)0:0.4963218761269692,((DHPO,GAP_80322)0:3.381677875863273,((P_012795,P_012941)0:4.1939293427182305,((P_012861,((P_012855,(P_012827,P_007802)0:2.1922989169947202)0:1.400478338563247,((P_012921,P_012919)0:2.677131349096741,(P_012813,P_018637)0:0.6834488933763562)0:2.618210761823774)0:3.2074279487003454)0.00691:0.14577693077287876,(((P_012867,((P_012847,P_012923)0:3.5132024400386506,(P_012817,P_012899)0:1.9226587145443597)0:0.879792102228796)0:3.8199246685195893,(P_012843,(((P_012937,(P_006421,P_012939)0:1.7346010553881062)0:4.516417570230805,(P_012803,(P_012853,(P_012837,P_012829)0:1.2167783442517737)0.06352:0.12425953793790956)0.00172:0.2161094195298425)0.03419:0.14297288708720404,(((P_012801,(P_012809,P_012879)0:3.534181991653519)0:0.7198082230502966,(P_012839,(P_012805,(P_012825,(YZRI,P_012799)0:1.5748209077900637)0.00978:0.17441521512481542)0.00613:0.18285854570390261)0:0.9258722721266769)0:1.4662677225761827,((P_012909,((P_012865,(P_012931,(P_012933,P_012935)0:2.8058928847988374)0:2.8104992866558915)0:0.39970301444300343,((P_012849,P_012871)0:1.8095481479334576,(P_012807,P_012845)0:0.4591768172352647)0:0.5880006833475421)0:2.5248823937879252)0.23402:0.09584332232664847,((P_012833,GAP_81172)0:3.4423235804668746,((P_012927,(GAP_80295,PSJT)0:0.3312656277644146)0:2.1027343981713145,((P_012791,P_012915)0.08198:0.13034064078698823,(P_012869,(P_012835,(P_012819,P_012823)0.9152:0.003502551736364649)0:0.9612936910952199)0:3.290493628778388)0:1.847257164309078)0.02133:0.13389745991909716)0:3.0484807106116447)0:2.371869821606423)0:2.7646653295784627)0.00159:0.22904275552784142)0:1.8388815004426073)0:1.6751522709439437,((P_012797,(P_012841,((P_012877,P_012913)0:1.7143181323561942,(P_012811,(P_012895,P_012891)0:0.4976429340609337)0:2.38666892042616)0:2.1832719270921617)0:0.36881582072274793)0.48074:0.0561467473913256,(((P_012857,(P_012925,P_012883)0:2.8440047902377996)0.28885:0.08759206809242152,((P_012903,P_012815)0:1.54887090641025,(P_012875,(P_012901,((P_012887,P_012851)0:2.745187659746671,(P_012831,P_012905)0:0.4602330122164271)0.95286:0.006113066891383702)0.00029:0.26636788389756955)0:0.8747316128195464)0.99752:0.0)0:0.6134986750542972,(P_018689,((P_012885,(GAP_80294,P_006420)0:2.064599315320865)0.84512:0.031368067642350776,(P_012859,((P_012897,(P_012893,GAP_80293)0:2.1014378615075366)0.08195:0.16044701816759965,(((P_012911,(P_012821,P_012917)0:1.86957109518201)0:1.530387556793034,(P_012889,((P_012863,P_006418)0.27857:0.11285225204139343,(P_012793,(P_006419,GAP_80292)0:3.487955483576197)0.02571:0.19002835292917655)0.21181:0.10703763084543332)0.92392:0.02405044624083609)0.58297:0.07169954632414109,((P_012907,GAP_80291)0.37029:0.0963532249565743,(P_012881,P_012873)0:1.3432487793105785)0.26254:0.056320439086646655)0.74721:0.03357988297062049)0.11333:0.15324953543107092)0.55697:0.023206688682504386)0:1.836075066015764)0:1.3386551314207056)0:3.004166960640786)0:2.519757627490345)0.00001:0.32507911726211147)0:1.9609901804260506)0:4.3283346803221905)0:0.6563716434080615)0:0.714423407515484)0:2.451561248154379)0:1.039493628972535)0:1.9395048050899713)0:1.38788508089504)0:0.6594282754332594));
Weight calculation took 42.590786141 secs
ASTRAL finished in 61.977 secs
