
================== ASTRAL ===================== 

This is ASTRAL version 5.7.7
Gene trees are treated as unrooted
327 trees read from all_bs10.trees
index224
All output trees will be *arbitrarily* rooted at P0109B

======== Running the main analysis
Number of taxa: 239 (239 species)
Taxa: [KRJP, WAIL, MAQO, Asie, QDVW, PAWA, P2589, P_019185, OPDF, CSSK, P_018831, P_016909, SJEV, P_019187, P_006410, GAP_81226, P_016921, GAP_81227, P_012827, P_012813, P_012919, P_012921, P_012861, P_018689, GAP_80293, P_012893, GAP_80291, P_012859, GAP_80292, GAP_80294, P_012873, P_012889, P_012793, P_012911, P_012821, P_012917, P_012863, P_012885, P_012881, P_012897, P_012907, P_012891, P_012895, P_012811, P_012857, P_012815, P_012903, P_012925, P_012883, P_012887, P_012851, P_012901, P_012875, P_012831, P_012797, P_012841, P_012913, P_012877, P_012867, P_012899, P_012817, P_012923, P_012847, P_012803, P_012853, P_012937, P_006421, P_012939, P_012843, P_012837, P_012809, P_012801, P_012799, P_012825, P_012909, GAP_81172, P_012833, GAP_80295, P_012927, PSJT, P_012915, P_012791, P_012835, P_012819, P_012823, P_012869, P_012849, P_012871, P_012865, P_012931, P_012935, P_012933, P_012845, P_012807, P_012795, P_018695, P_018645, P_018783, GAP_80397, OBPL, P_016799, P_016797, P_016793, P_016795, P_006422, P_014099, S03, P_016789, P_016787, P_016791, P_018693, P_019189, P0110C, P0207C, P0207A, XQWC, P0207B, P0206H, P0206G, YZRI, GAP_80322, DHPO, P2590, GAP_79804, GAP_79862, P_011527, P_008646, P_006412, P_011715, P_011735, GAP_80389, GAP_80390, WKSU, WZFE, WPHN, BCGB, WIGA, ABSS, Apet, Dhai, VYLQ, P_006413, P_011675, P_011759, P_008640, P_016813, P_018635, P_011531, Schi, P_006411, GAP_80297, P_014083, GAP_80298, P_014077, P2619, P2622, P_012905, P_006419, P_006418, P_012879, P_012805, P_012839, P_012829, P_012855, P_007802, P_018637, P_012941, P_018639, OSHQ, P_019193, Wsal, Pcol, P_019191, P_019197, GAP_80395, P_011549, GAP_80393, GAP_80394, P_011651, P_011509, P_011643, P_006414, P_011631, P_007783, P_011637, P_011647, P_011489, P_011465, P_011501, P_011523, P_011487, P_011587, P_014081, P_008647, P0104A, P_008631, P_011671, P_011679, P_008632, KAYP, Msal, P_011537, P_011713, P_011705, P_018779, P0110B, S02, S08, S27, P_007844, P_011657, P_011739, P_011673, GAP_80417, P_018691, P_006420, P_007843, P_011611, P_011745, P_011677, P_011579, P0203H, P_011551, P_025525, P0109B, P_014095, P_011681, P2623, P_011609, P_025523, S38, P_011699, P_011607, P_019199, P_011613, P_007845, S04, P_011701, P_025527]
Taxon occupancy: {P_019193=93, P_019191=7, P_019197=177, OPDF=308, GAP_81172=240, P_018783=244, P_019199=1, Wsal=115, P_016921=259, WKSU=324, P_025523=3, P_025525=8, P_025527=1, P0203H=64, P_014077=47, QDVW=316, P_011487=256, P_011489=263, P_016813=233, P_006421=225, P_006422=251, P_006420=42, P_006418=207, P_006419=226, P_006414=240, P_014081=46, P_014083=78, P_018689=241, P0206H=182, P0206G=166, Msal=268, P0109B=41, P_006410=210, P_012901=231, P_006411=201, P_012903=250, P_006412=239, P_006413=249, P_012905=248, PAWA=306, P_012907=249, GAP_79862=202, ABSS=321, P_012909=232, P_018691=68, GAP_80291=265, P_018695=242, P_014095=13, GAP_80293=226, GAP_80292=217, P_018693=219, GAP_80295=217, GAP_80294=208, P_014099=194, GAP_80297=244, GAP_80298=243, P_012911=241, P_011701=2, P_012913=194, P_012915=242, P_011705=28, P_012917=192, P_012919=145, P_012881=238, P_011671=76, P_011551=31, MAQO=320, P_012883=241, P_011673=56, P_012885=233, GAP_80322=259, P_011675=151, P2590=164, P_012887=238, P_011677=81, P_012889=229, P_011679=78, P_008647=193, PSJT=311, P2589=151, P_012891=203, P_011681=54, P_012893=229, P_018637=201, P_012895=222, P_018635=126, P_012897=228, P0207C=190, P_012899=212, P0207B=206, P0207A=206, P_018639=111, P_008646=258, P_008640=251, BCGB=319, WZFE=319, P_018645=236, KRJP=317, KAYP=196, P_011699=10, P_011579=68, CSSK=308, P_008632=240, P_016909=256, P_007783=168, P_008631=48, P_019187=213, P_019185=222, P_019189=168, P_012791=225, P_012793=236, Asie=237, P_012795=240, P_011465=273, P_018779=44, P_012797=242, P_011587=56, P_012799=236, GAP_80417=44, WIGA=312, GAP_79804=122, P_007802=62, P_012841=232, P_011631=68, P_012843=251, Pcol=115, P_012845=233, P_012847=215, P_011637=213, P_011759=110, P_012849=211, Apet=136, OBPL=320, P0110C=155, P_018831=212, P0110B=86, YZRI=319, P_012851=232, P_012853=221, P_011643=249, P_011523=260, P_012855=181, P_012857=221, P_011647=133, P_011527=87, P_012859=191, WAIL=322, P_016789=229, P_012861=228, P_011651=117, P_016787=239, P_011531=83, P_012863=239, P_012865=209, Schi=124, P_012867=228, P_011657=118, P_011537=63, P_012869=217, P_016793=231, P_016791=241, P_016797=247, SJEV=316, P_016795=233, P_012871=206, P_012873=248, P_016799=247, P_012875=222, P_012877=231, P_012879=233, P_011549=156, P_007844=31, P_007845=1, S02=89, P_012921=109, S04=2, P_012801=229, S03=174, P_012923=196, P_011713=35, P_012803=224, P_012925=234, P_011715=84, S08=35, P_012805=220, P_007843=108, P_012927=216, P_012807=229, P_012809=240, VYLQ=319, DHPO=322, GAP_80390=235, P2622=87, P2623=20, XQWC=324, GAP_80394=247, GAP_80393=282, GAP_80395=265, GAP_80397=261, P_012931=211, P_012811=227, P_012933=187, WPHN=317, P_012813=203, P_012935=211, P_012815=228, P_012937=232, P_012817=221, P_011607=1, P_012939=218, P_012819=226, P_011609=29, P2619=50, OSHQ=316, GAP_80389=222, P_012941=236, P_012821=239, P_011611=23, P_012823=228, P_011613=1, P_011735=222, P_012825=194, S27=52, P_012827=131, P_011739=112, P_012829=165, Dhai=295, P0104A=129, P_012831=235, P_011501=275, GAP_81226=239, P_012833=221, GAP_81227=258, P_011745=103, P_012835=215, S38=6, P_012837=230, P_012839=208, P_011509=255}
Number of gene trees: 327
327 trees have missing taxa
Calculating quartet distance matrix (for completion of X)
Species tree distances calculated ...
Will attempt to complete bipartitions from X before adding using a distance matrix.
Building set of clusters (X) from gene trees 
------------------------------
gradient0: 20625
Number of Clusters after addition by distance: 20625
calculating extra bipartitions to be added at level 1 ...
Adding to X using resolutions of greedy consensus ...
Limit for sigma of degrees:6025
polytomy size limit : 11
discarded polytomies:  [3, 3, 3, 3, 3, 3, 3, 3, 3, 3, 3, 3, 3, 4, 4, 4, 4, 4, 4, 5, 5, 6, 8, 9, 11]
Threshold 0.0:
Threshold 0.01:
Threshold 0.02:
Threshold 0.05:
Threshold 0.1:
polytomy of size 3; rounds with additions with at least 5 support: 0; clusters: 20625
Threshold 0.2:
polytomy of size 3; rounds with additions with at least 5 support: 0; clusters: 20625
polytomy of size 6; rounds with additions with at least 5 support: 0; clusters: 20625
polytomy of size 3; rounds with additions with at least 5 support: 0; clusters: 20625
polytomy of size 3; rounds with additions with at least 5 support: 0; clusters: 20625
polytomy of size 4; rounds with additions with at least 5 support: 0; clusters: 20625
polytomy of size 8; rounds with additions with at least 5 support: 0; clusters: 20627
polytomy of size 3; rounds with additions with at least 5 support: 0; clusters: 20627
polytomy of size 3; rounds with additions with at least 5 support: 0; clusters: 20627
Threshold 0.3333333333333333:
polytomy of size 4; rounds with additions with at least 5 support: 0; clusters: 20627
polytomy of size 4; rounds with additions with at least 5 support: 0; clusters: 20627
polytomy of size 3; rounds with additions with at least 5 support: 0; clusters: 20627
polytomy of size 9; rounds with additions with at least 5 support: 0; clusters: 20627
polytomy of size 4; rounds with additions with at least 5 support: 0; clusters: 20627
polytomy of size 5; rounds with additions with at least 5 support: 0; clusters: 20627
polytomy of size 5; rounds with additions with at least 5 support: 0; clusters: 20627
polytomy of size 11; rounds with additions with at least 5 support: 0; clusters: 20631
polytomy of size 3; rounds with additions with at least 5 support: 0; clusters: 20631
polytomy of size 3; rounds with additions with at least 5 support: 0; clusters: 20631
polytomy of size 3; rounds with additions with at least 5 support: 0; clusters: 20631
polytomy of size 3; rounds with additions with at least 5 support: 0; clusters: 20631
polytomy of size 3; rounds with additions with at least 5 support: 0; clusters: 20631
polytomy of size 3; rounds with additions with at least 5 support: 0; clusters: 20631
polytomy of size 4; rounds with additions with at least 5 support: 0; clusters: 20631
polytomy of size 4; rounds with additions with at least 5 support: 0; clusters: 20631
max k is :0
Number of Clusters after addition by greedy: 20631
gradient0 in heuristiic: 20631
partitions formed in 14.81 secs
Dynamic Programming starting after 14.811 secs
Using tree-based weight calculation.
Using polytree-based weight calculation.
Polytree max score: 7980836729
Polytree building time: 0.184 seconds.
Number of quartet trees in the gene trees: 7980836729
Size of largest cluster: 239
Greedy score: 7313249720
estimationFactor: 1.0912845909219138
Sub-optimal score: 7493120485
Total Number of elements weighted: 67920
Normalized score (portion of input quartet trees satisfied before correcting for multiple individuals): 0.9473478503233768
Optimization score: 7560628519
Optimal tree inferred in 98.809 secs.
(P_012941,(P_012795,(((P_012861,((P_012855,(P_012827,P_007802)),((P_012919,P_012921),(P_012813,P_018637)))),(((P_012797,(P_012841,((P_012913,P_012877),(P_012811,(P_012891,P_012895))))),((((P_012925,P_012883),(P_012857,(P_012815,P_012903))),(P_012875,((P_012831,P_012905),(P_012901,(P_012887,P_012851))))),(P_018689,((P_012885,(GAP_80294,P_006420)),(P_012859,(((P_012873,P_012881),(GAP_80291,P_012907)),((P_012889,((P_012863,P_006418),(P_012793,(GAP_80292,P_006419)))),((P_012897,(GAP_80293,P_012893)),(P_012911,(P_012821,P_012917)))))))))),((P_012867,((P_012923,P_012847),(P_012899,P_012817))),(P_012843,(((P_012937,(P_006421,P_012939)),(P_012803,(P_012853,(P_012837,P_012829)))),(((P_012801,(P_012809,P_012879)),(P_012839,(P_012805,(P_012825,(P_012799,YZRI))))),(P_012909,(((P_012865,(P_012931,(P_012935,P_012933))),((P_012849,P_012871),(P_012845,P_012807))),((GAP_81172,P_012833),((P_012927,(GAP_80295,PSJT)),((P_012915,P_012791),(P_012869,(P_012835,(P_012819,P_012823)))))))))))))),((GAP_80322,DHPO),(((P2622,P2623),(P0110C,(P0110B,(XQWC,(P0207A,(P0207C,(P0207B,(P0206H,P0206G)))))))),(((P_018691,P_007845),(((P_018639,P_018779),(P_018695,(P_018645,P_018783))),((P_016797,(OBPL,(GAP_80397,P_016799))),((P_016793,(P_016795,P_006422)),(P_018693,((S08,(P_014095,S38)),((S27,(P_016789,S04)),(P_016791,((P_014099,S03),(P_016787,S02)))))))))),(((P0203H,((P_016909,WZFE),(P0109B,(P_018831,OSHQ)))),(((P_025527,(SJEV,(P_019193,(P_019187,Wsal)))),(P_016921,(GAP_81227,((WKSU,P_019199),(Pcol,(P_006410,GAP_81226)))))),(((P_019189,P_025525),((PAWA,P_019197),(Asie,QDVW))),(P_025523,((P_019191,(GAP_80417,(P2590,GAP_79804))),((P_019185,CSSK),(P2589,OPDF))))))),(P_011613,(WPHN,((P2619,P_011609),(((GAP_79862,P_011587),(P_014081,(P_008647,P0104A))),((MAQO,(WAIL,(P_011527,((GAP_80297,P_014083),(GAP_80298,P_014077))))),(((KRJP,(GAP_80395,P_011549)),((P_011643,(P_011657,(P_011651,P_011509))),((GAP_80393,GAP_80394),((P_011647,(P_011465,(P_011501,(P_011523,(P_011489,P_011487))))),(P_011631,((P_007843,(P_006414,P_007783)),(P_011551,(P_011637,P_007844)))))))),((P_011531,(P_011699,(Schi,P_006411))),(VYLQ,(P_018635,(P_008631,((P_008632,(P_011671,P_011579)),((P_011713,P_011705),(((WIGA,(Dhai,(Apet,Msal))),(KAYP,(BCGB,(ABSS,P_011607)))),(P_006413,((P_016813,((GAP_80389,GAP_80390),((P_006412,P_008640),(P_008646,P_011679)))),((P_011673,(P_011537,(P_011701,(P_011739,P_011677)))),(P_011759,((P_011735,P_011675),(P_011715,(P_011681,(P_011611,P_011745))))))))))))))))))))))))))));
Final quartet score is: 7560628519
Final normalized quartet score is: 0.9473478503233768
You may want to ignore posterior probabilities and other statistics related to the following branch branch because the effective number of genes impacting it is only 1:
	{SJEV, P_019187, P_019193, Wsal}
You may want to ignore posterior probabilities and other statistics related to the following branch branch because the effective number of genes impacting it is only 1:
	{SJEV, P_019187, P_019193, Wsal, P_025527}
You may want to ignore posterior probabilities and other statistics related to the following branch branch because the effective number of genes impacting it is only 1:
	{WKSU, P_019199}
You may want to ignore posterior probabilities and other statistics related to the following branch branch because the effective number of genes impacting it is only 7:
	{P_019189, P_025525}
You may want to ignore posterior probabilities and other statistics related to the following branch branch because the effective number of genes impacting it is only 4:
	{P2590, GAP_79804, GAP_80417}
You may want to ignore posterior probabilities and other statistics related to the following branch branch because the effective number of genes impacting it is only 5:
	{P2590, GAP_79804, P_019191, GAP_80417}
You may want to ignore posterior probabilities and other statistics related to the following branch branch because the effective number of genes impacting it is only 2:
	{P2589, P_019185, OPDF, CSSK, P2590, GAP_79804, P_019191, GAP_80417}
You may want to ignore posterior probabilities and other statistics related to the following branch branch because the effective number of genes impacting it is only 3:
	{P2589, P_019185, OPDF, CSSK, P2590, GAP_79804, P_019191, GAP_80417, P_025523}
You may want to ignore posterior probabilities and other statistics related to the following branch branch because the effective number of genes impacting it is only 11:
	{P2619, P_011609}
You may want to ignore posterior probabilities and other statistics related to the following branch branch because the effective number of genes impacting it is only 6:
	{P_011637, P_007844}
You may want to ignore posterior probabilities and other statistics related to the following branch branch because the effective number of genes impacting it is only 4:
	{Schi, P_006411}
You may want to ignore posterior probabilities and other statistics related to the following branch branch because the effective number of genes impacting it is only 5:
	{Schi, P_006411, P_011699}
You may want to ignore posterior probabilities and other statistics related to the following branch branch because the effective number of genes impacting it is only 11:
	{P_011713, P_011705}
You may want to ignore posterior probabilities and other statistics related to the following branch branch because the effective number of genes impacting it is only 1:
	{ABSS, P_011607}
You may want to ignore posterior probabilities and other statistics related to the following branch branch because the effective number of genes impacting it is only 0:
	{P_011739, P_011677}
You may want to ignore posterior probabilities and other statistics related to the following branch branch because the effective number of genes impacting it is only 2:
	{P_011739, P_011677, P_011701}
You may want to ignore posterior probabilities and other statistics related to the following branch branch because the effective number of genes impacting it is only 8:
	{P_011611, P_011745}
You may want to ignore posterior probabilities and other statistics related to the following branch branch because the effective number of genes impacting it is only 1:
	{KRJP, WAIL, MAQO, GAP_79862, P_011527, P_008646, P_006412, P_011715, P_011735, GAP_80389, GAP_80390, WPHN, BCGB, WIGA, ABSS, Apet, Dhai, VYLQ, P_006413, P_011675, P_011759, P_008640, P_016813, P_018635, P_011531, Schi, P_006411, GAP_80297, P_014083, GAP_80298, P_014077, P2619, GAP_80395, P_011549, GAP_80393, GAP_80394, P_011651, P_011509, P_011643, P_006414, P_011631, P_007783, P_011637, P_011647, P_011489, P_011465, P_011501, P_011523, P_011487, P_011587, P_014081, P_008647, P0104A, P_008631, P_011671, P_011679, P_008632, KAYP, Msal, P_011537, P_011713, P_011705, P_007844, P_011657, P_011739, P_011673, P_007843, P_011611, P_011745, P_011677, P_011579, P_011551, P_011681, P_011609, P_011699, P_011607, P_011701}
You may want to ignore posterior probabilities and other statistics related to the following branch branch because the effective number of genes impacting it is only 1:
	{KRJP, WAIL, MAQO, GAP_79862, P_011527, P_008646, P_006412, P_011715, P_011735, GAP_80389, GAP_80390, WPHN, BCGB, WIGA, ABSS, Apet, Dhai, VYLQ, P_006413, P_011675, P_011759, P_008640, P_016813, P_018635, P_011531, Schi, P_006411, GAP_80297, P_014083, GAP_80298, P_014077, P2619, GAP_80395, P_011549, GAP_80393, GAP_80394, P_011651, P_011509, P_011643, P_006414, P_011631, P_007783, P_011637, P_011647, P_011489, P_011465, P_011501, P_011523, P_011487, P_011587, P_014081, P_008647, P0104A, P_008631, P_011671, P_011679, P_008632, KAYP, Msal, P_011537, P_011713, P_011705, P_007844, P_011657, P_011739, P_011673, P_007843, P_011611, P_011745, P_011677, P_011579, P_011551, P_011681, P_011609, P_011699, P_011607, P_011613, P_011701}
You may want to ignore posterior probabilities and other statistics related to the following branch branch because the effective number of genes impacting it is only 1:
	{P_018691, P_007845}
You may want to ignore posterior probabilities and other statistics related to the following branch branch because the effective number of genes impacting it is only 0:
	{P_014095, S38}
You may want to ignore posterior probabilities and other statistics related to the following branch branch because the effective number of genes impacting it is only 6:
	{S08, P_014095, S38}
You may want to ignore posterior probabilities and other statistics related to the following branch branch because the effective number of genes impacting it is only 2:
	{P_016789, S04}
You may want to ignore posterior probabilities and other statistics related to the following branch branch because the effective number of genes impacting it is only 18:
	{P2622, P2623}
30.015384615384615 6.974514374514374 1.0101010101010102 38.0 9.025702080411265E-9
222.16666666666669 14.166666666666668 10.666666666666666 247.0 4.249404918432646E-78
53.99541024681869 12.993589743589745 6.011000009591562 73.0 1.0118478079785612E-12
64.0 13.0 12.0 89.0 1.1327150442284035E-13
1.0 0.0 0.0 1.0 0.3678794411714423
Not enough genes
Cannot perform polytomy test with effective N (after polytomies) 1.0:
	(SJEV,(P_019193,(P_019187,Wsal):0.9026382502112141):0.8362480242006187):0.2876820724517809;
1.0 0.0 0.0 1.0 0.3678794411714423
Not enough genes
Cannot perform polytomy test with effective N (after polytomies) 1.0:
	(P_025527,(SJEV,(P_019193,(P_019187,Wsal):0.9026382502112141):0.8362480242006187):0.2876820724517809):0.2876820724517809;
1.0 0.0 0.0 1.0 0.3678794411714423
Not enough genes
Cannot perform polytomy test with effective N (after polytomies) 1.0:
	(WKSU,P_019199):0.2876820724517809;
86.00865593101142 10.98990015932549 8.001443909663088 105.0 5.732777298095405E-25
70.91803151288042 20.511710253295686 17.570258233823893 109.0 1.7837849903213567E-11
100.45924260141447 92.07519060690744 35.46556679167808 228.0 7.20836917244102E-8
129.1900351110431 32.64672939434368 62.16323549461326 224.0 5.818485824723178E-15
238.28046740979997 9.156128674381524 6.563403915818527 254.0 1.6243071927773887E-91
279.16479349457904 8.565735461543419 22.961099808408875 310.6916287645313 6.32143732160627E-98
3.5749698223479878 0.030894756142280894 3.394135421509731 7.0 0.1813242612270946
Not enough genes
Cannot perform polytomy test with effective N (after polytomies) 7.0:
	(P_019189,P_025525):0.18669933532666924;
115.16163032803446 8.742232510270611 46.232782460840234 170.1366452991453 4.8726989916141105E-23
222.01143510577472 0.9885648942252716 1.0 224.0 1.9572836920349105E-95
60.67634175172949 36.36910724341746 65.17647002062319 162.22191901577014 0.011780449053603812
75.87369335958367 56.80867371057724 33.8237173399511 166.506084410112 3.396322725970514E-4
35.0 0.0 0.0 35.0 6.305116760146996E-16
4.0 0.0 0.0 4.0 0.018315638888734168
Not enough genes
Cannot perform polytomy test with effective N (after polytomies) 4.0:
	(GAP_80417,(P2590,GAP_79804):3.1780538303479453):1.2039728043259361;
2.0 2.0 0.0 4.0 0.36787944117144233
Not enough genes
Cannot perform polytomy test with effective N (after polytomies) 4.0:
	(P_019191,(GAP_80417,(P2590,GAP_79804):3.1780538303479453):1.2039728043259361):0.1053605156578264;
69.98934597838551 68.42192392375694 74.58873009785756 213.0 0.8652849981003121
120.00352112676056 9.0 16.996478873239436 146.0 6.274227750735874E-35
145.72701149425288 7.022988505747127 17.25 170.0 1.6136550248372202E-46
2.0 0.0 0.0 2.0 0.1353352832366126
Not enough genes
Cannot perform polytomy test with effective N (after polytomies) 2.0:
	((P_019191,(GAP_80417,(P2590,GAP_79804):3.1780538303479453):1.2039728043259361):0.1053605156578264,((P_019185,CSSK):0.0,(P2589,OPDF):1.2892610332728833):1.506462270997311):0.6931471805599453;
2.0088235294117647 0.5397058823529411 0.2 2.748529411764706 0.36464858539225653
Not enough genes
Cannot perform polytomy test with effective N (after polytomies) 2.748529411764706:
	(P_025523,((P_019191,(GAP_80417,(P2590,GAP_79804):3.1780538303479453):1.2039728043259361):0.1053605156578264,((P_019185,CSSK):0.0,(P2589,OPDF):1.2892610332728833):1.506462270997311):0.6931471805599453):0.3621824322895644;
282.04366058391685 15.675824793281244 19.223809287645405 316.9432946648435 1.135918501179859E-96
150.5926068583385 102.61882561169163 60.69066742439069 313.90209989442087 3.987398463829565E-9
11.0 0.0 0.0 11.0 1.6701700790245632E-5
Not enough genes
Cannot perform polytomy test with effective N (after polytomies) 11.0:
	(P2619,P_011609):2.0794415416798353;
44.90340909090909 0.03409090909090909 3.0625 48.0 8.529450251441881E-18
34.0 0.0 0.0 34.0 1.7139084315420148E-15
38.0 0.6 0.4 39.0 2.1878076064242003E-16
125.92419115236315 11.479447547729977 12.765229747191617 150.16886844728475 3.4833324267051586E-38
70.99393616706598 1.0001580556394838 4.005905777294524 76.0 1.4288996710698249E-27
18.986525765157815 9.013776168399803 13.999698066442384 42.0 0.1693148526090979
40.94255036426023 22.01592279754227 19.046655043325703 82.0051282051282 0.005735713229470273
39.70007514922227 23.91476501618933 19.88515983458841 83.50000000000001 0.01944069278757992
181.31798245866312 9.849445359973368 74.58657047351697 265.7539982921535 1.7525676332160926E-37
269.89740936253725 31.319634876884514 14.882656624215555 316.0997008636373 1.0928844944321184E-84
135.86232430303204 3.124027518806661 8.892288954860318 147.878640776699 2.544322799607601E-50
163.91578440199498 86.69836932020937 6.507301303080461 257.12145502528483 4.0576506282171936E-32
63.009155665077934 8.983088615652324 8.016684290698318 80.00892857142858 7.378580171602449E-17
37.38194846013325 37.54180959802315 32.076241941843605 107.00000000000001 0.7624222782787835
193.26483955289538 19.69717965093982 19.020627391086773 231.982646594922 2.404102919406264E-57
160.55226187119308 34.833731360787525 38.27209230730737 233.65808553928795 2.539977011784294E-29
95.82929260287315 70.87818154541357 67.16875680548429 233.87623095377103 0.04431260131404749
92.4493353104922 81.01829070567082 67.95864733456187 241.4262733507249 0.1547369009689968
171.387992700533 43.53595608465965 39.06772204924038 253.99167083443305 1.0943688512713165E-29
108.21232847954286 10.60223377650574 10.656200367764018 129.47076262381262 1.1428934088250834E-32
51.60591376422312 38.51681497952457 34.80323837804546 124.92596712179315 0.15398681591488528
31.871604439937666 27.2481144212004 31.825065300634652 90.94478416177272 0.792384273432309
64.43849315259902 18.63642242372248 15.693855118427308 98.76877069474881 1.396290915849688E-10
2.9953271028037385 0.9989691784352128 0.9919422508711405 4.986238532110092 0.44838090714359224
Not enough genes
Cannot perform polytomy test with effective N (after polytomies) 4.986238532110092:
	(P_011637,P_007844):0.2884199820519394;
10.164921021513702 8.016477004468797 5.085513351829759 23.266911377812256 0.43246886249878447
22.254172843501763 16.365443960159947 20.591230161361928 59.21084696502364 0.626896796371794
28.183125006786504 25.043327075461587 9.709804132896693 62.93625621514478 0.00949109202746411
199.49868053229702 19.097445957820774 33.950685222040356 252.54681171215816 1.831795917800064E-52
95.91239106001683 72.52509560632075 89.45177667428986 257.88926334062745 0.18325318139003038
260.86098248010217 6.078688758603653 6.754960114262926 273.69463135296877 1.8539772621716587E-103
236.616747935709 33.79699919126988 23.138794787214152 293.55254191419306 5.965623296629833E-65
3.0 1.0 0.0 4.0 0.17377394345044508
Not enough genes
Cannot perform polytomy test with effective N (after polytomies) 4.0:
	(Schi,P_006411):0.5108256237659905;
2.5 1.5 1.0 5.0 0.7046880897187136
Not enough genes
Cannot perform polytomy test with effective N (after polytomies) 5.0:
	(P_011699,(Schi,P_006411):0.5108256237659905):0.13353139262452274;
77.35193964163305 1.9881422697349915 1.2740652432202781 80.61414715458832 1.2851087534694075E-31
13.0 6.0 7.0 26.0 0.19131267379416061
99.08054803653432 3.66197287324629 5.787594299468694 108.5301152092493 2.291517732198816E-36
7.3564537814678586 2.1377279510332095 0.8558182674989318 10.350000000000001 0.032175392572196884
Not enough genes
Cannot perform polytomy test with effective N (after polytomies) 10.350000000000001:
	(P_011713,P_011705):0.6390730230710371;
39.651523779303204 36.27053365606821 32.87825332640727 108.80031076177869 0.7288783599521942
103.04398925071034 79.23505279932249 63.153261895133525 245.43230394516638 0.007273811020265538
155.9477621034623 54.4079014001972 69.61088852641457 279.96655203007407 1.1023864630530877E-14
1.0 0.0 0.0 1.0 0.3678794411714423
Not enough genes
Cannot perform polytomy test with effective N (after polytomies) 1.0:
	(ABSS,P_011607):0.2876820724517809;
104.55298240481568 40.226548814278125 29.29300428690039 174.07253550599418 4.201485267578217E-13
74.88888009433445 44.83607670390184 53.54729023981198 173.27224703804828 0.015930872053947793
156.20384233302104 82.06002569174265 36.189679884223125 274.4535479089868 3.8890189427257214E-18
167.71920106758714 10.183370200571774 10.781965700644818 188.68453696880374 1.2410601235348902E-57
159.92645459553538 26.811223607716077 23.75709962828192 210.49477783153338 3.8247703851822057E-38
31.72297141610424 7.537433489237072 27.055253391371217 66.31565829671253 5.833305307708225E-4
91.5143560899039 53.32745872384213 56.21141838110341 201.05323319484944 0.001174860729667078
67.93329183369273 52.17547641025256 62.339158128619474 182.44792637256478 0.3501652424532264
101.09077442504153 33.32681965768098 42.52553658653601 176.94313066925852 1.1262514989546789E-10
0.0 0.0 0.0 0.0 NaN
Not enough genes
Cannot perform polytomy test with effective N (after polytomies) 0.0:
	(P_011739,P_011677):0.0;
0.0 1.0002704530087898 0.058823529411764705 1.0590939824205545 0.4096611959675689
Not enough genes
Cannot perform polytomy test with effective N (after polytomies) 1.0590939824205545:
	(P_011701,(P_011739,P_011677):0.0):0.0;
9.943386950946035 8.03993745475801 6.618198659640116 24.60152306534416 0.7121711045390458
18.303629761802892 14.686841059558695 12.781757575613582 45.772228396975166 0.5971340212844654
90.64665083072273 12.287664260053756 2.2127743616820132 105.1470894524585 9.101527651572782E-30
2.994155560410749 2.0 3.0058444395892505 8.0 0.8824855987075775
Not enough genes
Cannot perform polytomy test with effective N (after polytomies) 8.0:
	(P_011611,P_011745):0.0;
9.51629343262195 8.046710408745792 11.475247524752474 29.038251366120214 0.7366322347893449
37.030880738205234 14.124275984551167 13.26385881735134 64.41901554010774 2.111902639173606E-4
42.9713281133593 16.090304010861814 18.887808491355912 77.94944061557703 2.2360044281292566E-4
33.33305255342775 28.88322775072688 22.32611376654181 84.54239407069645 0.3369192152869825
104.61280160825113 16.181121155316877 13.252279706367034 134.04620246993505 6.260830625784693E-27
82.1818871135025 49.52182417559994 57.79221340377313 189.49592469287558 0.010414345238592403
117.23440361636509 49.95930951842654 58.85180931839772 226.04552245318934 2.0040608962288824E-8
18.146746111788186 12.765558379848516 14.986632131646537 45.89893662328324 0.6200405216097997
31.59539425469987 10.333211173479697 5.801222985665463 47.72982841384503 6.650404351716726E-6
39.37982631758166 1.0556596119929451 3.0717196099838753 43.50720553955848 1.1735922171993322E-14
14.126660277960756 7.077224652803212 11.814748609608703 33.018633540372676 0.30933464709935565
74.27510908033834 37.46056057281563 10.914818710970895 122.65048836412485 1.759313337852513E-11
109.8001311667827 68.67398928723108 33.86351573900538 212.33763619301916 1.3618562453189497E-9
161.08933207081986 25.31160513101829 28.28625771581242 214.68719491765057 3.2022824405423943E-37
189.0496436397292 43.802844507546425 74.19940660633661 307.0518947536122 1.255021200188175E-25
124.04167792985703 104.07740138405146 16.418650673350363 244.53772998725884 3.446321021720093E-18
26.841161892357967 19.034751144405053 12.632730910110864 58.50864394687389 0.07455307992484785
36.87577562177273 16.413704119181386 11.528228493158597 64.81770823411271 2.316906169505842E-4
1.0 0.0 0.0 1.0 0.3678794411714423
Not enough genes
Cannot perform polytomy test with effective N (after polytomies) 1.0:
	(WPHN,((P2619,P_011609):2.0794415416798353,(((GAP_79862,P_011587):2.0762000477556652,(P_014081,(P_008647,P0104A):3.149882953381249):2.590267165445826):1.3843171046262455,((MAQO,(WAIL,(P_011527,((GAP_80297,P_014083):2.1455707160467177,(GAP_80298,P_014077):0.17711990832656285):0.2742788253803716):0.22907996427342822):0.7330940279106203):1.4993086899202708,(((KRJP,(GAP_80395,P_011549):2.0314626907031714):0.6024847444846319,((P_011643,(P_011657,(P_011651,P_011509):1.0987351282636444):0.019380319665822016):1.363699237319991,((GAP_80393,GAP_80394):0.74717027018307,((P_011647,(P_011465,(P_011501,(P_011523,(P_011489,P_011487):0.11878202839529482):0.07475099274635896):0.7096782571826107):1.36296305290681):0.1218482511864093,(P_011631,((P_007843,(P_006414,P_007783):0.020159635541652038):0.6326497903018237,(P_011551,(P_011637,P_007844):0.2884199820519394):0.13733269518286725):0.05594205556025327):0.17578363072655137):1.140208391739934):0.057327004603707814):2.583090992733733):1.2206568926467354,((P_011531,(P_011699,(Schi,P_006411):0.5108256237659905):0.13353139262452274):2.546750289233466,(VYLQ,(P_018635,(P_008631,((P_008632,(P_011671,P_011579):0.25131442828090594):1.9441738694039377,((P_011713,P_011705):0.6390730230710371,(((WIGA,(Dhai,(Apet,Msal):0.04257973658527888):0.1360657812725549):0.40430647680091114,(KAYP,(BCGB,(ABSS,P_011607):0.2876820724517809):0.5038452482273591):0.15616884139484047):0.4317342353370443,(P_006413,((P_016813,((GAP_80389,GAP_80390):1.7504316825538393,((P_006412,P_008640):1.005827605765287,(P_008646,P_011679):0.23178757356833277):0.19769879715797625):0.05706851122769233):0.4341127706970802,((P_011673,(P_011537,(P_011701,(P_011739,P_011677):0.0):0.0):0.08619607493773368):0.09102283078720214,(P_011759,((P_011735,P_011675):1.5184923387689444,(P_011715,(P_011681,(P_011611,P_011745):0.0):0.0):0.4293765963834667):0.3804317797604016):0.08828554688478636):1.0846111344726999):0.15913093039605877):0.3209236403087721):0.08381593776438913):0.6397360953176763):1.755591334459659):0.13112701497725332):0.5125419305310743):0.31747703455935256):0.9683693382990294):0.5456607402764418):0.298103744722396):0.1942763197663978):0.41613231717129073):0.2876820724517809;
1.0 0.0 0.0 1.0 0.3678794411714423
Not enough genes
Cannot perform polytomy test with effective N (after polytomies) 1.0:
	(P_011613,(WPHN,((P2619,P_011609):2.0794415416798353,(((GAP_79862,P_011587):2.0762000477556652,(P_014081,(P_008647,P0104A):3.149882953381249):2.590267165445826):1.3843171046262455,((MAQO,(WAIL,(P_011527,((GAP_80297,P_014083):2.1455707160467177,(GAP_80298,P_014077):0.17711990832656285):0.2742788253803716):0.22907996427342822):0.7330940279106203):1.4993086899202708,(((KRJP,(GAP_80395,P_011549):2.0314626907031714):0.6024847444846319,((P_011643,(P_011657,(P_011651,P_011509):1.0987351282636444):0.019380319665822016):1.363699237319991,((GAP_80393,GAP_80394):0.74717027018307,((P_011647,(P_011465,(P_011501,(P_011523,(P_011489,P_011487):0.11878202839529482):0.07475099274635896):0.7096782571826107):1.36296305290681):0.1218482511864093,(P_011631,((P_007843,(P_006414,P_007783):0.020159635541652038):0.6326497903018237,(P_011551,(P_011637,P_007844):0.2884199820519394):0.13733269518286725):0.05594205556025327):0.17578363072655137):1.140208391739934):0.057327004603707814):2.583090992733733):1.2206568926467354,((P_011531,(P_011699,(Schi,P_006411):0.5108256237659905):0.13353139262452274):2.546750289233466,(VYLQ,(P_018635,(P_008631,((P_008632,(P_011671,P_011579):0.25131442828090594):1.9441738694039377,((P_011713,P_011705):0.6390730230710371,(((WIGA,(Dhai,(Apet,Msal):0.04257973658527888):0.1360657812725549):0.40430647680091114,(KAYP,(BCGB,(ABSS,P_011607):0.2876820724517809):0.5038452482273591):0.15616884139484047):0.4317342353370443,(P_006413,((P_016813,((GAP_80389,GAP_80390):1.7504316825538393,((P_006412,P_008640):1.005827605765287,(P_008646,P_011679):0.23178757356833277):0.19769879715797625):0.05706851122769233):0.4341127706970802,((P_011673,(P_011537,(P_011701,(P_011739,P_011677):0.0):0.0):0.08619607493773368):0.09102283078720214,(P_011759,((P_011735,P_011675):1.5184923387689444,(P_011715,(P_011681,(P_011611,P_011745):0.0):0.0):0.4293765963834667):0.3804317797604016):0.08828554688478636):1.0846111344726999):0.15913093039605877):0.3209236403087721):0.08381593776438913):0.6397360953176763):1.755591334459659):0.13112701497725332):0.5125419305310743):0.31747703455935256):0.9683693382990294):0.5456607402764418):0.298103744722396):0.1942763197663978):0.41613231717129073):0.2876820724517809):0.2876820724517809;
1.0 0.0 0.0 1.0 0.3678794411714423
Not enough genes
Cannot perform polytomy test with effective N (after polytomies) 1.0:
	(P_018691,P_007845):0.2876820724517809;
14.0 5.775183755370891 1.1254803812514993 20.90066413662239 0.0022411247745624404
92.81750987605511 54.08939502605471 52.00042356716697 198.9073284692768 3.4595507249557915E-4
69.2631332838773 29.145720333935554 17.527667250738304 115.93652086855116 5.2437517004538235E-9
62.37311022818282 56.4067381951972 6.94082383872952 125.72067226210953 2.540542260395449E-10
129.02603734476972 24.82666603108564 78.97009311699188 232.82279649284723 6.345576990858253E-16
140.48913390796073 90.60915582110222 4.8617102709370235 235.95999999999998 1.0368999029486645E-26
165.97497274210838 10.50422786446455 65.84458685700602 242.32378746357895 4.086521518436626E-34
109.46353970300615 41.999861104973526 32.472552808643485 183.93595361662315 3.3251470558360757E-13
124.43831596626964 39.304925236356574 34.854657581779705 198.5978987844059 1.9006624773598073E-17
0.0 0.0 0.0 0.0 NaN
Not enough genes
Cannot perform polytomy test with effective N (after polytomies) 0.0:
	(P_014095,S38):0.0;
5.710696338837042 0.28427853553481697 0.005025125628140704 6.0 0.005666276646703468
Not enough genes
Cannot perform polytomy test with effective N (after polytomies) 6.0:
	(S08,(P_014095,S38):0.0):1.2863427658648097;
1.0 0.0 1.0 2.0 0.6065306597126334
Not enough genes
Cannot perform polytomy test with effective N (after polytomies) 2.0:
	(P_016789,S04):0.0;
46.733279482466905 2.979982741097662 0.09983007789708448 49.81309230146165 1.3765000434970827E-18
140.0505654332993 2.909787199293183 4.959385061495418 147.91973769408793 3.92253653735888E-55
84.11615018841067 0.010050251256281407 0.0 84.12620043966696 3.0029500421456274E-37
60.2171839855755 56.850110993213534 53.3476899366097 170.41498491539875 0.8124419214217136
67.19303529227865 52.91713448993181 71.59320671440794 191.7033764966184 0.22497184902670556
14.659237766553112 10.860363795504904 12.425080878495669 37.944682440553684 0.7496123953524971
27.9521189670907 5.588897626087902 6.8714881525165765 40.41250474569518 8.242762905884552E-6
77.82006944216461 56.46462549016155 51.818761292264135 186.10345622459027 0.04506546758997019
116.72458717307633 67.00630640075327 63.31482853956419 247.0457221133938 2.0319186696489712E-5
94.72418526630847 115.18675743022823 49.8699947860508 259.7809374825875 2.5244085283920652E-6
24.740343406593407 20.26177350427351 16.87999084249084 61.88210775335776 0.4706292677348364
67.11051381412207 0.20700851035998355 0.6816553070968858 68.0 4.112192186215397E-29
12.587580603071588 2.9898477157360404 2.422571681192371 18.0 0.004348450535580027
62.09842091324065 29.86402213987962 48.026061086571495 139.98850413969177 0.003710085341808921
69.92397820963977 54.57596171515403 34.981867256530265 159.4818071813241 0.003119550058410295
69.65692929450645 44.0216694179582 47.325659867631394 161.00425858009606 0.026691535027484666
102.83953824306361 61.48258676191213 27.179498371647608 191.50162337662337 1.7187554099867838E-10
40.15994510336092 31.768289410719753 11.871765485919342 83.80000000000001 5.2256661551648E-4
67.16021037196637 2.268776371308017 6.571013256725619 76.0 2.671815186527183E-23
74.4047619047619 1.0 1.5952380952380953 77.0 7.139134459186857E-31
54.95463456223347 8.856748039187746 23.354802365882122 87.16618496730334 4.95434345182003E-9
245.66226779141115 2.524073741061479 6.961094364963266 255.14743589743588 1.5109558556118154E-99
50.0 0.0 0.0 50.0 1.9287498479639326E-22
96.99382716049382 9.75 7.256172839506172 114.0 1.4149090732835581E-30
89.0 0.0 3.0 92.0 6.700419791689117E-37
90.0 13.0 26.0 129.0 6.923377765325679E-18
134.0 6.25 2.75 143.0 1.0975890114140178E-51
165.03981411978708 2.8005780121601243 2.1583125312652247 169.99870466321244 3.0847393340614608E-68
93.91215503127633 43.64421049724036 67.93021669407763 205.48658222259434 9.84225108278246E-5
153.83548387096775 6.352688172043011 10.005376344086022 170.19354838709677 6.865263374289703E-55
107.15763965963744 38.0062893081761 34.83607103218646 180.0 8.114826313382747E-13
185.5 8.582278481012658 5.417721518987342 199.5 4.190340499484458E-70
183.88537256196867 6.0350159858141375 9.202939047440774 199.12332759522357 1.6566983611006425E-68
109.19408438611946 46.1000178863622 47.49271992766534 202.78682220014701 4.555113576717989E-9
86.07244819096879 77.23495579318664 68.68484321472417 231.9922471988796 0.37625893492344364
213.00072881881664 1.5703317727090707 1.0656639253864586 215.63672451691215 5.658270865252044E-91
161.76589948415048 17.434136380802254 10.828478184107018 190.02851404905974 1.2951221718617893E-50
67.87732052313496 45.73187781793799 58.764656782382445 172.3738551234554 0.11577440289630472
77.53198876539467 68.14484159173598 59.32357284583745 205.0004032029681 0.2971961871172682
126.00055052314377 41.53823602563945 38.80388199665766 206.34266854544086 3.0431258869684146E-16
190.0150551204568 2.110894823394823 1.9204076720424004 194.046357615894 7.891445808295565E-80
74.50861872796513 68.04793915811992 63.436086108562755 205.9926439946478 0.6372921299537784
97.41097850758864 50.39885520990714 49.921096132121534 197.73092984961733 1.2469100770851374E-5
148.17554536273406 25.508295847908325 28.699155318344843 202.38299652898723 3.37384627539737E-32
163.37978916746897 42.30136631377841 35.4294479643347 241.11060344558206 1.0240339379034361E-28
37.89989088925259 0.015384615384615385 0.015575559192580468 37.93085106382979 3.6910803072787135E-17
54.942888627033035 47.66596629911804 49.01403312884926 151.62288805500035 0.74339151038774
158.0883534525913 20.335596087323193 14.749540993311722 193.1734905332262 3.453327896422757E-45
68.41143557425329 48.32859447555159 52.51625330103988 169.25628335084477 0.1367463940785942
67.05664083803468 63.049687535492026 58.64768485719646 188.75401323072316 0.7549001690734711
48.38899801045593 36.2836110615765 48.98019227788932 133.65280134992176 0.3158185519696724
177.97649883871983 1.045112781954887 0.9499271739558319 179.97153879463056 2.6123500281192903E-76
81.96850935073705 39.1978350126229 41.756060616386435 162.92240497974637 2.4995573133066448E-5
55.33932840792886 49.25625075071252 47.907272705892545 152.50285186453394 0.7346328068635535
60.53095703097786 49.5990808085683 49.848636414969576 159.97867425451574 0.4817413752893459
170.79236552402142 7.086772919150211 3.1328586205587756 181.0119970637304 1.2898507337214265E-66
58.337201813969834 46.75085541660343 34.7340939103723 139.82215114094558 0.05035649810146631
167.0220390720391 5.034095044028819 6.046296565832989 178.1024306819009 2.5827017269870437E-64
165.08080118349665 13.451979387423238 16.509712766849567 195.04249333776946 6.570667199273231E-51
60.43248734493788 61.36521299859173 52.819260018657495 174.61696036218711 0.6855168346685283
69.72391052911158 61.8724499508741 65.90706292695567 197.50342340694135 0.7912411023623482
51.56572936129836 39.34274159336278 45.59660971991879 136.50508067457992 0.43998927802394305
53.26013570183956 39.792105401927266 49.4384395478004 142.49068065156723 0.36267100137396924
191.9973408448485 9.423854807009668 8.47628109571104 209.89747674756921 4.69259568629087E-70
191.23636360269967 16.13591550497642 13.978839631208054 221.35111873888414 1.241833020079648E-61
256.75204743497034 8.418078117965115 6.920884869176013 272.0910104221115 9.323879021916804E-100
260.9192896208125 6.813748077584473 12.576573761076345 280.30961145947333 1.5036088277951147E-98
173.0 1.0 0.0 174.0 5.347561139753682E-75
162.50714215137342 10.483423886362422 6.003939456769645 178.9945054945055 1.6760516577122257E-58
152.0 21.0 23.5 196.5 6.048197243336575E-38
217.41804312649256 0.18761512830304528 2.3239192099931345 219.92957746478874 5.287489338077922E-93
161.0 11.0 8.0 180.0 4.0340273027470803E-56
207.0 0.0 0.0 207.0 1.2619502849247672E-90
113.06442055901314 9.915194362480536 10.044567352635566 133.02418227412923 2.0278907083549067E-35
63.1088109783343 54.659732958887815 57.531314203017814 175.29985814023993 0.7291595662707158
108.93033844462526 50.37745226520287 41.46186711830631 200.76965782813446 1.9168897582121258E-9
103.83944410521732 77.53815065748915 57.045770203415735 238.42336496612222 9.845947893864487E-4
188.99665194140897 0.008695652173913044 1.9946524064171123 191.0 4.291650493341216E-81
151.85372073743275 27.603791384347907 28.140897577479265 207.59840969925995 6.961774484197066E-33
142.0314566439615 4.138509757284812 26.827658130858538 172.99762453210485 6.727349850092043E-42
80.16254441129277 36.37727565580389 50.492265308131195 167.03208537522784 1.2711013675911675E-4
75.03565454965704 40.43055667930314 64.56312758641323 180.02933881537342 0.005258321005652956
140.57609695212085 22.835337869379604 33.41881930824321 196.83025412974365 8.216151345381788E-29
193.79592112585826 30.810371724947007 36.84156156729656 261.4478544181018 2.793533762177193E-43
155.0 1.008 5.992 162.0 2.6240502600741833E-62
163.00653457843467 4.47092382789895 4.537684198782525 172.01514260511615 3.723189027528857E-64
98.68260516070833 41.52857142857143 47.284523809523805 187.4957003988036 1.3149422986525134E-7
159.03734637519236 6.026672562715548 8.419360941880809 173.4833798797887 1.960735587124686E-58
111.99049164802203 33.04335743956305 40.44953079220363 185.4833798797887 4.4395419406916136E-14
135.93870007111533 41.818957079672614 35.59850353382489 213.35616068461286 4.984632869048007E-20
237.41940436235956 3.3272331743994097 5.118048799170649 245.8646863359296 8.666188982903E-97
202.09639670953538 2.875 1.0286032904646043 206.0 3.4962639233366513E-85
77.96838940186726 25.962447940760242 75.0691626573725 179.0 6.07310309185706E-7
185.0756289923511 5.1642242967119705 20.750939251729424 210.9907925407925 4.434909078882569E-62
82.3135329458025 51.738394661292276 64.02545334528617 198.07738095238096 0.02773317227646406
66.96911753120033 62.994667738594345 61.02661750044717 190.99040277024184 0.8659386547266905
147.4846668664469 26.502347417840376 21.51063829787234 195.49765258215962 1.2242329841931304E-34
201.8267056170246 1.9765890839798557 2.196705298995548 206.0 7.761783471130907E-85
218.4694491600649 13.910126241558553 7.912743830299755 240.2923192319232 1.2292035970107337E-78
91.86089392279975 94.24478093737609 54.99757075385923 241.10324561403507 0.002419372612136976
221.07090816117847 6.761807803418968 13.367633313229181 241.20034927782663 5.94105541416106E-81
77.01835420967389 62.27742957233214 82.94237810934489 222.2381618913509 0.21683780610537723
203.88157139443715 12.059352170585289 12.687903908598736 228.6288274736212 2.1501542921018782E-70
248.5608113811632 23.57616842693685 15.3409048184765 287.47788462657655 4.260496887692305E-80
111.12345258068113 50.91024264305043 74.05012299109273 236.0838182148243 8.100171141302312E-6
183.90991872448456 16.67469369103515 28.754933786046205 229.3395462015659 3.8704255884485027E-50
200.23000191238376 19.39094978458654 40.36148573541058 259.98243743238083 9.356884047857012E-50
115.25709259881782 55.86567415556984 95.07219174189342 266.19495849628106 3.43800432033948E-5
204.04909800934462 7.352965798569799 26.178396664403568 237.580460472318 2.4961214226605057E-65
215.41463414634146 0.5263157894736842 1.0590500641848524 217.0 6.484857679147073E-93
255.276310550123 0.8210724053608773 1.9026170445161317 258.0 2.9586911727061688E-109
193.36728546036193 23.030558997530008 102.88307327491802 319.28091773280994 2.3000282649571584E-30
213.63195434810072 44.68487438370507 59.703375645047714 318.0202043768535 1.5065401019481347E-36
304.0743737749091 6.798249058549783 9.772775567374836 320.6453984008337 3.0886042789082406E-119
212.43138215406063 58.672895288005925 39.52877006342818 310.63304750549474 2.0840464580447762E-38
61.63440577161482 1.4400825825825825 0.2778225205070842 63.35231087470449 4.7011679210403397E-26
55.182232957595275 5.638517279821628 2.1728395061728394 62.993589743589745 6.470056249751209E-19
29.0 3.25 8.75 41.0 1.4329250935901276E-6
Extended species tree:
(P0109B,((P_018831,OSHQ)0:1.062582825088892,((P_016909,WZFE)0:1.8562979903656265,(P0203H,((((P_025527,(SJEV,(P_019193,(P_019187,Wsal)0:0.9026382502112141)0:0.8362480242006187)NA:0.2876820724517809)NA:0.2876820724517809,(P_016921,(GAP_81227,((WKSU,P_019199)NA:0.2876820724517809,(Pcol,(P_006410,GAP_81226)0:1.2626746026839413)0:0.6293540610740455)0:0.17201086320206277)0:0.44826859689886916)0:2.319220784916035)0:1.8544837723514223,(((P_019189,P_025525)NA:0.18669933532666924,((PAWA,P_019197)0:0.7120917946590088,(Asie,QDVW)0:3.9158419904019306)0.01178:0.059338277115322934)0.00034:0.19776974407162046,(P_025523,((P_019191,(GAP_80417,(P2590,GAP_79804)0:3.1780538303479453)NA:1.2039728043259361)NA:0.1053605156578264,((P_019185,CSSK)0.86528:0.0,(P2589,OPDF)0:1.2892610332728833)0:1.506462270997311)NA:0.6931471805599453)NA:0.3621824322895644)0:1.7756808373968964)0:0.24504488637728397,((P_011613,(WPHN,((P2619,P_011609)NA:2.0794415416798353,(((GAP_79862,P_011587)0:2.0762000477556652,(P_014081,(P_008647,P0104A)0:3.149882953381249)0:2.590267165445826)0:1.3843171046262455,((MAQO,(WAIL,(P_011527,((GAP_80297,P_014083)0:2.1455707160467177,(GAP_80298,P_014077)0.16931:0.17711990832656285)0.00574:0.2742788253803716)0.01944:0.22907996427342822)0:0.7330940279106203)0:1.4993086899202708,(((KRJP,(GAP_80395,P_011549)0:2.0314626907031714)0:0.6024847444846319,((P_011643,(P_011657,(P_011651,P_011509)0:1.0987351282636444)0.76242:0.019380319665822016)0:1.363699237319991,((GAP_80393,GAP_80394)0:0.74717027018307,((P_011647,(P_011465,(P_011501,(P_011523,(P_011489,P_011487)0.04431:0.11878202839529482)0.15474:0.07475099274635896)0:0.7096782571826107)0:1.36296305290681)0.15399:0.1218482511864093,(P_011631,((P_007843,(P_006414,P_007783)0.79238:0.020159635541652038)0:0.6326497903018237,(P_011551,(P_011637,P_007844)NA:0.2884199820519394)0.43247:0.13733269518286725)0.6269:0.05594205556025327)0.00949:0.17578363072655137)0:1.140208391739934)0.18325:0.057327004603707814)0:2.583090992733733)0:1.2206568926467354,((P_011531,(P_011699,(Schi,P_006411)NA:0.5108256237659905)NA:0.13353139262452274)0:2.546750289233466,(VYLQ,(P_018635,(P_008631,((P_008632,(P_011671,P_011579)0.19131:0.25131442828090594)0:1.9441738694039377,((P_011713,P_011705)NA:0.6390730230710371,(((WIGA,(Dhai,(Apet,Msal)0.72888:0.04257973658527888)0.00727:0.1360657812725549)0:0.40430647680091114,(KAYP,(BCGB,(ABSS,P_011607)NA:0.2876820724517809)0:0.5038452482273591)0.01593:0.15616884139484047)0:0.4317342353370443,(P_006413,((P_016813,((GAP_80389,GAP_80390)0:1.7504316825538393,((P_006412,P_008640)0:1.005827605765287,(P_008646,P_011679)0.00058:0.23178757356833277)0.00117:0.19769879715797625)0.35017:0.05706851122769233)0:0.4341127706970802,((P_011673,(P_011537,(P_011701,(P_011739,P_011677)NA:0.0)NA:0.0)0.71217:0.08619607493773368)0.59713:0.09102283078720214,(P_011759,((P_011735,P_011675)0:1.5184923387689444,(P_011715,(P_011681,(P_011611,P_011745)NA:0.0)0.73663:0.0)0.00021:0.4293765963834667)0.00022:0.3804317797604016)0.33692:0.08828554688478636)0:1.0846111344726999)0.01041:0.15913093039605877)0:0.3209236403087721)0.62004:0.08381593776438913)0.00001:0.6397360953176763)0:1.755591334459659)0.30933:0.13112701497725332)0:0.5125419305310743)0:0.31747703455935256)0:0.9683693382990294)0:0.5456607402764418)0:0.298103744722396)0.07455:0.1942763197663978)0.00023:0.41613231717129073)NA:0.2876820724517809)NA:0.2876820724517809,(((P_018691,P_007845)NA:0.2876820724517809,(((P_018639,P_018779)0.00224:0.6141050302612888,(P_018695,(P_018645,P_018783)0.00035:0.21872088495719796)0:0.49179279284106225)0:0.2722210777488203,((P_016797,(OBPL,(GAP_80397,P_016799)0:0.39707559317392566)0:0.4931851854310859)0:0.7406026536683046,((P_016793,(P_016795,P_006422)0:0.49077724950300305)0:0.5712261046352982,(P_018693,((S08,(P_014095,S38)NA:0.0)NA:1.2863427658648097,((S27,(P_016789,S04)NA:0.0)0:2.116637826074968,(P_016791,((P_014099,S03)0:2.415360906503803,(P_016787,S02)0:4.028669675008749)0.81244:0.02731171500162747)0.22497:0.023298833984384603)0.74961:0.0667999459067726)0.00001:0.7183667891929559)0.04507:0.1322522104785875)0.00002:0.23050224927343474)0:0.045886016048637214)0.47063:0.0944867008519113)0:3.1923364637018365,(((P2622,P2623)0.00435:0.6807372303201671,(P0110C,(P0110B,(XQWC,(P0207A,(P0207C,(P0207B,(P0206H,P0206G)0.00371:0.17515771594723925)0.00312:0.1667268363437341)0.02669:0.15660072756777518)0:0.3585914842458662)0.00052:0.2361988868539732)0:1.6519059821747721)0:2.67163350004987)0:0.5708606718131836,((GAP_80322,DHPO)0:2.790326394839391,(((P_012861,((P_012855,(P_012827,P_007802)0:3.5263605246161593)0:1.448752385619748,((P_012919,P_012921)0:2.7408400239252018,(P_012813,P_018637)0:0.7731898882334817)0:2.261763098473791)0:2.951306559979742)0.0001:0.20115574711740233,(((P_012797,(P_012841,((P_012913,P_012877)0:1.8832724582243572,(P_012811,(P_012891,P_012895)0:0.49109936786774344)0:2.1872989375362493)0:2.1061173011657766)0:0.3620286443216859)0.37626:0.05565321816650238,((((P_012925,P_012883)0:3.6818737688538485,(P_012857,(P_012815,P_012903)0:1.4706468491257707)0.11577:0.09130706204910631)0.2972:0.06672994589669166,(P_012875,((P_012831,P_012905)0:0.5302437808246234,(P_012901,(P_012887,P_012851)0:3.252093257559493)0.63729:0.04075607413522273)0.00001:0.2682033454877408)0:0.8985278467233022)0:0.7178949328601956,(P_018689,((P_012885,(GAP_80294,P_006420)0:3.225831338330528)0.74339:0.04080816280323155,(P_012859,(((P_012873,P_012881)0:1.2774058670801782,(GAP_80291,P_012907)0.13675:0.10838918784598135)0.7549:0.030542521444903256,((P_012889,((P_012863,P_006418)0.31582:0.039824433786161066,(P_012793,(GAP_80292,P_006419)0:3.6959170942148125)0.00002:0.2877712266657926)0.73463:0.041619342875413)0.48174:0.06616942455362708,((P_012897,(GAP_80293,P_012893)0:2.3809424347715344)0.05036:0.12941680238843148,(P_012911,(P_012821,P_012917)0:2.290909162496846)0:1.4401156269940598)0.68552:0.016305197293488335)0.79124:0.027239498741842314)0.43999:0.06455392849299296)0.36267:0.05843697623724969)0:2.006737902432537)0:1.5611104919165106)0:2.410787380291783)0:2.2189304062036865,((P_012867,((P_012923,P_012847)0:4.066173685255402,(P_012899,P_012817)0:1.9259826918702563)0:1.0625611502761074)0:3.7363258132426242,(P_012843,(((P_012937,(P_006421,P_012939)0:1.79729964960367)0:4.932072971593157,(P_012803,(P_012853,(P_012837,P_012829)0:1.4499506494586567)0.72916:0.03764410267987161)0:0.3707913805560576)0.00098:0.16317748752043104,(((P_012801,(P_012809,P_012879)0:3.7523025780080137)0:0.8963837453379291,(P_012839,(P_012805,(P_012825,(P_012799,YZRI)0:1.288898448881344)0.00013:0.24283661197839604)0.00526:0.1298144929865783)0:0.8344439982631523)0:0.9355380109600238,(P_012909,(((P_012865,(P_012931,(P_012935,P_012933)0:2.608843551018761)0:2.44446848668442)0:0.33587929758302,((P_012849,P_012871)0:2.0190121454677996,(P_012845,P_012807)0:0.5121733502259457)0:0.6001272112953521)0:2.8578598950306495,((GAP_81172,P_012833)0:3.3372833848883396,((P_012927,(GAP_80295,PSJT)0:0.16220906968445495)0:1.6583879057355235,((P_012915,P_012791)0.02773:0.12807498804993517,(P_012869,(P_012835,(P_012819,P_012823)0.86594:0.023496272380325627)0:0.9831000993761844)0:3.283743988162618)0:1.9527809266870095)0.00242:0.07164949360014443)0:2.0336327835929633)0.21684:0.017663062402527772)0:1.782671042254417)0:1.5723491852348304)0.00001:0.22698133484810584)0:1.1961516213303847)0:1.052180835138189)0.00003:0.15904180518937197)0:1.5273735378048066,(P_012795,P_012941)0:4.029162927273166)0:3.836647989201345)0:0.5202265762345072)0:0.7021381791857363)0:2.501733366131278)0:0.7392064557610212)0:2.7590463354407766)0:1.5772763766675106)0:0.7672551527136672));
Weight calculation took 81.434910078 secs
ASTRAL finished in 100.701 secs
