
================== ASTRAL ===================== 

This is ASTRAL version 5.7.7
Gene trees are treated as unrooted
197 trees read from all_bs10.trees
index224
All output trees will be *arbitrarily* rooted at P0109B

======== Running the main analysis
Number of taxa: 241 (241 species)
Taxa: [KRJP, WAIL, MAQO, Asie, QDVW, PAWA, P2589, P_019185, OPDF, CSSK, P_018831, P_016909, SJEV, P_019187, P_006410, GAP_81226, P_016921, GAP_81227, P_012827, P_012813, P_012919, P_012921, P_012861, P_018689, GAP_80293, P_012893, GAP_80291, P_012859, GAP_80292, GAP_80294, P_012873, P_012889, P_012793, P_012911, P_012821, P_012917, P_012863, P_012885, P_012881, P_012897, P_012907, P_012891, P_012895, P_012811, P_012857, P_012815, P_012903, P_012925, P_012883, P_012887, P_012851, P_012901, P_012875, P_012831, P_012797, P_012841, P_012913, P_012877, P_012867, P_012899, P_012817, P_012923, P_012847, P_012803, P_012853, P_012937, P_006421, P_012939, P_012843, P_012837, P_012809, P_012801, P_012799, P_012825, P_012909, GAP_81172, P_012833, GAP_80295, P_012927, PSJT, P_012915, P_012791, P_012835, P_012819, P_012823, P_012869, P_012849, P_012871, P_012865, P_012931, P_012935, P_012933, P_012845, P_012807, P_012795, P_018695, P_018645, P_018783, GAP_80397, OBPL, P_016799, P_016797, P_016793, P_016795, P_006422, P_014099, S03, P_016789, P_016787, P_016791, P_018693, P_019189, P0110C, P0207C, P0207A, XQWC, P0207B, P0206H, P0206G, YZRI, GAP_80322, DHPO, P2590, GAP_79804, GAP_79862, P_011527, P_008646, P_006412, P_011715, P_011735, GAP_80389, GAP_80390, WKSU, WZFE, WPHN, BCGB, WIGA, ABSS, Apet, Dhai, VYLQ, P_006413, P_011675, P_011759, P_008640, P_016813, P_018635, P_011531, Schi, P_006411, GAP_80297, P_014083, GAP_80298, P_014077, P2619, P2622, P_012905, P_006419, P_006418, P_012879, P_012805, P_012839, P_012829, P_012855, P_007802, P_018637, P_012941, P_018639, OSHQ, P_019193, Wsal, Pcol, P_019191, P_019197, GAP_80395, P_011549, GAP_80393, GAP_80394, P_011651, P_011509, P_011643, P_006414, P_011631, P_007783, P_011637, P_011647, P_011489, P_011465, P_011501, P_011523, P_011487, P_011587, P_014081, P_008647, P0104A, P_008631, P_011671, P_011679, P_008632, KAYP, Msal, P_011537, P_011713, P_011705, P_018779, P0110B, S02, S08, S27, P_007844, P_011657, P_011739, P_011673, GAP_80417, P_018691, P_006420, P_007843, P_011611, P_011745, P_011579, P0203H, P_011551, P_011677, P_025525, P0109B, P_014095, P_011681, P2623, P_011609, P_025523, S38, P_011699, Sdec, P_011701, S04, P_011607, P_019199, P_011613, P_014073, P_007845, P_025527]
Taxon occupancy: {P_019193=85, P_019191=7, P_019197=142, OPDF=191, GAP_81172=188, P_018783=179, P_019199=2, Wsal=108, P_016921=175, WKSU=197, P_025523=4, P_025525=6, P_025527=1, P_014073=1, P0203H=59, P_014077=39, QDVW=194, P_011487=178, P_011489=182, P_016813=166, P_006421=184, P_006422=185, P_006420=43, P_006418=177, P_006419=183, P_006414=170, P_014081=42, P_014083=70, P_018689=188, P0206H=153, P0206G=137, Msal=171, P0109B=39, P_006410=161, P_012901=186, P_006411=151, P_012903=191, P_006412=171, P_006413=174, P_012905=187, PAWA=190, P_012907=188, GAP_79862=155, ABSS=195, P_012909=178, P_018691=63, GAP_80291=190, P_018695=177, P_014095=14, GAP_80293=185, GAP_80292=181, P_018693=172, GAP_80295=171, GAP_80294=177, P_014099=161, GAP_80297=173, GAP_80298=172, P_012911=190, P_011701=2, P_012913=164, P_012915=183, P_011705=26, P_012917=170, P_012919=133, P_012881=186, P_011671=71, P_011551=29, MAQO=195, P_012883=187, P_011673=54, P_012885=182, GAP_80322=190, P_011675=123, P2590=131, P_012887=186, P_011677=72, P_012889=182, P_011679=69, P_008647=144, PSJT=189, P2589=129, P_012891=173, P_011681=48, P_012893=181, P_018637=165, P_012895=182, P_018635=108, P_012897=187, P0207C=160, P_012899=166, P0207B=164, P0207A=163, P_018639=98, P_008646=179, P_008640=176, BCGB=194, WZFE=193, P_018645=176, KRJP=194, KAYP=114, P_011699=7, P_011579=62, CSSK=189, P_008632=168, P_016909=181, P_007783=136, P_008631=39, P_019187=165, P_019185=162, Sdec=2, P_019189=133, P_012791=183, P_012793=184, Asie=152, P_012795=176, P_011465=185, P_018779=38, P_012797=186, P_011587=52, P_012799=180, GAP_80417=38, WIGA=192, GAP_79804=102, P_007802=62, P_012841=182, P_011631=60, P_012843=187, Pcol=101, P_012845=188, P_012847=172, P_011637=161, P_011759=96, P_012849=178, Apet=90, OBPL=194, P0110C=136, P_018831=164, P0110B=80, YZRI=194, P_012851=181, P_012853=176, P_011643=175, P_011523=178, P_012855=157, P_012857=177, P_011647=111, P_011527=69, P_012859=169, WAIL=195, P_016789=175, P_012861=183, P_011651=99, P_016787=177, P_011531=75, P_012863=189, P_012865=173, Schi=99, P_012867=180, P_011657=100, P_011537=54, P_012869=179, P_016793=170, P_016791=177, P_016797=182, SJEV=194, P_016795=173, P_012871=168, P_012873=192, P_016799=182, P_012875=181, P_012877=183, P_012879=178, P_011549=125, P_007844=31, P_007845=1, S02=86, P_012921=105, S04=3, P_012801=175, S03=150, P_012923=168, P_011713=34, P_012803=178, P_012925=185, P_011715=77, S08=37, P_012805=178, P_007843=89, P_012927=177, P_012807=182, P_012809=183, VYLQ=195, DHPO=196, GAP_80390=166, P2622=83, P2623=21, XQWC=196, GAP_80394=178, GAP_80393=190, GAP_80395=186, GAP_80397=181, P_012931=176, P_012811=185, P_012933=166, WPHN=195, P_012813=167, P_012935=171, P_012815=185, P_012937=181, P_012817=175, P_011607=1, P_012939=180, P_012819=177, P_011609=26, P2619=46, OSHQ=193, GAP_80389=161, P_012941=183, P_012821=187, P_011611=21, P_012823=179, P_011613=1, P_011735=169, P_012825=172, S27=51, P_012827=122, P_011739=95, P_012829=138, Dhai=187, P0104A=110, P_012831=183, P_011501=186, GAP_81226=178, P_012833=178, GAP_81227=180, P_011745=89, P_012835=174, S38=5, P_012837=175, P_012839=172, P_011509=179}
Number of gene trees: 197
197 trees have missing taxa
Calculating quartet distance matrix (for completion of X)
Species tree distances calculated ...
Will attempt to complete bipartitions from X before adding using a distance matrix.
Building set of clusters (X) from gene trees 
------------------------------
gradient0: 15835
Number of Clusters after addition by distance: 15835
calculating extra bipartitions to be added at level 1 ...
Adding to X using resolutions of greedy consensus ...
Limit for sigma of degrees:6075
polytomy size limit : 14
discarded polytomies:  [3, 3, 3, 3, 3, 3, 3, 3, 3, 3, 3, 3, 3, 3, 3, 4, 4, 4, 4, 4, 4, 4, 4, 4, 4, 4, 5, 5, 5, 5, 6, 6, 7, 9, 11, 13, 14]
Threshold 0.0:
polytomy of size 3; rounds with additions with at least 5 support: 1; clusters: 15841
Threshold 0.01:
polytomy of size 4; rounds with additions with at least 5 support: 0; clusters: 15847
Threshold 0.02:
polytomy of size 6; rounds with additions with at least 5 support: 1; clusters: 15881
Threshold 0.05:
polytomy of size 7; rounds with additions with at least 5 support: 1; clusters: 15891
Threshold 0.1:
polytomy of size 3; rounds with additions with at least 5 support: 0; clusters: 15891
polytomy of size 3; rounds with additions with at least 5 support: 0; clusters: 15891
polytomy of size 9; rounds with additions with at least 5 support: 1; clusters: 15901
Threshold 0.2:
polytomy of size 3; rounds with additions with at least 5 support: 0; clusters: 15901
polytomy of size 6; rounds with additions with at least 5 support: 0; clusters: 15901
polytomy of size 3; rounds with additions with at least 5 support: 0; clusters: 15901
polytomy of size 5; rounds with additions with at least 5 support: 0; clusters: 15901
polytomy of size 4; rounds with additions with at least 5 support: 0; clusters: 15901
polytomy of size 13; rounds with additions with at least 5 support: 0; clusters: 15901
polytomy of size 4; rounds with additions with at least 5 support: 0; clusters: 15901
polytomy of size 3; rounds with additions with at least 5 support: 0; clusters: 15901
polytomy of size 3; rounds with additions with at least 5 support: 0; clusters: 15901
Threshold 0.3333333333333333:
polytomy of size 3; rounds with additions with at least 5 support: 0; clusters: 15901
polytomy of size 3; rounds with additions with at least 5 support: 0; clusters: 15901
polytomy of size 4; rounds with additions with at least 5 support: 0; clusters: 15901
polytomy of size 11; rounds with additions with at least 5 support: 0; clusters: 15907
polytomy of size 3; rounds with additions with at least 5 support: 0; clusters: 15907
polytomy of size 4; rounds with additions with at least 5 support: 0; clusters: 15907
polytomy of size 4; rounds with additions with at least 5 support: 0; clusters: 15907
polytomy of size 5; rounds with additions with at least 5 support: 0; clusters: 15907
polytomy of size 5; rounds with additions with at least 5 support: 0; clusters: 15907
polytomy of size 14; rounds with additions with at least 5 support: 0; clusters: 15907
polytomy of size 4; rounds with additions with at least 5 support: 0; clusters: 15907
polytomy of size 4; rounds with additions with at least 5 support: 0; clusters: 15907
polytomy of size 3; rounds with additions with at least 5 support: 0; clusters: 15907
polytomy of size 3; rounds with additions with at least 5 support: 0; clusters: 15907
polytomy of size 3; rounds with additions with at least 5 support: 0; clusters: 15907
polytomy of size 3; rounds with additions with at least 5 support: 0; clusters: 15907
polytomy of size 5; rounds with additions with at least 5 support: 0; clusters: 15907
polytomy of size 4; rounds with additions with at least 5 support: 0; clusters: 15907
polytomy of size 3; rounds with additions with at least 5 support: 0; clusters: 15907
polytomy of size 4; rounds with additions with at least 5 support: 0; clusters: 15907
polytomy of size 4; rounds with additions with at least 5 support: 0; clusters: 15907
max k is :2
Number of Clusters after addition by greedy: 15907
gradient0 in heuristiic: 15907
partitions formed in 7.099 secs
Dynamic Programming starting after 7.099 secs
Using tree-based weight calculation.
Using polytree-based weight calculation.
Polytree max score: 7750821199
Polytree building time: 0.127 seconds.
Number of quartet trees in the gene trees: 7750821199
Size of largest cluster: 241
Greedy score: 7243819624
estimationFactor: 1.0699909165766937
Sub-optimal score: 7264500150
Total Number of elements weighted: 47394
Normalized score (portion of input quartet trees satisfied before correcting for multiple individuals): 0.9488610729336475
Optimization score: 7354452519
Optimal tree inferred in 49.806 secs.
(P_012941,(P_012795,(((P_012861,((P_012855,(P_012827,P_007802)),((P_012919,P_012921),(P_012813,P_018637)))),(((P_012797,(P_012841,((P_012913,P_012877),(P_012811,(P_012891,P_012895))))),((((P_012925,P_012883),(P_012857,(P_012815,P_012903))),(P_012875,((P_012831,P_012905),(P_012901,(P_012887,P_012851))))),(P_018689,((P_012885,(GAP_80294,P_006420)),(P_012859,((P_012873,P_012881),(((P_012897,(GAP_80293,P_012893)),(P_012911,(P_012821,P_012917))),((GAP_80291,P_012907),(P_012889,((P_012863,P_006418),(P_012793,(GAP_80292,P_006419)))))))))))),((P_012867,((P_012899,P_012817),(P_012923,P_012847))),(P_012843,(((P_012937,(P_006421,P_012939)),(P_012803,(P_012853,(P_012837,P_012829)))),(((P_012801,(P_012809,P_012879)),(P_012839,(P_012805,(P_012825,(P_012799,YZRI))))),(P_012909,(((P_012865,(P_012931,(P_012935,P_012933))),((P_012849,P_012871),(P_012845,P_012807))),((GAP_81172,P_012833),((P_012927,(GAP_80295,PSJT)),((P_012915,P_012791),(P_012869,(P_012819,(P_012835,P_012823)))))))))))))),((GAP_80322,DHPO),(((P2622,P2623),(P0110C,(P0110B,(XQWC,(P0207A,(P0207C,(P0207B,(P0206H,P0206G)))))))),((((P_018639,P_018779),(P_018695,(P_018645,P_018783))),((P_018691,P_007845),((P_016797,(OBPL,(GAP_80397,P_016799))),((P_016793,(P_016795,P_006422)),(P_018693,((S08,(P_014095,S38)),((S04,(P_016789,S27)),(P_016791,((P_014099,S03),(P_016787,S02)))))))))),(((P0203H,((P_016909,WZFE),(P0109B,(P_018831,OSHQ)))),(((P_025527,(SJEV,(P_019193,(P_019187,Wsal)))),(P_016921,(GAP_81227,(WKSU,(Pcol,(P_006410,GAP_81226)))))),(((Asie,QDVW),((P_019189,P_025525),(PAWA,P_019197))),(P_025523,(((P_019185,CSSK),(P2589,OPDF)),(P_019199,(P_019191,(GAP_80417,(P2590,GAP_79804))))))))),(P_011613,(WPHN,((P_011609,(P2619,Sdec)),(((GAP_79862,P_011587),(P_014081,(P_008647,P0104A))),((MAQO,(WAIL,(P_011527,((GAP_80297,P_014083),(GAP_80298,P_014077))))),(((KRJP,(GAP_80395,P_011549)),((P_011643,(P_011657,(P_011651,P_011509))),((GAP_80393,GAP_80394),((P_011647,(P_011465,(P_011501,(P_011523,(P_011489,P_011487))))),((P_011551,(P_011637,P_007844)),(P_011631,(P_007843,(P_006414,P_007783)))))))),((P_011531,(P_011699,(Schi,P_006411))),(VYLQ,(P_018635,(P_008631,((P_008632,(P_011671,P_011579)),((P_011713,P_011705),(((KAYP,(BCGB,(ABSS,P_011607))),(WIGA,(Dhai,(Apet,Msal)))),(P_006413,((P_016813,((GAP_80389,GAP_80390),((P_006412,P_008640),(P_008646,P_011679)))),((P_011673,(P_011537,(P_011701,(P_011739,P_011677)))),(P_011759,((P_011735,P_011675),(P_011715,(P_014073,(P_011745,(P_011611,P_011681)))))))))))))))))))))))))))));
Final quartet score is: 7354452519
Final normalized quartet score is: 0.9488610729336475
You may want to ignore posterior probabilities and other statistics related to the following branch branch because the effective number of genes impacting it is only 1:
	{SJEV, P_019187, P_019193, Wsal}
You may want to ignore posterior probabilities and other statistics related to the following branch branch because the effective number of genes impacting it is only 1:
	{SJEV, P_019187, P_019193, Wsal, P_025527}
You may want to ignore posterior probabilities and other statistics related to the following branch branch because the effective number of genes impacting it is only 5:
	{P_019189, P_025525}
You may want to ignore posterior probabilities and other statistics related to the following branch branch because the effective number of genes impacting it is only 5:
	{P2590, GAP_79804, GAP_80417}
You may want to ignore posterior probabilities and other statistics related to the following branch branch because the effective number of genes impacting it is only 1:
	{P2590, GAP_79804, P_019191, GAP_80417}
You may want to ignore posterior probabilities and other statistics related to the following branch branch because the effective number of genes impacting it is only 2:
	{P2590, GAP_79804, P_019191, GAP_80417, P_019199}
You may want to ignore posterior probabilities and other statistics related to the following branch branch because the effective number of genes impacting it is only 3:
	{P2589, P_019185, OPDF, CSSK, P2590, GAP_79804, P_019191, GAP_80417, P_019199}
You may want to ignore posterior probabilities and other statistics related to the following branch branch because the effective number of genes impacting it is only 4:
	{P2589, P_019185, OPDF, CSSK, P2590, GAP_79804, P_019191, GAP_80417, P_025523, P_019199}
You may want to ignore posterior probabilities and other statistics related to the following branch branch because the effective number of genes impacting it is only 1:
	{P2619, Sdec}
You may want to ignore posterior probabilities and other statistics related to the following branch branch because the effective number of genes impacting it is only 11:
	{P2619, P_011609, Sdec}
You may want to ignore posterior probabilities and other statistics related to the following branch branch because the effective number of genes impacting it is only 8:
	{P_011637, P_007844}
You may want to ignore posterior probabilities and other statistics related to the following branch branch because the effective number of genes impacting it is only 4:
	{Schi, P_006411}
You may want to ignore posterior probabilities and other statistics related to the following branch branch because the effective number of genes impacting it is only 5:
	{Schi, P_006411, P_011699}
You may want to ignore posterior probabilities and other statistics related to the following branch branch because the effective number of genes impacting it is only 12:
	{P_011713, P_011705}
You may want to ignore posterior probabilities and other statistics related to the following branch branch because the effective number of genes impacting it is only 1:
	{ABSS, P_011607}
You may want to ignore posterior probabilities and other statistics related to the following branch branch because the effective number of genes impacting it is only 1:
	{P_011739, P_011677}
You may want to ignore posterior probabilities and other statistics related to the following branch branch because the effective number of genes impacting it is only 2:
	{P_011739, P_011677, P_011701}
You may want to ignore posterior probabilities and other statistics related to the following branch branch because the effective number of genes impacting it is only 9:
	{P_011611, P_011681}
You may want to ignore posterior probabilities and other statistics related to the following branch branch because the effective number of genes impacting it is only 0:
	{P_011611, P_011745, P_011681}
You may want to ignore posterior probabilities and other statistics related to the following branch branch because the effective number of genes impacting it is only 1:
	{P_011611, P_011745, P_011681, P_014073}
You may want to ignore posterior probabilities and other statistics related to the following branch branch because the effective number of genes impacting it is only 1:
	{KRJP, WAIL, MAQO, GAP_79862, P_011527, P_008646, P_006412, P_011715, P_011735, GAP_80389, GAP_80390, WPHN, BCGB, WIGA, ABSS, Apet, Dhai, VYLQ, P_006413, P_011675, P_011759, P_008640, P_016813, P_018635, P_011531, Schi, P_006411, GAP_80297, P_014083, GAP_80298, P_014077, P2619, GAP_80395, P_011549, GAP_80393, GAP_80394, P_011651, P_011509, P_011643, P_006414, P_011631, P_007783, P_011637, P_011647, P_011489, P_011465, P_011501, P_011523, P_011487, P_011587, P_014081, P_008647, P0104A, P_008631, P_011671, P_011679, P_008632, KAYP, Msal, P_011537, P_011713, P_011705, P_007844, P_011657, P_011739, P_011673, P_007843, P_011611, P_011745, P_011579, P_011551, P_011677, P_011681, P_011609, P_011699, Sdec, P_011701, P_011607, P_014073}
You may want to ignore posterior probabilities and other statistics related to the following branch branch because the effective number of genes impacting it is only 1:
	{KRJP, WAIL, MAQO, GAP_79862, P_011527, P_008646, P_006412, P_011715, P_011735, GAP_80389, GAP_80390, WPHN, BCGB, WIGA, ABSS, Apet, Dhai, VYLQ, P_006413, P_011675, P_011759, P_008640, P_016813, P_018635, P_011531, Schi, P_006411, GAP_80297, P_014083, GAP_80298, P_014077, P2619, GAP_80395, P_011549, GAP_80393, GAP_80394, P_011651, P_011509, P_011643, P_006414, P_011631, P_007783, P_011637, P_011647, P_011489, P_011465, P_011501, P_011523, P_011487, P_011587, P_014081, P_008647, P0104A, P_008631, P_011671, P_011679, P_008632, KAYP, Msal, P_011537, P_011713, P_011705, P_007844, P_011657, P_011739, P_011673, P_007843, P_011611, P_011745, P_011579, P_011551, P_011677, P_011681, P_011609, P_011699, Sdec, P_011701, P_011607, P_011613, P_014073}
You may want to ignore posterior probabilities and other statistics related to the following branch branch because the effective number of genes impacting it is only 1:
	{P_018691, P_007845}
You may want to ignore posterior probabilities and other statistics related to the following branch branch because the effective number of genes impacting it is only 0:
	{P_014095, S38}
You may want to ignore posterior probabilities and other statistics related to the following branch branch because the effective number of genes impacting it is only 7:
	{S08, P_014095, S38}
You may want to ignore posterior probabilities and other statistics related to the following branch branch because the effective number of genes impacting it is only 3:
	{P_016789, S27}
You may want to ignore posterior probabilities and other statistics related to the following branch branch because the effective number of genes impacting it is only 3:
	{P_016789, S27, S04}
Extended species tree:
(P0109B,((P_018831,OSHQ)1:1.126011262856224,((P_016909,WZFE)1:2.2113690847223846,(P0203H,((((P_025527,(SJEV,(P_019193,(P_019187,Wsal)1:0.9403138170892331)1:0.6580558607486753)0.67:0.2876820724517809)0.67:0.2876820724517809,(P_016921,(GAP_81227,(WKSU,(Pcol,(P_006410,GAP_81226)1:1.2044056945599655)1:0.584876140057615)1:0.2780768962943252)1:0.5668205802605272)1:2.892161475935559)1:2.432870755213026,(((Asie,QDVW)1:3.515523656703317,((P_019189,P_025525)0.26:0.006146300848693955,(PAWA,P_019197)1:0.8100373709396614)0.94:0.14336667228209626)1:0.2532698371757246,(P_025523,(((P_019185,CSSK)0.49:0.03061693853662667,(P2589,OPDF)1:1.3253631759092894)1:1.719096868852141,(P_019199,(P_019191,(GAP_80417,(P2590,GAP_79804)1:3.0602707946915624)0.99:1.3862943611198908)0.67:0.2876820724517809)0.42:0.0)0.95:0.9808292530117262)0.57:0.14451929204852235)1:1.953763414904362)1:0.25267661355581966,((P_011613,(WPHN,((P_011609,(P2619,Sdec)0.67:0.2876820724517809)1:2.0794415416798353,(((GAP_79862,P_011587)1:2.0555807605529295,(P_014081,(P_008647,P0104A)1:3.120895416507997)1:3.2580965380214812)1:1.4857594161192047,((MAQO,(WAIL,(P_011527,((GAP_80297,P_014083)1:2.2323801897276474,(GAP_80298,P_014077)0.85:0.18770036217066105)1:0.3547281229581072)0.87:0.15129462663384358)1:0.8106730421846222)1:1.5984355655803792,(((KRJP,(GAP_80395,P_011549)1:1.8485170460989393)1:0.7417104895222372,((P_011643,(P_011657,(P_011651,P_011509)1:0.8911718874426982)0.46:0.04337644919026575)1:1.4174201005057498,((GAP_80393,GAP_80394)1:0.8163557361618915,((P_011647,(P_011465,(P_011501,(P_011523,(P_011489,P_011487)1:0.1944497461568993)0.63:0.05457120960918139)1:0.7895262282824567)1:1.551288774436663)0.8:0.10125794383592814,((P_011551,(P_011637,P_007844)0.85:0.44289901519030744)0.8:0.21131237725030344,(P_011631,(P_007843,(P_006414,P_007783)0.6:0.06978817440476928)1:0.5548559674149418)0.46:0.05411254914114396)1:0.3497712481475232)1:1.190029335172217)0.47:0.04002380002119723)1:2.7368848888724)1:1.5011345386780206,((P_011531,(P_011699,(Schi,P_006411)0.84:0.5108256237659905)0.83:0.4700036292457356)1:2.882339536784045,(VYLQ,(P_018635,(P_008631,((P_008632,(P_011671,P_011579)0.69:0.1445812288111077)1:1.991285653686935,((P_011713,P_011705)0.99:0.8616346961797093,(((KAYP,(BCGB,(ABSS,P_011607)0.67:0.2876820724517809)1:0.584354229656656)0.8:0.0993776005554065,(WIGA,(Dhai,(Apet,Msal)0.82:0.11838814216888471)0.99:0.17341765903902656)1:0.44563483980811136)1:0.36206378070205264,(P_006413,((P_016813,((GAP_80389,GAP_80390)1:1.9159139172002424,((P_006412,P_008640)1:1.0877045306976243,(P_008646,P_011679)0.99:0.30456229592526324)0.99:0.17164535263541464)0.67:0.05937980865510268)1:0.4432747452035066,((P_011673,(P_011537,(P_011701,(P_011739,P_011677)0.67:0.2876820724517809)0.42:0.0019249284095843938)0.65:0.14422243856684822)0.69:0.10477456272073737,(P_011759,((P_011735,P_011675)1:1.4080032459946032,(P_011715,(P_014073,(P_011745,(P_011611,P_011681)0.54:0.10558723046510538)0.33:0.0)0.67:0.2876820724517809)1:0.49435420122586654)1:0.35812233062139315)0.84:0.1321427300881367)1:1.0674198060934061)1:0.2020546486129592)0.99:0.1634774978488864)0.47:0.07017344210084452)1:0.7380231086196722)1:1.7034896312124739)0.79:0.17650073217683537)1:0.5660908395976898)1:0.3786288372112956)1:1.1049521300073466)1:0.5015924723701386)1:0.3490027987059709)0.91:0.1942099537544321)1:0.35839548208714694)0.67:0.2876820724517809)0.67:0.2876820724517809,((((P_018639,P_018779)1:0.6587539797643718,(P_018695,(P_018645,P_018783)1:0.20811511616245956)1:0.5122323029908271)1:0.3160723854192062,((P_018691,P_007845)0.67:0.2876820724517809,((P_016797,(OBPL,(GAP_80397,P_016799)1:0.2606424773929422)1:0.7404931297091671)1:0.9321492568746911,((P_016793,(P_016795,P_006422)1:0.5379469571677438)1:0.6109885129538738,(P_018693,((S08,(P_014095,S38)0.33:0.0)0.99:1.1839735685900867,((S04,(P_016789,S27)0.67:0.2876820724517809)0.95:0.9808292530117262,(P_016791,((P_014099,S03)1:2.2461878621420786,(P_016787,S02)1:3.9927919024809695)0.54:0.03596374969165229)0.55:0.04375059099823714)0.55:0.06894058550295405)1:0.662555306615468)0.96:0.14048219730341227)0.92:0.1104237869671157)0.9:0.18415932320161285)0.39:0.03431277040988369)1:4.018527194381481,(((P2622,P2623)1:0.6359004392893679,(P0110C,(P0110B,(XQWC,(P0207A,(P0207C,(P0207B,(P0206H,P0206G)0.94:0.17141317365817618)0.99:0.194791089337756)0.97:0.14612723184920204)1:0.25628149135647943)0.99:0.2866861780556094)1:1.6466288073513355)1:2.6843725258272992)1:0.6105647114192577,((GAP_80322,DHPO)1:3.6230170809197,(((P_012861,((P_012855,(P_012827,P_007802)1:3.5457786104732607)1:1.4223191285515928,((P_012919,P_012921)1:3.0177111802727654,(P_012813,P_018637)1:0.7512548113672259)1:2.188075382682632)1:3.0816596930505433)0.94:0.13025605193896553,(((P_012797,(P_012841,((P_012913,P_012877)1:1.8249669290584836,(P_012811,(P_012891,P_012895)1:0.4832935821610366)1:2.422130243643828)1:2.201844762889711)1:0.3629285641841207)0.5:0.0276193254023021,((((P_012925,P_012883)1:3.503627305265214,(P_012857,(P_012815,P_012903)1:1.5953752122305873)0.86:0.1018801642080552)0.88:0.09850204933075064,(P_012875,((P_012831,P_012905)1:0.5330978965620411,(P_012901,(P_012887,P_012851)1:3.6259637116718415)0.69:0.05685400696292523)1:0.33033243799387835)1:0.8846768736804698)1:0.7977331761881625,(P_018689,((P_012885,(GAP_80294,P_006420)1:3.2759283990022783)0.82:0.09265898821918508,(P_012859,((P_012873,P_012881)1:1.4293567798336835,(((P_012897,(GAP_80293,P_012893)1:2.455644771701418)0.8:0.09982125439180879,(P_012911,(P_012821,P_012917)1:2.372199895728602)1:1.3963056614417821)0.51:0.03445742456021138,((GAP_80291,P_012907)1:0.20170769797971247,(P_012889,((P_012863,P_006418)0.6:0.07069940024765023,(P_012793,(GAP_80292,P_006419)1:3.597270188370245)1:0.2547964462048603)0.46:0.02880377395311365)0.74:0.07732585061004567)0.39:0.009068669511378784)0.56:0.04686908971887228)0.51:0.041578676397803015)0.53:0.048221643653774036)1:1.9875166982497738)1:1.6015921993373308)1:2.555675116122824)1:2.628740647557126,((P_012867,((P_012899,P_012817)1:2.067474980876123,(P_012923,P_012847)1:4.631487494305473)1:1.0588719600185956)1:4.337851308421822,(P_012843,(((P_012937,(P_006421,P_012939)1:1.797913334802433)1:4.787491742782049,(P_012803,(P_012853,(P_012837,P_012829)1:1.4449319953720974)0.57:0.03990706820944195)1:0.38775268614753006)0.91:0.11724569936712269,(((P_012801,(P_012809,P_012879)1:3.5603017580441905)1:0.8415870531517027,(P_012839,(P_012805,(P_012825,(P_012799,YZRI)1:1.3263701135587147)1:0.29259173337984873)0.98:0.16247449454278381)1:0.9321753670728504)1:1.283394001936421,(P_012909,(((P_012865,(P_012931,(P_012935,P_012933)1:2.6525710487819807)1:2.6812981961570626)1:0.4225065571859789,((P_012849,P_012871)1:2.1450726291662194,(P_012845,P_012807)1:0.5683503102527357)1:0.6152587540840747)1:3.299830077072575,((GAP_81172,P_012833)1:3.204614477272193,((P_012927,(GAP_80295,PSJT)1:0.22438282622617758)1:2.0462639356810715,((P_012915,P_012791)0.97:0.13530010639378612,(P_012869,(P_012819,(P_012835,P_012823)0.46:0.02118585039440557)1:1.022490568316366)1:3.4187302772930135)1:1.898082316774174)0.91:0.10987361781134082)1:2.56661513347499)0.45:0.041120664933397354)1:2.0914996334254314)1:2.57769864690703)1:0.2832498588993401)1:1.42957834586534)1:1.4930414894735184)1:0.2517921517697696)1:1.8630987984889176,(P_012795,P_012941)1:3.797959458981855)1:4.582045011503173)1:0.5050627243698154)1:0.7754279516821819)1:2.6902101481817287)1:0.6912654881082032)1:2.952470594113271)1:1.76699475786407)1:0.8410673106365676));
Weight calculation took 42.045379864 secs
ASTRAL finished in 51.438 secs
