
================== ASTRAL ===================== 

This is ASTRAL version 5.7.7
Gene trees are treated as unrooted
14 trees read from all_bs10.trees
index179
All output trees will be *arbitrarily* rooted at P0109B

======== Running the main analysis
Number of taxa: 232 (232 species)
Taxa: [WIGA, P_011759, P_011739, P_011677, P_011715, P_011745, P_011675, P_011735, P_011537, P_008640, P_008646, P_006412, P_006413, P_011531, Schi, P_006411, KRJP, GAP_80395, P_011549, P_011637, P_007783, P_007843, P_006414, P_011631, P_011647, P_011465, P_011523, P_011487, P_011501, P_011489, GAP_80393, GAP_80394, P_011657, P_011651, P_011509, P_011643, P_011527, WAIL, MAQO, GAP_80297, P_014083, GAP_80298, P_014077, P_018691, P_018693, P_006422, P_016793, P_016797, P_016799, OBPL, GAP_80397, P_016795, P_016787, S02, P_016789, S27, P_016791, S03, P_014099, S08, P_014095, P_018639, P_018779, P_018783, P_018695, P_018645, P_012853, P_012805, P_012801, P_012809, P_012879, YZRI, P_012799, P_012839, P_012825, P_012807, P_012845, P_012865, P_012931, P_012935, P_012933, P_012849, P_012871, GAP_81172, P_012833, P_012869, P_012819, P_012823, P_012835, P_012915, P_012791, PSJT, P_012927, GAP_80295, P_012909, P_006421, P_012939, P_012937, P_012803, P_012837, P_012829, P_012843, P_012867, P_012899, P_012817, P_012847, P_012923, P_012841, P_018689, P_012859, P_012873, GAP_80291, P_012897, P_012881, P_012907, P_006418, P_012863, P_012793, P_006419, GAP_80292, P_006420, GAP_80294, P_012885, P_012889, P_012917, P_012821, P_012911, GAP_80293, P_012893, P_012831, P_012905, P_012901, P_012851, P_012887, P_012875, P_012925, P_012883, P_012857, P_012903, P_012815, P_012891, P_012895, P_012811, P_012913, P_012877, P_012797, P_012861, P_012855, P_007802, P_012827, P_012921, P_012919, P_012813, P_018637, P_012941, P_012795, GAP_80322, DHPO, P2622, P2623, P0110C, P0207A, P0207C, XQWC, P0207B, P0206H, P0206G, P0110B, CSSK, P_019185, OPDF, P2589, P2590, GAP_79804, QDVW, Asie, P_019189, PAWA, P_019197, P0109B, OSHQ, P_018831, P_016909, WZFE, P0203H, P_006410, P_016921, GAP_81227, WKSU, GAP_81226, Pcol, SJEV, Wsal, P_019187, P_019193, WPHN, VYLQ, GAP_79862, P0104A, P_008647, P_018635, P_011671, P_011579, P_008632, GAP_80390, GAP_80389, P_016813, P_011673, P_011679, Apet, Dhai, ABSS, BCGB, Msal, P_011705, P_011713, P_011681, S38, P_011587, P_007844, P_025525, P_011551, P_014081, P_008631, P_011611, P_011609, P2619, KAYP, GAP_80417, P_011613, P_019191, S04]
Taxon occupancy: {P_019193=12, P_019191=1, P_019197=14, OPDF=14, GAP_81172=14, P_018783=14, Wsal=13, P_016921=14, WKSU=14, P_025525=1, P0203H=10, P_014077=7, QDVW=14, P_011487=14, P_011489=14, P_016813=14, P_006421=14, P_006422=14, P_006420=7, P_006418=14, P_006419=14, P_006414=14, P_014081=8, P_014083=11, P_018689=14, P0206H=14, P0206G=14, Msal=13, P0109B=10, P_012901=14, P_006410=14, P_006411=14, P_006412=14, P_012903=14, P_006413=14, P_012905=14, P_012907=14, PAWA=14, GAP_79862=14, ABSS=14, P_012909=12, P_018691=12, GAP_80291=14, P_014095=5, P_018695=13, GAP_80293=14, P_018693=14, GAP_80292=14, GAP_80295=14, P_014099=14, GAP_80294=14, GAP_80297=14, GAP_80298=14, P_012911=14, P_012913=13, P_012915=13, P_011705=6, P_012917=14, P_012919=14, P_012881=14, P_011671=10, P_011551=6, MAQO=14, P_012883=14, P_011673=9, P_011675=14, P_012885=14, GAP_80322=13, P2590=12, P_011677=12, P_012887=14, P_012889=14, P_011679=13, P_008647=14, PSJT=14, P2589=14, P_012891=14, P_011681=10, P_012893=14, P_018637=14, P_012895=14, P_018635=12, P_012897=14, P0207C=14, P_012899=14, P0207B=14, P_018639=11, P0207A=14, P_008646=14, P_008640=14, BCGB=14, WZFE=14, P_018645=14, KRJP=14, KAYP=6, P_011579=11, CSSK=14, P_008632=13, P_007783=14, P_016909=13, P_008631=4, P_019187=14, P_019185=14, P_019189=14, P_012791=14, P_012793=14, P_012795=14, Asie=11, P_011465=14, P_018779=8, P_012797=14, P_011587=9, P_012799=14, GAP_80417=5, WIGA=14, P_007802=11, GAP_79804=11, P_011631=11, P_012841=13, P_012843=14, Pcol=13, P_012845=14, P_011637=14, P_012847=13, P_011759=13, P_012849=13, Apet=9, OBPL=14, P0110C=13, P0110B=9, P_018831=14, YZRI=14, P_012851=14, P_011643=14, P_012853=14, P_011523=14, P_012855=14, P_011647=13, P_012857=14, P_011527=13, P_012859=14, WAIL=14, P_016789=14, P_011651=13, P_012861=14, P_011531=12, P_016787=14, P_012863=14, P_012865=14, Schi=13, P_011657=12, P_012867=14, P_011537=12, P_012869=14, P_016793=14, P_016791=14, P_016797=14, SJEV=13, P_016795=14, P_012871=14, P_012873=14, P_016799=14, P_012875=14, P_012877=14, P_012879=13, P_011549=14, P_007844=7, S02=13, P_012921=13, S04=2, S03=14, P_012801=14, P_012923=14, P_011713=6, P_012803=14, P_011715=11, S08=7, P_012925=14, P_007843=13, P_012805=14, P_012927=14, P_012807=14, P_012809=13, VYLQ=14, DHPO=14, GAP_80390=13, P2622=13, P2623=7, GAP_80394=14, XQWC=14, GAP_80393=14, GAP_80395=14, GAP_80397=14, P_012931=14, P_012811=14, P_012933=14, WPHN=14, P_012813=14, P_012935=14, P_012815=14, P_012937=14, P_012817=13, P_012939=14, P_012819=14, P_011609=5, P2619=8, OSHQ=14, GAP_80389=14, P_012941=14, P_012821=14, P_011611=3, P_012823=13, P_011613=1, P_011735=14, S27=12, P_012825=14, P_012827=14, P_011739=14, P_012829=14, Dhai=14, P0104A=13, P_012831=14, P_011501=14, P_012833=14, GAP_81226=13, P_011745=13, GAP_81227=14, P_012835=14, S38=1, P_012837=14, P_012839=14, P_011509=14}
Number of gene trees: 14
14 trees have missing taxa
Calculating quartet distance matrix (for completion of X)
Species tree distances calculated ...
Will attempt to complete bipartitions from X before adding using a distance matrix.
Building set of clusters (X) from gene trees 
------------------------------
gradient0: 3011
Number of Clusters after addition by distance: 3011
calculating extra bipartitions to be added at level 1 ...
Adding to X using resolutions of greedy consensus ...
Limit for sigma of degrees:5850
polytomy size limit : 19
discarded polytomies:  [3, 3, 3, 3, 3, 3, 3, 3, 3, 3, 3, 3, 3, 3, 3, 3, 3, 3, 3, 3, 3, 3, 3, 3, 3, 4, 4, 4, 4, 4, 4, 5, 5, 5, 6, 6, 6, 6, 8, 11, 13, 19]
Threshold 0.0:
polytomy of size 3; rounds with additions with at least 5 support: 0; clusters: 3015
polytomy of size 3; rounds with additions with at least 5 support: 0; clusters: 3019
Threshold 0.01:
polytomy of size 3; rounds with additions with at least 5 support: 0; clusters: 3019
polytomy of size 3; rounds with additions with at least 5 support: 0; clusters: 3019
Threshold 0.02:
polytomy of size 3; rounds with additions with at least 5 support: 0; clusters: 3019
polytomy of size 3; rounds with additions with at least 5 support: 0; clusters: 3019
Threshold 0.05:
polytomy of size 3; rounds with additions with at least 5 support: 0; clusters: 3019
polytomy of size 3; rounds with additions with at least 5 support: 0; clusters: 3019
Threshold 0.1:
polytomy of size 8; rounds with additions with at least 5 support: 0; clusters: 3039
polytomy of size 3; rounds with additions with at least 5 support: 0; clusters: 3041
polytomy of size 3; rounds with additions with at least 5 support: 1; clusters: 3043
polytomy of size 6; rounds with additions with at least 5 support: 0; clusters: 3065
Threshold 0.2:
polytomy of size 3; rounds with additions with at least 5 support: 0; clusters: 3065
polytomy of size 3; rounds with additions with at least 5 support: 0; clusters: 3067
polytomy of size 3; rounds with additions with at least 5 support: 0; clusters: 3067
polytomy of size 3; rounds with additions with at least 5 support: 0; clusters: 3069
polytomy of size 11; rounds with additions with at least 5 support: 0; clusters: 3081
polytomy of size 3; rounds with additions with at least 5 support: 0; clusters: 3081
polytomy of size 3; rounds with additions with at least 5 support: 0; clusters: 3081
polytomy of size 3; rounds with additions with at least 5 support: 0; clusters: 3081
polytomy of size 3; rounds with additions with at least 5 support: 0; clusters: 3081
polytomy of size 4; rounds with additions with at least 5 support: 0; clusters: 3083
polytomy of size 6; rounds with additions with at least 5 support: 0; clusters: 3087
Threshold 0.3333333333333333:
polytomy of size 3; rounds with additions with at least 5 support: 0; clusters: 3087
polytomy of size 5; rounds with additions with at least 5 support: 0; clusters: 3089
polytomy of size 3; rounds with additions with at least 5 support: 0; clusters: 3089
polytomy of size 4; rounds with additions with at least 5 support: 0; clusters: 3089
polytomy of size 4; rounds with additions with at least 5 support: 0; clusters: 3089
polytomy of size 5; rounds with additions with at least 5 support: 0; clusters: 3091
polytomy of size 6; rounds with additions with at least 5 support: 0; clusters: 3095
polytomy of size 13; rounds with additions with at least 5 support: 0; clusters: 3105
polytomy of size 4; rounds with additions with at least 5 support: 0; clusters: 3105
polytomy of size 4; rounds with additions with at least 5 support: 0; clusters: 3105
polytomy of size 3; rounds with additions with at least 5 support: 0; clusters: 3105
polytomy of size 4; rounds with additions with at least 5 support: 0; clusters: 3105
polytomy of size 3; rounds with additions with at least 5 support: 0; clusters: 3105
polytomy of size 5; rounds with additions with at least 5 support: 0; clusters: 3105
polytomy of size 3; rounds with additions with at least 5 support: 0; clusters: 3105
polytomy of size 3; rounds with additions with at least 5 support: 0; clusters: 3105
polytomy of size 3; rounds with additions with at least 5 support: 0; clusters: 3105
polytomy of size 6; rounds with additions with at least 5 support: 0; clusters: 3105
polytomy of size 19; rounds with additions with at least 5 support: 0; clusters: 3133
max k is :2
Number of Clusters after addition by greedy: 3133
gradient0 in heuristiic: 3133
partitions formed in 3.431 secs
Dynamic Programming starting after 3.431 secs
Using tree-based weight calculation.
Using polytree-based weight calculation.
Polytree max score: 1103702883
Polytree building time: 0.026 seconds.
Number of quartet trees in the gene trees: 1103702883
Size of largest cluster: 232
Greedy score: 1037072950
estimationFactor: 1.0642480676021875
Sub-optimal score: 1037725119
Total Number of elements weighted: 4230
Normalized score (portion of input quartet trees satisfied before correcting for multiple individuals): 0.9546508659432396
Optimization score: 1053650913
Optimal tree inferred in 4.071 secs.
(P_016909,(WZFE,((P0109B,(OSHQ,P_018831)),(P0203H,(((SJEV,(P_019193,(Wsal,P_019187))),(P_016921,(GAP_81227,(WKSU,(Pcol,(P_006410,GAP_81226)))))),((((QDVW,Asie),(P_019189,(PAWA,P_019197))),(P_019191,((GAP_80417,(P2590,GAP_79804)),(P_025525,((OPDF,P2589),(CSSK,P_019185)))))),((P_011613,(WPHN,(((P_011609,P2619),(MAQO,(WAIL,(P_011527,((GAP_80297,P_014083),(GAP_80298,P_014077)))))),(((KRJP,(GAP_80395,P_011549)),((P_011657,(P_011643,(P_011651,P_011509))),((GAP_80393,GAP_80394),((P_011647,(P_011465,(P_011523,(P_011501,(P_011487,P_011489))))),((P_007783,(P_007843,P_006414)),(P_011631,(P_011551,(P_011637,P_007844)))))))),(((GAP_79862,P_011587),(P_014081,(P0104A,P_008647))),((P_011531,(Schi,P_006411)),((VYLQ,P_008631),(P_018635,((P_008632,(P_011671,P_011579)),(P_011713,(((ABSS,BCGB),(WIGA,(P_006413,(P_011705,(Dhai,(Apet,Msal)))))),((P_016813,(KAYP,(P_011679,((GAP_80390,GAP_80389),(P_008646,(P_008640,P_006412)))))),(P_011681,((P_011673,(P_011537,(P_011739,P_011677))),(P_011759,((P_011675,P_011735),(P_011715,(P_011745,P_011611)))))))))))))))))),((P_018691,(((P_018639,P_018779),(P_018695,(P_018783,P_018645))),(((P_016793,(P_006422,P_016795)),(P_018693,(P_016797,(P_016799,(OBPL,GAP_80397))))),((S08,P_014095),((P_016787,S02),((P_016791,(S03,P_014099)),((P_016789,S04),(S27,S38)))))))),(((P2622,P2623),(P0110C,(P0207A,(P0110B,((XQWC,P0207B),(P0206H,(P0207C,P0206G))))))),((GAP_80322,DHPO),((P_012941,P_012795),(((P_012855,(P_007802,P_012827)),((P_012921,P_012919),(P_012813,P_018637))),(P_012861,((P_012797,((P_012841,((P_012913,P_012877),(P_012811,(P_012891,P_012895)))),((((P_012925,P_012883),(P_012857,(P_012903,P_012815))),(P_012875,((P_012851,P_012887),(P_012901,(P_012831,P_012905))))),(P_018689,((P_012885,(P_006420,GAP_80294)),(P_012859,(((P_012873,P_012881),(GAP_80291,P_012907)),(P_012897,((GAP_80293,P_012893),((P_006418,P_012863),(P_012889,((P_012793,(P_006419,GAP_80292)),(P_012911,(P_012917,P_012821)))))))))))))),((P_012867,((P_012847,P_012923),(P_012899,P_012817))),((P_012843,(P_012937,(P_006421,P_012939))),((P_012853,(P_012803,(P_012837,P_012829))),(((P_012801,(P_012809,P_012879)),(P_012839,(P_012805,(P_012825,(YZRI,P_012799))))),(P_012909,(((P_012865,(P_012931,(P_012935,P_012933))),((P_012807,P_012845),(P_012849,P_012871))),((GAP_81172,P_012833),((P_012927,(PSJT,GAP_80295)),((P_012915,P_012791),(P_012869,(P_012835,(P_012819,P_012823))))))))))))))))))))))))));
Final quartet score is: 1053650913
Final normalized quartet score is: 0.9546508659432396
You may want to ignore posterior probabilities and other statistics related to the following branch branch because the effective number of genes impacting it is only 10:
	{OSHQ, P_018831}
You may want to ignore posterior probabilities and other statistics related to the following branch branch because the effective number of genes impacting it is only 12:
	{Wsal, P_019187}
You may want to ignore posterior probabilities and other statistics related to the following branch branch because the effective number of genes impacting it is only 11:
	{Wsal, P_019187, P_019193}
You may want to ignore posterior probabilities and other statistics related to the following branch branch because the effective number of genes impacting it is only 13:
	{SJEV, Wsal, P_019187, P_019193}
You may want to ignore posterior probabilities and other statistics related to the following branch branch because the effective number of genes impacting it is only 13:
	{P_006410, GAP_81226}
You may want to ignore posterior probabilities and other statistics related to the following branch branch because the effective number of genes impacting it is only 13:
	{P_006410, GAP_81226, Pcol}
You may want to ignore posterior probabilities and other statistics related to the following branch branch because the effective number of genes impacting it is only 14:
	{P_006410, WKSU, GAP_81226, Pcol}
You may want to ignore posterior probabilities and other statistics related to the following branch branch because the effective number of genes impacting it is only 14:
	{P_006410, GAP_81227, WKSU, GAP_81226, Pcol}
You may want to ignore posterior probabilities and other statistics related to the following branch branch because the effective number of genes impacting it is only 14:
	{P_006410, P_016921, GAP_81227, WKSU, GAP_81226, Pcol}
You may want to ignore posterior probabilities and other statistics related to the following branch branch because the effective number of genes impacting it is only 14:
	{P_006410, P_016921, GAP_81227, WKSU, GAP_81226, Pcol, SJEV, Wsal, P_019187, P_019193}
You may want to ignore posterior probabilities and other statistics related to the following branch branch because the effective number of genes impacting it is only 11:
	{QDVW, Asie}
You may want to ignore posterior probabilities and other statistics related to the following branch branch because the effective number of genes impacting it is only 14:
	{PAWA, P_019197}
You may want to ignore posterior probabilities and other statistics related to the following branch branch because the effective number of genes impacting it is only 14:
	{P_019189, PAWA, P_019197}
You may want to ignore posterior probabilities and other statistics related to the following branch branch because the effective number of genes impacting it is only 14:
	{QDVW, Asie, P_019189, PAWA, P_019197}
You may want to ignore posterior probabilities and other statistics related to the following branch branch because the effective number of genes impacting it is only 4:
	{P2590, GAP_79804}
You may want to ignore posterior probabilities and other statistics related to the following branch branch because the effective number of genes impacting it is only 5:
	{P2590, GAP_79804, GAP_80417}
You may want to ignore posterior probabilities and other statistics related to the following branch branch because the effective number of genes impacting it is only 14:
	{OPDF, P2589}
You may want to ignore posterior probabilities and other statistics related to the following branch branch because the effective number of genes impacting it is only 14:
	{CSSK, P_019185}
You may want to ignore posterior probabilities and other statistics related to the following branch branch because the effective number of genes impacting it is only 1:
	{CSSK, P_019185, OPDF, P2589}
You may want to ignore posterior probabilities and other statistics related to the following branch branch because the effective number of genes impacting it is only 1:
	{CSSK, P_019185, OPDF, P2589, P_025525}
You may want to ignore posterior probabilities and other statistics related to the following branch branch because the effective number of genes impacting it is only 1:
	{CSSK, P_019185, OPDF, P2589, P2590, GAP_79804, P_025525, GAP_80417}
You may want to ignore posterior probabilities and other statistics related to the following branch branch because the effective number of genes impacting it is only 1:
	{CSSK, P_019185, OPDF, P2589, P2590, GAP_79804, P_025525, GAP_80417, P_019191}
You may want to ignore posterior probabilities and other statistics related to the following branch branch because the effective number of genes impacting it is only 14:
	{CSSK, P_019185, OPDF, P2589, P2590, GAP_79804, QDVW, Asie, P_019189, PAWA, P_019197, P_025525, GAP_80417, P_019191}
You may want to ignore posterior probabilities and other statistics related to the following branch branch because the effective number of genes impacting it is only 4:
	{P_011609, P2619}
You may want to ignore posterior probabilities and other statistics related to the following branch branch because the effective number of genes impacting it is only 11:
	{GAP_80297, P_014083}
You may want to ignore posterior probabilities and other statistics related to the following branch branch because the effective number of genes impacting it is only 7:
	{GAP_80298, P_014077}
You may want to ignore posterior probabilities and other statistics related to the following branch branch because the effective number of genes impacting it is only 13:
	{GAP_80297, P_014083, GAP_80298, P_014077}
You may want to ignore posterior probabilities and other statistics related to the following branch branch because the effective number of genes impacting it is only 13:
	{P_011527, GAP_80297, P_014083, GAP_80298, P_014077}
You may want to ignore posterior probabilities and other statistics related to the following branch branch because the effective number of genes impacting it is only 14:
	{P_011527, WAIL, GAP_80297, P_014083, GAP_80298, P_014077}
You may want to ignore posterior probabilities and other statistics related to the following branch branch because the effective number of genes impacting it is only 9:
	{P_011527, WAIL, MAQO, GAP_80297, P_014083, GAP_80298, P_014077}
You may want to ignore posterior probabilities and other statistics related to the following branch branch because the effective number of genes impacting it is only 9:
	{P_011527, WAIL, MAQO, GAP_80297, P_014083, GAP_80298, P_014077, P_011609, P2619}
You may want to ignore posterior probabilities and other statistics related to the following branch branch because the effective number of genes impacting it is only 14:
	{GAP_80395, P_011549}
You may want to ignore posterior probabilities and other statistics related to the following branch branch because the effective number of genes impacting it is only 14:
	{KRJP, GAP_80395, P_011549}
You may want to ignore posterior probabilities and other statistics related to the following branch branch because the effective number of genes impacting it is only 13:
	{P_011651, P_011509}
You may want to ignore posterior probabilities and other statistics related to the following branch branch because the effective number of genes impacting it is only 12:
	{P_011651, P_011509, P_011643}
You may want to ignore posterior probabilities and other statistics related to the following branch branch because the effective number of genes impacting it is only 12:
	{P_011657, P_011651, P_011509, P_011643}
You may want to ignore posterior probabilities and other statistics related to the following branch branch because the effective number of genes impacting it is only 14:
	{GAP_80393, GAP_80394}
You may want to ignore posterior probabilities and other statistics related to the following branch branch because the effective number of genes impacting it is only 14:
	{P_011487, P_011489}
You may want to ignore posterior probabilities and other statistics related to the following branch branch because the effective number of genes impacting it is only 14:
	{P_011487, P_011501, P_011489}
You may want to ignore posterior probabilities and other statistics related to the following branch branch because the effective number of genes impacting it is only 14:
	{P_011523, P_011487, P_011501, P_011489}
You may want to ignore posterior probabilities and other statistics related to the following branch branch because the effective number of genes impacting it is only 13:
	{P_011465, P_011523, P_011487, P_011501, P_011489}
You may want to ignore posterior probabilities and other statistics related to the following branch branch because the effective number of genes impacting it is only 13:
	{P_011647, P_011465, P_011523, P_011487, P_011501, P_011489}
You may want to ignore posterior probabilities and other statistics related to the following branch branch because the effective number of genes impacting it is only 13:
	{P_007843, P_006414}
You may want to ignore posterior probabilities and other statistics related to the following branch branch because the effective number of genes impacting it is only 14:
	{P_007783, P_007843, P_006414}
You may want to ignore posterior probabilities and other statistics related to the following branch branch because the effective number of genes impacting it is only 3:
	{P_011637, P_007844}
You may want to ignore posterior probabilities and other statistics related to the following branch branch because the effective number of genes impacting it is only 5:
	{P_011637, P_007844, P_011551}
You may want to ignore posterior probabilities and other statistics related to the following branch branch because the effective number of genes impacting it is only 11:
	{P_011637, P_011631, P_007844, P_011551}
You may want to ignore posterior probabilities and other statistics related to the following branch branch because the effective number of genes impacting it is only 14:
	{P_011637, P_007783, P_007843, P_006414, P_011631, P_007844, P_011551}
You may want to ignore posterior probabilities and other statistics related to the following branch branch because the effective number of genes impacting it is only 14:
	{P_011637, P_007783, P_007843, P_006414, P_011631, P_011647, P_011465, P_011523, P_011487, P_011501, P_011489, P_007844, P_011551}
You may want to ignore posterior probabilities and other statistics related to the following branch branch because the effective number of genes impacting it is only 14:
	{P_011637, P_007783, P_007843, P_006414, P_011631, P_011647, P_011465, P_011523, P_011487, P_011501, P_011489, GAP_80393, GAP_80394, P_007844, P_011551}
You may want to ignore posterior probabilities and other statistics related to the following branch branch because the effective number of genes impacting it is only 14:
	{P_011637, P_007783, P_007843, P_006414, P_011631, P_011647, P_011465, P_011523, P_011487, P_011501, P_011489, GAP_80393, GAP_80394, P_011657, P_011651, P_011509, P_011643, P_007844, P_011551}
You may want to ignore posterior probabilities and other statistics related to the following branch branch because the effective number of genes impacting it is only 14:
	{KRJP, GAP_80395, P_011549, P_011637, P_007783, P_007843, P_006414, P_011631, P_011647, P_011465, P_011523, P_011487, P_011501, P_011489, GAP_80393, GAP_80394, P_011657, P_011651, P_011509, P_011643, P_007844, P_011551}
You may want to ignore posterior probabilities and other statistics related to the following branch branch because the effective number of genes impacting it is only 9:
	{GAP_79862, P_011587}
You may want to ignore posterior probabilities and other statistics related to the following branch branch because the effective number of genes impacting it is only 7:
	{P0104A, P_008647}
You may want to ignore posterior probabilities and other statistics related to the following branch branch because the effective number of genes impacting it is only 8:
	{P0104A, P_008647, P_014081}
You may want to ignore posterior probabilities and other statistics related to the following branch branch because the effective number of genes impacting it is only 14:
	{GAP_79862, P0104A, P_008647, P_011587, P_014081}
You may want to ignore posterior probabilities and other statistics related to the following branch branch because the effective number of genes impacting it is only 11:
	{Schi, P_006411}
You may want to ignore posterior probabilities and other statistics related to the following branch branch because the effective number of genes impacting it is only 12:
	{P_011531, Schi, P_006411}
You may want to ignore posterior probabilities and other statistics related to the following branch branch because the effective number of genes impacting it is only 4:
	{VYLQ, P_008631}
You may want to ignore posterior probabilities and other statistics related to the following branch branch because the effective number of genes impacting it is only 7:
	{P_011671, P_011579}
You may want to ignore posterior probabilities and other statistics related to the following branch branch because the effective number of genes impacting it is only 12:
	{P_011671, P_011579, P_008632}
You may want to ignore posterior probabilities and other statistics related to the following branch branch because the effective number of genes impacting it is only 14:
	{ABSS, BCGB}
You may want to ignore posterior probabilities and other statistics related to the following branch branch because the effective number of genes impacting it is only 8:
	{Apet, Msal}
You may want to ignore posterior probabilities and other statistics related to the following branch branch because the effective number of genes impacting it is only 6:
	{Apet, Dhai, Msal}
You may want to ignore posterior probabilities and other statistics related to the following branch branch because the effective number of genes impacting it is only 6:
	{Apet, Dhai, Msal, P_011705}
You may want to ignore posterior probabilities and other statistics related to the following branch branch because the effective number of genes impacting it is only 14:
	{P_006413, Apet, Dhai, Msal, P_011705}
You may want to ignore posterior probabilities and other statistics related to the following branch branch because the effective number of genes impacting it is only 14:
	{WIGA, P_006413, Apet, Dhai, Msal, P_011705}
You may want to ignore posterior probabilities and other statistics related to the following branch branch because the effective number of genes impacting it is only 14:
	{WIGA, P_006413, Apet, Dhai, ABSS, BCGB, Msal, P_011705}
You may want to ignore posterior probabilities and other statistics related to the following branch branch because the effective number of genes impacting it is only 13:
	{GAP_80390, GAP_80389}
You may want to ignore posterior probabilities and other statistics related to the following branch branch because the effective number of genes impacting it is only 14:
	{P_008640, P_006412}
You may want to ignore posterior probabilities and other statistics related to the following branch branch because the effective number of genes impacting it is only 14:
	{P_008640, P_008646, P_006412}
You may want to ignore posterior probabilities and other statistics related to the following branch branch because the effective number of genes impacting it is only 13:
	{P_008640, P_008646, P_006412, GAP_80390, GAP_80389}
You may want to ignore posterior probabilities and other statistics related to the following branch branch because the effective number of genes impacting it is only 5:
	{P_008640, P_008646, P_006412, GAP_80390, GAP_80389, P_011679}
You may want to ignore posterior probabilities and other statistics related to the following branch branch because the effective number of genes impacting it is only 6:
	{P_008640, P_008646, P_006412, GAP_80390, GAP_80389, P_011679, KAYP}
You may want to ignore posterior probabilities and other statistics related to the following branch branch because the effective number of genes impacting it is only 14:
	{P_008640, P_008646, P_006412, GAP_80390, GAP_80389, P_016813, P_011679, KAYP}
You may want to ignore posterior probabilities and other statistics related to the following branch branch because the effective number of genes impacting it is only 11:
	{P_011739, P_011677}
You may want to ignore posterior probabilities and other statistics related to the following branch branch because the effective number of genes impacting it is only 8:
	{P_011739, P_011677, P_011537}
You may want to ignore posterior probabilities and other statistics related to the following branch branch because the effective number of genes impacting it is only 9:
	{P_011739, P_011677, P_011537, P_011673}
You may want to ignore posterior probabilities and other statistics related to the following branch branch because the effective number of genes impacting it is only 14:
	{P_011675, P_011735}
You may want to ignore posterior probabilities and other statistics related to the following branch branch because the effective number of genes impacting it is only 3:
	{P_011745, P_011611}
You may want to ignore posterior probabilities and other statistics related to the following branch branch because the effective number of genes impacting it is only 10:
	{P_011715, P_011745, P_011611}
You may want to ignore posterior probabilities and other statistics related to the following branch branch because the effective number of genes impacting it is only 13:
	{P_011715, P_011745, P_011675, P_011735, P_011611}
You may want to ignore posterior probabilities and other statistics related to the following branch branch because the effective number of genes impacting it is only 13:
	{P_011759, P_011715, P_011745, P_011675, P_011735, P_011611}
You may want to ignore posterior probabilities and other statistics related to the following branch branch because the effective number of genes impacting it is only 10:
	{P_011759, P_011739, P_011677, P_011715, P_011745, P_011675, P_011735, P_011537, P_011673, P_011611}
You may want to ignore posterior probabilities and other statistics related to the following branch branch because the effective number of genes impacting it is only 10:
	{P_011759, P_011739, P_011677, P_011715, P_011745, P_011675, P_011735, P_011537, P_011673, P_011681, P_011611}
You may want to ignore posterior probabilities and other statistics related to the following branch branch because the effective number of genes impacting it is only 14:
	{P_011759, P_011739, P_011677, P_011715, P_011745, P_011675, P_011735, P_011537, P_008640, P_008646, P_006412, GAP_80390, GAP_80389, P_016813, P_011673, P_011679, P_011681, P_011611, KAYP}
You may want to ignore posterior probabilities and other statistics related to the following branch branch because the effective number of genes impacting it is only 6:
	{WIGA, P_011759, P_011739, P_011677, P_011715, P_011745, P_011675, P_011735, P_011537, P_008640, P_008646, P_006412, P_006413, GAP_80390, GAP_80389, P_016813, P_011673, P_011679, Apet, Dhai, ABSS, BCGB, Msal, P_011705, P_011681, P_011611, KAYP}
You may want to ignore posterior probabilities and other statistics related to the following branch branch because the effective number of genes impacting it is only 6:
	{WIGA, P_011759, P_011739, P_011677, P_011715, P_011745, P_011675, P_011735, P_011537, P_008640, P_008646, P_006412, P_006413, GAP_80390, GAP_80389, P_016813, P_011673, P_011679, Apet, Dhai, ABSS, BCGB, Msal, P_011705, P_011713, P_011681, P_011611, KAYP}
You may want to ignore posterior probabilities and other statistics related to the following branch branch because the effective number of genes impacting it is only 12:
	{WIGA, P_011759, P_011739, P_011677, P_011715, P_011745, P_011675, P_011735, P_011537, P_008640, P_008646, P_006412, P_006413, P_011671, P_011579, P_008632, GAP_80390, GAP_80389, P_016813, P_011673, P_011679, Apet, Dhai, ABSS, BCGB, Msal, P_011705, P_011713, P_011681, P_011611, KAYP}
You may want to ignore posterior probabilities and other statistics related to the following branch branch because the effective number of genes impacting it is only 12:
	{WIGA, P_011759, P_011739, P_011677, P_011715, P_011745, P_011675, P_011735, P_011537, P_008640, P_008646, P_006412, P_006413, P_018635, P_011671, P_011579, P_008632, GAP_80390, GAP_80389, P_016813, P_011673, P_011679, Apet, Dhai, ABSS, BCGB, Msal, P_011705, P_011713, P_011681, P_011611, KAYP}
You may want to ignore posterior probabilities and other statistics related to the following branch branch because the effective number of genes impacting it is only 14:
	{WIGA, P_011759, P_011739, P_011677, P_011715, P_011745, P_011675, P_011735, P_011537, P_008640, P_008646, P_006412, P_006413, VYLQ, P_018635, P_011671, P_011579, P_008632, GAP_80390, GAP_80389, P_016813, P_011673, P_011679, Apet, Dhai, ABSS, BCGB, Msal, P_011705, P_011713, P_011681, P_008631, P_011611, KAYP}
You may want to ignore posterior probabilities and other statistics related to the following branch branch because the effective number of genes impacting it is only 14:
	{WIGA, P_011759, P_011739, P_011677, P_011715, P_011745, P_011675, P_011735, P_011537, P_008640, P_008646, P_006412, P_006413, P_011531, Schi, P_006411, VYLQ, P_018635, P_011671, P_011579, P_008632, GAP_80390, GAP_80389, P_016813, P_011673, P_011679, Apet, Dhai, ABSS, BCGB, Msal, P_011705, P_011713, P_011681, P_008631, P_011611, KAYP}
You may want to ignore posterior probabilities and other statistics related to the following branch branch because the effective number of genes impacting it is only 14:
	{WIGA, P_011759, P_011739, P_011677, P_011715, P_011745, P_011675, P_011735, P_011537, P_008640, P_008646, P_006412, P_006413, P_011531, Schi, P_006411, VYLQ, GAP_79862, P0104A, P_008647, P_018635, P_011671, P_011579, P_008632, GAP_80390, GAP_80389, P_016813, P_011673, P_011679, Apet, Dhai, ABSS, BCGB, Msal, P_011705, P_011713, P_011681, P_011587, P_014081, P_008631, P_011611, KAYP}
You may want to ignore posterior probabilities and other statistics related to the following branch branch because the effective number of genes impacting it is only 14:
	{WIGA, P_011759, P_011739, P_011677, P_011715, P_011745, P_011675, P_011735, P_011537, P_008640, P_008646, P_006412, P_006413, P_011531, Schi, P_006411, KRJP, GAP_80395, P_011549, P_011637, P_007783, P_007843, P_006414, P_011631, P_011647, P_011465, P_011523, P_011487, P_011501, P_011489, GAP_80393, GAP_80394, P_011657, P_011651, P_011509, P_011643, VYLQ, GAP_79862, P0104A, P_008647, P_018635, P_011671, P_011579, P_008632, GAP_80390, GAP_80389, P_016813, P_011673, P_011679, Apet, Dhai, ABSS, BCGB, Msal, P_011705, P_011713, P_011681, P_011587, P_007844, P_011551, P_014081, P_008631, P_011611, KAYP}
You may want to ignore posterior probabilities and other statistics related to the following branch branch because the effective number of genes impacting it is only 14:
	{WIGA, P_011759, P_011739, P_011677, P_011715, P_011745, P_011675, P_011735, P_011537, P_008640, P_008646, P_006412, P_006413, P_011531, Schi, P_006411, KRJP, GAP_80395, P_011549, P_011637, P_007783, P_007843, P_006414, P_011631, P_011647, P_011465, P_011523, P_011487, P_011501, P_011489, GAP_80393, GAP_80394, P_011657, P_011651, P_011509, P_011643, P_011527, WAIL, MAQO, GAP_80297, P_014083, GAP_80298, P_014077, VYLQ, GAP_79862, P0104A, P_008647, P_018635, P_011671, P_011579, P_008632, GAP_80390, GAP_80389, P_016813, P_011673, P_011679, Apet, Dhai, ABSS, BCGB, Msal, P_011705, P_011713, P_011681, P_011587, P_007844, P_011551, P_014081, P_008631, P_011611, P_011609, P2619, KAYP}
You may want to ignore posterior probabilities and other statistics related to the following branch branch because the effective number of genes impacting it is only 1:
	{WIGA, P_011759, P_011739, P_011677, P_011715, P_011745, P_011675, P_011735, P_011537, P_008640, P_008646, P_006412, P_006413, P_011531, Schi, P_006411, KRJP, GAP_80395, P_011549, P_011637, P_007783, P_007843, P_006414, P_011631, P_011647, P_011465, P_011523, P_011487, P_011501, P_011489, GAP_80393, GAP_80394, P_011657, P_011651, P_011509, P_011643, P_011527, WAIL, MAQO, GAP_80297, P_014083, GAP_80298, P_014077, WPHN, VYLQ, GAP_79862, P0104A, P_008647, P_018635, P_011671, P_011579, P_008632, GAP_80390, GAP_80389, P_016813, P_011673, P_011679, Apet, Dhai, ABSS, BCGB, Msal, P_011705, P_011713, P_011681, P_011587, P_007844, P_011551, P_014081, P_008631, P_011611, P_011609, P2619, KAYP}
You may want to ignore posterior probabilities and other statistics related to the following branch branch because the effective number of genes impacting it is only 1:
	{WIGA, P_011759, P_011739, P_011677, P_011715, P_011745, P_011675, P_011735, P_011537, P_008640, P_008646, P_006412, P_006413, P_011531, Schi, P_006411, KRJP, GAP_80395, P_011549, P_011637, P_007783, P_007843, P_006414, P_011631, P_011647, P_011465, P_011523, P_011487, P_011501, P_011489, GAP_80393, GAP_80394, P_011657, P_011651, P_011509, P_011643, P_011527, WAIL, MAQO, GAP_80297, P_014083, GAP_80298, P_014077, WPHN, VYLQ, GAP_79862, P0104A, P_008647, P_018635, P_011671, P_011579, P_008632, GAP_80390, GAP_80389, P_016813, P_011673, P_011679, Apet, Dhai, ABSS, BCGB, Msal, P_011705, P_011713, P_011681, P_011587, P_007844, P_011551, P_014081, P_008631, P_011611, P_011609, P2619, KAYP, P_011613}
You may want to ignore posterior probabilities and other statistics related to the following branch branch because the effective number of genes impacting it is only 7:
	{P_018639, P_018779}
You may want to ignore posterior probabilities and other statistics related to the following branch branch because the effective number of genes impacting it is only 13:
	{P_018783, P_018645}
You may want to ignore posterior probabilities and other statistics related to the following branch branch because the effective number of genes impacting it is only 11:
	{P_018783, P_018695, P_018645}
You may want to ignore posterior probabilities and other statistics related to the following branch branch because the effective number of genes impacting it is only 12:
	{P_018639, P_018779, P_018783, P_018695, P_018645}
You may want to ignore posterior probabilities and other statistics related to the following branch branch because the effective number of genes impacting it is only 14:
	{P_006422, P_016795}
You may want to ignore posterior probabilities and other statistics related to the following branch branch because the effective number of genes impacting it is only 14:
	{P_006422, P_016793, P_016795}
You may want to ignore posterior probabilities and other statistics related to the following branch branch because the effective number of genes impacting it is only 14:
	{OBPL, GAP_80397}
You may want to ignore posterior probabilities and other statistics related to the following branch branch because the effective number of genes impacting it is only 14:
	{P_016799, OBPL, GAP_80397}
You may want to ignore posterior probabilities and other statistics related to the following branch branch because the effective number of genes impacting it is only 14:
	{P_016797, P_016799, OBPL, GAP_80397}
You may want to ignore posterior probabilities and other statistics related to the following branch branch because the effective number of genes impacting it is only 14:
	{P_018693, P_016797, P_016799, OBPL, GAP_80397}
You may want to ignore posterior probabilities and other statistics related to the following branch branch because the effective number of genes impacting it is only 14:
	{P_018693, P_006422, P_016793, P_016797, P_016799, OBPL, GAP_80397, P_016795}
You may want to ignore posterior probabilities and other statistics related to the following branch branch because the effective number of genes impacting it is only 2:
	{S08, P_014095}
You may want to ignore posterior probabilities and other statistics related to the following branch branch because the effective number of genes impacting it is only 13:
	{P_016787, S02}
You may want to ignore posterior probabilities and other statistics related to the following branch branch because the effective number of genes impacting it is only 14:
	{S03, P_014099}
You may want to ignore posterior probabilities and other statistics related to the following branch branch because the effective number of genes impacting it is only 14:
	{P_016791, S03, P_014099}
You may want to ignore posterior probabilities and other statistics related to the following branch branch because the effective number of genes impacting it is only 2:
	{P_016789, S04}
You may want to ignore posterior probabilities and other statistics related to the following branch branch because the effective number of genes impacting it is only 1:
	{S27, S38}
You may want to ignore posterior probabilities and other statistics related to the following branch branch because the effective number of genes impacting it is only 12:
	{P_016789, S27, S38, S04}
You may want to ignore posterior probabilities and other statistics related to the following branch branch because the effective number of genes impacting it is only 14:
	{P_016789, S27, P_016791, S03, P_014099, S38, S04}
You may want to ignore posterior probabilities and other statistics related to the following branch branch because the effective number of genes impacting it is only 10:
	{P_016787, S02, P_016789, S27, P_016791, S03, P_014099, S38, S04}
You may want to ignore posterior probabilities and other statistics related to the following branch branch because the effective number of genes impacting it is only 10:
	{P_016787, S02, P_016789, S27, P_016791, S03, P_014099, S08, P_014095, S38, S04}
You may want to ignore posterior probabilities and other statistics related to the following branch branch because the effective number of genes impacting it is only 14:
	{P_018693, P_006422, P_016793, P_016797, P_016799, OBPL, GAP_80397, P_016795, P_016787, S02, P_016789, S27, P_016791, S03, P_014099, S08, P_014095, S38, S04}
You may want to ignore posterior probabilities and other statistics related to the following branch branch because the effective number of genes impacting it is only 12:
	{P_018693, P_006422, P_016793, P_016797, P_016799, OBPL, GAP_80397, P_016795, P_016787, S02, P_016789, S27, P_016791, S03, P_014099, S08, P_014095, P_018639, P_018779, P_018783, P_018695, P_018645, S38, S04}
You may want to ignore posterior probabilities and other statistics related to the following branch branch because the effective number of genes impacting it is only 12:
	{P_018691, P_018693, P_006422, P_016793, P_016797, P_016799, OBPL, GAP_80397, P_016795, P_016787, S02, P_016789, S27, P_016791, S03, P_014099, S08, P_014095, P_018639, P_018779, P_018783, P_018695, P_018645, S38, S04}
You may want to ignore posterior probabilities and other statistics related to the following branch branch because the effective number of genes impacting it is only 7:
	{P2622, P2623}
You may want to ignore posterior probabilities and other statistics related to the following branch branch because the effective number of genes impacting it is only 14:
	{XQWC, P0207B}
You may want to ignore posterior probabilities and other statistics related to the following branch branch because the effective number of genes impacting it is only 14:
	{P0207C, P0206G}
You may want to ignore posterior probabilities and other statistics related to the following branch branch because the effective number of genes impacting it is only 14:
	{P0207C, P0206H, P0206G}
You may want to ignore posterior probabilities and other statistics related to the following branch branch because the effective number of genes impacting it is only 9:
	{P0207C, XQWC, P0207B, P0206H, P0206G}
You may want to ignore posterior probabilities and other statistics related to the following branch branch because the effective number of genes impacting it is only 9:
	{P0207C, XQWC, P0207B, P0206H, P0206G, P0110B}
You may want to ignore posterior probabilities and other statistics related to the following branch branch because the effective number of genes impacting it is only 13:
	{P0207A, P0207C, XQWC, P0207B, P0206H, P0206G, P0110B}
You may want to ignore posterior probabilities and other statistics related to the following branch branch because the effective number of genes impacting it is only 12:
	{P0110C, P0207A, P0207C, XQWC, P0207B, P0206H, P0206G, P0110B}
You may want to ignore posterior probabilities and other statistics related to the following branch branch because the effective number of genes impacting it is only 13:
	{P2622, P2623, P0110C, P0207A, P0207C, XQWC, P0207B, P0206H, P0206G, P0110B}
You may want to ignore posterior probabilities and other statistics related to the following branch branch because the effective number of genes impacting it is only 13:
	{GAP_80322, DHPO}
You may want to ignore posterior probabilities and other statistics related to the following branch branch because the effective number of genes impacting it is only 14:
	{P_012941, P_012795}
You may want to ignore posterior probabilities and other statistics related to the following branch branch because the effective number of genes impacting it is only 11:
	{P_007802, P_012827}
You may want to ignore posterior probabilities and other statistics related to the following branch branch because the effective number of genes impacting it is only 14:
	{P_012855, P_007802, P_012827}
You may want to ignore posterior probabilities and other statistics related to the following branch branch because the effective number of genes impacting it is only 13:
	{P_012921, P_012919}
You may want to ignore posterior probabilities and other statistics related to the following branch branch because the effective number of genes impacting it is only 14:
	{P_012813, P_018637}
You may want to ignore posterior probabilities and other statistics related to the following branch branch because the effective number of genes impacting it is only 14:
	{P_012921, P_012919, P_012813, P_018637}
You may want to ignore posterior probabilities and other statistics related to the following branch branch because the effective number of genes impacting it is only 14:
	{P_012855, P_007802, P_012827, P_012921, P_012919, P_012813, P_018637}
You may want to ignore posterior probabilities and other statistics related to the following branch branch because the effective number of genes impacting it is only 13:
	{P_012913, P_012877}
You may want to ignore posterior probabilities and other statistics related to the following branch branch because the effective number of genes impacting it is only 14:
	{P_012891, P_012895}
You may want to ignore posterior probabilities and other statistics related to the following branch branch because the effective number of genes impacting it is only 14:
	{P_012891, P_012895, P_012811}
You may want to ignore posterior probabilities and other statistics related to the following branch branch because the effective number of genes impacting it is only 13:
	{P_012891, P_012895, P_012811, P_012913, P_012877}
You may want to ignore posterior probabilities and other statistics related to the following branch branch because the effective number of genes impacting it is only 13:
	{P_012841, P_012891, P_012895, P_012811, P_012913, P_012877}
You may want to ignore posterior probabilities and other statistics related to the following branch branch because the effective number of genes impacting it is only 14:
	{P_012925, P_012883}
You may want to ignore posterior probabilities and other statistics related to the following branch branch because the effective number of genes impacting it is only 14:
	{P_012903, P_012815}
You may want to ignore posterior probabilities and other statistics related to the following branch branch because the effective number of genes impacting it is only 14:
	{P_012857, P_012903, P_012815}
You may want to ignore posterior probabilities and other statistics related to the following branch branch because the effective number of genes impacting it is only 14:
	{P_012925, P_012883, P_012857, P_012903, P_012815}
You may want to ignore posterior probabilities and other statistics related to the following branch branch because the effective number of genes impacting it is only 14:
	{P_012851, P_012887}
You may want to ignore posterior probabilities and other statistics related to the following branch branch because the effective number of genes impacting it is only 14:
	{P_012831, P_012905}
You may want to ignore posterior probabilities and other statistics related to the following branch branch because the effective number of genes impacting it is only 14:
	{P_012831, P_012905, P_012901}
You may want to ignore posterior probabilities and other statistics related to the following branch branch because the effective number of genes impacting it is only 14:
	{P_012831, P_012905, P_012901, P_012851, P_012887}
You may want to ignore posterior probabilities and other statistics related to the following branch branch because the effective number of genes impacting it is only 14:
	{P_012831, P_012905, P_012901, P_012851, P_012887, P_012875}
You may want to ignore posterior probabilities and other statistics related to the following branch branch because the effective number of genes impacting it is only 14:
	{P_012831, P_012905, P_012901, P_012851, P_012887, P_012875, P_012925, P_012883, P_012857, P_012903, P_012815}
You may want to ignore posterior probabilities and other statistics related to the following branch branch because the effective number of genes impacting it is only 7:
	{P_006420, GAP_80294}
You may want to ignore posterior probabilities and other statistics related to the following branch branch because the effective number of genes impacting it is only 14:
	{P_006420, GAP_80294, P_012885}
You may want to ignore posterior probabilities and other statistics related to the following branch branch because the effective number of genes impacting it is only 14:
	{P_012873, P_012881}
You may want to ignore posterior probabilities and other statistics related to the following branch branch because the effective number of genes impacting it is only 14:
	{GAP_80291, P_012907}
You may want to ignore posterior probabilities and other statistics related to the following branch branch because the effective number of genes impacting it is only 14:
	{P_012873, GAP_80291, P_012881, P_012907}
You may want to ignore posterior probabilities and other statistics related to the following branch branch because the effective number of genes impacting it is only 14:
	{GAP_80293, P_012893}
You may want to ignore posterior probabilities and other statistics related to the following branch branch because the effective number of genes impacting it is only 14:
	{P_006418, P_012863}
You may want to ignore posterior probabilities and other statistics related to the following branch branch because the effective number of genes impacting it is only 14:
	{P_006419, GAP_80292}
You may want to ignore posterior probabilities and other statistics related to the following branch branch because the effective number of genes impacting it is only 14:
	{P_012793, P_006419, GAP_80292}
You may want to ignore posterior probabilities and other statistics related to the following branch branch because the effective number of genes impacting it is only 14:
	{P_012917, P_012821}
You may want to ignore posterior probabilities and other statistics related to the following branch branch because the effective number of genes impacting it is only 14:
	{P_012917, P_012821, P_012911}
You may want to ignore posterior probabilities and other statistics related to the following branch branch because the effective number of genes impacting it is only 14:
	{P_012793, P_006419, GAP_80292, P_012917, P_012821, P_012911}
You may want to ignore posterior probabilities and other statistics related to the following branch branch because the effective number of genes impacting it is only 14:
	{P_012793, P_006419, GAP_80292, P_012889, P_012917, P_012821, P_012911}
You may want to ignore posterior probabilities and other statistics related to the following branch branch because the effective number of genes impacting it is only 14:
	{P_006418, P_012863, P_012793, P_006419, GAP_80292, P_012889, P_012917, P_012821, P_012911}
You may want to ignore posterior probabilities and other statistics related to the following branch branch because the effective number of genes impacting it is only 14:
	{P_006418, P_012863, P_012793, P_006419, GAP_80292, P_012889, P_012917, P_012821, P_012911, GAP_80293, P_012893}
You may want to ignore posterior probabilities and other statistics related to the following branch branch because the effective number of genes impacting it is only 14:
	{P_012897, P_006418, P_012863, P_012793, P_006419, GAP_80292, P_012889, P_012917, P_012821, P_012911, GAP_80293, P_012893}
You may want to ignore posterior probabilities and other statistics related to the following branch branch because the effective number of genes impacting it is only 14:
	{P_012873, GAP_80291, P_012897, P_012881, P_012907, P_006418, P_012863, P_012793, P_006419, GAP_80292, P_012889, P_012917, P_012821, P_012911, GAP_80293, P_012893}
You may want to ignore posterior probabilities and other statistics related to the following branch branch because the effective number of genes impacting it is only 14:
	{P_012859, P_012873, GAP_80291, P_012897, P_012881, P_012907, P_006418, P_012863, P_012793, P_006419, GAP_80292, P_012889, P_012917, P_012821, P_012911, GAP_80293, P_012893}
You may want to ignore posterior probabilities and other statistics related to the following branch branch because the effective number of genes impacting it is only 14:
	{P_012859, P_012873, GAP_80291, P_012897, P_012881, P_012907, P_006418, P_012863, P_012793, P_006419, GAP_80292, P_006420, GAP_80294, P_012885, P_012889, P_012917, P_012821, P_012911, GAP_80293, P_012893}
You may want to ignore posterior probabilities and other statistics related to the following branch branch because the effective number of genes impacting it is only 14:
	{P_018689, P_012859, P_012873, GAP_80291, P_012897, P_012881, P_012907, P_006418, P_012863, P_012793, P_006419, GAP_80292, P_006420, GAP_80294, P_012885, P_012889, P_012917, P_012821, P_012911, GAP_80293, P_012893}
You may want to ignore posterior probabilities and other statistics related to the following branch branch because the effective number of genes impacting it is only 14:
	{P_018689, P_012859, P_012873, GAP_80291, P_012897, P_012881, P_012907, P_006418, P_012863, P_012793, P_006419, GAP_80292, P_006420, GAP_80294, P_012885, P_012889, P_012917, P_012821, P_012911, GAP_80293, P_012893, P_012831, P_012905, P_012901, P_012851, P_012887, P_012875, P_012925, P_012883, P_012857, P_012903, P_012815}
You may want to ignore posterior probabilities and other statistics related to the following branch branch because the effective number of genes impacting it is only 14:
	{P_012841, P_018689, P_012859, P_012873, GAP_80291, P_012897, P_012881, P_012907, P_006418, P_012863, P_012793, P_006419, GAP_80292, P_006420, GAP_80294, P_012885, P_012889, P_012917, P_012821, P_012911, GAP_80293, P_012893, P_012831, P_012905, P_012901, P_012851, P_012887, P_012875, P_012925, P_012883, P_012857, P_012903, P_012815, P_012891, P_012895, P_012811, P_012913, P_012877}
You may want to ignore posterior probabilities and other statistics related to the following branch branch because the effective number of genes impacting it is only 14:
	{P_012841, P_018689, P_012859, P_012873, GAP_80291, P_012897, P_012881, P_012907, P_006418, P_012863, P_012793, P_006419, GAP_80292, P_006420, GAP_80294, P_012885, P_012889, P_012917, P_012821, P_012911, GAP_80293, P_012893, P_012831, P_012905, P_012901, P_012851, P_012887, P_012875, P_012925, P_012883, P_012857, P_012903, P_012815, P_012891, P_012895, P_012811, P_012913, P_012877, P_012797}
You may want to ignore posterior probabilities and other statistics related to the following branch branch because the effective number of genes impacting it is only 13:
	{P_012847, P_012923}
You may want to ignore posterior probabilities and other statistics related to the following branch branch because the effective number of genes impacting it is only 13:
	{P_012899, P_012817}
You may want to ignore posterior probabilities and other statistics related to the following branch branch because the effective number of genes impacting it is only 14:
	{P_012899, P_012817, P_012847, P_012923}
You may want to ignore posterior probabilities and other statistics related to the following branch branch because the effective number of genes impacting it is only 14:
	{P_012867, P_012899, P_012817, P_012847, P_012923}
You may want to ignore posterior probabilities and other statistics related to the following branch branch because the effective number of genes impacting it is only 14:
	{P_006421, P_012939}
You may want to ignore posterior probabilities and other statistics related to the following branch branch because the effective number of genes impacting it is only 14:
	{P_006421, P_012939, P_012937}
You may want to ignore posterior probabilities and other statistics related to the following branch branch because the effective number of genes impacting it is only 14:
	{P_006421, P_012939, P_012937, P_012843}
You may want to ignore posterior probabilities and other statistics related to the following branch branch because the effective number of genes impacting it is only 14:
	{P_012837, P_012829}
You may want to ignore posterior probabilities and other statistics related to the following branch branch because the effective number of genes impacting it is only 14:
	{P_012803, P_012837, P_012829}
You may want to ignore posterior probabilities and other statistics related to the following branch branch because the effective number of genes impacting it is only 14:
	{P_012853, P_012803, P_012837, P_012829}
You may want to ignore posterior probabilities and other statistics related to the following branch branch because the effective number of genes impacting it is only 13:
	{P_012809, P_012879}
You may want to ignore posterior probabilities and other statistics related to the following branch branch because the effective number of genes impacting it is only 13:
	{P_012801, P_012809, P_012879}
You may want to ignore posterior probabilities and other statistics related to the following branch branch because the effective number of genes impacting it is only 14:
	{YZRI, P_012799}
You may want to ignore posterior probabilities and other statistics related to the following branch branch because the effective number of genes impacting it is only 14:
	{YZRI, P_012799, P_012825}
You may want to ignore posterior probabilities and other statistics related to the following branch branch because the effective number of genes impacting it is only 14:
	{P_012805, YZRI, P_012799, P_012825}
You may want to ignore posterior probabilities and other statistics related to the following branch branch because the effective number of genes impacting it is only 14:
	{P_012805, YZRI, P_012799, P_012839, P_012825}
You may want to ignore posterior probabilities and other statistics related to the following branch branch because the effective number of genes impacting it is only 14:
	{P_012805, P_012801, P_012809, P_012879, YZRI, P_012799, P_012839, P_012825}
You may want to ignore posterior probabilities and other statistics related to the following branch branch because the effective number of genes impacting it is only 14:
	{P_012935, P_012933}
You may want to ignore posterior probabilities and other statistics related to the following branch branch because the effective number of genes impacting it is only 14:
	{P_012931, P_012935, P_012933}
You may want to ignore posterior probabilities and other statistics related to the following branch branch because the effective number of genes impacting it is only 14:
	{P_012865, P_012931, P_012935, P_012933}
You may want to ignore posterior probabilities and other statistics related to the following branch branch because the effective number of genes impacting it is only 14:
	{P_012807, P_012845}
You may want to ignore posterior probabilities and other statistics related to the following branch branch because the effective number of genes impacting it is only 13:
	{P_012849, P_012871}
You may want to ignore posterior probabilities and other statistics related to the following branch branch because the effective number of genes impacting it is only 14:
	{P_012807, P_012845, P_012849, P_012871}
You may want to ignore posterior probabilities and other statistics related to the following branch branch because the effective number of genes impacting it is only 14:
	{P_012807, P_012845, P_012865, P_012931, P_012935, P_012933, P_012849, P_012871}
You may want to ignore posterior probabilities and other statistics related to the following branch branch because the effective number of genes impacting it is only 14:
	{GAP_81172, P_012833}
You may want to ignore posterior probabilities and other statistics related to the following branch branch because the effective number of genes impacting it is only 14:
	{PSJT, GAP_80295}
You may want to ignore posterior probabilities and other statistics related to the following branch branch because the effective number of genes impacting it is only 14:
	{PSJT, P_012927, GAP_80295}
You may want to ignore posterior probabilities and other statistics related to the following branch branch because the effective number of genes impacting it is only 13:
	{P_012915, P_012791}
You may want to ignore posterior probabilities and other statistics related to the following branch branch because the effective number of genes impacting it is only 13:
	{P_012819, P_012823}
You may want to ignore posterior probabilities and other statistics related to the following branch branch because the effective number of genes impacting it is only 14:
	{P_012819, P_012823, P_012835}
You may want to ignore posterior probabilities and other statistics related to the following branch branch because the effective number of genes impacting it is only 14:
	{P_012869, P_012819, P_012823, P_012835}
You may want to ignore posterior probabilities and other statistics related to the following branch branch because the effective number of genes impacting it is only 14:
	{P_012869, P_012819, P_012823, P_012835, P_012915, P_012791}
You may want to ignore posterior probabilities and other statistics related to the following branch branch because the effective number of genes impacting it is only 14:
	{P_012869, P_012819, P_012823, P_012835, P_012915, P_012791, PSJT, P_012927, GAP_80295}
You may want to ignore posterior probabilities and other statistics related to the following branch branch because the effective number of genes impacting it is only 14:
	{GAP_81172, P_012833, P_012869, P_012819, P_012823, P_012835, P_012915, P_012791, PSJT, P_012927, GAP_80295}
You may want to ignore posterior probabilities and other statistics related to the following branch branch because the effective number of genes impacting it is only 12:
	{P_012807, P_012845, P_012865, P_012931, P_012935, P_012933, P_012849, P_012871, GAP_81172, P_012833, P_012869, P_012819, P_012823, P_012835, P_012915, P_012791, PSJT, P_012927, GAP_80295}
You may want to ignore posterior probabilities and other statistics related to the following branch branch because the effective number of genes impacting it is only 12:
	{P_012807, P_012845, P_012865, P_012931, P_012935, P_012933, P_012849, P_012871, GAP_81172, P_012833, P_012869, P_012819, P_012823, P_012835, P_012915, P_012791, PSJT, P_012927, GAP_80295, P_012909}
You may want to ignore posterior probabilities and other statistics related to the following branch branch because the effective number of genes impacting it is only 14:
	{P_012805, P_012801, P_012809, P_012879, YZRI, P_012799, P_012839, P_012825, P_012807, P_012845, P_012865, P_012931, P_012935, P_012933, P_012849, P_012871, GAP_81172, P_012833, P_012869, P_012819, P_012823, P_012835, P_012915, P_012791, PSJT, P_012927, GAP_80295, P_012909}
You may want to ignore posterior probabilities and other statistics related to the following branch branch because the effective number of genes impacting it is only 14:
	{P_012853, P_012805, P_012801, P_012809, P_012879, YZRI, P_012799, P_012839, P_012825, P_012807, P_012845, P_012865, P_012931, P_012935, P_012933, P_012849, P_012871, GAP_81172, P_012833, P_012869, P_012819, P_012823, P_012835, P_012915, P_012791, PSJT, P_012927, GAP_80295, P_012909, P_012803, P_012837, P_012829}
You may want to ignore posterior probabilities and other statistics related to the following branch branch because the effective number of genes impacting it is only 14:
	{P_012853, P_012805, P_012801, P_012809, P_012879, YZRI, P_012799, P_012839, P_012825, P_012807, P_012845, P_012865, P_012931, P_012935, P_012933, P_012849, P_012871, GAP_81172, P_012833, P_012869, P_012819, P_012823, P_012835, P_012915, P_012791, PSJT, P_012927, GAP_80295, P_012909, P_006421, P_012939, P_012937, P_012803, P_012837, P_012829, P_012843}
You may want to ignore posterior probabilities and other statistics related to the following branch branch because the effective number of genes impacting it is only 14:
	{P_012853, P_012805, P_012801, P_012809, P_012879, YZRI, P_012799, P_012839, P_012825, P_012807, P_012845, P_012865, P_012931, P_012935, P_012933, P_012849, P_012871, GAP_81172, P_012833, P_012869, P_012819, P_012823, P_012835, P_012915, P_012791, PSJT, P_012927, GAP_80295, P_012909, P_006421, P_012939, P_012937, P_012803, P_012837, P_012829, P_012843, P_012867, P_012899, P_012817, P_012847, P_012923}
You may want to ignore posterior probabilities and other statistics related to the following branch branch because the effective number of genes impacting it is only 14:
	{P_012853, P_012805, P_012801, P_012809, P_012879, YZRI, P_012799, P_012839, P_012825, P_012807, P_012845, P_012865, P_012931, P_012935, P_012933, P_012849, P_012871, GAP_81172, P_012833, P_012869, P_012819, P_012823, P_012835, P_012915, P_012791, PSJT, P_012927, GAP_80295, P_012909, P_006421, P_012939, P_012937, P_012803, P_012837, P_012829, P_012843, P_012867, P_012899, P_012817, P_012847, P_012923, P_012841, P_018689, P_012859, P_012873, GAP_80291, P_012897, P_012881, P_012907, P_006418, P_012863, P_012793, P_006419, GAP_80292, P_006420, GAP_80294, P_012885, P_012889, P_012917, P_012821, P_012911, GAP_80293, P_012893, P_012831, P_012905, P_012901, P_012851, P_012887, P_012875, P_012925, P_012883, P_012857, P_012903, P_012815, P_012891, P_012895, P_012811, P_012913, P_012877, P_012797}
You may want to ignore posterior probabilities and other statistics related to the following branch branch because the effective number of genes impacting it is only 14:
	{P_012853, P_012805, P_012801, P_012809, P_012879, YZRI, P_012799, P_012839, P_012825, P_012807, P_012845, P_012865, P_012931, P_012935, P_012933, P_012849, P_012871, GAP_81172, P_012833, P_012869, P_012819, P_012823, P_012835, P_012915, P_012791, PSJT, P_012927, GAP_80295, P_012909, P_006421, P_012939, P_012937, P_012803, P_012837, P_012829, P_012843, P_012867, P_012899, P_012817, P_012847, P_012923, P_012841, P_018689, P_012859, P_012873, GAP_80291, P_012897, P_012881, P_012907, P_006418, P_012863, P_012793, P_006419, GAP_80292, P_006420, GAP_80294, P_012885, P_012889, P_012917, P_012821, P_012911, GAP_80293, P_012893, P_012831, P_012905, P_012901, P_012851, P_012887, P_012875, P_012925, P_012883, P_012857, P_012903, P_012815, P_012891, P_012895, P_012811, P_012913, P_012877, P_012797, P_012861}
You may want to ignore posterior probabilities and other statistics related to the following branch branch because the effective number of genes impacting it is only 14:
	{P_012853, P_012805, P_012801, P_012809, P_012879, YZRI, P_012799, P_012839, P_012825, P_012807, P_012845, P_012865, P_012931, P_012935, P_012933, P_012849, P_012871, GAP_81172, P_012833, P_012869, P_012819, P_012823, P_012835, P_012915, P_012791, PSJT, P_012927, GAP_80295, P_012909, P_006421, P_012939, P_012937, P_012803, P_012837, P_012829, P_012843, P_012867, P_012899, P_012817, P_012847, P_012923, P_012841, P_018689, P_012859, P_012873, GAP_80291, P_012897, P_012881, P_012907, P_006418, P_012863, P_012793, P_006419, GAP_80292, P_006420, GAP_80294, P_012885, P_012889, P_012917, P_012821, P_012911, GAP_80293, P_012893, P_012831, P_012905, P_012901, P_012851, P_012887, P_012875, P_012925, P_012883, P_012857, P_012903, P_012815, P_012891, P_012895, P_012811, P_012913, P_012877, P_012797, P_012861, P_012855, P_007802, P_012827, P_012921, P_012919, P_012813, P_018637}
You may want to ignore posterior probabilities and other statistics related to the following branch branch because the effective number of genes impacting it is only 14:
	{P_012853, P_012805, P_012801, P_012809, P_012879, YZRI, P_012799, P_012839, P_012825, P_012807, P_012845, P_012865, P_012931, P_012935, P_012933, P_012849, P_012871, GAP_81172, P_012833, P_012869, P_012819, P_012823, P_012835, P_012915, P_012791, PSJT, P_012927, GAP_80295, P_012909, P_006421, P_012939, P_012937, P_012803, P_012837, P_012829, P_012843, P_012867, P_012899, P_012817, P_012847, P_012923, P_012841, P_018689, P_012859, P_012873, GAP_80291, P_012897, P_012881, P_012907, P_006418, P_012863, P_012793, P_006419, GAP_80292, P_006420, GAP_80294, P_012885, P_012889, P_012917, P_012821, P_012911, GAP_80293, P_012893, P_012831, P_012905, P_012901, P_012851, P_012887, P_012875, P_012925, P_012883, P_012857, P_012903, P_012815, P_012891, P_012895, P_012811, P_012913, P_012877, P_012797, P_012861, P_012855, P_007802, P_012827, P_012921, P_012919, P_012813, P_018637, P_012941, P_012795}
You may want to ignore posterior probabilities and other statistics related to the following branch branch because the effective number of genes impacting it is only 14:
	{P_012853, P_012805, P_012801, P_012809, P_012879, YZRI, P_012799, P_012839, P_012825, P_012807, P_012845, P_012865, P_012931, P_012935, P_012933, P_012849, P_012871, GAP_81172, P_012833, P_012869, P_012819, P_012823, P_012835, P_012915, P_012791, PSJT, P_012927, GAP_80295, P_012909, P_006421, P_012939, P_012937, P_012803, P_012837, P_012829, P_012843, P_012867, P_012899, P_012817, P_012847, P_012923, P_012841, P_018689, P_012859, P_012873, GAP_80291, P_012897, P_012881, P_012907, P_006418, P_012863, P_012793, P_006419, GAP_80292, P_006420, GAP_80294, P_012885, P_012889, P_012917, P_012821, P_012911, GAP_80293, P_012893, P_012831, P_012905, P_012901, P_012851, P_012887, P_012875, P_012925, P_012883, P_012857, P_012903, P_012815, P_012891, P_012895, P_012811, P_012913, P_012877, P_012797, P_012861, P_012855, P_007802, P_012827, P_012921, P_012919, P_012813, P_018637, P_012941, P_012795, GAP_80322, DHPO}
You may want to ignore posterior probabilities and other statistics related to the following branch branch because the effective number of genes impacting it is only 14:
	{P_012853, P_012805, P_012801, P_012809, P_012879, YZRI, P_012799, P_012839, P_012825, P_012807, P_012845, P_012865, P_012931, P_012935, P_012933, P_012849, P_012871, GAP_81172, P_012833, P_012869, P_012819, P_012823, P_012835, P_012915, P_012791, PSJT, P_012927, GAP_80295, P_012909, P_006421, P_012939, P_012937, P_012803, P_012837, P_012829, P_012843, P_012867, P_012899, P_012817, P_012847, P_012923, P_012841, P_018689, P_012859, P_012873, GAP_80291, P_012897, P_012881, P_012907, P_006418, P_012863, P_012793, P_006419, GAP_80292, P_006420, GAP_80294, P_012885, P_012889, P_012917, P_012821, P_012911, GAP_80293, P_012893, P_012831, P_012905, P_012901, P_012851, P_012887, P_012875, P_012925, P_012883, P_012857, P_012903, P_012815, P_012891, P_012895, P_012811, P_012913, P_012877, P_012797, P_012861, P_012855, P_007802, P_012827, P_012921, P_012919, P_012813, P_018637, P_012941, P_012795, GAP_80322, DHPO, P2622, P2623, P0110C, P0207A, P0207C, XQWC, P0207B, P0206H, P0206G, P0110B}
You may want to ignore posterior probabilities and other statistics related to the following branch branch because the effective number of genes impacting it is only 14:
	{P_018691, P_018693, P_006422, P_016793, P_016797, P_016799, OBPL, GAP_80397, P_016795, P_016787, S02, P_016789, S27, P_016791, S03, P_014099, S08, P_014095, P_018639, P_018779, P_018783, P_018695, P_018645, P_012853, P_012805, P_012801, P_012809, P_012879, YZRI, P_012799, P_012839, P_012825, P_012807, P_012845, P_012865, P_012931, P_012935, P_012933, P_012849, P_012871, GAP_81172, P_012833, P_012869, P_012819, P_012823, P_012835, P_012915, P_012791, PSJT, P_012927, GAP_80295, P_012909, P_006421, P_012939, P_012937, P_012803, P_012837, P_012829, P_012843, P_012867, P_012899, P_012817, P_012847, P_012923, P_012841, P_018689, P_012859, P_012873, GAP_80291, P_012897, P_012881, P_012907, P_006418, P_012863, P_012793, P_006419, GAP_80292, P_006420, GAP_80294, P_012885, P_012889, P_012917, P_012821, P_012911, GAP_80293, P_012893, P_012831, P_012905, P_012901, P_012851, P_012887, P_012875, P_012925, P_012883, P_012857, P_012903, P_012815, P_012891, P_012895, P_012811, P_012913, P_012877, P_012797, P_012861, P_012855, P_007802, P_012827, P_012921, P_012919, P_012813, P_018637, P_012941, P_012795, GAP_80322, DHPO, P2622, P2623, P0110C, P0207A, P0207C, XQWC, P0207B, P0206H, P0206G, P0110B, S38, S04}
You may want to ignore posterior probabilities and other statistics related to the following branch branch because the effective number of genes impacting it is only 14:
	{WIGA, P_011759, P_011739, P_011677, P_011715, P_011745, P_011675, P_011735, P_011537, P_008640, P_008646, P_006412, P_006413, P_011531, Schi, P_006411, KRJP, GAP_80395, P_011549, P_011637, P_007783, P_007843, P_006414, P_011631, P_011647, P_011465, P_011523, P_011487, P_011501, P_011489, GAP_80393, GAP_80394, P_011657, P_011651, P_011509, P_011643, P_011527, WAIL, MAQO, GAP_80297, P_014083, GAP_80298, P_014077, P_018691, P_018693, P_006422, P_016793, P_016797, P_016799, OBPL, GAP_80397, P_016795, P_016787, S02, P_016789, S27, P_016791, S03, P_014099, S08, P_014095, P_018639, P_018779, P_018783, P_018695, P_018645, P_012853, P_012805, P_012801, P_012809, P_012879, YZRI, P_012799, P_012839, P_012825, P_012807, P_012845, P_012865, P_012931, P_012935, P_012933, P_012849, P_012871, GAP_81172, P_012833, P_012869, P_012819, P_012823, P_012835, P_012915, P_012791, PSJT, P_012927, GAP_80295, P_012909, P_006421, P_012939, P_012937, P_012803, P_012837, P_012829, P_012843, P_012867, P_012899, P_012817, P_012847, P_012923, P_012841, P_018689, P_012859, P_012873, GAP_80291, P_012897, P_012881, P_012907, P_006418, P_012863, P_012793, P_006419, GAP_80292, P_006420, GAP_80294, P_012885, P_012889, P_012917, P_012821, P_012911, GAP_80293, P_012893, P_012831, P_012905, P_012901, P_012851, P_012887, P_012875, P_012925, P_012883, P_012857, P_012903, P_012815, P_012891, P_012895, P_012811, P_012913, P_012877, P_012797, P_012861, P_012855, P_007802, P_012827, P_012921, P_012919, P_012813, P_018637, P_012941, P_012795, GAP_80322, DHPO, P2622, P2623, P0110C, P0207A, P0207C, XQWC, P0207B, P0206H, P0206G, P0110B, WPHN, VYLQ, GAP_79862, P0104A, P_008647, P_018635, P_011671, P_011579, P_008632, GAP_80390, GAP_80389, P_016813, P_011673, P_011679, Apet, Dhai, ABSS, BCGB, Msal, P_011705, P_011713, P_011681, S38, P_011587, P_007844, P_011551, P_014081, P_008631, P_011611, P_011609, P2619, KAYP, P_011613, S04}
You may want to ignore posterior probabilities and other statistics related to the following branch branch because the effective number of genes impacting it is only 14:
	{WIGA, P_011759, P_011739, P_011677, P_011715, P_011745, P_011675, P_011735, P_011537, P_008640, P_008646, P_006412, P_006413, P_011531, Schi, P_006411, KRJP, GAP_80395, P_011549, P_011637, P_007783, P_007843, P_006414, P_011631, P_011647, P_011465, P_011523, P_011487, P_011501, P_011489, GAP_80393, GAP_80394, P_011657, P_011651, P_011509, P_011643, P_011527, WAIL, MAQO, GAP_80297, P_014083, GAP_80298, P_014077, P_018691, P_018693, P_006422, P_016793, P_016797, P_016799, OBPL, GAP_80397, P_016795, P_016787, S02, P_016789, S27, P_016791, S03, P_014099, S08, P_014095, P_018639, P_018779, P_018783, P_018695, P_018645, P_012853, P_012805, P_012801, P_012809, P_012879, YZRI, P_012799, P_012839, P_012825, P_012807, P_012845, P_012865, P_012931, P_012935, P_012933, P_012849, P_012871, GAP_81172, P_012833, P_012869, P_012819, P_012823, P_012835, P_012915, P_012791, PSJT, P_012927, GAP_80295, P_012909, P_006421, P_012939, P_012937, P_012803, P_012837, P_012829, P_012843, P_012867, P_012899, P_012817, P_012847, P_012923, P_012841, P_018689, P_012859, P_012873, GAP_80291, P_012897, P_012881, P_012907, P_006418, P_012863, P_012793, P_006419, GAP_80292, P_006420, GAP_80294, P_012885, P_012889, P_012917, P_012821, P_012911, GAP_80293, P_012893, P_012831, P_012905, P_012901, P_012851, P_012887, P_012875, P_012925, P_012883, P_012857, P_012903, P_012815, P_012891, P_012895, P_012811, P_012913, P_012877, P_012797, P_012861, P_012855, P_007802, P_012827, P_012921, P_012919, P_012813, P_018637, P_012941, P_012795, GAP_80322, DHPO, P2622, P2623, P0110C, P0207A, P0207C, XQWC, P0207B, P0206H, P0206G, P0110B, CSSK, P_019185, OPDF, P2589, P2590, GAP_79804, QDVW, Asie, P_019189, PAWA, P_019197, WPHN, VYLQ, GAP_79862, P0104A, P_008647, P_018635, P_011671, P_011579, P_008632, GAP_80390, GAP_80389, P_016813, P_011673, P_011679, Apet, Dhai, ABSS, BCGB, Msal, P_011705, P_011713, P_011681, S38, P_011587, P_007844, P_025525, P_011551, P_014081, P_008631, P_011611, P_011609, P2619, KAYP, GAP_80417, P_011613, P_019191, S04}
You may want to ignore posterior probabilities and other statistics related to the following branch branch because the effective number of genes impacting it is only 10:
	{WIGA, P_011759, P_011739, P_011677, P_011715, P_011745, P_011675, P_011735, P_011537, P_008640, P_008646, P_006412, P_006413, P_011531, Schi, P_006411, KRJP, GAP_80395, P_011549, P_011637, P_007783, P_007843, P_006414, P_011631, P_011647, P_011465, P_011523, P_011487, P_011501, P_011489, GAP_80393, GAP_80394, P_011657, P_011651, P_011509, P_011643, P_011527, WAIL, MAQO, GAP_80297, P_014083, GAP_80298, P_014077, P_018691, P_018693, P_006422, P_016793, P_016797, P_016799, OBPL, GAP_80397, P_016795, P_016787, S02, P_016789, S27, P_016791, S03, P_014099, S08, P_014095, P_018639, P_018779, P_018783, P_018695, P_018645, P_012853, P_012805, P_012801, P_012809, P_012879, YZRI, P_012799, P_012839, P_012825, P_012807, P_012845, P_012865, P_012931, P_012935, P_012933, P_012849, P_012871, GAP_81172, P_012833, P_012869, P_012819, P_012823, P_012835, P_012915, P_012791, PSJT, P_012927, GAP_80295, P_012909, P_006421, P_012939, P_012937, P_012803, P_012837, P_012829, P_012843, P_012867, P_012899, P_012817, P_012847, P_012923, P_012841, P_018689, P_012859, P_012873, GAP_80291, P_012897, P_012881, P_012907, P_006418, P_012863, P_012793, P_006419, GAP_80292, P_006420, GAP_80294, P_012885, P_012889, P_012917, P_012821, P_012911, GAP_80293, P_012893, P_012831, P_012905, P_012901, P_012851, P_012887, P_012875, P_012925, P_012883, P_012857, P_012903, P_012815, P_012891, P_012895, P_012811, P_012913, P_012877, P_012797, P_012861, P_012855, P_007802, P_012827, P_012921, P_012919, P_012813, P_018637, P_012941, P_012795, GAP_80322, DHPO, P2622, P2623, P0110C, P0207A, P0207C, XQWC, P0207B, P0206H, P0206G, P0110B, CSSK, P_019185, OPDF, P2589, P2590, GAP_79804, QDVW, Asie, P_019189, PAWA, P_019197, P_006410, P_016921, GAP_81227, WKSU, GAP_81226, Pcol, SJEV, Wsal, P_019187, P_019193, WPHN, VYLQ, GAP_79862, P0104A, P_008647, P_018635, P_011671, P_011579, P_008632, GAP_80390, GAP_80389, P_016813, P_011673, P_011679, Apet, Dhai, ABSS, BCGB, Msal, P_011705, P_011713, P_011681, S38, P_011587, P_007844, P_025525, P_011551, P_014081, P_008631, P_011611, P_011609, P2619, KAYP, GAP_80417, P_011613, P_019191, S04}
You may want to ignore posterior probabilities and other statistics related to the following branch branch because the effective number of genes impacting it is only 10:
	{WIGA, P_011759, P_011739, P_011677, P_011715, P_011745, P_011675, P_011735, P_011537, P_008640, P_008646, P_006412, P_006413, P_011531, Schi, P_006411, KRJP, GAP_80395, P_011549, P_011637, P_007783, P_007843, P_006414, P_011631, P_011647, P_011465, P_011523, P_011487, P_011501, P_011489, GAP_80393, GAP_80394, P_011657, P_011651, P_011509, P_011643, P_011527, WAIL, MAQO, GAP_80297, P_014083, GAP_80298, P_014077, P_018691, P_018693, P_006422, P_016793, P_016797, P_016799, OBPL, GAP_80397, P_016795, P_016787, S02, P_016789, S27, P_016791, S03, P_014099, S08, P_014095, P_018639, P_018779, P_018783, P_018695, P_018645, P_012853, P_012805, P_012801, P_012809, P_012879, YZRI, P_012799, P_012839, P_012825, P_012807, P_012845, P_012865, P_012931, P_012935, P_012933, P_012849, P_012871, GAP_81172, P_012833, P_012869, P_012819, P_012823, P_012835, P_012915, P_012791, PSJT, P_012927, GAP_80295, P_012909, P_006421, P_012939, P_012937, P_012803, P_012837, P_012829, P_012843, P_012867, P_012899, P_012817, P_012847, P_012923, P_012841, P_018689, P_012859, P_012873, GAP_80291, P_012897, P_012881, P_012907, P_006418, P_012863, P_012793, P_006419, GAP_80292, P_006420, GAP_80294, P_012885, P_012889, P_012917, P_012821, P_012911, GAP_80293, P_012893, P_012831, P_012905, P_012901, P_012851, P_012887, P_012875, P_012925, P_012883, P_012857, P_012903, P_012815, P_012891, P_012895, P_012811, P_012913, P_012877, P_012797, P_012861, P_012855, P_007802, P_012827, P_012921, P_012919, P_012813, P_018637, P_012941, P_012795, GAP_80322, DHPO, P2622, P2623, P0110C, P0207A, P0207C, XQWC, P0207B, P0206H, P0206G, P0110B, CSSK, P_019185, OPDF, P2589, P2590, GAP_79804, QDVW, Asie, P_019189, PAWA, P_019197, P0203H, P_006410, P_016921, GAP_81227, WKSU, GAP_81226, Pcol, SJEV, Wsal, P_019187, P_019193, WPHN, VYLQ, GAP_79862, P0104A, P_008647, P_018635, P_011671, P_011579, P_008632, GAP_80390, GAP_80389, P_016813, P_011673, P_011679, Apet, Dhai, ABSS, BCGB, Msal, P_011705, P_011713, P_011681, S38, P_011587, P_007844, P_025525, P_011551, P_014081, P_008631, P_011611, P_011609, P2619, KAYP, GAP_80417, P_011613, P_019191, S04}
You may want to ignore posterior probabilities and other statistics related to the following branch branch because the effective number of genes impacting it is only 13:
	{P_016909, WZFE}
You may want to ignore posterior probabilities and other statistics related to the following branch branch because the effective number of genes impacting it is only 10:
	{WIGA, P_011759, P_011739, P_011677, P_011715, P_011745, P_011675, P_011735, P_011537, P_008640, P_008646, P_006412, P_006413, P_011531, Schi, P_006411, KRJP, GAP_80395, P_011549, P_011637, P_007783, P_007843, P_006414, P_011631, P_011647, P_011465, P_011523, P_011487, P_011501, P_011489, GAP_80393, GAP_80394, P_011657, P_011651, P_011509, P_011643, P_011527, WAIL, MAQO, GAP_80297, P_014083, GAP_80298, P_014077, P_018691, P_018693, P_006422, P_016793, P_016797, P_016799, OBPL, GAP_80397, P_016795, P_016787, S02, P_016789, S27, P_016791, S03, P_014099, S08, P_014095, P_018639, P_018779, P_018783, P_018695, P_018645, P_012853, P_012805, P_012801, P_012809, P_012879, YZRI, P_012799, P_012839, P_012825, P_012807, P_012845, P_012865, P_012931, P_012935, P_012933, P_012849, P_012871, GAP_81172, P_012833, P_012869, P_012819, P_012823, P_012835, P_012915, P_012791, PSJT, P_012927, GAP_80295, P_012909, P_006421, P_012939, P_012937, P_012803, P_012837, P_012829, P_012843, P_012867, P_012899, P_012817, P_012847, P_012923, P_012841, P_018689, P_012859, P_012873, GAP_80291, P_012897, P_012881, P_012907, P_006418, P_012863, P_012793, P_006419, GAP_80292, P_006420, GAP_80294, P_012885, P_012889, P_012917, P_012821, P_012911, GAP_80293, P_012893, P_012831, P_012905, P_012901, P_012851, P_012887, P_012875, P_012925, P_012883, P_012857, P_012903, P_012815, P_012891, P_012895, P_012811, P_012913, P_012877, P_012797, P_012861, P_012855, P_007802, P_012827, P_012921, P_012919, P_012813, P_018637, P_012941, P_012795, GAP_80322, DHPO, P2622, P2623, P0110C, P0207A, P0207C, XQWC, P0207B, P0206H, P0206G, P0110B, CSSK, P_019185, OPDF, P2589, P2590, GAP_79804, QDVW, Asie, P_019189, PAWA, P_019197, P_016909, WZFE, P0203H, P_006410, P_016921, GAP_81227, WKSU, GAP_81226, Pcol, SJEV, Wsal, P_019187, P_019193, WPHN, VYLQ, GAP_79862, P0104A, P_008647, P_018635, P_011671, P_011579, P_008632, GAP_80390, GAP_80389, P_016813, P_011673, P_011679, Apet, Dhai, ABSS, BCGB, Msal, P_011705, P_011713, P_011681, S38, P_011587, P_007844, P_025525, P_011551, P_014081, P_008631, P_011611, P_011609, P2619, KAYP, GAP_80417, P_011613, P_019191, S04}
Extended species tree:
(P0109B,((OSHQ,P_018831)90:1.299282984130261,((P0203H,(((SJEV,(P_019193,(Wsal,P_019187)66.71:0.5510083379554631)68.18:0.5753641449035618)99.87:2.217144482298068,(P_016921,(GAP_81227,(WKSU,(Pcol,(P_006410,GAP_81226)69.27:0.6251448985546897)61.65:0.4442908150965438)47.65:0.18291579272309796)80.36:0.9808292530117262)100:2.302585092994046)99.64:2.252823583434982,((((QDVW,Asie)90.97:1.3895358550440613,(P_019189,(PAWA,P_019197)71.36:0.6911883160746123)49.72:0.21828325290482228)59.87:0.4127996323991242,(P_019191,((GAP_80417,(P2590,GAP_79804)100:1.2039728043259361)100:1.3862943611198908,(P_025525,((OPDF,P2589)82.14:1.0498221244986778,(CSSK,P_019185)42.82:0.10481332002173764)100:0.2876820724517809)0:0.0)100:0.2876820724517809)100:0.2876820724517809)95.65:1.8270104186988547,((P_011613,(WPHN,(((P_011609,P2619)100:1.2039728043259361,(MAQO,(WAIL,(P_011527,((GAP_80297,P_014083)100:2.0794415416798353,(GAP_80298,P_014077)57.21:0.28890831417502527)46.13:0.1538428454397265)48.17:0.18747160197805665)58.61:0.3863871710386421)89.25:1.2202766091512793)50.08:0.18439260006717043,(((KRJP,(GAP_80395,P_011549)100:2.302585092994046)99.85:2.2816419191488038,((P_011657,(P_011643,(P_011651,P_011509)92.31:1.5404693083741958)46.28:0.15179674060181594)84.63:1.1141594019495908,((GAP_80393,GAP_80394)85.34:1.1866677781224741,((P_011647,(P_011465,(P_011523,(P_011501,(P_011487,P_011489)57.14:0.3566541397168614)35.73:2.5255714239564144E-4)80.95:1.0033021088637843)91.96:1.5181944320123295)34.88:0.0,((P_007783,(P_007843,P_006414)45.62:0.14553063980138828)86.26:1.22964797458311,(P_011631,(P_011551,(P_011637,P_007844)66.82:0.2887904158073062)73.97:0.4931390424415883)35.77:0.0)51.88:0.2542894524746608)80.28:0.9778856272370033)41.16:0.07612048541118355)98.34:2.093883148623608)91.11:1.4938713162752055,(((GAP_79862,P_011587)100:1.8971199848858815,(P_014081,(P0104A,P_008647)100:1.6739764335716716)100:1.7917594692280545)100:2.302585092994046,((P_011531,(Schi,P_006411)100:2.0794415416798353)100:2.159484249353373,((VYLQ,P_008631)50:0.1053605156578264,(P_018635,((P_008632,(P_011671,P_011579)57.14:0.2876820724517809)91.67:1.466337068793427,(P_011713,(((ABSS,BCGB)62.72:0.4666660678700598,(WIGA,(P_006413,(P_011705,(Dhai,(Apet,Msal)37.5:0.0)49.5:0.10001521304869741)57.2:0.2562305567279387)51.24:0.24203914373433497)42.25:0.08933121179139292)42.66:0.0978620744187134,((P_016813,(KAYP,(P_011679,((GAP_80390,GAP_80389)92.31:1.5404450409471486,(P_008646,(P_008640,P_006412)57.28:0.35938735907122304)34.64:0.0)45.78:0.14530038721250926)48.11:0.09760125870013203)46.99:0.07589001955231181)70.88:0.6671828635746743,(P_011681,((P_011673,(P_011537,(P_011739,P_011677)81.73:0.9775341140503446)49.82:0.1795243521728935)61.83:0.4011705273774051,(P_011759,((P_011675,P_011735)92.86:1.6094379124341005,(P_011715,(P_011745,P_011611)99.85:0.9762525859843145)79.94:0.8917793601827885)56.96:0.3441285135057404)49.38:0.20745830994828815)47.15:0.14828842445170035)45.55:0.12387076578563846)42.74:0.09847236794528962)72.76:0.5116150765538853)73.84:0.5031807509551992)74.66:0.7352016566793281)77.89:0.8640083377703732)51.26:0.24524554633229126)89.47:1.3967690961635055)41.87:0.09007124599578523)62.17:0.4620549940465828)69.42:0.6310278457991085)100:0.2876820724517809)100:0.2876820724517809,((P_018691,(((P_018639,P_018779)71.43:0.5753641449035618,(P_018695,(P_018783,P_018645)53.75:0.2859351725167817)46.96:0.15452556268075837)75.01:0.7735686294345305,(((P_016793,(P_006422,P_016795)64.39:0.513162828055015)83.49:1.0862958334876394,(P_018693,(P_016797,(P_016799,(OBPL,GAP_80397)71.43:0.6931471805599453)100:2.302585092994046)86.87:1.2596591445017884)52.83:0.24817165209201492)33.8:0.0,((S08,P_014095)100:0.6931471805599453,((P_016787,S02)100:2.2335922215070947,((P_016791,(S03,P_014099)92.86:1.6094379124341005)46.08:0.15651583755575169,((P_016789,S04)50:0.0,(S27,S38)100:0.2876820724517809)100:2.159484249353373)39.57:0.04775743703436386)45.45:0.12080404127981209)89.13:1.1756154457160006)60.86:0.4281455660955476)47.35:0.16190404365151972)99.9:2.147061729354816,(((P2622,P2623)85.71:0.9808292530117262,(P0110C,(P0207A,(P0110B,((XQWC,P0207B)54.82:0.31126237430581966,(P0206H,(P0207C,P0206G)42.89:0.10581882819148704)47.23:0.1749186834175409)61.08:0.3923583793741352)40:0.040821994520255166)100:2.2335922215070947)100:2.159484249353373)68.07:0.5944175671769764,((GAP_80322,DHPO)100:2.2335922215070947,((P_012941,P_012795)100:2.302585092994046,(((P_012855,(P_007802,P_012827)100:2.0794415416798353)92.86:1.6094379124341005,((P_012921,P_012919)100:2.2335922215070947,(P_012813,P_018637)71.43:0.6931471805599453)92.86:1.6094379124341005)100:2.302585092994046,(P_012861,((P_012797,((P_012841,((P_012913,P_012877)100:2.2335922215070947,(P_012811,(P_012891,P_012895)57.14:0.35667494393873245)100:2.302585092994046)100:2.2335922215070947)46.2:0.1548531737093269,((((P_012925,P_012883)100:2.302585092994046,(P_012857,(P_012903,P_012815)92.86:1.6094379124341005)61.67:0.44854411003841343)35.8:0.0,(P_012875,((P_012851,P_012887)100:2.302585092994046,(P_012901,(P_012831,P_012905)57.14:0.35667494393873245)41.63:0.08284716370117247)50.17:0.22293314193673514)84.52:1.1488675612309678)77.34:0.8597032572446911,(P_018689,((P_012885,(P_006420,GAP_80294)100:1.6739764335716716)71.04:0.6443035390247952,(P_012859,(((P_012873,P_012881)95.82:1.7786433648568822,(GAP_80291,P_012907)42.33:0.07740546697387689)49.08:0.1716860460419057,(P_012897,((GAP_80293,P_012893)89.42:1.3824513080797671,((P_006418,P_012863)57.73:0.32038065911565455,(P_012889,((P_012793,(P_006419,GAP_80292)100:2.302585092994046)63.9:0.4758253057892047,(P_012911,(P_012917,P_012821)92.86:1.6094379124341005)91.1:1.421996481981339)39.12:0.030624939046568156)40.38:0.045261672834292964)62.95:0.4261607002536085)35.57:0.0)50.79:0.20323755768750362)43.01:0.09150051283346518)39.18:0.043400361920643185)84.35:1.1267850804834039)93.76:1.6718452103567025)99.99:2.301564163859938)42.62:0.10166365377650018)99.93:2.2929888578180453,((P_012867,((P_012847,P_012923)100:2.2335922215070947,(P_012899,P_012817)84.62:1.1349799328389845)85.71:1.2039728043259361)100:2.302585092994046,((P_012843,(P_012937,(P_006421,P_012939)92.86:1.6094379124341005)100:2.302585092994046)41.66:0.0869570251448452,((P_012853,(P_012803,(P_012837,P_012829)84.62:1.1539771837660744)46.23:0.15898156937096997)50.51:0.23076590652795606,(((P_012801,(P_012809,P_012879)100:2.2335922215070947)78.46:0.898591154774754,(P_012839,(P_012805,(P_012825,(YZRI,P_012799)85.75:1.2055922378782389)57.11:0.35599490311007687)57.18:0.3573894848766013)53.57:0.2876820724517809)87.14:1.2729656758128869,(P_012909,(((P_012865,(P_012931,(P_012935,P_012933)100:2.302585092994046)100:2.302585092994046)79.76:0.9588503462929506,((P_012807,P_012845)64.39:0.5133039397804576,(P_012849,P_012871)80.77:0.9808292530117262)54.46:0.3044891907681621)100:2.302585092994046,((GAP_81172,P_012833)100:2.302585092994046,((P_012927,(PSJT,GAP_80295)42.82:0.10481061187712816)96.39:1.8937243958847436,((P_012915,P_012791)61.57:0.44262295382154004,(P_012869,(P_012835,(P_012819,P_012823)46.21:0.15500262218278116)74.98:0.7978296770507952)99.97:2.297856951798099)94.08:1.6988711548298245)53.01:0.2765087718536559)99.99:2.3008041486230506)41.62:0.07937089038256465)90.62:1.4057124469769924)97.32:1.984131361875511)40.18:0.06453852113757118)93.38:1.6468360383432854)93.24:1.636395364691475)57.51:0.3640718357440693)46.29:0.16028761581633938)100:2.302585092994046)100:2.302585092994046)58.61:0.3864082400191522)65.3:0.5348761365635529)99.79:2.273875422041709)66.47:0.5611000255158178)39.89:0.06023789119917488)100:1.9924301646902058)100:1.9924301646902058,(WZFE,P_016909)92.31:1.5404450409471486)80:0.8938178760220965));
Weight calculation took 0.481329621 secs
ASTRAL finished in 4.47 secs
