
================== ASTRAL ===================== 

This is ASTRAL version 5.7.7
Gene trees are treated as unrooted
159 trees read from all_bs10.trees
index77
All output trees will be *arbitrarily* rooted at P0109B

======== Running the main analysis
Number of taxa: 244 (244 species)
Taxa: [P_012843, P_012829, P_012837, P_012801, P_012825, P_012839, P_012799, YZRI, P_012805, P_012809, P_012879, P_012909, P_012927, GAP_80295, PSJT, P_012819, P_012823, P_012835, P_012869, P_012791, P_012915, GAP_81172, P_012833, P_012849, P_012871, P_012865, P_012931, P_012935, P_012933, P_012845, P_012807, P_012921, P_012919, P_012813, P_018637, P_012827, P_007802, P_012855, P_012941, P_012795, DHPO, GAP_80322, P2622, P0110C, P0206G, P0110B, P0207A, XQWC, P0206H, P0207B, P0207C, P_016791, P_006422, P_018693, P_018779, S04, P_016793, P_016797, OBPL, P_016799, GAP_80397, S03, S38, S27, P_018639, P_018783, P_018645, P_016787, S02, P_014099, P_016789, P_018695, P_014095, S08, P_016795, P_018831, OSHQ, P0109B, P0203H, P_016909, WZFE, GAP_80417, GAP_79804, P2590, OPDF, P2589, CSSK, P_019185, P_019197, PAWA, P_019189, P_025525, QDVW, Asie, GAP_81227, WKSU, Pcol, P_006410, GAP_81226, P_016921, P_019187, P_019193, Wsal, SJEV, P_011609, P2619, GAP_79862, P_011587, P0104A, P_008647, P_014081, Schi, P_006411, P_011531, P_008631, P_018635, P_008632, P_011671, P_011579, P_016813, P_011681, P_011705, P_011739, P_011537, P_011679, P_008646, P_006412, P_008640, BCGB, P_011745, P_011735, P_011675, P_011759, P_011673, P_011715, P_011677, ABSS, Apet, WIGA, Msal, Dhai, P_006413, KAYP, GAP_80390, GAP_80389, VYLQ, KRJP, GAP_80395, P_011549, GAP_80393, GAP_80394, P_011657, P_011643, P_011651, P_011509, P_011631, P_007844, P_007843, P_007783, P_006414, P_011637, P_011647, P_011465, P_011489, P_011487, P_011523, P_011501, MAQO, P_014083, GAP_80297, GAP_80298, P_014077, WAIL, P_011613, WPHN, P_012797, P_012925, P_012883, P_018689, P_012893, GAP_80293, GAP_80291, P_012859, GAP_80294, P_006420, P_012873, P_012881, P_012793, P_006419, GAP_80292, P_012911, P_012821, P_012917, P_012907, P_012897, P_012863, P_006418, P_012885, P_012889, P_012903, P_012815, P_012831, P_012905, P_012887, P_012851, P_012901, P_012875, P_012857, P_012841, P_012895, P_012811, P_012891, P_012913, P_012877, P_012861, P_012867, P_012847, P_012923, P_012899, P_012817, P_012853, P_019191, P_012937, P_012939, P_006421, P_012803, P2623, P_011699, P_011719, P_011713, P_025527, P_011527, P_011551, P_014073, P_018691, P_025523, Sdec, P_011709, P_019199, P_011611, P_011701, P_007845, P_011607, P_011589]
Taxon occupancy: {P_019193=138, P_019191=68, P_019197=144, OPDF=154, GAP_81172=159, P_018783=153, P_019199=57, Wsal=141, P_016921=155, WKSU=158, P_025523=25, P_025525=49, P_025527=21, P_014073=27, P0203H=110, P_014077=103, QDVW=155, P_011487=152, P_011489=154, P_016813=143, P_006421=157, P_006422=154, P_006420=130, P_006418=153, P_006419=157, P_014081=115, P_006414=154, P_014083=127, P_018689=159, P0206H=146, P0206G=137, Msal=138, P0109B=85, P_006410=151, P_012901=156, P_006411=151, P_006412=151, P_012903=157, P_006413=150, P_012905=158, PAWA=151, GAP_79862=150, P_012907=158, ABSS=156, P_012909=157, P_018691=74, GAP_80291=157, P_018695=149, P_014095=76, GAP_80293=155, P_018693=149, GAP_80292=155, GAP_80295=156, P_014099=150, GAP_80294=155, GAP_80297=155, GAP_80298=151, P_012911=156, P_011701=32, P_012913=139, P_012915=156, P_011705=89, P_012917=152, P_012919=150, P_011709=14, P_011671=99, P_012881=155, P_011551=107, P_011673=132, MAQO=156, P_012883=158, GAP_80322=156, P_011675=144, P_012885=154, P2590=133, P_011677=128, P_012887=157, P_011679=137, P_012889=154, P_008647=146, PSJT=155, P2589=135, P_011681=116, P_012891=151, P_012893=156, P_018637=155, P_012895=153, P_018635=144, P_012897=155, P0207C=153, P0207B=151, P_012899=157, P0207A=155, P_018639=144, P_008646=156, P_008640=155, BCGB=156, WZFE=153, P_018645=150, KAYP=96, KRJP=154, P_011699=86, P_011579=125, CSSK=149, P_008632=153, P_016909=157, P_008631=34, P_007783=147, P_019187=151, P_019185=146, Sdec=37, P_019189=137, P_012791=159, P_012793=156, P_012795=156, Asie=127, P_018779=129, P_011465=153, P_011587=125, P_012797=155, P_012799=155, P_011589=3, GAP_80417=95, WIGA=154, P_007802=129, GAP_79804=126, P_011631=129, P_012841=156, P_012843=155, Pcol=131, P_012845=156, P_011637=152, P_012847=155, P_011759=148, P_012849=157, Apet=74, OBPL=154, P0110C=145, P0110B=114, P_018831=153, YZRI=154, P_012851=156, P_011643=157, P_012853=154, P_011523=154, P_012855=153, P_011647=146, P_012857=156, P_011527=104, P_012859=155, WAIL=157, P_016789=150, P_011651=147, P_012861=153, P_016787=153, P_011531=133, P_012863=157, P_012865=156, Schi=137, P_011657=144, P_012867=158, P_011537=123, P_012869=157, P_016793=148, P_016791=155, P_016797=154, SJEV=154, P_016795=150, P_012871=154, P_012873=156, P_016799=152, P_012875=157, P_012877=152, P_012879=157, P_011549=152, P_007844=116, P_007845=29, S02=126, P_012921=145, S04=54, P_012801=156, S03=148, P_012923=158, P_011713=118, P_012803=156, S08=111, P_011715=133, P_012925=155, P_012805=157, P_007843=143, P_012927=157, P_012807=156, P_011719=17, P_012809=157, VYLQ=155, DHPO=157, GAP_80390=138, P2622=122, P2623=66, XQWC=157, GAP_80394=156, GAP_80393=157, GAP_80395=158, GAP_80397=153, P_012931=158, P_012811=155, P_012933=155, WPHN=154, P_012813=155, P_012935=155, P_012815=152, P_012937=158, P_012817=157, P_011607=6, P_012939=158, P_012819=153, P_011609=112, P2619=106, OSHQ=155, GAP_80389=147, P_012941=159, P_012821=155, P_011611=30, P_012823=156, P_011613=54, P_011735=154, P_012825=157, S27=126, P_012827=145, P_011739=136, P_012829=118, Dhai=148, P0104A=130, P_012831=150, P_011501=154, P_012833=159, GAP_81226=152, GAP_81227=154, P_011745=143, P_012835=156, S38=48, P_012837=155, P_012839=155, P_011509=155}
Number of gene trees: 159
159 trees have missing taxa
Calculating quartet distance matrix (for completion of X)
Species tree distances calculated ...
Will attempt to complete bipartitions from X before adding using a distance matrix.
Building set of clusters (X) from gene trees 
------------------------------
gradient0: 21013
Number of Clusters after addition by distance: 21013
calculating extra bipartitions to be added at level 1 ...
Adding to X using resolutions of greedy consensus ...
Limit for sigma of degrees:6150
polytomy size limit : 33
discarded polytomies:  [3, 3, 3, 3, 3, 3, 3, 3, 3, 3, 3, 3, 3, 3, 3, 3, 3, 3, 4, 4, 4, 4, 4, 4, 4, 4, 5, 5, 5, 5, 5, 5, 5, 6, 6, 6, 8, 8, 9, 10, 12, 13, 14, 15, 33]
Threshold 0.0:
polytomy of size 3; rounds with additions with at least 5 support: 0; clusters: 21017
Threshold 0.01:
polytomy of size 4; rounds with additions with at least 5 support: 0; clusters: 21025
Threshold 0.02:
polytomy of size 6; rounds with additions with at least 5 support: 2; clusters: 21067
Threshold 0.05:
polytomy of size 8; rounds with additions with at least 5 support: 2; clusters: 21081
polytomy of size 3; rounds with additions with at least 5 support: 0; clusters: 21081
polytomy of size 3; rounds with additions with at least 5 support: 0; clusters: 21083
Threshold 0.1:
polytomy of size 10; rounds with additions with at least 5 support: 0; clusters: 21091
polytomy of size 3; rounds with additions with at least 5 support: 0; clusters: 21091
polytomy of size 4; rounds with additions with at least 5 support: 0; clusters: 21091
polytomy of size 3; rounds with additions with at least 5 support: 0; clusters: 21091
polytomy of size 3; rounds with additions with at least 5 support: 1; clusters: 21093
polytomy of size 4; rounds with additions with at least 5 support: 0; clusters: 21093
polytomy of size 5; rounds with additions with at least 5 support: 0; clusters: 21093
Threshold 0.2:
polytomy of size 13; rounds with additions with at least 5 support: 0; clusters: 21093
polytomy of size 3; rounds with additions with at least 5 support: 0; clusters: 21093
polytomy of size 4; rounds with additions with at least 5 support: 0; clusters: 21093
polytomy of size 5; rounds with additions with at least 5 support: 0; clusters: 21093
polytomy of size 5; rounds with additions with at least 5 support: 0; clusters: 21093
polytomy of size 5; rounds with additions with at least 5 support: 0; clusters: 21093
polytomy of size 5; rounds with additions with at least 5 support: 0; clusters: 21093
polytomy of size 3; rounds with additions with at least 5 support: 0; clusters: 21093
polytomy of size 5; rounds with additions with at least 5 support: 0; clusters: 21093
polytomy of size 15; rounds with additions with at least 5 support: 0; clusters: 21123
polytomy of size 9; rounds with additions with at least 5 support: 0; clusters: 21123
Threshold 0.3333333333333333:
polytomy of size 3; rounds with additions with at least 5 support: 0; clusters: 21123
polytomy of size 4; rounds with additions with at least 5 support: 0; clusters: 21123
polytomy of size 14; rounds with additions with at least 5 support: 0; clusters: 21125
polytomy of size 4; rounds with additions with at least 5 support: 0; clusters: 21125
polytomy of size 4; rounds with additions with at least 5 support: 0; clusters: 21125
polytomy of size 3; rounds with additions with at least 5 support: 0; clusters: 21125
polytomy of size 6; rounds with additions with at least 5 support: 0; clusters: 21125
polytomy of size 3; rounds with additions with at least 5 support: 0; clusters: 21125
polytomy of size 12; rounds with additions with at least 5 support: 0; clusters: 21127
polytomy of size 3; rounds with additions with at least 5 support: 0; clusters: 21127
polytomy of size 3; rounds with additions with at least 5 support: 0; clusters: 21127
polytomy of size 3; rounds with additions with at least 5 support: 0; clusters: 21127
polytomy of size 4; rounds with additions with at least 5 support: 0; clusters: 21127
polytomy of size 8; rounds with additions with at least 5 support: 0; clusters: 21127
polytomy of size 3; rounds with additions with at least 5 support: 0; clusters: 21127
polytomy of size 3; rounds with additions with at least 5 support: 0; clusters: 21127
polytomy of size 5; rounds with additions with at least 5 support: 0; clusters: 21127
polytomy of size 3; rounds with additions with at least 5 support: 0; clusters: 21127
polytomy of size 33; rounds with additions with at least 5 support: 0; clusters: 21175
polytomy of size 3; rounds with additions with at least 5 support: 0; clusters: 21175
polytomy of size 6; rounds with additions with at least 5 support: 0; clusters: 21175
max k is :4
Number of Clusters after addition by greedy: 21175
gradient0 in heuristiic: 21175
partitions formed in 18.997 secs
Dynamic Programming starting after 18.997 secs
Using tree-based weight calculation.
Using polytree-based weight calculation.
Polytree max score: 13038079955
Polytree building time: 0.248 seconds.
Number of quartet trees in the gene trees: 13038079955
Size of largest cluster: 244
Greedy score: 11966075317
estimationFactor: 1.089586987345552
Sub-optimal score: 12024358529
Total Number of elements weighted: 52492
Normalized score (portion of input quartet trees satisfied before correcting for multiple individuals): 0.9330363370209904
Optimization score: 12165002363
Optimal tree inferred in 89.243 secs.
(P_011715,((P_011745,P_011611),(P_011681,((P_011735,P_011675),(P_014073,(P_011759,((P_011673,(P_011537,(P_011739,P_011677))),(P_011701,(((P_011705,P_006413),(P_016813,((GAP_80390,GAP_80389),(P_011679,(P_008646,(P_006412,P_008640)))))),(P_011713,((KAYP,((BCGB,ABSS),(WIGA,(Dhai,(Apet,Msal))))),((P_011719,P_011607),((P_011671,(P_008632,P_011579)),(P_011709,(P_008631,(P_018635,(VYLQ,((P_011531,(P_011699,(Schi,P_006411))),(((KRJP,(GAP_80395,P_011549)),((P_011657,(P_011643,(P_011651,P_011509))),((GAP_80393,GAP_80394),((P_011647,(P_011465,(P_011523,(P_011501,(P_011489,P_011487))))),(P_011551,(P_011631,((P_007844,P_011637),(P_007843,(P_007783,P_006414))))))))),(((P_011609,(P2619,Sdec)),(MAQO,(WAIL,(P_011527,(P_014077,(GAP_80298,(P_014083,GAP_80297))))))),(((GAP_79862,P_011587),(P_014081,(P0104A,P_008647))),((P_011613,WPHN),(((P0203H,((P_016909,WZFE),(P0109B,(P_018831,OSHQ)))),(((SJEV,(P_019193,(P_019187,Wsal))),(WKSU,(P_016921,(GAP_81227,(Pcol,(P_006410,GAP_81226)))))),((P_025525,(P_011589,(P_025527,P_025523))),(((QDVW,Asie),(P_019189,(P_019197,PAWA))),((CSSK,(P_019185,(OPDF,P2589))),((P_019191,P_019199),(GAP_80417,(GAP_79804,P2590)))))))),((((P_018779,P_018639),(P_018695,(P_018783,P_018645))),(P_018691,((P_016793,(P_006422,P_016795)),((P_016797,(P_007845,(OBPL,(P_016799,GAP_80397)))),(P_018693,((P_014095,S08),((S04,(S38,(S27,P_016789))),((S03,P_014099),(P_016791,(P_016787,S02)))))))))),(((P2622,P2623),(P0110C,(XQWC,(P0207A,(P0110B,(P0207C,(P0207B,(P0206G,P0206H)))))))),((DHPO,GAP_80322),((P_012941,P_012795),((P_012861,((P_012855,(P_012827,P_007802)),((P_012921,P_012919),(P_012813,P_018637)))),(((P_012841,((P_012913,P_012877),(P_012811,(P_012895,P_012891)))),(P_012797,(((P_012925,P_012883),((P_012857,(P_012903,P_012815)),(P_012875,((P_012887,P_012851),(P_012901,(P_012831,P_012905)))))),(P_018689,(P_012885,((P_012859,(GAP_80294,P_006420)),(((P_012873,P_012881),(GAP_80291,P_012907)),(((P_012911,(P_012821,P_012917)),(P_012897,(P_012893,GAP_80293))),(P_012889,((P_012863,P_006418),(P_012793,(P_006419,GAP_80292)))))))))))),((P_012867,((P_012847,P_012923),(P_012899,P_012817))),(P_012843,(((P_012937,(P_012939,P_006421)),((P_012829,P_012837),(P_012853,P_012803))),(((P_012801,(P_012809,P_012879)),(P_012839,(P_012805,(P_012825,(P_012799,YZRI))))),((P_012909,(((P_012849,P_012871),(P_012845,P_012807)),(P_012865,(P_012931,(P_012935,P_012933))))),((PSJT,(P_012927,GAP_80295)),((GAP_81172,P_012833),((P_012791,P_012915),(P_012869,(P_012823,(P_012819,P_012835))))))))))))))))))))))))))))))))))))))));
Final quartet score is: 12165002363
Final normalized quartet score is: 0.9330363370209904
You may want to ignore posterior probabilities and other statistics related to the following branch branch because the effective number of genes impacting it is only 1:
	{P_025527, P_025523}
You may want to ignore posterior probabilities and other statistics related to the following branch branch because the effective number of genes impacting it is only 1:
	{P_025527, P_025523, P_011589}
You may want to ignore posterior probabilities and other statistics related to the following branch branch because the effective number of genes impacting it is only 1:
	{P_011719, P_011607}
You may want to ignore posterior probabilities and other statistics related to the following branch branch because the effective number of genes impacting it is only 14:
	{P_008632, P_011671, P_011579, P_016813, P_011681, P_011705, P_011739, P_011537, P_011679, P_008646, P_006412, P_008640, BCGB, P_011745, P_011735, P_011675, P_011759, P_011673, P_011715, P_011677, ABSS, Apet, WIGA, Msal, Dhai, P_006413, KAYP, GAP_80390, GAP_80389, P_011719, P_011713, P_014073, P_011611, P_011701, P_011607}
You may want to ignore posterior probabilities and other statistics related to the following branch branch because the effective number of genes impacting it is only 4:
	{P_008632, P_011671, P_011579, P_016813, P_011681, P_011705, P_011739, P_011537, P_011679, P_008646, P_006412, P_008640, BCGB, P_011745, P_011735, P_011675, P_011759, P_011673, P_011715, P_011677, ABSS, Apet, WIGA, Msal, Dhai, P_006413, KAYP, GAP_80390, GAP_80389, P_011719, P_011713, P_014073, P_011709, P_011611, P_011701, P_011607}
Extended species tree:
(P0109B,((P_018831,OSHQ)1:0.5165141567901971,((P_016909,WZFE)1:0.9861068545645609,(P0203H,((((SJEV,(P_019193,(P_019187,Wsal)1:0.5929807607524039)1:1.3794542228686484)1:1.4315282464763648,(WKSU,(P_016921,(GAP_81227,(Pcol,(P_006410,GAP_81226)1:1.2584200909711658)1:0.9821857307353205)1:0.4765778985304906)1:0.41476678800596856)1:1.438717875092896)1:2.0100869712927065,((P_025525,(P_011589,(P_025527,P_025523)0.67:0.2876820724517809)0.67:0.2876820724517809)1:1.0238303734845953,(((QDVW,Asie)1:3.1718206415810823,(P_019189,(P_019197,PAWA)1:0.44574939075380554)0.99:0.19899509646396513)0.99:0.18444825917111352,((CSSK,(P_019185,(OPDF,P2589)1:0.4927395207104623)0.99:0.18429395356284944)1:1.2460300819976022,((P_019191,P_019199)1:0.4392515716212537,(GAP_80417,(GAP_79804,P2590)1:2.6625878270254533)1:0.6606355198614925)1:0.5014541677982236)1:1.6525869894951106)0.91:0.21577395306915056)1:0.5238816623689878)1:0.2801471101042652,(((((P_018779,P_018639)1:0.30391910647428594,(P_018695,(P_018783,P_018645)1:0.2235554742688246)1:0.39892987510017236)1:0.5160838584520849,(P_018691,((P_016793,(P_006422,P_016795)1:0.8348848815425272)1:0.8354851931023066,((P_016797,(P_007845,(OBPL,(P_016799,GAP_80397)1:0.4226275596649885)0.6:0.10862502853654474)0.89:0.2677029960843554)1:1.1164236519673165,(P_018693,((P_014095,S08)1:0.5921650919544905,((S04,(S38,(S27,P_016789)1:0.5010745006698736)0.66:0.1401973446431593)1:0.6688720446110418,((S03,P_014099)1:2.3057415395135394,(P_016791,(P_016787,S02)1:4.4248839426601)0.48:0.026669469548428592)0.92:0.12958465288824553)0.99:0.23326577812235239)1:0.7651748321839154)1:0.2578664929882463)0.25:0.0422993699261905)0.81:0.1331175975751777)0.89:0.16481858657040208)1:2.3951315829306754,(((P2622,P2623)0.68:0.2015818385328748,(P0110C,(XQWC,(P0207A,(P0110B,(P0207C,(P0207B,(P0206G,P0206H)1:0.2503662549330227)0.99:0.17838715570121996)0.61:0.07229583357936893)0.55:0.05733412192760406)1:0.48893162937825746)1:0.36897390221091286)1:2.4220709321108207)1:0.9121285756115404,((DHPO,GAP_80322)1:1.5046520051412953,((P_012941,P_012795)1:3.9576335166801986,((P_012861,((P_012855,(P_012827,P_007802)1:2.1063319944162564)1:1.6383962185054002,((P_012921,P_012919)1:2.274135629460182,(P_012813,P_018637)1:0.897068073106288)1:2.391071453203847)1:3.22888589533337)1:0.3367715869561137,(((P_012841,((P_012913,P_012877)1:1.8364314073466996,(P_012811,(P_012895,P_012891)1:0.6055919752921539)1:2.850548693239353)1:2.396336565121023)1:0.5204837837134817,(P_012797,(((P_012925,P_012883)1:3.5345419435522514,((P_012857,(P_012903,P_012815)1:2.184523687290286)0.92:0.11955895196301251,(P_012875,((P_012887,P_012851)1:3.3211112551129163,(P_012901,(P_012831,P_012905)1:0.6802738651383221)0.45:0.01948536275918142)1:0.3182837711039222)1:1.4746722478711702)0.34:0.01324463713384629)1:0.9527588748628252,(P_018689,(P_012885,((P_012859,(GAP_80294,P_006420)1:1.9904057880456036)0.92:0.12918163080543824,(((P_012873,P_012881)1:1.3943644880332633,(GAP_80291,P_012907)0.77:0.09470773065059464)0.48:0.049408751066356796,(((P_012911,(P_012821,P_012917)1:2.8150276288109684)1:1.5410037614940222,(P_012897,(P_012893,GAP_80293)1:2.290049614781804)0.87:0.12384859646520892)0.5:0.041467108962659996,(P_012889,((P_012863,P_006418)0.98:0.17853499073337167,(P_012793,(P_006419,GAP_80292)1:2.8164622336446463)1:0.24818961541650236)0.42:0.03134647256370752)0.88:0.12060826522683332)0.7:0.0724177803956355)0.69:0.0805302567726086)0.49:0.030247638457608198)1:2.3337352086504852)1:2.072435280626536)1:2.485753280194992)0.38:0.01514978060563695)1:2.885569957614258,((P_012867,((P_012847,P_012923)1:4.173355670281945,(P_012899,P_012817)1:2.2550716260100296)1:0.9923033418251658)1:3.396167788793604,(P_012843,(((P_012937,(P_012939,P_006421)1:2.341805806147327)1:3.9576335166801986,((P_012829,P_012837)1:1.621674995600232,(P_012853,P_012803)0.91:0.11147052074164723)1:0.35699294707767976)0.99:0.19715115971086883,(((P_012801,(P_012809,P_012879)1:3.9581482339279703)1:1.1301469754355609,(P_012839,(P_012805,(P_012825,(P_012799,YZRI)1:0.6089406319737898)0.98:0.19758872749150422)0.98:0.1685002692937242)1:0.8489363151132775)1:1.2442294851254254,((P_012909,(((P_012849,P_012871)1:2.147365442532264,(P_012845,P_012807)1:0.6627829210285955)1:0.9036160334807145,(P_012865,(P_012931,(P_012935,P_012933)1:3.2451931331855737)1:2.9315375754531625)1:0.33369575052739403)1:3.837404355877323)0.85:0.09265608341227419,((PSJT,(P_012927,GAP_80295)1:0.3289691656879574)1:0.8127881569509345,((GAP_81172,P_012833)1:3.2759212530318087,((P_012791,P_012915)0.99:0.164353641701408,(P_012869,(P_012823,(P_012819,P_012835)0.75:0.07247684734345844)1:1.1294909885731486)1:2.97861051590778)1:1.9438108908412202)0.35:0.08574076669627356)1:1.8523408574533362)1:2.156402325462625)1:2.6491387465323397)1:0.19890334500910634)1:1.4951499079095716)1:1.421256139206093)1:0.2279269450363273)1:1.6038474042552946)1:2.9452153768519307)1:0.3395575939302339)1:0.5011318529682303)1:1.9460952001082776,((P_011613,WPHN)0.62:0.09793141533190228,(((GAP_79862,P_011587)1:1.1134579735021033,(P_014081,(P0104A,P_008647)1:2.628611070125576)1:1.7637346189143355)1:1.0111687879248794,(((P_011609,(P2619,Sdec)0.75:0.21750707827577856)1:0.859810742832046,(MAQO,(WAIL,(P_011527,(P_014077,(GAP_80298,(P_014083,GAP_80297)1:2.3525127280322367)0.87:0.1419057420376748)0.49:0.0360692154367028)1:0.9567592274990707)1:0.32015660843707583)1:0.8094173819534841)0.79:0.14231830905161863,(((KRJP,(GAP_80395,P_011549)1:1.8821516104885663)1:0.34995153533030887,((P_011657,(P_011643,(P_011651,P_011509)1:1.2671940143829659)0.57:0.04756714892935907)1:1.1964092579437309,((GAP_80393,GAP_80394)1:1.0197353135271185,((P_011647,(P_011465,(P_011523,(P_011501,(P_011489,P_011487)0.76:0.07636265061885562)0.91:0.11649697914215547)1:1.0388256065389572)1:1.4478090151188343)0.86:0.10238867047696883,(P_011551,(P_011631,((P_007844,P_011637)0.99:0.19649968444838875,(P_007843,(P_007783,P_006414)0.96:0.14961696628129528)1:0.47310745609736304)0.94:0.13445581740625503)0.41:0.10658946808318583)0.98:0.19473055809096443)1:1.2024237464398868)0.81:0.0877015512962876)1:2.302145723631228)1:1.5078117909565507,((P_011531,(P_011699,(Schi,P_006411)1:0.7922541423609014)1:0.5918670844171786)1:1.730484300676601,(VYLQ,(P_018635,(P_008631,(P_011709,((P_011671,(P_008632,P_011579)0.4:0.012269118238295311)1:1.7577460680698145,((P_011719,P_011607)0.67:0.2876820724517809,((KAYP,((BCGB,ABSS)1:0.4611041252132565,(WIGA,(Dhai,(Apet,Msal)0.85:0.14909866527810167)0.93:0.16453271574868697)1:0.5115939481902363)0.42:0.018340097253853077)1:0.7694299092695954,(P_011713,(((P_011705,P_006413)0.99:0.26387199848500387,(P_016813,((GAP_80390,GAP_80389)1:2.5703678767381875,(P_011679,(P_008646,(P_006412,P_008640)1:1.2192461487281774)0.7:0.189516581121462)0.97:0.1966286724387061)0.85:0.1105636798724424)1:0.7418124084499047)0.01:0.0,(P_011701,((P_011673,(P_011537,(P_011739,P_011677)1:1.1991641738283896)0.99:0.23210755218854978)0.26:2.2455723652602182E-4,(P_011759,(P_014073,((P_011735,P_011675)1:1.6936609519780208,(P_011681,((P_011745,P_011611)1:0.8614708156198141,P_011715)0.71:0.085056098212516)0.92:0.20658440589463709)0.23:0.049051470975623714)0.56:0.09946365570495969)0.94:0.1368771824209316)0.83:0.22103141591545714)1:0.6118520206678011)0.99:0.23627694210550218)0.97:0.1801178343280926)0.14:0.029731299632545158)0.9:0.2892034670474688)0.98:0.6533970105412527)0.83:0.4963491111074482)0.42:0.02361158941656588)1:0.5734034680218312)0.98:0.24109600036122628)1:0.7626800245949069)1:0.2784638343036511)1:0.3139898819027155)1:0.5058037149520308)1:1.222331916352785)1:1.4390047369365386)1:1.6834150112956554)1:0.8156501168669719)1:0.6979857506455266));
Weight calculation took 62.020353886 secs
ASTRAL finished in 92.417 secs
