
================== ASTRAL ===================== 

This is ASTRAL version 5.7.7
Gene trees are treated as unrooted
282 trees read from all_bs10.trees
index19
All output trees will be *arbitrarily* rooted at P0109B

======== Running the main analysis
Number of taxa: 244 (244 species)
Taxa: [Apet, VYLQ, WPHN, WAIL, MAQO, P_011609, Sdec, P_019189, P_019197, P2590, GAP_79804, P_008647, P0104A, P_014081, P_011587, P_011701, GAP_80417, P_025523, P0203H, P0109B, P_016909, P_018831, P0110C, P2622, P0110B, P0207A, P0207C, P0207B, P0206H, P0206G, XQWC, P2623, P_007845, P_011579, P_018639, GAP_80322, P_012855, P_007802, P_012827, P_012919, P_012921, P_012813, P_018637, P_012795, P_012941, P_012839, P_012799, P_012805, P_012825, P_012879, P_012809, P_012801, P_012909, GAP_80295, PSJT, P_012927, P_012915, P_012791, P_012869, P_012835, P_012819, P_012823, GAP_81172, P_012833, P_012865, P_012935, P_012933, P_012931, P_012871, P_012849, P_012845, P_012807, P_012803, P_012853, P_012837, P_012829, P_012937, P_006421, P_012939, P_012867, P_012899, P_012817, P_012847, P_012923, P_012843, P_012861, P_012841, P_012913, P_012877, P_012797, P_012901, P_012851, P_012887, P_012905, P_012875, P_012831, P_012857, P_012903, P_012815, P_012925, P_012883, P_012897, P_012907, P_006420, GAP_80294, GAP_80291, GAP_80293, P_012893, P_012885, P_012881, P_012873, GAP_80292, P_006419, P_012859, P_012889, P_012863, P_006418, P_012917, P_012821, P_012911, P_012793, P_018689, P_012891, P_012895, P_012811, GAP_81227, P_016921, Pcol, GAP_81226, P_006410, GAP_79862, P_014077, P_018635, P_011527, GAP_80298, P_014083, GAP_80297, P_007844, P_011637, P_011647, Schi, P_006411, P_011531, P_011549, GAP_80395, P_011739, P_011465, P_011501, P_011489, P_011487, P_011523, P_006414, P_007843, P_007783, GAP_80393, GAP_80394, P_011651, P_011509, P_011643, P_011551, P_011657, P2619, BCGB, P_011699, P_011715, P_011705, P_011713, P_006413, P_011759, P_011675, P_011735, P_011537, P_011671, P_008632, P_011677, WIGA, GAP_80389, P_011679, P_011681, GAP_80390, P_008646, P_006412, P_008640, P_011673, P_011745, P_016813, OBPL, GAP_80397, P_016799, P_016797, P_016793, P_018695, P_018783, P_018645, P_016789, S27, P_016791, S02, P_016787, S04, S03, P_018779, P_014099, P_018691, P_018693, P_006422, P_016795, YZRI, DHPO, WKSU, PAWA, P2589, P_019185, OPDF, CSSK, P_019193, Wsal, P_019187, SJEV, WZFE, QDVW, Asie, KRJP, ABSS, Dhai, Msal, P_011631, S38, S08, OSHQ, P_019191, P_025525, P_014095, P_011613, P_008631, KAYP, P_011719, P_014073, P_025527, P_011709, P_011611, P_019199, P_011607, P_011589]
Taxon occupancy: {P_019193=235, P_019191=99, P_019197=248, OPDF=267, GAP_81172=278, P_018783=272, P_019199=78, Wsal=231, P_016921=271, WKSU=280, P_025523=39, P_025525=74, P_025527=27, P_014073=41, P0203H=177, P_014077=158, QDVW=271, P_011487=273, P_011489=275, P_016813=239, P_006421=273, P_006422=271, P_006420=210, P_006418=263, P_006419=271, P_014081=186, P_006414=270, P_014083=193, P_018689=278, P0206H=253, P0206G=238, Msal=242, P0109B=130, P_012901=271, P_006410=263, P_006411=265, P_012903=275, P_006412=271, P_006413=262, P_012905=277, P_012907=276, GAP_79862=265, PAWA=269, ABSS=277, P_012909=275, P_018691=118, GAP_80291=276, P_018695=263, P_014095=107, GAP_80293=273, GAP_80292=269, P_018693=266, GAP_80295=275, GAP_80294=268, P_014099=267, GAP_80297=270, GAP_80298=266, P_011701=48, P_012911=271, P_012913=231, P_012915=273, P_011705=146, P_012917=259, P_012919=251, P_011709=25, P_012881=273, P_011671=154, P_011551=176, MAQO=276, P_012883=275, P_011673=220, GAP_80322=276, P_012885=267, P_011675=250, P2590=222, P_012887=272, P_011677=210, P_012889=266, P_011679=231, P_008647=257, PSJT=270, P2589=219, P_012891=263, P_011681=191, P_012893=275, P_018637=267, P_012895=270, P_018635=246, P_012897=270, P0207C=259, P0207B=261, P_012899=272, P0207A=265, P_018639=250, P_008646=274, P_008640=273, BCGB=275, WZFE=275, P_018645=268, KRJP=275, KAYP=165, P_011699=141, P_011579=203, CSSK=265, P_008632=273, P_016909=274, P_007783=259, P_008631=49, P_019187=266, P_019185=251, Sdec=57, P_019189=228, P_012791=276, P_012793=270, P_012795=274, Asie=214, P_011465=274, P_018779=219, P_011587=196, P_012797=275, P_012799=272, P_011589=4, GAP_80417=140, WIGA=270, GAP_79804=205, P_007802=228, P_012841=270, P_011631=218, P_012843=276, Pcol=229, P_012845=272, P_012847=262, P_011637=271, P_011759=244, P_012849=263, Apet=125, OBPL=275, P0110C=247, P_018831=266, P0110B=180, YZRI=275, P_012851=273, P_012853=271, P_011643=279, P_011523=276, P_012855=264, P_012857=271, P_011647=244, P_011527=153, P_012859=269, WAIL=278, P_016789=264, P_012861=269, P_011651=244, P_011531=220, P_016787=269, P_012863=273, P_012865=269, Schi=225, P_012867=274, P_011657=239, P_011537=200, P_012869=273, P_016793=264, P_016791=273, P_016797=272, SJEV=273, P_016795=261, P_012871=261, P_012873=272, P_016799=268, P_012875=273, P_012877=264, P_012879=271, P_011549=255, P_007844=192, P_007845=40, S02=198, P_012921=247, S04=72, P_012801=275, S03=251, P_012923=268, P_011713=181, P_012803=274, P_012925=268, P_011715=227, S08=163, P_012805=271, P_007843=245, P_012927=273, P_012807=270, P_011719=26, P_012809=268, VYLQ=275, DHPO=277, GAP_80390=240, P2622=188, P2623=90, XQWC=279, GAP_80394=277, GAP_80393=277, GAP_80395=275, GAP_80397=273, P_012931=273, P_012811=270, WPHN=273, P_012933=261, P_012813=269, P_012935=268, P_012815=268, P_012937=277, P_012817=269, P_011607=7, P_012939=264, P_011609=168, P_012819=267, P2619=156, OSHQ=270, GAP_80389=253, P_012941=277, P_012821=268, P_011611=44, P_012823=273, P_011613=77, P_011735=268, P_012825=273, S27=208, P_012827=248, P_011739=233, P_012829=185, Dhai=262, P0104A=227, P_012831=259, P_011501=275, P_012833=272, GAP_81226=269, GAP_81227=274, P_011745=241, P_012835=273, S38=79, P_012837=274, P_012839=268, P_011509=275}
Number of gene trees: 282
282 trees have missing taxa
Calculating quartet distance matrix (for completion of X)
Species tree distances calculated ...
Will attempt to complete bipartitions from X before adding using a distance matrix.
Building set of clusters (X) from gene trees 
------------------------------
gradient0: 41063
Number of Clusters after addition by distance: 41063
calculating extra bipartitions to be added at level 1 ...
Adding to X using resolutions of greedy consensus ...
Limit for sigma of degrees:6150
polytomy size limit : 34
discarded polytomies:  [3, 3, 3, 3, 3, 3, 3, 3, 3, 3, 3, 3, 3, 3, 3, 3, 3, 3, 3, 3, 3, 3, 3, 4, 4, 4, 4, 4, 4, 4, 4, 4, 4, 4, 4, 4, 4, 4, 4, 5, 5, 5, 5, 5, 6, 6, 6, 7, 8, 9, 10, 11, 12, 13, 14, 15, 16, 34]
Threshold 0.0:
Threshold 0.01:
polytomy of size 3; rounds with additions with at least 5 support: 0; clusters: 41065
Threshold 0.02:
polytomy of size 7; rounds with additions with at least 5 support: 2; clusters: 41159
Threshold 0.05:
polytomy of size 3; rounds with additions with at least 5 support: 0; clusters: 41159
polytomy of size 3; rounds with additions with at least 5 support: 0; clusters: 41159
polytomy of size 10; rounds with additions with at least 5 support: 0; clusters: 41179
polytomy of size 3; rounds with additions with at least 5 support: 0; clusters: 41179
polytomy of size 5; rounds with additions with at least 5 support: 0; clusters: 41179
polytomy of size 4; rounds with additions with at least 5 support: 0; clusters: 41181
Threshold 0.1:
polytomy of size 4; rounds with additions with at least 5 support: 0; clusters: 41181
polytomy of size 3; rounds with additions with at least 5 support: 0; clusters: 41181
polytomy of size 5; rounds with additions with at least 5 support: 0; clusters: 41181
polytomy of size 12; rounds with additions with at least 5 support: 0; clusters: 41189
polytomy of size 3; rounds with additions with at least 5 support: 0; clusters: 41189
polytomy of size 4; rounds with additions with at least 5 support: 0; clusters: 41189
polytomy of size 5; rounds with additions with at least 5 support: 0; clusters: 41189
polytomy of size 4; rounds with additions with at least 5 support: 0; clusters: 41189
polytomy of size 4; rounds with additions with at least 5 support: 0; clusters: 41189
polytomy of size 3; rounds with additions with at least 5 support: 0; clusters: 41189
Threshold 0.2:
polytomy of size 3; rounds with additions with at least 5 support: 0; clusters: 41189
polytomy of size 4; rounds with additions with at least 5 support: 0; clusters: 41189
polytomy of size 3; rounds with additions with at least 5 support: 0; clusters: 41189
polytomy of size 3; rounds with additions with at least 5 support: 0; clusters: 41189
polytomy of size 3; rounds with additions with at least 5 support: 0; clusters: 41189
polytomy of size 9; rounds with additions with at least 5 support: 0; clusters: 41189
polytomy of size 5; rounds with additions with at least 5 support: 0; clusters: 41189
polytomy of size 13; rounds with additions with at least 5 support: 0; clusters: 41199
polytomy of size 3; rounds with additions with at least 5 support: 0; clusters: 41199
polytomy of size 4; rounds with additions with at least 5 support: 0; clusters: 41199
polytomy of size 3; rounds with additions with at least 5 support: 0; clusters: 41199
polytomy of size 3; rounds with additions with at least 5 support: 0; clusters: 41199
polytomy of size 6; rounds with additions with at least 5 support: 0; clusters: 41199
polytomy of size 3; rounds with additions with at least 5 support: 0; clusters: 41199
polytomy of size 4; rounds with additions with at least 5 support: 0; clusters: 41199
polytomy of size 3; rounds with additions with at least 5 support: 0; clusters: 41199
polytomy of size 3; rounds with additions with at least 5 support: 0; clusters: 41199
polytomy of size 8; rounds with additions with at least 5 support: 0; clusters: 41201
polytomy of size 16; rounds with additions with at least 5 support: 0; clusters: 41229
polytomy of size 4; rounds with additions with at least 5 support: 0; clusters: 41229
Threshold 0.3333333333333333:
polytomy of size 3; rounds with additions with at least 5 support: 0; clusters: 41229
polytomy of size 4; rounds with additions with at least 5 support: 0; clusters: 41229
polytomy of size 3; rounds with additions with at least 5 support: 0; clusters: 41229
polytomy of size 4; rounds with additions with at least 5 support: 0; clusters: 41229
polytomy of size 15; rounds with additions with at least 5 support: 0; clusters: 41231
polytomy of size 14; rounds with additions with at least 5 support: 0; clusters: 41241
polytomy of size 4; rounds with additions with at least 5 support: 0; clusters: 41241
polytomy of size 5; rounds with additions with at least 5 support: 0; clusters: 41241
polytomy of size 3; rounds with additions with at least 5 support: 0; clusters: 41241
polytomy of size 3; rounds with additions with at least 5 support: 0; clusters: 41241
polytomy of size 3; rounds with additions with at least 5 support: 0; clusters: 41241
polytomy of size 4; rounds with additions with at least 5 support: 0; clusters: 41241
polytomy of size 6; rounds with additions with at least 5 support: 0; clusters: 41241
polytomy of size 4; rounds with additions with at least 5 support: 0; clusters: 41241
polytomy of size 6; rounds with additions with at least 5 support: 0; clusters: 41241
polytomy of size 4; rounds with additions with at least 5 support: 0; clusters: 41241
polytomy of size 3; rounds with additions with at least 5 support: 0; clusters: 41241
polytomy of size 4; rounds with additions with at least 5 support: 0; clusters: 41241
polytomy of size 11; rounds with additions with at least 5 support: 0; clusters: 41241
polytomy of size 34; rounds with additions with at least 5 support: 0; clusters: 41363
max k is :4
Number of Clusters after addition by greedy: 41363
gradient0 in heuristiic: 41363
partitions formed in 27.865 secs
Dynamic Programming starting after 27.865 secs
Using tree-based weight calculation.
Using polytree-based weight calculation.
Polytree max score: 19155567208
Polytree building time: 0.284 seconds.
Number of quartet trees in the gene trees: 19155567208
Size of largest cluster: 244
Greedy score: 17711041920
estimationFactor: 1.08156071757522
Sub-optimal score: 17885069987
Calculated 100000 weights; time (seconds): 194
Total Number of elements weighted: 125990
Normalized score (portion of input quartet trees satisfied before correcting for multiple individuals): 0.9464248210007898
Optimization score: 18129304266
Optimal tree inferred in 254.658 secs.
(P_011713,(P_011705,(((KAYP,(BCGB,ABSS)),(WIGA,(Apet,(Dhai,Msal)))),(((P_006413,(P_016813,((GAP_80389,GAP_80390),((P_006412,P_008640),(P_011679,P_008646))))),((P_014073,P_011589),((P_011701,P_011681),(P_011673,((P_011537,(P_011739,P_011677)),(P_011759,((P_011675,P_011735),(P_011715,(P_011745,P_011611))))))))),((P_011579,(P_011671,P_008632)),(P_011709,((P_011719,P_011607),(P_008631,(P_018635,(VYLQ,((P_011531,(P_011699,(Schi,P_006411))),(((KRJP,(P_011549,GAP_80395)),((P_011657,(P_011643,(P_011651,P_011509))),((GAP_80393,GAP_80394),(P_011631,((P_011551,((P_007844,P_011637),(P_007843,(P_006414,P_007783)))),(P_011647,(P_011465,(P_011501,(P_011523,(P_011489,P_011487)))))))))),(((P_011587,GAP_79862),(P_014081,(P_008647,P0104A))),(((P_011609,(Sdec,P2619)),(MAQO,(WAIL,(P_011527,(P_014077,(GAP_80298,(P_014083,GAP_80297))))))),((WPHN,P_011613),(((P0203H,((P_016909,WZFE),(P0109B,(P_018831,OSHQ)))),(((SJEV,(P_019193,(Wsal,P_019187))),(P_016921,(GAP_81227,(WKSU,(Pcol,(GAP_81226,P_006410)))))),((P_025527,(P_025523,P_025525)),(((QDVW,Asie),(P_019189,(P_019197,PAWA))),(((P_019185,CSSK),(P2589,OPDF)),((P_019191,P_019199),(GAP_80417,(P2590,GAP_79804)))))))),((((P_018639,P_018779),(P_018695,(P_018783,P_018645))),(P_018691,((P_007845,(P_016797,(OBPL,(GAP_80397,P_016799)))),((P_016793,(P_006422,P_016795)),(P_018693,((S08,P_014095),((S38,(S04,(P_016789,S27))),((S02,P_016787),(P_016791,(S03,P_014099)))))))))),(((P2622,P2623),(P0110C,(XQWC,(P0207A,(P0110B,(P0207C,(P0207B,(P0206H,P0206G)))))))),((GAP_80322,DHPO),((P_012795,P_012941),((P_012861,((P_012855,(P_007802,P_012827)),((P_012813,P_018637),(P_012919,P_012921)))),(((P_012797,(P_012841,((P_012913,P_012877),(P_012811,(P_012891,P_012895))))),((((P_012903,P_012815),(P_012857,(P_012925,P_012883))),(P_012875,((P_012905,P_012831),(P_012901,(P_012851,P_012887))))),(P_018689,((P_012885,(P_006420,GAP_80294)),(P_012859,((P_012907,(GAP_80291,(P_012881,P_012873))),((P_012897,(GAP_80293,P_012893)),((P_012863,(P_012911,(P_012917,P_012821))),(P_012889,(P_006418,(P_012793,(GAP_80292,P_006419)))))))))))),((P_012867,((P_012899,P_012817),(P_012847,P_012923))),(P_012843,(((P_012937,(P_006421,P_012939)),(P_012803,(P_012853,(P_012837,P_012829)))),(((P_012801,(P_012879,P_012809)),((P_012839,P_012805),(P_012825,(P_012799,YZRI)))),(P_012909,(((P_012865,(P_012931,(P_012935,P_012933))),((P_012845,P_012807),(P_012871,P_012849))),((GAP_81172,P_012833),((PSJT,(GAP_80295,P_012927)),((P_012915,P_012791),(P_012869,(P_012823,(P_012835,P_012819))))))))))))))))))))))))))))))))));
Final quartet score is: 18129304266
Final normalized quartet score is: 0.9464248210007898
You may want to ignore posterior probabilities and other statistics related to the following branch branch because the effective number of genes impacting it is only 13:
	{P_025523, P_025525}
You may want to ignore posterior probabilities and other statistics related to the following branch branch because the effective number of genes impacting it is only 19:
	{P_025523, P_025525, P_025527}
You may want to ignore posterior probabilities and other statistics related to the following branch branch because the effective number of genes impacting it is only 1:
	{P_011719, P_011607}
You may want to ignore posterior probabilities and other statistics related to the following branch branch because the effective number of genes impacting it is only 1:
	{P_014073, P_011589}
You may want to ignore posterior probabilities and other statistics related to the following branch branch because the effective number of genes impacting it is only 5:
	{Apet, P_011701, P_011579, P_011739, BCGB, P_011715, P_011705, P_011713, P_006413, P_011759, P_011675, P_011735, P_011537, P_011671, P_008632, P_011677, WIGA, GAP_80389, P_011679, P_011681, GAP_80390, P_008646, P_006412, P_008640, P_011673, P_011745, P_016813, ABSS, Dhai, Msal, KAYP, P_014073, P_011709, P_011611, P_011589}
You may want to ignore posterior probabilities and other statistics related to the following branch branch because the effective number of genes impacting it is only 11:
	{Apet, P_011701, P_011579, P_011739, BCGB, P_011715, P_011705, P_011713, P_006413, P_011759, P_011675, P_011735, P_011537, P_011671, P_008632, P_011677, WIGA, GAP_80389, P_011679, P_011681, GAP_80390, P_008646, P_006412, P_008640, P_011673, P_011745, P_016813, ABSS, Dhai, Msal, KAYP, P_011719, P_014073, P_011709, P_011611, P_011607, P_011589}
Extended species tree:
(P0109B,((P_018831,OSHQ)72.1:0.8501295280674066,((P_016909,WZFE)86.45:1.5693927347876049,(P0203H,((((SJEV,(P_019193,(Wsal,P_019187)58.66:0.4713079374701025)77.84:1.0861755412838192)90.48:1.9101723413782417,(P_016921,(GAP_81227,(WKSU,(Pcol,(GAP_81226,P_006410)80.79:1.2259170414337093)65.56:0.6521604785765615)41.78:0.1327552323675332)56.92:0.4317982683574085)94.9:2.5027675284764963)91.97:2.0722326491084426,((P_025527,(P_025523,P_025525)69.23:0.6241543090729941)80.37:1.0192804481785758,(((QDVW,Asie)99.04:3.837987258907332,(P_019189,(P_019197,PAWA)64.11:0.609625342175979)38.96:0.0850542997245959)45.44:0.19710046584182173,(((P_019185,CSSK)33.26:0.0,(P2589,OPDF)71.34:0.8325366784884503)83.1:1.3517900700632248,((P_019191,P_019199)65.39:0.6212993615275375,(GAP_80417,(P2590,GAP_79804)91.52:1.9753480883351657)66.98:0.6794817252064407)60.47:0.5095296431981827)81.11:1.2426823343830775)52.03:0.31534963235894165)61.61:0.5297186202834528)49.89:0.2809484562222386,(((((P_018639,P_018779)49.84:0.2794204659380846,(P_018695,(P_018783,P_018645)42.04:0.13685107296796875)54.76:0.38247688357641985)56.43:0.4194945890214188,(P_018691,((P_007845,(P_016797,(OBPL,(GAP_80397,P_016799)51.76:0.31935495678777215)60.96:0.5290204283778858)53.77:0.33592090810939557)47.27:0.20783643776149446,((P_016793,(P_006422,P_016795)61.61:0.5445497472608631)62.65:0.5708812944762229,(P_018693,((S08,P_014095)68.87:0.7341635566492442,((S38,(S04,(P_016789,S27)68.7:0.7211744866930873)42.04:0.11431584026596435)62.47:0.5494665366855795,((S02,P_016787)96.86:2.9078484826860245,(P_016791,(S03,P_014099)96.64:2.875978689747315)34.87:0.020636333392959744)35.29:0.026881172418809256)47.98:0.24138189207420374)54.41:0.3713083866579013)40.56:0.11097954062489643)45.27:0.1930848462966112)40.63:0.10820102984850904)38.72:0.07712483091784815)96.18:2.769329131690581,(((P2622,P2623)49.95:0.27432202780451365,(P0110C,(XQWC,(P0207A,(P0110B,(P0207C,(P0207B,(P0206H,P0206G)47.47:0.23427780345812668)42.36:0.14247487811699236)39.69:0.09649723730418953)35.07:0.023229287377912543)54.53:0.37796071885520316)60.98:0.5292448027963598)91.25:1.9757485403336585)61.99:0.5520907419892582,((GAP_80322,DHPO)94.21:2.3839111551072114,((P_012795,P_012941)99.24:4.079748473511855,((P_012861,((P_012855,(P_007802,P_012827)88.6:1.7303338795987844)80.71:1.2231389067154113,((P_012813,P_018637)70:0.7892322457881593,(P_012919,P_012921)94.75:2.468647488071784)92.33:2.1162228487003976)95.72:2.6619429242638093)46.34:0.21317834113402906,(((P_012797,(P_012841,((P_012913,P_012877)89.09:1.7741077418024815,(P_012811,(P_012891,P_012895)54.33:0.37348992357472616)84.97:1.4678746802309095)88.06:1.691665671462996)52.6:0.3366023661212676)35.9:0.03683120991920813,((((P_012903,P_012815)83.91:1.3998007330833457,(P_012857,(P_012925,P_012883)97.22:3.047590538830133)36:0.03806156330246665)35.58:0.0314733316867528,(P_012875,((P_012905,P_012831)57.31:0.44018271911103324,(P_012901,(P_012851,P_012887)95.32:2.580481730489621)34.27:0.011929847102854689)49.71:0.2778126370730029)70.35:0.7994022170759048)68.67:0.7443702169885439,(P_018689,((P_012885,(P_006420,GAP_80294)86.68:1.5777940096736442)35.14:0.02424526782971692,(P_012859,((P_012907,(GAP_80291,(P_012881,P_012873)78.5:1.1147196996885964)36.27:0.04161729070821891)35.63:0.03166993232700428,((P_012897,(GAP_80293,P_012893)92.91:2.190483631500347)38.36:0.07439982576026061,((P_012863,(P_012911,(P_012917,P_012821)90.19:1.8800243521556805)74.86:0.959502408504166)41.8:0.1311022622400301,(P_012889,(P_006418,(P_012793,(GAP_80292,P_006419)97.6:3.1787059093319634)47.11:0.22657106520885195)37.99:0.06849300139753657)34.88:0.019816451246076693)37.66:0.06322669773426443)36.95:0.05213934105145765)37.21:0.05623914208986525)37.59:0.062356626943279786)85.48:1.4985869224140187)77.15:1.0559650775664409)93.51:2.2717621368964975)94.3:2.3937033105310555,((P_012867,((P_012899,P_012817)88.82:1.7555352640029784,(P_012847,P_012923)97.39:3.104303149557925)69.91:0.7866580893577534)97.2:3.0502030639866455,(P_012843,(((P_012937,(P_006421,P_012939)87.11:1.6172881739315417)98.91:3.82201966774782,(P_012803,(P_012853,(P_012837,P_012829)78.01:1.08904214229651)37.73:0.06562383476590046)47.72:0.23930425210200343)42.7:0.14817057813393616,(((P_012801,(P_012879,P_012809)98.47:3.5543958073648385)66.49:0.6803432853686255,((P_012839,P_012805)37.45:0.06138249278300078,(P_012825,(P_012799,YZRI)73.71:0.9198554287833328)47.34:0.23235990182215935)69.9:0.7863949410593223)81.91:1.287069915820908,(P_012909,(((P_012865,(P_012931,(P_012935,P_012933)94.92:2.5045336928671547)88.47:1.7260241808793613)47.11:0.22796928720431425,((P_012845,P_012807)54.68:0.3813239799603901,(P_012871,P_012849)87.42:1.6403617863150681)63.52:0.5964323688486266)96.25:2.7869640603163774,((GAP_81172,P_012833)95.9:2.705242563809236,((PSJT,(GAP_80295,P_012927)42.76:0.14959144760916)76.47:1.0292589598655646,((P_012915,P_012791)42.01:0.1367254418426441,(P_012869,(P_012823,(P_012835,P_012819)41.34:0.12528122541174108)69.85:0.785056247914399)96.11:2.7536818782431527)86.02:1.5394925957207413)41.31:0.12476124704359874)94.06:2.3603143155459834)34.17:0.01052360917357797)88.01:1.6868854484994957)92.23:2.1033776597817955)42.68:0.14781339158591045)83.75:1.3897089941119385)84.76:1.452241285410662)50.45:0.29209392740271617)84.99:1.4678979222088393)98.37:3.4995222316993866)57.49:0.4442179466698166)69:0.756201045648126)94.72:2.4594840793774586,((WPHN,P_011613)36.43:0.03755622455936731,(((P_011609,(Sdec,P2619)59.33:0.4627049244856682)69:0.7451697700739883,(MAQO,(WAIL,(P_011527,(P_014077,(GAP_80298,(P_014083,GAP_80297)91.11:1.963261154170194)43.04:0.15237975484553243)44.05:0.1680478409092248)53.87:0.36049807042895804)65.33:0.6464673638786069)84.51:1.4299746853363722)45.44:0.19482916515445825,(((P_011587,GAP_79862)75.71:0.9922855117751583,(P_014081,(P_008647,P0104A)94.61:2.4159137783010487)88.02:1.674307909591507)76.83:1.0412340507836448,(((KRJP,(P_011549,GAP_80395)86.65:1.5821411658803348)69.7:0.7794446918090121,((P_011657,(P_011643,(P_011651,P_011509)72.1:0.8599326023549246)36.3:0.04300640716843089)75.66:0.9936174319642038,((GAP_80393,GAP_80394)73.19:0.899806276585342,(P_011631,((P_011551,((P_007844,P_011637)39.24:0.08885334566234288,(P_007843,(P_006414,P_007783)38.34:0.07518910054338203)55:0.3873578719590212)39.98:0.10061516846439651)38.11:0.06995090072670744,(P_011647,(P_011465,(P_011501,(P_011523,(P_011489,P_011487)37.44:0.061204867129389356)38.8:0.08292243341758955)70.05:0.7908305292070821)80.38:1.2045314004315468)49.82:0.2790683640897977)44.53:0.17961123396125211)56.82:0.42741735930711017)37.42:0.06070990754529348)92.25:2.106500132289167)88.35:1.7115385824416505,((P_011531,(P_011699,(Schi,P_006411)79.63:1.1534638757301694)49:0.2597460501537781)88.75:1.7414682395594114,(VYLQ,(P_018635,(P_008631,((P_011719,P_011607)100:0.2876820724517809,(P_011709,((P_011579,(P_011671,P_008632)36.34:0.04147732151392694)81.34:1.251267372364913,(((P_006413,(P_016813,((GAP_80389,GAP_80390)89.19:1.7811242581271738,((P_006412,P_008640)79.34:1.1550101408650557,(P_011679,P_008646)42.74:0.14789178657685895)42.23:0.13924265864039947)36.05:0.03789283266161845)64.63:0.621728632125435)30.47:0.0,((P_014073,P_011589)89.54:0.18816332903557767,((P_011701,P_011681)35.23:0.011818421344413257,(P_011673,((P_011537,(P_011739,P_011677)75.2:0.9670336466040579)42.41:0.14158093227615565,(P_011759,((P_011675,P_011735)82.59:1.3204273640816448,(P_011715,(P_011745,P_011611)67.35:0.6515994470380544)50.13:0.28443760545666313)49.74:0.27724395686208436)43.58:0.16265303158609742)40.84:0.11528730345790823)38.32:0.07351062483197338)41.22:0.10428723341877501)58.09:0.42310690282002494)58.61:0.4691569415197725,(((KAYP,(BCGB,ABSS)67.7:0.7089129873147123)38.74:0.07933240561092113,(WIGA,(Apet,(Dhai,Msal)39.45:0.08903077972715837)48.33:0.24504704948585496)59.17:0.4834405475392584)56.83:0.42674271107844136,(P_011705,P_011713)45.91:0.19893426787839258)32:0.0)67.16:0.6993413033070265)63.3:0.5189228666310673)41.46:0.018480038516137293)71.3:0.6253193216741662)46.5:0.20015444759722306)54.8:0.3823823995577212)48.94:0.2622117602551339)75.56:0.9881230473400463)51.92:0.3205452768188401)45.75:0.20138198508301866)63.33:0.5887163164489612)90.75:1.9312295270282918)69.97:0.7857652041410069)87.32:1.618132770920899)82.41:1.305860398326401)66.24:0.665572449295024));
Weight calculation took 195.349257272 secs
ASTRAL finished in 257.572 secs
