
================== ASTRAL ===================== 

This is ASTRAL version 5.7.7
Gene trees are treated as unrooted
284 trees read from all_bs10.trees
index19
All output trees will be *arbitrarily* rooted at P0109B

======== Running the main analysis
Number of taxa: 244 (244 species)
Taxa: [Apet, VYLQ, WPHN, WAIL, MAQO, P_011609, Sdec, P_019189, P_019197, P2590, GAP_79804, P_008647, P0104A, P_014081, P_011587, P_011701, GAP_80417, P_025523, P0203H, P0109B, P_016909, P_018831, P0110C, P2622, P0110B, P0207A, P0207C, P0207B, P0206H, P0206G, XQWC, P2623, P_007845, P_011579, P_018639, GAP_80322, P_012855, P_007802, P_012827, P_012919, P_012921, P_012813, P_018637, P_012795, P_012941, P_012839, P_012799, P_012805, P_012825, P_012879, P_012809, P_012801, P_012909, GAP_80295, PSJT, P_012927, P_012915, P_012791, P_012869, P_012835, P_012819, P_012823, GAP_81172, P_012833, P_012865, P_012935, P_012933, P_012931, P_012871, P_012849, P_012845, P_012807, P_012803, P_012853, P_012837, P_012829, P_012937, P_006421, P_012939, P_012867, P_012899, P_012817, P_012847, P_012923, P_012843, P_012861, P_012841, P_012913, P_012877, P_012797, P_012901, P_012851, P_012887, P_012905, P_012875, P_012831, P_012857, P_012903, P_012815, P_012925, P_012883, P_012897, P_012907, P_006420, GAP_80294, GAP_80291, GAP_80293, P_012893, P_012885, P_012881, P_012873, GAP_80292, P_006419, P_012859, P_012889, P_012863, P_006418, P_012917, P_012821, P_012911, P_012793, P_018689, P_012891, P_012895, P_012811, GAP_81227, P_016921, Pcol, GAP_81226, P_006410, GAP_79862, P_014077, P_018635, P_011527, GAP_80298, P_014083, GAP_80297, P_007844, P_011637, P_011647, Schi, P_006411, P_011531, P_011549, GAP_80395, P_011739, P_011465, P_011501, P_011489, P_011487, P_011523, P_006414, P_007843, P_007783, GAP_80393, GAP_80394, P_011651, P_011509, P_011643, P_011551, P_011657, P2619, BCGB, P_011699, P_011715, P_011705, P_011713, P_006413, P_011759, P_011675, P_011735, P_011537, P_011671, P_008632, P_011677, WIGA, GAP_80389, P_011679, P_011681, GAP_80390, P_008646, P_006412, P_008640, P_011673, P_011745, P_016813, OBPL, GAP_80397, P_016799, P_016797, P_016793, P_018695, P_018783, P_018645, P_016789, S27, P_016791, S02, P_016787, S04, S03, P_018779, P_014099, P_018691, P_018693, P_006422, P_016795, YZRI, DHPO, WKSU, PAWA, P2589, P_019185, OPDF, CSSK, P_019193, Wsal, P_019187, SJEV, WZFE, QDVW, Asie, KRJP, ABSS, Dhai, Msal, P_011631, S38, S08, OSHQ, P_019191, P_025525, P_014095, P_011613, P_008631, KAYP, P_011719, P_014073, P_025527, P_011709, P_011611, P_019199, P_011607, P_011589]
Taxon occupancy: {P_019193=237, P_019191=102, P_019197=249, OPDF=269, GAP_81172=280, P_018783=274, P_019199=80, Wsal=233, P_016921=272, WKSU=282, P_025523=40, P_025525=74, P_025527=27, P_014073=42, P0203H=179, P_014077=159, QDVW=273, P_011487=275, P_011489=277, P_016813=241, P_006421=275, P_006422=273, P_006420=213, P_006418=265, P_006419=273, P_014081=188, P_006414=272, P_014083=195, P_018689=280, P0206H=255, P0206G=240, Msal=243, P0109B=131, P_012901=273, P_006410=265, P_006411=267, P_012903=277, P_006412=273, P_006413=264, P_012905=279, P_012907=278, GAP_79862=267, PAWA=271, ABSS=279, P_012909=277, P_018691=120, GAP_80291=278, P_018695=265, P_014095=109, GAP_80293=275, GAP_80292=271, P_018693=268, GAP_80295=277, GAP_80294=270, P_014099=269, GAP_80297=272, GAP_80298=268, P_011701=49, P_012911=273, P_012913=233, P_012915=275, P_011705=149, P_012917=261, P_012919=253, P_011709=26, P_012881=275, P_011671=157, P_011551=179, MAQO=278, P_012883=277, P_011673=222, GAP_80322=278, P_012885=269, P_011675=252, P2590=224, P_012887=274, P_011677=212, P_012889=268, P_011679=233, P_008647=259, PSJT=272, P2589=221, P_012891=265, P_011681=193, P_012893=277, P_018637=269, P_012895=272, P_018635=247, P_012897=272, P0207C=261, P0207B=263, P_012899=274, P0207A=267, P_018639=252, P_008646=276, P_008640=275, BCGB=277, WZFE=277, P_018645=270, KRJP=277, KAYP=165, P_011699=142, P_011579=206, CSSK=267, P_008632=275, P_016909=276, P_007783=261, P_008631=49, P_019187=268, P_019185=252, Sdec=59, P_019189=230, P_012791=278, P_012793=272, P_012795=276, Asie=215, P_011465=276, P_018779=220, P_011587=198, P_012797=277, P_012799=274, P_011589=4, GAP_80417=143, WIGA=272, GAP_79804=208, P_007802=231, P_012841=272, P_011631=221, P_012843=278, Pcol=231, P_012845=274, P_012847=264, P_011637=273, P_011759=246, P_012849=265, Apet=124, OBPL=277, P0110C=249, P_018831=268, P0110B=183, YZRI=277, P_012851=275, P_012853=273, P_011643=281, P_011523=278, P_012855=266, P_012857=273, P_011647=246, P_011527=153, P_012859=271, WAIL=280, P_016789=266, P_012861=271, P_011651=245, P_011531=222, P_016787=271, P_012863=275, P_012865=271, Schi=226, P_012867=276, P_011657=242, P_011537=201, P_012869=275, P_016793=266, P_016791=275, P_016797=274, SJEV=275, P_016795=263, P_012871=263, P_012873=274, P_016799=270, P_012875=275, P_012877=266, P_012879=273, P_011549=257, P_007844=195, P_007845=41, S02=200, P_012921=249, S04=73, P_012801=277, S03=253, P_012923=270, P_011713=183, P_012803=276, P_012925=270, P_011715=229, S08=166, P_012805=273, P_007843=247, P_012927=275, P_012807=272, P_011719=27, P_012809=270, VYLQ=277, DHPO=279, GAP_80390=241, P2622=191, P2623=91, XQWC=281, GAP_80394=279, GAP_80393=279, GAP_80395=277, GAP_80397=275, P_012931=275, P_012811=272, WPHN=275, P_012933=263, P_012813=271, P_012935=270, P_012815=270, P_012937=278, P_012817=271, P_011607=7, P_012939=266, P_011609=170, P_012819=269, P2619=158, OSHQ=272, GAP_80389=255, P_012941=279, P_012821=270, P_011611=45, P_012823=275, P_011613=78, P_011735=270, P_012825=275, S27=210, P_012827=250, P_011739=235, P_012829=186, Dhai=264, P0104A=229, P_012831=261, P_011501=277, P_012833=274, GAP_81226=271, GAP_81227=275, P_011745=243, P_012835=275, S38=80, P_012837=276, P_012839=270, P_011509=277}
Number of gene trees: 284
284 trees have missing taxa
Calculating quartet distance matrix (for completion of X)
Species tree distances calculated ...
Will attempt to complete bipartitions from X before adding using a distance matrix.
Building set of clusters (X) from gene trees 
------------------------------
gradient0: 41725
Number of Clusters after addition by distance: 41725
calculating extra bipartitions to be added at level 1 ...
Adding to X using resolutions of greedy consensus ...
Limit for sigma of degrees:6150
polytomy size limit : 35
discarded polytomies:  [3, 3, 3, 3, 3, 3, 3, 3, 3, 3, 3, 3, 3, 3, 3, 3, 3, 3, 3, 3, 3, 3, 3, 4, 4, 4, 4, 4, 4, 4, 4, 4, 4, 4, 4, 5, 5, 5, 5, 5, 6, 6, 6, 7, 7, 8, 9, 10, 10, 11, 13, 14, 14, 16, 35]
Threshold 0.0:
Threshold 0.01:
polytomy of size 3; rounds with additions with at least 5 support: 0; clusters: 41727
Threshold 0.02:
polytomy of size 6; rounds with additions with at least 5 support: 1; clusters: 41783
Threshold 0.05:
polytomy of size 4; rounds with additions with at least 5 support: 0; clusters: 41783
polytomy of size 10; rounds with additions with at least 5 support: 0; clusters: 41809
polytomy of size 3; rounds with additions with at least 5 support: 0; clusters: 41809
polytomy of size 3; rounds with additions with at least 5 support: 0; clusters: 41809
polytomy of size 3; rounds with additions with at least 5 support: 0; clusters: 41809
polytomy of size 3; rounds with additions with at least 5 support: 0; clusters: 41811
Threshold 0.1:
polytomy of size 4; rounds with additions with at least 5 support: 0; clusters: 41811
polytomy of size 3; rounds with additions with at least 5 support: 0; clusters: 41811
polytomy of size 5; rounds with additions with at least 5 support: 0; clusters: 41811
polytomy of size 10; rounds with additions with at least 5 support: 0; clusters: 41825
polytomy of size 3; rounds with additions with at least 5 support: 0; clusters: 41825
polytomy of size 4; rounds with additions with at least 5 support: 0; clusters: 41825
polytomy of size 5; rounds with additions with at least 5 support: 0; clusters: 41825
polytomy of size 7; rounds with additions with at least 5 support: 0; clusters: 41825
polytomy of size 3; rounds with additions with at least 5 support: 0; clusters: 41825
Threshold 0.2:
polytomy of size 3; rounds with additions with at least 5 support: 0; clusters: 41825
polytomy of size 5; rounds with additions with at least 5 support: 0; clusters: 41825
polytomy of size 3; rounds with additions with at least 5 support: 0; clusters: 41825
polytomy of size 3; rounds with additions with at least 5 support: 0; clusters: 41825
polytomy of size 9; rounds with additions with at least 5 support: 0; clusters: 41831
polytomy of size 5; rounds with additions with at least 5 support: 0; clusters: 41831
polytomy of size 13; rounds with additions with at least 5 support: 0; clusters: 41855
polytomy of size 3; rounds with additions with at least 5 support: 0; clusters: 41855
polytomy of size 4; rounds with additions with at least 5 support: 0; clusters: 41855
polytomy of size 3; rounds with additions with at least 5 support: 0; clusters: 41855
polytomy of size 6; rounds with additions with at least 5 support: 0; clusters: 41855
polytomy of size 3; rounds with additions with at least 5 support: 0; clusters: 41855
polytomy of size 4; rounds with additions with at least 5 support: 0; clusters: 41855
polytomy of size 3; rounds with additions with at least 5 support: 0; clusters: 41855
polytomy of size 8; rounds with additions with at least 5 support: 0; clusters: 41865
polytomy of size 16; rounds with additions with at least 5 support: 0; clusters: 41911
polytomy of size 3; rounds with additions with at least 5 support: 0; clusters: 41911
Threshold 0.3333333333333333:
polytomy of size 3; rounds with additions with at least 5 support: 0; clusters: 41911
polytomy of size 4; rounds with additions with at least 5 support: 0; clusters: 41911
polytomy of size 3; rounds with additions with at least 5 support: 0; clusters: 41911
polytomy of size 4; rounds with additions with at least 5 support: 0; clusters: 41911
polytomy of size 3; rounds with additions with at least 5 support: 0; clusters: 41911
polytomy of size 4; rounds with additions with at least 5 support: 0; clusters: 41911
polytomy of size 11; rounds with additions with at least 5 support: 0; clusters: 41911
polytomy of size 3; rounds with additions with at least 5 support: 0; clusters: 41911
polytomy of size 14; rounds with additions with at least 5 support: 0; clusters: 41915
polytomy of size 14; rounds with additions with at least 5 support: 0; clusters: 41915
polytomy of size 4; rounds with additions with at least 5 support: 0; clusters: 41915
polytomy of size 5; rounds with additions with at least 5 support: 0; clusters: 41915
polytomy of size 3; rounds with additions with at least 5 support: 0; clusters: 41915
polytomy of size 3; rounds with additions with at least 5 support: 0; clusters: 41915
polytomy of size 3; rounds with additions with at least 5 support: 0; clusters: 41915
polytomy of size 4; rounds with additions with at least 5 support: 0; clusters: 41915
polytomy of size 6; rounds with additions with at least 5 support: 0; clusters: 41915
polytomy of size 4; rounds with additions with at least 5 support: 0; clusters: 41915
polytomy of size 7; rounds with additions with at least 5 support: 0; clusters: 41915
polytomy of size 4; rounds with additions with at least 5 support: 0; clusters: 41915
polytomy of size 35; rounds with additions with at least 5 support: 0; clusters: 41979
max k is :2
Number of Clusters after addition by greedy: 41979
gradient0 in heuristiic: 41979
partitions formed in 13.603 secs
Dynamic Programming starting after 13.603 secs
Using tree-based weight calculation.
Using polytree-based weight calculation.
Polytree max score: 19371615355
Polytree building time: 0.161 seconds.
Number of quartet trees in the gene trees: 19371615355
Size of largest cluster: 244
Greedy score: 17932121851
estimationFactor: 1.0802745774293143
Sub-optimal score: 18062630890
Calculated 100000 weights; time (seconds): 172
Total Number of elements weighted: 130187
Normalized score (portion of input quartet trees satisfied before correcting for multiple individuals): 0.9464519839987293
Optimization score: 18334303786
Optimal tree inferred in 228.075 secs.
(P_011713,(P_011705,(((KAYP,(BCGB,ABSS)),(WIGA,(Apet,(Dhai,Msal)))),(((P_014073,P_011589),(P_011701,(P_006413,((P_016813,((GAP_80389,GAP_80390),((P_006412,P_008640),(P_011679,P_008646)))),(P_011681,(P_011673,((P_011537,(P_011739,P_011677)),(P_011759,((P_011675,P_011735),(P_011715,(P_011745,P_011611))))))))))),((P_011719,P_011607),((P_011579,(P_011671,P_008632)),(P_011709,(P_008631,(P_018635,(VYLQ,((P_011531,(P_011699,(Schi,P_006411))),(((KRJP,(P_011549,GAP_80395)),((P_011657,(P_011643,(P_011651,P_011509))),((GAP_80393,GAP_80394),(P_011631,((P_011551,((P_007844,P_011637),(P_007843,(P_006414,P_007783)))),(P_011647,(P_011465,(P_011501,(P_011523,(P_011489,P_011487)))))))))),(((P_011587,GAP_79862),(P_014081,(P_008647,P0104A))),(((P_011609,(Sdec,P2619)),(MAQO,(WAIL,(P_011527,(P_014077,(GAP_80298,(P_014083,GAP_80297))))))),((WPHN,P_011613),(((P0203H,((P_016909,WZFE),(P0109B,(P_018831,OSHQ)))),(((SJEV,(P_019193,(Wsal,P_019187))),(P_016921,(GAP_81227,(WKSU,(Pcol,(GAP_81226,P_006410)))))),((P_025527,(P_025523,P_025525)),(((QDVW,Asie),(P_019189,(P_019197,PAWA))),(((P_019185,CSSK),(P2589,OPDF)),((P_019191,P_019199),(GAP_80417,(P2590,GAP_79804)))))))),((((P_018639,P_018779),(P_018695,(P_018783,P_018645))),(P_018691,((P_007845,(P_016797,(OBPL,(GAP_80397,P_016799)))),((P_016793,(P_006422,P_016795)),(P_018693,((S08,P_014095),((S38,(S04,(P_016789,S27))),((S02,P_016787),(P_016791,(S03,P_014099)))))))))),(((P2622,P2623),(P0110C,(XQWC,(P0207A,(P0110B,(P0207C,(P0207B,(P0206H,P0206G)))))))),((GAP_80322,DHPO),((P_012795,P_012941),((P_012861,((P_012855,(P_007802,P_012827)),((P_012919,P_012921),(P_012813,P_018637)))),(((P_012797,(P_012841,((P_012913,P_012877),(P_012811,(P_012891,P_012895))))),((((P_012903,P_012815),(P_012857,(P_012925,P_012883))),(P_012875,((P_012905,P_012831),(P_012901,(P_012851,P_012887))))),(P_018689,((P_012885,(P_006420,GAP_80294)),(P_012859,((P_012907,(GAP_80291,(P_012881,P_012873))),((P_012897,(GAP_80293,P_012893)),(P_012889,((P_012863,(P_012911,(P_012917,P_012821))),(P_006418,(P_012793,(GAP_80292,P_006419)))))))))))),((P_012867,((P_012899,P_012817),(P_012847,P_012923))),(P_012843,(((P_012937,(P_006421,P_012939)),(P_012803,(P_012853,(P_012837,P_012829)))),(((P_012801,(P_012879,P_012809)),((P_012839,P_012805),(P_012825,(P_012799,YZRI)))),(((P_012865,(P_012931,(P_012935,P_012933))),((P_012845,P_012807),(P_012871,P_012849))),(P_012909,((GAP_81172,P_012833),((PSJT,(GAP_80295,P_012927)),((P_012915,P_012791),(P_012869,(P_012823,(P_012835,P_012819))))))))))))))))))))))))))))))))));
Final quartet score is: 18334303786
Final normalized quartet score is: 0.9464519839987293
You may want to ignore posterior probabilities and other statistics related to the following branch branch because the effective number of genes impacting it is only 13:
	{P_025523, P_025525}
You may want to ignore posterior probabilities and other statistics related to the following branch branch because the effective number of genes impacting it is only 19:
	{P_025523, P_025525, P_025527}
You may want to ignore posterior probabilities and other statistics related to the following branch branch because the effective number of genes impacting it is only 1:
	{P_011719, P_011607}
You may want to ignore posterior probabilities and other statistics related to the following branch branch because the effective number of genes impacting it is only 1:
	{P_014073, P_011589}
You may want to ignore posterior probabilities and other statistics related to the following branch branch because the effective number of genes impacting it is only 8:
	{P_011701, P_011739, P_011715, P_006413, P_011759, P_011675, P_011735, P_011537, P_011677, GAP_80389, P_011679, P_011681, GAP_80390, P_008646, P_006412, P_008640, P_011673, P_011745, P_016813, P_011611}
You may want to ignore posterior probabilities and other statistics related to the following branch branch because the effective number of genes impacting it is only 6:
	{Apet, P_011701, P_011579, P_011739, BCGB, P_011715, P_011705, P_011713, P_006413, P_011759, P_011675, P_011735, P_011537, P_011671, P_008632, P_011677, WIGA, GAP_80389, P_011679, P_011681, GAP_80390, P_008646, P_006412, P_008640, P_011673, P_011745, P_016813, ABSS, Dhai, Msal, KAYP, P_011719, P_014073, P_011709, P_011611, P_011607, P_011589}
89.01694543565156 30.04315151012101 4.0244100964809375 123.0845070422535 8.427620264953033E-21
231.39130889522414 24.161039806924965 12.167094425813014 267.7194431279621 1.175618190243478E-74
127.015066425398 38.0876059455415 51.00952275101173 216.11219512195123 1.2071074931606575E-14
176.95354796884723 30.53674790714663 25.063625692633593 232.55392156862746 2.5839361320174613E-42
233.46078434554335 11.118418694343012 12.754316887234557 257.3335199271209 1.5044899045414582E-83
183.97007700541795 19.001525060977865 23.028397933604175 225.99999999999997 8.876441321131982E-52
148.36976999405326 47.54174935879078 32.631144653615465 228.54266400645952 2.5226498254094852E-23
111.5003578350859 112.37767989624649 40.97439289953249 264.8524306308649 5.511334325286478E-9
151.75811855317457 44.15803516207873 71.33156351596908 267.2477172312224 5.456441579277884E-16
254.11854795270094 7.0997905341823255 5.899728610514305 267.1180670973976 2.0371128774977124E-100
235.1097977104869 7.4219245671600005 12.37122437566763 254.90294665331453 3.5652381093644472E-87
9.0 1.0 3.0 13.0 0.018315638888734168
Not enough genes
Cannot perform polytomy test with effective N (after polytomies) 13.0:
	(P_025523,P_025525):0.6241543090729941;
13.788703631255482 1.8177210051752435 1.1399595687331534 16.746384205163878 1.1515210747551728E-4
206.0279069767442 1.3271317829457363 0.6449612403100775 208.0 1.6487528319650944E-88
120.6725745364705 30.630716130809674 35.43568103666616 186.73897170394633 1.2502485331460924E-18
79.06978641427867 77.39188153475631 50.94115319128507 207.40282114032004 0.02729896023074987
114.28317022553657 64.75956745051322 70.34926690590389 249.3920045819537 1.4344460328171116E-4
82.5133181543 78.4845292994447 79.56863801894902 240.56648547269373 0.9472423133393613
151.51838385570701 33.52936533955275 27.02376140306214 212.0715105983219 6.795121419016864E-31
200.03634802000283 18.98459472220888 21.304933277945814 240.32587602015752 3.2580525597292396E-59
35.80283609396998 8.193198433382946 10.654988475768105 54.65102300312103 2.7181520829092785E-6
110.99543378995435 6.0 4.004566210045662 121.0 4.635779861683168E-41
59.3915794952391 17.0467001947187 12.245441240274763 88.68372093023255 1.2897948756553465E-10
70.78978531683003 38.71388086529495 7.232911896532004 116.73657807865699 5.353517850014298E-12
187.57090047074112 11.295768774096441 32.49351651747763 231.3601857623152 6.959825955875467E-53
39.770876742071664 11.25390679342857 26.34638830561915 77.37117184111938 3.737433946700398E-4
44.20096377532606 20.283012681692195 6.1146898297777765 70.59866628679603 1.4499415587336968E-7
106.61956086886025 73.30906442996186 34.67401827408775 214.60264357290987 1.346952540981344E-8
97.37809979452447 38.034685945699124 60.20740923243493 195.6201949726585 1.0265582484212333E-6
99.5842902926006 80.97417969541962 59.45170076945633 240.01017075747654 0.00646195124580327
125.56673502549695 70.58301260924169 34.113960009532306 230.26370764427094 1.0175919743660816E-12
124.59652871533521 79.1858214208386 19.158420688216072 222.9407708243899 4.503100425659684E-17
132.3194444324504 25.56636111858947 100.77444984137752 258.6602553924174 7.06209298541008E-16
157.78703246730228 91.4501430941541 11.167340223458622 260.404515784915 1.0702246152333654E-27
18.93555339927406 16.83060657146472 1.2568039523391765 37.02296392307796 5.228126425159883E-4
16.120990993224517 11.500298619199409 5.752692510342004 33.37398212276593 0.08844687574272328
131.06875426112106 41.66100047349214 42.42433337615552 215.15408811076873 1.0022721202899779E-16
121.73721470930924 34.589735384501466 39.60323429185149 195.9301843856622 1.1982124598777424E-16
54.72008799596481 5.6660926035371215 20.87272017347897 81.25890077298091 7.76694289561078E-11
43.82162529855172 5.997317915595074 13.070114880466047 62.88905809461285 4.189095992131387E-9
11.335199039177576 11.057384713830373 4.5714503228014705 26.96403407580942 0.19596564992586646
40.591570921334565 16.490952486931324 8.240259241389728 65.32278264965561 2.3105551793430827E-6
189.23223872197676 4.63995770523615 1.4319909077679627 195.30418733498087 7.76038969736383E-78
233.02686897776974 1.1210657680133695 6.951051980403151 241.09898672618627 3.1554709297484246E-95
70.15408278716086 67.82228720028975 58.1312030141217 196.1075730015723 0.5369432703399146
64.91338334913792 61.375924330488075 61.231927399856694 187.5212350794827 0.93280536948067
66.55828089739707 37.111109747190525 30.86168343678489 134.53107408137248 3.0237388423139393E-4
75.00361103690109 40.589301127159445 21.264074029920124 136.85698619398067 8.831912330042941E-8
75.07069652142506 48.70595901478204 56.27842603443385 180.05508157064094 0.0464143400104857
87.15999214805727 59.35260700898798 48.99519683895015 195.50779599599542 0.0025365667364208224
36.15955705475764 30.120610156512196 21.55310310302175 87.8332703142916 0.1588236472000824
35.5885916422028 26.980893607843594 25.827473813839774 88.39695906388617 0.38077609375472765
260.25237600875954 7.256066591556712 3.5897206801301156 271.0981632804464 8.999392337617269E-105
40.696125855579446 5.685591512928197 35.092892807069035 81.47461017557669 2.2111674578341306E-6
105.9589823447275 48.104915446106574 69.96898862928226 224.0328864201163 1.0888430718557617E-5
102.90865506420498 80.66193578854323 59.439233798888864 243.00982465163708 0.0029295317031558187
70.27063258576494 45.254074700182215 60.81966824388479 176.34437552983195 0.06622623604330813
60.672037098105726 56.54538260664659 58.804642338350575 176.0220620431029 0.9298082074853722
140.11555232418985 74.37705018998612 43.096755744520145 257.5893582586961 3.9560880718877985E-13
147.67350582961728 88.61373491125971 5.65453492528602 241.941775666163 3.8911265237892585E-28
168.54945319408228 6.383791246634324 9.588146234115257 184.52139067483188 2.0132069195129663E-61
103.48128640951627 23.808581782553254 38.29130575678463 165.58117394885414 6.716471804059618E-15
250.60315640022966 7.270399536866237 7.920996436628926 265.7945523737248 3.2401267574559657E-97
270.9908256880734 0.9329139380188728 1.1343999087914536 273.05813953488376 1.2316383461733077E-116
189.1398716273276 11.103299104444076 13.970328940640927 214.2134996724126 5.700843760625385E-64
194.61575067533337 20.334626773649518 27.29436115136522 242.24473860034811 4.3014919023571255E-53
228.00677659462477 4.80195450031597 7.193605353657404 240.00233644859813 6.360701416364049E-90
176.56057877932878 31.505422735478824 44.56029300401029 252.62629451881787 6.173051042068347E-34
235.70335008375207 13.834260694921978 5.569644158467243 255.10725493714128 9.119132884316183E-88
246.03167613803024 6.223349787272049 4.67287326685692 256.9278991921592 1.4439108192823388E-98
103.97505072819743 42.25974530064052 76.9789023432941 223.21369837213203 2.5887555488816823E-6
201.7014785978297 8.848734638899476 14.559669067485139 225.10988230421432 2.0355449152558673E-70
137.92640022435774 56.96151665702894 58.15785185948141 253.04576874086808 8.186669176429827E-12
221.2999722365153 20.4085157259206 17.687896205807185 259.39638416824306 3.192971901471516E-69
227.12970017097902 10.10816208168098 19.57156871729289 256.80943096995287 4.709142310909214E-77
126.50008924025032 56.881095381352864 57.559149594342664 240.94033421594585 2.227941210922029E-9
82.33738080293807 68.60698861618879 78.66105941267581 229.60542883180267 0.516801609027029
203.23296491933067 17.90795271431677 21.53695748096645 242.67787511461387 5.1977821223071435E-61
249.0640144690169 2.718586023015722 4.356247495087541 256.1388479871202 6.076211138843607E-103
74.62356091673682 62.33649040452712 68.91725858451595 205.8773099057799 0.5764239604817814
72.23194465916352 61.88227246512282 62.054541695351986 196.16875881963833 0.5844400173456783
137.5056211040611 42.820603095662825 58.53264958810045 238.85887378782436 9.024185096504994E-15
246.98346484944915 7.933683198379503 4.193867328408856 259.1110153762375 4.9895180434263996E-98
82.04303730514755 74.43941030987763 84.0236632240456 240.5061108390708 0.7266443401763695
117.3279196966402 54.944336524899505 65.60025020877586 237.87250643031555 7.96322375624251E-7
152.1623909159597 31.227919360320254 35.24052035932701 218.63083063560694 7.58837487226553E-29
141.20627882248954 30.46257517618132 36.16045293552392 207.8293069341948 4.194635064550483E-25
171.16986883951333 22.510039241749222 4.296869499919766 197.97677758118232 7.135400414328189E-56
58.77961045387678 49.444765659785986 58.429921824509556 166.65429793817233 0.6040964991929669
166.17415928722883 19.812419366573167 24.60211486620062 210.5886935200026 1.6618032091572537E-43
59.98186542041166 50.333882945448416 57.094992328653966 167.41074069451403 0.6444043990098469
58.79159453837137 51.0990246202567 55.13516958734685 165.02578874597492 0.7640236438406316
237.72188048000277 10.812229748482347 7.0246940328434615 255.55880426132856 1.0395844103304182E-89
60.3189711902616 51.390717418358626 46.351194418583916 158.06088302720414 0.38687119270604753
223.1384445892905 15.816765718868155 8.131406255818964 247.08661656397763 3.5266315480058536E-79
140.91975676644623 19.476549054852498 26.421228775401445 186.81753459670017 3.6541656350019846E-33
62.1092299179781 35.419427574578734 52.54497466480646 150.0736321573633 0.02585575626028646
253.92979185143167 2.1302788933916132 3.060553718399927 259.12062446322324 1.3356544417903188E-106
83.98706907968332 44.95212422013797 47.94837427371837 176.88756757353966 3.342408014992233E-4
53.53049573450059 43.007923531856214 52.72090515104595 149.25932441740275 0.5020062092836998
48.544320138146546 50.15334310986284 47.10269003462166 145.80035328263102 0.9532092870064486
60.157531672596846 53.302128094827665 41.72653713831904 155.18619690574354 0.18681477082995668
59.24756615933024 51.362622022454524 50.45069665513708 161.06088483692184 0.6467306033761191
59.683140362759836 48.255566945943514 51.28571915910967 159.22442646781303 0.5166700796523866
62.94622409041271 47.79190996575428 56.541529643240224 167.2796636994072 0.35420823382669786
198.09932748013242 20.633859008190246 11.416070776299248 230.14925726462192 2.1050622379688012E-63
173.84528696505362 25.132090208254827 25.530800446756558 224.508177620065 2.1546083043339745E-43
226.5825560926294 9.240695769586003 6.492908513830238 242.31616037604564 1.795057912500204E-86
227.3894315404424 5.349319203366272 8.120333128252142 240.8590838720608 1.5818541134890176E-88
232.49760745639904 13.578288016573254 15.564727366311978 261.6406228392843 1.4587465192414524E-79
249.02124786606367 2.6177379458123116 3.9968523384130323 255.635838150289 2.673860401749306E-103
184.78390356768074 39.779166801085566 42.26941509634999 266.8324854651163 2.26602212733146E-34
265.51705624165857 3.6871314929210923 3.9319885688558487 273.1361763034355 1.251810238098075E-109
225.00602409638554 13.0 19.999440384488775 258.0054644808743 5.7268617974252965E-74
266.06572127473237 1.6600280146757642 1.272317774907165 268.9980670643153 9.219579888495949E-114
137.93980462972783 21.050512795734647 15.981407839960697 174.97172526542317 3.569038107469373E-36
88.54253203439383 72.51314125256785 79.2043875666089 240.26006085357056 0.4451416414092413
118.22495198707036 68.4178386149649 59.52769993483165 246.17049053686688 5.0448773125784875E-6
100.11104566027475 72.94406490537992 60.01746015850787 233.07257072416255 0.004560845671932826
259.0192964609952 2.152452857430302 1.8383838383838382 263.01013315680933 8.249935879884997E-110
173.34835463060486 38.80072776050538 46.80116967929816 258.9502520704084 2.171244186240874E-29
93.19834880171499 96.06258716057182 63.25295985625372 252.5138958185405 0.019774697642473738
192.7405307839224 8.565696456825817 59.82446407495559 261.1306913157038 8.262079198949718E-46
121.63263146225128 51.69059014659373 84.42860353932276 257.75182514816777 6.452386161442857E-7
183.47322042721524 26.63603620139224 51.285032311472705 261.3942889400802 3.509547094243562E-36
211.61829893643065 25.504800008868216 19.774687665608525 256.89778661090736 3.841510680834713E-61
245.0 4.0 8.0 257.0 2.838742079546188E-97
231.00147554593696 12.51993887067621 18.44335592162967 261.96477033824283 8.951850677269625E-78
122.51702190068993 70.22504695221143 61.135727285201156 253.8777961381025 2.3331165069916567E-6
140.94887478842813 52.55014785010202 63.988646565480636 257.4876692040108 2.016729957859259E-12
220.52338813534345 15.959208494636359 15.574041542530573 252.0566381725104 5.785120698362072E-73
166.5038382743251 47.5858481439986 49.187888074702606 263.2775744930263 9.608806224587332E-24
259.11626249434687 4.743486237660073 5.676467571799995 269.53621630380695 1.3280617371111596E-104
259.61890380767113 6.133108506063334 5.236156143935579 270.98816845767004 4.540369078098178E-104
111.03951625536749 44.689149534691346 99.2615781123802 254.99024390243903 3.9508148204145966E-7
202.65229205930115 51.243494009032744 12.106826171615381 266.00261223994926 2.490694337279332E-50
112.14854486309869 79.75967376742486 77.04972937304476 268.9579480035683 0.014206884288496775
105.96023076949692 80.99105506649167 71.0399585918923 257.9912444278809 0.023201968457753252
186.51680135025077 44.00983519404572 37.98646693498066 268.51310347927716 5.085560521253551E-35
257.4888777860292 4.664338764679638 5.529167651411113 267.68238420212 4.443737072140947E-104
233.58020975392952 18.131414165379223 18.7902844143132 270.50190833362194 5.037175633994645E-75
109.49204682197534 95.4650149759522 60.385603444949524 265.34266524287705 7.219171272487E-4
246.39336691467366 7.314521820532233 11.141333263986029 264.8492219991919 5.604644392416112E-93
84.03461158028223 83.78888580728122 82.10454522694083 249.9280426145043 0.986838485906003
237.00033071854415 10.823549001474936 10.363796200012299 258.1876759200314 5.969346857045934E-87
232.7975523557637 12.310239741726575 7.634218861262266 252.74201095875256 4.5159071291484404E-86
97.07282983238046 62.72576253422844 71.00074649320118 230.79933885981006 0.015349384485068725
198.8820851730769 16.080041924745213 18.610267316361924 233.57239441418403 5.184874587835955E-62
198.56783476113523 15.154509145622574 20.317476603502296 234.03982051026009 1.9189783332988985E-61
111.82142680255191 40.54274159532187 70.09507882492078 222.45924722279454 3.0808297489557236E-8
204.91328324016516 14.310354931982172 23.54861213067297 242.7722503028203 1.0176627658927338E-62
253.3875532769486 1.5383821630304704 3.345405399708854 258.2713408396879 1.2671518374598789E-106
135.49872870931 24.210670496602237 79.21827261531281 238.92767182122503 1.303852329864951E-17
160.60141345373248 13.977506067612916 57.396673396593194 231.9755929179386 1.3822117872245553E-32
213.43772924903456 5.69411004378824 7.039867804097806 226.1717070969206 4.598095591246894E-83
20.346628348924103 20.01433196760184 16.33186775280285 56.6928280693288 0.7689531967119058
27.527502659310603 13.835137177761458 3.352279226748953 44.714919063821014 5.2202261431098306E-5
74.9725031048259 18.328918207184945 15.786219359475389 109.08764067148624 4.239900848641752E-14
176.02882456265579 8.98197998210456 6.994877273421475 192.0056818181818 1.3279986025818101E-64
63.87274258529343 35.573756085463344 51.12567426465875 150.57217293541552 0.01827886973649951
46.90087812435347 32.84230236692418 26.408848919503566 106.15202941078122 0.04487690312313188
79.64481693602497 41.97461433387401 25.47957773911002 147.099009009009 1.4879204878703804E-7
166.11633436708763 10.785908484293547 80.64721958340024 257.5494624347814 2.4176098129667457E-31
155.32025014606188 13.587391089125074 15.365878479933391 184.27351971512036 1.7494110706688257E-47
69.78948071070472 66.810887935438 15.295937801626081 151.8963064477688 8.878362493427052E-9
136.13362403169222 34.58418182739408 8.30701202571629 179.0248178848026 6.84146316071335E-34
160.0 6.0 3.0 169.0 6.990259383531647E-63
151.16365301636841 15.096933939840111 6.5913759492422725 172.8519629054508 2.4728859879361945E-50
159.35158018047406 28.66384624439676 21.96663732167025 209.98206374654106 5.927374985609093E-38
209.61534342645894 23.257354847871095 13.332186875287999 246.204885149618 2.0073322381636138E-65
174.06171445221057 67.93141495575593 7.725938718776663 249.71906812674314 9.88109308147554E-38
166.90853919151783 41.89342638263286 23.31027812968852 232.11224370383923 5.818274369637862E-35
80.0598178623541 77.51244422150505 69.65584574280497 227.2281078266641 0.678219983951464
166.50986415076005 30.458483383398356 22.66155821974153 219.62990575389992 1.516069513655937E-39
176.89325983308558 27.071864362102378 40.1717523951718 244.13687659035978 1.8035794705405029E-37
67.80393694366148 49.18729665380813 55.03519990366089 172.0264335011305 0.20584679240994821
83.80164743087265 62.34240684856826 71.94409937210357 218.08815365154447 0.20403194505113387
122.65424756648927 55.55276308330072 41.92556654803542 220.1325771978254 8.841647825772497E-12
58.99252735536093 38.01946811056031 51.50452872420986 148.51652419013112 0.1020946966915425
55.41156633863421 46.13804441525428 41.04918084244642 142.5987915963349 0.32771119480785266
90.01224431247581 81.05086592526544 71.89720358334327 242.96031382108453 0.36311828880180846
94.4335377709024 81.62503803360224 65.04019694212148 241.09877274662614 0.06704546159262084
169.72225878361323 36.92315885801654 37.754205359487145 244.3996230011169 7.18927592732008E-32
176.86307490886162 22.07394143843729 21.326499571491166 220.26351591879006 3.38367662200938E-48
99.24328034915547 53.417689103911606 44.21232413304692 196.87329358611402 1.7783773146860853E-6
82.70616183353201 38.88446167331203 65.0925003258999 186.68312383274395 4.0408204515240726E-4
110.67418129238874 64.36518028631411 16.51957347993164 191.5589350586345 8.408873714872493E-16
87.03720472991603 60.21915210876561 87.60429902528783 234.8606558639695 0.043787833192035754
237.8143834863005 8.837502086872721 11.155897967730445 257.80778354090364 3.653183438044216E-88
204.3304886299193 14.178839225455432 13.080104362384178 231.5894322177589 6.31407293839976E-69
94.22585076746718 15.175172058918092 9.92677216094223 119.32779498732751 4.430279470984966E-25
59.58158657656165 48.734445338036515 10.093701577223115 118.40973349182129 3.587971644029335E-8
180.17403878113183 6.97712298724663 15.03058161864463 202.18174338702306 2.640679430191359E-62
47.962596895245994 34.98219009897799 40.354511477203516 123.2992984714275 0.35521743049212723
158.08425651050518 23.019040727774794 13.854421313031276 194.95771855131127 2.615891971523605E-44
1.0 0.0 0.0 1.0 0.3678794411714423
Not enough genes
Cannot perform polytomy test with effective N (after polytomies) 1.0:
	(P_011719,P_011607):0.2876820724517809;
0.9393667861409797 0.005077658303464755 0.05555555555555555 1.0 0.4367985204053144
Not enough genes
Cannot perform polytomy test with effective N (after polytomies) 1.0:
	(P_014073,P_011589):0.22881597111805885;
188.2982997073217 11.35014158512797 13.319540175337423 212.96798146778707 7.12124799596955E-64
182.44876092904508 27.920244872581137 20.479315212094104 230.8483210137203 6.442014942584384E-48
76.20219063687225 78.05612698940301 28.22769931875953 182.48601694503478 2.007876619594822E-6
80.4024185393767 51.54342001381697 55.14815997025397 187.09399852344762 0.018970160001057165
54.47499552208649 48.91537691628884 51.3974617204206 154.78783415879593 0.8604161849544999
94.21459964789473 26.981708153041673 28.871841373733158 150.06814917466957 1.8874299311431117E-13
103.24637010467126 19.876257374876506 15.161898051405668 138.28452553095343 7.361253017687702E-24
61.124250781847586 40.01331471232782 49.239099558416 150.37666505259142 0.10704199780125749
175.91115093594144 16.005039270910927 22.98660220258753 214.9027924094399 3.04488200375504E-50
20.968501528587794 4.069274539800674 5.108149518492501 30.14592558688097 1.3278092090453805E-4
86.50062433984233 52.46593803099446 34.30277543292985 173.26933780376663 5.251405968638142E-6
95.34227042919746 35.19705659852961 58.73618887914728 189.27551590687435 4.751779428996642E-7
77.88539102729962 48.571736746395594 50.030519171313415 176.48764694500863 0.009671198793426762
67.53859662079994 41.92434245191099 58.11286566268423 167.57580473539514 0.0495576601702345
51.03310596269653 47.69049155555012 40.49289116657882 139.21648868482546 0.5351575526505323
81.56341402414951 39.99586195181465 19.383519290781496 140.94279526674566 5.327970017323564E-10
68.37451145814761 39.77940217878081 48.92080379742479 157.0747174343532 0.01701747743366401
14.598464453220425 11.676396923059894 2.861766669729524 29.136628046009843 0.02141372749754938
2.783574055026482 1.7280376653109726 1.5118067337732426 6.023418454110697 0.7940369603833066
Not enough genes
Cannot perform polytomy test with effective N (after polytomies) 6.023418454110697:
	(P_011701,(P_006413,((P_016813,((GAP_80389,GAP_80390):1.7150506789368585,((P_006412,P_008640):1.1406767420254218,(P_011679,P_008646):0.13119544965481883):0.15220532108514628):0.02481679402028947):0.5717872909763659,(P_011681,(P_011673,((P_011537,(P_011739,P_011677):0.9464754290087815):0.11169574544869834,(P_011759,((P_011675,P_011735):1.2806926940227572,(P_011715,(P_011745,P_011611):0.7130463891490632):0.28043181427029484):0.28983403199313157):0.1722510895992315):0.10643157408009546):0.0470277380067501):0.4493113415879351):0.16112964295237867):0.25697703742061767):0.09925838043712074;
17.580328239894346 8.922957787257506 4.321536639830653 30.824822666982506 0.012146553727748288
90.60508389217027 19.084906670982495 24.007379530913887 133.69737009406666 2.813127813002957E-16
47.23190522518616 46.79123332310185 28.814781496544928 122.83792004483294 0.06742122964536215
34.25275462044108 30.7815817558846 20.20137782800051 85.2357142043262 0.15174687235108258
47.067440132850656 23.329943720679136 24.669021611995845 95.06640546552563 0.003655182958091304
127.15450527096499 39.953755642750615 48.9058623564983 216.0141232702139 1.3201203335521642E-14
97.06269016943908 56.743377580512416 18.47400166249463 172.28006941244612 2.091074249181021E-12
39.31912500261396 22.565379425794113 24.297697789079674 86.18220221748774 0.05208005704099239
50.296936826465206 56.544265781965585 50.114165298475086 156.95536790690588 0.7740246683091496
13.97645560694834 3.4119855641894086 7.610112909834 24.99855408097175 0.03352550527317823
13.929935814759066 10.29781519370068 3.552265057217427 27.780016065677174 0.050046984033595955
13.706149285950476 2.9702768515600395 3.8392283074439417 20.515654444954457 0.005515575387403783
1.916155831595741 3.2630410896821203 0.1516220442393802 5.330818965517241 0.25405539100017144
Not enough genes
Cannot perform polytomy test with effective N (after polytomies) 5.330818965517241:
	(P_011709,((P_011579,(P_011671,P_008632):0.08207340719373345):1.2381831493523596,((P_011719,P_011607):0.2876820724517809,(((P_014073,P_011589):0.22881597111805885,(P_011701,(P_006413,((P_016813,((GAP_80389,GAP_80390):1.7150506789368585,((P_006412,P_008640):1.1406767420254218,(P_011679,P_008646):0.13119544965481883):0.15220532108514628):0.02481679402028947):0.5717872909763659,(P_011681,(P_011673,((P_011537,(P_011739,P_011677):0.9464754290087815):0.11169574544869834,(P_011759,((P_011675,P_011735):1.2806926940227572,(P_011715,(P_011745,P_011611):0.7130463891490632):0.28043181427029484):0.28983403199313157):0.1722510895992315):0.10643157408009546):0.0470277380067501):0.4493113415879351):0.16112964295237867):0.25697703742061767):0.09925838043712074):0.39841098812426257,(((KAYP,(BCGB,ABSS):0.7112805998493834):0.07483290997508034,(WIGA,(Apet,(Dhai,Msal):0.10070333710508644):0.26777538560040304):0.4762486749415253):0.4158545649812333,(P_011705,P_011713):0.19419072237742646):0.0):0.3658293203616514):0.25621088223823385):0.6079740738764663):0.0;
19.606536239362057 8.951887960850625 14.347771702661232 42.90619590287392 0.13745412016960976
109.29741692911759 56.12921910569961 31.102829407364403 196.5294654421816 2.6834996019370206E-11
105.66005724972966 74.83604774320229 35.0399854204122 215.53609041334414 2.6469083256792388E-8
153.28343212340693 25.48263361184235 25.141182985436878 203.90724872068614 1.3172401091373008E-35
87.61504954410302 35.33756029048085 46.09712294729857 169.04973278188243 1.3385066409967877E-6
80.79733357169954 76.23517924080336 19.85708188796745 176.88959470047033 3.2634325792049827E-9
122.55319507526026 35.88437738006675 35.18159062211013 193.61916307743715 1.0321698489788776E-17
199.9335975827374 8.175812275270074 12.533145257860188 220.64255511586765 1.6989610312589102E-71
142.59649052473563 29.105160378226262 28.85676395337043 200.55841485633232 1.1156263412991208E-28
143.14818870967 13.651629846388413 6.008754908163907 162.8085734642223 2.961675098062231E-48
142.63936097494235 19.616410933487426 12.0844738214929 174.34024572992269 7.061920593123582E-41
86.98329585526167 4.519030502948146 38.54051444210771 130.04284080031752 6.214099521351194E-18
Extended species tree:
(P0109B,((P_018831,OSHQ)0:0.8582212013700873,((P_016909,WZFE)0:1.5684554535743018,(P0203H,((((SJEV,(P_019193,(Wsal,P_019187)0:0.47406084388730413)0:1.0119322839397245)0:1.935014107870722,(P_016921,(GAP_81227,(WKSU,(Pcol,(GAP_81226,P_006410)0:1.257589152099464)0:0.6340424300685511)0:0.13824009461619977)0:0.4286437762243775)0:2.546939342042404)0:2.1047095951519514,((P_025527,(P_025523,P_025525)NA:0.6241543090729941)0.00012:1.0950585403012514,(((QDVW,Asie)0:3.84760271760678,(P_019189,(P_019197,PAWA)0:0.6239043103791185)0.0273:0.07161699668784138)0.00014:0.20410778169937144,(((P_019185,CSSK)0.94724:0.012441097284054313,(P2589,OPDF)0:0.8362620803822698)0:1.3600741861659524,((P_019191,P_019199)0:0.6255226888777199,(GAP_80417,(P2590,GAP_79804)0:2.0002456399568933)0:0.6799358406935023)0:0.5139697401595084)0:1.2408546412579269)0.00037:0.3027311240249474)0:0.5551521784734905)0:0.2767793266877361,(((((P_018639,P_018779)0:0.27824654461676007,(P_018695,(P_018783,P_018645)0.00646:0.12759825992890117)0:0.3775172916215429)0:0.4073254811229219,(P_018691,((P_007845,(P_016797,(OBPL,(GAP_80397,P_016799)0:0.3070419153574621)0:0.5198978948355836)0.00052:0.28369620001108853)0.08845:0.22750587235818562,((P_016793,(P_006422,P_016795)0:0.5268717355962302)0:0.5573264255969103,(P_018693,((S08,P_014095)0:0.6888101084367755,((S38,(S04,(P_016789,S27)0:0.7525847616633158)0.19597:0.11431584026596435)0:0.5413636405915689,((S02,P_016787)0:2.9180642652025592,(P_016791,(S03,P_014099)0:2.878675844250725)0.53694:0.03446372684117307)0.93281:0.016631477044231388)0.0003:0.2700237097751364)0:0.3799470723804879)0.04641:0.13004442252784595)0.00254:0.1807033334680505)0.15882:0.11717960594571207)0.38078:0.1021925751888912)0:2.728725487619079,(((P2622,P2623)0:0.27464390459299143,(P0110C,(XQWC,(P0207A,(P0110B,(P0207C,(P0207B,(P0206H,P0206G)0.00001:0.23103710228815874)0.00293:0.14226623344818154)0.06623:0.09911057517699232)0.92981:0.014206156865052201)0:0.3750843168498562)0:0.5306598952887952)0:1.9861438372390678)0:0.5652986264472585,((GAP_80322,DHPO)0:2.3965337989347186,((P_012795,P_012941)0:4.087072953729635,((P_012861,((P_012855,(P_007802,P_012827)0:1.7052410652497636)0:1.2043831706685733,((P_012919,P_012921)0:2.51473377071716,(P_012813,P_018637)0:0.7857382850575826)0:2.1244049163138445)0:2.670994017932428)0:0.21765600131599705,(((P_012797,(P_012841,((P_012913,P_012877)0:1.8206284906924348,(P_012811,(P_012891,P_012895)0:0.37743063362676743)0:1.490709220118666)0:1.7231533622522148)0:0.33447299825525856)0.5168:0.03622127068546882,((((P_012903,P_012815)0:1.390441254966304,(P_012857,(P_012925,P_012883)0:3.0553988434950012)0.57642:0.04193838558866829)0.58444:0.05078677488986411,(P_012875,((P_012905,P_012831)0:0.4461555247849549,(P_012901,(P_012851,P_012887)0:2.580930298543288)0.72664:0.009617286818260127)0:0.270183691126811)0:0.7748230573589074)0:0.7221035193511424,(P_018689,((P_012885,(P_006420,GAP_80294)0:1.5624385085259147)0.6041:0.0262414360896518,(P_012859,((P_012907,(GAP_80291,(P_012881,P_012873)0:1.1333469660780016)0.6444:0.034846341911594095)0.76402:0.03166284848169945,((P_012897,(GAP_80293,P_012893)0:2.206073812036476)0.38687:0.07131243796259702,(P_012889,((P_012863,(P_012911,(P_012917,P_012821)0:1.8915122854525228)0:0.982035529455289)0.02586:0.12406592515251308,(P_006418,(P_012793,(GAP_80292,P_006419)0:3.3326107687378466)0.00033:0.23345090479436476)0.50201:0.03498603975069714)0.95321:0.0)0.18681:0.08093701423622396)0.64673:0.04959208509407177)0.51667:0.06054193957679692)0.35421:0.06303121828923644)0:1.5395790873310742)0:1.0681515730837536)0:2.2714776309441316)0:2.4108366368835603,((P_012867,((P_012899,P_012817)0:1.7593683024625146,(P_012847,P_012923)0:3.1121268186337985)0:0.7654708621134428)0:3.0541768701629226,(P_012843,(((P_012937,(P_006421,P_012939)0:1.6250399865495961)0:3.8237135510084994,(P_012803,(P_012853,(P_012837,P_012829)0:1.1264323982844702)0.44514:0.05182033609594754)0.00001:0.24522310206543593)0.00456:0.15261345813526536,(((P_012801,(P_012879,P_012809)0:3.562918807251786)0:0.6937034406904381,((P_012839,P_012805)0.01977:0.05280948735587258,(P_012825,(P_012799,YZRI)0:0.9236330147181557)0:0.22955371568066693)0:0.7959349637622191)0:1.3123993902521078,(((P_012865,(P_012931,(P_012935,P_012933)0:2.582545119351917)0:1.7019667553025426)0:0.2497877588333816,((P_012845,P_012807)0:0.38261443903345826,(P_012871,P_012849)0:1.6458855774448677)0:0.5888788660641763)0:2.7595787082230037,(P_012909,((GAP_81172,P_012833)0:2.6850787205279594,((PSJT,(GAP_80295,P_012927)0:0.16328035054734524)0:1.0174514242724426,((P_012915,P_012791)0.01421:0.1314130950124965,(P_012869,(P_012823,(P_012835,P_012819)0.0232:0.12068854322180926)0:0.7723558483615794)0:2.772731020128641)0:1.5629805899423725)0.00072:0.12402470945251898)0:2.209316147986298)0.98684:0.002345635910789482)0:2.0525652182578447)0:2.0889788322894196)0.01535:0.13716010603819637)0:1.4774199482111816)0:1.4577453884845812)0:0.28850406508120563)0:1.4308304182932248)0:3.3802093553585637)0:0.42636553250262466)0:0.7636189899988005)0:2.400368145104314,((WPHN,P_011613)0.76895:0.029436602166501787,(((P_011609,(Sdec,P2619)0.00005:0.5162296444498367)0:0.7371793666306538,(MAQO,(WAIL,(P_011527,(P_014077,(GAP_80298,(P_014083,GAP_80297)0:2.0254034411521253)0.01828:0.1416813884972454)0.04488:0.17026187286006803)0:0.3662511290715664)0:0.6231364683154251)0:1.4167296238496145)0:0.2041680105604613,(((P_011587,GAP_79862)0:1.0059159060576526,(P_014081,(P_008647,P0104A)0:2.4277482359480516)0:1.6308892321028883)0:1.0021957509763677,(((KRJP,(P_011549,GAP_80395)0:1.478026513166711)0:0.779522414637863,((P_011657,(P_011643,(P_011651,P_011509)0:0.853318541318206)0.67822:0.026531771515321698)0:0.9998169830213741,((GAP_80393,GAP_80394)0:0.8732677240685005,(P_011631,((P_011551,((P_007844,P_011637)0.20585:0.09190214647668465,(P_007843,(P_006414,P_007783)0.20403:0.07661427089536696)0:0.40346079013527003)0.10209:0.09632683436163636)0.32771:0.08209601922865248,(P_011647,(P_011465,(P_011501,(P_011523,(P_011489,P_011487)0.36312:0.05492512111996815)0.06705:0.08893290071674528)0:0.7709437917604012)0:1.2006398607676134)0:0.29078617718549393)0.0004:0.1755490045686844)0:0.44962433808277635)0.04379:0.0550153695955023)0:2.106412424360133)0:1.7023997029891653,((P_011531,(P_011699,(Schi,P_006411)0:1.1227447327246571)0:0.285619375138574)0:1.7728066153237538,(VYLQ,(P_018635,(P_008631,(P_011709,((P_011579,(P_011671,P_008632)0.35522:0.08207340719373345)0:1.2381831493523596,((P_011719,P_011607)NA:0.2876820724517809,(((P_014073,P_011589)NA:0.22881597111805885,(P_011701,(P_006413,((P_016813,((GAP_80389,GAP_80390)0:1.7150506789368585,((P_006412,P_008640)0:1.1406767420254218,(P_011679,P_008646)0:0.13119544965481883)0.01897:0.15220532108514628)0.86042:0.02481679402028947)0:0.5717872909763659,(P_011681,(P_011673,((P_011537,(P_011739,P_011677)0:0.9464754290087815)0.10704:0.11169574544869834,(P_011759,((P_011675,P_011735)0:1.2806926940227572,(P_011715,(P_011745,P_011611)0.00013:0.7130463891490632)0.00001:0.28043181427029484)0:0.28983403199313157)0.00967:0.1722510895992315)0.04956:0.10643157408009546)0.53516:0.0470277380067501)0:0.4493113415879351)0.01702:0.16112964295237867)0.02141:0.25697703742061767)NA:0.09925838043712074)0.01215:0.39841098812426257,(((KAYP,(BCGB,ABSS)0:0.7112805998493834)0.06742:0.07483290997508034,(WIGA,(Apet,(Dhai,Msal)0.15175:0.10070333710508644)0.00366:0.26777538560040304)0:0.4762486749415253)0:0.4158545649812333,(P_011705,P_011713)0.05208:0.19419072237742646)0.77402:0.0)0.03353:0.3658293203616514)0.05005:0.25621088223823385)0.00552:0.6079740738764663)NA:0.0)0.13745:0.18612799412220613)0:0.4004523983783404)0:0.2638793659501884)0:0.9731091954177207)0:0.3186195704984923)0:0.2000363231463811)0:0.5879976091926937)0:1.9178758991324694)0:0.8237222460314527)0:1.6650153163111658)0:1.273861105235058)0:0.6845171773939355));
Weight calculation took 203.64305924 secs
ASTRAL finished in 230.246 secs
