
================== ASTRAL ===================== 

This is ASTRAL version 5.7.7
Gene trees are treated as unrooted
284 trees read from all_bs10.trees
index19
All output trees will be *arbitrarily* rooted at P0109B

======== Running the main analysis
Number of taxa: 244 (244 species)
Taxa: [Apet, VYLQ, WPHN, WAIL, MAQO, P_011609, Sdec, P_019189, P_019197, P2590, GAP_79804, P_008647, P0104A, P_014081, P_011587, P_011701, GAP_80417, P_025523, P0203H, P0109B, P_016909, P_018831, P0110C, P2622, P0110B, P0207A, P0207C, P0207B, P0206H, P0206G, XQWC, P2623, P_007845, P_011579, P_018639, GAP_80322, P_012855, P_007802, P_012827, P_012919, P_012921, P_012813, P_018637, P_012795, P_012941, P_012839, P_012799, P_012805, P_012825, P_012879, P_012809, P_012801, P_012909, GAP_80295, PSJT, P_012927, P_012915, P_012791, P_012869, P_012835, P_012819, P_012823, GAP_81172, P_012833, P_012865, P_012935, P_012933, P_012931, P_012871, P_012849, P_012845, P_012807, P_012803, P_012853, P_012837, P_012829, P_012937, P_006421, P_012939, P_012867, P_012899, P_012817, P_012847, P_012923, P_012843, P_012861, P_012841, P_012913, P_012877, P_012797, P_012901, P_012851, P_012887, P_012905, P_012875, P_012831, P_012857, P_012903, P_012815, P_012925, P_012883, P_012897, P_012907, P_006420, GAP_80294, GAP_80291, GAP_80293, P_012893, P_012885, P_012881, P_012873, GAP_80292, P_006419, P_012859, P_012889, P_012863, P_006418, P_012917, P_012821, P_012911, P_012793, P_018689, P_012891, P_012895, P_012811, GAP_81227, P_016921, Pcol, GAP_81226, P_006410, GAP_79862, P_014077, P_018635, P_011527, GAP_80298, P_014083, GAP_80297, P_007844, P_011637, P_011647, Schi, P_006411, P_011531, P_011549, GAP_80395, P_011739, P_011465, P_011501, P_011489, P_011487, P_011523, P_006414, P_007843, P_007783, GAP_80393, GAP_80394, P_011651, P_011509, P_011643, P_011551, P_011657, P2619, BCGB, P_011699, P_011715, P_011705, P_011713, P_006413, P_011759, P_011675, P_011735, P_011537, P_011671, P_008632, P_011677, WIGA, GAP_80389, P_011679, P_011681, GAP_80390, P_008646, P_006412, P_008640, P_011673, P_011745, P_016813, OBPL, GAP_80397, P_016799, P_016797, P_016793, P_018695, P_018783, P_018645, P_016789, S27, P_016791, S02, P_016787, S04, S03, P_018779, P_014099, P_018691, P_018693, P_006422, P_016795, YZRI, DHPO, WKSU, PAWA, P2589, P_019185, OPDF, CSSK, P_019193, Wsal, P_019187, SJEV, WZFE, QDVW, Asie, KRJP, ABSS, Dhai, Msal, P_011631, S38, S08, OSHQ, P_019191, P_025525, P_014095, P_011613, P_008631, KAYP, P_011719, P_014073, P_025527, P_011709, P_011611, P_019199, P_011607, P_011589]
Taxon occupancy: {P_019193=237, P_019191=102, P_019197=249, OPDF=269, GAP_81172=280, P_018783=274, P_019199=80, Wsal=233, P_016921=272, WKSU=282, P_025523=40, P_025525=74, P_025527=27, P_014073=42, P0203H=179, P_014077=159, QDVW=273, P_011487=275, P_011489=277, P_016813=241, P_006421=275, P_006422=273, P_006420=213, P_006418=265, P_006419=273, P_014081=188, P_006414=272, P_014083=195, P_018689=280, P0206H=255, P0206G=240, Msal=243, P0109B=131, P_012901=273, P_006410=265, P_006411=267, P_012903=277, P_006412=273, P_006413=264, P_012905=279, P_012907=278, GAP_79862=267, PAWA=271, ABSS=279, P_012909=277, P_018691=120, GAP_80291=278, P_018695=265, P_014095=109, GAP_80293=275, GAP_80292=271, P_018693=268, GAP_80295=277, GAP_80294=270, P_014099=269, GAP_80297=272, GAP_80298=268, P_011701=49, P_012911=273, P_012913=233, P_012915=275, P_011705=149, P_012917=261, P_012919=253, P_011709=26, P_012881=275, P_011671=157, P_011551=179, MAQO=278, P_012883=277, P_011673=222, GAP_80322=278, P_012885=269, P_011675=252, P2590=224, P_012887=274, P_011677=212, P_012889=268, P_011679=233, P_008647=259, PSJT=272, P2589=221, P_012891=265, P_011681=193, P_012893=277, P_018637=269, P_012895=272, P_018635=247, P_012897=272, P0207C=261, P0207B=263, P_012899=274, P0207A=267, P_018639=252, P_008646=276, P_008640=275, BCGB=277, WZFE=277, P_018645=270, KRJP=277, KAYP=165, P_011699=142, P_011579=206, CSSK=267, P_008632=275, P_016909=276, P_007783=261, P_008631=49, P_019187=268, P_019185=252, Sdec=59, P_019189=230, P_012791=278, P_012793=272, P_012795=276, Asie=215, P_011465=276, P_018779=220, P_011587=198, P_012797=277, P_012799=274, P_011589=4, GAP_80417=143, WIGA=272, GAP_79804=208, P_007802=231, P_012841=272, P_011631=221, P_012843=278, Pcol=231, P_012845=274, P_012847=264, P_011637=273, P_011759=246, P_012849=265, Apet=124, OBPL=277, P0110C=249, P_018831=268, P0110B=183, YZRI=277, P_012851=275, P_012853=273, P_011643=281, P_011523=278, P_012855=266, P_012857=273, P_011647=246, P_011527=153, P_012859=271, WAIL=280, P_016789=266, P_012861=271, P_011651=245, P_011531=222, P_016787=271, P_012863=275, P_012865=271, Schi=226, P_012867=276, P_011657=242, P_011537=201, P_012869=275, P_016793=266, P_016791=275, P_016797=274, SJEV=275, P_016795=263, P_012871=263, P_012873=274, P_016799=270, P_012875=275, P_012877=266, P_012879=273, P_011549=257, P_007844=195, P_007845=41, S02=200, P_012921=249, S04=73, P_012801=277, S03=253, P_012923=270, P_011713=183, P_012803=276, P_012925=270, P_011715=229, S08=166, P_012805=273, P_007843=247, P_012927=275, P_012807=272, P_011719=27, P_012809=270, VYLQ=277, DHPO=279, GAP_80390=241, P2622=191, P2623=91, XQWC=281, GAP_80394=279, GAP_80393=279, GAP_80395=277, GAP_80397=275, P_012931=275, P_012811=272, WPHN=275, P_012933=263, P_012813=271, P_012935=270, P_012815=270, P_012937=278, P_012817=271, P_011607=7, P_012939=266, P_011609=170, P_012819=269, P2619=158, OSHQ=272, GAP_80389=255, P_012941=279, P_012821=270, P_011611=45, P_012823=275, P_011613=78, P_011735=270, P_012825=275, S27=210, P_012827=250, P_011739=235, P_012829=186, Dhai=264, P0104A=229, P_012831=261, P_011501=277, P_012833=274, GAP_81226=271, GAP_81227=275, P_011745=243, P_012835=275, S38=80, P_012837=276, P_012839=270, P_011509=277}
Number of gene trees: 284
284 trees have missing taxa
Calculating quartet distance matrix (for completion of X)
Species tree distances calculated ...
Will attempt to complete bipartitions from X before adding using a distance matrix.
Building set of clusters (X) from gene trees 
------------------------------
gradient0: 41725
Number of Clusters after addition by distance: 41725
calculating extra bipartitions to be added at level 1 ...
Adding to X using resolutions of greedy consensus ...
Limit for sigma of degrees:6150
polytomy size limit : 35
discarded polytomies:  [3, 3, 3, 3, 3, 3, 3, 3, 3, 3, 3, 3, 3, 3, 3, 3, 3, 3, 3, 3, 3, 3, 3, 4, 4, 4, 4, 4, 4, 4, 4, 4, 4, 4, 4, 5, 5, 5, 5, 5, 6, 6, 6, 7, 7, 8, 9, 10, 10, 11, 13, 14, 14, 16, 35]
Threshold 0.0:
Threshold 0.01:
polytomy of size 3; rounds with additions with at least 5 support: 0; clusters: 41727
Threshold 0.02:
polytomy of size 6; rounds with additions with at least 5 support: 1; clusters: 41783
Threshold 0.05:
polytomy of size 4; rounds with additions with at least 5 support: 0; clusters: 41783
polytomy of size 10; rounds with additions with at least 5 support: 0; clusters: 41809
polytomy of size 3; rounds with additions with at least 5 support: 0; clusters: 41809
polytomy of size 3; rounds with additions with at least 5 support: 0; clusters: 41809
polytomy of size 3; rounds with additions with at least 5 support: 0; clusters: 41809
polytomy of size 3; rounds with additions with at least 5 support: 0; clusters: 41811
Threshold 0.1:
polytomy of size 4; rounds with additions with at least 5 support: 0; clusters: 41811
polytomy of size 3; rounds with additions with at least 5 support: 0; clusters: 41811
polytomy of size 5; rounds with additions with at least 5 support: 0; clusters: 41811
polytomy of size 10; rounds with additions with at least 5 support: 0; clusters: 41825
polytomy of size 3; rounds with additions with at least 5 support: 0; clusters: 41825
polytomy of size 4; rounds with additions with at least 5 support: 0; clusters: 41825
polytomy of size 5; rounds with additions with at least 5 support: 0; clusters: 41825
polytomy of size 7; rounds with additions with at least 5 support: 0; clusters: 41825
polytomy of size 3; rounds with additions with at least 5 support: 0; clusters: 41825
Threshold 0.2:
polytomy of size 3; rounds with additions with at least 5 support: 0; clusters: 41825
polytomy of size 5; rounds with additions with at least 5 support: 0; clusters: 41825
polytomy of size 3; rounds with additions with at least 5 support: 0; clusters: 41825
polytomy of size 3; rounds with additions with at least 5 support: 0; clusters: 41825
polytomy of size 9; rounds with additions with at least 5 support: 0; clusters: 41831
polytomy of size 5; rounds with additions with at least 5 support: 0; clusters: 41831
polytomy of size 13; rounds with additions with at least 5 support: 0; clusters: 41855
polytomy of size 3; rounds with additions with at least 5 support: 0; clusters: 41855
polytomy of size 4; rounds with additions with at least 5 support: 0; clusters: 41855
polytomy of size 3; rounds with additions with at least 5 support: 0; clusters: 41855
polytomy of size 6; rounds with additions with at least 5 support: 0; clusters: 41855
polytomy of size 3; rounds with additions with at least 5 support: 0; clusters: 41855
polytomy of size 4; rounds with additions with at least 5 support: 0; clusters: 41855
polytomy of size 3; rounds with additions with at least 5 support: 0; clusters: 41855
polytomy of size 8; rounds with additions with at least 5 support: 0; clusters: 41865
polytomy of size 16; rounds with additions with at least 5 support: 0; clusters: 41911
polytomy of size 3; rounds with additions with at least 5 support: 0; clusters: 41911
Threshold 0.3333333333333333:
polytomy of size 3; rounds with additions with at least 5 support: 0; clusters: 41911
polytomy of size 4; rounds with additions with at least 5 support: 0; clusters: 41911
polytomy of size 3; rounds with additions with at least 5 support: 0; clusters: 41911
polytomy of size 4; rounds with additions with at least 5 support: 0; clusters: 41911
polytomy of size 3; rounds with additions with at least 5 support: 0; clusters: 41911
polytomy of size 4; rounds with additions with at least 5 support: 0; clusters: 41911
polytomy of size 11; rounds with additions with at least 5 support: 0; clusters: 41911
polytomy of size 3; rounds with additions with at least 5 support: 0; clusters: 41911
polytomy of size 14; rounds with additions with at least 5 support: 0; clusters: 41915
polytomy of size 14; rounds with additions with at least 5 support: 0; clusters: 41915
polytomy of size 4; rounds with additions with at least 5 support: 0; clusters: 41915
polytomy of size 5; rounds with additions with at least 5 support: 0; clusters: 41915
polytomy of size 3; rounds with additions with at least 5 support: 0; clusters: 41915
polytomy of size 3; rounds with additions with at least 5 support: 0; clusters: 41915
polytomy of size 3; rounds with additions with at least 5 support: 0; clusters: 41915
polytomy of size 4; rounds with additions with at least 5 support: 0; clusters: 41915
polytomy of size 6; rounds with additions with at least 5 support: 0; clusters: 41915
polytomy of size 4; rounds with additions with at least 5 support: 0; clusters: 41915
polytomy of size 7; rounds with additions with at least 5 support: 0; clusters: 41915
polytomy of size 4; rounds with additions with at least 5 support: 0; clusters: 41915
polytomy of size 35; rounds with additions with at least 5 support: 0; clusters: 41979
max k is :2
Number of Clusters after addition by greedy: 41979
gradient0 in heuristiic: 41979
partitions formed in 12.945 secs
Dynamic Programming starting after 12.945 secs
Using tree-based weight calculation.
Using polytree-based weight calculation.
Polytree max score: 19371615355
Polytree building time: 0.167 seconds.
Number of quartet trees in the gene trees: 19371615355
Size of largest cluster: 244
Greedy score: 17932121851
estimationFactor: 1.0802745774293143
Sub-optimal score: 18062630890
Calculated 100000 weights; time (seconds): 171
Total Number of elements weighted: 130187
Normalized score (portion of input quartet trees satisfied before correcting for multiple individuals): 0.9464519839987293
Optimization score: 18334303786
Optimal tree inferred in 227.167 secs.
(P_011713,(P_011705,(((KAYP,(BCGB,ABSS)),(WIGA,(Apet,(Dhai,Msal)))),(((P_014073,P_011589),(P_011701,(P_006413,((P_016813,((GAP_80389,GAP_80390),((P_006412,P_008640),(P_011679,P_008646)))),(P_011681,(P_011673,((P_011537,(P_011739,P_011677)),(P_011759,((P_011675,P_011735),(P_011715,(P_011745,P_011611))))))))))),((P_011719,P_011607),((P_011579,(P_011671,P_008632)),(P_011709,(P_008631,(P_018635,(VYLQ,((P_011531,(P_011699,(Schi,P_006411))),(((KRJP,(P_011549,GAP_80395)),((P_011657,(P_011643,(P_011651,P_011509))),((GAP_80393,GAP_80394),(P_011631,((P_011551,((P_007844,P_011637),(P_007843,(P_006414,P_007783)))),(P_011647,(P_011465,(P_011501,(P_011523,(P_011489,P_011487)))))))))),(((P_011587,GAP_79862),(P_014081,(P_008647,P0104A))),(((P_011609,(Sdec,P2619)),(MAQO,(WAIL,(P_011527,(P_014077,(GAP_80298,(P_014083,GAP_80297))))))),((WPHN,P_011613),(((P0203H,((P_016909,WZFE),(P0109B,(P_018831,OSHQ)))),(((SJEV,(P_019193,(Wsal,P_019187))),(P_016921,(GAP_81227,(WKSU,(Pcol,(GAP_81226,P_006410)))))),((P_025527,(P_025523,P_025525)),(((QDVW,Asie),(P_019189,(P_019197,PAWA))),(((P_019185,CSSK),(P2589,OPDF)),((P_019191,P_019199),(GAP_80417,(P2590,GAP_79804)))))))),((((P_018639,P_018779),(P_018695,(P_018783,P_018645))),(P_018691,((P_007845,(P_016797,(OBPL,(GAP_80397,P_016799)))),((P_016793,(P_006422,P_016795)),(P_018693,((S08,P_014095),((S38,(S04,(P_016789,S27))),((S02,P_016787),(P_016791,(S03,P_014099)))))))))),(((P2622,P2623),(P0110C,(XQWC,(P0207A,(P0110B,(P0207C,(P0207B,(P0206H,P0206G)))))))),((GAP_80322,DHPO),((P_012795,P_012941),((P_012861,((P_012855,(P_007802,P_012827)),((P_012919,P_012921),(P_012813,P_018637)))),(((P_012797,(P_012841,((P_012913,P_012877),(P_012811,(P_012891,P_012895))))),((((P_012903,P_012815),(P_012857,(P_012925,P_012883))),(P_012875,((P_012905,P_012831),(P_012901,(P_012851,P_012887))))),(P_018689,((P_012885,(P_006420,GAP_80294)),(P_012859,((P_012907,(GAP_80291,(P_012881,P_012873))),((P_012897,(GAP_80293,P_012893)),(P_012889,((P_012863,(P_012911,(P_012917,P_012821))),(P_006418,(P_012793,(GAP_80292,P_006419)))))))))))),((P_012867,((P_012899,P_012817),(P_012847,P_012923))),(P_012843,(((P_012937,(P_006421,P_012939)),(P_012803,(P_012853,(P_012837,P_012829)))),(((P_012801,(P_012879,P_012809)),((P_012839,P_012805),(P_012825,(P_012799,YZRI)))),(((P_012865,(P_012931,(P_012935,P_012933))),((P_012845,P_012807),(P_012871,P_012849))),(P_012909,((GAP_81172,P_012833),((PSJT,(GAP_80295,P_012927)),((P_012915,P_012791),(P_012869,(P_012823,(P_012835,P_012819))))))))))))))))))))))))))))))))));
Final quartet score is: 18334303786
Final normalized quartet score is: 0.9464519839987293
You may want to ignore posterior probabilities and other statistics related to the following branch branch because the effective number of genes impacting it is only 13:
	{P_025523, P_025525}
You may want to ignore posterior probabilities and other statistics related to the following branch branch because the effective number of genes impacting it is only 19:
	{P_025523, P_025525, P_025527}
You may want to ignore posterior probabilities and other statistics related to the following branch branch because the effective number of genes impacting it is only 1:
	{P_011719, P_011607}
You may want to ignore posterior probabilities and other statistics related to the following branch branch because the effective number of genes impacting it is only 1:
	{P_014073, P_011589}
You may want to ignore posterior probabilities and other statistics related to the following branch branch because the effective number of genes impacting it is only 8:
	{P_011701, P_011739, P_011715, P_006413, P_011759, P_011675, P_011735, P_011537, P_011677, GAP_80389, P_011679, P_011681, GAP_80390, P_008646, P_006412, P_008640, P_011673, P_011745, P_016813, P_011611}
You may want to ignore posterior probabilities and other statistics related to the following branch branch because the effective number of genes impacting it is only 6:
	{Apet, P_011701, P_011579, P_011739, BCGB, P_011715, P_011705, P_011713, P_006413, P_011759, P_011675, P_011735, P_011537, P_011671, P_008632, P_011677, WIGA, GAP_80389, P_011679, P_011681, GAP_80390, P_008646, P_006412, P_008640, P_011673, P_011745, P_016813, ABSS, Dhai, Msal, KAYP, P_011719, P_014073, P_011709, P_011611, P_011607, P_011589}
Extended species tree:
(P0109B,((P_018831,OSHQ)1:0.8582212013700873,((P_016909,WZFE)1:1.5684554535743018,(P0203H,((((SJEV,(P_019193,(Wsal,P_019187)1:0.47406084388730413)1:1.0119322839397245)1:1.935014107870722,(P_016921,(GAP_81227,(WKSU,(Pcol,(GAP_81226,P_006410)1:1.257589152099464)1:0.6340424300685511)0.42:0.13824009461619977)1:0.4286437762243775)1:2.546939342042404)1:2.1047095951519514,((P_025527,(P_025523,P_025525)0.98:0.6241543090729941)1:1.0950585403012514,(((QDVW,Asie)1:3.84760271760678,(P_019189,(P_019197,PAWA)1:0.6239043103791185)0.57:0.07161699668784138)1:0.20410778169937144,(((P_019185,CSSK)0.43:0.012441097284054313,(P2589,OPDF)1:0.8362620803822698)1:1.3600741861659524,((P_019191,P_019199)1:0.6255226888777199,(GAP_80417,(P2590,GAP_79804)1:2.0002456399568933)1:0.6799358406935023)1:0.5139697401595084)1:1.2408546412579269)1:0.3027311240249474)1:0.5551521784734905)1:0.2767793266877361,(((((P_018639,P_018779)1:0.27824654461676007,(P_018695,(P_018783,P_018645)0.98:0.12759825992890117)1:0.3775172916215429)1:0.4073254811229219,(P_018691,((P_007845,(P_016797,(OBPL,(GAP_80397,P_016799)1:0.3070419153574621)1:0.5198978948355836)0.79:0.28369620001108853)0.87:0.22750587235818562,((P_016793,(P_006422,P_016795)1:0.5268717355962302)1:0.5573264255969103,(P_018693,((S08,P_014095)1:0.6888101084367755,((S38,(S04,(P_016789,S27)1:0.7525847616633158)0.5:0.11431584026596435)1:0.5413636405915689,((S02,P_016787)1:2.9180642652025592,(P_016791,(S03,P_014099)1:2.878675844250725)0.51:0.03446372684117307)0.44:0.016631477044231388)1:0.2700237097751364)1:0.3799470723804879)0.97:0.13004442252784595)1:0.1807033334680505)0.8:0.11717960594571207)0.79:0.1021925751888912)1:2.728725487619079,(((P2622,P2623)0.96:0.27464390459299143,(P0110C,(XQWC,(P0207A,(P0110B,(P0207C,(P0207B,(P0206H,P0206G)1:0.23103710228815874)0.99:0.14226623344818154)0.86:0.09911057517699232)0.42:0.014206156865052201)1:0.3750843168498562)1:0.5306598952887952)1:1.9861438372390678)1:0.5652986264472585,((GAP_80322,DHPO)1:2.3965337989347186,((P_012795,P_012941)1:4.087072953729635,((P_012861,((P_012855,(P_007802,P_012827)1:1.7052410652497636)1:1.2043831706685733,((P_012919,P_012921)1:2.51473377071716,(P_012813,P_018637)1:0.7857382850575826)1:2.1244049163138445)1:2.670994017932428)1:0.21765600131599705,(((P_012797,(P_012841,((P_012913,P_012877)1:1.8206284906924348,(P_012811,(P_012891,P_012895)1:0.37743063362676743)1:1.490709220118666)1:1.7231533622522148)1:0.33447299825525856)0.55:0.03622127068546882,((((P_012903,P_012815)1:1.390441254966304,(P_012857,(P_012925,P_012883)1:3.0553988434950012)0.6:0.04193838558866829)0.68:0.05078677488986411,(P_012875,((P_012905,P_012831)1:0.4461555247849549,(P_012901,(P_012851,P_012887)1:2.580930298543288)0.36:0.009617286818260127)1:0.270183691126811)1:0.7748230573589074)1:0.7221035193511424,(P_018689,((P_012885,(P_006420,GAP_80294)1:1.5624385085259147)0.44:0.0262414360896518,(P_012859,((P_012907,(GAP_80291,(P_012881,P_012873)1:1.1333469660780016)0.52:0.034846341911594095)0.52:0.03166284848169945,((P_012897,(GAP_80293,P_012893)1:2.206073812036476)0.75:0.07131243796259702,(P_012889,((P_012863,(P_012911,(P_012917,P_012821)1:1.8915122854525228)1:0.982035529455289)0.9:0.12406592515251308,(P_006418,(P_012793,(GAP_80292,P_006419)1:3.3326107687378466)1:0.23345090479436476)0.47:0.03498603975069714)0.32:0.0)0.76:0.08093701423622396)0.64:0.04959208509407177)0.7:0.06054193957679692)0.69:0.06303121828923644)1:1.5395790873310742)1:1.0681515730837536)1:2.2714776309441316)1:2.4108366368835603,((P_012867,((P_012899,P_012817)1:1.7593683024625146,(P_012847,P_012923)1:3.1121268186337985)1:0.7654708621134428)1:3.0541768701629226,(P_012843,(((P_012937,(P_006421,P_012939)1:1.6250399865495961)1:3.8237135510084994,(P_012803,(P_012853,(P_012837,P_012829)1:1.1264323982844702)0.7:0.05182033609594754)1:0.24522310206543593)1:0.15261345813526536,(((P_012801,(P_012879,P_012809)1:3.562918807251786)1:0.6937034406904381,((P_012839,P_012805)0.35:0.05280948735587258,(P_012825,(P_012799,YZRI)1:0.9236330147181557)1:0.22955371568066693)1:0.7959349637622191)1:1.3123993902521078,(((P_012865,(P_012931,(P_012935,P_012933)1:2.582545119351917)1:1.7019667553025426)1:0.2497877588333816,((P_012845,P_012807)1:0.38261443903345826,(P_012871,P_012849)1:1.6458855774448677)1:0.5888788660641763)1:2.7595787082230037,(P_012909,((GAP_81172,P_012833)1:2.6850787205279594,((PSJT,(GAP_80295,P_012927)0.98:0.16328035054734524)1:1.0174514242724426,((P_012915,P_012791)0.99:0.1314130950124965,(P_012869,(P_012823,(P_012835,P_012819)0.98:0.12068854322180926)1:0.7723558483615794)1:2.772731020128641)1:1.5629805899423725)0.97:0.12402470945251898)1:2.209316147986298)0.36:0.002345635910789482)1:2.0525652182578447)1:2.0889788322894196)0.99:0.13716010603819637)1:1.4774199482111816)1:1.4577453884845812)1:0.28850406508120563)1:1.4308304182932248)1:3.3802093553585637)1:0.42636553250262466)1:0.7636189899988005)1:2.400368145104314,((WPHN,P_011613)0.43:0.029436602166501787,(((P_011609,(Sdec,P2619)1:0.5162296444498367)1:0.7371793666306538,(MAQO,(WAIL,(P_011527,(P_014077,(GAP_80298,(P_014083,GAP_80297)1:2.0254034411521253)0.95:0.1416813884972454)0.97:0.17026187286006803)1:0.3662511290715664)1:0.6231364683154251)1:1.4167296238496145)0.81:0.2041680105604613,(((P_011587,GAP_79862)1:1.0059159060576526,(P_014081,(P_008647,P0104A)1:2.4277482359480516)1:1.6308892321028883)1:1.0021957509763677,(((KRJP,(P_011549,GAP_80395)1:1.478026513166711)1:0.779522414637863,((P_011657,(P_011643,(P_011651,P_011509)1:0.853318541318206)0.49:0.026531771515321698)1:0.9998169830213741,((GAP_80393,GAP_80394)1:0.8732677240685005,(P_011631,((P_011551,((P_007844,P_011637)0.87:0.09190214647668465,(P_007843,(P_006414,P_007783)0.83:0.07661427089536696)1:0.40346079013527003)0.81:0.09632683436163636)0.79:0.08209601922865248,(P_011647,(P_011465,(P_011501,(P_011523,(P_011489,P_011487)0.72:0.05492512111996815)0.89:0.08893290071674528)1:0.7709437917604012)1:1.2006398607676134)1:0.29078617718549393)0.99:0.1755490045686844)1:0.44962433808277635)0.46:0.0550153695955023)1:2.106412424360133)1:1.7023997029891653,((P_011531,(P_011699,(Schi,P_006411)1:1.1227447327246571)1:0.285619375138574)1:1.7728066153237538,(VYLQ,(P_018635,(P_008631,(P_011709,((P_011579,(P_011671,P_008632)0.75:0.08207340719373345)1:1.2381831493523596,((P_011719,P_011607)0.67:0.2876820724517809,(((P_014073,P_011589)0.63:0.22881597111805885,(P_011701,(P_006413,((P_016813,((GAP_80389,GAP_80390)1:1.7150506789368585,((P_006412,P_008640)1:1.1406767420254218,(P_011679,P_008646)0.33:0.13119544965481883)0.99:0.15220532108514628)0.48:0.02481679402028947)1:0.5717872909763659,(P_011681,(P_011673,((P_011537,(P_011739,P_011677)1:0.9464754290087815)0.9:0.11169574544869834,(P_011759,((P_011675,P_011735)1:1.2806926940227572,(P_011715,(P_011745,P_011611)1:0.7130463891490632)1:0.28043181427029484)1:0.28983403199313157)1:0.1722510895992315)0.87:0.10643157408009546)0.57:0.0470277380067501)1:0.4493113415879351)0.99:0.16112964295237867)0.82:0.25697703742061767)0.53:0.09925838043712074)0.99:0.39841098812426257,(((KAYP,(BCGB,ABSS)1:0.7112805998493834)0.51:0.07483290997508034,(WIGA,(Apet,(Dhai,Msal)0.69:0.10070333710508644)1:0.26777538560040304)1:0.4762486749415253)1:0.4158545649812333,(P_011705,P_011713)0.97:0.19419072237742646)0.22:0.0)0.96:0.3658293203616514)0.85:0.25621088223823385)1:0.6079740738764663)0.2:0.0)0.85:0.18612799412220613)1:0.4004523983783404)1:0.2638793659501884)1:0.9731091954177207)1:0.3186195704984923)0.89:0.2000363231463811)1:0.5879976091926937)1:1.9178758991324694)1:0.8237222460314527)1:1.6650153163111658)1:1.273861105235058)1:0.6845171773939355));
Weight calculation took 203.540127478 secs
ASTRAL finished in 229.397 secs
