
================== ASTRAL ===================== 

This is ASTRAL version 5.7.7
Gene trees are treated as unrooted
195 trees read from all_bs10.trees
index224
All output trees will be *arbitrarily* rooted at P0109B

======== Running the main analysis
Number of taxa: 239 (239 species)
Taxa: [KRJP, WAIL, MAQO, Asie, QDVW, PAWA, P2589, P_019185, OPDF, CSSK, P_018831, P_016909, SJEV, P_019187, P_006410, GAP_81226, P_016921, GAP_81227, P_012827, P_012813, P_012919, P_012921, P_012861, P_018689, GAP_80293, P_012893, GAP_80291, P_012859, GAP_80292, GAP_80294, P_012873, P_012889, P_012793, P_012911, P_012821, P_012917, P_012863, P_012885, P_012881, P_012897, P_012907, P_012891, P_012895, P_012811, P_012857, P_012815, P_012903, P_012925, P_012883, P_012887, P_012851, P_012901, P_012875, P_012831, P_012797, P_012841, P_012913, P_012877, P_012867, P_012899, P_012817, P_012923, P_012847, P_012803, P_012853, P_012937, P_006421, P_012939, P_012843, P_012837, P_012809, P_012801, P_012799, P_012825, P_012909, GAP_81172, P_012833, GAP_80295, P_012927, PSJT, P_012915, P_012791, P_012835, P_012819, P_012823, P_012869, P_012849, P_012871, P_012865, P_012931, P_012935, P_012933, P_012845, P_012807, P_012795, P_018695, P_018645, P_018783, GAP_80397, OBPL, P_016799, P_016797, P_016793, P_016795, P_006422, P_014099, S03, P_016789, P_016787, P_016791, P_018693, P_019189, P0110C, P0207C, P0207A, XQWC, P0207B, P0206H, P0206G, YZRI, GAP_80322, DHPO, P2590, GAP_79804, GAP_79862, P_011527, P_008646, P_006412, P_011715, P_011735, GAP_80389, GAP_80390, WKSU, WZFE, WPHN, BCGB, WIGA, ABSS, Apet, Dhai, VYLQ, P_006413, P_011675, P_011759, P_008640, P_016813, P_018635, P_011531, Schi, P_006411, GAP_80297, P_014083, GAP_80298, P_014077, P2619, P2622, P_012905, P_006419, P_006418, P_012879, P_012805, P_012839, P_012829, P_012855, P_007802, P_018637, P_012941, P_018639, OSHQ, P_019193, Wsal, Pcol, P_019191, P_019197, GAP_80395, P_011549, GAP_80393, GAP_80394, P_011651, P_011509, P_011643, P_006414, P_011631, P_007783, P_011637, P_011647, P_011489, P_011465, P_011501, P_011523, P_011487, P_011587, P_014081, P_008647, P0104A, P_008631, P_011671, P_011679, P_008632, KAYP, Msal, P_011537, P_011713, P_011705, P_018779, P0110B, S02, S08, S27, P_007844, P_011657, P_011739, P_011673, GAP_80417, P_018691, P_006420, P_007843, P_011611, P_011745, P_011579, P0203H, P_011551, P_011677, P_025525, P0109B, P_014095, P_011681, P2623, P_011609, P_025523, S38, P_011699, P_011607, P_019199, P_011613, P_007845, S04, P_025527, P_011701]
Taxon occupancy: {P_019193=82, P_019191=6, P_019197=140, OPDF=190, GAP_81172=186, P_018783=177, P_019199=1, Wsal=106, P_016921=174, WKSU=195, P_025523=3, P_025525=6, P_025527=1, P0203H=57, P_014077=38, QDVW=192, P_011487=176, P_011489=180, P_016813=164, P_006421=182, P_006422=183, P_006420=41, P_006418=175, P_006419=181, P_006414=168, P_014081=40, P_014083=68, P_018689=186, P0206H=151, P0206G=135, Msal=170, P0109B=38, P_006410=159, P_012901=184, P_006411=149, P_012903=189, P_006412=169, P_006413=172, P_012905=185, PAWA=188, P_012907=186, GAP_79862=153, ABSS=193, P_012909=176, P_018691=61, GAP_80291=188, P_018695=175, P_014095=12, GAP_80293=183, GAP_80292=179, P_018693=170, GAP_80295=169, GAP_80294=175, P_014099=159, GAP_80297=171, GAP_80298=170, P_012911=188, P_011701=1, P_012913=162, P_012915=181, P_011705=24, P_012917=168, P_012919=131, P_012881=184, P_011671=68, P_011551=26, MAQO=193, P_012883=185, P_011673=51, P_012885=180, GAP_80322=188, P_011675=121, P2590=129, P_012887=184, P_011677=70, P_012889=180, P_011679=66, P_008647=142, PSJT=189, P2589=127, P_012891=171, P_011681=47, P_012893=179, P_018637=163, P_012895=180, P_018635=106, P_012897=185, P0207C=158, P_012899=164, P0207B=162, P0207A=161, P_018639=96, P_008646=177, P_008640=174, BCGB=192, WZFE=191, P_018645=174, KRJP=192, KAYP=120, P_011699=5, P_011579=60, CSSK=187, P_008632=166, P_016909=179, P_007783=134, P_008631=39, P_019187=163, P_019185=161, P_019189=131, P_012791=181, P_012793=182, Asie=151, P_012795=174, P_011465=183, P_018779=36, P_012797=184, P_011587=51, P_012799=178, GAP_80417=35, WIGA=190, GAP_79804=99, P_007802=59, P_012841=180, P_011631=57, P_012843=185, Pcol=99, P_012845=186, P_012847=170, P_011637=158, P_011759=93, P_012849=176, Apet=91, OBPL=192, P0110C=134, P_018831=161, P0110B=77, YZRI=192, P_012851=179, P_012853=174, P_011643=173, P_011523=176, P_012855=155, P_012857=175, P_011647=108, P_011527=68, P_012859=167, WAIL=193, P_016789=173, P_012861=181, P_011651=97, P_016787=175, P_011531=73, P_012863=187, P_012865=171, Schi=98, P_012867=178, P_011657=98, P_011537=53, P_012869=177, P_016793=168, P_016791=175, P_016797=180, SJEV=192, P_016795=171, P_012871=166, P_012873=190, P_016799=180, P_012875=179, P_012877=181, P_012879=176, P_011549=122, P_007844=29, P_007845=1, S02=84, P_012921=103, S04=2, P_012801=173, S03=148, P_012923=166, P_011713=31, P_012803=176, P_012925=183, P_011715=74, S08=34, P_012805=176, P_007843=86, P_012927=174, P_012807=180, P_012809=181, VYLQ=193, DHPO=195, GAP_80390=165, P2622=80, P2623=20, XQWC=194, GAP_80394=176, GAP_80393=188, GAP_80395=184, GAP_80397=179, P_012931=174, P_012811=183, P_012933=164, WPHN=193, P_012813=165, P_012935=169, P_012815=183, P_012937=180, P_012817=173, P_011607=1, P_012939=178, P_012819=175, P_011609=25, P2619=44, OSHQ=191, GAP_80389=159, P_012941=181, P_012821=185, P_011611=20, P_012823=177, P_011613=1, P_011735=167, P_012825=170, S27=49, P_012827=121, P_011739=92, P_012829=137, Dhai=185, P0104A=108, P_012831=181, P_011501=184, GAP_81226=176, P_012833=176, GAP_81227=179, P_011745=87, P_012835=172, S38=5, P_012837=173, P_012839=170, P_011509=177}
Number of gene trees: 195
195 trees have missing taxa
Calculating quartet distance matrix (for completion of X)
Species tree distances calculated ...
Will attempt to complete bipartitions from X before adding using a distance matrix.
Building set of clusters (X) from gene trees 
------------------------------
gradient0: 15911
Number of Clusters after addition by distance: 15911
calculating extra bipartitions to be added at level 1 ...
Adding to X using resolutions of greedy consensus ...
Limit for sigma of degrees:6025
polytomy size limit : 14
discarded polytomies:  [3, 3, 3, 3, 3, 3, 3, 3, 3, 3, 3, 3, 3, 3, 3, 3, 3, 3, 3, 3, 4, 4, 4, 4, 4, 4, 4, 4, 5, 5, 5, 6, 6, 7, 8, 9, 11, 12, 14]
Threshold 0.0:
Threshold 0.01:
polytomy of size 3; rounds with additions with at least 5 support: 0; clusters: 15913
Threshold 0.02:
polytomy of size 6; rounds with additions with at least 5 support: 3; clusters: 15957
Threshold 0.05:
polytomy of size 7; rounds with additions with at least 5 support: 0; clusters: 15959
Threshold 0.1:
polytomy of size 3; rounds with additions with at least 5 support: 0; clusters: 15959
polytomy of size 3; rounds with additions with at least 5 support: 0; clusters: 15959
polytomy of size 9; rounds with additions with at least 5 support: 0; clusters: 15973
Threshold 0.2:
polytomy of size 3; rounds with additions with at least 5 support: 0; clusters: 15973
polytomy of size 8; rounds with additions with at least 5 support: 0; clusters: 15977
polytomy of size 3; rounds with additions with at least 5 support: 0; clusters: 15977
polytomy of size 5; rounds with additions with at least 5 support: 0; clusters: 15977
polytomy of size 4; rounds with additions with at least 5 support: 0; clusters: 15977
polytomy of size 12; rounds with additions with at least 5 support: 0; clusters: 15977
polytomy of size 4; rounds with additions with at least 5 support: 0; clusters: 15977
polytomy of size 3; rounds with additions with at least 5 support: 0; clusters: 15977
polytomy of size 3; rounds with additions with at least 5 support: 0; clusters: 15977
Threshold 0.3333333333333333:
polytomy of size 3; rounds with additions with at least 5 support: 0; clusters: 15977
polytomy of size 3; rounds with additions with at least 5 support: 0; clusters: 15977
polytomy of size 3; rounds with additions with at least 5 support: 0; clusters: 15977
polytomy of size 3; rounds with additions with at least 5 support: 0; clusters: 15977
polytomy of size 3; rounds with additions with at least 5 support: 0; clusters: 15977
polytomy of size 4; rounds with additions with at least 5 support: 0; clusters: 15977
polytomy of size 11; rounds with additions with at least 5 support: 0; clusters: 15977
polytomy of size 3; rounds with additions with at least 5 support: 0; clusters: 15977
polytomy of size 3; rounds with additions with at least 5 support: 0; clusters: 15977
polytomy of size 4; rounds with additions with at least 5 support: 0; clusters: 15977
polytomy of size 5; rounds with additions with at least 5 support: 0; clusters: 15977
polytomy of size 6; rounds with additions with at least 5 support: 0; clusters: 15977
polytomy of size 14; rounds with additions with at least 5 support: 0; clusters: 15977
polytomy of size 4; rounds with additions with at least 5 support: 0; clusters: 15977
polytomy of size 4; rounds with additions with at least 5 support: 0; clusters: 15977
polytomy of size 3; rounds with additions with at least 5 support: 0; clusters: 15977
polytomy of size 3; rounds with additions with at least 5 support: 0; clusters: 15977
polytomy of size 3; rounds with additions with at least 5 support: 0; clusters: 15977
polytomy of size 3; rounds with additions with at least 5 support: 0; clusters: 15977
polytomy of size 5; rounds with additions with at least 5 support: 0; clusters: 15977
polytomy of size 3; rounds with additions with at least 5 support: 0; clusters: 15977
polytomy of size 3; rounds with additions with at least 5 support: 0; clusters: 15977
polytomy of size 4; rounds with additions with at least 5 support: 0; clusters: 15977
polytomy of size 4; rounds with additions with at least 5 support: 0; clusters: 15977
max k is :6
Number of Clusters after addition by greedy: 15977
gradient0 in heuristiic: 15977
partitions formed in 17.7 secs
Dynamic Programming starting after 17.7 secs
Using tree-based weight calculation.
Using polytree-based weight calculation.
Polytree max score: 7539549426
Polytree building time: 0.178 seconds.
Number of quartet trees in the gene trees: 7539549426
Size of largest cluster: 239
Greedy score: 7031403319
estimationFactor: 1.0722680927186905
Sub-optimal score: 7069475763
Total Number of elements weighted: 48144
Normalized score (portion of input quartet trees satisfied before correcting for multiple individuals): 0.9490786585102758
Optimization score: 7155625455
Optimal tree inferred in 101.965 secs.
(P_012941,(P_012795,(((P_012861,((P_012855,(P_012827,P_007802)),((P_012919,P_012921),(P_012813,P_018637)))),(((P_012797,(P_012841,((P_012913,P_012877),(P_012811,(P_012891,P_012895))))),((((P_012925,P_012883),(P_012857,(P_012815,P_012903))),(P_012875,((P_012831,P_012905),(P_012901,(P_012887,P_012851))))),(P_018689,((P_012885,(GAP_80294,P_006420)),(P_012859,(((P_012873,P_012881),(GAP_80291,P_012907)),((P_012889,((P_012863,P_006418),(P_012793,(GAP_80292,P_006419)))),((P_012897,(GAP_80293,P_012893)),(P_012911,(P_012821,P_012917)))))))))),((P_012867,((P_012923,P_012847),(P_012899,P_012817))),(P_012843,(((P_012937,(P_006421,P_012939)),(P_012803,(P_012853,(P_012837,P_012829)))),(((P_012801,(P_012809,P_012879)),(P_012839,(P_012805,(P_012825,(P_012799,YZRI))))),((P_012909,((P_012865,(P_012931,(P_012935,P_012933))),((P_012849,P_012871),(P_012845,P_012807)))),((GAP_81172,P_012833),((P_012927,(GAP_80295,PSJT)),((P_012915,P_012791),(P_012869,(P_012819,(P_012835,P_012823))))))))))))),((GAP_80322,DHPO),(((P2622,P2623),(P0110C,(P0110B,(XQWC,(P0207A,(P0207C,(P0207B,(P0206H,P0206G)))))))),(((P_018691,P_007845),(((P_018639,P_018779),(P_018695,(P_018645,P_018783))),((P_016797,(OBPL,(GAP_80397,P_016799))),((P_016793,(P_016795,P_006422)),(P_018693,((S08,(P_014095,S38)),((S27,(P_016789,S04)),(P_016791,((P_014099,S03),(P_016787,S02)))))))))),(((P0203H,((P_016909,WZFE),(P0109B,(P_018831,OSHQ)))),(((P_025527,(SJEV,(P_019193,(P_019187,Wsal)))),(P_016921,(GAP_81227,((WKSU,P_019199),(Pcol,(P_006410,GAP_81226)))))),(((Asie,QDVW),((P_019189,P_025525),(PAWA,P_019197))),(P_025523,((P_019191,(GAP_80417,(P2590,GAP_79804))),((P_019185,CSSK),(P2589,OPDF))))))),(P_011613,(WPHN,((P2619,P_011609),(((GAP_79862,P_011587),(P_014081,(P_008647,P0104A))),((MAQO,(WAIL,(P_011527,((GAP_80297,P_014083),(GAP_80298,P_014077))))),(((KRJP,(GAP_80395,P_011549)),((P_011643,(P_011657,(P_011651,P_011509))),((GAP_80393,GAP_80394),((P_011647,(P_011465,(P_011501,(P_011523,(P_011489,P_011487))))),(P_011631,((P_007843,(P_006414,P_007783)),(P_011551,(P_011637,P_007844)))))))),((P_011531,(Schi,(P_006411,P_011699))),(VYLQ,(P_018635,(P_008631,((P_008632,(P_011671,P_011579)),((P_011713,P_011705),(((WIGA,(Dhai,(Apet,Msal))),(KAYP,(BCGB,(ABSS,P_011607)))),(P_006413,((P_016813,((GAP_80389,GAP_80390),((P_006412,P_008640),(P_008646,P_011679)))),(P_011701,((P_011673,(P_011537,(P_011739,P_011677))),(P_011759,((P_011735,P_011675),(P_011715,(P_011681,(P_011611,P_011745)))))))))))))))))))))))))))));
Final quartet score is: 7155625455
Final normalized quartet score is: 0.9490786585102758
You may want to ignore posterior probabilities and other statistics related to the following branch branch because the effective number of genes impacting it is only 1:
	{SJEV, P_019187, P_019193, Wsal}
You may want to ignore posterior probabilities and other statistics related to the following branch branch because the effective number of genes impacting it is only 1:
	{SJEV, P_019187, P_019193, Wsal, P_025527}
You may want to ignore posterior probabilities and other statistics related to the following branch branch because the effective number of genes impacting it is only 1:
	{WKSU, P_019199}
You may want to ignore posterior probabilities and other statistics related to the following branch branch because the effective number of genes impacting it is only 5:
	{P_019189, P_025525}
You may want to ignore posterior probabilities and other statistics related to the following branch branch because the effective number of genes impacting it is only 4:
	{P2590, GAP_79804, GAP_80417}
You may want to ignore posterior probabilities and other statistics related to the following branch branch because the effective number of genes impacting it is only 5:
	{P2590, GAP_79804, P_019191, GAP_80417}
You may want to ignore posterior probabilities and other statistics related to the following branch branch because the effective number of genes impacting it is only 2:
	{P2589, P_019185, OPDF, CSSK, P2590, GAP_79804, P_019191, GAP_80417}
You may want to ignore posterior probabilities and other statistics related to the following branch branch because the effective number of genes impacting it is only 3:
	{P2589, P_019185, OPDF, CSSK, P2590, GAP_79804, P_019191, GAP_80417, P_025523}
You may want to ignore posterior probabilities and other statistics related to the following branch branch because the effective number of genes impacting it is only 10:
	{P2619, P_011609}
You may want to ignore posterior probabilities and other statistics related to the following branch branch because the effective number of genes impacting it is only 6:
	{P_011637, P_007844}
You may want to ignore posterior probabilities and other statistics related to the following branch branch because the effective number of genes impacting it is only 2:
	{P_006411, P_011699}
You may want to ignore posterior probabilities and other statistics related to the following branch branch because the effective number of genes impacting it is only 10:
	{P_011713, P_011705}
You may want to ignore posterior probabilities and other statistics related to the following branch branch because the effective number of genes impacting it is only 1:
	{ABSS, P_011607}
You may want to ignore posterior probabilities and other statistics related to the following branch branch because the effective number of genes impacting it is only 8:
	{P_011611, P_011745}
You may want to ignore posterior probabilities and other statistics related to the following branch branch because the effective number of genes impacting it is only 1:
	{P_011715, P_011735, P_011675, P_011759, P_011537, P_011739, P_011673, P_011611, P_011745, P_011677, P_011681}
You may want to ignore posterior probabilities and other statistics related to the following branch branch because the effective number of genes impacting it is only 1:
	{P_011715, P_011735, P_011675, P_011759, P_011537, P_011739, P_011673, P_011611, P_011745, P_011677, P_011681, P_011701}
You may want to ignore posterior probabilities and other statistics related to the following branch branch because the effective number of genes impacting it is only 1:
	{KRJP, WAIL, MAQO, GAP_79862, P_011527, P_008646, P_006412, P_011715, P_011735, GAP_80389, GAP_80390, WPHN, BCGB, WIGA, ABSS, Apet, Dhai, VYLQ, P_006413, P_011675, P_011759, P_008640, P_016813, P_018635, P_011531, Schi, P_006411, GAP_80297, P_014083, GAP_80298, P_014077, P2619, GAP_80395, P_011549, GAP_80393, GAP_80394, P_011651, P_011509, P_011643, P_006414, P_011631, P_007783, P_011637, P_011647, P_011489, P_011465, P_011501, P_011523, P_011487, P_011587, P_014081, P_008647, P0104A, P_008631, P_011671, P_011679, P_008632, KAYP, Msal, P_011537, P_011713, P_011705, P_007844, P_011657, P_011739, P_011673, P_007843, P_011611, P_011745, P_011579, P_011551, P_011677, P_011681, P_011609, P_011699, P_011607, P_011701}
You may want to ignore posterior probabilities and other statistics related to the following branch branch because the effective number of genes impacting it is only 1:
	{KRJP, WAIL, MAQO, GAP_79862, P_011527, P_008646, P_006412, P_011715, P_011735, GAP_80389, GAP_80390, WPHN, BCGB, WIGA, ABSS, Apet, Dhai, VYLQ, P_006413, P_011675, P_011759, P_008640, P_016813, P_018635, P_011531, Schi, P_006411, GAP_80297, P_014083, GAP_80298, P_014077, P2619, GAP_80395, P_011549, GAP_80393, GAP_80394, P_011651, P_011509, P_011643, P_006414, P_011631, P_007783, P_011637, P_011647, P_011489, P_011465, P_011501, P_011523, P_011487, P_011587, P_014081, P_008647, P0104A, P_008631, P_011671, P_011679, P_008632, KAYP, Msal, P_011537, P_011713, P_011705, P_007844, P_011657, P_011739, P_011673, P_007843, P_011611, P_011745, P_011579, P_011551, P_011677, P_011681, P_011609, P_011699, P_011607, P_011613, P_011701}
You may want to ignore posterior probabilities and other statistics related to the following branch branch because the effective number of genes impacting it is only 1:
	{P_018691, P_007845}
You may want to ignore posterior probabilities and other statistics related to the following branch branch because the effective number of genes impacting it is only 0:
	{P_014095, S38}
You may want to ignore posterior probabilities and other statistics related to the following branch branch because the effective number of genes impacting it is only 5:
	{S08, P_014095, S38}
You may want to ignore posterior probabilities and other statistics related to the following branch branch because the effective number of genes impacting it is only 2:
	{P_016789, S04}
You may want to ignore posterior probabilities and other statistics related to the following branch branch because the effective number of genes impacting it is only 18:
	{P2622, P2623}
Extended species tree:
(P0109B,((P_018831,OSHQ)80:1.0986122886681098,((P_016909,WZFE)93.14:2.200069529468451,(P0203H,((((P_025527,(SJEV,(P_019193,(P_019187,Wsal)73.91:0.8983496179902007)68.75:0.7308875085427924)100:0.2876820724517809)100:0.2876820724517809,(P_016921,(GAP_81227,((WKSU,P_019199)100:0.2876820724517809,(Pcol,(P_006410,GAP_81226)81.45:1.2355215239537936)62.23:0.5515714965208449)49.71:0.27621681179200397)61.87:0.5490107364841763)96.84:2.886938878834844)94.62:2.4288136897931025,(((Asie,QDVW)98.67:3.5088346685525162,((P_019189,P_025525)40.49:0.006146300848693955,(PAWA,P_019197)70.45:0.7907754018187482)42.42:0.1408493232497327)48.35:0.25033304414260765,(P_025523,((P_019191,(GAP_80417,(P2590,GAP_79804)100:2.961830721878311)100:1.2039728043259361)50:0.1053605156578264,((P_019185,CSSK)35.15:0.02422714043785567,(P2589,OPDF)82.66:1.3094898267529993)88.53:1.704281783067)100:0.6931471805599453)73.09:0.3621824322895644)90.77:1.9276848245378506)48.31:0.24957205593171344,((P_011613,(WPHN,((P2619,P_011609)100:1.9924301646902058,(((GAP_79862,P_011587)93.27:2.034527351355098,(P_014081,(P_008647,P0104A)100:3.0602707946915624)100:3.205452804536062)85.36:1.4697039282337405,((MAQO,(WAIL,(P_011527,((GAP_80297,P_014083)94.02:2.2033926528543963,(GAP_80298,P_014077)48.54:0.2331307176570918)54.52:0.36444046093836563)44.19:0.1657101529793289)70.36:0.7974034601144752)86.79:1.5851364762162015,(((KRJP,(GAP_80395,P_011549)90.82:1.9040135445912048)68.38:0.7337996545048429,((P_011643,(P_011657,(P_011651,P_011509)75.74:0.9676701142058258)37.37:0.05609168914337967)84.39:1.4202466421963322,((GAP_80393,GAP_80394)71.62:0.8394111572514071,((P_011647,(P_011465,(P_011501,(P_011523,(P_011489,P_011487)45.39:0.19445682781442855)37.05:0.05387126043978767)70.93:0.8162880998509371)86.28:1.523965899404976)40.42:0.1056990500289744,(P_011631,((P_007843,(P_006414,P_007783)37.19:0.051817016486722156)63.99:0.5941649240099022,(P_011551,(P_011637,P_007844)60.07:0.2884199820519394)44.94:0.15171847378799272)39.11:0.07823154937008409)42.5:0.1342305561286344)79.98:1.1809344428417388)35.94:0.036751068882485985)96.16:2.725941909216835)85.88:1.5202698410224857,((P_011531,(Schi,(P_006411,P_011699)50:0.0)94.65:2.187269198833236)97.51:2.8551732304921957,(VYLQ,(P_018635,(P_008631,((P_008632,(P_011671,P_011579)47.83:0.20763936477824438)91.56:1.9609895215047533,((P_011713,P_011705)77.79:0.8076054606945856,(((WIGA,(Dhai,(Apet,Msal)43.33:0.15286290064092037)43.6:0.16245699069889022)59.15:0.48143309895333325,(KAYP,(BCGB,(ABSS,P_011607)100:0.2876820724517809)64.85:0.6229046793610786)39:0.08271172534010905)52.98:0.3428681715978934,(P_006413,((P_016813,((GAP_80389,GAP_80390)91.11:1.9457096108340188,((P_006412,P_008640)77.84:1.0790327109063667,(P_008646,P_011679)50.9:0.28859559529190393)43.67:0.16334397376090154)37.78:0.06458604872197946)56.74:0.42284117919677433,(P_011701,((P_011673,(P_011537,(P_011739,P_011677)69.99:0.7255756109280127)44.18:0.1443636448663076)39.54:0.08271794893015351,(P_011759,((P_011735,P_011675)86.17:1.5098643606323188,(P_011715,(P_011681,(P_011611,P_011745)37.43:0.0)33.94:0.0)59.24:0.46750407593524046)52.86:0.3308945609161919)41.47:0.12078760970182713)66.67:0.0)100:0.2876820724517809)46.06:0.2057062988763917)43.8:0.16575805600666546)39.84:0.08655080480617823)69.72:0.7363837614805185)90.08:1.6908123163027922)45.37:0.17356341954412752)63.75:0.5926899415490532)53.99:0.3634407106398267)78.05:1.0883506771726281)60.56:0.5168300269217523)52.74:0.3376411838699031)45.81:0.1921217759315857)56.87:0.4127216119583224)100:0.2876820724517809)100:0.2876820724517809,(((P_018691,P_007845)100:0.2876820724517809,(((P_018639,P_018779)66.98:0.6141050302612888,(P_018695,(P_018645,P_018783)45.53:0.1968913208955747)60.47:0.5079690735750663)52.38:0.32632728126206184,((P_016797,(OBPL,(GAP_80397,P_016799)49.43:0.2707666408297968)67.9:0.7188912607869917)73.49:0.9068051347601191,((P_016793,(P_016795,P_006422)61.59:0.5407342668508095)63.88:0.6013106989216377,(P_018693,((S08,(P_014095,S38)NaN:0.0)94.21:1.1321920860375516,((S27,(P_016789,S04)50:0.0)93.56:2.0764823439687152,(P_016791,((P_014099,S03)94.25:2.338625323932474,(P_016787,S02)99.99:3.9681377057721794)35.41:0.027853476668558794)36.69:0.047966676596491085)37.91:0.05480884285786839)68.38:0.693923167454143)43:0.15158961524703174)41.16:0.12064468787617585)41.67:0.1293623046514676)38.88:0.07556978400869803)98.87:3.1979286770225808,(((P2622,P2623)69.93:0.6807372303201671,(P0110C,(P0110B,(XQWC,(P0207A,(P0207C,(P0207B,(P0206H,P0206G)44.56:0.17780646996877764)45.79:0.20083857091638854)42.83:0.1483392821657196)49.9:0.27937340859171783)49.69:0.2688351849304984)87.85:1.60524795619292)96.59:2.6587300952139614)62.59:0.5574790802031631,((GAP_80322,DHPO)97.68:3.1555295712649505,(((P_012861,((P_012855,(P_012827,P_007802)100:3.506557897319981)86.23:1.5220408073779712,((P_012919,P_012921)97.75:2.9957322735539913,(P_012813,P_018637)69.42:0.7609697768987064)93.61:2.241082893236251)97.51:3.0693137585088044)41.71:0.13031370818103075,(((P_012797,(P_012841,((P_012913,P_012877)89.71:1.8117386585021364,(P_012811,(P_012891,P_012895)59.97:0.5010216873313798)94.56:2.4107986776342782)93.08:2.1902951999329656)54.09:0.36615961787771095)35.63:0.03197163293676357,((((P_012925,P_012883)98.52:3.4924936093842645,(P_012857,(P_012815,P_012903)86.78:1.5778401494405772)39.96:0.09999992773327158)38.58:0.07800637873442112,(P_012875,((P_012831,P_012905)61.76:0.5464254774266453,(P_012901,(P_012887,P_012851)98.79:3.614132499466207)37.3:0.0578823046826842)52.46:0.3315298155990088)73.72:0.9142640308763555)69.97:0.7842047140661867,(P_018689,((P_012885,(GAP_80294,P_006420)99.92:3.225831338330528)38.84:0.08126679264279392,(P_012859,(((P_012873,P_012881)83.34:1.3563482480158617,(GAP_80291,P_012907)41.87:0.1317735653436006)36.79:0.048858946866312154,((P_012889,((P_012863,P_006418)38.72:0.07895272742415484,(P_012793,(GAP_80292,P_006419)98.76:3.5849979528865292)48.35:0.24819186145180375)35.52:0.02878345264213861)38.53:0.07602174722448272,((P_012897,(GAP_80293,P_012893)94.8:2.4431525095652757)40.25:0.10381792055777689,(P_012911,(P_012821,P_012917)94.33:2.3659831579193282)84.79:1.4437721593754749)35.22:0.02453690781331503)35.68:0.03169416903645563)37.7:0.06266756461503424)37.16:0.054455561423374085)91.3:1.9773706247540674)86.92:1.5906729057666604)95.34:2.5596740881029407)95.64:2.618424635574572,((P_012867,((P_012923,P_012847)100:4.618415412738117,(P_012899,P_012817)92.06:2.0544024298365517)77.06:1.0467872208035236)99.68:4.326615235154906,(P_012843,(((P_012937,(P_006421,P_012939)89.44:1.7917594692280545)100:4.77724879844455,(P_012803,(P_012853,(P_012837,P_012829)84.85:1.436701387489354)35.99:0.03703111811742797)54.95:0.38472938230723114)40.69:0.11314527167101,(((P_012801,(P_012809,P_012879)98.71:3.5475627322667633)71.35:0.8296536240816573,(P_012839,(P_012805,(P_012825,(P_012799,YZRI)82.61:1.3136300129556886)49.28:0.2670412104213549)43.74:0.16475302295196748)73.88:0.92013397100937)81.79:1.2742145263971394,((P_012909,((P_012865,(P_012931,(P_012935,P_012933)95.89:2.6390573296152575)96.01:2.668227408259099)56.15:0.4109391471878592,((P_012849,P_012871)92.69:2.1324528418761046,(P_012845,P_012807)62.17:0.5565260491881948)64.48:0.6195664460722252)97.97:3.2483864814226213)37.35:0.05869253176102101,((GAP_81172,P_012833)97.83:3.1931857814485713,((P_012927,(GAP_80295,PSJT)46.69:0.2178681452049838)91.19:1.9662973121012597,((P_012915,P_012791)42.52:0.14387114107147733,(P_012869,(P_012819,(P_012835,P_012823)34.76:0.018333373470906113)76.49:1.0230001751038387)98.65:3.5467096581110193)90.92:1.9414136656786007)39.84:0.09910766131485395)95.21:2.5329452280752225)93.05:2.1943527216374403)95.69:2.6301342232360345)49.94:0.2808487419054206)84.88:1.452605010120192)85.31:1.482321025863449)49.74:0.2774006270616883)90.03:1.852574975045352,(P_012795,P_012941)99.07:3.78633142098673)99.84:4.561279049624827)60.65:0.5193808953865046)69.71:0.7770813940484477)95.87:2.667098071202326)66.99:0.6921506990335514)98.11:2.918192674430599)89.77:1.733089521732555)72.37:0.8157495026522779));
Weight calculation took 83.047119963 secs
ASTRAL finished in 104.52 secs
