
================== ASTRAL ===================== 

This is ASTRAL version 5.7.7
Gene trees are treated as unrooted
195 trees read from all_bs10.trees
index224
All output trees will be *arbitrarily* rooted at P0109B

======== Running the main analysis
Number of taxa: 239 (239 species)
Taxa: [KRJP, WAIL, MAQO, Asie, QDVW, PAWA, P2589, P_019185, OPDF, CSSK, P_018831, P_016909, SJEV, P_019187, P_006410, GAP_81226, P_016921, GAP_81227, P_012827, P_012813, P_012919, P_012921, P_012861, P_018689, GAP_80293, P_012893, GAP_80291, P_012859, GAP_80292, GAP_80294, P_012873, P_012889, P_012793, P_012911, P_012821, P_012917, P_012863, P_012885, P_012881, P_012897, P_012907, P_012891, P_012895, P_012811, P_012857, P_012815, P_012903, P_012925, P_012883, P_012887, P_012851, P_012901, P_012875, P_012831, P_012797, P_012841, P_012913, P_012877, P_012867, P_012899, P_012817, P_012923, P_012847, P_012803, P_012853, P_012937, P_006421, P_012939, P_012843, P_012837, P_012809, P_012801, P_012799, P_012825, P_012909, GAP_81172, P_012833, GAP_80295, P_012927, PSJT, P_012915, P_012791, P_012835, P_012819, P_012823, P_012869, P_012849, P_012871, P_012865, P_012931, P_012935, P_012933, P_012845, P_012807, P_012795, P_018695, P_018645, P_018783, GAP_80397, OBPL, P_016799, P_016797, P_016793, P_016795, P_006422, P_014099, S03, P_016789, P_016787, P_016791, P_018693, P_019189, P0110C, P0207C, P0207A, XQWC, P0207B, P0206H, P0206G, YZRI, GAP_80322, DHPO, P2590, GAP_79804, GAP_79862, P_011527, P_008646, P_006412, P_011715, P_011735, GAP_80389, GAP_80390, WKSU, WZFE, WPHN, BCGB, WIGA, ABSS, Apet, Dhai, VYLQ, P_006413, P_011675, P_011759, P_008640, P_016813, P_018635, P_011531, Schi, P_006411, GAP_80297, P_014083, GAP_80298, P_014077, P2619, P2622, P_012905, P_006419, P_006418, P_012879, P_012805, P_012839, P_012829, P_012855, P_007802, P_018637, P_012941, P_018639, OSHQ, P_019193, Wsal, Pcol, P_019191, P_019197, GAP_80395, P_011549, GAP_80393, GAP_80394, P_011651, P_011509, P_011643, P_006414, P_011631, P_007783, P_011637, P_011647, P_011489, P_011465, P_011501, P_011523, P_011487, P_011587, P_014081, P_008647, P0104A, P_008631, P_011671, P_011679, P_008632, KAYP, Msal, P_011537, P_011713, P_011705, P_018779, P0110B, S02, S08, S27, P_007844, P_011657, P_011739, P_011673, GAP_80417, P_018691, P_006420, P_007843, P_011611, P_011745, P_011579, P0203H, P_011551, P_011677, P_025525, P0109B, P_014095, P_011681, P2623, P_011609, P_025523, S38, P_011699, P_011607, P_019199, P_011613, P_007845, S04, P_025527, P_011701]
Taxon occupancy: {P_019193=82, P_019191=6, P_019197=140, OPDF=190, GAP_81172=186, P_018783=177, P_019199=1, Wsal=106, P_016921=174, WKSU=195, P_025523=3, P_025525=6, P_025527=1, P0203H=57, P_014077=38, QDVW=192, P_011487=176, P_011489=180, P_016813=164, P_006421=182, P_006422=183, P_006420=41, P_006418=175, P_006419=181, P_006414=168, P_014081=40, P_014083=68, P_018689=186, P0206H=151, P0206G=135, Msal=170, P0109B=38, P_006410=159, P_012901=184, P_006411=149, P_012903=189, P_006412=169, P_006413=172, P_012905=185, PAWA=188, P_012907=186, GAP_79862=153, ABSS=193, P_012909=176, P_018691=61, GAP_80291=188, P_018695=175, P_014095=12, GAP_80293=183, GAP_80292=179, P_018693=170, GAP_80295=169, GAP_80294=175, P_014099=159, GAP_80297=171, GAP_80298=170, P_012911=188, P_011701=1, P_012913=162, P_012915=181, P_011705=24, P_012917=168, P_012919=131, P_012881=184, P_011671=68, P_011551=26, MAQO=193, P_012883=185, P_011673=51, P_012885=180, GAP_80322=188, P_011675=121, P2590=129, P_012887=184, P_011677=70, P_012889=180, P_011679=66, P_008647=142, PSJT=189, P2589=127, P_012891=171, P_011681=47, P_012893=179, P_018637=163, P_012895=180, P_018635=106, P_012897=185, P0207C=158, P_012899=164, P0207B=162, P0207A=161, P_018639=96, P_008646=177, P_008640=174, BCGB=192, WZFE=191, P_018645=174, KRJP=192, KAYP=120, P_011699=5, P_011579=60, CSSK=187, P_008632=166, P_016909=179, P_007783=134, P_008631=39, P_019187=163, P_019185=161, P_019189=131, P_012791=181, P_012793=182, Asie=151, P_012795=174, P_011465=183, P_018779=36, P_012797=184, P_011587=51, P_012799=178, GAP_80417=35, WIGA=190, GAP_79804=99, P_007802=59, P_012841=180, P_011631=57, P_012843=185, Pcol=99, P_012845=186, P_012847=170, P_011637=158, P_011759=93, P_012849=176, Apet=91, OBPL=192, P0110C=134, P_018831=161, P0110B=77, YZRI=192, P_012851=179, P_012853=174, P_011643=173, P_011523=176, P_012855=155, P_012857=175, P_011647=108, P_011527=68, P_012859=167, WAIL=193, P_016789=173, P_012861=181, P_011651=97, P_016787=175, P_011531=73, P_012863=187, P_012865=171, Schi=98, P_012867=178, P_011657=98, P_011537=53, P_012869=177, P_016793=168, P_016791=175, P_016797=180, SJEV=192, P_016795=171, P_012871=166, P_012873=190, P_016799=180, P_012875=179, P_012877=181, P_012879=176, P_011549=122, P_007844=29, P_007845=1, S02=84, P_012921=103, S04=2, P_012801=173, S03=148, P_012923=166, P_011713=31, P_012803=176, P_012925=183, P_011715=74, S08=34, P_012805=176, P_007843=86, P_012927=174, P_012807=180, P_012809=181, VYLQ=193, DHPO=195, GAP_80390=165, P2622=80, P2623=20, XQWC=194, GAP_80394=176, GAP_80393=188, GAP_80395=184, GAP_80397=179, P_012931=174, P_012811=183, P_012933=164, WPHN=193, P_012813=165, P_012935=169, P_012815=183, P_012937=180, P_012817=173, P_011607=1, P_012939=178, P_012819=175, P_011609=25, P2619=44, OSHQ=191, GAP_80389=159, P_012941=181, P_012821=185, P_011611=20, P_012823=177, P_011613=1, P_011735=167, P_012825=170, S27=49, P_012827=121, P_011739=92, P_012829=137, Dhai=185, P0104A=108, P_012831=181, P_011501=184, GAP_81226=176, P_012833=176, GAP_81227=179, P_011745=87, P_012835=172, S38=5, P_012837=173, P_012839=170, P_011509=177}
Number of gene trees: 195
195 trees have missing taxa
Calculating quartet distance matrix (for completion of X)
Species tree distances calculated ...
Will attempt to complete bipartitions from X before adding using a distance matrix.
Building set of clusters (X) from gene trees 
------------------------------
gradient0: 15911
Number of Clusters after addition by distance: 15911
calculating extra bipartitions to be added at level 1 ...
Adding to X using resolutions of greedy consensus ...
Limit for sigma of degrees:6025
polytomy size limit : 14
discarded polytomies:  [3, 3, 3, 3, 3, 3, 3, 3, 3, 3, 3, 3, 3, 3, 3, 3, 3, 3, 3, 3, 4, 4, 4, 4, 4, 4, 4, 4, 5, 5, 5, 6, 6, 7, 8, 9, 11, 12, 14]
Threshold 0.0:
Threshold 0.01:
polytomy of size 3; rounds with additions with at least 5 support: 0; clusters: 15913
Threshold 0.02:
polytomy of size 6; rounds with additions with at least 5 support: 3; clusters: 15957
Threshold 0.05:
polytomy of size 7; rounds with additions with at least 5 support: 0; clusters: 15959
Threshold 0.1:
polytomy of size 3; rounds with additions with at least 5 support: 0; clusters: 15959
polytomy of size 3; rounds with additions with at least 5 support: 0; clusters: 15959
polytomy of size 9; rounds with additions with at least 5 support: 0; clusters: 15973
Threshold 0.2:
polytomy of size 3; rounds with additions with at least 5 support: 0; clusters: 15973
polytomy of size 8; rounds with additions with at least 5 support: 0; clusters: 15977
polytomy of size 3; rounds with additions with at least 5 support: 0; clusters: 15977
polytomy of size 5; rounds with additions with at least 5 support: 0; clusters: 15977
polytomy of size 4; rounds with additions with at least 5 support: 0; clusters: 15977
polytomy of size 12; rounds with additions with at least 5 support: 0; clusters: 15977
polytomy of size 4; rounds with additions with at least 5 support: 0; clusters: 15977
polytomy of size 3; rounds with additions with at least 5 support: 0; clusters: 15977
polytomy of size 3; rounds with additions with at least 5 support: 0; clusters: 15977
Threshold 0.3333333333333333:
polytomy of size 3; rounds with additions with at least 5 support: 0; clusters: 15977
polytomy of size 3; rounds with additions with at least 5 support: 0; clusters: 15977
polytomy of size 3; rounds with additions with at least 5 support: 0; clusters: 15977
polytomy of size 3; rounds with additions with at least 5 support: 0; clusters: 15977
polytomy of size 3; rounds with additions with at least 5 support: 0; clusters: 15977
polytomy of size 4; rounds with additions with at least 5 support: 0; clusters: 15977
polytomy of size 11; rounds with additions with at least 5 support: 0; clusters: 15977
polytomy of size 3; rounds with additions with at least 5 support: 0; clusters: 15977
polytomy of size 3; rounds with additions with at least 5 support: 0; clusters: 15977
polytomy of size 4; rounds with additions with at least 5 support: 0; clusters: 15977
polytomy of size 5; rounds with additions with at least 5 support: 0; clusters: 15977
polytomy of size 6; rounds with additions with at least 5 support: 0; clusters: 15977
polytomy of size 14; rounds with additions with at least 5 support: 0; clusters: 15977
polytomy of size 4; rounds with additions with at least 5 support: 0; clusters: 15977
polytomy of size 4; rounds with additions with at least 5 support: 0; clusters: 15977
polytomy of size 3; rounds with additions with at least 5 support: 0; clusters: 15977
polytomy of size 3; rounds with additions with at least 5 support: 0; clusters: 15977
polytomy of size 3; rounds with additions with at least 5 support: 0; clusters: 15977
polytomy of size 3; rounds with additions with at least 5 support: 0; clusters: 15977
polytomy of size 5; rounds with additions with at least 5 support: 0; clusters: 15977
polytomy of size 3; rounds with additions with at least 5 support: 0; clusters: 15977
polytomy of size 3; rounds with additions with at least 5 support: 0; clusters: 15977
polytomy of size 4; rounds with additions with at least 5 support: 0; clusters: 15977
polytomy of size 4; rounds with additions with at least 5 support: 0; clusters: 15977
max k is :6
Number of Clusters after addition by greedy: 15977
gradient0 in heuristiic: 15977
partitions formed in 23.162 secs
Dynamic Programming starting after 23.162 secs
Using tree-based weight calculation.
Using polytree-based weight calculation.
Polytree max score: 7539549426
Polytree building time: 0.23 seconds.
Number of quartet trees in the gene trees: 7539549426
Size of largest cluster: 239
Greedy score: 7031403319
estimationFactor: 1.0722680927186905
Sub-optimal score: 7069475763
Total Number of elements weighted: 48144
Normalized score (portion of input quartet trees satisfied before correcting for multiple individuals): 0.9490786585102758
Optimization score: 7155625455
Optimal tree inferred in 111.287 secs.
(P_012941,(P_012795,(((P_012861,((P_012855,(P_012827,P_007802)),((P_012919,P_012921),(P_012813,P_018637)))),(((P_012797,(P_012841,((P_012913,P_012877),(P_012811,(P_012891,P_012895))))),((((P_012925,P_012883),(P_012857,(P_012815,P_012903))),(P_012875,((P_012831,P_012905),(P_012901,(P_012887,P_012851))))),(P_018689,((P_012885,(GAP_80294,P_006420)),(P_012859,(((P_012873,P_012881),(GAP_80291,P_012907)),((P_012889,((P_012863,P_006418),(P_012793,(GAP_80292,P_006419)))),((P_012897,(GAP_80293,P_012893)),(P_012911,(P_012821,P_012917)))))))))),((P_012867,((P_012923,P_012847),(P_012899,P_012817))),(P_012843,(((P_012937,(P_006421,P_012939)),(P_012803,(P_012853,(P_012837,P_012829)))),(((P_012801,(P_012809,P_012879)),(P_012839,(P_012805,(P_012825,(P_012799,YZRI))))),((P_012909,((P_012865,(P_012931,(P_012935,P_012933))),((P_012849,P_012871),(P_012845,P_012807)))),((GAP_81172,P_012833),((P_012927,(GAP_80295,PSJT)),((P_012915,P_012791),(P_012869,(P_012819,(P_012835,P_012823))))))))))))),((GAP_80322,DHPO),(((P2622,P2623),(P0110C,(P0110B,(XQWC,(P0207A,(P0207C,(P0207B,(P0206H,P0206G)))))))),(((P_018691,P_007845),(((P_018639,P_018779),(P_018695,(P_018645,P_018783))),((P_016797,(OBPL,(GAP_80397,P_016799))),((P_016793,(P_016795,P_006422)),(P_018693,((S08,(P_014095,S38)),((S27,(P_016789,S04)),(P_016791,((P_014099,S03),(P_016787,S02)))))))))),(((P0203H,((P_016909,WZFE),(P0109B,(P_018831,OSHQ)))),(((P_025527,(SJEV,(P_019193,(P_019187,Wsal)))),(P_016921,(GAP_81227,((WKSU,P_019199),(Pcol,(P_006410,GAP_81226)))))),(((Asie,QDVW),((P_019189,P_025525),(PAWA,P_019197))),(P_025523,((P_019191,(GAP_80417,(P2590,GAP_79804))),((P_019185,CSSK),(P2589,OPDF))))))),(P_011613,(WPHN,((P2619,P_011609),(((GAP_79862,P_011587),(P_014081,(P_008647,P0104A))),((MAQO,(WAIL,(P_011527,((GAP_80297,P_014083),(GAP_80298,P_014077))))),(((KRJP,(GAP_80395,P_011549)),((P_011643,(P_011657,(P_011651,P_011509))),((GAP_80393,GAP_80394),((P_011647,(P_011465,(P_011501,(P_011523,(P_011489,P_011487))))),(P_011631,((P_007843,(P_006414,P_007783)),(P_011551,(P_011637,P_007844)))))))),((P_011531,(Schi,(P_006411,P_011699))),(VYLQ,(P_018635,(P_008631,((P_008632,(P_011671,P_011579)),((P_011713,P_011705),(((WIGA,(Dhai,(Apet,Msal))),(KAYP,(BCGB,(ABSS,P_011607)))),(P_006413,((P_016813,((GAP_80389,GAP_80390),((P_006412,P_008640),(P_008646,P_011679)))),(P_011701,((P_011673,(P_011537,(P_011739,P_011677))),(P_011759,((P_011735,P_011675),(P_011715,(P_011681,(P_011611,P_011745)))))))))))))))))))))))))))));
Final quartet score is: 7155625455
Final normalized quartet score is: 0.9490786585102758
You may want to ignore posterior probabilities and other statistics related to the following branch branch because the effective number of genes impacting it is only 1:
	{SJEV, P_019187, P_019193, Wsal}
You may want to ignore posterior probabilities and other statistics related to the following branch branch because the effective number of genes impacting it is only 1:
	{SJEV, P_019187, P_019193, Wsal, P_025527}
You may want to ignore posterior probabilities and other statistics related to the following branch branch because the effective number of genes impacting it is only 1:
	{WKSU, P_019199}
You may want to ignore posterior probabilities and other statistics related to the following branch branch because the effective number of genes impacting it is only 5:
	{P_019189, P_025525}
You may want to ignore posterior probabilities and other statistics related to the following branch branch because the effective number of genes impacting it is only 4:
	{P2590, GAP_79804, GAP_80417}
You may want to ignore posterior probabilities and other statistics related to the following branch branch because the effective number of genes impacting it is only 5:
	{P2590, GAP_79804, P_019191, GAP_80417}
You may want to ignore posterior probabilities and other statistics related to the following branch branch because the effective number of genes impacting it is only 2:
	{P2589, P_019185, OPDF, CSSK, P2590, GAP_79804, P_019191, GAP_80417}
You may want to ignore posterior probabilities and other statistics related to the following branch branch because the effective number of genes impacting it is only 3:
	{P2589, P_019185, OPDF, CSSK, P2590, GAP_79804, P_019191, GAP_80417, P_025523}
You may want to ignore posterior probabilities and other statistics related to the following branch branch because the effective number of genes impacting it is only 10:
	{P2619, P_011609}
You may want to ignore posterior probabilities and other statistics related to the following branch branch because the effective number of genes impacting it is only 6:
	{P_011637, P_007844}
You may want to ignore posterior probabilities and other statistics related to the following branch branch because the effective number of genes impacting it is only 2:
	{P_006411, P_011699}
You may want to ignore posterior probabilities and other statistics related to the following branch branch because the effective number of genes impacting it is only 10:
	{P_011713, P_011705}
You may want to ignore posterior probabilities and other statistics related to the following branch branch because the effective number of genes impacting it is only 1:
	{ABSS, P_011607}
You may want to ignore posterior probabilities and other statistics related to the following branch branch because the effective number of genes impacting it is only 8:
	{P_011611, P_011745}
You may want to ignore posterior probabilities and other statistics related to the following branch branch because the effective number of genes impacting it is only 1:
	{P_011715, P_011735, P_011675, P_011759, P_011537, P_011739, P_011673, P_011611, P_011745, P_011677, P_011681}
You may want to ignore posterior probabilities and other statistics related to the following branch branch because the effective number of genes impacting it is only 1:
	{P_011715, P_011735, P_011675, P_011759, P_011537, P_011739, P_011673, P_011611, P_011745, P_011677, P_011681, P_011701}
You may want to ignore posterior probabilities and other statistics related to the following branch branch because the effective number of genes impacting it is only 1:
	{KRJP, WAIL, MAQO, GAP_79862, P_011527, P_008646, P_006412, P_011715, P_011735, GAP_80389, GAP_80390, WPHN, BCGB, WIGA, ABSS, Apet, Dhai, VYLQ, P_006413, P_011675, P_011759, P_008640, P_016813, P_018635, P_011531, Schi, P_006411, GAP_80297, P_014083, GAP_80298, P_014077, P2619, GAP_80395, P_011549, GAP_80393, GAP_80394, P_011651, P_011509, P_011643, P_006414, P_011631, P_007783, P_011637, P_011647, P_011489, P_011465, P_011501, P_011523, P_011487, P_011587, P_014081, P_008647, P0104A, P_008631, P_011671, P_011679, P_008632, KAYP, Msal, P_011537, P_011713, P_011705, P_007844, P_011657, P_011739, P_011673, P_007843, P_011611, P_011745, P_011579, P_011551, P_011677, P_011681, P_011609, P_011699, P_011607, P_011701}
You may want to ignore posterior probabilities and other statistics related to the following branch branch because the effective number of genes impacting it is only 1:
	{KRJP, WAIL, MAQO, GAP_79862, P_011527, P_008646, P_006412, P_011715, P_011735, GAP_80389, GAP_80390, WPHN, BCGB, WIGA, ABSS, Apet, Dhai, VYLQ, P_006413, P_011675, P_011759, P_008640, P_016813, P_018635, P_011531, Schi, P_006411, GAP_80297, P_014083, GAP_80298, P_014077, P2619, GAP_80395, P_011549, GAP_80393, GAP_80394, P_011651, P_011509, P_011643, P_006414, P_011631, P_007783, P_011637, P_011647, P_011489, P_011465, P_011501, P_011523, P_011487, P_011587, P_014081, P_008647, P0104A, P_008631, P_011671, P_011679, P_008632, KAYP, Msal, P_011537, P_011713, P_011705, P_007844, P_011657, P_011739, P_011673, P_007843, P_011611, P_011745, P_011579, P_011551, P_011677, P_011681, P_011609, P_011699, P_011607, P_011613, P_011701}
You may want to ignore posterior probabilities and other statistics related to the following branch branch because the effective number of genes impacting it is only 1:
	{P_018691, P_007845}
You may want to ignore posterior probabilities and other statistics related to the following branch branch because the effective number of genes impacting it is only 0:
	{P_014095, S38}
You may want to ignore posterior probabilities and other statistics related to the following branch branch because the effective number of genes impacting it is only 5:
	{S08, P_014095, S38}
You may want to ignore posterior probabilities and other statistics related to the following branch branch because the effective number of genes impacting it is only 2:
	{P_016789, S04}
You may want to ignore posterior probabilities and other statistics related to the following branch branch because the effective number of genes impacting it is only 18:
	{P2622, P2623}
28.0 5.98989898989899 1.0101010101010102 35.0 2.094441052590744E-8
163.0 5.833333333333332 6.166666666666666 175.0 6.742096997273479E-62
50.995410246818686 11.993589743589745 6.011000009591562 69.0 5.393246851019098E-12
55.0 13.0 12.0 80.0 1.5501488056068976E-10
1.0 0.0 0.0 1.0 0.3678794411714423
Not enough genes
Cannot perform polytomy test with effective N (after polytomies) 1.0:
	(SJEV,(P_019193,(P_019187,Wsal):0.8983496179902007):0.7308875085427924):0.2876820724517809;
1.0 0.0 0.0 1.0 0.3678794411714423
Not enough genes
Cannot perform polytomy test with effective N (after polytomies) 1.0:
	(P_025527,(SJEV,(P_019193,(P_019187,Wsal):0.8983496179902007):0.7308875085427924):0.2876820724517809):0.2876820724517809;
1.0 0.0 0.0 1.0 0.3678794411714423
Not enough genes
Cannot perform polytomy test with effective N (after polytomies) 1.0:
	(WKSU,P_019199):0.2876820724517809;
79.00870252499148 9.98990015932549 8.001397315683029 97.0 1.0963566856184605E-22
60.98110604482142 20.479452188779554 16.539441766399015 98.0 9.006197247989507E-9
84.51407909359735 55.59679533162182 29.889125574780813 170.0 1.8892126810421564E-6
102.0876928008356 26.2445054945055 36.66780170465891 165.0 4.513674457391372E-14
168.49623014169174 2.0739659367396595 3.4298039215686273 174.0 2.691388125696918E-69
180.69362382471851 1.7027292365323838 8.577845332341273 190.97419839359216 6.822510918599532E-71
146.02677706043733 0.6463620981387479 1.3268608414239482 148.0 1.8559645351618836E-62
2.0245098039215685 0.0 2.9754901960784315 5.0 0.2501600024747148
Not enough genes
Cannot perform polytomy test with effective N (after polytomies) 5.0:
	(P_019189,P_025525):0.006146300848693955;
71.74485901360121 16.66031267768384 13.429582912724744 101.8347546040098 1.803527570772282E-14
54.08298110460922 44.38663831844654 29.01797146061315 127.48759088366891 0.023305391863669703
91.55019758921932 55.521869328791354 42.27191974054366 189.34398665855434 3.350330860629944E-5
28.0 0.0 0.0 28.0 6.914400106940218E-13
4.0 0.0 0.0 4.0 0.018315638888734168
Not enough genes
Cannot perform polytomy test with effective N (after polytomies) 4.0:
	(GAP_80417,(P2590,GAP_79804):2.961830721878311):1.2039728043259361;
2.0 2.0 0.0 4.0 0.36787944117144233
Not enough genes
Cannot perform polytomy test with effective N (after polytomies) 4.0:
	(P_019191,(GAP_80417,(P2590,GAP_79804):2.961830721878311):1.2039728043259361):0.1053605156578264;
54.48934597838553 46.997211280078766 53.513442741535705 155.0 0.7253396170273874
102.50352112676056 8.5 12.996478873239436 124.0 2.8859307629914375E-30
117.75 6.0 9.25 133.0 2.362009505989837E-40
2.0 0.0 0.0 2.0 0.1353352832366126
Not enough genes
Cannot perform polytomy test with effective N (after polytomies) 2.0:
	((P_019191,(GAP_80417,(P2590,GAP_79804):2.961830721878311):1.2039728043259361):0.1053605156578264,((P_019185,CSSK):0.02422714043785567,(P2589,OPDF):1.3094898267529993):1.704281783067):0.6931471805599453;
2.0088235294117647 0.5397058823529411 0.2 2.748529411764706 0.36464858539225653
Not enough genes
Cannot perform polytomy test with effective N (after polytomies) 2.748529411764706:
	(P_025523,((P_019191,(GAP_80417,(P2590,GAP_79804):2.961830721878311):1.2039728043259361):0.1053605156578264,((P_019185,CSSK):0.02422714043785567,(P2589,OPDF):1.3094898267529993):1.704281783067):0.6931471805599453):0.3621824322895644;
174.38023486891055 6.897904257015748 10.8317792653804 192.10991839130668 1.1023100179979643E-62
90.77969937848269 60.44053089940685 36.676978155271584 187.8972084331611 7.959086497049006E-6
10.0 0.0 0.0 10.0 4.539992976248493E-5
Not enough genes
Cannot perform polytomy test with effective N (after polytomies) 10.0:
	(P2619,P_011609):1.9924301646902058;
42.90340909090909 0.03409090909090909 3.0625 46.0 6.14210057146843E-17
31.0 0.0 0.0 31.0 3.4424771084699856E-14
36.0 0.0 0.0 36.0 2.319522830243567E-16
104.62370120827347 9.253443099884297 8.693530665933471 122.57067497409123 3.8230078075477534E-33
62.99393616706599 1.0001580556394838 3.005905777294524 67.0 7.380498742940244E-25
16.995590775564377 8.004685259308893 10.009876249390693 35.01015228426397 0.14825263601049937
35.44511446682433 15.05205309374106 14.515613705787299 65.01278126635269 0.0014024360515663792
28.284580580897504 19.81860480433895 15.8980966660456 64.00128205128206 0.15280090101706686
124.66249693226386 6.03704974051825 46.47410084808187 177.17364752086397 1.804281535466878E-27
165.64046119941486 16.717019306948565 8.49217985014183 190.84966035650527 3.894213766660411E-54
108.87381855590561 3.124027518806661 7.880794701986755 119.87864077669903 1.685471334706535E-39
122.02722021374842 52.4712817406735 3.967610490485108 178.46611244490703 1.9580000607389845E-26
53.01488170183936 8.968331459136433 8.016786839024217 70.0 4.983989786773224E-13
34.38194846013326 33.54180959802315 24.0762419418436 92.0 0.34369822602839084
141.4363929994489 12.018716447476613 14.142921763381148 167.59803121030666 1.9924685122331625E-43
120.94954036249602 20.5575893101537 27.360222906787666 168.86735257943738 5.2151601001071775E-25
74.88528632150981 40.98577210157151 49.11814692556942 164.98920534865073 0.0033624211946695066
62.05803248070434 58.49036833682239 46.951440380295395 167.49984119782212 0.3273680046423937
123.20189745797506 26.16723663782817 24.314223233690726 173.68335732949396 9.950116667069094E-25
91.43453367246086 8.982126384010025 5.553191881966679 105.96985193843757 8.53815240461037E-30
40.85778712501322 32.89967333996791 27.33517332347868 101.09263378845982 0.2539028075538998
27.871604439937666 20.2481144212004 26.825065300634652 74.94478416177272 0.5047808972500508
51.07057747792114 15.89899014434941 12.840298962889227 79.80986658515977 4.2873589405090485E-8
2.9953271028037385 0.9990005637845317 0.9919108655218216 4.986238532110091 0.4483808473818619
Not enough genes
Cannot perform polytomy test with effective N (after polytomies) 4.986238532110091:
	(P_011637,P_007844):0.2884199820519394;
8.657617276995989 6.054284787630794 4.555009313185477 19.26691137781226 0.5111922956532788
19.639350374383763 13.379519655853183 17.191976934786695 50.21084696502364 0.5517875831306874
22.495430054229068 22.17578683907844 8.265039321837287 52.936256215144795 0.023720048252577123
142.88162161490652 12.11687291009341 23.650246646681534 178.64874117168145 5.947439760544556E-39
64.16285836600524 48.73647859600613 65.6327835214732 178.53212048348456 0.22945296473825122
173.83210420896387 3.189660688577131 3.7456367650401985 180.7674016625812 1.8579759574884813E-70
160.14177805179617 16.15164732940734 10.175421159246266 186.4688465404498 4.208805592407704E-51
1.0 0.0 1.0 2.0 0.6065306597126334
Not enough genes
Cannot perform polytomy test with effective N (after polytomies) 2.0:
	(P_006411,P_011699):0.0;
41.01129943502825 1.1016949152542372 1.2146892655367232 43.32768361581921 1.2019830853344099E-16
69.83895262864604 1.1739564555491775 0.6122270813821162 71.62513616557733 1.499084584637203E-29
11.0 6.0 6.0 23.0 0.3372413200235238
88.38054803653432 3.571063782337199 4.578503390377786 96.53011520924932 1.0464046203164872E-32
7.2731204481345255 1.929394617699876 0.14748493416559838 9.35 0.012130315350775092
Not enough genes
Cannot perform polytomy test with effective N (after polytomies) 9.35:
	(P_011713,P_011705):0.8076054606945856;
33.80994976303441 22.307230282703888 21.908480275721605 78.0256603214599 0.17263437058957973
70.21410212509991 47.75302349862564 43.07854334373938 161.04566896746493 0.01983546994091871
102.00643017964693 33.227034081327524 37.226651481695534 172.46011574266998 5.4916205015869535E-12
1.0 0.0 0.0 1.0 0.3678794411714423
Not enough genes
Cannot perform polytomy test with effective N (after polytomies) 1.0:
	(ABSS,P_011607):0.2876820724517809;
68.86505036843323 21.0575693679164 16.275259385887203 106.19787912223683 4.214552705785397E-11
40.286365492696746 34.01900978823326 28.994364311783674 103.29973959271368 0.3947474359254638
93.07007283459455 56.81456172719188 25.770713121379 175.65534768316545 3.842620485411537E-9
129.05642166472998 6.468850715488206 6.119047197281223 141.6443195774994 6.191563150461421E-47
120.23806518134867 17.585935597425795 16.64609295049619 154.47009372927064 1.2591547646493241E-30
29.68429148843825 6.123154256435743 22.506976894292197 58.314422639166196 5.514065613670849E-4
64.4042867981394 38.199965906504644 44.86091091702377 147.4651636216678 0.022966960431779877
51.918860402215884 40.58820939123564 44.93225872826433 137.43932852171585 0.4900314448308385
75.50680354963548 23.034827840027276 34.5230981592633 133.06472954892604 3.5521486205352074E-8
20.975728911539708 6.971606881807012 2.0221660126915784 29.9695018060383 6.289773487844563E-5
9.93133875817495 7.991744683673671 4.557957695784696 22.48104113763332 0.37229073703254
16.70907983212639 13.268556952666996 12.281054340733132 42.25869112552651 0.6814127946567461
81.56252755301156 10.894373449753733 2.1944257378288023 94.6513267405941 8.27033361972562E-27
2.994155560410749 2.0 3.0058444395892505 8.0 0.8824855987075775
Not enough genes
Cannot perform polytomy test with effective N (after polytomies) 8.0:
	(P_011611,P_011745):0.0;
9.51629343262195 8.046710408745792 10.475247524752476 28.038251366120218 0.8520705575553382
34.02400000426028 12.635743874459425 10.77156674335525 57.43131062207496 1.632783034682122E-4
37.07646046033517 15.203313753028983 17.864311539921047 70.1440857532852 0.0022610988887598335
30.538792637362977 24.49759667386025 18.596786267453414 73.63317557867664 0.23394844608861257
0.6666666666666666 0.0 0.3333333333333333 1.0 0.7165313105737892
Not enough genes
Cannot perform polytomy test with effective N (after polytomies) 1.0:
	((P_011673,(P_011537,(P_011739,P_011677):0.7255756109280127):0.1443636448663076):0.08271794893015351,(P_011759,((P_011735,P_011675):1.5098643606323188,(P_011715,(P_011681,(P_011611,P_011745):0.0):0.0):0.46750407593524046):0.3308945609161919):0.12078760970182713):0.0;
1.0 0.0 0.0 1.0 0.3678794411714423
Not enough genes
Cannot perform polytomy test with effective N (after polytomies) 1.0:
	(P_011701,((P_011673,(P_011537,(P_011739,P_011677):0.7255756109280127):0.1443636448663076):0.08271794893015351,(P_011759,((P_011735,P_011675):1.5098643606323188,(P_011715,(P_011681,(P_011611,P_011745):0.0):0.0):0.46750407593524046):0.3308945609161919):0.12078760970182713):0.0):0.2876820724517809;
64.14486912747736 35.68871588200641 39.4396253548224 139.27321036430618 0.005806550834035834
67.354159232534 37.81887833973827 48.60509199750862 153.7781295697809 0.01280927628643884
15.868501480602383 9.583577477676647 14.382200007813031 39.834278966092064 0.44371702938005797
28.82197918292953 8.140354030622554 4.374881563929306 41.33721477748139 3.4599706221908753E-6
33.3210027881699 1.0473262786596118 2.622209806062306 36.99053887289182 2.180916113531109E-12
14.074028699013386 7.077224652803212 9.867380188556071 31.01863354037267 0.30123593928024456
66.08063131792817 27.698065904852214 9.871791141344488 103.65048836412487 4.2547322373960855E-11
83.77725969104762 46.443121553998644 24.940620749577743 155.161001994624 3.6103990558110214E-8
120.68380381205995 17.21329280912407 16.726413918145173 154.62351053932917 6.12697422375208E-31
113.46650683688422 23.98758176272903 49.90502585865035 187.3591144582636 1.818351129049627E-15
91.73629820803471 72.09467574217847 10.116154915725346 173.9471288659385 2.55107164405376E-14
24.938390963838703 17.41897503146622 12.078229272637923 54.435595267942844 0.10021722636673269
31.887684296028358 14.129344224961596 10.050712486756035 56.06774100774599 7.368511048943253E-4
1.0 0.0 0.0 1.0 0.3678794411714423
Not enough genes
Cannot perform polytomy test with effective N (after polytomies) 1.0:
	(WPHN,((P2619,P_011609):1.9924301646902058,(((GAP_79862,P_011587):2.034527351355098,(P_014081,(P_008647,P0104A):3.0602707946915624):3.205452804536062):1.4697039282337405,((MAQO,(WAIL,(P_011527,((GAP_80297,P_014083):2.2033926528543963,(GAP_80298,P_014077):0.2331307176570918):0.36444046093836563):0.1657101529793289):0.7974034601144752):1.5851364762162015,(((KRJP,(GAP_80395,P_011549):1.9040135445912048):0.7337996545048429,((P_011643,(P_011657,(P_011651,P_011509):0.9676701142058258):0.05609168914337967):1.4202466421963322,((GAP_80393,GAP_80394):0.8394111572514071,((P_011647,(P_011465,(P_011501,(P_011523,(P_011489,P_011487):0.19445682781442855):0.05387126043978767):0.8162880998509371):1.523965899404976):0.1056990500289744,(P_011631,((P_007843,(P_006414,P_007783):0.051817016486722156):0.5941649240099022,(P_011551,(P_011637,P_007844):0.2884199820519394):0.15171847378799272):0.07823154937008409):0.1342305561286344):1.1809344428417388):0.036751068882485985):2.725941909216835):1.5202698410224857,((P_011531,(Schi,(P_006411,P_011699):0.0):2.187269198833236):2.8551732304921957,(VYLQ,(P_018635,(P_008631,((P_008632,(P_011671,P_011579):0.20763936477824438):1.9609895215047533,((P_011713,P_011705):0.8076054606945856,(((WIGA,(Dhai,(Apet,Msal):0.15286290064092037):0.16245699069889022):0.48143309895333325,(KAYP,(BCGB,(ABSS,P_011607):0.2876820724517809):0.6229046793610786):0.08271172534010905):0.3428681715978934,(P_006413,((P_016813,((GAP_80389,GAP_80390):1.9457096108340188,((P_006412,P_008640):1.0790327109063667,(P_008646,P_011679):0.28859559529190393):0.16334397376090154):0.06458604872197946):0.42284117919677433,(P_011701,((P_011673,(P_011537,(P_011739,P_011677):0.7255756109280127):0.1443636448663076):0.08271794893015351,(P_011759,((P_011735,P_011675):1.5098643606323188,(P_011715,(P_011681,(P_011611,P_011745):0.0):0.0):0.46750407593524046):0.3308945609161919):0.12078760970182713):0.0):0.2876820724517809):0.2057062988763917):0.16575805600666546):0.08655080480617823):0.7363837614805185):1.6908123163027922):0.17356341954412752):0.5926899415490532):0.3634407106398267):1.0883506771726281):0.5168300269217523):0.3376411838699031):0.1921217759315857):0.4127216119583224):0.2876820724517809;
1.0 0.0 0.0 1.0 0.3678794411714423
Not enough genes
Cannot perform polytomy test with effective N (after polytomies) 1.0:
	(P_011613,(WPHN,((P2619,P_011609):1.9924301646902058,(((GAP_79862,P_011587):2.034527351355098,(P_014081,(P_008647,P0104A):3.0602707946915624):3.205452804536062):1.4697039282337405,((MAQO,(WAIL,(P_011527,((GAP_80297,P_014083):2.2033926528543963,(GAP_80298,P_014077):0.2331307176570918):0.36444046093836563):0.1657101529793289):0.7974034601144752):1.5851364762162015,(((KRJP,(GAP_80395,P_011549):1.9040135445912048):0.7337996545048429,((P_011643,(P_011657,(P_011651,P_011509):0.9676701142058258):0.05609168914337967):1.4202466421963322,((GAP_80393,GAP_80394):0.8394111572514071,((P_011647,(P_011465,(P_011501,(P_011523,(P_011489,P_011487):0.19445682781442855):0.05387126043978767):0.8162880998509371):1.523965899404976):0.1056990500289744,(P_011631,((P_007843,(P_006414,P_007783):0.051817016486722156):0.5941649240099022,(P_011551,(P_011637,P_007844):0.2884199820519394):0.15171847378799272):0.07823154937008409):0.1342305561286344):1.1809344428417388):0.036751068882485985):2.725941909216835):1.5202698410224857,((P_011531,(Schi,(P_006411,P_011699):0.0):2.187269198833236):2.8551732304921957,(VYLQ,(P_018635,(P_008631,((P_008632,(P_011671,P_011579):0.20763936477824438):1.9609895215047533,((P_011713,P_011705):0.8076054606945856,(((WIGA,(Dhai,(Apet,Msal):0.15286290064092037):0.16245699069889022):0.48143309895333325,(KAYP,(BCGB,(ABSS,P_011607):0.2876820724517809):0.6229046793610786):0.08271172534010905):0.3428681715978934,(P_006413,((P_016813,((GAP_80389,GAP_80390):1.9457096108340188,((P_006412,P_008640):1.0790327109063667,(P_008646,P_011679):0.28859559529190393):0.16334397376090154):0.06458604872197946):0.42284117919677433,(P_011701,((P_011673,(P_011537,(P_011739,P_011677):0.7255756109280127):0.1443636448663076):0.08271794893015351,(P_011759,((P_011735,P_011675):1.5098643606323188,(P_011715,(P_011681,(P_011611,P_011745):0.0):0.0):0.46750407593524046):0.3308945609161919):0.12078760970182713):0.0):0.2876820724517809):0.2057062988763917):0.16575805600666546):0.08655080480617823):0.7363837614805185):1.6908123163027922):0.17356341954412752):0.5926899415490532):0.3634407106398267):1.0883506771726281):0.5168300269217523):0.3376411838699031):0.1921217759315857):0.4127216119583224):0.2876820724517809):0.2876820724517809;
1.0 0.0 0.0 1.0 0.3678794411714423
Not enough genes
Cannot perform polytomy test with effective N (after polytomies) 1.0:
	(P_018691,P_007845):0.2876820724517809;
14.0 5.775183755370891 1.1254803812514993 20.90066413662239 0.0022411247745624404
72.77977013508459 41.02109906536389 46.04548365907224 159.84635285952072 0.00421306881660967
62.242982782205054 25.145720333935554 15.547817752410545 102.93652086855116 2.008335115759143E-8
55.93352603003698 46.14432712993548 4.7034251627431365 106.7812783227156 9.454201843210697E-10
84.93727962080607 21.54660813195033 65.33890874009086 171.82279649284726 1.0293678884959292E-8
120.14764905372736 53.21168670824178 3.6006642380308693 176.96 6.515801164342793E-26
130.4741034492793 8.86321529903972 38.200675794963196 177.53799454328222 2.783544628889748E-30
92.33966448157567 34.84884476305939 22.745993753145797 149.93450299778084 9.695739126697192E-13
96.83587691181673 30.36192456816363 24.394607096153685 151.59240857613403 1.265503608252685E-14
0.0 0.0 0.0 0.0 NaN
Not enough genes
Cannot perform polytomy test with effective N (after polytomies) 0.0:
	(P_014095,S38):0.0;
4.710696338837042 0.28427853553481697 0.005025125628140704 5.0 0.015276342939402507
Not enough genes
Cannot perform polytomy test with effective N (after polytomies) 5.0:
	(S08,(P_014095,S38):0.0):1.1321920860375516;
1.0 0.0 1.0 2.0 0.6065306597126334
Not enough genes
Cannot perform polytomy test with effective N (after polytomies) 2.0:
	(P_016789,S04):0.0;
44.733279482466905 2.979982741097662 0.09983007789708448 47.81309230146165 9.938323822368932E-18
129.0505654332993 2.909787199293183 4.959385061495418 136.91973769408793 2.1736957564594344E-50
79.11615018841067 0.010050251256281407 0.0 79.12620043966696 4.4567720094093894E-35
51.153576592679535 45.94998628833686 47.36535334014183 144.46891622115822 0.8604382032013131
56.09108764419802 44.943997665648936 51.82616347165786 152.8612487815048 0.5374810732992048
13.659237766553112 9.948599089622551 12.420178917711354 36.02801577388702 0.7429185080326892
26.9521189670907 5.588897626087902 6.8714881525165765 39.41250474569518 1.797949891946428E-5
62.83473180657464 37.73281163367031 45.54984413226444 146.1173875725094 0.0337890723561929
68.0106297607824 51.78747725816413 45.446088895988055 165.24419591493458 0.08554852728242139
71.2722350126072 67.3760654828017 32.411424865966396 171.05972536137529 3.249306539744704E-4
21.338954517704515 18.651196581196587 14.891956654456653 54.88210775335776 0.5637039582695192
60.2563359794892 0.06433748818649429 0.6224447807810963 60.94311824845679 2.620051006247248E-26
12.587580603071588 2.9898477157360404 2.422571681192371 18.0 0.004348450535580027
53.02658314931952 22.003317398952447 43.95864099976935 118.98854154804133 0.0016362433602887627
63.41360111268498 45.58218132230842 29.486043681421133 138.48182611641454 0.00195076290874688
59.535545595395774 38.99852446167657 40.470188523023744 139.0042585800961 0.058873182378855395
77.59794352197864 53.398316960580964 24.50536289406378 155.50162337662337 1.2027782490615195E-6
38.159903726853464 28.568362233768077 10.071734039378464 76.80000000000001 3.482173903432488E-4
61.49358520093306 2.268763102725367 6.237651696341572 70.0 3.970655201833249E-21
73.4047619047619 1.0 1.5952380952380953 76.0 1.9355111341178902E-30
50.37364206217121 8.766185888160479 21.340230890845532 80.48005884117723 4.246640338356653E-8
183.63040581078556 0.6672433754712235 3.7023508137432186 188.0 8.521346259452092E-77
49.0 0.0 0.0 49.0 5.242885663363409E-22
93.99382716049382 8.75 6.256172839506172 109.0 1.4992425261121492E-30
87.0 0.0 2.0 89.0 7.852382430697051E-37
84.0 13.0 24.0 121.0 1.886550289543305E-16
124.5 5.75 2.75 133.0 5.76069511966994E-48
156.01278709276005 1.845623057205169 2.1402945132472064 159.9987046632124 4.068407900321597E-65
73.66694252997233 40.302197787037095 62.63286438813723 176.60200470514664 0.007385356236005113
133.83548387096772 6.352688172043011 9.005376344086022 149.19354838709674 4.524892342402366E-47
97.15763965963744 37.0062893081761 27.83607103218646 162.0 3.945239277160827E-12
165.0 6.582278481012658 2.9177215189873418 174.5 1.1549376200229325E-64
159.28479596458092 4.774206444588016 7.064325186054636 171.12332759522357 1.9770894165693685E-60
91.65017931477266 37.97477553021544 39.81135189124136 169.43630673622948 7.234421642451776E-8
64.60960517934929 61.56300368934276 55.18038833018751 181.35299719887956 0.6817879097572934
175.01338704666475 1.5703317727090707 1.0530056975383573 177.63672451691218 1.7096465082459493E-74
138.89210242617915 14.65495953912542 6.508479110782204 160.0555410760868 1.558684110387279E-45
56.93596265915463 38.44684069645136 47.11404264923821 142.4968460048442 0.16503838681874222
61.78831673866964 52.31013266215027 46.07683859611851 160.1752879969384 0.3096602069122127
104.83369309163366 35.55264512630718 29.355508590314674 169.74184680825553 3.330464647999106E-14
165.02821301519364 1.9948233948233947 0.02332120587698681 167.046357615894 1.1238075096341914E-70
63.32294101848682 56.06775039828856 50.37118334710315 169.76187476387852 0.47488603210231994
87.24382879902365 38.821098465739844 40.245076200459664 166.31000346522316 1.1265804520761353E-6
121.78818566823719 22.597011389712804 20.81221031196933 165.19740736991932 4.574390682272273E-27
121.08155635698841 26.081827238220477 25.884824017039836 173.04820761224875 2.010297095197905E-23
37.89989088925259 0.015384615384615385 0.015575559192580468 37.93085106382979 3.6910803072787135E-17
49.78502046700885 39.34612001586821 39.05704781578798 128.18818829866504 0.417164116789002
133.62900171047366 14.631585608915191 12.075103707985448 160.3356910273743 6.348187269741765E-40
56.93899947067008 40.27211589896832 38.77990902499481 135.9910243946332 0.10625341711398911
48.440327319753195 44.70935738570288 38.51882058993541 131.6685052953915 0.5642874913762443
45.52467493112767 30.180242677417397 41.866134115917276 117.57105172446234 0.19417521495785953
158.97649883871983 1.045112781954887 0.9499271739558319 160.97153879463056 4.635257034999102E-68
64.20700043166751 32.98857005487329 35.60808379027637 132.80365427681716 0.001142569293460357
43.021362310326104 36.29394614639438 41.81815507037585 121.13346352709634 0.7270568793385171
47.093713743328884 38.62002864872965 36.5243664003947 122.23810879245323 0.46365828552010335
149.88535687175417 5.107972552849844 3.107858620558776 158.1011880451628 4.133941557266789E-59
46.71844218735889 38.65964092898175 30.689112312389014 116.06719542872965 0.19008170847468187
151.0220390720391 4.034095044028819 5.046296565832989 160.1024306819009 6.2195928059758854E-59
136.40054176060565 11.82977346703777 12.641989817698828 160.87230504534224 2.3930718592790644E-42
45.9988815226618 45.30251592692667 39.31492855473609 130.61632600432455 0.733364885845883
47.99978163288251 41.33675021940508 45.205741460494025 134.54227331278162 0.7790885121924701
43.88478150400662 32.90075909130323 39.60694646953569 116.39248706484554 0.4538029960773685
46.893785141925 35.38172575961183 43.92295731354432 126.19846821508116 0.4278070212151126
158.03657914056527 7.578595473251811 7.4892398817724235 173.1044144955895 1.4849192727613176E-57
149.56251328196134 11.951904527272744 10.562089151910136 172.07650696114422 5.2381915821669136E-49
184.0854784342449 4.703711790735402 4.302345990781957 193.09153621576226 2.914211585082025E-73
183.2610174512808 3.2081724116230874 5.155661162911844 191.62485102581573 2.0526717774223365E-73
151.0 0.0 0.0 151.0 2.639570296959296E-66
139.00714215137342 5.9928578486265724 5.9945054945054945 150.9945054945055 1.2945558649774176E-51
126.0 17.5 20.0 163.5 2.716662046372102E-31
175.44096133751304 0.045575757575757575 0.5134629049111807 176.0 1.9516102988061232E-76
144.0 10.0 7.0 161.0 2.853394414157628E-50
177.1656804733728 0.0 0.0 177.1656804733728 1.1426746369102657E-77
101.84506323891388 9.096012930020759 9.083145910942546 120.02422207987719 7.394177404719622E-32
55.16963984095804 48.90300788742279 49.21814268405101 153.29079041243185 0.7835275054164983
92.05114174402107 41.48565635597114 33.97989401619981 167.51669211619202 1.742590435483017E-8
73.67653535188323 63.83150437448768 43.56545617918857 181.07349590555947 0.020133701861202294
153.00534759358288 0.0 1.9946524064171123 155.0 1.777099183557452E-65
118.15155334635772 24.622009987111856 22.824846365790403 165.59840969925997 4.064402410355063E-24
128.0295211600905 2.1385097572848117 24.818724049512117 154.98675496688745 1.4110162999481115E-38
75.65418338954015 29.398345513436077 48.47864072133588 153.5311696243121 2.596733012504979E-5
67.37542609690519 34.887341826795385 51.7665708916728 154.02933881537336 0.0058463156065650616
121.23260881550247 19.496344875658355 23.357967105249475 164.0869207964103 4.035881504275921E-27
153.82334756892092 19.411092734324175 14.838467854592716 188.07290815783782 6.505367480777593E-44
140.0 1.0 5.0 146.0 1.3604001797711038E-56
144.98443312915927 2.968749914855472 3.0619595611013657 151.0151426051161 1.0887207866112941E-58
88.99570039880358 35.166666666666664 34.333333333333336 158.4957003988036 8.621004251726821E-9
145.03734637519236 4.026672562715548 7.419360941880809 156.4833798797887 1.2909699686459635E-54
101.01127246519809 26.015835733517594 35.45627168107305 162.48337987978874 4.179891102914054E-14
115.64704959196484 34.355829466545 29.35328162610298 179.35616068461283 8.982647537528093E-18
170.9127981914858 1.5785140477071444 1.964243316362633 174.45555555555555 6.027475722426873E-72
64.93700463077974 61.69942184646318 47.23776371165315 173.87419018889608 0.21601970500656262
169.23925385239255 2.875 0.8857461476074615 173.0 4.781151181164181E-71
70.96838940186726 20.981669908723628 60.04994068940911 152.0 1.2010861225058433E-6
157.76162152131647 4.213221044023179 11.023642283145191 172.99848484848485 2.0936351642883386E-57
71.0407811306631 40.98363275653037 55.052967065187474 167.07738095238096 0.017232498276624375
55.96040288264916 54.02204133349318 51.013034696231486 160.9954789123738 0.8906498356991879
126.97402856857457 21.52127659574468 17.504694835680752 166.0 5.7072180097841835E-31
170.65696013262394 1.9765890839798557 0.3664507833962045 173.0 7.653724816342974E-73
169.39247707260236 10.34344095527558 6.576203184243283 186.3121212121212 4.015559827552429E-61
73.21258952837134 64.27735187602951 46.27997087630091 183.76991228070176 0.046324901123883794
178.1339689732028 3.7386359744265056 5.220883049142182 187.09348799677147 9.918826334574211E-71
178.8252881489679 7.190737493973559 6.15973117995082 192.17575682289228 1.0596309175017935E-67
184.058121207156 4.274210217681481 4.015344951579381 192.34767637641687 8.233458602755192E-74
88.37875992975886 42.553078290514826 46.046027995439665 176.97786621571333 1.6202493473916157E-5
151.11437913754187 10.900109587554907 16.025330903241084 178.03981962833785 5.39423869548957E-47
158.95086018862497 11.80788745990061 15.552238032074628 186.3109856806002 6.06152486589644E-50
94.49944121069147 40.315684041851284 55.157358686132184 189.97248393867494 4.199185014538496E-6
166.17045271348195 2.8702093680651752 15.532422242015352 184.57308432356245 5.515201455603974E-59
168.41463414634146 0.5263157894736842 1.0590500641848524 170.0 1.661476697693106E-72
184.70436293537884 0.23281954716961983 0.06281751745151624 185.0 1.0969553515461088E-80
116.66281312580212 6.443882659552047 69.23331216974648 192.34000795510065 1.9690746639521924E-21
133.68430984742582 18.50557042669381 39.576924873482966 191.7668051476026 2.7989092588724704E-26
183.08472275400186 1.725362629547729 6.163458095189574 190.97354347873917 9.71472925462121E-74
125.16140163175042 43.51332331320611 18.16101156794509 186.8357365129016 1.5794483104440545E-22
55.286432798641854 0.7880555555555555 0.2778225205070842 56.3523108747045 7.834518198679418E-24
51.160493827160494 3.66025641025641 2.1728395061728394 56.993589743589745 1.785810329225001E-18
27.5 1.75 8.75 38.0 8.356417959108486E-7
Extended species tree:
(P0109B,((P_018831,OSHQ)0:1.0986122886681098,((P_016909,WZFE)0:2.200069529468451,(P0203H,((((P_025527,(SJEV,(P_019193,(P_019187,Wsal)0:0.8983496179902007)0:0.7308875085427924)NA:0.2876820724517809)NA:0.2876820724517809,(P_016921,(GAP_81227,((WKSU,P_019199)NA:0.2876820724517809,(Pcol,(P_006410,GAP_81226)0:1.2355215239537936)0:0.5515714965208449)0:0.27621681179200397)0:0.5490107364841763)0:2.886938878834844)0:2.4288136897931025,(((Asie,QDVW)0:3.5088346685525162,((P_019189,P_025525)NA:0.006146300848693955,(PAWA,P_019197)0:0.7907754018187482)0.02331:0.1408493232497327)0.00003:0.25033304414260765,(P_025523,((P_019191,(GAP_80417,(P2590,GAP_79804)0:2.961830721878311)NA:1.2039728043259361)NA:0.1053605156578264,((P_019185,CSSK)0.72534:0.02422714043785567,(P2589,OPDF)0:1.3094898267529993)0:1.704281783067)NA:0.6931471805599453)NA:0.3621824322895644)0:1.9276848245378506)0.00001:0.24957205593171344,((P_011613,(WPHN,((P2619,P_011609)NA:1.9924301646902058,(((GAP_79862,P_011587)0:2.034527351355098,(P_014081,(P_008647,P0104A)0:3.0602707946915624)0:3.205452804536062)0:1.4697039282337405,((MAQO,(WAIL,(P_011527,((GAP_80297,P_014083)0:2.2033926528543963,(GAP_80298,P_014077)0.14825:0.2331307176570918)0.0014:0.36444046093836563)0.1528:0.1657101529793289)0:0.7974034601144752)0:1.5851364762162015,(((KRJP,(GAP_80395,P_011549)0:1.9040135445912048)0:0.7337996545048429,((P_011643,(P_011657,(P_011651,P_011509)0:0.9676701142058258)0.3437:0.05609168914337967)0:1.4202466421963322,((GAP_80393,GAP_80394)0:0.8394111572514071,((P_011647,(P_011465,(P_011501,(P_011523,(P_011489,P_011487)0.00336:0.19445682781442855)0.32737:0.05387126043978767)0:0.8162880998509371)0:1.523965899404976)0.2539:0.1056990500289744,(P_011631,((P_007843,(P_006414,P_007783)0.50478:0.051817016486722156)0:0.5941649240099022,(P_011551,(P_011637,P_007844)NA:0.2884199820519394)0.51119:0.15171847378799272)0.55179:0.07823154937008409)0.02372:0.1342305561286344)0:1.1809344428417388)0.22945:0.036751068882485985)0:2.725941909216835)0:1.5202698410224857,((P_011531,(Schi,(P_006411,P_011699)NA:0.0)0:2.187269198833236)0:2.8551732304921957,(VYLQ,(P_018635,(P_008631,((P_008632,(P_011671,P_011579)0.33724:0.20763936477824438)0:1.9609895215047533,((P_011713,P_011705)NA:0.8076054606945856,(((WIGA,(Dhai,(Apet,Msal)0.17263:0.15286290064092037)0.01984:0.16245699069889022)0:0.48143309895333325,(KAYP,(BCGB,(ABSS,P_011607)NA:0.2876820724517809)0:0.6229046793610786)0.39475:0.08271172534010905)0:0.3428681715978934,(P_006413,((P_016813,((GAP_80389,GAP_80390)0:1.9457096108340188,((P_006412,P_008640)0:1.0790327109063667,(P_008646,P_011679)0.00055:0.28859559529190393)0.02297:0.16334397376090154)0.49003:0.06458604872197946)0:0.42284117919677433,(P_011701,((P_011673,(P_011537,(P_011739,P_011677)0.00006:0.7255756109280127)0.37229:0.1443636448663076)0.68141:0.08271794893015351,(P_011759,((P_011735,P_011675)0:1.5098643606323188,(P_011715,(P_011681,(P_011611,P_011745)NA:0.0)0.85207:0.0)0.00016:0.46750407593524046)0.00226:0.3308945609161919)0.23395:0.12078760970182713)NA:0.0)NA:0.2876820724517809)0.00581:0.2057062988763917)0.01281:0.16575805600666546)0.44372:0.08655080480617823)0:0.7363837614805185)0:1.6908123163027922)0.30124:0.17356341954412752)0:0.5926899415490532)0:0.3634407106398267)0:1.0883506771726281)0:0.5168300269217523)0:0.3376411838699031)0.10022:0.1921217759315857)0.00074:0.4127216119583224)NA:0.2876820724517809)NA:0.2876820724517809,(((P_018691,P_007845)NA:0.2876820724517809,(((P_018639,P_018779)0.00224:0.6141050302612888,(P_018695,(P_018645,P_018783)0.00421:0.1968913208955747)0:0.5079690735750663)0:0.32632728126206184,((P_016797,(OBPL,(GAP_80397,P_016799)0:0.2707666408297968)0:0.7188912607869917)0:0.9068051347601191,((P_016793,(P_016795,P_006422)0:0.5407342668508095)0:0.6013106989216377,(P_018693,((S08,(P_014095,S38)NA:0.0)NA:1.1321920860375516,((S27,(P_016789,S04)NA:0.0)0:2.0764823439687152,(P_016791,((P_014099,S03)0:2.338625323932474,(P_016787,S02)0:3.9681377057721794)0.86044:0.027853476668558794)0.53748:0.047966676596491085)0.74292:0.05480884285786839)0.00002:0.693923167454143)0.03379:0.15158961524703174)0.08555:0.12064468787617585)0.00032:0.1293623046514676)0.5637:0.07556978400869803)0:3.1979286770225808,(((P2622,P2623)0.00435:0.6807372303201671,(P0110C,(P0110B,(XQWC,(P0207A,(P0207C,(P0207B,(P0206H,P0206G)0.00164:0.17780646996877764)0.00195:0.20083857091638854)0.05887:0.1483392821657196)0:0.27937340859171783)0.00035:0.2688351849304984)0:1.60524795619292)0:2.6587300952139614)0:0.5574790802031631,((GAP_80322,DHPO)0:3.1555295712649505,(((P_012861,((P_012855,(P_012827,P_007802)0:3.506557897319981)0:1.5220408073779712,((P_012919,P_012921)0:2.9957322735539913,(P_012813,P_018637)0:0.7609697768987064)0:2.241082893236251)0:3.0693137585088044)0.00739:0.13031370818103075,(((P_012797,(P_012841,((P_012913,P_012877)0:1.8117386585021364,(P_012811,(P_012891,P_012895)0:0.5010216873313798)0:2.4107986776342782)0:2.1902951999329656)0:0.36615961787771095)0.68179:0.03197163293676357,((((P_012925,P_012883)0:3.4924936093842645,(P_012857,(P_012815,P_012903)0:1.5778401494405772)0.16504:0.09999992773327158)0.30966:0.07800637873442112,(P_012875,((P_012831,P_012905)0:0.5464254774266453,(P_012901,(P_012887,P_012851)0:3.614132499466207)0.47489:0.0578823046826842)0:0.3315298155990088)0:0.9142640308763555)0:0.7842047140661867,(P_018689,((P_012885,(GAP_80294,P_006420)0:3.225831338330528)0.41716:0.08126679264279392,(P_012859,(((P_012873,P_012881)0:1.3563482480158617,(GAP_80291,P_012907)0.10625:0.1317735653436006)0.56429:0.048858946866312154,((P_012889,((P_012863,P_006418)0.19418:0.07895272742415484,(P_012793,(GAP_80292,P_006419)0:3.5849979528865292)0.00114:0.24819186145180375)0.72706:0.02878345264213861)0.46366:0.07602174722448272,((P_012897,(GAP_80293,P_012893)0:2.4431525095652757)0.19008:0.10381792055777689,(P_012911,(P_012821,P_012917)0:2.3659831579193282)0:1.4437721593754749)0.73336:0.02453690781331503)0.77909:0.03169416903645563)0.4538:0.06266756461503424)0.42781:0.054455561423374085)0:1.9773706247540674)0:1.5906729057666604)0:2.5596740881029407)0:2.618424635574572,((P_012867,((P_012923,P_012847)0:4.618415412738117,(P_012899,P_012817)0:2.0544024298365517)0:1.0467872208035236)0:4.326615235154906,(P_012843,(((P_012937,(P_006421,P_012939)0:1.7917594692280545)0:4.77724879844455,(P_012803,(P_012853,(P_012837,P_012829)0:1.436701387489354)0.78353:0.03703111811742797)0:0.38472938230723114)0.02013:0.11314527167101,(((P_012801,(P_012809,P_012879)0:3.5475627322667633)0:0.8296536240816573,(P_012839,(P_012805,(P_012825,(P_012799,YZRI)0:1.3136300129556886)0.00003:0.2670412104213549)0.00585:0.16475302295196748)0:0.92013397100937)0:1.2742145263971394,((P_012909,((P_012865,(P_012931,(P_012935,P_012933)0:2.6390573296152575)0:2.668227408259099)0:0.4109391471878592,((P_012849,P_012871)0:2.1324528418761046,(P_012845,P_012807)0:0.5565260491881948)0:0.6195664460722252)0:3.2483864814226213)0.21602:0.05869253176102101,((GAP_81172,P_012833)0:3.1931857814485713,((P_012927,(GAP_80295,PSJT)0:0.2178681452049838)0:1.9662973121012597,((P_012915,P_012791)0.01723:0.14387114107147733,(P_012869,(P_012819,(P_012835,P_012823)0.89065:0.018333373470906113)0:1.0230001751038387)0:3.5467096581110193)0:1.9414136656786007)0.04632:0.09910766131485395)0:2.5329452280752225)0:2.1943527216374403)0:2.6301342232360345)0.00002:0.2808487419054206)0:1.452605010120192)0:1.482321025863449)0:0.2774006270616883)0:1.852574975045352,(P_012795,P_012941)0:3.78633142098673)0:4.561279049624827)0:0.5193808953865046)0:0.7770813940484477)0:2.667098071202326)0:0.6921506990335514)0:2.918192674430599)0:1.733089521732555)0:0.8157495026522779));
Weight calculation took 86.81756852 secs
ASTRAL finished in 113.98 secs
