
================== ASTRAL ===================== 

This is ASTRAL version 5.7.7
Gene trees are treated as unrooted
339 trees read from all_bs10.trees
index19
All output trees will be *arbitrarily* rooted at P0109B

======== Running the main analysis
Number of taxa: 244 (244 species)
Taxa: [Apet, VYLQ, WPHN, WAIL, MAQO, P_011609, Sdec, P_019189, P_019197, P2590, GAP_79804, P_008647, P0104A, P_014081, P_011587, P_011701, GAP_80417, P_025523, P0203H, P0109B, P_016909, P_018831, P0110C, P2622, P0110B, P0207A, P0207C, P0207B, P0206H, P0206G, XQWC, P2623, P_007845, P_011579, P_018639, GAP_80322, P_012855, P_007802, P_012827, P_012919, P_012921, P_012813, P_018637, P_012795, P_012941, P_012839, P_012799, P_012805, P_012825, P_012879, P_012809, P_012801, P_012909, GAP_80295, PSJT, P_012927, P_012915, P_012791, P_012869, P_012835, P_012819, P_012823, GAP_81172, P_012833, P_012865, P_012935, P_012933, P_012931, P_012871, P_012849, P_012845, P_012807, P_012803, P_012853, P_012837, P_012829, P_012937, P_006421, P_012939, P_012867, P_012899, P_012817, P_012847, P_012923, P_012843, P_012861, P_012841, P_012913, P_012877, P_012797, P_012901, P_012851, P_012887, P_012905, P_012875, P_012831, P_012857, P_012903, P_012815, P_012925, P_012883, P_012897, P_012907, P_006420, GAP_80294, GAP_80291, GAP_80293, P_012893, P_012885, P_012881, P_012873, GAP_80292, P_006419, P_012859, P_012889, P_012863, P_006418, P_012917, P_012821, P_012911, P_012793, P_018689, P_012891, P_012895, P_012811, GAP_81227, P_016921, Pcol, GAP_81226, P_006410, GAP_79862, P_014077, P_018635, P_011527, GAP_80298, P_014083, GAP_80297, P_007844, P_011637, P_011647, Schi, P_006411, P_011531, P_011549, GAP_80395, P_011739, P_011465, P_011501, P_011489, P_011487, P_011523, P_006414, P_007843, P_007783, GAP_80393, GAP_80394, P_011651, P_011509, P_011643, P_011551, P_011657, P2619, BCGB, P_011699, P_011715, P_011705, P_011713, P_006413, P_011759, P_011675, P_011735, P_011537, P_011671, P_008632, P_011677, WIGA, GAP_80389, P_011679, P_011681, GAP_80390, P_008646, P_006412, P_008640, P_011673, P_011745, P_016813, OBPL, GAP_80397, P_016799, P_016797, P_016793, P_018695, P_018783, P_018645, P_016789, S27, P_016791, S02, P_016787, S04, S03, P_018779, P_014099, P_018691, P_018693, P_006422, P_016795, YZRI, DHPO, WKSU, PAWA, P2589, P_019185, OPDF, CSSK, P_019193, Wsal, P_019187, SJEV, WZFE, QDVW, Asie, KRJP, ABSS, Dhai, Msal, P_011631, S38, S08, OSHQ, P_019191, P_025525, P_014095, P_011613, P_008631, KAYP, P_011719, P_014073, P_025527, P_011709, P_011611, P_019199, P_011607, P_011589]
Taxon occupancy: {P_019193=264, P_019191=106, P_019197=278, OPDF=315, GAP_81172=317, P_018783=318, P_019199=82, Wsal=258, P_016921=319, WKSU=335, P_025523=44, P_025525=80, P_025527=31, P_014073=44, P0203H=185, P_014077=170, QDVW=323, P_011487=318, P_011489=320, P_016813=269, P_006421=307, P_006422=313, P_006420=229, P_006418=300, P_006419=305, P_014081=203, P_006414=315, P_014083=213, P_018689=315, P0206H=283, P0206G=268, Msal=282, P0109B=138, P_012901=308, P_006410=306, P_006411=305, P_012903=312, P_006412=314, P_006413=298, P_012905=318, P_012907=313, GAP_79862=298, PAWA=316, ABSS=332, P_012909=314, P_018691=130, GAP_80291=318, P_018695=305, P_014095=119, GAP_80293=312, GAP_80292=304, P_018693=309, GAP_80295=315, GAP_80294=302, P_014099=313, GAP_80297=316, GAP_80298=311, P_011701=55, P_012911=310, P_012913=256, P_012915=316, P_011705=162, P_012917=293, P_012919=286, P_011709=27, P_012881=311, P_011671=165, P_011551=191, MAQO=332, P_012883=316, P_011673=244, GAP_80322=321, P_012885=306, P_011675=281, P2590=249, P_012887=310, P_011677=234, P_012889=301, P_011679=256, P_008647=291, PSJT=320, P2589=248, P_012891=298, P_011681=212, P_012893=311, P_018637=307, P_012895=305, P_018635=282, P_012897=303, P0207C=292, P0207B=297, P_012899=308, P0207A=307, P_018639=282, P_008646=319, P_008640=317, BCGB=328, WZFE=328, P_018645=313, KRJP=327, KAYP=192, P_011699=151, P_011579=232, CSSK=316, P_008632=312, P_016909=322, P_007783=292, P_008631=51, P_019187=310, P_019185=291, Sdec=58, P_019189=252, P_012791=316, P_012793=308, P_012795=313, Asie=250, P_011465=321, P_018779=241, P_011587=215, P_012797=317, P_012799=314, P_011589=4, GAP_80417=153, WIGA=316, GAP_79804=229, P_007802=254, P_012841=309, P_011631=239, P_012843=319, Pcol=257, P_012845=309, P_012847=300, P_011637=315, P_011759=268, P_012849=298, Apet=139, OBPL=330, P0110C=277, P_018831=310, P0110B=193, YZRI=329, P_012851=311, P_012853=310, P_011643=329, P_011523=321, P_012855=296, P_012857=310, P_011647=279, P_011527=170, P_012859=298, WAIL=334, P_016789=310, P_012861=303, P_011651=274, P_011531=240, P_016787=315, P_012863=311, P_012865=304, Schi=255, P_012867=313, P_011657=270, P_011537=219, P_012869=306, P_016793=312, P_016791=320, P_016797=318, SJEV=325, P_016795=303, P_012871=297, P_012873=308, P_016799=314, P_012875=309, P_012877=300, P_012879=314, P_011549=288, P_007844=209, P_007845=43, S02=213, P_012921=275, S04=74, P_012801=321, S03=286, P_012923=300, P_011713=200, P_012803=313, P_012925=305, P_011715=258, S08=174, P_012805=309, P_007843=272, P_012927=310, P_012807=310, P_011719=29, P_012809=309, VYLQ=330, DHPO=332, GAP_80390=275, P2622=201, P2623=96, XQWC=334, GAP_80394=321, GAP_80393=329, GAP_80395=321, GAP_80397=322, P_012931=311, P_012811=307, WPHN=325, P_012933=292, P_012813=305, P_012935=303, P_012815=298, P_012937=315, P_012817=307, P_011607=7, P_012939=297, P_011609=181, P_012819=308, P2619=171, OSHQ=323, GAP_80389=285, P_012941=318, P_012821=307, P_011611=47, P_012823=318, P_011613=79, P_011735=314, P_012825=318, S27=231, P_012827=274, P_011739=261, P_012829=196, Dhai=312, P0104A=250, P_012831=290, P_011501=324, P_012833=308, GAP_81226=317, GAP_81227=328, P_011745=268, P_012835=312, S38=85, P_012837=318, P_012839=304, P_011509=323}
Number of gene trees: 339
339 trees have missing taxa
Calculating quartet distance matrix (for completion of X)
Species tree distances calculated ...
Will attempt to complete bipartitions from X before adding using a distance matrix.
Building set of clusters (X) from gene trees 
------------------------------
gradient0: 48841
Number of Clusters after addition by distance: 48841
calculating extra bipartitions to be added at level 1 ...
Adding to X using resolutions of greedy consensus ...
Limit for sigma of degrees:6150
polytomy size limit : 41
discarded polytomies:  [3, 3, 3, 3, 3, 3, 3, 3, 3, 3, 3, 3, 3, 3, 3, 3, 3, 3, 3, 3, 3, 3, 3, 4, 4, 4, 4, 4, 4, 4, 4, 4, 4, 4, 4, 4, 4, 4, 4, 5, 5, 5, 5, 6, 6, 6, 8, 9, 11, 11, 13, 14, 14, 18, 41]
Threshold 0.0:
Threshold 0.01:
Threshold 0.02:
polytomy of size 4; rounds with additions with at least 5 support: 1; clusters: 48849
Threshold 0.05:
polytomy of size 4; rounds with additions with at least 5 support: 0; clusters: 48849
polytomy of size 6; rounds with additions with at least 5 support: 0; clusters: 48855
polytomy of size 3; rounds with additions with at least 5 support: 0; clusters: 48855
polytomy of size 3; rounds with additions with at least 5 support: 0; clusters: 48855
Threshold 0.1:
polytomy of size 3; rounds with additions with at least 5 support: 0; clusters: 48855
polytomy of size 3; rounds with additions with at least 5 support: 0; clusters: 48855
polytomy of size 5; rounds with additions with at least 5 support: 0; clusters: 48855
polytomy of size 3; rounds with additions with at least 5 support: 0; clusters: 48855
polytomy of size 11; rounds with additions with at least 5 support: 0; clusters: 48859
polytomy of size 3; rounds with additions with at least 5 support: 0; clusters: 48859
polytomy of size 4; rounds with additions with at least 5 support: 0; clusters: 48859
polytomy of size 5; rounds with additions with at least 5 support: 0; clusters: 48867
polytomy of size 4; rounds with additions with at least 5 support: 0; clusters: 48867
polytomy of size 4; rounds with additions with at least 5 support: 0; clusters: 48867
polytomy of size 3; rounds with additions with at least 5 support: 0; clusters: 48867
Threshold 0.2:
polytomy of size 3; rounds with additions with at least 5 support: 0; clusters: 48867
polytomy of size 4; rounds with additions with at least 5 support: 0; clusters: 48867
polytomy of size 3; rounds with additions with at least 5 support: 0; clusters: 48867
polytomy of size 4; rounds with additions with at least 5 support: 0; clusters: 48867
polytomy of size 9; rounds with additions with at least 5 support: 0; clusters: 48869
polytomy of size 5; rounds with additions with at least 5 support: 0; clusters: 48869
polytomy of size 13; rounds with additions with at least 5 support: 0; clusters: 48871
polytomy of size 3; rounds with additions with at least 5 support: 0; clusters: 48871
polytomy of size 4; rounds with additions with at least 5 support: 0; clusters: 48871
polytomy of size 3; rounds with additions with at least 5 support: 0; clusters: 48871
polytomy of size 3; rounds with additions with at least 5 support: 0; clusters: 48871
polytomy of size 4; rounds with additions with at least 5 support: 0; clusters: 48871
polytomy of size 3; rounds with additions with at least 5 support: 0; clusters: 48871
polytomy of size 3; rounds with additions with at least 5 support: 0; clusters: 48871
polytomy of size 4; rounds with additions with at least 5 support: 0; clusters: 48871
polytomy of size 3; rounds with additions with at least 5 support: 0; clusters: 48871
polytomy of size 8; rounds with additions with at least 5 support: 0; clusters: 48879
polytomy of size 18; rounds with additions with at least 5 support: 0; clusters: 48897
polytomy of size 4; rounds with additions with at least 5 support: 0; clusters: 48897
Threshold 0.3333333333333333:
polytomy of size 3; rounds with additions with at least 5 support: 0; clusters: 48897
polytomy of size 3; rounds with additions with at least 5 support: 0; clusters: 48897
polytomy of size 14; rounds with additions with at least 5 support: 0; clusters: 48899
polytomy of size 3; rounds with additions with at least 5 support: 0; clusters: 48899
polytomy of size 4; rounds with additions with at least 5 support: 0; clusters: 48899
polytomy of size 14; rounds with additions with at least 5 support: 0; clusters: 48901
polytomy of size 5; rounds with additions with at least 5 support: 0; clusters: 48901
polytomy of size 3; rounds with additions with at least 5 support: 0; clusters: 48901
polytomy of size 3; rounds with additions with at least 5 support: 0; clusters: 48901
polytomy of size 3; rounds with additions with at least 5 support: 0; clusters: 48901
polytomy of size 4; rounds with additions with at least 5 support: 0; clusters: 48901
polytomy of size 6; rounds with additions with at least 5 support: 0; clusters: 48901
polytomy of size 4; rounds with additions with at least 5 support: 0; clusters: 48901
polytomy of size 4; rounds with additions with at least 5 support: 0; clusters: 48901
polytomy of size 3; rounds with additions with at least 5 support: 0; clusters: 48901
polytomy of size 11; rounds with additions with at least 5 support: 0; clusters: 48901
polytomy of size 4; rounds with additions with at least 5 support: 0; clusters: 48901
polytomy of size 3; rounds with additions with at least 5 support: 0; clusters: 48901
polytomy of size 6; rounds with additions with at least 5 support: 0; clusters: 48901
polytomy of size 41; rounds with additions with at least 5 support: 0; clusters: 48961
max k is :2
Number of Clusters after addition by greedy: 48961
gradient0 in heuristiic: 48961
partitions formed in 32.837 secs
Dynamic Programming starting after 32.837 secs
Using tree-based weight calculation.
Using polytree-based weight calculation.
Polytree max score: 20377680511
Polytree building time: 0.272 seconds.
Number of quartet trees in the gene trees: 20377680511
Size of largest cluster: 244
Greedy score: 18449694340
estimationFactor: 1.1044996266859564
Sub-optimal score: 18599724594
Calculated 100000 weights; time (seconds): 217
Total Number of elements weighted: 153089
Normalized score (portion of input quartet trees satisfied before correcting for multiple individuals): 0.943929612431443
Optimization score: 19235096067
Optimal tree inferred in 348.25 secs.
(P_011713,(P_011705,(P_006413,(((P_016813,((GAP_80389,GAP_80390),((P_006412,P_008640),(P_011679,P_008646)))),((P_014073,P_011589),((P_011701,P_011681),(P_011673,((P_011537,(P_011739,P_011677)),(P_011759,((P_011675,P_011735),(P_011715,(P_011745,P_011611))))))))),(((KAYP,(BCGB,ABSS)),(WIGA,(Apet,(Dhai,Msal)))),((P_011719,P_011607),((P_011579,(P_011671,P_008632)),(P_008631,(P_018635,(VYLQ,((P_011531,(P_011699,(Schi,P_006411))),(((KRJP,(P_011549,GAP_80395)),((P_011657,(P_011643,(P_011651,P_011509))),((GAP_80393,GAP_80394),(P_011631,((P_011551,((P_007844,P_011637),(P_007843,(P_006414,P_007783)))),(P_011647,(P_011465,(P_011501,(P_011523,(P_011489,P_011487)))))))))),(((P_011587,GAP_79862),(P_014081,(P_008647,P0104A))),(((P_011609,(Sdec,P2619)),(MAQO,(WAIL,(P_011527,(P_014077,(GAP_80298,(P_014083,GAP_80297))))))),((WPHN,P_011613),(((P0203H,((P_016909,WZFE),(P0109B,(P_018831,OSHQ)))),(((SJEV,(P_019193,(Wsal,P_019187))),(P_016921,(WKSU,(GAP_81227,(Pcol,(GAP_81226,P_006410)))))),((P_011709,(P_025527,(P_025523,P_025525))),(((QDVW,Asie),(P_019189,(P_019197,PAWA))),(((P_019185,CSSK),(P2589,OPDF)),((P_019191,P_019199),(GAP_80417,(P2590,GAP_79804)))))))),((P_007845,(((P_018639,P_018779),(P_018695,(P_018783,P_018645))),(P_018691,((P_016797,(OBPL,(GAP_80397,P_016799))),((P_016793,(P_006422,P_016795)),(P_018693,((S08,P_014095),((S38,(S04,(P_016789,S27))),((S02,P_016787),(P_016791,(S03,P_014099))))))))))),(((P2622,P2623),(P0110C,(XQWC,(P0207A,(P0110B,(P0207C,(P0207B,(P0206H,P0206G)))))))),((GAP_80322,DHPO),((P_012795,P_012941),((P_012861,((P_012855,(P_007802,P_012827)),((P_012813,P_018637),(P_012919,P_012921)))),(((P_012797,(P_012841,((P_012913,P_012877),(P_012811,(P_012891,P_012895))))),((((P_012903,P_012815),(P_012857,(P_012925,P_012883))),(P_012875,((P_012905,P_012831),(P_012901,(P_012851,P_012887))))),(P_018689,((P_012885,(P_006420,GAP_80294)),(P_012859,((P_012907,(GAP_80291,(P_012881,P_012873))),((P_012897,(GAP_80293,P_012893)),((P_012863,(P_012911,(P_012917,P_012821))),(P_012889,(P_006418,(P_012793,(GAP_80292,P_006419)))))))))))),((P_012867,((P_012899,P_012817),(P_012847,P_012923))),(P_012843,(((P_012937,(P_006421,P_012939)),(P_012803,(P_012853,(P_012837,P_012829)))),(((P_012801,(P_012879,P_012809)),((P_012839,P_012805),(P_012825,(P_012799,YZRI)))),((P_012909,((P_012865,(P_012931,(P_012935,P_012933))),((P_012845,P_012807),(P_012871,P_012849)))),((GAP_81172,P_012833),((PSJT,(GAP_80295,P_012927)),((P_012915,P_012791),(P_012869,(P_012823,(P_012835,P_012819)))))))))))))))))))))))))))))))));
Final quartet score is: 19235096067
Final normalized quartet score is: 0.943929612431443
You may want to ignore posterior probabilities and other statistics related to the following branch branch because the effective number of genes impacting it is only 13:
	{P_025523, P_025525}
You may want to ignore posterior probabilities and other statistics related to the following branch branch because the effective number of genes impacting it is only 0:
	{P_025523, P_025525, P_025527}
You may want to ignore posterior probabilities and other statistics related to the following branch branch because the effective number of genes impacting it is only 9:
	{P_025523, P_025525, P_025527, P_011709}
You may want to ignore posterior probabilities and other statistics related to the following branch branch because the effective number of genes impacting it is only 1:
	{P_011719, P_011607}
You may want to ignore posterior probabilities and other statistics related to the following branch branch because the effective number of genes impacting it is only 1:
	{P_014073, P_011589}
Extended species tree:
(P0109B,((P_018831,OSHQ)69.73:0.7721521158700962,((P_016909,WZFE)82.6:1.3281482175073804,(P0203H,((((SJEV,(P_019193,(Wsal,P_019187)58.35:0.4643448994513968)77.34:1.066117203185229)86.77:1.595538504582297,(P_016921,(WKSU,(GAP_81227,(Pcol,(GAP_81226,P_006410)79.74:1.1754869685873717)70.48:0.8050135577928469)45.29:0.19504149476081753)50.23:0.2891074831671471)94.12:2.37850660748995)88.47:1.7286613078406738,((P_011709,(P_025527,(P_025523,P_025525)69.23:0.6241543090729941)NaN:0.0)36.21:0.0,(((QDVW,Asie)99.17:3.9775391393134427,(P_019189,(P_019197,PAWA)64.62:0.6244541831001278)37.26:0.05810231983321967)46.51:0.21720442241667068,(((P_019185,CSSK)33.03:0.0,(P2589,OPDF)67.31:0.7037617799567522)81.3:1.2553198745086893,((P_019191,P_019199)66.03:0.6396118715299771,(GAP_80417,(P2590,GAP_79804)91.19:1.945163934791787)67.72:0.7021391766819313)59.07:0.4761641917600131)79.01:1.1414791830682354)57.14:0.4286965239212828)54.62:0.371777263449407)48.46:0.2536424012720745,(((P_007845,(((P_018639,P_018779)50.5:0.29294896690884575,(P_018695,(P_018783,P_018645)41.49:0.12791998381615466)54.74:0.3826810828255122)55.46:0.398501273372881,(P_018691,((P_016797,(OBPL,(GAP_80397,P_016799)56.48:0.42215440846520674)56.83:0.4302505498309464)70.94:0.8218379948500002,((P_016793,(P_006422,P_016795)59.52:0.4928336915151732)61.65:0.5458615160567425,(P_018693,((S08,P_014095)68.14:0.7139648636862904,((S38,(S04,(P_016789,S27)68.12:0.7049712437383789)40.53:0.09105383214630983)64.25:0.5982685929946171,((S02,P_016787)97.07:2.9775625462169675,(P_016791,(S03,P_014099)95.27:2.5732201155371683)34.48:0.015053045786742486)35.32:0.0277871364833026)49.5:0.27111010222499987)54.4:0.37178344133196034)40.34:0.10782400793630231)46.46:0.21561730872198584)40.86:0.11259209025784694)37.74:0.062095436340357815)40.95:0.10167525464349053)91.91:1.8637068186330743,(((P2622,P2623)48.41:0.24538337402002142,(P0110C,(XQWC,(P0207A,(P0110B,(P0207C,(P0207B,(P0206H,P0206G)46.11:0.209238091146704)42.42:0.14370106026417573)39.14:0.08774626948489052)35.36:0.027875771690518993)58.66:0.47304018947707144)57:0.4335149630432582)90.58:1.9090251939573615)61.69:0.5450578032035015,((GAP_80322,DHPO)91.13:1.9836417348123743,((P_012795,P_012941)99:3.918589208073902,((P_012861,((P_012855,(P_007802,P_012827)88.52:1.725567472184146)79.7:1.1743022476838925,((P_012813,P_018637)69.53:0.774909897969354,(P_012919,P_012921)94.28:2.3952950293787856)91.07:1.9749496888031468)95.26:2.5739899872700414)46.96:0.22500192625390616,(((P_012797,(P_012841,((P_012913,P_012877)89.56:1.8194620992119523,(P_012811,(P_012891,P_012895)54.19:0.370996975408147)85.07:1.4772609919812103)88.05:1.693332791458493)51.61:0.31644098662309483)36.67:0.04904050846871921,((((P_012903,P_012815)83.25:1.3622071504200675,(P_012857,(P_012925,P_012883)97.1:3.0236434371074377)35.12:0.024764408825933074)34.2:0.01076546334803664,(P_012875,((P_012905,P_012831)57.68:0.4492929533569627,(P_012901,(P_012851,P_012887)94.81:2.4920022849659773)35.68:0.03384382411345133)47.97:0.2443500660558033)70.99:0.8222829189044359)68.63:0.7443559294889898,(P_018689,((P_012885,(P_006420,GAP_80294)86.32:1.5540253557534187)34.89:0.020782356535709715,(P_012859,((P_012907,(GAP_80291,(P_012881,P_012873)78.39:1.1108846945421031)35.24:0.02605101208094748)35.32:0.027265114780572922,((P_012897,(GAP_80293,P_012893)92.03:2.0831463733114846)39.69:0.09631937295570184,((P_012863,(P_012911,(P_012917,P_012821)90.7:1.935337319940313)74.23:0.9367847409179354)41.66:0.12918258368916763,(P_012889,(P_006418,(P_012793,(GAP_80292,P_006419)97.45:3.137833565766423)48.13:0.24631909091296034)37.68:0.06379917029081934)36.04:0.03798284668443905)37.77:0.06535660594998831)35.89:0.03588571185668132)36.52:0.045633195700089356)38.39:0.07539272329659479)84.6:1.443741313760036)76.87:1.045184306386008)92.86:2.1872808828775976)93.52:2.278289253382534,((P_012867,((P_012899,P_012817)87.05:1.6164312852375393,(P_012847,P_012923)97.65:3.210059391914666)68.87:0.7541658878923233)96.8:2.942981470835856,(P_012843,(((P_012937,(P_006421,P_012939)86.27:1.558177781965488)98.69:3.7033174384365273,(P_012803,(P_012853,(P_012837,P_012829)77.5:1.0675857174326953)35.85:0.036419467064311206)48.32:0.251271615005043)43.94:0.17019581485207566,(((P_012801,(P_012879,P_012809)98.65:3.6819883609077113)66.4:0.6784746158737673,((P_012839,P_012805)39.62:0.09665120159315939,(P_012825,(P_012799,YZRI)69.9:0.7873804100155456)44.5:0.18066974053995621)67.47:0.7105365698110973)78.43:1.1163401088066023,((P_012909,((P_012865,(P_012931,(P_012935,P_012933)95.1:2.5452324490122047)87.2:1.6271367084787405)47.28:0.23149416835852527,((P_012845,P_012807)53.09:0.34759204054465487,(P_012871,P_012849)86.96:1.6077672555192521)61.13:0.5341005079619752)94.69:2.4721450512792815)34.37:0.013829897082471558,((GAP_81172,P_012833)95.71:2.6710453294173493,((PSJT,(GAP_80295,P_012927)46.38:0.21483186303192284)72.39:0.8726564576757996,((P_012915,P_012791)40.87:0.11763888560577344,(P_012869,(P_012823,(P_012835,P_012819)42.15:0.13935275137796954)69.13:0.7625651538367068)95.64:2.65584741422286)85.33:1.495202332263865)40.28:0.10779488236937744)92.26:2.115202697096964)89.11:1.7849865891042165)88.64:1.7439605582781716)41.33:0.1250098202333148)81.86:1.2840936025683618)83.52:1.378522619227534)49.47:0.2730313649701862)83.36:1.3690729150797818)97.91:3.3120279261744137)55.41:0.3976202659442714)66.63:0.6846847751652233)92.53:2.1421545417591656,((WPHN,P_011613)35.7:0.026545712347839832,(((P_011609,(Sdec,P2619)59.33:0.4627049244856682)68.95:0.7445758131190735,(MAQO,(WAIL,(P_011527,(P_014077,(GAP_80298,(P_014083,GAP_80297)91.4:1.9982625386048043)41.97:0.1342516921298936)42.98:0.14961390386801607)54.55:0.3757914764918284)62.07:0.5585410483838122)82.8:1.3306330577069885)44.38:0.17630238681465735,(((P_011587,GAP_79862)75.64:0.9906351676598681,(P_014081,(P_008647,P0104A)94.38:2.38402542493422)87.81:1.6609054516656259)77.08:1.0529559915151847,(((KRJP,(P_011549,GAP_80395)86.67:1.5857026727551093)65.41:0.649477553053596,((P_011657,(P_011643,(P_011651,P_011509)70.29:0.7988136559301409)36.09:0.039959252648695744)75.31:0.9808598373482522,((GAP_80393,GAP_80394)72.1:0.8616469150800716,(P_011631,((P_011551,((P_007844,P_011637)38.16:0.07181235780021111,(P_007843,(P_006414,P_007783)38.37:0.07594179739050343)54.94:0.38659119316948926)38.43:0.07563616318121139)39.31:0.08965733911203896,(P_011647,(P_011465,(P_011501,(P_011523,(P_011489,P_011487)37.32:0.05949897009940897)39.33:0.09186590266024482)68.13:0.730434553275938)79.79:1.1777374464794923)49.9:0.2813209347493191)43.26:0.15742195512201795)58.01:0.45548803902623836)37.56:0.06330830124958284)91.86:2.066040338604124)84.99:1.4700646348347384,((P_011531,(P_011699,(Schi,P_006411)78.65:1.1094260503024185)48.6:0.25245792741400197)88.88:1.755419773627195,(VYLQ,(P_018635,(P_008631,((P_011579,(P_011671,P_008632)36.41:0.04294082006190458)80.86:1.2285882640969192,((P_011719,P_011607)100:0.2876820724517809,(((KAYP,(BCGB,ABSS)64.27:0.6120895783130601)39.04:0.08481035735518859,(WIGA,(Apet,(Dhai,Msal)38.9:0.08070917372809344)48.45:0.24822400446553766)57.4:0.44252073906786266)63.97:0.608054714205878,(((P_016813,((GAP_80389,GAP_80390)88.94:1.7633405481316975,((P_006412,P_008640)78.26:1.1070610120581803,(P_011679,P_008646)41.7:0.13034178451637457)41.9:0.13407080163995266)34.48:0.0142320618149398)63.06:0.5802226744371287,((P_014073,P_011589)89.54:0.18816332903557767,((P_011701,P_011681)36.3:0.028739481134720943,(P_011673,((P_011537,(P_011739,P_011677)75.7:0.9878740264584593)42.3:0.14003757723517013,(P_011759,((P_011675,P_011735)81.83:1.2811385082175035,(P_011715,(P_011745,P_011611)65.25:0.5964606551911499)49.32:0.2690368839211033)49.51:0.27318833026457306)42.17:0.13849808776967915)41.16:0.12101156983634466)39.19:0.08782555013556594)41.19:0.10386046128787604)57.85:0.42023848469280445)46.56:0.21669283697059924,(P_006413,(P_011705,P_011713)51.1:0.2985094933303236)40.69:0.11269608270479746)46.61:0.21824958894543894)52.91:0.30561958589484317)49.3:0.24071530906552685)82.06:1.2231385121954896)45.81:0.18858178029466505)56.24:0.4149051026826571)47.69:0.2387563181384076)73.32:0.9037394181008074)51.72:0.31706521035834007)45.16:0.19121732259072774)62.47:0.5672570635298566)88.1:1.693463131686857)69.26:0.764241992335105)86.95:1.592514462832006)81.61:1.263491910953586)66.19:0.6648851590748438));
Weight calculation took 276.954440505 secs
ASTRAL finished in 351.286 secs
