
================== ASTRAL ===================== 

This is ASTRAL version 5.7.7
Gene trees are treated as unrooted
341 trees read from all_bs10.trees
index19
All output trees will be *arbitrarily* rooted at P0109B

======== Running the main analysis
Number of taxa: 244 (244 species)
Taxa: [Apet, VYLQ, WPHN, WAIL, MAQO, P_011609, Sdec, P_019189, P_019197, P2590, GAP_79804, P_008647, P0104A, P_014081, P_011587, P_011701, GAP_80417, P_025523, P0203H, P0109B, P_016909, P_018831, P0110C, P2622, P0110B, P0207A, P0207C, P0207B, P0206H, P0206G, XQWC, P2623, P_007845, P_011579, P_018639, GAP_80322, P_012855, P_007802, P_012827, P_012919, P_012921, P_012813, P_018637, P_012795, P_012941, P_012839, P_012799, P_012805, P_012825, P_012879, P_012809, P_012801, P_012909, GAP_80295, PSJT, P_012927, P_012915, P_012791, P_012869, P_012835, P_012819, P_012823, GAP_81172, P_012833, P_012865, P_012935, P_012933, P_012931, P_012871, P_012849, P_012845, P_012807, P_012803, P_012853, P_012837, P_012829, P_012937, P_006421, P_012939, P_012867, P_012899, P_012817, P_012847, P_012923, P_012843, P_012861, P_012841, P_012913, P_012877, P_012797, P_012901, P_012851, P_012887, P_012905, P_012875, P_012831, P_012857, P_012903, P_012815, P_012925, P_012883, P_012897, P_012907, P_006420, GAP_80294, GAP_80291, GAP_80293, P_012893, P_012885, P_012881, P_012873, GAP_80292, P_006419, P_012859, P_012889, P_012863, P_006418, P_012917, P_012821, P_012911, P_012793, P_018689, P_012891, P_012895, P_012811, GAP_81227, P_016921, Pcol, GAP_81226, P_006410, GAP_79862, P_014077, P_018635, P_011527, GAP_80298, P_014083, GAP_80297, P_007844, P_011637, P_011647, Schi, P_006411, P_011531, P_011549, GAP_80395, P_011739, P_011465, P_011501, P_011489, P_011487, P_011523, P_006414, P_007843, P_007783, GAP_80393, GAP_80394, P_011651, P_011509, P_011643, P_011551, P_011657, P2619, BCGB, P_011699, P_011715, P_011705, P_011713, P_006413, P_011759, P_011675, P_011735, P_011537, P_011671, P_008632, P_011677, WIGA, GAP_80389, P_011679, P_011681, GAP_80390, P_008646, P_006412, P_008640, P_011673, P_011745, P_016813, OBPL, GAP_80397, P_016799, P_016797, P_016793, P_018695, P_018783, P_018645, P_016789, S27, P_016791, S02, P_016787, S04, S03, P_018779, P_014099, P_018691, P_018693, P_006422, P_016795, YZRI, DHPO, WKSU, PAWA, P2589, P_019185, OPDF, CSSK, P_019193, Wsal, P_019187, SJEV, WZFE, QDVW, Asie, KRJP, ABSS, Dhai, Msal, P_011631, S38, S08, OSHQ, P_019191, P_025525, P_014095, P_011613, P_008631, KAYP, P_011719, P_014073, P_025527, P_011709, P_011611, P_019199, P_011607, P_011589]
Taxon occupancy: {P_019193=266, P_019191=109, P_019197=279, OPDF=317, GAP_81172=319, P_018783=320, P_019199=84, Wsal=260, P_016921=320, WKSU=337, P_025523=45, P_025525=80, P_025527=31, P_014073=45, P0203H=187, P_014077=171, QDVW=325, P_011487=320, P_011489=322, P_016813=271, P_006421=309, P_006422=315, P_006420=232, P_006418=302, P_006419=307, P_014081=205, P_006414=317, P_014083=215, P_018689=317, P0206H=285, P0206G=270, Msal=283, P0109B=139, P_012901=310, P_006410=308, P_006411=307, P_012903=314, P_006412=316, P_006413=300, P_012905=320, P_012907=315, GAP_79862=300, PAWA=318, ABSS=334, P_012909=316, P_018691=132, GAP_80291=320, P_018695=307, P_014095=121, GAP_80293=314, GAP_80292=306, P_018693=311, GAP_80295=317, GAP_80294=304, P_014099=315, GAP_80297=318, GAP_80298=313, P_011701=56, P_012911=312, P_012913=258, P_012915=318, P_011705=165, P_012917=295, P_012919=288, P_011709=28, P_012881=313, P_011671=168, P_011551=194, MAQO=334, P_012883=318, P_011673=246, GAP_80322=323, P_012885=308, P_011675=283, P2590=251, P_012887=312, P_011677=236, P_012889=303, P_011679=258, P_008647=293, PSJT=322, P2589=250, P_012891=300, P_011681=214, P_012893=313, P_018637=309, P_012895=307, P_018635=283, P_012897=305, P0207C=294, P0207B=299, P_012899=310, P0207A=309, P_018639=284, P_008646=321, P_008640=319, BCGB=330, WZFE=330, P_018645=315, KRJP=329, KAYP=192, P_011699=152, P_011579=235, CSSK=318, P_008632=314, P_016909=324, P_007783=294, P_008631=51, P_019187=312, P_019185=292, Sdec=60, P_019189=254, P_012791=318, P_012793=310, P_012795=315, Asie=251, P_011465=323, P_018779=242, P_011587=217, P_012797=319, P_012799=316, P_011589=4, GAP_80417=156, WIGA=318, GAP_79804=232, P_007802=257, P_012841=311, P_011631=242, P_012843=321, Pcol=259, P_012845=311, P_012847=302, P_011637=317, P_011759=270, P_012849=300, Apet=138, OBPL=332, P0110C=279, P_018831=312, P0110B=196, YZRI=331, P_012851=313, P_012853=312, P_011643=331, P_011523=323, P_012855=298, P_012857=312, P_011647=281, P_011527=170, P_012859=300, WAIL=336, P_016789=312, P_012861=305, P_011651=275, P_011531=242, P_016787=317, P_012863=313, P_012865=306, Schi=256, P_012867=315, P_011657=273, P_011537=220, P_012869=308, P_016793=314, P_016791=322, P_016797=320, SJEV=327, P_016795=305, P_012871=299, P_012873=310, P_016799=316, P_012875=311, P_012877=302, P_012879=316, P_011549=290, P_007844=212, P_007845=44, S02=215, P_012921=277, S04=75, P_012801=323, S03=288, P_012923=302, P_011713=202, P_012803=315, P_012925=307, P_011715=260, S08=177, P_012805=311, P_007843=274, P_012927=312, P_012807=312, P_011719=30, P_012809=311, VYLQ=332, DHPO=334, GAP_80390=276, P2622=204, P2623=97, XQWC=336, GAP_80394=323, GAP_80393=331, GAP_80395=323, GAP_80397=324, P_012931=313, P_012811=309, WPHN=327, P_012933=294, P_012813=307, P_012935=305, P_012815=300, P_012937=316, P_012817=309, P_011607=7, P_012939=299, P_011609=183, P_012819=310, P2619=173, OSHQ=325, GAP_80389=287, P_012941=320, P_012821=309, P_011611=48, P_012823=320, P_011613=80, P_011735=316, P_012825=320, S27=233, P_012827=276, P_011739=263, P_012829=197, Dhai=314, P0104A=252, P_012831=292, P_011501=326, P_012833=310, GAP_81226=319, GAP_81227=329, P_011745=270, P_012835=314, S38=86, P_012837=320, P_012839=306, P_011509=325}
Number of gene trees: 341
341 trees have missing taxa
Calculating quartet distance matrix (for completion of X)
Species tree distances calculated ...
Will attempt to complete bipartitions from X before adding using a distance matrix.
Building set of clusters (X) from gene trees 
------------------------------
gradient0: 49001
Number of Clusters after addition by distance: 49001
calculating extra bipartitions to be added at level 1 ...
Adding to X using resolutions of greedy consensus ...
Limit for sigma of degrees:6150
polytomy size limit : 42
discarded polytomies:  [3, 3, 3, 3, 3, 3, 3, 3, 3, 3, 3, 3, 3, 3, 3, 4, 4, 4, 4, 4, 4, 4, 4, 4, 4, 4, 4, 4, 4, 4, 4, 4, 4, 5, 5, 5, 5, 6, 7, 7, 8, 8, 11, 11, 13, 14, 14, 16, 42]
Threshold 0.0:
Threshold 0.01:
Threshold 0.02:
Threshold 0.05:
polytomy of size 4; rounds with additions with at least 5 support: 0; clusters: 49001
polytomy of size 7; rounds with additions with at least 5 support: 0; clusters: 49011
polytomy of size 3; rounds with additions with at least 5 support: 0; clusters: 49011
polytomy of size 3; rounds with additions with at least 5 support: 0; clusters: 49011
polytomy of size 3; rounds with additions with at least 5 support: 0; clusters: 49013
Threshold 0.1:
polytomy of size 3; rounds with additions with at least 5 support: 0; clusters: 49013
polytomy of size 5; rounds with additions with at least 5 support: 0; clusters: 49013
polytomy of size 11; rounds with additions with at least 5 support: 0; clusters: 49023
polytomy of size 3; rounds with additions with at least 5 support: 0; clusters: 49023
polytomy of size 4; rounds with additions with at least 5 support: 0; clusters: 49023
polytomy of size 5; rounds with additions with at least 5 support: 0; clusters: 49023
polytomy of size 4; rounds with additions with at least 5 support: 0; clusters: 49023
polytomy of size 4; rounds with additions with at least 5 support: 0; clusters: 49023
polytomy of size 3; rounds with additions with at least 5 support: 0; clusters: 49023
Threshold 0.2:
polytomy of size 4; rounds with additions with at least 5 support: 0; clusters: 49023
polytomy of size 4; rounds with additions with at least 5 support: 0; clusters: 49023
polytomy of size 3; rounds with additions with at least 5 support: 0; clusters: 49023
polytomy of size 4; rounds with additions with at least 5 support: 0; clusters: 49023
polytomy of size 8; rounds with additions with at least 5 support: 0; clusters: 49025
polytomy of size 5; rounds with additions with at least 5 support: 0; clusters: 49025
polytomy of size 13; rounds with additions with at least 5 support: 0; clusters: 49025
polytomy of size 3; rounds with additions with at least 5 support: 0; clusters: 49025
polytomy of size 4; rounds with additions with at least 5 support: 0; clusters: 49025
polytomy of size 4; rounds with additions with at least 5 support: 0; clusters: 49025
polytomy of size 3; rounds with additions with at least 5 support: 0; clusters: 49025
polytomy of size 4; rounds with additions with at least 5 support: 0; clusters: 49025
polytomy of size 3; rounds with additions with at least 5 support: 0; clusters: 49025
polytomy of size 8; rounds with additions with at least 5 support: 0; clusters: 49025
polytomy of size 16; rounds with additions with at least 5 support: 0; clusters: 49051
polytomy of size 4; rounds with additions with at least 5 support: 0; clusters: 49051
Threshold 0.3333333333333333:
polytomy of size 4; rounds with additions with at least 5 support: 0; clusters: 49051
polytomy of size 4; rounds with additions with at least 5 support: 0; clusters: 49051
polytomy of size 14; rounds with additions with at least 5 support: 0; clusters: 49059
polytomy of size 4; rounds with additions with at least 5 support: 0; clusters: 49059
polytomy of size 14; rounds with additions with at least 5 support: 0; clusters: 49059
polytomy of size 5; rounds with additions with at least 5 support: 0; clusters: 49059
polytomy of size 3; rounds with additions with at least 5 support: 0; clusters: 49059
polytomy of size 3; rounds with additions with at least 5 support: 0; clusters: 49059
polytomy of size 3; rounds with additions with at least 5 support: 0; clusters: 49059
polytomy of size 4; rounds with additions with at least 5 support: 0; clusters: 49059
polytomy of size 6; rounds with additions with at least 5 support: 0; clusters: 49059
polytomy of size 4; rounds with additions with at least 5 support: 0; clusters: 49059
polytomy of size 3; rounds with additions with at least 5 support: 0; clusters: 49059
polytomy of size 4; rounds with additions with at least 5 support: 0; clusters: 49059
polytomy of size 11; rounds with additions with at least 5 support: 0; clusters: 49059
polytomy of size 4; rounds with additions with at least 5 support: 0; clusters: 49059
polytomy of size 3; rounds with additions with at least 5 support: 0; clusters: 49059
polytomy of size 7; rounds with additions with at least 5 support: 0; clusters: 49059
polytomy of size 42; rounds with additions with at least 5 support: 0; clusters: 49099
max k is :0
Number of Clusters after addition by greedy: 49099
gradient0 in heuristiic: 49099
partitions formed in 14.641 secs
Dynamic Programming starting after 14.641 secs
Using tree-based weight calculation.
Using polytree-based weight calculation.
Polytree max score: 20611504123
Polytree building time: 0.18 seconds.
Number of quartet trees in the gene trees: 20611504123
Size of largest cluster: 244
Greedy score: 19141712886
estimationFactor: 1.076784729023649
Sub-optimal score: 19207346732
Calculated 100000 weights; time (seconds): 193
Total Number of elements weighted: 153046
Normalized score (portion of input quartet trees satisfied before correcting for multiple individuals): 0.9439558830783734
Optimization score: 19456350576
Optimal tree inferred in 299.961 secs.
(P_011713,(P_011705,(((KAYP,(BCGB,ABSS)),(WIGA,(Apet,(Dhai,Msal)))),((P_006413,((P_011679,(P_016813,((GAP_80389,GAP_80390),(P_008646,(P_006412,P_008640))))),((P_014073,P_011589),(P_011701,(P_011681,(P_011673,((P_011537,(P_011739,P_011677)),(P_011759,((P_011675,P_011735),(P_011715,(P_011745,P_011611))))))))))),((P_011719,P_011607),((P_011579,(P_011671,P_008632)),(P_008631,(P_018635,(VYLQ,((P_011531,(P_011699,(Schi,P_006411))),(((KRJP,(P_011549,GAP_80395)),((P_011657,(P_011643,(P_011651,P_011509))),((GAP_80393,GAP_80394),(P_011631,((P_011551,((P_007844,P_011637),(P_007843,(P_006414,P_007783)))),(P_011647,(P_011465,(P_011501,(P_011523,(P_011489,P_011487)))))))))),(((P_011587,GAP_79862),(P_014081,(P_008647,P0104A))),(((P_011609,(Sdec,P2619)),(MAQO,(WAIL,(P_011527,(P_014077,(GAP_80298,(P_014083,GAP_80297))))))),((WPHN,P_011613),(((P0203H,((P_016909,WZFE),(P0109B,(P_018831,OSHQ)))),(((SJEV,(P_019193,(Wsal,P_019187))),(P_016921,(WKSU,(GAP_81227,(Pcol,(GAP_81226,P_006410)))))),((P_011709,(P_025527,(P_025523,P_025525))),(((QDVW,Asie),(P_019189,(P_019197,PAWA))),(((P_019185,CSSK),(P2589,OPDF)),((P_019191,P_019199),(GAP_80417,(P2590,GAP_79804)))))))),((((P_018639,P_018779),(P_018695,(P_018783,P_018645))),(P_018691,((P_007845,(P_016797,(OBPL,(GAP_80397,P_016799)))),((P_016793,(P_006422,P_016795)),(P_018693,((S08,P_014095),((S38,(S04,(P_016789,S27))),((S02,P_016787),(P_016791,(S03,P_014099)))))))))),(((P2622,P2623),(P0110C,(XQWC,(P0207A,(P0110B,(P0207C,(P0207B,(P0206H,P0206G)))))))),((GAP_80322,DHPO),((P_012795,P_012941),((P_012861,((P_012855,(P_007802,P_012827)),((P_012919,P_012921),(P_012813,P_018637)))),(((P_012797,(P_012841,((P_012913,P_012877),(P_012811,(P_012891,P_012895))))),((((P_012903,P_012815),(P_012857,(P_012925,P_012883))),(P_012875,((P_012905,P_012831),(P_012901,(P_012851,P_012887))))),(P_018689,((P_012885,(P_006420,GAP_80294)),(P_012859,(((P_012907,GAP_80291),(P_012881,P_012873)),((P_012897,(GAP_80293,P_012893)),(P_012889,((P_012863,(P_012911,(P_012917,P_012821))),(P_006418,(P_012793,(GAP_80292,P_006419)))))))))))),((P_012867,((P_012899,P_012817),(P_012847,P_012923))),(P_012843,(((P_012937,(P_006421,P_012939)),(P_012803,(P_012853,(P_012837,P_012829)))),(((P_012801,(P_012879,P_012809)),((P_012839,P_012805),(P_012825,(P_012799,YZRI)))),((P_012909,((P_012865,(P_012931,(P_012935,P_012933))),((P_012845,P_012807),(P_012871,P_012849)))),((GAP_81172,P_012833),((PSJT,(GAP_80295,P_012927)),((P_012915,P_012791),(P_012869,(P_012823,(P_012835,P_012819))))))))))))))))))))))))))))))));
Final quartet score is: 19456350576
Final normalized quartet score is: 0.9439558830783734
You may want to ignore posterior probabilities and other statistics related to the following branch branch because the effective number of genes impacting it is only 13:
	{P_025523, P_025525}
You may want to ignore posterior probabilities and other statistics related to the following branch branch because the effective number of genes impacting it is only 0:
	{P_025523, P_025525, P_025527}
You may want to ignore posterior probabilities and other statistics related to the following branch branch because the effective number of genes impacting it is only 9:
	{P_025523, P_025525, P_025527, P_011709}
You may want to ignore posterior probabilities and other statistics related to the following branch branch because the effective number of genes impacting it is only 1:
	{P_011719, P_011607}
You may want to ignore posterior probabilities and other statistics related to the following branch branch because the effective number of genes impacting it is only 1:
	{P_014073, P_011589}
You may want to ignore posterior probabilities and other statistics related to the following branch branch because the effective number of genes impacting it is only 9:
	{P_011701, P_011739, P_011715, P_011759, P_011675, P_011735, P_011537, P_011677, P_011681, P_011673, P_011745, P_011611}
91.01694543565156 34.501715046032615 4.5658465605693355 130.0845070422535 4.97278458164634E-20
259.15295228442335 34.62007146428065 19.929659602721767 313.7026833514258 2.1852502407400497E-75
138.015066425398 44.08214146466718 55.00952275101173 237.10673064107692 3.162757460365937E-15
197.4680982333975 33.06177843217715 29.07949870850661 259.60937537408125 4.584589738266383E-47
259.1004376651404 18.788191316391096 20.5747357325473 298.4633647140788 3.8725532996130647E-84
199.98306401840497 22.037031169604038 27.01466454056044 249.03475972856944 1.9093301101692732E-54
176.97709912494793 50.04562286312887 24.000133525742235 251.02285551381902 1.7060554873077748E-35
140.74002098975006 125.0654096487999 46.380333325648266 312.18576396419826 2.1350136363149847E-11
155.9159763819145 121.45074068075537 34.38555623691963 311.7522732995895 4.027203311116846E-17
292.06263212131705 9.495659242196457 8.287849843112623 309.8461412066261 4.0408074561165955E-113
259.1916880984103 12.68334891707204 19.960522922761886 291.8355599382442 1.4501815870131588E-88
9.0 1.0 3.0 13.0 0.018315638888734168
Not enough genes
Cannot perform polytomy test with effective N (after polytomies) 13.0:
	(P_025523,P_025525):0.6241543090729941;
0.0 0.0 0.0 0.0 NaN
Not enough genes
Cannot perform polytomy test with effective N (after polytomies) 0.0:
	(P_025527,(P_025523,P_025525):0.6241543090729941):0.0;
1.8808943686658188 2.6807920915448684 0.8072449145465989 5.368931374757286 0.6102811250513797
Not enough genes
Cannot perform polytomy test with effective N (after polytomies) 5.368931374757286:
	(P_011709,(P_025527,(P_025523,P_025525):0.6241543090729941):0.0):0.0;
237.0279069767442 1.3271317829457363 0.6449612403100775 239.0 5.7080923910713386E-102
131.19713805651475 32.70378233148857 38.66106032267198 202.5619807106753 2.415562882243385E-20
82.23571298770733 88.38127531105935 54.04303187148409 224.66002017025076 0.011364824857705033
135.7085669556199 74.70806924742158 79.87977351163781 290.29640971467927 7.329976298311593E-6
92.64782163531511 90.98368992337133 89.65337329407208 273.2848848527585 0.9755926884143526
159.13688223030064 40.54466072131944 36.10836702676661 235.7899099783867 1.231531880446733E-27
220.73259034029948 24.95550177962862 25.25210346154916 270.94019558147727 4.521534037164736E-62
36.80283609396998 8.193198433382946 10.654988475768105 55.65102300312103 1.302469142225525E-6
117.9905794210223 6.004854368932039 5.004566210045662 129.0 2.5080909686271262E-43
62.3915794952391 18.0467001947187 12.245441240274763 92.68372093023255 2.645110404494322E-11
73.98064152199046 43.07633893445137 7.79766822922265 124.85464868566449 3.6002205682523684E-12
205.15708580219342 13.532789608679924 41.69533309901563 260.38520850988897 2.7123794584068076E-54
58.32795278986402 15.657385954200917 28.416177358820764 102.4015161028857 7.879073048537181E-7
51.0172495607316 32.303307353367416 9.356394563044653 92.67695147714366 7.568389942416567E-7
119.53102838913564 84.15667562244269 43.73290108595255 247.42060509753088 2.6622230651782045E-8
106.7444323775349 40.307568513400625 63.65709342364312 210.70909431457864 9.46621491546281E-8
112.4489577827 88.8452759774469 70.72353993336262 272.0177736935095 0.008003422571738656
141.87559719814632 77.07093128133944 41.21722183486564 260.16375031435143 9.225186077832588E-14
139.55067676017438 92.57348436330304 22.46814011494292 254.59230123842033 1.712773880746613E-18
168.62411946242665 26.733261202201508 107.05016264365813 302.4075433082863 1.5443843779580354E-22
170.77193196591998 119.2599018847676 12.659014706691343 302.6908485573789 1.0224954259554973E-28
19.950187545615524 17.203155591072562 2.1964500546825523 39.34979319137064 9.467662506878005E-4
16.589508261350108 12.752009829245992 6.594218418134742 35.93573650873084 0.11972624883194496
147.06151554839713 48.897919011671924 53.21197780157962 249.17141236164866 8.135852924634604E-17
140.20491930925323 42.67694250574493 47.13729732844595 230.0191591434441 6.6820680313961135E-18
58.85809103118382 7.3586515983401615 22.100168627087218 88.31691125661119 4.193455737751462E-11
44.83157554730794 6.002293039973184 14.05021438295361 64.88408297023473 3.68480102468534E-9
11.335199039177576 12.057384713830373 4.5714503228014705 27.96403407580942 0.16052633433832217
45.26364592048846 16.5093198338701 9.02520864403636 70.79817439839492 1.8383814436851653E-7
203.23714068276107 4.63995770523615 1.4319909077679627 209.30908929576518 6.62403743351122E-84
259.29155313677416 4.072204792922887 8.730531260298989 272.09428918999606 7.885029662145349E-103
78.7536136968541 73.9061890048801 72.38068911918475 225.04049182091896 0.8627629477868963
76.32013036959178 72.24244426214369 70.13929804559015 218.7018726773256 0.8733086543723819
73.64396651517636 39.65174010154548 31.85165983848873 145.14736645521057 3.6927407035892175E-5
80.89450903253808 45.00329402552159 21.827113366567737 147.72491642462742 1.5428439419905587E-8
86.4477828576743 58.066268353969676 63.836046430317225 208.35009764196118 0.03916552145200811
106.88916656150062 68.12113774231672 57.106555215522114 232.11685951933947 1.452090308234449E-4
40.305660888973826 34.4939193833328 22.116984521290046 96.91656479359668 0.069159984882915
37.80727426676777 31.15202967324436 28.410705525852997 97.37000946586514 0.48702770566285125
304.3926202858322 8.357470496528526 4.429582196940664 317.1796729793014 2.4608120864918193E-122
41.890795536023376 5.740921832484263 38.84289280706904 86.47461017557669 8.782051871011247E-7
114.9387005543724 57.1119207693318 77.94186476194271 249.99248608564693 3.385285738869778E-5
113.90601661977641 89.6419645768998 66.94255151218596 270.49053270886213 0.0022034580871302055
74.27207213244027 49.59009512146851 64.48677448596884 188.3489417398776 0.08539270820046879
66.16652239222337 60.299296748060726 62.55371765029352 189.0195367905776 0.8702011484216299
172.23013754347392 76.38620271481388 45.77301800040841 294.3893582586962 5.461949528881094E-20
154.03965655957214 108.23541947340942 7.666699633181384 269.941775666163 8.740352371837814E-28
178.04864784163442 7.574642093089538 10.746446091958678 196.36973602668266 7.960883827937737E-64
110.30686358303036 26.56291633583034 40.79202151886827 177.66180143772897 1.8816266304691703E-15
276.4987713403111 9.205289038158567 18.958642575194187 304.6627029536639 5.434841416743389E-99
304.9908256880734 1.932913938018873 2.134399908791454 309.05813953488376 1.0583849374531863E-129
203.12064085809683 11.142430371187285 15.950428443128489 230.2134996724126 1.4792741792150664E-68
213.04563778169108 25.379283870938195 29.81981694771885 268.2447386003481 1.9835286818346168E-56
250.00177659462477 7.30695450031597 7.205166047299022 264.5138971422398 1.789213089734274E-97
195.5604067451972 37.51091724097333 48.56075087946816 281.6320748656387 9.652048835851595E-37
260.5553569949695 18.00896829726116 7.292929644910625 285.85725493714125 3.162006782009411E-94
269.6929320049437 6.4432743088048 6.296419477381541 282.4326257911301 2.38701022224695E-107
112.57220435635253 44.47935408618909 82.25823387348937 239.309792316031 4.6117306033186134E-7
221.67280687039823 8.879179415976349 15.55789601783975 246.10988230421432 3.3453195791910768E-78
153.9354875725755 64.96151665702894 65.16325726488682 284.0602614944913 8.398326896167769E-13
248.80263181098337 22.425881182741627 19.18257705687101 290.41109005059604 1.7781097532754944E-78
253.12970017097905 12.119273192792091 20.58761810000894 285.8365914637801 5.460994877693566E-86
134.3275513815454 66.35889250911602 61.640396158128745 262.32684004879013 6.08127484976586E-9
92.507413580889 74.99259720096704 85.0581447010826 252.55815548293862 0.39941264474726235
221.78057662087596 19.35419395497125 25.50954765208634 266.6443182279335 1.6893119703061868E-65
277.9855127214172 4.737280299691017 4.436675492829315 287.1594685139375 9.001825938272833E-114
79.93151219100152 68.9037689292026 78.44209386671186 227.27737498691596 0.6233978102943929
77.52383304748457 69.719088559797 71.9585739255426 219.20149553282417 0.8016903850137325
153.18568903848427 46.50149747690536 63.87279454981665 263.5599810652063 6.339484755021395E-17
276.003336373573 8.9377355981796 6.169943404484933 291.1110153762375 3.026451259241575E-108
94.59651714745453 80.37767192520589 93.8933036043895 268.8674926770499 0.4884086878932825
125.55071180417184 62.93374524551196 75.73512367111246 264.2195807207962 4.0131316095608E-6
173.40773615723322 33.72138633080875 38.79853606841185 245.92765855645382 5.614524794725486E-34
157.10567787520753 33.55916318720852 40.644658600392894 231.30949966280895 7.779085811076431E-28
183.26983492161875 26.15174394303677 4.391778070943428 213.81335693559893 8.950156107721273E-59
64.11288602701275 54.556119945581294 63.69314680804552 182.36215278063958 0.6189097112925668
63.64991715842775 62.63245800562168 53.498772705403766 179.7811478694532 0.5936402880078487
185.70986491666142 21.609992946612113 26.74002935389535 234.0598872171689 3.525951065830589E-49
65.71194306722458 54.63374051485924 65.0819573499929 185.4276409320767 0.5345342928150412
255.7738509865458 12.881385394972254 8.908537994526755 277.56377437604476 1.4297431513467622E-94
67.41834440214504 54.12947733776024 48.91647787436294 170.4642996142682 0.20153994194294392
251.13652062763705 17.276828611949913 8.162119018446191 276.5754682580332 4.4111088093907765E-90
152.99842958894303 23.593276653158775 28.736523662657664 205.32822990475947 8.562336401339502E-35
68.14301985594724 39.975836992071756 57.079988074822666 165.19884492284166 0.02580447606281945
277.9354736696135 3.1302788933916132 3.0832809911272 284.1490335541323 3.617545148717888E-116
94.4592121912195 49.524273602830675 50.85848004866567 194.84196584271587 4.2566397532223515E-5
59.2625594608779 47.44073084360652 57.73108554878344 164.43437585326785 0.47044451681413524
52.909588994513726 56.56508054536121 51.1032952166577 160.57796475653265 0.8653218451214477
64.84848233934134 58.1247840719361 44.710881460355566 167.684147871633 0.15251210591490016
64.00258161536266 55.265916689945904 58.19291615537741 177.46141446068597 0.7158427276689535
63.500978860688356 53.34245800661272 55.60592971509417 172.44936658239524 0.6097021003291476
69.19421366018321 50.85319113322281 61.73096752043208 181.7783723138381 0.2456223424081721
213.0654370569444 25.78202200256585 11.890519762396357 250.7379788219066 2.5539857273674786E-66
186.89569384759443 27.759341666756587 27.53881620028857 242.1938517146396 3.3581183606613204E-46
252.0972221795586 11.732870120798406 7.574361516675688 271.40445381703273 8.370401473153675E-95
252.94251789885004 6.9929168069675605 10.196530378897013 270.13196508471464 9.94957131521588E-97
256.49721496371365 19.562147474265764 19.581260401304828 295.6406228392842 3.46657052769891E-83
278.0052368062248 2.627968658830372 4.002632685233841 284.635838150289 7.413645066887128E-116
206.82890356768075 47.09375982434138 48.902322073094176 302.8249854651163 6.5613855921760854E-37
299.61903141592285 4.710988124737369 5.156870211507975 309.48688975216817 1.382179673737333E-122
248.00602409638554 16.0 22.999440384488775 287.0054644808743 8.567632516653145E-80
296.0608669058003 2.124255566678133 1.8119822704214823 299.9971047428999 6.177297097620123E-126
144.01107105744586 21.88103848271195 18.054740826991676 183.94685036714947 4.429843759285898E-37
94.22961596336135 87.16965274999974 84.45228004739427 265.85154876075535 0.7501946212992516
132.62993913320415 76.34443068750154 64.45675209495096 273.43112191565666 4.796510861044514E-7
114.41556157162121 79.77153176113076 65.41102051601892 259.5981138487709 6.528395877577456E-4
295.0186199581925 2.152452857430302 1.8444079347693805 299.0154807503922 1.9695282249264304E-125
197.7357358348751 43.412105482872114 53.82324008646885 294.9710814042161 1.3845579954872555E-33
109.93877802075136 101.57538427412719 67.05385248668343 278.56801478156194 0.003827262438916527
203.5419881474224 9.594395358287127 77.79154715787351 290.927930663583 4.46261525264087E-44
129.6895179568223 58.10028597653668 105.11271747670648 292.90252141006545 1.3006558672407814E-6
201.5206385177447 31.130065092340505 65.26389386841788 297.9145974785031 2.860147641699425E-36
234.0146195510757 31.422583045891002 31.255698087938907 296.6929006849056 7.440117015665678E-61
272.98924731182797 5.010752688172043 8.0 286.0 1.4279927888634079E-108
252.9870580702088 14.526828639669498 24.434685844903324 291.9485725547816 6.030265865131013E-82
138.19297460316918 79.40039616405315 68.52943156266393 286.12280232988627 4.0171914087448235E-7
152.58503991880696 64.16818119084517 69.99439641477208 286.74761752442424 7.739423020526582E-12
242.55763055958587 18.439966070393936 18.059041542530572 279.05663817251036 4.968063577278367E-79
182.0678072617889 58.29725089254385 56.60078844216514 296.96584659649784 1.9292743864453667E-23
281.5104370928815 7.493516352543821 8.621181990621162 297.62513543604643 7.667175216379195E-110
98.92650154655206 89.32189153283939 92.85307390504522 281.1014669844367 0.7773426715626596
288.8966815854489 7.63225816592728 5.459228706293857 301.98816845767004 2.21424234995486E-115
133.7197611944311 46.68914953469135 103.57102389496609 283.9799346240885 1.0942621540110788E-9
216.0798057571137 69.88633268658857 13.179876174749342 299.1460146184516 1.8533515239350676E-48
125.64614265047652 93.25134043409152 85.07312314684836 303.97060623141635 0.010630946997653606
119.96235174828061 89.98494415208631 79.0492116854087 288.9965075857756 0.009488224638299106
205.02286195631137 50.00377458798511 43.48646693498066 298.51310347927716 3.211833207883408E-37
285.84746364461506 6.6279751283160016 6.206945429188891 298.6823842021199 2.931952778655538E-114
266.53519010206816 19.688534297071794 25.214987895370907 311.4387122945108 7.755726684373056E-84
120.52414548280828 114.4017098789909 65.41122522386274 300.3370805856619 1.1003247895224712E-4
281.5715354224616 7.392887533479872 16.101273372303428 305.0656963282449 1.874084117536225E-104
267.7653218029571 13.853931979640343 17.979298822302155 299.59855260489957 1.0898297602729473E-92
260.4121624163296 18.43154170657091 14.921354261988261 293.76505838488873 1.4469624396318006E-88
104.71256826900712 69.64452960928534 83.3461168697928 257.70321474808526 0.02635713935882067
216.28391368582314 19.80887231607449 22.91615554002946 259.0089415419271 1.9082984811997064E-64
215.8178870011683 18.36891438533828 24.395651417076174 258.5824528035827 2.8816394011726678E-64
120.19987453499483 43.658249195308855 81.15443906776848 245.01256279807217 1.6235238911702112E-8
221.38094877064873 16.235697945173644 29.31551456318593 266.9321612790083 4.13362003570872E-65
287.86648894767814 2.330076741640332 4.733280881627459 294.9298465709459 8.80337808425092E-120
153.30960015005027 31.780146380170844 94.46644100713152 279.5561875373526 6.108025189869813E-18
178.13509195148742 20.245357527541827 69.15256526115452 267.5330147401838 1.5280036182329632E-32
238.9368279919422 9.504368395543382 10.365531637965814 258.80672802545143 9.959161459149937E-89
20.341326828622044 21.066952358630836 16.412428726156538 57.82070791340942 0.7222531010229631
27.527502659310603 13.835137177761458 3.352279226748953 44.714919063821014 5.2202261431098306E-5
78.24494518133956 18.379553981422266 18.069064506886175 114.693563669648 2.284118677031909E-14
193.02011215585344 9.99069238890694 6.994877273421475 210.00568181818187 3.711462455324034E-71
66.88004185536641 39.56234491785076 55.120483836616955 161.56287060983414 0.030605770016507525
47.89831261216729 35.67553766104183 27.57350624037584 111.14735651358495 0.05926749547296378
89.06148360269165 45.89996644655006 26.14311451532285 161.10456456456455 4.237408899163377E-9
184.4859749027582 16.550595796366665 101.02690501705186 302.06347571617675 3.877520507511009E-31
164.22732529991984 16.620868934832814 17.040861830453828 197.8890560652065 2.087692052866549E-48
72.70796261730158 72.98672103046673 17.670442371040533 163.36512601880884 8.059088588871246E-9
145.1433327695563 35.64022075308141 10.311684922912551 191.09523844555025 9.713079682698679E-36
170.0 6.005747126436781 3.0 179.00574712643677 3.4124078130147686E-67
162.16365301636841 17.090873333779506 6.6003267287132825 185.8548530788612 1.0169006559353394E-53
174.36938541860079 31.104984451512188 22.79161269554854 228.26598256566152 3.5697380450232335E-42
232.24160334582828 23.522916269594255 16.50608198088409 272.2706015963066 1.2530442621644743E-72
185.2552648316817 86.61698467890788 11.044964437022262 282.91721394761186 7.160367458475159E-36
177.02904094903548 47.84561122239768 28.273203122069418 253.14785529350257 2.3709834759764177E-34
89.54812148683418 86.50553847986806 73.68414873789672 249.73780870459896 0.42676789090089107
182.1896029523204 34.07273137214887 27.358719687572396 243.62105401204167 1.0906614475010644E-41
197.8040368154708 32.67028582246671 46.610738287485866 277.08506092542336 3.653623661581383E-40
70.52803218175531 53.80120463835676 59.34289944554256 183.67213626565461 0.3054954455870165
90.8375461220754 68.33447781049885 75.96445639501813 235.13648032759238 0.18806397641583786
133.2277083892548 61.72462949385039 44.823467262932354 239.77580514603753 1.0798749108786878E-12
60.306862672032466 40.55685691806461 56.466774022172686 157.33049361226978 0.12357201402064248
60.97454088579085 48.20997385887567 44.238746459010045 153.4232612036766 0.22420762240953115
103.01131370165017 92.9676296218837 80.93336248921709 276.91230581275096 0.2661307230874249
107.88782786635764 89.65843136004854 76.5522833922329 274.09854261863904 0.06649018416863013
188.28895608737076 46.925074410269524 43.56885987388478 278.78289037152507 1.2947927918691124E-32
195.36764935384463 25.89296657754294 24.04068407130073 245.30130000268832 3.870645860677835E-52
111.59186714256695 61.13837622489667 48.35189127875362 221.08213464621724 2.5766406158775707E-7
87.18648032293707 41.68933390606672 72.56875664218825 201.44457087119204 3.239304220085114E-4
121.36774194018695 67.46070922605122 17.54910267327377 206.37755383951193 9.55977474949567E-18
102.47786299063127 69.52985004724984 99.80009939397623 271.8078124318573 0.02483053674483584
274.8964919334616 10.356848476008434 13.780439315084616 299.0337797245547 4.600188499717835E-101
228.3931384192803 21.56175506982013 18.444388258825143 268.39928174792556 5.2517512419774396E-71
96.28631588374625 17.197719417612067 9.933394677498521 123.41742997885684 6.050884568052373E-25
61.08392302515978 50.76481916981222 10.60036824388978 122.44911043886178 2.6965846751392854E-8
195.19919750025235 7.679842523725746 15.782989731596684 218.66202975557476 1.1161042416869823E-67
51.96786005314073 37.03800405246636 43.2934343658204 132.2992984714275 0.2795223758404042
176.04995903346344 25.70427569893911 15.620661993383079 217.37489672578562 4.052015478430432E-49
1.0 0.0 0.0 1.0 0.3678794411714423
Not enough genes
Cannot perform polytomy test with effective N (after polytomies) 1.0:
	(P_011719,P_011607):0.2876820724517809;
209.18735348175454 12.029580284622279 15.712357538593402 236.92929130497023 1.1341600436564697E-70
195.1378471251488 34.67575397773588 30.002800963977084 259.81640206686177 4.688943438413898E-45
102.43097821659674 44.118869057678936 62.883174086510984 209.43302136078668 3.0742947890409553E-6
58.43686471181812 56.78480896910019 52.118274313921965 167.3399479948403 0.8248831321110792
68.6771903231854 59.28211701093106 32.76935286202657 160.72866019614304 0.0015456731393491323
90.09697263267671 47.172472330946185 39.490910856302385 176.76035581992528 3.2953378464513312E-6
0.8953608247422681 0.004639175257731959 0.1 1.0 0.4879517296635
Not enough genes
Cannot perform polytomy test with effective N (after polytomies) 1.0:
	(P_014073,P_011589):0.18816332903557767;
109.24153918679686 20.87625737487651 15.161898051405668 145.27969461307904 1.1237005141900715E-25
65.60527015382945 44.43369115251463 50.24320085516427 160.28216216150835 0.10648665431584803
193.85039371981043 17.468909314424504 27.445209076743186 238.76451211097813 2.7046338868227996E-54
20.968501528587794 4.069274539800674 6.108149518492501 31.14592558688097 2.7563517998986957E-4
93.01482614049851 55.97537463353213 39.29651755333145 188.2867183273621 5.874867464821999E-6
102.02852350153736 38.70645314095848 62.685182155230805 203.42015879772663 2.841864672070237E-7
81.85944145665441 55.06392238444712 53.725701588081265 190.64906542918277 0.018995371421585056
74.94875430912268 44.04734715434757 64.70541304648523 183.70151450995547 0.01748906001608297
54.71212945256364 50.32679147563777 42.37383084643413 147.41275177463552 0.4510789530638659
12.118544269777793 8.949666677209114 11.965881655927733 33.03409260291464 0.7482310619423183
3.6684702797916082 2.201637910775099 0.33511201478407143 6.205220205350779 0.25939281761163974
Not enough genes
Cannot perform polytomy test with effective N (after polytomies) 6.205220205350779:
	(P_011701,(P_011681,(P_011673,((P_011537,(P_011739,P_011677):0.9681067884518602):0.11671347646693335,(P_011759,((P_011675,P_011735):1.2474194740130093,(P_011715,(P_011745,P_011611):0.6509245682432308):0.2706213870168871):0.28590734690512865):0.1516347819901798):0.11504577736802435):0.05442731646735979):0.03470128326869423):0.30613247841948066;
20.31232300062531 10.43527597506657 3.4961625658751414 34.24376154156702 0.0019179912237790755
75.50842045255665 46.57478187897762 59.3682492936287 181.45145162516297 0.03094087118043948
102.08912855619963 40.386724400695016 66.51576568600872 208.99161864290335 1.0471920951812895E-6
99.62407741281017 26.991018019186672 30.051783347162356 156.6668787791592 9.246494424348419E-15
56.49256447960175 52.46214883035681 34.63311100170261 143.58782431166117 0.05916769867486382
37.263043782390874 33.75653257320098 22.243450510199732 93.26302686579159 0.13724762954394415
51.061912210737496 24.852416930144365 27.667419651283254 103.58174879216511 0.002488544884867163
143.95593957221988 47.21827046339409 60.332216495390405 251.50642653100437 5.42247097720236E-15
111.33650724988846 60.756709983583455 19.91824549840808 192.01146273188 5.879523646900162E-15
44.0170230745895 22.613506395102085 25.894762178690453 92.52529164838205 0.013453492016530006
55.9814463604244 66.40114411701495 54.763119250155576 177.14570972759492 0.5001101663747027
15.072531813350635 3.4696689134488454 8.774524042179916 27.316724768979395 0.024593064956533916
14.632977424689402 11.906015887363973 3.9277972193155857 30.46679053136896 0.047482077043700825
40.10746315918583 4.334295798710526 4.25587845207385 48.69763740997021 3.648831251478471E-12
20.228271042263213 8.949571083876263 15.72834808240992 44.90619020854939 0.1160781635895906
122.89055792757154 60.99929806615013 32.85526881913219 216.74512481285385 1.7677338704005173E-13
115.52649196774927 86.56529082227422 39.781264898377586 241.87304768840107 1.3525762862368856E-8
169.7088524120543 31.852868233553476 29.94183612948024 231.50355677508801 7.0375607563769E-37
100.02662703794184 39.84928846551066 53.743607099882226 193.6195226033347 2.0879239733450434E-7
89.9882437601755 86.6694826013365 23.444381179234867 200.10210754074689 6.995941176607592E-10
141.00725183428113 41.469201191311086 44.102036233622044 226.57848925921425 3.1492214293871773E-19
220.92336735110845 13.971534080448443 15.872793635208724 250.7676950667656 3.17135587717394E-74
161.84757975614713 35.672578683920314 33.14779201565609 230.6679504557235 2.595876039088201E-31
148.03566191968335 14.738713529282867 6.347386972230551 169.12176242119676 2.0868595216295096E-49
147.508509518782 21.078507168260977 13.42203135168201 182.009048038725 2.566745484964931E-41
92.20955283850189 5.292773519707923 40.54051444210771 138.04284080031752 9.173218031538067E-19
Extended species tree:
(P0109B,((P_018831,OSHQ)0:0.7798100295814209,((P_016909,WZFE)0:1.3288845478266273,(P0203H,((((SJEV,(P_019193,(Wsal,P_019187)0:0.4611675048272639)0:1.0121828219942888)0:1.5986152641090126,(P_016921,(WKSU,(GAP_81227,(Pcol,(GAP_81226,P_006410)0:1.2030784534930752)0:0.8059566590790409)0:0.19124874796278932)0:0.28474374338408853)0:2.4008536502688016)0:1.7583151896906624,((P_011709,(P_025527,(P_025523,P_025525)NA:0.6241543090729941)NA:0.0)NA:0.0,(((QDVW,Asie)0:3.985907388983956,(P_019189,(P_019197,PAWA)0:0.6287848411672201)0.01136:0.047757003030107235)0.00001:0.2216657534138945,(((P_019185,CSSK)0.97559:0.006691645929262122,(P2589,OPDF)0:0.7094576430223998)0:1.2642290039460526,((P_019191,P_019199)0:0.6433322741382044,(GAP_80417,(P2590,GAP_79804)0:1.9763779523004714)0:0.6910923363145244)0:0.48084471174160465)0:1.1311130700355216)0:0.4248586210361872)0:0.3811323431838167)0:0.25070214650859257,(((((P_018639,P_018779)0:0.2961242870802499,(P_018695,(P_018783,P_018645)0.008:0.12534917981412202)0:0.3781404774523746)0:0.3841695351404397,(P_018691,((P_007845,(P_016797,(OBPL,(GAP_80397,P_016799)0:0.40594259866775406)0:0.42080583770163443)0.00095:0.2766055916530142)0.11973:0.190818892744802,((P_016793,(P_006422,P_016795)0:0.48088584546546875)0:0.5282194393101863,(P_018693,((S08,P_014095)0:0.670350122831469,((S38,(S04,(P_016789,S27)0:0.7354121006364487)0.16053:0.09105383214630983)0:0.5899470951115696,((S02,P_016787)0:2.9869771352353403,(P_016791,(S03,P_014099)0:2.5794851718570895)0.86276:0.022866805625074416)0.87331:0.021295795009201906)0.00004:0.29551690733620845)0:0.3796227120046806)0.03917:0.12715299967040813)0.00015:0.2079873996271497)0.06916:0.12493877458990671)0.48703:0.07959109442378044)0:2.7334211833332644,(((P2622,P2623)0:0.24633076232771184,(P0110C,(XQWC,(P0207A,(P0110B,(P0207C,(P0207B,(P0206H,P0206G)0.00003:0.20690760526044844)0.0022:0.1385002359091638)0.08539:0.09252612088242336)0.8702:0.02256628923394611)0:0.4693512408696571)0:0.4351018439181553)0:1.9184165427267703)0:0.5553157289364083,((GAP_80322,DHPO)0:1.9440843809179034,((P_012795,P_012941)0:3.708483854722969,((P_012861,((P_012855,(P_007802,P_012827)0:1.7023610072518713)0:1.1612549096879998,((P_012919,P_012921)0:2.434580385330051,(P_012813,P_018637)0:0.7719493038320236)0:1.983878512683661)0:2.6212203350435357)0:0.22648571864756636,(((P_012797,(P_012841,((P_012913,P_012877)0:1.8681602247229334,(P_012811,(P_012891,P_012895)0:0.3710861510764625)0:1.517217058962614)0:1.7357452719242492)0:0.3081240001991457)0.39941:0.04840861637846356,((((P_012903,P_012815)0:1.35851895844465,(P_012857,(P_012925,P_012883)0:2.938217827656094)0.6234:0.025549880182691474)0.80169:0.02848993042050163,(P_012875,((P_012905,P_012831)0:0.45970635988614306,(P_012901,(P_012851,P_012887)0:2.49237269658103)0.48841:0.02613275462438179)0:0.23581858223761276)0:0.8060738827425765)0:0.7224033734663651,(P_018689,((P_012885,(P_006420,GAP_80294)0:1.5129361922526343)0.61891:0.024782085148397887,(P_012859,(((P_012907,GAP_80291)0.59364:0.028527127530251977,(P_012881,P_012873)0:1.1554369950279526)0.53453:0.0291398948897709,((P_012897,(GAP_80293,P_012893)0:2.0978634357501424)0.20154:0.09407729273180168,(P_012889,((P_012863,(P_012911,(P_012917,P_012821)0:1.9457895337784477)0:0.9475078614067747)0.0258:0.12218286434128041,(P_006418,(P_012793,(GAP_80292,P_006419)0:3.271584288136556)0.00004:0.2529399348104209)0.47044:0.03805079633134452)0.86532:0.0)0.15251:0.07975340035597331)0.71584:0.038692084381999434)0.6097:0.05040956027405547)0.24562:0.0702651824388143)0:1.4677938387977514)0:1.0577319462212391)0:2.1908457554071585)0:2.296298949312321,((P_012867,((P_012899,P_012817)0:1.5945980344095285,(P_012847,P_012923)0:3.2170859428989944)0:0.7363161369314133)0:2.946866912816875,(P_012843,(((P_012937,(P_006421,P_012939)0:1.5686488821114153)0:3.7050320681804414,(P_012803,(P_012853,(P_012837,P_012829)0:1.1025988999975322)0.75019:0.030123554955324303)0:0.25480924410689465)0.00065:0.17265812010667286,(((P_012801,(P_012879,P_012809)0:3.6895590940189846)0:0.6974305583702041,((P_012839,P_012805)0.00383:0.09416540429905465,(P_012825,(P_012799,YZRI)0:0.7893289152129097)0:0.1766186577674574)0:0.715928611586294)0:1.1367537634902443,((P_012909,((P_012865,(P_012931,(P_012935,P_012933)0:2.6141920236798692)0:1.5866151121360668)0:0.250969658661154,((P_012845,P_012807)0:0.35014032735090767,(P_012871,P_012849)0:1.6052122848220964)0:0.5388029297604591)0:2.4537863045328705)0.77734:0.02635991875225648,((GAP_81172,P_012833)0:2.662657801529034,((PSJT,(GAP_80295,P_012927)0:0.22795230786040713)0:0.8671992744288957,((P_012915,P_012791)0.01063:0.1255534801586487,(P_012869,(P_012823,(P_012835,P_012819)0.00949:0.12840443843181645)0:0.7481964948128489)0:2.670062215299329)0:1.512401370835334)0.00011:0.10530141000104777)0:2.1198999059146435)0:1.808869417457243)0:1.7440271958848985)0.02636:0.11332454413485442)0:1.3773302548824429)0:1.3747847912102384)0:0.2651232950280527)0:1.3447156599796197)0:3.1973272649549487)0:0.3851820719743476)0:0.6832874690750134)0:2.116164961618294,((WPHN,P_011613)0.72225:0.018906318602353277,(((P_011609,(Sdec,P2619)0.00005:0.5162296444498367)0:0.722510075283251,(MAQO,(WAIL,(P_011527,(P_014077,(GAP_80298,(P_014083,GAP_80297)0:2.0568502021052493)0.03061:0.12456086039036014)0.05927:0.1515817388384445)0:0.39172706193851164)0:0.5329104041700424)0:1.3416458353759424)0:0.17857009153145545,(((P_011587,GAP_79862)0:1.0034023801976268,(P_014081,(P_008647,P0104A)0:2.484364030198889)0:1.6184201132333305)0:1.0239663535063426,(((KRJP,(P_011549,GAP_80395)0:1.490718319680884)0:0.6515182358754888,((P_011657,(P_011643,(P_011651,P_011509)0:0.7871038209862437)0.42677:0.03636084527815492)0:0.9601760149235053,((GAP_80393,GAP_80394)0:0.8369286527610509,(P_011631,((P_011551,((P_007844,P_011637)0.3055:0.07565518725856887,(P_007843,(P_006414,P_007783)0.18806:0.08015160081685989)0:0.40046296411011706)0.12357:0.07401089037097901)0.22421:0.0968193335541242,(P_011647,(P_011465,(P_011501,(P_011523,(P_011489,P_011487)0.26613:0.05762045464581132)0.06649:0.09240948012215792)0:0.712276124651708)0:1.1705666570699635)0:0.2926547410350077)0.00032:0.15782713747856036)0:0.4746145738074915)0.02483:0.06556502035369006)0:2.074077646153634)0:1.477007596983117,((P_011531,(P_011699,(Schi,P_006411)0:1.0813009478051572)0:0.2773566761320938)0:1.789470113790913,(VYLQ,(P_018635,(P_008631,((P_011579,(P_011671,P_008632)0.27952:0.08859921806479348)0:1.23537173153111,((P_011719,P_011607)NA:0.2876820724517809,((P_006413,((P_011679,(P_016813,((GAP_80389,GAP_80390)0:1.7081511216874714,(P_008646,(P_006412,P_008640)0:0.9735791479217375)0:0.2615521611247935)0.82488:0.020921410379357932)0.00155:0.14730210623175857)0:0.3014669307980183,((P_014073,P_011589)NA:0.18816332903557767,(P_011701,(P_011681,(P_011673,((P_011537,(P_011739,P_011677)0:0.9681067884518602)0.10649:0.11671347646693335,(P_011759,((P_011675,P_011735)0:1.2474194740130093,(P_011715,(P_011745,P_011611)0.00028:0.6509245682432308)0.00001:0.2706213870168871)0:0.28590734690512865)0.019:0.1516347819901798)0.01749:0.11504577736802435)0.45108:0.05442731646735979)0.74823:0.03470128326869423)NA:0.30613247841948066)0.00192:0.45335446866017604)0.03094:0.12872273730392325)0:0.2603745608641248,(((KAYP,(BCGB,ABSS)0:0.5938386440530792)0.05917:0.09000326843275853,(WIGA,(Apet,(Dhai,Msal)0.13725:0.0975729536996)0.00249:0.26445158015967346)0:0.43875620954496247)0:0.4545370590020904,(P_011705,P_011713)0.01345:0.2306270930019194)0.50011:0.0)0.02459:0.35442831435116484)0.04748:0.22007806415173226)0:1.2397532280609844)0.11608:0.17550341660802835)0:0.425515274732131)0:0.24016160593258082)0:0.9035696702704376)0:0.3159990048083698)0:0.1877921933147233)0:0.5610624494654232)0:1.694088842415198)0:0.7939141792849891)0:1.6361008480172419)0:1.23452262040339)0:0.6827227534146086));
Weight calculation took 270.367741854 secs
ASTRAL finished in 302.187 secs
