
================== ASTRAL ===================== 

This is ASTRAL version 5.7.7
Gene trees are treated as unrooted
282 trees read from all_bs10.trees
index224
All output trees will be *arbitrarily* rooted at P0109B

======== Running the main analysis
Number of taxa: 239 (239 species)
Taxa: [KRJP, WAIL, MAQO, Asie, QDVW, PAWA, P2589, P_019185, OPDF, CSSK, P_018831, P_016909, SJEV, P_019187, P_006410, GAP_81226, P_016921, GAP_81227, P_012827, P_012813, P_012919, P_012921, P_012861, P_018689, GAP_80293, P_012893, GAP_80291, P_012859, GAP_80292, GAP_80294, P_012873, P_012889, P_012793, P_012911, P_012821, P_012917, P_012863, P_012885, P_012881, P_012897, P_012907, P_012891, P_012895, P_012811, P_012857, P_012815, P_012903, P_012925, P_012883, P_012887, P_012851, P_012901, P_012875, P_012831, P_012797, P_012841, P_012913, P_012877, P_012867, P_012899, P_012817, P_012923, P_012847, P_012803, P_012853, P_012937, P_006421, P_012939, P_012843, P_012837, P_012809, P_012801, P_012799, P_012825, P_012909, GAP_81172, P_012833, GAP_80295, P_012927, PSJT, P_012915, P_012791, P_012835, P_012819, P_012823, P_012869, P_012849, P_012871, P_012865, P_012931, P_012935, P_012933, P_012845, P_012807, P_012795, P_018695, P_018645, P_018783, GAP_80397, OBPL, P_016799, P_016797, P_016793, P_016795, P_006422, P_014099, S03, P_016789, P_016787, P_016791, P_018693, P_019189, P0110C, P0207C, P0207A, XQWC, P0207B, P0206H, P0206G, YZRI, GAP_80322, DHPO, P2590, GAP_79804, GAP_79862, P_011527, P_008646, P_006412, P_011715, P_011735, GAP_80389, GAP_80390, WKSU, WZFE, WPHN, BCGB, WIGA, ABSS, Apet, Dhai, VYLQ, P_006413, P_011675, P_011759, P_008640, P_016813, P_018635, P_011531, Schi, P_006411, GAP_80297, P_014083, GAP_80298, P_014077, P2619, P2622, P_012905, P_006419, P_006418, P_012879, P_012805, P_012839, P_012829, P_012855, P_007802, P_018637, P_012941, P_018639, OSHQ, P_019193, Wsal, Pcol, P_019191, P_019197, GAP_80395, P_011549, GAP_80393, GAP_80394, P_011651, P_011509, P_011643, P_006414, P_011631, P_007783, P_011637, P_011647, P_011489, P_011465, P_011501, P_011523, P_011487, P_011587, P_014081, P_008647, P0104A, P_008631, P_011671, P_011679, P_008632, KAYP, Msal, P_011537, P_011713, P_011705, P_018779, P0110B, S02, S08, S27, P_007844, P_011657, P_011739, P_011673, GAP_80417, P_018691, P_006420, P_007843, P_011611, P_011745, P_011677, P_011579, P0203H, P_011551, P_025525, P0109B, P_014095, P_011681, P2623, P_011609, P_025523, S38, P_011699, P_011607, P_019199, P_011613, P_007845, S04, P_011701, P_025527]
Taxon occupancy: {P_019193=90, P_019191=6, P_019197=170, OPDF=268, GAP_81172=232, P_018783=230, P_019199=1, Wsal=112, P_016921=233, WKSU=280, P_025523=3, P_025525=8, P_025527=1, P0203H=61, P_014077=47, QDVW=271, P_011487=237, P_011489=244, P_016813=218, P_006421=221, P_006422=238, P_006420=42, P_006418=205, P_006419=222, P_006414=222, P_014081=43, P_014083=76, P_018689=235, P0206H=176, P0206G=159, Msal=240, P0109B=39, P_006410=199, P_012901=227, P_006411=189, P_012903=246, P_006412=223, P_006413=235, P_012905=243, PAWA=269, P_012907=243, GAP_79862=192, ABSS=278, P_012909=223, P_018691=65, GAP_80291=251, P_018695=228, P_014095=12, GAP_80293=221, GAP_80292=213, P_018693=209, GAP_80295=214, GAP_80294=207, P_014099=184, GAP_80297=224, GAP_80298=227, P_012911=234, P_011701=2, P_012913=193, P_012915=232, P_011705=27, P_012917=191, P_012919=143, P_012881=229, P_011671=74, P_011551=30, MAQO=276, P_012883=237, P_011673=56, P_012885=228, GAP_80322=246, P_011675=149, P2590=159, P_012887=234, P_011677=80, P_012889=224, P_011679=75, P_008647=182, PSJT=271, P2589=143, P_012891=201, P_011681=52, P_012893=224, P_018637=197, P_012895=218, P_018635=122, P_012897=222, P0207C=183, P_012899=206, P0207B=194, P0207A=195, P_018639=110, P_008646=240, P_008640=238, BCGB=276, WZFE=275, P_018645=222, KRJP=276, KAYP=172, P_011699=9, P_011579=67, CSSK=266, P_008632=224, P_016909=238, P_007783=162, P_008631=47, P_019187=201, P_019185=205, P_019189=160, P_012791=219, P_012793=230, Asie=209, P_012795=228, P_011465=248, P_018779=41, P_012797=236, P_011587=56, P_012799=228, GAP_80417=42, WIGA=272, GAP_79804=119, P_007802=62, P_012841=224, P_011631=67, P_012843=242, Pcol=109, P_012845=227, P_012847=211, P_011637=202, P_011759=109, P_012849=210, Apet=124, OBPL=276, P0110C=150, P_018831=198, P0110B=83, YZRI=276, P_012851=226, P_012853=216, P_011643=228, P_011523=239, P_012855=176, P_012857=216, P_011647=130, P_011527=83, P_012859=190, WAIL=278, P_016789=216, P_012861=224, P_011651=116, P_016787=226, P_011531=80, P_012863=232, P_012865=208, Schi=118, P_012867=221, P_011657=114, P_011537=62, P_012869=213, P_016793=219, P_016791=226, P_016797=232, SJEV=274, P_016795=217, P_012871=202, P_012873=238, P_016799=233, P_012875=218, P_012877=225, P_012879=227, P_011549=148, P_007844=30, P_007845=1, S02=88, P_012921=108, S04=2, P_012801=224, S03=165, P_012923=194, P_011713=35, P_012803=216, P_012925=229, P_011715=83, S08=34, P_012805=217, P_007843=102, P_012927=212, P_012807=225, P_012809=235, VYLQ=275, DHPO=278, GAP_80390=220, P2622=86, P2623=20, XQWC=279, GAP_80394=232, GAP_80393=256, GAP_80395=246, GAP_80397=241, P_012931=209, P_012811=224, P_012933=187, WPHN=275, P_012813=197, P_012935=207, P_012815=226, P_012937=226, P_012817=219, P_011607=1, P_012939=214, P_012819=218, P_011609=29, P2619=47, OSHQ=271, GAP_80389=210, P_012941=226, P_012821=232, P_011611=23, P_012823=220, P_011613=1, P_011735=213, P_012825=193, S27=52, P_012827=130, P_011739=111, P_012829=163, Dhai=259, P0104A=126, P_012831=229, P_011501=249, GAP_81226=226, P_012833=218, GAP_81227=239, P_011745=100, P_012835=209, S38=6, P_012837=221, P_012839=208, P_011509=236}
Number of gene trees: 282
282 trees have missing taxa
Calculating quartet distance matrix (for completion of X)
Species tree distances calculated ...
Will attempt to complete bipartitions from X before adding using a distance matrix.
Building set of clusters (X) from gene trees 
------------------------------
gradient0: 19493
Number of Clusters after addition by distance: 19493
calculating extra bipartitions to be added at level 1 ...
Adding to X using resolutions of greedy consensus ...
Limit for sigma of degrees:6025
polytomy size limit : 13
discarded polytomies:  [3, 3, 3, 3, 3, 3, 3, 3, 3, 3, 3, 4, 4, 4, 4, 4, 4, 4, 4, 4, 5, 5, 6, 6, 6, 9, 9, 13]
Threshold 0.0:
Threshold 0.01:
Threshold 0.02:
Threshold 0.05:
polytomy of size 3; rounds with additions with at least 5 support: 0; clusters: 19493
Threshold 0.1:
polytomy of size 3; rounds with additions with at least 5 support: 0; clusters: 19493
polytomy of size 6; rounds with additions with at least 5 support: 0; clusters: 19497
Threshold 0.2:
polytomy of size 3; rounds with additions with at least 5 support: 0; clusters: 19497
polytomy of size 6; rounds with additions with at least 5 support: 0; clusters: 19497
polytomy of size 4; rounds with additions with at least 5 support: 0; clusters: 19497
polytomy of size 4; rounds with additions with at least 5 support: 0; clusters: 19497
polytomy of size 9; rounds with additions with at least 5 support: 0; clusters: 19499
polytomy of size 3; rounds with additions with at least 5 support: 0; clusters: 19499
Threshold 0.3333333333333333:
polytomy of size 4; rounds with additions with at least 5 support: 0; clusters: 19499
polytomy of size 3; rounds with additions with at least 5 support: 0; clusters: 19499
polytomy of size 3; rounds with additions with at least 5 support: 0; clusters: 19499
polytomy of size 6; rounds with additions with at least 5 support: 0; clusters: 19505
polytomy of size 9; rounds with additions with at least 5 support: 0; clusters: 19509
polytomy of size 3; rounds with additions with at least 5 support: 0; clusters: 19509
polytomy of size 4; rounds with additions with at least 5 support: 0; clusters: 19509
polytomy of size 5; rounds with additions with at least 5 support: 0; clusters: 19509
polytomy of size 5; rounds with additions with at least 5 support: 0; clusters: 19509
polytomy of size 13; rounds with additions with at least 5 support: 0; clusters: 19509
polytomy of size 3; rounds with additions with at least 5 support: 0; clusters: 19509
polytomy of size 4; rounds with additions with at least 5 support: 0; clusters: 19509
polytomy of size 4; rounds with additions with at least 5 support: 0; clusters: 19509
polytomy of size 4; rounds with additions with at least 5 support: 0; clusters: 19509
polytomy of size 3; rounds with additions with at least 5 support: 0; clusters: 19509
polytomy of size 3; rounds with additions with at least 5 support: 0; clusters: 19509
polytomy of size 3; rounds with additions with at least 5 support: 0; clusters: 19509
polytomy of size 4; rounds with additions with at least 5 support: 0; clusters: 19509
polytomy of size 4; rounds with additions with at least 5 support: 0; clusters: 19509
max k is :0
Number of Clusters after addition by greedy: 19509
gradient0 in heuristiic: 19509
partitions formed in 16.277 secs
Dynamic Programming starting after 16.277 secs
Using tree-based weight calculation.
Using polytree-based weight calculation.
Polytree max score: 7961742465
Polytree building time: 0.193 seconds.
Number of quartet trees in the gene trees: 7961742465
Size of largest cluster: 239
Greedy score: 7299522281
estimationFactor: 1.0907210305698634
Sub-optimal score: 7402934132
Total Number of elements weighted: 64303
Normalized score (portion of input quartet trees satisfied before correcting for multiple individuals): 0.947493001709394
Optimization score: 7543695267
Optimal tree inferred in 92.179 secs.
(P_012941,(P_012795,(((P_012861,((P_012855,(P_012827,P_007802)),((P_012919,P_012921),(P_012813,P_018637)))),(((P_012797,(P_012841,((P_012913,P_012877),(P_012811,(P_012891,P_012895))))),((((P_012925,P_012883),(P_012857,(P_012815,P_012903))),(P_012875,((P_012831,P_012905),(P_012901,(P_012887,P_012851))))),(P_018689,((P_012885,(GAP_80294,P_006420)),(P_012859,(((P_012873,P_012881),(GAP_80291,P_012907)),((P_012889,((P_012863,P_006418),(P_012793,(GAP_80292,P_006419)))),((P_012897,(GAP_80293,P_012893)),(P_012911,(P_012821,P_012917)))))))))),((P_012867,((P_012923,P_012847),(P_012899,P_012817))),(P_012843,(((P_012937,(P_006421,P_012939)),(P_012803,(P_012853,(P_012837,P_012829)))),(((P_012801,(P_012809,P_012879)),(P_012839,(P_012805,(P_012825,(P_012799,YZRI))))),(P_012909,(((P_012865,(P_012931,(P_012935,P_012933))),((P_012849,P_012871),(P_012845,P_012807))),((GAP_81172,P_012833),((P_012927,(GAP_80295,PSJT)),((P_012915,P_012791),(P_012869,(P_012835,(P_012819,P_012823)))))))))))))),((GAP_80322,DHPO),(((P2622,P2623),(P0110C,(P0110B,(XQWC,(P0207A,(P0207C,(P0207B,(P0206H,P0206G)))))))),(((P_018691,P_007845),(((P_018639,P_018779),(P_018695,(P_018645,P_018783))),((P_016797,(OBPL,(GAP_80397,P_016799))),((P_016793,(P_016795,P_006422)),(P_018693,((S08,(P_014095,S38)),((S27,(P_016789,S04)),(P_016791,((P_014099,S03),(P_016787,S02)))))))))),(((P0203H,((P_016909,WZFE),(P0109B,(P_018831,OSHQ)))),(((P_025527,(SJEV,(P_019193,(P_019187,Wsal)))),(P_016921,(GAP_81227,((WKSU,P_019199),(Pcol,(P_006410,GAP_81226)))))),(((P_019189,P_025525),((PAWA,P_019197),(Asie,QDVW))),(P_025523,((P_019191,(GAP_80417,(P2590,GAP_79804))),((P2589,OPDF),(P_019185,CSSK))))))),(P_011613,(WPHN,((P2619,P_011609),(((GAP_79862,P_011587),(P_014081,(P_008647,P0104A))),((MAQO,(WAIL,(P_011527,((GAP_80297,P_014083),(GAP_80298,P_014077))))),(((KRJP,(GAP_80395,P_011549)),((P_011643,(P_011657,(P_011651,P_011509))),((GAP_80393,GAP_80394),((P_011647,(P_011465,(P_011501,(P_011523,(P_011489,P_011487))))),(P_011631,((P_007843,(P_006414,P_007783)),(P_011551,(P_011637,P_007844)))))))),((P_011531,(P_011699,(Schi,P_006411))),(VYLQ,(P_018635,(P_008631,((P_008632,(P_011671,P_011579)),((P_011713,P_011705),(((KAYP,(BCGB,(ABSS,P_011607))),(WIGA,(Dhai,(Apet,Msal)))),(P_006413,((P_016813,((GAP_80389,GAP_80390),((P_006412,P_008640),(P_008646,P_011679)))),((P_011673,(P_011537,(P_011701,(P_011739,P_011677)))),(P_011759,((P_011735,P_011675),(P_011715,(P_011681,(P_011611,P_011745))))))))))))))))))))))))))));
Final quartet score is: 7543695267
Final normalized quartet score is: 0.947493001709394
You may want to ignore posterior probabilities and other statistics related to the following branch branch because the effective number of genes impacting it is only 1:
	{SJEV, P_019187, P_019193, Wsal}
You may want to ignore posterior probabilities and other statistics related to the following branch branch because the effective number of genes impacting it is only 1:
	{SJEV, P_019187, P_019193, Wsal, P_025527}
You may want to ignore posterior probabilities and other statistics related to the following branch branch because the effective number of genes impacting it is only 1:
	{WKSU, P_019199}
You may want to ignore posterior probabilities and other statistics related to the following branch branch because the effective number of genes impacting it is only 7:
	{P_019189, P_025525}
You may want to ignore posterior probabilities and other statistics related to the following branch branch because the effective number of genes impacting it is only 4:
	{P2590, GAP_79804, GAP_80417}
You may want to ignore posterior probabilities and other statistics related to the following branch branch because the effective number of genes impacting it is only 5:
	{P2590, GAP_79804, P_019191, GAP_80417}
You may want to ignore posterior probabilities and other statistics related to the following branch branch because the effective number of genes impacting it is only 2:
	{P2589, P_019185, OPDF, CSSK, P2590, GAP_79804, P_019191, GAP_80417}
You may want to ignore posterior probabilities and other statistics related to the following branch branch because the effective number of genes impacting it is only 3:
	{P2589, P_019185, OPDF, CSSK, P2590, GAP_79804, P_019191, GAP_80417, P_025523}
You may want to ignore posterior probabilities and other statistics related to the following branch branch because the effective number of genes impacting it is only 11:
	{P2619, P_011609}
You may want to ignore posterior probabilities and other statistics related to the following branch branch because the effective number of genes impacting it is only 6:
	{P_011637, P_007844}
You may want to ignore posterior probabilities and other statistics related to the following branch branch because the effective number of genes impacting it is only 4:
	{Schi, P_006411}
You may want to ignore posterior probabilities and other statistics related to the following branch branch because the effective number of genes impacting it is only 5:
	{Schi, P_006411, P_011699}
You may want to ignore posterior probabilities and other statistics related to the following branch branch because the effective number of genes impacting it is only 11:
	{P_011713, P_011705}
You may want to ignore posterior probabilities and other statistics related to the following branch branch because the effective number of genes impacting it is only 1:
	{ABSS, P_011607}
You may want to ignore posterior probabilities and other statistics related to the following branch branch because the effective number of genes impacting it is only 0:
	{P_011739, P_011677}
You may want to ignore posterior probabilities and other statistics related to the following branch branch because the effective number of genes impacting it is only 2:
	{P_011739, P_011677, P_011701}
You may want to ignore posterior probabilities and other statistics related to the following branch branch because the effective number of genes impacting it is only 8:
	{P_011611, P_011745}
You may want to ignore posterior probabilities and other statistics related to the following branch branch because the effective number of genes impacting it is only 1:
	{KRJP, WAIL, MAQO, GAP_79862, P_011527, P_008646, P_006412, P_011715, P_011735, GAP_80389, GAP_80390, WPHN, BCGB, WIGA, ABSS, Apet, Dhai, VYLQ, P_006413, P_011675, P_011759, P_008640, P_016813, P_018635, P_011531, Schi, P_006411, GAP_80297, P_014083, GAP_80298, P_014077, P2619, GAP_80395, P_011549, GAP_80393, GAP_80394, P_011651, P_011509, P_011643, P_006414, P_011631, P_007783, P_011637, P_011647, P_011489, P_011465, P_011501, P_011523, P_011487, P_011587, P_014081, P_008647, P0104A, P_008631, P_011671, P_011679, P_008632, KAYP, Msal, P_011537, P_011713, P_011705, P_007844, P_011657, P_011739, P_011673, P_007843, P_011611, P_011745, P_011677, P_011579, P_011551, P_011681, P_011609, P_011699, P_011607, P_011701}
You may want to ignore posterior probabilities and other statistics related to the following branch branch because the effective number of genes impacting it is only 1:
	{KRJP, WAIL, MAQO, GAP_79862, P_011527, P_008646, P_006412, P_011715, P_011735, GAP_80389, GAP_80390, WPHN, BCGB, WIGA, ABSS, Apet, Dhai, VYLQ, P_006413, P_011675, P_011759, P_008640, P_016813, P_018635, P_011531, Schi, P_006411, GAP_80297, P_014083, GAP_80298, P_014077, P2619, GAP_80395, P_011549, GAP_80393, GAP_80394, P_011651, P_011509, P_011643, P_006414, P_011631, P_007783, P_011637, P_011647, P_011489, P_011465, P_011501, P_011523, P_011487, P_011587, P_014081, P_008647, P0104A, P_008631, P_011671, P_011679, P_008632, KAYP, Msal, P_011537, P_011713, P_011705, P_007844, P_011657, P_011739, P_011673, P_007843, P_011611, P_011745, P_011677, P_011579, P_011551, P_011681, P_011609, P_011699, P_011607, P_011613, P_011701}
You may want to ignore posterior probabilities and other statistics related to the following branch branch because the effective number of genes impacting it is only 1:
	{P_018691, P_007845}
You may want to ignore posterior probabilities and other statistics related to the following branch branch because the effective number of genes impacting it is only 0:
	{P_014095, S38}
You may want to ignore posterior probabilities and other statistics related to the following branch branch because the effective number of genes impacting it is only 5:
	{S08, P_014095, S38}
You may want to ignore posterior probabilities and other statistics related to the following branch branch because the effective number of genes impacting it is only 2:
	{P_016789, S04}
You may want to ignore posterior probabilities and other statistics related to the following branch branch because the effective number of genes impacting it is only 18:
	{P2622, P2623}
29.0 5.98989898989899 1.0101010101010102 36.0 8.53463640856541E-9
208.16666666666669 11.166666666666666 9.666666666666668 229.0 6.834941514809816E-75
53.99541024681869 11.993589743589745 6.011000009591562 72.0 4.23924193187905E-13
62.0 13.0 12.0 87.0 5.8193723705654E-13
1.0 0.0 0.0 1.0 0.3678794411714423
Not enough genes
Cannot perform polytomy test with effective N (after polytomies) 1.0:
	(SJEV,(P_019193,(P_019187,Wsal):0.9403138170892331):0.8137751683485602):0.2876820724517809;
1.0 0.0 0.0 1.0 0.3678794411714423
Not enough genes
Cannot perform polytomy test with effective N (after polytomies) 1.0:
	(P_025527,(SJEV,(P_019193,(P_019187,Wsal):0.9403138170892331):0.8137751683485602):0.2876820724517809):0.2876820724517809;
1.0 0.0 0.0 1.0 0.3678794411714423
Not enough genes
Cannot perform polytomy test with effective N (after polytomies) 1.0:
	(WKSU,P_019199):0.2876820724517809;
85.00865593101142 9.98990015932549 8.001443909663088 103.0 4.216494625461179E-25
66.98105880816578 20.479452188779554 17.539489003054662 105.0 2.8497296696569306E-10
98.91017458698651 81.66357313746444 34.426252275549054 215.0 1.7629093144554197E-7
125.17945310046107 31.657311404925693 54.16323549461326 211.0 1.937696099858795E-15
218.41564406110567 4.603415653689376 5.980940285204991 229.0 7.178127471163026E-87
250.13594056303145 4.191425648038287 17.943839056193884 272.2712052672636 4.0650205311768114E-92
3.5749698223479878 0.030894756142280894 3.394135421509731 7.0 0.1813242612270946
Not enough genes
Cannot perform polytomy test with effective N (after polytomies) 7.0:
	(P_019189,P_025525):0.18669933532666924;
113.20390973979917 8.549988502701224 42.94524705664491 164.6991452991453 3.1029754071209197E-23
197.03030303030303 0.9696969696969697 1.0 199.0 1.3262683348404205E-84
57.22897333067685 34.17069454500475 64.08357518190036 155.48324305758194 0.008753578870066146
73.36159658539012 52.06673822670628 33.72291088833819 159.15124570043457 6.003024042158886E-4
34.0 0.0 0.0 34.0 1.7139084315420148E-15
4.0 0.0 0.0 4.0 0.018315638888734168
Not enough genes
Cannot perform polytomy test with effective N (after polytomies) 4.0:
	(GAP_80417,(P2590,GAP_79804):3.149882953381249):1.2039728043259361;
2.0 2.0 0.0 4.0 0.36787944117144233
Not enough genes
Cannot perform polytomy test with effective N (after polytomies) 4.0:
	(P_019191,(GAP_80417,(P2590,GAP_79804):3.149882953381249):1.2039728043259361):0.1053605156578264;
115.00352112676056 9.0 14.996478873239436 139.0 5.82586641135213E-34
65.98934597838553 60.48859059042359 70.52206343119089 197.0 0.6808230609998542
140.72701149425288 15.75 6.522988505747127 163.0 1.2162149202768767E-45
2.0 0.0 0.0 2.0 0.1353352832366126
Not enough genes
Cannot perform polytomy test with effective N (after polytomies) 2.0:
	((P_019191,(GAP_80417,(P2590,GAP_79804):3.149882953381249):1.2039728043259361):0.1053605156578264,((P2589,OPDF):1.3174423446229602,(P_019185,CSSK):0.0):1.547107923241519):0.6931471805599453;
2.0088235294117647 0.5397058823529411 0.2 2.748529411764706 0.36464858539225653
Not enough genes
Cannot perform polytomy test with effective N (after polytomies) 2.748529411764706:
	(P_025523,((P_019191,(GAP_80417,(P2590,GAP_79804):3.149882953381249):1.2039728043259361):0.1053605156578264,((P2589,OPDF):1.3174423446229602,(P_019185,CSSK):0.0):1.547107923241519):0.6931471805599453):0.3621824322895644;
245.57540823021793 12.680748071638689 16.170100892260805 274.4262571941174 2.686385391019842E-85
133.5886055638159 87.36582745458627 51.43571699247406 272.3901500108762 7.714079183380465E-9
11.0 0.0 0.0 11.0 1.6701700790245632E-5
Not enough genes
Cannot perform polytomy test with effective N (after polytomies) 11.0:
	(P2619,P_011609):2.0794415416798353;
44.90340909090909 0.03409090909090909 3.0625 48.0 8.529450251441881E-18
34.0 0.0 0.0 34.0 1.7139084315420148E-15
38.0 0.0 0.0 38.0 3.139132792048018E-17
122.91169115236313 10.979447547729977 12.277729747191616 146.16886844728472 1.5897280469564555E-37
68.99393616706598 1.0001580556394838 4.005905777294524 74.0 1.032370749421497E-26
18.986525765157815 9.013776168399803 13.999698066442384 42.0 0.1693148526090979
40.94255036426023 21.01592279754227 17.046655043325703 79.0051282051282 0.0019765005954910358
37.70007514922227 23.23055448987354 18.569370360904202 79.50000000000001 0.02339566338247529
165.22816499418934 8.840516788544797 67.49128665867305 241.5599684414072 2.1639409824297566E-34
235.89210804263092 24.91200513984112 12.156328947368753 272.9604421298408 4.338989199308384E-76
130.86232430303204 3.124027518806661 8.892288954860318 142.878640776699 3.476087359809127E-48
156.0401679414889 76.97381250802756 6.48260994505577 239.49659039457222 3.5188516015196182E-31
62.023861547430876 8.968382733299382 8.016684290698318 79.00892857142858 1.7566457945091427E-16
37.38194846013325 35.54180959802315 31.076241941843602 104.00000000000001 0.7383671124904176
182.11743695549282 17.712764066524233 16.15244557290496 215.98264659492202 1.3490073760084878E-55
152.91576747343396 32.77180278935896 34.984520878735935 220.67209114152885 1.2751178809069173E-28
89.81469485661482 61.95280834010427 65.12281226409416 216.89031546081324 0.04002428462335034
85.01082870612693 76.435129975254 61.994600383629674 223.44055906501063 0.16257247173339373
160.27330516933606 38.232137803011184 35.148063610878076 233.6535065832253 3.971865386656437E-29
107.14638920060548 10.598557305917504 8.729492587877871 126.47443909440086 2.2895871807864824E-33
50.96258043088979 38.08194318465277 32.88144350625059 121.92596712179315 0.11860413611982926
30.871604439937666 26.2481144212004 31.825065300634652 88.94478416177272 0.7407296966222304
63.37023657365166 17.59941584477511 14.799118276322044 95.76877069474881 7.636457042159732E-11
2.9953271028037385 0.9989691784352128 0.9919422508711405 4.986238532110092 0.44838090714359224
Not enough genes
Cannot perform polytomy test with effective N (after polytomies) 4.986238532110092:
	(P_011637,P_007844):0.2884199820519394;
10.164921021513702 8.016477004468797 5.085513351829759 23.266911377812256 0.43246886249878447
22.254172843501763 15.3795284672022 20.577145654319676 58.210846965023634 0.5157423819276368
27.76004808370958 24.549737331871842 9.626470799563359 61.93625621514478 0.010720435205001544
186.45338815864255 16.932770161576347 31.133511500699978 234.51966982091886 7.37183906651097E-50
85.08746000002223 69.8747621160508 83.06989836741157 238.03212048348462 0.42299047044760096
237.8598819867416 4.77854957746602 6.128970098373529 248.76740166258116 5.048907387864511E-95
216.24044328309975 27.868150107705905 18.83050414301024 262.93909753381587 2.781837875675063E-62
3.0 1.0 0.0 4.0 0.17377394345044508
Not enough genes
Cannot perform polytomy test with effective N (after polytomies) 4.0:
	(Schi,P_006411):0.5108256237659905;
2.5 1.5 1.0 5.0 0.7046880897187136
Not enough genes
Cannot perform polytomy test with effective N (after polytomies) 5.0:
	(P_011699,(Schi,P_006411):0.5108256237659905):0.13353139262452274;
75.35193964163305 1.1804499620426838 1.0927465619015968 77.62513616557733 1.52918799716804E-31
13.0 6.0 7.0 26.0 0.19131267379416061
97.08054803653432 3.571063782337199 4.8785033903777855 105.53011520924932 3.245564802440432E-36
7.3564537814678586 2.1377279510332095 0.8558182674989318 10.350000000000001 0.032175392572196884
Not enough genes
Cannot perform polytomy test with effective N (after polytomies) 10.350000000000001:
	(P_011713,P_011705):0.6390730230710371;
1.0 0.0 0.0 1.0 0.3678794411714423
Not enough genes
Cannot perform polytomy test with effective N (after polytomies) 1.0:
	(ABSS,P_011607):0.2876820724517809;
94.32119113253067 33.57480124202299 25.185008112821006 153.08100048737467 7.681520726272044E-13
65.44525264335404 40.859934385112474 44.40796830918571 150.71315533765224 0.029739882278207883
38.53925122800626 30.316784340249924 29.895494705717613 98.75153027397378 0.48601648517793106
92.20413982592167 73.15174429827923 55.57347495881009 220.92935908301098 0.010487681209446483
138.87014363133179 45.7148742266822 62.10187951740556 246.68689737541956 8.653582004489512E-14
141.12765964153417 33.47406943822704 76.14307296971788 250.7448020494791 5.366855028644393E-16
161.71920106758716 9.183370200571774 10.781965700644818 181.68453696880374 9.108445245115484E-56
154.92406510927492 22.877801342375307 22.692911379883142 200.49477783153338 1.507359345696556E-38
31.662365355498178 6.598039549843133 27.055253391371217 65.31565829671253 2.815364190089019E-4
87.52418687756487 47.86090062261422 53.732729028003675 189.11781652818274 6.965829014829323E-4
64.24830749053451 49.14818214446732 58.66119202692456 172.0576816619264 0.36192892239738506
94.76752631678467 32.10946138766344 40.851512144627286 167.7284998490754 1.1346334161915756E-9
0.0 0.0 0.0 0.0 NaN
Not enough genes
Cannot perform polytomy test with effective N (after polytomies) 0.0:
	(P_011739,P_011677):0.0;
0.0 1.0002704530087898 0.058823529411764705 1.0590939824205545 0.4096611959675689
Not enough genes
Cannot perform polytomy test with effective N (after polytomies) 1.0590939824205545:
	(P_011701,(P_011739,P_011677):0.0):0.0;
9.943386950946035 8.03993745475801 6.618198659640116 24.60152306534416 0.7121711045390458
18.303629761802892 14.686841059558695 12.781757575613582 45.772228396975166 0.5971340212844654
90.64665083072273 12.287664260053756 2.2127743616820132 105.1470894524585 9.101527651572782E-30
2.994155560410749 2.0 3.0058444395892505 8.0 0.8824855987075775
Not enough genes
Cannot perform polytomy test with effective N (after polytomies) 8.0:
	(P_011611,P_011745):0.0;
9.51629343262195 8.046710408745792 11.475247524752474 29.038251366120214 0.7366322347893449
36.030880738205234 14.124275984551167 13.26385881735134 63.41901554010774 3.797472108857632E-4
42.9713281133593 16.090304010861814 18.887808491355912 77.94944061557703 2.2360044281292566E-4
33.33305255342775 28.88322775072688 22.32611376654181 84.54239407069645 0.3369192152869825
104.59585245570877 16.164172002774503 11.769228858909408 132.5292533173927 1.0880766212535494E-27
78.31683011599513 47.978623134611006 54.07110027612644 180.36655352673256 0.013787407175790552
107.00390681674911 47.72199236934469 57.573504783272156 212.29940396936593 6.411767230111447E-7
17.162619127661202 12.765558379848516 14.970759115773522 44.898936623283234 0.7240013410810493
31.59539425469987 9.833211173479697 5.301222985665464 46.72982841384503 3.0979259636469734E-6
38.87982631758166 1.0473262786596118 3.0633862766505415 42.99053887289181 1.8635663365775504E-14
14.126660277960756 7.077224652803212 11.814748609608703 33.018633540372676 0.30933464709935565
73.44177574700501 34.46056057281563 10.748152044304227 118.65048836412487 9.92270679891289E-12
102.58657034450265 65.04475671878279 31.54757897100353 199.17890603428896 5.475040956198714E-9
154.3104270860175 22.757650094248618 24.520546744372997 201.58862392463914 1.619155787579567E-37
162.7020074301551 36.95297070185069 66.01947950254007 265.6744576345459 5.556855851450986E-22
117.72057944623779 94.68163431233914 14.675309429445399 227.07752318802233 1.649486224887971E-17
26.298304749500822 18.691894001547908 12.632730910110864 57.622929661159596 0.08707093296126923
36.0009023966206 15.8396676080252 10.090728493158597 61.931298497804406 1.2735795684143354E-4
1.0 0.0 0.0 1.0 0.3678794411714423
Not enough genes
Cannot perform polytomy test with effective N (after polytomies) 1.0:
	(WPHN,((P2619,P_011609):2.0794415416798353,(((GAP_79862,P_011587):2.0762000477556652,(P_014081,(P_008647,P0104A):3.149882953381249):3.2580965380214812):1.3974030397751867,((MAQO,(WAIL,(P_011527,((GAP_80297,P_014083):2.1192534077293446,(GAP_80298,P_014077):0.17711990832656285):0.31146070685448346):0.2262557295530937):0.7376785644470982):1.5681358058326604,(((KRJP,(GAP_80395,P_011549):1.9973013799272927):0.6410051134593349,((P_011643,(P_011657,(P_011651,P_011509):1.0871313236793385):0.034620260034423464):1.4228627990804499,((GAP_80393,GAP_80394):0.7651654019517731,((P_011647,(P_011465,(P_011501,(P_011523,(P_011489,P_011487):0.125905812530876):0.07058504438111536):0.743455081511084):1.430449058249151):0.12995970124006048,(P_011631,((P_007843,(P_006414,P_007783):0.014953855039590283):0.6583472069029732,(P_011551,(P_011637,P_007844):0.2884199820519394):0.13733269518286725):0.06589338592358984):0.1762873512331227):1.1631572544770947):0.03453963979863433):2.6378948772378825):1.3053500925420043,((P_011531,(P_011699,(Schi,P_006411):0.5108256237659905):0.13353139262452274):2.773459301050798,(VYLQ,(P_018635,(P_008631,((P_008632,(P_011671,P_011579):0.25131442828090594):2.016993670359092,((P_011713,P_011705):0.6390730230710371,(((KAYP,(BCGB,(ABSS,P_011607):0.2876820724517809):0.5416799825792052):0.15906889207476257,(WIGA,(Dhai,(Apet,Msal):0.08286948123743122):0.13147550537750663):0.4170350206503509):0.416875704281479,(P_006413,((P_016813,((GAP_80389,GAP_80390):1.7594253130141406,((P_006412,P_008640):1.0593264952751098,(P_008646,P_011679):0.24356817910460407):0.21140301723446653):0.05856236045481018):0.4192882358364005,((P_011673,(P_011537,(P_011701,(P_011739,P_011677):0.0):0.0):0.08619607493773368):0.09102283078720214,(P_011759,((P_011735,P_011675):1.5184923387689444,(P_011715,(P_011681,(P_011611,P_011745):0.0):0.0):0.4139724845760046):0.3804317797604016):0.08828554688478636):1.1238588047758902):0.15984340959347654):0.2910087983903754):0.06281510067626303):0.6791356722385427):1.747170639269154):0.13112701497725332):0.5459414227496502):0.3129474261906423):1.0287322841754443):0.5364375844266035):0.32050042160378045):0.18983148215683765):0.443322907957906):0.2876820724517809;
1.0 0.0 0.0 1.0 0.3678794411714423
Not enough genes
Cannot perform polytomy test with effective N (after polytomies) 1.0:
	(P_011613,(WPHN,((P2619,P_011609):2.0794415416798353,(((GAP_79862,P_011587):2.0762000477556652,(P_014081,(P_008647,P0104A):3.149882953381249):3.2580965380214812):1.3974030397751867,((MAQO,(WAIL,(P_011527,((GAP_80297,P_014083):2.1192534077293446,(GAP_80298,P_014077):0.17711990832656285):0.31146070685448346):0.2262557295530937):0.7376785644470982):1.5681358058326604,(((KRJP,(GAP_80395,P_011549):1.9973013799272927):0.6410051134593349,((P_011643,(P_011657,(P_011651,P_011509):1.0871313236793385):0.034620260034423464):1.4228627990804499,((GAP_80393,GAP_80394):0.7651654019517731,((P_011647,(P_011465,(P_011501,(P_011523,(P_011489,P_011487):0.125905812530876):0.07058504438111536):0.743455081511084):1.430449058249151):0.12995970124006048,(P_011631,((P_007843,(P_006414,P_007783):0.014953855039590283):0.6583472069029732,(P_011551,(P_011637,P_007844):0.2884199820519394):0.13733269518286725):0.06589338592358984):0.1762873512331227):1.1631572544770947):0.03453963979863433):2.6378948772378825):1.3053500925420043,((P_011531,(P_011699,(Schi,P_006411):0.5108256237659905):0.13353139262452274):2.773459301050798,(VYLQ,(P_018635,(P_008631,((P_008632,(P_011671,P_011579):0.25131442828090594):2.016993670359092,((P_011713,P_011705):0.6390730230710371,(((KAYP,(BCGB,(ABSS,P_011607):0.2876820724517809):0.5416799825792052):0.15906889207476257,(WIGA,(Dhai,(Apet,Msal):0.08286948123743122):0.13147550537750663):0.4170350206503509):0.416875704281479,(P_006413,((P_016813,((GAP_80389,GAP_80390):1.7594253130141406,((P_006412,P_008640):1.0593264952751098,(P_008646,P_011679):0.24356817910460407):0.21140301723446653):0.05856236045481018):0.4192882358364005,((P_011673,(P_011537,(P_011701,(P_011739,P_011677):0.0):0.0):0.08619607493773368):0.09102283078720214,(P_011759,((P_011735,P_011675):1.5184923387689444,(P_011715,(P_011681,(P_011611,P_011745):0.0):0.0):0.4139724845760046):0.3804317797604016):0.08828554688478636):1.1238588047758902):0.15984340959347654):0.2910087983903754):0.06281510067626303):0.6791356722385427):1.747170639269154):0.13112701497725332):0.5459414227496502):0.3129474261906423):1.0287322841754443):0.5364375844266035):0.32050042160378045):0.18983148215683765):0.443322907957906):0.2876820724517809):0.2876820724517809;
1.0 0.0 0.0 1.0 0.3678794411714423
Not enough genes
Cannot perform polytomy test with effective N (after polytomies) 1.0:
	(P_018691,P_007845):0.2876820724517809;
14.0 5.775183755370891 1.1254803812514993 20.90066413662239 0.0022411247745624404
88.8712183159528 52.0501793397802 50.98593081354378 191.9073284692768 6.927034367143742E-4
69.2631332838773 28.145720333935554 16.527667250738304 113.93652086855116 1.6609718486472126E-9
60.46401931909191 55.37643516489417 6.880217778123459 122.72067226210953 5.154783166396335E-10
121.52937817447756 23.62836274370494 75.66505557466473 220.82279649284723 6.976793684765713E-15
135.94160278642195 82.36323456168863 4.6551626518894045 222.96 3.4380764005285906E-26
160.50189254703403 9.654698170069553 58.1671967464754 228.32378746357898 1.4486493023134262E-34
106.46353970300615 40.05158524290456 32.420828670712446 178.93595361662315 8.392098476651264E-13
117.98068080482092 38.24497798022287 33.37223999936212 189.5978987844059 3.1077957689959705E-16
0.0 0.0 0.0 0.0 NaN
Not enough genes
Cannot perform polytomy test with effective N (after polytomies) 0.0:
	(P_014095,S38):0.0;
4.710696338837042 0.28427853553481697 0.005025125628140704 5.0 0.015276342939402507
Not enough genes
Cannot perform polytomy test with effective N (after polytomies) 5.0:
	(S08,(P_014095,S38):0.0):1.1321920860375516;
1.0 0.0 1.0 2.0 0.6065306597126334
Not enough genes
Cannot perform polytomy test with effective N (after polytomies) 2.0:
	(P_016789,S04):0.0;
46.733279482466905 2.979982741097662 0.09983007789708448 49.81309230146165 1.3765000434970827E-18
136.0505654332993 2.909787199293183 4.959385061495418 143.91973769408793 2.0850592722099007E-53
83.11615018841067 0.010050251256281407 0.0 83.12620043966696 8.162864177624015E-37
58.21576915818444 54.79552042249393 52.38615147507124 165.39744105574962 0.8558602950190193
63.815797440616265 50.81568521456949 68.07189384143267 182.70337649661843 0.2652724293203977
13.659237766553112 10.860363795504904 12.425080878495669 36.944682440553684 0.8523412528097851
26.9521189670907 5.588897626087902 6.8714881525165765 39.41250474569518 1.797949891946428E-5
73.96487415692836 52.54311413780526 50.99189168154359 177.4998799762772 0.06166275531448053
104.5891177946097 64.63590856493528 60.95408149808358 230.17910785762857 4.842934608743185E-4
92.59703426915746 102.42624460971538 44.35765860371461 239.38093748258746 5.529487083268848E-6
22.927843406593404 19.57427350427351 16.37999084249084 58.88210775335776 0.5791393506413632
64.11051381412207 0.20700851035998355 0.6816553070968858 65.0 8.248645244408129E-28
12.587580603071588 2.9898477157360404 2.422571681192371 18.0 0.004348450535580027
60.05944040349553 27.963722289804657 47.965341446391584 135.98850413969177 0.0030387016217874366
68.43572353539547 51.566895129258725 33.479188516669865 153.48180718132406 0.002545029550072321
67.33788167545885 43.35500275129153 45.31137415334569 156.00425858009606 0.03301750239438975
95.83953824306363 59.73713221645759 26.924952917102154 182.50162337662337 3.2912493824689806E-9
39.15994510336091 31.568289410719753 11.071765485919343 81.80000000000001 4.3394927623514195E-4
65.16021037196637 2.268776371308017 6.571013256725619 74.0 1.8454288656563747E-22
74.4047619047619 1.0 1.5952380952380953 77.0 7.139134459186857E-31
54.045543653142566 8.765838948278654 23.354802365882122 86.16618496730334 8.376402023218524E-9
233.63449001363338 2.524073741061479 6.961094364963266 243.1196581196581 2.424150527378404E-94
50.0 0.0 0.0 50.0 1.9287498479639326E-22
95.99382716049382 9.75 7.256172839506172 113.0 3.655339993066796E-30
89.0 0.0 3.0 92.0 6.700419791689117E-37
89.0 13.0 26.0 128.0 1.5179854301925786E-17
133.0 6.25 2.75 142.0 2.9555605675737785E-51
165.03981411978708 2.8005780121601243 2.1583125312652247 169.99870466321244 3.0847393340614608E-68
92.07628876987816 43.50135335438321 67.90894009833295 203.48658222259434 1.6713979361800433E-4
153.83548387096775 6.352688172043011 10.005376344086022 170.19354838709677 6.865263374289703E-55
107.15763965963744 38.0062893081761 33.83607103218646 179.0 4.5305082814186334E-13
183.5 8.582278481012658 5.417721518987342 197.5 3.026571855676976E-69
182.88537256196867 6.0350159858141375 8.202939047440774 197.12332759522357 8.475274167592808E-69
108.86075105278613 45.43335121969554 46.49271992766534 200.78682220014701 2.762054982607395E-9
84.54444819096877 75.93495579318663 67.68484321472417 228.16424719887956 0.39278649507042673
211.00072881881664 1.5703317727090707 1.0656639253864586 213.63672451691215 4.1780566373177606E-90
160.76589948415048 17.434136380802254 10.828478184107018 189.02851404905974 3.3456481665721015E-50
67.08627574701555 45.73187781793799 58.555701558501845 171.3738551234554 0.1323148910355784
76.04200479103571 66.27852214729155 58.372183956948554 200.6927108952758 0.3100289093193124
125.00055052314377 41.53823602563945 38.80388199665766 205.34266854544086 5.870762109666309E-16
190.0150551204568 2.110894823394823 1.9204076720424004 194.046357615894 7.891445808295565E-80
73.50861872796513 68.04793915811992 62.43608610856276 203.9926439946478 0.6371289865140484
97.41097850758864 50.39885520990714 49.921096132121534 197.73092984961733 1.2469100770851374E-5
146.76148286273406 25.422358347908325 28.19915531834485 200.38299652898723 6.362887854819106E-32
160.0464558341356 39.8013663137784 34.76278129766803 234.61060344558203 1.1647050903144309E-28
37.89989088925259 0.015384615384615385 0.015575559192580468 37.93085106382979 3.6910803072787135E-17
54.940229052564945 47.650008852309526 48.03265015012586 150.62288805500032 0.7151219444275279
156.12406773830557 20.299881801608905 14.749540993311722 191.1734905332262 2.0327428653276528E-44
68.41143557425329 47.35936370632081 52.48548407027066 168.25628335084474 0.11662243959512976
64.57575571393507 60.69200031196874 54.49096319138794 179.75871921729174 0.6493395427439219
48.38899801045593 36.2836110615765 48.98019227788932 133.65280134992176 0.3158185519696724
176.97649883871983 1.045112781954887 0.9499271739558319 178.97153879463056 7.099128039506397E-76
80.11396389619159 39.10692592171381 41.719696980022796 160.9405867979282 5.407561668112972E-5
54.338783745619494 48.36736186182363 47.803349655190786 150.5094952626339 0.7699689713904239
60.43354462567483 47.892113479022846 48.778875524818055 157.10453362951574 0.39243636571746154
169.79236552402142 6.086772919150211 3.1328586205587756 179.0119970637304 6.142040937344087E-67
55.33720181396985 46.75085541660343 34.7340939103723 136.82215114094558 0.09552547843645337
166.0220390720391 5.034095044028819 6.046296565832989 177.1024306819009 6.959125383951784E-64
164.08080118349665 13.451979387423238 15.509712766849567 193.04249333776946 4.400005439081922E-51
59.02593531826086 60.364983686237416 51.26339783917031 170.6543168436686 0.6540902577919743
67.25749410758971 59.58518509678671 62.80983345575253 189.65251266012896 0.7907632776398845
51.461647728645296 38.644782409689306 45.39865053624532 135.50508067457992 0.40248344137560677
52.62031807266023 39.646208745392315 49.224153833514684 141.49068065156723 0.38297899183473927
190.9973408448485 9.423854807009668 8.47628109571104 208.89747674756921 1.2547588775386426E-69
188.03636360269965 15.335915504976422 13.978839631208054 217.3511187388841 8.572120318341305E-61
248.45954743497032 7.7580781179651135 6.920884869176013 263.13851042211144 1.1075261700246345E-96
249.5331316611251 6.096505516224265 11.791025975528559 267.4206631528779 9.065601463501562E-95
171.0 1.0 0.0 172.0 3.950550835019919E-74
160.50714215137342 10.483423886362422 6.003939456769645 176.9945054945055 1.190405834832363E-57
151.0 20.0 23.5 194.5 4.764609294638437E-38
213.57593786333464 0.11012974818608622 1.2435098532679882 214.92957746478874 2.57411426683378E-92
160.0 11.0 8.0 179.0 1.069040075654268E-55
206.0 0.0 0.0 206.0 3.4303365279297697E-90
113.06442055901314 9.915194362480536 10.044567352635566 133.02418227412923 2.0278907083549067E-35
63.09029245981578 53.53306629222115 56.71353642524004 173.33689517727697 0.6636833196573273
108.92013436299261 48.868425577604754 40.4714825029217 198.26004244351907 6.941732568583264E-10
100.26415201646755 76.88743288111127 55.54598553787081 232.69757043544962 0.001581051616174554
187.99665194140897 0.008695652173913044 1.9946524064171123 190.0 1.166206242392408E-80
151.35372073743275 27.603791384347907 27.640897577479265 206.59840969925995 6.572065486378479E-33
141.0314566439615 4.138509757284812 26.827658130858538 171.99762453210485 1.6788530850726246E-41
80.16254441129277 36.37727565580389 50.492265308131195 167.03208537522784 1.2711013675911675E-4
75.03565454965704 40.43055667930314 64.56312758641323 180.02933881537342 0.005258321005652956
140.57609695212085 22.835337869379604 33.41881930824321 196.83025412974365 8.216151345381788E-29
190.65595633712587 28.511990597340525 32.27990748363543 251.44785441810183 4.1889385639510366E-45
155.0 1.008 5.992 162.0 2.6240502600741833E-62
163.00653457843467 4.47092382789895 4.537684198782525 172.01514260511615 3.723189027528857E-64
98.68260516070833 41.52857142857143 47.284523809523805 187.4957003988036 1.3149422986525134E-7
159.03734637519236 6.026672562715548 8.419360941880809 173.4833798797887 1.960735587124686E-58
111.99049164802203 33.04335743956305 40.44953079220363 185.4833798797887 4.4395419406916136E-14
135.93870007111533 41.818957079672614 35.59850353382489 213.35616068461286 4.984632869048007E-20
234.41940436235956 3.3272331743994097 5.118048799170649 242.8646863359296 1.7264643120279445E-95
201.23925385239255 2.875 0.8857461476074615 205.0 6.248014092838154E-85
77.96838940186726 25.962447940760242 73.0691626573725 177.0 8.513444877283165E-7
183.56154448530887 5.1642242967119705 19.27271606646399 207.99848484848485 2.447643434091753E-62
82.3135329458025 50.738394661292276 64.02545334528617 197.07738095238096 0.0217992259914253
64.00889239048738 62.979283123209726 60.00222725654474 186.99040277024184 0.9328984073769369
147.4846668664469 23.502347417840376 21.51063829787234 192.49765258215962 5.675337394877517E-36
199.8267056170246 1.9765890839798557 2.196705298995548 204.0 5.724529361604388E-84
211.4694491600649 13.910126241558553 7.912743830299755 233.2923192319232 1.1752022196449181E-75
91.36089392279975 90.41144760404276 53.99757075385922 235.76991228070176 0.0031058616100843885
218.39424149451182 6.511807803418968 12.29429997989585 237.20034927782663 9.64900069682989E-81
75.18609614515776 61.27742957233214 80.77463617386101 217.23816189135093 0.24855888202993523
198.21116511717216 10.436660804752654 10.981001551696378 219.6288274736212 3.018498335902377E-70
240.45110104769284 16.590469982255254 11.441191645408974 268.4827626753571 1.069931051027307E-83
109.01516447575123 50.1426412146281 71.25328525171768 230.41109094209702 9.325479616745661E-6
183.26166931307725 15.323769030899964 27.754107857588696 226.33954620156592 3.922461468535611E-51
197.7181736827604 17.589746642039195 36.67451710758125 251.98243743238083 2.3752643024577078E-51
113.11212002691815 53.133531298426995 87.94930717093595 254.1949584962811 2.241386210296773E-5
202.51968624463876 7.352965798569799 23.70780842910944 233.580460472318 4.138424129713135E-66
207.41463414634146 0.5263157894736842 1.0590500641848524 209.0 1.9311089516446858E-89
241.97739520620763 0.8177390720275439 1.204865721764809 244.0 4.474880532439805E-104
163.03296063760794 18.506749473720483 93.74120762148154 275.28091773280994 1.8661747518141547E-25
186.22615346216196 34.951553150540086 54.82423689458629 276.00194350728833 1.2604177469237723E-32
264.3275968115852 4.947606944819927 8.449843663887375 277.72504742029247 1.566543859151799E-104
183.81211126923418 55.29273342673234 31.32098297942313 270.42582767538966 4.011706392099568E-33
59.286432798641854 0.7880555555555555 0.2778225205070842 60.3523108747045 1.439593168805489E-25
53.160493827160494 4.660256410256411 2.1728395061728394 59.993589743589745 1.1317598418605386E-18
27.5 2.75 8.75 39.0 2.7003872086764983E-6
Extended species tree:
(P0109B,((P_018831,OSHQ)0:1.126011262856224,((P_016909,WZFE)0:1.9491763468419352,(P0203H,((((P_025527,(SJEV,(P_019193,(P_019187,Wsal)0:0.9403138170892331)0:0.8137751683485602)NA:0.2876820724517809)NA:0.2876820724517809,(P_016921,(GAP_81227,((WKSU,P_019199)NA:0.2876820724517809,(Pcol,(P_006410,GAP_81226)0:1.2949424909891216)0:0.5939267861890358)0:0.20687192076598362)0:0.4872778574777449)0:2.582958638874536)0:2.0636415558280357,(((P_019189,P_025525)NA:0.18669933532666924,((PAWA,P_019197)0:0.7439862439599282,(Asie,QDVW)0:3.804392341235778)0.00875:0.049798884464407216)0.0006:0.20716618152347638,(P_025523,((P_019191,(GAP_80417,(P2590,GAP_79804)0:3.149882953381249)NA:1.2039728043259361)NA:0.1053605156578264,((P2589,OPDF)0:1.3174423446229602,(P_019185,CSSK)0.68082:0.0)0:1.547107923241519)NA:0.6931471805599453)NA:0.3621824322895644)0:1.816641535232368)0:0.2652109104887402,((P_011613,(WPHN,((P2619,P_011609)NA:2.0794415416798353,(((GAP_79862,P_011587)0:2.0762000477556652,(P_014081,(P_008647,P0104A)0:3.149882953381249)0:3.2580965380214812)0:1.3974030397751867,((MAQO,(WAIL,(P_011527,((GAP_80297,P_014083)0:2.1192534077293446,(GAP_80298,P_014077)0.16931:0.17711990832656285)0.00198:0.31146070685448346)0.0234:0.2262557295530937)0:0.7376785644470982)0:1.5681358058326604,(((KRJP,(GAP_80395,P_011549)0:1.9973013799272927)0:0.6410051134593349,((P_011643,(P_011657,(P_011651,P_011509)0:1.0871313236793385)0.73837:0.034620260034423464)0:1.4228627990804499,((GAP_80393,GAP_80394)0:0.7651654019517731,((P_011647,(P_011465,(P_011501,(P_011523,(P_011489,P_011487)0.04002:0.125905812530876)0.16257:0.07058504438111536)0:0.743455081511084)0:1.430449058249151)0.1186:0.12995970124006048,(P_011631,((P_007843,(P_006414,P_007783)0.74073:0.014953855039590283)0:0.6583472069029732,(P_011551,(P_011637,P_007844)NA:0.2884199820519394)0.43247:0.13733269518286725)0.51574:0.06589338592358984)0.01072:0.1762873512331227)0:1.1631572544770947)0.42299:0.03453963979863433)0:2.6378948772378825)0:1.3053500925420043,((P_011531,(P_011699,(Schi,P_006411)NA:0.5108256237659905)NA:0.13353139262452274)0:2.773459301050798,(VYLQ,(P_018635,(P_008631,((P_008632,(P_011671,P_011579)0.19131:0.25131442828090594)0:2.016993670359092,((P_011713,P_011705)NA:0.6390730230710371,(((KAYP,(BCGB,(ABSS,P_011607)NA:0.2876820724517809)0:0.5416799825792052)0.02974:0.15906889207476257,(WIGA,(Dhai,(Apet,Msal)0.48602:0.08286948123743122)0.01049:0.13147550537750663)0:0.4170350206503509)0:0.416875704281479,(P_006413,((P_016813,((GAP_80389,GAP_80390)0:1.7594253130141406,((P_006412,P_008640)0:1.0593264952751098,(P_008646,P_011679)0.00028:0.24356817910460407)0.0007:0.21140301723446653)0.36193:0.05856236045481018)0:0.4192882358364005,((P_011673,(P_011537,(P_011701,(P_011739,P_011677)NA:0.0)NA:0.0)0.71217:0.08619607493773368)0.59713:0.09102283078720214,(P_011759,((P_011735,P_011675)0:1.5184923387689444,(P_011715,(P_011681,(P_011611,P_011745)NA:0.0)0.73663:0.0)0.00038:0.4139724845760046)0.00022:0.3804317797604016)0.33692:0.08828554688478636)0:1.1238588047758902)0.01379:0.15984340959347654)0:0.2910087983903754)0.724:0.06281510067626303)0:0.6791356722385427)0:1.747170639269154)0.30933:0.13112701497725332)0:0.5459414227496502)0:0.3129474261906423)0:1.0287322841754443)0:0.5364375844266035)0:0.32050042160378045)0.08707:0.18983148215683765)0.00013:0.443322907957906)NA:0.2876820724517809)NA:0.2876820724517809,(((P_018691,P_007845)NA:0.2876820724517809,(((P_018639,P_018779)0.00224:0.6141050302612888,(P_018695,(P_018645,P_018783)0.00069:0.21200675022013699)0:0.5173990756856934)0:0.2653609664863658,((P_016797,(OBPL,(GAP_80397,P_016799)0:0.3883136681671394)0:0.5284565044989554)0:0.7981478814809513,((P_016793,(P_016795,P_006422)0:0.49022585135941)0:0.5594988028695762,(P_018693,((S08,(P_014095,S38)NA:0.0)NA:1.1321920860375516,((S27,(P_016789,S04)NA:0.0)0:2.116637826074968,(P_016791,((P_014099,S03)0:2.3881334749092367,(P_016787,S02)0:4.016852866134052)0.85586:0.025102080791051886)0.26527:0.02130280196521735)0.85234:0.04078707949769267)0.00002:0.693923167454143)0.06166:0.12960082148200106)0.00048:0.19677422151802756)0.00001:0.08100870307433415)0.57914:0.07723160113770675)0:3.147884701131003,(((P2622,P2623)0.00435:0.6807372303201671,(P0110C,(P0110B,(XQWC,(P0207A,(P0207C,(P0207B,(P0206H,P0206G)0.00304:0.17154815574742643)0.00255:0.1797282193427631)0.03302:0.15471196220455194)0:0.3332689247763296)0.00043:0.23498753437582007)0:1.625588673857399)0:2.67163350004987)0:0.5621946678458528,((GAP_80322,DHPO)0:2.742231701879719,(((P_012861,((P_012855,(P_012827,P_007802)0:3.5263605246161593)0:1.4400187056509932,((P_012919,P_012921)0:2.7408400239252018,(P_012813,P_018637)0:0.7654678421395714)0:2.254794429157698)0:2.951306559979742)0.00017:0.19288174059130844,(((P_012797,(P_012841,((P_012913,P_012877)0:1.8832724582243572,(P_012811,(P_012891,P_012895)0:0.499194083994569)0:2.1772737909168702)0:2.159635238242626)0:0.3699424532650327)0.39279:0.05486565207982262,((((P_012925,P_012883)0:3.6725988443629936,(P_012857,(P_012815,P_012903)0:1.4653982788494835)0.13231:0.0875051286618493)0.31003:0.06777431426558007,(P_012875,((P_012831,P_012905)0:0.5254091789757269,(P_012901,(P_012887,P_012851)0:3.252093257559493)0.63713:0.038623624056804584)0.00001:0.2682033454877408)0:0.8993156139061634)0:0.7317334160369902,(P_018689,((P_012885,(GAP_80294,P_006420)0:3.225831338330528)0.71512:0.04449727173509328,(P_012859,(((P_012873,P_012881)0:1.2680426000830753,(GAP_80291,P_012907)0.11662:0.11236575255877636)0.64934:0.0365317707664259,((P_012889,((P_012863,P_006418)0.31582:0.039824433786161066,(P_012793,(GAP_80292,P_006419)0:3.6903760401223833)0.00005:0.27716175769131973)0.76997:0.03871384565971728)0.39244:0.0761867360229213,((P_012897,(GAP_80293,P_012893)0:2.4632478596554774)0.09553:0.10788314173812848,(P_012911,(P_012821,P_012917)0:2.285310119927154)0:1.4626924272896846)0.65409:0.015923820462429614)0.79076:0.029596615185380065)0.40248:0.0677346250622132)0.38298:0.055443274381315764)0:2.001984984774128)0:1.5690047332383554)0:2.418688641430654)0:2.248588285507169,((P_012867,((P_012923,P_012847)0:4.05467930582967,(P_012899,P_012817)0:1.9148090482837319)0:1.0746060821450614)0:4.113524319530755,(P_012843,(((P_012937,(P_006421,P_012939)0:1.7917594692280545)0:4.927253685157201,(P_012803,(P_012853,(P_012837,P_012829)0:1.4499506494586567)0.66368:0.043775115098204975)0:0.3855662967719559)0.00158:0.1549601223054759,(((P_012801,(P_012809,P_012879)0:3.74708063402686)0:0.9004287645756182,(P_012839,(P_012805,(P_012825,(P_012799,YZRI)0:1.2831346652495577)0.00013:0.24283661197839604)0.00526:0.1298144929865783)0:0.8344439982631523)0:1.0019673452675293,(P_012909,(((P_012865,(P_012931,(P_012935,P_012933)0:2.608843551018761)0:2.44446848668442)0:0.33587929758302,((P_012849,P_012871)0:2.0190121454677996,(P_012845,P_012807)0:0.5121733502259457)0:0.6001272112953521)0:2.845633044383657,((GAP_81172,P_012833)0:3.362006651023619,((P_012927,(GAP_80295,PSJT)0:0.17083220016547135)0:1.700659431805615,((P_012915,P_012791)0.0218:0.131640336113472,(P_012869,(P_012835,(P_012819,P_012823)0.9329:0.010793359677907517)0:1.030876618111606)0:3.274035174035658)0:1.923341348555332)0.00311:0.08207313955777965)0:2.081656651096665)0.24856:0.016913183972579078)0:1.8811675215358021)0:1.822652305114924)0.00001:0.23146954622323984)0:1.2350215913031506)0:1.115728486454215)0.00002:0.1801524310487424)0:1.584700239723428,(P_012795,P_012941)0:3.9917753952015422)0:3.9896741283008836)0:0.48637333255010023)0:0.7101667937300261)0:2.557709544832014)0:0.7252862337116842)0:2.985612374943185)0:1.6469458408908044)0:0.7576857016975165));
Weight calculation took 73.382783607 secs
ASTRAL finished in 94.597 secs
