
================== ASTRAL ===================== 

This is ASTRAL version 5.7.7
Gene trees are treated as unrooted
182 trees read from all_bs10.trees
index224
All output trees will be *arbitrarily* rooted at P0109B

======== Running the main analysis
Number of taxa: 238 (238 species)
Taxa: [KRJP, WAIL, MAQO, Asie, QDVW, PAWA, P2589, P_019185, OPDF, CSSK, P_018831, P_016909, SJEV, P_019187, P_006410, GAP_81226, P_016921, GAP_81227, P_012827, P_012813, P_012919, P_012921, P_012861, P_018689, GAP_80293, P_012893, GAP_80291, P_012859, GAP_80292, GAP_80294, P_012873, P_012889, P_012793, P_012911, P_012821, P_012917, P_012863, P_012885, P_012881, P_012897, P_012907, P_012891, P_012895, P_012811, P_012857, P_012815, P_012903, P_012925, P_012883, P_012887, P_012851, P_012901, P_012875, P_012831, P_012797, P_012841, P_012913, P_012877, P_012867, P_012899, P_012817, P_012923, P_012847, P_012803, P_012853, P_012937, P_006421, P_012939, P_012843, P_012837, P_012809, P_012801, P_012799, P_012825, P_012909, GAP_81172, P_012833, GAP_80295, P_012927, PSJT, P_012915, P_012791, P_012835, P_012819, P_012823, P_012869, P_012849, P_012871, P_012865, P_012931, P_012935, P_012933, P_012845, P_012807, P_012795, P_018695, P_018645, P_018783, GAP_80397, OBPL, P_016799, P_016797, P_016793, P_016795, P_006422, P_014099, S03, P_016789, P_016787, P_016791, P_018693, P_019189, P0110C, P0207C, P0207A, XQWC, P0207B, P0206H, P0206G, YZRI, GAP_80322, DHPO, P2590, GAP_79804, GAP_79862, P_011527, P_008646, P_006412, P_011715, P_011735, GAP_80389, GAP_80390, WKSU, WZFE, WPHN, BCGB, WIGA, ABSS, Apet, Dhai, VYLQ, P_006413, P_011675, P_011759, P_008640, P_016813, P_018635, P_011531, Schi, P_006411, GAP_80297, P_014083, GAP_80298, P_014077, P2619, P2622, P_012905, P_006419, P_006418, P_012879, P_012805, P_012839, P_012829, P_012855, P_007802, P_018637, P_012941, P_018639, OSHQ, P_019193, Wsal, Pcol, P_019191, P_019197, GAP_80395, P_011549, GAP_80393, GAP_80394, P_011651, P_011509, P_011643, P_006414, P_011631, P_007783, P_011637, P_011647, P_011489, P_011465, P_011501, P_011523, P_011487, P_011587, P_014081, P_008647, P0104A, P_008631, P_011671, P_011679, P_008632, KAYP, Msal, P_011537, P_011713, P_011705, P_018779, P0110B, S02, S08, S27, P_007844, P_011657, P_011739, P_011673, GAP_80417, P_018691, P_006420, P_007843, P_011611, P_011745, P_011579, P0203H, P_011551, P_011677, P_025525, P0109B, P_014095, P_011681, P2623, P_011609, P_025523, S38, P_011699, P_011607, P_019199, P_011613, P_007845, S04, P_011701]
Taxon occupancy: {P_019193=78, P_019191=6, P_019197=137, OPDF=177, GAP_81172=164, P_018783=160, P_019199=1, Wsal=97, P_016921=159, WKSU=182, P_025523=3, P_025525=7, P0203H=55, P_014077=37, QDVW=178, P_011487=164, P_011489=167, P_016813=156, P_006421=159, P_006422=168, P_006420=38, P_006418=152, P_006419=156, P_006414=156, P_014081=39, P_014083=64, P_018689=163, P0206H=138, P0206G=122, Msal=158, P0109B=36, P_006410=145, P_012901=162, P_006411=143, P_012903=165, P_006412=156, P_006413=163, P_012905=163, PAWA=175, P_012907=161, GAP_79862=146, ABSS=181, P_012909=158, P_018691=61, GAP_80291=170, P_018695=161, P_014095=12, GAP_80293=164, GAP_80292=161, P_018693=154, GAP_80295=150, GAP_80294=154, P_014099=144, GAP_80297=158, GAP_80298=158, P_012911=166, P_011701=2, P_012913=148, P_012915=163, P_011705=22, P_012917=152, P_012919=118, P_012881=165, P_011671=70, P_011551=24, MAQO=178, P_012883=162, P_011673=47, P_012885=162, GAP_80322=170, P_011675=115, P2590=124, P_012887=164, P_011677=69, P_012889=160, P_011679=64, P_008647=142, PSJT=176, P2589=114, P_012891=149, P_011681=48, P_012893=156, P_018637=148, P_012895=158, P_018635=102, P_012897=160, P0207C=146, P_012899=147, P0207B=147, P0207A=143, P_018639=92, P_008646=162, P_008640=162, BCGB=180, WZFE=178, P_018645=160, KRJP=180, KAYP=109, P_011699=3, P_011579=54, CSSK=176, P_008632=159, P_016909=163, P_007783=131, P_008631=39, P_019187=154, P_019185=150, P_019189=123, P_012791=159, P_012793=160, Asie=143, P_012795=159, P_011465=169, P_018779=34, P_012797=164, P_011587=53, P_012799=158, GAP_80417=36, WIGA=176, GAP_79804=96, P_007802=55, P_012841=156, P_011631=54, P_012843=164, Pcol=94, P_012845=161, P_012847=150, P_011637=153, P_011759=88, P_012849=154, Apet=84, OBPL=180, P0110C=125, P_018831=150, P0110B=68, YZRI=180, P_012851=159, P_012853=154, P_011643=160, P_011523=164, P_012855=140, P_012857=156, P_011647=108, P_011527=68, P_012859=143, WAIL=179, P_016789=156, P_012861=160, P_011651=90, P_016787=162, P_011531=66, P_012863=162, P_012865=152, Schi=97, P_012867=154, P_011657=99, P_011537=49, P_012869=157, P_016793=152, P_016791=158, P_016797=160, SJEV=178, P_016795=157, P_012871=149, P_012873=167, P_016799=165, P_012875=153, P_012877=161, P_012879=155, P_011549=119, P_007844=29, P_007845=1, S02=80, P_012921=95, S04=2, P_012801=157, S03=131, P_012923=151, P_011713=28, P_012803=157, P_012925=159, P_011715=67, S08=32, P_012805=157, P_007843=85, P_012927=155, P_012807=162, P_012809=160, VYLQ=181, DHPO=181, GAP_80390=156, P2622=72, P2623=19, XQWC=181, GAP_80394=164, GAP_80393=172, GAP_80395=165, GAP_80397=164, P_012931=150, P_012811=164, P_012933=141, WPHN=179, P_012813=147, P_012935=150, P_012815=158, P_012937=157, P_012817=149, P_011607=1, P_012939=154, P_012819=160, P_011609=28, P2619=40, OSHQ=176, GAP_80389=155, P_012941=161, P_012821=162, P_011611=19, P_012823=158, P_011613=1, P_011735=154, P_012825=144, S27=49, P_012827=105, P_011739=90, P_012829=131, Dhai=172, P0104A=110, P_012831=164, P_011501=171, GAP_81226=158, P_012833=156, GAP_81227=162, P_011745=83, P_012835=156, S38=6, P_012837=153, P_012839=150, P_011509=164}
Number of gene trees: 182
182 trees have missing taxa
Calculating quartet distance matrix (for completion of X)
Species tree distances calculated ...
Will attempt to complete bipartitions from X before adding using a distance matrix.
Building set of clusters (X) from gene trees 
------------------------------
gradient0: 14707
Number of Clusters after addition by distance: 14707
calculating extra bipartitions to be added at level 1 ...
Adding to X using resolutions of greedy consensus ...
Limit for sigma of degrees:6000
polytomy size limit : 14
discarded polytomies:  [3, 3, 3, 3, 3, 3, 3, 3, 3, 3, 3, 3, 3, 3, 3, 4, 4, 4, 4, 4, 4, 4, 4, 4, 5, 5, 6, 6, 6, 9, 10, 12, 14]
Threshold 0.0:
Threshold 0.01:
Threshold 0.02:
Threshold 0.05:
polytomy of size 6; rounds with additions with at least 5 support: 1; clusters: 14715
Threshold 0.1:
polytomy of size 3; rounds with additions with at least 5 support: 0; clusters: 14715
polytomy of size 3; rounds with additions with at least 5 support: 0; clusters: 14715
polytomy of size 9; rounds with additions with at least 5 support: 0; clusters: 14729
Threshold 0.2:
polytomy of size 3; rounds with additions with at least 5 support: 0; clusters: 14729
polytomy of size 6; rounds with additions with at least 5 support: 0; clusters: 14731
polytomy of size 5; rounds with additions with at least 5 support: 0; clusters: 14731
polytomy of size 4; rounds with additions with at least 5 support: 0; clusters: 14731
polytomy of size 10; rounds with additions with at least 5 support: 0; clusters: 14731
polytomy of size 3; rounds with additions with at least 5 support: 0; clusters: 14731
polytomy of size 3; rounds with additions with at least 5 support: 0; clusters: 14731
Threshold 0.3333333333333333:
polytomy of size 4; rounds with additions with at least 5 support: 0; clusters: 14731
polytomy of size 4; rounds with additions with at least 5 support: 0; clusters: 14731
polytomy of size 3; rounds with additions with at least 5 support: 0; clusters: 14731
polytomy of size 4; rounds with additions with at least 5 support: 0; clusters: 14733
polytomy of size 12; rounds with additions with at least 5 support: 0; clusters: 14739
polytomy of size 3; rounds with additions with at least 5 support: 0; clusters: 14739
polytomy of size 4; rounds with additions with at least 5 support: 0; clusters: 14739
polytomy of size 4; rounds with additions with at least 5 support: 0; clusters: 14739
polytomy of size 5; rounds with additions with at least 5 support: 0; clusters: 14739
polytomy of size 6; rounds with additions with at least 5 support: 0; clusters: 14739
polytomy of size 14; rounds with additions with at least 5 support: 0; clusters: 14739
polytomy of size 3; rounds with additions with at least 5 support: 0; clusters: 14739
polytomy of size 4; rounds with additions with at least 5 support: 0; clusters: 14739
polytomy of size 3; rounds with additions with at least 5 support: 0; clusters: 14739
polytomy of size 3; rounds with additions with at least 5 support: 0; clusters: 14739
polytomy of size 3; rounds with additions with at least 5 support: 0; clusters: 14739
polytomy of size 3; rounds with additions with at least 5 support: 0; clusters: 14739
polytomy of size 3; rounds with additions with at least 5 support: 0; clusters: 14739
polytomy of size 4; rounds with additions with at least 5 support: 0; clusters: 14739
polytomy of size 3; rounds with additions with at least 5 support: 0; clusters: 14739
polytomy of size 3; rounds with additions with at least 5 support: 0; clusters: 14739
polytomy of size 4; rounds with additions with at least 5 support: 0; clusters: 14739
max k is :2
Number of Clusters after addition by greedy: 14739
gradient0 in heuristiic: 14739
partitions formed in 12.689 secs
Dynamic Programming starting after 12.689 secs
Using tree-based weight calculation.
Using polytree-based weight calculation.
Polytree max score: 6999899069
Polytree building time: 0.131 seconds.
Number of quartet trees in the gene trees: 6999899069
Size of largest cluster: 238
Greedy score: 6461400910
estimationFactor: 1.0833407749342086
Sub-optimal score: 6556173605
Total Number of elements weighted: 41664
Normalized score (portion of input quartet trees satisfied before correcting for multiple individuals): 0.9499281561712473
Optimization score: 6649401216
Optimal tree inferred in 48.734 secs.
(P_012941,(P_012795,(((P_012861,((P_012855,(P_012827,P_007802)),((P_012919,P_012921),(P_012813,P_018637)))),(((P_012797,(P_012841,((P_012913,P_012877),(P_012811,(P_012891,P_012895))))),((((P_012925,P_012883),(P_012857,(P_012815,P_012903))),(P_012875,((P_012831,P_012905),(P_012901,(P_012887,P_012851))))),(P_018689,((P_012885,(GAP_80294,P_006420)),(P_012859,(((P_012873,P_012881),(GAP_80291,P_012907)),(((P_012889,(P_012863,P_006418)),(P_012793,(GAP_80292,P_006419))),((P_012897,(GAP_80293,P_012893)),(P_012911,(P_012821,P_012917)))))))))),((P_012867,((P_012923,P_012847),(P_012899,P_012817))),(P_012843,(((P_012937,(P_006421,P_012939)),(P_012803,(P_012853,(P_012837,P_012829)))),(((P_012801,(P_012809,P_012879)),(P_012839,(P_012805,(P_012825,(P_012799,YZRI))))),(P_012909,((((P_012849,P_012871),(P_012845,P_012807)),(P_012865,(P_012931,(P_012935,P_012933)))),((GAP_81172,P_012833),((P_012927,(GAP_80295,PSJT)),((P_012915,P_012791),(P_012869,(P_012819,(P_012835,P_012823)))))))))))))),((GAP_80322,DHPO),(((P2622,P2623),(P0110C,(P0110B,(XQWC,(P0207A,(P0207C,(P0207B,(P0206H,P0206G)))))))),(((P_018691,P_007845),(((P_018639,P_018779),(P_018695,(P_018645,P_018783))),((P_016797,(OBPL,(GAP_80397,P_016799))),((P_016793,(P_016795,P_006422)),(P_018693,((S08,(P_014095,S38)),((S27,(P_016789,S04)),(P_016791,((P_014099,S03),(P_016787,S02)))))))))),(((P0203H,((P_016909,WZFE),(P0109B,(P_018831,OSHQ)))),(((SJEV,(P_019193,(P_019187,Wsal))),(P_016921,(GAP_81227,((WKSU,P_019199),(Pcol,(P_006410,GAP_81226)))))),(((Asie,QDVW),(P_025525,((PAWA,P_019197),(P_019189,P_025523)))),((P_019191,(GAP_80417,(P2590,GAP_79804))),((P_019185,CSSK),(P2589,OPDF)))))),(P_011613,(WPHN,((P2619,P_011609),(((GAP_79862,P_011587),(P_014081,(P_008647,P0104A))),((MAQO,(WAIL,(P_011527,((GAP_80297,P_014083),(GAP_80298,P_014077))))),(((KRJP,(GAP_80395,P_011549)),((P_011657,(P_011643,(P_011651,P_011509))),((GAP_80393,GAP_80394),((P_011647,(P_011465,(P_011501,(P_011523,(P_011489,P_011487))))),(P_011631,((P_007783,(P_006414,P_007843)),(P_011551,(P_011637,P_007844)))))))),((P_011531,(Schi,(P_006411,P_011699))),(VYLQ,(P_018635,(P_008631,((P_008632,(P_011671,P_011579)),((P_011713,P_011705),(((WIGA,(Dhai,(Apet,Msal))),(KAYP,(BCGB,(ABSS,P_011607)))),(P_006413,((P_016813,((GAP_80389,GAP_80390),((P_006412,P_008640),(P_008646,P_011679)))),((P_011673,(P_011537,(P_011701,(P_011739,P_011677)))),(P_011759,((P_011735,P_011675),(P_011715,(P_011681,(P_011611,P_011745))))))))))))))))))))))))))));
Final quartet score is: 6649401216
Final normalized quartet score is: 0.9499281561712473
You may want to ignore posterior probabilities and other statistics related to the following branch branch because the effective number of genes impacting it is only 1:
	{WKSU, P_019199}
You may want to ignore posterior probabilities and other statistics related to the following branch branch because the effective number of genes impacting it is only 3:
	{P_019189, P_025523}
You may want to ignore posterior probabilities and other statistics related to the following branch branch because the effective number of genes impacting it is only 6:
	{PAWA, P_019189, P_019197, P_025523}
You may want to ignore posterior probabilities and other statistics related to the following branch branch because the effective number of genes impacting it is only 7:
	{PAWA, P_019189, P_019197, P_025525, P_025523}
You may want to ignore posterior probabilities and other statistics related to the following branch branch because the effective number of genes impacting it is only 4:
	{P2590, GAP_79804, GAP_80417}
You may want to ignore posterior probabilities and other statistics related to the following branch branch because the effective number of genes impacting it is only 5:
	{P2590, GAP_79804, P_019191, GAP_80417}
You may want to ignore posterior probabilities and other statistics related to the following branch branch because the effective number of genes impacting it is only 11:
	{P2619, P_011609}
You may want to ignore posterior probabilities and other statistics related to the following branch branch because the effective number of genes impacting it is only 6:
	{P_011637, P_007844}
You may want to ignore posterior probabilities and other statistics related to the following branch branch because the effective number of genes impacting it is only 1:
	{P_006411, P_011699}
You may want to ignore posterior probabilities and other statistics related to the following branch branch because the effective number of genes impacting it is only 8:
	{P_011713, P_011705}
You may want to ignore posterior probabilities and other statistics related to the following branch branch because the effective number of genes impacting it is only 1:
	{ABSS, P_011607}
You may want to ignore posterior probabilities and other statistics related to the following branch branch because the effective number of genes impacting it is only 0:
	{P_011739, P_011677}
You may want to ignore posterior probabilities and other statistics related to the following branch branch because the effective number of genes impacting it is only 2:
	{P_011739, P_011677, P_011701}
You may want to ignore posterior probabilities and other statistics related to the following branch branch because the effective number of genes impacting it is only 7:
	{P_011611, P_011745}
You may want to ignore posterior probabilities and other statistics related to the following branch branch because the effective number of genes impacting it is only 1:
	{KRJP, WAIL, MAQO, GAP_79862, P_011527, P_008646, P_006412, P_011715, P_011735, GAP_80389, GAP_80390, WPHN, BCGB, WIGA, ABSS, Apet, Dhai, VYLQ, P_006413, P_011675, P_011759, P_008640, P_016813, P_018635, P_011531, Schi, P_006411, GAP_80297, P_014083, GAP_80298, P_014077, P2619, GAP_80395, P_011549, GAP_80393, GAP_80394, P_011651, P_011509, P_011643, P_006414, P_011631, P_007783, P_011637, P_011647, P_011489, P_011465, P_011501, P_011523, P_011487, P_011587, P_014081, P_008647, P0104A, P_008631, P_011671, P_011679, P_008632, KAYP, Msal, P_011537, P_011713, P_011705, P_007844, P_011657, P_011739, P_011673, P_007843, P_011611, P_011745, P_011579, P_011551, P_011677, P_011681, P_011609, P_011699, P_011607, P_011701}
You may want to ignore posterior probabilities and other statistics related to the following branch branch because the effective number of genes impacting it is only 1:
	{KRJP, WAIL, MAQO, GAP_79862, P_011527, P_008646, P_006412, P_011715, P_011735, GAP_80389, GAP_80390, WPHN, BCGB, WIGA, ABSS, Apet, Dhai, VYLQ, P_006413, P_011675, P_011759, P_008640, P_016813, P_018635, P_011531, Schi, P_006411, GAP_80297, P_014083, GAP_80298, P_014077, P2619, GAP_80395, P_011549, GAP_80393, GAP_80394, P_011651, P_011509, P_011643, P_006414, P_011631, P_007783, P_011637, P_011647, P_011489, P_011465, P_011501, P_011523, P_011487, P_011587, P_014081, P_008647, P0104A, P_008631, P_011671, P_011679, P_008632, KAYP, Msal, P_011537, P_011713, P_011705, P_007844, P_011657, P_011739, P_011673, P_007843, P_011611, P_011745, P_011579, P_011551, P_011677, P_011681, P_011609, P_011699, P_011607, P_011613, P_011701}
You may want to ignore posterior probabilities and other statistics related to the following branch branch because the effective number of genes impacting it is only 1:
	{P_018691, P_007845}
You may want to ignore posterior probabilities and other statistics related to the following branch branch because the effective number of genes impacting it is only 0:
	{P_014095, S38}
You may want to ignore posterior probabilities and other statistics related to the following branch branch because the effective number of genes impacting it is only 5:
	{S08, P_014095, S38}
You may want to ignore posterior probabilities and other statistics related to the following branch branch because the effective number of genes impacting it is only 2:
	{P_016789, S04}
You may want to ignore posterior probabilities and other statistics related to the following branch branch because the effective number of genes impacting it is only 17:
	{P2622, P2623}
26.0 5.98989898989899 1.0101010101010102 33.0 1.23811100447889E-7
147.0 5.833333333333333 5.166666666666666 158.0 9.203227494949962E-56
49.99458658258721 10.0 4.005413417412791 64.0 1.8828329229250025E-13
53.0 12.0 11.0 76.0 1.4258930203158263E-10
148.4956861907233 1.8456032719836402 3.658710537293085 154.0 1.2329125522590255E-60
1.0 0.0 0.0 1.0 0.3678794411714423
Not enough genes
Cannot perform polytomy test with effective N (after polytomies) 1.0:
	(WKSU,P_019199):0.2876820724517809;
75.01550524607991 9.98990015932549 6.994594594594595 92.0 1.1967186772838512E-21
57.48795535988992 19.979452188779554 15.532592451330524 93.0 3.620926548930238E-8
75.17329472271304 54.600472349646054 24.22623292764089 154.0 2.7694040718265294E-6
91.33769280083558 23.911172161172164 33.75113503799224 149.0 2.5136062250185082E-12
153.10627666451197 2.3139194139194137 2.5798039215686273 158.0 4.0659853975084186E-63
164.22945345977348 3.9513873229435146 9.269548026435322 177.45038880915232 1.3969098286369584E-61
137.02677706043733 0.6463620981387479 1.3268608414239482 139.0 1.4979230958609148E-58
67.5416311531208 15.147256591193832 13.918008807409494 96.60689655172413 2.305740750457511E-13
1.0 0.4989060489060489 1.5010939510939512 3.0 0.7779483479457481
Not enough genes
Cannot perform polytomy test with effective N (after polytomies) 3.0:
	(P_019189,P_025523):0.0;
3.4797637003519357 2.5202362996480643 0.0 6.0 0.19887344644160096
Not enough genes
Cannot perform polytomy test with effective N (after polytomies) 6.0:
	((PAWA,P_019197):0.772112512258656,(P_019189,P_025523):0.0):0.28191692300846344;
4.638230647709321 2.334118326318517 0.024752475247524754 6.9971014492753625 0.10214176168953722
Not enough genes
Cannot perform polytomy test with effective N (after polytomies) 6.9971014492753625:
	(P_025525,((PAWA,P_019197):0.772112512258656,(P_019189,P_025523):0.0):0.28191692300846344):0.4620092025496383;
81.8867705901405 52.52447531122163 42.71523958092621 177.12648548228833 8.790164752224791E-4
30.0 0.0 0.0 30.0 9.357622968840163E-14
4.0 0.0 0.0 4.0 0.018315638888734168
Not enough genes
Cannot perform polytomy test with effective N (after polytomies) 4.0:
	(GAP_80417,(P2590,GAP_79804):3.0285220963769826):1.2039728043259361;
2.0 2.0 0.0 4.0 0.36787944117144233
Not enough genes
Cannot perform polytomy test with effective N (after polytomies) 4.0:
	(P_019191,(GAP_80417,(P2590,GAP_79804):3.0285220963769826):1.2039728043259361):0.1053605156578264;
49.97811002332935 43.008447235134945 52.013442741535705 145.0 0.6303945481546331
88.00352112676056 8.5 14.496478873239436 111.0 9.863400720643051E-24
112.72701149425288 4.022988505747127 10.25 127.0 5.939430360116523E-39
121.56276385264573 2.362842349841897 4.239660973084886 128.16526717557252 3.976565686272414E-48
164.13937580797696 5.491508886669341 10.338220898993953 179.96910559364028 1.1524819837349909E-59
89.99387725090864 57.490497105623106 29.65058570440918 177.13496006094095 1.9539747098322666E-7
11.0 0.0 0.0 11.0 1.6701700790245632E-5
Not enough genes
Cannot perform polytomy test with effective N (after polytomies) 11.0:
	(P2619,P_011609):2.0794415416798353;
44.90340909090909 0.03409090909090909 3.0625 48.0 8.529450251441881E-18
31.0 0.0 0.0 31.0 3.4424771084699856E-14
36.0 0.0 0.0 36.0 2.319522830243567E-16
104.91848349523406 8.560041739340079 9.107894014326263 122.5864192489004 1.9570240448455656E-33
56.99393616706599 1.0001580556394838 4.005905777294524 62.0 1.4243704512546956E-21
14.995616674248724 7.004685259308893 11.999698066442384 34.0 0.23741372790019608
34.942550364260235 15.052112864720502 16.010464976147475 66.00512820512822 0.0032828643431637495
28.284580580897504 20.06860480433895 16.14681461476355 64.5 0.16787114362136954
119.09631750886412 5.03704974051825 40.426601192024776 164.55996844140714 1.0322879300481094E-27
156.1197581755483 13.895767262846341 6.3387189210338954 176.35424435942852 2.508331837717841E-53
104.86232430303205 3.124027518806661 7.892288954860318 115.87864077669903 8.7143433992024E-38
117.02915667511088 41.38996093199463 5.273723760761594 163.6928413678671 1.29534894699772E-26
67.06084891954436 8.903668086591045 11.984977943359544 87.94949494949493 1.3690630795464042E-16
31.979740632505905 30.944017425650497 27.076241941843602 90.0 0.8003962317495807
80.52752335012593 10.383234210790366 7.089242439083682 98.0 1.3293605507668662E-23
112.73445688882664 21.725772175839978 24.28045915039486 158.74068821506148 9.081059456065493E-23
64.94543728341853 41.00066487950941 49.041476591138476 154.98757875406642 0.05645907806791713
61.059228578557786 52.47712911181919 43.94919779315945 157.48555548353642 0.24803258349661642
115.56987514828583 22.297272419496903 22.818534413921448 160.68568198170416 4.14264947838348E-24
90.92563985160965 8.075851214835877 6.964684401403817 105.96617546784934 3.059759985885007E-29
42.09935339007346 32.96723589789191 27.35937783382777 102.42596712179315 0.19765695782033485
27.817489543058894 21.227804943444113 25.89948967526971 74.94478416177272 0.6313758731564121
87.17322737923583 15.399759894909169 15.631960949938005 118.204948224083 1.362270675273112E-19
2.9953271028037385 0.9989691784352128 0.9919422508711405 4.986238532110092 0.44838090714359224
Not enough genes
Cannot perform polytomy test with effective N (after polytomies) 4.986238532110092:
	(P_011637,P_007844):0.2884199820519394;
8.656009101071016 7.673797876742939 4.538171614367441 20.867978592181395 0.514285049149351
17.97698983112755 13.853322325258603 17.83565993438155 49.6659720907677 0.7181708463005985
22.47397822824038 21.195407794868885 6.864363976890735 50.533750000000005 0.011572370234589284
127.25253289807577 12.596338228088351 23.168077930865614 163.01694905702973 8.109674387161261E-33
61.96656780256352 46.07893318061188 58.397226857024336 166.44272784019972 0.28582509937299005
161.7992685119154 3.0115085531881536 5.122629965665305 169.93340703076885 2.556753606221699E-64
148.83570702228246 15.272847712528682 9.542292864471182 173.65084759928234 2.4483457748708135E-47
1.0 0.0 0.0 1.0 0.3678794411714423
Not enough genes
Cannot perform polytomy test with effective N (after polytomies) 1.0:
	(P_006411,P_011699):0.2876820724517809;
38.01129943502825 1.1016949152542372 1.2146892655367232 40.32768361581921 2.3646813733142056E-15
61.83895262864604 1.1739564555491775 0.6122270813821162 63.62513616557733 4.410915145535674E-26
11.0 6.0 7.0 24.0 0.41686201967850856
83.08054803653432 3.66197287324629 4.787594299468694 91.5301152092493 3.0978719141931313E-30
5.2731204481345255 1.929394617699876 0.14748493416559838 7.35 0.06305178477838587
Not enough genes
Cannot perform polytomy test with effective N (after polytomies) 7.35:
	(P_011713,P_011705):0.5928804798459716;
25.841210834534387 22.355536219106515 20.83558254627129 69.0323295999122 0.7510993447612159
67.23620023700244 47.60356241315203 33.628560630296036 148.46832328045048 0.0031526029626216577
88.62046904259492 32.289998834461784 41.60120042561965 162.51166830267636 4.899707819441345E-8
1.0 0.0 0.0 1.0 0.3678794411714423
Not enough genes
Cannot perform polytomy test with effective N (after polytomies) 1.0:
	(ABSS,P_011607):0.2876820724517809;
60.01261282667316 17.88151293276101 18.080578748307516 95.97470450774169 1.0129727331358086E-8
43.36306831586356 25.011214794815057 26.287900441769725 94.66218355244834 0.03588175587445674
85.95482414110343 57.41641252603856 20.318847451406192 163.69008411854819 2.3928516183012083E-9
124.45166074900948 5.573265533436281 6.773624442191926 136.7985507246377 3.8312526728240605E-45
112.74196078993536 15.564958028885226 15.163174910450074 143.47009372927064 1.974921368162724E-29
28.653711131295395 5.118020327864315 22.53165221896752 56.30338367812723 3.5448605980968536E-4
61.97481810460323 32.752106471145176 42.2902250966857 137.0171496724341 0.007732994018748464
48.73319991637804 40.377878768153884 42.79844197879053 131.90952066332244 0.6568280087940759
74.12972737880686 22.41565959476886 29.34323441273384 125.88862138630955 6.987355519670224E-9
0.0 0.0 0.0 0.0 NaN
Not enough genes
Cannot perform polytomy test with effective N (after polytomies) 0.0:
	(P_011739,P_011677):0.0;
0.0 1.0002704530087898 0.058823529411764705 1.0590939824205545 0.4096611959675689
Not enough genes
Cannot perform polytomy test with effective N (after polytomies) 1.0590939824205545:
	(P_011701,(P_011739,P_011677):0.0):0.0;
8.966060980397172 6.993596535525523 3.5283280661550656 19.487985582077762 0.31143778541948935
16.20907983212639 11.935223619333664 11.114387674066467 39.258691125526525 0.5645136742630439
75.21789260257461 10.239471488969418 2.193962649050076 87.6513267405941 1.4752532362721363E-24
2.994155560410749 1.0 3.0058444395892505 7.0 0.5647098552062821
Not enough genes
Cannot perform polytomy test with effective N (after polytomies) 7.0:
	(P_011611,P_011745):0.06337031583731931;
9.01629343262195 7.046710408745793 10.975247524752476 27.038251366120218 0.6517460986138297
33.114311449815716 11.176372292737364 8.421579260474251 52.71226300302733 2.981021495253991E-5
34.95479379732078 14.635010491573231 16.601224134457496 66.19102842335151 0.00337043520868679
27.884698437729437 23.939324167777524 18.267547133753617 70.09156973926058 0.3677705692491123
85.146254401492 13.050490227389457 9.484942407182142 107.68168703606361 8.882888033509918E-23
61.12132540558887 35.187514048584404 37.37286358133877 133.68170303551204 0.009630227746597246
65.42150411474735 36.45744838153445 44.91896538643773 146.79791788271953 0.010748456997793034
15.510188730870867 10.370006757243658 13.232191984666933 39.11238747278146 0.6012006300082138
25.9136458495962 7.840196467597345 4.733372460287849 38.48721477748139 3.72831349817309E-5
32.87982631758166 1.0556596119929451 2.5717196099838753 36.50720553955848 3.151228208190813E-12
13.126660277960756 7.077224652803212 10.814748609608703 31.018633540372672 0.4060708940993524
62.63432961620594 27.579959935916765 9.436198812002157 99.65048836412487 2.741946863155565E-10
81.6096675677232 44.87979010014224 22.600115755329966 149.08957342319542 1.7394800558997475E-8
119.9825118175997 14.28649321410837 13.621956227417018 147.8909612591251 9.68139205044855E-34
103.0172048643878 25.193953595085134 45.1268813810018 173.33803984047472 5.209685860575256E-13
88.49219089069146 68.29696243276746 9.14664023623612 165.93579355969504 4.456699262859016E-14
24.48975846125956 16.96011659832912 11.173054601570918 52.622929661159596 0.07871987839763149
31.30794849776854 12.807455561274919 9.918146416849812 54.033550475893264 5.653127813151712E-4
1.0 0.0 0.0 1.0 0.3678794411714423
Not enough genes
Cannot perform polytomy test with effective N (after polytomies) 1.0:
	(WPHN,((P2619,P_011609):2.0794415416798353,(((GAP_79862,P_011587):2.0762000477556652,(P_014081,(P_008647,P0104A):3.0602707946915624):3.205452804536062):1.484668167691932,((MAQO,(WAIL,(P_011527,((GAP_80297,P_014083):1.9449000205845675,(GAP_80298,P_014077):0.15393153755311687):0.3316144980153874):0.15986185862203967):0.8651980616242543):1.7170574381231327,(((KRJP,(GAP_80395,P_011549):1.8694055976824724):0.834447282713158,((P_011657,(P_011643,(P_011651,P_011509):0.9966355718111262):0.027513634334011015):1.2733728663945185,((GAP_80393,GAP_80394):0.8178065193858207,((P_011647,(P_011465,(P_011501,(P_011523,(P_011489,P_011487):0.1329887801935112):0.08110187756976461):0.8490333350985907):1.4919285648407916):0.11717705092663551,(P_011631,((P_007783,(P_006414,P_007843):0.05069197208423647):0.9086524693972998,(P_011551,(P_011637,P_007844):0.2884199820519394):0.09843509562209185):0.03275132806893849):0.16741702030500355):1.0899742371120429):0.05669130517220998):2.5237900601386443):1.5063625523919417,((P_011531,(Schi,(P_006411,P_011699):0.2876820724517809):2.117192385517963):2.738465580245833,(VYLQ,(P_018635,(P_008631,((P_008632,(P_011671,P_011579):0.17435338714477766):1.8761001146259673,((P_011713,P_011705):0.5928804798459716,(((WIGA,(Dhai,(Apet,Msal):0.05496804276404213):0.19207336085426926):0.37538286169421076,(KAYP,(BCGB,(ABSS,P_011607):0.2876820724517809):0.5590922198412905):0.19837850221892722):0.33250923625008555,(P_006413,((P_016813,((GAP_80389,GAP_80390):1.9290443360987182,((P_006412,P_008640):1.1104036524754555,(P_008646,P_011679):0.2877525521778487):0.1906226627803054):0.0512898374294982):0.4721122316844614,((P_011673,(P_011537,(P_011701,(P_011739,P_011677):0.0):0.0):0.1701218296317334):0.10974196704712455,(P_011759,((P_011735,P_011675):1.4814992060257106,(P_011715,(P_011681,(P_011611,P_011745):0.06337031583731931):0.0):0.5529845969721965):0.32898350608223903):0.09250411209558751):1.1244511420090224):0.19934259780177563):0.17908165764888848):0.08338427433664429):0.6623873942989138):1.687077289065883):0.12211578661182698):0.568177596518411):0.3792268068574611):1.233615205702278):0.48834256371016194):0.34976423142769014):0.20463423192034427):0.43592318246722167):0.2876820724517809;
1.0 0.0 0.0 1.0 0.3678794411714423
Not enough genes
Cannot perform polytomy test with effective N (after polytomies) 1.0:
	(P_011613,(WPHN,((P2619,P_011609):2.0794415416798353,(((GAP_79862,P_011587):2.0762000477556652,(P_014081,(P_008647,P0104A):3.0602707946915624):3.205452804536062):1.484668167691932,((MAQO,(WAIL,(P_011527,((GAP_80297,P_014083):1.9449000205845675,(GAP_80298,P_014077):0.15393153755311687):0.3316144980153874):0.15986185862203967):0.8651980616242543):1.7170574381231327,(((KRJP,(GAP_80395,P_011549):1.8694055976824724):0.834447282713158,((P_011657,(P_011643,(P_011651,P_011509):0.9966355718111262):0.027513634334011015):1.2733728663945185,((GAP_80393,GAP_80394):0.8178065193858207,((P_011647,(P_011465,(P_011501,(P_011523,(P_011489,P_011487):0.1329887801935112):0.08110187756976461):0.8490333350985907):1.4919285648407916):0.11717705092663551,(P_011631,((P_007783,(P_006414,P_007843):0.05069197208423647):0.9086524693972998,(P_011551,(P_011637,P_007844):0.2884199820519394):0.09843509562209185):0.03275132806893849):0.16741702030500355):1.0899742371120429):0.05669130517220998):2.5237900601386443):1.5063625523919417,((P_011531,(Schi,(P_006411,P_011699):0.2876820724517809):2.117192385517963):2.738465580245833,(VYLQ,(P_018635,(P_008631,((P_008632,(P_011671,P_011579):0.17435338714477766):1.8761001146259673,((P_011713,P_011705):0.5928804798459716,(((WIGA,(Dhai,(Apet,Msal):0.05496804276404213):0.19207336085426926):0.37538286169421076,(KAYP,(BCGB,(ABSS,P_011607):0.2876820724517809):0.5590922198412905):0.19837850221892722):0.33250923625008555,(P_006413,((P_016813,((GAP_80389,GAP_80390):1.9290443360987182,((P_006412,P_008640):1.1104036524754555,(P_008646,P_011679):0.2877525521778487):0.1906226627803054):0.0512898374294982):0.4721122316844614,((P_011673,(P_011537,(P_011701,(P_011739,P_011677):0.0):0.0):0.1701218296317334):0.10974196704712455,(P_011759,((P_011735,P_011675):1.4814992060257106,(P_011715,(P_011681,(P_011611,P_011745):0.06337031583731931):0.0):0.5529845969721965):0.32898350608223903):0.09250411209558751):1.1244511420090224):0.19934259780177563):0.17908165764888848):0.08338427433664429):0.6623873942989138):1.687077289065883):0.12211578661182698):0.568177596518411):0.3792268068574611):1.233615205702278):0.48834256371016194):0.34976423142769014):0.20463423192034427):0.43592318246722167):0.2876820724517809):0.2876820724517809;
1.0 0.0 0.0 1.0 0.3678794411714423
Not enough genes
Cannot perform polytomy test with effective N (after polytomies) 1.0:
	(P_018691,P_007845):0.2876820724517809;
13.0 5.775183755370891 1.1254803812514993 19.90066413662239 0.004528539784203191
62.923265063239256 38.910716719990674 43.018993592847075 144.852975376077 0.032840722634202735
62.19406588211169 23.138577476792694 12.054484419077212 97.38712777798159 5.24183681992901E-10
50.29098124605383 46.43143386989288 4.410715058620738 101.13313017456746 4.539274016240413E-9
72.30416264163794 22.260744502293647 61.25788934891566 155.82279649284726 1.6624218842593845E-6
115.68133040082405 38.67756100134059 3.601108597835351 157.96 7.73269652497761E-28
120.97471706509836 7.600403279411431 30.026442503629838 158.60156284813962 2.443234316239149E-30
86.33126512243095 31.804512499409963 15.813105419960493 133.94888304180142 5.058875887626279E-14
90.9348491374683 25.201537928364278 21.247553674157988 137.38394073999058 2.9508564664295976E-15
0.0 0.0 0.0 0.0 NaN
Not enough genes
Cannot perform polytomy test with effective N (after polytomies) 0.0:
	(P_014095,S38):0.0;
4.710696338837042 0.28427853553481697 0.005025125628140704 5.0 0.015276342939402507
Not enough genes
Cannot perform polytomy test with effective N (after polytomies) 5.0:
	(S08,(P_014095,S38):0.0):1.1321920860375516;
1.0 0.0 1.0 2.0 0.6065306597126334
Not enough genes
Cannot perform polytomy test with effective N (after polytomies) 2.0:
	(P_016789,S04):0.0;
44.733279482466905 2.979982741097662 0.09983007789708448 47.81309230146165 9.938323822368932E-18
114.05056543329933 1.954658994164978 4.914513266623623 120.91973769408793 1.0716353134690607E-44
76.09342291568339 0.010050251256281407 0.0 76.10347316693968 9.157440945641673E-34
45.402784995146 39.49936661158147 43.626894706063446 128.5290463127909 0.8072535681318851
48.50043029218697 38.03917023722946 49.84520931094255 136.38480984035897 0.3989855205243702
13.181142528457874 10.806078081219189 11.941557068971859 35.92877767864892 0.8888491226253394
26.934877587780356 4.948093028386753 5.538154819183244 37.42112543535035 3.436868007541083E-6
55.65110282971148 39.27523432801186 37.729458765575856 132.6557959232992 0.10748832700103676
62.97387984792346 47.78422260926921 45.22113046739727 155.97923292458995 0.17017539849097604
66.19674295265118 61.87808922278658 30.972312017106354 159.04714419254412 9.471826094384774E-4
21.490877594627595 17.865940170940178 15.525289987789986 54.88210775335776 0.6102723600373363
60.25634714745541 0.12120807176349235 0.6224447807810963 61.0 2.92906634333675E-26
11.587580603071588 2.9898477157360404 2.422571681192371 17.0 0.009522255159318921
45.08650781873246 21.969878093727072 39.93211822723223 106.98850413969177 0.01609315458142831
59.895169200795415 41.08441201641218 27.502225964116423 128.48180718132403 0.0020737501281877712
57.52337341309611 35.65789983864265 33.81008210255085 126.99135535428961 0.016410061026401402
66.63984178857311 50.454543237015926 22.655614974410966 139.75 2.4329625863582457E-5
33.94829868526288 24.17993582881778 9.671765485919343 67.8 0.0013573818832397172
55.49472573839662 1.9354430379746836 4.569831223628692 62.0 7.013365034100841E-20
66.4047619047619 1.0 1.5952380952380953 69.0 2.079302601564495E-27
45.36315932785126 8.723814499858857 19.133825754207837 73.22079958191794 4.540508093682907E-7
163.91937373456364 1.3889263058773242 2.8113580792171873 168.11965811965817 2.25205092319759E-68
45.0 0.0 0.0 45.0 2.862518580549388E-20
85.99382716049382 5.0 6.006172839506172 97.0 9.760968495729871E-30
80.0 0.0 2.0 82.0 8.512636430141468E-34
78.0 12.0 21.0 111.0 9.204936040182441E-16
112.0 4.5 1.5 118.0 1.7684439293195457E-44
137.01278709276005 0.4819133797858141 1.5040041906665615 138.99870466321244 1.5519411281469876E-58
67.78781907684751 33.53592165763139 54.00462869021406 155.32836942469297 0.003225474814067008
124.83548387096774 5.352688172043011 7.005376344086022 137.19354838709677 2.6574767237600023E-45
86.99411764705883 31.0 24.00588235294118 142.0 1.1573394297404162E-11
142.5 5.0 3.0 150.5 4.340636609709168E-56
135.9497718408597 3.6416299425069156 7.002754060789243 146.59415584415586 2.6485395437450706E-51
77.80033996875007 35.18497470779588 33.17058665427809 146.15590133082404 2.170244282976056E-6
60.32524063114056 54.5108451229039 45.99024477816844 160.8263305322129 0.3792046245293925
150.00891265597147 0.9081394967356714 0.7196723642050239 151.63672451691215 1.772983599269996E-64
123.93780978843968 13.633154499199538 3.467817011911238 141.03878129955046 5.799924101117992E-42
46.227789548540606 35.84895525084831 43.46020941141769 125.53695421080661 0.5014364591028007
53.268722958133665 45.68668006852246 41.15044843860622 140.10585146526233 0.44813114140559684
91.84714136477892 30.2437708804391 28.635274607780218 150.72618685299824 5.92099270603154E-12
141.9818553992996 1.9948233948233947 0.02332120587698681 144.0 1.1338924292976325E-60
56.115961510114786 50.70650586983546 42.38112808312823 149.20359546307847 0.3819331969255939
73.2433963246739 34.792400008128524 33.759055617269276 141.7948519500717 2.2217402247135046E-5
106.07562413449912 18.448732635472908 16.614875655957672 141.1392324259297 7.379561132045295E-25
107.66014831903371 23.672247983444393 25.20044392625808 156.5328402287362 6.006967706724581E-20
33.89989088925259 0.015384615384615385 0.015575559192580468 33.93085106382979 2.0152480558130384E-15
44.41283693709933 34.03346649499735 34.57554477599977 113.02184820809643 0.4041341346256714
116.84416066133087 12.575428956001149 9.14213796034424 138.56172757767627 5.820691343657118E-36
50.810551517583654 32.430356607685844 32.2536443243032 115.4945524495727 0.05215790399602299
45.348364476052 39.545683315075884 32.614494205778335 117.50854199690622 0.35428858973473293
38.04526310226854 33.24449491870073 31.844455596491336 103.1342136174606 0.735176085746329
38.26631699485615 37.27735939800767 31.54614744687478 107.0898238397386 0.6915764563626623
138.97649883871983 0.045112781954887216 0.9499271739558319 139.97153879463056 3.1530943280617104E-60
59.720886350723575 28.746939005399266 30.540669147550027 119.00849450367286 4.897212248495212E-4
46.52202470066368 31.290172815870882 37.346079471283474 115.15827698781803 0.21606894590498027
131.9109206165818 4.060827827814407 3.0980656977555734 139.06981414215178 3.695539420606371E-52
43.339005747821034 32.970591928607796 27.53241959222172 103.84201726865055 0.15519844095942265
134.0220390720391 4.027472527472527 4.99993894993895 143.04945054945057 1.1946556016341344E-51
124.85192854956522 6.82732601416758 8.54863234061796 140.22788690435075 3.0097783495979796E-43
40.34417533323972 41.016149939516694 33.97158994539363 115.33191521815004 0.6749224243211586
42.7646876347228 35.731472611705335 42.490736411628454 120.9868966580566 0.67465751808197
39.08792013423473 27.27707273649205 32.98221648878103 99.34720935950781 0.34871540907119325
40.27628673303742 32.15635804401902 36.095057845011254 108.52770262206771 0.6339539911387262
143.2332952536366 5.663324650231319 5.60146531980368 154.4980852236716 5.976562749232294E-54
131.1037030703168 13.639056113660324 8.072343410923978 152.81510259490113 6.924492746663443E-42
169.37748056469238 4.550436064612656 4.03861958645721 177.96653621576223 3.126902782587035E-67
166.34712895753074 3.489752133233513 6.750514324679237 176.5873954154435 1.1247623702180816E-64
135.0 0.0 0.0 135.0 2.3455513385429377E-59
121.00714215137342 6.9928578486265724 3.9945054945054945 131.9945054945055 1.1881490278046686E-44
108.5 15.5 18.5 142.5 2.907263956735353E-26
151.7742946708464 0.030303030303030304 0.19540229885057472 152.0 1.9095040345887323E-66
129.0 8.0 3.0 140.0 4.244028920374035E-48
152.0 0.0 0.0 152.0 9.710436457780708E-67
95.67536733350322 7.75095007933265 7.419836433317983 110.84615384615385 3.950602163463944E-31
47.85585294281467 41.84025054185921 46.2407543434883 135.93685782816218 0.8074093398841883
81.12682397480947 35.48659382826104 30.79924882383554 147.41266662690606 1.4728506377529222E-7
70.02137688407426 54.96270264609498 36.97698175811511 161.96106128828436 0.006284423687220624
135.00534759358288 0.0 0.9946524064171123 136.0 1.6687403857676398E-58
116.25330360759072 16.000724120561465 19.345972271847813 151.6 1.3689816605342807E-28
111.02240058044623 3.1171027344546522 17.86049668509914 132.0 1.6235752139253872E-34
65.64727383936042 23.36740975122388 42.49282598113396 131.50750957171826 3.622938484055649E-5
57.70002016811035 31.38286755386474 47.27566405109496 136.35855177307005 0.020979140133803052
103.90410644415986 18.357419760091634 21.82509936306101 144.0866255673125 6.307317694503274E-22
136.24242681279298 18.24030264433119 15.107387234870526 169.5901166919947 2.342148295450588E-37
126.01219512195121 5.026672562715548 6.444512195121951 137.4833798797887 1.982983344893829E-46
88.98546601358518 23.015835733517598 32.48207813268594 144.48337987978874 3.360014859928376E-12
102.94103107344633 26.230961741677273 26.627795320469616 155.7997881355932 4.802387471856655E-17
124.0 0.0 2.0 126.0 6.971091647935489E-53
128.97758241758243 1.997946995147443 2.0507863767438237 133.02631578947367 2.409986171232599E-53
83.21751412429377 30.833333333333332 29.000000000000004 143.0508474576271 2.3296318328924583E-9
166.45580670287288 1.872852617491842 1.5645888548177838 169.8932481751825 4.233913321619594E-70
147.23925385239255 2.875 0.8857461476074615 151.0 1.664510810623554E-61
59.97501191842355 19.981669908723628 51.04331817285283 131.0 4.141511284994361E-5
139.73366836057238 4.0140950159425755 10.250721471969934 153.9984848484849 2.1442010075352397E-50
61.040897590290434 39.98363275653037 46.05285060556014 147.07738095238093 0.0910535182448421
51.98260551220284 45.99111514343503 49.011095522425194 146.98481617806306 0.8326218037488433
113.97402856857457 18.52127659574468 18.004694835680752 150.5 3.6717516229192845E-27
152.00408656940556 1.9765890839798557 0.019324346614595343 154.0 4.849673828100333E-65
151.9382145951506 9.011919101741418 5.361987515229199 166.31212121212124 1.8158102329645923E-55
67.02290698868879 57.34534606821726 39.401659223795704 163.76991228070176 0.027372062402153126
157.81723274025236 2.9232745410188232 4.216441125734355 164.95694840700554 2.2753952678521078E-63
60.94479750659277 39.800918323817655 53.85336058337187 154.5990764137823 0.10569709789424284
143.91921946476197 6.782232395220208 6.3790563599724734 157.08050821995465 7.088110509617953E-53
164.19073236873263 6.915214013195003 5.392230385014997 176.4981767669426 3.4680576624121342E-62
79.78063570508496 34.836012810803126 42.262569899472844 156.87921841536092 1.51094587142542E-5
135.4180482241512 8.274193929903982 14.959479765603268 158.65172191965846 8.968157071735035E-43
144.92247780504638 10.043861729753472 14.210204826815197 169.17654436161504 4.972526356146609E-46
86.13111634553962 35.76178781593492 49.6419074844623 171.53481164593686 7.2261852675047465E-6
148.94939833238192 1.72920189979512 11.321399767822967 162.0 2.7250344829862404E-55
153.41463414634146 0.5 0.08536585365853659 154.0 7.564416518353306E-67
165.13067872485254 0.23911245334810952 0.6302088217993423 166.0 1.0839059902233724E-71
107.51523703015458 8.376380588301013 63.4045317846042 179.29614940305981 1.182273619757976E-18
126.94814545334229 16.21905905278975 35.89166196726352 179.05886647339557 4.0429944623473564E-26
171.14801357398034 2.510434995826823 5.205470148128556 178.86391871793572 1.0835153230274094E-68
119.21587554387527 37.02525752370984 18.009913198592393 174.2510462661775 2.328070109076658E-22
53.341261563577 1.1200825825825826 0.11782252050708426 54.579166666666666 7.515963777954635E-23
48.515566290928604 3.3115942028985503 2.1728395061728394 54.0 1.3853390460800441E-17
26.5 1.75 7.75 36.0 9.276373195504343E-7
Extended species tree:
(P0109B,((P_018831,OSHQ)0:1.0414538748281608,((P_016909,WZFE)0:2.178532444324067,(P0203H,((((SJEV,(P_019193,(P_019187,Wsal)0:1.0605111312978306)0:0.7602864833975739)0:2.765494389070721,(P_016921,(GAP_81227,((WKSU,P_019199)NA:0.2876820724517809,(Pcol,(P_006410,GAP_81226)0:1.2376244009293023)0:0.5401874778681626)0:0.2581019077414289)0:0.5333727914842595)0:2.8895511509240634)0:2.1241303213957354,(((Asie,QDVW)0:3.4465307852163636,(P_025525,((PAWA,P_019197)0:0.772112512258656,(P_019189,P_025523)NA:0.0)NA:0.28191692300846344)NA:0.4620092025496383)0.00088:0.21018667323492218,((P_019191,(GAP_80417,(P2590,GAP_79804)0:3.0285220963769826)NA:1.2039728043259361)NA:0.1053605156578264,((P_019185,CSSK)0.63039:0.01356532753476029,(P2589,OPDF)0:1.1351266572175034)0:1.7204793448098792)0:2.4271500395359507)0:1.969714268703286)0:0.29813761302976377,((P_011613,(WPHN,((P2619,P_011609)NA:2.0794415416798353,(((GAP_79862,P_011587)0:2.0762000477556652,(P_014081,(P_008647,P0104A)0:3.0602707946915624)0:3.205452804536062)0:1.484668167691932,((MAQO,(WAIL,(P_011527,((GAP_80297,P_014083)0:1.9449000205845675,(GAP_80298,P_014077)0.23741:0.15393153755311687)0.00328:0.3316144980153874)0.16787:0.15986185862203967)0:0.8651980616242543)0:1.7170574381231327,(((KRJP,(GAP_80395,P_011549)0:1.8694055976824724)0:0.834447282713158,((P_011657,(P_011643,(P_011651,P_011509)0:0.9966355718111262)0.8004:0.027513634334011015)0:1.2733728663945185,((GAP_80393,GAP_80394)0:0.8178065193858207,((P_011647,(P_011465,(P_011501,(P_011523,(P_011489,P_011487)0.05646:0.1329887801935112)0.24803:0.08110187756976461)0:0.8490333350985907)0:1.4919285648407916)0.19766:0.11717705092663551,(P_011631,((P_007783,(P_006414,P_007843)0.63138:0.05069197208423647)0:0.9086524693972998,(P_011551,(P_011637,P_007844)NA:0.2884199820519394)0.51429:0.09843509562209185)0.71817:0.03275132806893849)0.01157:0.16741702030500355)0:1.0899742371120429)0.28583:0.05669130517220998)0:2.5237900601386443)0:1.5063625523919417,((P_011531,(Schi,(P_006411,P_011699)NA:0.2876820724517809)0:2.117192385517963)0:2.738465580245833,(VYLQ,(P_018635,(P_008631,((P_008632,(P_011671,P_011579)0.41686:0.17435338714477766)0:1.8761001146259673,((P_011713,P_011705)NA:0.5928804798459716,(((WIGA,(Dhai,(Apet,Msal)0.7511:0.05496804276404213)0.00315:0.19207336085426926)0:0.37538286169421076,(KAYP,(BCGB,(ABSS,P_011607)NA:0.2876820724517809)0:0.5590922198412905)0.03588:0.19837850221892722)0:0.33250923625008555,(P_006413,((P_016813,((GAP_80389,GAP_80390)0:1.9290443360987182,((P_006412,P_008640)0:1.1104036524754555,(P_008646,P_011679)0.00035:0.2877525521778487)0.00773:0.1906226627803054)0.65683:0.0512898374294982)0:0.4721122316844614,((P_011673,(P_011537,(P_011701,(P_011739,P_011677)NA:0.0)NA:0.0)0.31144:0.1701218296317334)0.56451:0.10974196704712455,(P_011759,((P_011735,P_011675)0:1.4814992060257106,(P_011715,(P_011681,(P_011611,P_011745)NA:0.06337031583731931)0.65175:0.0)0.00003:0.5529845969721965)0.00337:0.32898350608223903)0.36777:0.09250411209558751)0:1.1244511420090224)0.00963:0.19934259780177563)0.01075:0.17908165764888848)0.6012:0.08338427433664429)0.00004:0.6623873942989138)0:1.687077289065883)0.40607:0.12211578661182698)0:0.568177596518411)0:0.3792268068574611)0:1.233615205702278)0:0.48834256371016194)0:0.34976423142769014)0.07872:0.20463423192034427)0.00057:0.43592318246722167)NA:0.2876820724517809)NA:0.2876820724517809,(((P_018691,P_007845)NA:0.2876820724517809,(((P_018639,P_018779)0.00453:0.5673690033632612,(P_018695,(P_018645,P_018783)0.03284:0.15914060294063592)0:0.594577432001115)0:0.27260854765458525,((P_016797,(OBPL,(GAP_80397,P_016799)0:0.21267934603525093)0:0.8955275954602099)0:1.0132678478018378,((P_016793,(P_016795,P_006422)0:0.6154449806465775)0:0.6649095126637832,(P_018693,((S08,(P_014095,S38)NA:0.0)NA:1.1321920860375516,((S27,(P_016789,S04)NA:0.0)0:2.0764823439687152,(P_016791,((P_014099,S03)0:2.334944951990603,(P_016787,S02)0:3.9296831356727444)0.80725:0.02612126250536964)0.39899:0.02998429231526027)0.88885:0.03604306897845825)0:0.8019918613176593)0.10749:0.1330337072198539)0.17018:0.10729668585278815)0.00095:0.12830127657270674)0.61027:0.07997755021797535)0:3.1656870237037316,(((P2622,P2623)0.00952:0.6266700090498912,(P0110C,(P0110B,(XQWC,(P0207A,(P0207C,(P0207B,(P0206H,P0206G)0.01609:0.1349817689847523)0.00207:0.21550271220528347)0.01641:0.19133916744090573)0.00002:0.2359675481317706)0.00136:0.2746366826027673)0:1.7220636100144364)0:2.5634199154096358)0:0.5392045358746703,((GAP_80322,DHPO)0:3.0764280789532954,(((P_012861,((P_012855,(P_012827,P_007802)0:3.4231762883809314)0:1.6940814497422447,((P_012919,P_012921)0:2.9147632110203237,(P_012813,P_018637)0:0.7866732385707687)0:2.4277482359480516)0:3.4422609686575423)0.00323:0.1630329759900483,(((P_012797,(P_012841,((P_012913,P_012877)0:1.9310698329079536,(P_012811,(P_012891,P_012895)0:0.5319227949163133)0:2.4178959395050392)0:2.1341772047419094)0:0.3467811337306905)0.3792:0.0609890819674638,((((P_012925,P_012883)0:3.656444132629454,(P_012857,(P_012815,P_012903)0:1.654669408470926)0.50144:0.049185540816871286)0.44813:0.06856093304312884,(P_012875,((P_012831,P_012905)0:0.5242857669650511,(P_012901,(P_012887,P_012851)0:3.466626362357607)0.38193:0.0622999447061983)0.00002:0.3138770430338751)0:0.9660577028347842)0:0.7446952411717718,(P_018689,((P_012885,(GAP_80294,P_006420)0:3.1174147389202727)0.40413:0.08803094162784632,(P_012859,(((P_012873,P_012881)0:1.4099033887101393,(GAP_80291,P_012907)0.05216:0.1675240248962269)0.35429:0.0768686842372015,(((P_012889,(P_012863,P_006418)0.73518:0.049213904860894955)0.69158:0.031526748208636615,(P_012793,(GAP_80292,P_006419)0:3.8524288312079924)0.00049:0.28297084035255937)0.21607:0.10620331183304763,((P_012897,(GAP_80293,P_012893)0:2.4375673002240545)0.1552:0.1279033701325926,(P_012911,(P_012821,P_012917)0:2.2593690484694933)0:1.7490953914812983)0.67492:0.020410325280507284)0.67466:0.02619184994248502)0.34872:0.08805565892805575)0.63395:0.05296881022426067)0:2.1344357565320355)0:1.507419160332115)0:2.521111319949098)0:2.354495197766847,((P_012867,((P_012923,P_012847)0:4.507189777627891,(P_012899,P_012817)0:2.00098966699153)0:1.0055218656020977)0:4.421456356083747,(P_012843,(((P_012937,(P_006421,P_012939)0:2.0583881324820035)0:4.624972813284274,(P_012803,(P_012853,(P_012837,P_012829)0:1.5284528798795116)0.80741:0.024508696679285347)0:0.38558172087145043)0.00628:0.15609544840124606,(((P_012801,(P_012809,P_012879)0:3.82404601493073)0:1.0292516941827792,(P_012839,(P_012805,(P_012825,(P_012799,YZRI)0:1.3948602936834906)0.00004:0.27856980497865713)0.02098:0.1393804208268318)0:0.8538520004447793)0:1.1972638286516482,(P_012909,((((P_012849,P_012871)0:2.0018644456239327,(P_012845,P_012807)0:0.5403930295999182)0:0.663139638711418,(P_012865,(P_012931,(P_012935,P_012933)0:3.340109689682319)0:2.8734336646700216)0:0.45656335213030597)0:3.245496008397629,((GAP_81172,P_012833)0:3.0580110030803174,((P_012927,(GAP_80295,PSJT)0.00004:0.20032369898383137)0:1.9123996292324899,((P_012915,P_012791)0.09105:0.1259424935514361,(P_012869,(P_012819,(P_012835,P_012823)0.83262:0.0272733480293444)0:0.9900872520771864)0:3.5407108385687556)0:1.9817242523949326)0.02737:0.11670235958949934)0:2.6095080506363266)0.1057:0.09158648365801063)0:2.0071272429315266)0:2.185171621192541)0.00002:0.29839328261069953)0:1.4797864556064506)0:1.5023840918234843)0.00001:0.286103470070204)0:2.0456198745177216,(P_012795,P_012941)0:4.177144805619751)0:4.086953293792615)0:0.5016819371179226)0:0.8154399149631993)0:2.621585915697775)0:0.7347748457161238)0:2.8068031162517024)0:1.732463586365184)0:0.8540775473725825));
Weight calculation took 34.998504971 secs
ASTRAL finished in 50.491 secs
