
================== ASTRAL ===================== 

This is ASTRAL version 5.7.7
Gene trees are treated as unrooted
182 trees read from all_bs10.trees
index224
All output trees will be *arbitrarily* rooted at P0109B

======== Running the main analysis
Number of taxa: 238 (238 species)
Taxa: [KRJP, WAIL, MAQO, Asie, QDVW, PAWA, P2589, P_019185, OPDF, CSSK, P_018831, P_016909, SJEV, P_019187, P_006410, GAP_81226, P_016921, GAP_81227, P_012827, P_012813, P_012919, P_012921, P_012861, P_018689, GAP_80293, P_012893, GAP_80291, P_012859, GAP_80292, GAP_80294, P_012873, P_012889, P_012793, P_012911, P_012821, P_012917, P_012863, P_012885, P_012881, P_012897, P_012907, P_012891, P_012895, P_012811, P_012857, P_012815, P_012903, P_012925, P_012883, P_012887, P_012851, P_012901, P_012875, P_012831, P_012797, P_012841, P_012913, P_012877, P_012867, P_012899, P_012817, P_012923, P_012847, P_012803, P_012853, P_012937, P_006421, P_012939, P_012843, P_012837, P_012809, P_012801, P_012799, P_012825, P_012909, GAP_81172, P_012833, GAP_80295, P_012927, PSJT, P_012915, P_012791, P_012835, P_012819, P_012823, P_012869, P_012849, P_012871, P_012865, P_012931, P_012935, P_012933, P_012845, P_012807, P_012795, P_018695, P_018645, P_018783, GAP_80397, OBPL, P_016799, P_016797, P_016793, P_016795, P_006422, P_014099, S03, P_016789, P_016787, P_016791, P_018693, P_019189, P0110C, P0207C, P0207A, XQWC, P0207B, P0206H, P0206G, YZRI, GAP_80322, DHPO, P2590, GAP_79804, GAP_79862, P_011527, P_008646, P_006412, P_011715, P_011735, GAP_80389, GAP_80390, WKSU, WZFE, WPHN, BCGB, WIGA, ABSS, Apet, Dhai, VYLQ, P_006413, P_011675, P_011759, P_008640, P_016813, P_018635, P_011531, Schi, P_006411, GAP_80297, P_014083, GAP_80298, P_014077, P2619, P2622, P_012905, P_006419, P_006418, P_012879, P_012805, P_012839, P_012829, P_012855, P_007802, P_018637, P_012941, P_018639, OSHQ, P_019193, Wsal, Pcol, P_019191, P_019197, GAP_80395, P_011549, GAP_80393, GAP_80394, P_011651, P_011509, P_011643, P_006414, P_011631, P_007783, P_011637, P_011647, P_011489, P_011465, P_011501, P_011523, P_011487, P_011587, P_014081, P_008647, P0104A, P_008631, P_011671, P_011679, P_008632, KAYP, Msal, P_011537, P_011713, P_011705, P_018779, P0110B, S02, S08, S27, P_007844, P_011657, P_011739, P_011673, GAP_80417, P_018691, P_006420, P_007843, P_011611, P_011745, P_011579, P0203H, P_011551, P_011677, P_025525, P0109B, P_014095, P_011681, P2623, P_011609, P_025523, S38, P_011699, P_011607, P_019199, P_011613, P_007845, S04, P_011701]
Taxon occupancy: {P_019193=78, P_019191=6, P_019197=137, OPDF=177, GAP_81172=164, P_018783=160, P_019199=1, Wsal=97, P_016921=159, WKSU=182, P_025523=3, P_025525=7, P0203H=55, P_014077=37, QDVW=178, P_011487=164, P_011489=167, P_016813=156, P_006421=159, P_006422=168, P_006420=38, P_006418=152, P_006419=156, P_006414=156, P_014081=39, P_014083=64, P_018689=163, P0206H=138, P0206G=122, Msal=158, P0109B=36, P_006410=145, P_012901=162, P_006411=143, P_012903=165, P_006412=156, P_006413=163, P_012905=163, PAWA=175, P_012907=161, GAP_79862=146, ABSS=181, P_012909=158, P_018691=61, GAP_80291=170, P_018695=161, P_014095=12, GAP_80293=164, GAP_80292=161, P_018693=154, GAP_80295=150, GAP_80294=154, P_014099=144, GAP_80297=158, GAP_80298=158, P_012911=166, P_011701=2, P_012913=148, P_012915=163, P_011705=22, P_012917=152, P_012919=118, P_012881=165, P_011671=70, P_011551=24, MAQO=178, P_012883=162, P_011673=47, P_012885=162, GAP_80322=170, P_011675=115, P2590=124, P_012887=164, P_011677=69, P_012889=160, P_011679=64, P_008647=142, PSJT=176, P2589=114, P_012891=149, P_011681=48, P_012893=156, P_018637=148, P_012895=158, P_018635=102, P_012897=160, P0207C=146, P_012899=147, P0207B=147, P0207A=143, P_018639=92, P_008646=162, P_008640=162, BCGB=180, WZFE=178, P_018645=160, KRJP=180, KAYP=109, P_011699=3, P_011579=54, CSSK=176, P_008632=159, P_016909=163, P_007783=131, P_008631=39, P_019187=154, P_019185=150, P_019189=123, P_012791=159, P_012793=160, Asie=143, P_012795=159, P_011465=169, P_018779=34, P_012797=164, P_011587=53, P_012799=158, GAP_80417=36, WIGA=176, GAP_79804=96, P_007802=55, P_012841=156, P_011631=54, P_012843=164, Pcol=94, P_012845=161, P_012847=150, P_011637=153, P_011759=88, P_012849=154, Apet=84, OBPL=180, P0110C=125, P_018831=150, P0110B=68, YZRI=180, P_012851=159, P_012853=154, P_011643=160, P_011523=164, P_012855=140, P_012857=156, P_011647=108, P_011527=68, P_012859=143, WAIL=179, P_016789=156, P_012861=160, P_011651=90, P_016787=162, P_011531=66, P_012863=162, P_012865=152, Schi=97, P_012867=154, P_011657=99, P_011537=49, P_012869=157, P_016793=152, P_016791=158, P_016797=160, SJEV=178, P_016795=157, P_012871=149, P_012873=167, P_016799=165, P_012875=153, P_012877=161, P_012879=155, P_011549=119, P_007844=29, P_007845=1, S02=80, P_012921=95, S04=2, P_012801=157, S03=131, P_012923=151, P_011713=28, P_012803=157, P_012925=159, P_011715=67, S08=32, P_012805=157, P_007843=85, P_012927=155, P_012807=162, P_012809=160, VYLQ=181, DHPO=181, GAP_80390=156, P2622=72, P2623=19, XQWC=181, GAP_80394=164, GAP_80393=172, GAP_80395=165, GAP_80397=164, P_012931=150, P_012811=164, P_012933=141, WPHN=179, P_012813=147, P_012935=150, P_012815=158, P_012937=157, P_012817=149, P_011607=1, P_012939=154, P_012819=160, P_011609=28, P2619=40, OSHQ=176, GAP_80389=155, P_012941=161, P_012821=162, P_011611=19, P_012823=158, P_011613=1, P_011735=154, P_012825=144, S27=49, P_012827=105, P_011739=90, P_012829=131, Dhai=172, P0104A=110, P_012831=164, P_011501=171, GAP_81226=158, P_012833=156, GAP_81227=162, P_011745=83, P_012835=156, S38=6, P_012837=153, P_012839=150, P_011509=164}
Number of gene trees: 182
182 trees have missing taxa
Calculating quartet distance matrix (for completion of X)
Species tree distances calculated ...
Will attempt to complete bipartitions from X before adding using a distance matrix.
Building set of clusters (X) from gene trees 
------------------------------
gradient0: 14707
Number of Clusters after addition by distance: 14707
calculating extra bipartitions to be added at level 1 ...
Adding to X using resolutions of greedy consensus ...
Limit for sigma of degrees:6000
polytomy size limit : 14
discarded polytomies:  [3, 3, 3, 3, 3, 3, 3, 3, 3, 3, 3, 3, 3, 3, 3, 4, 4, 4, 4, 4, 4, 4, 4, 4, 5, 5, 6, 6, 6, 9, 10, 12, 14]
Threshold 0.0:
Threshold 0.01:
Threshold 0.02:
Threshold 0.05:
polytomy of size 6; rounds with additions with at least 5 support: 1; clusters: 14715
Threshold 0.1:
polytomy of size 3; rounds with additions with at least 5 support: 0; clusters: 14715
polytomy of size 3; rounds with additions with at least 5 support: 0; clusters: 14715
polytomy of size 9; rounds with additions with at least 5 support: 0; clusters: 14729
Threshold 0.2:
polytomy of size 3; rounds with additions with at least 5 support: 0; clusters: 14729
polytomy of size 6; rounds with additions with at least 5 support: 0; clusters: 14731
polytomy of size 5; rounds with additions with at least 5 support: 0; clusters: 14731
polytomy of size 4; rounds with additions with at least 5 support: 0; clusters: 14731
polytomy of size 10; rounds with additions with at least 5 support: 0; clusters: 14731
polytomy of size 3; rounds with additions with at least 5 support: 0; clusters: 14731
polytomy of size 3; rounds with additions with at least 5 support: 0; clusters: 14731
Threshold 0.3333333333333333:
polytomy of size 4; rounds with additions with at least 5 support: 0; clusters: 14731
polytomy of size 4; rounds with additions with at least 5 support: 0; clusters: 14731
polytomy of size 3; rounds with additions with at least 5 support: 0; clusters: 14731
polytomy of size 4; rounds with additions with at least 5 support: 0; clusters: 14733
polytomy of size 12; rounds with additions with at least 5 support: 0; clusters: 14739
polytomy of size 3; rounds with additions with at least 5 support: 0; clusters: 14739
polytomy of size 4; rounds with additions with at least 5 support: 0; clusters: 14739
polytomy of size 4; rounds with additions with at least 5 support: 0; clusters: 14739
polytomy of size 5; rounds with additions with at least 5 support: 0; clusters: 14739
polytomy of size 6; rounds with additions with at least 5 support: 0; clusters: 14739
polytomy of size 14; rounds with additions with at least 5 support: 0; clusters: 14739
polytomy of size 3; rounds with additions with at least 5 support: 0; clusters: 14739
polytomy of size 4; rounds with additions with at least 5 support: 0; clusters: 14739
polytomy of size 3; rounds with additions with at least 5 support: 0; clusters: 14739
polytomy of size 3; rounds with additions with at least 5 support: 0; clusters: 14739
polytomy of size 3; rounds with additions with at least 5 support: 0; clusters: 14739
polytomy of size 3; rounds with additions with at least 5 support: 0; clusters: 14739
polytomy of size 3; rounds with additions with at least 5 support: 0; clusters: 14739
polytomy of size 4; rounds with additions with at least 5 support: 0; clusters: 14739
polytomy of size 3; rounds with additions with at least 5 support: 0; clusters: 14739
polytomy of size 3; rounds with additions with at least 5 support: 0; clusters: 14739
polytomy of size 4; rounds with additions with at least 5 support: 0; clusters: 14739
max k is :2
Number of Clusters after addition by greedy: 14739
gradient0 in heuristiic: 14739
partitions formed in 11.881 secs
Dynamic Programming starting after 11.881 secs
Using tree-based weight calculation.
Using polytree-based weight calculation.
Polytree max score: 6999899069
Polytree building time: 0.157 seconds.
Number of quartet trees in the gene trees: 6999899069
Size of largest cluster: 238
Greedy score: 6461400910
estimationFactor: 1.0833407749342086
Sub-optimal score: 6556173605
Total Number of elements weighted: 41664
Normalized score (portion of input quartet trees satisfied before correcting for multiple individuals): 0.9499281561712473
Optimization score: 6649401216
Optimal tree inferred in 47.152 secs.
(P_012941,(P_012795,(((P_012861,((P_012855,(P_012827,P_007802)),((P_012919,P_012921),(P_012813,P_018637)))),(((P_012797,(P_012841,((P_012913,P_012877),(P_012811,(P_012891,P_012895))))),((((P_012925,P_012883),(P_012857,(P_012815,P_012903))),(P_012875,((P_012831,P_012905),(P_012901,(P_012887,P_012851))))),(P_018689,((P_012885,(GAP_80294,P_006420)),(P_012859,(((P_012873,P_012881),(GAP_80291,P_012907)),(((P_012889,(P_012863,P_006418)),(P_012793,(GAP_80292,P_006419))),((P_012897,(GAP_80293,P_012893)),(P_012911,(P_012821,P_012917)))))))))),((P_012867,((P_012923,P_012847),(P_012899,P_012817))),(P_012843,(((P_012937,(P_006421,P_012939)),(P_012803,(P_012853,(P_012837,P_012829)))),(((P_012801,(P_012809,P_012879)),(P_012839,(P_012805,(P_012825,(P_012799,YZRI))))),(P_012909,((((P_012849,P_012871),(P_012845,P_012807)),(P_012865,(P_012931,(P_012935,P_012933)))),((GAP_81172,P_012833),((P_012927,(GAP_80295,PSJT)),((P_012915,P_012791),(P_012869,(P_012819,(P_012835,P_012823)))))))))))))),((GAP_80322,DHPO),(((P2622,P2623),(P0110C,(P0110B,(XQWC,(P0207A,(P0207C,(P0207B,(P0206H,P0206G)))))))),(((P_018691,P_007845),(((P_018639,P_018779),(P_018695,(P_018645,P_018783))),((P_016797,(OBPL,(GAP_80397,P_016799))),((P_016793,(P_016795,P_006422)),(P_018693,((S08,(P_014095,S38)),((S27,(P_016789,S04)),(P_016791,((P_014099,S03),(P_016787,S02)))))))))),(((P0203H,((P_016909,WZFE),(P0109B,(P_018831,OSHQ)))),(((SJEV,(P_019193,(P_019187,Wsal))),(P_016921,(GAP_81227,((WKSU,P_019199),(Pcol,(P_006410,GAP_81226)))))),(((Asie,QDVW),(P_025525,((PAWA,P_019197),(P_019189,P_025523)))),((P_019191,(GAP_80417,(P2590,GAP_79804))),((P_019185,CSSK),(P2589,OPDF)))))),(P_011613,(WPHN,((P2619,P_011609),(((GAP_79862,P_011587),(P_014081,(P_008647,P0104A))),((MAQO,(WAIL,(P_011527,((GAP_80297,P_014083),(GAP_80298,P_014077))))),(((KRJP,(GAP_80395,P_011549)),((P_011657,(P_011643,(P_011651,P_011509))),((GAP_80393,GAP_80394),((P_011647,(P_011465,(P_011501,(P_011523,(P_011489,P_011487))))),(P_011631,((P_007783,(P_006414,P_007843)),(P_011551,(P_011637,P_007844)))))))),((P_011531,(Schi,(P_006411,P_011699))),(VYLQ,(P_018635,(P_008631,((P_008632,(P_011671,P_011579)),((P_011713,P_011705),(((WIGA,(Dhai,(Apet,Msal))),(KAYP,(BCGB,(ABSS,P_011607)))),(P_006413,((P_016813,((GAP_80389,GAP_80390),((P_006412,P_008640),(P_008646,P_011679)))),((P_011673,(P_011537,(P_011701,(P_011739,P_011677)))),(P_011759,((P_011735,P_011675),(P_011715,(P_011681,(P_011611,P_011745))))))))))))))))))))))))))));
Final quartet score is: 6649401216
Final normalized quartet score is: 0.9499281561712473
You may want to ignore posterior probabilities and other statistics related to the following branch branch because the effective number of genes impacting it is only 1:
	{WKSU, P_019199}
You may want to ignore posterior probabilities and other statistics related to the following branch branch because the effective number of genes impacting it is only 3:
	{P_019189, P_025523}
You may want to ignore posterior probabilities and other statistics related to the following branch branch because the effective number of genes impacting it is only 6:
	{PAWA, P_019189, P_019197, P_025523}
You may want to ignore posterior probabilities and other statistics related to the following branch branch because the effective number of genes impacting it is only 7:
	{PAWA, P_019189, P_019197, P_025525, P_025523}
You may want to ignore posterior probabilities and other statistics related to the following branch branch because the effective number of genes impacting it is only 4:
	{P2590, GAP_79804, GAP_80417}
You may want to ignore posterior probabilities and other statistics related to the following branch branch because the effective number of genes impacting it is only 5:
	{P2590, GAP_79804, P_019191, GAP_80417}
You may want to ignore posterior probabilities and other statistics related to the following branch branch because the effective number of genes impacting it is only 11:
	{P2619, P_011609}
You may want to ignore posterior probabilities and other statistics related to the following branch branch because the effective number of genes impacting it is only 6:
	{P_011637, P_007844}
You may want to ignore posterior probabilities and other statistics related to the following branch branch because the effective number of genes impacting it is only 1:
	{P_006411, P_011699}
You may want to ignore posterior probabilities and other statistics related to the following branch branch because the effective number of genes impacting it is only 8:
	{P_011713, P_011705}
You may want to ignore posterior probabilities and other statistics related to the following branch branch because the effective number of genes impacting it is only 1:
	{ABSS, P_011607}
You may want to ignore posterior probabilities and other statistics related to the following branch branch because the effective number of genes impacting it is only 0:
	{P_011739, P_011677}
You may want to ignore posterior probabilities and other statistics related to the following branch branch because the effective number of genes impacting it is only 2:
	{P_011739, P_011677, P_011701}
You may want to ignore posterior probabilities and other statistics related to the following branch branch because the effective number of genes impacting it is only 7:
	{P_011611, P_011745}
You may want to ignore posterior probabilities and other statistics related to the following branch branch because the effective number of genes impacting it is only 1:
	{KRJP, WAIL, MAQO, GAP_79862, P_011527, P_008646, P_006412, P_011715, P_011735, GAP_80389, GAP_80390, WPHN, BCGB, WIGA, ABSS, Apet, Dhai, VYLQ, P_006413, P_011675, P_011759, P_008640, P_016813, P_018635, P_011531, Schi, P_006411, GAP_80297, P_014083, GAP_80298, P_014077, P2619, GAP_80395, P_011549, GAP_80393, GAP_80394, P_011651, P_011509, P_011643, P_006414, P_011631, P_007783, P_011637, P_011647, P_011489, P_011465, P_011501, P_011523, P_011487, P_011587, P_014081, P_008647, P0104A, P_008631, P_011671, P_011679, P_008632, KAYP, Msal, P_011537, P_011713, P_011705, P_007844, P_011657, P_011739, P_011673, P_007843, P_011611, P_011745, P_011579, P_011551, P_011677, P_011681, P_011609, P_011699, P_011607, P_011701}
You may want to ignore posterior probabilities and other statistics related to the following branch branch because the effective number of genes impacting it is only 1:
	{KRJP, WAIL, MAQO, GAP_79862, P_011527, P_008646, P_006412, P_011715, P_011735, GAP_80389, GAP_80390, WPHN, BCGB, WIGA, ABSS, Apet, Dhai, VYLQ, P_006413, P_011675, P_011759, P_008640, P_016813, P_018635, P_011531, Schi, P_006411, GAP_80297, P_014083, GAP_80298, P_014077, P2619, GAP_80395, P_011549, GAP_80393, GAP_80394, P_011651, P_011509, P_011643, P_006414, P_011631, P_007783, P_011637, P_011647, P_011489, P_011465, P_011501, P_011523, P_011487, P_011587, P_014081, P_008647, P0104A, P_008631, P_011671, P_011679, P_008632, KAYP, Msal, P_011537, P_011713, P_011705, P_007844, P_011657, P_011739, P_011673, P_007843, P_011611, P_011745, P_011579, P_011551, P_011677, P_011681, P_011609, P_011699, P_011607, P_011613, P_011701}
You may want to ignore posterior probabilities and other statistics related to the following branch branch because the effective number of genes impacting it is only 1:
	{P_018691, P_007845}
You may want to ignore posterior probabilities and other statistics related to the following branch branch because the effective number of genes impacting it is only 0:
	{P_014095, S38}
You may want to ignore posterior probabilities and other statistics related to the following branch branch because the effective number of genes impacting it is only 5:
	{S08, P_014095, S38}
You may want to ignore posterior probabilities and other statistics related to the following branch branch because the effective number of genes impacting it is only 2:
	{P_016789, S04}
You may want to ignore posterior probabilities and other statistics related to the following branch branch because the effective number of genes impacting it is only 17:
	{P2622, P2623}
Extended species tree:
(P0109B,((P_018831,OSHQ)1:1.0414538748281608,((P_016909,WZFE)1:2.178532444324067,(P0203H,((((SJEV,(P_019193,(P_019187,Wsal)1:1.0605111312978306)1:0.7602864833975739)1:2.765494389070721,(P_016921,(GAP_81227,((WKSU,P_019199)0.67:0.2876820724517809,(Pcol,(P_006410,GAP_81226)1:1.2376244009293023)1:0.5401874778681626)1:0.2581019077414289)1:0.5333727914842595)1:2.8895511509240634)1:2.1241303213957354,(((Asie,QDVW)1:3.4465307852163636,(P_025525,((PAWA,P_019197)1:0.772112512258656,(P_019189,P_025523)0.3:0.0)0.66:0.28191692300846344)0.86:0.4620092025496383)1:0.21018667323492218,((P_019191,(GAP_80417,(P2590,GAP_79804)1:3.0285220963769826)0.98:1.2039728043259361)0.44:0.1053605156578264,((P_019185,CSSK)0.35:0.01356532753476029,(P2589,OPDF)1:1.1351266572175034)1:1.7204793448098792)1:2.4271500395359507)1:1.969714268703286)1:0.29813761302976377,((P_011613,(WPHN,((P2619,P_011609)1:2.0794415416798353,(((GAP_79862,P_011587)1:2.0762000477556652,(P_014081,(P_008647,P0104A)1:3.0602707946915624)1:3.205452804536062)1:1.484668167691932,((MAQO,(WAIL,(P_011527,((GAP_80297,P_014083)1:1.9449000205845675,(GAP_80298,P_014077)0.72:0.15393153755311687)1:0.3316144980153874)0.88:0.15986185862203967)1:0.8651980616242543)1:1.7170574381231327,(((KRJP,(GAP_80395,P_011549)1:1.8694055976824724)1:0.834447282713158,((P_011657,(P_011643,(P_011651,P_011509)1:0.9966355718111262)0.45:0.027513634334011015)1:1.2733728663945185,((GAP_80393,GAP_80394)1:0.8178065193858207,((P_011647,(P_011465,(P_011501,(P_011523,(P_011489,P_011487)0.96:0.1329887801935112)0.79:0.08110187756976461)1:0.8490333350985907)1:1.4919285648407916)0.85:0.11717705092663551,(P_011631,((P_007783,(P_006414,P_007843)0.52:0.05069197208423647)1:0.9086524693972998,(P_011551,(P_011637,P_007844)0.72:0.2884199820519394)0.54:0.09843509562209185)0.42:0.03275132806893849)0.63:0.16741702030500355)1:1.0899742371120429)0.61:0.05669130517220998)1:2.5237900601386443)1:1.5063625523919417,((P_011531,(Schi,(P_006411,P_011699)0.67:0.2876820724517809)1:2.117192385517963)1:2.738465580245833,(VYLQ,(P_018635,(P_008631,((P_008632,(P_011671,P_011579)0.75:0.17435338714477766)1:1.8761001146259673,((P_011713,P_011705)0.93:0.5928804798459716,(((WIGA,(Dhai,(Apet,Msal)0.56:0.05496804276404213)0.99:0.19207336085426926)1:0.37538286169421076,(KAYP,(BCGB,(ABSS,P_011607)0.67:0.2876820724517809)1:0.5590922198412905)0.98:0.19837850221892722)1:0.33250923625008555,(P_006413,((P_016813,((GAP_80389,GAP_80390)1:1.9290443360987182,((P_006412,P_008640)1:1.1104036524754555,(P_008646,P_011679)0.96:0.2877525521778487)0.99:0.1906226627803054)0.62:0.0512898374294982)1:0.4721122316844614,((P_011673,(P_011537,(P_011701,(P_011739,P_011677)0.33:0.0)0.17:0.0)0.67:0.1701218296317334)0.68:0.10974196704712455,(P_011759,((P_011735,P_011675)1:1.4814992060257106,(P_011715,(P_011681,(P_011611,P_011745)0.43:0.06337031583731931)0.27:0.0)1:0.5529845969721965)1:0.32898350608223903)0.68:0.09250411209558751)1:1.1244511420090224)1:0.19934259780177563)0.99:0.17908165764888848)0.58:0.08338427433664429)1:0.6623873942989138)1:1.687077289065883)0.64:0.12211578661182698)1:0.568177596518411)1:0.3792268068574611)1:1.233615205702278)1:0.48834256371016194)1:0.34976423142769014)0.92:0.20463423192034427)1:0.43592318246722167)0.67:0.2876820724517809)0.67:0.2876820724517809,(((P_018691,P_007845)0.67:0.2876820724517809,(((P_018639,P_018779)0.99:0.5673690033632612,(P_018695,(P_018645,P_018783)0.98:0.15914060294063592)1:0.594577432001115)0.91:0.27260854765458525,((P_016797,(OBPL,(GAP_80397,P_016799)0.99:0.21267934603525093)1:0.8955275954602099)1:1.0132678478018378,((P_016793,(P_016795,P_006422)1:0.6154449806465775)1:0.6649095126637832,(P_018693,((S08,(P_014095,S38)0.33:0.0)0.99:1.1321920860375516,((S27,(P_016789,S04)0.42:0.0)1:2.0764823439687152,(P_016791,((P_014099,S03)1:2.334944951990603,(P_016787,S02)1:3.9296831356727444)0.46:0.02612126250536964)0.39:0.02998429231526027)0.46:0.03604306897845825)1:0.8019918613176593)0.94:0.1330337072198539)0.91:0.10729668585278815)0.79:0.12830127657270674)0.62:0.07997755021797535)1:3.1656870237037316,(((P2622,P2623)0.99:0.6266700090498912,(P0110C,(P0110B,(XQWC,(P0207A,(P0207C,(P0207B,(P0206H,P0206G)0.82:0.1349817689847523)1:0.21550271220528347)0.99:0.19133916744090573)1:0.2359675481317706)0.99:0.2746366826027673)1:1.7220636100144364)1:2.5634199154096358)1:0.5392045358746703,((GAP_80322,DHPO)1:3.0764280789532954,(((P_012861,((P_012855,(P_012827,P_007802)1:3.4231762883809314)1:1.6940814497422447,((P_012919,P_012921)1:2.9147632110203237,(P_012813,P_018637)1:0.7866732385707687)1:2.4277482359480516)1:3.4422609686575423)0.98:0.1630329759900483,(((P_012797,(P_012841,((P_012913,P_012877)1:1.9310698329079536,(P_012811,(P_012891,P_012895)1:0.5319227949163133)1:2.4178959395050392)1:2.1341772047419094)1:0.3467811337306905)0.67:0.0609890819674638,((((P_012925,P_012883)1:3.656444132629454,(P_012857,(P_012815,P_012903)1:1.654669408470926)0.56:0.049185540816871286)0.71:0.06856093304312884,(P_012875,((P_012831,P_012905)1:0.5242857669650511,(P_012901,(P_012887,P_012851)1:3.466626362357607)0.66:0.0622999447061983)1:0.3138770430338751)1:0.9660577028347842)1:0.7446952411717718,(P_018689,((P_012885,(GAP_80294,P_006420)1:3.1174147389202727)0.78:0.08803094162784632,(P_012859,(((P_012873,P_012881)1:1.4099033887101393,(GAP_80291,P_012907)0.97:0.1675240248962269)0.71:0.0768686842372015,(((P_012889,(P_012863,P_006418)0.58:0.049213904860894955)0.46:0.031526748208636615,(P_012793,(GAP_80292,P_006419)1:3.8524288312079924)1:0.28297084035255937)0.84:0.10620331183304763,((P_012897,(GAP_80293,P_012893)1:2.4375673002240545)0.89:0.1279033701325926,(P_012911,(P_012821,P_012917)1:2.2593690484694933)1:1.7490953914812983)0.39:0.020410325280507284)0.43:0.02619184994248502)0.73:0.08805565892805575)0.59:0.05296881022426067)1:2.1344357565320355)1:1.507419160332115)1:2.521111319949098)1:2.354495197766847,((P_012867,((P_012923,P_012847)1:4.507189777627891,(P_012899,P_012817)1:2.00098966699153)1:1.0055218656020977)1:4.421456356083747,(P_012843,(((P_012937,(P_006421,P_012939)1:2.0583881324820035)1:4.624972813284274,(P_012803,(P_012853,(P_012837,P_012829)1:1.5284528798795116)0.46:0.024508696679285347)1:0.38558172087145043)0.98:0.15609544840124606,(((P_012801,(P_012809,P_012879)1:3.82404601493073)1:1.0292516941827792,(P_012839,(P_012805,(P_012825,(P_012799,YZRI)1:1.3948602936834906)1:0.27856980497865713)0.93:0.1393804208268318)1:0.8538520004447793)1:1.1972638286516482,(P_012909,((((P_012849,P_012871)1:2.0018644456239327,(P_012845,P_012807)1:0.5403930295999182)1:0.663139638711418,(P_012865,(P_012931,(P_012935,P_012933)1:3.340109689682319)1:2.8734336646700216)1:0.45656335213030597)1:3.245496008397629,((GAP_81172,P_012833)1:3.0580110030803174,((P_012927,(GAP_80295,PSJT)0.97:0.20032369898383137)1:1.9123996292324899,((P_012915,P_012791)0.94:0.1259424935514361,(P_012869,(P_012819,(P_012835,P_012823)0.49:0.0272733480293444)1:0.9900872520771864)1:3.5407108385687556)1:1.9817242523949326)0.9:0.11670235958949934)1:2.6095080506363266)0.79:0.09158648365801063)1:2.0071272429315266)1:2.185171621192541)1:0.29839328261069953)1:1.4797864556064506)1:1.5023840918234843)1:0.286103470070204)1:2.0456198745177216,(P_012795,P_012941)1:4.177144805619751)1:4.086953293792615)1:0.5016819371179226)1:0.8154399149631993)1:2.621585915697775)1:0.7347748457161238)1:2.8068031162517024)1:1.732463586365184)1:0.8540775473725825));
Weight calculation took 34.162056655 secs
ASTRAL finished in 48.941 secs
