
================== ASTRAL ===================== 

This is ASTRAL version 5.7.7
Gene trees are treated as unrooted
182 trees read from all_bs10.trees
index223
All output trees will be *arbitrarily* rooted at P0109B

======== Running the main analysis
Number of taxa: 243 (243 species)
Taxa: [Apet, WAIL, MAQO, KRJP, VYLQ, WPHN, YZRI, DHPO, P_012941, P_012795, P_012855, P_012827, P_007802, P_018637, P_012813, P_012921, P_012919, P_012797, P_012857, P_012901, P_012851, P_012887, P_012831, P_012905, P_012875, P_012883, P_012925, P_012815, P_012903, P_012841, P_012877, P_012913, P_012895, P_012891, P_012811, P_018689, P_012907, P_012897, P_012863, GAP_80291, P_012889, P_006418, P_012793, P_012917, P_012821, P_012911, GAP_80292, P_006419, GAP_80293, P_012893, P_012881, P_012873, P_012885, P_012859, GAP_80294, P_006420, P_012861, P_012843, P_012853, P_012803, P_012839, P_012909, P_012807, P_012845, P_012849, P_012871, P_012931, P_012933, P_012935, P_012865, GAP_80295, P_012927, PSJT, P_012915, P_012791, P_012823, P_012819, P_012835, P_012869, GAP_81172, P_012833, P_012801, P_012879, P_012809, P_012799, P_012825, P_012805, P_012829, P_012837, P_012937, P_006421, P_012939, P_012899, P_012817, P_012847, P_012923, P_012867, P2590, GAP_79804, P_011699, P_011527, GAP_80298, GAP_80297, P_011657, P_011643, P_011509, P_011651, P_011647, P_011637, P_007783, P_011551, P_007843, P_006414, P_011489, P_011487, P_011523, P_011501, P_011465, GAP_80393, GAP_80394, P_006411, P_011549, GAP_80395, P_014081, P0104A, P_008647, GAP_79862, P_019189, P_019197, GAP_80322, P0110C, P0110B, P0207A, P0207B, P0206H, P0206G, P0207C, XQWC, P2623, P_018691, P_011701, P_018639, P_016799, GAP_80397, OBPL, P_016797, P_006422, P_016795, P_016793, P_018693, P_016789, S27, P_018779, P_014099, S03, P_016791, P_016787, P_018645, P_018783, P_018695, CSSK, P_019185, P2589, OPDF, PAWA, Asie, QDVW, P_016909, P_018831, WZFE, GAP_81227, P_016921, Pcol, P_006410, GAP_81226, WKSU, SJEV, Wsal, P_019187, P_019193, P_008632, P_011671, P_011673, P_011735, P_011715, P_006413, P_011713, P_016813, WIGA, P_008646, GAP_80389, GAP_80390, P_006412, P_008640, P_011745, P_011739, P_011679, BCGB, ABSS, Dhai, KAYP, P_011705, P_011681, P_011537, P_011759, P_011675, P_008631, P_018635, P_011677, Schi, P_011531, P_011587, P_011631, P_014077, P_014083, P2619, P_019191, P2622, S08, S38, S02, P0203H, OSHQ, P0109B, GAP_80417, P_025525, P_011579, Msal, S04, P_007844, P_025527, P_011609, P_014095, P_011611, P_011709, P_011613, Sdec, P_025523, P_014073, P_019199, P_011607, P_011719, P_007845]
Taxon occupancy: {P_019193=157, P_019191=41, P_019197=169, OPDF=177, GAP_81172=182, P_018783=181, P_019199=18, Wsal=153, P_016921=179, WKSU=182, P_025523=12, P_025525=37, P_025527=18, P_014073=7, P0203H=113, P_014077=84, QDVW=178, P_011487=182, P_011489=182, P_016813=172, P_006421=179, P_006422=182, P_006420=97, P_006418=181, P_006419=178, P_006414=179, P_014081=104, P_014083=114, P_018689=180, P0206H=173, P0206G=165, Msal=159, P0109B=77, P_012901=181, P_006410=177, P_006411=177, P_012903=181, P_006412=180, P_006413=178, P_012905=182, P_012907=181, GAP_79862=178, PAWA=175, ABSS=181, P_012909=180, P_018691=94, GAP_80291=180, P_018695=179, P_014095=43, GAP_80293=181, GAP_80292=177, P_018693=178, GAP_80295=178, GAP_80294=179, P_014099=177, GAP_80297=181, GAP_80298=180, P_012911=180, P_011701=7, P_012913=164, P_012915=180, P_011705=77, P_012917=175, P_012919=170, P_011709=7, P_012881=181, P_011671=101, P_011551=80, MAQO=178, P_012883=180, P_011673=121, P_012885=181, GAP_80322=180, P_011675=168, P2590=155, P_012887=181, P_011677=130, P_012889=180, P_011679=135, P_008647=170, PSJT=177, P2589=156, P_012891=180, P_011681=99, P_012893=182, P_018637=180, P_012895=182, P_018635=159, P_012897=180, P0207C=179, P_012899=180, P0207B=179, P0207A=177, P_018639=152, P_008646=181, P_008640=182, BCGB=180, WZFE=178, P_018645=179, KRJP=180, KAYP=105, P_011699=43, P_011579=122, CSSK=176, P_008632=179, P_007783=175, P_016909=181, P_008631=40, P_019187=177, P_019185=171, Sdec=15, P_019189=162, P_012791=182, P_012793=181, P_012795=178, Asie=146, P_011465=182, P_018779=111, P_012797=180, P_011587=115, P_012799=180, GAP_80417=83, WIGA=174, P_007802=133, GAP_79804=138, P_012841=178, P_011631=117, P_012843=181, Pcol=154, P_012845=181, P_012847=177, P_011637=178, P_011759=155, P_012849=177, Apet=84, OBPL=180, P0110C=169, P0110B=127, P_018831=178, YZRI=180, P_012851=179, P_012853=181, P_011643=180, P_011523=182, P_012855=175, P_012857=179, P_011647=166, P_011527=109, P_012859=178, WAIL=179, P_016789=178, P_012861=182, P_011651=156, P_016787=180, P_011531=134, P_012863=181, P_012865=176, Schi=140, P_012867=180, P_011657=157, P_011537=123, P_012869=182, P_016793=179, P_016791=179, P_016797=181, SJEV=178, P_016795=177, P_012871=178, P_012873=181, P_016799=182, P_012875=182, P_012877=180, P_012879=179, P_011549=169, P_007844=97, P_007845=4, S02=148, P_012921=156, S04=29, P_012801=180, S03=174, P_012923=181, P_011713=91, P_012803=181, P_012925=180, P_011715=144, S08=101, P_012805=179, P_007843=150, P_012927=181, P_012807=181, P_011719=2, P_012809=176, VYLQ=181, DHPO=180, GAP_80390=166, P2622=134, P2623=48, GAP_80394=182, XQWC=181, GAP_80393=182, GAP_80395=182, GAP_80397=180, P_012931=181, P_012811=180, WPHN=178, P_012933=176, P_012813=179, P_012935=178, P_012815=179, P_012937=180, P_012817=181, P_011607=3, P_012939=177, P_012819=181, P_011609=91, P2619=95, OSHQ=176, GAP_80389=177, P_012941=179, P_012821=180, P_011611=27, P_012823=182, P_011613=19, P_011735=179, P_012825=181, S27=121, P_012827=158, P_011739=149, P_012829=143, Dhai=174, P0104A=150, P_012831=176, P_011501=182, P_012833=181, GAP_81226=180, GAP_81227=180, P_011745=154, P_012835=182, S38=24, P_012837=182, P_012839=180, P_011509=181}
Number of gene trees: 182
182 trees have missing taxa
Calculating quartet distance matrix (for completion of X)
Species tree distances calculated ...
Will attempt to complete bipartitions from X before adding using a distance matrix.
Building set of clusters (X) from gene trees 
------------------------------
gradient0: 21739
Number of Clusters after addition by distance: 21739
calculating extra bipartitions to be added at level 1 ...
Adding to X using resolutions of greedy consensus ...
Limit for sigma of degrees:6125
polytomy size limit : 23
discarded polytomies:  [3, 3, 3, 3, 3, 3, 3, 3, 3, 3, 3, 3, 3, 3, 3, 3, 4, 4, 4, 4, 4, 4, 4, 4, 4, 4, 4, 4, 4, 4, 4, 4, 4, 4, 5, 5, 6, 6, 6, 6, 7, 7, 8, 8, 9, 12, 13, 13, 13, 14, 23]
Threshold 0.0:
polytomy of size 4; rounds with additions with at least 5 support: 0; clusters: 21755
Threshold 0.01:
polytomy of size 5; rounds with additions with at least 5 support: 3; clusters: 21775
Threshold 0.02:
polytomy of size 7; rounds with additions with at least 5 support: 1; clusters: 21861
polytomy of size 4; rounds with additions with at least 5 support: 0; clusters: 21861
Threshold 0.05:
polytomy of size 9; rounds with additions with at least 5 support: 0; clusters: 21865
polytomy of size 4; rounds with additions with at least 5 support: 0; clusters: 21865
Threshold 0.1:
polytomy of size 4; rounds with additions with at least 5 support: 0; clusters: 21865
polytomy of size 4; rounds with additions with at least 5 support: 0; clusters: 21865
polytomy of size 3; rounds with additions with at least 5 support: 0; clusters: 21865
polytomy of size 13; rounds with additions with at least 5 support: 0; clusters: 21865
polytomy of size 3; rounds with additions with at least 5 support: 0; clusters: 21865
polytomy of size 4; rounds with additions with at least 5 support: 0; clusters: 21865
polytomy of size 6; rounds with additions with at least 5 support: 1; clusters: 21867
polytomy of size 3; rounds with additions with at least 5 support: 0; clusters: 21867
Threshold 0.2:
polytomy of size 3; rounds with additions with at least 5 support: 0; clusters: 21867
polytomy of size 4; rounds with additions with at least 5 support: 0; clusters: 21867
polytomy of size 3; rounds with additions with at least 5 support: 0; clusters: 21867
polytomy of size 4; rounds with additions with at least 5 support: 0; clusters: 21867
polytomy of size 7; rounds with additions with at least 5 support: 0; clusters: 21871
polytomy of size 4; rounds with additions with at least 5 support: 0; clusters: 21871
polytomy of size 13; rounds with additions with at least 5 support: 0; clusters: 21873
polytomy of size 3; rounds with additions with at least 5 support: 0; clusters: 21873
polytomy of size 4; rounds with additions with at least 5 support: 0; clusters: 21873
polytomy of size 3; rounds with additions with at least 5 support: 0; clusters: 21873
polytomy of size 4; rounds with additions with at least 5 support: 0; clusters: 21873
polytomy of size 4; rounds with additions with at least 5 support: 0; clusters: 21873
polytomy of size 3; rounds with additions with at least 5 support: 0; clusters: 21873
polytomy of size 6; rounds with additions with at least 5 support: 0; clusters: 21877
polytomy of size 12; rounds with additions with at least 5 support: 2; clusters: 21881
Threshold 0.3333333333333333:
polytomy of size 13; rounds with additions with at least 5 support: 0; clusters: 21881
polytomy of size 6; rounds with additions with at least 5 support: 0; clusters: 21881
polytomy of size 14; rounds with additions with at least 5 support: 0; clusters: 21883
polytomy of size 4; rounds with additions with at least 5 support: 0; clusters: 21883
polytomy of size 4; rounds with additions with at least 5 support: 0; clusters: 21883
polytomy of size 3; rounds with additions with at least 5 support: 0; clusters: 21883
polytomy of size 3; rounds with additions with at least 5 support: 0; clusters: 21883
polytomy of size 3; rounds with additions with at least 5 support: 0; clusters: 21883
polytomy of size 3; rounds with additions with at least 5 support: 0; clusters: 21883
polytomy of size 4; rounds with additions with at least 5 support: 0; clusters: 21883
polytomy of size 6; rounds with additions with at least 5 support: 0; clusters: 21883
polytomy of size 4; rounds with additions with at least 5 support: 0; clusters: 21883
polytomy of size 3; rounds with additions with at least 5 support: 0; clusters: 21883
polytomy of size 5; rounds with additions with at least 5 support: 0; clusters: 21883
polytomy of size 3; rounds with additions with at least 5 support: 0; clusters: 21883
polytomy of size 4; rounds with additions with at least 5 support: 0; clusters: 21883
polytomy of size 3; rounds with additions with at least 5 support: 0; clusters: 21883
polytomy of size 4; rounds with additions with at least 5 support: 0; clusters: 21883
polytomy of size 8; rounds with additions with at least 5 support: 0; clusters: 21885
polytomy of size 3; rounds with additions with at least 5 support: 0; clusters: 21885
polytomy of size 8; rounds with additions with at least 5 support: 0; clusters: 21885
polytomy of size 23; rounds with additions with at least 5 support: 0; clusters: 21901
max k is :6
Number of Clusters after addition by greedy: 21901
gradient0 in heuristiic: 21901
partitions formed in 19.326 secs
Dynamic Programming starting after 19.327 secs
Using tree-based weight calculation.
Using polytree-based weight calculation.
Polytree max score: 12780625163
Polytree building time: 0.236 seconds.
Number of quartet trees in the gene trees: 12780625163
Size of largest cluster: 243
Greedy score: 11575437885
estimationFactor: 1.1041159125013955
Sub-optimal score: 12028657984
Total Number of elements weighted: 63278
Normalized score (portion of input quartet trees satisfied before correcting for multiple individuals): 0.9481910704245571
Optimization score: 12118474654
Optimal tree inferred in 89.306 secs.
(P_016789,(S27,(S04,(S38,(((P_014099,S03),(P_016791,(P_016787,S02))),((S08,P_014095),(P_018693,((P_016793,(P_006422,P_016795)),((P_007845,(P_016797,(OBPL,(P_016799,GAP_80397)))),(P_018691,(((P_018639,P_018779),(P_018695,(P_018645,P_018783))),(((P2623,(P2622,(P0110C,(XQWC,(P0207A,((P0110B,P0207C),(P0207B,(P0206H,P0206G)))))))),((DHPO,GAP_80322),((P_012941,P_012795),((P_012861,((P_012855,(P_012827,P_007802)),((P_018637,P_012813),(P_012921,P_012919)))),(((P_012797,(P_012841,((P_012877,P_012913),(P_012811,(P_012895,P_012891))))),((((P_012815,P_012903),(P_012857,(P_012883,P_012925))),(P_012875,((P_012831,P_012905),(P_012901,(P_012851,P_012887))))),(P_018689,((P_012885,(GAP_80294,P_006420)),(P_012859,(((P_012881,P_012873),(P_012889,(P_012907,GAP_80291))),((P_012897,(GAP_80293,P_012893)),((P_012911,(P_012917,P_012821)),((P_012863,P_006418),(P_012793,(GAP_80292,P_006419))))))))))),((P_012867,((P_012899,P_012817),(P_012847,P_012923))),(P_012843,(((P_012937,(P_006421,P_012939)),(P_012803,(P_012853,(P_012829,P_012837)))),(((P_012801,(P_012879,P_012809)),(P_012839,(P_012805,(P_012825,(YZRI,P_012799))))),((P_012909,(((P_012807,P_012845),(P_012849,P_012871)),(P_012865,(P_012931,(P_012933,P_012935))))),((GAP_81172,P_012833),((P_012927,(GAP_80295,PSJT)),((P_012915,P_012791),(P_012869,(P_012823,(P_012819,P_012835)))))))))))))))),(((P0203H,((P_016909,WZFE),(P0109B,(P_018831,OSHQ)))),(((SJEV,(P_019193,(Wsal,P_019187))),(P_016921,(GAP_81227,(WKSU,(Pcol,(P_006410,GAP_81226)))))),(((P_025527,(P_025525,P_025523)),((Asie,QDVW),(P_019189,(P_019197,PAWA)))),(((P2589,OPDF),(CSSK,P_019185)),((P_019191,P_019199),(GAP_80417,(P2590,GAP_79804))))))),(WPHN,(P_011613,(((P_011609,(P2619,Sdec)),(MAQO,(WAIL,(P_011527,((GAP_80298,P_014077),(GAP_80297,P_014083)))))),(((GAP_79862,P_011587),(P_014081,(P0104A,P_008647))),(((KRJP,(P_011549,GAP_80395)),((P_011643,(P_011657,(P_011509,P_011651))),((GAP_80393,GAP_80394),((P_011647,(P_011465,(P_011501,(P_011523,(P_011489,P_011487))))),((P_011637,P_011551),((P_011631,P_007844),(P_007843,(P_007783,P_006414)))))))),((P_011531,(P_011699,(P_006411,Schi))),(VYLQ,(P_018635,(P_008631,(P_011709,((P_011579,(P_008632,P_011671)),(P_011713,(((KAYP,(BCGB,ABSS)),(P_011705,(WIGA,(Dhai,(Apet,Msal))))),(P_006413,((P_016813,(P_011679,((GAP_80389,GAP_80390),(P_008646,(P_006412,P_008640))))),((P_011673,((P_011537,P_011607),(P_011701,(P_011739,P_011677)))),(P_011759,((P_011681,P_011719),((P_011735,P_011675),(P_011715,(P_011745,(P_011611,P_014073)))))))))))))))))))))))))))))))))));
Final quartet score is: 12118474654
Final normalized quartet score is: 0.9481910704245571
You may want to ignore posterior probabilities and other statistics related to the following branch branch because the effective number of genes impacting it is only 2:
	{P_025525, P_025523}
You may want to ignore posterior probabilities and other statistics related to the following branch branch because the effective number of genes impacting it is only 11:
	{P_025525, P_025527, P_025523}
You may want to ignore posterior probabilities and other statistics related to the following branch branch because the effective number of genes impacting it is only 12:
	{P_019191, P_019199}
You may want to ignore posterior probabilities and other statistics related to the following branch branch because the effective number of genes impacting it is only 9:
	{P2619, Sdec}
You may want to ignore posterior probabilities and other statistics related to the following branch branch because the effective number of genes impacting it is only 3:
	{P_011537, P_011607}
You may want to ignore posterior probabilities and other statistics related to the following branch branch because the effective number of genes impacting it is only 4:
	{P_011739, P_011677}
You may want to ignore posterior probabilities and other statistics related to the following branch branch because the effective number of genes impacting it is only 6:
	{P_011701, P_011739, P_011677}
You may want to ignore posterior probabilities and other statistics related to the following branch branch because the effective number of genes impacting it is only 1:
	{P_011681, P_011719}
You may want to ignore posterior probabilities and other statistics related to the following branch branch because the effective number of genes impacting it is only 2:
	{P_011611, P_014073}
You may want to ignore posterior probabilities and other statistics related to the following branch branch because the effective number of genes impacting it is only 7:
	{Apet, P_011701, P_008632, P_011671, P_011673, P_011735, P_011715, P_006413, P_011713, P_016813, WIGA, P_008646, GAP_80389, GAP_80390, P_006412, P_008640, P_011745, P_011739, P_011679, BCGB, ABSS, Dhai, KAYP, P_011705, P_011681, P_011537, P_011759, P_011675, P_011677, P_011579, Msal, P_011611, P_014073, P_011607, P_011719}
You may want to ignore posterior probabilities and other statistics related to the following branch branch because the effective number of genes impacting it is only 2:
	{Apet, P_011701, P_008632, P_011671, P_011673, P_011735, P_011715, P_006413, P_011713, P_016813, WIGA, P_008646, GAP_80389, GAP_80390, P_006412, P_008640, P_011745, P_011739, P_011679, BCGB, ABSS, Dhai, KAYP, P_011705, P_011681, P_011537, P_011759, P_011675, P_011677, P_011579, Msal, P_011611, P_011709, P_014073, P_011607, P_011719}
You may want to ignore posterior probabilities and other statistics related to the following branch branch because the effective number of genes impacting it is only 19:
	{Apet, WAIL, MAQO, KRJP, VYLQ, P_011699, P_011527, GAP_80298, GAP_80297, P_011657, P_011643, P_011509, P_011651, P_011647, P_011637, P_007783, P_011551, P_007843, P_006414, P_011489, P_011487, P_011523, P_011501, P_011465, GAP_80393, GAP_80394, P_006411, P_011549, GAP_80395, P_014081, P0104A, P_008647, GAP_79862, P_011701, P_008632, P_011671, P_011673, P_011735, P_011715, P_006413, P_011713, P_016813, WIGA, P_008646, GAP_80389, GAP_80390, P_006412, P_008640, P_011745, P_011739, P_011679, BCGB, ABSS, Dhai, KAYP, P_011705, P_011681, P_011537, P_011759, P_011675, P_008631, P_018635, P_011677, Schi, P_011531, P_011587, P_011631, P_014077, P_014083, P2619, P_011579, Msal, P_007844, P_011609, P_011611, P_011709, Sdec, P_014073, P_011607, P_011719}
You may want to ignore posterior probabilities and other statistics related to the following branch branch because the effective number of genes impacting it is only 16:
	{Apet, WAIL, MAQO, KRJP, VYLQ, P_011699, P_011527, GAP_80298, GAP_80297, P_011657, P_011643, P_011509, P_011651, P_011647, P_011637, P_007783, P_011551, P_007843, P_006414, P_011489, P_011487, P_011523, P_011501, P_011465, GAP_80393, GAP_80394, P_006411, P_011549, GAP_80395, P_014081, P0104A, P_008647, GAP_79862, P_011701, P_008632, P_011671, P_011673, P_011735, P_011715, P_006413, P_011713, P_016813, WIGA, P_008646, GAP_80389, GAP_80390, P_006412, P_008640, P_011745, P_011739, P_011679, BCGB, ABSS, Dhai, KAYP, P_011705, P_011681, P_011537, P_011759, P_011675, P_008631, P_018635, P_011677, Schi, P_011531, P_011587, P_011631, P_014077, P_014083, P2619, P_011579, Msal, P_007844, P_011609, P_011611, P_011709, P_011613, Sdec, P_014073, P_011607, P_011719}
You may want to ignore posterior probabilities and other statistics related to the following branch branch because the effective number of genes impacting it is only 4:
	{P_016799, GAP_80397, OBPL, P_016797}
You may want to ignore posterior probabilities and other statistics related to the following branch branch because the effective number of genes impacting it is only 4:
	{P_016799, GAP_80397, OBPL, P_016797, P_007845}
You may want to ignore posterior probabilities and other statistics related to the following branch branch because the effective number of genes impacting it is only 9:
	{P_016789, S27, S04}
52.991898211056025 17.005138306445403 1.019817415082836 71.01685393258427 9.993420976240138E-14
159.83076866136076 10.497494880009079 6.340297064690763 176.6685606060606 4.0881006284108654E-57
102.0095630525899 21.989957276327424 18.000479671082687 142.0 2.4634007907088427E-21
114.98017558765223 16.517299159822525 23.502525252525253 155.0 4.2281078781898203E-26
160.87581467788593 10.006870198841032 3.617315123273058 174.5 7.091019062502179E-60
119.98992479824508 15.010335865262025 18.99973933649289 154.0 1.1395654106675545E-30
102.36106571073513 29.531912428864825 19.617213111806315 151.51019125140627 2.7835659211119643E-18
84.38962254986933 67.85123192882087 24.778293949273557 177.01914842796376 1.0704913289729955E-7
102.67747644222499 36.1746684977003 38.651706513843486 177.5038514537688 3.692329482459146E-11
172.57856751185324 1.9859725675611513 3.1843104952982775 177.7488505747127 2.462313371274912E-71
161.61490996287333 4.6200226399715545 9.073432901108701 175.30836550395358 4.2023618560941184E-60
2.0 0.0 0.0 2.0 0.1353352832366126
Not enough genes
Cannot perform polytomy test with effective N (after polytomies) 2.0:
	(P_025525,P_025523):0.6931471805599453;
7.7559127641710575 0.07027123109141925 2.165522437937908 9.991706433200385 0.008742910673477527
Not enough genes
Cannot perform polytomy test with effective N (after polytomies) 9.991706433200385:
	(P_025527,(P_025525,P_025523):0.6931471805599453):0.8174016836531708;
140.49068648814426 0.0 2.509313511855762 143.0 1.2819256731327425E-59
102.50767436417553 20.930623017958187 19.816978249607736 143.25527563174145 3.515632961292015E-21
62.396123440086825 59.18994997402531 34.08102547200163 155.66709888611376 0.009723318746415901
22.6901200614384 12.798520470827617 8.77230515878474 44.26094569105076 0.030910757427442162
15.996429115971239 18.961671304341092 9.852766896135147 44.810867316447485 0.2357303477911923
113.98290671000575 16.036110679853003 21.980982610141254 152.0 1.4188910262063958E-26
62.99436856365608 55.48965641633232 46.5159750200116 165.0 0.29009969055664125
138.2614853195164 13.121848013816924 9.616666666666667 161.0 3.477587655769347E-44
8.988950276243095 1.3333333333333333 1.6777163904235728 12.0 0.009332828561298715
Not enough genes
Cannot perform polytomy test with effective N (after polytomies) 12.0:
	(P_019191,P_019199):0.7704312657944021;
71.00975609756097 3.0 0.9902439024390244 75.0 2.522023923458075E-28
24.470873786407765 3.0 6.529126213592233 34.0 8.323209405847195E-6
33.18126643172792 10.48546480313891 1.390411622276029 45.05714285714286 1.7706919201213793E-8
143.88622315759014 5.301965528979267 10.17589708877349 159.3640857753429 2.73800637881602E-51
147.77892292497168 9.424269402479757 13.886481689144114 171.08967401659555 8.442204344161149E-48
76.35900750594247 54.88206261192127 31.98897947681326 163.23004959467698 1.1753931404065986E-4
9.0 0.0 0.0 9.0 1.2340980408667962E-4
Not enough genes
Cannot perform polytomy test with effective N (after polytomies) 9.0:
	(P2619,Sdec):1.8971199848858815;
52.77552770612472 2.606216233100928 2.337100187661956 57.7188441268876 9.109204307832846E-20
35.0353104351281 19.5152976440308 26.946966464677317 81.49757454383622 0.10882750184263439
105.99368388620725 1.7582414894164655 5.243630790768075 112.9955561663918 3.893055437011704E-41
54.68529060445421 29.49649966314185 24.065817387906336 108.24760765550239 6.127933233090753E-4
55.90293092563659 35.64475823186295 15.201131597217444 106.74882075471699 8.812483861496471E-6
116.8984406204866 6.2525596786466355 52.137743728545836 175.28874402767906 1.0723371263072377E-23
103.6724631554053 5.704049541264308 11.821981851029198 121.1984945476988 4.1827026297264924E-33
46.10896868205842 44.5838199908659 15.115900218284906 105.80868889120921 1.7449544150718166E-4
90.39012424255513 4.215399104589454 9.84993889893015 104.45546224607473 1.0265168618049329E-29
90.0 0.0 1.0 91.0 5.858253922828271E-39
94.99000795386758 3.00531914893617 2.0 99.99532710280374 7.011556643288514E-38
132.50052412939277 10.76646200660567 18.14827052087323 161.4152566568717 2.5091713938533853E-38
143.36619236368892 12.154490495906703 11.257852976105028 166.77853583570067 7.23475411081251E-46
114.59158659326997 50.639687782295994 9.899954562992981 175.13122893855893 1.910689300223299E-21
104.96763324302671 15.112972133469793 16.8881526631535 136.96875803965 7.861964960274722E-26
59.57819155454428 47.97506109647942 39.93896867547238 147.4922213264961 0.13767602434992526
147.45448592497414 12.643580503471718 11.828018587658287 171.92608501610414 6.488482088462328E-47
121.07495882206597 24.39173748613105 27.47668195758843 172.94337826578544 1.7837726977833324E-23
63.03963667558984 54.991594874497125 48.938960986316694 166.97019253640366 0.4069496189364139
63.25687277597498 55.594687592820414 51.53169806718809 170.38325843598346 0.5357051712700528
120.96007151941974 29.868836376284804 21.097389970361448 171.92629786606602 6.71649488766066E-24
127.45152133843473 13.006663907744827 11.597005689623693 152.05519093580327 1.3322498835248333E-38
58.048543289144305 43.4217026887449 40.67233422996076 142.14258020784996 0.15862121414838246
32.73875996367263 18.335351346132484 22.997291582007506 74.07140289181262 0.11217743939891404
30.639570293721516 21.639501643268286 14.05813184202595 66.33720377901575 0.04433112648149724
53.75489507794069 45.95113450510273 40.26240641269489 139.9684359957383 0.3740136432462823
63.68692277152811 19.558188779027322 37.068842246352915 120.31395379690835 4.4997015703123255E-6
44.874753647631 40.51894930989592 41.567572192270624 126.96127514979756 0.8850384320964279
78.44227206456864 34.22005515649774 47.390019049227526 160.05234627029392 6.356898623069521E-5
129.9038994252504 16.0923863632907 23.565676173676525 169.56196196221762 7.229523868012359E-32
60.41892067353016 44.021678109731674 61.11170146437745 165.55230024763927 0.18349051757092363
166.2778845691614 4.584334552167373 4.659231503305771 175.52145062463453 2.1857495889193082E-65
150.19165368121443 10.089375274410251 9.097045871574238 169.37807482719893 2.0515967076636622E-51
29.05401583710407 2.0048076923076925 6.9411764705882355 38.0 7.683192727242125E-8
21.970443349753694 13.529556650246306 2.5 38.0 5.387345837946055E-4
118.42885791363207 4.91116541382654 5.823680411118858 129.16370373857745 1.0405598948495295E-43
31.914104244525834 25.0520425119435 18.003084012761434 74.96923076923076 0.1442690152247124
102.52738244399472 8.67818955717162 9.064283586039874 120.26985558720622 2.1173978392918207E-32
60.00866763767446 15.015497995201663 10.216274207271432 85.24043984014756 2.9402115260142E-12
40.27020792893897 27.582830119947133 20.570731717049252 88.42376976593536 0.03395828679230701
25.964243844020203 23.092139304471065 16.959562746317403 66.01594589480867 0.3823389651394423
65.61473362386992 44.64767523503913 32.560689995953446 142.8230988548625 0.0028077015708961517
37.15711500912076 23.93234853313261 8.328889612189586 69.41835315444295 1.2349996865937247E-4
30.285278981141825 31.210585041226594 6.957783125255415 68.45364714762384 2.5421541895729113E-4
78.04973552056619 21.75077728513304 50.85434606024721 150.65485886594644 1.3952542305604613E-7
136.4316620174145 7.220027943636484 6.2896099556246075 149.9412999166756 1.956636164320691E-49
124.24593866497716 18.873391750760536 14.985735150840231 158.10506556657793 2.1560954635358234E-32
64.35325218278108 35.01869635653196 41.05482659772882 140.42677513704186 0.005937897875688677
42.215678161628226 38.98531657298746 23.90775655313787 105.10875128775355 0.06551336223490214
40.051644969372816 38.00687424890589 16.56189809232086 94.62041731059956 0.004663658412268187
72.65688808940664 21.46929708797008 27.43705626449707 121.56324144187379 4.011748597661486E-9
1.0 1.0 1.0 3.0 1.0
Not enough genes
Cannot perform polytomy test with effective N (after polytomies) 3.0:
	(P_011537,P_011607):0.0;
3.0 0.03535353535353535 0.07575757575757576 3.111111111111111 0.06159960042601043
Not enough genes
Cannot perform polytomy test with effective N (after polytomies) 3.111111111111111:
	(P_011739,P_011677):0.9028677115420147;
2.0710659898477157 2.452902379225802 0.017766497461928935 4.541734866535447 0.3220601703082208
Not enough genes
Cannot perform polytomy test with effective N (after polytomies) 4.541734866535447:
	(P_011701,(P_011739,P_011677):0.9028677115420147):0.062495161197808284;
33.95904377407243 25.07426741293122 13.579881288266778 72.61319247527042 0.01339247670197352
36.553435715139486 34.98135935814902 22.843804906055002 94.3785999793435 0.16707498387630318
0.9949748743718593 0.005025125628140704 0.0 1.0 0.373439085486007
Not enough genes
Cannot perform polytomy test with effective N (after polytomies) 1.0:
	(P_011681,P_011719):0.28266953062823674;
133.94009611949423 8.549211085819707 11.66651801109634 154.15582521641028 6.007161532840301E-44
2.0 0.0 0.0 2.0 0.1353352832366126
Not enough genes
Cannot perform polytomy test with effective N (after polytomies) 2.0:
	(P_011611,P_014073):0.6931471805599453;
12.944782810933715 6.9719430517855905 1.1035515615247637 21.020277424244068 0.006717971970327755
53.54191922354918 31.89486841143342 27.455638341048438 112.89242597603105 0.005647230274969972
37.81173312891891 37.250001420174975 10.86732657035628 85.92906111945017 2.5445815773436734E-4
32.93727682407196 33.20806167676185 11.335714133819021 77.48105263465284 0.00224530669734752
53.97182115765827 38.59798632807062 32.15260030090346 124.72240778663235 0.04867366140042356
118.72142173148247 10.969075267325058 14.143776585101673 143.8342735839092 8.818599404118243E-35
59.529368723218866 32.91558114704751 40.58113017307632 133.0260800433427 0.014514728825215976
62.96796843696267 31.016806821144293 47.792234382943086 141.77700964105006 0.004494290108659709
27.016830872116387 23.007629378771455 21.762217763984705 71.78667801487255 0.7297375451575558
58.31459266941109 14.299535217327717 10.84957247119601 83.46370035793483 1.167522087678076E-11
6.038989441930618 0.0 0.045412267471091006 6.0844017094017095 0.002607973645394128
Not enough genes
Cannot perform polytomy test with effective N (after polytomies) 6.0844017094017095:
	((P_011579,(P_008632,P_011671):0.13942156661524302):1.461760926264077,(P_011713,(((KAYP,(BCGB,ABSS):0.7847027436778524):0.19297210710652404,(P_011705,(WIGA,(Dhai,(Apet,Msal):0.08463318348738205):0.20374234199946525):0.3445961199671425):0.167324987916963):0.31742753152975534,(P_006413,((P_016813,(P_011679,((GAP_80389,GAP_80390):1.9366127995227453,(P_008646,(P_006412,P_008640):1.1127846716873047):0.20155717499090361):0.1017884618905341):0.13729986440705322):0.49301372898486495,((P_011673,((P_011537,P_011607):0.0,(P_011701,(P_011739,P_011677):0.9028677115420147):0.062495161197808284):0.2131635714755029):0.07781939927684321,(P_011759,((P_011681,P_011719):0.28266953062823674,((P_011735,P_011675):1.5842219826767923,(P_011715,(P_011745,(P_011611,P_014073):0.6931471805599453):0.4809207403367142):0.22961991859526207):0.1654154037316519):0.1387181506780106):0.15541522499558993):1.3076974385823417):0.18181431903733253):0.17618213558968138):0.05844232106977218):0.7670416852765335):1.508018994840249;
1.0 0.9940828402366864 0.005917159763313609 2.0 0.6119058920068069
Not enough genes
Cannot perform polytomy test with effective N (after polytomies) 2.0:
	(P_011709,((P_011579,(P_008632,P_011671):0.13942156661524302):1.461760926264077,(P_011713,(((KAYP,(BCGB,ABSS):0.7847027436778524):0.19297210710652404,(P_011705,(WIGA,(Dhai,(Apet,Msal):0.08463318348738205):0.20374234199946525):0.3445961199671425):0.167324987916963):0.31742753152975534,(P_006413,((P_016813,(P_011679,((GAP_80389,GAP_80390):1.9366127995227453,(P_008646,(P_006412,P_008640):1.1127846716873047):0.20155717499090361):0.1017884618905341):0.13729986440705322):0.49301372898486495,((P_011673,((P_011537,P_011607):0.0,(P_011701,(P_011739,P_011677):0.9028677115420147):0.062495161197808284):0.2131635714755029):0.07781939927684321,(P_011759,((P_011681,P_011719):0.28266953062823674,((P_011735,P_011675):1.5842219826767923,(P_011715,(P_011745,(P_011611,P_014073):0.6931471805599453):0.4809207403367142):0.22961991859526207):0.1654154037316519):0.1387181506780106):0.15541522499558993):1.3076974385823417):0.18181431903733253):0.17618213558968138):0.05844232106977218):0.7670416852765335):1.508018994840249):0.0;
14.48713239068189 12.720584628197468 10.803332704877551 38.01104972375691 0.7649781816064469
93.36415319667772 35.76591084344808 16.479121891939982 145.60918593206577 4.81106696261013E-15
80.58646193861095 58.83554797499997 20.6080222813118 160.0300321949227 3.1169810742797205E-8
124.68500950835379 13.346698848044117 16.17531231388532 154.2070206702832 8.971020464470363E-35
80.32375206209474 31.23560239036418 36.966811588564255 148.52616604102317 4.794176699124731E-7
63.01108289918527 70.8058273513536 14.162089405352084 147.97899965589093 5.0236234486474645E-9
11.82413211940052 3.349991001775022 1.212119740750364 16.386242861925908 0.0031293750150444806
5.903576570638521 3.9735700041796953 5.018643570170288 14.895790144988503 0.8286315784926436
Not enough genes
Cannot perform polytomy test with effective N (after polytomies) 14.895790144988503:
	(P_011613,(((P_011609,(P2619,Sdec):1.8971199848858815):1.885028293951058,(MAQO,(WAIL,(P_011527,((GAP_80298,P_014077):0.1473688298422655,(GAP_80297,P_014083):2.251018809209009):0.28880834715973414):0.32606201542367175):0.6825271629569514):1.481004773646839):0.15963508311752456,(((GAP_79862,P_011587):1.5404269881944725,(P_014081,(P0104A,P_008647):3.4231762883809314):2.4169635400341907):1.2863401744200904,(((KRJP,(P_011549,GAP_80395):1.5220908781949218):0.6460826699300997,((P_011643,(P_011657,(P_011509,P_011651):1.0250205147699278):0.10739752184696108):1.5098350705089596,((GAP_80393,GAP_80394):0.7854585512265392,((P_011647,(P_011465,(P_011501,(P_011523,(P_011489,P_011487):0.06502267157487009):0.05513643735969153):0.7968063574845459):1.3825977884492278):0.11461912814012114,((P_011637,P_011551):0.1674161022109731,((P_011631,P_007844):0.20153551054758584,(P_007843,(P_007783,P_006414):0.07471129440985791):0.3389249903941384):0.02638007956238307):0.26213269930627403):1.028436379145176):0.0451476666020697):2.441327487572627):1.727544671284198,((P_011531,(P_011699,(P_006411,Schi):0.9609276700390781):0.42314607714164487):2.000765118509192,(VYLQ,(P_018635,(P_008631,(P_011709,((P_011579,(P_008632,P_011671):0.13942156661524302):1.461760926264077,(P_011713,(((KAYP,(BCGB,ABSS):0.7847027436778524):0.19297210710652404,(P_011705,(WIGA,(Dhai,(Apet,Msal):0.08463318348738205):0.20374234199946525):0.3445961199671425):0.167324987916963):0.31742753152975534,(P_006413,((P_016813,(P_011679,((GAP_80389,GAP_80390):1.9366127995227453,(P_008646,(P_006412,P_008640):1.1127846716873047):0.20155717499090361):0.1017884618905341):0.13729986440705322):0.49301372898486495,((P_011673,((P_011537,P_011607):0.0,(P_011701,(P_011739,P_011677):0.9028677115420147):0.062495161197808284):0.2131635714755029):0.07781939927684321,(P_011759,((P_011681,P_011719):0.28266953062823674,((P_011735,P_011675):1.5842219826767923,(P_011715,(P_011745,(P_011611,P_014073):0.6931471805599453):0.4809207403367142):0.22961991859526207):0.1654154037316519):0.1387181506780106):0.15541522499558993):1.3076974385823417):0.18181431903733253):0.17618213558968138):0.05844232106977218):0.7670416852765335):1.508018994840249):0.0):0.05873096510573471):0.6074008209441213):0.2885698268420292):1.2208466341256916):0.36497054698974274):0.1443660803168645):0.7342364791004927):0.05878304817514607;
151.46000266488866 4.610355917343267 6.5426775700943365 162.61303615232626 1.4262738582583754E-57
47.091316011193165 43.63297919336852 33.603224881790055 124.32752008635174 0.30595719650997527
79.90406727973775 32.02833924366883 48.080745582639715 160.01315210604628 1.4638394382190755E-5
81.06982416861872 54.630228789508635 33.06317857309853 168.76323153122587 3.440864531284512E-5
67.79575489600639 50.894390826060715 50.80645666081345 169.49660238288055 0.18375819703392457
86.28496356215904 57.51907281257704 30.79249105424991 174.596527428986 1.7888395040879932E-6
107.62575482658545 55.651362325522946 2.7228828478916327 166.00000000000003 2.549420623930868E-22
112.92401285796167 2.7674118995022776 10.308575242536067 126.00000000000001 6.956095584132484E-40
21.480082653725265 2.440147331713112 19.956547265746458 43.87677725118483 4.7414992818431504E-4
21.924816735186734 6.899159558371077 14.27164970835947 43.09562600191728 0.019652031768004733
168.0608168915912 4.8848820369104 2.1003286283303995 175.046027556832 6.2027542070524206E-68
174.92248062015503 0.15891472868217055 0.9186046511627907 176.0 9.131435472327092E-76
110.03879306001016 1.984375 7.976831939989834 120.0 9.067478193059177E-41
136.48044840357372 7.75 17.269551596426286 161.5 3.081230199125313E-42
113.0151007563068 32.494949494949495 25.48994974874372 171.0 9.473351325872324E-19
147.99494949494948 2.005050505050505 4.0 154.0 5.073419058053235E-60
164.32823129251702 2.8333333333333335 4.83843537414966 172.0 9.011235910390053E-66
171.7976119188569 3.73043541108775 1.4495868333160389 176.97763416326066 5.380557550123495E-71
74.3820237467309 37.97118193739748 57.658992087285945 170.01219777141432 0.00284725418503875
144.22442136383086 12.656709235843705 6.1239007227740085 163.00503132244856 2.999785469698964E-49
97.98088557474486 38.01416538847503 39.00020970028723 174.9952606635071 1.6593613238858497E-9
162.98470138188185 5.250392050895353 8.513710394974009 176.7488038277512 1.2734491904307033E-60
160.23047488338125 2.4081603004762075 11.784086232302702 174.42272141616016 2.8018736579251533E-59
94.95121163379652 44.183731757805774 32.9071554999593 172.04209889156158 5.342585227407614E-9
64.3053082009973 57.47293971158639 48.95227725375044 170.73052516633413 0.35357993886916866
143.46946179340915 14.290842816065332 11.116562435101555 168.87686704457602 1.0137538445749869E-44
171.20619610260107 3.0363844012177585 0.9147996553209824 175.15738015913982 9.606904057276956E-72
54.4787107224591 47.63453932520126 52.16438089077149 154.27763093843186 0.7900386542292805
52.09405520000113 50.533690742255686 49.47853689521728 152.10628283747408 0.9664260095288649
95.05906958311198 35.36249125465985 37.227626284397196 167.64918712216902 1.1161399041485316E-9
173.85078210724103 1.8852320533312568 3.2449108652046967 178.980925025777 6.40469187921475E-72
61.44706489596367 56.51620070643008 50.9184525272894 168.88171812968315 0.6108228965528956
77.53883449352139 45.16278683842641 43.48311817107837 166.18473950302618 0.0012918260826613236
118.80214698106926 21.880929450363265 20.74494460415656 161.42802103558907 2.67988823369632E-26
100.1003411766892 22.220703991755055 31.821563098384033 154.1426082668283 5.731169106242839E-16
86.10444161098849 2.0714700808448194 5.614560878012103 93.7904725698454 4.1902850636904695E-32
44.136906919127235 37.99856649464195 36.50138770394697 118.63686111771614 0.6610271379596457
123.08426958354075 12.549938893891566 10.811976050246123 146.44618452767844 1.5440162679894999E-37
50.86156041886869 28.589444960588157 34.86339247241232 114.31439785186916 0.031389194651333135
40.36705205511243 40.761833121720954 34.11983461576814 115.24871979260153 0.6967064670892253
41.730776881851234 38.41844054412087 31.478837345607385 111.62805477157949 0.47920767922174334
160.08661517154275 4.936103959667371 4.876113839326297 169.89883297053643 2.7816171320481143E-62
44.26127232576254 34.48664049056284 33.102427329614905 111.8503401459403 0.37072120687802046
153.0354354238666 6.995097939166528 8.058500936984492 168.08903430001763 1.965089456094342E-55
115.50156337394203 13.402360823496755 11.40534098628192 140.3092651837207 1.232345929831694E-33
45.89507433033744 33.19440102054922 36.13994816317463 115.2294235140613 0.31647446212162406
169.01238688608376 0.06503038523641422 2.8829054049954888 171.96032267631566 1.244441173185618E-71
63.12065481760231 30.887787739555282 33.49406026256267 127.50250281972026 5.298417123231979E-4
45.10978053352025 25.074307136342885 37.79011561938813 107.97420328925126 0.0575140521556492
38.28406601750276 30.734924934017357 35.30824116580111 104.32723211732123 0.6598066549578763
39.581918957148304 37.27118137659115 30.70129010418086 107.55439043792032 0.5531576321521969
46.819538442614295 29.054961654299596 34.198602940685504 110.0731030375994 0.10256713365713761
42.17901661483049 34.64961973343562 41.13747540447497 117.96611175274109 0.6548855073752375
145.41129283043054 11.536759289536887 6.47883011669131 163.42688223665874 3.2004649601102472E-50
132.91472941996142 17.609015724034723 13.470939055543203 163.99468419953934 3.032955998955275E-37
168.263495954069 5.048283755627891 2.3983984781367482 175.71017818783363 1.1770497252298429E-67
167.01384650675863 2.9012727612968505 4.467873715694119 174.38299298374957 3.6198171498722085E-67
157.00581065043394 10.989155795131158 11.005033554434924 179.0 1.889677600353874E-52
170.5 1.0 3.5 175.0 5.454269767025442E-71
134.5 23.002450980392155 21.0 178.50245098039215 1.5879551099074235E-31
177.17143996342713 0.7509107964173323 2.067716864838534 179.990067624683 2.8666906244124703E-75
155.0 6.0 14.0 175.0 5.052418661699829E-53
177.99470899470901 0.9008954008954009 0.005494505494505495 178.90109890109892 3.014486503441693E-77
117.20599840647897 9.049098780923487 13.80654553859386 140.0616427259963 1.7911653030194483E-35
59.96773790380865 55.55475174121386 55.38247853253043 170.90496817755295 0.8881887975733146
84.26541657761449 47.77099235011741 40.73234089235368 172.76874982008556 7.618319709666856E-5
76.91991255183225 49.966424396667264 40.07832657748695 166.96466352598645 0.0014546041769641753
173.0047393364929 0.995260663507109 0.0 174.0 5.272927039840869E-75
122.45606534550593 22.95463228407424 28.425720385901926 173.83641801548208 3.554637907296223E-24
141.04370094067886 32.746171606793745 3.101806772296594 176.8916793197692 1.4643036538040679E-39
76.62670786939259 39.79160808092668 60.682839154493806 177.10115510481307 0.003087096414754274
70.83904095538982 42.07922241945527 62.44201269031918 175.36027606516427 0.02371447329256334
127.29240151864877 22.12921966628213 28.752103429189024 178.17372461411992 4.304913305498027E-26
151.591300712344 13.471772358363312 14.502919528653116 179.56599259936044 1.5945960300051018E-46
104.35936781510435 36.67683762296947 35.95961650431012 176.99582194238394 4.359291899960057E-12
156.52896679725518 7.505177014013238 9.965856188731609 174.0 2.9510193333921625E-55
114.36644094209883 31.943756868131867 31.56626417807339 177.8764619883041 2.172755011953243E-17
167.99502487562188 2.036697247706422 3.9682778766716877 174.0 1.114426831874381E-68
163.44125022262295 5.039625759745584 3.058947571686526 171.53982355405506 4.695034557527716E-65
98.25438596491227 35.583333333333336 35.7691911704143 169.60691046865992 9.388393899824951E-11
170.64526327243294 2.6918203788851627 4.862607787226662 178.19969143854476 1.3484719619556693E-68
59.43860567403927 59.02339381811592 54.08263700737653 172.54463649953175 0.8569587430197596
175.75991161835773 1.904931669637552 2.5895426769170116 180.2543859649123 2.8969293698984805E-73
79.1064099708198 24.793558243723837 65.06737250123233 168.96734071577595 7.433655632399354E-7
162.01456705757326 2.314747645683112 16.000126235870383 180.32944093912675 2.4554518866124596E-57
79.53236561535213 52.22614798305429 47.26287677592513 179.02139037433153 0.006347562130683512
60.95704728543689 59.005711753005656 54.04690419136355 174.0096632298061 0.8034802474213216
133.50324225324226 25.494505494505496 21.002304147465438 180.00005189521318 4.3035423941029885E-30
178.3356487344889 1.6440972222222223 1.6869207099555037 181.66666666666663 2.4177514808100015E-75
161.72280628211868 10.243172142312044 9.711457374103945 181.67743579853467 9.0129852952533E-56
79.02514168766783 60.130737069906466 39.04685993123671 178.202738688811 0.0011905760754895133
173.61360483313686 2.329105743120793 4.503312423170588 180.44602299942827 1.878471195895063E-70
165.5288689943024 4.035253482851014 6.632522791075673 176.19664526822908 5.420515103143092E-64
163.9196146566758 5.395826753123345 4.208611952363952 173.5240533621631 4.273864991170881E-64
74.43153356648963 45.72733836866595 44.65917674530051 164.81804868045612 0.005560968334995278
142.80234255128306 13.473637929020613 10.814792339669701 167.09077281997338 4.1177362471356334E-45
148.39712317393975 12.138631958856598 11.618730462479618 172.15448559527596 9.619901798732527E-48
87.91350915505456 35.659647671069294 43.94001848449221 167.51317531061605 7.328337716358671E-7
155.4303801267352 6.873612513607452 11.58620215531588 173.89019479565852 3.757801775207522E-54
177.60682861837128 1.1298974317220085 0.3984987089411899 179.1352247590345 1.514143813189505E-76
111.34941834510285 13.001123696090986 50.063949466773856 174.41449150796768 3.72796627114908E-19
113.54537037134789 12.637441867721583 45.972096361443285 172.15490860051275 9.893012367801709E-21
48.91567818275607 18.703172251504466 19.475660857189173 87.0945112914497 3.6456252929793705E-5
81.07695003046624 45.62205268298671 45.94696634059868 172.64596905405165 7.354924576444046E-4
90.30529685599167 44.66462957741828 26.560325197205493 161.53025163061545 1.9795668675523684E-9
89.82558784237867 55.23837180462926 12.79315804509811 157.85711769210604 5.168696293273965E-13
86.52522660382255 65.13696870180344 25.186060355115785 176.84825566074176 7.221997587974206E-8
125.46859339125149 46.07474611837384 5.837237915645979 177.3805774252713 6.04326570423936E-28
2.0 1.064516129032258 0.6236559139784946 3.6881720430107525 0.6691149369839461
Not enough genes
Cannot perform polytomy test with effective N (after polytomies) 3.6881720430107525:
	(P_016797,(OBPL,(P_016799,GAP_80397):0.26106259150377914):0.8098243806828263):0.1507162173786235;
1.6885240401447077 1.2797496790757381 0.45284552845528453 3.42111924767573 0.7064426741480351
Not enough genes
Cannot perform polytomy test with effective N (after polytomies) 3.42111924767573:
	(P_007845,(P_016797,(OBPL,(P_016799,GAP_80397):0.26106259150377914):0.8098243806828263):0.1507162173786235):0.07567599627397349;
100.8764775846363 27.955768328523664 34.65980707325721 163.49205298641718 1.1328678691991852E-13
103.2354534378474 25.626016467248096 26.84048332372764 155.70195322882313 2.873411139001831E-17
29.699150799223588 0.8670460922177006 4.337288057860858 34.90348494930215 5.644040755622732E-10
161.41803848905477 2.406782219312371 5.236100930174226 169.06092163854134 1.5223341306429995E-64
141.0042837571291 2.941577924461753 0.08836264120795245 144.0342243227988 2.059196566118377E-59
53.740677727620614 47.81010832268954 46.938495029799384 148.48928108010955 0.7582127952646809
50.56905300316461 45.59482737220468 48.34432264616096 144.50820302153028 0.8790683905680827
13.090741166404882 6.053933378269662 1.9093795093795094 21.054054054054053 0.010535894832911641
3.913550524390759 2.0965736107333752 1.010989010989011 7.021113146113145 0.39891899793392693
Not enough genes
Cannot perform polytomy test with effective N (after polytomies) 7.021113146113145:
	(S04,(S27,P_016789):0.4948914336374498):0.2637822838969893;
10.546015590531761 5.615515765958049 3.267704601272823 19.429235957762632 0.11875379906496883
34.59774021680355 21.631141644758227 26.151277487073255 82.38015934863503 0.20649364235440534
60.48015845412169 14.666014769469138 15.967710682368912 91.11388390595975 1.8689522829047161E-10
63.25273351921215 37.00072303208391 39.40773906068869 139.66119561198477 0.010849785963707772
54.90008745866309 48.90010611259201 41.921749565446625 145.72194313670173 0.41955816925087686
35.169025398260096 24.498063161070853 21.80064176571783 81.46773032504878 0.15876095019336695
30.85155096000169 25.9922172603003 21.999887665919996 78.84365588622198 0.47345136483725603
176.4715524796695 3.6945647677206246 1.263021330536378 181.42913857792652 3.330391313283937E-73
163.20484738746615 5.053643837309143 2.8359336938508344 171.09442491862615 4.064182220093092E-65
116.7986835122961 22.983418093522026 16.355983402833424 156.13808500865156 4.653818443892481E-27
102.39752501499824 6.172961317099 1.246365187360143 109.81685151945737 2.5814651609008817E-39
92.27357691955707 12.229742129409905 8.496680951033035 113.0 1.4922899728628422E-26
53.245535714285715 1.7500543343268753 21.755830405932866 76.75142045454545 3.6281593748890857E-12
Extended species tree:
(P0109B,((P_018831,OSHQ)0:0.9256834895503789,((P_016909,WZFE)0:1.8931353378285813,(P0203H,((((SJEV,(P_019193,(Wsal,P_019187)0:0.8440407278384433)0:0.9303354270438965)0:2.0794972477022204,(P_016921,(GAP_81227,(WKSU,(Pcol,(P_006410,GAP_81226)0:1.0823241258389626)0:0.7067652362045216)0:0.23708023068008732)0:0.45069888222723603)0:2.960771928942271)0:2.079367237194924,(((P_025527,(P_025525,P_025523)NA:0.6931471805599453)NA:0.8174016836531708,((Asie,QDVW)0:3.3089277537863353,(P_019189,(P_019197,PAWA)0:0.8344773744711016)0.00972:0.10248470405279356)0.03091:0.29032125550832466)0.23573:0.024063452968593038,(((P2589,OPDF)0:0.9609729736883743,(CSSK,P_019185)0.2901:0.07173901937405797)0:1.5150324060127764,((P_019191,P_019199)NA:0.7704312657944021,(GAP_80417,(P2590,GAP_79804)0:2.3177834453649457)0.00001:0.7957376113439558)0:0.8690622373590923)0:1.869963837564805)0:1.551631909149191)0.00012:0.21993276934982386,((WPHN,(P_011613,(((P_011609,(P2619,Sdec)NA:1.8971199848858815)0:1.885028293951058,(MAQO,(WAIL,(P_011527,((GAP_80298,P_014077)0.10883:0.1473688298422655,(GAP_80297,P_014083)0:2.251018809209009)0.00061:0.28880834715973414)0.00001:0.32606201542367175)0:0.6825271629569514)0:1.481004773646839)0.00017:0.15963508311752456,(((GAP_79862,P_011587)0:1.5404269881944725,(P_014081,(P0104A,P_008647)0:3.4231762883809314)0:2.4169635400341907)0:1.2863401744200904,(((KRJP,(P_011549,GAP_80395)0:1.5220908781949218)0:0.6460826699300997,((P_011643,(P_011657,(P_011509,P_011651)0:1.0250205147699278)0.13768:0.10739752184696108)0:1.5098350705089596,((GAP_80393,GAP_80394)0:0.7854585512265392,((P_011647,(P_011465,(P_011501,(P_011523,(P_011489,P_011487)0.40695:0.06502267157487009)0.53571:0.05513643735969153)0:0.7968063574845459)0:1.3825977884492278)0.15862:0.11461912814012114,((P_011637,P_011551)0.11218:0.1674161022109731,((P_011631,P_007844)0.04433:0.20153551054758584,(P_007843,(P_007783,P_006414)0.37401:0.07471129440985791)0:0.3389249903941384)0.88504:0.02638007956238307)0.00006:0.26213269930627403)0:1.028436379145176)0.18349:0.0451476666020697)0:2.441327487572627)0:1.727544671284198,((P_011531,(P_011699,(P_006411,Schi)0:0.9609276700390781)0.00054:0.42314607714164487)0:2.000765118509192,(VYLQ,(P_018635,(P_008631,(P_011709,((P_011579,(P_008632,P_011671)0.14427:0.13942156661524302)0:1.461760926264077,(P_011713,(((KAYP,(BCGB,ABSS)0:0.7847027436778524)0.03396:0.19297210710652404,(P_011705,(WIGA,(Dhai,(Apet,Msal)0.38234:0.08463318348738205)0.00281:0.20374234199946525)0.00012:0.3445961199671425)0.00025:0.167324987916963)0:0.31742753152975534,(P_006413,((P_016813,(P_011679,((GAP_80389,GAP_80390)0:1.9366127995227453,(P_008646,(P_006412,P_008640)0:1.1127846716873047)0.00594:0.20155717499090361)0.06551:0.1017884618905341)0.00466:0.13729986440705322)0:0.49301372898486495,((P_011673,((P_011537,P_011607)NA:0.0,(P_011701,(P_011739,P_011677)NA:0.9028677115420147)NA:0.062495161197808284)0.01339:0.2131635714755029)0.16707:0.07781939927684321,(P_011759,((P_011681,P_011719)NA:0.28266953062823674,((P_011735,P_011675)0:1.5842219826767923,(P_011715,(P_011745,(P_011611,P_014073)NA:0.6931471805599453)0.00672:0.4809207403367142)0.00565:0.22961991859526207)0.00025:0.1654154037316519)0.00225:0.1387181506780106)0.04867:0.15541522499558993)0:1.3076974385823417)0.01451:0.18181431903733253)0.00449:0.17618213558968138)0.72974:0.05844232106977218)0:0.7670416852765335)NA:1.508018994840249)NA:0.0)0.76498:0.05873096510573471)0:0.6074008209441213)0:0.2885698268420292)0:1.2208466341256916)0:0.36497054698974274)0:0.1443660803168645)0.00313:0.7342364791004927)NA:0.05878304817514607)0:2.1944601875964294,(((P2623,(P2622,(P0110C,(XQWC,(P0207A,((P0110B,P0207C)0.30596:0.06573285512037706,(P0207B,(P0206H,P0206G)0.00001:0.2802259687387946)0.00003:0.24375404101597092)0.18376:0.1014298920802157)0:0.27059282334787904)0:0.6286681549034019)0:1.794251672358517)0.00047:0.24586058653207715)0.01965:0.2821189600491932,((DHPO,GAP_80322)0:2.6876892090073343,((P_012941,P_012795)0:4.039510048316472,((P_012861,((P_012855,(P_012827,P_007802)0:1.9959630397698722)0:1.4263646537608754,((P_018637,P_012813)0:0.6647479025812352,(P_012921,P_012919)0:2.691328619190783)0:2.587753713233087)0:2.954870912639795)0.00285:0.16537872489900857,(((P_012797,(P_012841,((P_012877,P_012913)0:1.7097298351823373,(P_012811,(P_012895,P_012891)0:0.40809885280022534)0:2.08270750699188)0:2.0409483028302673)0:0.3901964333801287)0.35358:0.0636664766257564,((((P_012815,P_012903)0:1.455964282242198,(P_012857,(P_012883,P_012925)0:3.166285941498928)0.79004:0.026621930491762882)0.96643:0.010425655957845534,(P_012875,((P_012831,P_012905)0:0.42384488932552017,(P_012901,(P_012851,P_012887)0:2.974167700805061)0.61082:0.0434895938732313)0.00129:0.21776679598341359)0:0.9091194321025463)0:0.6307782565145631,(P_018689,((P_012885,(GAP_80294,P_006420)0:1.9844876974531163)0.66103:0.054863839635275885,(P_012859,(((P_012881,P_012873)0:1.3949771004993536,(P_012889,(P_012907,GAP_80291)0.03139:0.17626343057364993)0.69671:0.02109180031920431)0.47921:0.057393691696397076,((P_012897,(GAP_80293,P_012893)0:2.3549298808605883)0.37072:0.09246424848238391,((P_012911,(P_012917,P_012821)0:1.9490272447821033)0:1.29481278330441,((P_012863,P_006418)0.31647:0.09684063058887939,(P_012793,(GAP_80292,P_006419)0:3.3744042538267527)0.00053:0.27023860678007744)0.05751:0.12888363709323084)0.65981:0.04627021011161758)0.55316:0.04807877268187345)0.10257:0.14188626004199345)0.65489:0.03233697528395921)0:1.7517417405920248)0:1.2322167749177844)0:2.6352721418640184)0:2.6369551005782266,((P_012867,((P_012899,P_012817)0:1.6522501957463813,(P_012847,P_012923)0:3.0602707946915624)0:0.9780067996957866)0:3.453085939557969,(P_012843,(((P_012937,(P_006421,P_012939)0:1.7204964492065649)0:4.141730789032896,(P_012803,(P_012853,(P_012829,P_012837)0:1.3717110207532108)0.88819:0.02353843521620644)0.00008:0.25798441562822716)0.00145:0.2069373584316218,(((P_012801,(P_012879,P_012809)0:4.068546165609034)0:0.7998541024931864,(P_012839,(P_012805,(P_012825,(YZRI,P_012799)0:1.1689089574802454)0.00309:0.15707955246366778)0.02371:0.10815160440730844)0:0.8339318935249476)0:1.42420845739788,((P_012909,(((P_012807,P_012845)0:0.4771547659183045,(P_012849,P_012871)0:1.8431171336590213)0:0.6144097261837727,(P_012865,(P_012931,(P_012933,P_012935)0:2.8127002371564367)0:2.5370453384354947)0:0.4523466875769548)0:2.636586607505521)0.85696:0.013841617996289527,((GAP_81172,P_012833)0:3.0906934607987417,((P_012927,(GAP_80295,PSJT)0:0.2208110930444147)0:1.8339749179028757,((P_012915,P_012791)0.00635:0.1775620559772654,(P_012869,(P_012823,(P_012819,P_012835)0.80348:0.022716197459126796)0:0.9323696665187995)0:3.3363952875235032)0:1.7598972422757428)0.00119:0.17610809434807614)0:2.737221811602123)0:2.314964120496309)0:2.3953248063828596)0.00556:0.19032805628437824)0:1.488692050276028)0:1.5395961518914587)0:0.33205432286838166)0:1.7903416575515299)0:3.8606575441773563)0:0.6017872532180621)0:0.6609059125031208,(((P_018639,P_018779)0.00004:0.40480849275939523,(P_018695,(P_018645,P_018783)0.00074:0.2235989398715598)0:0.4056134200373238)0:0.42797670466474336,(P_018691,((P_007845,(P_016797,(OBPL,(P_016799,GAP_80397)0:0.26106259150377914)0:0.8098243806828263)NA:0.1507162173786235)NA:0.07567599627397349,((P_016793,(P_006422,P_016795)0:0.5445388141990256)0:0.6698252202990486,(P_018693,((S08,P_014095)0:1.3501211521822585,(((P_014099,S03)0:2.5739554023167592,(P_016791,(P_016787,S02)0:3.1777530083971017)0.75821:0.04003354213392306)0.87907:0.021531194815463395,(S38,(S04,(S27,P_016789)0.01054:0.4948914336374498)NA:0.2637822838969893)0.11875:0.3206634952178029)0.20649:0.13057529119948785)0:0.663336759347621)0.01085:0.19179291876604398)0.41956:0.0632237955841416)0.15876:0.15045904599941515)0.47345:0.08294615183071807)0:3.0162313257839903)0:2.557698673562446)0:0.9543311371001211)0:2.1718839067052382)0:1.2522041670020312)0:0.7491384301072973));
Weight calculation took 64.63182017 secs
ASTRAL finished in 91.509 secs
