
================== ASTRAL ===================== 

This is ASTRAL version 5.7.7
Gene trees are treated as unrooted
339 trees read from all_bs10.trees
index76
All output trees will be *arbitrarily* rooted at P0109B

======== Running the main analysis
Number of taxa: 244 (244 species)
Taxa: [P_006411, P_011671, P_011679, P_011531, P_008632, P_011677, P_011735, P_011675, P_011759, P_011537, P_011715, P_011739, P_011673, P_011745, P_006412, P_011681, P_008640, GAP_80390, GAP_80389, P_008646, P_006413, P_011713, P_011705, P_016813, GAP_80395, P_011549, P_011501, P_011487, P_011489, P_011523, P_007783, P_006414, P_007843, GAP_80393, GAP_80394, P_011643, P_011509, P_011651, P_011657, P_011647, P_011551, P_007844, P_011637, P_011465, P2619, P_014083, P_018635, GAP_80297, P_014077, GAP_80298, P_011527, P_014081, P0104A, P_008647, SJEV, P_019187, Wsal, P_019193, GAP_81227, Pcol, GAP_81226, P_006410, P_016921, PAWA, P2589, P_019185, GAP_80417, GAP_79804, P2590, P_011699, P_019197, P_019189, GAP_79862, Sdec, P_016909, P_018831, P0109B, S04, P_018783, P_018645, P_018695, P_016793, P_006422, P_016795, P_007845, GAP_80397, P_016799, P_016797, S03, P_014099, P_016791, S02, P_016787, S27, P_016789, P_011579, P_018639, P_025523, P_011701, P_011587, P_018691, P_018693, P_018779, P2622, GAP_80322, XQWC, P0110B, P0110C, P0207A, P0207C, P0206H, P0207B, P0206G, P2623, P0203H, Asie, QDVW, CSSK, OPDF, WKSU, WZFE, KRJP, WAIL, MAQO, BCGB, WIGA, ABSS, Apet, Dhai, VYLQ, WPHN, OBPL, DHPO, YZRI, P_012871, PSJT, P_012795, P_012941, P_011609, P_012855, P_012827, P_007802, P_012813, P_018637, P_012919, P_012921, P_012811, P_012891, P_012895, P_018689, P_012859, P_012793, P_012911, P_012889, P_006420, GAP_80294, GAP_80293, P_012873, GAP_80292, P_006419, P_012881, P_012893, GAP_80291, P_012863, P_012821, P_012917, P_006418, P_012885, P_012897, P_012907, P_012797, P_012857, P_012901, P_012851, P_012887, P_012905, P_012831, P_012875, P_012925, P_012883, P_012815, P_012903, P_012913, P_012877, P_012841, P_012861, P_012867, P_012847, P_012923, P_012817, P_012899, P_012937, P_012939, P_006421, P_012843, P_012829, P_012837, P_012909, P_012927, GAP_80295, GAP_81172, P_012833, P_012791, P_012869, P_012819, P_012823, P_012835, P_012915, P_012807, P_012845, P_012849, P_012931, P_012935, P_012933, P_012865, P_012801, P_012879, P_012809, P_012805, P_012799, P_012825, P_012839, P_012803, P_012853, Schi, S38, P_014095, S08, OSHQ, P_025525, P_008631, Msal, KAYP, P_011631, P_011613, P_019191, P_011719, P_025527, P_014073, P_011709, P_019199, P_011611, P_011607, P_011589]
Taxon occupancy: {P_019193=265, P_019191=107, P_019197=278, OPDF=316, GAP_81172=318, P_018783=318, P_019199=81, Wsal=258, P_016921=319, WKSU=335, P_025523=44, P_025525=79, P_025527=31, P_014073=44, P0203H=185, P_014077=174, QDVW=324, P_011487=318, P_011489=320, P_016813=269, P_006421=307, P_006422=313, P_006420=230, P_006418=301, P_006419=305, P_006414=315, P_014081=203, P_014083=217, P_018689=315, P0206H=282, P0206G=267, Msal=282, P0109B=137, P_006410=306, P_012901=309, P_006411=305, P_006412=313, P_012903=312, P_006413=298, P_012905=319, PAWA=315, GAP_79862=298, P_012907=313, ABSS=332, P_012909=315, P_018691=128, GAP_80291=318, P_018695=305, P_014095=119, GAP_80293=313, P_018693=309, GAP_80292=305, GAP_80295=316, P_014099=313, GAP_80294=304, GAP_80297=316, GAP_80298=311, P_011701=57, P_012911=311, P_012913=256, P_011705=161, P_012915=316, P_012917=293, P_012919=286, P_011709=27, P_011671=164, P_012881=311, P_011551=191, P_011673=244, MAQO=332, P_012883=317, P_011675=280, GAP_80322=321, P_012885=306, P2590=247, P_011677=236, P_012887=311, P_011679=256, P_012889=302, P_008647=291, PSJT=325, P2589=248, P_011681=213, P_012891=298, P_012893=311, P_018637=307, P_012895=305, P_018635=282, P_012897=303, P0207C=292, P0207B=296, P_012899=309, P_018639=282, P0207A=305, P_008646=319, P_008640=317, BCGB=330, WZFE=328, P_018645=313, KRJP=329, KAYP=207, P_011699=149, P_011579=232, CSSK=315, P_008632=312, P_007783=293, P_016909=322, P_008631=51, P_019187=309, P_019185=291, Sdec=58, P_019189=252, P_012791=316, P_012793=308, Asie=251, P_012795=313, P_011465=321, P_018779=241, P_011587=215, P_012797=317, P_012799=315, P_011589=4, GAP_80417=153, WIGA=322, GAP_79804=227, P_007802=256, P_012841=309, P_011631=239, Pcol=256, P_012843=319, P_012845=310, P_011637=315, P_012847=301, P_011759=271, P_012849=298, Apet=139, OBPL=331, P0110C=276, P_018831=310, P0110B=191, YZRI=329, P_012851=311, P_011643=329, P_012853=311, P_011523=321, P_012855=297, P_011647=280, P_012857=310, P_011527=169, P_012859=298, WAIL=334, P_016789=310, P_011651=275, P_012861=303, P_011531=240, P_016787=315, P_012863=311, P_012865=304, Schi=254, P_011657=269, P_012867=314, P_011537=220, P_012869=307, P_016793=312, P_016791=321, P_016797=318, SJEV=325, P_016795=303, P_012871=297, P_012873=309, P_016799=314, P_012875=309, P_012877=300, P_012879=314, P_011549=290, P_007844=209, P_007845=43, S02=213, S04=74, P_012921=275, S03=288, P_012801=322, P_011713=200, P_012923=301, P_012803=314, P_011715=257, P_012925=306, S08=179, P_007843=272, P_012805=309, P_012927=311, P_012807=310, P_011719=29, P_012809=310, VYLQ=330, DHPO=334, GAP_80390=275, P2622=201, P2623=96, GAP_80394=321, XQWC=335, GAP_80393=329, GAP_80395=321, GAP_80397=322, P_012931=311, P_012811=307, WPHN=328, P_012933=292, P_012813=305, P_012935=303, P_012815=299, P_012937=316, P_012817=308, P_011607=7, P_012939=297, P_011609=180, P_012819=308, P2619=171, OSHQ=327, GAP_80389=285, P_012941=318, P_012821=308, P_011611=47, P_012823=318, P_011613=79, P_011735=314, S27=233, P_012825=318, P_012827=275, P_011739=260, P_012829=196, Dhai=312, P0104A=250, P_012831=291, P_011501=324, GAP_81226=317, P_012833=308, P_011745=269, GAP_81227=328, P_012835=312, S38=83, P_012837=319, P_012839=306, P_011509=323}
Number of gene trees: 339
339 trees have missing taxa
Calculating quartet distance matrix (for completion of X)
Species tree distances calculated ...
Will attempt to complete bipartitions from X before adding using a distance matrix.
Building set of clusters (X) from gene trees 
------------------------------
gradient0: 40587
Number of Clusters after addition by distance: 40587
calculating extra bipartitions to be added at level 1 ...
Adding to X using resolutions of greedy consensus ...
Limit for sigma of degrees:6150
polytomy size limit : 39
discarded polytomies:  [3, 3, 3, 3, 3, 3, 3, 3, 3, 3, 3, 3, 3, 3, 3, 3, 3, 3, 4, 4, 4, 4, 4, 4, 4, 4, 5, 5, 5, 5, 5, 6, 6, 7, 9, 10, 13, 13, 14, 21, 39]
Threshold 0.0:
Threshold 0.01:
Threshold 0.02:
Threshold 0.05:
polytomy of size 3; rounds with additions with at least 5 support: 0; clusters: 40587
polytomy of size 7; rounds with additions with at least 5 support: 0; clusters: 40591
polytomy of size 4; rounds with additions with at least 5 support: 1; clusters: 40593
Threshold 0.1:
polytomy of size 3; rounds with additions with at least 5 support: 0; clusters: 40593
polytomy of size 4; rounds with additions with at least 5 support: 0; clusters: 40593
polytomy of size 5; rounds with additions with at least 5 support: 0; clusters: 40593
polytomy of size 9; rounds with additions with at least 5 support: 0; clusters: 40593
polytomy of size 5; rounds with additions with at least 5 support: 1; clusters: 40599
Threshold 0.2:
polytomy of size 6; rounds with additions with at least 5 support: 0; clusters: 40599
polytomy of size 3; rounds with additions with at least 5 support: 0; clusters: 40599
polytomy of size 4; rounds with additions with at least 5 support: 0; clusters: 40599
polytomy of size 5; rounds with additions with at least 5 support: 0; clusters: 40599
polytomy of size 3; rounds with additions with at least 5 support: 0; clusters: 40599
polytomy of size 13; rounds with additions with at least 5 support: 0; clusters: 40599
polytomy of size 3; rounds with additions with at least 5 support: 0; clusters: 40599
polytomy of size 3; rounds with additions with at least 5 support: 0; clusters: 40599
polytomy of size 3; rounds with additions with at least 5 support: 0; clusters: 40599
polytomy of size 3; rounds with additions with at least 5 support: 0; clusters: 40599
polytomy of size 3; rounds with additions with at least 5 support: 0; clusters: 40599
polytomy of size 3; rounds with additions with at least 5 support: 0; clusters: 40599
polytomy of size 21; rounds with additions with at least 5 support: 0; clusters: 40629
Threshold 0.3333333333333333:
polytomy of size 3; rounds with additions with at least 5 support: 0; clusters: 40629
polytomy of size 4; rounds with additions with at least 5 support: 0; clusters: 40631
polytomy of size 4; rounds with additions with at least 5 support: 0; clusters: 40631
polytomy of size 3; rounds with additions with at least 5 support: 0; clusters: 40631
polytomy of size 10; rounds with additions with at least 5 support: 0; clusters: 40631
polytomy of size 14; rounds with additions with at least 5 support: 0; clusters: 40631
polytomy of size 4; rounds with additions with at least 5 support: 0; clusters: 40631
polytomy of size 4; rounds with additions with at least 5 support: 0; clusters: 40631
polytomy of size 3; rounds with additions with at least 5 support: 0; clusters: 40631
polytomy of size 4; rounds with additions with at least 5 support: 0; clusters: 40631
polytomy of size 3; rounds with additions with at least 5 support: 0; clusters: 40631
polytomy of size 3; rounds with additions with at least 5 support: 0; clusters: 40631
polytomy of size 3; rounds with additions with at least 5 support: 0; clusters: 40631
polytomy of size 6; rounds with additions with at least 5 support: 0; clusters: 40631
polytomy of size 3; rounds with additions with at least 5 support: 0; clusters: 40631
polytomy of size 5; rounds with additions with at least 5 support: 0; clusters: 40631
polytomy of size 3; rounds with additions with at least 5 support: 0; clusters: 40631
polytomy of size 13; rounds with additions with at least 5 support: 0; clusters: 40631
polytomy of size 5; rounds with additions with at least 5 support: 0; clusters: 40631
polytomy of size 39; rounds with additions with at least 5 support: 0; clusters: 40657
max k is :2
Number of Clusters after addition by greedy: 40657
gradient0 in heuristiic: 40657
partitions formed in 29.963 secs
Dynamic Programming starting after 29.963 secs
Using tree-based weight calculation.
Using polytree-based weight calculation.
Polytree max score: 22245894121
Polytree building time: 0.275 seconds.
Number of quartet trees in the gene trees: 22245894121
Size of largest cluster: 244
Greedy score: 19235352165
estimationFactor: 1.1565108831996267
Sub-optimal score: 19963297637
Calculated 100000 weights; time (seconds): 273
Total Number of elements weighted: 123451
Normalized score (portion of input quartet trees satisfied before correcting for multiple individuals): 0.9118190345000249
Optimization score: 20284229699
Optimal tree inferred in 340.355 secs.
(P_012871,(P_012849,((P_012807,P_012845),((P_012865,(P_012931,(P_012935,P_012933))),(P_012909,((PSJT,((GAP_81172,P_012833),((P_012927,GAP_80295),((P_012791,P_012915),(P_012869,(P_012823,(P_012819,P_012835))))))),((YZRI,((P_012801,(P_012879,P_012809)),(P_012839,(P_012805,(P_012799,P_012825))))),(((P_012937,(P_012939,P_006421)),((P_012803,P_012853),(P_012829,P_012837))),(P_012843,((P_012867,((P_012817,P_012899),(P_012847,P_012923))),(((P_012797,(P_012841,((P_012913,P_012877),(P_012811,(P_012891,P_012895))))),(((P_012857,(P_012815,P_012903)),((P_012925,P_012883),(P_012875,((P_012905,P_012831),(P_012901,(P_012851,P_012887)))))),(P_018689,((P_006420,GAP_80294),(P_012885,(P_012859,(((P_012873,P_012881),(GAP_80291,P_012907)),(((P_012911,(P_012821,P_012917)),(P_012897,(GAP_80293,P_012893))),(P_012889,((P_012863,P_006418),(P_012793,(GAP_80292,P_006419)))))))))))),((P_012861,((P_012855,(P_012827,P_007802)),((P_012813,P_018637),(P_012919,P_012921)))),((P_012795,P_012941),((GAP_80322,DHPO),(((P2622,P2623),(XQWC,(P0110C,(P0207A,(P0110B,(P0207C,(P0207B,(P0206H,P0206G)))))))),((OBPL,(((P_018639,P_018779),(P_018695,(P_018783,P_018645))),(P_018691,((P_016793,(P_006422,P_016795)),((P_016797,(P_007845,(GAP_80397,P_016799))),(P_018693,((P_014095,S08),((S04,(S38,(S27,P_016789))),((S03,P_014099),(P_016791,(S02,P_016787))))))))))),(((P0203H,((P_016909,WZFE),(OSHQ,(P_018831,P0109B)))),(((SJEV,(P_019193,(P_019187,Wsal))),(WKSU,(P_016921,(GAP_81227,(Pcol,(GAP_81226,P_006410)))))),((P_025525,(P_011589,(P_025523,P_025527))),(((Asie,QDVW),(P_019189,(PAWA,P_019197))),((CSSK,(OPDF,(P2589,P_019185))),((P_019191,P_019199),(GAP_80417,(GAP_79804,P2590)))))))),((WPHN,P_011613),(((GAP_79862,P_011587),(P_014081,(P0104A,P_008647))),((P_011609,(P2619,Sdec)),((WAIL,MAQO),(((P_011527,(P_014077,(GAP_80298,(P_014083,GAP_80297)))),(KRJP,((GAP_80395,P_011549),((P_011657,(P_011643,(P_011509,P_011651))),((GAP_80393,GAP_80394),((P_011647,(P_011465,(P_011501,(P_011523,(P_011487,P_011489))))),(P_011631,(P_011551,((P_007844,P_011637),(P_007843,(P_007783,P_006414))))))))))),(VYLQ,((P_011531,(P_011699,(P_006411,Schi))),((P_018635,P_008631),(P_011709,((P_011671,(P_008632,P_011579)),(((KAYP,(BCGB,ABSS)),(WIGA,(Dhai,(Apet,Msal)))),((P_014073,(P_011719,P_011607)),((P_006413,(P_011713,P_011705)),((P_011679,(P_016813,((GAP_80390,GAP_80389),(P_008646,(P_006412,P_008640))))),(P_011701,(P_011681,(P_011673,((P_011537,(P_011677,P_011739)),(P_011759,((P_011735,P_011675),(P_011715,(P_011745,P_011611)))))))))))))))))))))))))))))))))))))));
Final quartet score is: 20284229699
Final normalized quartet score is: 0.9118190345000249
You may want to ignore posterior probabilities and other statistics related to the following branch branch because the effective number of genes impacting it is only 1:
	{P_025523, P_025527}
You may want to ignore posterior probabilities and other statistics related to the following branch branch because the effective number of genes impacting it is only 1:
	{P_025523, P_025527, P_011589}
You may want to ignore posterior probabilities and other statistics related to the following branch branch because the effective number of genes impacting it is only 1:
	{P_011719, P_011607}
You may want to ignore posterior probabilities and other statistics related to the following branch branch because the effective number of genes impacting it is only 4:
	{P_011719, P_014073, P_011607}
Extended species tree:
(P0109B,(P_018831,(OSHQ,((P_016909,WZFE)54.77:0.3839985355564384,(P0203H,((((SJEV,(P_019193,(P_019187,Wsal)62.71:0.5739510958741575)86.6:1.5800589595883758)68.97:0.7572983013850422,(WKSU,(P_016921,(GAP_81227,(Pcol,(GAP_81226,P_006410)78.89:1.1353042772935358)75.56:0.9912206084882791)57.63:0.44895259660518283)70.59:0.8105971477169821)67.73:0.7190772158842934)79.52:1.168255998896528,((P_025525,(P_011589,(P_025523,P_025527)100:0.2876820724517809)100:0.2876820724517809)77.37:0.9943738350808649,(((Asie,QDVW)98.96:3.828322350917842,(P_019189,(PAWA,P_019197)49.18:0.2669823098252771)39.03:0.08650444288418231)40.5:0.1114043929322268,((CSSK,(OPDF,(P2589,P_019185)49.41:0.27166686799034845)40.42:0.1098644749523824)70.62:0.8102455180743501,((P_019191,P_019199)54.42:0.3587266329537655,(GAP_80417,(GAP_79804,P2590)94.4:2.3513752571634776)72.74:0.8654143886621599)59.43:0.4847407112901745)78.08:1.0993308857188062)50.16:0.2806641474834002)50.68:0.2907914578024835)43.5:0.1628751078463002,(((WPHN,P_011613)35.25:0.02128511762622556,(((GAP_79862,P_011587)75.73:0.9950624739836577,(P_014081,(P0104A,P_008647)94.97:2.483992280983179)88.05:1.6811213085825176)74.45:0.948413880320419,((P_011609,(P2619,Sdec)51.54:0.2957128099736571)69.46:0.7624175795495769,((WAIL,MAQO)91.2:1.9924894879638355,(((P_011527,(P_014077,(GAP_80298,(P_014083,GAP_80297)91.52:2.0122175187345195)36.96:0.05256473045859069)39.49:0.09109424611838043)95.88:2.653287433666601,(KRJP,((GAP_80395,P_011549)94.05:2.36271919971256,((P_011657,(P_011643,(P_011509,P_011651)77.09:1.055337923258724)36.62:0.04826513684760598)80.61:1.219239977391711,((GAP_80393,GAP_80394)74.62:0.9561411318088535,((P_011647,(P_011465,(P_011501,(P_011523,(P_011487,P_011489)42.11:0.1387035268268752)36.64:0.048952389618876414)75.42:0.9878652977978735)84.34:1.4286025129084075)43.33:0.15940295745034255,(P_011631,(P_011551,((P_007844,P_011637)42.53:0.14468017609122505,(P_007843,(P_007783,P_006414)44.19:0.17453957375014623)53.41:0.3538072347485274)41.19:0.12123487873122805)38.53:0.07687969943395866)43.33:0.15892276273933525)77.58:1.078482201363967)37.36:0.06028137150264954)91.73:2.0513981709703106)60.69:0.5232745397516823)46.06:0.20878799789344427)48.05:0.24611039341861504,(VYLQ,((P_011531,(P_011699,(P_006411,Schi)70.11:0.7835692016995569)54.31:0.36836273978485906)86.68:1.5828445669777655,((P_018635,P_008631)34.22:0.0023067384194775404,(P_011709,((P_011671,(P_008632,P_011579)36.13:0.03856422159274241)86.43:1.5532229259044195,(((KAYP,(BCGB,ABSS)60.83:0.5232020471855677)35.96:0.03706735794721077,(WIGA,(Dhai,(Apet,Msal)39.47:0.09057095430778725)40.85:0.1169202613787602)55.14:0.39192673577481374)81.49:1.2665383443687714,((P_014073,(P_011719,P_011607)100:0.2876820724517809)28.99:0.0,((P_006413,(P_011713,P_011705)42.1:0.1336332465758936)40.3:0.10685412731623528,((P_011679,(P_016813,((GAP_80390,GAP_80389)93.49:2.2715504533932953,(P_008646,(P_006412,P_008640)80.52:1.2160268120858577)57.46:0.4437161279844326)43.95:0.16961744401893997)43.05:0.15351551070711783)49.99:0.28254248691949,(P_011701,(P_011681,(P_011673,((P_011537,(P_011677,P_011739)76.97:1.0420861498110516)50.74:0.2966801946063848,(P_011759,((P_011735,P_011675)85.07:1.4738290199556268,(P_011715,(P_011745,P_011611)71.98:0.7996046497132054)50.07:0.2843416627574638)50.17:0.2867800091824534)41.82:0.13296825763245118)41.5:0.12707494512633083)37:0.05267813556901543)42.93:0.13591746975343702)59.8:0.47165039452972546)44.71:0.18373832709043764)43.53:0.1536612430705534)53.13:0.3360797865778029)43.34:0.16005868850329016)56.68:0.37772491688657345)55.4:0.3520687482610849)63.36:0.5918187091988408)49.01:0.26489494056854074)49.8:0.28043669355546025)56.02:0.4116443422259221)37.1:0.055240932206662735)38.86:0.08318984375097195)58.64:0.4722674966533461)71.65:0.8466896368829651,((OBPL,(((P_018639,P_018779)54.6:0.3787701501303872,(P_018695,(P_018783,P_018645)44.47:0.17992873178886146)55.69:0.4038724690596843)57.7:0.4498094163350482,(P_018691,((P_016793,(P_006422,P_016795)62.29:0.5637923596147353)66.5:0.6808105960460231,((P_016797,(P_007845,(GAP_80397,P_016799)62.35:0.5317546187814837)55.76:0.3817336963273387)83.9:1.403868194795654,(P_018693,((P_014095,S08)68.68:0.7305970290090454,((S04,(S38,(S27,P_016789)62.44:0.5494613699782253)43.07:0.13377313410429884)65.2:0.6207542050851628,((S03,P_014099)93.85:2.329916079897533,(P_016791,(S02,P_016787)98.58:3.5677605052613326)37.56:0.06324761593319173)38.87:0.08419867600770435)44.05:0.17058264190385672)67.49:0.7059661889039228)41.81:0.1330386697428177)32.95:0.0)41.76:0.12812883742965708)43.07:0.15058617625819404)65.43:0.6502870245542148)74.25:0.9424258328663451,(((P2622,P2623)47.23:0.22340716733740393,(XQWC,(P0110C,(P0207A,(P0110B,(P0207C,(P0207B,(P0206H,P0206G)44.83:0.18614407463655538)47.2:0.22984047507507274)38.01:0.06950631430799678)37.05:0.054308632135712326)85.11:1.4778499134011465)61.77:0.5502309223366354)62.98:0.5798534894974008)72.48:0.8717752591237933,((GAP_80322,DHPO)65.92:0.6646923231868387,((P_012795,P_012941)99.03:3.9459430227366172,((P_012861,((P_012855,(P_012827,P_007802)89.02:1.7684710868331999)82.06:1.296548809676253,((P_012813,P_018637)69.17:0.7631743090268411,(P_012919,P_012921)94.14:2.3735887937774787)93.04:2.213708897759523)94.38:2.41662275578605)51.51:0.314695704127116,(((P_012797,(P_012841,((P_012913,P_012877)90.38:1.8982089210656694,(P_012811,(P_012891,P_012895)57.34:0.4417562879272116)94.98:2.5248050037539644)92.13:2.0979926593302443)55.11:0.3913750389915581)36.01:0.039228977031283814,(((P_012857,(P_012815,P_012903)89.96:1.8622432676720857)40.22:0.10668112519106233,((P_012925,P_012883)97.86:3.297220630099189,(P_012875,((P_012905,P_012831)64.59:0.6263272734536058,(P_012901,(P_012851,P_012887)97.98:3.3454958705726083)37.26:0.05880038895064472)47.27:0.2315850055396953)80.01:1.1908533032251618)34.34:0.013457500245491015)74.36:0.9459849567836937,(P_018689,((P_006420,GAP_80294)87.33:1.6300032417581491,(P_012885,(P_012859,(((P_012873,P_012881)81.76:1.2798239684844168,(GAP_80291,P_012907)38:0.06976579585472786)34.69:0.01823648103744892,(((P_012911,(P_012821,P_012917)94.75:2.4807443165050143)80.76:1.2267218473598118,(P_012897,(GAP_80293,P_012893)91.99:2.079455075897316)36.74:0.04950093720253232)35.27:0.026908308092630055,(P_012889,((P_012863,P_006418)40.1:0.10388087554919183,(P_012793,(GAP_80292,P_006419)96.82:2.9432293286844784)52.41:0.3323206031408769)34.37:0.01329961482162434)40.6:0.11222777747716375)36.97:0.05347491147607844)36.54:0.046695746689165034)38.7:0.08097227557363242)36.2:0.04146341457270675)85.86:1.5303877100170737)88.75:1.7530214381024976)93.57:2.2936175204040667)94.35:2.417443303717393,((P_012867,((P_012817,P_012899)88.71:1.7494931302693746,(P_012847,P_012923)98.73:3.721695036075272)73.25:0.9043350143129066)97.53:3.1748341649827063,(P_012843,(((P_012937,(P_012939,P_006421)90.68:1.9345433474481128)98.63:3.6709352570660183,((P_012803,P_012853)35.44:0.030260831269007207,(P_012829,P_012837)87.22:1.6171616628887675)53.71:0.36084624159829526)47.36:0.23316712336237136,((YZRI,((P_012801,(P_012879,P_012809)99.01:3.9257948704064236)72.33:0.8707766792773427,(P_012839,(P_012805,(P_012799,P_012825)51.27:0.30978940856949827)47.63:0.23832477001356092)76.16:1.0179870649176561)56.43:0.4211107118172156)40.71:0.11519137550639223,((PSJT,((GAP_81172,P_012833)97.08:3.0254924743936504,((P_012927,GAP_80295)97.34:3.106351698106833,((P_012791,P_012915)43.96:0.17113312102492712,(P_012869,(P_012823,(P_012819,P_012835)34.23:0.011848413113018891)75.91:1.007545272473504)96.95:2.98537569478452)89.68:1.8383764122212267)45.86:0.20537070011883068)64.87:0.6346930218416689)47.01:0.2267063011468516,(P_012909,((P_012865,(P_012931,(P_012935,P_012933)96.51:2.859108819435689)93.95:2.3478930962030837)52.82:0.3419096122376452,((P_012807,P_012845)62.18:0.5611249161054596,(P_012849,P_012871)91.57:2.0293235364352276)69.4:0.7712248454854597)95.71:2.673591793352071)36.5:0.046777715702276026)87.12:1.6237117739632327)86.17:1.5539865436430351)41.09:0.12135829582799876)79.71:1.1766632267968153)79.07:1.14613671350709)43.76:0.16764724690153446)79.58:1.1707158167990548)93.08:2.224132164957509)46.88:0.22443225763690353)57.11:0.4370372589079783)81.8:1.2843603521223474)74.52:0.9524644897179251)81.79:1.2729120662836317)61.84:0.5492693559081566)53.14:0.3487542490029624)53.16:0.344221658649984));
Weight calculation took 294.991120483 secs
ASTRAL finished in 344.01 secs
