
================== ASTRAL ===================== 

This is ASTRAL version 5.7.7
Gene trees are treated as unrooted
339 trees read from all_bs10.trees
index76
All output trees will be *arbitrarily* rooted at P0109B

======== Running the main analysis
Number of taxa: 244 (244 species)
Taxa: [P_006411, P_011671, P_011679, P_011531, P_008632, P_011677, P_011735, P_011675, P_011759, P_011537, P_011715, P_011739, P_011673, P_011745, P_006412, P_011681, P_008640, GAP_80390, GAP_80389, P_008646, P_006413, P_011713, P_011705, P_016813, GAP_80395, P_011549, P_011501, P_011487, P_011489, P_011523, P_007783, P_006414, P_007843, GAP_80393, GAP_80394, P_011643, P_011509, P_011651, P_011657, P_011647, P_011551, P_007844, P_011637, P_011465, P2619, P_014083, P_018635, GAP_80297, P_014077, GAP_80298, P_011527, P_014081, P0104A, P_008647, SJEV, P_019187, Wsal, P_019193, GAP_81227, Pcol, GAP_81226, P_006410, P_016921, PAWA, P2589, P_019185, GAP_80417, GAP_79804, P2590, P_011699, P_019197, P_019189, GAP_79862, Sdec, P_016909, P_018831, P0109B, S04, P_018783, P_018645, P_018695, P_016793, P_006422, P_016795, P_007845, GAP_80397, P_016799, P_016797, S03, P_014099, P_016791, S02, P_016787, S27, P_016789, P_011579, P_018639, P_025523, P_011701, P_011587, P_018691, P_018693, P_018779, P2622, GAP_80322, XQWC, P0110B, P0110C, P0207A, P0207C, P0206H, P0207B, P0206G, P2623, P0203H, Asie, QDVW, CSSK, OPDF, WKSU, WZFE, KRJP, WAIL, MAQO, BCGB, WIGA, ABSS, Apet, Dhai, VYLQ, WPHN, OBPL, DHPO, YZRI, P_012871, PSJT, P_012795, P_012941, P_011609, P_012855, P_012827, P_007802, P_012813, P_018637, P_012919, P_012921, P_012811, P_012891, P_012895, P_018689, P_012859, P_012793, P_012911, P_012889, P_006420, GAP_80294, GAP_80293, P_012873, GAP_80292, P_006419, P_012881, P_012893, GAP_80291, P_012863, P_012821, P_012917, P_006418, P_012885, P_012897, P_012907, P_012797, P_012857, P_012901, P_012851, P_012887, P_012905, P_012831, P_012875, P_012925, P_012883, P_012815, P_012903, P_012913, P_012877, P_012841, P_012861, P_012867, P_012847, P_012923, P_012817, P_012899, P_012937, P_012939, P_006421, P_012843, P_012829, P_012837, P_012909, P_012927, GAP_80295, GAP_81172, P_012833, P_012791, P_012869, P_012819, P_012823, P_012835, P_012915, P_012807, P_012845, P_012849, P_012931, P_012935, P_012933, P_012865, P_012801, P_012879, P_012809, P_012805, P_012799, P_012825, P_012839, P_012803, P_012853, Schi, S38, P_014095, S08, OSHQ, P_025525, P_008631, Msal, KAYP, P_011631, P_011613, P_019191, P_011719, P_025527, P_014073, P_011709, P_019199, P_011611, P_011607, P_011589]
Taxon occupancy: {P_019193=265, P_019191=107, P_019197=278, OPDF=316, GAP_81172=318, P_018783=318, P_019199=81, Wsal=258, P_016921=319, WKSU=335, P_025523=44, P_025525=79, P_025527=31, P_014073=44, P0203H=185, P_014077=174, QDVW=324, P_011487=318, P_011489=320, P_016813=269, P_006421=307, P_006422=313, P_006420=230, P_006418=301, P_006419=305, P_006414=315, P_014081=203, P_014083=217, P_018689=315, P0206H=282, P0206G=267, Msal=282, P0109B=137, P_006410=306, P_012901=309, P_006411=305, P_006412=313, P_012903=312, P_006413=298, P_012905=319, PAWA=315, GAP_79862=298, P_012907=313, ABSS=332, P_012909=315, P_018691=128, GAP_80291=318, P_018695=305, P_014095=119, GAP_80293=313, P_018693=309, GAP_80292=305, GAP_80295=316, P_014099=313, GAP_80294=304, GAP_80297=316, GAP_80298=311, P_011701=57, P_012911=311, P_012913=256, P_011705=161, P_012915=316, P_012917=293, P_012919=286, P_011709=27, P_011671=164, P_012881=311, P_011551=191, P_011673=244, MAQO=332, P_012883=317, P_011675=280, GAP_80322=321, P_012885=306, P2590=247, P_011677=236, P_012887=311, P_011679=256, P_012889=302, P_008647=291, PSJT=325, P2589=248, P_011681=213, P_012891=298, P_012893=311, P_018637=307, P_012895=305, P_018635=282, P_012897=303, P0207C=292, P0207B=296, P_012899=309, P_018639=282, P0207A=305, P_008646=319, P_008640=317, BCGB=330, WZFE=328, P_018645=313, KRJP=329, KAYP=207, P_011699=149, P_011579=232, CSSK=315, P_008632=312, P_007783=293, P_016909=322, P_008631=51, P_019187=309, P_019185=291, Sdec=58, P_019189=252, P_012791=316, P_012793=308, Asie=251, P_012795=313, P_011465=321, P_018779=241, P_011587=215, P_012797=317, P_012799=315, P_011589=4, GAP_80417=153, WIGA=322, GAP_79804=227, P_007802=256, P_012841=309, P_011631=239, Pcol=256, P_012843=319, P_012845=310, P_011637=315, P_012847=301, P_011759=271, P_012849=298, Apet=139, OBPL=331, P0110C=276, P_018831=310, P0110B=191, YZRI=329, P_012851=311, P_011643=329, P_012853=311, P_011523=321, P_012855=297, P_011647=280, P_012857=310, P_011527=169, P_012859=298, WAIL=334, P_016789=310, P_011651=275, P_012861=303, P_011531=240, P_016787=315, P_012863=311, P_012865=304, Schi=254, P_011657=269, P_012867=314, P_011537=220, P_012869=307, P_016793=312, P_016791=321, P_016797=318, SJEV=325, P_016795=303, P_012871=297, P_012873=309, P_016799=314, P_012875=309, P_012877=300, P_012879=314, P_011549=290, P_007844=209, P_007845=43, S02=213, S04=74, P_012921=275, S03=288, P_012801=322, P_011713=200, P_012923=301, P_012803=314, P_011715=257, P_012925=306, S08=179, P_007843=272, P_012805=309, P_012927=311, P_012807=310, P_011719=29, P_012809=310, VYLQ=330, DHPO=334, GAP_80390=275, P2622=201, P2623=96, GAP_80394=321, XQWC=335, GAP_80393=329, GAP_80395=321, GAP_80397=322, P_012931=311, P_012811=307, WPHN=328, P_012933=292, P_012813=305, P_012935=303, P_012815=299, P_012937=316, P_012817=308, P_011607=7, P_012939=297, P_011609=180, P_012819=308, P2619=171, OSHQ=327, GAP_80389=285, P_012941=318, P_012821=308, P_011611=47, P_012823=318, P_011613=79, P_011735=314, S27=233, P_012825=318, P_012827=275, P_011739=260, P_012829=196, Dhai=312, P0104A=250, P_012831=291, P_011501=324, GAP_81226=317, P_012833=308, P_011745=269, GAP_81227=328, P_012835=312, S38=83, P_012837=319, P_012839=306, P_011509=323}
Number of gene trees: 339
339 trees have missing taxa
Calculating quartet distance matrix (for completion of X)
Species tree distances calculated ...
Will attempt to complete bipartitions from X before adding using a distance matrix.
Building set of clusters (X) from gene trees 
------------------------------
gradient0: 40587
Number of Clusters after addition by distance: 40587
calculating extra bipartitions to be added at level 1 ...
Adding to X using resolutions of greedy consensus ...
Limit for sigma of degrees:6150
polytomy size limit : 39
discarded polytomies:  [3, 3, 3, 3, 3, 3, 3, 3, 3, 3, 3, 3, 3, 3, 3, 3, 3, 3, 4, 4, 4, 4, 4, 4, 4, 4, 5, 5, 5, 5, 5, 6, 6, 7, 9, 10, 13, 13, 14, 21, 39]
Threshold 0.0:
Threshold 0.01:
Threshold 0.02:
Threshold 0.05:
polytomy of size 3; rounds with additions with at least 5 support: 0; clusters: 40587
polytomy of size 7; rounds with additions with at least 5 support: 0; clusters: 40591
polytomy of size 4; rounds with additions with at least 5 support: 1; clusters: 40593
Threshold 0.1:
polytomy of size 3; rounds with additions with at least 5 support: 0; clusters: 40593
polytomy of size 4; rounds with additions with at least 5 support: 0; clusters: 40593
polytomy of size 5; rounds with additions with at least 5 support: 0; clusters: 40593
polytomy of size 9; rounds with additions with at least 5 support: 0; clusters: 40593
polytomy of size 5; rounds with additions with at least 5 support: 1; clusters: 40599
Threshold 0.2:
polytomy of size 6; rounds with additions with at least 5 support: 0; clusters: 40599
polytomy of size 3; rounds with additions with at least 5 support: 0; clusters: 40599
polytomy of size 4; rounds with additions with at least 5 support: 0; clusters: 40599
polytomy of size 5; rounds with additions with at least 5 support: 0; clusters: 40599
polytomy of size 3; rounds with additions with at least 5 support: 0; clusters: 40599
polytomy of size 13; rounds with additions with at least 5 support: 0; clusters: 40599
polytomy of size 3; rounds with additions with at least 5 support: 0; clusters: 40599
polytomy of size 3; rounds with additions with at least 5 support: 0; clusters: 40599
polytomy of size 3; rounds with additions with at least 5 support: 0; clusters: 40599
polytomy of size 3; rounds with additions with at least 5 support: 0; clusters: 40599
polytomy of size 3; rounds with additions with at least 5 support: 0; clusters: 40599
polytomy of size 3; rounds with additions with at least 5 support: 0; clusters: 40599
polytomy of size 21; rounds with additions with at least 5 support: 0; clusters: 40629
Threshold 0.3333333333333333:
polytomy of size 3; rounds with additions with at least 5 support: 0; clusters: 40629
polytomy of size 4; rounds with additions with at least 5 support: 0; clusters: 40631
polytomy of size 4; rounds with additions with at least 5 support: 0; clusters: 40631
polytomy of size 3; rounds with additions with at least 5 support: 0; clusters: 40631
polytomy of size 10; rounds with additions with at least 5 support: 0; clusters: 40631
polytomy of size 14; rounds with additions with at least 5 support: 0; clusters: 40631
polytomy of size 4; rounds with additions with at least 5 support: 0; clusters: 40631
polytomy of size 4; rounds with additions with at least 5 support: 0; clusters: 40631
polytomy of size 3; rounds with additions with at least 5 support: 0; clusters: 40631
polytomy of size 4; rounds with additions with at least 5 support: 0; clusters: 40631
polytomy of size 3; rounds with additions with at least 5 support: 0; clusters: 40631
polytomy of size 3; rounds with additions with at least 5 support: 0; clusters: 40631
polytomy of size 3; rounds with additions with at least 5 support: 0; clusters: 40631
polytomy of size 6; rounds with additions with at least 5 support: 0; clusters: 40631
polytomy of size 3; rounds with additions with at least 5 support: 0; clusters: 40631
polytomy of size 5; rounds with additions with at least 5 support: 0; clusters: 40631
polytomy of size 3; rounds with additions with at least 5 support: 0; clusters: 40631
polytomy of size 13; rounds with additions with at least 5 support: 0; clusters: 40631
polytomy of size 5; rounds with additions with at least 5 support: 0; clusters: 40631
polytomy of size 39; rounds with additions with at least 5 support: 0; clusters: 40657
max k is :2
Number of Clusters after addition by greedy: 40657
gradient0 in heuristiic: 40657
partitions formed in 37.285 secs
Dynamic Programming starting after 37.286 secs
Using tree-based weight calculation.
Using polytree-based weight calculation.
Polytree max score: 22245894121
Polytree building time: 0.39 seconds.
Number of quartet trees in the gene trees: 22245894121
Size of largest cluster: 244
Greedy score: 19235352165
estimationFactor: 1.1565108831996267
Sub-optimal score: 19963297637
Calculated 100000 weights; time (seconds): 288
Total Number of elements weighted: 123451
Normalized score (portion of input quartet trees satisfied before correcting for multiple individuals): 0.9118190345000249
Optimization score: 20284229699
Optimal tree inferred in 362.406 secs.
(P_012871,(P_012849,((P_012807,P_012845),((P_012865,(P_012931,(P_012935,P_012933))),(P_012909,((PSJT,((GAP_81172,P_012833),((P_012927,GAP_80295),((P_012791,P_012915),(P_012869,(P_012823,(P_012819,P_012835))))))),((YZRI,((P_012801,(P_012879,P_012809)),(P_012839,(P_012805,(P_012799,P_012825))))),(((P_012937,(P_012939,P_006421)),((P_012803,P_012853),(P_012829,P_012837))),(P_012843,((P_012867,((P_012817,P_012899),(P_012847,P_012923))),(((P_012797,(P_012841,((P_012913,P_012877),(P_012811,(P_012891,P_012895))))),(((P_012857,(P_012815,P_012903)),((P_012925,P_012883),(P_012875,((P_012905,P_012831),(P_012901,(P_012851,P_012887)))))),(P_018689,((P_006420,GAP_80294),(P_012885,(P_012859,(((P_012873,P_012881),(GAP_80291,P_012907)),(((P_012911,(P_012821,P_012917)),(P_012897,(GAP_80293,P_012893))),(P_012889,((P_012863,P_006418),(P_012793,(GAP_80292,P_006419)))))))))))),((P_012861,((P_012855,(P_012827,P_007802)),((P_012813,P_018637),(P_012919,P_012921)))),((P_012795,P_012941),((GAP_80322,DHPO),(((P2622,P2623),(XQWC,(P0110C,(P0207A,(P0110B,(P0207C,(P0207B,(P0206H,P0206G)))))))),((OBPL,(((P_018639,P_018779),(P_018695,(P_018783,P_018645))),(P_018691,((P_016793,(P_006422,P_016795)),((P_016797,(P_007845,(GAP_80397,P_016799))),(P_018693,((P_014095,S08),((S04,(S38,(S27,P_016789))),((S03,P_014099),(P_016791,(S02,P_016787))))))))))),(((P0203H,((P_016909,WZFE),(OSHQ,(P_018831,P0109B)))),(((SJEV,(P_019193,(P_019187,Wsal))),(WKSU,(P_016921,(GAP_81227,(Pcol,(GAP_81226,P_006410)))))),((P_025525,(P_011589,(P_025523,P_025527))),(((Asie,QDVW),(P_019189,(PAWA,P_019197))),((CSSK,(OPDF,(P2589,P_019185))),((P_019191,P_019199),(GAP_80417,(GAP_79804,P2590)))))))),((WPHN,P_011613),(((GAP_79862,P_011587),(P_014081,(P0104A,P_008647))),((P_011609,(P2619,Sdec)),((WAIL,MAQO),(((P_011527,(P_014077,(GAP_80298,(P_014083,GAP_80297)))),(KRJP,((GAP_80395,P_011549),((P_011657,(P_011643,(P_011509,P_011651))),((GAP_80393,GAP_80394),((P_011647,(P_011465,(P_011501,(P_011523,(P_011487,P_011489))))),(P_011631,(P_011551,((P_007844,P_011637),(P_007843,(P_007783,P_006414))))))))))),(VYLQ,((P_011531,(P_011699,(P_006411,Schi))),((P_018635,P_008631),(P_011709,((P_011671,(P_008632,P_011579)),(((KAYP,(BCGB,ABSS)),(WIGA,(Dhai,(Apet,Msal)))),((P_014073,(P_011719,P_011607)),((P_006413,(P_011713,P_011705)),((P_011679,(P_016813,((GAP_80390,GAP_80389),(P_008646,(P_006412,P_008640))))),(P_011701,(P_011681,(P_011673,((P_011537,(P_011677,P_011739)),(P_011759,((P_011735,P_011675),(P_011715,(P_011745,P_011611)))))))))))))))))))))))))))))))))))))));
Final quartet score is: 20284229699
Final normalized quartet score is: 0.9118190345000249
You may want to ignore posterior probabilities and other statistics related to the following branch branch because the effective number of genes impacting it is only 1:
	{P_025523, P_025527}
You may want to ignore posterior probabilities and other statistics related to the following branch branch because the effective number of genes impacting it is only 1:
	{P_025523, P_025527, P_011589}
You may want to ignore posterior probabilities and other statistics related to the following branch branch because the effective number of genes impacting it is only 1:
	{P_011719, P_011607}
You may want to ignore posterior probabilities and other statistics related to the following branch branch because the effective number of genes impacting it is only 4:
	{P_011719, P_014073, P_011607}
Extended species tree:
(P0109B,(P_018831,(OSHQ,((P_016909,WZFE)1:0.3839985355564384,(P0203H,((((SJEV,(P_019193,(P_019187,Wsal)1:0.5739510958741575)1:1.5800589595883758)1:0.7572983013850422,(WKSU,(P_016921,(GAP_81227,(Pcol,(GAP_81226,P_006410)1:1.1353042772935358)1:0.9912206084882791)1:0.44895259660518283)1:0.8105971477169821)1:0.7190772158842934)1:1.168255998896528,((P_025525,(P_011589,(P_025523,P_025527)0.67:0.2876820724517809)0.67:0.2876820724517809)1:0.9943738350808649,(((Asie,QDVW)1:3.828322350917842,(P_019189,(PAWA,P_019197)1:0.2669823098252771)0.47:0.08650444288418231)0.98:0.1114043929322268,((CSSK,(OPDF,(P2589,P_019185)1:0.27166686799034845)0.17:0.1098644749523824)1:0.8102455180743501,((P_019191,P_019199)1:0.3587266329537655,(GAP_80417,(GAP_79804,P2590)1:2.3513752571634776)1:0.8654143886621599)1:0.4847407112901745)1:1.0993308857188062)1:0.2806641474834002)1:0.2907914578024835)1:0.1628751078463002,(((WPHN,P_011613)0.33:0.02128511762622556,(((GAP_79862,P_011587)1:0.9950624739836577,(P_014081,(P0104A,P_008647)1:2.483992280983179)1:1.6811213085825176)1:0.948413880320419,((P_011609,(P2619,Sdec)0.96:0.2957128099736571)1:0.7624175795495769,((WAIL,MAQO)1:1.9924894879638355,(((P_011527,(P_014077,(GAP_80298,(P_014083,GAP_80297)1:2.0122175187345195)0.51:0.05256473045859069)0.75:0.09109424611838043)1:2.653287433666601,(KRJP,((GAP_80395,P_011549)1:2.36271919971256,((P_011657,(P_011643,(P_011509,P_011651)1:1.055337923258724)0.61:0.04826513684760598)1:1.219239977391711,((GAP_80393,GAP_80394)1:0.9561411318088535,((P_011647,(P_011465,(P_011501,(P_011523,(P_011487,P_011489)1:0.1387035268268752)0.56:0.048952389618876414)1:0.9878652977978735)1:1.4286025129084075)1:0.15940295745034255,(P_011631,(P_011551,((P_007844,P_011637)0.98:0.14468017609122505,(P_007843,(P_007783,P_006414)1:0.17453957375014623)1:0.3538072347485274)0.94:0.12123487873122805)0.54:0.07687969943395866)0.98:0.15892276273933525)1:1.078482201363967)0.69:0.06028137150264954)1:2.0513981709703106)1:0.5232745397516823)0.95:0.20878799789344427)1:0.24611039341861504,(VYLQ,((P_011531,(P_011699,(P_006411,Schi)1:0.7835692016995569)1:0.36836273978485906)1:1.5828445669777655,((P_018635,P_008631)0.23:0.0023067384194775404,(P_011709,((P_011671,(P_008632,P_011579)0.55:0.03856422159274241)1:1.5532229259044195,(((KAYP,(BCGB,ABSS)1:0.5232020471855677)0.56:0.03706735794721077,(WIGA,(Dhai,(Apet,Msal)0.77:0.09057095430778725)0.94:0.1169202613787602)1:0.39192673577481374)1:1.2665383443687714,((P_014073,(P_011719,P_011607)0.67:0.2876820724517809)0.17:0.0,((P_006413,(P_011713,P_011705)0.89:0.1336332465758936)0.83:0.10685412731623528,((P_011679,(P_016813,((GAP_80390,GAP_80389)1:2.2715504533932953,(P_008646,(P_006412,P_008640)1:1.2160268120858577)1:0.4437161279844326)1:0.16961744401893997)0.95:0.15351551070711783)1:0.28254248691949,(P_011701,(P_011681,(P_011673,((P_011537,(P_011677,P_011739)1:1.0420861498110516)1:0.2966801946063848,(P_011759,((P_011735,P_011675)1:1.4738290199556268,(P_011715,(P_011745,P_011611)1:0.7996046497132054)1:0.2843416627574638)1:0.2867800091824534)0.99:0.13296825763245118)0.97:0.12707494512633083)0.49:0.05267813556901543)0.74:0.13591746975343702)1:0.47165039452972546)1:0.18373832709043764)0.77:0.1536612430705534)1:0.3360797865778029)0:0.16005868850329016)0.96:0.37772491688657345)0.94:0.3520687482610849)1:0.5918187091988408)1:0.26489494056854074)1:0.28043669355546025)1:0.4116443422259221)0.55:0.055240932206662735)0.85:0.08318984375097195)1:0.4722674966533461)1:0.8466896368829651,((OBPL,(((P_018639,P_018779)1:0.3787701501303872,(P_018695,(P_018783,P_018645)1:0.17992873178886146)1:0.4038724690596843)1:0.4498094163350482,(P_018691,((P_016793,(P_006422,P_016795)1:0.5637923596147353)1:0.6808105960460231,((P_016797,(P_007845,(GAP_80397,P_016799)1:0.5317546187814837)0.99:0.3817336963273387)1:1.403868194795654,(P_018693,((P_014095,S08)1:0.7305970290090454,((S04,(S38,(S27,P_016789)1:0.5494613699782253)0.68:0.13377313410429884)1:0.6207542050851628,((S03,P_014099)1:2.329916079897533,(P_016791,(S02,P_016787)1:3.5677605052613326)0.8:0.06324761593319173)0.9:0.08419867600770435)0.99:0.17058264190385672)1:0.7059661889039228)0.99:0.1330386697428177)0.24:0.0)0.89:0.12812883742965708)0.94:0.15058617625819404)1:0.6502870245542148)1:0.9424258328663451,(((P2622,P2623)0.84:0.22340716733740393,(XQWC,(P0110C,(P0207A,(P0110B,(P0207C,(P0207B,(P0206H,P0206G)1:0.18614407463655538)1:0.22984047507507274)0.68:0.06950631430799678)0.61:0.054308632135712326)1:1.4778499134011465)1:0.5502309223366354)1:0.5798534894974008)1:0.8717752591237933,((GAP_80322,DHPO)1:0.6646923231868387,((P_012795,P_012941)1:3.9459430227366172,((P_012861,((P_012855,(P_012827,P_007802)1:1.7684710868331999)1:1.296548809676253,((P_012813,P_018637)1:0.7631743090268411,(P_012919,P_012921)1:2.3735887937774787)1:2.213708897759523)1:2.41662275578605)1:0.314695704127116,(((P_012797,(P_012841,((P_012913,P_012877)1:1.8982089210656694,(P_012811,(P_012891,P_012895)1:0.4417562879272116)1:2.5248050037539644)1:2.0979926593302443)1:0.3913750389915581)0.66:0.039228977031283814,(((P_012857,(P_012815,P_012903)1:1.8622432676720857)0.98:0.10668112519106233,((P_012925,P_012883)1:3.297220630099189,(P_012875,((P_012905,P_012831)1:0.6263272734536058,(P_012901,(P_012851,P_012887)1:3.3454958705726083)0.8:0.05880038895064472)1:0.2315850055396953)1:1.1908533032251618)0.44:0.013457500245491015)1:0.9459849567836937,(P_018689,((P_006420,GAP_80294)1:1.6300032417581491,(P_012885,(P_012859,(((P_012873,P_012881)1:1.2798239684844168,(GAP_80291,P_012907)0.73:0.06976579585472786)0.41:0.01823648103744892,(((P_012911,(P_012821,P_012917)1:2.4807443165050143)1:1.2267218473598118,(P_012897,(GAP_80293,P_012893)1:2.079455075897316)0.63:0.04950093720253232)0.46:0.026908308092630055,(P_012889,((P_012863,P_006418)0.94:0.10388087554919183,(P_012793,(GAP_80292,P_006419)1:2.9432293286844784)1:0.3323206031408769)0.43:0.01329961482162434)0.96:0.11222777747716375)0.7:0.05347491147607844)0.61:0.046695746689165034)0.84:0.08097227557363242)0.63:0.04146341457270675)1:1.5303877100170737)1:1.7530214381024976)1:2.2936175204040667)1:2.417443303717393,((P_012867,((P_012817,P_012899)1:1.7494931302693746,(P_012847,P_012923)1:3.721695036075272)1:0.9043350143129066)1:3.1748341649827063,(P_012843,(((P_012937,(P_012939,P_006421)1:1.9345433474481128)1:3.6709352570660183,((P_012803,P_012853)0.54:0.030260831269007207,(P_012829,P_012837)1:1.6171616628887675)1:0.36084624159829526)1:0.23316712336237136,((YZRI,((P_012801,(P_012879,P_012809)1:3.9257948704064236)1:0.8707766792773427,(P_012839,(P_012805,(P_012799,P_012825)1:0.30978940856949827)1:0.23832477001356092)1:1.0179870649176561)1:0.4211107118172156)0.07:0.11519137550639223,((PSJT,((GAP_81172,P_012833)1:3.0254924743936504,((P_012927,GAP_80295)1:3.106351698106833,((P_012791,P_012915)1:0.17113312102492712,(P_012869,(P_012823,(P_012819,P_012835)0.42:0.011848413113018891)1:1.007545272473504)1:2.98537569478452)1:1.8383764122212267)1:0.20537070011883068)1:0.6346930218416689)0:0.2267063011468516,(P_012909,((P_012865,(P_012931,(P_012935,P_012933)1:2.859108819435689)1:2.3478930962030837)1:0.3419096122376452,((P_012807,P_012845)1:0.5611249161054596,(P_012849,P_012871)1:2.0293235364352276)1:0.7712248454854597)1:2.673591793352071)0.69:0.046777715702276026)1:1.6237117739632327)1:1.5539865436430351)0.99:0.12135829582799876)1:1.1766632267968153)1:1.14613671350709)0.99:0.16764724690153446)1:1.1707158167990548)1:2.224132164957509)1:0.22443225763690353)1:0.4370372589079783)1:1.2843603521223474)1:0.9524644897179251)1:1.2729120662836317)1:0.5492693559081566)1:0.3487542490029624)1:0.344221658649984));
Weight calculation took 300.760553916 secs
ASTRAL finished in 366.338 secs
