
================== ASTRAL ===================== 

This is ASTRAL version 5.7.7
Gene trees are treated as unrooted
190 trees read from all_bs10.trees
index225
All output trees will be *arbitrarily* rooted at P0109B

======== Running the main analysis
Number of taxa: 239 (239 species)
Taxa: [P_012913, P_012841, P_012831, P_012797, P_012901, P_012851, P_012887, P_012925, P_012883, P_012857, P_012815, P_012903, P_012867, P_012817, P_012899, P_012847, P_012923, P_012939, P_006421, P_012937, P_012853, P_012843, P_012803, P_012837, P_012825, P_012799, P_012801, P_012809, P_012865, P_012931, P_012935, P_012933, GAP_81172, P_012833, P_012927, PSJT, GAP_80295, P_012791, P_012869, P_012819, P_012835, P_012823, P_012915, P_012807, P_012909, P_012871, GAP_80322, DHPO, XQWC, P0207B, P0110C, P0207A, P0206H, P0207C, P0206G, WPHN, KRJP, MAQO, WAIL, VYLQ, Apet, P_011735, P_008646, P_006412, GAP_79862, P_011527, P_011715, GAP_80390, GAP_80389, Dhai, BCGB, ABSS, WIGA, P_018831, P_016909, WZFE, WKSU, GAP_81227, P_016921, P_006410, GAP_81226, P_019187, SJEV, CSSK, OPDF, P2590, GAP_79804, P_019185, P2589, P_019189, PAWA, Asie, QDVW, OBPL, P_016799, GAP_80397, P_016797, P_006422, P_016795, P_016793, P_018695, P_018783, P_018645, P_018693, P_016791, P_016787, P_016789, S03, P_014099, YZRI, P_012849, P_012845, P_012795, P_012921, P_012919, P_012813, P_012827, P_012861, P_012875, P_012891, P_012895, P_012811, P_018689, P_012885, P_012859, P_012793, P_012911, P_012863, P_012889, GAP_80291, P_012917, P_012821, GAP_80294, GAP_80292, P_012897, P_012907, GAP_80293, P_012893, P_012881, P_012873, P_012877, P_012839, P_012905, P_006419, P_006418, P_012941, P2622, P_018639, P_014077, GAP_80298, P_014083, GAP_80297, GAP_80393, GAP_80394, P_011643, P_011509, P_011651, P_011631, P_011647, P_011487, P_011489, P_011501, P_011523, P_011465, P_011637, P_007783, P_006414, P_011549, GAP_80395, P_008647, P0104A, P_014081, P_011587, P_018635, P_019191, P_011679, P_008640, P_011759, P_011675, P_006413, Msal, P_016813, P_008632, P_011671, P_008631, P_006411, Schi, P_011531, P2619, OSHQ, Wsal, P_019193, Pcol, P_019197, P_018637, P_007802, P_012855, P_012829, P_012879, P_012805, P0110B, P_011713, P_011705, KAYP, P_011537, P_018779, S08, S02, P_007844, P_011657, P_011673, P_011739, GAP_80417, S27, P_018691, P_006420, P_007843, P_011745, P_011611, P_011579, P0203H, P_011551, P_011677, P_025525, P_014095, P0109B, P_011681, P_011609, P_025523, S38, P2623, P_011699, P_011607, P_019199, P_011613, P_007845, S04, P_025527, P_011701]
Taxon occupancy: {P_019193=81, P_019191=6, P_019197=136, OPDF=174, GAP_81172=181, P_018783=172, P_019199=1, Wsal=103, P_016921=169, WKSU=189, P_025523=3, P_025525=6, P_025527=1, P0203H=55, P_014077=37, QDVW=184, P_011487=172, P_011489=176, P_016813=160, P_006421=177, P_006422=178, P_006420=38, P_006418=170, P_006419=176, P_006414=164, P_014081=39, P_014083=67, P_018689=181, P0206H=147, P0206G=131, Msal=165, P0109B=36, P_012901=179, P_006410=156, P_006411=145, P_012903=184, P_006412=164, P_006413=167, P_012905=180, GAP_79862=148, PAWA=181, P_012907=181, ABSS=183, P_012909=171, P_018691=58, GAP_80291=183, P_018695=170, P_014095=11, GAP_80293=177, P_018693=165, GAP_80292=174, GAP_80295=165, P_014099=154, GAP_80294=170, GAP_80297=167, GAP_80298=165, P_012911=182, P_011701=1, P_012913=157, P_012915=176, P_011705=24, P_012917=163, P_012919=128, P_012881=179, P_011671=66, P_011551=25, P_012883=180, MAQO=185, P_011673=49, GAP_80322=183, P_012885=175, P_011675=118, P2590=128, P_012887=179, P_011677=68, P_012889=175, P_011679=64, P_008647=138, PSJT=181, P2589=125, P_012891=166, P_011681=45, P_012893=174, P_018637=158, P_012895=175, P_018635=103, P_012897=180, P0207C=154, P_012899=159, P0207B=157, P0207A=156, P_018639=93, P_008646=172, P_008640=169, BCGB=185, WZFE=186, P_018645=169, KRJP=184, KAYP=97, P_011699=5, P_011579=57, CSSK=179, P_008632=162, P_016909=175, P_007783=130, P_008631=38, P_019187=159, P_019185=158, P_019189=129, P_012791=176, P_012793=177, Asie=147, P_012795=170, P_011465=179, P_018779=35, P_012797=179, P_011587=51, P_012799=173, GAP_80417=35, WIGA=173, GAP_79804=98, P_007802=57, P_012841=175, P_011631=55, P_012843=181, Pcol=96, P_012845=181, P_012847=165, P_011637=154, P_011759=91, P_012849=172, Apet=89, OBPL=184, P0110C=130, P_018831=156, P0110B=75, YZRI=186, P_012851=174, P_012853=170, P_011643=169, P_011523=172, P_012855=150, P_012857=171, P_011647=104, P_011527=66, P_012859=162, WAIL=188, P_016789=168, P_012861=176, P_011651=94, P_016787=170, P_011531=71, P_012863=182, P_012865=167, Schi=95, P_012867=173, P_011657=95, P_011537=52, P_012869=172, P_016793=163, P_016791=170, P_016797=175, SJEV=186, P_016795=166, P_012871=162, P_012873=185, P_016799=175, P_012875=174, P_012877=176, P_012879=171, P_011549=118, P_007844=28, P_007845=1, S02=82, P_012921=100, S04=2, P_012801=168, S03=142, P_012923=161, P_011713=31, P_012803=171, P_012925=178, P_011715=72, S08=32, P_012805=171, P_007843=82, P_012927=170, P_012807=175, P_012809=176, VYLQ=188, DHPO=188, GAP_80390=160, P2622=77, P2623=19, XQWC=188, GAP_80394=172, GAP_80393=183, GAP_80395=179, GAP_80397=174, P_012931=169, P_012811=178, P_012933=161, WPHN=184, P_012813=160, P_012935=163, P_012815=177, P_012937=175, P_012817=168, P_011607=1, P_012939=174, P_012819=171, P_011609=25, P2619=44, OSHQ=184, GAP_80389=154, P_012941=176, P_012821=180, P_011611=18, P_012823=173, P_011613=1, P_011735=162, P_012825=166, S27=48, P_012827=117, P_011739=87, P_012829=132, Dhai=180, P0104A=104, P_012831=176, P_011501=180, P_012833=172, GAP_81226=172, GAP_81227=174, P_011745=86, P_012835=168, S38=5, P_012837=169, P_012839=165, P_011509=173}
Number of gene trees: 190
190 trees have missing taxa
Calculating quartet distance matrix (for completion of X)
Species tree distances calculated ...
Will attempt to complete bipartitions from X before adding using a distance matrix.
Building set of clusters (X) from gene trees 
------------------------------
gradient0: 21019
Number of Clusters after addition by distance: 21019
calculating extra bipartitions to be added at level 1 ...
Adding to X using resolutions of greedy consensus ...
Limit for sigma of degrees:6025
polytomy size limit : 14
discarded polytomies:  [3, 3, 3, 3, 3, 3, 3, 3, 3, 3, 3, 3, 3, 3, 3, 3, 3, 3, 3, 4, 4, 4, 4, 4, 4, 4, 4, 4, 4, 4, 4, 5, 5, 5, 5, 6, 6, 6, 8, 8, 8, 9, 10, 11, 12, 14, 14]
Threshold 0.0:
polytomy of size 4; rounds with additions with at least 5 support: 0; clusters: 21033
Threshold 0.01:
polytomy of size 5; rounds with additions with at least 5 support: 2; clusters: 21059
Threshold 0.02:
polytomy of size 8; rounds with additions with at least 5 support: 1; clusters: 21261
Threshold 0.05:
polytomy of size 3; rounds with additions with at least 5 support: 0; clusters: 21261
polytomy of size 8; rounds with additions with at least 5 support: 0; clusters: 21269
Threshold 0.1:
polytomy of size 3; rounds with additions with at least 5 support: 0; clusters: 21269
polytomy of size 3; rounds with additions with at least 5 support: 0; clusters: 21269
polytomy of size 6; rounds with additions with at least 5 support: 0; clusters: 21271
polytomy of size 9; rounds with additions with at least 5 support: 0; clusters: 21289
polytomy of size 4; rounds with additions with at least 5 support: 0; clusters: 21289
Threshold 0.2:
polytomy of size 3; rounds with additions with at least 5 support: 0; clusters: 21289
polytomy of size 5; rounds with additions with at least 5 support: 0; clusters: 21289
polytomy of size 4; rounds with additions with at least 5 support: 0; clusters: 21289
polytomy of size 4; rounds with additions with at least 5 support: 0; clusters: 21289
polytomy of size 6; rounds with additions with at least 5 support: 0; clusters: 21291
polytomy of size 3; rounds with additions with at least 5 support: 0; clusters: 21291
polytomy of size 3; rounds with additions with at least 5 support: 0; clusters: 21291
polytomy of size 11; rounds with additions with at least 5 support: 0; clusters: 21305
polytomy of size 3; rounds with additions with at least 5 support: 0; clusters: 21305
polytomy of size 14; rounds with additions with at least 5 support: 0; clusters: 21309
polytomy of size 4; rounds with additions with at least 5 support: 0; clusters: 21309
polytomy of size 4; rounds with additions with at least 5 support: 0; clusters: 21309
Threshold 0.3333333333333333:
polytomy of size 5; rounds with additions with at least 5 support: 0; clusters: 21309
polytomy of size 3; rounds with additions with at least 5 support: 0; clusters: 21309
polytomy of size 10; rounds with additions with at least 5 support: 0; clusters: 21311
polytomy of size 3; rounds with additions with at least 5 support: 0; clusters: 21311
polytomy of size 4; rounds with additions with at least 5 support: 0; clusters: 21311
polytomy of size 4; rounds with additions with at least 5 support: 0; clusters: 21311
polytomy of size 3; rounds with additions with at least 5 support: 0; clusters: 21311
polytomy of size 3; rounds with additions with at least 5 support: 0; clusters: 21311
polytomy of size 3; rounds with additions with at least 5 support: 0; clusters: 21311
polytomy of size 3; rounds with additions with at least 5 support: 0; clusters: 21311
polytomy of size 12; rounds with additions with at least 5 support: 0; clusters: 21319
polytomy of size 3; rounds with additions with at least 5 support: 0; clusters: 21319
polytomy of size 4; rounds with additions with at least 5 support: 0; clusters: 21319
polytomy of size 5; rounds with additions with at least 5 support: 0; clusters: 21319
polytomy of size 4; rounds with additions with at least 5 support: 0; clusters: 21319
polytomy of size 3; rounds with additions with at least 5 support: 0; clusters: 21319
polytomy of size 3; rounds with additions with at least 5 support: 0; clusters: 21319
polytomy of size 3; rounds with additions with at least 5 support: 0; clusters: 21319
polytomy of size 3; rounds with additions with at least 5 support: 0; clusters: 21319
polytomy of size 4; rounds with additions with at least 5 support: 0; clusters: 21319
polytomy of size 6; rounds with additions with at least 5 support: 0; clusters: 21319
polytomy of size 4; rounds with additions with at least 5 support: 0; clusters: 21319
polytomy of size 14; rounds with additions with at least 5 support: 0; clusters: 21323
polytomy of size 8; rounds with additions with at least 5 support: 0; clusters: 21323
polytomy of size 3; rounds with additions with at least 5 support: 0; clusters: 21323
max k is :4
Number of Clusters after addition by greedy: 21323
gradient0 in heuristiic: 21323
partitions formed in 12.449 secs
Dynamic Programming starting after 12.449 secs
Using tree-based weight calculation.
Using polytree-based weight calculation.
Polytree max score: 6959047744
Polytree building time: 0.095 seconds.
Number of quartet trees in the gene trees: 6959047744
Size of largest cluster: 239
Greedy score: 6486726370
estimationFactor: 1.0728135190324053
Sub-optimal score: 6589585893
Total Number of elements weighted: 63205
Normalized score (portion of input quartet trees satisfied before correcting for multiple individuals): 0.9533335887399251
Optimization score: 6634293960
Optimal tree inferred in 75.959 secs.
(P_012897,((GAP_80293,P_012893),(((P_006418,(P_012793,(GAP_80292,P_006419))),(P_012863,(P_012911,(P_012917,P_012821)))),((P_012907,(P_012889,GAP_80291)),((P_012881,P_012873),((P_012885,(P_012859,(GAP_80294,P_006420))),(P_018689,((((P_012815,P_012903),(P_012925,P_012883)),(P_012857,(P_012875,((P_012831,P_012905),(P_012901,(P_012851,P_012887)))))),((P_012797,(P_012841,((P_012913,P_012877),(P_012811,(P_012891,P_012895))))),(((P_012867,((P_012817,P_012899),(P_012847,P_012923))),(P_012843,(((P_012937,(P_012939,P_006421)),(P_012803,(P_012853,(P_012837,P_012829)))),(((P_012801,(P_012809,P_012879)),(P_012839,(P_012805,(P_012825,(P_012799,YZRI))))),(P_012909,(((P_012865,(P_012931,(P_012935,P_012933))),((P_012871,P_012849),(P_012807,P_012845))),((GAP_81172,P_012833),((P_012927,(PSJT,GAP_80295)),((P_012791,P_012915),(P_012869,(P_012823,(P_012819,P_012835)))))))))))),((P_012861,((P_012855,(P_012827,P_007802)),((P_012813,P_018637),(P_012921,P_012919)))),((P_012795,P_012941),((GAP_80322,DHPO),(((P2622,P2623),(P0110C,(P0207A,((P0207C,P0110B),((XQWC,P0207B),(P0206H,P0206G)))))),((((P_018639,P_018779),(P_018695,(P_018783,P_018645))),((P_016797,((P_016799,P_007845),(OBPL,GAP_80397))),((P_016793,(P_006422,P_016795)),(P_018691,((P_018693,S04),((P_016789,S27),((P_016791,(S08,P_014095)),((S03,P_014099),(S38,(P_016787,S02)))))))))),(((P0203H,((P_016909,WZFE),(P0109B,(P_018831,OSHQ)))),(((SJEV,(P_019193,(P_019187,Wsal))),(P_016921,(GAP_81227,(WKSU,(Pcol,(P_006410,GAP_81226)))))),(((Asie,QDVW),((P_019189,P_025525),(P_019197,(PAWA,P_025527)))),(P_025523,((P_019191,(GAP_80417,(P2590,GAP_79804))),((CSSK,P_019185),(P_019199,(OPDF,P2589)))))))),((WPHN,P_011613),((P_011699,((P2619,P_011609),(MAQO,(WAIL,(P_011527,((P_014077,GAP_80298),(P_014083,GAP_80297))))))),((((GAP_79862,P_011587),(P_014081,(P_008647,P0104A))),((KRJP,(P_011549,GAP_80395)),((P_011643,(P_011657,(P_011509,P_011651))),((GAP_80393,GAP_80394),((P_011647,(P_011465,((P_011501,P_011523),(P_011487,P_011489)))),(P_011551,((P_007783,(P_006414,P_007843)),(P_011631,(P_011637,P_007844))))))))),((P_011531,(P_006411,Schi)),(VYLQ,(P_018635,(P_008631,((P_008632,(P_011671,P_011579)),(((P_011713,P_011705),(P_006413,(WIGA,(Dhai,(Apet,Msal))))),((KAYP,(P_016813,((GAP_80390,GAP_80389),((P_006412,P_008640),(P_011701,(P_008646,P_011679)))))),((BCGB,ABSS),((P_011537,(P_011673,(P_011739,P_011677))),(P_011607,(P_011759,((P_011735,P_011675),(P_011715,(P_011681,(P_011745,P_011611))))))))))))))))))))))))))))))))));
Final quartet score is: 6634293960
Final normalized quartet score is: 0.9533335887399251
You may want to ignore posterior probabilities and other statistics related to the following branch branch because the effective number of genes impacting it is only 5:
	{P_019189, P_025525}
You may want to ignore posterior probabilities and other statistics related to the following branch branch because the effective number of genes impacting it is only 1:
	{PAWA, P_025527}
You may want to ignore posterior probabilities and other statistics related to the following branch branch because the effective number of genes impacting it is only 4:
	{P2590, GAP_79804, GAP_80417}
You may want to ignore posterior probabilities and other statistics related to the following branch branch because the effective number of genes impacting it is only 5:
	{P2590, GAP_79804, P_019191, GAP_80417}
You may want to ignore posterior probabilities and other statistics related to the following branch branch because the effective number of genes impacting it is only 1:
	{OPDF, P2589}
You may want to ignore posterior probabilities and other statistics related to the following branch branch because the effective number of genes impacting it is only 1:
	{OPDF, P2589, P_019199}
You may want to ignore posterior probabilities and other statistics related to the following branch branch because the effective number of genes impacting it is only 2:
	{CSSK, OPDF, P2590, GAP_79804, P_019185, P2589, P_019191, GAP_80417, P_019199}
You may want to ignore posterior probabilities and other statistics related to the following branch branch because the effective number of genes impacting it is only 3:
	{CSSK, OPDF, P2590, GAP_79804, P_019185, P2589, P_019191, GAP_80417, P_025523, P_019199}
You may want to ignore posterior probabilities and other statistics related to the following branch branch because the effective number of genes impacting it is only 1:
	{WPHN, P_011613}
You may want to ignore posterior probabilities and other statistics related to the following branch branch because the effective number of genes impacting it is only 10:
	{P2619, P_011609}
You may want to ignore posterior probabilities and other statistics related to the following branch branch because the effective number of genes impacting it is only 2:
	{MAQO, WAIL, P_011527, P_014077, GAP_80298, P_014083, GAP_80297, P2619, P_011609}
You may want to ignore posterior probabilities and other statistics related to the following branch branch because the effective number of genes impacting it is only 5:
	{MAQO, WAIL, P_011527, P_014077, GAP_80298, P_014083, GAP_80297, P2619, P_011609, P_011699}
You may want to ignore posterior probabilities and other statistics related to the following branch branch because the effective number of genes impacting it is only 16:
	{P_011637, P_007844}
You may want to ignore posterior probabilities and other statistics related to the following branch branch because the effective number of genes impacting it is only 10:
	{P_011713, P_011705}
You may want to ignore posterior probabilities and other statistics related to the following branch branch because the effective number of genes impacting it is only 0:
	{P_008646, P_011679}
You may want to ignore posterior probabilities and other statistics related to the following branch branch because the effective number of genes impacting it is only 1:
	{P_008646, P_011679, P_011701}
You may want to ignore posterior probabilities and other statistics related to the following branch branch because the effective number of genes impacting it is only 8:
	{P_011745, P_011611}
You may want to ignore posterior probabilities and other statistics related to the following branch branch because the effective number of genes impacting it is only 1:
	{P_011735, P_011715, P_011759, P_011675, P_011745, P_011611, P_011681}
You may want to ignore posterior probabilities and other statistics related to the following branch branch because the effective number of genes impacting it is only 1:
	{P_011735, P_011715, P_011759, P_011675, P_011745, P_011611, P_011681, P_011607}
You may want to ignore posterior probabilities and other statistics related to the following branch branch because the effective number of genes impacting it is only 1:
	{P_016799, P_007845}
You may want to ignore posterior probabilities and other statistics related to the following branch branch because the effective number of genes impacting it is only 2:
	{P_018693, S04}
You may want to ignore posterior probabilities and other statistics related to the following branch branch because the effective number of genes impacting it is only 4:
	{S08, P_014095}
You may want to ignore posterior probabilities and other statistics related to the following branch branch because the effective number of genes impacting it is only 2:
	{P_016787, S02}
You may want to ignore posterior probabilities and other statistics related to the following branch branch because the effective number of genes impacting it is only 5:
	{P_016787, S02, S38}
You may want to ignore posterior probabilities and other statistics related to the following branch branch because the effective number of genes impacting it is only 17:
	{P2622, P2623}
30.0 2.9899497487437188 0.010050251256281407 33.0 1.670271185652184E-11
159.9943820224719 3.0 8.0 170.9943820224719 2.1414825156087632E-61
50.01457966580048 6.993171871522883 10.992248462676635 68.0 1.499421836158771E-11
39.49734345351044 20.50588235294118 17.996774193548386 78.0 0.004913948207008399
150.48360177941402 2.8888193508191358 3.164026177636148 156.5364473078693 4.724730658371372E-61
68.03324729454167 15.972346936777544 7.999430894308943 92.00502512562815 8.84991365284703E-16
57.434217080290125 15.55133643811391 21.0194955107537 94.00504902915773 6.543285983926689E-8
92.8438559878119 42.75619444196293 28.731019274392217 164.33106970416708 9.84954917124063E-10
104.09798669030619 23.83423520923521 29.6873394854103 157.61956138495168 2.8147297773621944E-17
162.51486826659712 1.9568928950159064 2.692616080003071 167.16437724161608 2.1467373654256722E-67
156.05265335117295 7.617062869293456 15.681302851317675 179.35101907178407 2.445490283674984E-51
141.0064724919094 0.0 1.9935275080906147 143.0 2.8642722023307086E-60
2.0247524752475248 0.009900990099009901 2.9653465346534653 5.0 0.2546410924451538
Not enough genes
Cannot perform polytomy test with effective N (after polytomies) 5.0:
	(P_019189,P_025525):0.006207344574333712;
1.0 0.0 0.0 1.0 0.3678794411714423
Not enough genes
Cannot perform polytomy test with effective N (after polytomies) 1.0:
	(PAWA,P_025527):0.2876820724517809;
73.04448238719623 11.994443598412255 12.6139519155361 97.65287790114459 3.89783355931085E-17
51.217214358969116 36.51506780956122 33.66484515658666 121.397127325117 0.11162068851556628
83.95642955165052 49.019168311260806 43.50731451968421 176.48291238259552 2.803105475635346E-4
27.0 1.0 0.0 28.0 1.24768915673161E-11
4.0 0.0 0.0 4.0 0.018315638888734168
Not enough genes
Cannot perform polytomy test with effective N (after polytomies) 4.0:
	(GAP_80417,(P2590,GAP_79804):2.268683541318364):1.2039728043259361;
1.779585798816568 1.25 1.220414201183432 4.25 0.9325024980113361
Not enough genes
Cannot perform polytomy test with effective N (after polytomies) 4.25:
	(P_019191,(GAP_80417,(P2590,GAP_79804):2.268683541318364):1.2039728043259361):0.008489015324911198;
66.51866255139969 41.01651188128807 39.464825567312225 147.0 0.009006691614099213
1.0 0.0 0.0 1.0 0.3678794411714423
Not enough genes
Cannot perform polytomy test with effective N (after polytomies) 1.0:
	(OPDF,P2589):0.2876820724517809;
1.0 0.0 0.0 1.0 0.3678794411714423
Not enough genes
Cannot perform polytomy test with effective N (after polytomies) 1.0:
	(P_019199,(OPDF,P2589):0.2876820724517809):0.2876820724517809;
101.13392857142857 14.532738095238095 14.208333333333332 129.875 6.713050486412347E-26
2.0 0.0 0.0 2.0 0.1353352832366126
Not enough genes
Cannot perform polytomy test with effective N (after polytomies) 2.0:
	((P_019191,(GAP_80417,(P2590,GAP_79804):2.268683541318364):1.2039728043259361):0.008489015324911198,((CSSK,P_019185):0.1913731599917038,(P_019199,(OPDF,P2589):0.2876820724517809):0.2876820724517809):1.0762485941839512):0.6931471805599453;
2.0088235294117647 0.21176470588235294 0.7588235294117647 2.9794117647058824 0.42554022660261837
Not enough genes
Cannot perform polytomy test with effective N (after polytomies) 2.9794117647058824:
	(P_025523,((P_019191,(GAP_80417,(P2590,GAP_79804):2.268683541318364):1.2039728043259361):0.008489015324911198,((CSSK,P_019185):0.1913731599917038,(P_019199,(OPDF,P2589):0.2876820724517809):0.2876820724517809):1.0762485941839512):0.6931471805599453):0.2973368076776118;
164.85681353805484 5.507063670892465 9.535037259605549 179.89891446855287 1.6241007839689154E-60
77.70927875268414 45.03957218554895 47.04977093899764 169.79862187723074 0.002677775002058342
1.0 0.0 0.0 1.0 0.3678794411714423
Not enough genes
Cannot perform polytomy test with effective N (after polytomies) 1.0:
	(WPHN,P_011613):0.2876820724517809;
10.0 0.0 0.0 10.0 4.539992976248493E-5
Not enough genes
Cannot perform polytomy test with effective N (after polytomies) 10.0:
	(P2619,P_011609):1.9924301646902058;
14.986777377417503 6.519399357490058 12.488328759597936 33.994505494505496 0.18817728885906657
59.0079988851728 1.5003362757461118 5.491664839081089 66.0 4.404472476349953E-21
27.267398036899255 20.977804631887786 15.146093656869937 63.39129632565698 0.17566977836988484
21.51755805347569 23.042894334266684 15.26836360749654 59.82881599523891 0.42700997960084985
117.884254515011 7.143289858578922 43.44626515021962 168.47380952380954 2.2536193881483435E-25
49.573481634601194 4.366495657701687 2.2600227076971264 56.20000000000001 2.73544331198007E-17
1.0169491525423728 0.536723163841808 0.0 1.5536723163841808 0.6066864400276145
Not enough genes
Cannot perform polytomy test with effective N (after polytomies) 1.5536723163841808:
	((P2619,P_011609):1.9924301646902058,(MAQO,(WAIL,(P_011527,((P_014077,GAP_80298):0.15360735041353188,(P_014083,GAP_80297):1.7207863304436664):0.1452524446869784):0.031087576401135082):0.7839140610025309):1.609457357719468):0.1024150054280694;
0.9625156663394449 0.003796406845187333 2.738811113605756 3.705123186790388 0.2102867251222622
Not enough genes
Cannot perform polytomy test with effective N (after polytomies) 3.705123186790388:
	(P_011699,((P2619,P_011609):1.9924301646902058,(MAQO,(WAIL,(P_011527,((P_014077,GAP_80298):0.15360735041353188,(P_014083,GAP_80297):1.7207863304436664):0.1452524446869784):0.031087576401135082):0.7839140610025309):1.609457357719468):0.1024150054280694):0.0;
40.00646023022126 1.0117793791574279 2.0402415436146626 43.058481152993345 1.1401869133639055E-15
28.994535519125684 1.0 0.0 29.994535519125684 1.7099555543150739E-12
32.994475138121544 1.0 1.0055248618784531 35.0 1.9969372709443442E-13
97.38468140395358 7.975488539916038 7.29597053025868 112.6561404741283 8.846316760743812E-32
104.96049382716049 5.033333333333333 5.006172839506172 115.0 1.9054839699004236E-38
139.98693567357532 24.91601082851124 3.3414425300539685 168.24438903214053 1.6211960460870833E-42
48.01686241200876 9.981117554331055 6.105530834520484 64.1035108008603 1.2536811085121789E-11
31.230798821069463 27.902260589621875 27.190813374900465 86.3238727855918 0.8507472967334161
123.08969319499843 15.858297482575566 16.586469599786284 155.5344602773603 1.28649939966531E-32
93.07295781944403 19.46564432052572 32.597602063224016 145.13620420319376 1.4583595256734623E-14
55.469242006363565 47.48444173350964 42.02787204514506 144.98155578501826 0.388429692920753
50.043616576150214 50.445519207617934 45.019522543145776 145.50865832691392 0.8282354453520426
91.2933515394774 24.70556105360518 33.50308285092076 149.50199544400334 3.9499175522921E-12
73.00502991758695 4.986492514746462 13.213956152462915 91.20547858479632 2.052339828749212E-20
34.83803132628873 24.85394113981376 24.947906033171794 84.63987849927427 0.311380386885897
32.99971349884832 12.143747853526628 23.05525474154093 68.19871609391588 0.00833804117807886
73.66307482911164 23.014644694684748 13.257422516836918 109.93514204063331 3.4487310733540965E-13
7.0123923110021575 7.000357430441851 1.9872502585559915 16.0 0.2071147003253664
17.655650357848906 12.23492511114278 16.88295262707536 46.77352809606704 0.5761202465512882
6.90414127218759 7.454332178577955 6.9481112490895125 21.30658469985506 0.9869235806009035
11.503574450924571 5.1775123907041225 3.541320832320181 20.222407673948876 0.07257237063912192
119.45017540078005 14.863657867897642 24.31039680851821 158.6242300771959 3.256969760363864E-28
65.06851787595662 50.5670359454058 44.8761010131574 160.51165483451982 0.13185362163410103
168.03071068826907 3.1125554928400265 3.2550933759647327 174.3983595570738 2.132232596365199E-68
131.7083758016203 13.159353165178025 9.759874647764716 154.62760361456304 2.3081805447995313E-41
58.87949237135974 35.42631337628592 38.35686115492315 132.6626669025688 0.02489985874568572
35.01129943502825 6.0 1.0112994350282485 42.0225988700565 3.537768544276754E-11
67.89653879701015 0.019283075549060204 1.0415706804215696 68.95739255298078 2.5910133796184387E-29
10.995073891625616 6.0 4.004926108374384 21.0 0.15688845318513858
86.70604805569441 3.19086425140643 4.110334069710742 94.00724637681158 1.3450722222837286E-32
4.898583062162805 2.791585277713431 1.013499297652861 8.703667637529097 0.271510279111977
Not enough genes
Cannot perform polytomy test with effective N (after polytomies) 8.703667637529097:
	(P_011713,P_011705):0.2973641690981137;
31.798025489023438 19.128144488812172 16.99541616259894 67.92158614043456 0.05911917346568626
53.248489597477764 47.856255983472785 31.01167671689879 132.11642229784934 0.04711192527917951
69.1526445314467 23.33314627657055 32.981765127683204 125.46755593570045 8.730829497411653E-7
13.952260086677986 11.042653721142024 8.168471331787918 33.16338513960793 0.46928671027654423
17.8131569435625 9.05723195395059 5.232924902348147 32.10331379986123 0.02051232472934896
105.52823323829861 8.49199181091663 11.098580930383154 125.11880597959839 1.4817710673777015E-32
94.39471248420428 19.146469283459083 16.88873099833156 130.4299127659949 3.660143805876719E-20
0.0 0.0 0.0 0.0 NaN
Not enough genes
Cannot perform polytomy test with effective N (after polytomies) 0.0:
	(P_008646,P_011679):0.0;
1.0 0.0 0.0 1.0 0.3678794411714423
Not enough genes
Cannot perform polytomy test with effective N (after polytomies) 1.0:
	(P_011701,(P_008646,P_011679):0.0):0.2876820724517809;
49.71371085629757 34.93561224389861 33.35049046015725 117.99981356035343 0.12611064682488204
47.92787634208996 34.0370908550556 27.65052086225128 109.61548805939685 0.052775552865019094
26.47779644043894 15.933558582415786 13.913685287670384 56.32504031052511 0.08852424828674879
24.740963777766616 20.681104626061483 23.4738715187571 68.8959399225852 0.8287190326132745
81.07764228546155 27.131298736332106 26.695398876529048 134.90433989832272 3.588556526928757E-10
22.000762612902456 2.030956169908274 2.9844687641961105 27.016187547006837 7.598809548026831E-7
9.050518432527783 5.424924365922515 5.518339835500921 19.99378263395122 0.5267928608880321
12.20744822199179 7.349946250100068 12.12420566665371 31.681600138745566 0.4808402993183237
79.07615304641043 4.718401502895107 4.796367840273128 88.59092238957865 8.385026627173637E-28
3.0032149418248624 3.0233163388826383 0.0 6.0265312807075 0.2216439294668829
Not enough genes
Cannot perform polytomy test with effective N (after polytomies) 6.0265312807075:
	(P_011745,P_011611):0.15212153680019644;
11.05509831914782 10.43415251244835 5.015257675816227 26.504508507412396 0.28667564762077635
27.55463003143433 8.771697163827914 9.273072205043809 45.599399400306055 5.335792289477749E-4
35.82942215743085 16.395756793791055 11.746957260849776 63.97213621207168 4.742981636893799E-4
0.3333333333333333 0.0 0.007575757575757576 0.3409090909090909 0.7271031924408123
Not enough genes
Cannot perform polytomy test with effective N (after polytomies) 0.3409090909090909:
	(P_011759,((P_011735,P_011675):1.7370080211900727,(P_011715,(P_011681,(P_011745,P_011611):0.15212153680019644):0.1085952070989783):0.4893300544770188):0.3962884613331429):0.0;
0.007707129094412331 0.0 0.005780346820809248 0.01348747591522158 0.9964280845848429
Not enough genes
Cannot perform polytomy test with effective N (after polytomies) 0.01348747591522158:
	(P_011607,(P_011759,((P_011735,P_011675):1.7370080211900727,(P_011715,(P_011681,(P_011745,P_011611):0.15212153680019644):0.1085952070989783):0.4893300544770188):0.3962884613331429):0.0):0.0;
70.46203730871954 9.535868952030532 8.069154639696043 88.06706090044611 1.751230229217536E-19
42.77537566526283 46.5044267127898 27.79416468251009 117.07396706056272 0.08102388250817621
65.82738126445574 41.41107883462259 31.615971143380005 138.85443124245833 0.001222646071461492
127.82137490221776 16.849469728232716 8.747395824382686 153.41824045483315 2.561683471186839E-38
33.58623341505781 1.0282272563825963 0.12375960721903762 34.73822027865945 2.3403835906883503E-14
9.961407462714083 9.765961727932503 8.062051455660717 27.7894206463073 0.8888438233683965
61.367150317551655 16.480522605232487 16.806246651690557 94.6539195744747 6.64012521878078E-10
71.64863610197892 34.5308459266309 32.35333530451526 138.53281733312508 2.5859997581141013E-5
107.14943546809923 12.785871191297659 13.536659405937561 133.47196606533444 1.7991140091716698E-29
95.29329467517472 26.54273642104034 31.09002179567443 152.9260528918895 2.54644288469704E-13
109.96867520208725 26.570809082553325 28.44912116033129 164.98860544497188 1.2447410910114706E-18
164.85463230111748 3.7325071609270126 5.137684836668775 173.72482429871326 4.600794759033998E-65
12.068659510046793 3.6232573954437264 4.218783374621525 19.910700280112046 0.03517404280412191
58.88701673659983 47.60586433012907 39.08599901382213 145.57888008055102 0.13093802104414579
37.117893548601515 35.72863551910912 21.068128106097863 93.9146571738085 0.07997887435181777
68.38093293052414 19.746447913398374 9.195866977020229 97.32324782094274 4.5557901162401056E-14
1.0 0.0 0.0 1.0 0.3678794411714423
Not enough genes
Cannot perform polytomy test with effective N (after polytomies) 1.0:
	(P_016799,P_007845):0.2876820724517809;
68.25848848531709 61.6394010673893 29.976119883681633 159.874009436388 3.874507465307264E-4
141.47500860398273 8.962642527473793 14.093780192370483 164.531431323827 2.3736599289603487E-45
129.59255846873182 10.621245748622824 20.63770891401006 160.8515131313647 5.379353955877264E-36
72.19966355175204 29.00074883460042 25.475566140224114 126.67597852657657 1.0900144750327883E-7
71.54843659301666 29.773571362977105 30.681632574306068 132.00364053029983 2.401870195049643E-6
0.5032455567281438 0.2524875621890547 1.2083521785014322 1.9640852974186307 0.6871723931198074
Not enough genes
Cannot perform polytomy test with effective N (after polytomies) 1.9640852974186307:
	(P_018693,S04):0.0;
37.298778368036295 3.461277619673679 3.873592935435731 44.63364892314571 9.84566603130572E-12
3.032967032967033 0.005494505494505495 0.0 3.0384615384615383 0.04870333214226018
Not enough genes
Cannot perform polytomy test with effective N (after polytomies) 3.0384615384615383:
	(S08,P_014095):0.9849192382632515;
15.214155449101133 9.110485318725253 6.4105054846386205 30.735146252465007 0.13731268462676716
125.77038542535003 1.031126540095741 1.066288372068461 127.86780033751423 1.4682017180414886E-53
2.0 0.0 0.0 2.0 0.1353352832366126
Not enough genes
Cannot perform polytomy test with effective N (after polytomies) 2.0:
	(P_016787,S02):0.6931471805599453;
3.9924672932430596 0.9664748499546293 0.020753288274392125 4.979695431472081 0.07478907537696676
Not enough genes
Cannot perform polytomy test with effective N (after polytomies) 4.979695431472081:
	(S38,(P_016787,S02):0.6931471805599453):0.6961637549717782;
39.49520567443477 36.574672037906495 47.01685886828231 123.08673658062358 0.49292226463201094
49.15760728236314 38.858231064127665 42.6584071235309 130.6742454700217 0.5364603107460304
69.08206570116914 30.792520963296692 24.76226954510378 124.63685620956961 9.123953129520122E-7
19.73715968608027 14.264185544538055 11.00733455265869 45.00867978327702 0.2732963995943538
17.971570337820957 15.142898374900586 11.663235627234727 44.77770433995627 0.5122665509208182
49.889677568931845 45.72261632427579 46.738931795471316 142.35122568867894 0.9053007561762653
67.79670336425269 46.24996271086346 41.36648771514963 155.41315379026577 0.021976520579862657
179.45039274245076 0.41294270800848787 0.14037886690870258 180.00371431736795 3.50346031205564E-78
13.584953968513373 0.4265402843601896 2.9885057471264367 17.0 1.8632709715683715E-4
32.14897395033066 12.037213170565586 25.301998226022366 69.48818534691861 0.010956195151417318
80.11480224031857 36.908862174583575 21.94818624237201 138.97185065727416 2.7979323769495303E-9
55.84883428507916 21.49301508276727 37.62439498184351 114.96624434968993 4.485273632898872E-4
59.25542668896136 48.845989786810165 30.398225980798312 138.49964245656983 0.009793300953045876
47.48954032062531 38.492936468245595 49.38399105972499 135.3664678485959 0.47220398073668957
109.01130458453531 4.328514056224899 4.689855054018894 118.0296736947791 6.554684953861536E-41
70.9639751552795 0.3217391304347826 1.7142857142857144 73.0 7.674745163461073E-30
35.51412624081519 14.525742732223899 26.86710777114697 76.90697674418605 0.01303314660533795
176.984126984127 3.0853658536585367 0.9305071622144794 181.0 3.3844742056859204E-74
165.0 0.9146341463414634 0.08536585365853659 166.0 1.595010582635086E-71
45.0 1.0 1.0 47.0 1.2905162242862571E-18
74.33503761707354 12.091025641025642 14.748295716259786 101.17435897435897 1.119515398912236E-16
73.00106895182341 19.49230853162029 23.50662251655629 116.0 1.0576114933917078E-10
84.5 0.5059171597633136 1.9940828402366864 87.0 2.483698114506725E-35
111.58333333333334 8.578205128205127 7.515384615384615 127.67692307692309 3.416239743140679E-37
147.82637457722322 3.046464613076885 1.1319533685000465 152.00479255880015 2.0373162745512914E-61
56.970118737858066 36.009020166984655 56.78687576502639 149.76601466986912 0.05456996343530076
131.97848049141862 5.0230631694938594 8.998456339087495 146.0 3.2382509300029417E-47
144.98278792312408 0.010760463972693876 1.0064516129032257 146.0 8.112923166004517E-63
108.50564971751413 22.00769390996433 22.503137154700056 153.01648078217852 7.685367464711019E-22
164.3874753878894 1.6184131251137155 1.35053713012251 167.35642564312562 1.3633807013478403E-69
120.99411764705883 13.005882352941176 22.0 156.0 1.0325970238561822E-30
169.40397622539783 0.17447916666666666 0.020719206747794733 169.59917459881228 3.963420300042701E-74
72.15971605177984 21.04102709909468 9.85608924216865 103.05683239304317 1.1254243210801124E-14
43.83221926922025 41.01818669604672 38.46340559973514 123.31381156500211 0.8390826519026149
55.48486222405249 41.68783679044497 38.84449682596456 136.01719584046202 0.1742318787888421
56.18960803246855 49.19337964752126 35.29288965472301 140.67587733471282 0.08956474956900796
149.0 1.0 0.0 150.0 1.4126197392823136E-64
87.08379737813785 25.027874355307464 30.35876851509711 142.47044024854242 1.5238149363468688E-11
136.23367099573346 5.06914147417782 6.93324567422723 148.23605814413852 2.0061231416820567E-50
61.50557459037524 41.01719476228265 40.18479057194047 142.70755992459834 0.04661379616873192
49.99280452497258 37.86876380402644 51.5415321276503 139.40310045664933 0.29929020690453584
99.36378737554348 26.39710373108603 24.685235014010736 150.44612612064026 1.8269168937524732E-16
125.98124125321645 20.060908385661325 13.765769911575095 159.80791955045288 3.900740046525314E-33
133.0142857142857 3.0 4.964285714285714 140.97857142857143 5.032171848712586E-52
129.94084318903015 7.033763795343089 5.5556690197891765 142.5302760041624 2.575446973862387E-47
70.09134187132312 40.16115485402191 36.39224298736494 146.64473971270996 9.351068410698316E-4
121.56263895609546 14.536199007468277 9.990718512274617 146.08955647583835 2.754138657963871E-36
78.07713381125994 41.98508810826012 27.002461761395587 147.06468368091564 7.82364245386012E-7
91.17113099980163 39.99634246152227 31.608764581035764 162.77623804235967 4.784657782672077E-9
169.6698916458641 2.33212042205643 3.6670739749434818 175.66908604286402 2.0923538399388986E-69
156.20791404248686 5.019882996646378 4.533069972144933 165.76086701127818 8.296906832106782E-61
78.97320362499579 38.02679637500421 26.0 143.0 9.401949933594964E-8
158.7305093469015 2.6847788077013024 5.976200366666606 167.3914885212694 1.342993003022614E-62
68.9994729925699 40.08043811403071 50.92583552724316 160.00574663384378 0.01828455149571381
53.99001058126778 48.99352490667261 50.998821917357155 153.98235740529756 0.8841096732882134
113.45961825868403 25.034763763787875 19.0 157.4943820224719 7.364515266035282E-24
160.6754370949272 5.0751443001442995 0.5265788477864112 166.27716024285792 7.247755345011646E-66
136.1472578995518 18.439374034427154 18.182018246174813 172.76865018015374 1.2460340423501404E-35
70.86096358641919 47.85777438909324 40.80952706508318 159.5282650405956 0.009612669782880555
152.52349652766583 6.8342285671538665 9.780552404082611 169.1382774989023 3.7997592968598113E-54
52.506009458062735 42.70173263848829 48.96052797291065 144.16827006946167 0.5988002939414561
123.44440888209388 14.68965259750692 9.168149562085516 147.30221104168632 1.8539661044410312E-37
152.69742383878884 3.3967047877904295 6.35685067347951 162.45097930005878 3.6845396774711057E-59
51.187191320776705 39.53080561207334 47.738677525962714 138.45667445881276 0.45983134098370404
119.7022198791407 12.638738095438557 12.876541508344072 145.21749948292333 6.243083855219781E-35
126.1338317151194 19.98729060661894 12.317470465990988 158.43859278772933 5.2851447955559304E-34
106.97743844027757 17.36250650759927 8.91598341832387 133.2559283662007 1.3404624637096082E-29
81.02308568854644 31.011090894750627 38.64131486062662 150.6754914439237 5.282519471802083E-7
129.5016998353091 14.521625118050327 17.319290610332825 161.34261556369225 1.8142783382301318E-35
123.81357630790319 16.47897403606306 12.53539648353365 152.8279468274999 1.0334401365920734E-34
77.6849773248434 31.719988028437918 28.97671264583211 138.38167799911344 8.91125210737998E-8
53.360309286033335 48.725718183160026 45.46078194126843 147.5468094104618 0.7258739350126293
109.58069021863884 9.38022353522101 10.769573048867047 129.7304868027269 7.055921636267993E-34
145.3177431421487 7.0428363556661635 2.5391729980879343 154.8997524959028 3.892977347401697E-56
36.5739113821858 33.26248905428217 33.15926476331562 102.99566519978359 0.8959344338684653
71.316307159603 30.159628462942802 35.14855482907143 136.62449045161725 1.5458903045662425E-5
141.05738486413745 8.847575993058436 5.073659144703836 154.9786200018997 3.7976225785365797E-51
53.53571382148073 48.98868751502571 36.70742579645346 139.2318271329599 0.19536724270420947
63.2456679172281 30.701783959010406 32.73038408339042 126.67783595962892 3.812916750210362E-4
72.77511412372681 18.375936154846467 20.44010883742212 111.5911591159954 8.006333222069825E-12
35.00178516613167 32.65823184487596 30.85440423916425 98.51442125017188 0.8766123626056167
66.8287718145772 18.207442462297667 25.539190363056495 110.57540463993135 8.017349919712395E-9
28.929187283502966 1.1169375699212676 0.036303558272470185 30.0824284116967 2.410243478157031E-12
34.495651457061626 24.53656424098675 25.204149827498394 84.23636552554677 0.3316068207065391
34.07547724618592 31.393931564944975 24.51620321618122 89.98561202731211 0.44461870194229614
92.46518741066039 10.636808839631032 9.189269859283643 112.29126610957506 4.334867713673296E-27
33.946159543928374 30.16038059487067 26.33438656020128 90.44092669900033 0.618488746046088
33.44994029873921 29.410645018597176 27.333036412240528 90.19362172957692 0.7248420913058452
148.9022576393686 2.0017177837584095 2.930333784202377 153.8343092073294 2.8850710904435755E-61
40.31945267572861 18.455840213133833 20.904014382779245 79.67930727164169 0.004504301884102593
30.519681696361946 23.865833306407065 22.770444825133065 77.15595982790208 0.5046766764352952
120.12837497115125 8.960498774397161 5.906443265262605 134.995317010811 1.3175634455992496E-41
83.86341330915326 11.084961285387742 15.91468787228117 110.86306246682219 3.4379910040527456E-20
37.61064116133849 18.706266345860225 29.429654815289123 85.74656232248785 0.043079706404435834
31.110522296434166 27.98491607482245 29.612316703037553 88.70775507429417 0.9206781259270242
123.76775793583435 8.058904883827045 2.273321442016702 134.09998426167812 2.3099135812899123E-46
33.1223518696408 21.592671188933544 28.6717304956391 83.38675355421344 0.2963102723535145
31.780829764997993 28.796738062875978 30.091047306808477 90.66861513468245 0.928587456206104
34.41818432364828 27.299170506943792 28.600280169066327 90.3176349996584 0.6204424930942056
34.67381150000606 30.445317337749714 26.260298102142336 91.37942693989811 0.5593422294951593
106.24429204492422 7.878062813366605 8.49481012284887 122.61716498113971 8.763170842715261E-35
90.33576072458128 12.341713260542374 11.080852814536675 113.75832679966032 2.4842474988850904E-24
145.7750090261301 4.942588001633236 3.553291818032585 154.27088884579592 4.063284316315966E-57
152.60581863149886 5.486457198829279 8.892722186752854 166.98499801708098 9.575840667905558E-56
81.7795675337732 40.06884596271442 39.72770696577229 161.57612046225992 1.9281431983751745E-5
148.63036173139224 7.3802574142116075 11.857951751245986 167.86857089684983 9.277803235400622E-51
174.748934681178 1.4025163189592567 1.638898507844142 177.7903495079814 4.992274030992543E-74
131.09489856481008 13.014737543271824 36.645254931613046 180.75489103969494 7.281990562000202E-29
124.24272342287334 21.35263515086326 29.44245556904782 175.0378141427844 4.330090979694842E-25
168.56946362409934 1.4652659243814357 6.180444431463939 176.21517397994472 1.1666377388675784E-67
118.74347905709519 29.795630799919714 20.26542141879051 168.8045312758054 1.6998758053789878E-23
54.07806319552557 0.006097560975609756 0.0 54.084160756501184 3.3074321272262417E-24
43.0 5.5 5.5 54.0 4.900584331150314E-12
29.501104019320337 3.9935483870967743 2.5053475935828877 36.0 4.637081904320333E-9
Extended species tree:
(P0109B,((P_018831,OSHQ)0:1.7346010553881062,((P_016909,WZFE)0:2.2570900557238045,(P0203H,((((SJEV,(P_019193,(P_019187,Wsal)0:0.8849700627186075)0.00491:0.28761482037174485)0:2.7007605784159545,(P_016921,(GAP_81227,(WKSU,(Pcol,(P_006410,GAP_81226)0:0.9094421167551798)0:0.5222369264470001)0:0.41907465477558875)0:0.662447042057596)0:2.9879081945952093)0:1.5990308559592112,(((Asie,QDVW)0:3.467895730853159,((P_019189,P_025525)NA:0.006207344574333712,(P_019197,(PAWA,P_025527)NA:0.2876820724517809)0:0.9432220492944368)0.11162:0.13659513477633672)0.00028:0.23516459288241967,(P_025523,((P_019191,(GAP_80417,(P2590,GAP_79804)0:2.268683541318364)NA:1.2039728043259361)NA:0.008489015324911198,((CSSK,P_019185)0.00901:0.1913731599917038,(P_019199,(OPDF,P2589)NA:0.2876820724517809)NA:0.2876820724517809)0:1.0762485941839512)NA:0.6931471805599453)NA:0.2973368076776118)0:2.017256708982941)0.00268:0.20146039382396494,(((WPHN,P_011613)NA:0.2876820724517809,((P_011699,((P2619,P_011609)NA:1.9924301646902058,(MAQO,(WAIL,(P_011527,((P_014077,GAP_80298)0.18818:0.15360735041353188,(P_014083,GAP_80297)0:1.7207863304436664)0.17567:0.1452524446869784)0.42701:0.031087576401135082)0:0.7839140610025309)0:1.609457357719468)NA:0.1024150054280694)NA:0.0,((((GAP_79862,P_011587)0:1.9808370104895432,(P_014081,(P_008647,P0104A)0:2.3351986267024336)0:2.0776016147578273)0:1.5382998746493215,((KRJP,(P_011549,GAP_80395)0:1.9466447738707588)0:1.3497442942874716,((P_011643,(P_011657,(P_011509,P_011651)0:0.9322160064498344)0.85075:0.03714642807043016)0:1.1379157367515373,((GAP_80393,GAP_80394)0:0.6075894541181258,((P_011647,(P_011465,((P_011501,P_011523)0.38843:0.07252927007766227,(P_011487,P_011489)0.82824:0.012438738747933251)0:0.5274436916249752)0:1.1636207945039145)0.31138:0.116753221277961,(P_011551,((P_007783,(P_006414,P_007843)0.00834:0.24248563495750944)0:0.6852364387066849,(P_011631,(P_011637,P_007844)0.20711:0.12640314253603155)0.57612:0.05588763222998343)0.98692:0.0)0.07257:0.3755269086434926)0:0.9741360017092001)0.13185:0.110158617757734)0:2.764495977629096)0:1.4673182425305356)0.0249:0.17526118640497557,((P_011531,(P_006411,Schi)0:1.2754074501290251)0:3.119300929218124,(VYLQ,(P_018635,(P_008631,((P_008632,(P_011671,P_011579)0.15689:0.28723434466279274)0:2.0320881778144844,(((P_011713,P_011705)NA:0.2973641690981137,(P_006413,(WIGA,(Dhai,(Apet,Msal)0.05912:0.2132524914735168)0.04711:0.10538456354762463)0:0.3859598685506751)0.46929:0.11945615449796246)0.02051:0.3669590054240489,((KAYP,(P_016813,((GAP_80390,GAP_80389)0:1.4069259220563073,((P_006412,P_008640)0:0.8611397992993396,(P_011701,(P_008646,P_011679)NA:0.0)NA:0.2876820724517809)0.12611:0.13541247037804283)0.05278:0.16243116002816851)0.08852:0.21422501717342388)0.82872:0.03144196795430287,((BCGB,ABSS)0:0.5023088890019213,((P_011537,(P_011673,(P_011739,P_011677)0:1.1329903690272691)0.52679:0.15859376642366124)0.48084:0.062183916084733254,(P_011607,(P_011759,((P_011735,P_011675)0:1.7370080211900727,(P_011715,(P_011681,(P_011745,P_011611)NA:0.15212153680019644)0.28668:0.1085952070989783)0.00053:0.4893300544770188)0.00047:0.3962884613331429)NA:0.0)NA:0.0)0:1.1604928413245752)0.08102:0.04438473141082455)0.00122:0.2307064300647227)0:1.353406287689083)0:2.404364066032497)0.88884:0.019197049127734147)0:0.620512021432463)0.00003:0.3150316793226112)0:1.188178980045062)0:0.5597136486273533)0:0.6807465113815231)0:2.468227889766821,((((P_018639,P_018779)0.03517:0.4552781886244802,(P_018695,(P_018783,P_018645)0.13094:0.10826948924740223)0.07998:0.09058025273213222)0:0.78352269611878,((P_016797,((P_016799,P_007845)NA:0.2876820724517809,(OBPL,GAP_80397)0.00039:0.14669965997039613)0:1.523293968184857)0:1.207418552536023,((P_016793,(P_006422,P_016795)0:0.42807435613968625)0:0.3666028740042613,(P_018691,((P_018693,S04)NA:0.0,((P_016789,S27)0:1.2947322654666973,((P_016791,(S08,P_014095)NA:0.9849192382632515)0.13731:0.24732793090887636,((S03,P_014099)0:3.3227541028963343,(S38,(P_016787,S02)NA:0.6931471805599453)NA:0.6961637549717782)0.49292:0.0)0.53646:0.06186597899122635)0:0.3927206322730603)0.2733:0.15487949512097554)0.51227:0.0930754157632763)0.9053:0.022282532854837372)0.02198:0.16271830888601196)0:4.35265685439254,(((P2622,P2623)0.00019:0.9998883896286426,(P0110C,(P0207A,((P0207C,P0110B)0.01096:0.20350683521448504,((XQWC,P0207B)0:0.44401703444487034,(P0206H,P0206G)0.00045:0.2515345591390603)0.00979:0.14752224836442354)0.4722:0.02262819422457615)0:2.0694873937377)0:2.7880509422230824)0.01303:0.20307067320097544,((GAP_80322,DHPO)0:3.185934091773254,((P_012795,P_012941)0:4.019381523748647,((P_012861,((P_012855,(P_012827,P_007802)0:2.367123614131617)0:0.8947661888864441,((P_012813,P_018637)0:0.5725434874260664,(P_012921,P_012919)0:2.8191087378746738)0:1.6131361581129013)0:2.980504536044819)0.05457:0.06914285349117325,(((P_012867,((P_012817,P_012899)0:1.8754836717669736,(P_012847,P_012923)0:3.8832510805178693)0:0.8136441636396956)0:3.34211656473068,(P_012843,(((P_012937,(P_012939,P_006421)0:1.067098373439336)0:4.555539514248884,(P_012803,(P_012853,(P_012837,P_012829)0:0.7769564982139743)0.83908:0.02931550785534312)0.17423:0.11364165386763925)0.08956:0.09972101642491117,(((P_012801,(P_012809,P_012879)0:3.918667548146818)0:0.5284316126562536,(P_012839,(P_012805,(P_012825,(P_012799,YZRI)0:2.0349312596271227)0.04661:0.1531358384166966)0.29929:0.03469431230195634)0:0.6619389467634437)0:1.1243617875437413,(P_012909,(((P_012865,(P_012931,(P_012935,P_012933)0:2.3569626037165494)0:1.9517883956106343)0.00094:0.23837716920328786,((P_012871,P_012849)0:1.3458430364619038,(P_012807,P_012845)0:0.3438667548490153)0:0.40800072159564643)0:2.8230182479688466,((GAP_81172,P_012833)0:2.354690021035209,((P_012927,(PSJT,GAP_80295)0:0.3895487546015343)0:2.4527314423061806,((P_012791,P_012915)0.01828:0.1541181831401516,(P_012869,(P_012823,(P_012819,P_012835)0.88411:0.022801439190346214)0:0.8528193203195532)0:2.8268562728212605)0:1.1246868775008407)0.00961:0.1768987548056924)0:1.8624080178692255)0.5988:0.04346716817678897)0:1.3806153767047482)0:2.3158115760048434)0.45983:0.05189442400871642)0:1.301908971899513)0:1.1604933798699708,((P_012797,(P_012841,((P_012913,P_012877)0:1.1881843066366045,(P_012811,(P_012891,P_012895)0:0.35850604553649834)0:1.1925687359972232)0:1.2286933570578613)0:0.4095204910465106)0.72587:0.039596889023766305,((((P_012815,P_012903)0:1.4160424555124558,(P_012925,P_012883)0:2.2845927519597042)0.89593:0.02791638661213091,(P_012857,(P_012875,((P_012831,P_012905)0.00002:0.32475046667657265,(P_012901,(P_012851,P_012887)0:1.9414684630975863)0.19537:0.07542279947192965)0.00038:0.2784320643481379)0:0.634028117110809)0.87661:0.027976349847761543)0:0.5082193312551251,(P_018689,((P_012885,(P_012859,(GAP_80294,P_006420)0:2.2642033400781005)0.33161:0.11323443292015291)0.44462:0.06376283538522713,((P_012881,P_012873)0:1.2882909855643352,((P_012907,(P_012889,GAP_80291)0.61849:0.0585341081672813)0.72484:0.05150591838781411,(((P_006418,(P_012793,(GAP_80292,P_006419)0:2.8565203467753864)0.0045:0.2871814260176993)0.50468:0.08964659067259396,(P_012863,(P_012911,(P_012917,P_012821)0:1.7429175154315946)0:0.9796183785729309)0.04308:0.16293532333277982)0.92068:0.02040463965011555,((GAP_80293,P_012893)0:2.072899466318214,P_012897)0.29631:0.09294874574376705)0.92859:0.020242389385258942)0.62044:0.0675931283875174)0.55934:0.06508470348926723)0:1.5568143395055274)0:1.141855758861204)0:2.3888481520488036)0:1.9853949630803858)0.00002:0.29374691475390463)0:1.716083256721441)0:3.3841539441855826)0:0.8720574227212871)0:0.8179383459091397)0:2.6148362730181813)0:0.7961608322755153)0:3.597318057064376)0:1.1169614273363064)0:1.1906969974052026));
Weight calculation took 59.49349515 secs
ASTRAL finished in 77.495 secs
