
================== ASTRAL ===================== 

This is ASTRAL version 5.7.7
Gene trees are treated as unrooted
190 trees read from all_bs10.trees
index225
All output trees will be *arbitrarily* rooted at P0109B

======== Running the main analysis
Number of taxa: 239 (239 species)
Taxa: [P_012913, P_012841, P_012831, P_012797, P_012901, P_012851, P_012887, P_012925, P_012883, P_012857, P_012815, P_012903, P_012867, P_012817, P_012899, P_012847, P_012923, P_012939, P_006421, P_012937, P_012853, P_012843, P_012803, P_012837, P_012825, P_012799, P_012801, P_012809, P_012865, P_012931, P_012935, P_012933, GAP_81172, P_012833, P_012927, PSJT, GAP_80295, P_012791, P_012869, P_012819, P_012835, P_012823, P_012915, P_012807, P_012909, P_012871, GAP_80322, DHPO, XQWC, P0207B, P0110C, P0207A, P0206H, P0207C, P0206G, WPHN, KRJP, MAQO, WAIL, VYLQ, Apet, P_011735, P_008646, P_006412, GAP_79862, P_011527, P_011715, GAP_80390, GAP_80389, Dhai, BCGB, ABSS, WIGA, P_018831, P_016909, WZFE, WKSU, GAP_81227, P_016921, P_006410, GAP_81226, P_019187, SJEV, CSSK, OPDF, P2590, GAP_79804, P_019185, P2589, P_019189, PAWA, Asie, QDVW, OBPL, P_016799, GAP_80397, P_016797, P_006422, P_016795, P_016793, P_018695, P_018783, P_018645, P_018693, P_016791, P_016787, P_016789, S03, P_014099, YZRI, P_012849, P_012845, P_012795, P_012921, P_012919, P_012813, P_012827, P_012861, P_012875, P_012891, P_012895, P_012811, P_018689, P_012885, P_012859, P_012793, P_012911, P_012863, P_012889, GAP_80291, P_012917, P_012821, GAP_80294, GAP_80292, P_012897, P_012907, GAP_80293, P_012893, P_012881, P_012873, P_012877, P_012839, P_012905, P_006419, P_006418, P_012941, P2622, P_018639, P_014077, GAP_80298, P_014083, GAP_80297, GAP_80393, GAP_80394, P_011643, P_011509, P_011651, P_011631, P_011647, P_011487, P_011489, P_011501, P_011523, P_011465, P_011637, P_007783, P_006414, P_011549, GAP_80395, P_008647, P0104A, P_014081, P_011587, P_018635, P_019191, P_011679, P_008640, P_011759, P_011675, P_006413, Msal, P_016813, P_008632, P_011671, P_008631, P_006411, Schi, P_011531, P2619, OSHQ, Wsal, P_019193, Pcol, P_019197, P_018637, P_007802, P_012855, P_012829, P_012879, P_012805, P0110B, P_011713, P_011705, KAYP, P_011537, P_018779, S08, S02, P_007844, P_011657, P_011673, P_011739, GAP_80417, S27, P_018691, P_006420, P_007843, P_011745, P_011611, P_011579, P0203H, P_011551, P_011677, P_025525, P_014095, P0109B, P_011681, P_011609, P_025523, S38, P2623, P_011699, P_011607, P_019199, P_011613, P_007845, S04, P_025527, P_011701]
Taxon occupancy: {P_019193=81, P_019191=6, P_019197=136, OPDF=174, GAP_81172=181, P_018783=172, P_019199=1, Wsal=103, P_016921=169, WKSU=189, P_025523=3, P_025525=6, P_025527=1, P0203H=55, P_014077=37, QDVW=184, P_011487=172, P_011489=176, P_016813=160, P_006421=177, P_006422=178, P_006420=38, P_006418=170, P_006419=176, P_006414=164, P_014081=39, P_014083=67, P_018689=181, P0206H=147, P0206G=131, Msal=165, P0109B=36, P_012901=179, P_006410=156, P_006411=145, P_012903=184, P_006412=164, P_006413=167, P_012905=180, GAP_79862=148, PAWA=181, P_012907=181, ABSS=183, P_012909=171, P_018691=58, GAP_80291=183, P_018695=170, P_014095=11, GAP_80293=177, P_018693=165, GAP_80292=174, GAP_80295=165, P_014099=154, GAP_80294=170, GAP_80297=167, GAP_80298=165, P_012911=182, P_011701=1, P_012913=157, P_012915=176, P_011705=24, P_012917=163, P_012919=128, P_012881=179, P_011671=66, P_011551=25, P_012883=180, MAQO=185, P_011673=49, GAP_80322=183, P_012885=175, P_011675=118, P2590=128, P_012887=179, P_011677=68, P_012889=175, P_011679=64, P_008647=138, PSJT=181, P2589=125, P_012891=166, P_011681=45, P_012893=174, P_018637=158, P_012895=175, P_018635=103, P_012897=180, P0207C=154, P_012899=159, P0207B=157, P0207A=156, P_018639=93, P_008646=172, P_008640=169, BCGB=185, WZFE=186, P_018645=169, KRJP=184, KAYP=97, P_011699=5, P_011579=57, CSSK=179, P_008632=162, P_016909=175, P_007783=130, P_008631=38, P_019187=159, P_019185=158, P_019189=129, P_012791=176, P_012793=177, Asie=147, P_012795=170, P_011465=179, P_018779=35, P_012797=179, P_011587=51, P_012799=173, GAP_80417=35, WIGA=173, GAP_79804=98, P_007802=57, P_012841=175, P_011631=55, P_012843=181, Pcol=96, P_012845=181, P_012847=165, P_011637=154, P_011759=91, P_012849=172, Apet=89, OBPL=184, P0110C=130, P_018831=156, P0110B=75, YZRI=186, P_012851=174, P_012853=170, P_011643=169, P_011523=172, P_012855=150, P_012857=171, P_011647=104, P_011527=66, P_012859=162, WAIL=188, P_016789=168, P_012861=176, P_011651=94, P_016787=170, P_011531=71, P_012863=182, P_012865=167, Schi=95, P_012867=173, P_011657=95, P_011537=52, P_012869=172, P_016793=163, P_016791=170, P_016797=175, SJEV=186, P_016795=166, P_012871=162, P_012873=185, P_016799=175, P_012875=174, P_012877=176, P_012879=171, P_011549=118, P_007844=28, P_007845=1, S02=82, P_012921=100, S04=2, P_012801=168, S03=142, P_012923=161, P_011713=31, P_012803=171, P_012925=178, P_011715=72, S08=32, P_012805=171, P_007843=82, P_012927=170, P_012807=175, P_012809=176, VYLQ=188, DHPO=188, GAP_80390=160, P2622=77, P2623=19, XQWC=188, GAP_80394=172, GAP_80393=183, GAP_80395=179, GAP_80397=174, P_012931=169, P_012811=178, P_012933=161, WPHN=184, P_012813=160, P_012935=163, P_012815=177, P_012937=175, P_012817=168, P_011607=1, P_012939=174, P_012819=171, P_011609=25, P2619=44, OSHQ=184, GAP_80389=154, P_012941=176, P_012821=180, P_011611=18, P_012823=173, P_011613=1, P_011735=162, P_012825=166, S27=48, P_012827=117, P_011739=87, P_012829=132, Dhai=180, P0104A=104, P_012831=176, P_011501=180, P_012833=172, GAP_81226=172, GAP_81227=174, P_011745=86, P_012835=168, S38=5, P_012837=169, P_012839=165, P_011509=173}
Number of gene trees: 190
190 trees have missing taxa
Calculating quartet distance matrix (for completion of X)
Species tree distances calculated ...
Will attempt to complete bipartitions from X before adding using a distance matrix.
Building set of clusters (X) from gene trees 
------------------------------
gradient0: 21019
Number of Clusters after addition by distance: 21019
calculating extra bipartitions to be added at level 1 ...
Adding to X using resolutions of greedy consensus ...
Limit for sigma of degrees:6025
polytomy size limit : 14
discarded polytomies:  [3, 3, 3, 3, 3, 3, 3, 3, 3, 3, 3, 3, 3, 3, 3, 3, 3, 3, 3, 4, 4, 4, 4, 4, 4, 4, 4, 4, 4, 4, 4, 5, 5, 5, 5, 6, 6, 6, 8, 8, 8, 9, 10, 11, 12, 14, 14]
Threshold 0.0:
polytomy of size 4; rounds with additions with at least 5 support: 0; clusters: 21033
Threshold 0.01:
polytomy of size 5; rounds with additions with at least 5 support: 2; clusters: 21059
Threshold 0.02:
polytomy of size 8; rounds with additions with at least 5 support: 1; clusters: 21261
Threshold 0.05:
polytomy of size 3; rounds with additions with at least 5 support: 0; clusters: 21261
polytomy of size 8; rounds with additions with at least 5 support: 0; clusters: 21269
Threshold 0.1:
polytomy of size 3; rounds with additions with at least 5 support: 0; clusters: 21269
polytomy of size 3; rounds with additions with at least 5 support: 0; clusters: 21269
polytomy of size 6; rounds with additions with at least 5 support: 0; clusters: 21271
polytomy of size 9; rounds with additions with at least 5 support: 0; clusters: 21289
polytomy of size 4; rounds with additions with at least 5 support: 0; clusters: 21289
Threshold 0.2:
polytomy of size 3; rounds with additions with at least 5 support: 0; clusters: 21289
polytomy of size 5; rounds with additions with at least 5 support: 0; clusters: 21289
polytomy of size 4; rounds with additions with at least 5 support: 0; clusters: 21289
polytomy of size 4; rounds with additions with at least 5 support: 0; clusters: 21289
polytomy of size 6; rounds with additions with at least 5 support: 0; clusters: 21291
polytomy of size 3; rounds with additions with at least 5 support: 0; clusters: 21291
polytomy of size 3; rounds with additions with at least 5 support: 0; clusters: 21291
polytomy of size 11; rounds with additions with at least 5 support: 0; clusters: 21305
polytomy of size 3; rounds with additions with at least 5 support: 0; clusters: 21305
polytomy of size 14; rounds with additions with at least 5 support: 0; clusters: 21309
polytomy of size 4; rounds with additions with at least 5 support: 0; clusters: 21309
polytomy of size 4; rounds with additions with at least 5 support: 0; clusters: 21309
Threshold 0.3333333333333333:
polytomy of size 5; rounds with additions with at least 5 support: 0; clusters: 21309
polytomy of size 3; rounds with additions with at least 5 support: 0; clusters: 21309
polytomy of size 10; rounds with additions with at least 5 support: 0; clusters: 21311
polytomy of size 3; rounds with additions with at least 5 support: 0; clusters: 21311
polytomy of size 4; rounds with additions with at least 5 support: 0; clusters: 21311
polytomy of size 4; rounds with additions with at least 5 support: 0; clusters: 21311
polytomy of size 3; rounds with additions with at least 5 support: 0; clusters: 21311
polytomy of size 3; rounds with additions with at least 5 support: 0; clusters: 21311
polytomy of size 3; rounds with additions with at least 5 support: 0; clusters: 21311
polytomy of size 3; rounds with additions with at least 5 support: 0; clusters: 21311
polytomy of size 12; rounds with additions with at least 5 support: 0; clusters: 21319
polytomy of size 3; rounds with additions with at least 5 support: 0; clusters: 21319
polytomy of size 4; rounds with additions with at least 5 support: 0; clusters: 21319
polytomy of size 5; rounds with additions with at least 5 support: 0; clusters: 21319
polytomy of size 4; rounds with additions with at least 5 support: 0; clusters: 21319
polytomy of size 3; rounds with additions with at least 5 support: 0; clusters: 21319
polytomy of size 3; rounds with additions with at least 5 support: 0; clusters: 21319
polytomy of size 3; rounds with additions with at least 5 support: 0; clusters: 21319
polytomy of size 3; rounds with additions with at least 5 support: 0; clusters: 21319
polytomy of size 4; rounds with additions with at least 5 support: 0; clusters: 21319
polytomy of size 6; rounds with additions with at least 5 support: 0; clusters: 21319
polytomy of size 4; rounds with additions with at least 5 support: 0; clusters: 21319
polytomy of size 14; rounds with additions with at least 5 support: 0; clusters: 21323
polytomy of size 8; rounds with additions with at least 5 support: 0; clusters: 21323
polytomy of size 3; rounds with additions with at least 5 support: 0; clusters: 21323
max k is :4
Number of Clusters after addition by greedy: 21323
gradient0 in heuristiic: 21323
partitions formed in 13.244 secs
Dynamic Programming starting after 13.244 secs
Using tree-based weight calculation.
Using polytree-based weight calculation.
Polytree max score: 6959047744
Polytree building time: 0.11 seconds.
Number of quartet trees in the gene trees: 6959047744
Size of largest cluster: 239
Greedy score: 6486726370
estimationFactor: 1.0728135190324053
Sub-optimal score: 6589585893
Total Number of elements weighted: 63205
Normalized score (portion of input quartet trees satisfied before correcting for multiple individuals): 0.9533335887399251
Optimization score: 6634293960
Optimal tree inferred in 77.795 secs.
(P_012897,((GAP_80293,P_012893),(((P_006418,(P_012793,(GAP_80292,P_006419))),(P_012863,(P_012911,(P_012917,P_012821)))),((P_012907,(P_012889,GAP_80291)),((P_012881,P_012873),((P_012885,(P_012859,(GAP_80294,P_006420))),(P_018689,((((P_012815,P_012903),(P_012925,P_012883)),(P_012857,(P_012875,((P_012831,P_012905),(P_012901,(P_012851,P_012887)))))),((P_012797,(P_012841,((P_012913,P_012877),(P_012811,(P_012891,P_012895))))),(((P_012867,((P_012817,P_012899),(P_012847,P_012923))),(P_012843,(((P_012937,(P_012939,P_006421)),(P_012803,(P_012853,(P_012837,P_012829)))),(((P_012801,(P_012809,P_012879)),(P_012839,(P_012805,(P_012825,(P_012799,YZRI))))),(P_012909,(((P_012865,(P_012931,(P_012935,P_012933))),((P_012871,P_012849),(P_012807,P_012845))),((GAP_81172,P_012833),((P_012927,(PSJT,GAP_80295)),((P_012791,P_012915),(P_012869,(P_012823,(P_012819,P_012835)))))))))))),((P_012861,((P_012855,(P_012827,P_007802)),((P_012813,P_018637),(P_012921,P_012919)))),((P_012795,P_012941),((GAP_80322,DHPO),(((P2622,P2623),(P0110C,(P0207A,((P0207C,P0110B),((XQWC,P0207B),(P0206H,P0206G)))))),((((P_018639,P_018779),(P_018695,(P_018783,P_018645))),((P_016797,((P_016799,P_007845),(OBPL,GAP_80397))),((P_016793,(P_006422,P_016795)),(P_018691,((P_018693,S04),((P_016789,S27),((P_016791,(S08,P_014095)),((S03,P_014099),(S38,(P_016787,S02)))))))))),(((P0203H,((P_016909,WZFE),(P0109B,(P_018831,OSHQ)))),(((SJEV,(P_019193,(P_019187,Wsal))),(P_016921,(GAP_81227,(WKSU,(Pcol,(P_006410,GAP_81226)))))),(((Asie,QDVW),((P_019189,P_025525),(P_019197,(PAWA,P_025527)))),(P_025523,((P_019191,(GAP_80417,(P2590,GAP_79804))),((CSSK,P_019185),(P_019199,(OPDF,P2589)))))))),((WPHN,P_011613),((P_011699,((P2619,P_011609),(MAQO,(WAIL,(P_011527,((P_014077,GAP_80298),(P_014083,GAP_80297))))))),((((GAP_79862,P_011587),(P_014081,(P_008647,P0104A))),((KRJP,(P_011549,GAP_80395)),((P_011643,(P_011657,(P_011509,P_011651))),((GAP_80393,GAP_80394),((P_011647,(P_011465,((P_011501,P_011523),(P_011487,P_011489)))),(P_011551,((P_007783,(P_006414,P_007843)),(P_011631,(P_011637,P_007844))))))))),((P_011531,(P_006411,Schi)),(VYLQ,(P_018635,(P_008631,((P_008632,(P_011671,P_011579)),(((P_011713,P_011705),(P_006413,(WIGA,(Dhai,(Apet,Msal))))),((KAYP,(P_016813,((GAP_80390,GAP_80389),((P_006412,P_008640),(P_011701,(P_008646,P_011679)))))),((BCGB,ABSS),((P_011537,(P_011673,(P_011739,P_011677))),(P_011607,(P_011759,((P_011735,P_011675),(P_011715,(P_011681,(P_011745,P_011611))))))))))))))))))))))))))))))))));
Final quartet score is: 6634293960
Final normalized quartet score is: 0.9533335887399251
You may want to ignore posterior probabilities and other statistics related to the following branch branch because the effective number of genes impacting it is only 5:
	{P_019189, P_025525}
You may want to ignore posterior probabilities and other statistics related to the following branch branch because the effective number of genes impacting it is only 1:
	{PAWA, P_025527}
You may want to ignore posterior probabilities and other statistics related to the following branch branch because the effective number of genes impacting it is only 4:
	{P2590, GAP_79804, GAP_80417}
You may want to ignore posterior probabilities and other statistics related to the following branch branch because the effective number of genes impacting it is only 5:
	{P2590, GAP_79804, P_019191, GAP_80417}
You may want to ignore posterior probabilities and other statistics related to the following branch branch because the effective number of genes impacting it is only 1:
	{OPDF, P2589}
You may want to ignore posterior probabilities and other statistics related to the following branch branch because the effective number of genes impacting it is only 1:
	{OPDF, P2589, P_019199}
You may want to ignore posterior probabilities and other statistics related to the following branch branch because the effective number of genes impacting it is only 2:
	{CSSK, OPDF, P2590, GAP_79804, P_019185, P2589, P_019191, GAP_80417, P_019199}
You may want to ignore posterior probabilities and other statistics related to the following branch branch because the effective number of genes impacting it is only 3:
	{CSSK, OPDF, P2590, GAP_79804, P_019185, P2589, P_019191, GAP_80417, P_025523, P_019199}
You may want to ignore posterior probabilities and other statistics related to the following branch branch because the effective number of genes impacting it is only 1:
	{WPHN, P_011613}
You may want to ignore posterior probabilities and other statistics related to the following branch branch because the effective number of genes impacting it is only 10:
	{P2619, P_011609}
You may want to ignore posterior probabilities and other statistics related to the following branch branch because the effective number of genes impacting it is only 2:
	{MAQO, WAIL, P_011527, P_014077, GAP_80298, P_014083, GAP_80297, P2619, P_011609}
You may want to ignore posterior probabilities and other statistics related to the following branch branch because the effective number of genes impacting it is only 5:
	{MAQO, WAIL, P_011527, P_014077, GAP_80298, P_014083, GAP_80297, P2619, P_011609, P_011699}
You may want to ignore posterior probabilities and other statistics related to the following branch branch because the effective number of genes impacting it is only 16:
	{P_011637, P_007844}
You may want to ignore posterior probabilities and other statistics related to the following branch branch because the effective number of genes impacting it is only 10:
	{P_011713, P_011705}
You may want to ignore posterior probabilities and other statistics related to the following branch branch because the effective number of genes impacting it is only 0:
	{P_008646, P_011679}
You may want to ignore posterior probabilities and other statistics related to the following branch branch because the effective number of genes impacting it is only 1:
	{P_008646, P_011679, P_011701}
You may want to ignore posterior probabilities and other statistics related to the following branch branch because the effective number of genes impacting it is only 8:
	{P_011745, P_011611}
You may want to ignore posterior probabilities and other statistics related to the following branch branch because the effective number of genes impacting it is only 1:
	{P_011735, P_011715, P_011759, P_011675, P_011745, P_011611, P_011681}
You may want to ignore posterior probabilities and other statistics related to the following branch branch because the effective number of genes impacting it is only 1:
	{P_011735, P_011715, P_011759, P_011675, P_011745, P_011611, P_011681, P_011607}
You may want to ignore posterior probabilities and other statistics related to the following branch branch because the effective number of genes impacting it is only 1:
	{P_016799, P_007845}
You may want to ignore posterior probabilities and other statistics related to the following branch branch because the effective number of genes impacting it is only 2:
	{P_018693, S04}
You may want to ignore posterior probabilities and other statistics related to the following branch branch because the effective number of genes impacting it is only 4:
	{S08, P_014095}
You may want to ignore posterior probabilities and other statistics related to the following branch branch because the effective number of genes impacting it is only 2:
	{P_016787, S02}
You may want to ignore posterior probabilities and other statistics related to the following branch branch because the effective number of genes impacting it is only 5:
	{P_016787, S02, S38}
You may want to ignore posterior probabilities and other statistics related to the following branch branch because the effective number of genes impacting it is only 17:
	{P2622, P2623}
Extended species tree:
(P0109B,((P_018831,OSHQ)90.91:1.7346010553881062,((P_016909,WZFE)93.57:2.2570900557238045,(P0203H,((((SJEV,(P_019193,(P_019187,Wsal)73.55:0.8849700627186075)50.64:0.28761482037174485)96.13:2.7007605784159545,(P_016921,(GAP_81227,(WKSU,(Pcol,(P_006410,GAP_81226)73.95:0.9094421167551798)61.1:0.5222369264470001)56.5:0.41907465477558875)66.04:0.662447042057596)97.22:2.9879081945952093)87.01:1.5990308559592112,(((Asie,QDVW)98.61:3.467895730853159,((P_019189,P_025525)40.5:0.006207344574333712,(P_019197,(PAWA,P_025527)100:0.2876820724517809)74.8:0.9432220492944368)42.19:0.13659513477633672)47.57:0.23516459288241967,(P_025523,((P_019191,(GAP_80417,(P2590,GAP_79804)96.43:2.268683541318364)100:1.2039728043259361)41.87:0.008489015324911198,((CSSK,P_019185)45.25:0.1913731599917038,(P_019199,(OPDF,P2589)100:0.2876820724517809)100:0.2876820724517809)77.87:1.0762485941839512)100:0.6931471805599453)67.42:0.2973368076776118)91.64:2.017256708982941)45.77:0.20146039382396494,(((WPHN,P_011613)100:0.2876820724517809,((P_011699,((P2619,P_011609)100:1.9924301646902058,(MAQO,(WAIL,(P_011527,((P_014077,GAP_80298)44.09:0.15360735041353188,(P_014083,GAP_80297)89.41:1.7207863304436664)43.01:0.1452524446869784)35.97:0.031087576401135082)69.97:0.7839140610025309)88.21:1.609457357719468)65.45:0.1024150054280694)25.98:0.0,((((GAP_79862,P_011587)92.91:1.9808370104895432,(P_014081,(P_008647,P0104A)96.67:2.3351986267024336)94.27:2.0776016147578273)86.44:1.5382998746493215,((KRJP,(P_011549,GAP_80395)91.27:1.9466447738707588)83.2:1.3497442942874716,((P_011643,(P_011657,(P_011509,P_011651)74.91:0.9322160064498344)36.18:0.03714642807043016)79.14:1.1379157367515373,((GAP_80393,GAP_80394)64.13:0.6075894541181258,((P_011647,(P_011465,((P_011501,P_011523)38.26:0.07252927007766227,(P_011487,P_011489)34.39:0.012438738747933251)61.06:0.5274436916249752)80.04:1.1636207945039145)41.16:0.116753221277961,(P_011551,((P_007783,(P_006414,P_007843)48.39:0.24248563495750944)67.01:0.6852364387066849,(P_011631,(P_011637,P_007844)43.83:0.12640314253603155)37.75:0.05588763222998343)32.4:0.0)56.89:0.3755269086434926)75.3:0.9741360017092001)40.54:0.110158617757734)96.35:2.764495977629096)85.18:1.4673182425305356)44.38:0.17526118640497557,((P_011531,(P_006411,Schi)83.32:1.2754074501290251)98.46:3.119300929218124,(VYLQ,(P_018635,(P_008631,((P_008632,(P_011671,P_011579)52.36:0.28723434466279274)92.23:2.0320881778144844,(((P_011713,P_011705)56.28:0.2973641690981137,(P_006413,(WIGA,(Dhai,(Apet,Msal)46.82:0.2132524914735168)40.3:0.10538456354762463)55.12:0.3859598685506751)42.07:0.11945615449796246)55.49:0.3669590054240489,((KAYP,(P_016813,((GAP_80390,GAP_80389)84.34:1.4069259220563073,((P_006412,P_008640)72.37:0.8611397992993396,(P_011701,(P_008646,P_011679)NaN:0.0)100:0.2876820724517809)42.13:0.13541247037804283)43.72:0.16243116002816851)47.01:0.21422501717342388)35.91:0.03144196795430287,((BCGB,ABSS)60.1:0.5023088890019213,((P_011537,(P_011673,(P_011739,P_011677)81.44:1.1329903690272691)45.27:0.15859376642366124)38.53:0.062183916084733254,(P_011607,(P_011759,((P_011735,P_011675)89.26:1.7370080211900727,(P_011715,(P_011681,(P_011745,P_011611)49.83:0.15212153680019644)41.71:0.1085952070989783)60.43:0.4893300544770188)56.01:0.3962884613331429)97.78:0.0)57.14:0.0)80.01:1.1604928413245752)36.54:0.04438473141082455)47.41:0.2307064300647227)83.32:1.353406287689083)96.68:2.404364066032497)35.85:0.019197049127734147)64.83:0.620512021432463)51.72:0.3150316793226112)80.28:1.188178980045062)62.31:0.5597136486273533)66.65:0.6807465113815231)94.89:2.468227889766821,((((P_018639,P_018779)60.61:0.4552781886244802,(P_018695,(P_018783,P_018645)40.45:0.10826948924740223)39.52:0.09058025273213222)70.26:0.78352269611878,((P_016797,((P_016799,P_007845)100:0.2876820724517809,(OBPL,GAP_80397)42.7:0.14669965997039613)85.99:1.523293968184857)80.57:1.207418552536023,((P_016793,(P_006422,P_016795)57:0.42807435613968625)54.2:0.3666028740042613,(P_018691,((P_018693,S04)25.62:0.0,((P_016789,S27)83.57:1.2947322654666973,((P_016791,(S08,P_014095)99.82:0.9849192382632515)49.5:0.24732793090887636,((S03,P_014099)98.36:3.3227541028963343,(S38,(P_016787,S02)100:0.6931471805599453)80.17:0.6961637549717782)32.09:0.0)37.62:0.06186597899122635)55.43:0.3927206322730603)43.85:0.15487949512097554)40.14:0.0930754157632763)35.05:0.022282532854837372)43.62:0.16271830888601196)99.69:4.35265685439254,(((P2622,P2623)79.91:0.9998883896286426,(P0110C,(P0207A,((P0207C,P0110B)46.27:0.20350683521448504,((XQWC,P0207B)57.65:0.44401703444487034,(P0206H,P0206G)48.58:0.2515345591390603)42.78:0.14752224836442354)35.08:0.02262819422457615)92.36:2.0694873937377)97.21:2.7880509422230824)46.18:0.20307067320097544,((GAP_80322,DHPO)97.78:3.185934091773254,((P_012795,P_012941)99.4:4.019381523748647,((P_012861,((P_012855,(P_012827,P_007802)95.74:2.367123614131617)73.47:0.8947661888864441,((P_012813,P_018637)62.93:0.5725434874260664,(P_012921,P_012919)97.13:2.8191087378746738)87.4:1.6131361581129013)97.25:2.980504536044819)38.04:0.06914285349117325,(((P_012867,((P_012817,P_012899)90.4:1.8754836717669736,(P_012847,P_012923)99.3:3.8832510805178693)70.91:0.8136441636396956)98.23:3.34211656473068,(P_012843,(((P_012937,(P_012939,P_006421)77.56:1.067098373439336)99.88:4.555539514248884,(P_012803,(P_012853,(P_012837,P_012829)70.02:0.7769564982139743)35.55:0.02931550785534312)40.79:0.11364165386763925)39.94:0.09972101642491117,(((P_012801,(P_012809,P_012879)99.33:3.918667548146818)61.12:0.5284316126562536,(P_012839,(P_012805,(P_012825,(P_012799,YZRI)91.9:2.0349312596271227)43.1:0.1531358384166966)35.86:0.03469431230195634)66.05:0.6619389467634437)78.83:1.1243617875437413,(P_012909,(((P_012865,(P_012931,(P_012935,P_012933)94.35:2.3569626037165494)91.17:1.9517883956106343)47.8:0.23837716920328786,((P_012871,P_012849)83.21:1.3458430364619038,(P_012807,P_012845)53.09:0.3438667548490153)56.01:0.40800072159564643)96.58:2.8230182479688466,((GAP_81172,P_012833)94.24:2.354690021035209,((P_012927,(PSJT,GAP_80295)55.23:0.3895487546015343)94.83:2.4527314423061806,((P_012791,P_012915)43.12:0.1541181831401516,(P_012869,(P_012823,(P_012819,P_012835)35.06:0.022801439190346214)72.04:0.8528193203195532)96.63:2.8268562728212605)78.8:1.1246868775008407)44.42:0.1768987548056924)90.18:1.8624080178692255)36.42:0.04346716817678897)83.8:1.3806153767047482)94:2.3158115760048434)36.97:0.05189442400871642)82.43:1.301908971899513)79.61:1.1604933798699708,((P_012797,(P_012841,((P_012913,P_012877)80.28:1.1881843066366045,(P_012811,(P_012891,P_012895)53.77:0.35850604553649834)80.27:1.1925687359972232)81.02:1.2286933570578613)56.14:0.4095204910465106)36.17:0.039596889023766305,((((P_012815,P_012903)84.47:1.4160424555124558,(P_012925,P_012883)93.81:2.2845927519597042)35.51:0.02791638661213091,(P_012857,(P_012875,((P_012831,P_012905)52.2:0.32475046667657265,(P_012901,(P_012851,P_012887)91.02:1.9414684630975863)38.45:0.07542279947192965)49.93:0.2784320643481379)65.22:0.634028117110809)35.53:0.027976349847761543)60.44:0.5082193312551251,(P_018689,((P_012885,(P_012859,(GAP_80294,P_006420)96.17:2.2642033400781005)40.95:0.11323443292015291)37.87:0.06376283538522713,((P_012881,P_012873)82.34:1.2882909855643352,((P_012907,(P_012889,GAP_80291)37.53:0.0585341081672813)37.09:0.05150591838781411,(((P_006418,(P_012793,(GAP_80292,P_006419)96.79:2.8565203467753864)50.6:0.2871814260176993)39.56:0.08964659067259396,(P_012863,(P_012911,(P_012917,P_012821)88.99:1.7429175154315946)75.65:0.9796183785729309)43.86:0.16293532333277982)35.07:0.02040463965011555,((GAP_80293,P_012893)92.3:2.072899466318214,P_012897)39.72:0.09294874574376705)35.05:0.020242389385258942)38.11:0.0675931283875174)37.94:0.06508470348926723)86.65:1.5568143395055274)79.41:1.141855758861204)94.49:2.3888481520488036)91.39:1.9853949630803858)50.61:0.29374691475390463)88.54:1.716083256721441)98.29:3.3841539441855826)72.53:0.8720574227212871)70.98:0.8179383459091397)95.66:2.6148362730181813)70.34:0.7961608322755153)99.99:3.597318057064376)79.63:1.1169614273363064)81.95:1.1906969974052026));
Weight calculation took 60.138002281 secs
ASTRAL finished in 79.325 secs
