
================== ASTRAL ===================== 

This is ASTRAL version 5.7.7
Gene trees are treated as unrooted
282 trees read from all_bs10.trees
index76
All output trees will be *arbitrarily* rooted at P0109B

======== Running the main analysis
Number of taxa: 244 (244 species)
Taxa: [P_006411, P_011671, P_011679, P_011531, P_008632, P_011677, P_011735, P_011675, P_011759, P_011537, P_011715, P_011739, P_011673, P_011745, P_006412, P_011681, P_008640, GAP_80390, GAP_80389, P_008646, P_006413, P_011713, P_011705, P_016813, GAP_80395, P_011549, P_011501, P_011487, P_011489, P_011523, P_007783, P_006414, P_007843, GAP_80393, GAP_80394, P_011643, P_011509, P_011651, P_011657, P_011647, P_011551, P_007844, P_011637, P_011465, P2619, P_014083, P_018635, GAP_80297, P_014077, GAP_80298, P_011527, P_014081, P0104A, P_008647, SJEV, P_019187, Wsal, P_019193, GAP_81227, Pcol, GAP_81226, P_006410, P_016921, PAWA, P2589, P_019185, GAP_80417, GAP_79804, P2590, P_011699, P_019197, P_019189, GAP_79862, Sdec, P_016909, P_018831, P0109B, S04, P_018783, P_018645, P_018695, P_016793, P_006422, P_016795, P_007845, GAP_80397, P_016799, P_016797, S03, P_014099, P_016791, S02, P_016787, S27, P_016789, P_011579, P_018639, P_025523, P_011701, P_011587, P_018691, P_018693, P_018779, P2622, GAP_80322, XQWC, P0110B, P0110C, P0207A, P0207C, P0206H, P0207B, P0206G, P2623, P0203H, Asie, QDVW, CSSK, OPDF, WKSU, WZFE, KRJP, WAIL, MAQO, BCGB, WIGA, ABSS, Apet, Dhai, VYLQ, WPHN, OBPL, DHPO, YZRI, P_012871, PSJT, P_012795, P_012941, P_011609, P_012855, P_012827, P_007802, P_012813, P_018637, P_012919, P_012921, P_012811, P_012891, P_012895, P_018689, P_012859, P_012793, P_012911, P_012889, P_006420, GAP_80294, GAP_80293, P_012873, GAP_80292, P_006419, P_012881, P_012893, GAP_80291, P_012863, P_012821, P_012917, P_006418, P_012885, P_012897, P_012907, P_012797, P_012857, P_012901, P_012851, P_012887, P_012905, P_012831, P_012875, P_012925, P_012883, P_012815, P_012903, P_012913, P_012877, P_012841, P_012861, P_012867, P_012847, P_012923, P_012817, P_012899, P_012937, P_012939, P_006421, P_012843, P_012829, P_012837, P_012909, P_012927, GAP_80295, GAP_81172, P_012833, P_012791, P_012869, P_012819, P_012823, P_012835, P_012915, P_012807, P_012845, P_012849, P_012931, P_012935, P_012933, P_012865, P_012801, P_012879, P_012809, P_012805, P_012799, P_012825, P_012839, P_012803, P_012853, Schi, S38, P_014095, S08, OSHQ, P_025525, P_008631, Msal, KAYP, P_011631, P_011613, P_019191, P_011719, P_025527, P_014073, P_011709, P_019199, P_011611, P_011607, P_011589]
Taxon occupancy: {P_019193=235, P_019191=100, P_019197=248, OPDF=267, GAP_81172=278, P_018783=272, P_019199=77, Wsal=231, P_016921=271, WKSU=280, P_025523=39, P_025525=73, P_025527=27, P_014073=41, P0203H=177, P_014077=161, QDVW=270, P_011487=273, P_011489=275, P_016813=239, P_006421=273, P_006422=271, P_006420=211, P_006418=264, P_006419=271, P_006414=270, P_014081=186, P_014083=194, P_018689=278, P0206H=252, P0206G=237, Msal=242, P0109B=129, P_006410=263, P_012901=272, P_006411=265, P_006412=270, P_012903=275, P_006413=262, P_012905=278, PAWA=268, GAP_79862=265, P_012907=276, ABSS=277, P_012909=275, P_018691=116, GAP_80291=276, P_018695=263, P_014095=107, GAP_80293=273, P_018693=266, GAP_80292=269, GAP_80295=276, P_014099=267, GAP_80294=270, GAP_80297=270, GAP_80298=266, P_011701=49, P_012911=272, P_012913=231, P_011705=145, P_012915=273, P_012917=259, P_012919=251, P_011709=25, P_011671=153, P_012881=273, P_011551=176, P_011673=220, MAQO=276, P_012883=276, P_011675=249, GAP_80322=276, P_012885=267, P2590=220, P_011677=212, P_012887=272, P_011679=231, P_012889=266, P_008647=257, PSJT=273, P2589=219, P_011681=192, P_012891=263, P_012893=275, P_018637=267, P_012895=270, P_018635=246, P_012897=270, P0207C=259, P0207B=260, P_012899=272, P_018639=250, P0207A=263, P_008646=274, P_008640=273, BCGB=276, WZFE=274, P_018645=268, KRJP=276, KAYP=175, P_011699=139, P_011579=204, CSSK=264, P_008632=273, P_007783=260, P_016909=274, P_008631=49, P_019187=265, P_019185=251, Sdec=57, P_019189=228, P_012791=276, P_012793=270, Asie=215, P_012795=274, P_011465=274, P_018779=219, P_011587=196, P_012797=275, P_012799=272, P_011589=4, GAP_80417=140, WIGA=271, GAP_79804=203, P_007802=229, P_012841=270, P_011631=218, Pcol=228, P_012843=276, P_012845=272, P_011637=271, P_012847=262, P_011759=245, P_012849=263, Apet=125, OBPL=276, P0110C=246, P_018831=266, P0110B=178, YZRI=275, P_012851=273, P_011643=278, P_012853=271, P_011523=276, P_012855=264, P_011647=244, P_012857=271, P_011527=152, P_012859=269, WAIL=278, P_016789=264, P_011651=245, P_012861=269, P_011531=220, P_016787=269, P_012863=273, P_012865=269, Schi=224, P_011657=238, P_012867=274, P_011537=200, P_012869=273, P_016793=264, P_016791=274, P_016797=272, SJEV=273, P_016795=261, P_012871=261, P_012873=272, P_016799=268, P_012875=273, P_012877=264, P_012879=271, P_011549=256, P_007844=192, P_007845=40, S02=197, S04=72, P_012921=247, S03=253, P_012801=275, P_011713=181, P_012923=268, P_012803=274, P_011715=226, P_012925=269, S08=166, P_007843=245, P_012805=271, P_012927=274, P_012807=270, P_011719=26, P_012809=269, VYLQ=275, DHPO=279, GAP_80390=240, P2622=188, P2623=90, GAP_80394=277, XQWC=279, GAP_80393=277, GAP_80395=275, GAP_80397=273, P_012931=273, P_012811=270, WPHN=275, P_012933=261, P_012813=269, P_012935=268, P_012815=269, P_012937=277, P_012817=269, P_011607=7, P_012939=264, P_011609=167, P_012819=267, P2619=156, OSHQ=272, GAP_80389=253, P_012941=277, P_012821=269, P_011611=44, P_012823=273, P_011613=77, P_011735=268, S27=208, P_012825=273, P_012827=249, P_011739=232, P_012829=185, Dhai=262, P0104A=227, P_012831=259, P_011501=275, GAP_81226=269, P_012833=272, P_011745=242, GAP_81227=274, P_012835=273, S38=77, P_012837=274, P_012839=269, P_011509=275}
Number of gene trees: 282
282 trees have missing taxa
Calculating quartet distance matrix (for completion of X)
Species tree distances calculated ...
Will attempt to complete bipartitions from X before adding using a distance matrix.
Building set of clusters (X) from gene trees 
------------------------------
gradient0: 34827
Number of Clusters after addition by distance: 34827
calculating extra bipartitions to be added at level 1 ...
Adding to X using resolutions of greedy consensus ...
Limit for sigma of degrees:6150
polytomy size limit : 40
discarded polytomies:  [3, 3, 3, 3, 3, 3, 3, 3, 3, 3, 3, 3, 3, 3, 3, 3, 3, 3, 3, 3, 3, 3, 3, 3, 4, 4, 4, 4, 4, 4, 4, 4, 4, 4, 5, 5, 5, 5, 5, 6, 6, 6, 9, 10, 11, 12, 13, 14, 21, 40]
Threshold 0.0:
Threshold 0.01:
Threshold 0.02:
polytomy of size 6; rounds with additions with at least 5 support: 0; clusters: 34865
Threshold 0.05:
polytomy of size 3; rounds with additions with at least 5 support: 0; clusters: 34865
polytomy of size 3; rounds with additions with at least 5 support: 0; clusters: 34865
polytomy of size 9; rounds with additions with at least 5 support: 0; clusters: 34865
polytomy of size 4; rounds with additions with at least 5 support: 0; clusters: 34865
Threshold 0.1:
polytomy of size 4; rounds with additions with at least 5 support: 0; clusters: 34865
polytomy of size 3; rounds with additions with at least 5 support: 0; clusters: 34865
polytomy of size 4; rounds with additions with at least 5 support: 0; clusters: 34867
polytomy of size 3; rounds with additions with at least 5 support: 0; clusters: 34867
polytomy of size 3; rounds with additions with at least 5 support: 0; clusters: 34867
polytomy of size 5; rounds with additions with at least 5 support: 0; clusters: 34867
polytomy of size 11; rounds with additions with at least 5 support: 0; clusters: 34877
polytomy of size 4; rounds with additions with at least 5 support: 1; clusters: 34879
Threshold 0.2:
polytomy of size 5; rounds with additions with at least 5 support: 0; clusters: 34879
polytomy of size 6; rounds with additions with at least 5 support: 0; clusters: 34881
polytomy of size 4; rounds with additions with at least 5 support: 0; clusters: 34881
polytomy of size 13; rounds with additions with at least 5 support: 0; clusters: 34883
polytomy of size 3; rounds with additions with at least 5 support: 0; clusters: 34883
polytomy of size 3; rounds with additions with at least 5 support: 0; clusters: 34883
polytomy of size 3; rounds with additions with at least 5 support: 0; clusters: 34883
polytomy of size 3; rounds with additions with at least 5 support: 0; clusters: 34883
polytomy of size 3; rounds with additions with at least 5 support: 0; clusters: 34883
polytomy of size 3; rounds with additions with at least 5 support: 0; clusters: 34883
polytomy of size 5; rounds with additions with at least 5 support: 0; clusters: 34883
polytomy of size 3; rounds with additions with at least 5 support: 0; clusters: 34883
polytomy of size 3; rounds with additions with at least 5 support: 0; clusters: 34883
polytomy of size 21; rounds with additions with at least 5 support: 0; clusters: 34905
Threshold 0.3333333333333333:
polytomy of size 4; rounds with additions with at least 5 support: 0; clusters: 34907
polytomy of size 3; rounds with additions with at least 5 support: 0; clusters: 34907
polytomy of size 3; rounds with additions with at least 5 support: 0; clusters: 34907
polytomy of size 14; rounds with additions with at least 5 support: 0; clusters: 34913
polytomy of size 4; rounds with additions with at least 5 support: 0; clusters: 34913
polytomy of size 4; rounds with additions with at least 5 support: 0; clusters: 34913
polytomy of size 3; rounds with additions with at least 5 support: 0; clusters: 34913
polytomy of size 4; rounds with additions with at least 5 support: 0; clusters: 34913
polytomy of size 3; rounds with additions with at least 5 support: 0; clusters: 34913
polytomy of size 3; rounds with additions with at least 5 support: 0; clusters: 34913
polytomy of size 3; rounds with additions with at least 5 support: 0; clusters: 34913
polytomy of size 3; rounds with additions with at least 5 support: 0; clusters: 34913
polytomy of size 6; rounds with additions with at least 5 support: 0; clusters: 34913
polytomy of size 3; rounds with additions with at least 5 support: 0; clusters: 34913
polytomy of size 4; rounds with additions with at least 5 support: 0; clusters: 34913
polytomy of size 3; rounds with additions with at least 5 support: 0; clusters: 34913
polytomy of size 10; rounds with additions with at least 5 support: 0; clusters: 34913
polytomy of size 3; rounds with additions with at least 5 support: 0; clusters: 34913
polytomy of size 3; rounds with additions with at least 5 support: 0; clusters: 34913
polytomy of size 12; rounds with additions with at least 5 support: 0; clusters: 34919
polytomy of size 5; rounds with additions with at least 5 support: 0; clusters: 34919
polytomy of size 5; rounds with additions with at least 5 support: 0; clusters: 34919
polytomy of size 40; rounds with additions with at least 5 support: 0; clusters: 34985
max k is :2
Number of Clusters after addition by greedy: 34985
gradient0 in heuristiic: 34985
partitions formed in 31.887 secs
Dynamic Programming starting after 31.887 secs
Using tree-based weight calculation.
Using polytree-based weight calculation.
Polytree max score: 20625330026
Polytree building time: 0.307 seconds.
Number of quartet trees in the gene trees: 20625330026
Size of largest cluster: 244
Greedy score: 17893252209
estimationFactor: 1.1526876045275778
Sub-optimal score: 18693824340
Calculated 100000 weights; time (seconds): 245
Total Number of elements weighted: 102052
Normalized score (portion of input quartet trees satisfied before correcting for multiple individuals): 0.9159129379838414
Optimization score: 18891006621
Optimal tree inferred in 252.856 secs.
(P_012871,(P_012849,((P_012807,P_012845),((P_012865,(P_012931,(P_012935,P_012933))),((P_012909,(PSJT,((GAP_81172,P_012833),((P_012927,GAP_80295),((P_012791,P_012915),(P_012869,(P_012823,(P_012819,P_012835)))))))),((YZRI,((P_012801,(P_012879,P_012809)),(P_012839,(P_012805,(P_012799,P_012825))))),(((P_012937,(P_012939,P_006421)),((P_012803,P_012853),(P_012829,P_012837))),(P_012843,((P_012867,((P_012817,P_012899),(P_012847,P_012923))),(((P_012797,(P_012841,((P_012913,P_012877),(P_012811,(P_012891,P_012895))))),(((P_012925,P_012883),((P_012857,(P_012815,P_012903)),(P_012875,((P_012905,P_012831),(P_012901,(P_012851,P_012887)))))),(P_018689,((P_006420,GAP_80294),(P_012885,(P_012859,(((P_012873,P_012881),(GAP_80291,P_012907)),((P_012897,(GAP_80293,P_012893)),((P_012911,(P_012821,P_012917)),(P_012889,((P_012863,P_006418),(P_012793,(GAP_80292,P_006419))))))))))))),((P_012861,((P_012855,(P_012827,P_007802)),((P_012813,P_018637),(P_012919,P_012921)))),((P_012795,P_012941),((GAP_80322,DHPO),(((P2622,P2623),(XQWC,(P0110C,(P0207A,(P0110B,(P0207C,(P0207B,(P0206H,P0206G)))))))),((OBPL,(((P_018639,P_018779),(P_018695,(P_018783,P_018645))),(P_018691,((P_016793,(P_006422,P_016795)),((P_016797,(P_007845,(GAP_80397,P_016799))),(P_018693,((P_014095,S08),((S04,(S38,(S27,P_016789))),((S03,P_014099),(P_016791,(S02,P_016787))))))))))),(((P0203H,((P_016909,WZFE),(P0109B,(P_018831,OSHQ)))),(((SJEV,(P_019193,(P_019187,Wsal))),(WKSU,(P_016921,(GAP_81227,(Pcol,(GAP_81226,P_006410)))))),((P_025525,(P_011589,(P_025523,P_025527))),(((Asie,QDVW),(P_019189,(PAWA,P_019197))),((CSSK,(P_019185,(P2589,OPDF))),((P_019191,P_019199),(GAP_80417,(GAP_79804,P2590)))))))),((WPHN,P_011613),(((GAP_79862,P_011587),(P_014081,(P0104A,P_008647))),((P_011609,(P2619,Sdec)),((WAIL,MAQO),(((P_011527,(P_014077,(GAP_80298,(P_014083,GAP_80297)))),(KRJP,((GAP_80395,P_011549),((P_011657,(P_011643,(P_011509,P_011651))),((GAP_80393,GAP_80394),((P_011647,(P_011465,(P_011501,(P_011523,(P_011487,P_011489))))),(P_011551,(P_011631,((P_007844,P_011637),(P_007843,(P_007783,P_006414))))))))))),(VYLQ,((P_011531,(P_011699,(P_006411,Schi))),(P_018635,(P_008631,(P_011709,((P_011671,(P_008632,P_011579)),((P_011719,P_011607),(((KAYP,(BCGB,ABSS)),(WIGA,(Dhai,(Apet,Msal)))),((P_011713,P_011705),(P_014073,(P_006413,((P_016813,((GAP_80390,GAP_80389),(P_011679,(P_008646,(P_006412,P_008640))))),(P_011701,(P_011673,((P_011537,(P_011677,P_011739)),(P_011681,(P_011759,((P_011735,P_011675),(P_011715,(P_011745,P_011611)))))))))))))))))))))))))))))))))))))))));
Final quartet score is: 18891006621
Final normalized quartet score is: 0.9159129379838414
You may want to ignore posterior probabilities and other statistics related to the following branch branch because the effective number of genes impacting it is only 1:
	{P_025523, P_025527}
You may want to ignore posterior probabilities and other statistics related to the following branch branch because the effective number of genes impacting it is only 1:
	{P_025523, P_025527, P_011589}
You may want to ignore posterior probabilities and other statistics related to the following branch branch because the effective number of genes impacting it is only 1:
	{P_011719, P_011607}
You may want to ignore posterior probabilities and other statistics related to the following branch branch because the effective number of genes impacting it is only 6:
	{P_011671, P_011679, P_008632, P_011677, P_011735, P_011675, P_011759, P_011537, P_011715, P_011739, P_011673, P_011745, P_006412, P_011681, P_008640, GAP_80390, GAP_80389, P_008646, P_006413, P_011713, P_011705, P_016813, P_011579, P_011701, BCGB, WIGA, ABSS, Apet, Dhai, Msal, KAYP, P_011719, P_014073, P_011709, P_011611, P_011607}
Extended species tree:
(P0109B,((P_018831,OSHQ)49.58:0.27129300984624677,((P_016909,WZFE)60.79:0.5248066755908583,(P0203H,((((SJEV,(P_019193,(P_019187,Wsal)63.55:0.5957946818301558)86.6:1.5768233967616232)73.77:0.921859678565685,(WKSU,(P_016921,(GAP_81227,(Pcol,(GAP_81226,P_006410)79.56:1.165308309198802)74.4:0.9442231015900833)58:0.4566402075099163)67.26:0.7033015121005712)72.05:0.8596410077826158)83.11:1.354349172700613,((P_025525,(P_011589,(P_025523,P_025527)100:0.2876820724517809)100:0.2876820724517809)78.21:1.0232849999781157,(((Asie,QDVW)98.8:3.685856614944657,(P_019189,(PAWA,P_019197)50.55:0.2934698886348808)40.21:0.10569950422597511)40.4:0.10934966049563162,((CSSK,(P_019185,(P2589,OPDF)48.28:0.24926186036776166)44.97:0.18841499866827566)73:0.8921144384896434,((P_019191,P_019199)53.56:0.3403175606999089,(GAP_80417,(GAP_79804,P2590)94.87:2.419309367302188)71.47:0.8204630007998936)61.6:0.5375086771649082)80.46:1.2099830434731458)51.58:0.3076673830667201)50.84:0.29262890181546725)44.7:0.18385333450117927,(((WPHN,P_011613)36.24:0.03621971555229644,(((GAP_79862,P_011587)77.66:1.0748435859545973,(P_014081,(P0104A,P_008647)95.23:2.526193115730057)88.42:1.7081805296664847)74.14:0.9354225769747365,((P_011609,(P2619,Sdec)51.54:0.2957128099736571)71.08:0.8139086584386128,((WAIL,MAQO)91.19:1.9857842787713411,(((P_011527,(P_014077,(GAP_80298,(P_014083,GAP_80297)91.15:1.9676569534767951)38.28:0.07313855485329813)40.89:0.11391728333768045)96.44:2.7647760393220286,(KRJP,((GAP_80395,P_011549)95.99:2.7211559333382893,((P_011657,(P_011643,(P_011509,P_011651)78.67:1.124176817947718)37.05:0.05472186005595054)81.64:1.2705622570036923,((GAP_80393,GAP_80394)74.71:0.9578441031577295,((P_011647,(P_011465,(P_011501,(P_011523,(P_011487,P_011489)42.29:0.14147021421699146)37.15:0.05667543642157672)77.16:1.0584570593497882)85.01:1.4681393792252837)43.74:0.16621111353710882,(P_011551,(P_011631,((P_007844,P_011637)43.77:0.1659671595831764,(P_007843,(P_007783,P_006414)46.06:0.20809801684630558)52.78:0.3400827408416349)40.51:0.11056427616226254)38.81:0.08109736225226186)41.91:0.13306433176400242)78.52:1.118706749622891)36.07:0.039736425807337925)92.48:2.1363830735832927)57.94:0.45532946680036435)50.17:0.2869553175223078)47.95:0.2433771363482074,(VYLQ,((P_011531,(P_011699,(P_006411,Schi)71.21:0.8192511872634951)54.88:0.38015719170767776)87.22:1.620969774601564,(P_018635,(P_008631,(P_011709,((P_011671,(P_008632,P_011579)37.14:0.053979034815919646)86.22:1.5361850064965057,((P_011719,P_011607)100:0.2876820724517809,(((KAYP,(BCGB,ABSS)61.27:0.5328151604650252)35.73:0.032867835087209814,(WIGA,(Dhai,(Apet,Msal)41.42:0.12188147596587193)41.2:0.12239277738521796)56.67:0.42545635412801125)79.22:1.1502887591816446,((P_011713,P_011705)39.99:0.0981354738490775,(P_014073,(P_006413,((P_016813,((GAP_80390,GAP_80389)92.91:2.1854046074408107,(P_011679,(P_008646,(P_006412,P_008640)82.07:1.294686168537242)47.6:0.23637294070747858)40.88:0.11639518945303305)42.38:0.1419262130237539)67.32:0.7016322999867669,(P_011701,(P_011673,((P_011537,(P_011677,P_011739)77.09:1.046022894643373)52.14:0.3245514098336655,(P_011681,(P_011759,((P_011735,P_011675)84.7:1.4478881717277996,(P_011715,(P_011745,P_011611)71.18:0.7721760311157403)50.53:0.2929685608042044)51.67:0.3166584626923894)46.16:0.208334605301224)44.3:0.17467259675398458)38.07:0.07025001569764049)38.53:0.06286595517596508)60.51:0.48261959494919743)43.84:0.16740813359020057)42.1:0.12053417110646765)45.8:0.18320364730580369)52.44:0.3317527933771911)44.28:0.15371330913342318)49.94:0.2546317013912659)56.07:0.361595947289984)73.59:0.5908281790277595)42:0.12339333037956872)62.5:0.5680531287817228)48.82:0.26061323919499446)50.79:0.29938156488178447)56.87:0.42998881003233236)37:0.05346535451955537)38.89:0.08354374315728887)60.41:0.5149790198357143)74.84:0.9626922291548319,((OBPL,(((P_018639,P_018779)54.47:0.375509070696806,(P_018695,(P_018783,P_018645)45.9:0.20539137662915194)56.04:0.41109538020774145)58.49:0.46780155498287074,(P_018691,((P_016793,(P_006422,P_016795)64.26:0.6158873585042992)68.77:0.749028207207741,((P_016797,(P_007845,(GAP_80397,P_016799)62.01:0.5204142995814918)54.94:0.3623410291413939)84.76:1.4545438651319411,(P_018693,((P_014095,S08)67.12:0.6823978649671534,((S04,(S38,(S27,P_016789)62.63:0.5526008808045555)42.11:0.11761606368565218)66.34:0.6521207698031906,((S03,P_014099)93.98:2.3439658282885096,(P_016791,(S02,P_016787)98.47:3.4947305119714502)37.84:0.06740946531844513)39.56:0.09504754659646364)45.14:0.18957225298906055)66.06:0.6627057731005604)41.57:0.12851254917516264)34.09:0.009058499012833109)40.69:0.10959833748010007)43.76:0.16158600550045185)60.85:0.5260641603069122)79.26:1.1536281898159197,(((P2622,P2623)47.88:0.2348986572434879,(XQWC,(P0110C,(P0207A,(P0110B,(P0207C,(P0207B,(P0206H,P0206G)46.45:0.2152213152866561)46.66:0.21946123645499527)36.8:0.05006972374730758)36.81:0.05019782752966947)85.55:1.5050349858262202)59.18:0.48456764712268596)65.14:0.6385638079763015)73.48:0.9074747138645616,((GAP_80322,DHPO)72.27:0.8676477623986787,((P_012795,P_012941)99.28:4.116330768823732,((P_012861,((P_012855,(P_012827,P_007802)89.6:1.8184221957211588)82.84:1.337858633016372,((P_012813,P_018637)69.46:0.7718769144134408,(P_012919,P_012921)93.93:2.333523017754493)92.87:2.1862891896220473)95.22:2.5612209379082715)52.44:0.3335927493466268,(((P_012797,(P_012841,((P_012913,P_012877)90.26:1.8837102436961366,(P_012811,(P_012891,P_012895)59.43:0.4909725025279019)95.13:2.5458048762056906)92.48:2.13641794577503)57.33:0.4411675310566955)35.25:0.027133310693767017,(((P_012925,P_012883)98.17:3.410222841325863,((P_012857,(P_012815,P_012903)89.49:1.8148083570121607)40.98:0.11918945245469363,(P_012875,((P_012905,P_012831)64.25:0.6162194803032732,(P_012901,(P_012851,P_012887)97.73:3.23229910837805)36.75:0.0504640228499683)47.95:0.2439982702848015)80.99:1.2388931988501524)33.79:0.004850459142155889)75.63:0.9944596493453439,(P_018689,((P_006420,GAP_80294)87.98:1.6783205725870234,(P_012885,(P_012859,(((P_012873,P_012881)82.25:1.3048512014938947,(GAP_80291,P_012907)38.35:0.07512696040612475)36.15:0.04025829829851348,((P_012897,(GAP_80293,P_012893)93.35:2.2521600276914677)37.54:0.061925406271178096,((P_012911,(P_012821,P_012917)94.47:2.4234715211628317)82.79:1.3334182131413257,(P_012889,((P_012863,P_006418)42.61:0.145921672534375,(P_012793,(GAP_80292,P_006419)96.51:2.849694304117313)51.15:0.3057419137336132)35.08:0.023827536868656473)37.99:0.06915187550800653)35.17:0.024976520459977808)36.82:0.05067246752150085)37.85:0.06712489966124296)39.13:0.08778551914899177)35.06:0.023455980276147058)86.81:1.5955394781272854)90.2:1.883061314405106)94.07:2.3634490253623546)94.75:2.4781271106168776,((P_012867,((P_012817,P_012899)89.88:1.8514289656577285,(P_012847,P_012923)98.58:3.6104502867192068)75.73:0.9988097391724337)97.79:3.2571578135276242,(P_012843,(((P_012937,(P_012939,P_006421)91.57:2.026843989861298)98.99:3.8808403042381783,((P_012803,P_012853)35.37:0.02882353897011804,(P_012829,P_012837)87.92:1.6693310416498601)53.83:0.3628944362164243)48.21:0.24891538990511142,((YZRI,((P_012801,(P_012879,P_012809)98.87:3.7950976790177813)73.38:0.9075377303920663,(P_012839,(P_012805,(P_012799,P_012825)53.21:0.3496639827352352)48.9:0.2623664038799169)77.36:1.0672807629267302)50.42:0.2922996348871908)46.94:0.2250983127756087,((P_012909,(PSJT,((GAP_81172,P_012833)97.38:3.1078288855348055,((P_012927,GAP_80295)97.85:3.2767882785489086,((P_012791,P_012915)44.53:0.18096673344684505,(P_012869,(P_012823,(P_012819,P_012835)36:0.03871005680816227)76.02:1.0108160444653012)97.09:3.016230017302285)90.43:1.9074704942732568)45.71:0.20238733750803675)61.07:0.5321322254758051)54.58:0.37932183241810336)34.74:0.019383131263045573,((P_012865,(P_012931,(P_012935,P_012933)96.11:2.7491079242213647)94.44:2.4211374255344134)50.6:0.29591693772445316,((P_012807,P_012845)64.64:0.62718185727912,(P_012849,P_012871)91.65:2.035415448312432)71.23:0.8310621599026768)96.35:2.813411666038445)90.13:1.8782302735137912)89.85:1.8505862241803663)41.71:0.13155507820984433)80.44:1.2111631107322882)80.68:1.2232552099972545)43.45:0.1617592143510425)80.58:1.218426870614598)94.57:2.445610055172227)48.4:0.2526405382694912)58.86:0.4774134245908788)85.05:1.4739662407608212)78.38:1.112332617557561)82.08:1.2872476020067278)62.96:0.5780311171916526)63.63:0.5926202052209689));
Weight calculation took 204.978784001 secs
ASTRAL finished in 256.441 secs
