
================== ASTRAL ===================== 

This is ASTRAL version 5.7.7
Gene trees are treated as unrooted
282 trees read from all_bs10.trees
index198
All output trees will be *arbitrarily* rooted at P0109B

======== Running the main analysis
Number of taxa: 244 (244 species)
Taxa: [P_012841, P_012877, P_012913, P_012861, P_012837, P_012855, P_012813, P_012939, P_012937, P_006421, P_012827, P_007802, P_012803, P_012921, P_012919, P_012889, P_012891, GAP_80291, P_012881, P_012793, P_012911, P_006418, P_012811, P_012859, P_012907, P_012821, P_012917, P_012897, P_012873, GAP_80292, P_012863, P_018689, GAP_80293, P_012893, P_006420, GAP_80294, P_012885, P_006419, P_012895, P_012831, P_012905, P_012797, P_012815, P_012903, P_012857, P_012925, P_012883, P_012901, P_012941, P_012795, P_012851, P_012887, P_012867, P2589, OPDF, GAP_80417, PAWA, P2590, GAP_79804, CSSK, P_019185, P_012817, P_012899, P_012847, P_012923, P_011609, P_012875, P2622, P2623, P_018695, P_011701, P_011579, Sdec, P_011673, P0207B, P0110C, XQWC, P0207C, P0206G, P0207A, P0206H, P_016787, P_018691, P_018693, P_016793, P_006422, P_016791, P_016789, S02, S27, P_016797, P_007845, P_016799, OBPL, GAP_80397, P_018779, P_014099, S03, S04, P_018639, P_018783, P_018645, P_011699, GAP_80389, ABSS, P_011675, P_011735, P_011677, P_011537, P_008640, GAP_80390, P_006412, P_011759, P_011745, P_006413, P_008646, Apet, Dhai, P_016813, P_011681, P_011715, P_011713, VYLQ, P_008632, P_011671, P_008647, P0104A, P_014081, P_011549, GAP_80395, KRJP, P_011489, P_011487, P_011523, P_011509, P_011651, P2619, P_006414, P_007843, P_007783, GAP_80394, P_011637, P_007844, P_011465, P_011647, P_011501, P_011643, GAP_80393, P_011657, P_011587, GAP_79862, WAIL, P_011527, GAP_80297, GAP_80298, MAQO, Schi, P_006411, WPHN, P_012829, P_018635, P_014083, P_012845, P_012807, P_012805, P_012865, P_012799, YZRI, GAP_81172, P_012809, P_012879, P_012801, P_012839, P_012935, P_012933, P_012931, GAP_80295, P_012927, PSJT, P_012825, P_012835, P_012915, P_012791, P_012819, P_012869, P_012823, P_012849, P_012871, P_012833, P_012909, GAP_80322, DHPO, P_016795, Asie, QDVW, P0110B, P_011551, P0203H, P0109B, P_018831, WZFE, P_016909, P_019197, Wsal, P_019193, P_019187, SJEV, GAP_81226, P_006410, Pcol, WKSU, P_016921, GAP_81227, P_025523, P_019189, P_012853, P_012843, P_018637, P_025525, OSHQ, P_011531, P_008631, P_011705, WIGA, Msal, P_011739, BCGB, P_011679, P_011631, P_014077, P_019191, P_011613, S38, P_014095, S08, P_011719, KAYP, P_025527, P_014073, P_011709, P_011611, P_019199, P_011607, P_011589]
Taxon occupancy: {P_019193=223, P_019191=96, P_019197=241, OPDF=244, GAP_81172=276, P_018783=269, P_019199=71, Wsal=226, P_016921=268, WKSU=265, P_025523=36, P_025525=69, P_025527=27, P_014073=28, P0203H=175, P_014077=146, QDVW=261, P_011487=270, P_011489=273, P_016813=236, P_006421=272, P_006422=266, P_006420=195, P_006418=262, P_006419=267, P_014081=172, P_006414=269, P_014083=167, P_018689=275, P0206H=248, P0206G=227, Msal=238, P0109B=123, P_012901=266, P_006410=260, P_006411=264, P_012903=272, P_006412=266, P_006413=257, P_012905=275, P_012907=275, PAWA=260, GAP_79862=261, ABSS=259, P_012909=271, P_018691=114, GAP_80291=276, P_018695=260, P_014095=97, GAP_80293=270, GAP_80292=264, P_018693=257, GAP_80295=273, GAP_80294=267, P_014099=260, GAP_80297=267, GAP_80298=265, P_012911=266, P_011701=40, P_012913=230, P_012915=271, P_011705=128, P_012917=254, P_012919=240, P_011709=24, P_012881=273, P_011671=145, P_011551=155, P_012883=272, P_011673=205, MAQO=266, P_012885=266, P_011675=242, GAP_80322=275, P2590=214, P_012887=269, P_011677=192, P_012889=265, P_011679=215, P_008647=253, PSJT=251, P2589=214, P_012891=260, P_011681=183, P_012893=272, P_018637=262, P_012895=268, P_018635=238, P_012897=268, P0207C=253, P_012899=269, P0207B=257, P0207A=258, P_018639=239, P_008646=270, P_008640=268, BCGB=253, WZFE=267, P_018645=264, KRJP=264, KAYP=121, P_011699=124, P_011579=184, CSSK=253, P_008632=270, P_007783=249, P_016909=270, P_008631=49, P_019187=259, P_019185=247, Sdec=57, P_019189=225, P_012791=272, P_012793=269, P_012795=271, Asie=210, P_018779=197, P_011465=273, P_012797=271, P_011587=183, P_012799=270, P_011589=4, GAP_80417=129, WIGA=234, P_007802=203, GAP_79804=195, P_012841=266, P_011631=207, Pcol=213, P_012843=274, P_012845=271, P_012847=259, P_011637=264, P_011759=228, P_012849=260, Apet=122, OBPL=270, P0110C=244, P0110B=166, P_018831=259, YZRI=267, P_012851=270, P_011643=275, P_012853=268, P_011523=274, P_012855=255, P_012857=268, P_011647=227, P_011527=146, P_012859=266, WAIL=276, P_016789=257, P_012861=267, P_011651=221, P_016787=262, P_011531=201, P_012863=271, P_012865=262, Schi=213, P_012867=269, P_011657=224, P_011537=180, P_012869=268, P_016793=259, P_016791=267, P_016797=266, SJEV=269, P_016795=255, P_012871=258, P_012873=272, P_016799=265, P_012875=270, P_012877=259, P_012879=268, P_011549=242, P_007844=176, P_007845=36, S02=184, P_012921=233, S04=64, S03=241, P_012801=275, P_012923=261, P_011713=165, P_012803=271, P_012925=266, P_011715=209, S08=152, P_007843=232, P_012805=268, P_012927=270, P_012807=267, P_011719=25, P_012809=268, VYLQ=271, DHPO=274, GAP_80390=236, P2622=179, P2623=87, XQWC=267, GAP_80394=276, GAP_80393=275, GAP_80395=273, GAP_80397=267, P_012931=269, P_012811=263, WPHN=260, P_012933=257, P_012813=266, P_012935=264, P_012815=264, P_012937=275, P_012817=267, P_011607=6, P_012939=262, P_011609=161, P_012819=264, P2619=150, OSHQ=256, GAP_80389=250, P_012941=274, P_012821=268, P_011611=41, P_012823=268, P_011613=73, P_011735=262, S27=184, P_012825=270, P_012827=228, P_011739=213, P_012829=184, Dhai=257, P0104A=222, P_012831=258, P_011501=274, P_012833=268, GAP_81226=266, P_011745=230, GAP_81227=268, P_012835=268, S38=69, P_012837=272, P_012839=262, P_011509=272}
Number of gene trees: 282
282 trees have missing taxa
Calculating quartet distance matrix (for completion of X)
Species tree distances calculated ...
Will attempt to complete bipartitions from X before adding using a distance matrix.
Building set of clusters (X) from gene trees 
------------------------------
gradient0: 62783
Number of Clusters after addition by distance: 62783
calculating extra bipartitions to be added at level 1 ...
Adding to X using resolutions of greedy consensus ...
Limit for sigma of degrees:6150
polytomy size limit : 97
discarded polytomies:  [3, 3, 3, 3, 3, 3, 3, 3, 3, 3, 3, 3, 3, 3, 3, 3, 3, 4, 4, 4, 4, 4, 4, 4, 4, 4, 4, 4, 5, 5, 5, 5, 5, 6, 6, 6, 7, 8, 8, 8, 11, 13, 14, 14, 22, 24, 39, 97]
Threshold 0.0:
polytomy of size 4; rounds with additions with at least 5 support: 2; clusters: 62797
Threshold 0.01:
polytomy of size 5; rounds with additions with at least 5 support: 2; clusters: 62815
polytomy of size 4; rounds with additions with at least 5 support: 0; clusters: 62827
Threshold 0.02:
polytomy of size 7; rounds with additions with at least 5 support: 0; clusters: 62937
polytomy of size 4; rounds with additions with at least 5 support: 0; clusters: 62937
Threshold 0.05:
polytomy of size 11; rounds with additions with at least 5 support: 2; clusters: 62963
polytomy of size 3; rounds with additions with at least 5 support: 0; clusters: 62963
polytomy of size 3; rounds with additions with at least 5 support: 0; clusters: 62963
polytomy of size 4; rounds with additions with at least 5 support: 0; clusters: 62963
polytomy of size 8; rounds with additions with at least 5 support: 0; clusters: 62967
polytomy of size 4; rounds with additions with at least 5 support: 0; clusters: 62969
Threshold 0.1:
polytomy of size 13; rounds with additions with at least 5 support: 0; clusters: 62985
polytomy of size 4; rounds with additions with at least 5 support: 0; clusters: 62985
polytomy of size 5; rounds with additions with at least 5 support: 0; clusters: 62985
polytomy of size 8; rounds with additions with at least 5 support: 0; clusters: 62991
polytomy of size 4; rounds with additions with at least 5 support: 0; clusters: 62991
polytomy of size 3; rounds with additions with at least 5 support: 0; clusters: 62991
polytomy of size 24; rounds with additions with at least 5 support: 0; clusters: 63047
polytomy of size 4; rounds with additions with at least 5 support: 0; clusters: 63047
polytomy of size 3; rounds with additions with at least 5 support: 0; clusters: 63047
polytomy of size 3; rounds with additions with at least 5 support: 0; clusters: 63047
Threshold 0.2:
polytomy of size 22; rounds with additions with at least 5 support: 0; clusters: 63051
polytomy of size 3; rounds with additions with at least 5 support: 0; clusters: 63051
polytomy of size 3; rounds with additions with at least 5 support: 0; clusters: 63051
polytomy of size 3; rounds with additions with at least 5 support: 0; clusters: 63051
polytomy of size 6; rounds with additions with at least 5 support: 0; clusters: 63051
polytomy of size 14; rounds with additions with at least 5 support: 0; clusters: 63059
polytomy of size 3; rounds with additions with at least 5 support: 0; clusters: 63059
polytomy of size 4; rounds with additions with at least 5 support: 0; clusters: 63059
polytomy of size 8; rounds with additions with at least 5 support: 0; clusters: 63059
polytomy of size 5; rounds with additions with at least 5 support: 0; clusters: 63059
polytomy of size 39; rounds with additions with at least 5 support: 1; clusters: 63117
polytomy of size 4; rounds with additions with at least 5 support: 0; clusters: 63117
polytomy of size 4; rounds with additions with at least 5 support: 0; clusters: 63117
Threshold 0.3333333333333333:
polytomy of size 6; rounds with additions with at least 5 support: 0; clusters: 63117
polytomy of size 3; rounds with additions with at least 5 support: 0; clusters: 63117
polytomy of size 14; rounds with additions with at least 5 support: 0; clusters: 63125
polytomy of size 3; rounds with additions with at least 5 support: 0; clusters: 63125
polytomy of size 3; rounds with additions with at least 5 support: 0; clusters: 63125
polytomy of size 3; rounds with additions with at least 5 support: 0; clusters: 63125
polytomy of size 3; rounds with additions with at least 5 support: 0; clusters: 63125
polytomy of size 6; rounds with additions with at least 5 support: 0; clusters: 63125
polytomy of size 3; rounds with additions with at least 5 support: 0; clusters: 63125
polytomy of size 5; rounds with additions with at least 5 support: 0; clusters: 63125
polytomy of size 3; rounds with additions with at least 5 support: 0; clusters: 63125
polytomy of size 3; rounds with additions with at least 5 support: 0; clusters: 63125
polytomy of size 5; rounds with additions with at least 5 support: 0; clusters: 63125
polytomy of size 97; rounds with additions with at least 5 support: 0; clusters: 63189
max k is :4
Number of Clusters after addition by greedy: 63189
gradient0 in heuristiic: 63189
partitions formed in 27.671 secs
Dynamic Programming starting after 27.671 secs
Using tree-based weight calculation.
Using polytree-based weight calculation.
Polytree max score: 12400551824
Polytree building time: 0.158 seconds.
Number of quartet trees in the gene trees: 12400551824
Size of largest cluster: 244
Greedy score: 11425313809
estimationFactor: 1.0853576568051708
Sub-optimal score: 11555453464
Calculated 100000 weights; time (seconds): 180
Total Number of elements weighted: 158236
Normalized score (portion of input quartet trees satisfied before correcting for multiple individuals): 0.9458802731906554
Optimization score: 11729437347
Optimal tree inferred in 284.546 secs.
(P_012791,(P_012915,((P_012869,(P_012823,(P_012835,P_012819))),((P_012927,(GAP_80295,PSJT)),((GAP_81172,P_012833),(((P_012865,(P_012931,(P_012935,P_012933))),((P_012849,P_012871),(P_012845,P_012807))),(P_012909,(((P_012801,(P_012809,P_012879)),(P_012839,(P_012805,(P_012825,(P_012799,YZRI))))),(((P_012937,(P_012939,P_006421)),((P_012803,P_012853),(P_012837,P_012829))),(P_012843,((P_012867,((P_012847,P_012923),(P_012817,P_012899))),(((P_012797,(P_012841,((P_012877,P_012913),(P_012811,(P_012891,P_012895))))),((((P_012925,P_012883),(P_012857,(P_012815,P_012903))),(P_012875,((P_012851,P_012887),(P_012901,(P_012831,P_012905))))),(P_018689,((P_012859,(P_006420,GAP_80294)),(P_012885,(P_012897,(((GAP_80291,P_012907),(P_012881,P_012873)),((P_012889,(P_012793,(GAP_80292,P_006419))),(P_006418,((GAP_80293,P_012893),(P_012863,(P_012911,(P_012821,P_012917))))))))))))),((P_012861,((P_012855,(P_012827,P_007802)),((P_012813,P_018637),(P_012921,P_012919)))),((P_012941,P_012795),((GAP_80322,DHPO),(((P2622,P2623),(P0110C,(P0110B,(P0207A,((P0207B,XQWC),(P0207C,(P0206G,P0206H))))))),((P_007845,(((P_018779,P_018639),(P_018695,(P_018783,P_018645))),(P_018691,(((P_018693,(P_016793,(P_006422,P_016795))),(P_016797,(P_016799,(OBPL,GAP_80397)))),((P_014095,S08),((S04,(S38,(P_016789,S27))),((P_016787,S02),(P_016791,(P_014099,S03))))))))),(((P0203H,((WZFE,P_016909),(P0109B,(P_018831,OSHQ)))),(((SJEV,(P_019193,(Wsal,P_019187))),(P_016921,(GAP_81227,(WKSU,(Pcol,(GAP_81226,P_006410)))))),((P_025527,(P_025523,P_025525)),(((Asie,QDVW),(P_019189,(PAWA,P_019197))),(((CSSK,P_019185),(P2589,OPDF)),((P_019191,P_019199),(GAP_80417,(P2590,GAP_79804)))))))),((WPHN,P_011613),(((P_011609,(Sdec,P2619)),(MAQO,(WAIL,(P_011527,((GAP_80298,P_014077),(GAP_80297,P_014083)))))),((((P_011587,GAP_79862),(P_014081,(P_008647,P0104A))),((KRJP,(P_011549,GAP_80395)),((P_011657,(P_011643,(P_011509,P_011651))),((GAP_80394,GAP_80393),(P_011631,(P_011551,(((P_011637,P_007844),(P_007843,(P_006414,P_007783))),(P_011647,(P_011465,(P_011501,(P_011489,(P_011487,P_011523)))))))))))),(((P_011531,P_011589),(P_011699,(Schi,P_006411))),(VYLQ,((P_018635,P_008631),(P_011709,((P_011579,(P_008632,P_011671)),((P_011719,P_011607),(P_014073,(P_011701,(P_011713,(((KAYP,(ABSS,BCGB)),(P_006413,((Dhai,P_011705),(WIGA,(Apet,Msal))))),((P_016813,((GAP_80389,GAP_80390),((P_008646,P_011679),(P_008640,P_006412)))),((P_011673,(P_011537,(P_011677,P_011739))),(P_011759,((P_011675,P_011735),(P_011715,(P_011681,(P_011745,P_011611))))))))))))))))))))))))))))))))))))));
Final quartet score is: 11729437347
Final normalized quartet score is: 0.9458802731906554
You may want to ignore posterior probabilities and other statistics related to the following branch branch because the effective number of genes impacting it is only 13:
	{P_025523, P_025525}
You may want to ignore posterior probabilities and other statistics related to the following branch branch because the effective number of genes impacting it is only 19:
	{P_025523, P_025525, P_025527}
You may want to ignore posterior probabilities and other statistics related to the following branch branch because the effective number of genes impacting it is only 3:
	{P_011531, P_011589}
You may want to ignore posterior probabilities and other statistics related to the following branch branch because the effective number of genes impacting it is only 1:
	{P_011719, P_011607}
You may want to ignore posterior probabilities and other statistics related to the following branch branch because the effective number of genes impacting it is only 6:
	{P_011701, P_011673, GAP_80389, ABSS, P_011675, P_011735, P_011677, P_011537, P_008640, GAP_80390, P_006412, P_011759, P_011745, P_006413, P_008646, Apet, Dhai, P_016813, P_011681, P_011715, P_011713, P_011705, WIGA, Msal, P_011739, BCGB, P_011679, KAYP, P_011611}
You may want to ignore posterior probabilities and other statistics related to the following branch branch because the effective number of genes impacting it is only 3:
	{P_011701, P_011673, GAP_80389, ABSS, P_011675, P_011735, P_011677, P_011537, P_008640, GAP_80390, P_006412, P_011759, P_011745, P_006413, P_008646, Apet, Dhai, P_016813, P_011681, P_011715, P_011713, P_011705, WIGA, Msal, P_011739, BCGB, P_011679, KAYP, P_014073, P_011611}
95.00821200510856 13.138882503192848 1.0201961320926838 109.16729064039409 6.370626527708606E-32
230.96643171928878 13.920965895508703 8.86333350398621 253.7507311187837 2.823750066291606E-83
107.22889118509674 45.979758794432946 38.01823304554351 191.22688302507322 1.6930149689346325E-10
105.1487284106663 49.030625291701114 49.53527555174568 203.71462925411308 2.2183860300840036E-7
214.3636226417593 6.772861637414164 10.671675235720928 231.80815951489438 5.6369021553341846E-80
141.02648295354342 25.97097544403706 31.051937546672686 198.04939594425318 1.573077741179927E-28
104.95169847871017 41.01922712735591 40.06252952384664 186.03345512991274 2.0565801942836429E-10
115.56657705599584 68.55480394406253 47.25306557950621 231.37444657956456 1.3187182008759698E-7
149.76377130414272 40.85272980683935 51.36679622383229 241.98329733481438 3.7013051882362484E-20
204.91049275491625 7.054296297114126 15.174334238756627 227.13912329078698 1.2468186183151947E-72
149.44735474467282 10.610920988862818 14.740345913960798 174.79862164749645 3.0983783175350434E-47
6.005289929199121 2.014705882352941 2.0049019607843137 10.024897772336374 0.2034300132602498
Not enough genes
Cannot perform polytomy test with effective N (after polytomies) 10.024897772336374:
	(P_025523,P_025525):0.38133922907607826;
8.526299910397787 1.1026570061172694 2.041297175016943 11.670254091532 0.014984886432840995
Not enough genes
Cannot perform polytomy test with effective N (after polytomies) 11.670254091532:
	(P_025527,(P_025523,P_025525):0.38133922907607826):0.7121414923841118;
190.4733533945178 0.5770621770665113 3.0030385242834026 194.05345409586772 2.059159316858473E-80
90.05170199829955 23.35028566287565 25.43737625523984 138.83936391641504 3.198575640153721E-14
62.46677758346915 55.21243179812305 37.573516251262184 155.25272563285438 0.04212158047970446
85.80745344990028 46.73900751568065 52.26633259859724 184.81279356417818 7.061203231993036E-4
86.48832728871534 65.54473343794335 63.03018013631994 215.0632408629786 0.0988812994788208
138.00965873245605 24.568196023456284 20.525486195534004 183.10334095144634 2.2395650342947576E-32
162.5949676477804 24.553651645962777 26.92195763649116 214.07057693023435 9.847377476416568E-39
22.850261498985077 9.371933255722702 11.347495076376866 43.569689831084645 0.02604395353919173
93.99528301886792 1.0158901654896173 8.0 103.01117318435755 1.213820044347559E-34
44.25015225648978 13.68752944946921 15.083723045880975 73.02140475183997 4.8617580208980035E-6
62.793507725312665 31.972910794413348 4.657264111639359 99.42368263136538 8.203202535759563E-12
165.0283644071555 7.96992521489787 23.488090050536194 196.48637967258955 2.150201590630527E-50
29.81631958290447 6.787804157537499 16.328939548815974 52.933063289257944 5.067656185247357E-4
27.95841870839196 13.105455878073625 5.852250814768178 46.916125401233764 2.975785391788076E-4
55.70616284717108 37.79507172966653 36.794345586349905 130.29558016318754 0.07372596012860785
18.643434821430212 9.824636697388359 9.695974490460083 38.16404600927865 0.12644121131493333
21.678898591535713 13.176805609466589 3.064265482579436 37.91996968358174 0.0010380220740791354
66.5032728409935 7.331473667991307 10.135376155826702 83.97012266481151 5.11283681196763E-18
50.1335550231216 32.53781551870991 44.034332491124935 126.70570303295645 0.15105219119233992
142.99256692172884 8.014740471038145 10.494523823123053 161.50183121589004 7.776939028554239E-49
46.68102902275089 42.58093145380795 34.792670780640385 124.05463125719922 0.4140067396781505
50.803188805168425 39.7556610204933 32.6929871032446 123.25183692890633 0.1315988884705395
141.1230475847435 18.34697009610033 62.44108787770837 221.9111055585522 1.945956101203481E-23
126.17278686250977 10.431449785312534 8.45567105498529 145.05990770280758 1.57488832150478E-41
52.296272049722084 18.93041449636342 11.452394196527806 82.67908074261331 3.530435691689993E-8
107.79212960097604 20.31294955778546 13.998004035897669 142.10308319465918 6.33806243603995E-26
139.99011327018846 3.010028149190711 4.0047846889952154 147.00492610837438 9.263452389308825E-56
127.36223904641436 14.827859758297041 5.351651240407348 147.54175004511873 2.088273015335389E-41
128.39155113427924 11.913942749816107 21.56313198884389 161.86862587293922 2.3186351078025807E-34
161.8541024022022 22.14574257573954 26.044825900935383 210.04467087887713 5.47027562157206E-40
167.319708383635 29.753351930724467 4.074165349737755 201.14722566409725 1.2286227973520341E-50
107.8755147864866 30.119379699132093 33.65714675662753 171.6520412422462 2.3300978595117994E-15
62.89028867239816 52.872658453956056 46.19781644154341 161.96076356789763 0.27048070062564117
113.811600659838 24.120002104062895 18.67190498142983 156.60350774533075 1.7915951758057552E-24
121.55312479231166 30.330680302980063 29.72889202661494 181.61269712190668 9.297973193621575E-21
58.49648568798489 22.324998511023647 37.695054879526786 118.51653907853532 2.3831065437295994E-4
71.84930502275687 32.09712696051456 63.80295947434456 167.74939145761599 3.709659792353428E-4
95.1362410127377 37.515647664275264 29.22277336213243 161.8746620391454 4.2255908374023564E-11
61.744565315178455 43.297378558306065 47.9968877599893 153.03883163347382 0.16505985434888576
68.97055713001645 54.91585540894558 61.17492898563993 185.06134152460194 0.4476515453919976
66.13557556048231 55.93485461904139 58.9720165260511 181.0424467055748 0.6347160918564991
112.92078876451953 30.675981045915048 34.67326552883612 178.2700353392707 1.91989223893308E-16
122.76082640557453 16.199568644644707 8.206218296686353 147.1666133469056 6.135690423111173E-37
62.776270480250744 40.633885398571444 31.13707021910818 134.54722609793038 0.0028027071025487175
36.2263440530542 25.172520230960565 32.68935802777343 94.0882223117882 0.36201544066479385
35.36051628679713 28.13642537739298 27.131931784912375 90.62887344910249 0.5132256708915095
75.36246722039769 39.095000164392374 16.104626169186144 130.5620935539762 1.2390362588552004E-9
59.18494089576599 44.86648682231106 58.97678209961788 163.02820981769491 0.2895156644139455
180.0512129899234 6.768764987910644 9.35793243492654 196.1779104127606 3.203919210433714E-66
122.04272158605255 14.180502355341051 8.91825441198553 145.1414783533791 2.5501591427195643E-37
34.030452129236664 32.14228567210149 21.422616305195387 87.59535410653353 0.20523257501258974
1.0 0.0 1.0 2.0 0.6065306597126334
Not enough genes
Cannot perform polytomy test with effective N (after polytomies) 2.0:
	(P_011531,P_011589):0.0;
69.21774509585435 20.866172277990216 10.915711340972226 100.9996287148168 2.8358579603984334E-13
50.450238101303306 29.098904885511722 9.738414349203016 89.28755733601804 8.887837871124795E-7
150.75133847020436 6.800489712286985 7.410931837758061 164.9627600202494 4.74602499821028E-55
17.2137655707058 5.993626267096434 3.261169754826521 26.468561592628756 0.002036242544898403
36.86083816577272 29.252549063590813 30.944943256123608 97.05833048548713 0.6106384936868128
129.35974295907917 10.157286920184054 7.600606038091616 147.11763591735485 1.3648752507085826E-43
1.0 0.0 0.0 1.0 0.3678794411714423
Not enough genes
Cannot perform polytomy test with effective N (after polytomies) 1.0:
	(P_011719,P_011607):0.2876820724517809;
42.36448588918044 14.967816817977694 14.834059280741116 72.16636198789925 2.889961855743438E-5
29.986450017486153 16.096822789449217 16.96140599664863 63.044678803584 0.0560530525771677
44.30703390269812 4.832020562015275 34.860782877417016 83.9998373421304 2.5703677675162764E-7
20.9676839900337 13.060046621095463 19.108624980543773 53.13635559167293 0.38091522411110945
61.406850335546665 43.54491333992048 23.541949254743738 128.49371293021088 2.2997887280442952E-4
64.77218620599315 40.28212190033869 34.12795679209853 139.18226489843036 0.003468002919063682
58.15044260343729 61.3643514937762 19.946513766614217 139.4613078638277 1.097339025190287E-5
66.2447425729457 22.477315544061284 39.979899328247335 128.70195744525432 1.2224528453634707E-5
132.53736760427793 12.12297620444112 12.317391112128556 156.9777349208476 8.912698076305195E-41
66.18597755347784 16.8459374799405 48.738743505908964 131.77065853932731 6.46287206822664E-7
124.18982311941504 18.571804067754933 20.832701651757077 163.59432883892705 1.0155228458110698E-29
54.82430479764626 44.52916071226916 31.62283976580559 130.97630527572102 0.04525293587431026
41.917243803419005 29.513997136452296 29.506532896474962 100.93777383634627 0.21761446112586494
58.28499963291423 18.333366768581797 19.05118382272764 95.66955022422366 7.623546269369463E-8
68.05224982838163 17.873180807287643 12.139947288297472 98.06537792396675 2.6876260864324995E-13
37.045703836628945 27.01434244308448 22.689766240647877 86.7498125203613 0.1532566052484968
37.74439001479387 36.049897376387214 36.309614966266 110.10390235744708 0.9775618291169298
143.01720071124464 9.920979564846533 13.648718461125618 166.58689873721679 1.1885182013537378E-45
10.990169993416671 7.02673416931052 4.002508305328984 22.019412468056174 0.18766089425546945
43.136308170373546 42.089254710908804 20.837189873953267 106.0627527552356 0.011350790900209549
56.999647787987456 26.323077990369562 39.98155657695862 123.30428235531562 0.00319283569584922
58.87925272605326 27.400951843022277 40.04233866740482 126.32254323648036 0.002582438505726381
53.55153803161663 31.888872530046285 33.875999098887384 119.3164096605503 0.02717887096227352
94.09114696894932 15.331648502701844 18.865987297048406 128.28878276869955 7.959953153369058E-21
46.64114904832181 31.563801251790096 28.76495216589357 106.96990246600546 0.07480494132799177
33.50585131583863 19.018803057654992 30.982261972232994 83.50691634572662 0.11628368791143902
6.142558577921323 3.888140729435317 5.053891450193047 15.084590757549687 0.7766282980462045
0.2403846153846154 1.0453060380479735 1.5773792759490701 2.863069929381659 0.6220329156596528
Not enough genes
Cannot perform polytomy test with effective N (after polytomies) 2.863069929381659:
	(P_011701,(P_011713,(((KAYP,(ABSS,BCGB):0.4596950711352686):0.22604416686925974,(P_006413,((Dhai,P_011705):0.331132977614186,(WIGA,(Apet,Msal):0.08443505531823678):0.23738294194721524):0.21453742416415406):0.1289638347256236):0.30940817793205194,((P_016813,((GAP_80389,GAP_80390):1.420651819854321,((P_008646,P_011679):0.28468362392700597,(P_008640,P_006412):0.9990774188837014):0.13137978468291486):0.12421078767384527):0.5181783053785063,((P_011673,(P_011537,(P_011677,P_011739):0.7559043053456356):0.14301767127491355):0.009628532179596989,(P_011759,((P_011675,P_011735):1.514523010956386,(P_011715,(P_011681,(P_011745,P_011611):0.2435322138716081):0.110216909750309):0.2080382430087768):0.21525294262962946):0.18348284332174725):0.8956045048087627):0.16013860569202903):0.09952175770544032):0.07562516536609543):0.0;
1.2230769230769232 0.8223776223776222 0.0 2.0454545454545454 0.5653922106392578
Not enough genes
Cannot perform polytomy test with effective N (after polytomies) 2.0454545454545454:
	(P_014073,(P_011701,(P_011713,(((KAYP,(ABSS,BCGB):0.4596950711352686):0.22604416686925974,(P_006413,((Dhai,P_011705):0.331132977614186,(WIGA,(Apet,Msal):0.08443505531823678):0.23738294194721524):0.21453742416415406):0.1289638347256236):0.30940817793205194,((P_016813,((GAP_80389,GAP_80390):1.420651819854321,((P_008646,P_011679):0.28468362392700597,(P_008640,P_006412):0.9990774188837014):0.13137978468291486):0.12421078767384527):0.5181783053785063,((P_011673,(P_011537,(P_011677,P_011739):0.7559043053456356):0.14301767127491355):0.009628532179596989,(P_011759,((P_011675,P_011735):1.514523010956386,(P_011715,(P_011681,(P_011745,P_011611):0.2435322138716081):0.110216909750309):0.2080382430087768):0.21525294262962946):0.18348284332174725):0.8956045048087627):0.16013860569202903):0.09952175770544032):0.07562516536609543):0.0):0.10804302349364832;
8.764495266811037 5.233391416899202 0.9470864024128222 14.944973086123062 0.046125693276872354
Not enough genes
Cannot perform polytomy test with effective N (after polytomies) 14.944973086123062:
	((P_011719,P_011607):0.2876820724517809,(P_014073,(P_011701,(P_011713,(((KAYP,(ABSS,BCGB):0.4596950711352686):0.22604416686925974,(P_006413,((Dhai,P_011705):0.331132977614186,(WIGA,(Apet,Msal):0.08443505531823678):0.23738294194721524):0.21453742416415406):0.1289638347256236):0.30940817793205194,((P_016813,((GAP_80389,GAP_80390):1.420651819854321,((P_008646,P_011679):0.28468362392700597,(P_008640,P_006412):0.9990774188837014):0.13137978468291486):0.12421078767384527):0.5181783053785063,((P_011673,(P_011537,(P_011677,P_011739):0.7559043053456356):0.14301767127491355):0.009628532179596989,(P_011759,((P_011675,P_011735):1.514523010956386,(P_011715,(P_011681,(P_011745,P_011611):0.2435322138716081):0.110216909750309):0.2080382430087768):0.21525294262962946):0.18348284332174725):0.8956045048087627):0.16013860569202903):0.09952175770544032):0.07562516536609543):0.0):0.10804302349364832):0.39231257493633054;
7.610893693630821 2.8761002545558165 2.9722237746049096 13.459217722791546 0.1954373024649198
Not enough genes
Cannot perform polytomy test with effective N (after polytomies) 13.459217722791546:
	((P_011579,(P_008632,P_011671):0.06599118902064008):1.660927065606253,((P_011719,P_011607):0.2876820724517809,(P_014073,(P_011701,(P_011713,(((KAYP,(ABSS,BCGB):0.4596950711352686):0.22604416686925974,(P_006413,((Dhai,P_011705):0.331132977614186,(WIGA,(Apet,Msal):0.08443505531823678):0.23738294194721524):0.21453742416415406):0.1289638347256236):0.30940817793205194,((P_016813,((GAP_80389,GAP_80390):1.420651819854321,((P_008646,P_011679):0.28468362392700597,(P_008640,P_006412):0.9990774188837014):0.13137978468291486):0.12421078767384527):0.5181783053785063,((P_011673,(P_011537,(P_011677,P_011739):0.7559043053456356):0.14301767127491355):0.009628532179596989,(P_011759,((P_011675,P_011735):1.514523010956386,(P_011715,(P_011681,(P_011745,P_011611):0.2435322138716081):0.110216909750309):0.2080382430087768):0.21525294262962946):0.18348284332174725):0.8956045048087627):0.16013860569202903):0.09952175770544032):0.07562516536609543):0.0):0.10804302349364832):0.39231257493633054):0.34186305270461365;
5.502813423118637 4.167451555221972 1.2685448851149084 10.938809863455516 0.27661088124680816
Not enough genes
Cannot perform polytomy test with effective N (after polytomies) 10.938809863455516:
	(P_011709,((P_011579,(P_008632,P_011671):0.06599118902064008):1.660927065606253,((P_011719,P_011607):0.2876820724517809,(P_014073,(P_011701,(P_011713,(((KAYP,(ABSS,BCGB):0.4596950711352686):0.22604416686925974,(P_006413,((Dhai,P_011705):0.331132977614186,(WIGA,(Apet,Msal):0.08443505531823678):0.23738294194721524):0.21453742416415406):0.1289638347256236):0.30940817793205194,((P_016813,((GAP_80389,GAP_80390):1.420651819854321,((P_008646,P_011679):0.28468362392700597,(P_008640,P_006412):0.9990774188837014):0.13137978468291486):0.12421078767384527):0.5181783053785063,((P_011673,(P_011537,(P_011677,P_011739):0.7559043053456356):0.14301767127491355):0.009628532179596989,(P_011759,((P_011675,P_011735):1.514523010956386,(P_011715,(P_011681,(P_011745,P_011611):0.2435322138716081):0.110216909750309):0.2080382430087768):0.21525294262962946):0.18348284332174725):0.8956045048087627):0.16013860569202903):0.09952175770544032):0.07562516536609543):0.0):0.10804302349364832):0.39231257493633054):0.34186305270461365):0.21242264241702385;
70.71902425090951 25.11597073030986 23.887092410059847 119.72208739127923 1.7672559644950206E-8
53.748898833188576 42.28232920984229 32.784593877472105 128.81582192050297 0.07680995194966851
92.35136607128446 11.11731542391905 14.58810750957505 118.05678900477857 5.215573221485259E-24
51.27230363631669 14.62229021503315 19.949484852505957 85.8440787038558 1.11857159086474E-6
62.973906274700326 17.412795262986187 21.78552997788269 102.17223151556921 8.751392978094803E-9
101.16121990185536 9.035480626015602 8.138381050539811 118.33508157841077 3.5119291724935413E-32
78.41641700861764 51.2587609883011 22.369749966936208 152.04492796385495 1.8557003788994063E-7
76.50104860142208 54.94855100411538 52.95918479917083 184.40878440470829 0.06248176023893564
90.84900332874462 54.761858234926144 34.441537594795896 180.05239915846667 1.2419620422637301E-6
100.24030474154247 60.5756582816594 21.8196314086556 182.63559443185747 1.0756343498813732E-11
94.69548030625236 38.69851322589281 22.28130859112142 155.6753021232666 8.624804617057175E-13
81.5443270298122 35.21660312488339 27.821443770016714 144.5823739247123 2.289437440428969E-8
46.27775983788019 43.79501091928781 42.2429314907065 132.3157022478745 0.9103602283761212
88.08379599212654 85.53209397175048 44.11974199319744 217.73563195707445 2.267477808310088E-4
177.0964095710044 17.771598210442733 25.26117500148984 220.12918278293697 1.4537630622792812E-48
144.27464008314402 18.59756229438059 21.94451603767457 184.81671841519918 7.0246176705905935E-37
52.99379702633095 41.15913634729444 47.6592054197673 141.81213879339268 0.4756258190843333
46.27398537212952 14.449290661135615 3.190808518806964 63.9140845520721 6.638432779158925E-11
26.002189944774884 10.95636309234278 9.173741495277067 46.13229453239474 0.003858792247281492
10.482091700075948 5.069591742121203 7.533523195545211 23.08520663774236 0.38508373551505415
28.865095392357464 9.477308159327015 4.531859126738565 42.874262678423044 9.407891630865415E-6
149.1122184672633 3.7624039304788477 5.280806870051338 158.1554292677935 3.8565228042065724E-58
178.02514455928056 10.94195715517691 6.9788521842811315 195.9459538987386 4.1956713477285496E-64
53.35202054760706 45.29601412860715 40.65030621766322 139.29834089387742 0.41085576407350965
52.8304750879549 49.82721106470042 39.73836628811652 142.39605244077183 0.37123303719572076
41.76903468554744 29.18480455769018 28.4844473349558 99.43828657819341 0.18523327227700814
47.67703940423505 27.927780524219717 19.419354544890993 95.02417447334577 0.001313907115970296
22.532637855030277 18.162734451685743 17.751949095879908 58.44732140259593 0.6974512695939339
28.448302905707592 18.93620386682366 17.086389078988077 64.47089585151933 0.1773866934551674
9.77068861555619 8.747797633358745 4.370674951496574 22.88916120041151 0.3401518436060332
27.252470093067853 0.0587099260008547 2.1381282020405212 29.449308221109227 7.321355189029348E-11
25.638949531778742 11.727940684672475 22.949584575839808 60.316474792291025 0.06666994984798058
111.14320586965577 35.19030647002452 61.96636321171549 208.29987555139576 5.219646219164721E-10
80.95666485235941 45.96424581751363 54.1082714628959 181.02918213276894 0.003863834144830112
79.39029267305767 71.33101075224495 53.557076854491804 204.27838027979442 0.07686804535986048
92.19247136691254 76.86827163069188 47.307014456989684 216.3677574545941 7.334059098852523E-4
52.147573173396296 48.812058053216255 43.40409888344977 144.3637301100623 0.6672415848838694
124.81090487088427 13.680560257872724 10.082520264137347 148.57398539289434 4.936128874497897E-38
151.3184437252185 4.233439153198968 6.195884928434686 161.74776780685212 4.755115768507533E-58
66.26989288783045 18.58752546012067 28.78712889203132 113.64454723998244 5.920669277444216E-8
241.78979315298247 4.660648821178083 7.195480962864438 253.645922937025 5.499794640499559E-96
261.94358243948705 1.1316636497462365 0.9229049071649893 263.9981509963983 1.0191658007129571E-112
155.96961462185635 11.045484626799185 1.9981777604901274 169.01327700914567 2.82767947015233E-58
128.66500615864544 29.87913980112992 35.375722297130146 193.91986825690552 1.9649031412533042E-21
109.0673151078023 42.01658304259667 62.57694815247507 213.66084630287403 6.376627305275648E-8
197.02588603305963 7.189831315646615 8.525903203687085 212.74162055239333 8.832418300923379E-74
183.07028134156596 13.999029939787551 19.720574919756654 216.78988620111016 4.054073613841938E-56
186.8945054439689 6.666599018029396 5.526935135101134 199.08803959709942 4.920740455502703E-72
54.01584649670264 34.59761400730526 38.107168882775724 126.72062938678363 0.07926260718510585
128.70829412138443 14.767436572596244 27.11665527896304 170.5923859729437 1.3898874266670706E-30
95.79357232404529 40.20672694446472 55.938864888157646 191.93916415666763 2.6747422264000317E-6
142.71813630622475 25.360364206714802 22.85670508112995 190.9352055940695 9.776645142117248E-33
144.4418132511988 18.057595539058607 14.46646922825735 176.96587801851476 4.5188555362909036E-41
77.00474271761864 29.81908123128252 28.14599264332768 134.96981659222885 3.739099298378106E-8
43.511258881363055 36.116039167415224 40.14366351450703 119.77096156328531 0.7093750397923126
187.40400940462968 4.857093035307782 7.580278065771326 199.84138050570877 4.425595658613156E-72
113.63185850438968 20.5592899159593 8.748842547891485 142.93999096824047 8.262941243377353E-31
48.16822310819971 35.285257900773644 29.710154371452628 113.16363538042599 0.09292181761481293
37.046807614966546 35.64042515105313 32.97389070141678 105.66112346743645 0.8855855350844642
182.16981856193829 7.260946763950125 10.100015394513374 199.5307807204018 2.98520077139117E-66
85.1729455722719 29.42546122298957 29.4457452020049 144.04415199726637 4.299479570753157E-10
50.82042695881873 48.21821360396299 51.07855105264561 150.11719161542732 0.951204225683525
73.08976045525033 43.74841139375027 31.223652252251217 148.0618241012518 8.643861504712895E-5
84.78813357174442 19.460032477017386 19.906978267162145 124.15514431592396 1.4887311547219382E-15
67.01186728904015 14.723994107278754 18.922793002034016 100.65865439835292 1.1889489135702055E-11
128.1620500745024 16.169769342490962 3.297300284188453 147.6291197011818 2.370407432131324E-42
39.138908224496575 22.77929191880051 33.00769368646995 94.92589382976703 0.11546541824886346
36.154738730150065 32.08096011805357 31.620840421662788 99.85653926986643 0.8293720120450838
107.26262872331509 15.380587733312872 18.131212368180446 140.7744288248084 5.146394882506096E-26
35.524470144896036 25.66345739499397 29.077980221191496 90.26590776108151 0.43456789820510366
194.763152396427 8.103849768879895 4.152016373264217 207.0190185385711 2.1241189013877256E-75
39.286797201772174 31.03239462999945 27.636789885416306 97.95598171718794 0.3330668688961736
34.05452311487541 27.290242543128112 28.828280044013876 90.1730457020174 0.6581797210372935
164.27083226736303 6.966578659128866 4.055225027359244 175.29263595385115 3.4559268645202056E-63
156.1631640894458 9.191950281341029 10.16942356457418 175.524537935361 8.083578185508493E-54
80.7951492801026 20.239961684990323 16.0324180071329 117.06752897222583 2.4300665398240307E-15
32.10798971931019 28.06245184285594 21.625603714231303 81.79604527639744 0.3588010403470608
33.72550929646905 30.38620518606565 22.12931638940898 86.24103087194368 0.2895166273068032
29.283553223139005 26.49231927507617 30.139503601441955 85.91537609965714 0.880717855255508
31.536095103139758 26.6518798384319 27.460896679365046 85.6488716209367 0.7866009936006215
33.55628656158666 24.620471460149254 27.494953215835764 85.67171123757169 0.4825548976724603
32.38516598153341 32.067736547452164 27.48583290685709 91.93873543584266 0.782499876394605
30.29092468999313 30.21994078391546 32.70370714376936 93.21457261767796 0.9376820981651681
102.46156283965747 14.805057351907326 9.969930309442255 127.23655050100706 1.7661417840230721E-28
83.17409206559437 10.429879850609035 15.415600445087941 109.01957236129135 1.8427862155108172E-20
122.21356179944502 5.262228358957742 5.056225289857677 132.53201544826044 1.26097080179351E-45
122.8875989375499 4.273874225038278 4.4130744524109655 131.57454761499915 4.1256581735872014E-47
220.98440840261665 6.057463670361411 6.50553229682106 233.54740436979912 1.9016664520324435E-86
188.0001207509799 24.57676829391471 22.524553802947835 235.10144284784246 1.0900458850767689E-50
143.78102094186002 45.38610923045022 37.29353556288903 226.46066573519926 6.0335962549290015E-21
211.4310352454738 2.006607880556982 3.5912901786597655 217.02893330469053 7.835752897998055E-88
166.02014197622987 29.06388405995486 30.539399467432748 225.62342550361748 1.9057938762214407E-36
226.56903860467233 4.0025985073118395 1.6226025645144002 232.19423967649857 2.2242978518444045E-94
54.81936132664477 52.86506992977686 41.06236573777006 148.74679699419167 0.3271746797283069
95.34468825985213 16.968244109149886 12.50623029982638 124.81916266882841 2.1902775870268283E-23
63.00380002508837 45.34623919062948 42.771457821155906 151.12149703687376 0.09000537960420592
63.02026983916915 43.25309493865631 27.822492470990674 134.09585724881615 9.45162816385764E-4
237.99242507691483 5.859264369496488 2.968227913862185 246.8199173602735 9.752840824589292E-97
110.25374889619907 32.37205319175084 36.187941608369016 178.81374369631894 9.00917953057863E-15
189.10551160691443 14.397586985487587 19.06482520991661 222.56792380231863 9.764389865420542E-59
80.40795825031138 49.021108323032465 56.31144057125982 185.74050714460367 0.01280358408613747
72.75581360393072 40.69288667855324 65.84908074007399 179.29778102255796 0.008526204717307037
108.00374768750235 37.99301545036231 33.99777582524349 179.99453896310814 2.885043814072764E-13
131.5858493498279 22.157875247151928 15.742275868597083 169.48600046557692 2.5818494341948123E-33
209.014666301779 9.035568662821174 13.862862037960886 231.91309700256105 7.471159483949941E-74
174.88525343822158 15.935005650962573 14.60354674046805 205.42380582965222 1.36370168934754E-54
79.47086020856102 55.343687150083156 48.96152894402127 183.77607630266544 0.014594970878250405
160.41183052108906 19.384222125186763 20.029942185798003 199.82599483207383 9.363788769410544E-44
88.78610372407813 46.92941891369201 50.23591340543571 185.95143604320583 1.6065708446892635E-4
100.2221195991319 38.71198995387941 46.5788165385048 185.5129260915161 1.3507833760963143E-8
176.34020540005977 11.092158392520789 11.58458866815382 199.0169524607344 3.871966552786238E-60
204.22100598113266 9.377707658942565 11.439116633600065 225.0378302736753 3.17249650713598E-73
107.90946933846044 31.98895486626977 76.10692927073156 216.0053534754618 1.7067577452973348E-9
217.4810376269111 7.340683480102205 9.564274756144252 234.38599586315755 1.0823274787732786E-81
105.95676795003928 69.99000909790793 54.058437287264155 230.00521433521135 9.913275318350943E-5
130.06800141612936 59.526506556361596 40.05987834643605 229.654386318927 1.889458053314867E-13
206.70517480529693 7.58707441606834 12.725377909730982 227.01762713109625 1.143980766430448E-74
93.67395990720738 55.07750118016697 58.722310121217106 207.47377120859144 0.001407268235754226
161.3130155830369 27.11467904745628 21.819071048487086 210.24676567898027 1.8774090447791215E-39
79.00465993557854 54.61028381813145 49.98847219352444 183.60341594723445 0.018843915278247185
176.01819957429743 8.607088039556322 10.80733356708663 195.43262118094037 3.363204442235815E-62
56.89416019445176 52.88204512721825 50.4696109716902 160.2458162933602 0.8210500093572048
139.3974450041031 14.847799260898096 11.239109790979775 165.48435405598096 1.1890759132327039E-42
144.61585915601066 7.065253577953768 6.871288122350302 158.55240085631473 1.2651794488043827E-52
43.818487337183996 38.618975036863056 44.23254667946228 126.67000905350932 0.7931224362004322
104.03758394412206 17.939991317557183 14.07445489672075 136.0520301584 1.6880487221345537E-25
101.61877148250676 13.802143351611829 11.525757406507342 126.94667224062593 8.238520223283075E-28
50.28692550941923 25.745679453923273 34.722608692274214 110.7552136556167 0.015354386669063724
107.50901641467279 13.276079483901702 19.25926879674563 140.0443646953201 1.2588163444817515E-26
163.14995138007598 4.6290103477745905 5.029537838579956 172.80849956643053 1.0147960655770746E-63
92.52766982847895 15.234042404699869 61.261035031889016 169.02274726506784 2.2236618524219546E-12
85.158744593434 18.18687856140542 43.270155751352014 146.61577890619142 6.706475958289643E-11
117.90993302915801 7.688170918781365 6.4169848257877495 132.01508877372711 3.692445803787901E-41
82.52250797017248 15.735195088908428 14.042177537053087 112.299880596134 2.0020785385254533E-18
123.77403016145301 11.777221824804114 2.461864471116245 138.01311645737337 9.40183793801031E-44
115.55801686429376 20.962333696593273 19.90519069811611 156.42554125900315 7.50560321342978E-26
76.24014674965022 7.298232908546323 31.05698692350583 114.59536658170238 1.1361370040108342E-14
Extended species tree:
(P0109B,((P_018831,OSHQ)0:1.577935324075469,((WZFE,P_016909)0:1.965794760046728,(P0203H,((((SJEV,(P_019193,(Wsal,P_019187)0:0.41058361790554565)0:0.31533210384412497)0:2.1299814343956665,(P_016921,(GAP_81227,(WKSU,(Pcol,(GAP_81226,P_006410)0:0.827249922541972)0:0.4181066142935836)0:0.2823545121648251)0:0.5525703911074005)0:1.879104931978165)0:1.4923576830191208,((P_025527,(P_025523,P_025525)NA:0.38133922907607826)NA:0.7121414923841118,(((Asie,QDVW)0:3.3460875513804487,(P_019189,(PAWA,P_019197)0:0.6272620544495111)0.04212:0.10499458719241597)0.00071:0.21405098683849286,(((CSSK,P_019185)0.09888:0.10584684141519911,(P2589,OPDF)0:0.9793562319784082)0:1.0051526543958174,((P_019191,P_019199)0.02604:0.31338174485062126,(GAP_80417,(P2590,GAP_79804)0:1.9348603713354877)0:0.5053459501308077)0:0.5761267014733031)0:1.4002570939647847)0.00051:0.39937224197527815)0.0003:0.47037161772897534)0.07373:0.1466697197158926,(((WPHN,P_011613)0.12644:0.24086421932607044,(((P_011609,(Sdec,P2619)0.00104:0.4087479786528513)0:1.1208573652379519,(MAQO,(WAIL,(P_011527,((GAP_80298,P_014077)0.15105:0.09305486818519375,(GAP_80297,P_014083)0:1.714334717861503)0.41401:0.061798419308329126)0.1316:0.12025884383984266)0:0.5971767116848951)0:1.5884794279155892)0:0.5752636576309358,((((P_011587,GAP_79862)0:0.9939069080465309,(P_014081,(P_008647,P0104A)0:2.5104890152720145)0:1.5423667036788289)0:1.1471841886550664,((KRJP,(P_011549,GAP_80395)0:1.0509028057935)0:1.353123362968447,((P_011657,(P_011643,(P_011509,P_011651)0:0.5748698469872677)0.27048:0.08216966269072666)0:0.8751682957624912,((GAP_80394,GAP_80393)0:0.6900524096232679,(P_011631,(P_011551,(((P_011637,P_007844)0.00024:0.2667871017613305,(P_007843,(P_006414,P_007783)0.00037:0.14926920456394935)0:0.4718623145697935)0.16506:0.10675759646676858,(P_011647,(P_011465,(P_011501,(P_011489,(P_011487,P_011523)0.44765:0.05766173546596589)0.63472:0.04598774172753553)0:0.588495732890053)0:1.3578953179037019)0.0028:0.2165380892756398)0.36202:0.07414635556171462)0.51323:0.08214898883320564)0:0.44510371837897916)0.28952:0.04210675793587693)0:2.038002812805618)0:1.396949821463536)0.20523:0.07922345628290473,(((P_011531,P_011589)NA:0.0,(P_011699,(Schi,P_006411)0:0.7296280310084173)0:0.4127304081397052)0:1.9842517544082394,(VYLQ,((P_018635,P_008631)0.00204:0.579831527053287,(P_011709,((P_011579,(P_008632,P_011671)0.61064:0.06599118902064008)0:1.660927065606253,((P_011719,P_011607)NA:0.2876820724517809,(P_014073,(P_011701,(P_011713,(((KAYP,(ABSS,BCGB)0.00003:0.4596950711352686)0.05605:0.22604416686925974,(P_006413,((Dhai,P_011705)0:0.331132977614186,(WIGA,(Apet,Msal)0.38092:0.08443505531823678)0.00023:0.23738294194721524)0.00347:0.21453742416415406)0.00001:0.1289638347256236)0.00001:0.30940817793205194,((P_016813,((GAP_80389,GAP_80390)0:1.420651819854321,((P_008646,P_011679)0:0.28468362392700597,(P_008640,P_006412)0:0.9990774188837014)0.04525:0.13137978468291486)0.21761:0.12421078767384527)0:0.5181783053785063,((P_011673,(P_011537,(P_011677,P_011739)0:0.7559043053456356)0.15326:0.14301767127491355)0.97756:0.009628532179596989,(P_011759,((P_011675,P_011735)0:1.514523010956386,(P_011715,(P_011681,(P_011745,P_011611)0.18766:0.2435322138716081)0.01135:0.110216909750309)0.00319:0.2080382430087768)0.00258:0.21525294262962946)0.02718:0.18348284332174725)0:0.8956045048087627)0.0748:0.16013860569202903)0.11628:0.09952175770544032)0.77663:0.07562516536609543)NA:0.0)NA:0.10804302349364832)NA:0.39231257493633054)NA:0.34186305270461365)NA:0.21242264241702385)0:0.47594173102313253)0.07681:0.1290380635911852)0:1.089268838792046)0:0.48709671561400175)0:0.5371093001884895)0:1.476485849433547,((P_007845,(((P_018779,P_018639)0:0.3127437984186385,(P_018695,(P_018783,P_018645)0.06248:0.12659686146598667)0:0.2912543052347022)0:0.38389639150619753,(P_018691,(((P_018693,(P_016793,(P_006422,P_016795)0:0.5219015388355521)0:0.41579957265926415)0.91036:0.02091076521003923,(P_016797,(P_016799,(OBPL,GAP_80397)0.00023:0.10986268807797125)0:1.2083477577293624)0:1.0925888456664732)0.47563:0.0582757379852443,((P_014095,S08)0:0.8422843812932682,((S04,(S38,(P_016789,S27)0.00386:0.3967945354820169)0.38508:0.16583390540659548)0.00001:0.6672016016574656,((P_016787,S02)0:2.357519295205409,(P_016791,(P_014099,S03)0:1.9372018976626948)0.41086:0.0730151327995131)0.37123:0.05407109143645421)0.18523:0.13216259512687029)0.00131:0.2807279029457321)0.69745:0.07101605769495699)0.17739:0.1646122511921859)0.34015:0.12047568936852517)0:1.8484359309302505,(((P2622,P2623)0.06667:0.13606250951695092,(P0110C,(P0110B,(P0207A,((P0207B,XQWC)0:0.35173805436976013,(P0207C,(P0206G,P0206H)0.00386:0.18286365542113595)0.07687:0.08350858375435101)0.00073:0.1464105020883395)0.66724:0.03885291248057117)0:1.3929721925338747)0:2.250554116820941)0:0.45739533386298115,((GAP_80322,DHPO)0:2.58058821104086,((P_012941,P_012795)0:4.057619383064928,((P_012861,((P_012855,(P_012827,P_007802)0:2.08824020756948)0:0.6736145816481929,((P_012813,P_018637)0:0.3039971036911641,(P_012921,P_012919)0:2.142952334216428)0:1.4307611561837275)0:2.3135654868676645)0.07926:0.1443124937559823,(((P_012797,(P_012841,((P_012877,P_012913)0:0.9811557693217273,(P_012811,(P_012891,P_012895)0:0.28069901954683923)0:0.9554522360248514)0:1.2638631950791834)0:0.4300225157780148)0.70938:0.041258255134512895,((((P_012925,P_012883)0:2.299010623329854,(P_012857,(P_012815,P_012903)0:1.1525153005749198)0.09292:0.1425824805776364)0.88559:0.02122139644927781,(P_012875,((P_012851,P_012887)0:1.9852758576936893,(P_012901,(P_012831,P_012905)0:0.47937738901819915)0.9512:0.004457093323956138)0.00009:0.26853034952731736)0:0.7260761284684027)0:0.6709505703101932,(P_018689,((P_012859,(P_006420,GAP_80294)0:1.5771717303906914)0.11547:0.11880367318206501,(P_012885,(P_012897,(((GAP_80291,P_012907)0.82937:0.038444965563024486,(P_012881,P_012873)0:1.007470859554663)0.43457:0.0875883876038474,((P_012889,(P_012793,(GAP_80292,P_006419)0:2.347724220528571)0.33307:0.10039429916557742)0.65818:0.0621657411494197,(P_006418,((GAP_80293,P_012893)0:2.279958235489012,(P_012863,(P_012911,(P_012821,P_012917)0:1.7543551166285982)0:0.747539070570498)0.3588:0.08522489752872214)0.28952:0.08323791493047727)0.88072:0.005394953032485738)0.7866:0.04701731770090692)0.48255:0.08419506952675579)0.7825:0.02294699042689801)0.93768:0.0)0:1.199006949858894)0:1.0050956972595646)0:2.062441697090297)0:2.2109005202692,((P_012867,((P_012847,P_012923)0:2.444847410538249,(P_012817,P_012899)0:1.1854867839819645)0:0.5945164619808937)0:3.0924115450234275,(P_012843,(((P_012937,(P_012939,P_006421)0:0.9134755381303696)0:3.1555259229713353,((P_012803,P_012853)0.32717:0.050367974986786156,(P_012837,P_012829)0:1.0124911224295055)0.09001:0.12925648164555553)0.00095:0.22280407858732776,(((P_012801,(P_012809,P_012879)0:2.8220534415088085)0:0.5442668350763022,(P_012839,(P_012805,(P_012825,(P_012799,YZRI)0:1.4643809408878021)0.0128:0.1576834458032471)0.00853:0.11126354890936159)0:0.502668464946262)0:1.0721899411975284,(P_012909,(((P_012865,(P_012931,(P_012935,P_012933)0:1.87138750592087)0:1.4732555742336828)0.01459:0.15681663201281743,((P_012849,P_012871)0:1.1977934023879715,(P_012845,P_012807)0.00016:0.23873065305801702)0:0.3653123745972953)0:1.7284435873203814,((GAP_81172,P_012833)0:1.9325558390646111,((P_012927,(GAP_80295,PSJT)0:0.28222974899477676)0:2.1706839232090203,((P_012869,(P_012823,(P_012835,P_012819)0.0001:0.20827394174116193)0:0.4244384093543095)0:1.9646663117077605,(P_012915,P_012791)0.00141:0.19115828748885402)0:1.036864718855667)0.01884:0.15309812736882694)0:1.858612777058981)0.82105:0.02969839774908678)0:1.410385676905287)0:1.9630966184971843)0.79312:0.0149361364550928)0:1.0179502980542925)0:1.1755192036883337)0.01535:0.1923243770083379)0:1.0310093209250333)0:2.386126791009148)0:0.3802527100374813)0:0.4546688321592617)0:1.7699613375240262)0:0.8977932410647023)0:1.805239589448073)0:0.9189770321721615)0:0.6720021484013392));
Weight calculation took 229.309408572 secs
ASTRAL finished in 287.12 secs
