
================== ASTRAL ===================== 

This is ASTRAL version 5.7.7
Gene trees are treated as unrooted
282 trees read from all_bs10.trees
index198
All output trees will be *arbitrarily* rooted at P0109B

======== Running the main analysis
Number of taxa: 244 (244 species)
Taxa: [P_012841, P_012877, P_012913, P_012861, P_012837, P_012855, P_012813, P_012939, P_012937, P_006421, P_012827, P_007802, P_012803, P_012921, P_012919, P_012889, P_012891, GAP_80291, P_012881, P_012793, P_012911, P_006418, P_012811, P_012859, P_012907, P_012821, P_012917, P_012897, P_012873, GAP_80292, P_012863, P_018689, GAP_80293, P_012893, P_006420, GAP_80294, P_012885, P_006419, P_012895, P_012831, P_012905, P_012797, P_012815, P_012903, P_012857, P_012925, P_012883, P_012901, P_012941, P_012795, P_012851, P_012887, P_012867, P2589, OPDF, GAP_80417, PAWA, P2590, GAP_79804, CSSK, P_019185, P_012817, P_012899, P_012847, P_012923, P_011609, P_012875, P2622, P2623, P_018695, P_011701, P_011579, Sdec, P_011673, P0207B, P0110C, XQWC, P0207C, P0206G, P0207A, P0206H, P_016787, P_018691, P_018693, P_016793, P_006422, P_016791, P_016789, S02, S27, P_016797, P_007845, P_016799, OBPL, GAP_80397, P_018779, P_014099, S03, S04, P_018639, P_018783, P_018645, P_011699, GAP_80389, ABSS, P_011675, P_011735, P_011677, P_011537, P_008640, GAP_80390, P_006412, P_011759, P_011745, P_006413, P_008646, Apet, Dhai, P_016813, P_011681, P_011715, P_011713, VYLQ, P_008632, P_011671, P_008647, P0104A, P_014081, P_011549, GAP_80395, KRJP, P_011489, P_011487, P_011523, P_011509, P_011651, P2619, P_006414, P_007843, P_007783, GAP_80394, P_011637, P_007844, P_011465, P_011647, P_011501, P_011643, GAP_80393, P_011657, P_011587, GAP_79862, WAIL, P_011527, GAP_80297, GAP_80298, MAQO, Schi, P_006411, WPHN, P_012829, P_018635, P_014083, P_012845, P_012807, P_012805, P_012865, P_012799, YZRI, GAP_81172, P_012809, P_012879, P_012801, P_012839, P_012935, P_012933, P_012931, GAP_80295, P_012927, PSJT, P_012825, P_012835, P_012915, P_012791, P_012819, P_012869, P_012823, P_012849, P_012871, P_012833, P_012909, GAP_80322, DHPO, P_016795, Asie, QDVW, P0110B, P_011551, P0203H, P0109B, P_018831, WZFE, P_016909, P_019197, Wsal, P_019193, P_019187, SJEV, GAP_81226, P_006410, Pcol, WKSU, P_016921, GAP_81227, P_025523, P_019189, P_012853, P_012843, P_018637, P_025525, OSHQ, P_011531, P_008631, P_011705, WIGA, Msal, P_011739, BCGB, P_011679, P_011631, P_014077, P_019191, P_011613, S38, P_014095, S08, P_011719, KAYP, P_025527, P_014073, P_011709, P_011611, P_019199, P_011607, P_011589]
Taxon occupancy: {P_019193=223, P_019191=96, P_019197=241, OPDF=244, GAP_81172=276, P_018783=269, P_019199=71, Wsal=226, P_016921=268, WKSU=265, P_025523=36, P_025525=69, P_025527=27, P_014073=28, P0203H=175, P_014077=146, QDVW=261, P_011487=270, P_011489=273, P_016813=236, P_006421=272, P_006422=266, P_006420=195, P_006418=262, P_006419=267, P_014081=172, P_006414=269, P_014083=167, P_018689=275, P0206H=248, P0206G=227, Msal=238, P0109B=123, P_012901=266, P_006410=260, P_006411=264, P_012903=272, P_006412=266, P_006413=257, P_012905=275, P_012907=275, PAWA=260, GAP_79862=261, ABSS=259, P_012909=271, P_018691=114, GAP_80291=276, P_018695=260, P_014095=97, GAP_80293=270, GAP_80292=264, P_018693=257, GAP_80295=273, GAP_80294=267, P_014099=260, GAP_80297=267, GAP_80298=265, P_012911=266, P_011701=40, P_012913=230, P_012915=271, P_011705=128, P_012917=254, P_012919=240, P_011709=24, P_012881=273, P_011671=145, P_011551=155, P_012883=272, P_011673=205, MAQO=266, P_012885=266, P_011675=242, GAP_80322=275, P2590=214, P_012887=269, P_011677=192, P_012889=265, P_011679=215, P_008647=253, PSJT=251, P2589=214, P_012891=260, P_011681=183, P_012893=272, P_018637=262, P_012895=268, P_018635=238, P_012897=268, P0207C=253, P_012899=269, P0207B=257, P0207A=258, P_018639=239, P_008646=270, P_008640=268, BCGB=253, WZFE=267, P_018645=264, KRJP=264, KAYP=121, P_011699=124, P_011579=184, CSSK=253, P_008632=270, P_007783=249, P_016909=270, P_008631=49, P_019187=259, P_019185=247, Sdec=57, P_019189=225, P_012791=272, P_012793=269, P_012795=271, Asie=210, P_018779=197, P_011465=273, P_012797=271, P_011587=183, P_012799=270, P_011589=4, GAP_80417=129, WIGA=234, P_007802=203, GAP_79804=195, P_012841=266, P_011631=207, Pcol=213, P_012843=274, P_012845=271, P_012847=259, P_011637=264, P_011759=228, P_012849=260, Apet=122, OBPL=270, P0110C=244, P0110B=166, P_018831=259, YZRI=267, P_012851=270, P_011643=275, P_012853=268, P_011523=274, P_012855=255, P_012857=268, P_011647=227, P_011527=146, P_012859=266, WAIL=276, P_016789=257, P_012861=267, P_011651=221, P_016787=262, P_011531=201, P_012863=271, P_012865=262, Schi=213, P_012867=269, P_011657=224, P_011537=180, P_012869=268, P_016793=259, P_016791=267, P_016797=266, SJEV=269, P_016795=255, P_012871=258, P_012873=272, P_016799=265, P_012875=270, P_012877=259, P_012879=268, P_011549=242, P_007844=176, P_007845=36, S02=184, P_012921=233, S04=64, S03=241, P_012801=275, P_012923=261, P_011713=165, P_012803=271, P_012925=266, P_011715=209, S08=152, P_007843=232, P_012805=268, P_012927=270, P_012807=267, P_011719=25, P_012809=268, VYLQ=271, DHPO=274, GAP_80390=236, P2622=179, P2623=87, XQWC=267, GAP_80394=276, GAP_80393=275, GAP_80395=273, GAP_80397=267, P_012931=269, P_012811=263, WPHN=260, P_012933=257, P_012813=266, P_012935=264, P_012815=264, P_012937=275, P_012817=267, P_011607=6, P_012939=262, P_011609=161, P_012819=264, P2619=150, OSHQ=256, GAP_80389=250, P_012941=274, P_012821=268, P_011611=41, P_012823=268, P_011613=73, P_011735=262, S27=184, P_012825=270, P_012827=228, P_011739=213, P_012829=184, Dhai=257, P0104A=222, P_012831=258, P_011501=274, P_012833=268, GAP_81226=266, P_011745=230, GAP_81227=268, P_012835=268, S38=69, P_012837=272, P_012839=262, P_011509=272}
Number of gene trees: 282
282 trees have missing taxa
Calculating quartet distance matrix (for completion of X)
Species tree distances calculated ...
Will attempt to complete bipartitions from X before adding using a distance matrix.
Building set of clusters (X) from gene trees 
------------------------------
gradient0: 62783
Number of Clusters after addition by distance: 62783
calculating extra bipartitions to be added at level 1 ...
Adding to X using resolutions of greedy consensus ...
Limit for sigma of degrees:6150
polytomy size limit : 97
discarded polytomies:  [3, 3, 3, 3, 3, 3, 3, 3, 3, 3, 3, 3, 3, 3, 3, 3, 3, 4, 4, 4, 4, 4, 4, 4, 4, 4, 4, 4, 5, 5, 5, 5, 5, 6, 6, 6, 7, 8, 8, 8, 11, 13, 14, 14, 22, 24, 39, 97]
Threshold 0.0:
polytomy of size 4; rounds with additions with at least 5 support: 2; clusters: 62797
Threshold 0.01:
polytomy of size 5; rounds with additions with at least 5 support: 2; clusters: 62815
polytomy of size 4; rounds with additions with at least 5 support: 0; clusters: 62827
Threshold 0.02:
polytomy of size 7; rounds with additions with at least 5 support: 0; clusters: 62937
polytomy of size 4; rounds with additions with at least 5 support: 0; clusters: 62937
Threshold 0.05:
polytomy of size 11; rounds with additions with at least 5 support: 2; clusters: 62963
polytomy of size 3; rounds with additions with at least 5 support: 0; clusters: 62963
polytomy of size 3; rounds with additions with at least 5 support: 0; clusters: 62963
polytomy of size 4; rounds with additions with at least 5 support: 0; clusters: 62963
polytomy of size 8; rounds with additions with at least 5 support: 0; clusters: 62967
polytomy of size 4; rounds with additions with at least 5 support: 0; clusters: 62969
Threshold 0.1:
polytomy of size 13; rounds with additions with at least 5 support: 0; clusters: 62985
polytomy of size 4; rounds with additions with at least 5 support: 0; clusters: 62985
polytomy of size 5; rounds with additions with at least 5 support: 0; clusters: 62985
polytomy of size 8; rounds with additions with at least 5 support: 0; clusters: 62991
polytomy of size 4; rounds with additions with at least 5 support: 0; clusters: 62991
polytomy of size 3; rounds with additions with at least 5 support: 0; clusters: 62991
polytomy of size 24; rounds with additions with at least 5 support: 0; clusters: 63047
polytomy of size 4; rounds with additions with at least 5 support: 0; clusters: 63047
polytomy of size 3; rounds with additions with at least 5 support: 0; clusters: 63047
polytomy of size 3; rounds with additions with at least 5 support: 0; clusters: 63047
Threshold 0.2:
polytomy of size 22; rounds with additions with at least 5 support: 0; clusters: 63051
polytomy of size 3; rounds with additions with at least 5 support: 0; clusters: 63051
polytomy of size 3; rounds with additions with at least 5 support: 0; clusters: 63051
polytomy of size 3; rounds with additions with at least 5 support: 0; clusters: 63051
polytomy of size 6; rounds with additions with at least 5 support: 0; clusters: 63051
polytomy of size 14; rounds with additions with at least 5 support: 0; clusters: 63059
polytomy of size 3; rounds with additions with at least 5 support: 0; clusters: 63059
polytomy of size 4; rounds with additions with at least 5 support: 0; clusters: 63059
polytomy of size 8; rounds with additions with at least 5 support: 0; clusters: 63059
polytomy of size 5; rounds with additions with at least 5 support: 0; clusters: 63059
polytomy of size 39; rounds with additions with at least 5 support: 1; clusters: 63117
polytomy of size 4; rounds with additions with at least 5 support: 0; clusters: 63117
polytomy of size 4; rounds with additions with at least 5 support: 0; clusters: 63117
Threshold 0.3333333333333333:
polytomy of size 6; rounds with additions with at least 5 support: 0; clusters: 63117
polytomy of size 3; rounds with additions with at least 5 support: 0; clusters: 63117
polytomy of size 14; rounds with additions with at least 5 support: 0; clusters: 63125
polytomy of size 3; rounds with additions with at least 5 support: 0; clusters: 63125
polytomy of size 3; rounds with additions with at least 5 support: 0; clusters: 63125
polytomy of size 3; rounds with additions with at least 5 support: 0; clusters: 63125
polytomy of size 3; rounds with additions with at least 5 support: 0; clusters: 63125
polytomy of size 6; rounds with additions with at least 5 support: 0; clusters: 63125
polytomy of size 3; rounds with additions with at least 5 support: 0; clusters: 63125
polytomy of size 5; rounds with additions with at least 5 support: 0; clusters: 63125
polytomy of size 3; rounds with additions with at least 5 support: 0; clusters: 63125
polytomy of size 3; rounds with additions with at least 5 support: 0; clusters: 63125
polytomy of size 5; rounds with additions with at least 5 support: 0; clusters: 63125
polytomy of size 97; rounds with additions with at least 5 support: 0; clusters: 63189
max k is :4
Number of Clusters after addition by greedy: 63189
gradient0 in heuristiic: 63189
partitions formed in 31.29 secs
Dynamic Programming starting after 31.29 secs
Using tree-based weight calculation.
Using polytree-based weight calculation.
Polytree max score: 12400551824
Polytree building time: 0.189 seconds.
Number of quartet trees in the gene trees: 12400551824
Size of largest cluster: 244
Greedy score: 11425313809
estimationFactor: 1.0853576568051708
Sub-optimal score: 11555453464
Calculated 100000 weights; time (seconds): 187
Total Number of elements weighted: 158236
Normalized score (portion of input quartet trees satisfied before correcting for multiple individuals): 0.9458802731906554
Optimization score: 11729437347
Optimal tree inferred in 301.557 secs.
(P_012791,(P_012915,((P_012869,(P_012823,(P_012835,P_012819))),((P_012927,(GAP_80295,PSJT)),((GAP_81172,P_012833),(((P_012865,(P_012931,(P_012935,P_012933))),((P_012849,P_012871),(P_012845,P_012807))),(P_012909,(((P_012801,(P_012809,P_012879)),(P_012839,(P_012805,(P_012825,(P_012799,YZRI))))),(((P_012937,(P_012939,P_006421)),((P_012803,P_012853),(P_012837,P_012829))),(P_012843,((P_012867,((P_012847,P_012923),(P_012817,P_012899))),(((P_012797,(P_012841,((P_012877,P_012913),(P_012811,(P_012891,P_012895))))),((((P_012925,P_012883),(P_012857,(P_012815,P_012903))),(P_012875,((P_012851,P_012887),(P_012901,(P_012831,P_012905))))),(P_018689,((P_012859,(P_006420,GAP_80294)),(P_012885,(P_012897,(((GAP_80291,P_012907),(P_012881,P_012873)),((P_012889,(P_012793,(GAP_80292,P_006419))),(P_006418,((GAP_80293,P_012893),(P_012863,(P_012911,(P_012821,P_012917))))))))))))),((P_012861,((P_012855,(P_012827,P_007802)),((P_012813,P_018637),(P_012921,P_012919)))),((P_012941,P_012795),((GAP_80322,DHPO),(((P2622,P2623),(P0110C,(P0110B,(P0207A,((P0207B,XQWC),(P0207C,(P0206G,P0206H))))))),((P_007845,(((P_018779,P_018639),(P_018695,(P_018783,P_018645))),(P_018691,(((P_018693,(P_016793,(P_006422,P_016795))),(P_016797,(P_016799,(OBPL,GAP_80397)))),((P_014095,S08),((S04,(S38,(P_016789,S27))),((P_016787,S02),(P_016791,(P_014099,S03))))))))),(((P0203H,((WZFE,P_016909),(P0109B,(P_018831,OSHQ)))),(((SJEV,(P_019193,(Wsal,P_019187))),(P_016921,(GAP_81227,(WKSU,(Pcol,(GAP_81226,P_006410)))))),((P_025527,(P_025523,P_025525)),(((Asie,QDVW),(P_019189,(PAWA,P_019197))),(((CSSK,P_019185),(P2589,OPDF)),((P_019191,P_019199),(GAP_80417,(P2590,GAP_79804)))))))),((WPHN,P_011613),(((P_011609,(Sdec,P2619)),(MAQO,(WAIL,(P_011527,((GAP_80298,P_014077),(GAP_80297,P_014083)))))),((((P_011587,GAP_79862),(P_014081,(P_008647,P0104A))),((KRJP,(P_011549,GAP_80395)),((P_011657,(P_011643,(P_011509,P_011651))),((GAP_80394,GAP_80393),(P_011631,(P_011551,(((P_011637,P_007844),(P_007843,(P_006414,P_007783))),(P_011647,(P_011465,(P_011501,(P_011489,(P_011487,P_011523)))))))))))),(((P_011531,P_011589),(P_011699,(Schi,P_006411))),(VYLQ,((P_018635,P_008631),(P_011709,((P_011579,(P_008632,P_011671)),((P_011719,P_011607),(P_014073,(P_011701,(P_011713,(((KAYP,(ABSS,BCGB)),(P_006413,((Dhai,P_011705),(WIGA,(Apet,Msal))))),((P_016813,((GAP_80389,GAP_80390),((P_008646,P_011679),(P_008640,P_006412)))),((P_011673,(P_011537,(P_011677,P_011739))),(P_011759,((P_011675,P_011735),(P_011715,(P_011681,(P_011745,P_011611))))))))))))))))))))))))))))))))))))));
Final quartet score is: 11729437347
Final normalized quartet score is: 0.9458802731906554
You may want to ignore posterior probabilities and other statistics related to the following branch branch because the effective number of genes impacting it is only 13:
	{P_025523, P_025525}
You may want to ignore posterior probabilities and other statistics related to the following branch branch because the effective number of genes impacting it is only 19:
	{P_025523, P_025525, P_025527}
You may want to ignore posterior probabilities and other statistics related to the following branch branch because the effective number of genes impacting it is only 3:
	{P_011531, P_011589}
You may want to ignore posterior probabilities and other statistics related to the following branch branch because the effective number of genes impacting it is only 1:
	{P_011719, P_011607}
You may want to ignore posterior probabilities and other statistics related to the following branch branch because the effective number of genes impacting it is only 6:
	{P_011701, P_011673, GAP_80389, ABSS, P_011675, P_011735, P_011677, P_011537, P_008640, GAP_80390, P_006412, P_011759, P_011745, P_006413, P_008646, Apet, Dhai, P_016813, P_011681, P_011715, P_011713, P_011705, WIGA, Msal, P_011739, BCGB, P_011679, KAYP, P_011611}
You may want to ignore posterior probabilities and other statistics related to the following branch branch because the effective number of genes impacting it is only 3:
	{P_011701, P_011673, GAP_80389, ABSS, P_011675, P_011735, P_011677, P_011537, P_008640, GAP_80390, P_006412, P_011759, P_011745, P_006413, P_008646, Apet, Dhai, P_016813, P_011681, P_011715, P_011713, P_011705, WIGA, Msal, P_011739, BCGB, P_011679, KAYP, P_014073, P_011611}
Extended species tree:
(P0109B,((P_018831,OSHQ)1:1.577935324075469,((WZFE,P_016909)1:1.965794760046728,(P0203H,((((SJEV,(P_019193,(Wsal,P_019187)1:0.41058361790554565)1:0.31533210384412497)1:2.1299814343956665,(P_016921,(GAP_81227,(WKSU,(Pcol,(GAP_81226,P_006410)1:0.827249922541972)1:0.4181066142935836)1:0.2823545121648251)1:0.5525703911074005)1:1.879104931978165)1:1.4923576830191208,((P_025527,(P_025523,P_025525)0.87:0.38133922907607826)0.99:0.7121414923841118,(((Asie,QDVW)1:3.3460875513804487,(P_019189,(PAWA,P_019197)1:0.6272620544495111)0.83:0.10499458719241597)1:0.21405098683849286,(((CSSK,P_019185)0.95:0.10584684141519911,(P2589,OPDF)1:0.9793562319784082)1:1.0051526543958174,((P_019191,P_019199)0.98:0.31338174485062126,(GAP_80417,(P2590,GAP_79804)1:1.9348603713354877)1:0.5053459501308077)1:0.5761267014733031)1:1.4002570939647847)1:0.39937224197527815)1:0.47037161772897534)0.96:0.1466697197158926,(((WPHN,P_011613)0.93:0.24086421932607044,(((P_011609,(Sdec,P2619)0.99:0.4087479786528513)1:1.1208573652379519,(MAQO,(WAIL,(P_011527,((GAP_80298,P_014077)0.76:0.09305486818519375,(GAP_80297,P_014083)1:1.714334717861503)0.63:0.061798419308329126)0.89:0.12025884383984266)1:0.5971767116848951)1:1.5884794279155892)1:0.5752636576309358,((((P_011587,GAP_79862)1:0.9939069080465309,(P_014081,(P_008647,P0104A)1:2.5104890152720145)1:1.5423667036788289)1:1.1471841886550664,((KRJP,(P_011549,GAP_80395)1:1.0509028057935)1:1.353123362968447,((P_011657,(P_011643,(P_011509,P_011651)1:0.5748698469872677)0.81:0.08216966269072666)1:0.8751682957624912,((GAP_80394,GAP_80393)1:0.6900524096232679,(P_011631,(P_011551,(((P_011637,P_007844)1:0.2667871017613305,(P_007843,(P_006414,P_007783)0.93:0.14926920456394935)1:0.4718623145697935)0.9:0.10675759646676858,(P_011647,(P_011465,(P_011501,(P_011489,(P_011487,P_011523)0.7:0.05766173546596589)0.63:0.04598774172753553)1:0.588495732890053)1:1.3578953179037019)1:0.2165380892756398)0.63:0.07414635556171462)0.71:0.08214898883320564)1:0.44510371837897916)0.47:0.04210675793587693)1:2.038002812805618)1:1.396949821463536)0.58:0.07922345628290473,(((P_011531,P_011589)0.42:0.0,(P_011699,(Schi,P_006411)1:0.7296280310084173)1:0.4127304081397052)1:1.9842517544082394,(VYLQ,((P_018635,P_008631)1:0.579831527053287,(P_011709,((P_011579,(P_008632,P_011671)0.65:0.06599118902064008)1:1.660927065606253,((P_011719,P_011607)0.67:0.2876820724517809,(P_014073,(P_011701,(P_011713,(((KAYP,(ABSS,BCGB)1:0.4596950711352686)0.97:0.22604416686925974,(P_006413,((Dhai,P_011705)1:0.331132977614186,(WIGA,(Apet,Msal)0.58:0.08443505531823678)1:0.23738294194721524)1:0.21453742416415406)0.21:0.1289638347256236)1:0.30940817793205194,((P_016813,((GAP_80389,GAP_80390)1:1.420651819854321,((P_008646,P_011679)1:0.28468362392700597,(P_008640,P_006412)1:0.9990774188837014)0.92:0.13137978468291486)0.88:0.12421078767384527)1:0.5181783053785063,((P_011673,(P_011537,(P_011677,P_011739)1:0.7559043053456356)0.9:0.14301767127491355)0.39:0.009628532179596989,(P_011759,((P_011675,P_011735)1:1.514523010956386,(P_011715,(P_011681,(P_011745,P_011611)0.84:0.2435322138716081)0.57:0.110216909750309)0.99:0.2080382430087768)1:0.21525294262962946)0.99:0.18348284332174725)1:0.8956045048087627)0.96:0.16013860569202903)0.64:0.09952175770544032)0.51:0.07562516536609543)0.17:0.0)0.52:0.10804302349364832)0.91:0.39231257493633054)0.88:0.34186305270461365)0.66:0.21242264241702385)1:0.47594173102313253)0.92:0.1290380635911852)1:1.089268838792046)1:0.48709671561400175)1:0.5371093001884895)1:1.476485849433547,((P_007845,(((P_018779,P_018639)1:0.3127437984186385,(P_018695,(P_018783,P_018645)0.97:0.12659686146598667)1:0.2912543052347022)1:0.38389639150619753,(P_018691,(((P_018693,(P_016793,(P_006422,P_016795)1:0.5219015388355521)1:0.41579957265926415)0.45:0.02091076521003923,(P_016797,(P_016799,(OBPL,GAP_80397)0.67:0.10986268807797125)1:1.2083477577293624)1:1.0925888456664732)0.64:0.0582757379852443,((P_014095,S08)1:0.8422843812932682,((S04,(S38,(P_016789,S27)1:0.3967945354820169)0.72:0.16583390540659548)1:0.6672016016574656,((P_016787,S02)1:2.357519295205409,(P_016791,(P_014099,S03)1:1.9372018976626948)0.74:0.0730151327995131)0.58:0.05407109143645421)0.9:0.13216259512687029)1:0.2807279029457321)0.61:0.07101605769495699)0.9:0.1646122511921859)0.56:0.12047568936852517)1:1.8484359309302505,(((P2622,P2623)0.7:0.13606250951695092,(P0110C,(P0110B,(P0207A,((P0207B,XQWC)1:0.35173805436976013,(P0207C,(P0206G,P0206H)1:0.18286365542113595)0.8:0.08350858375435101)0.98:0.1464105020883395)0.54:0.03885291248057117)1:1.3929721925338747)1:2.250554116820941)1:0.45739533386298115,((GAP_80322,DHPO)1:2.58058821104086,((P_012941,P_012795)1:4.057619383064928,((P_012861,((P_012855,(P_012827,P_007802)1:2.08824020756948)1:0.6736145816481929,((P_012813,P_018637)1:0.3039971036911641,(P_012921,P_012919)1:2.142952334216428)1:1.4307611561837275)1:2.3135654868676645)0.95:0.1443124937559823,(((P_012797,(P_012841,((P_012877,P_012913)1:0.9811557693217273,(P_012811,(P_012891,P_012895)1:0.28069901954683923)1:0.9554522360248514)1:1.2638631950791834)1:0.4300225157780148)0.54:0.041258255134512895,((((P_012925,P_012883)1:2.299010623329854,(P_012857,(P_012815,P_012903)1:1.1525153005749198)0.94:0.1425824805776364)0.44:0.02122139644927781,(P_012875,((P_012851,P_012887)1:1.9852758576936893,(P_012901,(P_012831,P_012905)1:0.47937738901819915)0.36:0.004457093323956138)1:0.26853034952731736)1:0.7260761284684027)1:0.6709505703101932,(P_018689,((P_012859,(P_006420,GAP_80294)1:1.5771717303906914)0.81:0.11880367318206501,(P_012885,(P_012897,(((GAP_80291,P_012907)0.52:0.038444965563024486,(P_012881,P_012873)1:1.007470859554663)0.73:0.0875883876038474,((P_012889,(P_012793,(GAP_80292,P_006419)1:2.347724220528571)0.8:0.10039429916557742)0.62:0.0621657411494197,(P_006418,((GAP_80293,P_012893)1:2.279958235489012,(P_012863,(P_012911,(P_012821,P_012917)1:1.7543551166285982)1:0.747539070570498)0.67:0.08522489752872214)0.65:0.08323791493047727)0.36:0.005394953032485738)0.55:0.04701731770090692)0.71:0.08419506952675579)0.42:0.02294699042689801)0.28:0.0)1:1.199006949858894)1:1.0050956972595646)1:2.062441697090297)1:2.2109005202692,((P_012867,((P_012847,P_012923)1:2.444847410538249,(P_012817,P_012899)1:1.1854867839819645)1:0.5945164619808937)1:3.0924115450234275,(P_012843,(((P_012937,(P_012939,P_006421)1:0.9134755381303696)1:3.1555259229713353,((P_012803,P_012853)0.54:0.050367974986786156,(P_012837,P_012829)1:1.0124911224295055)0.95:0.12925648164555553)1:0.22280407858732776,(((P_012801,(P_012809,P_012879)1:2.8220534415088085)1:0.5442668350763022,(P_012839,(P_012805,(P_012825,(P_012799,YZRI)1:1.4643809408878021)0.99:0.1576834458032471)0.84:0.11126354890936159)1:0.502668464946262)1:1.0721899411975284,(P_012909,(((P_012865,(P_012931,(P_012935,P_012933)1:1.87138750592087)1:1.4732555742336828)0.99:0.15681663201281743,((P_012849,P_012871)1:1.1977934023879715,(P_012845,P_012807)1:0.23873065305801702)1:0.3653123745972953)1:1.7284435873203814,((GAP_81172,P_012833)1:1.9325558390646111,((P_012927,(GAP_80295,PSJT)1:0.28222974899477676)1:2.1706839232090203,((P_012869,(P_012823,(P_012835,P_012819)1:0.20827394174116193)1:0.4244384093543095)1:1.9646663117077605,(P_012915,P_012791)1:0.19115828748885402)1:1.036864718855667)0.99:0.15309812736882694)1:1.858612777058981)0.51:0.02969839774908678)1:1.410385676905287)1:1.9630966184971843)0.39:0.0149361364550928)1:1.0179502980542925)1:1.1755192036883337)0.98:0.1923243770083379)1:1.0310093209250333)1:2.386126791009148)1:0.3802527100374813)1:0.4546688321592617)1:1.7699613375240262)1:0.8977932410647023)1:1.805239589448073)1:0.9189770321721615)1:0.6720021484013392));
Weight calculation took 238.055556074 secs
ASTRAL finished in 304.507 secs
