
================== ASTRAL ===================== 

This is ASTRAL version 5.7.7
Gene trees are treated as unrooted
182 trees read from all_bs10.trees
index198
All output trees will be *arbitrarily* rooted at P0109B

======== Running the main analysis
Number of taxa: 244 (244 species)
Taxa: [P_012841, P_012877, P_012913, P_012861, P_012837, P_012855, P_012813, P_012939, P_012937, P_006421, P_012827, P_007802, P_012803, P_012921, P_012919, P_012889, P_012891, GAP_80291, P_012881, P_012793, P_012911, P_006418, P_012811, P_012859, P_012907, P_012821, P_012917, P_012897, P_012873, GAP_80292, P_012863, P_018689, GAP_80293, P_012893, P_006420, GAP_80294, P_012885, P_006419, P_012895, P_012831, P_012905, P_012797, P_012815, P_012903, P_012857, P_012925, P_012883, P_012901, P_012941, P_012795, P_012851, P_012887, P_012867, P2589, OPDF, GAP_80417, PAWA, P2590, GAP_79804, CSSK, P_019185, P_012817, P_012899, P_012847, P_012923, P_011609, P_012875, P2622, P2623, P_018695, P_011701, P_011579, Sdec, P_011673, P0207B, P0110C, XQWC, P0207C, P0206G, P0207A, P0206H, P_016787, P_018691, P_018693, P_016793, P_006422, P_016791, P_016789, S02, S27, P_016797, P_007845, P_016799, OBPL, GAP_80397, P_018779, P_014099, S03, S04, P_018639, P_018783, P_018645, P_011699, GAP_80389, ABSS, P_011675, P_011735, P_011677, P_011537, P_008640, GAP_80390, P_006412, P_011759, P_011745, P_006413, P_008646, Apet, Dhai, P_016813, P_011681, P_011715, P_011713, VYLQ, P_008632, P_011671, P_008647, P0104A, P_014081, P_011549, GAP_80395, KRJP, P_011489, P_011487, P_011523, P_011509, P_011651, P2619, P_006414, P_007843, P_007783, GAP_80394, P_011637, P_007844, P_011465, P_011647, P_011501, P_011643, GAP_80393, P_011657, P_011587, GAP_79862, WAIL, P_011527, GAP_80297, GAP_80298, MAQO, Schi, P_006411, WPHN, P_012829, P_018635, P_014083, P_012845, P_012807, P_012805, P_012865, P_012799, YZRI, GAP_81172, P_012809, P_012879, P_012801, P_012839, P_012935, P_012933, P_012931, GAP_80295, P_012927, PSJT, P_012825, P_012835, P_012915, P_012791, P_012819, P_012869, P_012823, P_012849, P_012871, P_012833, P_012909, GAP_80322, DHPO, P_016795, Asie, QDVW, P0110B, P_011551, P0203H, P0109B, P_018831, WZFE, P_016909, P_019197, Wsal, P_019193, P_019187, SJEV, GAP_81226, P_006410, Pcol, WKSU, P_016921, GAP_81227, P_025523, P_019189, P_012853, P_012843, P_018637, P_025525, OSHQ, P_011531, P_008631, P_011705, WIGA, Msal, P_011739, BCGB, P_011679, P_011631, P_014077, P_019191, P_011613, S38, P_014095, S08, P_011719, KAYP, P_025527, P_014073, P_011709, P_011611, P_019199, P_011607, P_011589]
Taxon occupancy: {P_019193=164, P_019191=86, P_019197=174, OPDF=162, GAP_81172=182, P_018783=180, P_019199=63, Wsal=166, P_016921=177, WKSU=172, P_025523=31, P_025525=61, P_025527=26, P_014073=24, P0203H=137, P_014077=113, QDVW=171, P_011487=181, P_011489=181, P_016813=171, P_006421=180, P_006422=181, P_006420=145, P_006418=181, P_006419=179, P_014081=137, P_006414=180, P_014083=139, P_018689=180, P0206H=174, P0206G=167, Msal=156, P0109B=103, P_012901=181, P_006410=177, P_006411=180, P_012903=180, P_006412=179, P_006413=177, P_012905=180, P_012907=181, PAWA=166, GAP_79862=177, ABSS=165, P_012909=181, P_018691=99, GAP_80291=181, P_018695=178, P_014095=85, GAP_80293=181, GAP_80292=177, P_018693=178, GAP_80295=178, GAP_80294=180, P_014099=176, GAP_80297=181, GAP_80298=179, P_012911=180, P_011701=30, P_012913=165, P_012915=179, P_011705=100, P_012917=174, P_012919=176, P_011709=21, P_012881=182, P_011671=112, P_011551=124, P_012883=181, P_011673=152, MAQO=172, P_012885=181, P_011675=171, GAP_80322=181, P2590=155, P_012887=180, P_011677=147, P_012889=180, P_011679=160, P_008647=172, PSJT=165, P2589=158, P_012891=180, P_011681=134, P_012893=180, P_018637=179, P_012895=182, P_018635=175, P_012897=178, P0207C=179, P_012899=180, P0207B=178, P0207A=177, P_018639=175, P_008646=180, P_008640=181, BCGB=165, WZFE=171, P_018645=178, KRJP=172, KAYP=77, P_011699=91, P_011579=138, CSSK=167, P_008632=178, P_007783=173, P_016909=177, P_008631=40, P_019187=173, P_019185=172, Sdec=48, P_019189=162, P_012791=181, P_012793=180, P_012795=179, Asie=143, P_018779=149, P_011465=181, P_012797=180, P_011587=144, P_012799=182, P_011589=4, GAP_80417=107, WIGA=151, P_007802=149, GAP_79804=145, P_012841=179, P_011631=154, Pcol=158, P_012843=181, P_012845=181, P_012847=178, P_011637=181, P_011759=164, P_012849=178, Apet=82, OBPL=175, P0110C=175, P0110B=132, P_018831=177, YZRI=174, P_012851=179, P_011643=180, P_012853=181, P_011523=181, P_012855=177, P_012857=180, P_011647=168, P_011527=115, P_012859=180, WAIL=177, P_016789=177, P_012861=182, P_011651=155, P_016787=180, P_011531=152, P_012863=180, P_012865=175, Schi=155, P_012867=179, P_011657=164, P_011537=136, P_012869=181, P_016793=178, P_016791=179, P_016797=179, SJEV=174, P_016795=176, P_012871=179, P_012873=181, P_016799=181, P_012875=182, P_012877=178, P_012879=179, P_011549=173, P_007844=135, P_007845=32, S02=155, P_012921=168, S04=56, S03=177, P_012801=182, P_012923=181, P_011713=132, P_012803=180, P_012925=179, P_011715=157, S08=128, P_007843=165, P_012805=181, P_012927=180, P_012807=181, P_011719=18, P_012809=179, VYLQ=179, DHPO=178, GAP_80390=165, P2622=143, P2623=76, XQWC=169, GAP_80394=181, GAP_80393=181, GAP_80395=181, GAP_80397=179, P_012931=181, P_012811=179, WPHN=169, P_012933=175, P_012813=180, P_012935=178, P_012815=177, P_012937=182, P_012817=180, P_011607=6, P_012939=178, P_011609=135, P_012819=180, P2619=127, OSHQ=168, GAP_80389=177, P_012941=182, P_012821=180, P_011611=26, P_012823=180, P_011613=64, P_011735=179, S27=143, P_012825=181, P_012827=165, P_011739=158, P_012829=142, Dhai=171, P0104A=163, P_012831=177, P_011501=181, P_012833=181, GAP_81226=178, P_011745=166, GAP_81227=178, P_012835=181, S38=56, P_012837=182, P_012839=179, P_011509=180}
Number of gene trees: 182
182 trees have missing taxa
Calculating quartet distance matrix (for completion of X)
Species tree distances calculated ...
Will attempt to complete bipartitions from X before adding using a distance matrix.
Building set of clusters (X) from gene trees 
------------------------------
gradient0: 40313
Number of Clusters after addition by distance: 40313
calculating extra bipartitions to be added at level 1 ...
Adding to X using resolutions of greedy consensus ...
Limit for sigma of degrees:6150
polytomy size limit : 56
discarded polytomies:  [3, 3, 3, 3, 3, 3, 3, 3, 3, 3, 3, 3, 3, 3, 3, 3, 3, 3, 3, 4, 4, 4, 4, 4, 5, 5, 5, 5, 5, 5, 5, 5, 5, 6, 6, 6, 7, 7, 8, 8, 9, 9, 10, 14, 14, 14, 16, 17, 30, 38, 56]
Threshold 0.0:
polytomy of size 4; rounds with additions with at least 5 support: 1; clusters: 40331
Threshold 0.01:
polytomy of size 7; rounds with additions with at least 5 support: 5; clusters: 40481
Threshold 0.02:
polytomy of size 9; rounds with additions with at least 5 support: 2; clusters: 40759
polytomy of size 3; rounds with additions with at least 5 support: 1; clusters: 40761
Threshold 0.05:
polytomy of size 10; rounds with additions with at least 5 support: 2; clusters: 40805
polytomy of size 3; rounds with additions with at least 5 support: 0; clusters: 40805
polytomy of size 6; rounds with additions with at least 5 support: 0; clusters: 40809
polytomy of size 3; rounds with additions with at least 5 support: 0; clusters: 40809
polytomy of size 3; rounds with additions with at least 5 support: 0; clusters: 40809
polytomy of size 5; rounds with additions with at least 5 support: 1; clusters: 40815
polytomy of size 3; rounds with additions with at least 5 support: 0; clusters: 40815
Threshold 0.1:
polytomy of size 14; rounds with additions with at least 5 support: 0; clusters: 40831
polytomy of size 4; rounds with additions with at least 5 support: 0; clusters: 40831
polytomy of size 5; rounds with additions with at least 5 support: 0; clusters: 40831
polytomy of size 3; rounds with additions with at least 5 support: 0; clusters: 40831
polytomy of size 3; rounds with additions with at least 5 support: 0; clusters: 40831
polytomy of size 9; rounds with additions with at least 5 support: 0; clusters: 40841
polytomy of size 5; rounds with additions with at least 5 support: 0; clusters: 40841
polytomy of size 3; rounds with additions with at least 5 support: 0; clusters: 40841
polytomy of size 14; rounds with additions with at least 5 support: 0; clusters: 40855
polytomy of size 7; rounds with additions with at least 5 support: 0; clusters: 40863
polytomy of size 3; rounds with additions with at least 5 support: 0; clusters: 40863
polytomy of size 3; rounds with additions with at least 5 support: 0; clusters: 40863
Threshold 0.2:
polytomy of size 14; rounds with additions with at least 5 support: 0; clusters: 40863
polytomy of size 8; rounds with additions with at least 5 support: 0; clusters: 40863
polytomy of size 3; rounds with additions with at least 5 support: 0; clusters: 40863
polytomy of size 3; rounds with additions with at least 5 support: 0; clusters: 40863
polytomy of size 6; rounds with additions with at least 5 support: 0; clusters: 40863
polytomy of size 5; rounds with additions with at least 5 support: 0; clusters: 40863
polytomy of size 16; rounds with additions with at least 5 support: 0; clusters: 40893
polytomy of size 3; rounds with additions with at least 5 support: 0; clusters: 40893
polytomy of size 5; rounds with additions with at least 5 support: 0; clusters: 40893
polytomy of size 3; rounds with additions with at least 5 support: 0; clusters: 40893
polytomy of size 4; rounds with additions with at least 5 support: 0; clusters: 40893
polytomy of size 8; rounds with additions with at least 5 support: 0; clusters: 40895
polytomy of size 30; rounds with additions with at least 5 support: 0; clusters: 40933
polytomy of size 4; rounds with additions with at least 5 support: 0; clusters: 40933
polytomy of size 4; rounds with additions with at least 5 support: 0; clusters: 40933
Threshold 0.3333333333333333:
polytomy of size 5; rounds with additions with at least 5 support: 0; clusters: 40933
polytomy of size 3; rounds with additions with at least 5 support: 0; clusters: 40933
polytomy of size 3; rounds with additions with at least 5 support: 0; clusters: 40933
polytomy of size 5; rounds with additions with at least 5 support: 0; clusters: 40933
polytomy of size 6; rounds with additions with at least 5 support: 0; clusters: 40933
polytomy of size 5; rounds with additions with at least 5 support: 0; clusters: 40933
polytomy of size 3; rounds with additions with at least 5 support: 0; clusters: 40933
polytomy of size 3; rounds with additions with at least 5 support: 0; clusters: 40933
polytomy of size 17; rounds with additions with at least 5 support: 0; clusters: 40939
polytomy of size 3; rounds with additions with at least 5 support: 0; clusters: 40939
polytomy of size 5; rounds with additions with at least 5 support: 0; clusters: 40939
polytomy of size 56; rounds with additions with at least 5 support: 0; clusters: 40987
polytomy of size 38; rounds with additions with at least 5 support: 0; clusters: 40987
max k is :10
Number of Clusters after addition by greedy: 40987
gradient0 in heuristiic: 40987
partitions formed in 20.339 secs
Dynamic Programming starting after 20.339 secs
Using tree-based weight calculation.
Using polytree-based weight calculation.
Polytree max score: 10650769447
Polytree building time: 0.124 seconds.
Number of quartet trees in the gene trees: 10650769447
Size of largest cluster: 244
Greedy score: 9472690642
estimationFactor: 1.1243658058225439
Sub-optimal score: 9862219897
Total Number of elements weighted: 99462
Normalized score (portion of input quartet trees satisfied before correcting for multiple individuals): 0.9474164426535633
Optimization score: 10090714101
Optimal tree inferred in 139.261 secs.
(P_012791,(P_012915,((P_012869,(P_012823,(P_012835,P_012819))),((P_012927,(GAP_80295,PSJT)),((GAP_81172,P_012833),(((P_012865,(P_012931,(P_012935,P_012933))),((P_012849,P_012871),(P_012845,P_012807))),(P_012909,(((P_012801,(P_012809,P_012879)),(P_012839,(P_012805,(P_012825,(P_012799,YZRI))))),(((P_012937,(P_012939,P_006421)),((P_012803,P_012853),(P_012837,P_012829))),(P_012843,((P_012867,((P_012847,P_012923),(P_012817,P_012899))),(((P_012797,(P_012841,((P_012877,P_012913),(P_012811,(P_012891,P_012895))))),(((P_012925,P_012883),((P_012857,(P_012815,P_012903)),(P_012875,((P_012851,P_012887),(P_012901,(P_012831,P_012905)))))),(P_018689,((P_012859,(P_012885,(P_006420,GAP_80294))),(P_012897,(((GAP_80291,P_012907),(P_012881,P_012873)),(((GAP_80293,P_012893),(P_012911,(P_012821,P_012917))),((P_006418,P_012863),(P_012889,(P_012793,(GAP_80292,P_006419))))))))))),((P_012861,((P_012855,(P_012827,P_007802)),((P_012813,P_018637),(P_012921,P_012919)))),((P_012941,P_012795),((GAP_80322,DHPO),(((P2622,P2623),(P0110C,(P0207A,(P0110B,((P0207B,XQWC),(P0207C,(P0206G,P0206H))))))),((P_007845,(((P_018779,P_018639),(P_018695,(P_018783,P_018645))),(P_018691,(((P_016793,(P_006422,P_016795)),(P_016797,(OBPL,(P_016799,GAP_80397)))),(P_018693,((P_014095,S08),((S04,(S38,(P_016789,S27))),((P_016787,S02),(P_016791,(P_014099,S03)))))))))),(((P0203H,((WZFE,P_016909),(P0109B,(P_018831,OSHQ)))),(((SJEV,(P_019193,(Wsal,P_019187))),(P_016921,(GAP_81227,(WKSU,(Pcol,(GAP_81226,P_006410)))))),((P_025527,(P_025523,P_025525)),(((Asie,QDVW),(P_019189,(PAWA,P_019197))),(((CSSK,P_019185),(P2589,OPDF)),((P_019191,P_019199),(GAP_80417,(P2590,GAP_79804)))))))),((WPHN,P_011613),(((P_011609,(Sdec,P2619)),(MAQO,(WAIL,(P_011527,((GAP_80298,P_014077),(GAP_80297,P_014083)))))),((((P_011587,GAP_79862),(P_014081,(P_008647,P0104A))),((KRJP,(P_011549,GAP_80395)),((P_011657,(P_011643,(P_011509,P_011651))),((GAP_80394,GAP_80393),(P_011631,((P_011551,((P_011637,P_007844),(P_007843,(P_006414,P_007783)))),(P_011647,(P_011465,(P_011501,(P_011489,(P_011487,P_011523))))))))))),(((P_011531,P_011589),(P_011699,(Schi,P_006411))),(VYLQ,((P_018635,P_008631),(P_011709,((P_011579,(P_008632,P_011671)),(P_014073,((P_011719,P_011607),(P_011701,(P_011713,(((KAYP,(ABSS,BCGB)),(P_006413,((Dhai,P_011705),(WIGA,(Apet,Msal))))),((P_016813,((GAP_80389,GAP_80390),((P_008646,P_011679),(P_008640,P_006412)))),((P_011673,(P_011537,(P_011677,P_011739))),(P_011759,((P_011675,P_011735),(P_011715,(P_011681,(P_011745,P_011611))))))))))))))))))))))))))))))))))))));
Final quartet score is: 10090714101
Final normalized quartet score is: 0.9474164426535633
You may want to ignore posterior probabilities and other statistics related to the following branch branch because the effective number of genes impacting it is only 11:
	{P_025523, P_025525}
You may want to ignore posterior probabilities and other statistics related to the following branch branch because the effective number of genes impacting it is only 18:
	{P_025523, P_025525, P_025527}
You may want to ignore posterior probabilities and other statistics related to the following branch branch because the effective number of genes impacting it is only 3:
	{P_011531, P_011589}
You may want to ignore posterior probabilities and other statistics related to the following branch branch because the effective number of genes impacting it is only 1:
	{P_011719, P_011607}
You may want to ignore posterior probabilities and other statistics related to the following branch branch because the effective number of genes impacting it is only 5:
	{P_011701, P_011673, GAP_80389, ABSS, P_011675, P_011735, P_011677, P_011537, P_008640, GAP_80390, P_006412, P_011759, P_011745, P_006413, P_008646, Apet, Dhai, P_016813, P_011681, P_011715, P_011713, P_011705, WIGA, Msal, P_011739, BCGB, P_011679, KAYP, P_011611}
You may want to ignore posterior probabilities and other statistics related to the following branch branch because the effective number of genes impacting it is only 3:
	{P_011701, P_011673, GAP_80389, ABSS, P_011675, P_011735, P_011677, P_011537, P_008640, GAP_80390, P_006412, P_011759, P_011745, P_006413, P_008646, Apet, Dhai, P_016813, P_011681, P_011715, P_011713, P_011705, WIGA, Msal, P_011739, BCGB, P_011679, P_011719, KAYP, P_011611, P_011607}
81.543555335811 11.541818572648255 1.0476310176491164 94.13300492610837 3.1246350219352337E-27
158.138512682166 4.40244679067621 5.665508188849272 168.20646766169148 2.9805005825647763E-61
96.02529729576001 30.95080415892728 23.05302989432397 150.02913134901127 1.184157260783105E-14
76.16782369772565 35.524637267749014 39.01665581446075 150.7091167799354 4.108665466945511E-5
151.1428066242155 1.5835486232052287 3.132361703093181 155.8587169505139 2.047642803517575E-62
104.01052193955168 16.999794814991432 29.014276542638953 150.02459329718207 4.9208777642195357E-20
80.504132694717 30.481520741560914 29.5302644429113 140.5159178791892 1.3072510978818247E-8
88.81052099304868 39.973944515690135 32.75117316282457 161.5356386715634 3.156539140768377E-8
111.03401089100105 25.75942385544874 30.05781493740745 166.85124968385722 9.515734419994584E-19
145.79103663266886 2.1764047735443004 11.734613482580231 159.7020548887934 2.4906958197576987E-53
110.20077765778275 7.158930442198134 6.616685737865906 123.97639383784679 4.0669369264160984E-38
5.000314804821011 2.014705882352941 2.0049019607843137 9.019922647958266 0.371020808125202
Not enough genes
Cannot perform polytomy test with effective N (after polytomies) 9.019922647958266:
	(P_025523,P_025525):0.2857584559988761;
8.42671050198485 0.3270222080569533 2.272066405786174 11.025799115827976 0.007716457760607903
Not enough genes
Cannot perform polytomy test with effective N (after polytomies) 11.025799115827976:
	(P_025527,(P_025523,P_025525):0.2857584559988761):0.8009085096247708;
132.51926837304447 0.018604651162790697 2.46466504685873 135.002538071066 3.511423757898951E-56
79.29853994634922 14.708713303251221 20.846800200888474 114.85405345048892 3.8173876398826584E-15
49.132991922817325 43.96405749087165 30.30724285876824 123.40429227245721 0.10026877533374182
64.31236366476358 29.892947280368823 34.529476895861805 128.73478784099422 2.945838465146882E-4
66.99192698133794 42.63700726033573 44.89522234241618 154.52415658408987 0.029726520144571705
106.50781122878581 16.53957564825543 17.50474808820372 140.55213496524496 1.7979071849769715E-25
124.59718554185858 10.94278983741518 17.691714746152435 153.23169012542618 2.7175516309999406E-35
21.829991228714807 9.35841974220919 10.854251833133622 42.04266280405762 0.03655004706966988
83.99528301886792 0.0047169811320754715 8.0 92.0 3.6917517046406587E-31
41.25015225648978 13.68752944946921 13.083723045880976 68.02140475183997 1.0989814208348373E-5
55.82374335901444 27.297503542280317 4.822198163549043 87.94344506484381 2.0929072690241054E-10
122.97320367968449 5.111645552129621 18.836481692003833 146.92133092381795 1.4537552274771172E-37
26.253048561639638 4.916575824311245 16.47945964012973 47.649084026080615 7.598513664087201E-4
27.575549952795413 12.343060244791294 4.8335247161972426 44.75213491378395 1.232952089177084E-4
41.50797626811821 27.292822581415297 28.555439405289444 97.35623825482296 0.14843659773976475
17.607323214298564 7.828064953742068 9.458334144410449 34.89372231245108 0.09442113874501658
19.651426064063184 13.171311103972084 2.0312984496124034 34.85403561764767 0.001073833140788221
60.64806930695902 8.314204961138806 10.121297872998417 79.08357214109624 2.8898199441177385E-15
37.12112684799436 28.50153910299494 32.46468076174636 98.08734671273567 0.565909842936738
118.98146324347225 7.020116815124165 8.500251157293603 134.50183121589 1.1285047748935457E-40
36.68668236983524 35.246067565085916 28.786040806728447 100.71879074164961 0.5901687596938547
40.55246414132739 31.091903585273194 27.679986969174536 99.32435469577513 0.2609840028367973
98.1200354472584 11.705094580463037 40.632255513051454 150.4573855407729 1.7583219679431907E-17
107.14525270302354 7.507686798186773 8.671725594451024 123.32466509566133 2.7728585773853105E-35
46.197584725373495 17.781236158214693 9.315601651071171 73.29442253465936 2.3189265005206473E-7
92.4952468570293 16.5516566799979 8.066187969848386 117.11309150687559 9.030690138157108E-25
115.99011327018846 1.0100281491907108 4.0047846889952154 121.00492610837439 5.684869780559218E-47
104.62468889231069 11.226584465450776 4.380199032197061 120.23147238995851 1.0265485843231893E-34
98.90540563135555 5.964329962153886 11.56341109725923 116.43314669076867 4.0204869328285425E-31
120.80596643728991 16.141407678936403 17.058974778877364 154.00634889510368 2.3796971985541253E-31
111.16161386450688 19.027613902045548 3.985807111880155 134.17503487843257 2.0230358602162236E-33
81.80625318445576 20.190505971615675 24.73748457642926 126.73424373250069 7.574094657825657E-13
44.769303811418304 41.28393828008422 36.20505329164911 122.25829538315163 0.6343592773877061
91.37363245966392 15.041570454202159 12.682467463860023 119.0976703777261 1.1917374720861768E-22
84.57736754877062 18.88053971127183 19.824253553534614 123.28216081357706 1.025050296542471E-15
47.26094533526475 17.110311248637753 29.636451908110956 94.00770849201346 6.610542778358676E-4
52.00250427864827 24.016077113081195 46.67051229701505 122.68909368874452 0.004519315784320995
76.21554355307677 27.170685600174092 22.438727319493736 125.8249564727446 6.595725980978128E-10
28.395294747995006 23.838695729986558 27.892246618344622 80.12623709632618 0.7916193964215795
30.777507865317727 28.13352412458407 19.10907476115587 78.02010675105767 0.23710128150375637
49.92692697266263 38.00709491820555 44.07876133798437 132.01278322885256 0.44605957129863427
50.013367837676405 41.93816878293685 40.512718323357795 132.46425494397104 0.5518319779900638
82.64921279812422 23.697655996750306 20.688358930947196 127.03522772582173 3.031224112265729E-13
93.64274368976005 11.946209106829658 5.139920921632527 110.72887371822223 2.8823302967309246E-29
47.490449344845274 29.29917759629763 24.02909536960556 100.81872231074846 0.011012302240766433
42.50487828218524 22.404715886342135 34.88267897735095 99.79227314587833 0.045252369176885576
59.09968510603071 29.173133955039113 14.265813175890775 102.5386322369606 2.3768642013631396E-7
41.37910952061277 29.191474415532603 37.44968299253638 108.02026692868175 0.3414031791520328
122.29320401543664 4.5595961629797825 5.474676893976098 132.32747707239253 7.224717704162306E-46
94.67878410419401 7.193047753026948 6.69575555033582 108.56758740755677 1.6153240210885292E-31
24.201252470011276 20.60478221752195 18.816958817386887 63.62299350492012 0.7014534067837921
1.0 0.0 1.0 2.0 0.6065306597126334
Not enough genes
Cannot perform polytomy test with effective N (after polytomies) 2.0:
	(P_011531,P_011589):0.0;
55.01464229559748 13.094178554993098 9.009529211571184 77.11835006216177 1.1099868785579025E-11
45.56055526295863 18.035478540725972 6.727172717271728 70.32320652095633 4.065548624343129E-8
120.54405542963185 4.961987256884039 5.310728047248428 130.81677073376432 6.061473291328002E-45
16.61111531094137 4.640717623318043 3.247536732035989 24.4993696662954 0.0013486216673211297
32.812437312508905 20.373082425032784 24.06642030516551 77.2519400427072 0.20497106335952534
99.27849121787663 8.112106155300257 6.200862058347146 113.59145943152403 3.493075054102795E-33
1.0 0.0 0.0 1.0 0.3678794411714423
Not enough genes
Cannot perform polytomy test with effective N (after polytomies) 1.0:
	(P_011719,P_011607):0.2876820724517809;
27.132697618526137 10.05931222429478 9.839852393568972 47.031862236389884 0.0018759724015653906
19.70191926400721 10.123408421660454 10.11219577639331 39.93752346206097 0.10026112277833185
37.881829670800634 4.320960744515274 28.728916966842178 70.9317073821581 2.9623125139255376E-6
16.92624682089672 10.126469277215273 11.069684365178208 38.122400463290205 0.3437109726017702
47.218574447250674 31.18748523005105 13.501212362428804 91.90727203973053 9.283495047245333E-5
43.87232608224335 32.312148666923086 24.980119187430628 101.16459393659707 0.0678653995172383
43.80865740862006 40.276448295295815 16.673123676751725 100.7582293806676 0.0015330195138865794
46.15587658751798 14.188177883518879 29.73221689722604 90.0762713682629 2.0123218750442594E-4
103.9464076537402 8.312856140705351 7.457955943232319 119.71721973767787 3.3335689039718224E-34
54.09102249672115 12.406811406040791 35.56975300309081 102.06758690585275 2.7045177836935386E-6
88.9390576732712 11.598856855725598 16.126735537674445 116.66465006667124 9.132615110161551E-22
38.98339674056626 31.6166673527445 23.13137191058207 93.73143600389284 0.13344994086581854
33.58497853072761 21.935300408457767 21.9721140823313 77.49239302151668 0.17450247253238527
44.102835244074654 14.852850121111226 14.518189086087148 73.47387445127302 7.662392117280812E-6
60.97175860594945 11.988117304042802 10.054174399196535 83.01405030918879 8.554691983869202E-14
29.591010671658694 24.464742580207282 19.156907277916783 73.21266052978277 0.3277853687521265
32.56520730259463 26.804435654411257 27.473731445631092 86.84337440263698 0.7097075972854766
114.2980479247152 8.17854582151573 6.985374996166805 129.46196874239774 6.209103648631799E-39
11.059614437861114 5.004942903581431 3.0139368767575556 19.0784942182001 0.06322082865452214
32.769861782370455 35.60772896877848 18.040411061146223 86.41800181229516 0.04561856853588062
40.91560375092972 22.092064045301893 28.819368572504757 91.82703636873637 0.05117815277574434
44.74938592632876 20.340240728806428 31.91114760322869 97.00077425836389 0.009943333209398006
41.04274487994299 24.25784091832336 26.99674596192751 92.29733176019386 0.07167323596875781
74.01934120582482 9.855125176473782 12.01791116458168 95.89237754688027 9.147510371371596E-19
33.039599851453254 22.459555989479167 21.22193376364228 76.7210896045747 0.19211666492253948
28.875639265900137 16.607457981363375 27.788033662878917 73.27113091014243 0.15134880423595934
5.942350760009399 2.6251257203639002 5.002582912839949 13.57005939321325 0.5240042949870926
Not enough genes
Cannot perform polytomy test with effective N (after polytomies) 13.57005939321325:
	(P_011713,(((KAYP,(ABSS,BCGB):0.42669029144088716):0.2509027621117183,(P_006413,((Dhai,P_011705):0.342425611062013,(WIGA,(Apet,Msal):0.16131108219650458):0.3042858629327523):0.15565061295531715):0.15756140777931535):0.3013402759025786,((P_016813,((GAP_80389,GAP_80390):1.5683456759523877,((P_008646,P_011679):0.33857794214428066,(P_008640,P_006412):1.0045850753236019):0.12473855102086509):0.15293369325985198):0.4914937805813431,((P_011673,(P_011537,(P_011677,P_011739):0.8881876451657246):0.10325049052168066):0.05771226199230523,(P_011759,((P_011675,P_011735):1.6828350003991959,(P_011715,(P_011681,(P_011745,P_011611):0.3948640612751924):0.06432094391248627):0.17573378186632074):0.20448639491398007):0.17419872666511654):1.038176980144669):0.14810221954513433):0.08684442334241235):0.1185246304498938;
1.8149057674364735 1.2966881348737505 1.005045638678301 4.116639540988525 0.8846090288439244
Not enough genes
Cannot perform polytomy test with effective N (after polytomies) 4.116639540988525:
	(P_011701,(P_011713,(((KAYP,(ABSS,BCGB):0.42669029144088716):0.2509027621117183,(P_006413,((Dhai,P_011705):0.342425611062013,(WIGA,(Apet,Msal):0.16131108219650458):0.3042858629327523):0.15565061295531715):0.15756140777931535):0.3013402759025786,((P_016813,((GAP_80389,GAP_80390):1.5683456759523877,((P_008646,P_011679):0.33857794214428066,(P_008640,P_006412):1.0045850753236019):0.12473855102086509):0.15293369325985198):0.4914937805813431,((P_011673,(P_011537,(P_011677,P_011739):0.8881876451657246):0.10325049052168066):0.05771226199230523,(P_011759,((P_011675,P_011735):1.6828350003991959,(P_011715,(P_011681,(P_011745,P_011611):0.3948640612751924):0.06432094391248627):0.17573378186632074):0.20448639491398007):0.17419872666511654):1.038176980144669):0.14810221954513433):0.08684442334241235):0.1185246304498938):0.032585059376976505;
0.8223776223776222 1.2230769230769232 0.0 2.0454545454545454 0.5653922106392578
Not enough genes
Cannot perform polytomy test with effective N (after polytomies) 2.0454545454545454:
	((P_011719,P_011607):0.2876820724517809,(P_011701,(P_011713,(((KAYP,(ABSS,BCGB):0.42669029144088716):0.2509027621117183,(P_006413,((Dhai,P_011705):0.342425611062013,(WIGA,(Apet,Msal):0.16131108219650458):0.3042858629327523):0.15565061295531715):0.15756140777931535):0.3013402759025786,((P_016813,((GAP_80389,GAP_80390):1.5683456759523877,((P_008646,P_011679):0.33857794214428066,(P_008640,P_006412):1.0045850753236019):0.12473855102086509):0.15293369325985198):0.4914937805813431,((P_011673,(P_011537,(P_011677,P_011739):0.8881876451657246):0.10325049052168066):0.05771226199230523,(P_011759,((P_011675,P_011735):1.6828350003991959,(P_011715,(P_011681,(P_011745,P_011611):0.3948640612751924):0.06432094391248627):0.17573378186632074):0.20448639491398007):0.17419872666511654):1.038176980144669):0.14810221954513433):0.08684442334241235):0.1185246304498938):0.032585059376976505):0.0;
11.397619431491401 3.1309590025818315 1.1540560674798641 15.682634501553096 0.0035217090348794037
5.292874717260889 3.152016413273832 2.961510835583147 11.406401966117869 0.6435512935443093
Not enough genes
Cannot perform polytomy test with effective N (after polytomies) 11.406401966117869:
	((P_011579,(P_008632,P_011671):0.13808668296732865):1.607208103309754,(P_014073,((P_011719,P_011607):0.2876820724517809,(P_011701,(P_011713,(((KAYP,(ABSS,BCGB):0.42669029144088716):0.2509027621117183,(P_006413,((Dhai,P_011705):0.342425611062013,(WIGA,(Apet,Msal):0.16131108219650458):0.3042858629327523):0.15565061295531715):0.15756140777931535):0.3013402759025786,((P_016813,((GAP_80389,GAP_80390):1.5683456759523877,((P_008646,P_011679):0.33857794214428066,(P_008640,P_006412):1.0045850753236019):0.12473855102086509):0.15293369325985198):0.4914937805813431,((P_011673,(P_011537,(P_011677,P_011739):0.8881876451657246):0.10325049052168066):0.05771226199230523,(P_011759,((P_011675,P_011735):1.6828350003991959,(P_011715,(P_011681,(P_011745,P_011611):0.3948640612751924):0.06432094391248627):0.17573378186632074):0.20448639491398007):0.17419872666511654):1.038176980144669):0.14810221954513433):0.08684442334241235):0.1185246304498938):0.032585059376976505):0.0):0.7440277492926092):0.15074930117697047;
5.271127244219317 4.547973721274889 1.2733321672244757 11.092433132718682 0.2930682041151139
Not enough genes
Cannot perform polytomy test with effective N (after polytomies) 11.092433132718682:
	(P_011709,((P_011579,(P_008632,P_011671):0.13808668296732865):1.607208103309754,(P_014073,((P_011719,P_011607):0.2876820724517809,(P_011701,(P_011713,(((KAYP,(ABSS,BCGB):0.42669029144088716):0.2509027621117183,(P_006413,((Dhai,P_011705):0.342425611062013,(WIGA,(Apet,Msal):0.16131108219650458):0.3042858629327523):0.15565061295531715):0.15756140777931535):0.3013402759025786,((P_016813,((GAP_80389,GAP_80390):1.5683456759523877,((P_008646,P_011679):0.33857794214428066,(P_008640,P_006412):1.0045850753236019):0.12473855102086509):0.15293369325985198):0.4914937805813431,((P_011673,(P_011537,(P_011677,P_011739):0.8881876451657246):0.10325049052168066):0.05771226199230523,(P_011759,((P_011675,P_011735):1.6828350003991959,(P_011715,(P_011681,(P_011745,P_011611):0.3948640612751924):0.06432094391248627):0.17573378186632074):0.20448639491398007):0.17419872666511654):1.038176980144669):0.14810221954513433):0.08684442334241235):0.1185246304498938):0.032585059376976505):0.0):0.7440277492926092):0.15074930117697047):0.1670638551648183;
63.84104602409613 16.979258718759624 19.624461372008607 100.44476611486436 1.0249802442686556E-9
38.587181861019076 32.26352729761903 22.162690350235586 93.01339950887368 0.10931201065146032
70.35379445805526 7.137552496946408 7.566324315243197 85.05767127024487 5.405724825911736E-21
38.95567260268315 9.496755465673525 13.524494657365908 61.97692272572258 4.330965441133232E-6
50.88075849358775 12.545691006178615 14.880736854690804 78.30718635445717 2.0695690916579437E-8
80.37387908410163 5.062725246389114 6.049597946622755 91.4862022771135 2.6528582337398515E-27
65.86876580090292 36.29931623631648 20.012569690560408 122.1806517277798 1.7274201338038612E-6
55.44961296258086 35.91631901987683 34.20549209562647 125.57142407808415 0.035866794564560184
61.941587534996174 41.35936108469243 27.245327863446725 130.54627648313533 9.153232242756951E-4
76.6711619149828 40.22267316345638 15.581861925028823 132.475697003468 5.128902179613424E-10
76.73834027083994 26.772606543310317 12.356792602872583 115.86773941702285 1.457529235414727E-13
60.16817275968068 21.34915460719689 26.250255157475234 107.7675825243528 3.955175906152708E-6
62.71666486761008 60.031012989552636 30.171554539372114 152.91923239653482 0.0016582031068509307
122.13631711100396 23.2645879873521 5.9931506730795725 151.39405577143566 1.5956482348060909E-34
108.7347970105514 8.935793511556046 11.802793749313054 129.4733842714205 3.339918634373421E-33
30.880277248439484 29.619298918278812 29.60180092857246 90.10137709529076 0.9822633691631327
42.0068602020984 13.74773033545094 3.1647390182237234 58.91932955577306 1.2125791269873673E-9
23.061874084559836 9.95636309234278 9.047780737965503 42.06601791486812 0.012454628579706724
9.482091700075948 4.566973941074082 6.530805804240863 20.579871445390893 0.4097295706208619
26.457699484657322 8.141888887979599 4.264682396658609 38.86427076929553 1.9485416345017575E-5
130.46064565083574 2.567700835057288 3.948649605580955 136.97699609147398 4.945802198579752E-52
139.9998066861912 6.001050289406665 5.007318031699231 151.0081750072971 9.425404513046936E-53
41.01558161623731 31.053859506554662 30.808753589046393 102.87819471183836 0.3719805354529758
37.270398633094544 36.07761161818125 29.428675498521162 102.77668574979695 0.5938384714332328
34.244008404510765 24.880450321938447 23.986697100392337 83.11115582684155 0.3118505045051524
40.98645097355746 27.0974969556216 14.504468755308714 82.58841668448778 0.0017058854895685809
34.311469118411395 26.270534812019452 31.831045730978808 92.41304966140964 0.5767186980685812
19.952093291690684 16.080999385835828 15.573056995068443 51.60614967259495 0.7164255689750845
26.147267080794695 15.66975694777177 14.462403765902453 56.279427794468916 0.11066300062814764
9.645210318520498 7.2380573216260675 3.2318501543363314 20.115117794482895 0.2090103213530615
23.272723257624815 0.05491245764642432 2.135596556470901 25.46323227174214 3.596828891153118E-9
25.197443284141336 10.032387753570811 21.045331874631874 56.275162912344015 0.037849959657588826
80.5717197549936 26.97001935146999 40.87350798076856 148.41524708723213 1.6131716424007235E-7
66.95513752207353 33.00218452650848 42.08873149075917 142.0460535393412 0.0014662907436102722
58.704124483483525 54.56345013971042 39.28711893467733 152.55469355787127 0.12786976950684895
48.01961516369694 41.26163157935334 26.03063149720174 115.31187824025201 0.03686546572695273
41.69985184999386 39.299794635925856 37.75348975924461 118.75313624516434 0.9049346482165368
133.07188140027594 9.783874094302538 10.948485277315031 153.80424077189352 3.032523348363851E-43
127.34722834918152 3.177698980125698 4.855171328578144 135.38009865788536 1.579585152835235E-49
57.014620850082764 16.895916909833325 27.670295869021096 101.58083362893717 2.9545594656662645E-6
165.01415564745022 1.2854219572601997 5.334583364578212 171.63416096928864 6.378313634882767E-67
175.97881210953904 1.0938471940500338 0.9102466793168881 177.98290598290595 1.958818892951277E-75
122.96944655462944 8.060074909612819 1.9981777604901274 133.0276992247324 3.1508071187928114E-46
103.04071931786056 18.359683506132917 24.437978924518347 145.83838174851184 1.1708134032367046E-20
81.01708252801346 33.98624103533159 41.627602369000286 156.63092593234535 5.030021907109409E-6
147.01365847872682 5.029012602196323 7.01934544976091 159.06201653068408 5.2234992708372335E-55
135.04812723018725 8.746020158529348 14.688730762492105 158.4828781512087 1.761104056437183E-42
139.29311540320066 3.732211131325569 3.9343068862017545 146.95963342072798 5.941848164343301E-55
42.05109955538461 26.24269802642802 33.27993984776916 101.57373742958178 0.15682072704606112
97.00681598018622 12.066277409240795 20.930717484965005 130.00381087439203 1.4142945971711435E-22
72.7795753429561 29.0802753864322 40.05279744906344 141.91264817845172 1.7985020843378108E-5
110.619445065264 14.578946143646142 14.615702920635906 139.81409412954605 2.2898321597845975E-29
108.88365352990348 13.462700561432152 8.770426999552077 131.1167810908877 1.9287145277432892E-32
57.32521534984284 27.765967084683506 21.45286921122531 106.54405164575165 3.275732360999505E-5
35.032699727970495 27.521931679966173 29.925547154373067 92.48017856230973 0.6204884582331209
136.61496707587725 1.9275066647771923 3.82983564876589 142.3723093894203 2.7155405697242636E-55
86.80529767444388 13.359511876790506 8.390447157557531 108.55525670879192 7.250343231807976E-24
28.486810797817988 24.08942790166296 23.086805035943826 75.66304373542478 0.720994829043521
132.34416533011816 3.173843388837326 8.039572640116134 143.5575813590716 2.2589362905008965E-49
61.90044260320323 21.18644244182236 24.21208416122748 107.29896920625308 5.652731136649196E-7
38.67715044261311 37.32067352898462 34.184597480977246 110.18242145257499 0.8653947671329498
56.1038234936944 29.870971958829042 21.007782643057894 106.98257809558133 8.783280663858977E-5
61.47634390971444 14.436180908612528 12.621464503616924 88.53398932194389 5.135067672657263E-12
28.554675879665098 24.87348513534641 26.93439971469184 80.36256072970335 0.8806693502028083
52.74055814607906 14.34558852645254 14.040623980350299 81.1267706528819 1.1095643183683203E-8
106.91449693417432 13.324125298715455 1.1184634657993378 121.35708569868912 1.0786886241837346E-36
25.72021061701029 24.64316985777157 26.92189126401571 77.28527173879758 0.950810445323258
27.000870213182953 20.023743555695255 23.245361105275435 70.26997487415365 0.5941729610647234
29.988302736901247 22.43124767615013 18.83907129062027 71.25862170367165 0.25577136945870266
78.13838218497467 10.236834454325521 13.990735810787907 102.3659524500881 2.889074887459252E-19
24.96747015281611 19.3128357246605 21.353179199604273 65.63348507708088 0.6874155923454905
117.86923611590687 4.486159519487464 2.6442409589909968 124.99963659438532 3.9548924893363165E-46
118.01859001901943 5.091852972110006 9.07431492680143 132.18475791793085 3.36638988007347E-41
68.714721132543 14.010368946927588 14.512016282375319 97.2371063618459 5.696516843464217E-14
24.990383804167088 20.99562131414413 17.426087419277028 63.41209253758825 0.5079055674915207
25.541332130231428 20.8536681077609 14.708150332888644 61.10315057088097 0.2347617866124203
135.8767282785275 4.057797183227885 4.050689743501692 143.98521520525708 3.856824302034057E-53
28.41699598627223 20.514988652565123 24.884709947377022 73.81669458621437 0.5289814357532006
22.615853877815812 21.986659264048225 21.598627398269034 66.20114054013307 0.9881286028037624
25.535985622405985 18.72521672155985 20.417971554447906 64.67917389841374 0.5580911265246656
23.67100766707504 21.666971841379805 16.320241629357284 61.65822113781213 0.4953146863339345
26.348410231559093 19.92465264952189 18.011851362329264 64.28491424341024 0.41067320317660894
26.362796062752402 26.347031814271872 18.021824503506416 70.73165238053069 0.374656117242153
75.31517425426462 9.91826445131405 7.698586176955653 92.93202488253432 2.052397230889291E-21
68.023084121662 7.65820112380841 10.152437742500442 85.83372298797084 1.9639492644262655E-18
95.4402808094424 3.2367663810119063 2.641800090908229 101.31884728136254 2.101090839199217E-37
91.47342678342336 1.8559027436498954 3.7502453825242834 97.07957490959754 6.525946040634347E-36
158.98004495642442 5.049399154232378 5.010041542292752 169.03948565294957 1.2835113242671961E-61
134.50813476792948 16.04338618057027 14.53661263435708 165.08813358285684 4.033888199433893E-38
105.7893485342824 29.80607006761552 20.031176688134234 155.62659529003213 3.5413368074698206E-19
144.29321858551214 0.8354295596954723 2.2084148627078615 147.33706300791548 8.174981897713258E-61
122.9995789725981 16.040983511456382 19.529080247850192 158.56964273190468 4.528351644617798E-31
154.0240725311842 3.10936168412214 1.338326570754272 158.47176078606063 6.965987658581928E-64
40.58139039238676 39.2903155632816 34.57749575348003 114.44920170914838 0.769669334071733
76.33823864959253 13.411423508830294 9.493193634984598 99.24285579340741 3.3536574903246574E-19
49.913262537652955 30.561267973373695 31.436796154871825 111.91132666589847 0.04068695620547289
44.61202856977816 34.54330069526678 21.100444176981593 100.25577344202654 0.015548804203441405
168.0102276891083 2.831692463019053 2.0445550037352476 172.8864751558626 1.3613802320816608E-69
83.69272389766229 17.699917095928697 27.57130564171228 128.96394663530327 1.58380812847032E-13
133.08165571680632 10.095632852381144 14.945686346275393 158.12297491546283 1.0725050527557676E-40
61.19865655943252 38.76767529378971 36.44461862735747 136.4109504805797 0.016407179513884745
52.80673374280953 27.785409635893068 48.87417846894843 129.46632184765102 0.015068101331053477
79.58700048801875 27.851228415746498 22.078434873352172 129.5166637771174 8.159511298971008E-11
91.22433661759595 16.3743852421168 9.893132451333049 117.4918543110458 2.2004530036423965E-23
155.01331170269665 4.028949066142099 5.995377663197346 165.03763843203612 6.067267272886366E-60
121.99097733196642 12.963511915092154 10.10845293138583 145.06294217844442 2.8575706017962043E-37
64.84313692364513 36.28382320555299 37.309973922856315 138.43693405205443 0.0033875346344725164
122.98881433957816 13.706452586284607 16.010604014898895 152.70587094076166 5.448210708886546E-34
69.64088827449373 37.42899019909549 35.11889300716495 142.18877148075418 3.865480333592786E-4
77.0801004756366 30.100674981030814 31.830835980853188 139.0116114375206 2.235412812032818E-7
128.2677838275955 8.565753884347144 6.640257456835436 143.47379516877808 8.290254440569455E-45
142.73675114160005 5.749703142706235 6.8059291129924055 155.2923833972987 8.348356259243657E-53
74.96529993897964 23.99984781947041 53.01902655347655 151.9841743119266 2.4977441174734995E-6
154.50485382613385 5.522336285001568 6.4588272774680835 166.4860173886035 2.8963557076999724E-58
74.93075371174399 51.02192365931084 38.02915068983455 163.98182806088937 0.0016453978571109756
100.55382261530607 35.98100534613677 25.548229114003767 162.0830570754466 5.3813230858607846E-14
150.70755843869696 4.364702049736793 6.182838749790109 161.25509923822386 1.0695241866301251E-57
62.77996612015919 43.24606125729417 44.551165225200066 150.57719260265344 0.09291439445600083
119.11216886322502 17.905526148123542 13.176772306638528 150.1944673179871 8.590134589032426E-32
59.2970166061816 38.33529479455194 35.11773560976926 132.7500470105028 0.020323367974701387
129.0843627360133 4.906681993387634 7.643724692533986 141.63476942193492 5.452340087877052E-47
42.34698118206664 35.615891469426984 41.09381824629342 119.05669089778704 0.7240497314168779
103.87616426460811 7.203174852222367 5.495181195016031 116.5745203118465 3.605992026223933E-36
108.64281822207525 4.35241665268619 3.791569845906734 116.78680472066817 2.162627071314315E-41
37.01846697931384 29.97448059866742 30.313423362966077 97.30637094094733 0.6147391619771869
84.4721385768249 10.33985205064384 10.432897131185705 105.24488775865444 2.2427204710311693E-23
80.12351073569326 11.041590426930044 7.304405912904626 98.46950707552793 5.6457686301915E-23
41.49594158455001 20.870481388495595 27.210620031973633 89.57704300501923 0.023801737970299018
87.445985873681 11.08819455042056 8.140263226670102 106.67444365077165 2.0461469643011047E-25
125.49423101812998 1.542003474191249 2.3520781067228036 129.38831259904404 5.817443031149902E-52
74.41227012891794 9.092460210281429 42.50533020991602 126.0100605491154 9.315309279191879E-12
67.06078440771412 12.86970102277921 33.49791096589058 113.42839639638392 2.552152906551856E-9
94.10265292935559 2.534148968452981 4.527979126826487 101.16478102463506 5.9059344620828695E-36
63.35685903449192 12.525243866610028 10.631210440581995 86.51331334168394 3.371416285568178E-14
103.12062487934583 7.465797007416403 1.689278091178458 112.27569997794068 2.1928522741677006E-38
90.21918808288075 17.143062769729717 16.70588838766218 124.06813924027264 1.5655668228492631E-19
64.34349870495751 7.303535310716763 25.429102458467096 97.07613647414138 3.980465466894594E-12
Extended species tree:
(P0109B,((P_018831,OSHQ)0:1.5405171299263714,((WZFE,P_016909)0:2.3216005689929857,(P0203H,((((SJEV,(P_019193,(Wsal,P_019187)0:0.6046047400787246)0.00004:0.2918204388838254)0:2.9066268283060492,(P_016921,(GAP_81227,(WKSU,(Pcol,(GAP_81226,P_006410)0:0.7615306374732016)0:0.4358800512359401)0:0.38508863363553675)0:0.6777732809775255)0:1.971986531717491)0:1.7296814954056203,((P_025527,(P_025523,P_025525)NA:0.2857584559988761)NA:0.8009085096247708,(((Asie,QDVW)0:3.2592370186757242,(P_019189,(PAWA,P_019197)0:0.7480341078551332)0.10027:0.09697265070003419)0.00029:0.2791620879846266,(((CSSK,P_019185)0.02973:0.15796929723348413,(P2589,OPDF)0:0.9905893333389253)0:1.2440514672157137,((P_019191,P_019199)0.03655:0.30212795502055323,(GAP_80417,(P2590,GAP_79804)0:1.929385835991356)0.00001:0.5049501594146076)0:0.5824072879212568)0:1.3744167174973039)0.00076:0.3702839175146756)0.00012:0.5176391221329092)0.14844:0.1427452160287275,(((WPHN,P_011613)0.09442:0.268939741303538,(((P_011609,(Sdec,P2619)0.00107:0.3888187093115386)0:1.0105041964829435,(MAQO,(WAIL,(P_011527,((GAP_80298,P_014077)0.56591:0.06394724739090656,(GAP_80297,P_014083)0:1.6989260044244934)0.59017:0.04186582138587985)0.26098:0.11240788305938831)0:0.6382023557312264)0:1.5737195897263598)0:0.5669137374396593,((((P_011587,GAP_79862)0:1.1228882946946002,(P_014081,(P_008647,P0104A)0:2.6043710806509495)0:1.5824253486755648)0:1.441134973563779,((KRJP,(P_011549,GAP_80395)0:1.1057641416027502)0:1.3224925022216762,((P_011657,(P_011643,(P_011509,P_011651)0:0.617412029571247)0.63436:0.04585862769014423)0:1.0251058931050223,((GAP_80394,GAP_80393)0:0.7356174453675112,(P_011631,((P_011551,((P_011637,P_007844)0.00066:0.2825816448858788,(P_007843,(P_006414,P_007783)0.00452:0.14000230737618594)0:0.5132051470642065)0.79162:0.025338891479320124)0.2371:0.08799480276109276,(P_011647,(P_011465,(P_011501,(P_011489,(P_011487,P_011523)0.44606:0.06510564411194476)0.55183:0.06411030020683567)0:0.6316363182015806)0:1.4154647102657514)0.01101:0.22268411957326284)0.04525:0.14221073091322287)0:0.44036342071431944)0.3414:0.07185205678261253)0:2.086337065996712)0:1.5904670130183578)0.70145:0.06373739131089894,(((P_011531,P_011589)NA:0.0,(P_011699,(Schi,P_006411)0:0.8127667630986531)0:0.6128308260619305)0:2.0535625185965314,(VYLQ,((P_018635,P_008631)0.00135:0.6484579550149308,(P_011709,((P_011579,(P_008632,P_011671)0.20497:0.13808668296732865)0:1.607208103309754,(P_014073,((P_011719,P_011607)NA:0.2876820724517809,(P_011701,(P_011713,(((KAYP,(ABSS,BCGB)0.00188:0.42669029144088716)0.10026:0.2509027621117183,(P_006413,((Dhai,P_011705)0:0.342425611062013,(WIGA,(Apet,Msal)0.34371:0.16131108219650458)0.00009:0.3042858629327523)0.06787:0.15565061295531715)0.00153:0.15756140777931535)0.0002:0.3013402759025786,((P_016813,((GAP_80389,GAP_80390)0:1.5683456759523877,((P_008646,P_011679)0:0.33857794214428066,(P_008640,P_006412)0:1.0045850753236019)0.13345:0.12473855102086509)0.1745:0.15293369325985198)0.00001:0.4914937805813431,((P_011673,(P_011537,(P_011677,P_011739)0:0.8881876451657246)0.32779:0.10325049052168066)0.70971:0.05771226199230523,(P_011759,((P_011675,P_011735)0:1.6828350003991959,(P_011715,(P_011681,(P_011745,P_011611)0.06322:0.3948640612751924)0.04562:0.06432094391248627)0.05118:0.17573378186632074)0.00994:0.20448639491398007)0.07167:0.17419872666511654)0:1.038176980144669)0.19212:0.14810221954513433)0.15135:0.08684442334241235)NA:0.1185246304498938)NA:0.032585059376976505)NA:0.0)0.00352:0.7440277492926092)NA:0.15074930117697047)NA:0.1670638551648183)0:0.5869463819618232)0.10931:0.12291948741931853)0:1.2956449469772384)0:0.5583643848494401)0:0.6205443678558379)0:1.627370980670145,((P_007845,(((P_018779,P_018639)0:0.35967884750563983,(P_018695,(P_018783,P_018645)0.03587:0.1709476014311718)0.00092:0.23106165900663359)0:0.44883814259516164,(P_018691,(((P_016793,(P_006422,P_016795)0:0.6634685434533675)0:0.40013684110407394,(P_016797,(OBPL,(P_016799,GAP_80397)0.00166:0.11787984235460373)0:1.211252555014315)0:1.386615249729554)0.98226:0.008485025647113552,(P_018693,((P_014095,S08)0:0.8020369597867335,((S04,(S38,(P_016789,S27)0.01245:0.3613296869543072)0.40973:0.17327395094273249)0.00002:0.6842703640453429,((P_016787,S02)0:2.504541161750566,(P_016791,(P_014099,S03)0:2.13286542739701)0.37198:0.09680229935180487)0.59384:0.03947974367433433)0.31185:0.11731168197190167)0.00171:0.2685394503172002)0.57672:0.05230827777842614)0.71643:0.0713988324112248)0.11066:0.20423503345827504)0.20901:0.204797294476266)0:1.7101107304029077,(((P2622,P2623)0.03785:0.17424026805288292,(P0110C,(P0207A,(P0110B,((P0207B,XQWC)0:0.36942800524922287,(P0207C,(P0206G,P0206H)0.00147:0.22577263430804898)0.12787:0.07628900918608666)0.03687:0.12701359905054063)0.90493:0.022575591046965156)0:1.5578938827685562)0:2.309110541823647)0:0.40601950639176254,((GAP_80322,DHPO)0:2.7149325027237246,((P_012941,P_012795)0:3.681849213000232,((P_012861,((P_012855,(P_012827,P_007802)0:2.089404383928664)0:0.8042869831561036,((P_012813,P_018637)0.00001:0.3160134968878991,(P_012921,P_012919)0:2.101433929264338)0:1.47046512420309)0:2.432007283913929)0.15682:0.12209934660274778,(((P_012797,(P_012841,((P_012877,P_012913)0:0.9434891700686756,(P_012811,(P_012891,P_012895)0.00002:0.3063740057410041)0:1.134310705577872)0:1.3326419563046077)0.00003:0.3560452569362249)0.62049:0.06415575845411674,(((P_012925,P_012883)0:2.6493500370514425,((P_012857,(P_012815,P_012903)0:1.1664005966369755)0.72099:0.059088848539787145,(P_012875,((P_012851,P_012887)0:2.0656777849389965,(P_012901,(P_012831,P_012905)0:0.4421628234222656)0.86539:0.02204791794629675)0.00009:0.3275954382743507)0:0.7548920554931238)0.88067:0.026789603355086702)0:0.6222733269317027,(P_018689,((P_012859,(P_012885,(P_006420,GAP_80294)0:1.664349396818432)0.95081:0.0)0.59417:0.07072299883088226,(P_012897,(((GAP_80291,P_012907)0.25577:0.13070138281609803,(P_012881,P_012873)0:1.0048730651504516)0.68742:0.06405631532813638,(((GAP_80293,P_012893)0:2.335203732975649,(P_012911,(P_012821,P_012917)0:1.7672050624429576)0:0.7967701041523654)0.50791:0.08551963204772796,((P_006418,P_012863)0.23476:0.12432712949613181,(P_012889,(P_012793,(GAP_80292,P_006419)0:2.3619600568068013)0.52898:0.07228297810422342)0.98813:0.004821202465519315)0.55809:0.0868640101706179)0.49531:0.06899605524683437)0.41067:0.11136366210770571)0.37466:0.05264111241729098)0:1.213039154670207)0:1.1241073448719558)0:2.294218514684163)0:2.292313280258825,((P_012867,((P_012847,P_012923)0:2.3272811456376465,(P_012817,P_012899)0:1.2545294932539488)0:0.7197702006922687)0:3.1968261997450553,(P_012843,(((P_012937,(P_012939,P_006421)0:1.0677853747224968)0:2.971210404807576,((P_012803,P_012853)0.76967:0.027641470364605673,(P_012837,P_012829)0:1.028059065419818)0.04069:0.17803368498331193)0.01555:0.17540305360785038,(((P_012801,(P_012809,P_012879)0:2.9820191642836487)0:0.6272717415959218,(P_012839,(P_012805,(P_012825,(P_012799,YZRI)0:1.4045277457848504)0.01641:0.18398817909823373)0.01507:0.11331499475276195)0:0.5355902726555003)0:1.0636829444083977,(P_012909,(((P_012865,(P_012931,(P_012935,P_012933)0:2.306645040255097)0:1.3975246525322274)0.00339:0.220089949943424,((P_012849,P_012871)0:1.2047576491838852,(P_012845,P_012807)0.00039:0.26076206559987436)0:0.39421324245076705)0:1.7822507908336778,((GAP_81172,P_012833)0:2.039461271880107,((P_012927,(GAP_80295,PSJT)0:0.2679185955069444)0:2.1519354114199523,((P_012869,(P_012823,(P_012835,P_012819)0.00165:0.19999322462760907)0:0.5531603167878154)0:2.237232178753193,(P_012915,P_012791)0.09291:0.1292744930035512)0:1.1447973351314353)0.02032:0.18033916696053298)0:1.9484056343933802)0.72405:0.02951873353243606)0:1.7443314107844385)0:2.1503146926198813)0.61474:0.06704122993253096)0:1.1796224330104612)0:1.2319005369695655)0.0238:0.2072616234461551)0:1.2665567420639239)0:2.8770252756002703)0:0.4761270804943454)0:0.4765454565112874)0:2.1339443485601097)0:0.8817742226695691)0:2.006385971644123)0:0.8723705537562026)0:0.6618131232449322));
Weight calculation took 105.81774361 secs
ASTRAL finished in 141.741 secs
