
================== ASTRAL ===================== 

This is ASTRAL version 5.7.7
Gene trees are treated as unrooted
182 trees read from all_bs10.trees
index198
All output trees will be *arbitrarily* rooted at P0109B

======== Running the main analysis
Number of taxa: 244 (244 species)
Taxa: [P_012841, P_012877, P_012913, P_012861, P_012837, P_012855, P_012813, P_012939, P_012937, P_006421, P_012827, P_007802, P_012803, P_012921, P_012919, P_012889, P_012891, GAP_80291, P_012881, P_012793, P_012911, P_006418, P_012811, P_012859, P_012907, P_012821, P_012917, P_012897, P_012873, GAP_80292, P_012863, P_018689, GAP_80293, P_012893, P_006420, GAP_80294, P_012885, P_006419, P_012895, P_012831, P_012905, P_012797, P_012815, P_012903, P_012857, P_012925, P_012883, P_012901, P_012941, P_012795, P_012851, P_012887, P_012867, P2589, OPDF, GAP_80417, PAWA, P2590, GAP_79804, CSSK, P_019185, P_012817, P_012899, P_012847, P_012923, P_011609, P_012875, P2622, P2623, P_018695, P_011701, P_011579, Sdec, P_011673, P0207B, P0110C, XQWC, P0207C, P0206G, P0207A, P0206H, P_016787, P_018691, P_018693, P_016793, P_006422, P_016791, P_016789, S02, S27, P_016797, P_007845, P_016799, OBPL, GAP_80397, P_018779, P_014099, S03, S04, P_018639, P_018783, P_018645, P_011699, GAP_80389, ABSS, P_011675, P_011735, P_011677, P_011537, P_008640, GAP_80390, P_006412, P_011759, P_011745, P_006413, P_008646, Apet, Dhai, P_016813, P_011681, P_011715, P_011713, VYLQ, P_008632, P_011671, P_008647, P0104A, P_014081, P_011549, GAP_80395, KRJP, P_011489, P_011487, P_011523, P_011509, P_011651, P2619, P_006414, P_007843, P_007783, GAP_80394, P_011637, P_007844, P_011465, P_011647, P_011501, P_011643, GAP_80393, P_011657, P_011587, GAP_79862, WAIL, P_011527, GAP_80297, GAP_80298, MAQO, Schi, P_006411, WPHN, P_012829, P_018635, P_014083, P_012845, P_012807, P_012805, P_012865, P_012799, YZRI, GAP_81172, P_012809, P_012879, P_012801, P_012839, P_012935, P_012933, P_012931, GAP_80295, P_012927, PSJT, P_012825, P_012835, P_012915, P_012791, P_012819, P_012869, P_012823, P_012849, P_012871, P_012833, P_012909, GAP_80322, DHPO, P_016795, Asie, QDVW, P0110B, P_011551, P0203H, P0109B, P_018831, WZFE, P_016909, P_019197, Wsal, P_019193, P_019187, SJEV, GAP_81226, P_006410, Pcol, WKSU, P_016921, GAP_81227, P_025523, P_019189, P_012853, P_012843, P_018637, P_025525, OSHQ, P_011531, P_008631, P_011705, WIGA, Msal, P_011739, BCGB, P_011679, P_011631, P_014077, P_019191, P_011613, S38, P_014095, S08, P_011719, KAYP, P_025527, P_014073, P_011709, P_011611, P_019199, P_011607, P_011589]
Taxon occupancy: {P_019193=164, P_019191=86, P_019197=174, OPDF=162, GAP_81172=182, P_018783=180, P_019199=63, Wsal=166, P_016921=177, WKSU=172, P_025523=31, P_025525=61, P_025527=26, P_014073=24, P0203H=137, P_014077=113, QDVW=171, P_011487=181, P_011489=181, P_016813=171, P_006421=180, P_006422=181, P_006420=145, P_006418=181, P_006419=179, P_014081=137, P_006414=180, P_014083=139, P_018689=180, P0206H=174, P0206G=167, Msal=156, P0109B=103, P_012901=181, P_006410=177, P_006411=180, P_012903=180, P_006412=179, P_006413=177, P_012905=180, P_012907=181, PAWA=166, GAP_79862=177, ABSS=165, P_012909=181, P_018691=99, GAP_80291=181, P_018695=178, P_014095=85, GAP_80293=181, GAP_80292=177, P_018693=178, GAP_80295=178, GAP_80294=180, P_014099=176, GAP_80297=181, GAP_80298=179, P_012911=180, P_011701=30, P_012913=165, P_012915=179, P_011705=100, P_012917=174, P_012919=176, P_011709=21, P_012881=182, P_011671=112, P_011551=124, P_012883=181, P_011673=152, MAQO=172, P_012885=181, P_011675=171, GAP_80322=181, P2590=155, P_012887=180, P_011677=147, P_012889=180, P_011679=160, P_008647=172, PSJT=165, P2589=158, P_012891=180, P_011681=134, P_012893=180, P_018637=179, P_012895=182, P_018635=175, P_012897=178, P0207C=179, P_012899=180, P0207B=178, P0207A=177, P_018639=175, P_008646=180, P_008640=181, BCGB=165, WZFE=171, P_018645=178, KRJP=172, KAYP=77, P_011699=91, P_011579=138, CSSK=167, P_008632=178, P_007783=173, P_016909=177, P_008631=40, P_019187=173, P_019185=172, Sdec=48, P_019189=162, P_012791=181, P_012793=180, P_012795=179, Asie=143, P_018779=149, P_011465=181, P_012797=180, P_011587=144, P_012799=182, P_011589=4, GAP_80417=107, WIGA=151, P_007802=149, GAP_79804=145, P_012841=179, P_011631=154, Pcol=158, P_012843=181, P_012845=181, P_012847=178, P_011637=181, P_011759=164, P_012849=178, Apet=82, OBPL=175, P0110C=175, P0110B=132, P_018831=177, YZRI=174, P_012851=179, P_011643=180, P_012853=181, P_011523=181, P_012855=177, P_012857=180, P_011647=168, P_011527=115, P_012859=180, WAIL=177, P_016789=177, P_012861=182, P_011651=155, P_016787=180, P_011531=152, P_012863=180, P_012865=175, Schi=155, P_012867=179, P_011657=164, P_011537=136, P_012869=181, P_016793=178, P_016791=179, P_016797=179, SJEV=174, P_016795=176, P_012871=179, P_012873=181, P_016799=181, P_012875=182, P_012877=178, P_012879=179, P_011549=173, P_007844=135, P_007845=32, S02=155, P_012921=168, S04=56, S03=177, P_012801=182, P_012923=181, P_011713=132, P_012803=180, P_012925=179, P_011715=157, S08=128, P_007843=165, P_012805=181, P_012927=180, P_012807=181, P_011719=18, P_012809=179, VYLQ=179, DHPO=178, GAP_80390=165, P2622=143, P2623=76, XQWC=169, GAP_80394=181, GAP_80393=181, GAP_80395=181, GAP_80397=179, P_012931=181, P_012811=179, WPHN=169, P_012933=175, P_012813=180, P_012935=178, P_012815=177, P_012937=182, P_012817=180, P_011607=6, P_012939=178, P_011609=135, P_012819=180, P2619=127, OSHQ=168, GAP_80389=177, P_012941=182, P_012821=180, P_011611=26, P_012823=180, P_011613=64, P_011735=179, S27=143, P_012825=181, P_012827=165, P_011739=158, P_012829=142, Dhai=171, P0104A=163, P_012831=177, P_011501=181, P_012833=181, GAP_81226=178, P_011745=166, GAP_81227=178, P_012835=181, S38=56, P_012837=182, P_012839=179, P_011509=180}
Number of gene trees: 182
182 trees have missing taxa
Calculating quartet distance matrix (for completion of X)
Species tree distances calculated ...
Will attempt to complete bipartitions from X before adding using a distance matrix.
Building set of clusters (X) from gene trees 
------------------------------
gradient0: 40313
Number of Clusters after addition by distance: 40313
calculating extra bipartitions to be added at level 1 ...
Adding to X using resolutions of greedy consensus ...
Limit for sigma of degrees:6150
polytomy size limit : 56
discarded polytomies:  [3, 3, 3, 3, 3, 3, 3, 3, 3, 3, 3, 3, 3, 3, 3, 3, 3, 3, 3, 4, 4, 4, 4, 4, 5, 5, 5, 5, 5, 5, 5, 5, 5, 6, 6, 6, 7, 7, 8, 8, 9, 9, 10, 14, 14, 14, 16, 17, 30, 38, 56]
Threshold 0.0:
polytomy of size 4; rounds with additions with at least 5 support: 1; clusters: 40331
Threshold 0.01:
polytomy of size 7; rounds with additions with at least 5 support: 5; clusters: 40481
Threshold 0.02:
polytomy of size 9; rounds with additions with at least 5 support: 2; clusters: 40759
polytomy of size 3; rounds with additions with at least 5 support: 1; clusters: 40761
Threshold 0.05:
polytomy of size 10; rounds with additions with at least 5 support: 2; clusters: 40805
polytomy of size 3; rounds with additions with at least 5 support: 0; clusters: 40805
polytomy of size 6; rounds with additions with at least 5 support: 0; clusters: 40809
polytomy of size 3; rounds with additions with at least 5 support: 0; clusters: 40809
polytomy of size 3; rounds with additions with at least 5 support: 0; clusters: 40809
polytomy of size 5; rounds with additions with at least 5 support: 1; clusters: 40815
polytomy of size 3; rounds with additions with at least 5 support: 0; clusters: 40815
Threshold 0.1:
polytomy of size 14; rounds with additions with at least 5 support: 0; clusters: 40831
polytomy of size 4; rounds with additions with at least 5 support: 0; clusters: 40831
polytomy of size 5; rounds with additions with at least 5 support: 0; clusters: 40831
polytomy of size 3; rounds with additions with at least 5 support: 0; clusters: 40831
polytomy of size 3; rounds with additions with at least 5 support: 0; clusters: 40831
polytomy of size 9; rounds with additions with at least 5 support: 0; clusters: 40841
polytomy of size 5; rounds with additions with at least 5 support: 0; clusters: 40841
polytomy of size 3; rounds with additions with at least 5 support: 0; clusters: 40841
polytomy of size 14; rounds with additions with at least 5 support: 0; clusters: 40855
polytomy of size 7; rounds with additions with at least 5 support: 0; clusters: 40863
polytomy of size 3; rounds with additions with at least 5 support: 0; clusters: 40863
polytomy of size 3; rounds with additions with at least 5 support: 0; clusters: 40863
Threshold 0.2:
polytomy of size 14; rounds with additions with at least 5 support: 0; clusters: 40863
polytomy of size 8; rounds with additions with at least 5 support: 0; clusters: 40863
polytomy of size 3; rounds with additions with at least 5 support: 0; clusters: 40863
polytomy of size 3; rounds with additions with at least 5 support: 0; clusters: 40863
polytomy of size 6; rounds with additions with at least 5 support: 0; clusters: 40863
polytomy of size 5; rounds with additions with at least 5 support: 0; clusters: 40863
polytomy of size 16; rounds with additions with at least 5 support: 0; clusters: 40893
polytomy of size 3; rounds with additions with at least 5 support: 0; clusters: 40893
polytomy of size 5; rounds with additions with at least 5 support: 0; clusters: 40893
polytomy of size 3; rounds with additions with at least 5 support: 0; clusters: 40893
polytomy of size 4; rounds with additions with at least 5 support: 0; clusters: 40893
polytomy of size 8; rounds with additions with at least 5 support: 0; clusters: 40895
polytomy of size 30; rounds with additions with at least 5 support: 0; clusters: 40933
polytomy of size 4; rounds with additions with at least 5 support: 0; clusters: 40933
polytomy of size 4; rounds with additions with at least 5 support: 0; clusters: 40933
Threshold 0.3333333333333333:
polytomy of size 5; rounds with additions with at least 5 support: 0; clusters: 40933
polytomy of size 3; rounds with additions with at least 5 support: 0; clusters: 40933
polytomy of size 3; rounds with additions with at least 5 support: 0; clusters: 40933
polytomy of size 5; rounds with additions with at least 5 support: 0; clusters: 40933
polytomy of size 6; rounds with additions with at least 5 support: 0; clusters: 40933
polytomy of size 5; rounds with additions with at least 5 support: 0; clusters: 40933
polytomy of size 3; rounds with additions with at least 5 support: 0; clusters: 40933
polytomy of size 3; rounds with additions with at least 5 support: 0; clusters: 40933
polytomy of size 17; rounds with additions with at least 5 support: 0; clusters: 40939
polytomy of size 3; rounds with additions with at least 5 support: 0; clusters: 40939
polytomy of size 5; rounds with additions with at least 5 support: 0; clusters: 40939
polytomy of size 56; rounds with additions with at least 5 support: 0; clusters: 40987
polytomy of size 38; rounds with additions with at least 5 support: 0; clusters: 40987
max k is :10
Number of Clusters after addition by greedy: 40987
gradient0 in heuristiic: 40987
partitions formed in 20.459 secs
Dynamic Programming starting after 20.459 secs
Using tree-based weight calculation.
Using polytree-based weight calculation.
Polytree max score: 10650769447
Polytree building time: 0.161 seconds.
Number of quartet trees in the gene trees: 10650769447
Size of largest cluster: 244
Greedy score: 9472690642
estimationFactor: 1.1243658058225439
Sub-optimal score: 9862219897
Total Number of elements weighted: 99462
Normalized score (portion of input quartet trees satisfied before correcting for multiple individuals): 0.9474164426535633
Optimization score: 10090714101
Optimal tree inferred in 130.211 secs.
(P_012791,(P_012915,((P_012869,(P_012823,(P_012835,P_012819))),((P_012927,(GAP_80295,PSJT)),((GAP_81172,P_012833),(((P_012865,(P_012931,(P_012935,P_012933))),((P_012849,P_012871),(P_012845,P_012807))),(P_012909,(((P_012801,(P_012809,P_012879)),(P_012839,(P_012805,(P_012825,(P_012799,YZRI))))),(((P_012937,(P_012939,P_006421)),((P_012803,P_012853),(P_012837,P_012829))),(P_012843,((P_012867,((P_012847,P_012923),(P_012817,P_012899))),(((P_012797,(P_012841,((P_012877,P_012913),(P_012811,(P_012891,P_012895))))),(((P_012925,P_012883),((P_012857,(P_012815,P_012903)),(P_012875,((P_012851,P_012887),(P_012901,(P_012831,P_012905)))))),(P_018689,((P_012859,(P_012885,(P_006420,GAP_80294))),(P_012897,(((GAP_80291,P_012907),(P_012881,P_012873)),(((GAP_80293,P_012893),(P_012911,(P_012821,P_012917))),((P_006418,P_012863),(P_012889,(P_012793,(GAP_80292,P_006419))))))))))),((P_012861,((P_012855,(P_012827,P_007802)),((P_012813,P_018637),(P_012921,P_012919)))),((P_012941,P_012795),((GAP_80322,DHPO),(((P2622,P2623),(P0110C,(P0207A,(P0110B,((P0207B,XQWC),(P0207C,(P0206G,P0206H))))))),((P_007845,(((P_018779,P_018639),(P_018695,(P_018783,P_018645))),(P_018691,(((P_016793,(P_006422,P_016795)),(P_016797,(OBPL,(P_016799,GAP_80397)))),(P_018693,((P_014095,S08),((S04,(S38,(P_016789,S27))),((P_016787,S02),(P_016791,(P_014099,S03)))))))))),(((P0203H,((WZFE,P_016909),(P0109B,(P_018831,OSHQ)))),(((SJEV,(P_019193,(Wsal,P_019187))),(P_016921,(GAP_81227,(WKSU,(Pcol,(GAP_81226,P_006410)))))),((P_025527,(P_025523,P_025525)),(((Asie,QDVW),(P_019189,(PAWA,P_019197))),(((CSSK,P_019185),(P2589,OPDF)),((P_019191,P_019199),(GAP_80417,(P2590,GAP_79804)))))))),((WPHN,P_011613),(((P_011609,(Sdec,P2619)),(MAQO,(WAIL,(P_011527,((GAP_80298,P_014077),(GAP_80297,P_014083)))))),((((P_011587,GAP_79862),(P_014081,(P_008647,P0104A))),((KRJP,(P_011549,GAP_80395)),((P_011657,(P_011643,(P_011509,P_011651))),((GAP_80394,GAP_80393),(P_011631,((P_011551,((P_011637,P_007844),(P_007843,(P_006414,P_007783)))),(P_011647,(P_011465,(P_011501,(P_011489,(P_011487,P_011523))))))))))),(((P_011531,P_011589),(P_011699,(Schi,P_006411))),(VYLQ,((P_018635,P_008631),(P_011709,((P_011579,(P_008632,P_011671)),(P_014073,((P_011719,P_011607),(P_011701,(P_011713,(((KAYP,(ABSS,BCGB)),(P_006413,((Dhai,P_011705),(WIGA,(Apet,Msal))))),((P_016813,((GAP_80389,GAP_80390),((P_008646,P_011679),(P_008640,P_006412)))),((P_011673,(P_011537,(P_011677,P_011739))),(P_011759,((P_011675,P_011735),(P_011715,(P_011681,(P_011745,P_011611))))))))))))))))))))))))))))))))))))));
Final quartet score is: 10090714101
Final normalized quartet score is: 0.9474164426535633
You may want to ignore posterior probabilities and other statistics related to the following branch branch because the effective number of genes impacting it is only 11:
	{P_025523, P_025525}
You may want to ignore posterior probabilities and other statistics related to the following branch branch because the effective number of genes impacting it is only 18:
	{P_025523, P_025525, P_025527}
You may want to ignore posterior probabilities and other statistics related to the following branch branch because the effective number of genes impacting it is only 3:
	{P_011531, P_011589}
You may want to ignore posterior probabilities and other statistics related to the following branch branch because the effective number of genes impacting it is only 1:
	{P_011719, P_011607}
You may want to ignore posterior probabilities and other statistics related to the following branch branch because the effective number of genes impacting it is only 5:
	{P_011701, P_011673, GAP_80389, ABSS, P_011675, P_011735, P_011677, P_011537, P_008640, GAP_80390, P_006412, P_011759, P_011745, P_006413, P_008646, Apet, Dhai, P_016813, P_011681, P_011715, P_011713, P_011705, WIGA, Msal, P_011739, BCGB, P_011679, KAYP, P_011611}
You may want to ignore posterior probabilities and other statistics related to the following branch branch because the effective number of genes impacting it is only 3:
	{P_011701, P_011673, GAP_80389, ABSS, P_011675, P_011735, P_011677, P_011537, P_008640, GAP_80390, P_006412, P_011759, P_011745, P_006413, P_008646, Apet, Dhai, P_016813, P_011681, P_011715, P_011713, P_011705, WIGA, Msal, P_011739, BCGB, P_011679, P_011719, KAYP, P_011611, P_011607}
Extended species tree:
(P0109B,((P_018831,OSHQ)86.63:1.5405171299263714,((WZFE,P_016909)94.01:2.3216005689929857,(P0203H,((((SJEV,(P_019193,(Wsal,P_019187)64:0.6046047400787246)50.54:0.2918204388838254)96.97:2.9066268283060492,(P_016921,(GAP_81227,(WKSU,(Pcol,(GAP_81226,P_006410)69.33:0.7615306374732016)57.29:0.4358800512359401)54.98:0.38508863363553675)66.55:0.6777732809775255)91.29:1.971986531717491)88.89:1.7296814954056203,((P_025527,(P_025523,P_025525)55.44:0.2857584559988761)76.43:0.8009085096247708,(((Asie,QDVW)98.16:3.2592370186757242,(P_019189,(PAWA,P_019197)69.04:0.7480341078551332)39.81:0.09697265070003419)49.96:0.2791620879846266,(((CSSK,P_019185)43.35:0.15796929723348413,(P2589,OPDF)75.78:0.9905893333389253)81.31:1.2440514672157137,((P_019191,P_019199)51.92:0.30212795502055323,(GAP_80417,(P2590,GAP_79804)91.3:1.929385835991356)60.64:0.5049501594146076)63.48:0.5824072879212568)83.7:1.3744167174973039)55.1:0.3702839175146756)61.62:0.5176391221329092)42.64:0.1427452160287275,(((WPHN,P_011613)50.46:0.268939741303538,(((P_011609,(Sdec,P2619)56.38:0.3888187093115386)76.69:1.0105041964829435,(MAQO,(WAIL,(P_011527,((GAP_80298,P_014077)37.84:0.06394724739090656,(GAP_80297,P_014083)88.46:1.6989260044244934)36.42:0.04186582138587985)40.83:0.11240788305938831)65.21:0.6382023557312264)86.88:1.5737195897263598)63.03:0.5669137374396593,((((P_011587,GAP_79862)78.98:1.1228882946946002,(P_014081,(P_008647,P0104A)95.86:2.6043710806509495)87.02:1.5824253486755648)84.95:1.441134973563779,((KRJP,(P_011549,GAP_80395)78.44:1.1057641416027502)82.85:1.3224925022216762,((P_011657,(P_011643,(P_011509,P_011651)64.55:0.617412029571247)36.62:0.04585862769014423)76.72:1.0251058931050223,((GAP_80394,GAP_80393)68.6:0.7356174453675112,(P_011631,((P_011551,((P_011637,P_007844)50.27:0.2825816448858788,(P_007843,(P_006414,P_007783)42.39:0.14000230737618594)60.57:0.5132051470642065)35.44:0.025338891479320124)39.45:0.08799480276109276,(P_011647,(P_011465,(P_011501,(P_011489,(P_011487,P_011523)37.82:0.06510564411194476)37.76:0.06411030020683567)65.06:0.6316363182015806)84.57:1.4154647102657514)47.1:0.22268411957326284)42.59:0.14221073091322287)57.64:0.44036342071431944)38.31:0.07185205678261253)92.42:2.086337065996712)87.21:1.5904670130183578)38.04:0.06373739131089894,(((P_011531,P_011589)50:0.0,(P_011699,(Schi,P_006411)71.34:0.8127667630986531)64.79:0.6128308260619305)92.15:2.0535625185965314,(VYLQ,((P_018635,P_008631)67.8:0.6484579550149308,(P_011709,((P_011579,(P_008632,P_011671)42.47:0.13808668296732865)87.4:1.607208103309754,(P_014073,((P_011719,P_011607)100:0.2876820724517809,(P_011701,(P_011713,(((KAYP,(ABSS,BCGB)57.69:0.42669029144088716)49.33:0.2509027621117183,(P_006413,((Dhai,P_011705)53.41:0.342425611062013,(WIGA,(Apet,Msal)44.4:0.16131108219650458)51.38:0.3042858629327523)43.37:0.15565061295531715)43.48:0.15756140777931535)51.24:0.3013402759025786,((P_016813,((GAP_80389,GAP_80390)86.83:1.5683456759523877,((P_008646,P_011679)53:0.33857794214428066,(P_008640,P_006412)76.23:1.0045850753236019)41.59:0.12473855102086509)43.34:0.15293369325985198)60.03:0.4914937805813431,((P_011673,(P_011537,(P_011677,P_011739)73.45:0.8881876451657246)40.42:0.10325049052168066)37.5:0.05771226199230523,(P_011759,((P_011675,P_011735)88.29:1.6828350003991959,(P_011715,(P_011681,(P_011745,P_011611)57.97:0.3948640612751924)37.92:0.06432094391248627)44.56:0.17573378186632074)46.13:0.20448639491398007)44.47:0.17419872666511654)77.19:1.038176980144669)43.06:0.14810221954513433)39.41:0.08684442334241235)43.79:0.1185246304498938)44.09:0.032585059376976505)40.21:0.0)72.68:0.7440277492926092)46.4:0.15074930117697047)47.52:0.1670638551648183)63.56:0.5869463819618232)41.49:0.12291948741931853)82.71:1.2956449469772384)62.86:0.5583643848494401)64.98:0.6205443678558379)87.85:1.627370980670145,((P_007845,(((P_018779,P_018639)53.91:0.35967884750563983,(P_018695,(P_018783,P_018645)44.16:0.1709476014311718)47.45:0.23106165900663359)57.88:0.44883814259516164,(P_018691,(((P_016793,(P_006422,P_016795)66.23:0.6634685434533675)55.83:0.40013684110407394,(P_016797,(OBPL,(P_016799,GAP_80397)41.01:0.11787984235460373)80.67:1.211252555014315)83.98:1.386615249729554)34.27:0.008485025647113552,(P_018693,((P_014095,S08)71.3:0.8020369597867335,((S04,(S38,(P_016789,S27)54.82:0.3613296869543072)46.07:0.17327395094273249)68.08:0.6842703640453429,((P_016787,S02)95.24:2.504541161750566,(P_016791,(P_014099,S03)92.71:2.13286542739701)39.87:0.09680229935180487)36.26:0.03947974367433433)41.2:0.11731168197190167)49.63:0.2685394503172002)37.13:0.05230827777842614)38.66:0.0713988324112248)46.46:0.20423503345827504)47.95:0.204797294476266)91.4:1.7101107304029077,(((P2622,P2623)44.78:0.17424026805288292,(P0110C,(P0207A,(P0110B,((P0207B,XQWC)54.29:0.36942800524922287,(P0207C,(P0206G,P0206H)47.14:0.22577263430804898)38.48:0.07628900918608666)41.64:0.12701359905054063)35.11:0.022575591046965156)86.52:1.5578938827685562)94.07:2.309110541823647)56.13:0.40601950639176254,((GAP_80322,DHPO)96.14:2.7149325027237246,((P_012941,P_012795)98.87:3.681849213000232,((P_012861,((P_012855,(P_012827,P_007802)92.44:2.089404383928664)70.65:0.8042869831561036,((P_012813,P_018637)51.72:0.3160134968878991,(P_012921,P_012919)92.43:2.101433929264338)85.21:1.47046512420309)94.78:2.432007283913929)41.4:0.12209934660274778,(((P_012797,(P_012841,((P_012877,P_012913)74.62:0.9434891700686756,(P_012811,(P_012891,P_012895)51.28:0.3063740057410041)79.12:1.134310705577872)83.04:1.3326419563046077)53.8:0.3560452569362249)37.88:0.06415575845411674,(((P_012925,P_012883)95.96:2.6493500370514425,((P_012857,(P_012815,P_012903)79.96:1.1664005966369755)37.65:0.059088848539787145,(P_012875,((P_012851,P_012887)92.19:2.0656777849389965,(P_012901,(P_012831,P_012905)57.69:0.4421628234222656)35.1:0.02204791794629675)52.44:0.3275954382743507)69.44:0.7548920554931238)35.53:0.026789603355086702)65.01:0.6222733269317027,(P_018689,((P_012859,(P_012885,(P_006420,GAP_80294)88.1:1.664349396818432)33.28:0.0)38.42:0.07072299883088226,(P_012897,(((GAP_80291,P_012907)42.08:0.13070138281609803,(P_012881,P_012873)76.33:1.0048730651504516)38.04:0.06405631532813638,(((GAP_80293,P_012893)94.3:2.335203732975649,(P_012911,(P_012821,P_012917)89.28:1.7672050624429576)70.67:0.7967701041523654)39.41:0.08551963204772796,((P_006418,P_012863)41.8:0.12432712949613181,(P_012889,(P_012793,(GAP_80292,P_006419)94.37:2.3619600568068013)38.5:0.07228297810422342)34.16:0.004821202465519315)39.48:0.0868640101706179)38.39:0.06899605524683437)40.99:0.11136366210770571)37.27:0.05264111241729098)81.04:1.213039154670207)79.25:1.1241073448719558)94.2:2.294218514684163)94.23:2.292313280258825,((P_012867,((P_012847,P_012923)94.05:2.3272811456376465,(P_012817,P_012899)81.48:1.2545294932539488)67.98:0.7197702006922687)97.93:3.1968261997450553,(P_012843,(((P_012937,(P_012939,P_006421)77.57:1.0677853747224968)97.19:2.971210404807576,((P_012803,P_012853)35.46:0.027641470364605673,(P_012837,P_012829)76.92:1.028059065419818)44.6:0.17803368498331193)44.5:0.17540305360785038,(((P_012801,(P_012809,P_012879)97.18:2.9820191642836487)64.9:0.6272717415959218,(P_012839,(P_012805,(P_012825,(P_012799,YZRI)84.16:1.4045277457848504)44.86:0.18398817909823373)40.79:0.11331499475276195)61.45:0.5355902726555003)77.64:1.0636829444083977,(P_012909,(((P_012865,(P_012931,(P_012935,P_012933)93.93:2.306645040255097)84.1:1.3975246525322274)46.84:0.220089949943424,((P_012849,P_012871)80.54:1.2047576491838852,(P_012845,P_012807)48.98:0.26076206559987436)55.45:0.39421324245076705)89.4:1.7822507908336778,((GAP_81172,P_012833)91.91:2.039461271880107,((P_012927,(GAP_80295,PSJT)49.32:0.2679185955069444)92.8:2.1519354114199523,((P_012869,(P_012823,(P_012835,P_012819)45.69:0.19999322462760907)62.04:0.5531603167878154)93.46:2.237232178753193,(P_012915,P_012791)41.69:0.1292744930035512)79.31:1.1447973351314353)44.67:0.18033916696053298)91.14:1.9484056343933802)35.57:0.02951873353243606)89.11:1.7443314107844385)93.03:2.1503146926198813)38.04:0.06704122993253096)80.26:1.1796224330104612)81.37:1.2319005369695655)46.32:0.2072616234461551)81.97:1.2665567420639239)96.99:2.8770252756002703)59.05:0.4761270804943454)59.12:0.4765454565112874)93.02:2.1339443485601097)73.23:0.8817742226695691)91.85:2.006385971644123)72.72:0.8723705537562026)66.28:0.6618131232449322));
Weight calculation took 99.279484142 secs
ASTRAL finished in 132.021 secs
