
================== ASTRAL ===================== 

This is ASTRAL version 5.7.7
Gene trees are treated as unrooted
195 trees read from all_bs10.trees
index192
All output trees will be *arbitrarily* rooted at P0109B

======== Running the main analysis
Number of taxa: 244 (244 species)
Taxa: [P_011735, Apet, P_016813, P_011611, WIGA, BCGB, ABSS, KRJP, P_011549, GAP_80395, P_011465, P_011501, P_011487, P_011489, P_011523, P_007844, P_011637, P_011657, P_011647, GAP_80393, P_006414, P_007843, P_007783, GAP_80394, P_011651, P_011509, MAQO, GAP_80298, GAP_80297, P_011527, WAIL, Schi, P_006411, P_025523, P_014081, P0104A, P_008647, GAP_79862, P_011587, GAP_80322, DHPO, P2622, P2623, XQWC, P0207B, P0206G, P0206H, P_011579, P_011701, P0110B, P0110C, P0207A, P0207C, P_012861, P_012815, P_012891, P_012895, P_012811, P_018689, P_012859, GAP_80294, P_006420, P_006418, GAP_80292, P_006419, P_012873, P_012881, P_012893, GAP_80293, P_012917, P_012821, GAP_80291, P_012889, P_012863, P_012911, P_012793, P_012885, P_012907, P_012897, P_012903, P_012883, P_012925, P_012797, P_012857, P_012877, P_012913, P_012841, P_012905, P_012901, P_012851, P_012887, P_012831, Sdec, P_011609, P_012875, P_012867, P_012847, P_012923, P_012817, P_012899, P_012937, P_012939, P_006421, P_012853, P_012803, P_012829, P_012837, P_012825, YZRI, P_012805, P_012799, P_012839, P_012801, P_012809, P_012879, P_012871, P_012933, P_012931, P_012807, P_012845, P_012849, P_012935, P_012791, P_012869, P_012823, P_012835, P_012819, P_012915, P_012833, GAP_81172, PSJT, P_012927, GAP_80295, P_012909, P_012865, P_012843, P_012941, P_012795, P_012827, P_007802, P_018637, P_012919, P_012921, P_012813, P_012855, P_018639, P_018695, P_016797, GAP_80397, P_007845, P_016799, OBPL, P_016793, P_016795, P_006422, S04, S02, P_018779, S27, P_016789, P_016787, P_016791, P_018693, P_018691, P_014099, S03, P_018645, P_018783, QDVW, Asie, P_019185, GAP_80417, P2590, GAP_79804, P2589, OPDF, CSSK, P_019197, PAWA, P_019187, Wsal, P_019193, SJEV, GAP_81227, P_016921, WKSU, P_006410, GAP_81226, Pcol, P_016909, WZFE, P0203H, P0109B, P_018831, WPHN, VYLQ, P_008632, P_008631, P_011699, P_011531, P_014077, P_014083, P_011551, P_018635, P_011643, P_019189, P2619, P_011673, P_011679, GAP_80390, GAP_80389, P_006413, Dhai, P_011713, P_011705, P_011759, P_011745, P_011671, P_011537, P_011681, P_011715, P_011739, P_008640, P_011677, Msal, P_008646, P_006412, P_011675, P_011631, P_014095, S08, S38, OSHQ, P_019191, P_025525, P_011613, KAYP, P_011719, P_011607, P_025527, P_014073, P_011709, P_019199, P_011589]
Taxon occupancy: {P_019193=173, P_019191=82, P_019197=180, OPDF=189, GAP_81172=194, P_018783=190, P_019199=67, Wsal=174, P_016921=191, WKSU=195, P_025523=32, P_025525=61, P_025527=24, P_014073=30, P0203H=141, P_014077=120, QDVW=192, P_011487=191, P_011489=193, P_016813=193, P_006421=194, P_006422=191, P_006420=163, P_006418=194, P_006419=195, P_006414=192, P_014081=144, P_014083=156, P_018689=195, P0206H=185, P0206G=175, Msal=192, P0109B=103, P_012901=193, P_006410=189, P_006411=188, P_012903=193, P_006412=191, P_006413=192, P_012905=194, GAP_79862=187, P_012907=195, PAWA=188, ABSS=189, P_012909=193, P_018691=172, GAP_80291=195, P_018695=189, P_014095=89, GAP_80293=194, GAP_80292=195, P_018693=189, GAP_80295=191, GAP_80294=194, P_014099=187, GAP_80297=191, GAP_80298=189, P_011701=37, P_012911=193, P_012913=194, P_012915=190, P_011705=124, P_012917=191, P_012919=190, P_011709=20, P_012881=195, P_011671=173, P_011551=141, MAQO=191, P_012883=195, P_011673=162, GAP_80322=192, P_012885=193, P_011675=181, P2590=167, P_012887=194, P_011677=154, P_012889=195, P_011679=169, P_008647=183, PSJT=188, P2589=170, P_012891=193, P_011681=140, P_012893=194, P_018637=193, P_012895=194, P_018635=180, P_012897=194, P0207C=187, P0207B=189, P_012899=193, P0207A=191, P_018639=182, P_008646=192, P_008640=192, BCGB=191, WZFE=191, P_018645=187, KRJP=191, KAYP=114, P_011699=113, P_011579=160, CSSK=187, P_008632=192, P_007783=182, P_016909=192, P_008631=191, P_019187=189, P_019185=185, Sdec=45, P_019189=187, P_012791=192, P_012793=192, P_012795=192, Asie=177, P_011465=192, P_018779=163, P_011587=155, P_012797=194, P_012799=193, P_011589=5, GAP_80417=115, WIGA=187, P_007802=168, GAP_79804=154, P_012841=192, P_011631=165, P_012843=193, Pcol=166, P_012845=192, P_011637=189, P_012847=187, P_011759=184, P_012849=193, Apet=186, OBPL=192, P0110C=180, P0110B=141, P_018831=190, YZRI=192, P_012851=193, P_012853=191, P_011643=194, P_011523=193, P_012855=191, P_011647=179, P_012857=191, P_011527=170, P_012859=193, WAIL=193, P_016789=186, P_011651=179, P_012861=193, P_016787=190, P_011531=164, P_012863=194, P_012865=193, Schi=165, P_011657=180, P_012867=193, P_011537=152, P_012869=192, P_016793=186, P_016791=189, P_016797=192, SJEV=192, P_016795=189, P_012871=188, P_012873=193, P_016799=191, P_012875=194, P_012877=192, P_012879=193, P_011549=183, P_007844=147, P_007845=36, S02=155, P_012921=185, S04=59, P_012801=193, S03=184, P_012923=194, P_011713=139, P_012803=192, P_012925=192, P_011715=168, S08=135, P_007843=175, P_012805=192, P_012927=193, P_012807=190, P_011719=20, P_012809=192, VYLQ=193, DHPO=193, GAP_80390=193, P2622=147, P2623=73, GAP_80394=193, XQWC=194, GAP_80393=193, GAP_80395=193, GAP_80397=191, P_012931=194, P_012811=193, P_012933=188, WPHN=192, P_012813=193, P_012935=191, P_012815=191, P_012937=195, P_012817=192, P_011607=23, P_012939=191, P_011609=130, P_012819=189, P2619=126, OSHQ=190, GAP_80389=192, P_012941=195, P_011611=182, P_012821=193, P_012823=192, P_011613=67, P_011735=191, P_012825=195, S27=157, P_012827=184, P_011739=168, P_012829=195, Dhai=186, P0104A=169, P_012831=193, P_011501=193, P_012833=192, GAP_81226=192, GAP_81227=193, P_011745=178, P_012835=192, S38=58, P_012837=193, P_012839=189, P_011509=192}
Number of gene trees: 195
195 trees have missing taxa
Calculating quartet distance matrix (for completion of X)
Species tree distances calculated ...
Will attempt to complete bipartitions from X before adding using a distance matrix.
Building set of clusters (X) from gene trees 
------------------------------
gradient0: 36513
Number of Clusters after addition by distance: 36513
calculating extra bipartitions to be added at level 1 ...
Adding to X using resolutions of greedy consensus ...
Limit for sigma of degrees:6150
polytomy size limit : 24
discarded polytomies:  [3, 3, 3, 3, 3, 3, 3, 3, 3, 3, 3, 3, 3, 3, 3, 3, 3, 3, 3, 3, 4, 4, 4, 4, 4, 4, 4, 4, 4, 4, 4, 4, 5, 5, 5, 5, 6, 6, 6, 6, 6, 7, 8, 9, 9, 9, 10, 10, 10, 11, 13, 14, 15, 16, 18, 24, 24]
Threshold 0.0:
polytomy of size 3; rounds with additions with at least 5 support: 0; clusters: 36515
Threshold 0.01:
polytomy of size 3; rounds with additions with at least 5 support: 0; clusters: 36515
polytomy of size 6; rounds with additions with at least 5 support: 2; clusters: 36601
Threshold 0.02:
polytomy of size 3; rounds with additions with at least 5 support: 0; clusters: 36601
polytomy of size 9; rounds with additions with at least 5 support: 1; clusters: 36953
polytomy of size 4; rounds with additions with at least 5 support: 2; clusters: 36965
Threshold 0.05:
polytomy of size 6; rounds with additions with at least 5 support: 0; clusters: 36967
polytomy of size 11; rounds with additions with at least 5 support: 0; clusters: 37005
polytomy of size 4; rounds with additions with at least 5 support: 0; clusters: 37005
polytomy of size 9; rounds with additions with at least 5 support: 1; clusters: 37025
polytomy of size 3; rounds with additions with at least 5 support: 0; clusters: 37025
Threshold 0.1:
polytomy of size 5; rounds with additions with at least 5 support: 0; clusters: 37025
polytomy of size 3; rounds with additions with at least 5 support: 0; clusters: 37025
polytomy of size 9; rounds with additions with at least 5 support: 0; clusters: 37027
polytomy of size 13; rounds with additions with at least 5 support: 0; clusters: 37059
polytomy of size 4; rounds with additions with at least 5 support: 0; clusters: 37059
polytomy of size 4; rounds with additions with at least 5 support: 0; clusters: 37059
polytomy of size 3; rounds with additions with at least 5 support: 0; clusters: 37059
polytomy of size 3; rounds with additions with at least 5 support: 0; clusters: 37059
polytomy of size 10; rounds with additions with at least 5 support: 1; clusters: 37063
polytomy of size 4; rounds with additions with at least 5 support: 0; clusters: 37063
Threshold 0.2:
polytomy of size 3; rounds with additions with at least 5 support: 0; clusters: 37063
polytomy of size 3; rounds with additions with at least 5 support: 0; clusters: 37063
polytomy of size 6; rounds with additions with at least 5 support: 0; clusters: 37065
polytomy of size 3; rounds with additions with at least 5 support: 0; clusters: 37065
polytomy of size 4; rounds with additions with at least 5 support: 0; clusters: 37065
polytomy of size 10; rounds with additions with at least 5 support: 0; clusters: 37065
polytomy of size 14; rounds with additions with at least 5 support: 0; clusters: 37101
polytomy of size 8; rounds with additions with at least 5 support: 0; clusters: 37101
polytomy of size 3; rounds with additions with at least 5 support: 0; clusters: 37101
polytomy of size 3; rounds with additions with at least 5 support: 0; clusters: 37101
polytomy of size 3; rounds with additions with at least 5 support: 0; clusters: 37101
polytomy of size 6; rounds with additions with at least 5 support: 0; clusters: 37101
polytomy of size 4; rounds with additions with at least 5 support: 0; clusters: 37101
polytomy of size 5; rounds with additions with at least 5 support: 0; clusters: 37101
polytomy of size 4; rounds with additions with at least 5 support: 0; clusters: 37101
polytomy of size 3; rounds with additions with at least 5 support: 0; clusters: 37101
polytomy of size 18; rounds with additions with at least 5 support: 0; clusters: 37115
Threshold 0.3333333333333333:
polytomy of size 5; rounds with additions with at least 5 support: 0; clusters: 37115
polytomy of size 16; rounds with additions with at least 5 support: 0; clusters: 37119
polytomy of size 24; rounds with additions with at least 5 support: 0; clusters: 37131
polytomy of size 4; rounds with additions with at least 5 support: 0; clusters: 37131
polytomy of size 4; rounds with additions with at least 5 support: 0; clusters: 37131
polytomy of size 3; rounds with additions with at least 5 support: 0; clusters: 37131
polytomy of size 3; rounds with additions with at least 5 support: 0; clusters: 37131
polytomy of size 3; rounds with additions with at least 5 support: 0; clusters: 37131
polytomy of size 5; rounds with additions with at least 5 support: 0; clusters: 37131
polytomy of size 7; rounds with additions with at least 5 support: 0; clusters: 37131
polytomy of size 4; rounds with additions with at least 5 support: 0; clusters: 37131
polytomy of size 6; rounds with additions with at least 5 support: 0; clusters: 37131
polytomy of size 3; rounds with additions with at least 5 support: 0; clusters: 37131
polytomy of size 4; rounds with additions with at least 5 support: 0; clusters: 37131
polytomy of size 3; rounds with additions with at least 5 support: 0; clusters: 37131
polytomy of size 3; rounds with additions with at least 5 support: 0; clusters: 37131
polytomy of size 15; rounds with additions with at least 5 support: 0; clusters: 37135
polytomy of size 10; rounds with additions with at least 5 support: 0; clusters: 37135
polytomy of size 24; rounds with additions with at least 5 support: 0; clusters: 37143
max k is :4
Number of Clusters after addition by greedy: 37143
gradient0 in heuristiic: 37143
partitions formed in 21.282 secs
Dynamic Programming starting after 21.282 secs
Using tree-based weight calculation.
Using polytree-based weight calculation.
Polytree max score: 15389167454
Polytree building time: 0.136 seconds.
Number of quartet trees in the gene trees: 15389167454
Size of largest cluster: 244
Greedy score: 13587701502
estimationFactor: 1.132580624599005
Sub-optimal score: 13857947853
Total Number of elements weighted: 99144
Normalized score (portion of input quartet trees satisfied before correcting for multiple individuals): 0.9524546310132054
Optimization score: 14657483809
Optimal tree inferred in 184.657 secs.
(SJEV,((P_019193,(P_019187,Wsal)),((P_016921,(GAP_81227,(WKSU,(Pcol,(P_006410,GAP_81226))))),(((P_025527,(P_025523,P_025525)),(((QDVW,Asie),(P_019189,(P_019197,PAWA))),(((P2589,OPDF),(P_019185,CSSK)),((P_019191,P_019199),(GAP_80417,(P2590,GAP_79804)))))),((P0203H,((P_016909,WZFE),(P0109B,(P_018831,OSHQ)))),(((WPHN,P_011613),(((P_011609,(Sdec,P2619)),(MAQO,(WAIL,(P_011527,(GAP_80298,(P_014077,(GAP_80297,P_014083))))))),((((GAP_79862,P_011587),(P_014081,(P0104A,P_008647))),((KRJP,(P_011549,GAP_80395)),(((GAP_80393,GAP_80394),(P_011657,(P_011643,(P_011651,P_011509)))),((P_011465,((P_011501,P_011523),(P_011487,P_011489))),((P_011551,P_011631),(P_011647,((P_007844,P_011637),(P_007783,(P_006414,P_007843))))))))),((P_011531,((P_011699,P_011589),(Schi,P_006411))),(VYLQ,((P_008631,P_018635),(P_011709,((P_008632,(P_011579,P_011671)),((P_011719,P_011607),(((P_011713,(Dhai,P_011705)),(P_006413,(WIGA,(Apet,Msal)))),((KAYP,(P_016813,((GAP_80390,GAP_80389),((P_008640,P_006412),(P_011679,P_008646))))),((BCGB,ABSS),(((P_011701,P_011673),(P_011537,(P_011739,P_011677))),(P_011759,((P_011735,P_011675),(P_014073,(P_011715,(P_011681,(P_011611,P_011745))))))))))))))))))),((((P_018639,P_018779),(P_018695,(P_018645,P_018783))),((P_016793,(P_016795,P_006422)),((P_016797,(P_007845,(P_016799,(GAP_80397,OBPL)))),(P_018691,(P_018693,(P_016791,((S04,(P_016789,(S27,S38))),((P_014095,S08),((S02,P_016787),(P_014099,S03)))))))))),(((P2622,P2623),(P0110C,(P0207A,((P0110B,P0207C),((P0206G,P0206H),(XQWC,P0207B)))))),((GAP_80322,DHPO),((P_012941,P_012795),((P_012861,((P_012855,(P_012827,P_007802)),((P_012919,P_012921),(P_018637,P_012813)))),(((P_012797,(P_012841,((P_012877,P_012913),(P_012811,(P_012891,P_012895))))),(((P_012883,P_012925),((P_012857,(P_012815,P_012903)),(P_012875,((P_012905,P_012831),(P_012901,(P_012851,P_012887)))))),(P_018689,((P_012859,(GAP_80294,P_006420)),(P_012885,((P_012873,P_012881),((P_012897,(GAP_80291,P_012907)),(((P_012893,GAP_80293),(P_012911,(P_012917,P_012821))),(P_012889,((P_006418,P_012863),(P_012793,(GAP_80292,P_006419)))))))))))),((P_012867,((P_012847,P_012923),(P_012817,P_012899))),(P_012843,(((P_012937,(P_012939,P_006421)),(P_012803,(P_012853,(P_012829,P_012837)))),(((P_012801,(P_012809,P_012879)),(P_012839,(P_012805,(P_012825,(YZRI,P_012799))))),(P_012909,((((P_012871,P_012849),(P_012807,P_012845)),(P_012865,(P_012931,(P_012933,P_012935)))),((P_012833,GAP_81172),((P_012927,(PSJT,GAP_80295)),((P_012791,P_012915),(P_012869,(P_012823,(P_012835,P_012819))))))))))))))))))))))));
Final quartet score is: 14657483809
Final normalized quartet score is: 0.9524546310132054
You may want to ignore posterior probabilities and other statistics related to the following branch branch because the effective number of genes impacting it is only 4:
	{P_011699, P_011589}
You may want to ignore posterior probabilities and other statistics related to the following branch branch because the effective number of genes impacting it is only 2:
	{P_011719, P_011607}
You may want to ignore posterior probabilities and other statistics related to the following branch branch because the effective number of genes impacting it is only 12:
	{P_025523, P_025525}
You may want to ignore posterior probabilities and other statistics related to the following branch branch because the effective number of genes impacting it is only 17:
	{P_025523, P_025525, P_025527}
Extended species tree:
(P0109B,((P_018831,OSHQ)90.91:1.8975833269577638,((P_016909,WZFE)95.27:2.544382335592221,(P0203H,((((WPHN,P_011613)63.39:0.5643933296289658,(((P_011609,(Sdec,P2619)83.8:1.2870375946811246)79.38:1.1300263990187056,(MAQO,(WAIL,(P_011527,(GAP_80298,(P_014077,(GAP_80297,P_014083)78.46:1.0951593196500522)32.75:0.0)36.66:0.047544046621829636)39.59:0.09435993961041901)84.2:1.4107595375224251)84.18:1.401397169680474)60.64:0.5129615440839292,((((GAP_79862,P_011587)80.87:1.2183630372376273,(P_014081,(P0104A,P_008647)94.68:2.40061088544089)83.36:1.3510543477136054)81.44:1.2505676678139575,((KRJP,(P_011549,GAP_80395)77.08:1.0486260261511158)86.1:1.5330856873789829,(((GAP_80393,GAP_80394)66.99:0.6899504180240997,(P_011657,(P_011643,(P_011651,P_011509)51.29:0.30721011845276114)38.96:0.08407113345674748)65.65:0.6503639465315986)36.51:0.04487620082978621,((P_011465,((P_011501,P_011523)33.83:0.0043748091418878456,(P_011487,P_011489)42.74:0.14745972493680629)61.79:0.5464794773530425)80.85:1.2208856383777962,((P_011551,P_011631)36.01:0.035532517388002144,(P_011647,((P_007844,P_011637)47.31:0.2279850980954654,(P_007783,(P_006414,P_007843)39.26:0.08877218206104895)60.92:0.5235874726506079)45.39:0.19329142112123407)36.36:0.04204481038148843)40.35:0.10617038820622857)65.99:0.6599603824288248)94.26:2.3615938129574245)88.61:1.71791825860069)36.74:0.0466794473042784,((P_011531,((P_011699,P_011589)37.39:0.0,(Schi,P_006411)60.95:0.5190282079976599)61.38:0.5294943496418696)91.8:2.0226173690752547,(VYLQ,((P_008631,P_018635)36.79:0.04905614846960482,(P_011709,((P_008632,(P_011579,P_011671)34.44:0.012919121213076437)86.6:1.5636100285827879,((P_011719,P_011607)51.92:0.01941808585710174,(((P_011713,(Dhai,P_011705)49.47:0.26492785004902913)48.21:0.24329764749905342,(P_006413,(WIGA,(Apet,Msal)48.22:0.24511142131103877)40.77:0.11257171293837903)34.31:0.010599297789594299)65.84:0.6518896133153007,((KAYP,(P_016813,((GAP_80390,GAP_80389)82.96:1.332454293083606,((P_008640,P_006412)77.76:1.0744585625291008,(P_011679,P_008646)45.33:0.19109529536756192)39.01:0.08326168144756835)39.85:0.09677592116948379)48.63:0.24582218796792737)42.64:0.13794819822624724,((BCGB,ABSS)68.54:0.73121457798989,(((P_011701,P_011673)57.65:0.3857576824710217,(P_011537,(P_011739,P_011677)65.55:0.6402691232828206)45.39:0.19069720648488908)38.36:0.07282171518265827,(P_011759,((P_011735,P_011675)76.68:1.0287630972137443,(P_014073,(P_011715,(P_011681,(P_011611,P_011745)40.05:0.1003757612611234)46.94:0.22034108192873608)47.63:0.20532529610686992)52.06:0.28677287137985413)38.44:0.07480320550738988)42.05:0.13434572577802295)76.32:1.0084021878138643)42.26:0.1359864889884448)46.25:0.20575386466958326)41.44:0.10233916717113559)79.67:1.0757862150521191)43.27:0.10807389060154748)77.6:0.8998957943261346)65.19:0.6369244871900315)51.79:0.3162017992827178)87.38:1.6107795912485274)73.57:0.8995476454482082)72.55:0.8672487660929556)94.5:2.3903725895748735,((((P_018639,P_018779)54.8:0.38016224919864894,(P_018695,(P_018645,P_018783)41.15:0.12046881474454955)52.25:0.3268196478140512)52.94:0.3407080746439307,((P_016793,(P_016795,P_006422)55.01:0.3849889555462248)58.16:0.4551955991864821,((P_016797,(P_007845,(P_016799,(GAP_80397,OBPL)43.09:0.15404912555917036)46.19:0.18886173009521073)62.03:0.5176337939716514)74.94:0.9602644827798392,(P_018691,(P_018693,(P_016791,((S04,(P_016789,(S27,S38)45.12:0.1765699786066854)56.05:0.3897587306588259)64.96:0.603581890123474,((P_014095,S08)73.07:0.8652832171763751,((S02,P_016787)86.27:1.5366322297297748,(P_014099,S03)84.45:1.4243258024579182)41.91:0.12984189165445245)33.14:0.0)33.36:0.0)48.1:0.24304857758714363)40.65:0.11022578001118766)39.6:0.09304637141267977)35.26:0.024753276934064088)43.79:0.1644565998261839)96.26:2.7511746113820226,(((P2622,P2623)52.75:0.32741719299388794,(P0110C,(P0207A,((P0110B,P0207C)39.07:0.08518226616806851,((P0206G,P0206H)50.02:0.28208712096088895,(XQWC,P0207B)56.42:0.4176799154185998)39.16:0.08768994994449628)37.23:0.05682817000639495)81.46:1.254879628231331)92.26:2.073909626321738)61.16:0.5281801768629947,((GAP_80322,DHPO)98.93:3.7345493226060107,((P_012941,P_012795)96.22:2.746048756711032,((P_012861,((P_012855,(P_012827,P_007802)79.13:1.1382958200792073)68.17:0.7269275173190154,((P_012919,P_012921)87.74:1.654468572286814,(P_018637,P_012813)61.27:0.5345568861878293)81.9:1.2796075501544166)91.11:1.9570570507441443)41.96:0.1332210827337471,(((P_012797,(P_012841,((P_012877,P_012913)72.58:0.8733649027020445,(P_012811,(P_012891,P_012895)46.09:0.20767190128654311)73.82:0.9192575264526037)81.82:1.2721960224676057)50.92:0.2995115067068049)36.9:0.05053111637724332,(((P_012883,P_012925)92.26:2.084949740858739,((P_012857,(P_012815,P_012903)73.69:0.9105267828256659)36.07:0.03677186229888559,(P_012875,((P_012905,P_012831)53.62:0.3553931999694157,(P_012901,(P_012851,P_012887)88.14:1.6846546740285455)38.02:0.06850911389777618)48.66:0.25446088397837874)63.94:0.6001613803798707)37.3:0.0558140391534691)54.94:0.37989084934378026,(P_018689,((P_012859,(GAP_80294,P_006420)81.43:1.2467699379503352)38.93:0.08113898178204985,(P_012885,((P_012873,P_012881)74.22:0.9262488487888982,((P_012897,(GAP_80291,P_012907)38.4:0.07248264614826849)34.46:0.010878816847491313,(((P_012893,GAP_80293)88.87:1.7379160362757131,(P_012911,(P_012917,P_012821)81.04:1.2314878667772164)73.83:0.9117431496949567)36.57:0.04319177714959945,(P_012889,((P_006418,P_012863)39.21:0.08557109243702113,(P_012793,(GAP_80292,P_006419)92.99:2.1794622140221835)40.85:0.11230707278123633)35.14:0.021374318994135978)39.96:0.0969121994223036)36.85:0.04754693207436019)37.99:0.06533909940238405)37.2:0.0531253610255369)35.46:0.026782093814708186)78.21:1.0876271810053377)72.3:0.8549118675934508)90.31:1.862631423203813)91.22:1.9567462691818627,((P_012867,((P_012847,P_012923)95.07:2.505024706748067,(P_012817,P_012899)82.38:1.3062800511280106)64.89:0.6314583668541901)96.52:2.8118275313142385,(P_012843,(((P_012937,(P_012939,P_006421)79.36:1.152331588338418)97.18:2.994457126832928,(P_012803,(P_012853,(P_012829,P_012837)65.25:0.640078525129814)37.05:0.0533388087151942)41.38:0.12392224703709492)42.1:0.13569122217607926,(((P_012801,(P_012809,P_012879)97.3:3.0318034088633516)59.47:0.48846757437064214,(P_012839,(P_012805,(P_012825,(YZRI,P_012799)88.07:1.6810727033889203)40.96:0.11745585979536678)37.77:0.06520623396356752)62.54:0.5661655496063817)79.29:1.1439485286772004,(P_012909,((((P_012871,P_012849)76:1.0039125144424204,(P_012807,P_012845)57.86:0.4506602762978588)54.32:0.37108795302326764,(P_012865,(P_012931,(P_012933,P_012935)90.24:1.872960012232518)83.68:1.379577394674118)52.26:0.3275799040736453)90.59:1.9019408987336943,((P_012833,GAP_81172)87.62:1.6461011376535972,((P_012927,(PSJT,GAP_80295)50.57:0.2933622766960211)88.66:1.7295558591047715,((P_012791,P_012915)41.34:0.12400835037066306,(P_012869,(P_012823,(P_012835,P_012819)37.92:0.0680216493982518)63.05:0.5809520015537276)89.52:1.8048438383399705)78.2:1.098029798044555)38.71:0.08040797049052399)87.57:1.6384601347580952)33.8:0.0037946334110231664)86.31:1.5430388979402279)93.21:2.195459553377465)32.99:0.0)74.53:0.9417985294834104)84.22:1.4007910432029125)49.42:0.26847871022627895)86.93:1.589749344206369)98.21:3.3466013451129237)74.52:0.9440435334189967)73.23:0.896191968809661)95.28:2.529264816063585)75.27:0.9719119537781925,(((P_025527,(P_025523,P_025525)75:0.7731898882334817)77.46:0.8741498424017563,(((QDVW,Asie)98.31:3.39254363315588,(P_019189,(P_019197,PAWA)68.91:0.7493732229092578)41.06:0.1191765436113784)48.85:0.2594654988436221,(((P2589,OPDF)86.21:1.5383346142826426,(P_019185,CSSK)48.17:0.24649500215455653)80.82:1.2216345711111969,((P_019191,P_019199)69.79:0.7440302403415997,(GAP_80417,(P2590,GAP_79804)88.98:1.7234967760223012)66.22:0.6533983293184791)79.52:1.1407086044651347)91.8:2.0328533609354364)39.47:0.0866118825095135)74.37:0.9121522801638501,((P_016921,(GAP_81227,(WKSU,(Pcol,(P_006410,GAP_81226)75.45:0.9803152439467889)57.32:0.43781262858384)55.38:0.3948982855907864)63.27:0.5867242253231508)97.85:3.218651076686956,((P_019193,(P_019187,Wsal)62.33:0.5607927567901332)61.3:0.5345296045090082,SJEV)93.79:2.294622077301761)92.54:2.1227922065598945)52.78:0.3375801402611658)94.77:2.419973697148025)75.52:0.9800593889148496)82.27:1.2809470527651439));
Weight calculation took 156.205922466 secs
ASTRAL finished in 187.666 secs
