
================== ASTRAL ===================== 

This is ASTRAL version 5.7.7
Gene trees are treated as unrooted
172 trees read from all_bs10.trees
index130
All output trees will be *arbitrarily* rooted at P0109B

======== Running the main analysis
Number of taxa: 244 (244 species)
Taxa: [BCGB, WIGA, P_019193, Wsal, P_019187, SJEV, WKSU, Asie, QDVW, PAWA, P2590, GAP_79804, P_019185, P2589, OPDF, CSSK, WZFE, DHPO, YZRI, P_012795, P_012941, P_012867, P_012923, P_012847, P_012817, P_012899, P_012853, P_012829, P_012837, P_012803, P_012909, P_012871, P_012849, P_012865, P_012931, P_012933, P_012935, P_012807, P_012845, P_012915, P_012819, P_012835, P_012823, P_012869, P_012791, GAP_80295, P_012927, PSJT, GAP_81172, P_012833, P_012805, P_012799, P_012825, P_012801, P_012809, P_012879, P_012839, P_012937, P_006421, P_012939, P_012843, P_012797, P_012841, P_012877, P_012913, P_012851, P_012887, P_012901, P_012875, P_012831, P_012905, P_012857, P_012815, P_012903, P_012925, P_012883, P_012811, P_012891, P_012895, P_012885, P_012859, GAP_80292, P_006419, P_012873, P_012881, P_012893, GAP_80293, GAP_80291, P_012907, P_012863, P_012911, P_012821, P_012917, P_012793, P_006418, P_012889, P_012897, GAP_80294, P_006420, P_018689, P_012861, P_012855, P_012827, P_007802, P_012919, P_012921, P_012813, P_018637, P_019189, P2623, XQWC, P0207B, P0207A, P_018779, P0110C, P0207C, P0110B, P0206G, P0206H, GAP_80322, GAP_81227, Pcol, GAP_81226, P_006410, P_016921, P_016909, P_018831, Sdec, P_007845, P_011579, P0109B, P0203H, GAP_80417, P_025523, P_011701, P2622, S02, S04, P_011675, P_011759, P_011681, P_011537, Schi, P_007844, P_011587, P_014081, P_008647, P0104A, P_006411, P_011531, P_018635, P_006413, P_016813, P_011745, P_011735, P_011715, GAP_80389, GAP_80390, P_011673, P_008646, P_011739, s11677, P_008640, P_006412, s11679, P_011705, P_011713, P_011671, P_008632, P_011609, P_011527, GAP_80298, GAP_80297, P_014083, P_014077, GAP_79862, P_011647, P_007783, P_006414, P_007843, s11657, GAP_80393, GAP_80394, P_011643, P_011501, P_011489, P_011487, P_011523, P_011651, P_011509, P_011465, P_011637, GAP_80395, P_011549, P2619, P_011551, P_011699, P_018691, P_018695, P_018645, P_018783, P_016793, P_016799, GAP_80397, P_016797, P_016795, P_006422, P_016787, S03, P_014099, P_018693, P_016791, S27, P_016789, P_018639, P_019197, OBPL, VYLQ, P_011613, WPHN, MAQO, WAIL, KRJP, Apet, Dhai, ABSS, S08, P_014095, P_011631, S38, OSHQ, P_025525, P_019191, P_008631, KAYP, Msal, P_011719, P_025527, P_014073, P_011709, P_019199, P_011611, P_011607, P_011589]
Taxon occupancy: {P_019193=153, P_019191=82, P_019197=161, OPDF=167, GAP_81172=171, P_018783=169, P_019199=74, Wsal=153, P_016921=169, WKSU=172, P_025523=37, P_025525=56, P_025527=23, P_014073=37, P0203H=121, P_014077=113, QDVW=169, P_011487=169, P_011489=170, P_016813=154, P_006421=171, P_006422=168, P_006420=144, P_006418=171, P_006419=172, P_014081=132, P_006414=169, P_014083=137, P_018689=172, P0206H=165, P0206G=156, Msal=149, P0109B=89, P_012901=170, P_006410=166, P_006411=167, P_012903=170, P_006412=168, P_006413=164, P_012905=171, PAWA=167, P_012907=172, GAP_79862=165, ABSS=171, P_012909=170, P_018691=83, GAP_80291=172, P_018695=166, P_014095=85, GAP_80293=171, GAP_80292=172, P_018693=166, GAP_80295=169, GAP_80294=171, P_014099=166, GAP_80297=169, GAP_80298=167, P_012911=171, P_011701=45, P_012913=150, P_012915=167, P_011705=102, P_012917=168, P_012919=170, P_011709=36, P_012881=172, P_011671=99, P_011551=125, P_012883=172, P_011673=146, MAQO=170, P_012885=171, GAP_80322=170, P_011675=161, P2590=150, P_012887=172, P_012889=170, P_008647=161, PSJT=167, P2589=150, P_012891=171, P_011681=136, P_012893=171, P_018637=171, P_012895=172, P_018635=160, P_012897=171, P0207C=168, P_012899=170, P0207B=167, P0207A=169, P_018639=164, P_008646=169, P_008640=168, BCGB=170, WZFE=168, P_018645=166, KRJP=169, KAYP=106, P_011699=106, P_011579=140, CSSK=165, P_008632=166, P_016909=169, P_007783=165, P_008631=33, P_019187=166, P_019185=161, Sdec=48, P_019189=150, P_012791=170, P_012793=170, Asie=133, P_012795=170, P_018779=152, P_011465=170, P_012797=171, P_011587=142, P_012799=171, P_011589=3, GAP_80417=107, WIGA=168, GAP_79804=137, P_007802=151, P_012841=170, P_011631=146, P_012843=170, Pcol=147, P_012845=169, P_012847=167, P_011637=169, P_011759=161, P_012849=170, Apet=81, OBPL=170, P0110C=161, P0110B=128, P_018831=167, YZRI=169, P_012851=171, P_012853=168, P_011643=172, P_011523=170, P_012855=170, P_012857=169, P_011647=161, P_011527=110, P_012859=171, WAIL=170, P_016789=164, P_012861=171, P_011651=158, P_011531=149, P_016787=167, P_012863=171, P_012865=170, Schi=144, P_012867=170, P_011537=138, P_012869=171, P_016793=164, P_016791=168, P_016797=170, SJEV=169, P_016795=165, P_012871=167, P_012873=170, P_016799=168, P_012875=171, P_012877=169, P_012879=172, P_011549=164, P_007844=130, P_007845=41, S02=139, P_012921=166, S04=56, P_012801=170, S03=162, P_012923=171, P_011713=131, P_012803=169, P_012925=170, P_011715=152, S08=120, P_012805=170, P_007843=159, P_012927=171, P_012807=167, P_011719=32, P_012809=170, VYLQ=170, DHPO=172, s11657=153, GAP_80390=151, P2622=131, P2623=64, XQWC=171, GAP_80394=170, GAP_80393=171, GAP_80395=170, GAP_80397=169, P_012931=171, P_012811=171, P_012933=167, WPHN=170, P_012813=170, P_012935=168, P_012815=170, P_012937=171, P_012817=169, P_011607=7, P_012939=169, P_012819=167, P_011609=119, P2619=119, OSHQ=168, GAP_80389=162, P_012941=172, P_012821=170, P_011611=24, P_012823=170, P_011613=79, P_011735=168, P_012825=172, S27=140, P_012827=161, P_011739=153, P_012829=124, s11679=138, s11677=136, Dhai=164, P0104A=151, P_012831=166, P_011501=170, P_012833=169, GAP_81226=170, GAP_81227=170, P_011745=155, P_012835=170, S38=57, P_012837=170, P_012839=168, P_011509=169}
Number of gene trees: 172
172 trees have missing taxa
Calculating quartet distance matrix (for completion of X)
Species tree distances calculated ...
Will attempt to complete bipartitions from X before adding using a distance matrix.
Building set of clusters (X) from gene trees 
------------------------------
gradient0: 28377
Number of Clusters after addition by distance: 28377
calculating extra bipartitions to be added at level 1 ...
Adding to X using resolutions of greedy consensus ...
Limit for sigma of degrees:6150
polytomy size limit : 35
discarded polytomies:  [3, 3, 3, 3, 3, 3, 3, 3, 3, 3, 3, 3, 3, 3, 3, 3, 3, 3, 4, 4, 4, 4, 4, 4, 4, 4, 4, 4, 4, 4, 5, 5, 5, 5, 5, 6, 6, 6, 6, 8, 8, 8, 8, 10, 10, 11, 13, 14, 14, 15, 28, 35]
Threshold 0.0:
Threshold 0.01:
polytomy of size 5; rounds with additions with at least 5 support: 1; clusters: 28401
Threshold 0.02:
polytomy of size 6; rounds with additions with at least 5 support: 1; clusters: 28453
polytomy of size 3; rounds with additions with at least 5 support: 0; clusters: 28455
polytomy of size 3; rounds with additions with at least 5 support: 0; clusters: 28457
Threshold 0.05:
polytomy of size 4; rounds with additions with at least 5 support: 0; clusters: 28459
polytomy of size 4; rounds with additions with at least 5 support: 0; clusters: 28459
polytomy of size 8; rounds with additions with at least 5 support: 1; clusters: 28481
polytomy of size 3; rounds with additions with at least 5 support: 0; clusters: 28481
polytomy of size 5; rounds with additions with at least 5 support: 1; clusters: 28485
polytomy of size 4; rounds with additions with at least 5 support: 0; clusters: 28485
Threshold 0.1:
polytomy of size 5; rounds with additions with at least 5 support: 0; clusters: 28485
polytomy of size 8; rounds with additions with at least 5 support: 0; clusters: 28491
polytomy of size 13; rounds with additions with at least 5 support: 0; clusters: 28515
polytomy of size 3; rounds with additions with at least 5 support: 0; clusters: 28515
polytomy of size 3; rounds with additions with at least 5 support: 0; clusters: 28515
polytomy of size 3; rounds with additions with at least 5 support: 0; clusters: 28515
polytomy of size 8; rounds with additions with at least 5 support: 1; clusters: 28525
polytomy of size 10; rounds with additions with at least 5 support: 1; clusters: 28563
Threshold 0.2:
polytomy of size 3; rounds with additions with at least 5 support: 0; clusters: 28563
polytomy of size 8; rounds with additions with at least 5 support: 0; clusters: 28563
polytomy of size 3; rounds with additions with at least 5 support: 0; clusters: 28563
polytomy of size 10; rounds with additions with at least 5 support: 0; clusters: 28571
polytomy of size 14; rounds with additions with at least 5 support: 0; clusters: 28581
polytomy of size 4; rounds with additions with at least 5 support: 0; clusters: 28581
polytomy of size 3; rounds with additions with at least 5 support: 0; clusters: 28581
polytomy of size 4; rounds with additions with at least 5 support: 0; clusters: 28581
polytomy of size 5; rounds with additions with at least 5 support: 0; clusters: 28581
polytomy of size 5; rounds with additions with at least 5 support: 0; clusters: 28581
polytomy of size 3; rounds with additions with at least 5 support: 0; clusters: 28581
polytomy of size 28; rounds with additions with at least 5 support: 0; clusters: 28615
Threshold 0.3333333333333333:
polytomy of size 4; rounds with additions with at least 5 support: 0; clusters: 28615
polytomy of size 3; rounds with additions with at least 5 support: 0; clusters: 28615
polytomy of size 3; rounds with additions with at least 5 support: 0; clusters: 28615
polytomy of size 4; rounds with additions with at least 5 support: 0; clusters: 28615
polytomy of size 3; rounds with additions with at least 5 support: 0; clusters: 28615
polytomy of size 11; rounds with additions with at least 5 support: 0; clusters: 28615
polytomy of size 3; rounds with additions with at least 5 support: 0; clusters: 28615
polytomy of size 4; rounds with additions with at least 5 support: 0; clusters: 28615
polytomy of size 6; rounds with additions with at least 5 support: 0; clusters: 28615
polytomy of size 3; rounds with additions with at least 5 support: 0; clusters: 28615
polytomy of size 15; rounds with additions with at least 5 support: 0; clusters: 28627
polytomy of size 14; rounds with additions with at least 5 support: 0; clusters: 28627
polytomy of size 4; rounds with additions with at least 5 support: 0; clusters: 28627
polytomy of size 4; rounds with additions with at least 5 support: 0; clusters: 28627
polytomy of size 3; rounds with additions with at least 5 support: 0; clusters: 28627
polytomy of size 3; rounds with additions with at least 5 support: 0; clusters: 28627
polytomy of size 3; rounds with additions with at least 5 support: 0; clusters: 28627
polytomy of size 4; rounds with additions with at least 5 support: 0; clusters: 28627
polytomy of size 6; rounds with additions with at least 5 support: 0; clusters: 28627
polytomy of size 4; rounds with additions with at least 5 support: 0; clusters: 28627
polytomy of size 6; rounds with additions with at least 5 support: 0; clusters: 28627
polytomy of size 35; rounds with additions with at least 5 support: 0; clusters: 28657
max k is :2
Number of Clusters after addition by greedy: 28657
gradient0 in heuristiic: 28657
partitions formed in 22.671 secs
Dynamic Programming starting after 22.672 secs
Using tree-based weight calculation.
Using polytree-based weight calculation.
Polytree max score: 13448807712
Polytree building time: 0.179 seconds.
Number of quartet trees in the gene trees: 13448807712
Size of largest cluster: 244
Greedy score: 12351323291
estimationFactor: 1.0888556145072894
Sub-optimal score: 12553818169
Total Number of elements weighted: 74326
Normalized score (portion of input quartet trees satisfied before correcting for multiple individuals): 0.9488644312025984
Optimization score: 12761095280
Optimal tree inferred in 185.834 secs.
(P_011701,((((P_011739,s11677),(P_011607,(P_011537,P_011673))),(P_011681,(P_011759,((P_011675,P_011735),(P_011715,(P_011745,P_011611)))))),((P_014073,P_011589),((P_006413,(P_016813,((GAP_80389,GAP_80390),((P_008646,s11679),(P_008640,P_006412))))),((P_011705,P_011713),((KAYP,((BCGB,ABSS),(WIGA,(Dhai,(Apet,Msal))))),((P_011579,(P_011671,P_008632)),((P_011719,P_011709),((P_018635,P_008631),(VYLQ,((P_011531,(P_011699,(Schi,P_006411))),(((KRJP,(GAP_80395,P_011549)),(((GAP_80393,GAP_80394),(s11657,(P_011643,(P_011651,P_011509)))),(P_011631,((P_011647,(P_011465,(P_011523,(P_011501,(P_011489,P_011487))))),(P_011551,(P_007844,(P_011637,(P_007843,(P_007783,P_006414))))))))),(((P_011587,GAP_79862),(P_014081,(P_008647,P0104A))),(((P_011609,(Sdec,P2619)),(MAQO,(WAIL,(P_011527,(P_014077,(GAP_80298,(GAP_80297,P_014083))))))),(P_011613,(WPHN,(((P0203H,((WZFE,P_016909),(P0109B,(P_018831,OSHQ)))),(((SJEV,(P_019193,(Wsal,P_019187))),(WKSU,(P_016921,(GAP_81227,(Pcol,(GAP_81226,P_006410)))))),((P_025527,(P_025523,P_025525)),(((Asie,QDVW),(P_019189,(PAWA,P_019197))),((CSSK,(P_019185,(P2589,OPDF))),((P_019191,P_019199),(GAP_80417,(P2590,GAP_79804)))))))),((P_007845,(((P_018779,P_018639),(P_018695,(P_018645,P_018783))),(P_018691,((P_016793,(P_016795,P_006422)),((P_016797,(OBPL,(P_016799,GAP_80397))),(P_018693,((S08,P_014095),((S04,(S38,(S27,P_016789))),(P_016791,((S02,P_016787),(S03,P_014099))))))))))),((P2623,(P2622,(P0110C,(XQWC,(P0207A,((P0207C,P0110B),(P0207B,(P0206G,P0206H)))))))),((DHPO,GAP_80322),((P_012795,P_012941),((P_012861,((P_012855,(P_012827,P_007802)),((P_012813,P_018637),(P_012919,P_012921)))),((P_012797,((P_012841,((P_012877,P_012913),(P_012811,(P_012891,P_012895)))),((((P_012925,P_012883),(P_012857,(P_012815,P_012903))),(P_012875,((P_012831,P_012905),(P_012901,(P_012851,P_012887))))),(P_018689,((P_012885,(GAP_80294,P_006420)),(P_012859,(((GAP_80291,P_012907),(P_012873,P_012881)),((P_012897,(P_012893,GAP_80293)),((P_012793,(GAP_80292,P_006419)),((P_006418,P_012889),(P_012863,(P_012911,(P_012821,P_012917))))))))))))),((P_012867,((P_012923,P_012847),(P_012817,P_012899))),(P_012843,(((P_012937,(P_006421,P_012939)),((P_012853,P_012803),(P_012829,P_012837))),(((P_012801,(P_012809,P_012879)),((P_012805,P_012839),(P_012825,(YZRI,P_012799)))),((P_012909,(((P_012807,P_012845),(P_012871,P_012849)),(P_012865,(P_012931,(P_012933,P_012935))))),((PSJT,(GAP_80295,P_012927)),((GAP_81172,P_012833),((P_012915,P_012791),(P_012869,(P_012835,(P_012819,P_012823))))))))))))))))))))))))))))))))));
Final quartet score is: 12761095280
Final normalized quartet score is: 0.9488644312025984
You may want to ignore posterior probabilities and other statistics related to the following branch branch because the effective number of genes impacting it is only 13:
	{P_025523, P_025525}
You may want to ignore posterior probabilities and other statistics related to the following branch branch because the effective number of genes impacting it is only 18:
	{P_025523, P_025525, P_025527}
You may want to ignore posterior probabilities and other statistics related to the following branch branch because the effective number of genes impacting it is only 8:
	{P_011719, P_011709}
You may want to ignore posterior probabilities and other statistics related to the following branch branch because the effective number of genes impacting it is only 1:
	{P_014073, P_011589}
You may want to ignore posterior probabilities and other statistics related to the following branch branch because the effective number of genes impacting it is only 6:
	{P_011537, P_011673}
You may want to ignore posterior probabilities and other statistics related to the following branch branch because the effective number of genes impacting it is only 7:
	{P_011537, P_011673, P_011607}
You may want to ignore posterior probabilities and other statistics related to the following branch branch because the effective number of genes impacting it is only 14:
	{P_011701, P_011675, P_011759, P_011681, P_011537, P_011745, P_011735, P_011715, P_011673, P_011739, s11677, P_011611, P_011607}
50.043245263123346 31.96216631860022 1.0583538013649676 83.06376538308854 2.375532379706305E-10
127.18167837701337 11.216544761788262 21.822599435337388 160.22082257413902 3.776064532703085E-34
101.98463178510686 16.01074755358328 26.004620661309886 144.0 9.949495180548388E-21
107.58978443650658 21.65828283597409 20.051019485510196 149.2990867579909 1.2907438727374164E-22
139.4797978325214 10.431923608945946 6.184235353806293 156.09595679527362 1.2339209179105219E-48
112.00443007836415 19.001257080433408 14.998858295747894 146.00454545454545 1.3082306590969934E-27
101.43143715844231 25.045675106155837 18.03514834616788 144.51226061076602 5.1054288467311746E-20
101.65202280114688 28.858142871873618 30.87949938306854 161.38966505608906 1.3355389270149181E-14
78.30870713614554 74.37481153658267 10.93719289353262 163.62071156626084 4.1195083034157154E-12
141.9628095373742 11.778320610247958 6.787853525435981 160.52898367305815 2.10824688132231E-48
140.3217126114707 3.585446382181567 5.9226644290878 149.82982342274008 5.202593686582002E-54
9.001066745955363 1.9946597497711323 2.0042735042735043 13.0 0.023029955363109655
Not enough genes
Cannot perform polytomy test with effective N (after polytomies) 13.0:
	(P_025523,P_025525):0.6243676810262425;
8.302167136363465 3.616111969214791 3.1345158195809057 15.052794925159162 0.1970812536913269
128.56068436664884 0.5077519379844961 2.4734356165488998 131.54187192118223 4.793383485546544E-54
73.5304211751225 33.35931431750128 20.12310378820468 127.01283928082844 1.1616761317417382E-8
54.04934571298015 48.85774646998012 30.486857129579494 133.39394931253977 0.031839195118414564
68.4373125555751 42.70000073456019 37.738548142994254 148.87586143312956 0.004200815072438449
82.01982871633334 5.04163717584401 54.93816388511947 141.99962977729683 1.0225481870002621E-14
58.95016257807283 43.629504453326675 50.96853991144036 153.54820694283987 0.31753565699022335
119.6249111503778 23.112149684574753 5.433353251960632 148.17041408691318 6.039871532619691E-34
29.94592509768179 8.71013752986249 14.221993804790285 52.87805643233457 0.0010186684316030319
88.99545454545455 4.0 1.0045454545454546 94.0 2.5422023871367996E-35
53.10539232183887 8.129938320359141 11.549250552704125 72.78458119490213 6.00014826798462E-12
53.56816555604467 38.28109501431582 2.288899162451817 94.1381597328123 2.5538277207275263E-10
127.86851520028328 4.985117459384841 16.099539436637553 148.95317209630568 3.9333372901387555E-41
27.260868514085445 8.458165263726865 19.56693814742337 55.285971925235685 0.00783764910880804
30.63293943957605 13.126547333451256 2.7344253434148054 46.49391211644211 2.6860088629436146E-6
58.92523742284625 43.191404520742566 19.47704086754983 121.59368281113865 5.9503682146902274E-5
74.43092797345037 42.726746432307664 22.820845270422218 139.97851967618024 4.943177305540553E-7
71.42951004719627 33.94513497264688 49.743852392008286 155.11849741185145 0.0010600631194245705
88.7064275384685 33.48686899558466 27.49057984855095 149.68387638260413 1.2246242784404527E-10
77.46368994106237 58.494518792198264 11.98498390204139 147.943192635302 1.008855080221915E-10
92.35562092640289 21.63200597243076 24.874442615011432 138.86206951384509 1.0989289997236812E-15
89.13633271315187 18.651403714971412 20.706292985851892 128.49402941397517 4.826092053394919E-17
94.01505042656541 49.349045282006934 19.217232479753488 162.5813281883258 4.469858462794066E-12
96.24027600842555 62.33357544808349 4.120276146236128 162.69412760274517 4.132245686883451E-18
120.84012586423623 4.5498540404531855 31.043580492910674 156.43356039760008 1.1500252964739477E-31
43.56290147208506 5.017119657866044 16.015540157260354 64.59556128721147 1.1160857132945638E-8
25.8559282948578 7.070348720847681 15.099957963661508 48.02623497936699 0.0038885779182771473
9.50461067899459 8.450443939682692 6.597274304512648 24.55232892318993 0.7674344728844615
28.757323132325485 11.561922032350457 5.740869295019928 46.06011445969587 8.887465017947138E-5
123.4898066013231 4.590967230863235 6.487965124161297 134.56873895634763 1.236225271875338E-45
144.11841485842177 6.012024834918001 5.458679840563007 155.5891195339028 3.519629888401902E-54
46.925803119936255 39.67378324036432 39.057139817765474 125.65672617806605 0.6330854737640144
47.54036270969733 33.318109644224236 42.995518626911924 123.85399098083349 0.27858320931589814
45.6877342839862 30.81841059607019 25.100378179525585 101.60652305958197 0.035629240003184036
49.65845928352014 32.16223405750277 14.580817166639688 96.4015105076626 6.959612050132431E-5
58.712873475883754 27.814698322110832 28.68758575487095 115.21515755286553 3.163264068397908E-4
36.45555859094754 44.978834575916544 34.44132612764637 115.87571929451045 0.4448124121637793
21.765513822338757 20.077021139294587 18.64061872700407 60.483153688637415 0.8857241407624983
31.452973506487062 15.866913054038307 17.498338822964037 64.8182253834894 0.033488096968232114
14.662764801763544 9.621834657084538 4.9541368355031805 29.238736294351263 0.08901236374882626
30.716774343959404 4.73916116824189 0.25391580395581614 35.709851316157106 1.352392940214174E-10
45.92306883959611 36.7692104739618 42.96652020348708 125.658799517045 0.5939157335301822
77.90067093023846 44.95783850335649 28.099270509094385 150.95777994268934 2.900421319670925E-6
70.89569967504826 54.31952627033397 34.75180567237289 159.9670316177551 0.002157274657838681
63.42728465766318 51.284697072239794 48.11068707556334 162.82266880546632 0.29995688513283475
92.85089310845218 46.91823584407662 25.83695737188027 165.60608632440906 5.784632838130624E-10
91.51438119163176 62.44787852682467 3.076699655421333 157.03895937387776 1.3891163227831436E-17
115.15484281498127 3.944923259407333 8.735531063600451 127.83529713798904 5.193001866490745E-41
27.30938714050975 6.794625563585208 26.53988114779496 60.64389385188991 0.001244232344850951
22.992009343573695 19.144204636763067 13.546419901921917 55.68263388225868 0.296573754696988
146.43197250208829 11.255622288133214 3.5452790605869726 161.2328738508085 6.509306228933225E-53
167.00038636144114 0.9318181818181818 1.0681818181818181 169.00038636144114 1.5369783872787343E-71
132.97798142746936 7.989409956515219 6.022852518454439 146.99024390243903 1.2748813318778802E-47
129.6817700967212 11.181126074108803 20.470066503513177 161.3329626743432 8.509417879060668E-36
115.00952380952381 21.49047619047619 31.5 168.0 3.5659114483331714E-21
155.51051174491667 3.4953071083505867 6.610075186467863 165.6158940397351 4.154007540992649E-60
154.6222608222843 7.075799132062628 7.027573272871213 168.72563322721814 8.840759345225913E-57
162.68896381213307 4.285978739252876 2.212364492543495 169.18730704392942 5.461299484671992E-66
73.20246848141146 23.6929324522176 54.22323160212857 151.11863253575763 4.176737496377769E-6
129.66697768542377 9.674591711182947 9.716417910447761 149.0579873070545 1.1592732040463192E-42
88.17232416810671 31.015610316945196 45.08314757769146 164.27108206274337 9.239447967405174E-8
152.75009687397375 5.544865411373714 5.54033369011773 163.8352959754652 3.60623995840147E-58
148.20801435914908 7.063298420131662 8.914289236231905 164.18560201551264 9.680532512958403E-53
88.4089132564775 36.39372638894061 31.26479913858848 156.06743878400658 4.5237593667832935E-9
163.29511103769553 2.2821204158740422 1.9480325180338045 167.52526397160338 4.482352154073693E-68
131.73780172873316 19.152659381304453 11.258136587243703 162.14859769728133 3.184406270110718E-37
49.73507691006765 39.72637546084022 46.77581580917083 136.2372681800787 0.5586858539634834
48.552846272599176 46.61145958000007 40.566097632424864 135.7304034850241 0.6814763011987239
91.9180815546291 31.732889136863953 31.67010005881196 155.321070750305 7.264401815605315E-11
158.99040518591818 4.9903079814142455 3.020375631169651 167.00108879850208 3.35959561007901E-63
56.302904028701164 46.10118558549674 49.41801584963522 151.8221054638331 0.5856144094764805
70.59478511433258 41.41747935858739 39.849366661795415 151.8616311347154 0.002676257529948673
105.52723598556406 16.49815821002141 19.33609436867606 141.36148856426155 2.514625742478613E-24
91.34130211571953 22.469043947390613 25.127588527052808 138.93793459016297 5.287909101854847E-15
108.37448583156986 3.3260024782699156 19.628527025835556 131.32901533567534 1.958532556613796E-32
42.29077078692992 30.176992323235048 40.823381417930904 113.29114452809587 0.314307688134224
45.01582525975396 25.066397143530704 38.878048512702534 108.9602709159872 0.0564440692959984
114.61496155432654 10.662794130936565 16.10510386193942 141.38285954720251 2.839319462330437E-32
38.221550778639255 28.411666874019275 36.46811162961478 103.10132928227331 0.45096066971192483
150.79314213866388 3.1556920425182615 5.9909190957644585 159.93975327694662 8.482345716375208E-59
43.075450278460075 33.53961172519624 30.83264920394071 107.44771120759702 0.31514283385305625
156.03885788179588 2.99442769261469 6.858483425232006 165.89176899964258 1.5493988134398091E-60
52.60346252125592 24.40241325768978 36.12096021860641 113.1268359975521 0.00487921638269489
43.50372018995912 28.57408139057605 32.7643406002488 104.84214218078397 0.18327397094248718
145.05854259409656 6.035458936964469 10.621164137455846 161.71516566851687 5.634190066964755E-51
93.22031749318094 18.867677660831077 15.889080667219703 127.97707582123172 2.869567896464419E-20
42.973074098402066 21.162860742354365 40.16176081070553 104.29769565146196 0.017444458728008965
40.57636709609873 29.413129341253484 37.85549477400447 107.84499121135669 0.38964029326468175
38.117741319725425 35.54806893070427 32.63395816046114 106.29976841089083 0.8085993612613391
37.34453862042934 33.16307933802301 33.94811330848377 104.45573126693613 0.8677410502007308
42.25194998120345 30.92652758079539 35.96114606418911 109.13962362618796 0.4126959166238884
45.284550306323545 33.41288794786396 40.527953941772545 119.22539219596004 0.407286351748291
128.65355003485337 13.124083945062138 7.726406811261594 149.5040407911771 2.1478878548398017E-41
116.50695054257581 15.216909568047353 15.078117909367911 146.80197801999105 4.040662556264609E-31
149.12171007420395 3.951641253147378 3.4372029524420427 156.51055427979338 2.059310370379389E-59
56.5733059280481 47.8162470705197 51.51158917973546 155.90114217830327 0.6894157963333178
155.0739987621394 3.5608346310437264 1.8427334344747253 160.47756682765785 1.4518227697724524E-63
163.01978233474625 1.6059319509680374 0.002857142857142857 164.62857142857143 3.7873689905900724E-70
156.09084905877882 5.529698558322412 6.00802381147019 167.62857142857143 2.855645321022809E-59
120.74009900990099 23.305878001593264 23.767241379310345 167.8132183908046 3.524854806716345E-25
164.74206149311354 2.4310675039158856 0.9771676054653532 168.1502966024948 2.1988150304481882E-69
148.0 11.0 7.0 166.0 2.632632565464564E-51
167.13798815269854 0.7511627906976744 1.108490566037736 168.99764150943395 1.018417828907982E-71
56.38694425790575 48.230061794389 53.450368525378614 158.06737457767338 0.723291075578826
101.00940366649381 9.636881634430624 11.304311574068057 121.95059687499248 6.311988349056759E-30
80.15548125487841 37.71924613249027 35.66577025084395 153.54049763821263 4.444975185774196E-6
64.64107828129194 49.39562422465142 35.54504542371 149.58174792965337 0.014293029798242303
165.14623571590042 0.9918045754076187 1.00113496642391 167.13917525773195 9.676659565243522E-71
115.90615005047896 24.00631464511854 23.6774623164115 163.58992701200899 3.1504020443551794E-23
58.474201005287334 44.401273683093784 58.134396620737135 161.00987130911824 0.30087849379428216
109.32104109130368 50.65535498577916 3.9950161800827546 163.9714122571656 7.374803850628684E-23
75.91911521280831 28.324649886349988 56.435180565499806 160.6789456646581 2.278974265940517E-5
113.87184925018379 17.152896367476263 32.279329719609166 163.3040753372692 2.5383738663068102E-22
128.61325755980886 18.964860620914553 13.633513994749887 161.21163217547328 9.120072019518999E-35
99.98684939112798 32.0822954061392 27.460266967438688 159.52941176470586 3.424471118664289E-14
151.01970822033815 7.9653391167995915 6.014952662862258 165.0 2.460973242829761E-55
106.10780258485823 24.955185301867335 35.45703583157401 166.5200237182996 5.741859630780056E-16
154.99512195121952 6.004878048780488 5.0 166.0 3.3908384190362975E-59
152.50770102854034 11.004767361562505 2.0267660596579207 165.53923444976076 8.409229104078982E-57
89.98819110862212 38.09201423287762 37.79626184818585 165.87646718968557 8.095965704173426E-8
161.0475555366809 3.706479540684661 2.4365182003937114 167.19055327775928 1.4790363442499898E-65
56.33644847144613 51.468297577096536 54.273904013160546 162.07865006170323 0.8953724403601921
83.56700418425883 15.034684855374511 61.99519230769231 160.59688134732565 1.092612254813813E-10
119.3403801924171 39.66504118812453 3.77236209379263 162.77778347433426 9.906210016456316E-29
162.84402383666531 2.981087364750067 1.9878639247781555 167.81297512619355 2.8056255197587265E-67
67.75478468899522 47.769187866381856 48.48546140688708 164.00943396226415 0.09525304968348532
66.98243664066558 43.01091267116444 57.00665068816996 167.0 0.0739117783001694
120.984149552396 25.50473933649289 22.511111111111113 169.0 6.537724725168395E-25
164.99521531100476 3.004878048780488 0.9966546076944023 168.99674796747965 5.233803131096952E-69
153.22691407815157 8.75357148569892 5.514594843791466 167.49508040764195 4.35996145920701E-56
64.66279277941089 64.57234768127023 36.514177525921404 165.74931798660253 0.008522306362338158
146.71617318397577 19.76122567137332 0.5487455301647802 167.02614438551387 6.16485747484335E-50
153.0800050421964 5.462976078064541 5.645601924800276 164.18858304506122 2.70711584243191E-58
148.23554329018268 6.845731517851667 2.4119038346589874 157.49317864269335 1.2325275626353523E-57
66.13433639198865 37.362167631064615 45.028172404097646 148.5246764271509 0.01128413565443218
125.30386211508205 11.53677315344843 16.790916407301335 153.63155167583182 1.0564204102400041E-35
127.33359345890047 9.231340752270473 15.080806267579106 151.64574047875004 8.604695652223621E-39
85.96905853099538 21.3885803413751 45.06530429833486 152.42294317070534 7.518684487411328E-10
132.45838459893267 8.079536285946883 15.445300637638537 155.98322152251808 2.1245560216150689E-41
161.23538244789844 0.9647856214757359 1.9448678084366424 164.1450358778108 2.8271634815750165E-68
104.51038770117768 12.953095781266704 32.43095709427711 149.8944405767215 6.0272592016988836E-21
103.50232259197892 9.09290482380021 29.373822970519445 141.9690503862986 2.152833308101397E-23
130.8188516605598 2.250798178616316 3.7327454606609907 136.80239529983712 1.3254722755160485E-52
22.54936870886891 13.494802630723063 1.0092230175824657 37.05339435717444 7.706747343892188E-5
60.00293005890674 11.668588255714962 11.440441047577982 83.11195936219968 5.425578224287782E-13
111.00546235222042 5.9758643790982395 17.12776963364776 134.10909636496643 4.6469432527512564E-33
45.03047537046704 24.99915767027632 37.51385377358736 107.54348681433072 0.05747624100415232
30.068258360972624 25.507792693524994 21.518972915146474 77.09502396964409 0.4906125771523877
65.40885937585902 19.803172610190327 15.91075298772051 101.12278497376987 1.7379656470985695E-10
94.43056922037071 4.62472504734172 62.56024691498738 161.61554118269981 1.946053847724243E-17
90.34019360486053 22.221189237321408 9.478953498136287 122.04033634031823 6.617495953739859E-21
53.96394124719906 18.79898735113104 19.904968906012673 92.66789750434276 2.405732619314605E-6
100.49744538423622 22.765126831358113 4.989803596694867 128.2523758122892 6.1724532179094584E-27
113.99086757990868 3.0 3.009132420091324 120.0 2.6291735715479E-45
110.51451612144719 10.75787531012423 2.13599469088314 123.40838612245456 4.90934319678678E-39
115.44444324056978 11.31464569966859 11.021541019038168 137.78062995927655 5.315701918497268E-35
139.81195042354773 8.177306125724165 10.08873371795255 158.07799026722444 1.191626325499366E-47
87.57957225952691 60.03210187112504 5.579049280889399 153.19072341154134 1.5483984922198873E-15
107.87950096745615 20.31279653239294 26.030855964329156 154.22315346417827 5.308230233174025E-21
95.8494460195796 32.85593433169327 22.918105835797334 151.62348618707023 3.613854191401223E-14
59.21366411403497 41.55811496472099 36.62105317223058 137.39283225098654 0.04592929142707495
95.79500267730438 25.94780142827601 14.938582866440543 136.68138697202093 4.678367443457557E-19
53.87148586391835 42.1180536775659 48.84828734574509 144.83782688722934 0.4865754058701818
62.93503641068768 46.018225555083355 41.95149095485197 150.904752920623 0.08527244604124658
55.534427331414754 55.46630029033734 41.99275334787817 152.99348096963027 0.30343330742061436
109.35664004902824 24.054690267436303 24.284028922381616 157.69535923884618 1.033704723834716E-20
126.22069082767435 12.08824757059999 7.901436939560956 146.2103753378353 6.859143165214266E-41
49.228740686762876 41.86105804480759 36.19334651345886 127.28314524502933 0.36534348853409776
62.76350590972201 40.065454579053444 41.05682511251709 143.88578560129253 0.03235231245557295
82.58352289364758 40.31544137601588 19.531646736122305 142.43061100578578 3.602373281543419E-10
46.23463421827152 30.317745884299512 37.99929821730947 114.55167831988051 0.1902529071210993
30.289207928599875 29.930311404790658 21.98647655169816 82.2059958850887 0.44758580052844166
43.39387324922838 32.55606595591581 20.83301618268645 96.78295538783064 0.019324969832049763
45.808626034750034 46.50441823726502 26.38618073352958 118.69922500554463 0.0370319786821336
81.43981408765156 28.675852269185715 13.273741727021815 123.38940808385908 3.203815246435947E-14
145.48166573960046 3.8373210700581315 4.910739373944986 154.22972618360356 8.497361027728661E-57
117.40839849902444 10.971867587078584 6.7218019453264315 135.10206803142947 1.1771259830162078E-38
64.34296411154006 10.2549309381846 15.232502548411867 89.83039759813653 1.0917228955985196E-13
43.73627003496601 36.39896777825025 10.83764213549321 90.97287994870948 5.3514784641668495E-5
124.46339646031628 3.9607312317481167 8.26587015809861 136.689997850163 2.839842230448063E-45
12.854901391298688 6.680207459353231 6.664572895107882 26.1996817457598 0.23248377756469457
3.033508153883325 1.1558490643339352 1.0769991258750298 5.266356344092291 0.4972056892444362
Not enough genes
Cannot perform polytomy test with effective N (after polytomies) 5.266356344092291:
	(P_011719,P_011709):0.2563664109555624;
37.07460900792113 17.90744687701975 29.055365595203533 84.03742148014442 0.036595183518397655
105.13340279106042 5.98741358203385 13.657612752677164 124.77842912577144 1.6933890938691473E-32
98.62934635173256 15.417526073212429 27.047500239269397 141.0943726642144 1.7760339068817342E-19
22.953490588356743 14.985453768398271 20.01525684226597 57.954201199020986 0.43149198571743586
63.38386886538197 36.6114557155316 27.01558062597708 127.01090520689065 2.2690178052934713E-4
81.92796419029288 31.2273352712966 25.105190024883616 138.2604894864731 6.804905867668108E-10
31.377384689627018 26.00784800695392 19.26584612933395 76.6510788259149 0.23658680095925627
50.58461657543935 11.611240227076033 13.574579914847286 75.77043671736267 5.1338905995085916E-9
30.35130083122156 14.299828035601834 17.134724063212317 61.785852930035716 0.02833566938082148
118.53854415113521 7.346526254560715 9.052828871621353 134.93789927731729 6.443105029730019E-40
53.489700637883644 14.894089972682265 48.88024033576516 117.26403094633108 1.156881903690534E-5
115.81452232868875 15.562782882923967 15.039739870697305 146.41704508231 1.0780982143244281E-30
57.27375932998414 34.90301015486263 28.020984596250788 120.19775408109756 0.002913350350710751
43.03360229832849 33.5176324058347 33.17273893471366 109.72397363887686 0.4247384559064239
62.69548175694238 16.404486502348572 20.23441411750773 99.33438237679867 2.199523033590793E-9
41.876640667228 31.358422517527604 13.11442400868466 86.34948719344027 6.373892735190614E-4
0.9948453608247423 0.005154639175257732 0.0 1.0 0.3735827323224351
Not enough genes
Cannot perform polytomy test with effective N (after polytomies) 1.0:
	(P_014073,P_011589):0.28254067295136226;
66.87733578232611 10.05372104240777 25.970130289327333 102.90118711406122 1.319104034419669E-11
1.9925589836660615 1.0092402902262059 2.002985415102948 5.0047846889952154 0.8226137452277569
Not enough genes
Cannot perform polytomy test with effective N (after polytomies) 5.0047846889952154:
	(P_011537,P_011673):0.0;
1.7761339431417054 1.3035422263535867 2.2073878332874375 5.28706400278273 0.8905037818553578
Not enough genes
Cannot perform polytomy test with effective N (after polytomies) 5.28706400278273:
	(P_011607,(P_011537,P_011673):0.0):0.0;
39.01101415338916 34.67505067930028 30.86198194021822 104.54804677290767 0.6206188972540516
120.58902730160264 9.47111983620658 12.570504816720653 142.63065195452987 2.6520525367670627E-37
12.950661758230813 4.0303634120431955 2.0567106787825966 19.037735849056606 0.004946543907049817
51.496025737700734 38.18331133243856 19.198083137494685 108.87742020763397 7.033527987817183E-4
59.21520853037188 30.74427983205501 30.17805866174004 120.13754702416693 0.0010239684582087304
41.12106832323728 44.623619967246256 14.68914137660601 100.43382966708955 3.353852058921555E-4
40.853481690197796 38.10267981798534 19.715669557320442 98.67183106550357 0.018031862529914774
17.615037948213324 6.439536488653906 8.737362945300704 32.79193738216794 0.04131500545972364
5.523861371896156 0.3157877423385368 4.137179853184453 9.976828967419145 0.1121894264177823
Not enough genes
Cannot perform polytomy test with effective N (after polytomies) 9.976828967419145:
	((((P_011739,s11677):0.6264128799295166,(P_011607,(P_011537,P_011673):0.0):0.0):0.055942486626948826,(P_011681,(P_011759,((P_011675,P_011735):1.424477631658678,(P_011715,(P_011745,P_011611):0.6338796058985637):0.22690302334207404):0.2655805491997851):0.11439784106421713):0.12196412155415612):0.33117286321513684,P_011701):0.29416151205897206;
15.388389955857336 7.159685496396089 4.398903139392098 26.94697859164552 0.026287286905115004
42.02546702492614 26.17800392262795 20.184521002724885 88.38799195027897 0.013268427319264683
42.143808629382804 22.464648570248613 32.16266895843056 96.77112615806197 0.04970550427525216
79.96962948243717 40.63617618965985 5.646536761843737 126.25234243394075 5.401319366486959E-15
26.64372414298782 13.053982572505749 5.658004218566909 45.355710934060475 5.564704087983086E-4
22.028553937401966 18.766834526514767 4.977252927468426 45.772641391385164 0.004657179038239144
72.50969717596402 27.148891713389084 16.80823397861674 116.46682286796984 1.5120519668440713E-10
61.731030969664594 39.89997575061879 15.882907402211389 117.51391412249477 1.4763751815162956E-6
83.32820899220197 8.687803077423416 14.538596177809042 106.55460824743442 8.577960150168996E-22
38.25736118829928 19.534345654480813 31.802426485986548 89.59413332876663 0.048374224571133016
51.41274374019956 27.269935621925757 10.839617920534499 89.5222972826598 8.676588445778737E-7
26.371222776039776 18.071431709886443 4.685316061215145 49.127970547141366 6.681214470204538E-4
24.212543585012728 15.47700344908865 15.936020058458112 55.62556709255949 0.271566549074769
109.65318683928948 7.79011104537751 2.2896123767188032 119.7329102613858 1.6667574988999518E-40
89.89319307244507 10.764843413276893 9.790836475580026 110.44887296130199 1.183759755526819E-25
99.08249434729761 5.479482208865082 2.826308357866754 107.38828491402944 3.4218253643348916E-37
81.22685325643796 22.710665755728012 13.431760886283085 117.36927989844907 1.004978743727537E-15
60.23837719069894 5.006460564951231 18.351754572791396 83.59659232844156 1.1375294701713181E-13
Extended species tree:
(P0109B,((P_018831,OSHQ)0:0.4991466389554696,((WZFE,P_016909)0:1.149798723624374,(P0203H,((((SJEV,(P_019193,(Wsal,P_019187)0:0.8097111821247857)0:0.8527453630342694)0:1.7825750966078127,(WKSU,(P_016921,(GAP_81227,(Pcol,(GAP_81226,P_006410)0:1.0296470417057029)0:0.7887703947888335)0:0.5779700369208557)0:0.24021031232878415)0:1.7054172180124714)0:2.2585396787801617,((P_025527,(P_025523,P_025525)NA:0.6243676810262425)0.19708:0.3226440198562642,(((Asie,QDVW)0:3.099853346569779,(P_019189,(PAWA,P_019197)0:0.4487874116060807)0.03184:0.10898537021872405)0.0042:0.2044935185579413,((CSSK,(P_019185,(P2589,OPDF)0:0.4468342539889605)0.31754:0.07488859519669469)0:1.2136927156114494,((P_019191,P_019199)0.00102:0.4060362072904696,(GAP_80417,(P2590,GAP_79804)0:2.3558950253224125)0:0.8665568486732269)0:0.42248642679844894)0:1.509974841906843)0.00784:0.25681913906794784)0:0.6301347864473881)0.00006:0.24972131021617838,(((P_007845,(((P_018779,P_018639)0:0.3452250715439002,(P_018695,(P_018645,P_018783)0.00106:0.20616463568886811)0:0.4829484097517556)0:0.32868913466337285,(P_018691,((P_016793,(P_016795,P_006422)0:0.674326149535169)0:0.760387542059937,((P_016797,(OBPL,(P_016799,GAP_80397)0:0.44956524366099593)0:0.48109081872541837)0:1.0536695824314286,(P_018693,((S08,P_014095)0:0.6855170326741701,((S04,(S38,(S27,P_016789)0.00389:0.34401887983262136)0.76743:0.059696681981194766)0.00009:0.5389071276299111,(P_016791,((S02,P_016787)0:2.0125508947557615,(S03,P_014099)0:2.1247779259284534)0.63309:0.057357871575652614)0.27858:0.07380963062215921)0.03563:0.18381090660786564)0.00007:0.3075430784769454)0.00032:0.2981535013666342)0.44481:0.0)0.88572:0.031502687284247495)0.03349:0.24438573937291402)0.08901:0.2579292152677269)0:1.406975074087628,((P2623,(P2622,(P0110C,(XQWC,(P0207A,((P0207C,P0110B)0.59392:0.044850508328406306,(P0207B,(P0206G,P0206H)0:0.3133010716448914)0.00216:0.1751325297989566)0.29996:0.0842032153538261)0:0.4094157442884027)0:0.4598049967357809)0:1.837101591731592)0.00124:0.17975819617269137)0.29657:0.11478317992317583,((DHPO,GAP_80322)0:1.923500702033454,((P_012795,P_012941)0:3.6317233129857653,((P_012861,((P_012855,(P_012827,P_007802)0:1.882813878441284)0:1.1983030618140667,((P_012813,P_018637)0:0.7356259426481286,(P_012919,P_012921)0:2.3027961372519146)0:2.013800046014124)0:2.716752434827382)0:0.25080951105481286,((P_012797,((P_012841,((P_012877,P_012913)0:1.590462594442297,(P_012811,(P_012891,P_012895)0:0.357034769141974)0:2.2075001719313896)0:1.8697104932280662)0:0.4220648385925041,((((P_012925,P_012883)0:3.0671800456804834,(P_012857,(P_012815,P_012903)0:1.2420446652439017)0.55869:0.04458236812754591)0.68148:0.03319354391027149,(P_012875,((P_012831,P_012905)0:0.4812868817810815,(P_012901,(P_012851,P_012887)0:2.5200944108246746)0.58561:0.0540674602728627)0.00268:0.21409984891369432)0:0.9464762199510526)0:0.6521796539914376,(P_018689,((P_012885,(GAP_80294,P_006420)0:1.3036688243532764)0.31431:0.056612674144394505,(P_012859,(((GAP_80291,P_012907)0.05644:0.1211217967196165,(P_012873,P_012881)0:1.22917391027338)0.45096:0.05206809352809619,((P_012897,(P_012893,GAP_80293)0:2.3584252118595876)0.31514:0.10070500068166213,((P_012793,(GAP_80292,P_006419)0:2.3274470545938724)0.00488:0.21242815914490906,((P_006418,P_012889)0.18327:0.12390569022617559,(P_012863,(P_012911,(P_012821,P_012917)0:1.8154251562384975)0:0.877430278234919)0.01744:0.1189698699023658)0.38964:0.06100938535064331)0.8086:0.03342027841999416)0.86774:0.03168459221014744)0.4127:0.07842927729730868)0.40729:0.06720411374837724)0:1.5243014432981257)0:1.1469490650123457)0:2.5271246067940956)0.68942:0.041707644885689794)0:2.822045774562651,((P_012867,((P_012923,P_012847)0:3.74539648679105,(P_012817,P_012899)0:2.193491496400253)0:0.8506046067224231)0:3.2418481332027973,(P_012843,(((P_012937,(P_006421,P_012939)0:1.7680897251421501)0:3.6796190418246377,((P_012853,P_012803)0.72329:0.03224119696587312,(P_012829,P_012837)0:1.3179516767167543)0:0.32573654565801147)0.01429:0.15538383386494994,(((P_012801,(P_012809,P_012879)0:3.6230709236836436)0:0.8126461288430684,((P_012805,P_012839)0.30088:0.04227596532750948,(P_012825,(YZRI,P_012799)0:0.6812183443874261)0.00002:0.2285967235286655)0:0.7756233436374361)0:1.1689590547517217,((P_012909,(((P_012807,P_012845)0:0.5696654405474649,(P_012871,P_012849)0:1.9997872244009434)0:0.5980289239906624,(P_012865,(P_012931,(P_012933,P_012935)0:2.227215633055944)0:2.0684586318702225)0:0.3694353049499108)0:2.7534999342953)0.89537:0.018350895619730412,((PSJT,(GAP_80295,P_012927)0:0.3225479452989025)0:0.898963891022979,((GAP_81172,P_012833)0:2.9367550893826384,((P_012915,P_012791)0.09525:0.12320475089380226,(P_012869,(P_012835,(P_012819,P_012823)0.07391:0.10320447492488115)0:0.8381896046168374)0:3.1205698023981037)0:1.9956714160472235)0.00852:0.08520574660606846)0:1.659479385826083)0:2.2077085134037344)0:2.332224106613522)0.01128:0.17846385507537918)0:1.2570479871340934)0:1.3913703069682233)0:0.4162891601128723)0:1.4509874662116613)0:3.3379102517958033)0:0.7741597030848637)0:0.8817050852390033)0:2.576799160101238,(WPHN,(P_011613,(((P_011609,(Sdec,P2619)0.00008:0.49242547058133984)0:0.8440972226128668,(MAQO,(WAIL,(P_011527,(P_014077,(GAP_80298,(GAP_80297,P_014083)0:1.3182548471583677)0.05748:0.13044099516917787)0.49061:0.08070276078607028)0:0.6175546282988671)0:0.46369947555780955)0:0.9196676883382066)0:0.45283957652652707,(((P_011587,GAP_79862)0:1.0974925409480922,(P_014081,(P_008647,P0104A)0:2.44311150728378)0:1.7866567467420806)0:1.3774241427692477,(((KRJP,(GAP_80395,P_011549)0:1.7055855262634538)0:0.4338531935075373,(((GAP_80393,GAP_80394)0:0.781965917539449,(s11657,(P_011643,(P_011651,P_011509)0:0.583429723813215)0.04593:0.15291790799176957)0:0.784516300674593)0.48658:0.05560746982344679,(P_011631,((P_011647,(P_011465,(P_011523,(P_011501,(P_011489,P_011487)0.08527:0.1294925429081456)0.30343:0.041804399396623025)0:0.7628121247416451)0:1.5423664770981789)0.36534:0.07863850426818264,(P_011551,(P_007844,(P_011637,(P_007843,(P_007783,P_006414)0.03235:0.16227128615982883)0:0.4520222983976579)0.19025:0.10556193053897879)0.44759:0.04713366185572946)0.01932:0.18112173571781556)0.03703:0.07693142294403361)0:0.6579247291063998)0:2.3623726795880953)0:1.5797550575062798,((P_011531,(P_011699,(Schi,P_006411)0:0.8268584843171899)0.00005:0.2399103677879913)0:1.9373095992415728,(VYLQ,((P_018635,P_008631)0.23248:0.2343540269300931,((P_011719,P_011709)NA:0.2563664109555624,((P_011579,(P_011671,P_008632)0.0366:0.1672003337273232)0:1.4015823169323522,((KAYP,((BCGB,ABSS)0:0.7790697030711204,(WIGA,(Dhai,(Apet,Msal)0.43149:0.08775710604838458)0.00023:0.278017506659017)0:0.4820130019360726)0.23659:0.11218669640970315)0:0.6701364710618779,((P_011705,P_011713)0.02834:0.255040390797429,((P_006413,(P_016813,((GAP_80389,GAP_80390)0:1.6502999065629669,((P_008646,s11679)0.00001:0.1965451795023608,(P_008640,P_006412)0:1.1345635518587223)0.00291:0.23426363905984207)0.42474:0.08663132779151433)0:0.5750052169715522)0.00064:0.2473366895748285,((P_014073,P_011589)NA:0.28254067295136226,((((P_011739,s11677)0:0.6264128799295166,(P_011607,(P_011537,P_011673)NA:0.0)NA:0.0)0.62062:0.055942486626948826,(P_011681,(P_011759,((P_011675,P_011735)0:1.424477631658678,(P_011715,(P_011745,P_011611)0.00495:0.6338796058985637)0.0007:0.22690302334207404)0.00102:0.2655805491997851)0.00034:0.11439784106421713)0.01803:0.12196412155415612)0.04132:0.33117286321513684,P_011701)NA:0.29416151205897206)0.02629:0.3944392002078564)0.01327:0.22968994420800365)0.04971:0.15848978872951588)0:0.5845622032957127)0.00056:0.4496524723067704)0.00466:0.23124676849685286)0:0.5549815538310375)0:0.3303303369611568)0:1.0850906772739286)0.04837:0.14322512508667554)0:0.4337643177949474)0.00067:0.34124743174335026)0.27157:0.15243518838109402)0:1.9829989253788805)0:1.237461489417213)0:2.049618054325864)0:0.7535842288732845)0:0.8395597079374113));
Weight calculation took 154.983290767 secs
ASTRAL finished in 189.084 secs
