
================== ASTRAL ===================== 

This is ASTRAL version 5.7.7
Gene trees are treated as unrooted
172 trees read from all_bs10.trees
index130
All output trees will be *arbitrarily* rooted at P0109B

======== Running the main analysis
Number of taxa: 244 (244 species)
Taxa: [BCGB, WIGA, P_019193, Wsal, P_019187, SJEV, WKSU, Asie, QDVW, PAWA, P2590, GAP_79804, P_019185, P2589, OPDF, CSSK, WZFE, DHPO, YZRI, P_012795, P_012941, P_012867, P_012923, P_012847, P_012817, P_012899, P_012853, P_012829, P_012837, P_012803, P_012909, P_012871, P_012849, P_012865, P_012931, P_012933, P_012935, P_012807, P_012845, P_012915, P_012819, P_012835, P_012823, P_012869, P_012791, GAP_80295, P_012927, PSJT, GAP_81172, P_012833, P_012805, P_012799, P_012825, P_012801, P_012809, P_012879, P_012839, P_012937, P_006421, P_012939, P_012843, P_012797, P_012841, P_012877, P_012913, P_012851, P_012887, P_012901, P_012875, P_012831, P_012905, P_012857, P_012815, P_012903, P_012925, P_012883, P_012811, P_012891, P_012895, P_012885, P_012859, GAP_80292, P_006419, P_012873, P_012881, P_012893, GAP_80293, GAP_80291, P_012907, P_012863, P_012911, P_012821, P_012917, P_012793, P_006418, P_012889, P_012897, GAP_80294, P_006420, P_018689, P_012861, P_012855, P_012827, P_007802, P_012919, P_012921, P_012813, P_018637, P_019189, P2623, XQWC, P0207B, P0207A, P_018779, P0110C, P0207C, P0110B, P0206G, P0206H, GAP_80322, GAP_81227, Pcol, GAP_81226, P_006410, P_016921, P_016909, P_018831, Sdec, P_007845, P_011579, P0109B, P0203H, GAP_80417, P_025523, P_011701, P2622, S02, S04, P_011675, P_011759, P_011681, P_011537, Schi, P_007844, P_011587, P_014081, P_008647, P0104A, P_006411, P_011531, P_018635, P_006413, P_016813, P_011745, P_011735, P_011715, GAP_80389, GAP_80390, P_011673, P_008646, P_011739, s11677, P_008640, P_006412, s11679, P_011705, P_011713, P_011671, P_008632, P_011609, P_011527, GAP_80298, GAP_80297, P_014083, P_014077, GAP_79862, P_011647, P_007783, P_006414, P_007843, s11657, GAP_80393, GAP_80394, P_011643, P_011501, P_011489, P_011487, P_011523, P_011651, P_011509, P_011465, P_011637, GAP_80395, P_011549, P2619, P_011551, P_011699, P_018691, P_018695, P_018645, P_018783, P_016793, P_016799, GAP_80397, P_016797, P_016795, P_006422, P_016787, S03, P_014099, P_018693, P_016791, S27, P_016789, P_018639, P_019197, OBPL, VYLQ, P_011613, WPHN, MAQO, WAIL, KRJP, Apet, Dhai, ABSS, S08, P_014095, P_011631, S38, OSHQ, P_025525, P_019191, P_008631, KAYP, Msal, P_011719, P_025527, P_014073, P_011709, P_019199, P_011611, P_011607, P_011589]
Taxon occupancy: {P_019193=153, P_019191=82, P_019197=161, OPDF=167, GAP_81172=171, P_018783=169, P_019199=74, Wsal=153, P_016921=169, WKSU=172, P_025523=37, P_025525=56, P_025527=23, P_014073=37, P0203H=121, P_014077=113, QDVW=169, P_011487=169, P_011489=170, P_016813=154, P_006421=171, P_006422=168, P_006420=144, P_006418=171, P_006419=172, P_014081=132, P_006414=169, P_014083=137, P_018689=172, P0206H=165, P0206G=156, Msal=149, P0109B=89, P_012901=170, P_006410=166, P_006411=167, P_012903=170, P_006412=168, P_006413=164, P_012905=171, PAWA=167, P_012907=172, GAP_79862=165, ABSS=171, P_012909=170, P_018691=83, GAP_80291=172, P_018695=166, P_014095=85, GAP_80293=171, GAP_80292=172, P_018693=166, GAP_80295=169, GAP_80294=171, P_014099=166, GAP_80297=169, GAP_80298=167, P_012911=171, P_011701=45, P_012913=150, P_012915=167, P_011705=102, P_012917=168, P_012919=170, P_011709=36, P_012881=172, P_011671=99, P_011551=125, P_012883=172, P_011673=146, MAQO=170, P_012885=171, GAP_80322=170, P_011675=161, P2590=150, P_012887=172, P_012889=170, P_008647=161, PSJT=167, P2589=150, P_012891=171, P_011681=136, P_012893=171, P_018637=171, P_012895=172, P_018635=160, P_012897=171, P0207C=168, P_012899=170, P0207B=167, P0207A=169, P_018639=164, P_008646=169, P_008640=168, BCGB=170, WZFE=168, P_018645=166, KRJP=169, KAYP=106, P_011699=106, P_011579=140, CSSK=165, P_008632=166, P_016909=169, P_007783=165, P_008631=33, P_019187=166, P_019185=161, Sdec=48, P_019189=150, P_012791=170, P_012793=170, Asie=133, P_012795=170, P_018779=152, P_011465=170, P_012797=171, P_011587=142, P_012799=171, P_011589=3, GAP_80417=107, WIGA=168, GAP_79804=137, P_007802=151, P_012841=170, P_011631=146, P_012843=170, Pcol=147, P_012845=169, P_012847=167, P_011637=169, P_011759=161, P_012849=170, Apet=81, OBPL=170, P0110C=161, P0110B=128, P_018831=167, YZRI=169, P_012851=171, P_012853=168, P_011643=172, P_011523=170, P_012855=170, P_012857=169, P_011647=161, P_011527=110, P_012859=171, WAIL=170, P_016789=164, P_012861=171, P_011651=158, P_011531=149, P_016787=167, P_012863=171, P_012865=170, Schi=144, P_012867=170, P_011537=138, P_012869=171, P_016793=164, P_016791=168, P_016797=170, SJEV=169, P_016795=165, P_012871=167, P_012873=170, P_016799=168, P_012875=171, P_012877=169, P_012879=172, P_011549=164, P_007844=130, P_007845=41, S02=139, P_012921=166, S04=56, P_012801=170, S03=162, P_012923=171, P_011713=131, P_012803=169, P_012925=170, P_011715=152, S08=120, P_012805=170, P_007843=159, P_012927=171, P_012807=167, P_011719=32, P_012809=170, VYLQ=170, DHPO=172, s11657=153, GAP_80390=151, P2622=131, P2623=64, XQWC=171, GAP_80394=170, GAP_80393=171, GAP_80395=170, GAP_80397=169, P_012931=171, P_012811=171, P_012933=167, WPHN=170, P_012813=170, P_012935=168, P_012815=170, P_012937=171, P_012817=169, P_011607=7, P_012939=169, P_012819=167, P_011609=119, P2619=119, OSHQ=168, GAP_80389=162, P_012941=172, P_012821=170, P_011611=24, P_012823=170, P_011613=79, P_011735=168, P_012825=172, S27=140, P_012827=161, P_011739=153, P_012829=124, s11679=138, s11677=136, Dhai=164, P0104A=151, P_012831=166, P_011501=170, P_012833=169, GAP_81226=170, GAP_81227=170, P_011745=155, P_012835=170, S38=57, P_012837=170, P_012839=168, P_011509=169}
Number of gene trees: 172
172 trees have missing taxa
Calculating quartet distance matrix (for completion of X)
Species tree distances calculated ...
Will attempt to complete bipartitions from X before adding using a distance matrix.
Building set of clusters (X) from gene trees 
------------------------------
gradient0: 28377
Number of Clusters after addition by distance: 28377
calculating extra bipartitions to be added at level 1 ...
Adding to X using resolutions of greedy consensus ...
Limit for sigma of degrees:6150
polytomy size limit : 35
discarded polytomies:  [3, 3, 3, 3, 3, 3, 3, 3, 3, 3, 3, 3, 3, 3, 3, 3, 3, 3, 4, 4, 4, 4, 4, 4, 4, 4, 4, 4, 4, 4, 5, 5, 5, 5, 5, 6, 6, 6, 6, 8, 8, 8, 8, 10, 10, 11, 13, 14, 14, 15, 28, 35]
Threshold 0.0:
Threshold 0.01:
polytomy of size 5; rounds with additions with at least 5 support: 1; clusters: 28401
Threshold 0.02:
polytomy of size 6; rounds with additions with at least 5 support: 1; clusters: 28453
polytomy of size 3; rounds with additions with at least 5 support: 0; clusters: 28455
polytomy of size 3; rounds with additions with at least 5 support: 0; clusters: 28457
Threshold 0.05:
polytomy of size 4; rounds with additions with at least 5 support: 0; clusters: 28459
polytomy of size 4; rounds with additions with at least 5 support: 0; clusters: 28459
polytomy of size 8; rounds with additions with at least 5 support: 1; clusters: 28481
polytomy of size 3; rounds with additions with at least 5 support: 0; clusters: 28481
polytomy of size 5; rounds with additions with at least 5 support: 1; clusters: 28485
polytomy of size 4; rounds with additions with at least 5 support: 0; clusters: 28485
Threshold 0.1:
polytomy of size 5; rounds with additions with at least 5 support: 0; clusters: 28485
polytomy of size 8; rounds with additions with at least 5 support: 0; clusters: 28491
polytomy of size 13; rounds with additions with at least 5 support: 0; clusters: 28515
polytomy of size 3; rounds with additions with at least 5 support: 0; clusters: 28515
polytomy of size 3; rounds with additions with at least 5 support: 0; clusters: 28515
polytomy of size 3; rounds with additions with at least 5 support: 0; clusters: 28515
polytomy of size 8; rounds with additions with at least 5 support: 1; clusters: 28525
polytomy of size 10; rounds with additions with at least 5 support: 1; clusters: 28563
Threshold 0.2:
polytomy of size 3; rounds with additions with at least 5 support: 0; clusters: 28563
polytomy of size 8; rounds with additions with at least 5 support: 0; clusters: 28563
polytomy of size 3; rounds with additions with at least 5 support: 0; clusters: 28563
polytomy of size 10; rounds with additions with at least 5 support: 0; clusters: 28571
polytomy of size 14; rounds with additions with at least 5 support: 0; clusters: 28581
polytomy of size 4; rounds with additions with at least 5 support: 0; clusters: 28581
polytomy of size 3; rounds with additions with at least 5 support: 0; clusters: 28581
polytomy of size 4; rounds with additions with at least 5 support: 0; clusters: 28581
polytomy of size 5; rounds with additions with at least 5 support: 0; clusters: 28581
polytomy of size 5; rounds with additions with at least 5 support: 0; clusters: 28581
polytomy of size 3; rounds with additions with at least 5 support: 0; clusters: 28581
polytomy of size 28; rounds with additions with at least 5 support: 0; clusters: 28615
Threshold 0.3333333333333333:
polytomy of size 4; rounds with additions with at least 5 support: 0; clusters: 28615
polytomy of size 3; rounds with additions with at least 5 support: 0; clusters: 28615
polytomy of size 3; rounds with additions with at least 5 support: 0; clusters: 28615
polytomy of size 4; rounds with additions with at least 5 support: 0; clusters: 28615
polytomy of size 3; rounds with additions with at least 5 support: 0; clusters: 28615
polytomy of size 11; rounds with additions with at least 5 support: 0; clusters: 28615
polytomy of size 3; rounds with additions with at least 5 support: 0; clusters: 28615
polytomy of size 4; rounds with additions with at least 5 support: 0; clusters: 28615
polytomy of size 6; rounds with additions with at least 5 support: 0; clusters: 28615
polytomy of size 3; rounds with additions with at least 5 support: 0; clusters: 28615
polytomy of size 15; rounds with additions with at least 5 support: 0; clusters: 28627
polytomy of size 14; rounds with additions with at least 5 support: 0; clusters: 28627
polytomy of size 4; rounds with additions with at least 5 support: 0; clusters: 28627
polytomy of size 4; rounds with additions with at least 5 support: 0; clusters: 28627
polytomy of size 3; rounds with additions with at least 5 support: 0; clusters: 28627
polytomy of size 3; rounds with additions with at least 5 support: 0; clusters: 28627
polytomy of size 3; rounds with additions with at least 5 support: 0; clusters: 28627
polytomy of size 4; rounds with additions with at least 5 support: 0; clusters: 28627
polytomy of size 6; rounds with additions with at least 5 support: 0; clusters: 28627
polytomy of size 4; rounds with additions with at least 5 support: 0; clusters: 28627
polytomy of size 6; rounds with additions with at least 5 support: 0; clusters: 28627
polytomy of size 35; rounds with additions with at least 5 support: 0; clusters: 28657
max k is :2
Number of Clusters after addition by greedy: 28657
gradient0 in heuristiic: 28657
partitions formed in 23.726 secs
Dynamic Programming starting after 23.726 secs
Using tree-based weight calculation.
Using polytree-based weight calculation.
Polytree max score: 13448807712
Polytree building time: 0.185 seconds.
Number of quartet trees in the gene trees: 13448807712
Size of largest cluster: 244
Greedy score: 12351323291
estimationFactor: 1.0888556145072894
Sub-optimal score: 12553818169
Total Number of elements weighted: 74326
Normalized score (portion of input quartet trees satisfied before correcting for multiple individuals): 0.9488644312025984
Optimization score: 12761095280
Optimal tree inferred in 187.29 secs.
(P_011701,((((P_011739,s11677),(P_011607,(P_011537,P_011673))),(P_011681,(P_011759,((P_011675,P_011735),(P_011715,(P_011745,P_011611)))))),((P_014073,P_011589),((P_006413,(P_016813,((GAP_80389,GAP_80390),((P_008646,s11679),(P_008640,P_006412))))),((P_011705,P_011713),((KAYP,((BCGB,ABSS),(WIGA,(Dhai,(Apet,Msal))))),((P_011579,(P_011671,P_008632)),((P_011719,P_011709),((P_018635,P_008631),(VYLQ,((P_011531,(P_011699,(Schi,P_006411))),(((KRJP,(GAP_80395,P_011549)),(((GAP_80393,GAP_80394),(s11657,(P_011643,(P_011651,P_011509)))),(P_011631,((P_011647,(P_011465,(P_011523,(P_011501,(P_011489,P_011487))))),(P_011551,(P_007844,(P_011637,(P_007843,(P_007783,P_006414))))))))),(((P_011587,GAP_79862),(P_014081,(P_008647,P0104A))),(((P_011609,(Sdec,P2619)),(MAQO,(WAIL,(P_011527,(P_014077,(GAP_80298,(GAP_80297,P_014083))))))),(P_011613,(WPHN,(((P0203H,((WZFE,P_016909),(P0109B,(P_018831,OSHQ)))),(((SJEV,(P_019193,(Wsal,P_019187))),(WKSU,(P_016921,(GAP_81227,(Pcol,(GAP_81226,P_006410)))))),((P_025527,(P_025523,P_025525)),(((Asie,QDVW),(P_019189,(PAWA,P_019197))),((CSSK,(P_019185,(P2589,OPDF))),((P_019191,P_019199),(GAP_80417,(P2590,GAP_79804)))))))),((P_007845,(((P_018779,P_018639),(P_018695,(P_018645,P_018783))),(P_018691,((P_016793,(P_016795,P_006422)),((P_016797,(OBPL,(P_016799,GAP_80397))),(P_018693,((S08,P_014095),((S04,(S38,(S27,P_016789))),(P_016791,((S02,P_016787),(S03,P_014099))))))))))),((P2623,(P2622,(P0110C,(XQWC,(P0207A,((P0207C,P0110B),(P0207B,(P0206G,P0206H)))))))),((DHPO,GAP_80322),((P_012795,P_012941),((P_012861,((P_012855,(P_012827,P_007802)),((P_012813,P_018637),(P_012919,P_012921)))),((P_012797,((P_012841,((P_012877,P_012913),(P_012811,(P_012891,P_012895)))),((((P_012925,P_012883),(P_012857,(P_012815,P_012903))),(P_012875,((P_012831,P_012905),(P_012901,(P_012851,P_012887))))),(P_018689,((P_012885,(GAP_80294,P_006420)),(P_012859,(((GAP_80291,P_012907),(P_012873,P_012881)),((P_012897,(P_012893,GAP_80293)),((P_012793,(GAP_80292,P_006419)),((P_006418,P_012889),(P_012863,(P_012911,(P_012821,P_012917))))))))))))),((P_012867,((P_012923,P_012847),(P_012817,P_012899))),(P_012843,(((P_012937,(P_006421,P_012939)),((P_012853,P_012803),(P_012829,P_012837))),(((P_012801,(P_012809,P_012879)),((P_012805,P_012839),(P_012825,(YZRI,P_012799)))),((P_012909,(((P_012807,P_012845),(P_012871,P_012849)),(P_012865,(P_012931,(P_012933,P_012935))))),((PSJT,(GAP_80295,P_012927)),((GAP_81172,P_012833),((P_012915,P_012791),(P_012869,(P_012835,(P_012819,P_012823))))))))))))))))))))))))))))))))));
Final quartet score is: 12761095280
Final normalized quartet score is: 0.9488644312025984
You may want to ignore posterior probabilities and other statistics related to the following branch branch because the effective number of genes impacting it is only 13:
	{P_025523, P_025525}
You may want to ignore posterior probabilities and other statistics related to the following branch branch because the effective number of genes impacting it is only 18:
	{P_025523, P_025525, P_025527}
You may want to ignore posterior probabilities and other statistics related to the following branch branch because the effective number of genes impacting it is only 8:
	{P_011719, P_011709}
You may want to ignore posterior probabilities and other statistics related to the following branch branch because the effective number of genes impacting it is only 1:
	{P_014073, P_011589}
You may want to ignore posterior probabilities and other statistics related to the following branch branch because the effective number of genes impacting it is only 6:
	{P_011537, P_011673}
You may want to ignore posterior probabilities and other statistics related to the following branch branch because the effective number of genes impacting it is only 7:
	{P_011537, P_011673, P_011607}
You may want to ignore posterior probabilities and other statistics related to the following branch branch because the effective number of genes impacting it is only 14:
	{P_011701, P_011675, P_011759, P_011681, P_011537, P_011745, P_011735, P_011715, P_011673, P_011739, s11677, P_011611, P_011607}
Extended species tree:
(P0109B,((P_018831,OSHQ)60.25:0.4991466389554696,((WZFE,P_016909)79.38:1.149798723624374,(P0203H,((((SJEV,(P_019193,(Wsal,P_019187)70.82:0.8097111821247857)72.06:0.8527453630342694)89.36:1.7825750966078127,(WKSU,(P_016921,(GAP_81227,(Pcol,(GAP_81226,P_006410)76.71:1.0296470417057029)70.19:0.7887703947888335)62.99:0.5779700369208557)47.86:0.24021031232878415)88.43:1.7054172180124714)93.65:2.2585396787801617,((P_025527,(P_025523,P_025525)69.24:0.6243676810262425)55.15:0.3226440198562642,(((Asie,QDVW)97.73:3.099853346569779,(P_019189,(PAWA,P_019197)57.89:0.4487874116060807)40.52:0.10898537021872405)45.97:0.2044935185579413,((CSSK,(P_019185,(P2589,OPDF)57.76:0.4468342539889605)38.39:0.07488859519669469)80.73:1.2136927156114494,((P_019191,P_019199)56.63:0.4060362072904696,(GAP_80417,(P2590,GAP_79804)94.68:2.3558950253224125)72.96:0.8665568486732269)56.9:0.42248642679844894)85.84:1.509974841906843)49.31:0.25681913906794784)65.89:0.6301347864473881)48.46:0.24972131021617838,(((P_007845,(((P_018779,P_018639)53.17:0.3452250715439002,(P_018695,(P_018645,P_018783)46.05:0.20616463568886811)59.26:0.4829484097517556)52.36:0.32868913466337285,(P_018691,((P_016793,(P_016795,P_006422)66.51:0.674326149535169)69.37:0.760387542059937,((P_016797,(OBPL,(P_016799,GAP_80397)57.83:0.44956524366099593)59.15:0.48109081872541837)77.25:1.0536695824314286,(P_018693,((S08,P_014095)67.44:0.6855170326741701,((S04,(S38,(S27,P_016789)53.84:0.34401887983262136)38.71:0.059696681981194766)62.43:0.5389071276299111,(P_016791,((S02,P_016787)91.77:2.0125508947557615,(S03,P_014099)92.63:2.1247779259284534)37.34:0.057357871575652614)38.38:0.07380963062215921)44.97:0.18381090660786564)51.51:0.3075430784769454)50.96:0.2981535013666342)31.46:0.0)35.99:0.031502687284247495)48.52:0.24438573937291402)50.15:0.2579292152677269)86.02:1.406975074087628,((P2623,(P2622,(P0110C,(XQWC,(P0207A,((P0207C,P0110B)36.55:0.044850508328406306,(P0207B,(P0206G,P0206H)51.6:0.3133010716448914)44.32:0.1751325297989566)38.95:0.0842032153538261)56.07:0.4094157442884027)58.27:0.4598049967357809)90.08:1.837101591731592)45.03:0.17975819617269137)41.29:0.11478317992317583,((DHPO,GAP_80322)90.82:1.923500702033454,((P_012795,P_012941)98.82:3.6317233129857653,((P_012861,((P_012855,(P_012827,P_007802)90.47:1.882813878441284)80.38:1.1983030618140667,((P_012813,P_018637)68.46:0.7356259426481286,(P_012919,P_012921)93.9:2.3027961372519146)91.64:2.013800046014124)96.16:2.716752434827382)48.44:0.25080951105481286,((P_012797,((P_012841,((P_012877,P_012913)86.99:1.590462594442297,(P_012811,(P_012891,P_012895)53.67:0.357034769141974)93.23:2.2075001719313896)90.27:1.8697104932280662)56.65:0.4220648385925041,((((P_012925,P_012883)97.47:3.0671800456804834,(P_012857,(P_012815,P_012903)81.25:1.2420446652439017)36.51:0.04458236812754591)35.77:0.03319354391027149,(P_012875,((P_012831,P_012905)59.18:0.4812868817810815,(P_012901,(P_012851,P_012887)95.2:2.5200944108246746)37.08:0.0540674602728627)46.49:0.21409984891369432)74.65:0.9464762199510526)65.74:0.6521796539914376,(P_018689,((P_012885,(GAP_80294,P_006420)82.52:1.3036688243532764)37.33:0.056612674144394505,(P_012859,(((GAP_80291,P_012907)41.31:0.1211217967196165,(P_012873,P_012881)81.07:1.22917391027338)37.07:0.05206809352809619,((P_012897,(P_012893,GAP_80293)94.28:2.3584252118595876)40.09:0.10070500068166213,((P_012793,(GAP_80292,P_006419)94.06:2.3274470545938724)46.5:0.21242815914490906,((P_006418,P_012889)41.49:0.12390569022617559,(P_012863,(P_012911,(P_012821,P_012917)89.7:1.8154251562384975)72.84:0.877430278234919)41.2:0.1189698699023658)37.62:0.06100938535064331)35.86:0.03342027841999416)35.75:0.03168459221014744)38.71:0.07842927729730868)37.98:0.06720411374837724)86.05:1.5243014432981257)79.36:1.1469490650123457)95.28:2.5271246067940956)36.29:0.041707644885689794)96.63:2.822045774562651,((P_012867,((P_012923,P_012847)99.02:3.74539648679105,(P_012817,P_012899)93.12:2.193491496400253)71.95:0.8506046067224231)97.97:3.2418481332027973,(P_012843,(((P_012937,(P_006421,P_012939)89.16:1.7680897251421501)98.9:3.6796190418246377,((P_012853,P_012803)35.67:0.03224119696587312,(P_012829,P_012837)82.83:1.3179516767167543)52.2:0.32573654565801147)43.21:0.15538383386494994,(((P_012801,(P_012809,P_012879)98.81:3.6230709236836436)70.85:0.8126461288430684,((P_012805,P_012839)36.32:0.04227596532750948,(P_012825,(YZRI,P_012799)66.67:0.6812183443874261)47.25:0.2285967235286655)69.73:0.7756233436374361)79.78:1.1689590547517217,((P_012909,(((P_012807,P_012845)62.68:0.5696654405474649,(P_012871,P_012849)91.53:1.9997872244009434)63.72:0.5980289239906624,(P_012865,(P_012931,(P_012933,P_012935)93.37:2.227215633055944)92.13:2.0684586318702225)54.25:0.3694353049499108)96.33:2.7534999342953)34.76:0.018350895619730412,((PSJT,(GAP_80295,P_012927)52.04:0.3225479452989025)73.31:0.898963891022979,((GAP_81172,P_012833)97.04:2.9367550893826384,((P_012915,P_012791)41.31:0.12320475089380226,(P_012869,(P_012835,(P_012819,P_012823)40.11:0.10320447492488115)71.59:0.8381896046168374)97.63:3.1205698023981037)91.48:1.9956714160472235)39.01:0.08520574660606846)87.84:1.659479385826083)93.23:2.2077085134037344)94.12:2.332224106613522)44.53:0.17846385507537918)81.56:1.2570479871340934)83.97:1.3913703069682233)56.4:0.4162891601128723)84.92:1.4509874662116613)98.23:3.3379102517958033)69.72:0.7741597030848637)72.9:0.8817050852390033)95.63:2.576799160101238,(WPHN,(P_011613,(((P_011609,(Sdec,P2619)60.86:0.49242547058133984)72.2:0.8440972226128668,(MAQO,(WAIL,(P_011527,(P_014077,(GAP_80298,(GAP_80297,P_014083)82.77:1.3182548471583677)41.87:0.13044099516917787)39:0.08070276078607028)64.68:0.6175546282988671)58.43:0.46369947555780955)74.02:0.9196676883382066)58.23:0.45283957652652707,(((P_011587,GAP_79862)78.36:1.0974925409480922,(P_014081,(P_008647,P0104A)94.99:2.44311150728378)89.55:1.7866567467420806)83.79:1.3774241427692477,(((KRJP,(GAP_80395,P_011549)88.44:1.7055855262634538)57.17:0.4338531935075373,(((GAP_80393,GAP_80394)69.95:0.781965917539449,(s11657,(P_011643,(P_011651,P_011509)63.22:0.583429723813215)43.1:0.15291790799176957)70.09:0.784516300674593)37.19:0.05560746982344679,(P_011631,((P_011647,(P_011465,(P_011523,(P_011501,(P_011489,P_011487)41.71:0.1294925429081456)36.3:0.041804399396623025)69.35:0.7628121247416451)86.33:1.5423664770981789)38.68:0.07863850426818264,(P_011551,(P_007844,(P_011637,(P_007843,(P_007783,P_006414)43.62:0.16227128615982883)57.98:0.4520222983976579)40.36:0.10556193053897879)36.85:0.04713366185572946)44.84:0.18112173571781556)38.59:0.07693142294403361)66:0.6579247291063998)94.33:2.3623726795880953)86.9:1.5797550575062798,((P_011531,(P_011699,(Schi,P_006411)71.63:0.8268584843171899)48.08:0.2399103677879913)91.06:1.9373095992415728,(VYLQ,((P_018635,P_008631)49.07:0.2343540269300931,((P_011719,P_011709)57.6:0.2563664109555624,((P_011579,(P_011671,P_008632)44.12:0.1672003337273232)84.26:1.4015823169323522,((KAYP,((BCGB,ABSS)69.9:0.7790697030711204,(WIGA,(Dhai,(Apet,Msal)39.61:0.08775710604838458)49.9:0.278017506659017)59.26:0.4820130019360726)40.94:0.11218669640970315)66.76:0.6701364710618779,((P_011705,P_011713)49.12:0.255040390797429,((P_006413,(P_016813,((GAP_80389,GAP_80390)87.85:1.6502999065629669,((P_008646,s11679)45.61:0.1965451795023608,(P_008640,P_006412)79.1:1.1345635518587223)47.65:0.23426363905984207)39.22:0.08663132779151433)63.12:0.5750052169715522)48.5:0.2473366895748285,((P_014073,P_011589)99.48:0.28254067295136226,((((P_011739,s11677)64.99:0.6264128799295166,(P_011607,(P_011537,P_011673)39.81:0.0)33.59:0.0)37.31:0.055942486626948826,(P_011681,(P_011759,((P_011675,P_011735)84.55:1.424477631658678,(P_011715,(P_011745,P_011611)68.03:0.6338796058985637)47.3:0.22690302334207404)49.29:0.2655805491997851)40.94:0.11439784106421713)41.4:0.12196412155415612)53.72:0.33117286321513684,P_011701)55.37:0.29416151205897206)57.11:0.3944392002078564)47.55:0.22968994420800365)43.55:0.15848978872951588)63.34:0.5845622032957127)58.74:0.4496524723067704)48.13:0.23124676849685286)62.26:0.5549815538310375)52.53:0.3303303369611568)78.2:1.0850906772739286)42.7:0.14322512508667554)57.43:0.4337643177949474)53.68:0.34124743174335026)43.53:0.15243518838109402)91.58:1.9829989253788805)81.39:1.237461489417213)92.27:2.049618054325864)69.21:0.7535842288732845)72.06:0.8395597079374113));
Weight calculation took 154.481763395 secs
ASTRAL finished in 190.758 secs
