
================== ASTRAL ===================== 

This is ASTRAL version 5.7.7
Gene trees are treated as unrooted
183 trees read from all_bs10.trees
index204
All output trees will be *arbitrarily* rooted at P0109B

======== Running the main analysis
Number of taxa: 244 (244 species)
Taxa: [ABSS, P_011699, P_011531, P_006411, Schi, P_011549, GAP_80395, P_011465, P_007844, P_011637, P_011647, s11657, GAP_80393, GAP_80394, P_011643, P_011651, P_011509, P_011501, P_011523, P_011487, P_011489, P_007783, P_007843, P_006414, P_011551, P_011671, P_008632, P_016813, P_011705, P_011713, P_011759, P_011681, P_006413, P_011735, P_011675, P_011673, s11677, P_011715, GAP_80389, s11679, GAP_80390, P_011745, P_008640, P_006412, WIGA, P_011537, P_008646, P_011739, P_011527, GAP_80298, P_014083, GAP_80297, P_014077, WAIL, MAQO, GAP_79862, P_014081, P0104A, P_008647, PAWA, CSSK, P_019185, P2590, GAP_79804, OPDF, P2589, P_019197, P_018635, P2619, P_019189, P_012843, P_012937, P_006421, P_012939, P_012803, P_012837, P_012829, P_012853, P_012909, GAP_80295, PSJT, P_012927, P_012915, P_012791, P_012869, P_012823, P_012835, P_012819, P_012833, GAP_81172, P_012871, P_012839, P_012849, P_012931, P_012933, P_012935, P_012807, P_012845, P_012865, P_012801, P_012809, P_012879, P_012799, P_012825, P_012805, P_012867, P_012817, P_012899, P_012923, P_012847, P_012861, P_012913, P_012877, P_012841, P_012797, P_012925, P_012883, P_012815, P_012903, P_012857, P_012905, P_012875, P_012831, P_012901, P_012887, P_012851, P_012811, P_012895, P_012891, P_018689, P_012885, P_012863, P_012917, P_012821, P_012911, P_012889, P_012793, P_006418, GAP_80292, P_006419, P_012897, GAP_80293, P_012893, P_012907, GAP_80291, P_012881, P_012873, P_012859, GAP_80294, P_006420, P_012855, P_007802, P_012827, P_012813, P_018637, P_012919, P_012921, P_012941, P_012795, P_011587, P_011613, P_011609, Sdec, P_007845, P2623, P2622, P_011701, P_011579, P_018639, P_018691, P_016793, GAP_80397, OBPL, P_016799, P_016797, P_016795, P_006422, P_018695, P_018783, P_018645, P_016787, S02, P_018779, P_014099, S03, P_018693, S27, P_016789, S04, P_016791, P0110C, P0207C, P0206G, P0206H, P0110B, P0207A, P0207B, XQWC, GAP_80322, YZRI, DHPO, P_016909, P_018831, P0203H, P0109B, P_025523, GAP_80417, WZFE, Asie, QDVW, SJEV, P_019187, Wsal, P_019193, WKSU, P_016921, GAP_81226, P_006410, Pcol, GAP_81227, KRJP, WPHN, VYLQ, Apet, Dhai, BCGB, S08, S38, P_019191, OSHQ, P_025525, P_011631, P_008631, P_014095, KAYP, Msal, P_011719, P_025527, P_014073, P_011709, P_019199, P_011611, P_011607, P_011589]
Taxon occupancy: {P_019193=164, P_019191=87, P_019197=172, OPDF=178, GAP_81172=182, P_018783=180, P_019199=80, Wsal=163, P_016921=180, WKSU=183, P_025523=41, P_025525=63, P_025527=29, P_014073=43, P0203H=132, P_014077=120, QDVW=180, P_011487=180, P_011489=181, P_016813=164, P_006421=182, P_006422=179, P_006420=155, P_006418=182, P_006419=183, P_006414=180, P_014081=143, P_014083=146, P_018689=183, P0206H=176, P0206G=167, Msal=159, P0109B=100, P_012901=181, P_006410=177, P_006411=178, P_006412=179, P_012903=181, P_006413=175, P_012905=182, GAP_79862=176, PAWA=178, P_012907=183, ABSS=182, P_012909=181, P_018691=93, GAP_80291=183, P_018695=177, P_014095=95, GAP_80293=182, GAP_80292=183, P_018693=177, GAP_80295=180, GAP_80294=182, P_014099=177, GAP_80297=180, GAP_80298=178, P_012911=182, P_011701=48, P_012913=161, P_011705=112, P_012915=178, P_012917=179, P_012919=181, P_011709=40, P_011671=107, P_012881=183, P_011551=135, P_011673=157, MAQO=181, P_012883=183, P_011675=171, P_012885=182, GAP_80322=181, P2590=160, P_012887=183, P_012889=181, P_008647=172, PSJT=178, P2589=161, P_011681=146, P_012891=182, P_012893=182, P_018637=182, P_012895=183, P_018635=171, P_012897=182, P0207C=179, P_012899=181, P0207B=178, P_018639=175, P0207A=180, P_008646=180, P_008640=179, BCGB=181, WZFE=179, P_018645=177, KRJP=180, KAYP=111, P_011699=114, P_011579=150, CSSK=176, P_008632=177, P_007783=175, P_016909=180, P_008631=37, P_019187=177, P_019185=172, Sdec=52, P_019189=160, P_012791=181, P_012793=181, P_012795=181, Asie=143, P_011465=181, P_018779=161, P_012797=182, P_011587=152, P_012799=182, P_011589=5, GAP_80417=113, WIGA=178, GAP_79804=147, P_007802=162, P_012841=181, P_011631=156, P_012843=181, Pcol=158, P_012845=180, P_011637=180, P_012847=178, P_011759=172, P_012849=181, Apet=87, OBPL=181, P0110C=172, P0110B=139, P_018831=178, YZRI=180, P_012851=182, P_011643=183, P_012853=179, P_011523=181, P_012855=181, P_011647=172, P_012857=180, P_011527=119, P_012859=182, WAIL=181, P_016789=175, P_011651=168, P_012861=182, P_011531=160, P_016787=178, P_012863=182, P_012865=181, Schi=155, P_012867=181, P_011537=147, P_012869=182, P_016793=175, P_016791=179, P_016797=181, SJEV=180, P_016795=176, P_012871=178, P_012873=181, P_016799=179, P_012875=182, P_012877=180, P_012879=183, P_011549=175, P_007844=140, P_007845=47, S02=150, P_012921=177, S04=65, P_012801=181, S03=173, P_011713=141, P_012923=182, P_012803=180, P_011715=161, P_012925=181, S08=131, P_007843=169, P_012805=181, P_012927=182, P_012807=178, P_011719=36, P_012809=181, VYLQ=181, s11657=164, DHPO=183, GAP_80390=162, P2622=142, P2623=71, GAP_80394=181, XQWC=182, GAP_80393=182, GAP_80395=181, GAP_80397=180, P_012931=182, P_012811=182, P_012933=178, WPHN=181, P_012813=181, P_012935=179, P_012815=181, P_012937=182, P_012817=180, P_011607=7, P_012939=180, P_012819=178, P_011609=129, P2619=128, OSHQ=179, GAP_80389=173, P_012941=183, P_012821=181, P_011611=30, P_012823=181, P_011613=86, P_011735=179, P_012825=183, S27=151, P_012827=172, P_011739=162, P_012829=134, s11679=147, s11677=147, Dhai=175, P0104A=162, P_012831=177, P_011501=181, P_012833=180, GAP_81226=181, P_011745=166, GAP_81227=181, P_012835=181, S38=63, P_012837=181, P_012839=179, P_011509=180}
Number of gene trees: 183
183 trees have missing taxa
Calculating quartet distance matrix (for completion of X)
Species tree distances calculated ...
Will attempt to complete bipartitions from X before adding using a distance matrix.
Building set of clusters (X) from gene trees 
------------------------------
gradient0: 28445
Number of Clusters after addition by distance: 28445
calculating extra bipartitions to be added at level 1 ...
Adding to X using resolutions of greedy consensus ...
Limit for sigma of degrees:6150
polytomy size limit : 41
discarded polytomies:  [3, 3, 3, 3, 3, 3, 3, 3, 3, 3, 3, 3, 3, 3, 3, 3, 3, 3, 3, 4, 4, 4, 4, 4, 4, 4, 4, 4, 4, 4, 4, 5, 5, 5, 5, 6, 6, 6, 7, 8, 9, 10, 11, 11, 13, 14, 14, 15, 27, 41]
Threshold 0.0:
polytomy of size 3; rounds with additions with at least 5 support: 0; clusters: 28447
Threshold 0.01:
polytomy of size 5; rounds with additions with at least 5 support: 2; clusters: 28481
Threshold 0.02:
polytomy of size 3; rounds with additions with at least 5 support: 0; clusters: 28481
polytomy of size 8; rounds with additions with at least 5 support: 1; clusters: 28601
Threshold 0.05:
polytomy of size 3; rounds with additions with at least 5 support: 0; clusters: 28601
polytomy of size 3; rounds with additions with at least 5 support: 0; clusters: 28601
polytomy of size 4; rounds with additions with at least 5 support: 0; clusters: 28601
polytomy of size 9; rounds with additions with at least 5 support: 2; clusters: 28613
polytomy of size 4; rounds with additions with at least 5 support: 0; clusters: 28613
polytomy of size 4; rounds with additions with at least 5 support: 0; clusters: 28613
polytomy of size 5; rounds with additions with at least 5 support: 2; clusters: 28625
Threshold 0.1:
polytomy of size 4; rounds with additions with at least 5 support: 0; clusters: 28627
polytomy of size 3; rounds with additions with at least 5 support: 0; clusters: 28627
polytomy of size 6; rounds with additions with at least 5 support: 0; clusters: 28631
polytomy of size 13; rounds with additions with at least 5 support: 0; clusters: 28645
polytomy of size 3; rounds with additions with at least 5 support: 0; clusters: 28645
polytomy of size 3; rounds with additions with at least 5 support: 0; clusters: 28645
polytomy of size 5; rounds with additions with at least 5 support: 0; clusters: 28647
polytomy of size 10; rounds with additions with at least 5 support: 0; clusters: 28657
polytomy of size 3; rounds with additions with at least 5 support: 0; clusters: 28657
Threshold 0.2:
polytomy of size 3; rounds with additions with at least 5 support: 0; clusters: 28657
polytomy of size 5; rounds with additions with at least 5 support: 0; clusters: 28657
polytomy of size 3; rounds with additions with at least 5 support: 0; clusters: 28657
polytomy of size 11; rounds with additions with at least 5 support: 0; clusters: 28677
polytomy of size 14; rounds with additions with at least 5 support: 0; clusters: 28685
polytomy of size 3; rounds with additions with at least 5 support: 0; clusters: 28685
polytomy of size 4; rounds with additions with at least 5 support: 0; clusters: 28685
polytomy of size 6; rounds with additions with at least 5 support: 0; clusters: 28685
polytomy of size 4; rounds with additions with at least 5 support: 0; clusters: 28685
polytomy of size 4; rounds with additions with at least 5 support: 0; clusters: 28685
polytomy of size 3; rounds with additions with at least 5 support: 0; clusters: 28685
polytomy of size 27; rounds with additions with at least 5 support: 0; clusters: 28699
Threshold 0.3333333333333333:
polytomy of size 3; rounds with additions with at least 5 support: 0; clusters: 28699
polytomy of size 7; rounds with additions with at least 5 support: 0; clusters: 28699
polytomy of size 15; rounds with additions with at least 5 support: 0; clusters: 28717
polytomy of size 14; rounds with additions with at least 5 support: 0; clusters: 28721
polytomy of size 4; rounds with additions with at least 5 support: 0; clusters: 28721
polytomy of size 4; rounds with additions with at least 5 support: 0; clusters: 28721
polytomy of size 3; rounds with additions with at least 5 support: 0; clusters: 28721
polytomy of size 3; rounds with additions with at least 5 support: 0; clusters: 28721
polytomy of size 3; rounds with additions with at least 5 support: 0; clusters: 28721
polytomy of size 4; rounds with additions with at least 5 support: 0; clusters: 28721
polytomy of size 6; rounds with additions with at least 5 support: 0; clusters: 28721
polytomy of size 4; rounds with additions with at least 5 support: 0; clusters: 28721
polytomy of size 3; rounds with additions with at least 5 support: 0; clusters: 28721
polytomy of size 3; rounds with additions with at least 5 support: 0; clusters: 28721
polytomy of size 4; rounds with additions with at least 5 support: 0; clusters: 28721
polytomy of size 3; rounds with additions with at least 5 support: 0; clusters: 28721
polytomy of size 11; rounds with additions with at least 5 support: 0; clusters: 28721
polytomy of size 41; rounds with additions with at least 5 support: 0; clusters: 28727
max k is :4
Number of Clusters after addition by greedy: 28727
gradient0 in heuristiic: 28727
partitions formed in 24.869 secs
Dynamic Programming starting after 24.869 secs
Using tree-based weight calculation.
Using polytree-based weight calculation.
Polytree max score: 14550412832
Polytree building time: 0.217 seconds.
Number of quartet trees in the gene trees: 14550412832
Size of largest cluster: 244
Greedy score: 13456833843
estimationFactor: 1.0812656975451072
Sub-optimal score: 13681103475
Total Number of elements weighted: 78383
Normalized score (portion of input quartet trees satisfied before correcting for multiple individuals): 0.9492592566599694
Optimization score: 13812114069
Optimal tree inferred in 213.786 secs.
(P_012911,((P_012917,P_012821),((P_012863,P_006418),((P_012889,(P_012793,(GAP_80292,P_006419))),((P_012897,(GAP_80293,P_012893)),((P_012907,(GAP_80291,(P_012881,P_012873))),(P_012859,((P_012885,(GAP_80294,P_006420)),(P_018689,((((P_012925,P_012883),(P_012857,(P_012815,P_012903))),(P_012875,((P_012905,P_012831),(P_012901,(P_012887,P_012851))))),((P_012797,(P_012841,((P_012913,P_012877),(P_012811,(P_012895,P_012891))))),(((P_012867,((P_012923,P_012847),(P_012817,P_012899))),(P_012843,(((P_012937,(P_006421,P_012939)),((P_012803,P_012853),(P_012837,P_012829))),(((P_012801,(P_012809,P_012879)),(P_012839,(P_012805,(P_012825,(P_012799,YZRI))))),((P_012909,(((P_012871,P_012849),(P_012807,P_012845)),(P_012865,(P_012931,(P_012933,P_012935))))),((P_012833,GAP_81172),((P_012927,(GAP_80295,PSJT)),((P_012915,P_012791),(P_012869,(P_012835,(P_012823,P_012819))))))))))),((P_012861,((P_012855,(P_007802,P_012827)),((P_012919,P_012921),(P_012813,P_018637)))),((P_012941,P_012795),((GAP_80322,DHPO),(((P2623,P2622),(P0110C,(XQWC,(P0110B,(P0207A,(P0207C,(P0207B,(P0206G,P0206H)))))))),((P_007845,(((P_018639,P_018779),(P_018695,(P_018783,P_018645))),(P_018691,((P_016797,(OBPL,(GAP_80397,P_016799))),((P_016793,(P_016795,P_006422)),(P_018693,(S38,((S08,P_014095),((S04,(S27,P_016789)),(P_016791,((P_016787,S02),(P_014099,S03)))))))))))),((P_011589,((P0203H,((P_016909,WZFE),(P0109B,(P_018831,OSHQ)))),(((SJEV,(P_019193,(P_019187,Wsal))),(P_016921,(GAP_81227,(WKSU,(Pcol,(GAP_81226,P_006410)))))),((P_025527,(P_025523,P_025525)),((P_019189,((PAWA,P_019197),(Asie,QDVW))),(((CSSK,P_019185),(OPDF,P2589)),((P_019191,P_019199),(GAP_80417,(P2590,GAP_79804))))))))),((P_011613,WPHN),((P_011609,(P2619,Sdec)),(((GAP_79862,P_011587),(P_014081,(P0104A,P_008647))),((MAQO,(WAIL,(P_011527,(P_014077,(GAP_80298,(P_014083,GAP_80297)))))),(((KRJP,(P_011549,GAP_80395)),(((GAP_80393,GAP_80394),(s11657,(P_011643,(P_011651,P_011509)))),((P_011647,(P_011465,(P_011501,(P_011523,(P_011487,P_011489))))),(P_011631,(P_011551,((P_007844,P_011637),(P_007843,(P_007783,P_006414)))))))),((P_011531,(P_011699,(P_006411,Schi))),(VYLQ,(P_018635,(P_008631,(P_011709,((P_011579,(P_011671,P_008632)),((P_011719,P_011607),(P_014073,(P_011701,((P_011705,P_011713),((KAYP,((ABSS,BCGB),(WIGA,(Dhai,(Apet,Msal))))),((P_006413,(P_016813,((GAP_80389,GAP_80390),((s11679,P_008646),(P_008640,P_006412))))),(P_011681,((P_011673,(P_011537,(s11677,P_011739))),(P_011759,((P_011735,P_011675),(P_011715,(P_011745,P_011611)))))))))))))))))))))))))))))))))))))))));
Final quartet score is: 13812114069
Final normalized quartet score is: 0.9492592566599694
You may want to ignore posterior probabilities and other statistics related to the following branch branch because the effective number of genes impacting it is only 17:
	{P_025523, P_025525}
You may want to ignore posterior probabilities and other statistics related to the following branch branch because the effective number of genes impacting it is only 2:
	{P_011719, P_011607}
You may want to ignore posterior probabilities and other statistics related to the following branch branch because the effective number of genes impacting it is only 16:
	{ABSS, P_016813, P_011705, P_011713, P_011759, P_011681, P_006413, P_011735, P_011675, P_011673, s11677, P_011715, GAP_80389, s11679, GAP_80390, P_011745, P_008640, P_006412, WIGA, P_011537, P_008646, P_011739, P_011701, Apet, Dhai, BCGB, KAYP, Msal, P_011611}
You may want to ignore posterior probabilities and other statistics related to the following branch branch because the effective number of genes impacting it is only 8:
	{ABSS, P_016813, P_011705, P_011713, P_011759, P_011681, P_006413, P_011735, P_011675, P_011673, s11677, P_011715, GAP_80389, s11679, GAP_80390, P_011745, P_008640, P_006412, WIGA, P_011537, P_008646, P_011739, P_011701, Apet, Dhai, BCGB, KAYP, Msal, P_014073, P_011611}
You may want to ignore posterior probabilities and other statistics related to the following branch branch because the effective number of genes impacting it is only 10:
	{ABSS, P_011671, P_008632, P_016813, P_011705, P_011713, P_011759, P_011681, P_006413, P_011735, P_011675, P_011673, s11677, P_011715, GAP_80389, s11679, GAP_80390, P_011745, P_008640, P_006412, WIGA, P_011537, P_008646, P_011739, P_011701, P_011579, Apet, Dhai, BCGB, KAYP, Msal, P_011719, P_014073, P_011709, P_011611, P_011607}
You may want to ignore posterior probabilities and other statistics related to the following branch branch because the effective number of genes impacting it is only 5:
	{ABSS, P_011699, P_011531, P_006411, Schi, P_011549, GAP_80395, P_011465, P_007844, P_011637, P_011647, s11657, GAP_80393, GAP_80394, P_011643, P_011651, P_011509, P_011501, P_011523, P_011487, P_011489, P_007783, P_007843, P_006414, P_011551, P_011671, P_008632, P_016813, P_011705, P_011713, P_011759, P_011681, P_006413, P_011735, P_011675, P_011673, s11677, P_011715, GAP_80389, s11679, GAP_80390, P_011745, P_008640, P_006412, WIGA, P_011537, P_008646, P_011739, P_011527, GAP_80298, P_014083, GAP_80297, P_014077, WAIL, MAQO, GAP_79862, P_014081, P0104A, P_008647, P_018635, P2619, P_012843, P_012937, P_006421, P_012939, P_012803, P_012837, P_012829, P_012853, P_012909, GAP_80295, PSJT, P_012927, P_012915, P_012791, P_012869, P_012823, P_012835, P_012819, P_012833, GAP_81172, P_012871, P_012839, P_012849, P_012931, P_012933, P_012935, P_012807, P_012845, P_012865, P_012801, P_012809, P_012879, P_012799, P_012825, P_012805, P_012867, P_012817, P_012899, P_012923, P_012847, P_012861, P_012913, P_012877, P_012841, P_012797, P_012925, P_012883, P_012815, P_012903, P_012857, P_012905, P_012875, P_012831, P_012901, P_012887, P_012851, P_012811, P_012895, P_012891, P_018689, P_012885, P_012863, P_012917, P_012821, P_012911, P_012889, P_012793, P_006418, GAP_80292, P_006419, P_012897, GAP_80293, P_012893, P_012907, GAP_80291, P_012881, P_012873, P_012859, GAP_80294, P_006420, P_012855, P_007802, P_012827, P_012813, P_018637, P_012919, P_012921, P_012941, P_012795, P_011587, P_011613, P_011609, Sdec, P_007845, P2623, P2622, P_011701, P_011579, P_018639, P_018691, P_016793, GAP_80397, OBPL, P_016799, P_016797, P_016795, P_006422, P_018695, P_018783, P_018645, P_016787, S02, P_018779, P_014099, S03, P_018693, S27, P_016789, S04, P_016791, P0110C, P0207C, P0206G, P0206H, P0110B, P0207A, P0207B, XQWC, GAP_80322, YZRI, DHPO, KRJP, WPHN, VYLQ, Apet, Dhai, BCGB, S08, S38, P_011631, P_008631, P_014095, KAYP, Msal, P_011719, P_014073, P_011709, P_011611, P_011607}
You may want to ignore posterior probabilities and other statistics related to the following branch branch because the effective number of genes impacting it is only 5:
	{ABSS, P_011699, P_011531, P_006411, Schi, P_011549, GAP_80395, P_011465, P_007844, P_011637, P_011647, s11657, GAP_80393, GAP_80394, P_011643, P_011651, P_011509, P_011501, P_011523, P_011487, P_011489, P_007783, P_007843, P_006414, P_011551, P_011671, P_008632, P_016813, P_011705, P_011713, P_011759, P_011681, P_006413, P_011735, P_011675, P_011673, s11677, P_011715, GAP_80389, s11679, GAP_80390, P_011745, P_008640, P_006412, WIGA, P_011537, P_008646, P_011739, P_011527, GAP_80298, P_014083, GAP_80297, P_014077, WAIL, MAQO, GAP_79862, P_014081, P0104A, P_008647, P_018635, P2619, P_012843, P_012937, P_006421, P_012939, P_012803, P_012837, P_012829, P_012853, P_012909, GAP_80295, PSJT, P_012927, P_012915, P_012791, P_012869, P_012823, P_012835, P_012819, P_012833, GAP_81172, P_012871, P_012839, P_012849, P_012931, P_012933, P_012935, P_012807, P_012845, P_012865, P_012801, P_012809, P_012879, P_012799, P_012825, P_012805, P_012867, P_012817, P_012899, P_012923, P_012847, P_012861, P_012913, P_012877, P_012841, P_012797, P_012925, P_012883, P_012815, P_012903, P_012857, P_012905, P_012875, P_012831, P_012901, P_012887, P_012851, P_012811, P_012895, P_012891, P_018689, P_012885, P_012863, P_012917, P_012821, P_012911, P_012889, P_012793, P_006418, GAP_80292, P_006419, P_012897, GAP_80293, P_012893, P_012907, GAP_80291, P_012881, P_012873, P_012859, GAP_80294, P_006420, P_012855, P_007802, P_012827, P_012813, P_018637, P_012919, P_012921, P_012941, P_012795, P_011587, P_011613, P_011609, Sdec, P_007845, P2623, P2622, P_011701, P_011579, P_018639, P_018691, P_016793, GAP_80397, OBPL, P_016799, P_016797, P_016795, P_006422, P_018695, P_018783, P_018645, P_016787, S02, P_018779, P_014099, S03, P_018693, S27, P_016789, S04, P_016791, P0110C, P0207C, P0206G, P0206H, P0110B, P0207A, P0207B, XQWC, GAP_80322, YZRI, DHPO, KRJP, WPHN, VYLQ, Apet, Dhai, BCGB, S08, S38, P_011631, P_008631, P_014095, KAYP, Msal, P_011719, P_014073, P_011709, P_011611, P_011607, P_011589}
73.9988506186526 19.996198886297897 1.0145198730399356 95.00956937799042 2.172155661131729E-20
158.5120364700729 9.975112472372746 6.51634588054743 175.00349482299308 8.760886721661556E-57
100.97629554232272 28.009832951105714 24.00915434305612 152.99528283648453 1.0300451420958897E-16
118.4975845410628 24.495475113122172 18.002415458937197 160.99547511312218 2.5298977706186378E-26
159.47671634010374 5.88546050758086 7.572721743028631 172.93489859071323 2.5175689333735606E-59
121.00420207239593 18.010902788752336 17.984895138851755 157.00000000000003 4.4639346118820834E-30
101.90578241434618 31.529075301185888 24.065142284467917 157.5 5.504834504469708E-16
88.02722820166036 60.24371190397127 31.055742593813175 179.3266826994448 1.2687387401189344E-6
108.41456586936812 29.995348837209303 39.338865781227454 177.74878048780488 3.5616362323186906E-14
174.2186472743768 2.3632121671218598 2.0345191659381907 178.61637860743684 1.1262181469601246E-72
157.198473568829 3.816747919071871 6.265421834794057 167.28064332269494 7.609773171486905E-61
10.040252409751627 3.9644489176820015 2.0132743362831858 16.017975663716815 0.03753800961145212
12.625489651935506 1.13342189601894 5.214608959773887 18.97352050772833 0.004670195015153421
108.6874738098984 8.367346236024375 42.09142391640621 159.14624396232898 4.621646615768918E-22
139.5 1.0 1.5 142.0 3.4979195377475324E-59
59.57769593080653 30.41268862234588 53.60479574635769 143.5951802995101 0.007020677060620401
61.73302024025994 51.334969031601645 27.999506114201377 141.06749538606297 0.0017526008821980661
62.49079532934212 53.47148952201124 49.03771514864664 165.0 0.4254873775767968
116.00204960557161 20.958282684047468 19.53966771038091 156.5 3.567756456503987E-26
143.0211829697223 10.305416320996653 11.091623573093319 164.41822286381228 5.6198454057691E-47
30.473024156856496 12.158916242923752 14.140833238411604 56.77277363819185 0.004806789607983738
94.99052132701422 4.0 1.009478672985782 100.0 6.652286939581273E-38
53.13288920442168 10.51503991327541 14.439027404042042 78.08695652173913 5.532012341743536E-10
59.911042919121186 40.868339138373585 2.8172463026832584 103.59662836017803 2.357272506206823E-11
133.10193953191356 5.439218963454714 26.1889380733815 164.7300965687498 7.606458540752913E-38
37.25773601812136 8.657879762648887 18.23497042441687 64.15058620518712 4.964701108033587E-5
34.04103597551195 19.143559625961313 6.14281307535748 59.32740867683074 5.251870400851161E-5
61.471211963619474 51.687859249230634 24.774223723372128 137.93329493622224 3.8809685683163135E-4
22.282548296947887 18.981857010062154 22.05923504166474 63.32364034867477 0.8511275711035101
23.050896824775 4.222407008871561 14.156527406043834 41.429831239690394 0.0016218000715876664
65.8816496802369 14.383047588302833 9.885726970436714 90.15042423897646 1.0243479975510366E-14
109.82679748146619 5.341133147663164 24.101064591533333 139.26899522066267 9.349837047186461E-30
123.0 2.0101522842639596 4.99447734536567 130.00462962962965 1.8828654735139377E-48
116.98689127308845 11.567431061602939 5.155508687231211 133.7098310219226 3.7557200585983597E-39
120.96116822047678 14.427382171121288 12.596581745016561 147.98513213661462 1.2892980363515182E-34
133.02608355740767 7.945628103271409 3.0238040343881893 143.99551569506727 7.6573999143727075E-50
49.982051494651216 29.025649212008616 37.01455202902985 116.02225273568968 0.055446841450986245
36.97462335949823 30.180413034816713 17.712727285547682 84.86776367986263 0.03426497776756065
59.591472208500676 36.91403865936821 17.009085211521047 113.51459607938992 6.160945732145491E-6
113.49335835888705 6.244086857222657 51.10902466996314 170.84646988607284 7.50703789845701E-23
142.83295412359448 13.370585785603415 5.081338244251102 161.284878153449 6.223161086131825E-49
150.98605464231537 13.013945357684626 7.0 171.0 2.842108323632856E-51
122.72759170539673 40.01669028948519 7.226726883160949 169.97100887804288 6.972266963886464E-28
124.7595989271237 15.523937200156368 24.199756802271278 164.48329292955134 6.276028313128252E-30
118.97083040721782 30.8748472790382 12.01732675023441 161.86300443649043 5.824342414062645E-27
54.83274486376233 55.04128530635738 38.495083548262535 148.36911371838224 0.1616571224530117
111.5780803734356 22.332813524726355 14.229449178095072 148.14034307625704 2.1760428429456415E-26
58.52578448119684 43.03263132694697 51.90031326232165 153.45872907046547 0.30687068386228267
57.99985503776527 48.018403500138604 48.97465328588782 154.9929118237917 0.5559275220023031
64.38715088511665 53.05026241779442 41.59700383024963 159.0344171331607 0.08634125943696008
111.29505301448741 24.806395053694477 25.891073223836848 161.99252129201875 1.5633104110634182E-20
128.8962311011975 12.73736003913794 9.914757380657479 151.5483485209929 2.3486473532909086E-40
66.85219249488338 37.248270631893035 31.603009317613594 135.70347244439 3.6176836415195295E-4
43.660003583537915 43.0641355641351 37.048811406022054 123.77295055369507 0.7231270354258572
62.51239506446021 48.03959592926684 42.537100404709065 153.0890913984361 0.12415688798719535
83.2102917876815 38.14622123096571 30.099109849302273 151.45562286794947 8.939096448087558E-8
40.14135337648378 31.74240270347675 38.83776870637713 110.72152478633767 0.5748893709325468
41.28537071728782 34.78403536497015 28.74060125321292 104.81000733547089 0.32412757896700356
51.948231010290876 47.27995788495399 27.181132645866786 126.40932154111165 0.01640257766873027
117.99324527466239 12.13405771835377 29.629297751835086 159.75660074485123 5.481840038614631E-27
159.02237575345987 4.54911464591258 7.67004289888055 171.241533298253 4.790235458519011E-60
139.59490395979074 6.586667366096126 8.078947962136569 154.26051928802343 5.571446740205766E-50
72.15127788650125 13.17176194678788 13.970635380386078 99.29367521367521 9.73936290089573E-16
50.658615463371795 39.36856565761702 10.901390307582611 100.92857142857143 3.815047290449738E-6
135.18831132325758 8.711867501954647 8.128875704886319 152.02905453009856 1.2374233574417439E-46
40.00869255543268 25.018587675285524 29.866458043203004 94.8937382739212 0.15726767371391417
114.67939945959932 15.733094595859697 11.02581513083141 141.43830918629044 2.753560318069408E-32
1.9853658536585366 0.014634146341463415 0.0 2.0 0.14136376766688633
Not enough genes
Cannot perform polytomy test with effective N (after polytomies) 2.0:
	(P_011719,P_011607):0.6786190799970355;
34.0640888795517 21.0753204512908 26.12482415385486 81.26423348469736 0.20541502319518268
93.92501644984864 23.913028783413072 20.7311210356195 138.56916626888122 8.082572618802856E-17
29.074960239079537 17.954186432321226 15.050397281357915 62.079543952758684 0.07078199373676798
63.831744681993804 40.14424428508395 27.976775878214 131.95276484529177 5.216693902166271E-4
85.49043438511171 28.453493665657856 23.761249803602727 137.7051778543723 6.7069918063936115E-12
32.337265986111255 20.5851175584759 27.062181778650476 79.98456532323763 0.27264767090984576
34.873028805737746 18.56287707732472 20.377171486114488 73.81307736917695 0.038864246621575706
131.21079802563543 6.386961416153839 7.937510404133924 145.53526984592318 1.1881413749310748E-46
67.44483480824631 34.739085855277814 16.648672435726894 118.83259309925103 5.399477749660541E-8
117.094880459347 17.508080917238143 16.45668976436109 151.05965114094624 1.524154753693241E-29
58.2709169977408 36.005670412557144 29.79784680148802 124.07443421178596 0.004426662495325326
40.817156530928045 27.477019935918282 34.58393018346822 102.87810665031455 0.2727471802623534
66.08279061242143 16.381267685272284 15.00155054075278 97.4656088384465 4.773927517100339E-12
40.259574681696876 40.036928305797176 17.296804643856174 97.59330763135023 0.004743210200322172
69.27801741246809 17.861815279715827 16.808848600043387 103.9486812922273 5.298886300060169E-12
42.3226313200503 26.24718524060709 30.022205669333356 98.59202222999075 0.11646908222859301
40.652246597147155 38.8263149181472 34.81940749501501 114.29796901030937 0.7916391711513849
133.57531938349914 11.568775526339026 10.486740721260889 155.63083563109907 1.2287006801243533E-42
15.937927106361233 4.029131247942869 3.0405504455030927 23.007608799807194 0.0012087224284177064
63.909779434476995 43.42360617000658 16.403348930758057 123.73673453524162 1.051101681351497E-6
68.76733952385557 26.461950340066185 38.17407751268929 133.40336737661104 2.1876068330475886E-5
58.12702487017964 35.60641869135106 31.958116204034226 125.69155976556492 0.008273712489826581
45.919516942381726 42.16730884294232 24.364544821970156 112.4513706072942 0.02908066881969703
63.816280536610265 33.044829154122034 7.768652818662486 104.62976250939478 1.5467866443586437E-10
52.301453591095395 23.333382029313398 30.890523927699554 106.52535954810836 0.0017319263270867324
45.66294322606048 30.614259991619395 34.958845576466594 111.23604879414646 0.19833398670230248
15.824226679576313 12.10024834382544 7.495397501316846 35.4198725247186 0.22892915136420824
4.612130344194113 4.105665455324931 3.603318715870394 12.321114515389437 0.9399308836222473
Not enough genes
Cannot perform polytomy test with effective N (after polytomies) 12.321114515389437:
	(P_011701,((P_011705,P_011713):0.12910929689250725,((KAYP,((ABSS,BCGB):0.7122197399198986,(WIGA,(Dhai,(Apet,Msal):0.21243609365833382):0.2486699217993304):0.5525500590036904):0.1041971818346228):0.22214804883303907,((P_006413,(P_016813,((GAP_80389,GAP_80390):1.8523500251806404,((s11679,P_008646):0.4219576595361297,(P_008640,P_006412):1.0644667748482508):0.22168819360296335):0.0936513312904061):0.7066142497822375):0.11935774147806386,(P_011681,((P_011673,(P_011537,(s11677,P_011739):0.6736777620651228):0.14785066424494275):0.02930148374016779,(P_011759,((P_011735,P_011675):1.510521505622629,(P_011715,(P_011745,P_011611):0.6847916670080119):0.31270725327962745):0.3112556242878902):0.20851494408350693):0.1133097914893488):0.5212562426375603):0.26086567594913984):0.1168384481881454):0.1645697793263864):0.019530069643968802;
2.541814074055307 0.38868518619762404 3.7173988155058413 6.647898075758772 0.2763760654501801
Not enough genes
Cannot perform polytomy test with effective N (after polytomies) 6.647898075758772:
	(P_014073,(P_011701,((P_011705,P_011713):0.12910929689250725,((KAYP,((ABSS,BCGB):0.7122197399198986,(WIGA,(Dhai,(Apet,Msal):0.21243609365833382):0.2486699217993304):0.5525500590036904):0.1041971818346228):0.22214804883303907,((P_006413,(P_016813,((GAP_80389,GAP_80390):1.8523500251806404,((s11679,P_008646):0.4219576595361297,(P_008640,P_006412):1.0644667748482508):0.22168819360296335):0.0936513312904061):0.7066142497822375):0.11935774147806386,(P_011681,((P_011673,(P_011537,(s11677,P_011739):0.6736777620651228):0.14785066424494275):0.02930148374016779,(P_011759,((P_011735,P_011675):1.510521505622629,(P_011715,(P_011745,P_011611):0.6847916670080119):0.31270725327962745):0.3112556242878902):0.20851494408350693):0.1133097914893488):0.5212562426375603):0.26086567594913984):0.1168384481881454):0.1645697793263864):0.019530069643968802):0.0;
12.485771177076593 16.03467032023208 6.26519706750002 34.78563856480869 0.12134703479436906
21.645035420989366 7.998581325041766 5.385055086831064 35.028671832862194 0.0014596571137308867
6.880500562367904 2.96234818011551 0.14504724854546133 9.987895991028875 0.03216321843693719
Not enough genes
Cannot perform polytomy test with effective N (after polytomies) 9.987895991028875:
	(P_011709,((P_011579,(P_011671,P_008632):0.1344787514024047):1.2298870199813312,((P_011719,P_011607):0.6786190799970355,(P_014073,(P_011701,((P_011705,P_011713):0.12910929689250725,((KAYP,((ABSS,BCGB):0.7122197399198986,(WIGA,(Dhai,(Apet,Msal):0.21243609365833382):0.2486699217993304):0.5525500590036904):0.1041971818346228):0.22214804883303907,((P_006413,(P_016813,((GAP_80389,GAP_80390):1.8523500251806404,((s11679,P_008646):0.4219576595361297,(P_008640,P_006412):1.0644667748482508):0.22168819360296335):0.0936513312904061):0.7066142497822375):0.11935774147806386,(P_011681,((P_011673,(P_011537,(s11677,P_011739):0.6736777620651228):0.14785066424494275):0.02930148374016779,(P_011759,((P_011735,P_011675):1.510521505622629,(P_011715,(P_011745,P_011611):0.6847916670080119):0.31270725327962745):0.3112556242878902):0.20851494408350693):0.1133097914893488):0.5212562426375603):0.26086567594913984):0.1168384481881454):0.1645697793263864):0.019530069643968802):0.0):0.023633878363939115):0.5127587530113469):0.5785400824216075;
13.26773499591376 7.178624161994767 10.420895997099997 30.86725515500852 0.4056944945504103
75.64798744506815 38.92718195601928 19.23937657367747 133.8145459747649 1.0456688652977152E-8
70.5728282919751 41.850495826360095 25.5486739104435 137.9719980287787 1.2385076878821408E-5
97.7445199535168 10.827024902030935 11.981780439613884 120.55332529516161 1.383801562634075E-27
57.23046443038263 11.682524021731421 33.485631723151606 102.39862017526565 2.493663166363328E-7
48.87922522240724 40.461841849325545 9.803578641851463 99.14464571358425 2.766561236250204E-6
41.28505882417878 30.75646953983431 23.27424791205233 95.31577627606542 0.07601497195981367
55.168701766957874 32.41967433366315 13.101812575135545 100.69018867575656 1.8314013738887035E-6
125.0939377402745 6.264123198965209 7.9201944166152884 139.278255355855 3.7562763203349967E-44
85.27552867943508 29.969198357522263 30.5955509365973 145.84027797355463 9.84661000746905E-10
71.79072011004426 50.03312127566692 40.0123548595999 161.83619624531107 0.007500181481961206
82.55317995736176 52.39113017631094 22.982936505209125 157.92724663888183 4.793855121113268E-8
94.46140357058667 48.764786811453874 14.904616178282597 158.13080656032315 7.355774321721226E-14
86.40413085779537 26.35837375345568 63.088599316267995 175.85110392751903 1.6240726248446328E-7
126.02280940788239 45.87634107595052 5.842123161106074 177.74127364493899 3.5384017748917326E-28
134.4697819435401 8.308852695840415 29.98450382749888 172.7631384668794 4.807544002676795E-35
103.91032654506877 32.75381528586945 21.090687013396035 157.75482884433424 2.5224790403603343E-17
92.79557613155293 26.3852183332056 21.007656914962308 140.18845137972085 1.3839986695969278E-15
49.079279678958244 2.1642133078162185 22.10969364615089 73.35318663292536 1.4237922740554117E-10
41.98182016225909 12.960902541972827 2.7159173694047682 57.65864007363669 4.2293833647553053E-10
33.491541977099175 14.36522711008446 4.177833642309368 52.034602729493 2.846801752552135E-6
144.01094563692536 0.03563599798893916 1.0201266928789865 145.0667083277933 2.3130256998533725E-62
156.55611876377904 1.0082957747242407 6.526958874600587 164.09137341310387 1.4288987206112301E-62
50.10913935655807 30.953227054854747 45.60900995954712 126.67137637095993 0.09290328193938208
45.82150163552364 39.46128416237389 42.14423091992061 127.42701671781813 0.7866034110848914
48.8915827737864 30.90335233939438 19.53746624358102 99.3324013567618 0.0013383870909245625
21.754715557556185 17.708112126895063 6.5979457024389765 46.060773386890226 0.018107614046976965
23.644393301065666 19.04066824147654 7.230447079783095 49.9155086223253 0.01345758320290214
49.96082433676153 33.20690862049365 42.28704913515888 125.45478209241406 0.18600191009884198
55.190971003826625 35.20414464046443 40.12979778146506 130.5249134257561 0.08273225031448837
31.716512626340705 23.36545490868336 16.81301450211351 71.89498203713757 0.09745944470813694
29.057505614792102 23.61820748305405 20.444476498287642 73.1201895961338 0.4591108757469474
18.04052743412373 13.475280618016988 9.149010450935286 40.664818503076006 0.23259092263836564
34.79567114265985 6.496042835184719 1.1036426227769671 42.39535660062153 8.606795665494347E-11
30.376906147128405 27.435825396338945 5.2514449803611205 63.06417652382847 1.2645017664999152E-4
80.95644421431237 52.988736606787434 30.03156573220838 163.97674655330817 6.792039822380805E-6
74.35163125861393 56.575618489312006 38.54721998005067 169.4744697279766 0.003436438838734132
63.81159828226139 54.14015146369919 51.09440898126691 169.0461587272275 0.4572842902195723
48.501213431255515 41.23134174280122 43.7601498158861 133.49270498994284 0.7363147637302656
71.16762600926477 49.394832918246735 15.217346406744134 135.77980533425563 2.330174549390564E-8
115.21296918206605 51.2068902889731 3.0390985300241193 169.45895800106328 4.500440787067834E-25
132.22315804663378 2.0214399782782135 7.445183896775277 141.68978192168728 1.297626211526205E-50
67.68910806824397 19.476892036390588 29.77849179864225 116.9444919032768 6.579543413794057E-8
172.51198003805106 2.103081103384435 2.63630928362232 177.25137042505781 1.1782291044473576E-71
176.9186283069702 0.22110844939941343 1.9291321705114808 179.0688689268811 1.0054361130587897E-75
142.04731911546935 9.065496779687306 5.057587467870085 156.17040336302674 1.973554360009286E-51
140.72793079694964 14.129978129059074 17.881485621975052 172.73939454798378 7.3135240620043826E-40
167.46867901590045 4.504830917874396 5.026490066225166 177.0 1.111841738242965E-65
127.49097024052182 20.004484304932735 31.509132610508757 179.0045871559633 4.4540188552170844E-26
168.81909309760078 6.130175046260972 3.767428962351956 178.7166971062137 5.419363211580702E-66
172.25411705472044 3.6188289186500007 1.6057462796603195 177.47869225303074 3.726241591292795E-71
72.26373970071143 27.096358991499624 58.518512505251344 157.8786111974624 3.768574303321516E-5
173.0291864189622 2.9971916474158626 0.5993362193362194 176.62571428571428 7.87261065021017E-73
164.00624319662978 5.533529292610339 8.092520743842599 177.63229323308275 3.7587926104386496E-61
130.6479670612455 30.109452736318406 19.76580459770115 180.52322439526506 8.383646480873702E-28
176.140719470329 0.741799292242805 2.231173216627393 179.1136919791992 1.0791840880406573E-74
157.0 8.0 13.0 178.0 3.8854338387293924E-53
178.74651162790698 0.0034883720930232558 0.24883720930232558 178.99883720930234 3.891225960408901E-78
56.63548255407202 57.60198320097036 54.97303782304079 169.21050357808318 0.9691371716443282
100.49761011179031 16.914800122403438 13.240649597665634 130.65305983185937 5.156840664612744E-25
84.63286114331356 41.13791688623781 43.13313836674553 168.9039163962969 2.231425745880037E-5
68.22961376028985 59.04097322915103 37.31649706409155 164.58708405353244 0.010119130738691593
177.98166343460463 0.0045871559633027525 0.9954128440366973 178.98166343460463 3.6718799073786236E-77
113.80136022087122 28.8547945674702 31.807449386891594 174.463604175233 4.364981375187578E-18
154.0549419113683 5.0349171210972345 18.90563646302996 177.9954954954955 2.458816670380506E-50
78.00295380233446 38.557515155619605 58.976280470358354 175.53674942831242 0.0012931225509417586
68.64105011393318 46.42333912469618 57.564775266128365 172.62916450475774 0.11711448930024919
118.56011884129069 23.443597584226506 28.067121835529743 170.07083826104693 9.236935585894592E-23
144.48575683212545 17.326317240676843 10.668499216377999 172.48057328918028 1.103886202807043E-43
158.5160372937284 11.953400283536944 4.557368601110319 175.02680617837567 7.493692616187404E-57
103.47970010777917 33.103483767834476 32.453718622760015 169.03690249837368 1.4339125399907232E-13
114.34067990107624 35.04864736592312 28.95847349714191 178.34780076414128 2.6530821522732335E-17
168.0 6.0 3.0 177.0 2.4665478154056327E-66
158.06205071726288 7.000313227080806 10.972141602033467 176.03450554637715 1.3899374371312513E-55
95.06768330981879 42.280968839148564 38.477319335516846 175.8259714844842 3.852643435037983E-8
171.03016415806735 5.851651054051531 2.8927444747695676 179.77455968688844 7.697406973986698E-68
64.51388642214073 62.015590664375246 49.980754765684786 176.51023185220077 0.35834477672524706
174.98393496577143 1.5982872564507635 3.417777777777778 180.0 1.6586707063344697E-72
85.99603400959126 26.990044260348668 60.01836617450453 173.00444444444446 2.592292896707618E-7
167.60358903616424 3.9737571687121154 9.39297342982685 180.9703196347032 6.357460789626543E-63
73.7679723643949 51.70935443695681 50.48866959497366 175.96599639632535 0.053573650491333155
63.9912186806855 59.99817114198666 49.018546685264354 173.0079365079365 0.3526170456451003
135.0 21.997607655502392 22.016175927379628 179.01378358288204 1.060917351331064E-31
174.33170338786945 3.646396236895817 0.8551835269526543 178.83328315171792 1.1852500756137136E-72
159.21441955066385 13.374894206681603 7.254383273323438 179.8436970306689 2.467725366033422E-54
73.14440739431905 59.12716769531174 44.36635177870511 176.6379268683359 0.029682484543259117
174.1614614645053 2.5533128635083773 3.9381887533824615 180.65296308139614 5.884254573847095E-71
168.1247154872486 4.542991950874666 7.6174274824876 180.2851349206109 5.3480050242776705E-64
167.8736142495588 4.653725166080148 2.927863179558954 175.4552025951979 2.2544678452036297E-67
69.33523701184912 48.51158608301887 43.269141660401246 161.11596475526923 0.02902701997439132
145.588690553139 9.22128576140161 10.807295047555 165.6172713620956 6.258816530155485E-49
145.27835851232882 12.568069885827505 9.447541582202662 167.29396998035898 1.5097851176351074E-47
136.85106521313992 6.830434778919141 13.336276630612915 157.017776622672 2.9116675305324375E-45
94.01234732225906 40.037877201823534 45.023639112281046 179.07386363636363 3.3657336806615623E-7
157.98125578773517 8.266889701017963 10.788544071686418 177.03668956043956 8.414957575577438E-55
156.64003570676988 7.681719259391601 8.614119461960977 172.93587442812245 4.210638346621692E-56
89.32251629315417 36.2492046164893 40.95938381657851 166.53110472622197 1.7710741216557746E-7
58.76930230448085 51.42119021955865 48.06770241417564 158.25819493821515 0.566687050230764
174.39022908067307 2.630372700961978 1.601018493525579 178.6216202751606 6.898339185602824E-73
130.83600974408546 18.854269577815447 12.323691722682097 162.013971044583 2.045831705143696E-36
53.852872544006125 46.98982457228268 43.38224839855596 144.22494551484476 0.5551647069088408
56.392869195063064 49.13071829291634 38.713445890971535 144.23703337895094 0.1934945215418145
93.7003101140693 35.50701765496697 37.82613842570614 167.03346619474243 3.4038113321153866E-9
168.9835203943804 2.0517825638746965 5.025726047652183 176.06102900590727 2.9138047670447804E-68
56.654467490650184 49.991036735843124 58.76185251827464 165.40735674476792 0.6837373893889491
86.10229984976469 38.19394156301364 35.9423047307648 160.23854614354315 2.972925180490489E-7
109.91901187023795 20.974585998363853 22.840983599457132 153.73458146805893 1.2898073297461128E-22
94.77076948043499 22.715955774444588 24.584758461872145 142.07148371675174 3.388315773861841E-16
128.13410826347695 1.2024774329090349 17.82812925413461 147.1647149505206 7.333506209654396E-43
40.949621388983104 36.774780802375695 35.85714369250046 113.58154588385925 0.8231684119214863
120.30595519369025 19.071304631729653 14.852785459809912 154.23004528522983 7.74173561003733E-31
39.52461638989093 29.177214250577887 38.735721070630674 107.43755171109949 0.39598432294887953
38.01502775962775 30.16991651190717 33.493288664484474 101.67823293601938 0.6328603613526778
164.8682696397528 4.940350658616742 3.181245453189585 172.98986575155914 1.1872288072382792E-65
41.08557140530193 32.35952423897539 29.616836670044144 103.06193231432147 0.3520354959898579
173.94023630262504 0.11647709570123363 2.0286127767221176 176.0853261750484 1.9481318001580717E-74
59.590688723590425 29.718991851166766 26.120462851684504 115.4301434264417 1.5473331814757515E-4
33.45034494792194 33.43425491493064 29.42204453378014 96.30664439663272 0.8455019159475539
39.32018443463146 26.356406298846597 35.895261795155236 101.57185252863329 0.26369949963458406
151.9778127732405 10.876912371604845 7.06951844049135 169.92424358533668 5.070435232720135E-53
110.17065571930726 12.797132860066323 10.190553351046404 133.15834193042 1.6822530463191135E-32
40.56361276815105 24.626003783721533 35.198535288439395 100.38815184031199 0.14012488025421518
40.42895883826669 34.739622811152074 27.344581736323345 102.51316338574212 0.2837606738379553
36.46910966052964 33.140452815195786 31.898660816088693 101.50822329181412 0.847838189169058
41.008945397929786 27.174678168626905 38.05770501776812 106.2413285843248 0.22332655703271787
42.60067669782692 32.52692225746953 38.335401150796606 113.46300010609306 0.5086261020606081
136.95079699454 13.843914862898979 4.684309815857237 155.47902167329622 1.919173727614007E-46
121.787572272097 16.153011579096752 12.056802242243718 149.99738609343746 2.45699844730644E-34
154.1397681017791 4.661408933118659 3.2377566886779947 162.03893372357575 3.45719844460086E-61
154.49195092567035 1.784909135731538 1.3642886476592084 157.6411487090611 3.7889275171351007E-65
86.83393688248604 37.02777295246881 27.504516517625845 151.3662263525807 1.8259696917981764E-9
146.69879696695105 5.906894182371987 10.529754550889296 163.13544570021233 8.04074292533042E-52
168.47553826702838 0.673291748286185 0.9262455018389164 170.07507551715346 1.608871424975973E-72
94.86455452261679 8.861041876916971 51.209154476355124 154.93475087588888 2.8109177355947616E-16
95.2788471540423 10.96247542517877 31.43321772160144 137.6745403008225 4.973840151310085E-19
134.3813554614794 2.6725693903963554 5.675399700914435 142.72932455279016 2.4671108689596443E-52
1.0202772092038397 1.993976072273596 0.37145126067103434 3.38570454214847 0.5537937960696402
Not enough genes
Cannot perform polytomy test with effective N (after polytomies) 3.38570454214847:
	(((P_011613,WPHN):0.019814590458266827,((P_011609,(P2619,Sdec):0.3781999525159004):0.8774766209924252,(((GAP_79862,P_011587):1.1222671359761787,(P_014081,(P0104A,P_008647):2.389747477153589):1.6227981257533421):1.2653214102518295,((MAQO,(WAIL,(P_011527,(P_014077,(GAP_80298,(P_014083,GAP_80297):2.088881629611578):0.1516065449522903):0.1577062662535597):0.32930272376778014):0.6746236706030345):1.715942202865448,(((KRJP,(P_011549,GAP_80395):1.696843086723582):0.859769508473938,(((GAP_80393,GAP_80394):0.9965950472674272,(s11657,(P_011643,(P_011651,P_011509):0.9057082396676842):0.05197079166554585):0.973422759488935):0.07081237324213326,((P_011647,(P_011465,(P_011501,(P_011523,(P_011487,P_011489):0.059448834043628496):0.10925667638153047):0.7428303991734285):1.458563834752182):0.26598062743890005,(P_011631,(P_011551,((P_007844,P_011637):0.025187991548206033,(P_007843,(P_007783,P_006414):0.11488901012524963):0.3837527264331039):0.039726181163829824):0.08913288018971573):0.11832263366079829):0.9187447610901714):2.1617655404284433):1.8881711634170923,((P_011531,(P_011699,(P_006411,Schi):0.8653602852633946):0.28170225283861694):1.743677908284877,(VYLQ,(P_018635,(P_008631,(P_011709,((P_011579,(P_011671,P_008632):0.1344787514024047):1.2298870199813312,((P_011719,P_011607):0.6786190799970355,(P_014073,(P_011701,((P_011705,P_011713):0.12910929689250725,((KAYP,((ABSS,BCGB):0.7122197399198986,(WIGA,(Dhai,(Apet,Msal):0.21243609365833382):0.2486699217993304):0.5525500590036904):0.1041971818346228):0.22214804883303907,((P_006413,(P_016813,((GAP_80389,GAP_80390):1.8523500251806404,((s11679,P_008646):0.4219576595361297,(P_008640,P_006412):1.0644667748482508):0.22168819360296335):0.0936513312904061):0.7066142497822375):0.11935774147806386,(P_011681,((P_011673,(P_011537,(s11677,P_011739):0.6736777620651228):0.14785066424494275):0.02930148374016779,(P_011759,((P_011735,P_011675):1.510521505622629,(P_011715,(P_011745,P_011611):0.6847916670080119):0.31270725327962745):0.3112556242878902):0.20851494408350693):0.1133097914893488):0.5212562426375603):0.26086567594913984):0.1168384481881454):0.1645697793263864):0.019530069643968802):0.0):0.023633878363939115):0.5127587530113469):0.5785400824216075):0.13297810782969227):0.4180784997944838):0.3034466654937611):1.2248324651134614):0.4008362185029914):0.26413402951069703):0.15427549308130395):0.37655142716890944):1.8178997207869312,((P_007845,(((P_018639,P_018779):0.46379088853355954,(P_018695,(P_018783,P_018645):0.17592053696681398):0.3273382238789625):0.49497325488913985,(P_018691,((P_016797,(OBPL,(GAP_80397,P_016799):0.2650793036435879):0.8155084942913464):1.0811725311756626,((P_016793,(P_016795,P_006422):0.6573939969753225):0.6652778272401948,(P_018693,(S38,((S08,P_014095):0.6735889059333867,((S04,(S27,P_016789):0.8522500460160027):0.5928591994024678,(P_016791,((P_016787,S02):3.8579513974033994,(P_014099,S03):2.556828799083302):0.09291381002718142):0.03581922474061086):0.2625915859687868):0.21493090214963598):0.2188743618778114):0.09720792821577756):0.1386134870934781):0.1656391623848792):0.09216835342706067):0.1619165183499262):1.21316170857021,(((P2623,P2622):0.23730019864026505,(P0110C,(XQWC,(P0110B,(P0207A,(P0207C,(P0207B,(P0206G,P0206H):0.26928096172914756):0.16749349882942574):0.06495533022519843):0.04179649547482534):0.32914592519828434):0.7212337069013087):2.207016292629753):0.4476313158861098,((GAP_80322,DHPO):3.0303766390386375,((P_012941,P_012795):3.640395437563214,((P_012861,((P_012855,(P_007802,P_012827):1.9356431458129526):1.2552364483642817,((P_012919,P_012921):2.4219646743240744,(P_012813,P_018637):0.8264447208721506):2.397373648578502):2.9504989160678097):0.20120382383065874,(((P_012867,((P_012923,P_012847):3.2489122927082508,(P_012817,P_012899):2.097060169259739):0.8665417935989226):3.4086086081799047,(P_012843,(((P_012937,(P_006421,P_012939):1.690878244374275):4.562482994904019,((P_012803,P_012853):0.0,(P_012837,P_012829):1.035715838919035):0.28393290338067206):0.12564267063299606,(((P_012801,(P_012809,P_012879):4.094242687225271):0.6402947154946552,(P_012839,(P_012805,(P_012825,(P_012799,YZRI):1.5654003959437512):0.17766436651694867):0.09760953083476723):0.7755952932698001):1.3834834443449975,((P_012909,(((P_012871,P_012849):1.902355126656855,(P_012807,P_012845):0.532488614666594):0.6093650179028325,(P_012865,(P_012931,(P_012933,P_012935):2.4737333491898745):1.8278913706236737):0.3659337398057787):2.5150933180709645):0.04620766652124547,((P_012833,GAP_81172):2.9985985263576844,((P_012927,(GAP_80295,PSJT):0.27618335052959864):2.1334633282936095,((P_012915,P_012791):0.13384278936806726,(P_012869,(P_012835,(P_012823,P_012819):0.053003467688416614):0.98059957059944):3.0815298280902734):1.7181201619636317):0.1251571969582877):2.7828637021312277):2.217392217453094):2.6179829081548394):0.15260785981545594):1.6643517825742193):1.5840744182973234,((P_012797,(P_012841,((P_012913,P_012877):1.6048126977956096,(P_012811,(P_012895,P_012891):0.33283966562333356):1.7780244139267924):1.9027556491779931):0.35632445774431976):0.05501444426688034,((((P_012925,P_012883):3.1307101751916027,(P_012857,(P_012815,P_012903):1.2170890143969793):0.057878896186848695):0.08601814180528732,(P_012875,((P_012905,P_012831):0.4101409567726068,(P_012901,(P_012887,P_012851):2.681945876851669):0.010742253121593626):0.35811673064370736):0.8336905486811831):0.6804329353308494,(P_018689,((P_012885,(GAP_80294,P_006420):1.595598047515666):0.03674296411034836,(P_012859,((P_012907,(GAP_80291,(P_012881,P_012873):1.0862662200692907):0.04786543799801491):0.056942697557129184,((P_012897,(GAP_80293,P_012893):2.542887145570209):0.09676168450280523,((P_012889,(P_012793,(GAP_80292,P_006419):3.625324111062072):0.3115956481714492):0.015766928754748125,((P_012863,P_006418):0.0779769448761512,((P_012917,P_012821):1.7941397641212131,P_012911):1.3160150262905297):0.10549781975881341):0.08976326489909692):0.03423071722228372):0.07644707873335765):0.06003440589534348):1.675596007579669):1.2372926753367885):2.502566399393283):3.2382646067074248):0.43827890854415635):1.8366526270480745):3.7813039416916086):0.5319485855822691):0.7563044429557424):2.327307621805183):0.0;
1.9205902678152165 0.00619492846012183 0.6296296296296297 2.556414825904968 0.3266763000622147
Not enough genes
Cannot perform polytomy test with effective N (after polytomies) 2.556414825904968:
	(P_011589,(((P_011613,WPHN):0.019814590458266827,((P_011609,(P2619,Sdec):0.3781999525159004):0.8774766209924252,(((GAP_79862,P_011587):1.1222671359761787,(P_014081,(P0104A,P_008647):2.389747477153589):1.6227981257533421):1.2653214102518295,((MAQO,(WAIL,(P_011527,(P_014077,(GAP_80298,(P_014083,GAP_80297):2.088881629611578):0.1516065449522903):0.1577062662535597):0.32930272376778014):0.6746236706030345):1.715942202865448,(((KRJP,(P_011549,GAP_80395):1.696843086723582):0.859769508473938,(((GAP_80393,GAP_80394):0.9965950472674272,(s11657,(P_011643,(P_011651,P_011509):0.9057082396676842):0.05197079166554585):0.973422759488935):0.07081237324213326,((P_011647,(P_011465,(P_011501,(P_011523,(P_011487,P_011489):0.059448834043628496):0.10925667638153047):0.7428303991734285):1.458563834752182):0.26598062743890005,(P_011631,(P_011551,((P_007844,P_011637):0.025187991548206033,(P_007843,(P_007783,P_006414):0.11488901012524963):0.3837527264331039):0.039726181163829824):0.08913288018971573):0.11832263366079829):0.9187447610901714):2.1617655404284433):1.8881711634170923,((P_011531,(P_011699,(P_006411,Schi):0.8653602852633946):0.28170225283861694):1.743677908284877,(VYLQ,(P_018635,(P_008631,(P_011709,((P_011579,(P_011671,P_008632):0.1344787514024047):1.2298870199813312,((P_011719,P_011607):0.6786190799970355,(P_014073,(P_011701,((P_011705,P_011713):0.12910929689250725,((KAYP,((ABSS,BCGB):0.7122197399198986,(WIGA,(Dhai,(Apet,Msal):0.21243609365833382):0.2486699217993304):0.5525500590036904):0.1041971818346228):0.22214804883303907,((P_006413,(P_016813,((GAP_80389,GAP_80390):1.8523500251806404,((s11679,P_008646):0.4219576595361297,(P_008640,P_006412):1.0644667748482508):0.22168819360296335):0.0936513312904061):0.7066142497822375):0.11935774147806386,(P_011681,((P_011673,(P_011537,(s11677,P_011739):0.6736777620651228):0.14785066424494275):0.02930148374016779,(P_011759,((P_011735,P_011675):1.510521505622629,(P_011715,(P_011745,P_011611):0.6847916670080119):0.31270725327962745):0.3112556242878902):0.20851494408350693):0.1133097914893488):0.5212562426375603):0.26086567594913984):0.1168384481881454):0.1645697793263864):0.019530069643968802):0.0):0.023633878363939115):0.5127587530113469):0.5785400824216075):0.13297810782969227):0.4180784997944838):0.3034466654937611):1.2248324651134614):0.4008362185029914):0.26413402951069703):0.15427549308130395):0.37655142716890944):1.8178997207869312,((P_007845,(((P_018639,P_018779):0.46379088853355954,(P_018695,(P_018783,P_018645):0.17592053696681398):0.3273382238789625):0.49497325488913985,(P_018691,((P_016797,(OBPL,(GAP_80397,P_016799):0.2650793036435879):0.8155084942913464):1.0811725311756626,((P_016793,(P_016795,P_006422):0.6573939969753225):0.6652778272401948,(P_018693,(S38,((S08,P_014095):0.6735889059333867,((S04,(S27,P_016789):0.8522500460160027):0.5928591994024678,(P_016791,((P_016787,S02):3.8579513974033994,(P_014099,S03):2.556828799083302):0.09291381002718142):0.03581922474061086):0.2625915859687868):0.21493090214963598):0.2188743618778114):0.09720792821577756):0.1386134870934781):0.1656391623848792):0.09216835342706067):0.1619165183499262):1.21316170857021,(((P2623,P2622):0.23730019864026505,(P0110C,(XQWC,(P0110B,(P0207A,(P0207C,(P0207B,(P0206G,P0206H):0.26928096172914756):0.16749349882942574):0.06495533022519843):0.04179649547482534):0.32914592519828434):0.7212337069013087):2.207016292629753):0.4476313158861098,((GAP_80322,DHPO):3.0303766390386375,((P_012941,P_012795):3.640395437563214,((P_012861,((P_012855,(P_007802,P_012827):1.9356431458129526):1.2552364483642817,((P_012919,P_012921):2.4219646743240744,(P_012813,P_018637):0.8264447208721506):2.397373648578502):2.9504989160678097):0.20120382383065874,(((P_012867,((P_012923,P_012847):3.2489122927082508,(P_012817,P_012899):2.097060169259739):0.8665417935989226):3.4086086081799047,(P_012843,(((P_012937,(P_006421,P_012939):1.690878244374275):4.562482994904019,((P_012803,P_012853):0.0,(P_012837,P_012829):1.035715838919035):0.28393290338067206):0.12564267063299606,(((P_012801,(P_012809,P_012879):4.094242687225271):0.6402947154946552,(P_012839,(P_012805,(P_012825,(P_012799,YZRI):1.5654003959437512):0.17766436651694867):0.09760953083476723):0.7755952932698001):1.3834834443449975,((P_012909,(((P_012871,P_012849):1.902355126656855,(P_012807,P_012845):0.532488614666594):0.6093650179028325,(P_012865,(P_012931,(P_012933,P_012935):2.4737333491898745):1.8278913706236737):0.3659337398057787):2.5150933180709645):0.04620766652124547,((P_012833,GAP_81172):2.9985985263576844,((P_012927,(GAP_80295,PSJT):0.27618335052959864):2.1334633282936095,((P_012915,P_012791):0.13384278936806726,(P_012869,(P_012835,(P_012823,P_012819):0.053003467688416614):0.98059957059944):3.0815298280902734):1.7181201619636317):0.1251571969582877):2.7828637021312277):2.217392217453094):2.6179829081548394):0.15260785981545594):1.6643517825742193):1.5840744182973234,((P_012797,(P_012841,((P_012913,P_012877):1.6048126977956096,(P_012811,(P_012895,P_012891):0.33283966562333356):1.7780244139267924):1.9027556491779931):0.35632445774431976):0.05501444426688034,((((P_012925,P_012883):3.1307101751916027,(P_012857,(P_012815,P_012903):1.2170890143969793):0.057878896186848695):0.08601814180528732,(P_012875,((P_012905,P_012831):0.4101409567726068,(P_012901,(P_012887,P_012851):2.681945876851669):0.010742253121593626):0.35811673064370736):0.8336905486811831):0.6804329353308494,(P_018689,((P_012885,(GAP_80294,P_006420):1.595598047515666):0.03674296411034836,(P_012859,((P_012907,(GAP_80291,(P_012881,P_012873):1.0862662200692907):0.04786543799801491):0.056942697557129184,((P_012897,(GAP_80293,P_012893):2.542887145570209):0.09676168450280523,((P_012889,(P_012793,(GAP_80292,P_006419):3.625324111062072):0.3115956481714492):0.015766928754748125,((P_012863,P_006418):0.0779769448761512,((P_012917,P_012821):1.7941397641212131,P_012911):1.3160150262905297):0.10549781975881341):0.08976326489909692):0.03423071722228372):0.07644707873335765):0.06003440589534348):1.675596007579669):1.2372926753367885):2.502566399393283):3.2382646067074248):0.43827890854415635):1.8366526270480745):3.7813039416916086):0.5319485855822691):0.7563044429557424):2.327307621805183):0.0):0.3711408638450097;
109.1394566738205 7.286026975688737 5.3725667269864505 121.7980503764957 2.0002515841806177E-38
104.40737150307858 16.931840634945228 7.2920461764100315 128.63125831443384 1.0094341902145534E-29
61.463735192990264 2.74173654015887 32.306320719681054 96.51179245283019 2.302086938277918E-12
Extended species tree:
(P0109B,((P_018831,OSHQ)0:1.0674532083720694,((P_016909,WZFE)0:1.9033260760277524,(P0203H,((((SJEV,(P_019193,(P_019187,Wsal)0:0.6608067626755534)0:0.9093908510111522)0:2.0819554750471423,(P_016921,(GAP_81227,(WKSU,(Pcol,(GAP_81226,P_006410)0:1.0463255882482982)0:0.6243826680166433)0:0.26426677032827595)0:0.5272578761474233)0:3.09937949673462)0:2.3148304852281703,((P_025527,(P_025523,P_025525)0.03754:0.4860823871010422)0.00467:0.5945099470497276,((P_019189,((PAWA,P_019197)0:0.7298414069536718,(Asie,QDVW)0:3.3046165536563747)0.00702:0.1256159360063425)0.00175:0.16463829802990274,(((CSSK,P_019185)0.42549:0.06686213748133217,(OPDF,P2589)0:0.9283163122265655)0:1.5940830403783404,((P_019191,P_019199)0.00481:0.34417498663105217,(GAP_80417,(P2590,GAP_79804)0:2.4163174072119906)0:0.708754520452656)0:0.4449952330934598)0:1.2197198043405209)0.00005:0.4428658029103613)0.00005:0.4252707742814765)0.00039:0.17874025262199295,(P_011589,(((P_011613,WPHN)0.85113:0.019814590458266827,((P_011609,(P2619,Sdec)0.00162:0.3781999525159004)0:0.8774766209924252,(((GAP_79862,P_011587)0:1.1222671359761787,(P_014081,(P0104A,P_008647)0:2.389747477153589)0:1.6227981257533421)0:1.2653214102518295,((MAQO,(WAIL,(P_011527,(P_014077,(GAP_80298,(P_014083,GAP_80297)0:2.088881629611578)0.05545:0.1516065449522903)0.03426:0.1577062662535597)0.00001:0.32930272376778014)0:0.6746236706030345)0:1.715942202865448,(((KRJP,(P_011549,GAP_80395)0:1.696843086723582)0:0.859769508473938,(((GAP_80393,GAP_80394)0:0.9965950472674272,(s11657,(P_011643,(P_011651,P_011509)0:0.9057082396676842)0.16166:0.05197079166554585)0:0.973422759488935)0.30687:0.07081237324213326,((P_011647,(P_011465,(P_011501,(P_011523,(P_011487,P_011489)0.55593:0.059448834043628496)0.08634:0.10925667638153047)0:0.7428303991734285)0:1.458563834752182)0.00036:0.26598062743890005,(P_011631,(P_011551,((P_007844,P_011637)0.72313:0.025187991548206033,(P_007843,(P_007783,P_006414)0.12416:0.11488901012524963)0:0.3837527264331039)0.57489:0.039726181163829824)0.32413:0.08913288018971573)0.0164:0.11832263366079829)0:0.9187447610901714)0:2.1617655404284433)0:1.8881711634170923,((P_011531,(P_011699,(P_006411,Schi)0:0.8653602852633946)0:0.28170225283861694)0:1.743677908284877,(VYLQ,(P_018635,(P_008631,(P_011709,((P_011579,(P_011671,P_008632)0.15727:0.1344787514024047)0:1.2298870199813312,((P_011719,P_011607)NA:0.6786190799970355,(P_014073,(P_011701,((P_011705,P_011713)0.20542:0.12910929689250725,((KAYP,((ABSS,BCGB)0:0.7122197399198986,(WIGA,(Dhai,(Apet,Msal)0.07078:0.21243609365833382)0.00052:0.2486699217993304)0:0.5525500590036904)0.27265:0.1041971818346228)0.03886:0.22214804883303907,((P_006413,(P_016813,((GAP_80389,GAP_80390)0:1.8523500251806404,((s11679,P_008646)0:0.4219576595361297,(P_008640,P_006412)0:1.0644667748482508)0.00443:0.22168819360296335)0.27275:0.0936513312904061)0:0.7066142497822375)0.00474:0.11935774147806386,(P_011681,((P_011673,(P_011537,(s11677,P_011739)0:0.6736777620651228)0.11647:0.14785066424494275)0.79164:0.02930148374016779,(P_011759,((P_011735,P_011675)0:1.510521505622629,(P_011715,(P_011745,P_011611)0.00121:0.6847916670080119)0:0.31270725327962745)0.00002:0.3112556242878902)0.00827:0.20851494408350693)0.02908:0.1133097914893488)0:0.5212562426375603)0.00173:0.26086567594913984)0.19833:0.1168384481881454)0.22893:0.1645697793263864)NA:0.019530069643968802)NA:0.0)0.12135:0.023633878363939115)0.00146:0.5127587530113469)NA:0.5785400824216075)0.40569:0.13297810782969227)0:0.4180784997944838)0.00001:0.3034466654937611)0:1.2248324651134614)0:0.4008362185029914)0:0.26413402951069703)0.07601:0.15427549308130395)0:0.37655142716890944)0:1.8178997207869312,((P_007845,(((P_018639,P_018779)0:0.46379088853355954,(P_018695,(P_018783,P_018645)0.0075:0.17592053696681398)0:0.3273382238789625)0:0.49497325488913985,(P_018691,((P_016797,(OBPL,(GAP_80397,P_016799)0:0.2650793036435879)0:0.8155084942913464)0:1.0811725311756626,((P_016793,(P_016795,P_006422)0:0.6573939969753225)0:0.6652778272401948,(P_018693,(S38,((S08,P_014095)0:0.6735889059333867,((S04,(S27,P_016789)0:0.8522500460160027)0:0.5928591994024678,(P_016791,((P_016787,S02)0:3.8579513974033994,(P_014099,S03)0:2.556828799083302)0.0929:0.09291381002718142)0.7866:0.03581922474061086)0.00134:0.2625915859687868)0.01811:0.21493090214963598)0.01346:0.2188743618778114)0.186:0.09720792821577756)0.08273:0.1386134870934781)0.09746:0.1656391623848792)0.45911:0.09216835342706067)0.23259:0.1619165183499262)0:1.21316170857021,(((P2623,P2622)0.00013:0.23730019864026505,(P0110C,(XQWC,(P0110B,(P0207A,(P0207C,(P0207B,(P0206G,P0206H)0.00001:0.26928096172914756)0.00344:0.16749349882942574)0.45728:0.06495533022519843)0.73631:0.04179649547482534)0:0.32914592519828434)0:0.7212337069013087)0:2.207016292629753)0:0.4476313158861098,((GAP_80322,DHPO)0:3.0303766390386375,((P_012941,P_012795)0:3.640395437563214,((P_012861,((P_012855,(P_007802,P_012827)0:1.9356431458129526)0:1.2552364483642817,((P_012919,P_012921)0:2.4219646743240744,(P_012813,P_018637)0:0.8264447208721506)0:2.397373648578502)0:2.9504989160678097)0.00004:0.20120382383065874,(((P_012867,((P_012923,P_012847)0:3.2489122927082508,(P_012817,P_012899)0:2.097060169259739)0:0.8665417935989226)0:3.4086086081799047,(P_012843,(((P_012937,(P_006421,P_012939)0:1.690878244374275)0:4.562482994904019,((P_012803,P_012853)0.96914:0.0,(P_012837,P_012829)0:1.035715838919035)0.00002:0.28393290338067206)0.01012:0.12564267063299606,(((P_012801,(P_012809,P_012879)0:4.094242687225271)0:0.6402947154946552,(P_012839,(P_012805,(P_012825,(P_012799,YZRI)0:1.5654003959437512)0.00129:0.17766436651694867)0.11711:0.09760953083476723)0:0.7755952932698001)0:1.3834834443449975,((P_012909,(((P_012871,P_012849)0:1.902355126656855,(P_012807,P_012845)0:0.532488614666594)0:0.6093650179028325,(P_012865,(P_012931,(P_012933,P_012935)0:2.4737333491898745)0:1.8278913706236737)0:0.3659337398057787)0:2.5150933180709645)0.35834:0.04620766652124547,((P_012833,GAP_81172)0:2.9985985263576844,((P_012927,(GAP_80295,PSJT)0:0.27618335052959864)0:2.1334633282936095,((P_012915,P_012791)0.05357:0.13384278936806726,(P_012869,(P_012835,(P_012823,P_012819)0.35262:0.053003467688416614)0:0.98059957059944)0:3.0815298280902734)0:1.7181201619636317)0.02968:0.1251571969582877)0:2.7828637021312277)0:2.217392217453094)0:2.6179829081548394)0.02903:0.15260785981545594)0:1.6643517825742193)0:1.5840744182973234,((P_012797,(P_012841,((P_012913,P_012877)0:1.6048126977956096,(P_012811,(P_012895,P_012891)0:0.33283966562333356)0:1.7780244139267924)0:1.9027556491779931)0:0.35632445774431976)0.56669:0.05501444426688034,((((P_012925,P_012883)0:3.1307101751916027,(P_012857,(P_012815,P_012903)0:1.2170890143969793)0.55516:0.057878896186848695)0.19349:0.08601814180528732,(P_012875,((P_012905,P_012831)0:0.4101409567726068,(P_012901,(P_012887,P_012851)0:2.681945876851669)0.68374:0.010742253121593626)0:0.35811673064370736)0:0.8336905486811831)0:0.6804329353308494,(P_018689,((P_012885,(GAP_80294,P_006420)0:1.595598047515666)0.82317:0.03674296411034836,(P_012859,((P_012907,(GAP_80291,(P_012881,P_012873)0:1.0862662200692907)0.39598:0.04786543799801491)0.63286:0.056942697557129184,((P_012897,(GAP_80293,P_012893)0:2.542887145570209)0.35204:0.09676168450280523,((P_012889,(P_012793,(GAP_80292,P_006419)0:3.625324111062072)0.00015:0.3115956481714492)0.8455:0.015766928754748125,((P_012863,P_006418)0.2637:0.0779769448761512,((P_012917,P_012821)0:1.7941397641212131,P_012911)0:1.3160150262905297)0.14012:0.10549781975881341)0.28376:0.08976326489909692)0.84784:0.03423071722228372)0.22333:0.07644707873335765)0.50863:0.06003440589534348)0:1.675596007579669)0:1.2372926753367885)0:2.502566399393283)0:3.2382646067074248)0:0.43827890854415635)0:1.8366526270480745)0:3.7813039416916086)0:0.5319485855822691)0:0.7563044429557424)0:2.327307621805183)NA:0.0)NA:0.3711408638450097)0:1.7907071322467958)0:1.23143740253254)0:0.5896552386943198));
Weight calculation took 178.809176188 secs
ASTRAL finished in 217.29 secs
