
================== ASTRAL ===================== 

This is ASTRAL version 5.7.7
Gene trees are treated as unrooted
183 trees read from all_bs10.trees
index204
All output trees will be *arbitrarily* rooted at P0109B

======== Running the main analysis
Number of taxa: 244 (244 species)
Taxa: [ABSS, P_011699, P_011531, P_006411, Schi, P_011549, GAP_80395, P_011465, P_007844, P_011637, P_011647, s11657, GAP_80393, GAP_80394, P_011643, P_011651, P_011509, P_011501, P_011523, P_011487, P_011489, P_007783, P_007843, P_006414, P_011551, P_011671, P_008632, P_016813, P_011705, P_011713, P_011759, P_011681, P_006413, P_011735, P_011675, P_011673, s11677, P_011715, GAP_80389, s11679, GAP_80390, P_011745, P_008640, P_006412, WIGA, P_011537, P_008646, P_011739, P_011527, GAP_80298, P_014083, GAP_80297, P_014077, WAIL, MAQO, GAP_79862, P_014081, P0104A, P_008647, PAWA, CSSK, P_019185, P2590, GAP_79804, OPDF, P2589, P_019197, P_018635, P2619, P_019189, P_012843, P_012937, P_006421, P_012939, P_012803, P_012837, P_012829, P_012853, P_012909, GAP_80295, PSJT, P_012927, P_012915, P_012791, P_012869, P_012823, P_012835, P_012819, P_012833, GAP_81172, P_012871, P_012839, P_012849, P_012931, P_012933, P_012935, P_012807, P_012845, P_012865, P_012801, P_012809, P_012879, P_012799, P_012825, P_012805, P_012867, P_012817, P_012899, P_012923, P_012847, P_012861, P_012913, P_012877, P_012841, P_012797, P_012925, P_012883, P_012815, P_012903, P_012857, P_012905, P_012875, P_012831, P_012901, P_012887, P_012851, P_012811, P_012895, P_012891, P_018689, P_012885, P_012863, P_012917, P_012821, P_012911, P_012889, P_012793, P_006418, GAP_80292, P_006419, P_012897, GAP_80293, P_012893, P_012907, GAP_80291, P_012881, P_012873, P_012859, GAP_80294, P_006420, P_012855, P_007802, P_012827, P_012813, P_018637, P_012919, P_012921, P_012941, P_012795, P_011587, P_011613, P_011609, Sdec, P_007845, P2623, P2622, P_011701, P_011579, P_018639, P_018691, P_016793, GAP_80397, OBPL, P_016799, P_016797, P_016795, P_006422, P_018695, P_018783, P_018645, P_016787, S02, P_018779, P_014099, S03, P_018693, S27, P_016789, S04, P_016791, P0110C, P0207C, P0206G, P0206H, P0110B, P0207A, P0207B, XQWC, GAP_80322, YZRI, DHPO, P_016909, P_018831, P0203H, P0109B, P_025523, GAP_80417, WZFE, Asie, QDVW, SJEV, P_019187, Wsal, P_019193, WKSU, P_016921, GAP_81226, P_006410, Pcol, GAP_81227, KRJP, WPHN, VYLQ, Apet, Dhai, BCGB, S08, S38, P_019191, OSHQ, P_025525, P_011631, P_008631, P_014095, KAYP, Msal, P_011719, P_025527, P_014073, P_011709, P_019199, P_011611, P_011607, P_011589]
Taxon occupancy: {P_019193=164, P_019191=87, P_019197=172, OPDF=178, GAP_81172=182, P_018783=180, P_019199=80, Wsal=163, P_016921=180, WKSU=183, P_025523=41, P_025525=63, P_025527=29, P_014073=43, P0203H=132, P_014077=120, QDVW=180, P_011487=180, P_011489=181, P_016813=164, P_006421=182, P_006422=179, P_006420=155, P_006418=182, P_006419=183, P_006414=180, P_014081=143, P_014083=146, P_018689=183, P0206H=176, P0206G=167, Msal=159, P0109B=100, P_012901=181, P_006410=177, P_006411=178, P_006412=179, P_012903=181, P_006413=175, P_012905=182, GAP_79862=176, PAWA=178, P_012907=183, ABSS=182, P_012909=181, P_018691=93, GAP_80291=183, P_018695=177, P_014095=95, GAP_80293=182, GAP_80292=183, P_018693=177, GAP_80295=180, GAP_80294=182, P_014099=177, GAP_80297=180, GAP_80298=178, P_012911=182, P_011701=48, P_012913=161, P_011705=112, P_012915=178, P_012917=179, P_012919=181, P_011709=40, P_011671=107, P_012881=183, P_011551=135, P_011673=157, MAQO=181, P_012883=183, P_011675=171, P_012885=182, GAP_80322=181, P2590=160, P_012887=183, P_012889=181, P_008647=172, PSJT=178, P2589=161, P_011681=146, P_012891=182, P_012893=182, P_018637=182, P_012895=183, P_018635=171, P_012897=182, P0207C=179, P_012899=181, P0207B=178, P_018639=175, P0207A=180, P_008646=180, P_008640=179, BCGB=181, WZFE=179, P_018645=177, KRJP=180, KAYP=111, P_011699=114, P_011579=150, CSSK=176, P_008632=177, P_007783=175, P_016909=180, P_008631=37, P_019187=177, P_019185=172, Sdec=52, P_019189=160, P_012791=181, P_012793=181, P_012795=181, Asie=143, P_011465=181, P_018779=161, P_012797=182, P_011587=152, P_012799=182, P_011589=5, GAP_80417=113, WIGA=178, GAP_79804=147, P_007802=162, P_012841=181, P_011631=156, P_012843=181, Pcol=158, P_012845=180, P_011637=180, P_012847=178, P_011759=172, P_012849=181, Apet=87, OBPL=181, P0110C=172, P0110B=139, P_018831=178, YZRI=180, P_012851=182, P_011643=183, P_012853=179, P_011523=181, P_012855=181, P_011647=172, P_012857=180, P_011527=119, P_012859=182, WAIL=181, P_016789=175, P_011651=168, P_012861=182, P_011531=160, P_016787=178, P_012863=182, P_012865=181, Schi=155, P_012867=181, P_011537=147, P_012869=182, P_016793=175, P_016791=179, P_016797=181, SJEV=180, P_016795=176, P_012871=178, P_012873=181, P_016799=179, P_012875=182, P_012877=180, P_012879=183, P_011549=175, P_007844=140, P_007845=47, S02=150, P_012921=177, S04=65, P_012801=181, S03=173, P_011713=141, P_012923=182, P_012803=180, P_011715=161, P_012925=181, S08=131, P_007843=169, P_012805=181, P_012927=182, P_012807=178, P_011719=36, P_012809=181, VYLQ=181, s11657=164, DHPO=183, GAP_80390=162, P2622=142, P2623=71, GAP_80394=181, XQWC=182, GAP_80393=182, GAP_80395=181, GAP_80397=180, P_012931=182, P_012811=182, P_012933=178, WPHN=181, P_012813=181, P_012935=179, P_012815=181, P_012937=182, P_012817=180, P_011607=7, P_012939=180, P_012819=178, P_011609=129, P2619=128, OSHQ=179, GAP_80389=173, P_012941=183, P_012821=181, P_011611=30, P_012823=181, P_011613=86, P_011735=179, P_012825=183, S27=151, P_012827=172, P_011739=162, P_012829=134, s11679=147, s11677=147, Dhai=175, P0104A=162, P_012831=177, P_011501=181, P_012833=180, GAP_81226=181, P_011745=166, GAP_81227=181, P_012835=181, S38=63, P_012837=181, P_012839=179, P_011509=180}
Number of gene trees: 183
183 trees have missing taxa
Calculating quartet distance matrix (for completion of X)
Species tree distances calculated ...
Will attempt to complete bipartitions from X before adding using a distance matrix.
Building set of clusters (X) from gene trees 
------------------------------
gradient0: 28445
Number of Clusters after addition by distance: 28445
calculating extra bipartitions to be added at level 1 ...
Adding to X using resolutions of greedy consensus ...
Limit for sigma of degrees:6150
polytomy size limit : 41
discarded polytomies:  [3, 3, 3, 3, 3, 3, 3, 3, 3, 3, 3, 3, 3, 3, 3, 3, 3, 3, 3, 4, 4, 4, 4, 4, 4, 4, 4, 4, 4, 4, 4, 5, 5, 5, 5, 6, 6, 6, 7, 8, 9, 10, 11, 11, 13, 14, 14, 15, 27, 41]
Threshold 0.0:
polytomy of size 3; rounds with additions with at least 5 support: 0; clusters: 28447
Threshold 0.01:
polytomy of size 5; rounds with additions with at least 5 support: 2; clusters: 28481
Threshold 0.02:
polytomy of size 3; rounds with additions with at least 5 support: 0; clusters: 28481
polytomy of size 8; rounds with additions with at least 5 support: 1; clusters: 28601
Threshold 0.05:
polytomy of size 3; rounds with additions with at least 5 support: 0; clusters: 28601
polytomy of size 3; rounds with additions with at least 5 support: 0; clusters: 28601
polytomy of size 4; rounds with additions with at least 5 support: 0; clusters: 28601
polytomy of size 9; rounds with additions with at least 5 support: 2; clusters: 28613
polytomy of size 4; rounds with additions with at least 5 support: 0; clusters: 28613
polytomy of size 4; rounds with additions with at least 5 support: 0; clusters: 28613
polytomy of size 5; rounds with additions with at least 5 support: 2; clusters: 28625
Threshold 0.1:
polytomy of size 4; rounds with additions with at least 5 support: 0; clusters: 28627
polytomy of size 3; rounds with additions with at least 5 support: 0; clusters: 28627
polytomy of size 6; rounds with additions with at least 5 support: 0; clusters: 28631
polytomy of size 13; rounds with additions with at least 5 support: 0; clusters: 28645
polytomy of size 3; rounds with additions with at least 5 support: 0; clusters: 28645
polytomy of size 3; rounds with additions with at least 5 support: 0; clusters: 28645
polytomy of size 5; rounds with additions with at least 5 support: 0; clusters: 28647
polytomy of size 10; rounds with additions with at least 5 support: 0; clusters: 28657
polytomy of size 3; rounds with additions with at least 5 support: 0; clusters: 28657
Threshold 0.2:
polytomy of size 3; rounds with additions with at least 5 support: 0; clusters: 28657
polytomy of size 5; rounds with additions with at least 5 support: 0; clusters: 28657
polytomy of size 3; rounds with additions with at least 5 support: 0; clusters: 28657
polytomy of size 11; rounds with additions with at least 5 support: 0; clusters: 28677
polytomy of size 14; rounds with additions with at least 5 support: 0; clusters: 28685
polytomy of size 3; rounds with additions with at least 5 support: 0; clusters: 28685
polytomy of size 4; rounds with additions with at least 5 support: 0; clusters: 28685
polytomy of size 6; rounds with additions with at least 5 support: 0; clusters: 28685
polytomy of size 4; rounds with additions with at least 5 support: 0; clusters: 28685
polytomy of size 4; rounds with additions with at least 5 support: 0; clusters: 28685
polytomy of size 3; rounds with additions with at least 5 support: 0; clusters: 28685
polytomy of size 27; rounds with additions with at least 5 support: 0; clusters: 28699
Threshold 0.3333333333333333:
polytomy of size 3; rounds with additions with at least 5 support: 0; clusters: 28699
polytomy of size 7; rounds with additions with at least 5 support: 0; clusters: 28699
polytomy of size 15; rounds with additions with at least 5 support: 0; clusters: 28717
polytomy of size 14; rounds with additions with at least 5 support: 0; clusters: 28721
polytomy of size 4; rounds with additions with at least 5 support: 0; clusters: 28721
polytomy of size 4; rounds with additions with at least 5 support: 0; clusters: 28721
polytomy of size 3; rounds with additions with at least 5 support: 0; clusters: 28721
polytomy of size 3; rounds with additions with at least 5 support: 0; clusters: 28721
polytomy of size 3; rounds with additions with at least 5 support: 0; clusters: 28721
polytomy of size 4; rounds with additions with at least 5 support: 0; clusters: 28721
polytomy of size 6; rounds with additions with at least 5 support: 0; clusters: 28721
polytomy of size 4; rounds with additions with at least 5 support: 0; clusters: 28721
polytomy of size 3; rounds with additions with at least 5 support: 0; clusters: 28721
polytomy of size 3; rounds with additions with at least 5 support: 0; clusters: 28721
polytomy of size 4; rounds with additions with at least 5 support: 0; clusters: 28721
polytomy of size 3; rounds with additions with at least 5 support: 0; clusters: 28721
polytomy of size 11; rounds with additions with at least 5 support: 0; clusters: 28721
polytomy of size 41; rounds with additions with at least 5 support: 0; clusters: 28727
max k is :4
Number of Clusters after addition by greedy: 28727
gradient0 in heuristiic: 28727
partitions formed in 25.325 secs
Dynamic Programming starting after 25.326 secs
Using tree-based weight calculation.
Using polytree-based weight calculation.
Polytree max score: 14550412832
Polytree building time: 0.232 seconds.
Number of quartet trees in the gene trees: 14550412832
Size of largest cluster: 244
Greedy score: 13456833843
estimationFactor: 1.0812656975451072
Sub-optimal score: 13681103475
Total Number of elements weighted: 78383
Normalized score (portion of input quartet trees satisfied before correcting for multiple individuals): 0.9492592566599694
Optimization score: 13812114069
Optimal tree inferred in 213.875 secs.
(P_012911,((P_012917,P_012821),((P_012863,P_006418),((P_012889,(P_012793,(GAP_80292,P_006419))),((P_012897,(GAP_80293,P_012893)),((P_012907,(GAP_80291,(P_012881,P_012873))),(P_012859,((P_012885,(GAP_80294,P_006420)),(P_018689,((((P_012925,P_012883),(P_012857,(P_012815,P_012903))),(P_012875,((P_012905,P_012831),(P_012901,(P_012887,P_012851))))),((P_012797,(P_012841,((P_012913,P_012877),(P_012811,(P_012895,P_012891))))),(((P_012867,((P_012923,P_012847),(P_012817,P_012899))),(P_012843,(((P_012937,(P_006421,P_012939)),((P_012803,P_012853),(P_012837,P_012829))),(((P_012801,(P_012809,P_012879)),(P_012839,(P_012805,(P_012825,(P_012799,YZRI))))),((P_012909,(((P_012871,P_012849),(P_012807,P_012845)),(P_012865,(P_012931,(P_012933,P_012935))))),((P_012833,GAP_81172),((P_012927,(GAP_80295,PSJT)),((P_012915,P_012791),(P_012869,(P_012835,(P_012823,P_012819))))))))))),((P_012861,((P_012855,(P_007802,P_012827)),((P_012919,P_012921),(P_012813,P_018637)))),((P_012941,P_012795),((GAP_80322,DHPO),(((P2623,P2622),(P0110C,(XQWC,(P0110B,(P0207A,(P0207C,(P0207B,(P0206G,P0206H)))))))),((P_007845,(((P_018639,P_018779),(P_018695,(P_018783,P_018645))),(P_018691,((P_016797,(OBPL,(GAP_80397,P_016799))),((P_016793,(P_016795,P_006422)),(P_018693,(S38,((S08,P_014095),((S04,(S27,P_016789)),(P_016791,((P_016787,S02),(P_014099,S03)))))))))))),((P_011589,((P0203H,((P_016909,WZFE),(P0109B,(P_018831,OSHQ)))),(((SJEV,(P_019193,(P_019187,Wsal))),(P_016921,(GAP_81227,(WKSU,(Pcol,(GAP_81226,P_006410)))))),((P_025527,(P_025523,P_025525)),((P_019189,((PAWA,P_019197),(Asie,QDVW))),(((CSSK,P_019185),(OPDF,P2589)),((P_019191,P_019199),(GAP_80417,(P2590,GAP_79804))))))))),((P_011613,WPHN),((P_011609,(P2619,Sdec)),(((GAP_79862,P_011587),(P_014081,(P0104A,P_008647))),((MAQO,(WAIL,(P_011527,(P_014077,(GAP_80298,(P_014083,GAP_80297)))))),(((KRJP,(P_011549,GAP_80395)),(((GAP_80393,GAP_80394),(s11657,(P_011643,(P_011651,P_011509)))),((P_011647,(P_011465,(P_011501,(P_011523,(P_011487,P_011489))))),(P_011631,(P_011551,((P_007844,P_011637),(P_007843,(P_007783,P_006414)))))))),((P_011531,(P_011699,(P_006411,Schi))),(VYLQ,(P_018635,(P_008631,(P_011709,((P_011579,(P_011671,P_008632)),((P_011719,P_011607),(P_014073,(P_011701,((P_011705,P_011713),((KAYP,((ABSS,BCGB),(WIGA,(Dhai,(Apet,Msal))))),((P_006413,(P_016813,((GAP_80389,GAP_80390),((s11679,P_008646),(P_008640,P_006412))))),(P_011681,((P_011673,(P_011537,(s11677,P_011739))),(P_011759,((P_011735,P_011675),(P_011715,(P_011745,P_011611)))))))))))))))))))))))))))))))))))))))));
Final quartet score is: 13812114069
Final normalized quartet score is: 0.9492592566599694
You may want to ignore posterior probabilities and other statistics related to the following branch branch because the effective number of genes impacting it is only 17:
	{P_025523, P_025525}
You may want to ignore posterior probabilities and other statistics related to the following branch branch because the effective number of genes impacting it is only 2:
	{P_011719, P_011607}
You may want to ignore posterior probabilities and other statistics related to the following branch branch because the effective number of genes impacting it is only 16:
	{ABSS, P_016813, P_011705, P_011713, P_011759, P_011681, P_006413, P_011735, P_011675, P_011673, s11677, P_011715, GAP_80389, s11679, GAP_80390, P_011745, P_008640, P_006412, WIGA, P_011537, P_008646, P_011739, P_011701, Apet, Dhai, BCGB, KAYP, Msal, P_011611}
You may want to ignore posterior probabilities and other statistics related to the following branch branch because the effective number of genes impacting it is only 8:
	{ABSS, P_016813, P_011705, P_011713, P_011759, P_011681, P_006413, P_011735, P_011675, P_011673, s11677, P_011715, GAP_80389, s11679, GAP_80390, P_011745, P_008640, P_006412, WIGA, P_011537, P_008646, P_011739, P_011701, Apet, Dhai, BCGB, KAYP, Msal, P_014073, P_011611}
You may want to ignore posterior probabilities and other statistics related to the following branch branch because the effective number of genes impacting it is only 10:
	{ABSS, P_011671, P_008632, P_016813, P_011705, P_011713, P_011759, P_011681, P_006413, P_011735, P_011675, P_011673, s11677, P_011715, GAP_80389, s11679, GAP_80390, P_011745, P_008640, P_006412, WIGA, P_011537, P_008646, P_011739, P_011701, P_011579, Apet, Dhai, BCGB, KAYP, Msal, P_011719, P_014073, P_011709, P_011611, P_011607}
You may want to ignore posterior probabilities and other statistics related to the following branch branch because the effective number of genes impacting it is only 5:
	{ABSS, P_011699, P_011531, P_006411, Schi, P_011549, GAP_80395, P_011465, P_007844, P_011637, P_011647, s11657, GAP_80393, GAP_80394, P_011643, P_011651, P_011509, P_011501, P_011523, P_011487, P_011489, P_007783, P_007843, P_006414, P_011551, P_011671, P_008632, P_016813, P_011705, P_011713, P_011759, P_011681, P_006413, P_011735, P_011675, P_011673, s11677, P_011715, GAP_80389, s11679, GAP_80390, P_011745, P_008640, P_006412, WIGA, P_011537, P_008646, P_011739, P_011527, GAP_80298, P_014083, GAP_80297, P_014077, WAIL, MAQO, GAP_79862, P_014081, P0104A, P_008647, P_018635, P2619, P_012843, P_012937, P_006421, P_012939, P_012803, P_012837, P_012829, P_012853, P_012909, GAP_80295, PSJT, P_012927, P_012915, P_012791, P_012869, P_012823, P_012835, P_012819, P_012833, GAP_81172, P_012871, P_012839, P_012849, P_012931, P_012933, P_012935, P_012807, P_012845, P_012865, P_012801, P_012809, P_012879, P_012799, P_012825, P_012805, P_012867, P_012817, P_012899, P_012923, P_012847, P_012861, P_012913, P_012877, P_012841, P_012797, P_012925, P_012883, P_012815, P_012903, P_012857, P_012905, P_012875, P_012831, P_012901, P_012887, P_012851, P_012811, P_012895, P_012891, P_018689, P_012885, P_012863, P_012917, P_012821, P_012911, P_012889, P_012793, P_006418, GAP_80292, P_006419, P_012897, GAP_80293, P_012893, P_012907, GAP_80291, P_012881, P_012873, P_012859, GAP_80294, P_006420, P_012855, P_007802, P_012827, P_012813, P_018637, P_012919, P_012921, P_012941, P_012795, P_011587, P_011613, P_011609, Sdec, P_007845, P2623, P2622, P_011701, P_011579, P_018639, P_018691, P_016793, GAP_80397, OBPL, P_016799, P_016797, P_016795, P_006422, P_018695, P_018783, P_018645, P_016787, S02, P_018779, P_014099, S03, P_018693, S27, P_016789, S04, P_016791, P0110C, P0207C, P0206G, P0206H, P0110B, P0207A, P0207B, XQWC, GAP_80322, YZRI, DHPO, KRJP, WPHN, VYLQ, Apet, Dhai, BCGB, S08, S38, P_011631, P_008631, P_014095, KAYP, Msal, P_011719, P_014073, P_011709, P_011611, P_011607}
You may want to ignore posterior probabilities and other statistics related to the following branch branch because the effective number of genes impacting it is only 5:
	{ABSS, P_011699, P_011531, P_006411, Schi, P_011549, GAP_80395, P_011465, P_007844, P_011637, P_011647, s11657, GAP_80393, GAP_80394, P_011643, P_011651, P_011509, P_011501, P_011523, P_011487, P_011489, P_007783, P_007843, P_006414, P_011551, P_011671, P_008632, P_016813, P_011705, P_011713, P_011759, P_011681, P_006413, P_011735, P_011675, P_011673, s11677, P_011715, GAP_80389, s11679, GAP_80390, P_011745, P_008640, P_006412, WIGA, P_011537, P_008646, P_011739, P_011527, GAP_80298, P_014083, GAP_80297, P_014077, WAIL, MAQO, GAP_79862, P_014081, P0104A, P_008647, P_018635, P2619, P_012843, P_012937, P_006421, P_012939, P_012803, P_012837, P_012829, P_012853, P_012909, GAP_80295, PSJT, P_012927, P_012915, P_012791, P_012869, P_012823, P_012835, P_012819, P_012833, GAP_81172, P_012871, P_012839, P_012849, P_012931, P_012933, P_012935, P_012807, P_012845, P_012865, P_012801, P_012809, P_012879, P_012799, P_012825, P_012805, P_012867, P_012817, P_012899, P_012923, P_012847, P_012861, P_012913, P_012877, P_012841, P_012797, P_012925, P_012883, P_012815, P_012903, P_012857, P_012905, P_012875, P_012831, P_012901, P_012887, P_012851, P_012811, P_012895, P_012891, P_018689, P_012885, P_012863, P_012917, P_012821, P_012911, P_012889, P_012793, P_006418, GAP_80292, P_006419, P_012897, GAP_80293, P_012893, P_012907, GAP_80291, P_012881, P_012873, P_012859, GAP_80294, P_006420, P_012855, P_007802, P_012827, P_012813, P_018637, P_012919, P_012921, P_012941, P_012795, P_011587, P_011613, P_011609, Sdec, P_007845, P2623, P2622, P_011701, P_011579, P_018639, P_018691, P_016793, GAP_80397, OBPL, P_016799, P_016797, P_016795, P_006422, P_018695, P_018783, P_018645, P_016787, S02, P_018779, P_014099, S03, P_018693, S27, P_016789, S04, P_016791, P0110C, P0207C, P0206G, P0206H, P0110B, P0207A, P0207B, XQWC, GAP_80322, YZRI, DHPO, KRJP, WPHN, VYLQ, Apet, Dhai, BCGB, S08, S38, P_011631, P_008631, P_014095, KAYP, Msal, P_011719, P_014073, P_011709, P_011611, P_011607, P_011589}
Extended species tree:
(P0109B,((P_018831,OSHQ)1:1.0674532083720694,((P_016909,WZFE)1:1.9033260760277524,(P0203H,((((SJEV,(P_019193,(P_019187,Wsal)1:0.6608067626755534)1:0.9093908510111522)1:2.0819554750471423,(P_016921,(GAP_81227,(WKSU,(Pcol,(GAP_81226,P_006410)1:1.0463255882482982)1:0.6243826680166433)1:0.26426677032827595)1:0.5272578761474233)1:3.09937949673462)1:2.3148304852281703,((P_025527,(P_025523,P_025525)0.97:0.4860823871010422)0.99:0.5945099470497276,((P_019189,((PAWA,P_019197)1:0.7298414069536718,(Asie,QDVW)1:3.3046165536563747)0.84:0.1256159360063425)0.96:0.16463829802990274,(((CSSK,P_019185)0.74:0.06686213748133217,(OPDF,P2589)1:0.9283163122265655)1:1.5940830403783404,((P_019191,P_019199)1:0.34417498663105217,(GAP_80417,(P2590,GAP_79804)1:2.4163174072119906)1:0.708754520452656)1:0.4449952330934598)1:1.2197198043405209)1:0.4428658029103613)1:0.4252707742814765)0.97:0.17874025262199295,(P_011589,(((P_011613,WPHN)0.41:0.019814590458266827,((P_011609,(P2619,Sdec)0.99:0.3781999525159004)1:0.8774766209924252,(((GAP_79862,P_011587)1:1.1222671359761787,(P_014081,(P0104A,P_008647)1:2.389747477153589)1:1.6227981257533421)1:1.2653214102518295,((MAQO,(WAIL,(P_011527,(P_014077,(GAP_80298,(P_014083,GAP_80297)1:2.088881629611578)0.95:0.1516065449522903)0.88:0.1577062662535597)1:0.32930272376778014)1:0.6746236706030345)1:1.715942202865448,(((KRJP,(P_011549,GAP_80395)1:1.696843086723582)1:0.859769508473938,(((GAP_80393,GAP_80394)1:0.9965950472674272,(s11657,(P_011643,(P_011651,P_011509)1:0.9057082396676842)0.46:0.05197079166554585)1:0.973422759488935)0.72:0.07081237324213326,((P_011647,(P_011465,(P_011501,(P_011523,(P_011487,P_011489)0.69:0.059448834043628496)0.9:0.10925667638153047)1:0.7428303991734285)1:1.458563834752182)1:0.26598062743890005,(P_011631,(P_011551,((P_007844,P_011637)0.44:0.025187991548206033,(P_007843,(P_007783,P_006414)0.92:0.11488901012524963)1:0.3837527264331039)0.49:0.039726181163829824)0.75:0.08913288018971573)0.78:0.11832263366079829)1:0.9187447610901714)1:2.1617655404284433)1:1.8881711634170923,((P_011531,(P_011699,(P_006411,Schi)1:0.8653602852633946)1:0.28170225283861694)1:1.743677908284877,(VYLQ,(P_018635,(P_008631,(P_011709,((P_011579,(P_011671,P_008632)0.89:0.1344787514024047)1:1.2298870199813312,((P_011719,P_011607)0.86:0.6786190799970355,(P_014073,(P_011701,((P_011705,P_011713)0.85:0.12910929689250725,((KAYP,((ABSS,BCGB)1:0.7122197399198986,(WIGA,(Dhai,(Apet,Msal)0.96:0.21243609365833382)1:0.2486699217993304)1:0.5525500590036904)0.75:0.1041971818346228)0.98:0.22214804883303907,((P_006413,(P_016813,((GAP_80389,GAP_80390)1:1.8523500251806404,((s11679,P_008646)1:0.4219576595361297,(P_008640,P_006412)1:1.0644667748482508)1:0.22168819360296335)0.75:0.0936513312904061)1:0.7066142497822375)0.51:0.11935774147806386,(P_011681,((P_011673,(P_011537,(s11677,P_011739)1:0.6736777620651228)0.93:0.14785066424494275)0.47:0.02930148374016779,(P_011759,((P_011735,P_011675)1:1.510521505622629,(P_011715,(P_011745,P_011611)1:0.6847916670080119)1:0.31270725327962745)1:0.3112556242878902)1:0.20851494408350693)0.73:0.1133097914893488)1:0.5212562426375603)1:0.26086567594913984)0.87:0.1168384481881454)0.77:0.1645697793263864)0.42:0.019530069643968802)0.25:0.0)0.16:0.023633878363939115)1:0.5127587530113469)0.95:0.5785400824216075)0.68:0.13297810782969227)1:0.4180784997944838)1:0.3034466654937611)1:1.2248324651134614)1:0.4008362185029914)0.99:0.26413402951069703)0.93:0.15427549308130395)1:0.37655142716890944)1:1.8178997207869312,((P_007845,(((P_018639,P_018779)1:0.46379088853355954,(P_018695,(P_018783,P_018645)0.99:0.17592053696681398)1:0.3273382238789625)1:0.49497325488913985,(P_018691,((P_016797,(OBPL,(GAP_80397,P_016799)1:0.2650793036435879)1:0.8155084942913464)1:1.0811725311756626,((P_016793,(P_016795,P_006422)1:0.6573939969753225)1:0.6652778272401948,(P_018693,(S38,((S08,P_014095)1:0.6735889059333867,((S04,(S27,P_016789)1:0.8522500460160027)1:0.5928591994024678,(P_016791,((P_016787,S02)1:3.8579513974033994,(P_014099,S03)1:2.556828799083302)0.72:0.09291381002718142)0.52:0.03581922474061086)1:0.2625915859687868)0.85:0.21493090214963598)0.88:0.2188743618778114)0.8:0.09720792821577756)0.95:0.1386134870934781)0.9:0.1656391623848792)0.71:0.09216835342706067)0.79:0.1619165183499262)1:1.21316170857021,(((P2623,P2622)0.83:0.23730019864026505,(P0110C,(XQWC,(P0110B,(P0207A,(P0207C,(P0207B,(P0206G,P0206H)1:0.26928096172914756)0.99:0.16749349882942574)0.73:0.06495533022519843)0.56:0.04179649547482534)1:0.32914592519828434)1:0.7212337069013087)1:2.207016292629753)1:0.4476313158861098,((GAP_80322,DHPO)1:3.0303766390386375,((P_012941,P_012795)1:3.640395437563214,((P_012861,((P_012855,(P_007802,P_012827)1:1.9356431458129526)1:1.2552364483642817,((P_012919,P_012921)1:2.4219646743240744,(P_012813,P_018637)1:0.8264447208721506)1:2.397373648578502)1:2.9504989160678097)0.99:0.20120382383065874,(((P_012867,((P_012923,P_012847)1:3.2489122927082508,(P_012817,P_012899)1:2.097060169259739)1:0.8665417935989226)1:3.4086086081799047,(P_012843,(((P_012937,(P_006421,P_012939)1:1.690878244374275)1:4.562482994904019,((P_012803,P_012853)0.34:0.0,(P_012837,P_012829)1:1.035715838919035)1:0.28393290338067206)0.91:0.12564267063299606,(((P_012801,(P_012809,P_012879)1:4.094242687225271)1:0.6402947154946552,(P_012839,(P_012805,(P_012825,(P_012799,YZRI)1:1.5654003959437512)0.99:0.17766436651694867)0.87:0.09760953083476723)1:0.7755952932698001)1:1.3834834443449975,((P_012909,(((P_012871,P_012849)1:1.902355126656855,(P_012807,P_012845)1:0.532488614666594)1:0.6093650179028325,(P_012865,(P_012931,(P_012933,P_012935)1:2.4737333491898745)1:1.8278913706236737)1:0.3659337398057787)1:2.5150933180709645)0.55:0.04620766652124547,((P_012833,GAP_81172)1:2.9985985263576844,((P_012927,(GAP_80295,PSJT)1:0.27618335052959864)1:2.1334633282936095,((P_012915,P_012791)0.97:0.13384278936806726,(P_012869,(P_012835,(P_012823,P_012819)0.61:0.053003467688416614)1:0.98059957059944)1:3.0815298280902734)1:1.7181201619636317)0.95:0.1251571969582877)1:2.7828637021312277)1:2.217392217453094)1:2.6179829081548394)0.98:0.15260785981545594)1:1.6643517825742193)1:1.5840744182973234,((P_012797,(P_012841,((P_012913,P_012877)1:1.6048126977956096,(P_012811,(P_012895,P_012891)1:0.33283966562333356)1:1.7780244139267924)1:1.9027556491779931)1:0.35632445774431976)0.66:0.05501444426688034,((((P_012925,P_012883)1:3.1307101751916027,(P_012857,(P_012815,P_012903)1:1.2170890143969793)0.66:0.057878896186848695)0.78:0.08601814180528732,(P_012875,((P_012905,P_012831)1:0.4101409567726068,(P_012901,(P_012887,P_012851)1:2.681945876851669)0.35:0.010742253121593626)1:0.35811673064370736)1:0.8336905486811831)1:0.6804329353308494,(P_018689,((P_012885,(GAP_80294,P_006420)1:1.595598047515666)0.52:0.03674296411034836,(P_012859,((P_012907,(GAP_80291,(P_012881,P_012873)1:1.0862662200692907)0.49:0.04786543799801491)0.61:0.056942697557129184,((P_012897,(GAP_80293,P_012893)1:2.542887145570209)0.79:0.09676168450280523,((P_012889,(P_012793,(GAP_80292,P_006419)1:3.625324111062072)1:0.3115956481714492)0.4:0.015766928754748125,((P_012863,P_006418)0.64:0.0779769448761512,((P_012917,P_012821)1:1.7941397641212131,P_012911)1:1.3160150262905297)0.76:0.10549781975881341)0.73:0.08976326489909692)0.5:0.03423071722228372)0.62:0.07644707873335765)0.62:0.06003440589534348)1:1.675596007579669)1:1.2372926753367885)1:2.502566399393283)1:3.2382646067074248)1:0.43827890854415635)1:1.8366526270480745)1:3.7813039416916086)1:0.5319485855822691)1:0.7563044429557424)1:2.327307621805183)0.24:0.0)0.73:0.3711408638450097)1:1.7907071322467958)1:1.23143740253254)1:0.5896552386943198));
Weight calculation took 178.275746875 secs
ASTRAL finished in 217.677 secs
