
================== ASTRAL ===================== 

This is ASTRAL version 5.7.7
Gene trees are treated as unrooted
180 trees read from all_bs10.trees
index187
All output trees will be *arbitrarily* rooted at P0109B

======== Running the main analysis
Number of taxa: 244 (244 species)
Taxa: [GAP_80395, P_011551, P_011643, P_011657, P_011509, P_011651, GAP_80394, GAP_80393, P_007844, P_011637, P_007843, P_006414, P_007783, P_011465, P_011501, P_011489, P_011487, P_011523, P_011647, P_014077, P_014083, GAP_80297, GAP_80298, P_011527, P_006411, P_011531, P_018635, P_011671, P_011705, P_011713, P_016813, P_011745, P_011715, P_011735, P_011679, GAP_80390, GAP_80389, P_008640, P_006412, P_011673, P_011739, P_008646, WIGA, P_006413, P_008632, Schi, P_011675, P_011677, P_011537, P_011681, P_011759, Sdec, P_011609, P_011587, P_011699, GAP_79862, P_014081, P_008647, P0104A, P2623, P_018779, GAP_80322, XQWC, P0207B, P0206G, P0206H, P0110B, P0207C, P0110C, P0207A, P2622, P_018783, P_018645, P_018695, P_016787, P_016791, P_018693, S27, P_016789, P_014099, S03, S02, S04, P_011579, P_007845, P_018639, P_011701, P_018691, P_016797, P_016799, GAP_80397, OBPL, P_016793, P_016795, P_006422, P_012941, P_012795, P_012937, P_012939, P_006421, P_012825, P_012799, P_012805, P_012801, P_012809, P_012879, P_012909, GAP_81172, P_012833, P_012927, GAP_80295, PSJT, P_012869, P_012823, P_012819, P_012835, P_012791, P_012915, P_012871, P_012849, P_012865, P_012931, P_012935, P_012933, P_012807, P_012845, P_012839, P_012803, P_012853, P_012837, P_012829, P_012843, P_012923, P_012847, P_012867, P_012899, P_012817, P_012861, P_012797, P_012841, P_012877, P_012913, P_012811, P_012891, P_012895, P_018689, P_012885, P_006418, P_012859, GAP_80292, P_006419, P_012793, P_012889, P_012863, P_012911, P_012917, P_012821, P_012873, P_012893, GAP_80293, P_012907, GAP_80291, P_012881, P_012897, GAP_80294, P_006420, P_012903, P_012815, P_012875, P_012905, P_012831, P_012901, P_012887, P_012851, P_012857, P_012925, P_012883, P_012827, P_007802, P_012855, P_012813, P_018637, P_012919, P_012921, P_019189, P_019197, P2619, P0109B, P0203H, P_025523, GAP_80417, P_016909, P_018831, P_016921, Pcol, P_006410, GAP_81226, GAP_81227, KRJP, WAIL, MAQO, YZRI, DHPO, WZFE, P_019193, Wsal, P_019187, SJEV, WKSU, PAWA, P2589, P_019185, GAP_79804, P2590, OPDF, CSSK, QDVW, Asie, WPHN, VYLQ, BCGB, ABSS, Apet, Dhai, P_011549, OSHQ, P_019191, P_025525, S38, P_011613, P_011631, P_008631, P_014095, S08, Msal, KAYP, P_011719, P_025527, P_014073, P_011709, P_019199, P_011611, P_011607, P_011589]
Taxon occupancy: {P_019193=158, P_019191=78, P_019197=167, OPDF=173, GAP_81172=179, P_018783=175, P_019199=63, Wsal=160, P_016921=177, WKSU=180, P_025523=31, P_025525=55, P_025527=20, P_014073=30, P0203H=127, P_014077=113, QDVW=177, P_011487=176, P_011489=178, P_016813=161, P_006421=179, P_006422=176, P_006420=150, P_006418=179, P_006419=180, P_006414=177, P_014081=129, P_014083=143, P_018689=180, P0206H=170, P0206G=160, Msal=157, P0109B=91, P_012901=178, P_006410=174, P_006411=174, P_006412=176, P_012903=178, P_006413=172, P_012905=179, GAP_79862=173, P_012907=180, PAWA=172, ABSS=176, P_012909=178, P_018691=81, GAP_80291=180, P_018695=172, P_014095=79, GAP_80293=179, P_018693=172, GAP_80292=180, GAP_80295=177, P_014099=172, GAP_80294=179, GAP_80297=176, GAP_80298=174, P_011701=35, P_012911=179, P_012913=156, P_011705=97, P_012915=175, P_012917=176, P_012919=176, P_011709=19, P_011671=103, P_012881=180, P_011551=126, P_011673=148, P_012883=180, MAQO=177, P_011675=167, GAP_80322=178, P_012885=178, P2590=154, P_011677=143, P_012887=179, P_011679=157, P_012889=177, P_008647=168, PSJT=174, P2589=156, P_011681=130, P_012891=178, P_012893=179, P_018637=178, P_012895=179, P_018635=167, P_012897=179, P0207C=174, P0207B=174, P_012899=178, P0207A=176, P_018639=170, P_008646=177, P_008640=176, BCGB=176, WZFE=177, P_018645=172, KRJP=178, KAYP=109, P_011699=103, P_011579=141, CSSK=173, P_008632=174, P_007783=170, P_016909=177, P_008631=35, P_019187=174, P_019185=170, Sdec=41, P_019189=155, P_012791=178, P_012793=177, P_012795=177, Asie=141, P_011465=177, P_018779=151, P_011587=144, P_012797=179, P_012799=179, P_011589=3, GAP_80417=105, WIGA=173, P_007802=156, GAP_79804=141, P_012841=177, P_011631=150, P_012843=178, Pcol=152, P_012845=177, P_011637=175, P_012847=172, P_011759=167, P_012849=178, Apet=82, OBPL=177, P0110C=165, P0110B=127, P_018831=175, YZRI=178, P_012851=178, P_011643=179, P_012853=176, P_011523=178, P_012855=177, P_011647=166, P_012857=177, P_011527=109, P_012859=178, WAIL=178, P_016789=171, P_011651=166, P_012861=179, P_011531=152, P_016787=175, P_012863=179, P_012865=178, Schi=149, P_011657=166, P_012867=178, P_011537=140, P_012869=178, P_016793=171, P_016791=175, P_016797=177, SJEV=176, P_016795=172, P_012871=173, P_012873=178, P_016799=176, P_012875=179, P_012877=177, P_012879=179, P_011549=169, P_007844=134, P_007845=33, S02=140, S04=53, P_012921=171, S03=169, P_012801=178, P_011713=128, P_012923=179, P_012803=177, P_011715=157, P_012925=178, S08=120, P_007843=163, P_012805=177, P_012927=179, P_012807=175, P_011719=20, P_012809=177, VYLQ=178, DHPO=180, GAP_80390=160, P2622=135, P2623=66, GAP_80394=178, XQWC=179, GAP_80393=178, GAP_80395=178, GAP_80397=176, P_012931=179, P_012811=178, P_012933=173, WPHN=177, P_012813=178, P_012935=176, P_012815=177, P_012937=180, P_012817=177, P_011607=6, P_012939=176, P_011609=119, P_012819=174, P2619=117, OSHQ=177, GAP_80389=170, P_012941=180, P_012821=178, P_011611=25, P_012823=177, P_011613=59, P_011735=176, S27=142, P_012825=180, P_012827=169, P_011739=157, P_012829=130, Dhai=172, P0104A=154, P_012831=172, P_011501=178, P_012833=177, GAP_81226=177, P_011745=163, GAP_81227=178, P_012835=177, S38=49, P_012837=178, P_012839=175, P_011509=177}
Number of gene trees: 180
180 trees have missing taxa
Calculating quartet distance matrix (for completion of X)
Species tree distances calculated ...
Will attempt to complete bipartitions from X before adding using a distance matrix.
Building set of clusters (X) from gene trees 
------------------------------
gradient0: 27989
Number of Clusters after addition by distance: 27989
calculating extra bipartitions to be added at level 1 ...
Adding to X using resolutions of greedy consensus ...
Limit for sigma of degrees:6150
polytomy size limit : 35
discarded polytomies:  [3, 3, 3, 3, 3, 3, 3, 3, 3, 3, 3, 3, 3, 3, 3, 3, 3, 3, 3, 3, 4, 4, 4, 4, 4, 4, 4, 4, 4, 4, 4, 4, 4, 4, 4, 4, 5, 6, 6, 6, 6, 7, 9, 9, 10, 13, 13, 14, 14, 14, 24, 35]
Threshold 0.0:
polytomy of size 3; rounds with additions with at least 5 support: 1; clusters: 27995
Threshold 0.01:
polytomy of size 6; rounds with additions with at least 5 support: 1; clusters: 28067
Threshold 0.02:
polytomy of size 3; rounds with additions with at least 5 support: 0; clusters: 28067
polytomy of size 7; rounds with additions with at least 5 support: 2; clusters: 28135
Threshold 0.05:
polytomy of size 4; rounds with additions with at least 5 support: 0; clusters: 28137
polytomy of size 4; rounds with additions with at least 5 support: 0; clusters: 28137
polytomy of size 3; rounds with additions with at least 5 support: 0; clusters: 28137
polytomy of size 4; rounds with additions with at least 5 support: 0; clusters: 28137
polytomy of size 9; rounds with additions with at least 5 support: 0; clusters: 28153
polytomy of size 3; rounds with additions with at least 5 support: 0; clusters: 28155
Threshold 0.1:
polytomy of size 3; rounds with additions with at least 5 support: 0; clusters: 28155
polytomy of size 13; rounds with additions with at least 5 support: 0; clusters: 28175
polytomy of size 3; rounds with additions with at least 5 support: 0; clusters: 28175
polytomy of size 5; rounds with additions with at least 5 support: 0; clusters: 28175
polytomy of size 3; rounds with additions with at least 5 support: 0; clusters: 28175
polytomy of size 13; rounds with additions with at least 5 support: 0; clusters: 28179
polytomy of size 3; rounds with additions with at least 5 support: 0; clusters: 28179
polytomy of size 4; rounds with additions with at least 5 support: 0; clusters: 28179
Threshold 0.2:
polytomy of size 3; rounds with additions with at least 5 support: 0; clusters: 28179
polytomy of size 6; rounds with additions with at least 5 support: 0; clusters: 28179
polytomy of size 3; rounds with additions with at least 5 support: 0; clusters: 28179
polytomy of size 4; rounds with additions with at least 5 support: 0; clusters: 28179
polytomy of size 9; rounds with additions with at least 5 support: 0; clusters: 28187
polytomy of size 4; rounds with additions with at least 5 support: 0; clusters: 28187
polytomy of size 14; rounds with additions with at least 5 support: 0; clusters: 28195
polytomy of size 3; rounds with additions with at least 5 support: 0; clusters: 28195
polytomy of size 4; rounds with additions with at least 5 support: 0; clusters: 28195
polytomy of size 3; rounds with additions with at least 5 support: 0; clusters: 28195
polytomy of size 4; rounds with additions with at least 5 support: 0; clusters: 28195
polytomy of size 3; rounds with additions with at least 5 support: 0; clusters: 28195
polytomy of size 4; rounds with additions with at least 5 support: 0; clusters: 28195
polytomy of size 24; rounds with additions with at least 5 support: 0; clusters: 28213
Threshold 0.3333333333333333:
polytomy of size 3; rounds with additions with at least 5 support: 0; clusters: 28213
polytomy of size 3; rounds with additions with at least 5 support: 0; clusters: 28213
polytomy of size 4; rounds with additions with at least 5 support: 0; clusters: 28213
polytomy of size 4; rounds with additions with at least 5 support: 0; clusters: 28213
polytomy of size 3; rounds with additions with at least 5 support: 0; clusters: 28213
polytomy of size 10; rounds with additions with at least 5 support: 0; clusters: 28213
polytomy of size 3; rounds with additions with at least 5 support: 0; clusters: 28213
polytomy of size 4; rounds with additions with at least 5 support: 0; clusters: 28213
polytomy of size 14; rounds with additions with at least 5 support: 0; clusters: 28219
polytomy of size 6; rounds with additions with at least 5 support: 0; clusters: 28219
polytomy of size 14; rounds with additions with at least 5 support: 0; clusters: 28219
polytomy of size 4; rounds with additions with at least 5 support: 0; clusters: 28219
polytomy of size 4; rounds with additions with at least 5 support: 0; clusters: 28219
polytomy of size 3; rounds with additions with at least 5 support: 0; clusters: 28219
polytomy of size 3; rounds with additions with at least 5 support: 0; clusters: 28219
polytomy of size 3; rounds with additions with at least 5 support: 0; clusters: 28219
polytomy of size 4; rounds with additions with at least 5 support: 0; clusters: 28219
polytomy of size 6; rounds with additions with at least 5 support: 0; clusters: 28219
polytomy of size 4; rounds with additions with at least 5 support: 0; clusters: 28219
polytomy of size 35; rounds with additions with at least 5 support: 0; clusters: 28231
max k is :4
Number of Clusters after addition by greedy: 28231
gradient0 in heuristiic: 28231
partitions formed in 19.167 secs
Dynamic Programming starting after 19.167 secs
Using tree-based weight calculation.
Using polytree-based weight calculation.
Polytree max score: 13870800171
Polytree building time: 0.163 seconds.
Number of quartet trees in the gene trees: 13870800171
Size of largest cluster: 244
Greedy score: 12719822621
estimationFactor: 1.090486918276657
Sub-optimal score: 12881854075
Total Number of elements weighted: 73921
Normalized score (portion of input quartet trees satisfied before correcting for multiple individuals): 0.9501412656462384
Optimization score: 13179219630
Optimal tree inferred in 102.113 secs.
(P_012867,(((P_012899,P_012817),(P_012923,P_012847)),((P_012843,(((P_012937,(P_012939,P_006421)),(P_012853,(P_012803,(P_012837,P_012829)))),(((P_012801,(P_012809,P_012879)),(P_012839,(P_012805,(P_012825,(P_012799,YZRI))))),(P_012909,(((P_012865,(P_012931,(P_012935,P_012933))),((P_012871,P_012849),(P_012807,P_012845))),((GAP_81172,P_012833),((PSJT,(P_012927,GAP_80295)),((P_012791,P_012915),(P_012869,(P_012823,(P_012819,P_012835))))))))))),(((P_012797,(P_012841,((P_012877,P_012913),(P_012811,(P_012891,P_012895))))),(((P_012925,P_012883),((P_012857,(P_012903,P_012815)),(P_012875,(P_012901,((P_012905,P_012831),(P_012887,P_012851)))))),(P_018689,((P_012885,(GAP_80294,P_006420)),((P_012859,(P_012873,P_012881)),(((P_012907,GAP_80291),(P_012897,(P_012893,GAP_80293))),((P_012911,(P_012917,P_012821)),((P_012793,(GAP_80292,P_006419)),(P_012863,(P_006418,P_012889)))))))))),(P_012861,(((P_012855,(P_012827,P_007802)),((P_012813,P_018637),(P_012919,P_012921))),((P_012941,P_012795),((GAP_80322,DHPO),((P2623,(P2622,(P0110C,(XQWC,(P0110B,(P0207A,(P0207C,(P0207B,(P0206G,P0206H))))))))),((P_007845,(((P_018779,P_018639),(P_018695,(P_018783,P_018645))),(P_018691,((P_016797,(OBPL,(P_016799,GAP_80397))),((P_016793,(P_016795,P_006422)),(P_018693,((P_014095,S08),((S04,(S38,(S27,P_016789))),((P_016787,S02),(P_016791,(P_014099,S03))))))))))),(((P0203H,((P_016909,WZFE),(P0109B,(P_018831,OSHQ)))),(((SJEV,(P_019193,(Wsal,P_019187))),(P_016921,(WKSU,(GAP_81227,(Pcol,(P_006410,GAP_81226)))))),((P_025527,(P_025523,P_025525)),(((QDVW,Asie),(P_019189,(P_019197,PAWA))),((CSSK,(P_019185,(P2589,OPDF))),((P_019191,P_019199),(GAP_80417,(GAP_79804,P2590)))))))),(WPHN,((P_011613,(Sdec,P_011589)),(((P_011609,P2619),(MAQO,(WAIL,(P_014077,(P_011527,(GAP_80298,(P_014083,GAP_80297))))))),((((P_011587,GAP_79862),(P_014081,(P_008647,P0104A))),((KRJP,(GAP_80395,P_011549)),(((GAP_80394,GAP_80393),(P_011657,(P_011643,(P_011509,P_011651)))),((P_011647,(P_011465,(P_011523,(P_011501,(P_011489,P_011487))))),(P_011551,(P_011631,((P_007844,P_011637),(P_007843,(P_006414,P_007783))))))))),((P_011531,(P_011699,(P_006411,Schi))),(VYLQ,((P_018635,P_008631),((P_011709,(P_011579,(P_011671,P_008632))),((P_014073,(P_011719,P_011607)),((KAYP,((BCGB,ABSS),(WIGA,(Apet,(Dhai,Msal))))),((P_006413,(P_011705,P_011713)),((P_016813,((GAP_80390,GAP_80389),((P_008640,P_006412),(P_011679,P_008646)))),(P_011701,((P_011673,(P_011537,(P_011739,P_011677))),(P_011759,((P_011735,P_011675),(P_011681,(P_011715,(P_011745,P_011611))))))))))))))))))))))))))))));
Final quartet score is: 13179219630
Final normalized quartet score is: 0.9501412656462384
You may want to ignore posterior probabilities and other statistics related to the following branch branch because the effective number of genes impacting it is only 10:
	{P_025523, P_025525}
You may want to ignore posterior probabilities and other statistics related to the following branch branch because the effective number of genes impacting it is only 14:
	{P_025523, P_025525, P_025527}
You may want to ignore posterior probabilities and other statistics related to the following branch branch because the effective number of genes impacting it is only 1:
	{Sdec, P_011589}
You may want to ignore posterior probabilities and other statistics related to the following branch branch because the effective number of genes impacting it is only 17:
	{Sdec, P_011613, P_011589}
You may want to ignore posterior probabilities and other statistics related to the following branch branch because the effective number of genes impacting it is only 15:
	{P_011671, P_008632, P_011579}
You may want to ignore posterior probabilities and other statistics related to the following branch branch because the effective number of genes impacting it is only 19:
	{P_011671, P_008632, P_011579, P_011709}
You may want to ignore posterior probabilities and other statistics related to the following branch branch because the effective number of genes impacting it is only 1:
	{P_011719, P_011607}
You may want to ignore posterior probabilities and other statistics related to the following branch branch because the effective number of genes impacting it is only 3:
	{P_011719, P_014073, P_011607}
50.93339836536502 35.99368149926133 1.0680657664416104 87.99514563106796 2.0090421030775393E-10
138.33976090703715 23.141899661160995 10.374085855135503 171.85574642333364 2.164246893055573E-38
93.01580328325886 22.988641161185576 32.995555555555555 149.0 2.866705798361796E-13
113.99524846076194 18.648587155676427 21.04337899543379 153.68721461187215 8.697995691457801E-26
149.83884053176675 13.152125760351124 4.4249314852431665 167.41589777736104 1.7442000548568453E-52
118.01281699462561 18.9715340222911 15.015648983083285 152.0 6.442669642177394E-30
103.95769599090058 31.98957867430191 16.04525758984613 151.99253225504862 1.5686047021567583E-19
90.95733232040143 66.44764960671556 19.586701608645477 176.99168353576246 2.0863691115643402E-10
81.54255198209167 85.37827743699832 9.76793999548587 176.68876941457586 4.2141490171086235E-14
169.66467433575528 2.756412176325812 3.8103167571245407 176.23140326920566 6.000706444812536E-69
153.55459202698532 4.571092793041717 8.08728675764018 166.21297157766722 2.191657056892922E-57
6.0 1.0 3.0 10.0 0.14956861922263506
Not enough genes
Cannot perform polytomy test with effective N (after polytomies) 10.0:
	(P_025523,P_025525):0.3829922522561057;
9.176600642051886 2.6847338834492103 0.9786511183490404 12.839985643850136 0.012631572392726352
Not enough genes
Cannot perform polytomy test with effective N (after polytomies) 12.839985643850136:
	(P_025527,(P_025523,P_025525):0.3829922522561057):0.6823552251108532;
136.02983354222692 2.9588887652535143 0.011277692519576594 139.0 2.6331198562092247E-57
82.28296851350483 13.067129054548884 36.740066501321614 132.09016406937533 6.210888683112023E-13
58.88076155722171 49.577626893827926 31.35603687076942 139.81442532181907 0.01490234533046145
79.9443856988072 41.77951474522134 39.67932448993071 161.40322493395925 7.132450652559032E-5
89.07217132397908 6.013145986074125 51.90593753490805 146.99125484496125 4.534796966953289E-16
64.88411407864649 44.09781818821641 55.508795943903785 164.4907282107667 0.1385763859337053
126.98595770574744 23.4918771489051 7.415470145279246 157.8933049999318 1.7841200092236103E-35
27.781110011477466 10.021422669774644 6.415484438335689 44.2180171195878 1.397950879528115E-4
86.99118942731278 5.008810572687224 1.0 93.0 1.0086481314296163E-33
46.607779752469696 8.039668970173556 12.036121459356245 66.6835701819995 1.6296556881147207E-9
56.1993432858666 31.09515795941836 3.02561491176636 90.3201161570513 6.206277384369832E-11
135.52486871175608 4.860991161352279 16.82445332896908 157.21031320207743 5.735104524280164E-44
24.971178674457335 12.578641244637124 21.39613515995981 58.94595507905427 0.1261131632052713
41.727463650803074 11.284033840373466 2.7519613343556766 55.76345882553222 1.5560783350981912E-10
66.11881318657939 43.251542676790784 25.065370076214386 134.43572593958456 7.921845411085668E-5
0.9955156950672646 0.0 0.004484304932735426 1.0 0.3728394383599132
Not enough genes
Cannot perform polytomy test with effective N (after polytomies) 1.0:
	(Sdec,P_011589):0.2832077920568599;
5.486134337021409 4.8825289066169555 2.1537010683637106 12.522364312002075 0.4698758455734514
Not enough genes
Cannot perform polytomy test with effective N (after polytomies) 12.522364312002075:
	(P_011613,(Sdec,P_011589):0.2832077920568599):0.11491975773148864;
64.34854814720615 9.142930217988955 7.743630564376315 81.23510892957141 1.92008424618912E-17
118.02463370693059 18.975626243103168 2.0191242609866165 139.01938421102037 1.6086950008378972E-37
45.43873388761529 31.529209845433833 30.032034532545303 106.99997826559442 0.1321587126355153
30.331320271028456 28.6428339453296 19.683488815643276 78.65764303200133 0.28677253407285147
59.20065305505702 26.293534922192862 20.600675454304884 106.09486343155476 4.653433771214164E-6
102.75760415362598 2.6994707170322507 62.94867339093514 168.40574826159337 2.326522974704536E-20
94.35251576548826 21.261071539027547 9.366840776555856 124.98042808107168 8.380522529758863E-23
54.73697692992963 27.175548911184737 19.044501545973116 100.95702738708749 3.0463716891570947E-5
104.12905369115046 23.44026733739115 5.805443635793154 133.37476466433475 1.4254782791253792E-27
112.9954128440367 2.0 1.0045871559633028 116.0 2.8683910943775815E-47
105.48549071497011 7.656977159020309 9.97460776709424 123.11707564108467 1.0501953195873099E-33
111.77391560795876 14.29175841653005 18.35755288764167 144.42322691213047 3.6845750583454117E-28
150.3832737864737 8.131313423561826 6.432832974585816 164.94742018462134 1.1949524428958351E-54
99.53980877861932 59.295676633344634 3.631645363026855 162.4671307749908 2.510812718509618E-19
121.00795727824854 18.4793416185562 16.572704101631057 156.06000299843578 1.5560886580909581E-30
109.01799848829731 23.890292039144782 27.95291012261609 160.86120065005818 2.1104252847813514E-19
58.95414438301322 51.026857661804364 42.952361910448474 152.93336395526606 0.28485815860851627
119.65417830327185 21.556008571627494 12.52498801034684 153.73517488524618 1.206916893640146E-30
56.926455641045976 41.91785744893742 55.60572928866557 154.45004237864896 0.26147798710136994
70.97082734682161 44.980829011163074 44.14698159499988 160.09863795298457 0.012793006553111849
61.481246811509955 60.51461935212858 40.55337847623888 162.54924463987743 0.07609936332218205
113.41229757986102 28.334001498018814 21.359996559557175 163.106295637437 1.041287590425035E-21
129.78711911716007 11.586559150587746 8.997380655707047 150.37105892345488 5.5628031056040896E-42
52.12016245448328 44.24116517026381 38.37072494679197 134.73205257153904 0.34651271210503976
50.121986506924515 36.16599921618958 30.93702927415161 117.22501499726572 0.08067947040834099
66.71042992294382 47.07910520838684 39.07974961546438 152.86928474679505 0.018932108163929144
81.89393429790938 34.33049110970938 28.545867481394467 144.7702928890132 1.9393327519964617E-8
48.701273891408185 39.8543396211071 39.393270682766655 127.94888419528195 0.5245278688584962
40.27700523710035 33.925799249617526 25.14358482639365 99.34638931311152 0.1748502414824123
39.69309552015545 36.87784133106632 26.294304293077147 102.86524114429892 0.23325670495306414
113.53350821685528 14.394616424473856 24.221521402407884 152.14964604373702 2.823274532769883E-26
157.20499950317833 3.5446152202991836 6.0132705225280025 166.7628852460055 3.0298040680008043E-61
125.91429023505852 13.985103332913495 8.228235782762571 148.12762935073457 1.916232919823471E-39
38.654679301892166 44.63785741964812 23.61584100552256 106.90837772706286 0.037178461045673176
63.715517713129124 12.040491326906423 11.026790413249088 86.78279945328464 2.3413346676558006E-14
45.75729063315228 30.532428745499697 8.55117810395528 84.84089748260726 4.236451512053483E-6
127.48516339668659 5.861279585848597 11.248016140414265 144.59445912294944 2.826411034280553E-43
11.059165188395585 4.302683797286152 7.773675977474041 23.135524963155778 0.2275830229618853
39.108099178185405 22.886886757977006 23.144933887967944 85.13991982413035 0.04773211218488181
10.51640191134251 2.131321616266046 0.8939017784598717 13.541625306068427 0.002307936384938087
Not enough genes
Cannot perform polytomy test with effective N (after polytomies) 13.541625306068427:
	(P_011579,(P_011671,P_008632):0.1996834331096597):0.8789697283348267;
2.5295848780572623 8.496778898310124 2.973268569459246 13.999632345826633 0.09363052367125006
Not enough genes
Cannot perform polytomy test with effective N (after polytomies) 13.999632345826633:
	(P_011709,(P_011579,(P_011671,P_008632):0.1996834331096597):0.8789697283348267):0.0;
1.0 0.0 0.0 1.0 0.3678794411714423
Not enough genes
Cannot perform polytomy test with effective N (after polytomies) 1.0:
	(P_011719,P_011607):0.2876820724517809;
1.683190883190883 0.15692307692307694 1.11988603988604 2.96 0.5467663654346737
Not enough genes
Cannot perform polytomy test with effective N (after polytomies) 2.96:
	(P_014073,(P_011719,P_011607):0.2876820724517809):0.14800396459234236;
100.14696211571423 19.91114439535725 22.597193884611627 142.65530039568313 1.084404230371944E-19
21.9236900347838 22.073692681057164 16.02191042699491 60.01929314283588 0.5513116831734568
33.05843686201901 20.894324730241173 10.996997839364601 64.94975943162478 0.0035529638921974697
81.59894335829547 24.756696418881077 30.473921579516436 136.82956135669298 4.70402083116484E-10
27.06634166066639 24.34621553832049 27.152327839432964 78.56488503841985 0.907329862376619
52.80512141955739 9.763284022222978 14.811008442165084 77.37941388394545 4.771076007518267E-10
28.187550175540615 16.826912770924622 15.722816842069486 60.73727978853472 0.095222092158196
40.987377598879256 20.08663811577653 26.70866883537819 87.78268455003398 0.020257045465700542
129.87853202560083 7.66638181654587 9.301350122704632 146.84626396485135 2.5746589590876246E-44
117.53357464455205 14.14987442939324 18.012731258565438 149.69618033251072 1.2794621739647865E-30
62.089867825919754 43.32593703704658 15.019961880676686 120.43576674364301 8.430415956427154E-7
49.335848253517916 36.56794685093011 36.90938074868287 122.8131758531309 0.2744930225902852
47.60891843225816 27.930779449639473 28.42544847969373 103.96514636159137 0.026428032340238595
66.70884676596337 15.588859336876858 13.342408757006027 95.64011485984626 3.8817499545654434E-13
73.02180202622698 11.172330988317517 17.052432291126603 101.2465653056711 1.0067485875526538E-15
39.46682210956362 28.591451794321774 29.47276439151124 97.53103829539663 0.32550783070095435
40.68776483137254 38.206840293696914 30.765145674981564 109.65975080005103 0.4821530828870403
123.61741597799035 15.382695443639482 11.769019713986403 150.76913113561625 1.2333205550890746E-35
12.064908105719386 2.9608939425789544 3.93508060452744 18.96088265282578 0.019186158367259346
38.913457789797945 29.605538933471685 25.887079490008798 94.40607621327842 0.23911958051318624
44.1177614560736 37.81621070180502 16.397486906109318 98.33145906398795 0.0015933598612440669
60.56002224583173 29.737504104702836 38.01726139905676 128.31478774959132 0.0026077491935712943
47.25716693851136 35.35835949222018 38.9817774001146 121.59730383084613 0.3994150813031432
11.114963884412855 5.772403768894281 8.848093621852373 25.73546127515951 0.43250014856805974
12.4258327426687 8.740429973751715 2.3785257002967097 23.54478841671712 0.037190857323443016
45.28679513726326 20.044744954146275 34.03087309372942 99.36241318513896 0.00800149568611321
61.08687324757986 20.738889117108997 39.72855624043286 121.55431860512172 4.291954802285648E-5
12.218385175959842 17.303162991220944 3.5752790058385235 33.09682717301931 0.012699730051862652
23.523318032931197 9.39127187079348 6.014508763684499 38.92909866740917 0.0012953749093559366
110.52750986658614 14.15563918876294 12.682653998739305 137.3658030540884 1.5168557085795093E-30
92.02428646557912 30.7183890238602 15.909183370189705 138.65185885962902 4.976773457467989E-16
70.25987364345319 49.33672377754691 20.300733528060505 139.8973309490606 1.3731428583933755E-6
98.68496569613436 6.815656445357959 14.47672551324614 119.97734765473845 6.084004739709056E-29
67.20937601419774 13.357621493377497 20.786187361913587 101.35318486948883 1.1252911039214161E-11
29.291318052475358 17.506484531397717 13.334762132544096 60.13256471641718 0.03282400904027202
28.268818216110716 20.2221639784265 14.018963424626504 62.50994561916372 0.08630189076500241
127.06636128920965 8.895995867652621 3.0896722777893566 139.05202943465164 1.3737576941480237E-46
72.89743010144348 45.044009624846915 21.80210551674356 139.74354524303394 7.911508857093339E-7
63.09322504293937 52.787219196695375 43.083514530976224 158.963958770611 0.15112865471783626
89.3221830426398 39.38556662069008 28.221991116407725 156.9297407797376 1.626490291085149E-9
82.73956932354764 57.15186564769187 12.185897043529314 152.0773320147688 1.1758575709515215E-11
88.01269372426684 64.14607847089843 19.443668281132712 171.602440476298 6.323296074495338E-10
98.92175998887112 68.12719355945563 3.420806520732539 170.46976006905928 6.932801569346864E-19
121.22627502799197 8.016579269531649 34.69978454912359 163.9426388466472 1.4608869306564214E-28
98.11509562549226 31.42941119541226 25.879229093716315 155.42373591462083 2.8424612379181724E-14
93.6628965172162 23.208156243501293 24.084928861316094 140.9559816220336 7.83343241233108E-16
39.63388237426942 17.758546685529407 4.8150173467507935 62.20744640654962 3.2570680732854257E-7
21.763670242528313 6.056768858621166 14.000011277242097 41.82045037839158 0.011979184944044754
6.626516304122432 5.334779403464712 5.52490265733346 17.486198364920604 0.9199413649983138
25.595211848987823 12.713800011330274 5.501062160136587 43.81007402045468 8.286328462052161E-4
126.82571517698399 2.271524915682788 3.3831215881748933 132.48036168084167 3.917170811747205E-51
151.06121872107937 3.0099825271777854 5.02806935460163 159.09927060285878 9.365811376827049E-60
43.33140753197795 43.56891377811597 40.64234813249932 127.54266944259324 0.9397467692521443
50.13061900596804 38.1647915728509 38.19740836939691 126.49281894821586 0.32340397559433043
43.92208749302989 26.99591339521289 24.422884017356164 95.34088490559895 0.02926987537872077
46.4461462528537 34.52289532872425 19.089725378440978 100.05876696001893 0.003551847364777075
50.31390999142335 32.254957585120394 39.747715408877966 122.3165829854217 0.132789659165146
54.49878568826752 38.4078483958193 41.10544351386301 134.01207759794983 0.18967361059758253
28.383116664542463 22.710735347619778 12.084001816081688 63.17785382824393 0.03874093631707059
25.00116365719384 19.258043804627896 17.403017153867477 61.66222461568921 0.4660393982530999
11.781474073966178 10.98659280346201 5.488223342528544 28.256290219956732 0.2873771962014581
27.380581803165 3.0207737212211243 1.196613964824713 31.59796948921084 1.540277039486331E-9
82.83594911759208 45.0369040686277 27.10635396886086 154.97920715508064 1.5703266227111573E-7
72.96047717978887 55.00672991192483 34.0491817664135 162.0163888581272 8.91250957487664E-4
74.24075329527571 47.80107942252504 45.95177991130781 167.99361262910855 0.011417393896119227
44.1933260888164 43.13706631143383 35.92124054623793 123.25163294648814 0.610580404818244
66.0611565417618 43.00976139971023 13.653359547463129 122.72427748893516 4.7334399643782756E-8
97.97771589227966 59.59482710610284 3.3796558570631308 160.95219885544566 4.739312305538822E-19
116.24256827860577 6.052529010382481 8.857662766106515 131.15276005509477 6.186079638315053E-40
29.708900973682187 6.903580738206367 25.291723895588085 61.90420560747664 8.339612551364566E-4
27.348789421261984 22.15154008888653 11.86151679769624 61.36184630784476 0.04796307633728532
161.02378652218147 2.888121846936761 6.740341315292591 170.65224968441083 7.451858131766051E-63
174.98863636363637 1.0681818181818181 0.9318181818181818 176.98863636363637 5.229502195274512E-75
133.99712444171277 6.004080264528695 8.99879529375853 148.99999999999997 2.1946655971927313E-47
136.32676366843032 16.65705859677491 15.994906118405087 168.9787283836103 9.750816985023615E-38
118.00687893986104 21.985781990521325 34.509708737864074 174.50236966824644 4.5293376236914676E-21
160.49545454545455 3.0 5.509284791038346 169.0047393364929 1.811308928172143E-63
157.37980330879847 9.017843322086453 8.58302422077168 174.9806708516566 1.6158163738161838E-55
168.92838635888575 3.916933189110671 4.573589900196123 177.41890944819252 4.0952042427308276E-67
126.0845581268653 11.168106613292908 18.04950495049505 155.30216969065327 1.4114289493572241E-35
95.14728470536699 35.20617420501394 42.07601511359014 172.42947402397107 7.393228172817065E-9
161.47348956099134 7.304482709204945 5.595518368341257 174.37349063853753 1.3796250633756632E-60
153.30123228984183 8.229296677350051 10.090325369987449 171.62085433717934 2.611589784535256E-53
90.00835228810857 40.614951581005215 36.3647092290114 166.98801309812518 1.1533358091166994E-7
61.60092372983917 58.788496872353704 47.519605828668965 167.90902643086184 0.37077945111584265
167.59191776058333 1.2224321427761968 2.6903936176650944 171.50474352102464 3.334789383502254E-70
131.67621906662956 11.347019032523676 21.383317448314706 164.40655554746792 4.7445116244061926E-36
51.50941568839466 42.10817610844525 48.28877993580518 141.90637173264508 0.6172035363186671
91.62353225262892 36.692495593679574 31.991381076246807 160.30740892255528 1.1639421379595481E-9
169.51539641930057 1.011111111111111 3.4505775816865483 173.97708511209825 1.3577590193703294E-70
57.18750529893901 48.321134967964156 50.3763844540768 155.88502472097997 0.6606721122022343
73.73950248713282 37.11418464531689 42.80221948589689 153.65590661834662 5.081420535541783E-4
109.96077284690897 19.433670198855808 20.610960122604656 150.00540316836944 3.78437353975192E-24
46.49865490790419 44.46466111639548 45.70739298603233 136.67070901033202 0.9771882786013757
94.19231517507724 28.972404652918623 20.248497112040187 143.41321694003605 1.4633479303378541E-15
114.56081553429813 5.255635752553615 20.619577815892214 140.43602910274396 3.278700002177541E-33
47.665157688998676 32.49803555516133 43.823683669072125 123.98687691323212 0.22213521970398178
123.01429122741857 10.288384514525909 9.38380554770934 142.6864812896538 1.0244379182222273E-39
40.04676742469247 37.54227447475506 31.566322090356053 109.15536398980358 0.5934842476769244
47.898063056952054 35.25972603442523 24.682703309497747 107.84049240087504 0.023327676330784464
157.01201094469954 5.066232630136654 4.151685200949229 166.22992877578542 2.0701743168191563E-61
43.91333861722655 33.81325010295097 33.64859334881821 111.37518206899573 0.3941181153398404
39.58030523995973 32.28816455973103 34.59862103436091 106.46709083405167 0.6761469244523013
152.05252005934327 7.946443920717358 9.03440943200957 169.0333734120702 1.1081938790635085E-53
117.85925679192415 12.784657642752347 15.81404219256146 146.45795662723796 1.5051323948913158E-32
160.15443076654503 1.9940915433800135 5.834439728512521 167.98296203843756 7.252556026148321E-64
51.10697396995895 34.292866546984534 30.159371020995216 115.5592115379387 0.04093486221085843
41.23741958111984 35.74527658029985 39.71216882682543 116.69486498824512 0.8133172513923193
43.21648160150697 31.00427879628161 31.805125056487956 106.02588545427653 0.26702198160781704
44.40323894157897 40.53432246756113 26.444452300370695 111.3820137095108 0.09015879172625726
36.63871197159782 35.12787406435457 35.06265622194066 106.82924225789306 0.9779181907560792
39.47198519924165 30.56367852039691 39.12517786605429 109.16084158569285 0.49669382107269044
51.601353739772996 27.149411301936677 38.56836120502922 117.31912624673889 0.02175738323846319
138.12286347908744 14.042077928410443 6.184950785511246 158.3498921930091 8.536316475851302E-46
119.82367189585419 15.992857683434073 13.341920707603066 149.15845028689134 6.141645084886958E-33
154.35887737122033 4.712315453996351 4.159910181066065 163.23110300628275 1.5749757376911858E-60
162.23538409687828 2.103246323580028 4.700402860286028 169.03903328074435 1.4827194958086295E-65
154.99489795918367 11.0 9.005102040816327 175.0 6.6179070325949675E-53
176.63037118149145 0.27411937377690804 1.0955094447316274 178.0 2.94114440153322E-76
101.709233630937 10.911469496345473 15.088554710468012 127.7092578377505 1.5655824271382098E-27
56.263031114498844 54.42998329184268 55.00375875072843 165.69677315706994 0.9842082385680184
78.6237603289273 41.007153501770375 43.769107699803705 163.4000215305014 3.125843015192023E-4
75.45673998164239 48.28753798558941 37.35823398152395 161.10251194875576 7.71950407221236E-4
172.00446316596515 0.00919545089417833 2.986341383140659 175.0 6.834382068979605E-73
121.59328044315849 21.76939617764691 23.57949443811518 166.9421710589206 3.454802924589994E-26
121.22914097200876 4.397928309868893 49.601747206492725 175.22881648837037 1.5674826851648303E-26
78.0338653337506 33.684023709544256 57.68224030775186 169.40012935104673 1.6200387475331368E-4
62.49767882231821 44.51068374938863 59.9881639144832 166.99652648619005 0.18181381095150964
118.93990959805514 19.805053916215876 28.13221056727398 166.87717408154498 2.463059015477981E-24
136.81928311153987 13.553409020933955 22.072911313265987 172.44560344573983 1.5687676255505605E-36
162.0 5.0 4.0 171.0 9.927121064621384E-64
166.45577619029146 7.191983891259579 1.3416579078669442 174.98941798941797 4.477557035257851E-66
85.01233621410651 46.33333333333334 41.65309892546657 172.99876847290642 5.4306868757981764E-5
159.46086760137763 6.95562584383865 3.583943191142686 170.00043663635896 1.7429886691090498E-61
101.06186827872234 36.991579728895914 31.936691482521223 169.99013949013948 4.1662624180754395E-12
110.58165223360876 36.154176869606125 27.701055133238313 174.43688423645318 2.911971636929038E-16
172.6012330839571 3.105895282337908 2.112170054413789 177.8192984207088 2.637278929724757E-71
170.1199002175952 2.281613127820993 1.9845985786997022 174.38611192411588 5.263806269499646E-71
79.037458588335 69.97623465417607 17.990811261993432 167.0045045045045 3.4175771217983333E-9
127.11974579593304 34.54260843349558 6.25399806340247 167.91635229283108 9.77868227804508E-32
70.50660347082616 49.979724696457815 50.518934990610745 171.00526315789472 0.09063175436779575
66.01514901107923 48.007333867560455 53.9884469252721 168.01092980391178 0.22268974720306403
121.98892340802317 30.509290580220817 23.00734156731158 175.50555555555556 2.8466023142633334E-23
171.98933434708596 2.0007861635220126 2.0064889906732954 175.99660950128126 4.983081039771968E-72
160.87080129968757 8.579287496917125 6.5736111295823205 176.02369992618702 1.0333718601688277E-58
68.03412568205627 63.82927130820586 36.06631216507418 167.9297091553363 0.0045603227984962235
164.94434283306867 2.184043098303359 7.092770165253583 174.22115609662563 7.862963295186145E-65
57.19006953389311 56.89748582797703 51.96507649637678 166.0526318582469 0.8558003585341869
155.990939008455 5.532971448752102 7.5082498595473774 169.0321603167545 3.8972306852855654E-58
159.68261130426924 6.533670190679393 3.7036511102547456 169.9199326052034 8.408202857772811E-62
66.000211787186 43.643924531584034 46.83291826085752 156.47705457962755 0.06059923428997879
129.84225632078324 11.773976771101005 18.63143416551717 160.2476672574014 1.9367421642560464E-36
156.50632973130197 11.013028611855022 7.027425282574024 174.54678362573102 7.051059584511359E-55
168.02169977918282 2.0163119167236223 0.5087719298245614 170.546783625731 1.5187639700794686E-71
129.4939393939394 20.767647058823528 26.510472370766486 176.7720588235294 2.5710038937611163E-28
172.65604288091404 2.0620907739853758 1.828364266159726 176.54649792105914 2.050052464845185E-72
137.79456395914326 14.452341987836979 10.629463024158563 162.8763689711388 1.376962207317784E-42
79.99623893818926 24.332446591981952 47.02506472722616 151.35375025739737 1.8037500341341408E-7
60.3926901609973 35.8704808323677 62.2943083160848 158.5574793094498 0.016416516858493404
138.99008645750672 8.787318970867627 13.18937624258486 160.96678167095922 5.687657363479724E-45
166.49880028483187 1.4986502814970213 2.162145821309012 170.15959638763792 6.200330488994626E-70
109.50707541342396 13.40240555303275 35.997384430655316 158.90686539711203 1.9815174264023054E-21
117.17335802611797 10.196781473342567 27.972446858223577 155.34258635768413 2.7461006846551162E-28
144.61106919833108 3.0696251755672357 3.7158939957025567 151.39658836960086 6.193853691140437E-58
94.74996009983063 18.035300309135078 15.46830545900628 128.253565867972 2.4126290347427265E-21
106.11501199475617 7.557114179142325 2.3457389138724523 116.01786508777096 4.1127319758518816E-39
91.1370850692994 18.420896835610986 15.860578863887543 125.41856076879793 1.0538266214925974E-19
61.48903290895032 6.009591428139267 20.789042570889805 88.28766690797939 6.578980072180412E-13
Extended species tree:
(P0109B,((P_018831,OSHQ)0:0.4439069476612474,((P_016909,WZFE)0:1.2055697378288919,(P0203H,((((SJEV,(P_019193,(Wsal,P_019187)0:0.5623962071780784)0:0.9299093186201942)0:1.7990440561627548,(P_016921,(WKSU,(GAP_81227,(Pcol,(P_006410,GAP_81226)0:1.0699910187088413)0:0.7323930136267256)0:0.309968837102185)0:0.20869829437721565)0:2.748230268837752)0:2.0994499509627382,((P_025527,(P_025523,P_025525)NA:0.3829922522561057)NA:0.6823552251108532,(((QDVW,Asie)0:3.157369291770938,(P_019189,(P_019197,PAWA)0:0.5575237264053019)0.0149:0.136067841553552)0.00007:0.27231792691231205,((CSSK,(P_019185,(P2589,OPDF)0:0.5155230381849856)0.13858:0.09223205989937143)0:1.1999315251568943,((P_019191,P_019199)0.00014:0.5474414501121053,(GAP_80417,(GAP_79804,P2590)0:2.190661663305456)0:0.7612533479769719)0:0.5501132104233616)0:1.5367366290683022)0.12611:0.13335117198905275)0:0.9229806752693005)0.00008:0.2643431446738709,((WPHN,((P_011613,(Sdec,P_011589)NA:0.2832077920568599)NA:0.11491975773148864,(((P_011609,P2619)0:1.1200675821191892,(MAQO,(WAIL,(P_014077,(P_011527,(GAP_80298,(P_014083,GAP_80297)0:1.4455119521316389)0.13216:0.14051993077995403)0.28677:0.07381501255779852)0:0.39925527956072976)0:0.5274044057061288)0:0.9766214222499789)0.00003:0.36426771606608077,((((P_011587,GAP_79862)0:1.085813151023219,(P_014081,(P_008647,P0104A)0:2.969268333639076)0:1.4909019155950953)0:1.0581905997209744,((KRJP,(GAP_80395,P_011549)0:1.9612359229166973)0:0.5333999827257799,(((GAP_80394,GAP_80393)0:1.066199200062831,(P_011657,(P_011643,(P_011509,P_011651)0:0.7139449948513822)0.28486:0.07739657274548045)0:1.0785904225122753)0.26148:0.05056332223847021,((P_011647,(P_011465,(P_011523,(P_011501,(P_011489,P_011487)0.01279:0.17532294660819667)0.0761:0.06600979078726857)0:0.7692417318099395)0:1.54231954758831)0.34651:0.07903189628965586,(P_011551,(P_011631,((P_007844,P_011637)0.08068:0.14610292388490018,(P_007843,(P_006414,P_007783)0.01893:0.1629059623158511)0:0.41961762040441397)0.52453:0.06883398775702539)0.17485:0.10766269017921014)0.23326:0.07605994481991707)0:0.9467138578669733)0:2.3602134325052333)0:1.454610328684276)0.03718:0.03804085407775734,((P_011531,(P_011699,(P_006411,Schi)0:0.8885471533675156)0:0.35606300147410025)0:1.6789345889826792,(VYLQ,((P_018635,P_008631)0.22758:0.2074137092693677,((P_011709,(P_011579,(P_011671,P_008632)0.04773:0.1996834331096597)NA:0.8789697283348267)NA:0.0,((P_014073,(P_011719,P_011607)NA:0.2876820724517809)NA:0.14800396459234236,((KAYP,((BCGB,ABSS)0:0.7889989702999005,(WIGA,(Apet,(Dhai,Msal)0.55131:0.03971497890036237)0.00355:0.290219252010667)0:0.4910913383083231)0.90733:0.01032232064964748)0:0.7145085604292192,((P_006413,(P_011705,P_011713)0.09522:0.20439404669259548)0.02026:0.21379907533111173,((P_016813,((GAP_80390,GAP_80389)0:1.702130389681099,((P_008640,P_006412)0:1.1083777446044822,(P_011679,P_008646)0:0.3105373273871781)0.27449:0.10281392347171515)0.02643:0.19888181474643218)0:0.7666251249874355,(P_011701,((P_011673,(P_011537,(P_011739,P_011677)0:0.8469056877161208)0.32551:0.10628123808476708)0.48215:0.05290011591649882,(P_011759,((P_011735,P_011675)0:1.2792871020191767,(P_011681,(P_011715,(P_011745,P_011611)0.01919:0.5219563042723283)0.23912:0.11856717803565862)0.00159:0.18178615349670968)0.00261:0.22623848831368443)0.39942:0.08142690430400001)0.4325:0.13194172664763945)0.03719:0.3002636277242388)0.008:0.19461554383241406)0.00004:0.284581549900151)0.0127:0.03823745877016496)0.0013:0.4840064894584457)0:1.1980232911180844)0:0.6702756495287815)0:0.28500580720272056)0:1.2858932066018558)0:0.6635158531916793)0.03282:0.2468170759433019)0.0863:0.18351761675271414)0:1.9727025853139544,((P_007845,(((P_018779,P_018639)0:0.3242321700606015,(P_018695,(P_018783,P_018645)0.15113:0.09610597630405417)0:0.42828244765252366)0:0.37216930412108784,(P_018691,((P_016797,(OBPL,(P_016799,GAP_80397)0:0.30771274745032645)0:0.4546934039621279)0:0.9224101718943964,((P_016793,(P_016795,P_006422)0:0.5813531863425176)0:0.6727635279818445,(P_018693,((P_014095,S08)0:0.5808310929419022,((S04,(S38,(S27,P_016789)0.01198:0.30432808796077404)0.91994:0.03841472570502613)0.00083:0.44128382153656703,((P_016787,S02)0:2.593173922337522,(P_016791,(P_014099,S03)0:2.468885304621919)0.93975:0.0056621918776264026)0.3234:0.09409664446574716)0.02927:0.20316242204079446)0.00355:0.2099720860896353)0.13279:0.11879372917260314)0.18967:0.11147684233245751)0.03874:0.1783922111307987)0.46604:0.10366698489102527)0.28738:0.10986872561347144)0:1.4267880593728643,((P2623,(P2622,(P0110C,(XQWC,(P0110B,(P0207A,(P0207C,(P0207B,(P0206G,P0206H)0:0.35183764583991406)0.00089:0.18795491447569385)0.01142:0.17312378983364327)0.61058:0.03408849428566999)0:0.35797259558565825)0:0.5233518146336252)0:1.7115335223880643)0.00083:0.2337394759393528)0.04796:0.17176749706439945,((GAP_80322,DHPO)0:2.3764699115573693,((P_012941,P_012795)0:3.6776423108241785,(((P_012855,(P_012827,P_007802)0:1.8324017575034943)0:1.214136752790533,((P_012813,P_018637)0:0.710480914476677,(P_012919,P_012921)0:2.4780925392639306)0:1.8417008344717216)0:2.528375369929281,(P_012861,(((P_012797,(P_012841,((P_012877,P_012913)0:1.237901092030589,(P_012811,(P_012891,P_012895)0:0.38998580893718143)0:2.1295639061392877)0:1.7845112220816448)0:0.36197948430296956)0.37078:0.04819099549325929,(((P_012925,P_012883)0:3.15311033910295,((P_012857,(P_012903,P_012815)0:1.1845436834651073)0.6172:0.04151239035338278,(P_012875,(P_012901,((P_012905,P_012831)0:0.4338778422034664,(P_012887,P_012851)0:3.061431888691652)0.66067:0.047907306102638936)0.00051:0.24232100977034463)0:0.8971904915432739)0.97719:0.006651133217565172)0:0.6507823343578726,(P_018689,((P_012885,(GAP_80294,P_006420)0:1.2551779824553089)0.22214:0.0747687497142846,((P_012859,(P_012873,P_012881)0:1.5333792828819268)0.59348:0.04638124168807088,(((P_012907,GAP_80291)0.02333:0.1744886925925081,(P_012897,(P_012893,GAP_80293)0:2.3897617470876384)0.39412:0.09010144470538504)0.67615:0.05387816088903801,((P_012911,(P_012917,P_012821)0:1.8412221347268924)0:1.20034755134214,((P_012793,(GAP_80292,P_006419)0:2.5463441184851434)0.04093:0.17161361011302728,(P_012863,(P_006418,P_012889)0.81332:0.02589596036952783)0.26702:0.11170504192872635)0.09016:0.09724327548289106)0.97792:0.009723969593728902)0.49669:0.03818844376668371)0.02176:0.16744895379844818)0:1.610361947243935)0:1.193931107725561)0:2.4060841694820208)0:2.675971441744095,((P_012843,(((P_012937,(P_012939,P_006421)0:1.7202535243906)0:3.9191873715142793,(P_012853,(P_012803,(P_012837,P_012829)0:1.1562531748255085)0.98421:0.006295602685206484)0.00031:0.2450952132382985)0.00077:0.22093559621155448,(((P_012801,(P_012809,P_012879)0:3.379840940260146)0:0.881957235360048,(P_012839,(P_012805,(P_012825,(P_012799,YZRI)0:0.7589908507113433)0.00016:0.2069224614475994)0.18181:0.059778165164769165)0:0.827228336107285)0:1.1496318005431678,(P_012909,(((P_012865,(P_012931,(P_012935,P_012933)0:2.439444275711243)0:2.5101319748763116)0.00005:0.265099201758752,((P_012871,P_012849)0:2.290419086759878,(P_012807,P_012845)0:0.48867076322278813)0:0.5896566500928266)0:2.9534518625476824,((GAP_81172,P_012833)0:3.1002135264474564,((PSJT,(P_012927,GAP_80295)0:0.2302596529022415)0:0.9911233754858296,((P_012791,P_012915)0.09063:0.12201437465118475,(P_012869,(P_012823,(P_012819,P_012835)0.22269:0.08981025390536397)0:0.7693814118741562)0:3.1597735831807157)0:1.9887189983094258)0.00456:0.10993144306122536)0:2.430693598928538)0.8558:0.013613664298920013)0:2.0885251067989152)0:2.316489610720524)0.0606:0.1377287983210441)0:1.2304961799517387,(((P_012899,P_012817)0:1.8158746045671808,(P_012923,P_012847)0:3.4794866898816252)0:0.8980586090117898,P_012867)0:3.1864820722185834)0:1.4324092424468282)0:0.3391207461950213)0.01642:0.07015611786291481)0:1.5474457040307603)0:3.197945054279355)0:0.7491394382983938)0:0.9786931107199599)0:2.568755657138559)0:0.9152471602256966)0:1.967837001454222)0:0.8707751458688378)0:0.7614113789393919));
Weight calculation took 77.720263407 secs
ASTRAL finished in 104.102 secs
