
================== ASTRAL ===================== 

This is ASTRAL version 5.7.7
Gene trees are treated as unrooted
297 trees read from all_bs10.trees
index223
All output trees will be *arbitrarily* rooted at P0109B

======== Running the main analysis
Number of taxa: 243 (243 species)
Taxa: [Apet, WAIL, MAQO, KRJP, VYLQ, WPHN, YZRI, DHPO, P_012941, P_012795, P_012855, P_012827, P_007802, P_018637, P_012813, P_012921, P_012919, P_012797, P_012857, P_012901, P_012851, P_012887, P_012831, P_012905, P_012875, P_012883, P_012925, P_012815, P_012903, P_012841, P_012877, P_012913, P_012895, P_012891, P_012811, P_018689, P_012907, P_012897, P_012863, GAP_80291, P_012889, P_006418, P_012793, P_012917, P_012821, P_012911, GAP_80292, P_006419, GAP_80293, P_012893, P_012881, P_012873, P_012885, P_012859, GAP_80294, P_006420, P_012861, P_012843, P_012853, P_012803, P_012839, P_012909, P_012807, P_012845, P_012849, P_012871, P_012931, P_012933, P_012935, P_012865, GAP_80295, P_012927, PSJT, P_012915, P_012791, P_012823, P_012819, P_012835, P_012869, GAP_81172, P_012833, P_012801, P_012879, P_012809, P_012799, P_012825, P_012805, P_012829, P_012837, P_012937, P_006421, P_012939, P_012899, P_012817, P_012847, P_012923, P_012867, P2590, GAP_79804, P_011699, P_011527, GAP_80298, GAP_80297, P_011657, P_011643, P_011509, P_011651, P_011647, P_011637, P_007783, P_011551, P_007843, P_006414, P_011489, P_011487, P_011523, P_011501, P_011465, GAP_80393, GAP_80394, P_006411, P_011549, GAP_80395, P_014081, P0104A, P_008647, GAP_79862, P_019189, P_019197, GAP_80322, P0110C, P0110B, P0207A, P0207B, P0206H, P0206G, P0207C, XQWC, P2623, P_018691, P_011701, P_018639, P_016799, GAP_80397, OBPL, P_016797, P_006422, P_016795, P_016793, P_018693, P_016789, S27, P_018779, P_014099, S03, P_016791, P_016787, P_018645, P_018783, P_018695, CSSK, P_019185, P2589, OPDF, PAWA, Asie, QDVW, P_016909, P_018831, WZFE, GAP_81227, P_016921, Pcol, P_006410, GAP_81226, WKSU, SJEV, Wsal, P_019187, P_019193, P_008632, P_011671, P_011673, P_011735, P_011715, P_006413, P_011713, P_016813, WIGA, P_008646, GAP_80389, GAP_80390, P_006412, P_008640, P_011745, P_011739, P_011679, BCGB, ABSS, Dhai, KAYP, P_011705, P_011681, P_011537, P_011759, P_011675, P_008631, P_018635, P_011677, Schi, P_011531, P_011587, P_011631, P_014077, P_014083, P2619, P_019191, P2622, S08, S38, S02, P0203H, OSHQ, P0109B, GAP_80417, P_025525, P_011579, Msal, S04, P_007844, P_025527, P_011609, P_014095, P_011611, P_011709, P_011613, Sdec, P_025523, P_014073, P_007845, P_019199, P_011719, P_011607]
Taxon occupancy: {P_019193=200, P_019191=45, P_019197=238, OPDF=280, GAP_81172=287, P_018783=285, P_019199=18, Wsal=203, P_016921=284, WKSU=296, P_025523=14, P_025525=40, P_025527=19, P_014073=8, P0203H=131, P_014077=100, QDVW=289, P_011487=286, P_011489=289, P_016813=251, P_006421=281, P_006422=281, P_006420=119, P_006418=277, P_006419=274, P_006414=282, P_014081=127, P_014083=142, P_018689=285, P0206H=251, P0206G=232, Msal=249, P0109B=91, P_012901=283, P_006410=270, P_006411=266, P_012903=288, P_006412=282, P_006413=272, P_012905=288, P_012907=289, GAP_79862=263, PAWA=284, ABSS=294, P_012909=279, P_018691=109, GAP_80291=290, P_018695=278, P_014095=49, GAP_80293=280, GAP_80292=275, P_018693=277, GAP_80295=274, GAP_80294=273, P_014099=274, GAP_80297=280, GAP_80298=276, P_012911=287, P_011701=10, P_012913=238, P_012915=282, P_011705=100, P_012917=264, P_012919=244, P_011709=9, P_012881=285, P_011671=130, P_011551=98, MAQO=290, P_012883=285, P_011673=161, P_012885=277, GAP_80322=283, P_011675=241, P2590=216, P_012887=284, P_011677=162, P_012889=282, P_011679=173, P_008647=246, PSJT=283, P2589=220, P_012891=277, P_011681=126, P_012893=285, P_018637=270, P_012895=280, P_018635=221, P_012897=279, P0207C=263, P_012899=273, P0207B=271, P0207A=270, P_018639=206, P_008646=287, P_008640=287, BCGB=291, WZFE=289, P_018645=282, KRJP=289, KAYP=172, P_011699=53, P_011579=157, CSSK=280, P_008632=281, P_007783=249, P_016909=286, P_008631=50, P_019187=268, P_019185=254, Sdec=16, P_019189=226, P_012791=278, P_012793=281, P_012795=283, Asie=227, P_011465=288, P_018779=138, P_012797=285, P_011587=138, P_012799=283, GAP_80417=99, WIGA=282, P_007802=177, GAP_79804=187, P_012841=281, P_011631=156, P_012843=287, Pcol=205, P_012845=281, P_012847=270, P_011637=276, P_011759=207, P_012849=268, Apet=130, OBPL=292, P0110C=240, P0110B=165, P_018831=267, YZRI=290, P_012851=286, P_012853=279, P_011643=286, P_011523=288, P_012855=257, P_012857=280, P_011647=222, P_011527=145, P_012859=272, WAIL=293, P_016789=281, P_012861=277, P_011651=219, P_016787=279, P_011531=168, P_012863=287, P_012865=272, Schi=195, P_012867=280, P_011657=209, P_011537=155, P_012869=276, P_016793=279, P_016791=285, P_016797=286, SJEV=290, P_016795=276, P_012871=263, P_012873=282, P_016799=284, P_012875=283, P_012877=281, P_012879=276, P_011549=229, P_007844=119, P_007845=7, S02=177, P_012921=220, S04=31, P_012801=281, S03=248, P_012923=272, P_011713=115, P_012803=283, P_012925=282, P_011715=199, S08=120, P_012805=275, P_007843=204, P_012927=277, P_012807=277, P_011719=3, P_012809=276, VYLQ=292, DHPO=292, GAP_80390=251, P2622=166, P2623=55, GAP_80394=291, XQWC=293, GAP_80393=293, GAP_80395=286, GAP_80397=285, P_012931=281, P_012811=284, WPHN=290, P_012933=260, P_012813=269, P_012935=272, P_012815=281, P_012937=283, P_012817=281, P_011607=3, P_012939=269, P_012819=273, P_011609=107, P2619=110, OSHQ=285, GAP_80389=262, P_012941=285, P_012821=285, P_011611=39, P_012823=280, P_011613=21, P_011735=275, P_012825=279, S27=156, P_012827=219, P_011739=200, P_012829=184, Dhai=276, P0104A=202, P_012831=274, P_011501=292, P_012833=276, GAP_81226=284, GAP_81227=289, P_011745=216, P_012835=280, S38=33, P_012837=286, P_012839=272, P_011509=285}
Number of gene trees: 297
297 trees have missing taxa
Calculating quartet distance matrix (for completion of X)
Species tree distances calculated ...
Will attempt to complete bipartitions from X before adding using a distance matrix.
Building set of clusters (X) from gene trees 
------------------------------
gradient0: 32423
Number of Clusters after addition by distance: 32423
calculating extra bipartitions to be added at level 1 ...
Adding to X using resolutions of greedy consensus ...
Limit for sigma of degrees:6125
polytomy size limit : 21
discarded polytomies:  [3, 3, 3, 3, 3, 3, 3, 3, 3, 3, 3, 3, 3, 3, 3, 4, 4, 4, 4, 4, 4, 4, 4, 4, 4, 4, 4, 4, 4, 4, 4, 4, 5, 5, 5, 5, 6, 6, 6, 6, 8, 9, 10, 11, 12, 13, 14, 21]
Threshold 0.0:
Threshold 0.01:
polytomy of size 4; rounds with additions with at least 5 support: 1; clusters: 32429
Threshold 0.02:
polytomy of size 6; rounds with additions with at least 5 support: 0; clusters: 32461
Threshold 0.05:
polytomy of size 3; rounds with additions with at least 5 support: 0; clusters: 32461
polytomy of size 8; rounds with additions with at least 5 support: 0; clusters: 32465
polytomy of size 3; rounds with additions with at least 5 support: 0; clusters: 32465
Threshold 0.1:
polytomy of size 3; rounds with additions with at least 5 support: 0; clusters: 32465
polytomy of size 4; rounds with additions with at least 5 support: 0; clusters: 32465
polytomy of size 4; rounds with additions with at least 5 support: 0; clusters: 32465
polytomy of size 10; rounds with additions with at least 5 support: 0; clusters: 32469
polytomy of size 3; rounds with additions with at least 5 support: 0; clusters: 32469
polytomy of size 3; rounds with additions with at least 5 support: 0; clusters: 32469
polytomy of size 4; rounds with additions with at least 5 support: 0; clusters: 32469
polytomy of size 3; rounds with additions with at least 5 support: 0; clusters: 32469
polytomy of size 4; rounds with additions with at least 5 support: 0; clusters: 32469
polytomy of size 3; rounds with additions with at least 5 support: 0; clusters: 32469
Threshold 0.2:
polytomy of size 3; rounds with additions with at least 5 support: 0; clusters: 32469
polytomy of size 4; rounds with additions with at least 5 support: 0; clusters: 32469
polytomy of size 5; rounds with additions with at least 5 support: 0; clusters: 32469
polytomy of size 5; rounds with additions with at least 5 support: 0; clusters: 32469
polytomy of size 13; rounds with additions with at least 5 support: 0; clusters: 32471
polytomy of size 4; rounds with additions with at least 5 support: 0; clusters: 32471
polytomy of size 4; rounds with additions with at least 5 support: 0; clusters: 32471
polytomy of size 4; rounds with additions with at least 5 support: 0; clusters: 32471
polytomy of size 4; rounds with additions with at least 5 support: 0; clusters: 32471
polytomy of size 6; rounds with additions with at least 5 support: 0; clusters: 32473
polytomy of size 11; rounds with additions with at least 5 support: 1; clusters: 32475
Threshold 0.3333333333333333:
polytomy of size 3; rounds with additions with at least 5 support: 0; clusters: 32475
polytomy of size 3; rounds with additions with at least 5 support: 0; clusters: 32475
polytomy of size 12; rounds with additions with at least 5 support: 0; clusters: 32477
polytomy of size 6; rounds with additions with at least 5 support: 0; clusters: 32477
polytomy of size 14; rounds with additions with at least 5 support: 0; clusters: 32477
polytomy of size 4; rounds with additions with at least 5 support: 0; clusters: 32477
polytomy of size 4; rounds with additions with at least 5 support: 0; clusters: 32477
polytomy of size 3; rounds with additions with at least 5 support: 0; clusters: 32477
polytomy of size 3; rounds with additions with at least 5 support: 0; clusters: 32477
polytomy of size 3; rounds with additions with at least 5 support: 0; clusters: 32477
polytomy of size 4; rounds with additions with at least 5 support: 0; clusters: 32477
polytomy of size 6; rounds with additions with at least 5 support: 0; clusters: 32477
polytomy of size 4; rounds with additions with at least 5 support: 0; clusters: 32477
polytomy of size 3; rounds with additions with at least 5 support: 0; clusters: 32477
polytomy of size 4; rounds with additions with at least 5 support: 0; clusters: 32477
polytomy of size 4; rounds with additions with at least 5 support: 0; clusters: 32477
polytomy of size 4; rounds with additions with at least 5 support: 0; clusters: 32477
polytomy of size 5; rounds with additions with at least 5 support: 0; clusters: 32477
polytomy of size 3; rounds with additions with at least 5 support: 0; clusters: 32477
polytomy of size 5; rounds with additions with at least 5 support: 0; clusters: 32477
polytomy of size 9; rounds with additions with at least 5 support: 0; clusters: 32481
polytomy of size 21; rounds with additions with at least 5 support: 0; clusters: 32507
max k is :2
Number of Clusters after addition by greedy: 32507
gradient0 in heuristiic: 32507
partitions formed in 24.84 secs
Dynamic Programming starting after 24.841 secs
Using tree-based weight calculation.
Using polytree-based weight calculation.
Polytree max score: 16030753121
Polytree building time: 0.259 seconds.
Number of quartet trees in the gene trees: 16030753121
Size of largest cluster: 243
Greedy score: 14498477899
estimationFactor: 1.1056852472841776
Sub-optimal score: 14998822249
Calculated 100000 weights; time (seconds): 183
Total Number of elements weighted: 109015
Normalized score (portion of input quartet trees satisfied before correcting for multiple individuals): 0.94498305953919
Optimization score: 15148790131
Optimal tree inferred in 204.332 secs.
(P_016789,(S27,(S04,(S38,(((P_014099,S03),(P_016791,(P_016787,S02))),((S08,P_014095),(P_018693,((P_016793,(P_006422,P_016795)),((P_016797,(P_007845,(OBPL,(P_016799,GAP_80397)))),(P_018691,(((P_018639,P_018779),(P_018695,(P_018645,P_018783))),((((P2623,P2622),(P0110C,(XQWC,(P0207A,(P0110B,(P0207C,(P0207B,(P0206H,P0206G)))))))),((DHPO,GAP_80322),((P_012941,P_012795),((P_012861,((P_012855,(P_012827,P_007802)),((P_018637,P_012813),(P_012921,P_012919)))),(((P_012797,(P_012841,((P_012877,P_012913),(P_012811,(P_012895,P_012891))))),((((P_012883,P_012925),(P_012857,(P_012815,P_012903))),(P_012875,((P_012831,P_012905),(P_012901,(P_012851,P_012887))))),(P_018689,((P_012885,(GAP_80294,P_006420)),(P_012859,(((P_012907,GAP_80291),(P_012881,P_012873)),((P_012897,(GAP_80293,P_012893)),((P_012863,(P_012911,(P_012917,P_012821))),(P_012889,(P_006418,(P_012793,(GAP_80292,P_006419)))))))))))),((P_012867,((P_012899,P_012817),(P_012847,P_012923))),(P_012843,(((P_012937,(P_006421,P_012939)),(P_012803,(P_012853,(P_012829,P_012837)))),(((P_012801,(P_012879,P_012809)),(P_012839,(P_012805,(P_012825,(YZRI,P_012799))))),((P_012909,((P_012865,(P_012931,(P_012933,P_012935))),((P_012807,P_012845),(P_012849,P_012871)))),((GAP_81172,P_012833),((PSJT,(GAP_80295,P_012927)),((P_012915,P_012791),(P_012869,(P_012823,(P_012819,P_012835)))))))))))))))),(((P0203H,((P_016909,WZFE),(P0109B,(P_018831,OSHQ)))),(((SJEV,(P_019193,(Wsal,P_019187))),(P_016921,(WKSU,(GAP_81227,(Pcol,(P_006410,GAP_81226)))))),(((P_025527,(P_025525,P_025523)),(P_019189,((P_019197,PAWA),(Asie,QDVW)))),(((P2589,OPDF),(CSSK,P_019185)),((P_019191,P_019199),(GAP_80417,(P2590,GAP_79804))))))),(WPHN,(P_011613,(((P_011609,(P2619,Sdec)),(MAQO,(WAIL,(P_011527,((GAP_80298,P_014077),(GAP_80297,P_014083)))))),(((GAP_79862,P_011587),(P_014081,(P0104A,P_008647))),(((KRJP,(P_011549,GAP_80395)),((P_011643,(P_011657,(P_011509,P_011651))),((GAP_80393,GAP_80394),((P_011647,(P_011465,(P_011501,(P_011523,(P_011489,P_011487))))),((P_011637,P_011551),((P_011631,P_007844),(P_007843,(P_007783,P_006414)))))))),((P_011531,(P_011699,(P_006411,Schi))),(VYLQ,(P_018635,(P_008631,(P_011709,((P_011579,(P_008632,P_011671)),(P_011713,((P_011705,((KAYP,(BCGB,ABSS)),(WIGA,(Dhai,(Apet,Msal))))),(P_006413,((P_016813,(P_011679,((GAP_80389,GAP_80390),(P_008646,(P_006412,P_008640))))),((P_011673,(P_011537,(P_011701,(P_011677,(P_011739,P_011607))))),(P_011759,((P_011681,P_011719),((P_011735,P_011675),(P_011715,(P_011745,(P_011611,P_014073)))))))))))))))))))))))))))))))))));
Final quartet score is: 15148790131
Final normalized quartet score is: 0.94498305953919
You may want to ignore posterior probabilities and other statistics related to the following branch branch because the effective number of genes impacting it is only 2:
	{P_025525, P_025523}
You may want to ignore posterior probabilities and other statistics related to the following branch branch because the effective number of genes impacting it is only 11:
	{P_025525, P_025527, P_025523}
You may want to ignore posterior probabilities and other statistics related to the following branch branch because the effective number of genes impacting it is only 12:
	{P_019191, P_019199}
You may want to ignore posterior probabilities and other statistics related to the following branch branch because the effective number of genes impacting it is only 9:
	{P2619, Sdec}
You may want to ignore posterior probabilities and other statistics related to the following branch branch because the effective number of genes impacting it is only 3:
	{P_011739, P_011607}
You may want to ignore posterior probabilities and other statistics related to the following branch branch because the effective number of genes impacting it is only 5:
	{P_011739, P_011677, P_011607}
You may want to ignore posterior probabilities and other statistics related to the following branch branch because the effective number of genes impacting it is only 7:
	{P_011701, P_011739, P_011677, P_011607}
You may want to ignore posterior probabilities and other statistics related to the following branch branch because the effective number of genes impacting it is only 1:
	{P_011681, P_011719}
You may want to ignore posterior probabilities and other statistics related to the following branch branch because the effective number of genes impacting it is only 2:
	{P_011611, P_014073}
You may want to ignore posterior probabilities and other statistics related to the following branch branch because the effective number of genes impacting it is only 9:
	{Apet, P_011701, P_008632, P_011671, P_011673, P_011735, P_011715, P_006413, P_011713, P_016813, WIGA, P_008646, GAP_80389, GAP_80390, P_006412, P_008640, P_011745, P_011739, P_011679, BCGB, ABSS, Dhai, KAYP, P_011705, P_011681, P_011537, P_011759, P_011675, P_011677, P_011579, Msal, P_011611, P_014073, P_011719, P_011607}
You may want to ignore posterior probabilities and other statistics related to the following branch branch because the effective number of genes impacting it is only 2:
	{Apet, P_011701, P_008632, P_011671, P_011673, P_011735, P_011715, P_006413, P_011713, P_016813, WIGA, P_008646, GAP_80389, GAP_80390, P_006412, P_008640, P_011745, P_011739, P_011679, BCGB, ABSS, Dhai, KAYP, P_011705, P_011681, P_011537, P_011759, P_011675, P_011677, P_011579, Msal, P_011611, P_011709, P_014073, P_011719, P_011607}
You may want to ignore posterior probabilities and other statistics related to the following branch branch because the effective number of genes impacting it is only 18:
	{Apet, WAIL, MAQO, KRJP, VYLQ, P_011699, P_011527, GAP_80298, GAP_80297, P_011657, P_011643, P_011509, P_011651, P_011647, P_011637, P_007783, P_011551, P_007843, P_006414, P_011489, P_011487, P_011523, P_011501, P_011465, GAP_80393, GAP_80394, P_006411, P_011549, GAP_80395, P_014081, P0104A, P_008647, GAP_79862, P_011701, P_008632, P_011671, P_011673, P_011735, P_011715, P_006413, P_011713, P_016813, WIGA, P_008646, GAP_80389, GAP_80390, P_006412, P_008640, P_011745, P_011739, P_011679, BCGB, ABSS, Dhai, KAYP, P_011705, P_011681, P_011537, P_011759, P_011675, P_008631, P_018635, P_011677, Schi, P_011531, P_011587, P_011631, P_014077, P_014083, P2619, P_011579, Msal, P_007844, P_011609, P_011611, P_011709, P_011613, Sdec, P_014073, P_011719, P_011607}
You may want to ignore posterior probabilities and other statistics related to the following branch branch because the effective number of genes impacting it is only 7:
	{P_016799, GAP_80397, OBPL}
You may want to ignore posterior probabilities and other statistics related to the following branch branch because the effective number of genes impacting it is only 7:
	{P_016799, GAP_80397, OBPL, P_007845}
You may want to ignore posterior probabilities and other statistics related to the following branch branch because the effective number of genes impacting it is only 10:
	{P_016789, S27, S04}
60.997580029237845 20.999456488263583 2.019817415082836 84.01685393258427 8.789218204313406E-15
236.83665101430194 27.158279193734575 13.673630398024097 277.6685606060606 3.3781232721856266E-74
116.01541100580627 30.98410932311105 24.988918977441067 171.9884393063584 2.3143022758360654E-20
150.4859895411406 20.017299159822525 25.999618275781067 196.5029069767442 1.0595466227228732E-36
242.92071431620343 14.100780197132757 10.041699675219856 267.063194188556 2.0798680940197478E-87
155.96640976045583 20.002916155372375 23.024138136459396 198.9934640522876 3.400488092659432E-40
145.38517489327006 36.95120982396795 17.651719456259574 199.9881041734976 1.297359274132909E-31
127.9024986413645 112.61734559866906 38.50484862039594 279.0246928604295 2.1084559107767056E-11
140.85482018793422 109.70996280812025 30.693946506494783 281.2587295025493 1.1522410610783148E-15
266.8237516249374 6.618109664975014 6.231319442193607 279.673180732106 5.05519027376195E-106
252.61091939739262 10.402105547569843 18.18997573668226 281.2030006816447 1.6451285878767956E-88
2.0 0.0 0.0 2.0 0.1353352832366126
Not enough genes
Cannot perform polytomy test with effective N (after polytomies) 2.0:
	(P_025525,P_025523):0.6931471805599453;
7.7559127641710575 0.07027123109141925 2.165522437937908 9.991706433200385 0.008742910673477527
Not enough genes
Cannot perform polytomy test with effective N (after polytomies) 9.991706433200385:
	(P_025527,(P_025525,P_025523):0.6931471805599453):0.8174016836531708;
141.7829529414443 66.41639152185472 17.21512229646127 225.4144667597603 1.770838721354799E-23
215.48453608247422 0.004784688995215311 2.5106792285305577 218.0 3.6594363246876396E-92
88.7365217218844 43.96640291933197 81.28853879122919 213.99146343244558 3.135474979617791E-4
22.096208530490983 11.5467725252146 10.33280212754095 43.975783183246534 0.0575294335169629
16.247837566675464 20.185811494318163 13.018259853881625 49.451908914875254 0.45763435613987413
150.48935832290897 28.033565316949772 33.477076360141254 212.0 3.853380990764626E-30
89.48328749233734 83.50030899262289 68.01640351503978 241.0 0.21702388563168357
195.17036430698897 19.984243743858492 15.375141242937852 230.5297492937853 4.184737161025646E-60
8.988950276243095 1.3333333333333333 1.6777163904235728 12.0 0.009332828561298715
Not enough genes
Cannot perform polytomy test with effective N (after polytomies) 12.0:
	(P_019191,P_019199):0.7704312657944021;
79.00975609756097 5.0 1.9902439024390244 86.0 1.4744631072499992E-29
25.970873786407765 3.0 7.029126213592233 36.0 3.5902542969341757E-6
35.17975128021277 11.068798136472244 1.7358661677305744 47.98441558441559 8.193267431766776E-9
198.45816140068277 7.64606896221046 20.941208150448475 227.0454385133417 7.421746994502353E-66
229.58426224882916 19.942034153677486 22.00377959815484 271.5300760006615 2.4524991421621627E-70
113.0956417876365 93.51634453143899 53.391560460897665 260.00354677997314 2.2813215718221762E-5
9.0 0.0 0.0 9.0 1.2340980408667962E-4
Not enough genes
Cannot perform polytomy test with effective N (after polytomies) 9.0:
	(P2619,Sdec):1.8971199848858815;
55.78207078137009 2.606216233100928 2.337100187661956 60.72538720213297 4.723436922725323E-21
39.05666993463101 26.49026167393966 30.95064293526555 96.49757454383622 0.2831497591221476
132.490007415619 2.2602468370100484 6.245301913762726 140.99555616639176 2.042118797678559E-51
69.1783603305725 36.507622923266254 35.561624401663636 141.2476076555024 4.172077552525987E-4
79.16524730981735 43.71956992506559 19.250670186500667 142.1354874213836 4.803908066302764E-9
175.32495549060957 8.769680499664595 93.82671199605366 277.9213479863278 3.042947591762233E-33
121.73877254946218 9.435611717468106 12.325245260364834 143.49962952729513 6.127283196335889E-38
53.25585215992282 51.88737081251636 20.14796071163986 125.29118368407904 2.244159609705105E-4
102.66430037517587 6.838104935388031 11.031371594707847 120.53377690527175 1.9882671927684565E-32
105.0 0.0 3.0 108.0 7.875400903036481E-44
111.5177751294401 4.052551973363651 2.0065789473684212 117.57690605017217 3.270597683902421E-44
174.51528033488913 20.33198269816131 26.301353464095445 221.1486164971459 1.1291531180656431E-45
191.11541836988087 17.253181383398235 13.257852976105028 221.62645272938414 2.3617126969225358E-61
168.20461617927913 89.69774870904584 12.399152208119698 270.3015170964447 5.5840486449306206E-30
133.05301541956305 22.109943887132346 19.815691356103702 174.9786506627991 6.397468991627022E-32
77.08860665006968 66.63255544037082 52.35297068653322 196.0741327769737 0.09451240685610544
223.02534862320698 25.36560178783936 20.11228494651098 268.5032353575573 1.209217246418871E-65
188.45232391503563 40.88610013673457 46.2676130453945 275.6060370971647 7.79619559153196E-34
99.97310773304793 88.07369094741702 71.96629224304435 260.0130909235093 0.10233015761198369
97.68348204923727 92.6233872210073 76.59879878916287 266.90566805940745 0.2561936431414591
183.49991633923943 48.456546492898156 37.34851407743355 269.3049769095711 9.386784286375732E-33
168.30910581200695 18.43990360939533 15.837397114053255 202.58640653545552 9.97846037111572E-50
78.45649166238103 58.05344074766306 52.064208453192094 188.57414086323618 0.0475595406077506
38.49398760315387 21.723932106762888 27.43512875151611 87.65304846143286 0.0830810144943012
36.67590613202675 24.68434114011704 17.2917487001777 78.65199597232149 0.025985504560248094
64.80036260864077 60.05996578003333 53.16075793526162 178.02108632393572 0.5614000224059583
75.12995978186098 25.26496700370714 50.633909218667185 151.0288360042353 4.333410347923699E-6
62.597708718445766 50.26187176756727 55.3913264024881 168.25090688850113 0.5042215014998506
116.75853542550689 59.13227673797315 69.00871182847251 244.89952399195255 8.858717150330093E-6
214.3331411781574 21.925335412778733 39.12592296368108 275.38439955461723 2.339743310667641E-54
97.3681961313679 78.82041378299768 94.88584997619584 271.0744598905614 0.3256342390882105
265.7611010914956 7.573241936500186 8.816574750084008 282.1509177780798 7.679395381003242E-103
228.5545593106336 24.76287496114033 16.930779863301204 270.24821413507516 3.9370609402378705E-70
32.054015837104075 3.0048076923076925 6.9411764705882355 42.0 1.978841885374172E-8
21.970443349753694 16.529556650246306 3.5 42.0 0.0016046021577078692
148.9498133753243 5.372296612173647 5.823680411118858 160.1457903986168 1.8679160828594058E-56
36.91410424452583 30.0520425119435 21.003084012761434 87.96923076923076 0.11395352653728553
134.04110923860463 9.301516797970102 9.571408267973716 152.91403430454844 8.002224227291692E-45
85.24945219003179 31.78500475707895 23.22538501684777 140.2598419639585 3.201586385500639E-11
64.05540436732078 39.742726351235135 37.541648478241385 141.33977919679728 0.01010158694005638
37.781796875221424 35.118325052271466 25.20565423476959 98.10577616226249 0.26105815032011087
94.95583576599998 68.67949229994397 54.129778720063165 217.76510678600712 0.002743983188200141
131.4712572480649 46.21459639183228 61.69311145818539 239.37896509808257 5.918831867470446E-12
40.81788168340888 36.34515434848575 8.46197641686189 85.62501244875651 2.1018460732031656E-5
30.30101467960738 21.90659853562381 25.85943176474327 78.06704497997447 0.5077617664066516
192.43494614731802 12.842480102886311 13.31578563144457 218.59321188164887 1.2252740056748263E-64
186.3223691939849 28.83526501182778 24.06244077761672 239.2200749834294 3.686870533273208E-47
102.53032319932967 49.927305754041114 63.03473462888112 215.4923635822519 2.928652610415496E-5
52.261851971965655 48.809093135249555 30.232157874372703 131.30310298158793 0.040454228912773005
49.43792697512629 47.17181574651228 20.231702461843984 116.84144518348255 0.0011385210579096456
105.17696908981713 33.68620679905736 41.2487932509499 180.1119691398244 6.950783677091528E-12
1.0 0.0 1.005050505050505 2.005050505050505 0.6057595417076964
Not enough genes
Cannot perform polytomy test with effective N (after polytomies) 2.005050505050505:
	(P_011739,P_011607):0.0;
3.0068027210884356 0.07575757575757576 0.04215625644197073 3.124716553287982 0.06196053649507104
Not enough genes
Cannot perform polytomy test with effective N (after polytomies) 3.124716553287982:
	(P_011677,(P_011739,P_011607):0.0):0.900067896367268;
3.0710659898477157 2.452902379225802 0.017766497461928935 5.541734866535447 0.2439900520174445
Not enough genes
Cannot perform polytomy test with effective N (after polytomies) 5.541734866535447:
	(P_011701,(P_011677,(P_011739,P_011607):0.0):0.900067896367268):0.22838995706015475;
36.33659696616704 29.416966280398285 17.71314795011792 83.46671119668326 0.04137562952088106
42.53975670544364 44.939108781379886 31.38252850955146 118.86139399637499 0.26687986647246914
0.9949748743718593 0.005025125628140704 0.0 1.0 0.373439085486007
Not enough genes
Cannot perform polytomy test with effective N (after polytomies) 1.0:
	(P_011681,P_011719):0.28266953062823674;
175.61085339597736 17.47905741513264 19.053719560391446 212.14363037150144 2.0596021588707905E-51
2.0 0.0 0.0 2.0 0.1353352832366126
Not enough genes
Cannot perform polytomy test with effective N (after polytomies) 2.0:
	(P_011611,P_014073):0.6931471805599453;
12.986022923889166 6.9719430517855905 5.10689743583046 25.064863411505215 0.13142770928419806
73.4758962199451 38.00035396068974 33.0203042733931 144.49655445402794 4.0917895556349966E-5
49.31484832616707 49.10028661554829 12.390124332668329 110.8052592743837 4.863738747686771E-6
38.032045754046884 38.741224982166244 13.140387630532294 89.91365836674542 8.309688687879935E-4
68.45384443712706 47.73317522260404 39.15856072603899 155.3455803857701 0.012515021816657972
162.9135022769737 22.893247402995048 21.226077444648467 207.03282712461723 2.3850912131963123E-42
82.95648312258032 53.698553131226696 66.29203920449002 202.94707545829704 0.04142382132221403
112.99957327169442 44.168593881368025 63.09982241622187 220.26798956928428 3.321995407879989E-8
32.05483787373072 31.70764295951083 25.24847941622924 89.0109602494708 0.609409984682837
68.80485645394918 18.881245384106258 13.258178764443084 100.94428060249852 8.575213695834346E-13
6.970770487682252 0.04040849673202614 0.11455605832076421 7.125735042735043 0.0012696644443667261
Not enough genes
Cannot perform polytomy test with effective N (after polytomies) 7.125735042735043:
	((P_011579,(P_008632,P_011671):0.13052219763407505):1.6415708637490856,(P_011713,((P_011705,((KAYP,(BCGB,ABSS):0.5195987319084197):0.1924038746199835,(WIGA,(Dhai,(Apet,Msal):0.07455167204214885):0.16379122981564556):0.3862507845430337):0.2316837205427854):0.07779708500773312,(P_006413,((P_016813,(P_011679,((GAP_80389,GAP_80390):1.6846302427816355,(P_008646,(P_006412,P_008640):1.0890024613571405):0.23622475272742596):0.09708827747036564):0.13845066881732615):0.4637726340862675,((P_011673,(P_011537,(P_011701,(P_011677,(P_011739,P_011607):0.0):0.900067896367268):0.22838995706015475):0.1569843416143017):0.03289708742690058,(P_011759,((P_011681,P_011719):0.28266953062823674,((P_011735,P_011675):1.3312865474465794,(P_011715,(P_011745,(P_011611,P_014073):0.6931471805599453):0.2841273754314522):0.297734299714435):0.1762803731736041):0.13638944806770584):0.1704979241963982):1.1229201382601934):0.11668262476675631):0.30929600138924135):0.03478012187247828):0.7182376517928635):1.5455014275770416;
1.0 0.9940828402366864 0.005917159763313609 2.0 0.6119058920068069
Not enough genes
Cannot perform polytomy test with effective N (after polytomies) 2.0:
	(P_011709,((P_011579,(P_008632,P_011671):0.13052219763407505):1.6415708637490856,(P_011713,((P_011705,((KAYP,(BCGB,ABSS):0.5195987319084197):0.1924038746199835,(WIGA,(Dhai,(Apet,Msal):0.07455167204214885):0.16379122981564556):0.3862507845430337):0.2316837205427854):0.07779708500773312,(P_006413,((P_016813,(P_011679,((GAP_80389,GAP_80390):1.6846302427816355,(P_008646,(P_006412,P_008640):1.0890024613571405):0.23622475272742596):0.09708827747036564):0.13845066881732615):0.4637726340862675,((P_011673,(P_011537,(P_011701,(P_011677,(P_011739,P_011607):0.0):0.900067896367268):0.22838995706015475):0.1569843416143017):0.03289708742690058,(P_011759,((P_011681,P_011719):0.28266953062823674,((P_011735,P_011675):1.3312865474465794,(P_011715,(P_011745,(P_011611,P_014073):0.6931471805599453):0.2841273754314522):0.297734299714435):0.1762803731736041):0.13638944806770584):0.1704979241963982):1.1229201382601934):0.11668262476675631):0.30929600138924135):0.03478012187247828):0.7182376517928635):1.5455014275770416):0.0;
17.43745918806751 13.720584628197468 12.85300590749193 44.01104972375691 0.6674610982466115
124.1962400030656 47.793733922791546 25.3868446661446 197.37681859200177 1.9246415683983257E-18
121.20948386597404 90.28018833867915 31.223997081960405 242.7136692866136 6.017839216077767E-12
176.45025567959024 29.59403282439344 32.1302077589403 238.17449626292398 2.1976458684603878E-39
128.62254947231995 44.0889640428789 57.83001700163429 230.54153051683312 2.3495571650440654E-12
96.68427352144305 111.71934611430419 24.056258298548006 232.45987793429526 4.818053935577892E-13
13.797149412185254 3.350155367324003 1.23121085054133 18.378515630050586 6.191122446212893E-4
5.903576570638521 4.973570004179695 5.044813520909204 15.921960095727421 0.9507735190925745
239.60501420801037 11.59462849656855 9.204934867442054 260.40457757202097 2.3800633810233677E-88
23.325554115061525 21.9860758044102 2.565147331713112 47.87677725118484 2.1202416226984616E-4
105.9379057183905 42.049328712593024 67.05227323640797 215.0395076673915 5.24872681212813E-7
106.85338604230003 79.09317957443886 51.07514205187715 237.02170766861605 5.302338099375384E-5
60.57615061565985 44.26998076290321 56.48229150198036 161.32842288054343 0.26230765926270183
58.70022858093533 57.314144072688904 44.22360297882648 160.2379756324507 0.30281030647118273
147.0951263520745 75.50122103579388 39.792720585913735 262.3890679737821 1.4937956815518037E-15
136.80852119779018 92.9685959543182 5.222882847891633 235.00000000000003 1.2890769269669827E-25
140.46168177145893 2.1156970535233977 12.108263442376177 154.6856422673585 7.323279303892406E-51
97.08221435184053 25.235207638977617 41.33701200040967 163.65443399122782 4.8245278571915186E-12
256.0842194444001 13.82790689120252 5.211036733192567 275.1231630687952 8.824943616259314E-97
275.92248062015506 0.15891472868217055 1.3947951273532668 277.47619047619054 3.2183278593402276E-119
135.03304593357336 2.984375 7.9825790664266165 146.0 1.0494282631568662E-50
180.4804484035737 13.833333333333332 22.18621826309295 216.49999999999997 8.785424109983866E-54
159.01510075630677 43.48982640779048 31.48994974874372 233.99487691284097 2.451593349436337E-28
200.99494949494948 3.005050505050505 4.0 208.0 3.642777675792704E-82
230.82165234514855 7.249999999999999 7.9283476548514145 245.99999999999997 1.0554567622446478E-88
246.21365941167258 5.875012616970104 3.815302522736286 255.90397455137898 1.3295485206401977E-99
111.36364932155922 53.64161388875494 86.60113539724907 251.60639860756322 4.547057685626165E-5
203.1859443011255 16.878502632721315 10.978518039198374 231.04296497304517 4.19426057059938E-68
143.92618539552927 57.66692575881886 56.01800316769558 257.6111143220437 1.628433770531235E-13
244.98456987492662 14.259503210696696 15.30853803191497 274.5526111175383 1.493149412749227E-84
239.81776183268585 8.901012800652941 17.490852161283392 266.2096267946222 1.3339868809764284E-84
141.09505374376505 59.785853875396235 56.78106135611385 257.66196897527516 2.6896256084719192E-12
92.46354506178538 88.50595638389723 80.13893534821025 261.1084367938929 0.6345003616900684
266.4821384688513 3.4864634030689032 5.347115800333674 275.31571767225387 4.5706321123443505E-109
208.23086426717256 23.378933754302718 18.590474856700467 250.20027287817575 1.2926815527507121E-61
78.41229829166488 68.15020316804043 75.57128669279535 222.13378815250067 0.6844269589584933
89.84382479670523 70.75161626831841 67.54281412911291 228.13825519413655 0.1478677121620092
141.86452387891805 52.991239935741284 59.63615102154511 254.49191483620444 2.841793869951078E-13
260.86183183099797 2.8921553388049293 5.250758818421071 269.00474598822393 3.422900737757976E-107
92.02416207987328 83.55921539061761 78.39169434101608 253.97507181150695 0.5714894883639304
120.2271713236782 64.39396416008779 67.7866111762801 252.40774666004612 8.75767219401941E-6
171.26438538465388 33.63727576676264 37.15741418124385 242.05907533266037 7.298968704999957E-34
156.3118542112525 33.62773429966664 47.83876419988611 237.77835271080522 2.1117495454078837E-25
104.07962130550781 2.0860686209908046 7.6247826433468004 113.79047256984542 2.1673270710087658E-38
61.90111853779388 58.05146335523987 58.56285421140943 178.51543610444315 0.9291788124545526
69.74636254358268 60.292441004340716 52.6973221759048 182.7361257238282 0.3018826970386326
182.1025505729804 21.665107929744767 21.125646233785712 224.89330473651088 1.333848653856067E-50
67.70946343612466 51.71125660103107 62.65848543382499 182.07920547098072 0.3322112514556812
232.7958753003176 10.971193240144812 5.772597951234843 249.53966649169723 2.0342435383621462E-88
66.99323280125256 54.77246967164517 48.64780143049932 170.41350390339704 0.21530149552757782
232.0625470917263 10.005330287515331 9.08009692169693 251.14797430093856 2.374464246313757E-86
159.92407565106134 27.18145169094354 26.29354785488306 213.39907519688794 7.912993998436534E-37
65.70851775049096 41.65227438825713 62.07999349241532 169.4407856311634 0.050898813383624564
248.04670705655113 0.07745274548486142 2.9056911707550714 251.02985097279105 6.6189618205580995E-106
88.59371875835447 51.26097668283658 50.76788197842578 190.62257741961682 6.055770281950503E-4
64.36831552418742 50.47786320336881 49.29684374619561 164.14302247375184 0.2769531423049406
61.16602045471898 53.22619328779239 55.20021623948129 169.59242998199267 0.739131858211833
66.31400738391365 46.940045371419 61.671850287688606 174.92590304302126 0.17293878545262176
61.86644353329347 58.699530901067234 58.587887007270794 179.15386144163148 0.9436265480663795
66.44185730389712 50.01201279485204 56.256771162571916 172.7106412613211 0.30279655748728357
65.67327774429633 50.55533095704198 65.99766333192723 182.22627203326556 0.27756172983757815
216.7333935615889 16.39459199785507 13.050632987971166 246.17861854741514 9.849123158785108E-73
200.19510233332394 25.395072364607948 19.321821316745122 244.91199601467702 7.409818851083931E-57
264.16734132366366 8.46444989971058 4.87368914173236 277.5054803651066 1.6495251161109565E-104
256.14373063095195 7.839319858116637 7.2266031957293695 271.20965368479796 1.0617527625735531E-99
227.48587590028984 14.50269908824292 20.00484606409882 261.9934210526316 4.9903556139825514E-74
248.4935064935065 1.0064935064935066 4.5 254.0 5.3854308535044675E-104
192.99367088607596 36.012091352594354 39.49337748344371 268.499139722114 1.0097480836952234E-39
271.6275602050723 3.1016193613202705 3.2571985111226254 277.9863780775152 2.5982848125686587E-113
230.0 9.0 22.0 261.0 1.6971276731003999E-77
274.40353611130445 1.0333028083028084 0.5062352901335953 275.94307420974087 1.4340461518653743E-118
147.31974555564497 12.722249979324275 17.72914858929458 177.77114412426386 2.121289328298216E-43
87.91223314684953 83.58580089707706 80.27166227003399 251.7696963139606 0.8395229402266138
132.22246727898738 71.47562839183342 54.67770316629654 258.3757988371174 4.053547039549327E-9
116.79227972398836 84.99876139268915 58.1072253496522 259.8982664663297 4.718509051030209E-5
259.00566744386776 1.9881213760080012 1.0062111801242235 262.0 1.2063504028718416E-110
176.2334721758632 42.75061607448416 40.938062647514535 259.9221508978619 6.597073856487962E-31
190.16904423650274 67.8121273911793 4.640498464077076 262.62167009175914 7.257843207204129E-45
106.97116749774929 58.46586110258387 95.01835973763626 260.45538833796945 6.388711729844005E-4
100.73617131645213 57.07606176342388 95.15015142126192 252.96238450113793 0.0012373783663694653
182.92461274998897 33.04390167501942 48.159712451806136 264.1282268768145 2.5854529019752848E-34
224.40810941881685 25.78324305118853 30.533896364768918 280.7252488347743 2.4610518375292657E-60
236.99446940235865 6.03705674500936 5.974091830160059 249.00561797752806 8.733972045520103E-94
236.48053035823747 11.043208665736554 12.044119472871737 259.56785849684576 2.204654342360773E-85
143.26218266437905 54.58060896024501 60.3339952239208 258.17678684854485 3.744368180831025E-13
150.81915730260826 58.23562517851107 51.08702486272445 260.14180734384377 3.160132428193955E-16
226.02320691562338 10.511289181983365 12.465503902393273 249.0 5.247699595211127E-81
173.12025971334324 48.24101195497919 51.575754911439844 272.9370265797623 6.770471763905019E-25
253.7399768226634 7.172593314920604 6.135724556202463 267.0482946937865 5.154693110658823E-100
97.93149331599848 75.3031729870373 87.49309634120901 260.7277626442448 0.22858210919820815
264.530744951691 3.7462015109073934 3.532995057869393 271.8099415204678 1.769473937416468E-109
111.63608927549717 32.852213919056744 106.09892056215772 250.58722375671164 8.824540032849322E-11
196.05378672641027 60.22549393651066 7.68467256033752 263.96395322325844 2.302822320206115E-47
116.54704761398914 79.7516624864443 74.7226802738981 271.02139037433153 0.003114685889582859
97.96387102895741 77.01579403929698 86.0235465486485 261.0032116169029 0.28105512183525333
191.00371190642144 39.96016560686505 38.50808449428625 269.47196200757276 7.493653972387057E-38
259.9721518070364 6.170356960124117 3.5099533540515426 269.6524621212121 1.4309062467763902E-105
247.78236224016086 16.91729453519638 15.185622140560978 279.8852789159182 4.700194086445435E-84
115.81373338349252 102.86195881603888 61.049435682158936 279.72512788169036 1.5290356631761557E-4
266.2231745423838 4.640413024034538 13.723446970558985 284.58703453697734 1.199613498268281E-101
250.41222561483207 13.201847208397368 15.791440618963273 279.4055134421927 3.0403492581056717E-87
251.4877582292717 15.385368432830827 10.34287930315309 277.2160059652556 5.812453958358204E-90
105.41659211106148 67.88990525637365 80.77613510468703 254.08263247212216 0.013666405678045501
220.315633952164 19.834978911103235 22.294804165549944 262.4454170288172 1.9748740560473944E-66
220.66198047924394 23.011020356135404 27.46875994520679 271.14176078058614 6.4060375319542335E-62
122.75227659943829 51.012536526172475 89.76201282784298 263.52682595345374 4.218087527574498E-7
230.59085132013206 14.477529790782105 30.774451732904968 275.84283284381917 3.9208240659543696E-69
282.49066245625374 2.3096958263560627 1.7185626649087185 286.51892094751855 5.7415159436029406E-120
166.90329563275728 26.915436479153204 86.5277049623797 280.3464370742902 1.1606484768521626E-23
177.40750990830367 26.978931704309442 71.17485699326383 275.5612986058769 5.442964135257567E-29
58.58234484942273 18.71993202804078 24.74754167655603 102.04981855401954 1.275109480529267E-6
118.98547649251351 70.6860450273765 71.05917725976906 260.73069877965906 1.3932379324626388E-4
118.32657895563378 64.37508943369514 36.831880714634714 219.53354910396362 6.328484632617694E-11
121.92692254568708 74.45919163009675 19.881814635028107 216.26792881081195 1.9557345397184158E-16
154.5058810387954 87.54824292070296 33.53444913523013 275.5885730947285 4.343305961112527E-18
4.067491905018889 2.898104425256341 0.0 6.965596330275229 0.15127785117709694
Not enough genes
Cannot perform polytomy test with effective N (after polytomies) 6.965596330275229:
	(OBPL,(P_016799,GAP_80397):0.4123673793819723):0.3091763111154061;
3.4373556352050976 2.0 1.2508164078056552 6.688172043010753 0.5747443005724346
Not enough genes
Cannot perform polytomy test with effective N (after polytomies) 6.688172043010753:
	(P_007845,(OBPL,(P_016799,GAP_80397):0.4123673793819723):0.3091763111154061):0.1871068809900555;
192.5926158918125 16.19268937035717 62.49708918058968 271.28239444275937 6.743002816090933E-41
139.82828255476988 51.83115966923529 49.556956565382656 241.21639878938782 4.883385243625288E-15
146.80013078478967 46.799923447539676 44.06236768283939 237.66242191516872 1.6307691165726138E-19
32.75672248381141 2.703067597594045 4.409420674348314 39.86921075575376 4.876616605193653E-10
227.02741955991507 5.061600760222917 6.222496447500652 238.31151676763864 4.792285261756551E-90
168.9927226772039 2.953139004386907 0.08836264120795245 172.03422432279876 1.5174857183905285E-71
83.75009621869516 74.86176295104478 69.56755593253965 228.1794151022796 0.5090076816009192
81.13608854854947 77.08716949197574 72.96168829316485 231.18494633369005 0.8051042615049954
14.090741166404882 6.053933378269662 1.9093795093795094 22.054054054054053 0.0054185145455086
3.913550524390759 3.0965736107333757 1.010989010989011 8.021113146113146 0.432612773655916
Not enough genes
Cannot perform polytomy test with effective N (after polytomies) 8.021113146113146:
	(S04,(S27,P_016789):0.5392366261650218):0.16338031863906444;
18.549190193706366 6.163134813577098 3.68516491873314 28.397489926016604 0.001231614629241774
41.143404859862024 25.605503612878707 30.028258086176415 96.77716655891714 0.13714781356626446
68.29638398964418 18.955007366750788 19.771337585835663 107.02272894223064 1.9113508031256157E-10
89.64704319969815 64.31107104718643 65.99411210373908 219.95222635062368 0.06473685700046534
105.20874845581774 70.88017604289574 62.51753597871528 238.60646047742875 0.0016042099873304055
39.67073784417191 32.670957367508024 22.554644864478597 94.89634007615854 0.09623507028422013
36.58481328247455 29.52587739101925 27.447250927013908 93.5579416005077 0.47921306301544586
282.5808241589066 4.476481635526119 2.1339784096844916 289.1912842041172 7.322268189534066E-118
260.17380780102167 7.329600256731978 5.588032745934298 273.09144080368793 4.2401154518569353E-103
173.48537185040124 40.836465824904856 35.63370970353687 249.95554737884297 1.5188178963661424E-32
116.78475384734413 8.583178552553559 1.90074164806133 127.26867404795902 2.6856761619748367E-43
105.94024358622373 14.81307546274324 10.246680951033037 131.0 1.0499513272141115E-29
59.245535714285715 5.000054334326876 26.505830405932866 90.75142045454547 1.9394056580065884E-11
Extended species tree:
(P0109B,((P_018831,OSHQ)0:0.8585278229283748,((P_016909,WZFE)0:1.4908985770571317,(P0203H,((((SJEV,(P_019193,(Wsal,P_019187)0:0.7051816912016945)0:1.0297807126106668)0:1.9611988030240832,(P_016921,(WKSU,(GAP_81227,(Pcol,(P_006410,GAP_81226)0:1.1080152629354234)0:0.8795447302181709)0:0.20472857273973438)0:0.2857386224233836)0:2.6034818143712326)0:1.8496547630694469,(((P_025527,(P_025525,P_025523)NA:0.6931471805599453)NA:0.8174016836531708,(P_019189,((P_019197,PAWA)0:0.5785954342824747,(Asie,QDVW)0:3.7264351229282036)0.00031:0.12683000461456442)0.05753:0.27041450933606226)0.45763:0.0,(((P2589,OPDF)0:0.8204902485192006,(CSSK,P_019185)0.21702:0.05619843779144317)0:1.4457909092187997,((P_019191,P_019199)NA:0.7704312657944021,(GAP_80417,(P2590,GAP_79804)0:1.9822217252718117)0:0.804913193484599)0:0.8610305620018683)0:1.6367353510627445)0:1.4423446948127845)0.00002:0.16247907180499993,((WPHN,(P_011613,(((P_011609,(P2619,Sdec)NA:1.8971199848858815)0:1.9349629025572872,(MAQO,(WAIL,(P_011527,((GAP_80298,P_014077)0.28315:0.10634632706863874,(GAP_80297,P_014083)0:2.2984549472730933)0.00042:0.2606965618592519)0:0.39990856111809653)0:0.584962219361753)0:1.4427695742621967)0.00022:0.14218179670896888,(((GAP_79862,P_011587)0:1.4571814971159094,(P_014081,(P0104A,P_008647)0:2.8995884130010885)0:2.4157746932826503)0:1.1343486378102008,(((KRJP,(P_011549,GAP_80395)0:1.5496923773162512)0:0.5620963719208275,((P_011643,(P_011657,(P_011509,P_011651)0:1.005428370935297)0.09451:0.09074373845782521)0:1.3521386418245416,((GAP_80393,GAP_80394)0:0.7380471055698898,((P_011647,(P_011465,(P_011501,(P_011523,(P_011489,P_011487)0.10233:0.07745277780138216)0.25619:0.04806526535821934)0:0.7304208360764076)0:1.3473856906911257)0.04756:0.12872554183651433,((P_011637,P_011551)0.08308:0.1640661382003115,((P_011631,P_007844)0.02599:0.21155807640772076,(P_007843,(P_007783,P_006414)0.5614:0.04390574211825042)0:0.2761138423878816)0.50422:0.05633472995000376)0.00001:0.23855316316609185)0:1.0883667491543612)0.32563:0.037504599451323783)0:2.3846301387618447)0:1.4435189026575617,((P_011531,(P_011699,(P_006411,Schi)0:0.9627623617041186)0.0016:0.3098060998692233)0:2.17573823238729,(VYLQ,(P_018635,(P_008631,(P_011709,((P_011579,(P_008632,P_011671)0.11395:0.13052219763407505)0:1.6415708637490856,(P_011713,((P_011705,((KAYP,(BCGB,ABSS)0:0.5195987319084197)0.0101:0.1924038746199835,(WIGA,(Dhai,(Apet,Msal)0.26106:0.07455167204214885)0.00274:0.16379122981564556)0:0.3862507845430337)0.00002:0.2316837205427854)0.50776:0.07779708500773312,(P_006413,((P_016813,(P_011679,((GAP_80389,GAP_80390)0:1.6846302427816355,(P_008646,(P_006412,P_008640)0:1.0890024613571405)0.00003:0.23622475272742596)0.04045:0.09708827747036564)0.00114:0.13845066881732615)0:0.4637726340862675,((P_011673,(P_011537,(P_011701,(P_011677,(P_011739,P_011607)NA:0.0)NA:0.900067896367268)NA:0.22838995706015475)0.04138:0.1569843416143017)0.26688:0.03289708742690058,(P_011759,((P_011681,P_011719)NA:0.28266953062823674,((P_011735,P_011675)0:1.3312865474465794,(P_011715,(P_011745,(P_011611,P_014073)NA:0.6931471805599453)0.13143:0.2841273754314522)0.00004:0.297734299714435)0:0.1762803731736041)0.00083:0.13638944806770584)0.01252:0.1704979241963982)0:1.1229201382601934)0.04142:0.11668262476675631)0:0.30929600138924135)0.60941:0.03478012187247828)0:0.7182376517928635)NA:1.5455014275770416)NA:0.0)0.66746:0.0845844509497019)0:0.5782008663139362)0:0.28238374548010264)0:0.9329803022114675)0:0.4053520599061032)0:0.12920346629101603)0.00062:0.8392663142087445)0.95077:0.023581976859789924)0:2.078714264260182,((((P2623,P2622)0.00021:0.243152084972649,(P0110C,(XQWC,(P0207A,(P0110B,(P0207C,(P0207B,(P0206H,P0206G)0:0.26859259515001693)0.00005:0.190415373758649)0.26231:0.06161532073800833)0.30281:0.04718528036284867)0:0.4120462113322131)0:0.4613145854874355)0:1.919503217263684)0:0.48518688364462886,((DHPO,GAP_80322)0:2.2177043396013407,((P_012941,P_012795)0:4.28632030818599,((P_012861,((P_012855,(P_012827,P_007802)0:2.102818455439811)0:1.3652875478168054,((P_018637,P_012813)0:0.7236314037563796,(P_012921,P_012919)0:2.8567964882397994)0:2.320249444795851)0:2.773899062625671)0.00005:0.17588739625485447,(((P_012797,(P_012841,((P_012877,P_012913)0:1.6791041260656834,(P_012811,(P_012895,P_012891)0:0.4076717162047418)0:1.7933584088446153)0:1.8723222912169775)0:0.38304929924640285)0.6345:0.029585810770805757,((((P_012883,P_012925)0:2.930276030357306,(P_012857,(P_012815,P_012903)0:1.3602969779260259)0.68443:0.027495294512035136)0.14787:0.09227055054696111,(P_012875,((P_012831,P_012905)0:0.4048010617535777,(P_012901,(P_012851,P_012887)0:2.9799952582383833)0.57149:0.04225168651354718)0.00001:0.23782881352396798)0:0.8140288968878027)0:0.6576784869365222,(P_018689,((P_012885,(GAP_80294,P_006420)0:1.9663860163489737)0.92918:0.0173853150640721,(P_012859,(((P_012907,GAP_80291)0.30188:0.07192687317113894,(P_012881,P_012873)0:1.2351749738101743)0.33221:0.056311648920846724,((P_012897,(GAP_80293,P_012893)0:2.242116486454114)0.2153:0.09018985660736545,((P_012863,(P_012911,(P_012917,P_012821)0:2.1245564690280405)0:0.9646321351384265)0.0509:0.08151556584515487,(P_012889,(P_006418,(P_012793,(GAP_80292,P_006419)0:3.742010992458732)0.00061:0.21505345654222432)0.27695:0.08845939217558511)0.73913:0.03855988884553674)0.17294:0.06765188718508681)0.94363:0.015228755614616925)0.3028:0.07658814129459349)0.27756:0.03836749301259567)0:1.688716952241444)0:1.2770407296515143)0:2.561049576424601)0:2.424406998529325,((P_012867,((P_012899,P_012817)0:1.5969186953470789,(P_012847,P_012923)0:3.2629977578190785)0:0.85373786377993)0:3.229798543742764,(P_012843,(((P_012937,(P_006421,P_012939)0:1.697143492853206)0:4.2863646552071115,(P_012803,(P_012853,(P_012829,P_012837)0:1.3321979035293219)0.83952:0.02193243383791513)0:0.30741916940695435)0.00005:0.1881163916843714,(((P_012801,(P_012879,P_012809)0:3.7818124286132697)0:0.7197750528347734,(P_012839,(P_012805,(P_012825,(YZRI,P_012799)0:0.8724092471575093)0.00064:0.12070660111503491)0.00124:0.09980570841989454)0:0.765549207279922)0:1.1868674967830075,((P_012909,((P_012865,(P_012931,(P_012933,P_012935)0:2.550211708758776)0:1.9757123135965284)0:0.39919154627461434,((P_012807,P_012845)0:0.4561892202243841,(P_012849,P_012871)0:1.9389094020261741)0:0.5941284620989263)0:2.5248610227780337)0.22858:0.06321638617873256,((GAP_81172,P_012833)0:3.08956432878808,((PSJT,(GAP_80295,P_012927)0:0.18103131318652957)0:0.9413249615376347,((P_012915,P_012791)0.00311:0.1539348764980913,(P_012869,(P_012823,(P_012819,P_012835)0.28106:0.06278537296657136)0:0.8193457602446091)0:2.8269685734161807)0:1.7328598221857416)0.00015:0.12650256326954917)0:2.2856732821863526)0:1.8297980920934023)0:1.9372117299566651)0.01367:0.12771601907262084)0:1.4041673112912187)0:1.2596688866933172)0:0.2182394441262513)0:1.3838805398007064)0:3.6407498621935876)0:0.49404355565296465)0:0.6202953170491206,(((P_018639,P_018779)0:0.4349894445425228,(P_018695,(P_018645,P_018783)0.00014:0.2007896208976969)0:0.36358484883243675)0:0.41820617459249876,(P_018691,((P_016797,(P_007845,(OBPL,(P_016799,GAP_80397)0:0.4123673793819723)NA:0.3091763111154061)NA:0.1871068809900555)0:0.8232333059541384,((P_016793,(P_006422,P_016795)0:0.4555957748800589)0:0.5492943646223576,(P_018693,((S08,P_014095)0:1.2115072418398152,(((P_014099,S03)0:2.563995496642036,(P_016791,(P_016787,S02)0:3.3514079779136665)0.50901:0.04934987304144746)0.8051:0.024465782478577915,(S38,(S04,(S27,P_016789)0.00542:0.5392366261650218)NA:0.16338031863906444)0.00123:0.5914358249184012)0.13715:0.14062066708076487)0:0.5948619816143977)0.06474:0.11495714351725048)0.0016:0.1727293170694796)0.09624:0.1284305001972212)0.47921:0.0837680788024896)0:3.23555157536737)0:2.5748400706313905)0:0.7699176828614404)0:2.007714158464977)0:1.2169445899558036)0:0.6321967186243238));
Weight calculation took 165.35054785 secs
ASTRAL finished in 206.747 secs
