
================== ASTRAL ===================== 

This is ASTRAL version 5.7.7
Gene trees are treated as unrooted
297 trees read from all_bs10.trees
index223
All output trees will be *arbitrarily* rooted at P0109B

======== Running the main analysis
Number of taxa: 243 (243 species)
Taxa: [Apet, WAIL, MAQO, KRJP, VYLQ, WPHN, YZRI, DHPO, P_012941, P_012795, P_012855, P_012827, P_007802, P_018637, P_012813, P_012921, P_012919, P_012797, P_012857, P_012901, P_012851, P_012887, P_012831, P_012905, P_012875, P_012883, P_012925, P_012815, P_012903, P_012841, P_012877, P_012913, P_012895, P_012891, P_012811, P_018689, P_012907, P_012897, P_012863, GAP_80291, P_012889, P_006418, P_012793, P_012917, P_012821, P_012911, GAP_80292, P_006419, GAP_80293, P_012893, P_012881, P_012873, P_012885, P_012859, GAP_80294, P_006420, P_012861, P_012843, P_012853, P_012803, P_012839, P_012909, P_012807, P_012845, P_012849, P_012871, P_012931, P_012933, P_012935, P_012865, GAP_80295, P_012927, PSJT, P_012915, P_012791, P_012823, P_012819, P_012835, P_012869, GAP_81172, P_012833, P_012801, P_012879, P_012809, P_012799, P_012825, P_012805, P_012829, P_012837, P_012937, P_006421, P_012939, P_012899, P_012817, P_012847, P_012923, P_012867, P2590, GAP_79804, P_011699, P_011527, GAP_80298, GAP_80297, P_011657, P_011643, P_011509, P_011651, P_011647, P_011637, P_007783, P_011551, P_007843, P_006414, P_011489, P_011487, P_011523, P_011501, P_011465, GAP_80393, GAP_80394, P_006411, P_011549, GAP_80395, P_014081, P0104A, P_008647, GAP_79862, P_019189, P_019197, GAP_80322, P0110C, P0110B, P0207A, P0207B, P0206H, P0206G, P0207C, XQWC, P2623, P_018691, P_011701, P_018639, P_016799, GAP_80397, OBPL, P_016797, P_006422, P_016795, P_016793, P_018693, P_016789, S27, P_018779, P_014099, S03, P_016791, P_016787, P_018645, P_018783, P_018695, CSSK, P_019185, P2589, OPDF, PAWA, Asie, QDVW, P_016909, P_018831, WZFE, GAP_81227, P_016921, Pcol, P_006410, GAP_81226, WKSU, SJEV, Wsal, P_019187, P_019193, P_008632, P_011671, P_011673, P_011735, P_011715, P_006413, P_011713, P_016813, WIGA, P_008646, GAP_80389, GAP_80390, P_006412, P_008640, P_011745, P_011739, P_011679, BCGB, ABSS, Dhai, KAYP, P_011705, P_011681, P_011537, P_011759, P_011675, P_008631, P_018635, P_011677, Schi, P_011531, P_011587, P_011631, P_014077, P_014083, P2619, P_019191, P2622, S08, S38, S02, P0203H, OSHQ, P0109B, GAP_80417, P_025525, P_011579, Msal, S04, P_007844, P_025527, P_011609, P_014095, P_011611, P_011709, P_011613, Sdec, P_025523, P_014073, P_007845, P_019199, P_011719, P_011607]
Taxon occupancy: {P_019193=200, P_019191=45, P_019197=238, OPDF=280, GAP_81172=287, P_018783=285, P_019199=18, Wsal=203, P_016921=284, WKSU=296, P_025523=14, P_025525=40, P_025527=19, P_014073=8, P0203H=131, P_014077=100, QDVW=289, P_011487=286, P_011489=289, P_016813=251, P_006421=281, P_006422=281, P_006420=119, P_006418=277, P_006419=274, P_006414=282, P_014081=127, P_014083=142, P_018689=285, P0206H=251, P0206G=232, Msal=249, P0109B=91, P_012901=283, P_006410=270, P_006411=266, P_012903=288, P_006412=282, P_006413=272, P_012905=288, P_012907=289, GAP_79862=263, PAWA=284, ABSS=294, P_012909=279, P_018691=109, GAP_80291=290, P_018695=278, P_014095=49, GAP_80293=280, GAP_80292=275, P_018693=277, GAP_80295=274, GAP_80294=273, P_014099=274, GAP_80297=280, GAP_80298=276, P_012911=287, P_011701=10, P_012913=238, P_012915=282, P_011705=100, P_012917=264, P_012919=244, P_011709=9, P_012881=285, P_011671=130, P_011551=98, MAQO=290, P_012883=285, P_011673=161, P_012885=277, GAP_80322=283, P_011675=241, P2590=216, P_012887=284, P_011677=162, P_012889=282, P_011679=173, P_008647=246, PSJT=283, P2589=220, P_012891=277, P_011681=126, P_012893=285, P_018637=270, P_012895=280, P_018635=221, P_012897=279, P0207C=263, P_012899=273, P0207B=271, P0207A=270, P_018639=206, P_008646=287, P_008640=287, BCGB=291, WZFE=289, P_018645=282, KRJP=289, KAYP=172, P_011699=53, P_011579=157, CSSK=280, P_008632=281, P_007783=249, P_016909=286, P_008631=50, P_019187=268, P_019185=254, Sdec=16, P_019189=226, P_012791=278, P_012793=281, P_012795=283, Asie=227, P_011465=288, P_018779=138, P_012797=285, P_011587=138, P_012799=283, GAP_80417=99, WIGA=282, P_007802=177, GAP_79804=187, P_012841=281, P_011631=156, P_012843=287, Pcol=205, P_012845=281, P_012847=270, P_011637=276, P_011759=207, P_012849=268, Apet=130, OBPL=292, P0110C=240, P0110B=165, P_018831=267, YZRI=290, P_012851=286, P_012853=279, P_011643=286, P_011523=288, P_012855=257, P_012857=280, P_011647=222, P_011527=145, P_012859=272, WAIL=293, P_016789=281, P_012861=277, P_011651=219, P_016787=279, P_011531=168, P_012863=287, P_012865=272, Schi=195, P_012867=280, P_011657=209, P_011537=155, P_012869=276, P_016793=279, P_016791=285, P_016797=286, SJEV=290, P_016795=276, P_012871=263, P_012873=282, P_016799=284, P_012875=283, P_012877=281, P_012879=276, P_011549=229, P_007844=119, P_007845=7, S02=177, P_012921=220, S04=31, P_012801=281, S03=248, P_012923=272, P_011713=115, P_012803=283, P_012925=282, P_011715=199, S08=120, P_012805=275, P_007843=204, P_012927=277, P_012807=277, P_011719=3, P_012809=276, VYLQ=292, DHPO=292, GAP_80390=251, P2622=166, P2623=55, GAP_80394=291, XQWC=293, GAP_80393=293, GAP_80395=286, GAP_80397=285, P_012931=281, P_012811=284, WPHN=290, P_012933=260, P_012813=269, P_012935=272, P_012815=281, P_012937=283, P_012817=281, P_011607=3, P_012939=269, P_012819=273, P_011609=107, P2619=110, OSHQ=285, GAP_80389=262, P_012941=285, P_012821=285, P_011611=39, P_012823=280, P_011613=21, P_011735=275, P_012825=279, S27=156, P_012827=219, P_011739=200, P_012829=184, Dhai=276, P0104A=202, P_012831=274, P_011501=292, P_012833=276, GAP_81226=284, GAP_81227=289, P_011745=216, P_012835=280, S38=33, P_012837=286, P_012839=272, P_011509=285}
Number of gene trees: 297
297 trees have missing taxa
Calculating quartet distance matrix (for completion of X)
Species tree distances calculated ...
Will attempt to complete bipartitions from X before adding using a distance matrix.
Building set of clusters (X) from gene trees 
------------------------------
gradient0: 32423
Number of Clusters after addition by distance: 32423
calculating extra bipartitions to be added at level 1 ...
Adding to X using resolutions of greedy consensus ...
Limit for sigma of degrees:6125
polytomy size limit : 21
discarded polytomies:  [3, 3, 3, 3, 3, 3, 3, 3, 3, 3, 3, 3, 3, 3, 3, 4, 4, 4, 4, 4, 4, 4, 4, 4, 4, 4, 4, 4, 4, 4, 4, 4, 5, 5, 5, 5, 6, 6, 6, 6, 8, 9, 10, 11, 12, 13, 14, 21]
Threshold 0.0:
Threshold 0.01:
polytomy of size 4; rounds with additions with at least 5 support: 1; clusters: 32429
Threshold 0.02:
polytomy of size 6; rounds with additions with at least 5 support: 0; clusters: 32461
Threshold 0.05:
polytomy of size 3; rounds with additions with at least 5 support: 0; clusters: 32461
polytomy of size 8; rounds with additions with at least 5 support: 0; clusters: 32465
polytomy of size 3; rounds with additions with at least 5 support: 0; clusters: 32465
Threshold 0.1:
polytomy of size 3; rounds with additions with at least 5 support: 0; clusters: 32465
polytomy of size 4; rounds with additions with at least 5 support: 0; clusters: 32465
polytomy of size 4; rounds with additions with at least 5 support: 0; clusters: 32465
polytomy of size 10; rounds with additions with at least 5 support: 0; clusters: 32469
polytomy of size 3; rounds with additions with at least 5 support: 0; clusters: 32469
polytomy of size 3; rounds with additions with at least 5 support: 0; clusters: 32469
polytomy of size 4; rounds with additions with at least 5 support: 0; clusters: 32469
polytomy of size 3; rounds with additions with at least 5 support: 0; clusters: 32469
polytomy of size 4; rounds with additions with at least 5 support: 0; clusters: 32469
polytomy of size 3; rounds with additions with at least 5 support: 0; clusters: 32469
Threshold 0.2:
polytomy of size 3; rounds with additions with at least 5 support: 0; clusters: 32469
polytomy of size 4; rounds with additions with at least 5 support: 0; clusters: 32469
polytomy of size 5; rounds with additions with at least 5 support: 0; clusters: 32469
polytomy of size 5; rounds with additions with at least 5 support: 0; clusters: 32469
polytomy of size 13; rounds with additions with at least 5 support: 0; clusters: 32471
polytomy of size 4; rounds with additions with at least 5 support: 0; clusters: 32471
polytomy of size 4; rounds with additions with at least 5 support: 0; clusters: 32471
polytomy of size 4; rounds with additions with at least 5 support: 0; clusters: 32471
polytomy of size 4; rounds with additions with at least 5 support: 0; clusters: 32471
polytomy of size 6; rounds with additions with at least 5 support: 0; clusters: 32473
polytomy of size 11; rounds with additions with at least 5 support: 1; clusters: 32475
Threshold 0.3333333333333333:
polytomy of size 3; rounds with additions with at least 5 support: 0; clusters: 32475
polytomy of size 3; rounds with additions with at least 5 support: 0; clusters: 32475
polytomy of size 12; rounds with additions with at least 5 support: 0; clusters: 32477
polytomy of size 6; rounds with additions with at least 5 support: 0; clusters: 32477
polytomy of size 14; rounds with additions with at least 5 support: 0; clusters: 32477
polytomy of size 4; rounds with additions with at least 5 support: 0; clusters: 32477
polytomy of size 4; rounds with additions with at least 5 support: 0; clusters: 32477
polytomy of size 3; rounds with additions with at least 5 support: 0; clusters: 32477
polytomy of size 3; rounds with additions with at least 5 support: 0; clusters: 32477
polytomy of size 3; rounds with additions with at least 5 support: 0; clusters: 32477
polytomy of size 4; rounds with additions with at least 5 support: 0; clusters: 32477
polytomy of size 6; rounds with additions with at least 5 support: 0; clusters: 32477
polytomy of size 4; rounds with additions with at least 5 support: 0; clusters: 32477
polytomy of size 3; rounds with additions with at least 5 support: 0; clusters: 32477
polytomy of size 4; rounds with additions with at least 5 support: 0; clusters: 32477
polytomy of size 4; rounds with additions with at least 5 support: 0; clusters: 32477
polytomy of size 4; rounds with additions with at least 5 support: 0; clusters: 32477
polytomy of size 5; rounds with additions with at least 5 support: 0; clusters: 32477
polytomy of size 3; rounds with additions with at least 5 support: 0; clusters: 32477
polytomy of size 5; rounds with additions with at least 5 support: 0; clusters: 32477
polytomy of size 9; rounds with additions with at least 5 support: 0; clusters: 32481
polytomy of size 21; rounds with additions with at least 5 support: 0; clusters: 32507
max k is :2
Number of Clusters after addition by greedy: 32507
gradient0 in heuristiic: 32507
partitions formed in 26.702 secs
Dynamic Programming starting after 26.702 secs
Using tree-based weight calculation.
Using polytree-based weight calculation.
Polytree max score: 16030753121
Polytree building time: 0.295 seconds.
Number of quartet trees in the gene trees: 16030753121
Size of largest cluster: 243
Greedy score: 14498477899
estimationFactor: 1.1056852472841776
Sub-optimal score: 14998822249
Calculated 100000 weights; time (seconds): 189
Total Number of elements weighted: 109015
Normalized score (portion of input quartet trees satisfied before correcting for multiple individuals): 0.94498305953919
Optimization score: 15148790131
Optimal tree inferred in 209.102 secs.
(P_016789,(S27,(S04,(S38,(((P_014099,S03),(P_016791,(P_016787,S02))),((S08,P_014095),(P_018693,((P_016793,(P_006422,P_016795)),((P_016797,(P_007845,(OBPL,(P_016799,GAP_80397)))),(P_018691,(((P_018639,P_018779),(P_018695,(P_018645,P_018783))),((((P2623,P2622),(P0110C,(XQWC,(P0207A,(P0110B,(P0207C,(P0207B,(P0206H,P0206G)))))))),((DHPO,GAP_80322),((P_012941,P_012795),((P_012861,((P_012855,(P_012827,P_007802)),((P_018637,P_012813),(P_012921,P_012919)))),(((P_012797,(P_012841,((P_012877,P_012913),(P_012811,(P_012895,P_012891))))),((((P_012883,P_012925),(P_012857,(P_012815,P_012903))),(P_012875,((P_012831,P_012905),(P_012901,(P_012851,P_012887))))),(P_018689,((P_012885,(GAP_80294,P_006420)),(P_012859,(((P_012907,GAP_80291),(P_012881,P_012873)),((P_012897,(GAP_80293,P_012893)),((P_012863,(P_012911,(P_012917,P_012821))),(P_012889,(P_006418,(P_012793,(GAP_80292,P_006419)))))))))))),((P_012867,((P_012899,P_012817),(P_012847,P_012923))),(P_012843,(((P_012937,(P_006421,P_012939)),(P_012803,(P_012853,(P_012829,P_012837)))),(((P_012801,(P_012879,P_012809)),(P_012839,(P_012805,(P_012825,(YZRI,P_012799))))),((P_012909,((P_012865,(P_012931,(P_012933,P_012935))),((P_012807,P_012845),(P_012849,P_012871)))),((GAP_81172,P_012833),((PSJT,(GAP_80295,P_012927)),((P_012915,P_012791),(P_012869,(P_012823,(P_012819,P_012835)))))))))))))))),(((P0203H,((P_016909,WZFE),(P0109B,(P_018831,OSHQ)))),(((SJEV,(P_019193,(Wsal,P_019187))),(P_016921,(WKSU,(GAP_81227,(Pcol,(P_006410,GAP_81226)))))),(((P_025527,(P_025525,P_025523)),(P_019189,((P_019197,PAWA),(Asie,QDVW)))),(((P2589,OPDF),(CSSK,P_019185)),((P_019191,P_019199),(GAP_80417,(P2590,GAP_79804))))))),(WPHN,(P_011613,(((P_011609,(P2619,Sdec)),(MAQO,(WAIL,(P_011527,((GAP_80298,P_014077),(GAP_80297,P_014083)))))),(((GAP_79862,P_011587),(P_014081,(P0104A,P_008647))),(((KRJP,(P_011549,GAP_80395)),((P_011643,(P_011657,(P_011509,P_011651))),((GAP_80393,GAP_80394),((P_011647,(P_011465,(P_011501,(P_011523,(P_011489,P_011487))))),((P_011637,P_011551),((P_011631,P_007844),(P_007843,(P_007783,P_006414)))))))),((P_011531,(P_011699,(P_006411,Schi))),(VYLQ,(P_018635,(P_008631,(P_011709,((P_011579,(P_008632,P_011671)),(P_011713,((P_011705,((KAYP,(BCGB,ABSS)),(WIGA,(Dhai,(Apet,Msal))))),(P_006413,((P_016813,(P_011679,((GAP_80389,GAP_80390),(P_008646,(P_006412,P_008640))))),((P_011673,(P_011537,(P_011701,(P_011677,(P_011739,P_011607))))),(P_011759,((P_011681,P_011719),((P_011735,P_011675),(P_011715,(P_011745,(P_011611,P_014073)))))))))))))))))))))))))))))))))));
Final quartet score is: 15148790131
Final normalized quartet score is: 0.94498305953919
You may want to ignore posterior probabilities and other statistics related to the following branch branch because the effective number of genes impacting it is only 2:
	{P_025525, P_025523}
You may want to ignore posterior probabilities and other statistics related to the following branch branch because the effective number of genes impacting it is only 11:
	{P_025525, P_025527, P_025523}
You may want to ignore posterior probabilities and other statistics related to the following branch branch because the effective number of genes impacting it is only 12:
	{P_019191, P_019199}
You may want to ignore posterior probabilities and other statistics related to the following branch branch because the effective number of genes impacting it is only 9:
	{P2619, Sdec}
You may want to ignore posterior probabilities and other statistics related to the following branch branch because the effective number of genes impacting it is only 3:
	{P_011739, P_011607}
You may want to ignore posterior probabilities and other statistics related to the following branch branch because the effective number of genes impacting it is only 5:
	{P_011739, P_011677, P_011607}
You may want to ignore posterior probabilities and other statistics related to the following branch branch because the effective number of genes impacting it is only 7:
	{P_011701, P_011739, P_011677, P_011607}
You may want to ignore posterior probabilities and other statistics related to the following branch branch because the effective number of genes impacting it is only 1:
	{P_011681, P_011719}
You may want to ignore posterior probabilities and other statistics related to the following branch branch because the effective number of genes impacting it is only 2:
	{P_011611, P_014073}
You may want to ignore posterior probabilities and other statistics related to the following branch branch because the effective number of genes impacting it is only 9:
	{Apet, P_011701, P_008632, P_011671, P_011673, P_011735, P_011715, P_006413, P_011713, P_016813, WIGA, P_008646, GAP_80389, GAP_80390, P_006412, P_008640, P_011745, P_011739, P_011679, BCGB, ABSS, Dhai, KAYP, P_011705, P_011681, P_011537, P_011759, P_011675, P_011677, P_011579, Msal, P_011611, P_014073, P_011719, P_011607}
You may want to ignore posterior probabilities and other statistics related to the following branch branch because the effective number of genes impacting it is only 2:
	{Apet, P_011701, P_008632, P_011671, P_011673, P_011735, P_011715, P_006413, P_011713, P_016813, WIGA, P_008646, GAP_80389, GAP_80390, P_006412, P_008640, P_011745, P_011739, P_011679, BCGB, ABSS, Dhai, KAYP, P_011705, P_011681, P_011537, P_011759, P_011675, P_011677, P_011579, Msal, P_011611, P_011709, P_014073, P_011719, P_011607}
You may want to ignore posterior probabilities and other statistics related to the following branch branch because the effective number of genes impacting it is only 18:
	{Apet, WAIL, MAQO, KRJP, VYLQ, P_011699, P_011527, GAP_80298, GAP_80297, P_011657, P_011643, P_011509, P_011651, P_011647, P_011637, P_007783, P_011551, P_007843, P_006414, P_011489, P_011487, P_011523, P_011501, P_011465, GAP_80393, GAP_80394, P_006411, P_011549, GAP_80395, P_014081, P0104A, P_008647, GAP_79862, P_011701, P_008632, P_011671, P_011673, P_011735, P_011715, P_006413, P_011713, P_016813, WIGA, P_008646, GAP_80389, GAP_80390, P_006412, P_008640, P_011745, P_011739, P_011679, BCGB, ABSS, Dhai, KAYP, P_011705, P_011681, P_011537, P_011759, P_011675, P_008631, P_018635, P_011677, Schi, P_011531, P_011587, P_011631, P_014077, P_014083, P2619, P_011579, Msal, P_007844, P_011609, P_011611, P_011709, P_011613, Sdec, P_014073, P_011719, P_011607}
You may want to ignore posterior probabilities and other statistics related to the following branch branch because the effective number of genes impacting it is only 7:
	{P_016799, GAP_80397, OBPL}
You may want to ignore posterior probabilities and other statistics related to the following branch branch because the effective number of genes impacting it is only 7:
	{P_016799, GAP_80397, OBPL, P_007845}
You may want to ignore posterior probabilities and other statistics related to the following branch branch because the effective number of genes impacting it is only 10:
	{P_016789, S27, S04}
Extended species tree:
(P0109B,((P_018831,OSHQ)1:0.8585278229283748,((P_016909,WZFE)1:1.4908985770571317,(P0203H,((((SJEV,(P_019193,(Wsal,P_019187)1:0.7051816912016945)1:1.0297807126106668)1:1.9611988030240832,(P_016921,(WKSU,(GAP_81227,(Pcol,(P_006410,GAP_81226)1:1.1080152629354234)1:0.8795447302181709)1:0.20472857273973438)1:0.2857386224233836)1:2.6034818143712326)1:1.8496547630694469,(((P_025527,(P_025525,P_025523)0.87:0.6931471805599453)0.99:0.8174016836531708,(P_019189,((P_019197,PAWA)1:0.5785954342824747,(Asie,QDVW)1:3.7264351229282036)0.89:0.12683000461456442)0.97:0.27041450933606226)0.2:0.0,(((P2589,OPDF)1:0.8204902485192006,(CSSK,P_019185)0.68:0.05619843779144317)1:1.4457909092187997,((P_019191,P_019199)0.99:0.7704312657944021,(GAP_80417,(P2590,GAP_79804)1:1.9822217252718117)1:0.804913193484599)1:0.8610305620018683)1:1.6367353510627445)1:1.4423446948127845)1:0.16247907180499993,((WPHN,(P_011613,(((P_011609,(P2619,Sdec)1:1.8971199848858815)1:1.9349629025572872,(MAQO,(WAIL,(P_011527,((GAP_80298,P_014077)0.81:0.10634632706863874,(GAP_80297,P_014083)1:2.2984549472730933)1:0.2606965618592519)1:0.39990856111809653)1:0.584962219361753)1:1.4427695742621967)0.62:0.14218179670896888,(((GAP_79862,P_011587)1:1.4571814971159094,(P_014081,(P0104A,P_008647)1:2.8995884130010885)1:2.4157746932826503)1:1.1343486378102008,(((KRJP,(P_011549,GAP_80395)1:1.5496923773162512)1:0.5620963719208275,((P_011643,(P_011657,(P_011509,P_011651)1:1.005428370935297)0.86:0.09074373845782521)1:1.3521386418245416,((GAP_80393,GAP_80394)1:0.7380471055698898,((P_011647,(P_011465,(P_011501,(P_011523,(P_011489,P_011487)0.85:0.07745277780138216)0.63:0.04806526535821934)1:0.7304208360764076)1:1.3473856906911257)0.97:0.12872554183651433,((P_011637,P_011551)0.94:0.1640661382003115,((P_011631,P_007844)0.97:0.21155807640772076,(P_007843,(P_007783,P_006414)0.59:0.04390574211825042)1:0.2761138423878816)0.67:0.05633472995000376)1:0.23855316316609185)1:1.0883667491543612)0.54:0.037504599451323783)1:2.3846301387618447)1:1.4435189026575617,((P_011531,(P_011699,(P_006411,Schi)1:0.9627623617041186)0.95:0.3098060998692233)1:2.17573823238729,(VYLQ,(P_018635,(P_008631,(P_011709,((P_011579,(P_008632,P_011671)0.84:0.13052219763407505)1:1.6415708637490856,(P_011713,((P_011705,((KAYP,(BCGB,ABSS)1:0.5195987319084197)0.99:0.1924038746199835,(WIGA,(Dhai,(Apet,Msal)0.61:0.07455167204214885)1:0.16379122981564556)1:0.3862507845430337)0.9:0.2316837205427854)0.66:0.07779708500773312,(P_006413,((P_016813,(P_011679,((GAP_80389,GAP_80390)1:1.6846302427816355,(P_008646,(P_006412,P_008640)1:1.0890024613571405)1:0.23622475272742596)0.69:0.09708827747036564)0.69:0.13845066881732615)1:0.4637726340862675,((P_011673,(P_011537,(P_011701,(P_011677,(P_011739,P_011607)0.42:0.0)0.94:0.900067896367268)0.59:0.22838995706015475)0.88:0.1569843416143017)0.34:0.03289708742690058,(P_011759,((P_011681,P_011719)0.66:0.28266953062823674,((P_011735,P_011675)1:1.3312865474465794,(P_011715,(P_011745,(P_011611,P_014073)0.87:0.6931471805599453)0.91:0.2841273754314522)1:0.297734299714435)0.52:0.1762803731736041)0.42:0.13638944806770584)0.99:0.1704979241963982)1:1.1229201382601934)0.95:0.11668262476675631)1:0.30929600138924135)0.44:0.03478012187247828)1:0.7182376517928635)1:1.5455014275770416)0.42:0.0)0.62:0.0845844509497019)1:0.5782008663139362)1:0.28238374548010264)1:0.9329803022114675)1:0.4053520599061032)0:0.12920346629101603)1:0.8392663142087445)0.42:0.023581976859789924)1:2.078714264260182,((((P2623,P2622)0.69:0.243152084972649,(P0110C,(XQWC,(P0207A,(P0110B,(P0207C,(P0207B,(P0206H,P0206G)1:0.26859259515001693)1:0.190415373758649)0.64:0.06161532073800833)0.52:0.04718528036284867)1:0.4120462113322131)1:0.4613145854874355)1:1.919503217263684)1:0.48518688364462886,((DHPO,GAP_80322)1:2.2177043396013407,((P_012941,P_012795)1:4.28632030818599,((P_012861,((P_012855,(P_012827,P_007802)1:2.102818455439811)1:1.3652875478168054,((P_018637,P_012813)1:0.7236314037563796,(P_012921,P_012919)1:2.8567964882397994)1:2.320249444795851)1:2.773899062625671)1:0.17588739625485447,(((P_012797,(P_012841,((P_012877,P_012913)1:1.6791041260656834,(P_012811,(P_012895,P_012891)1:0.4076717162047418)1:1.7933584088446153)1:1.8723222912169775)1:0.38304929924640285)0.53:0.029585810770805757,((((P_012883,P_012925)1:2.930276030357306,(P_012857,(P_012815,P_012903)1:1.3602969779260259)0.5:0.027495294512035136)0.92:0.09227055054696111,(P_012875,((P_012831,P_012905)1:0.4048010617535777,(P_012901,(P_012851,P_012887)1:2.9799952582383833)0.65:0.04225168651354718)1:0.23782881352396798)1:0.8140288968878027)1:0.6576784869365222,(P_018689,((P_012885,(GAP_80294,P_006420)1:1.9663860163489737)0.45:0.0173853150640721,(P_012859,(((P_012907,GAP_80291)0.77:0.07192687317113894,(P_012881,P_012873)1:1.2351749738101743)0.65:0.056311648920846724,((P_012897,(GAP_80293,P_012893)1:2.242116486454114)0.86:0.09018985660736545,((P_012863,(P_012911,(P_012917,P_012821)1:2.1245564690280405)1:0.9646321351384265)0.67:0.08151556584515487,(P_012889,(P_006418,(P_012793,(GAP_80292,P_006419)1:3.742010992458732)1:0.21505345654222432)0.85:0.08845939217558511)0.57:0.03855988884553674)0.67:0.06765188718508681)0.43:0.015228755614616925)0.79:0.07658814129459349)0.45:0.03836749301259567)1:1.688716952241444)1:1.2770407296515143)1:2.561049576424601)1:2.424406998529325,((P_012867,((P_012899,P_012817)1:1.5969186953470789,(P_012847,P_012923)1:3.2629977578190785)1:0.85373786377993)1:3.229798543742764,(P_012843,(((P_012937,(P_006421,P_012939)1:1.697143492853206)1:4.2863646552071115,(P_012803,(P_012853,(P_012829,P_012837)1:1.3321979035293219)0.49:0.02193243383791513)1:0.30741916940695435)1:0.1881163916843714,(((P_012801,(P_012879,P_012809)1:3.7818124286132697)1:0.7197750528347734,(P_012839,(P_012805,(P_012825,(YZRI,P_012799)1:0.8724092471575093)0.95:0.12070660111503491)0.79:0.09980570841989454)1:0.765549207279922)1:1.1868674967830075,((P_012909,((P_012865,(P_012931,(P_012933,P_012935)1:2.550211708758776)1:1.9757123135965284)1:0.39919154627461434,((P_012807,P_012845)1:0.4561892202243841,(P_012849,P_012871)1:1.9389094020261741)1:0.5941284620989263)1:2.5248610227780337)0.78:0.06321638617873256,((GAP_81172,P_012833)1:3.08956432878808,((PSJT,(GAP_80295,P_012927)0.92:0.18103131318652957)1:0.9413249615376347,((P_012915,P_012791)1:0.1539348764980913,(P_012869,(P_012823,(P_012819,P_012835)0.79:0.06278537296657136)1:0.8193457602446091)1:2.8269685734161807)1:1.7328598221857416)0.96:0.12650256326954917)1:2.2856732821863526)1:1.8297980920934023)1:1.9372117299566651)0.99:0.12771601907262084)1:1.4041673112912187)1:1.2596688866933172)1:0.2182394441262513)1:1.3838805398007064)1:3.6407498621935876)1:0.49404355565296465)1:0.6202953170491206,(((P_018639,P_018779)1:0.4349894445425228,(P_018695,(P_018645,P_018783)1:0.2007896208976969)1:0.36358484883243675)1:0.41820617459249876,(P_018691,((P_016797,(P_007845,(OBPL,(P_016799,GAP_80397)1:0.4123673793819723)0.7:0.3091763111154061)0.63:0.1871068809900555)1:0.8232333059541384,((P_016793,(P_006422,P_016795)1:0.4555957748800589)1:0.5492943646223576,(P_018693,((S08,P_014095)1:1.2115072418398152,(((P_014099,S03)1:2.563995496642036,(P_016791,(P_016787,S02)1:3.3514079779136665)0.68:0.04934987304144746)0.5:0.024465782478577915,(S38,(S04,(S27,P_016789)0.99:0.5392366261650218)0.57:0.16338031863906444)1:0.5914358249184012)0.91:0.14062066708076487)1:0.5948619816143977)0.97:0.11495714351725048)1:0.1727293170694796)0.85:0.1284305001972212)0.72:0.0837680788024896)1:3.23555157536737)1:2.5748400706313905)1:0.7699176828614404)1:2.007714158464977)1:1.2169445899558036)1:0.6321967186243238));
Weight calculation took 167.756547287 secs
ASTRAL finished in 212.16 secs
