
================== ASTRAL ===================== 

This is ASTRAL version 5.7.7
Gene trees are treated as unrooted
197 trees read from all_bs10.trees
index223
All output trees will be *arbitrarily* rooted at P0109B

======== Running the main analysis
Number of taxa: 243 (243 species)
Taxa: [Apet, WAIL, MAQO, KRJP, VYLQ, WPHN, YZRI, DHPO, P_012941, P_012795, P_012855, P_012827, P_007802, P_018637, P_012813, P_012921, P_012919, P_012797, P_012857, P_012901, P_012851, P_012887, P_012831, P_012905, P_012875, P_012883, P_012925, P_012815, P_012903, P_012841, P_012877, P_012913, P_012895, P_012891, P_012811, P_018689, P_012907, P_012897, P_012863, GAP_80291, P_012889, P_006418, P_012793, P_012917, P_012821, P_012911, GAP_80292, P_006419, GAP_80293, P_012893, P_012881, P_012873, P_012885, P_012859, GAP_80294, P_006420, P_012861, P_012843, P_012853, P_012803, P_012839, P_012909, P_012807, P_012845, P_012849, P_012871, P_012931, P_012933, P_012935, P_012865, GAP_80295, P_012927, PSJT, P_012915, P_012791, P_012823, P_012819, P_012835, P_012869, GAP_81172, P_012833, P_012801, P_012879, P_012809, P_012799, P_012825, P_012805, P_012829, P_012837, P_012937, P_006421, P_012939, P_012899, P_012817, P_012847, P_012923, P_012867, P2590, GAP_79804, P_011699, P_011527, GAP_80298, GAP_80297, P_011657, P_011643, P_011509, P_011651, P_011647, P_011637, P_007783, P_011551, P_007843, P_006414, P_011489, P_011487, P_011523, P_011501, P_011465, GAP_80393, GAP_80394, P_006411, P_011549, GAP_80395, P_014081, P0104A, P_008647, GAP_79862, P_019189, P_019197, GAP_80322, P0110C, P0110B, P0207A, P0207B, P0206H, P0206G, P0207C, XQWC, P2623, P_018691, P_011701, P_018639, P_016799, GAP_80397, OBPL, P_016797, P_006422, P_016795, P_016793, P_018693, P_016789, S27, P_018779, P_014099, S03, P_016791, P_016787, P_018645, P_018783, P_018695, CSSK, P_019185, P2589, OPDF, PAWA, Asie, QDVW, P_016909, P_018831, WZFE, GAP_81227, P_016921, Pcol, P_006410, GAP_81226, WKSU, SJEV, Wsal, P_019187, P_019193, P_008632, P_011671, P_011673, P_011735, P_011715, P_006413, P_011713, P_016813, WIGA, P_008646, GAP_80389, GAP_80390, P_006412, P_008640, P_011745, P_011739, P_011679, BCGB, ABSS, Dhai, KAYP, P_011705, P_011681, P_011537, P_011759, P_011675, P_008631, P_018635, P_011677, Schi, P_011531, P_011587, P_011631, P_014077, P_014083, P2619, P_019191, P2622, S08, S38, S02, P0203H, OSHQ, P0109B, GAP_80417, P_025525, P_011579, Msal, S04, P_007844, P_025527, P_011609, P_014095, P_011611, P_011709, P_011613, Sdec, P_025523, P_014073, P_019199, P_011607, P_011719, P_007845]
Taxon occupancy: {P_019193=153, P_019191=40, P_019197=175, OPDF=191, GAP_81172=196, P_018783=192, P_019199=19, Wsal=153, P_016921=192, WKSU=197, P_025523=13, P_025525=35, P_025527=15, P_014073=8, P0203H=113, P_014077=83, QDVW=194, P_011487=193, P_011489=194, P_016813=177, P_006421=195, P_006422=192, P_006420=101, P_006418=195, P_006419=193, P_006414=191, P_014081=104, P_014083=116, P_018689=196, P0206H=185, P0206G=170, Msal=172, P0109B=78, P_012901=193, P_006410=186, P_006411=185, P_012903=195, P_006412=191, P_006413=187, P_012905=196, P_012907=197, GAP_79862=182, PAWA=190, ABSS=195, P_012909=194, P_018691=91, GAP_80291=197, P_018695=189, P_014095=40, GAP_80293=195, GAP_80292=196, P_018693=188, GAP_80295=192, GAP_80294=195, P_014099=188, GAP_80297=191, GAP_80298=191, P_012911=196, P_011701=8, P_012913=173, P_012915=192, P_011705=79, P_012917=190, P_012919=188, P_011709=8, P_012881=196, P_011671=102, P_011551=80, MAQO=194, P_012883=196, P_011673=127, P_012885=194, GAP_80322=194, P_011675=172, P2590=162, P_012887=196, P_011677=130, P_012889=194, P_011679=135, P_008647=174, PSJT=190, P2589=165, P_012891=195, P_011681=101, P_012893=194, P_018637=191, P_012895=196, P_018635=160, P_012897=196, P0207C=188, P_012899=194, P0207B=190, P0207A=188, P_018639=156, P_008646=193, P_008640=193, BCGB=194, WZFE=193, P_018645=189, KRJP=194, KAYP=112, P_011699=47, P_011579=125, CSSK=189, P_008632=190, P_007783=174, P_016909=194, P_008631=40, P_019187=187, P_019185=179, Sdec=15, P_019189=166, P_012791=195, P_012793=194, P_012795=192, Asie=155, P_011465=193, P_018779=110, P_012797=193, P_011587=114, P_012799=194, GAP_80417=86, WIGA=191, P_007802=136, GAP_79804=142, P_012841=191, P_011631=121, P_012843=195, Pcol=154, P_012845=194, P_012847=188, P_011637=189, P_011759=160, P_012849=195, Apet=90, OBPL=194, P0110C=172, P0110B=133, P_018831=187, YZRI=194, P_012851=194, P_012853=191, P_011643=194, P_011523=194, P_012855=190, P_012857=191, P_011647=167, P_011527=109, P_012859=194, WAIL=195, P_016789=187, P_012861=195, P_011651=160, P_016787=189, P_011531=133, P_012863=196, P_012865=194, Schi=139, P_012867=195, P_011657=163, P_011537=124, P_012869=194, P_016793=188, P_016791=190, P_016797=193, SJEV=194, P_016795=187, P_012871=187, P_012873=195, P_016799=193, P_012875=195, P_012877=194, P_012879=195, P_011549=170, P_007844=95, P_007845=4, S02=146, P_012921=171, S04=26, P_012801=192, S03=181, P_012923=193, P_011713=91, P_012803=194, P_012925=195, P_011715=148, S08=98, P_012805=192, P_007843=150, P_012927=195, P_012807=192, P_011719=2, P_012809=193, VYLQ=195, DHPO=195, GAP_80390=174, P2622=136, P2623=47, GAP_80394=195, XQWC=196, GAP_80393=195, GAP_80395=195, GAP_80397=192, P_012931=195, P_012811=195, WPHN=195, P_012933=188, P_012813=192, P_012935=190, P_012815=193, P_012937=195, P_012817=194, P_011607=3, P_012939=191, P_012819=190, P_011609=88, P2619=95, OSHQ=192, GAP_80389=185, P_012941=194, P_012821=195, P_011611=32, P_012823=193, P_011613=19, P_011735=191, P_012825=197, S27=119, P_012827=172, P_011739=149, P_012829=145, Dhai=188, P0104A=150, P_012831=189, P_011501=194, P_012833=191, GAP_81226=193, GAP_81227=194, P_011745=160, P_012835=194, S38=21, P_012837=194, P_012839=191, P_011509=192}
Number of gene trees: 197
197 trees have missing taxa
Calculating quartet distance matrix (for completion of X)
Species tree distances calculated ...
Will attempt to complete bipartitions from X before adding using a distance matrix.
Building set of clusters (X) from gene trees 
------------------------------
gradient0: 22191
Number of Clusters after addition by distance: 22191
calculating extra bipartitions to be added at level 1 ...
Adding to X using resolutions of greedy consensus ...
Limit for sigma of degrees:6125
polytomy size limit : 20
discarded polytomies:  [3, 3, 3, 3, 3, 3, 3, 3, 3, 3, 3, 3, 3, 3, 3, 3, 3, 3, 4, 4, 4, 4, 4, 4, 4, 4, 4, 4, 4, 4, 5, 5, 5, 5, 5, 6, 6, 7, 8, 8, 8, 10, 11, 12, 14, 14, 20]
Threshold 0.0:
Threshold 0.01:
polytomy of size 4; rounds with additions with at least 5 support: 0; clusters: 22201
Threshold 0.02:
polytomy of size 6; rounds with additions with at least 5 support: 2; clusters: 22245
Threshold 0.05:
polytomy of size 8; rounds with additions with at least 5 support: 0; clusters: 22255
polytomy of size 4; rounds with additions with at least 5 support: 0; clusters: 22255
Threshold 0.1:
polytomy of size 3; rounds with additions with at least 5 support: 0; clusters: 22255
polytomy of size 3; rounds with additions with at least 5 support: 0; clusters: 22255
polytomy of size 3; rounds with additions with at least 5 support: 0; clusters: 22255
polytomy of size 12; rounds with additions with at least 5 support: 0; clusters: 22257
polytomy of size 3; rounds with additions with at least 5 support: 0; clusters: 22257
polytomy of size 4; rounds with additions with at least 5 support: 0; clusters: 22257
polytomy of size 4; rounds with additions with at least 5 support: 0; clusters: 22257
polytomy of size 3; rounds with additions with at least 5 support: 0; clusters: 22257
Threshold 0.2:
polytomy of size 3; rounds with additions with at least 5 support: 0; clusters: 22257
polytomy of size 3; rounds with additions with at least 5 support: 0; clusters: 22257
polytomy of size 5; rounds with additions with at least 5 support: 0; clusters: 22257
polytomy of size 3; rounds with additions with at least 5 support: 0; clusters: 22257
polytomy of size 5; rounds with additions with at least 5 support: 0; clusters: 22257
polytomy of size 5; rounds with additions with at least 5 support: 0; clusters: 22257
polytomy of size 14; rounds with additions with at least 5 support: 0; clusters: 22257
polytomy of size 4; rounds with additions with at least 5 support: 0; clusters: 22257
polytomy of size 3; rounds with additions with at least 5 support: 0; clusters: 22257
polytomy of size 4; rounds with additions with at least 5 support: 0; clusters: 22257
polytomy of size 4; rounds with additions with at least 5 support: 0; clusters: 22257
polytomy of size 8; rounds with additions with at least 5 support: 0; clusters: 22257
polytomy of size 10; rounds with additions with at least 5 support: 0; clusters: 22261
Threshold 0.3333333333333333:
polytomy of size 3; rounds with additions with at least 5 support: 0; clusters: 22261
polytomy of size 11; rounds with additions with at least 5 support: 0; clusters: 22263
polytomy of size 7; rounds with additions with at least 5 support: 0; clusters: 22263
polytomy of size 14; rounds with additions with at least 5 support: 0; clusters: 22263
polytomy of size 4; rounds with additions with at least 5 support: 0; clusters: 22263
polytomy of size 4; rounds with additions with at least 5 support: 0; clusters: 22263
polytomy of size 3; rounds with additions with at least 5 support: 0; clusters: 22263
polytomy of size 3; rounds with additions with at least 5 support: 0; clusters: 22263
polytomy of size 3; rounds with additions with at least 5 support: 0; clusters: 22263
polytomy of size 3; rounds with additions with at least 5 support: 0; clusters: 22263
polytomy of size 6; rounds with additions with at least 5 support: 0; clusters: 22263
polytomy of size 4; rounds with additions with at least 5 support: 0; clusters: 22263
polytomy of size 3; rounds with additions with at least 5 support: 0; clusters: 22263
polytomy of size 5; rounds with additions with at least 5 support: 0; clusters: 22263
polytomy of size 3; rounds with additions with at least 5 support: 0; clusters: 22263
polytomy of size 4; rounds with additions with at least 5 support: 0; clusters: 22263
polytomy of size 3; rounds with additions with at least 5 support: 0; clusters: 22263
polytomy of size 5; rounds with additions with at least 5 support: 0; clusters: 22263
polytomy of size 3; rounds with additions with at least 5 support: 0; clusters: 22263
polytomy of size 4; rounds with additions with at least 5 support: 0; clusters: 22263
polytomy of size 8; rounds with additions with at least 5 support: 0; clusters: 22263
polytomy of size 20; rounds with additions with at least 5 support: 0; clusters: 22295
max k is :4
Number of Clusters after addition by greedy: 22295
gradient0 in heuristiic: 22295
partitions formed in 8.248 secs
Dynamic Programming starting after 8.248 secs
Using tree-based weight calculation.
Using polytree-based weight calculation.
Polytree max score: 13053322906
Polytree building time: 0.12 seconds.
Number of quartet trees in the gene trees: 13053322906
Size of largest cluster: 243
Greedy score: 12100934013
estimationFactor: 1.078703750634195
Sub-optimal score: 12310558942
Total Number of elements weighted: 65268
Normalized score (portion of input quartet trees satisfied before correcting for multiple individuals): 0.9497401238194728
Optimization score: 12397264513
Optimal tree inferred in 82.296 secs.
(P_016789,(S27,(S04,(S38,((P_016791,((P_016787,S02),(P_014099,S03))),((S08,P_014095),(P_018693,((P_016793,(P_006422,P_016795)),((P_016797,(OBPL,(P_016799,GAP_80397))),(P_018691,(((P_018639,P_018779),(P_018695,(P_018645,P_018783))),(P_007845,((((P2623,P2622),(P0110C,(XQWC,(P0207A,(P0110B,(P0207C,(P0207B,(P0206H,P0206G)))))))),((DHPO,GAP_80322),((P_012941,P_012795),((P_012861,((P_012855,(P_012827,P_007802)),((P_018637,P_012813),(P_012921,P_012919)))),(((P_012797,(P_012841,((P_012877,P_012913),(P_012811,(P_012895,P_012891))))),((((P_012815,P_012903),(P_012857,(P_012883,P_012925))),(P_012875,((P_012831,P_012905),(P_012901,(P_012851,P_012887))))),(P_018689,((P_012885,(GAP_80294,P_006420)),(P_012859,((P_012881,P_012873),((P_012897,(GAP_80293,P_012893)),((P_012911,(P_012917,P_012821)),((P_012889,(P_012907,GAP_80291)),((P_012863,P_006418),(P_012793,(GAP_80292,P_006419)))))))))))),((P_012867,((P_012899,P_012817),(P_012847,P_012923))),(P_012843,(((P_012937,(P_006421,P_012939)),(P_012803,(P_012853,(P_012829,P_012837)))),(((P_012801,(P_012879,P_012809)),(P_012839,(P_012805,(P_012825,(YZRI,P_012799))))),((P_012909,((P_012865,(P_012931,(P_012933,P_012935))),((P_012807,P_012845),(P_012849,P_012871)))),((GAP_81172,P_012833),((P_012927,(GAP_80295,PSJT)),((P_012915,P_012791),(P_012869,(P_012823,(P_012819,P_012835)))))))))))))))),(((P0203H,((P_016909,WZFE),(P0109B,(P_018831,OSHQ)))),(((SJEV,(P_019193,(Wsal,P_019187))),(P_016921,(GAP_81227,(WKSU,(Pcol,(P_006410,GAP_81226)))))),(((P_025527,(P_025525,P_025523)),(P_019189,((P_019197,PAWA),(Asie,QDVW)))),(((P2589,OPDF),(CSSK,P_019185)),((P_019191,P_019199),(GAP_80417,(P2590,GAP_79804))))))),(WPHN,(P_011613,(((P_011609,(P2619,Sdec)),(MAQO,(WAIL,(P_011527,((GAP_80298,P_014077),(GAP_80297,P_014083)))))),(((GAP_79862,P_011587),(P_014081,(P0104A,P_008647))),(((KRJP,(P_011549,GAP_80395)),((P_011643,(P_011657,(P_011509,P_011651))),((GAP_80393,GAP_80394),((P_011647,(P_011465,(P_011501,(P_011523,(P_011489,P_011487))))),((P_011637,P_011551),((P_011631,P_007844),(P_007843,(P_007783,P_006414)))))))),((P_011531,(P_011699,(P_006411,Schi))),(VYLQ,(P_018635,(P_008631,(P_011709,((P_011579,(P_008632,P_011671)),(P_011713,(((KAYP,(BCGB,ABSS)),(P_011705,(WIGA,(Dhai,(Apet,Msal))))),(P_006413,((P_016813,((GAP_80389,GAP_80390),((P_008646,P_011679),(P_006412,P_008640)))),((P_011673,(P_011537,(P_011701,(P_011677,(P_011739,P_011607))))),(P_011759,((P_011681,P_011719),((P_011735,P_011675),(P_011715,(P_011745,(P_011611,P_014073))))))))))))))))))))))))))))))))))));
Final quartet score is: 12397264513
Final normalized quartet score is: 0.9497401238194728
You may want to ignore posterior probabilities and other statistics related to the following branch branch because the effective number of genes impacting it is only 2:
	{P_025525, P_025523}
You may want to ignore posterior probabilities and other statistics related to the following branch branch because the effective number of genes impacting it is only 10:
	{P_025525, P_025527, P_025523}
You may want to ignore posterior probabilities and other statistics related to the following branch branch because the effective number of genes impacting it is only 12:
	{P_019191, P_019199}
You may want to ignore posterior probabilities and other statistics related to the following branch branch because the effective number of genes impacting it is only 9:
	{P2619, Sdec}
You may want to ignore posterior probabilities and other statistics related to the following branch branch because the effective number of genes impacting it is only 3:
	{P_011739, P_011607}
You may want to ignore posterior probabilities and other statistics related to the following branch branch because the effective number of genes impacting it is only 4:
	{P_011739, P_011677, P_011607}
You may want to ignore posterior probabilities and other statistics related to the following branch branch because the effective number of genes impacting it is only 7:
	{P_011701, P_011739, P_011677, P_011607}
You may want to ignore posterior probabilities and other statistics related to the following branch branch because the effective number of genes impacting it is only 1:
	{P_011681, P_011719}
You may want to ignore posterior probabilities and other statistics related to the following branch branch because the effective number of genes impacting it is only 2:
	{P_011611, P_014073}
You may want to ignore posterior probabilities and other statistics related to the following branch branch because the effective number of genes impacting it is only 8:
	{Apet, P_011701, P_008632, P_011671, P_011673, P_011735, P_011715, P_006413, P_011713, P_016813, WIGA, P_008646, GAP_80389, GAP_80390, P_006412, P_008640, P_011745, P_011739, P_011679, BCGB, ABSS, Dhai, KAYP, P_011705, P_011681, P_011537, P_011759, P_011675, P_011677, P_011579, Msal, P_011611, P_014073, P_011607, P_011719}
You may want to ignore posterior probabilities and other statistics related to the following branch branch because the effective number of genes impacting it is only 2:
	{Apet, P_011701, P_008632, P_011671, P_011673, P_011735, P_011715, P_006413, P_011713, P_016813, WIGA, P_008646, GAP_80389, GAP_80390, P_006412, P_008640, P_011745, P_011739, P_011679, BCGB, ABSS, Dhai, KAYP, P_011705, P_011681, P_011537, P_011759, P_011675, P_011677, P_011579, Msal, P_011611, P_011709, P_014073, P_011607, P_011719}
You may want to ignore posterior probabilities and other statistics related to the following branch branch because the effective number of genes impacting it is only 19:
	{Apet, WAIL, MAQO, KRJP, VYLQ, P_011699, P_011527, GAP_80298, GAP_80297, P_011657, P_011643, P_011509, P_011651, P_011647, P_011637, P_007783, P_011551, P_007843, P_006414, P_011489, P_011487, P_011523, P_011501, P_011465, GAP_80393, GAP_80394, P_006411, P_011549, GAP_80395, P_014081, P0104A, P_008647, GAP_79862, P_011701, P_008632, P_011671, P_011673, P_011735, P_011715, P_006413, P_011713, P_016813, WIGA, P_008646, GAP_80389, GAP_80390, P_006412, P_008640, P_011745, P_011739, P_011679, BCGB, ABSS, Dhai, KAYP, P_011705, P_011681, P_011537, P_011759, P_011675, P_008631, P_018635, P_011677, Schi, P_011531, P_011587, P_011631, P_014077, P_014083, P2619, P_011579, Msal, P_007844, P_011609, P_011611, P_011709, Sdec, P_014073, P_011607, P_011719}
You may want to ignore posterior probabilities and other statistics related to the following branch branch because the effective number of genes impacting it is only 17:
	{Apet, WAIL, MAQO, KRJP, VYLQ, P_011699, P_011527, GAP_80298, GAP_80297, P_011657, P_011643, P_011509, P_011651, P_011647, P_011637, P_007783, P_011551, P_007843, P_006414, P_011489, P_011487, P_011523, P_011501, P_011465, GAP_80393, GAP_80394, P_006411, P_011549, GAP_80395, P_014081, P0104A, P_008647, GAP_79862, P_011701, P_008632, P_011671, P_011673, P_011735, P_011715, P_006413, P_011713, P_016813, WIGA, P_008646, GAP_80389, GAP_80390, P_006412, P_008640, P_011745, P_011739, P_011679, BCGB, ABSS, Dhai, KAYP, P_011705, P_011681, P_011537, P_011759, P_011675, P_008631, P_018635, P_011677, Schi, P_011531, P_011587, P_011631, P_014077, P_014083, P2619, P_011579, Msal, P_007844, P_011609, P_011611, P_011709, P_011613, Sdec, P_014073, P_011607, P_011719}
You may want to ignore posterior probabilities and other statistics related to the following branch branch because the effective number of genes impacting it is only 7:
	{P_016789, S27, S04}
You may want to ignore posterior probabilities and other statistics related to the following branch branch because the effective number of genes impacting it is only 4:
	{P_018691, P_018639, P_016799, GAP_80397, OBPL, P_016797, P_006422, P_016795, P_016793, P_018693, P_016789, S27, P_018779, P_014099, S03, P_016791, P_016787, P_018645, P_018783, P_018695, S08, S38, S02, S04, P_014095}
You may want to ignore posterior probabilities and other statistics related to the following branch branch because the effective number of genes impacting it is only 4:
	{P_018691, P_018639, P_016799, GAP_80397, OBPL, P_016797, P_006422, P_016795, P_016793, P_018693, P_016789, S27, P_018779, P_014099, S03, P_016791, P_016787, P_018645, P_018783, P_018695, S08, S38, S02, S04, P_014095, P_007845}
Extended species tree:
(P0109B,((P_018831,OSHQ)1:1.0074663082853412,((P_016909,WZFE)1:2.0636937032808156,(P0203H,((((SJEV,(P_019193,(Wsal,P_019187)1:0.7917591056812301)1:0.8419899355667998)1:2.251688534606247,(P_016921,(GAP_81227,(WKSU,(Pcol,(P_006410,GAP_81226)1:1.1346376599418277)1:0.7070074787407111)1:0.2457553649565454)1:0.5178228640933139)1:2.8054070846197527)1:2.3409657378712243,(((P_025527,(P_025525,P_025523)0.87:0.6931471805599453)0.98:0.723562459082811,(P_019189,((P_019197,PAWA)1:0.7112790093584479,(Asie,QDVW)1:3.3722098447889017)0.5:0.06683436211700597)0.91:0.2260687382294201)0.35:0.02577426510562745,(((P2589,OPDF)1:1.0053979073039092,(CSSK,P_019185)0.76:0.07493826448781812)1:1.6551470221425817,((P_019191,P_019199)0.97:0.5478388305040616,(GAP_80417,(P2590,GAP_79804)1:2.356497957545638)1:0.8665423910211167)1:0.7708771942923651)1:1.7390102601472486)1:1.7497563975338157)0.99:0.1718434618901877,((WPHN,(P_011613,(((P_011609,(P2619,Sdec)1:1.8971199848858815)1:1.8457553914750158,(MAQO,(WAIL,(P_011527,((GAP_80298,P_014077)0.67:0.08416376019600819,(GAP_80297,P_014083)1:2.5653745499816996)1:0.2570128172400309)1:0.3764713588344796)1:0.6716894930701955)1:1.461641896240312)0.7:0.15670733158222938,(((GAP_79862,P_011587)1:1.4921491192801197,(P_014081,(P0104A,P_008647)1:3.412247217848739)1:2.8033131788107544)1:1.2328332342399098,(((KRJP,(P_011549,GAP_80395)1:1.52910768045126)1:0.7151813110069903,((P_011643,(P_011657,(P_011509,P_011651)1:0.9761222966215501)0.99:0.1646854257451117)1:1.5036384573443615,((GAP_80393,GAP_80394)1:0.7227526306131541,((P_011647,(P_011465,(P_011501,(P_011523,(P_011489,P_011487)0.65:0.05863210251922153)0.51:0.02727987761304881)1:0.7361586121102711)1:1.3012196762661083)0.92:0.11586744345486613,((P_011637,P_011551)0.92:0.17378779853900334,((P_011631,P_007844)0.92:0.17688452022088172,(P_007843,(P_007783,P_006414)0.85:0.09634233707421302)1:0.3606448900458418)0.66:0.0590343884925212)1:0.3007503680271905)1:1.1107463469686882)0.8:0.08373258072024754)1:2.5902681252001227)1:1.6081582697506493,((P_011531,(P_011699,(P_006411,Schi)1:1.0856557232630013)0.99:0.42121346507630353)1:2.0622217141765598,(VYLQ,(P_018635,(P_008631,(P_011709,((P_011579,(P_008632,P_011671)0.99:0.24515030958989315)1:1.571226904526198,(P_011713,(((KAYP,(BCGB,ABSS)1:0.64253420327258)0.99:0.21731970043469445,(P_011705,(WIGA,(Dhai,(Apet,Msal)0.75:0.10425451271523886)1:0.19521208364013048)1:0.3412259604193628)0.45:0.17746668727248976)1:0.3461227677687973,(P_006413,((P_016813,((GAP_80389,GAP_80390)1:1.9741264922519326,((P_008646,P_011679)0.82:0.20322445340704398,(P_006412,P_008640)1:1.1679855165639865)0.82:0.09286922431297835)0.97:0.15624760029135953)1:0.4790211938788399,((P_011673,(P_011537,(P_011701,(P_011677,(P_011739,P_011607)0.42:0.0)0.94:0.9028677115420147)0.77:0.3714341910704256)0.94:0.20403340989725152)0.36:0.0465773220851595,(P_011759,((P_011681,P_011719)0.67:0.2876820724517809,((P_011735,P_011675)1:1.4846009790525139,(P_011715,(P_011745,(P_011611,P_014073)0.87:0.6931471805599453)0.97:0.410189146146897)1:0.277058496655378)0.61:0.1824936844242101)0.64:0.15702046206767215)0.98:0.17800230772004436)1:1.2159951095495671)0.98:0.17286498681871892)1:0.20017945638565054)0.63:0.07071279620109334)1:0.7762785100730387)1:1.294277226819661)0.42:0.0)0.6:0.09298687618368395)1:0.5748280175383264)1:0.34370938199164297)1:1.0724108566875357)1:0.3506997450587107)0.22:0.1831596145572201)1:0.745133435506336)0.43:0.024412213670385083)1:2.3135267987987382,((((P2623,P2622)0.8:0.26361421597267326,(P0110C,(XQWC,(P0207A,(P0110B,(P0207C,(P0207B,(P0206H,P0206G)1:0.24610129924145283)1:0.1961678584353937)0.58:0.0553583808361051)0.51:0.04008166734664191)1:0.26253458056646534)1:0.7151666447132865)1:2.028358505766824)1:0.5265235648716715,((DHPO,GAP_80322)1:3.431707759398828,((P_012941,P_012795)1:3.9117512136536736,((P_012861,((P_012855,(P_012827,P_007802)1:2.343739047544104)1:1.436099236371771,((P_018637,P_012813)1:0.679965801521619,(P_012921,P_012919)1:2.937732462945848)1:2.681486190895795)1:3.307427940128617)0.99:0.17525764516585268,(((P_012797,(P_012841,((P_012877,P_012913)1:1.5704362200910578,(P_012811,(P_012895,P_012891)1:0.4252166940580831)1:2.298639925661876)1:1.925330382914642)1:0.36670210868216635)0.65:0.04949770424685145,((((P_012815,P_012903)1:1.485138621720102,(P_012857,(P_012883,P_012925)1:3.034564716110922)0.43:0.022229174896257312)0.56:0.03776652119069102,(P_012875,((P_012831,P_012905)1:0.43979270218312466,(P_012901,(P_012851,P_012887)1:3.039618268931647)0.55:0.03406054713739744)1:0.2560960589428649)1:0.7868095278129027)1:0.6954584342808531,(P_018689,((P_012885,(GAP_80294,P_006420)1:1.9167968971257465)0.71:0.06905659125574626,(P_012859,((P_012881,P_012873)1:1.4303180051657394,((P_012897,(GAP_80293,P_012893)1:2.4182193166173103)0.95:0.14311847810525072,((P_012911,(P_012917,P_012821)1:1.969594103597913)1:1.402010416781502,((P_012889,(P_012907,GAP_80291)0.91:0.12253958034005787)0.48:0.03938434775507628,((P_012863,P_006418)0.77:0.08376188533278404,(P_012793,(GAP_80292,P_006419)1:3.4575729252870078)1:0.21686078245505566)0.87:0.1117102611539555)0.4:0.010201071941146115)0.43:0.03102498011110607)0.64:0.05895120410714167)0.91:0.12133989499129462)0.4:0.0210389496756268)1:1.8831085901550864)1:1.3440699972166694)1:2.805161310194763)1:2.752061214857501,((P_012867,((P_012899,P_012817)1:1.9073074345544077,(P_012847,P_012923)1:3.42859635585027)1:0.9526215948000655)1:3.609715536093935,(P_012843,(((P_012937,(P_006421,P_012939)1:1.7060647481231717)1:4.736176086912815,(P_012803,(P_012853,(P_012829,P_012837)1:1.389782337370184)0.65:0.04845260111386507)1:0.2801290693391785)0.98:0.14916244744456678,(((P_012801,(P_012879,P_012809)1:3.7469140764528204)1:0.7432710391689005,(P_012839,(P_012805,(P_012825,(YZRI,P_012799)1:1.4195851031745594)1:0.19132196417020472)0.95:0.12337219390820334)1:0.8835229785592928)1:1.5333920784060056,((P_012909,((P_012865,(P_012931,(P_012933,P_012935)1:2.41112319491767)1:2.127953810155576)1:0.39935829885436364,((P_012807,P_012845)1:0.4814695197486647,(P_012849,P_012871)1:1.965037616406983)1:0.63875949714696)1:2.67931477327136)0.7:0.057547396353863293,((GAP_81172,P_012833)1:3.6415012830085085,((P_012927,(GAP_80295,PSJT)1:0.29335648370038236)1:2.0994494669960715,((P_012915,P_012791)0.99:0.15477247037153719,(P_012869,(P_012823,(P_012819,P_012835)0.54:0.03315716242465876)1:0.9704192291970271)1:2.9887940794454266)1:1.791128752771142)1:0.17136301270855908)1:2.9301466893988692)1:2.291782254737007)1:2.775325230307146)1:0.188778700448981)1:1.584169869359357)1:1.6416292389238496)1:0.29055288203901936)1:1.7183018549414169)1:4.18369880062399)1:0.6469473452948895)1:0.7378787924579887,(P_007845,(((P_018639,P_018779)1:0.3092793035535218,(P_018695,(P_018645,P_018783)1:0.25168398231524786)1:0.40819495094407166)1:0.42106609090226405,(P_018691,((P_016797,(OBPL,(P_016799,GAP_80397)1:0.28267073698148637)1:0.745088145502182)1:1.084863732721638,((P_016793,(P_006422,P_016795)1:0.5532960659219655)1:0.6493765162645943,(P_018693,((S08,P_014095)1:1.4245947263934546,((P_016791,((P_016787,S02)1:2.9570232141579504,(P_014099,S03)1:2.5604217699765544)0.31:0.005685603162136792)0.56:0.04041062621953678,(S38,(S04,(S27,P_016789)0.99:0.5710232521505725)0.55:0.13229742282924048)0.87:0.3061954733350177)0.83:0.12640746776270656)1:0.5990942444118604)0.99:0.18774578861772298)0.89:0.1047436036221751)0.94:0.175224647196457)0.73:0.09953035244297229)0.51:0.08877887424262339)0.98:1.1490982911708347)1:2.6188708387877027)1:0.8906623172647731)1:2.0524042315701796)1:1.2913148700966626)1:0.7153747619570077));
Weight calculation took 71.916273498 secs
ASTRAL finished in 84.286 secs
