
================== ASTRAL ===================== 

This is ASTRAL version 5.7.7
Gene trees are treated as unrooted
195 trees read from all_bs10.trees
index223
All output trees will be *arbitrarily* rooted at P0109B

======== Running the main analysis
Number of taxa: 243 (243 species)
Taxa: [Apet, WAIL, MAQO, KRJP, VYLQ, WPHN, YZRI, DHPO, P_012941, P_012795, P_012855, P_012827, P_007802, P_018637, P_012813, P_012921, P_012919, P_012797, P_012857, P_012901, P_012851, P_012887, P_012831, P_012905, P_012875, P_012883, P_012925, P_012815, P_012903, P_012841, P_012877, P_012913, P_012895, P_012891, P_012811, P_018689, P_012907, P_012897, P_012863, GAP_80291, P_012889, P_006418, P_012793, P_012917, P_012821, P_012911, GAP_80292, P_006419, GAP_80293, P_012893, P_012881, P_012873, P_012885, P_012859, GAP_80294, P_006420, P_012861, P_012843, P_012853, P_012803, P_012839, P_012909, P_012807, P_012845, P_012849, P_012871, P_012931, P_012933, P_012935, P_012865, GAP_80295, P_012927, PSJT, P_012915, P_012791, P_012823, P_012819, P_012835, P_012869, GAP_81172, P_012833, P_012801, P_012879, P_012809, P_012799, P_012825, P_012805, P_012829, P_012837, P_012937, P_006421, P_012939, P_012899, P_012817, P_012847, P_012923, P_012867, P2590, GAP_79804, P_011699, P_011527, GAP_80298, GAP_80297, P_011657, P_011643, P_011509, P_011651, P_011647, P_011637, P_007783, P_011551, P_007843, P_006414, P_011489, P_011487, P_011523, P_011501, P_011465, GAP_80393, GAP_80394, P_006411, P_011549, GAP_80395, P_014081, P0104A, P_008647, GAP_79862, P_019189, P_019197, GAP_80322, P0110C, P0110B, P0207A, P0207B, P0206H, P0206G, P0207C, XQWC, P2623, P_018691, P_011701, P_018639, P_016799, GAP_80397, OBPL, P_016797, P_006422, P_016795, P_016793, P_018693, P_016789, S27, P_018779, P_014099, S03, P_016791, P_016787, P_018645, P_018783, P_018695, CSSK, P_019185, P2589, OPDF, PAWA, Asie, QDVW, P_016909, P_018831, WZFE, GAP_81227, P_016921, Pcol, P_006410, GAP_81226, WKSU, SJEV, Wsal, P_019187, P_019193, P_008632, P_011671, P_011673, P_011735, P_011715, P_006413, P_011713, P_016813, WIGA, P_008646, GAP_80389, GAP_80390, P_006412, P_008640, P_011745, P_011739, P_011679, BCGB, ABSS, Dhai, KAYP, P_011705, P_011681, P_011537, P_011759, P_011675, P_008631, P_018635, P_011677, Schi, P_011531, P_011587, P_011631, P_014077, P_014083, P2619, P_019191, P2622, S08, S38, S02, P0203H, OSHQ, P0109B, GAP_80417, P_025525, P_011579, Msal, S04, P_007844, P_025527, P_011609, P_014095, P_011611, P_011709, P_011613, Sdec, P_025523, P_014073, P_019199, P_011607, P_007845, P_011719]
Taxon occupancy: {P_019193=151, P_019191=38, P_019197=174, OPDF=189, GAP_81172=194, P_018783=190, P_019199=17, Wsal=151, P_016921=191, WKSU=195, P_025523=12, P_025525=35, P_025527=15, P_014073=7, P0203H=111, P_014077=82, QDVW=192, P_011487=191, P_011489=192, P_016813=175, P_006421=193, P_006422=190, P_006420=98, P_006418=193, P_006419=191, P_006414=189, P_014081=102, P_014083=114, P_018689=194, P0206H=183, P0206G=168, Msal=171, P0109B=77, P_012901=191, P_006410=184, P_006411=183, P_012903=193, P_006412=189, P_006413=185, P_012905=194, P_012907=195, GAP_79862=180, PAWA=188, ABSS=193, P_012909=192, P_018691=89, GAP_80291=195, P_018695=187, P_014095=38, GAP_80293=193, GAP_80292=194, P_018693=186, GAP_80295=190, GAP_80294=193, P_014099=186, GAP_80297=189, GAP_80298=189, P_012911=194, P_011701=7, P_012913=171, P_012915=190, P_011705=76, P_012917=188, P_012919=186, P_011709=7, P_012881=194, P_011671=99, P_011551=77, MAQO=192, P_012883=194, P_011673=125, P_012885=192, GAP_80322=192, P_011675=170, P2590=160, P_012887=194, P_011677=128, P_012889=192, P_011679=133, P_008647=172, PSJT=188, P2589=163, P_012891=193, P_011681=98, P_012893=192, P_018637=189, P_012895=194, P_018635=159, P_012897=194, P0207C=186, P_012899=192, P0207B=188, P0207A=186, P_018639=155, P_008646=191, P_008640=191, BCGB=192, WZFE=191, P_018645=187, KRJP=192, KAYP=112, P_011699=45, P_011579=122, CSSK=187, P_008632=188, P_007783=172, P_016909=192, P_008631=40, P_019187=185, P_019185=178, Sdec=13, P_019189=164, P_012791=193, P_012793=192, P_012795=190, Asie=154, P_011465=191, P_018779=109, P_012797=191, P_011587=112, P_012799=192, GAP_80417=83, WIGA=189, P_007802=133, GAP_79804=139, P_012841=189, P_011631=118, P_012843=193, Pcol=152, P_012845=192, P_012847=186, P_011637=187, P_011759=158, P_012849=193, Apet=91, OBPL=192, P0110C=170, P0110B=130, P_018831=185, YZRI=192, P_012851=192, P_012853=189, P_011643=192, P_011523=192, P_012855=188, P_012857=189, P_011647=164, P_011527=109, P_012859=192, WAIL=193, P_016789=185, P_012861=193, P_011651=159, P_016787=187, P_011531=131, P_012863=194, P_012865=192, Schi=138, P_012867=193, P_011657=160, P_011537=123, P_012869=192, P_016793=186, P_016791=188, P_016797=191, SJEV=192, P_016795=185, P_012871=185, P_012873=193, P_016799=191, P_012875=193, P_012877=192, P_012879=193, P_011549=168, P_007844=92, P_007845=4, S02=144, P_012921=169, S04=25, P_012801=190, S03=179, P_012923=191, P_011713=89, P_012803=192, P_012925=193, P_011715=146, S08=95, P_012805=190, P_007843=148, P_012927=193, P_012807=190, P_011719=1, P_012809=191, VYLQ=193, DHPO=193, GAP_80390=173, P2622=133, P2623=46, GAP_80394=193, XQWC=194, GAP_80393=193, GAP_80395=193, GAP_80397=190, P_012931=193, P_012811=193, WPHN=193, P_012933=186, P_012813=190, P_012935=188, P_012815=191, P_012937=194, P_012817=192, P_011607=3, P_012939=189, P_012819=188, P_011609=86, P2619=93, OSHQ=190, GAP_80389=183, P_012941=192, P_012821=193, P_011611=31, P_012823=191, P_011613=19, P_011735=189, P_012825=195, S27=117, P_012827=170, P_011739=147, P_012829=144, Dhai=186, P0104A=148, P_012831=187, P_011501=192, P_012833=189, GAP_81226=191, GAP_81227=193, P_011745=158, P_012835=192, S38=20, P_012837=192, P_012839=189, P_011509=190}
Number of gene trees: 195
195 trees have missing taxa
Calculating quartet distance matrix (for completion of X)
Species tree distances calculated ...
Will attempt to complete bipartitions from X before adding using a distance matrix.
Building set of clusters (X) from gene trees 
------------------------------
gradient0: 21955
Number of Clusters after addition by distance: 21955
calculating extra bipartitions to be added at level 1 ...
Adding to X using resolutions of greedy consensus ...
Limit for sigma of degrees:6125
polytomy size limit : 21
discarded polytomies:  [3, 3, 3, 3, 3, 3, 3, 3, 3, 3, 3, 3, 3, 3, 3, 3, 3, 4, 4, 4, 4, 4, 4, 4, 4, 4, 4, 4, 4, 4, 5, 5, 5, 5, 5, 6, 6, 7, 7, 8, 8, 8, 10, 12, 14, 14, 21]
Threshold 0.0:
polytomy of size 3; rounds with additions with at least 5 support: 0; clusters: 21961
Threshold 0.01:
polytomy of size 4; rounds with additions with at least 5 support: 1; clusters: 21963
Threshold 0.02:
polytomy of size 6; rounds with additions with at least 5 support: 0; clusters: 22007
Threshold 0.05:
polytomy of size 8; rounds with additions with at least 5 support: 1; clusters: 22019
polytomy of size 4; rounds with additions with at least 5 support: 0; clusters: 22019
Threshold 0.1:
polytomy of size 3; rounds with additions with at least 5 support: 0; clusters: 22019
polytomy of size 3; rounds with additions with at least 5 support: 0; clusters: 22019
polytomy of size 3; rounds with additions with at least 5 support: 0; clusters: 22019
polytomy of size 12; rounds with additions with at least 5 support: 0; clusters: 22019
polytomy of size 3; rounds with additions with at least 5 support: 0; clusters: 22019
polytomy of size 4; rounds with additions with at least 5 support: 0; clusters: 22019
polytomy of size 4; rounds with additions with at least 5 support: 0; clusters: 22019
polytomy of size 3; rounds with additions with at least 5 support: 0; clusters: 22019
Threshold 0.2:
polytomy of size 3; rounds with additions with at least 5 support: 0; clusters: 22019
polytomy of size 5; rounds with additions with at least 5 support: 0; clusters: 22019
polytomy of size 3; rounds with additions with at least 5 support: 0; clusters: 22019
polytomy of size 5; rounds with additions with at least 5 support: 0; clusters: 22019
polytomy of size 4; rounds with additions with at least 5 support: 0; clusters: 22019
polytomy of size 14; rounds with additions with at least 5 support: 0; clusters: 22021
polytomy of size 4; rounds with additions with at least 5 support: 0; clusters: 22021
polytomy of size 3; rounds with additions with at least 5 support: 0; clusters: 22021
polytomy of size 4; rounds with additions with at least 5 support: 0; clusters: 22021
polytomy of size 4; rounds with additions with at least 5 support: 0; clusters: 22021
polytomy of size 8; rounds with additions with at least 5 support: 0; clusters: 22027
polytomy of size 10; rounds with additions with at least 5 support: 0; clusters: 22039
Threshold 0.3333333333333333:
polytomy of size 3; rounds with additions with at least 5 support: 0; clusters: 22039
polytomy of size 5; rounds with additions with at least 5 support: 0; clusters: 22039
polytomy of size 7; rounds with additions with at least 5 support: 0; clusters: 22045
polytomy of size 7; rounds with additions with at least 5 support: 0; clusters: 22045
polytomy of size 14; rounds with additions with at least 5 support: 0; clusters: 22045
polytomy of size 4; rounds with additions with at least 5 support: 0; clusters: 22045
polytomy of size 4; rounds with additions with at least 5 support: 0; clusters: 22045
polytomy of size 3; rounds with additions with at least 5 support: 0; clusters: 22045
polytomy of size 3; rounds with additions with at least 5 support: 0; clusters: 22045
polytomy of size 3; rounds with additions with at least 5 support: 0; clusters: 22045
polytomy of size 6; rounds with additions with at least 5 support: 0; clusters: 22045
polytomy of size 4; rounds with additions with at least 5 support: 0; clusters: 22045
polytomy of size 3; rounds with additions with at least 5 support: 0; clusters: 22045
polytomy of size 5; rounds with additions with at least 5 support: 0; clusters: 22045
polytomy of size 3; rounds with additions with at least 5 support: 0; clusters: 22045
polytomy of size 4; rounds with additions with at least 5 support: 0; clusters: 22045
polytomy of size 3; rounds with additions with at least 5 support: 0; clusters: 22045
polytomy of size 5; rounds with additions with at least 5 support: 0; clusters: 22045
polytomy of size 3; rounds with additions with at least 5 support: 0; clusters: 22045
polytomy of size 4; rounds with additions with at least 5 support: 0; clusters: 22045
polytomy of size 8; rounds with additions with at least 5 support: 0; clusters: 22049
polytomy of size 21; rounds with additions with at least 5 support: 0; clusters: 22083
max k is :2
Number of Clusters after addition by greedy: 22083
gradient0 in heuristiic: 22083
partitions formed in 17.302 secs
Dynamic Programming starting after 17.302 secs
Using tree-based weight calculation.
Using polytree-based weight calculation.
Polytree max score: 12859650624
Polytree building time: 0.16 seconds.
Number of quartet trees in the gene trees: 12859650624
Size of largest cluster: 243
Greedy score: 11696536538
estimationFactor: 1.0994408970742104
Sub-optimal score: 12137316021
Total Number of elements weighted: 65311
Normalized score (portion of input quartet trees satisfied before correcting for multiple individuals): 0.9496755700506969
Optimization score: 12212496037
Optimal tree inferred in 89.932 secs.
(P_016789,(S27,(S04,(S38,((P_016791,((P_016787,S02),(P_014099,S03))),((S08,P_014095),(P_018693,((P_016793,(P_006422,P_016795)),((P_016797,(OBPL,(P_016799,GAP_80397))),(P_018691,(((P_018639,P_018779),(P_018695,(P_018645,P_018783))),(P_007845,((((P2623,P2622),(P0110C,(XQWC,(P0207A,(P0110B,(P0207C,(P0207B,(P0206H,P0206G)))))))),((DHPO,GAP_80322),((P_012941,P_012795),((P_012861,((P_012855,(P_012827,P_007802)),((P_018637,P_012813),(P_012921,P_012919)))),(((P_012797,(P_012841,((P_012877,P_012913),(P_012811,(P_012895,P_012891))))),((((P_012815,P_012903),(P_012857,(P_012883,P_012925))),(P_012875,((P_012831,P_012905),(P_012901,(P_012851,P_012887))))),(P_018689,((P_012885,(GAP_80294,P_006420)),(P_012859,((P_012881,P_012873),((P_012897,(GAP_80293,P_012893)),((P_012911,(P_012917,P_012821)),((P_012889,(P_012907,GAP_80291)),((P_012863,P_006418),(P_012793,(GAP_80292,P_006419)))))))))))),((P_012867,((P_012899,P_012817),(P_012847,P_012923))),(P_012843,(((P_012937,(P_006421,P_012939)),(P_012803,(P_012853,(P_012829,P_012837)))),(((P_012801,(P_012879,P_012809)),(P_012839,(P_012805,(P_012825,(YZRI,P_012799))))),((P_012909,((P_012865,(P_012931,(P_012933,P_012935))),((P_012807,P_012845),(P_012849,P_012871)))),((GAP_81172,P_012833),((P_012927,(GAP_80295,PSJT)),((P_012915,P_012791),(P_012869,(P_012823,(P_012819,P_012835)))))))))))))))),(((P0203H,((P_016909,WZFE),(P0109B,(P_018831,OSHQ)))),(((SJEV,(P_019193,(Wsal,P_019187))),(P_016921,(GAP_81227,(WKSU,(Pcol,(P_006410,GAP_81226)))))),(((P_025527,(P_025525,P_025523)),(P_019189,((P_019197,PAWA),(Asie,QDVW)))),(((P2589,OPDF),(CSSK,P_019185)),((P_019191,P_019199),(GAP_80417,(P2590,GAP_79804))))))),(WPHN,(P_011613,(((P_011609,(P2619,Sdec)),(MAQO,(WAIL,(P_011527,((GAP_80298,P_014077),(GAP_80297,P_014083)))))),(((GAP_79862,P_011587),(P_014081,(P0104A,P_008647))),(((KRJP,(P_011549,GAP_80395)),((P_011643,(P_011657,(P_011509,P_011651))),((GAP_80393,GAP_80394),((P_011647,(P_011465,(P_011501,(P_011523,(P_011489,P_011487))))),((P_011637,P_011551),((P_011631,P_007844),(P_007843,(P_007783,P_006414)))))))),((P_011531,(P_011699,(P_006411,Schi))),(VYLQ,(P_018635,(P_008631,(P_011709,((P_011579,(P_008632,P_011671)),(P_011713,(((KAYP,(BCGB,ABSS)),(P_011705,(WIGA,(Dhai,(Apet,Msal))))),((P_006413,P_011719),((P_016813,(P_011679,((GAP_80389,GAP_80390),(P_008646,(P_006412,P_008640))))),((P_011673,(P_011537,(P_011701,(P_011677,(P_011739,P_011607))))),(P_011759,((P_011735,P_011675),(P_011681,(P_011715,(P_011745,(P_011611,P_014073))))))))))))))))))))))))))))))))))));
Final quartet score is: 12212496037
Final normalized quartet score is: 0.9496755700506969
You may want to ignore posterior probabilities and other statistics related to the following branch branch because the effective number of genes impacting it is only 2:
	{P_025525, P_025523}
You may want to ignore posterior probabilities and other statistics related to the following branch branch because the effective number of genes impacting it is only 10:
	{P_025525, P_025527, P_025523}
You may want to ignore posterior probabilities and other statistics related to the following branch branch because the effective number of genes impacting it is only 11:
	{P_019191, P_019199}
You may want to ignore posterior probabilities and other statistics related to the following branch branch because the effective number of genes impacting it is only 8:
	{P2619, Sdec}
You may want to ignore posterior probabilities and other statistics related to the following branch branch because the effective number of genes impacting it is only 1:
	{P_006413, P_011719}
You may want to ignore posterior probabilities and other statistics related to the following branch branch because the effective number of genes impacting it is only 3:
	{P_011739, P_011607}
You may want to ignore posterior probabilities and other statistics related to the following branch branch because the effective number of genes impacting it is only 3:
	{P_011739, P_011677, P_011607}
You may want to ignore posterior probabilities and other statistics related to the following branch branch because the effective number of genes impacting it is only 6:
	{P_011701, P_011739, P_011677, P_011607}
You may want to ignore posterior probabilities and other statistics related to the following branch branch because the effective number of genes impacting it is only 2:
	{P_011611, P_014073}
You may want to ignore posterior probabilities and other statistics related to the following branch branch because the effective number of genes impacting it is only 7:
	{Apet, P_011701, P_008632, P_011671, P_011673, P_011735, P_011715, P_006413, P_011713, P_016813, WIGA, P_008646, GAP_80389, GAP_80390, P_006412, P_008640, P_011745, P_011739, P_011679, BCGB, ABSS, Dhai, KAYP, P_011705, P_011681, P_011537, P_011759, P_011675, P_011677, P_011579, Msal, P_011611, P_014073, P_011607, P_011719}
You may want to ignore posterior probabilities and other statistics related to the following branch branch because the effective number of genes impacting it is only 2:
	{Apet, P_011701, P_008632, P_011671, P_011673, P_011735, P_011715, P_006413, P_011713, P_016813, WIGA, P_008646, GAP_80389, GAP_80390, P_006412, P_008640, P_011745, P_011739, P_011679, BCGB, ABSS, Dhai, KAYP, P_011705, P_011681, P_011537, P_011759, P_011675, P_011677, P_011579, Msal, P_011611, P_011709, P_014073, P_011607, P_011719}
You may want to ignore posterior probabilities and other statistics related to the following branch branch because the effective number of genes impacting it is only 19:
	{Apet, WAIL, MAQO, KRJP, VYLQ, P_011699, P_011527, GAP_80298, GAP_80297, P_011657, P_011643, P_011509, P_011651, P_011647, P_011637, P_007783, P_011551, P_007843, P_006414, P_011489, P_011487, P_011523, P_011501, P_011465, GAP_80393, GAP_80394, P_006411, P_011549, GAP_80395, P_014081, P0104A, P_008647, GAP_79862, P_011701, P_008632, P_011671, P_011673, P_011735, P_011715, P_006413, P_011713, P_016813, WIGA, P_008646, GAP_80389, GAP_80390, P_006412, P_008640, P_011745, P_011739, P_011679, BCGB, ABSS, Dhai, KAYP, P_011705, P_011681, P_011537, P_011759, P_011675, P_008631, P_018635, P_011677, Schi, P_011531, P_011587, P_011631, P_014077, P_014083, P2619, P_011579, Msal, P_007844, P_011609, P_011611, P_011709, Sdec, P_014073, P_011607, P_011719}
You may want to ignore posterior probabilities and other statistics related to the following branch branch because the effective number of genes impacting it is only 17:
	{Apet, WAIL, MAQO, KRJP, VYLQ, P_011699, P_011527, GAP_80298, GAP_80297, P_011657, P_011643, P_011509, P_011651, P_011647, P_011637, P_007783, P_011551, P_007843, P_006414, P_011489, P_011487, P_011523, P_011501, P_011465, GAP_80393, GAP_80394, P_006411, P_011549, GAP_80395, P_014081, P0104A, P_008647, GAP_79862, P_011701, P_008632, P_011671, P_011673, P_011735, P_011715, P_006413, P_011713, P_016813, WIGA, P_008646, GAP_80389, GAP_80390, P_006412, P_008640, P_011745, P_011739, P_011679, BCGB, ABSS, Dhai, KAYP, P_011705, P_011681, P_011537, P_011759, P_011675, P_008631, P_018635, P_011677, Schi, P_011531, P_011587, P_011631, P_014077, P_014083, P2619, P_011579, Msal, P_007844, P_011609, P_011611, P_011709, P_011613, Sdec, P_014073, P_011607, P_011719}
You may want to ignore posterior probabilities and other statistics related to the following branch branch because the effective number of genes impacting it is only 7:
	{P_016789, S27, S04}
You may want to ignore posterior probabilities and other statistics related to the following branch branch because the effective number of genes impacting it is only 4:
	{P_018691, P_018639, P_016799, GAP_80397, OBPL, P_016797, P_006422, P_016795, P_016793, P_018693, P_016789, S27, P_018779, P_014099, S03, P_016791, P_016787, P_018645, P_018783, P_018695, S08, S38, S02, S04, P_014095}
You may want to ignore posterior probabilities and other statistics related to the following branch branch because the effective number of genes impacting it is only 4:
	{P_018691, P_018639, P_016799, GAP_80397, OBPL, P_016797, P_006422, P_016795, P_016793, P_018693, P_016789, S27, P_018779, P_014099, S03, P_016791, P_016787, P_018645, P_018783, P_018695, S08, S38, S02, S04, P_014095, P_007845}
Extended species tree:
(P0109B,((P_018831,OSHQ)76.37:0.9938606562295624,((P_016909,WZFE)91.93:2.0531672902938274,(P0203H,((((SJEV,(P_019193,(Wsal,P_019187)69.13:0.7537226844558245)73.05:0.8878661272135245)93.42:2.2408483200533817,(P_016921,(GAP_81227,(WKSU,(Pcol,(P_006410,GAP_81226)79.46:1.1523265429006466)67.47:0.7038295942616581)48.01:0.2439299165345576)59.99:0.5028732180279121)96.45:2.8002055124236778)94.01:2.330490689391355,(((P_025527,(P_025525,P_025523)100:0.6931471805599453)75.19:0.723562459082811,(P_019189,((P_019197,PAWA)67.47:0.7052805305306152,(Asie,QDVW)98.34:3.3656524442427447)37.73:0.06437742975989721)49.32:0.24925224922227776)34.34:0.0034587717764018025,(((P2589,OPDF)75.78:0.9929753873053521,(CSSK,P_019185)38.01:0.06914114680349213)87.63:1.6432784414789263,((P_019191,P_019199)72.63:0.6903885581208656,(GAP_80417,(P2590,GAP_79804)94.68:2.3177834453649457)71.57:0.7741690708901017)73.37:0.8555460092576062)88.98:1.7527278698737967)88.84:1.7455001565736439)44.36:0.176300661160744,((WPHN,(P_011613,(((P_011609,(P2619,Sdec)100:1.7917594692280545)90.75:1.8096878170150519,(MAQO,(WAIL,(P_011527,((GAP_80298,P_014077)40.94:0.11257701343886342,(GAP_80297,P_014083)95.62:2.5481313542424773)49.36:0.2659600834520015)54.05:0.3612862805249047)66.36:0.6735543959979956)84.86:1.4361386235374807)44.22:0.17092746756442864,(((GAP_79862,P_011587)85.54:1.4729949218033405,(P_014081,(P0104A,P_008647)98.86:3.390024081064028)96.87:2.7829033339170155)80.83:1.2206507611546622,(((KRJP,(P_011549,GAP_80395)86.5:1.559241892648837)67.67:0.7126881333797573,((P_011643,(P_011657,(P_011509,P_011651)76.53:1.0204938886739434)42.96:0.15095723774009273)85.72:1.50894973142339,((GAP_80393,GAP_80394)68.74:0.7453265196331563,((P_011647,(P_011465,(P_011501,(P_011523,(P_011489,P_011487)37.19:0.0563082394491925)35.34:0.027508598028968715)68.82:0.7481010975002483)82.03:1.2820523490887146)41.37:0.12356570713830342,((P_011637,P_011551)44.19:0.16671637611488796,((P_011631,P_007844)45.86:0.19541008592189565,(P_007843,(P_007783,P_006414)39.59:0.09380411137866579)53.63:0.3532569838618198)37.02:0.05236554687758538)50.86:0.2989142118841707)78.1:1.0942923429464544)38.78:0.08172601596570368)95.4:2.570623379801447)86.94:1.5942990103123562,((P_011531,(P_011699,(P_006411,Schi)81.07:1.152078728904995)55.41:0.36992017068875305)92.11:2.0467067225042626,(VYLQ,(P_018635,(P_008631,(P_011709,((P_011579,(P_008632,P_011671)46.25:0.20318611049086127)87.36:1.6068690120682048,(P_011713,(((KAYP,(BCGB,ABSS)65.01:0.624662847662146)46.62:0.21305929186498154,(P_011705,(WIGA,(Dhai,(Apet,Msal)41.27:0.11749982880522232)45.09:0.1888362223324032)52.77:0.3291678509408056)45.32:0.1860716740697308)52.81:0.3386863300775043,((P_006413,P_011719)100:0.2876820724517809,((P_016813,(P_011679,((GAP_80389,GAP_80390)91.14:1.9539065946919996,(P_008646,(P_006412,P_008640)78.62:1.1152957073195873)43.52:0.16055560933978638)40.61:0.10906332387278538)43.54:0.1581059305654106)58.68:0.466971069965801,((P_011673,(P_011537,(P_011701,(P_011677,(P_011739,P_011607)49.87:0.0)94.74:0.6241543090729936)55.47:0.22908085806436315)47.67:0.22964068167160268)35.95:0.03400181656688038,(P_011759,((P_011735,P_011675)87.11:1.60064727454413,(P_011681,(P_011715,(P_011745,(P_011611,P_014073)100:0.6931471805599453)58.8:0.42114028865932)40.56:0.10504364835596444)44.97:0.1824286644165861)49.3:0.2665448323608384)44.14:0.17054320882452328)80.95:1.2237868656455555)44.1:0.17042528805603777)45.65:0.19848013755764077)38.82:0.07698108268703807)70.41:0.7844062451089282)98.13:1.4448042698329133)50:0.0)40.31:0.09298687618368395)62.68:0.5687692579536733)52.76:0.337938961406727)77.51:1.0664920140997847)53.11:0.3447993802406645)45.28:0.1923330094753135)72.48:0.745133435506336)37.14:0.024412213670385083)93.88:2.3068100941738554,((((P2623,P2622)49.89:0.2625055806090322,(P0110C,(XQWC,(P0207A,(P0110B,(P0207C,(P0207B,(P0206H,P0206G)48.75:0.2572413888352557)45.71:0.2004475817394266)36.78:0.04853341487134825)37.08:0.05320686979498543)49.22:0.2669960624419498)67.41:0.7034018031336999)91.88:2.020572098633596)60.86:0.5210486515382329,((DHPO,GAP_80322)98.34:3.4211531037451848,((P_012941,P_012795)99.18:3.901251117183324,((P_012861,((P_012855,(P_012827,P_007802)94.22:2.3194463549750584)85.04:1.4615300561944697,((P_018637,P_012813)66.77:0.6852294408238063,(P_012921,P_012919)97:2.925898005298845)95.9:2.670904081565258)98.05:3.297010578828749)44.26:0.17468012188674284,(((P_012797,(P_012841,((P_012877,P_012913)86.48:1.558743962322858,(P_012811,(P_012895,P_012891)57.33:0.43911675742643497)93.73:2.2881442023102148)90.66:1.9145580215882245)54.94:0.3849528153762103)36.51:0.04559609789411544,((((P_012815,P_012903)84.81:1.4490017704085378,(P_012857,(P_012883,P_012925)97.28:3.0239352163309126)35.48:0.02932485353873045)35.19:0.024893815519493684,(P_012875,((P_012831,P_012905)57.65:0.44616355255964657,(P_012901,(P_012851,P_012887)96.76:2.877909899262443)36.02:0.03802722143054244)49.06:0.26373413399051643)70.88:0.8140238117536073)66.21:0.6679158250841489,(P_018689,((P_012885,(GAP_80294,P_006420)90.84:1.8859572527861406)37.47:0.05963562586853669,(P_012859,((P_012881,P_012873)84.93:1.4513320025247771,((P_012897,(GAP_80293,P_012893)94.51:2.407350157560138)42.18:0.13640800790324226,((P_012911,(P_012917,P_012821)91.15:1.9643610433125056)84.7:1.4366925365832295,((P_012889,(P_012907,GAP_80291)41.35:0.12251827897560372)36.45:0.04310447553473946,((P_012863,P_006418)38.92:0.08230163100313687,(P_012793,(GAP_80292,P_006419)98.41:3.446875366338163)46.85:0.2202202879661678)40.95:0.11545337837234886)34.07:0.006680196041407095)35.63:0.030379497565150397)37.41:0.05808821432135947)41.1:0.1181735417133336)35.32:0.026060320756394764)90.25:1.8721984143990897)82.52:1.3123918790822173)96.59:2.832096768695181)96.22:2.7413952061744546,((P_012867,((P_012899,P_012817)90.47:1.8968361346871114,(P_012847,P_012923)98.35:3.4177266836133646)74.41:0.9421777693104018)98.69:3.599405638581539,(P_012843,(((P_012937,(P_006421,P_012939)88.3:1.7007876910223279)99.93:4.731008116754373,(P_012803,(P_012853,(P_012829,P_012837)83.87:1.3827105195306928)36.54:0.04602116487752153)49.65:0.2754111519850828)43.05:0.15330063760749782,(((P_012801,(P_012879,P_012809)98.94:3.7363319671222848)68.32:0.732664193359112,(P_012839,(P_012805,(P_012825,(YZRI,P_012799)84.15:1.409113500400372)44.07:0.17144316478715696)41.74:0.13092283201400845)72.54:0.8729164670753455)85.39:1.4879356130895427,((P_012909,((P_012865,(P_012931,(P_012933,P_012935)94.47:2.40019412438548)92.47:2.1173458721773373)55.23:0.3915962716219513,((P_012807,P_012845)59.22:0.4837838195308609,(P_012849,P_012871)91.59:2.012624136196859)65.17:0.6394466404051209)95.88:2.668855627685077)37.67:0.063979486623239,((GAP_81172,P_012833)98.75:3.631029983141215,((P_012927,(GAP_80295,PSJT)50.57:0.2934193628573911)92.23:2.08910158528151,((P_012915,P_012791)43.58:0.16279372140924694,(P_012869,(P_012823,(P_012819,P_012835)35.35:0.02767798677947626)75.4:0.9807810189531895)97.64:3.145453429832979)89.49:1.8041300635447488)43.47:0.16085501662222512)96.97:2.936008269760326)93.68:2.2813135893650127)96.4:2.7859997154834373)44.9:0.18605057634564684)87.2:1.6137399394744623)87.42:1.6311380383227196)50.81:0.29829170166202623)88.38:1.7077751947640771)99.49:4.173368617842252)65.59:0.6515109938820989)68.85:0.7489324486659265,(P_007845,(((P_018639,P_018779)51.69:0.3092793035535218,(P_018695,(P_018645,P_018783)48.13:0.24592752043326235)56.2:0.41235573549543575)56.97:0.42963001205725304,(P_018691,((P_016797,(OBPL,(P_016799,GAP_80397)49.47:0.2719660235302339)68.56:0.7399375558400457)77.92:1.0860059491924177,((P_016793,(P_006422,P_016795)61.78:0.5467765619924176)65.64:0.6510348507899557,(P_018693,((S08,P_014095)86.71:1.4218014578379605,((P_016791,((P_016787,S02)97.16:2.943231939961653,(P_014099,S03)95.38:2.5561229269423404)33.92:0.005661753146385324)36.61:0.04672686870669101,(S38,(S04,(S27,P_016789)63.64:0.5222330879811402)48.52:0.13229742282924048)56.94:0.3652679151640295)42.05:0.13095932308681196)64.55:0.6103092659182839)44.93:0.18556210829974237)39.65:0.09529975992551994)44.92:0.18068125377660085)39.3:0.08534086152071448)48.92:0.08877887424262339)99.46:1.1490982911708347)95.65:2.6171632625051817)72.93:0.8856047908042604)92.13:2.0341436822418406)82.08:1.2736152929972615)67.85:0.7026357361795778));
Weight calculation took 67.742552278 secs
ASTRAL finished in 91.867 secs
