
================== ASTRAL ===================== 

This is ASTRAL version 5.7.7
Gene trees are treated as unrooted
182 trees read from all_bs10.trees
index76
All output trees will be *arbitrarily* rooted at P0109B

======== Running the main analysis
Number of taxa: 244 (244 species)
Taxa: [P_006411, P_011671, P_011679, P_011531, P_008632, P_011677, P_011735, P_011675, P_011759, P_011537, P_011715, P_011739, P_011673, P_011745, P_006412, P_011681, P_008640, GAP_80390, GAP_80389, P_008646, P_006413, P_011713, P_011705, P_016813, GAP_80395, P_011549, P_011501, P_011487, P_011489, P_011523, P_007783, P_006414, P_007843, GAP_80393, GAP_80394, P_011643, P_011509, P_011651, P_011657, P_011647, P_011551, P_007844, P_011637, P_011465, P2619, P_014083, P_018635, GAP_80297, P_014077, GAP_80298, P_011527, P_014081, P0104A, P_008647, SJEV, P_019187, Wsal, P_019193, GAP_81227, Pcol, GAP_81226, P_006410, P_016921, PAWA, P2589, P_019185, GAP_80417, GAP_79804, P2590, P_011699, P_019197, P_019189, GAP_79862, Sdec, P_016909, P_018831, P0109B, S04, P_018783, P_018645, P_018695, P_016793, P_006422, P_016795, P_007845, GAP_80397, P_016799, P_016797, S03, P_014099, P_016791, S02, P_016787, S27, P_016789, P_011579, P_018639, P_025523, P_011701, P_011587, P_018691, P_018693, P_018779, P2622, GAP_80322, XQWC, P0110B, P0110C, P0207A, P0207C, P0206H, P0207B, P0206G, P2623, P0203H, Asie, QDVW, CSSK, OPDF, WKSU, WZFE, KRJP, WAIL, MAQO, BCGB, WIGA, ABSS, Apet, Dhai, VYLQ, WPHN, OBPL, DHPO, YZRI, P_012871, PSJT, P_012795, P_012941, P_011609, P_012855, P_012827, P_007802, P_012813, P_018637, P_012919, P_012921, P_012811, P_012891, P_012895, P_018689, P_012859, P_012793, P_012911, P_012889, P_006420, GAP_80294, GAP_80293, P_012873, GAP_80292, P_006419, P_012881, P_012893, GAP_80291, P_012863, P_012821, P_012917, P_006418, P_012885, P_012897, P_012907, P_012797, P_012857, P_012901, P_012851, P_012887, P_012905, P_012831, P_012875, P_012925, P_012883, P_012815, P_012903, P_012913, P_012877, P_012841, P_012861, P_012867, P_012847, P_012923, P_012817, P_012899, P_012937, P_012939, P_006421, P_012843, P_012829, P_012837, P_012909, P_012927, GAP_80295, GAP_81172, P_012833, P_012791, P_012869, P_012819, P_012823, P_012835, P_012915, P_012807, P_012845, P_012849, P_012931, P_012935, P_012933, P_012865, P_012801, P_012879, P_012809, P_012805, P_012799, P_012825, P_012839, P_012803, P_012853, Schi, S38, P_014095, S08, OSHQ, P_025525, P_008631, Msal, KAYP, P_011631, P_011613, P_019191, P_011719, P_025527, P_014073, P_011709, P_019199, P_011611, P_011607, P_011589]
Taxon occupancy: {P_019193=168, P_019191=89, P_019197=177, OPDF=176, GAP_81172=182, P_018783=181, P_019199=67, Wsal=169, P_016921=179, WKSU=182, P_025523=34, P_025525=65, P_025527=26, P_014073=34, P0203H=139, P_014077=123, QDVW=178, P_011487=182, P_011489=182, P_016813=172, P_006421=180, P_006422=182, P_006420=156, P_006418=181, P_006419=180, P_006414=181, P_014081=144, P_014083=156, P_018689=182, P0206H=175, P0206G=170, Msal=159, P0109B=105, P_006410=179, P_012901=181, P_006411=180, P_006412=179, P_012903=181, P_006413=178, P_012905=182, PAWA=174, GAP_79862=179, P_012907=181, ABSS=180, P_012909=181, P_018691=100, GAP_80291=181, P_018695=179, P_014095=91, GAP_80293=181, P_018693=179, GAP_80292=179, GAP_80295=179, P_014099=179, GAP_80294=181, GAP_80297=182, GAP_80298=180, P_011701=36, P_012911=180, P_012913=166, P_011705=109, P_012915=180, P_012917=177, P_012919=178, P_011709=21, P_011671=114, P_012881=182, P_011551=138, P_011673=159, MAQO=178, P_012883=182, P_011675=174, GAP_80322=181, P_012885=182, P2590=161, P_011677=156, P_012887=181, P_011679=166, P_012889=180, P_008647=174, PSJT=178, P2589=162, P_011681=138, P_012891=180, P_012893=182, P_018637=181, P_012895=182, P_018635=176, P_012897=180, P0207C=180, P0207B=179, P_012899=182, P_018639=177, P0207A=180, P_008646=181, P_008640=182, BCGB=180, WZFE=178, P_018645=179, KRJP=180, KAYP=112, P_011699=102, P_011579=149, CSSK=175, P_008632=180, P_007783=180, P_016909=181, P_008631=40, P_019187=177, P_019185=176, Sdec=48, P_019189=164, P_012791=182, P_012793=181, Asie=146, P_012795=179, P_011465=182, P_018779=160, P_011587=152, P_012797=181, P_012799=182, P_011589=4, GAP_80417=114, WIGA=175, GAP_79804=151, P_007802=163, P_012841=181, P_011631=160, Pcol=166, P_012843=181, P_012845=181, P_011637=182, P_012847=178, P_011759=173, P_012849=179, Apet=84, OBPL=180, P0110C=176, P_018831=182, P0110B=138, YZRI=179, P_012851=180, P_011643=181, P_012853=181, P_011523=182, P_012855=181, P_011647=175, P_012857=180, P_011527=120, P_012859=180, WAIL=179, P_016789=179, P_011651=172, P_012861=182, P_011531=162, P_016787=182, P_012863=181, P_012865=178, Schi=160, P_011657=172, P_012867=180, P_011537=146, P_012869=182, P_016793=179, P_016791=181, P_016797=181, SJEV=178, P_016795=178, P_012871=179, P_012873=181, P_016799=182, P_012875=182, P_012877=180, P_012879=179, P_011549=179, P_007844=149, P_007845=35, S02=158, S04=63, P_012921=174, S03=179, P_012801=182, P_011713=142, P_012923=181, P_012803=181, P_011715=163, P_012925=181, S08=133, P_007843=173, P_012805=181, P_012927=181, P_012807=181, P_011719=19, P_012809=179, VYLQ=181, DHPO=182, GAP_80390=166, P2622=146, P2623=78, GAP_80394=182, XQWC=181, GAP_80393=182, GAP_80395=182, GAP_80397=180, P_012931=182, P_012811=180, WPHN=179, P_012933=176, P_012813=181, P_012935=179, P_012815=180, P_012937=182, P_012817=181, P_011607=7, P_012939=179, P_011609=138, P_012819=181, P2619=129, OSHQ=177, GAP_80389=178, P_012941=182, P_012821=180, P_011611=28, P_012823=182, P_011613=67, P_011735=180, S27=154, P_012825=182, P_012827=174, P_011739=165, P_012829=143, Dhai=175, P0104A=167, P_012831=177, P_011501=182, GAP_81226=180, P_012833=182, P_011745=171, GAP_81227=180, P_012835=182, S38=61, P_012837=182, P_012839=180, P_011509=181}
Number of gene trees: 182
182 trees have missing taxa
Calculating quartet distance matrix (for completion of X)
Species tree distances calculated ...
Will attempt to complete bipartitions from X before adding using a distance matrix.
Building set of clusters (X) from gene trees 
------------------------------
gradient0: 24415
Number of Clusters after addition by distance: 24415
calculating extra bipartitions to be added at level 1 ...
Adding to X using resolutions of greedy consensus ...
Limit for sigma of degrees:6150
polytomy size limit : 36
discarded polytomies:  [3, 3, 3, 3, 3, 3, 3, 3, 3, 3, 3, 3, 3, 3, 3, 3, 3, 3, 3, 3, 3, 3, 3, 3, 3, 4, 4, 4, 4, 4, 4, 4, 4, 4, 5, 5, 5, 5, 5, 5, 5, 5, 6, 6, 6, 6, 9, 9, 10, 12, 13, 13, 14, 14, 36]
Threshold 0.0:
polytomy of size 3; rounds with additions with at least 5 support: 0; clusters: 24419
Threshold 0.01:
polytomy of size 4; rounds with additions with at least 5 support: 0; clusters: 24425
Threshold 0.02:
polytomy of size 3; rounds with additions with at least 5 support: 0; clusters: 24425
polytomy of size 6; rounds with additions with at least 5 support: 3; clusters: 24461
Threshold 0.05:
polytomy of size 3; rounds with additions with at least 5 support: 0; clusters: 24461
polytomy of size 3; rounds with additions with at least 5 support: 0; clusters: 24461
polytomy of size 9; rounds with additions with at least 5 support: 0; clusters: 24471
polytomy of size 4; rounds with additions with at least 5 support: 0; clusters: 24471
Threshold 0.1:
polytomy of size 3; rounds with additions with at least 5 support: 0; clusters: 24471
polytomy of size 3; rounds with additions with at least 5 support: 0; clusters: 24471
polytomy of size 4; rounds with additions with at least 5 support: 0; clusters: 24473
polytomy of size 3; rounds with additions with at least 5 support: 0; clusters: 24473
polytomy of size 5; rounds with additions with at least 5 support: 0; clusters: 24473
polytomy of size 4; rounds with additions with at least 5 support: 0; clusters: 24473
polytomy of size 3; rounds with additions with at least 5 support: 0; clusters: 24473
polytomy of size 5; rounds with additions with at least 5 support: 0; clusters: 24473
polytomy of size 3; rounds with additions with at least 5 support: 0; clusters: 24473
polytomy of size 12; rounds with additions with at least 5 support: 0; clusters: 24477
polytomy of size 4; rounds with additions with at least 5 support: 0; clusters: 24477
Threshold 0.2:
polytomy of size 5; rounds with additions with at least 5 support: 0; clusters: 24477
polytomy of size 6; rounds with additions with at least 5 support: 0; clusters: 24477
polytomy of size 5; rounds with additions with at least 5 support: 0; clusters: 24477
polytomy of size 13; rounds with additions with at least 5 support: 0; clusters: 24481
polytomy of size 3; rounds with additions with at least 5 support: 0; clusters: 24481
polytomy of size 3; rounds with additions with at least 5 support: 0; clusters: 24481
polytomy of size 5; rounds with additions with at least 5 support: 0; clusters: 24481
polytomy of size 3; rounds with additions with at least 5 support: 0; clusters: 24481
polytomy of size 3; rounds with additions with at least 5 support: 0; clusters: 24481
polytomy of size 5; rounds with additions with at least 5 support: 0; clusters: 24481
polytomy of size 3; rounds with additions with at least 5 support: 0; clusters: 24481
polytomy of size 5; rounds with additions with at least 5 support: 0; clusters: 24481
polytomy of size 14; rounds with additions with at least 5 support: 0; clusters: 24493
polytomy of size 9; rounds with additions with at least 5 support: 0; clusters: 24507
Threshold 0.3333333333333333:
polytomy of size 3; rounds with additions with at least 5 support: 0; clusters: 24507
polytomy of size 3; rounds with additions with at least 5 support: 0; clusters: 24507
polytomy of size 4; rounds with additions with at least 5 support: 0; clusters: 24507
polytomy of size 3; rounds with additions with at least 5 support: 0; clusters: 24507
polytomy of size 10; rounds with additions with at least 5 support: 0; clusters: 24507
polytomy of size 6; rounds with additions with at least 5 support: 0; clusters: 24507
polytomy of size 13; rounds with additions with at least 5 support: 0; clusters: 24513
polytomy of size 14; rounds with additions with at least 5 support: 0; clusters: 24523
polytomy of size 4; rounds with additions with at least 5 support: 0; clusters: 24523
polytomy of size 4; rounds with additions with at least 5 support: 0; clusters: 24523
polytomy of size 3; rounds with additions with at least 5 support: 0; clusters: 24523
polytomy of size 3; rounds with additions with at least 5 support: 0; clusters: 24523
polytomy of size 3; rounds with additions with at least 5 support: 0; clusters: 24523
polytomy of size 3; rounds with additions with at least 5 support: 0; clusters: 24523
polytomy of size 4; rounds with additions with at least 5 support: 0; clusters: 24523
polytomy of size 6; rounds with additions with at least 5 support: 0; clusters: 24523
polytomy of size 3; rounds with additions with at least 5 support: 0; clusters: 24523
polytomy of size 5; rounds with additions with at least 5 support: 0; clusters: 24523
polytomy of size 3; rounds with additions with at least 5 support: 0; clusters: 24523
polytomy of size 3; rounds with additions with at least 5 support: 0; clusters: 24523
polytomy of size 3; rounds with additions with at least 5 support: 0; clusters: 24523
polytomy of size 36; rounds with additions with at least 5 support: 0; clusters: 24567
max k is :6
Number of Clusters after addition by greedy: 24567
gradient0 in heuristiic: 24567
partitions formed in 24.208 secs
Dynamic Programming starting after 24.208 secs
Using tree-based weight calculation.
Using polytree-based weight calculation.
Polytree max score: 15890974466
Polytree building time: 0.162 seconds.
Number of quartet trees in the gene trees: 15890974466
Size of largest cluster: 244
Greedy score: 14417165194
estimationFactor: 1.1022260099102807
Sub-optimal score: 14550034636
Total Number of elements weighted: 63375
Normalized score (portion of input quartet trees satisfied before correcting for multiple individuals): 0.9224887478338485
Optimization score: 14659245137
Optimal tree inferred in 115.26 secs.
(P_012871,(P_012849,((P_012807,P_012845),((P_012865,(P_012931,(P_012935,P_012933))),(P_012909,(((PSJT,(P_012927,GAP_80295)),((GAP_81172,P_012833),((P_012791,P_012915),(P_012869,(P_012823,(P_012819,P_012835)))))),(((P_012801,(P_012879,P_012809)),(YZRI,(P_012839,(P_012805,(P_012799,P_012825))))),(((P_012937,(P_012939,P_006421)),((P_012803,P_012853),(P_012829,P_012837))),(P_012843,((P_012867,((P_012817,P_012899),(P_012847,P_012923))),(((P_012841,((P_012913,P_012877),(P_012811,(P_012891,P_012895)))),(P_012797,((((P_012925,P_012883),(P_012857,(P_012815,P_012903))),(P_012875,((P_012905,P_012831),(P_012901,(P_012851,P_012887))))),(P_018689,(P_012885,((P_012859,(P_006420,GAP_80294)),(((P_012873,P_012881),(GAP_80291,P_012907)),(((P_012911,(P_012821,P_012917)),(P_012897,(GAP_80293,P_012893))),(P_012889,((P_012863,P_006418),(P_012793,(GAP_80292,P_006419)))))))))))),((P_012861,((P_012855,(P_012827,P_007802)),((P_012813,P_018637),(P_012919,P_012921)))),((P_012795,P_012941),((GAP_80322,DHPO),(((P2622,P2623),(XQWC,(P0110C,(P0110B,(P0207A,(P0207C,(P0207B,(P0206H,P0206G)))))))),((OBPL,(((P_018639,P_018779),(P_018695,(P_018783,P_018645))),(P_018691,((P_016793,(P_006422,P_016795)),((P_016797,(P_007845,(GAP_80397,P_016799))),(P_018693,((P_014095,S08),((S04,(S38,(S27,P_016789))),(P_016791,((S03,P_014099),(S02,P_016787))))))))))),(((P0203H,((P_016909,WZFE),(P0109B,(P_018831,OSHQ)))),(((SJEV,(P_019193,(P_019187,Wsal))),(WKSU,(P_016921,(GAP_81227,(Pcol,(GAP_81226,P_006410)))))),((P_025525,(P_011589,(P_025523,P_025527))),(((Asie,QDVW),(P_019189,(PAWA,P_019197))),((CSSK,(P_019185,(P2589,OPDF))),((P_019191,P_019199),(GAP_80417,(GAP_79804,P2590)))))))),((WPHN,P_011613),(((GAP_79862,P_011587),(P_014081,(P0104A,P_008647))),((P_011607,(Sdec,P_011719)),(((P2619,P_011609),((WAIL,MAQO),(P_011527,(P_014077,(GAP_80298,(P_014083,GAP_80297)))))),((KRJP,((GAP_80395,P_011549),((P_011657,(P_011643,(P_011509,P_011651))),((GAP_80393,GAP_80394),((P_011647,(P_011465,(P_011501,(P_011523,(P_011487,P_011489))))),(P_011631,(P_011551,((P_007844,P_011637),(P_007843,(P_007783,P_006414)))))))))),(VYLQ,((P_011531,(P_011699,(P_006411,Schi))),(P_018635,(P_008631,(P_011709,((P_008632,(P_011671,P_011579)),((KAYP,((BCGB,ABSS),(WIGA,(Dhai,(Apet,Msal))))),((P_006413,(P_011713,P_011705)),((P_016813,((GAP_80390,GAP_80389),(P_011679,(P_008646,(P_006412,P_008640))))),((P_011673,P_011701),((P_011537,(P_011677,P_011739)),(P_011681,(P_011759,((P_011735,P_011675),(P_011715,(P_014073,(P_011745,P_011611)))))))))))))))))))))))))))))))))))))));
Final quartet score is: 14659245137
Final normalized quartet score is: 0.9224887478338485
You may want to ignore posterior probabilities and other statistics related to the following branch branch because the effective number of genes impacting it is only 1:
	{P_025523, P_025527}
You may want to ignore posterior probabilities and other statistics related to the following branch branch because the effective number of genes impacting it is only 1:
	{P_025523, P_025527, P_011589}
You may want to ignore posterior probabilities and other statistics related to the following branch branch because the effective number of genes impacting it is only 0:
	{Sdec, P_011719}
You may want to ignore posterior probabilities and other statistics related to the following branch branch because the effective number of genes impacting it is only 3:
	{Sdec, P_011719, P_011607}
You may want to ignore posterior probabilities and other statistics related to the following branch branch because the effective number of genes impacting it is only 5:
	{P_011745, P_011611}
You may want to ignore posterior probabilities and other statistics related to the following branch branch because the effective number of genes impacting it is only 6:
	{P_011671, P_011679, P_008632, P_011677, P_011735, P_011675, P_011759, P_011537, P_011715, P_011739, P_011673, P_011745, P_006412, P_011681, P_008640, GAP_80390, GAP_80389, P_008646, P_006413, P_011713, P_011705, P_016813, P_011579, P_011701, BCGB, WIGA, ABSS, Apet, Dhai, Msal, KAYP, P_014073, P_011709, P_011611}
Extended species tree:
(P0109B,((P_018831,OSHQ)1:0.36710645689144683,((P_016909,WZFE)1:0.6843436482686083,(P0203H,((((SJEV,(P_019193,(P_019187,Wsal)1:0.7118442897056869)1:1.34346893298666)1:1.1455195535264289,(WKSU,(P_016921,(GAP_81227,(Pcol,(GAP_81226,P_006410)1:1.1018015617671706)1:1.0611781771957554)1:0.457361734259819)1:0.5663467892693066)1:1.1033104186212435)1:1.6320428518732322,((P_025525,(P_011589,(P_025523,P_025527)0.67:0.2876820724517809)0.67:0.2876820724517809)1:1.0308295083022094,(((Asie,QDVW)1:3.3133252788234184,(P_019189,(PAWA,P_019197)1:0.3988494341545774)0.98:0.17098461573254925)0.97:0.1434995258877417,((CSSK,(P_019185,(P2589,OPDF)1:0.34052753540166997)1:0.21284605279918536)1:1.0056070759950264,((P_019191,P_019199)1:0.36494718014362587,(GAP_80417,(GAP_79804,P2590)1:2.4375044108934167)1:0.7718070395228345)1:0.5521094719031988)1:1.457529853536084)0.98:0.25201017765347017)1:0.3851474672685736)1:0.2668266067263442,(((WPHN,P_011613)0.49:0.04727087696560149,(((GAP_79862,P_011587)1:1.1420662097757974,(P_014081,(P0104A,P_008647)1:2.71390682454522)1:1.8547249205828553)1:1.0635607059715477,((P_011607,(Sdec,P_011719)0.33:0.0)0.53:0.1154893848699193,(((P2619,P_011609)1:1.0222652855806378,((WAIL,MAQO)1:0.380606667477342,(P_011527,(P_014077,(GAP_80298,(P_014083,GAP_80297)1:1.9311785678755986)0.62:0.0808989657896262)0.73:0.09145282013415845)1:1.4733419887154402)1:0.4807515914788318)0.9:0.14535213169097908,((KRJP,((GAP_80395,P_011549)1:2.3644231825208797,((P_011657,(P_011643,(P_011509,P_011651)1:1.1568088285170748)0.56:0.03863648421874857)1:1.2609574093359714,((GAP_80393,GAP_80394)1:0.9794292608555812,((P_011647,(P_011465,(P_011501,(P_011523,(P_011487,P_011489)0.89:0.10535938777971773)0.89:0.10120035264675124)1:1.1077922913888065)1:1.5870260697327843)0.97:0.14218340418319836,(P_011631,(P_011551,((P_007844,P_011637)0.99:0.18024912307855992,(P_007843,(P_007783,P_006414)0.99:0.170213461977854)1:0.3583200884067861)0.82:0.11406442217624017)0.65:0.12310202206343782)0.97:0.17489924789274536)1:1.1191513164016322)0.55:0.049765217910605244)1:1.9833906620039783)1:0.3150589550023468)1:0.45074101309831266,(VYLQ,((P_011531,(P_011699,(P_006411,Schi)1:0.9513805179478891)1:0.4545099628785825)1:1.696648117829802,(P_018635,(P_008631,(P_011709,((P_008632,(P_011671,P_011579)0.39:0.014384967728435095)1:1.7426695307320714,((KAYP,((BCGB,ABSS)1:0.46427786619859823,(WIGA,(Dhai,(Apet,Msal)0.74:0.10358442685995342)0.99:0.18617826195866058)1:0.4669211789017485)0.56:0.04932500294512682)1:0.792067926701999,((P_006413,(P_011713,P_011705)0.98:0.22024668625936944)0.86:0.12418046729618289,((P_016813,((GAP_80390,GAP_80389)1:2.345074450418375,(P_011679,(P_008646,(P_006412,P_008640)1:1.4113252074647602)0.75:0.19897644519063182)0.91:0.1674951754519743)0.91:0.11927325613298335)1:0.6769857435150877,((P_011673,P_011701)0.45:0.05134844359480591,((P_011537,(P_011677,P_011739)1:0.9954951789224917)1:0.32852057665831863,(P_011681,(P_011759,((P_011735,P_011675)1:1.4974327136321062,(P_011715,(P_014073,(P_011745,P_011611)0.4:0.0)0.76:0.22837929308116625)0.99:0.19371228435855223)1:0.29714691638907403)0.83:0.21190661499553312)0.76:0.17436186318551347)0.69:0.07652977831289041)1:0.9490489027060875)1:0.2642840409839688)1:0.345149597767249)1:0.3880779117575173)0.83:0.25937072125764254)0.92:0.5977668595094072)0.67:0.11987383901510347)1:0.7054785555776214)0.84:0.21095485944903206)1:0.38872777137033193)0.99:0.2363826040120559)0.53:0.05467914019819051)0.98:0.24409295287706476)1:0.47807690173567846)1:1.105328021909306,((OBPL,(((P_018639,P_018779)1:0.40964899368284924,(P_018695,(P_018783,P_018645)1:0.22940402503536844)1:0.4116192665366044)1:0.5080053038708532,(P_018691,((P_016793,(P_006422,P_016795)1:0.7100401297976505)1:0.7831374496171353,((P_016797,(P_007845,(GAP_80397,P_016799)1:0.60319880614424)0.95:0.34260928768861243)1:1.7988844302896536,(P_018693,((P_014095,S08)1:0.7017820544497256,((S04,(S38,(S27,P_016789)1:0.5311618400266453)0.59:0.09560148342382366)1:0.6425702808105301,(P_016791,((S03,P_014099)1:2.4131709744421426,(S02,P_016787)1:3.574966078510152)0.32:0.0)0.96:0.14627797142051346)1:0.2152706961347167)1:0.750441360891504)0.92:0.12110681378087525)0.72:0.06826713418171064)0.86:0.13745857423606586)0.9:0.14848960014472676)1:0.31205008193691136)1:1.4285330339525362,(((P2622,P2623)0.53:0.17990757823485698,(XQWC,(P0110C,(P0110B,(P0207A,(P0207C,(P0207B,(P0206H,P0206G)1:0.27534366279117267)1:0.25344143509162614)0.97:0.13422537001947588)0.63:0.05407355608632054)1:1.5921222368311818)0.93:0.29356909559588323)1:0.8313788772990403)1:0.9208221259002917,((GAP_80322,DHPO)1:1.1068426468899797,((P_012795,P_012941)1:3.6961175788282605,((P_012861,((P_012855,(P_012827,P_007802)1:2.087275616881351)1:1.7731726441431805,((P_012813,P_018637)1:0.792853287046222,(P_012919,P_012921)1:2.3550113718966057)1:2.4449270621404846)1:2.8632845070044364)1:0.3527821979782218,(((P_012841,((P_012913,P_012877)1:1.9335308362239698,(P_012811,(P_012891,P_012895)1:0.5389424043663136)1:2.872693503106152)1:2.329376095909104)1:0.5700109987825127,(P_012797,((((P_012925,P_012883)1:4.733626109170921,(P_012857,(P_012815,P_012903)1:2.1740438179904227)0.99:0.1505390785942799)0.47:0.024241008336030614,(P_012875,((P_012905,P_012831)1:0.6439526257903675,(P_012901,(P_012851,P_012887)1:3.407540875504288)0.48:0.02530135368580739)1:0.2283427780685507)1:1.4185647816641656)1:0.9831330803143071,(P_018689,(P_012885,((P_012859,(P_006420,GAP_80294)1:1.73360654574123)0.49:0.034941249560258895,(((P_012873,P_012881)1:1.450613642810662,(GAP_80291,P_012907)0.88:0.11093328691649394)0.44:0.031791761138221096,(((P_012911,(P_012821,P_012917)1:2.566770768050981)1:1.5741425510616458,(P_012897,(GAP_80293,P_012893)1:2.6609387108993827)0.8:0.09527968227250307)0.44:0.019630464018789394,(P_012889,((P_012863,P_006418)0.99:0.1776872316422822,(P_012793,(GAP_80292,P_006419)1:2.5649701633854973)1:0.3045843647179954)0.46:0.040987485652845074)0.82:0.10138093558110325)0.69:0.06832292599997744)0.8:0.09501528291865269)0.43:0.019507743553389727)1:2.518767364111425)1:1.948719540715094)1:2.2619950994988614)0.56:0.03557764715125568)1:2.8547379816531624,((P_012867,((P_012817,P_012899)1:2.1584445003002304,(P_012847,P_012923)1:4.082911136242077)1:1.2219134659476314)1:3.4923465783566594,(P_012843,(((P_012937,(P_012939,P_006421)1:2.073870496630381)1:3.702211093914641,((P_012803,P_012853)0.8:0.07465175360913973,(P_012829,P_012837)1:1.8099012049084726)1:0.352271021002726)1:0.19357947821674903,(((P_012801,(P_012879,P_012809)1:3.6963983744407214)1:1.2406452189045039,(YZRI,(P_012839,(P_012805,(P_012799,P_012825)1:0.31262670015280697)1:0.2911379275646309)1:0.324159261710484)1:0.3067751413515017)1:1.1989891010260494,(((PSJT,(P_012927,GAP_80295)1:0.44927111007110765)1:0.501973336529303,((GAP_81172,P_012833)1:3.4114225059777423,((P_012791,P_012915)0.99:0.1466280562112593,(P_012869,(P_012823,(P_012819,P_012835)0.49:0.025077947736791742)1:1.150476332464018)1:3.8149410581863705)1:2.2529064049925718)0.7:0.13311437510957994)1:1.60831270517878,(P_012909,((P_012865,(P_012931,(P_012935,P_012933)1:3.6720723357975578)1:3.2594643401770087)1:0.4709133372058319,((P_012807,P_012845)1:0.6209542454369196,(P_012849,P_012871)1:2.0695253940236515)1:0.9259632927848072)1:3.3238292807496244)0.59:0.04225048240981802)1:2.200582098354953)1:2.1953315618838087)1:0.2043592585802477)1:1.3440111464254192)1:1.4303387384775055)1:0.21331067473942536)1:1.4522000106337847)1:2.9647992604493774)0.82:0.21497577822425293)1:0.5147894556065594)1:1.618361827077996)1:1.2440511911456344)1:1.5740314354984482)1:0.6610805593254478)1:0.6623921104385729));
Weight calculation took 85.333978009 secs
ASTRAL finished in 118.04 secs
