
================== ASTRAL ===================== 

This is ASTRAL version 5.7.7
Gene trees are treated as unrooted
182 trees read from all_bs10.trees
index76
All output trees will be *arbitrarily* rooted at P0109B

======== Running the main analysis
Number of taxa: 244 (244 species)
Taxa: [P_006411, P_011671, P_011679, P_011531, P_008632, P_011677, P_011735, P_011675, P_011759, P_011537, P_011715, P_011739, P_011673, P_011745, P_006412, P_011681, P_008640, GAP_80390, GAP_80389, P_008646, P_006413, P_011713, P_011705, P_016813, GAP_80395, P_011549, P_011501, P_011487, P_011489, P_011523, P_007783, P_006414, P_007843, GAP_80393, GAP_80394, P_011643, P_011509, P_011651, P_011657, P_011647, P_011551, P_007844, P_011637, P_011465, P2619, P_014083, P_018635, GAP_80297, P_014077, GAP_80298, P_011527, P_014081, P0104A, P_008647, SJEV, P_019187, Wsal, P_019193, GAP_81227, Pcol, GAP_81226, P_006410, P_016921, PAWA, P2589, P_019185, GAP_80417, GAP_79804, P2590, P_011699, P_019197, P_019189, GAP_79862, Sdec, P_016909, P_018831, P0109B, S04, P_018783, P_018645, P_018695, P_016793, P_006422, P_016795, P_007845, GAP_80397, P_016799, P_016797, S03, P_014099, P_016791, S02, P_016787, S27, P_016789, P_011579, P_018639, P_025523, P_011701, P_011587, P_018691, P_018693, P_018779, P2622, GAP_80322, XQWC, P0110B, P0110C, P0207A, P0207C, P0206H, P0207B, P0206G, P2623, P0203H, Asie, QDVW, CSSK, OPDF, WKSU, WZFE, KRJP, WAIL, MAQO, BCGB, WIGA, ABSS, Apet, Dhai, VYLQ, WPHN, OBPL, DHPO, YZRI, P_012871, PSJT, P_012795, P_012941, P_011609, P_012855, P_012827, P_007802, P_012813, P_018637, P_012919, P_012921, P_012811, P_012891, P_012895, P_018689, P_012859, P_012793, P_012911, P_012889, P_006420, GAP_80294, GAP_80293, P_012873, GAP_80292, P_006419, P_012881, P_012893, GAP_80291, P_012863, P_012821, P_012917, P_006418, P_012885, P_012897, P_012907, P_012797, P_012857, P_012901, P_012851, P_012887, P_012905, P_012831, P_012875, P_012925, P_012883, P_012815, P_012903, P_012913, P_012877, P_012841, P_012861, P_012867, P_012847, P_012923, P_012817, P_012899, P_012937, P_012939, P_006421, P_012843, P_012829, P_012837, P_012909, P_012927, GAP_80295, GAP_81172, P_012833, P_012791, P_012869, P_012819, P_012823, P_012835, P_012915, P_012807, P_012845, P_012849, P_012931, P_012935, P_012933, P_012865, P_012801, P_012879, P_012809, P_012805, P_012799, P_012825, P_012839, P_012803, P_012853, Schi, S38, P_014095, S08, OSHQ, P_025525, P_008631, Msal, KAYP, P_011631, P_011613, P_019191, P_011719, P_025527, P_014073, P_011709, P_019199, P_011611, P_011607, P_011589]
Taxon occupancy: {P_019193=168, P_019191=89, P_019197=177, OPDF=176, GAP_81172=182, P_018783=181, P_019199=67, Wsal=169, P_016921=179, WKSU=182, P_025523=34, P_025525=65, P_025527=26, P_014073=34, P0203H=139, P_014077=123, QDVW=178, P_011487=182, P_011489=182, P_016813=172, P_006421=180, P_006422=182, P_006420=156, P_006418=181, P_006419=180, P_006414=181, P_014081=144, P_014083=156, P_018689=182, P0206H=175, P0206G=170, Msal=159, P0109B=105, P_006410=179, P_012901=181, P_006411=180, P_006412=179, P_012903=181, P_006413=178, P_012905=182, PAWA=174, GAP_79862=179, P_012907=181, ABSS=180, P_012909=181, P_018691=100, GAP_80291=181, P_018695=179, P_014095=91, GAP_80293=181, P_018693=179, GAP_80292=179, GAP_80295=179, P_014099=179, GAP_80294=181, GAP_80297=182, GAP_80298=180, P_011701=36, P_012911=180, P_012913=166, P_011705=109, P_012915=180, P_012917=177, P_012919=178, P_011709=21, P_011671=114, P_012881=182, P_011551=138, P_011673=159, MAQO=178, P_012883=182, P_011675=174, GAP_80322=181, P_012885=182, P2590=161, P_011677=156, P_012887=181, P_011679=166, P_012889=180, P_008647=174, PSJT=178, P2589=162, P_011681=138, P_012891=180, P_012893=182, P_018637=181, P_012895=182, P_018635=176, P_012897=180, P0207C=180, P0207B=179, P_012899=182, P_018639=177, P0207A=180, P_008646=181, P_008640=182, BCGB=180, WZFE=178, P_018645=179, KRJP=180, KAYP=112, P_011699=102, P_011579=149, CSSK=175, P_008632=180, P_007783=180, P_016909=181, P_008631=40, P_019187=177, P_019185=176, Sdec=48, P_019189=164, P_012791=182, P_012793=181, Asie=146, P_012795=179, P_011465=182, P_018779=160, P_011587=152, P_012797=181, P_012799=182, P_011589=4, GAP_80417=114, WIGA=175, GAP_79804=151, P_007802=163, P_012841=181, P_011631=160, Pcol=166, P_012843=181, P_012845=181, P_011637=182, P_012847=178, P_011759=173, P_012849=179, Apet=84, OBPL=180, P0110C=176, P_018831=182, P0110B=138, YZRI=179, P_012851=180, P_011643=181, P_012853=181, P_011523=182, P_012855=181, P_011647=175, P_012857=180, P_011527=120, P_012859=180, WAIL=179, P_016789=179, P_011651=172, P_012861=182, P_011531=162, P_016787=182, P_012863=181, P_012865=178, Schi=160, P_011657=172, P_012867=180, P_011537=146, P_012869=182, P_016793=179, P_016791=181, P_016797=181, SJEV=178, P_016795=178, P_012871=179, P_012873=181, P_016799=182, P_012875=182, P_012877=180, P_012879=179, P_011549=179, P_007844=149, P_007845=35, S02=158, S04=63, P_012921=174, S03=179, P_012801=182, P_011713=142, P_012923=181, P_012803=181, P_011715=163, P_012925=181, S08=133, P_007843=173, P_012805=181, P_012927=181, P_012807=181, P_011719=19, P_012809=179, VYLQ=181, DHPO=182, GAP_80390=166, P2622=146, P2623=78, GAP_80394=182, XQWC=181, GAP_80393=182, GAP_80395=182, GAP_80397=180, P_012931=182, P_012811=180, WPHN=179, P_012933=176, P_012813=181, P_012935=179, P_012815=180, P_012937=182, P_012817=181, P_011607=7, P_012939=179, P_011609=138, P_012819=181, P2619=129, OSHQ=177, GAP_80389=178, P_012941=182, P_012821=180, P_011611=28, P_012823=182, P_011613=67, P_011735=180, S27=154, P_012825=182, P_012827=174, P_011739=165, P_012829=143, Dhai=175, P0104A=167, P_012831=177, P_011501=182, GAP_81226=180, P_012833=182, P_011745=171, GAP_81227=180, P_012835=182, S38=61, P_012837=182, P_012839=180, P_011509=181}
Number of gene trees: 182
182 trees have missing taxa
Calculating quartet distance matrix (for completion of X)
Species tree distances calculated ...
Will attempt to complete bipartitions from X before adding using a distance matrix.
Building set of clusters (X) from gene trees 
------------------------------
gradient0: 24415
Number of Clusters after addition by distance: 24415
calculating extra bipartitions to be added at level 1 ...
Adding to X using resolutions of greedy consensus ...
Limit for sigma of degrees:6150
polytomy size limit : 36
discarded polytomies:  [3, 3, 3, 3, 3, 3, 3, 3, 3, 3, 3, 3, 3, 3, 3, 3, 3, 3, 3, 3, 3, 3, 3, 3, 3, 4, 4, 4, 4, 4, 4, 4, 4, 4, 5, 5, 5, 5, 5, 5, 5, 5, 6, 6, 6, 6, 9, 9, 10, 12, 13, 13, 14, 14, 36]
Threshold 0.0:
polytomy of size 3; rounds with additions with at least 5 support: 0; clusters: 24419
Threshold 0.01:
polytomy of size 4; rounds with additions with at least 5 support: 0; clusters: 24425
Threshold 0.02:
polytomy of size 3; rounds with additions with at least 5 support: 0; clusters: 24425
polytomy of size 6; rounds with additions with at least 5 support: 3; clusters: 24461
Threshold 0.05:
polytomy of size 3; rounds with additions with at least 5 support: 0; clusters: 24461
polytomy of size 3; rounds with additions with at least 5 support: 0; clusters: 24461
polytomy of size 9; rounds with additions with at least 5 support: 0; clusters: 24471
polytomy of size 4; rounds with additions with at least 5 support: 0; clusters: 24471
Threshold 0.1:
polytomy of size 3; rounds with additions with at least 5 support: 0; clusters: 24471
polytomy of size 3; rounds with additions with at least 5 support: 0; clusters: 24471
polytomy of size 4; rounds with additions with at least 5 support: 0; clusters: 24473
polytomy of size 3; rounds with additions with at least 5 support: 0; clusters: 24473
polytomy of size 5; rounds with additions with at least 5 support: 0; clusters: 24473
polytomy of size 4; rounds with additions with at least 5 support: 0; clusters: 24473
polytomy of size 3; rounds with additions with at least 5 support: 0; clusters: 24473
polytomy of size 5; rounds with additions with at least 5 support: 0; clusters: 24473
polytomy of size 3; rounds with additions with at least 5 support: 0; clusters: 24473
polytomy of size 12; rounds with additions with at least 5 support: 0; clusters: 24477
polytomy of size 4; rounds with additions with at least 5 support: 0; clusters: 24477
Threshold 0.2:
polytomy of size 5; rounds with additions with at least 5 support: 0; clusters: 24477
polytomy of size 6; rounds with additions with at least 5 support: 0; clusters: 24477
polytomy of size 5; rounds with additions with at least 5 support: 0; clusters: 24477
polytomy of size 13; rounds with additions with at least 5 support: 0; clusters: 24481
polytomy of size 3; rounds with additions with at least 5 support: 0; clusters: 24481
polytomy of size 3; rounds with additions with at least 5 support: 0; clusters: 24481
polytomy of size 5; rounds with additions with at least 5 support: 0; clusters: 24481
polytomy of size 3; rounds with additions with at least 5 support: 0; clusters: 24481
polytomy of size 3; rounds with additions with at least 5 support: 0; clusters: 24481
polytomy of size 5; rounds with additions with at least 5 support: 0; clusters: 24481
polytomy of size 3; rounds with additions with at least 5 support: 0; clusters: 24481
polytomy of size 5; rounds with additions with at least 5 support: 0; clusters: 24481
polytomy of size 14; rounds with additions with at least 5 support: 0; clusters: 24493
polytomy of size 9; rounds with additions with at least 5 support: 0; clusters: 24507
Threshold 0.3333333333333333:
polytomy of size 3; rounds with additions with at least 5 support: 0; clusters: 24507
polytomy of size 3; rounds with additions with at least 5 support: 0; clusters: 24507
polytomy of size 4; rounds with additions with at least 5 support: 0; clusters: 24507
polytomy of size 3; rounds with additions with at least 5 support: 0; clusters: 24507
polytomy of size 10; rounds with additions with at least 5 support: 0; clusters: 24507
polytomy of size 6; rounds with additions with at least 5 support: 0; clusters: 24507
polytomy of size 13; rounds with additions with at least 5 support: 0; clusters: 24513
polytomy of size 14; rounds with additions with at least 5 support: 0; clusters: 24523
polytomy of size 4; rounds with additions with at least 5 support: 0; clusters: 24523
polytomy of size 4; rounds with additions with at least 5 support: 0; clusters: 24523
polytomy of size 3; rounds with additions with at least 5 support: 0; clusters: 24523
polytomy of size 3; rounds with additions with at least 5 support: 0; clusters: 24523
polytomy of size 3; rounds with additions with at least 5 support: 0; clusters: 24523
polytomy of size 3; rounds with additions with at least 5 support: 0; clusters: 24523
polytomy of size 4; rounds with additions with at least 5 support: 0; clusters: 24523
polytomy of size 6; rounds with additions with at least 5 support: 0; clusters: 24523
polytomy of size 3; rounds with additions with at least 5 support: 0; clusters: 24523
polytomy of size 5; rounds with additions with at least 5 support: 0; clusters: 24523
polytomy of size 3; rounds with additions with at least 5 support: 0; clusters: 24523
polytomy of size 3; rounds with additions with at least 5 support: 0; clusters: 24523
polytomy of size 3; rounds with additions with at least 5 support: 0; clusters: 24523
polytomy of size 36; rounds with additions with at least 5 support: 0; clusters: 24567
max k is :6
Number of Clusters after addition by greedy: 24567
gradient0 in heuristiic: 24567
partitions formed in 23.86 secs
Dynamic Programming starting after 23.861 secs
Using tree-based weight calculation.
Using polytree-based weight calculation.
Polytree max score: 15890974466
Polytree building time: 0.204 seconds.
Number of quartet trees in the gene trees: 15890974466
Size of largest cluster: 244
Greedy score: 14417165194
estimationFactor: 1.1022260099102807
Sub-optimal score: 14550034636
Total Number of elements weighted: 63375
Normalized score (portion of input quartet trees satisfied before correcting for multiple individuals): 0.9224887478338485
Optimization score: 14659245137
Optimal tree inferred in 117.473 secs.
(P_012871,(P_012849,((P_012807,P_012845),((P_012865,(P_012931,(P_012935,P_012933))),(P_012909,(((PSJT,(P_012927,GAP_80295)),((GAP_81172,P_012833),((P_012791,P_012915),(P_012869,(P_012823,(P_012819,P_012835)))))),(((P_012801,(P_012879,P_012809)),(YZRI,(P_012839,(P_012805,(P_012799,P_012825))))),(((P_012937,(P_012939,P_006421)),((P_012803,P_012853),(P_012829,P_012837))),(P_012843,((P_012867,((P_012817,P_012899),(P_012847,P_012923))),(((P_012841,((P_012913,P_012877),(P_012811,(P_012891,P_012895)))),(P_012797,((((P_012925,P_012883),(P_012857,(P_012815,P_012903))),(P_012875,((P_012905,P_012831),(P_012901,(P_012851,P_012887))))),(P_018689,(P_012885,((P_012859,(P_006420,GAP_80294)),(((P_012873,P_012881),(GAP_80291,P_012907)),(((P_012911,(P_012821,P_012917)),(P_012897,(GAP_80293,P_012893))),(P_012889,((P_012863,P_006418),(P_012793,(GAP_80292,P_006419)))))))))))),((P_012861,((P_012855,(P_012827,P_007802)),((P_012813,P_018637),(P_012919,P_012921)))),((P_012795,P_012941),((GAP_80322,DHPO),(((P2622,P2623),(XQWC,(P0110C,(P0110B,(P0207A,(P0207C,(P0207B,(P0206H,P0206G)))))))),((OBPL,(((P_018639,P_018779),(P_018695,(P_018783,P_018645))),(P_018691,((P_016793,(P_006422,P_016795)),((P_016797,(P_007845,(GAP_80397,P_016799))),(P_018693,((P_014095,S08),((S04,(S38,(S27,P_016789))),(P_016791,((S03,P_014099),(S02,P_016787))))))))))),(((P0203H,((P_016909,WZFE),(P0109B,(P_018831,OSHQ)))),(((SJEV,(P_019193,(P_019187,Wsal))),(WKSU,(P_016921,(GAP_81227,(Pcol,(GAP_81226,P_006410)))))),((P_025525,(P_011589,(P_025523,P_025527))),(((Asie,QDVW),(P_019189,(PAWA,P_019197))),((CSSK,(P_019185,(P2589,OPDF))),((P_019191,P_019199),(GAP_80417,(GAP_79804,P2590)))))))),((WPHN,P_011613),(((GAP_79862,P_011587),(P_014081,(P0104A,P_008647))),((P_011607,(Sdec,P_011719)),(((P2619,P_011609),((WAIL,MAQO),(P_011527,(P_014077,(GAP_80298,(P_014083,GAP_80297)))))),((KRJP,((GAP_80395,P_011549),((P_011657,(P_011643,(P_011509,P_011651))),((GAP_80393,GAP_80394),((P_011647,(P_011465,(P_011501,(P_011523,(P_011487,P_011489))))),(P_011631,(P_011551,((P_007844,P_011637),(P_007843,(P_007783,P_006414)))))))))),(VYLQ,((P_011531,(P_011699,(P_006411,Schi))),(P_018635,(P_008631,(P_011709,((P_008632,(P_011671,P_011579)),((KAYP,((BCGB,ABSS),(WIGA,(Dhai,(Apet,Msal))))),((P_006413,(P_011713,P_011705)),((P_016813,((GAP_80390,GAP_80389),(P_011679,(P_008646,(P_006412,P_008640))))),((P_011673,P_011701),((P_011537,(P_011677,P_011739)),(P_011681,(P_011759,((P_011735,P_011675),(P_011715,(P_014073,(P_011745,P_011611)))))))))))))))))))))))))))))))))))))));
Final quartet score is: 14659245137
Final normalized quartet score is: 0.9224887478338485
You may want to ignore posterior probabilities and other statistics related to the following branch branch because the effective number of genes impacting it is only 1:
	{P_025523, P_025527}
You may want to ignore posterior probabilities and other statistics related to the following branch branch because the effective number of genes impacting it is only 1:
	{P_025523, P_025527, P_011589}
You may want to ignore posterior probabilities and other statistics related to the following branch branch because the effective number of genes impacting it is only 0:
	{Sdec, P_011719}
You may want to ignore posterior probabilities and other statistics related to the following branch branch because the effective number of genes impacting it is only 3:
	{Sdec, P_011719, P_011607}
You may want to ignore posterior probabilities and other statistics related to the following branch branch because the effective number of genes impacting it is only 5:
	{P_011745, P_011611}
You may want to ignore posterior probabilities and other statistics related to the following branch branch because the effective number of genes impacting it is only 6:
	{P_011671, P_011679, P_008632, P_011677, P_011735, P_011675, P_011759, P_011537, P_011715, P_011739, P_011673, P_011745, P_006412, P_011681, P_008640, GAP_80390, GAP_80389, P_008646, P_006413, P_011713, P_011705, P_016813, P_011579, P_011701, BCGB, WIGA, ABSS, Apet, Dhai, Msal, KAYP, P_014073, P_011709, P_011611}
54.00974380369332 45.27774932680561 0.06952158687291773 99.35701471737185 1.0179558599221434E-11
117.65853810071472 42.76502366881077 15.847998167272374 176.27155993679787 2.6836319582258604E-21
109.00026373442402 35.994995798506345 16.004740467069638 161.0 4.058994946567846E-20
137.9488005581414 13.14167563233478 14.90952380952381 166.0 6.553918290621175E-41
136.8179252474377 23.469834765720123 12.34766087206833 172.63542088522615 1.5721632909313883E-36
130.0035030928267 18.001080417434007 17.990850279693635 165.99543378995432 1.501991387613024E-33
125.40508178581359 21.03404205564881 15.572509716586598 162.011633558049 1.5523195457541833E-31
102.30372667788716 41.827259889067925 31.85514676575783 175.9861333327129 1.7405258394661006E-11
110.88018654994463 59.50640691173341 6.991166861464617 177.37776032314267 1.5136360292160216E-20
137.51374140344623 24.725978923411258 13.327207537445098 175.56692786430258 1.072995308093744E-35
150.6348565251851 9.356810494800019 12.222157446063132 172.21382446604827 4.630964924830752E-50
1.0 0.0 0.0 1.0 0.3678794411714423
Not enough genes
Cannot perform polytomy test with effective N (after polytomies) 1.0:
	(P_025523,P_025527):0.2876820724517809;
1.0 0.0 0.0 1.0 0.3678794411714423
Not enough genes
Cannot perform polytomy test with effective N (after polytomies) 1.0:
	(P_011589,(P_025523,P_025527):0.2876820724517809):0.2876820724517809;
26.666418774033254 4.973774273959513 2.346259346038905 33.98645239403167 1.4800158257641494E-7
140.5013938580799 0.0 2.4937984496124033 142.9951923076923 1.231520968913123E-59
84.01087445735973 41.11086912080976 25.905105890928393 151.02684946909787 1.4688265682502405E-8
65.76771962203863 51.27218726244661 32.07689839863024 149.11680528311547 0.0031955301153779106
69.683074768178 53.890601084909974 40.375213006088906 163.9488888591769 0.019501582067502667
81.49633930776575 5.509614294466038 67.00764548845588 154.01359909068765 1.7014536934037753E-14
77.94331109193735 46.84543530356363 43.232044268434855 168.02079066393583 0.0015001488883342985
124.73309609064505 34.26164020090804 4.970308171111281 163.96504446266437 1.0677699346022833E-31
27.30075933528718 12.348005038053918 10.173812409025599 49.822576782366696 0.005326722553061634
97.0 5.0 0.0 102.0 7.889434893172886E-39
53.96678867311661 6.961698956668522 16.07151237021487 77.0 3.0565073301059315E-11
60.38247050733728 31.065922604449153 5.546890786330381 96.99528389811681 7.695175904344331E-11
142.93499116794692 6.4452370231756 18.815074233761667 168.19530242488418 7.270497717148674E-45
36.536181533465815 12.407831825108104 25.882030899908006 74.82604425848193 0.0028458951986983913
40.58333771897961 20.875000957371036 11.811201755826135 73.26954043217678 1.4188674209983712E-4
80.30348264971299 41.347865085369456 41.41318920282481 163.06453693790726 9.226940440022378E-5
21.25504851211886 20.07326621043314 16.046392682556835 57.374707405108836 0.6771150328319986
114.92802225571859 11.677214957241906 18.385643395128994 144.99088060808947 1.0176280591602676E-30
129.9908521303258 2.004385964912281 3.0047619047619047 135.0 5.158785058130185E-53
126.34594391449752 8.633075678315635 5.084136034177805 140.06315562699098 5.026375369740637E-45
130.39209093244642 17.644452262031418 20.336738038579224 168.37328123305707 9.449843344300931E-33
0.0 0.0 0.0 0.0 NaN
Not enough genes
Cannot perform polytomy test with effective N (after polytomies) 0.0:
	(Sdec,P_011719):0.0;
1.4272410042599475 0.1723207002369515 0.915406378267794 2.514968082764693 0.6219151874654618
Not enough genes
Cannot perform polytomy test with effective N (after polytomies) 2.514968082764693:
	(P_011607,(Sdec,P_011719):0.0):0.1154893848699193;
77.30981577248453 10.765153087195912 12.628757960360376 100.70372682004081 2.647504383931766E-19
95.39525845453359 2.7944812491568123 76.05035842501577 174.24009812870617 1.4427793347143288E-18
140.01901933446254 8.981935070303994 4.999045595233476 154.0 1.1492146252357633E-50
46.98564541359311 29.481629259037142 44.52833936245747 120.99561403508773 0.10788807227322535
34.33425351016391 28.319801152817654 24.023445445860798 86.67750010884237 0.3951802807007435
100.57079645701205 10.155459855259844 6.979481573935354 117.70573788620726 5.502036213481776E-32
88.0159334447367 46.567948826540785 14.157151537541262 148.74103380881877 9.873684872683785E-13
60.992510636313035 53.98433900606204 28.03593401452164 143.01278365689672 0.0017943605951434836
167.47248275184123 4.825991279285112 5.371050029243953 177.6695240603703 3.5664920951971426E-65
132.0162208676599 16.130845857929373 17.889925888513375 166.03699261410267 2.503007622717756E-35
58.99163265473191 54.02130111779285 50.49257318944044 163.5055069619652 0.715685024442295
136.42808955913162 17.643086241254114 13.134647620044216 167.20582342042994 8.085965594729932E-39
132.05414883945318 21.835591465798093 21.264720671907444 175.15446097715872 5.2718267836245435E-31
70.01837479017877 44.99174687519293 59.03611145646371 174.0462331218354 0.06637342300868646
69.97373266914914 58.006113264807446 47.05527608989696 175.03512202385355 0.10517595390514052
138.0124064072934 19.94077190541934 18.029268571235303 175.98244688394803 1.0720922918815142E-35
143.87246379232968 15.908067007151653 5.807033003940616 165.58756380342194 2.4837118818096895E-47
66.99402083803268 46.51755267847613 44.35801914958074 157.86959266608955 0.05153251624866704
62.53137263128489 31.22610615557995 46.30391403832946 140.0613928251943 0.005246660737738564
73.95903212066371 42.98938711859027 51.032495390100856 167.98091462935483 0.009932507144151451
89.33783122983424 39.23004683380172 37.69997113987294 166.2678492035089 1.7194839987983604E-7
51.4073280458903 29.42991371211161 45.03188052953311 125.86912228753502 0.04749592965313315
47.25197085069628 45.3054754724258 21.53657908647137 114.09402540959346 0.004560033322020977
63.94145431406284 53.95356443462544 26.325606464281087 144.22062521296937 3.716081158679672E-4
134.47952731922658 12.962933738781757 23.46129576443512 170.90375682244348 2.742867669964136E-35
62.68010363280106 47.223020488138665 60.49534883509043 170.39847295603016 0.29171933184127286
157.54633034293832 6.529351104316192 8.382790589811789 172.4584720370663 1.838888910694908E-57
89.63750045330983 3.910049698044773 80.01334098475449 173.5608911361091 2.7741622645101564E-17
93.09689387022823 45.43992125318217 22.306246003660267 160.84306112707068 2.7906351980904133E-11
69.05513568868408 14.00027253668763 8.944591774628293 92.0 1.807670338069094E-16
54.79860001107233 30.949640504879508 8.251759484048161 94.0 3.096857855322057E-8
140.38899382405157 7.813711125038815 10.72969617480964 158.93240112390004 1.0112737469647767E-47
32.91227144908284 33.0597345024413 29.022812701325613 94.99481865284974 0.8474560918189772
143.2131918114567 8.974296965568033 8.94707322565491 161.13456200267967 2.641865634056462E-49
93.65186969643929 34.04771633869828 32.507677861601906 160.20726389673948 1.3004578177198478E-10
25.996436739282718 19.138353138952432 19.030064083470304 64.16485396170546 0.47484620771540165
64.99591316484155 50.44968506658188 29.094924043833398 144.54052227525682 0.0011499959946942048
91.53767816666176 30.291380745063353 34.43947534489932 156.26853425662443 1.7112998424170708E-10
33.46572721189379 29.217154212978038 27.898948038533536 90.58182946340537 0.7555699825312384
66.03999986599332 9.9045453383337 17.660254167559838 93.60479937188687 1.3195982503683718E-13
37.83122579851934 25.895756113911695 16.609602192095668 80.33658410452671 0.01460702604317774
54.55037187579365 29.495235281603563 47.620198159474036 131.66580531687126 0.02206355889415899
150.08160930503473 4.066149649774719 5.177577633819853 159.3253365886293 2.1028347904206125E-58
138.96178918293234 12.185375121841323 13.786600465185758 164.93376476995942 1.611334032029198E-42
68.21709931211262 15.208479996232635 65.95804332107151 149.38362262941678 1.4594938053630079E-8
60.3806830940286 54.14543992584525 22.915259456756186 137.44138247663003 1.5134184106831844E-4
54.17184834286963 41.346704972798904 36.16132894317625 131.67988225884477 0.14109068563302973
85.17299414786027 21.866635102247646 20.76918620688533 127.80881545699324 1.3857272397854316E-14
9.514126138615413 6.264572880434806 9.166446315345153 24.94514533439537 0.6819035706863871
89.04126725578213 15.91964513128168 12.187407231799371 117.14831961886318 1.3031044252462947E-21
62.53316593705069 30.169867588980487 26.551222189545754 119.25425571557693 5.146505311101526E-5
140.01494684055618 10.646976724692436 12.89424261624125 163.55616618148989 2.08390293495604E-44
1.9953271028037385 2.0093457943925235 0.9953271028037384 5.0 0.8164063720153701
Not enough genes
Cannot perform polytomy test with effective N (after polytomies) 5.0:
	(P_011745,P_011611):0.0;
13.624845816931066 11.320931543364777 3.077110263193865 28.02288762348971 0.03716572429166862
62.861960812095305 44.70082850119139 30.90213067662573 138.4649199899124 0.0038220241068705643
78.90118894777464 29.491573128633142 46.93695962476937 155.32972170117716 5.411475130281695E-6
56.0593900582638 52.91337866034688 11.726193678199605 120.69896239681029 2.479067490308805E-7
51.05063862523981 48.27349997203694 15.698788482592033 115.02292707986878 4.196129258850964E-5
50.87828474604346 35.06186374768653 46.09244129954978 132.03258979327978 0.22428285767447012
97.1793791762132 19.156462795834994 13.646502454189603 129.9823444262378 1.3258363518193273E-22
66.5256952723265 33.02774918163318 35.724170476538426 135.27761493049812 4.6154336673488223E-4
80.91971321309904 33.77788777220117 37.58157449693315 152.27917548223337 1.3553997511159286E-6
90.11234369175571 66.83329516172729 6.564890669041428 163.51052952252442 1.5368654911975943E-15
8.694285516893578 4.217933167167849 3.9904438923731114 16.902662576434537 0.2868529014217571
4.4331532978208354 0.985264087396655 0.5815826147825096 6.0 0.10640976229105738
Not enough genes
Cannot perform polytomy test with effective N (after polytomies) 6.0:
	(P_011709,((P_008632,(P_011671,P_011579):0.014384967728435095):1.7426695307320714,((KAYP,((BCGB,ABSS):0.46427786619859823,(WIGA,(Dhai,(Apet,Msal):0.10358442685995342):0.18617826195866058):0.4669211789017485):0.04932500294512682):0.792067926701999,((P_006413,(P_011713,P_011705):0.22024668625936944):0.12418046729618289,((P_016813,((GAP_80390,GAP_80389):2.345074450418375,(P_011679,(P_008646,(P_006412,P_008640):1.4113252074647602):0.19897644519063182):0.1674951754519743):0.11927325613298335):0.6769857435150877,((P_011673,P_011701):0.05134844359480591,((P_011537,(P_011677,P_011739):0.9954951789224917):0.32852057665831863,(P_011681,(P_011759,((P_011735,P_011675):1.4974327136321062,(P_011715,(P_014073,(P_011745,P_011611):0.0):0.22837929308116625):0.19371228435855223):0.29714691638907403):0.21190661499553312):0.17436186318551347):0.07652977831289041):0.9490489027060875):0.2642840409839688):0.345149597767249):0.3880779117575173):0.25937072125764254):0.5977668595094072;
15.316591563697177 8.832210038734683 12.332600418859142 36.481402021291004 0.42052492882550696
108.59542570306529 23.571174079465266 28.734437131572186 160.90103691410275 3.9861516282620023E-19
75.70512578952629 72.42085116128686 15.405225930112861 163.531202880926 6.9320625683852E-10
87.50871990823128 61.741722571219384 9.42122848505355 158.67167096450422 1.0006369275508222E-13
71.55138734477275 18.79681572544967 59.70576201089848 150.0539650811209 2.2268496634911725E-7
24.215367907707993 22.13505568293895 18.308148559707245 64.65857215035419 0.6593119324683736
30.422830403228904 19.140787630554982 13.119313536029118 62.682931569813 0.024901527518915747
94.91087511532213 46.59925017959417 19.265090980234184 160.77521627515048 1.2877251269193723E-12
129.9423656056434 23.029872298651185 12.777633372090326 165.7498712763849 8.00284780740641E-34
84.6242169518019 26.93209153153645 39.260197251281994 150.81650573462034 1.06158880276768E-8
79.96265790668309 48.176836497419 40.995573712799704 169.1350681169018 4.866072159953348E-4
95.84208062721449 46.94683912056333 27.88421786127543 170.67313760905324 4.1696988236608996E-10
97.76343883255798 47.67319113905491 16.809806102661128 162.24643607427402 3.9449063592626116E-14
113.54775908928569 24.717428831303263 29.641765169108318 167.90695308969725 4.5596112891611946E-20
111.4976569908241 22.139782480210737 25.709330802124875 159.3467702731597 1.1808971318586977E-21
20.97373834958881 4.048939406998504 6.991542626687943 32.01422038327526 4.701922744830912E-4
18.95955529623265 13.975448145588247 2.0603034253205776 34.99530686714147 0.0015590527138933216
158.492597576128 5.292403143142547 13.361074957177085 177.14607567644762 2.1413353885341573E-55
50.61844383050112 14.18165132242723 9.802566075997007 74.60266122892536 1.7011042883456031E-9
32.73396235213848 10.05512800998307 10.045029875213213 52.83412023733476 5.89314735705299E-5
10.437307848640316 7.916886653905169 7.128643231759868 25.482837734305352 0.7035396690769977
34.828831432287 12.337728530076983 5.467904847850556 52.63446481021453 1.45167748312345E-6
164.5820035750787 4.545498563132038 4.901509841688404 174.02901197989914 1.6871870378724582E-64
155.49779884148873 0.9633227849669933 0.9962786309445361 157.45740025740028 1.4009385873323965E-66
49.079246083746604 48.40699078542942 50.22565909399627 147.7118959631723 0.9829721793659374
63.0499730581063 35.419471038419815 49.21404172043021 147.68348581695633 0.020710762162810484
55.60207982991408 34.93726920998339 28.694040314189174 119.23338935408665 0.006802649421981955
82.51484090134333 24.765268898270364 12.139444134237946 119.41955393385165 4.3664489546421056E-16
56.08032440785594 37.81776530636437 42.09242262587774 135.99051234009804 0.13360825895675066
53.18658757870465 41.899996123479724 44.86999330758951 139.9565770097739 0.48012666718466723
33.64025516813551 25.837896368284394 19.81785480398707 79.29600634040698 0.16249742559298141
33.441267637673484 22.68289904760238 21.50060897231055 77.62477565758641 0.18769872455356826
83.22311710176908 61.951594709131015 16.358771518428142 161.53348332932822 3.8661217773110217E-10
147.9135692739522 15.393545003423512 11.732998546077562 175.04011282345328 1.5522119892452862E-45
31.995691379247226 7.500844673792872 31.711919829737592 71.20845588277768 2.4130530898609507E-4
81.9501570803416 32.007884853326246 51.00264794756722 164.96068988123506 9.572350433004718E-6
84.44395252181435 49.55725475172851 39.9819919059738 173.98319917951665 7.929094118670252E-5
73.543767003825 51.206735760034434 50.58327715766116 175.3337799215206 0.053540395499206805
50.47656120123675 44.96513211741241 40.564627815406595 136.00632113405575 0.5803966627291683
120.1299881809276 7.081447854019978 10.773562026817528 137.9849980617651 1.1144300614354863E-39
87.11105709944913 83.35376657437473 1.7406215732712953 172.20544524709513 2.472011554876488E-18
104.46578679461446 40.70279220020986 1.028312544852787 146.1968915396771 5.388040125481246E-25
106.93953858197257 16.29180045890718 21.35595141716116 144.5872904580409 4.173641834436727E-24
136.42520734622468 17.342545696667976 20.226269893657022 173.99402293654967 2.760362227688759E-35
177.0 1.887090909090909 0.09090909090909091 178.978 6.617794817106362E-76
144.9408319436032 7.023001508295626 5.041347895251408 157.00518134715026 4.149075315456055E-54
156.07991584173251 8.12526066350711 10.797468997405874 175.0026455026455 4.352943628937307E-54
124.99549814976312 25.01233053561048 27.9921713146264 178.0 2.0648955903562197E-24
162.99247841909278 2.4933035714285716 7.5142180094786735 173.0 1.9612857553678602E-63
169.5921047098717 1.930269211625441 7.477626078502856 179.0 9.539225638994204E-67
174.05592850050803 2.0591387559613374 3.826404285638309 179.94147154210768 2.1223956109420973E-71
95.59471160273017 36.325349548975346 46.93382682822064 178.85388797992616 5.290973552944479E-8
149.99354875121384 6.155407681940701 8.851043566845455 164.99999999999997 3.5081818228429015E-54
109.99621315192744 36.994897959183675 32.00888888888889 179.0 1.3388989286764676E-14
172.25212800873237 3.495639848410467 2.252232142857143 178.0 1.0004426936793443E-70
168.31722369064806 4.291667092914407 6.391109216437523 179.0 3.537433170407781E-65
112.78481705207172 27.499134563887512 39.75479091691153 180.03874253287077 4.1050892796582896E-16
179.9199714604299 0.028141747117266178 0.032953049583150505 179.98106625713032 8.218549395698656E-79
161.78554217788235 6.1571108780586625 6.114160382674901 174.0568134386159 3.554130620608779E-61
74.08395239478423 46.46221658062954 52.15434822932073 172.7005172047345 0.024846635827129298
60.16698618466207 53.48831797291059 57.59501733913164 171.2503214967043 0.8197246263770527
114.80829036933035 30.66125705919262 30.197068321379202 175.66661574990215 2.497318381747175E-18
176.9987054276504 1.0057142857142858 1.990971991704451 179.99539170506912 4.817474347533276E-75
62.527437330404716 60.356232416879415 54.77161058664517 177.65528033392928 0.7631192951194621
84.54321532064911 43.057740778477815 51.49572414976189 179.09668024888882 3.182795734217588E-4
150.14516713558137 14.50107752792013 13.390880853028927 178.03712551653044 5.588669861172258E-46
130.0820146476456 23.778094575512625 18.449638257074604 172.30974748023283 1.043784593457726E-30
137.34180578019036 16.139757965031258 1.1931357391175739 154.6746994843392 1.096355524571136E-47
47.89194088309294 39.20510483824663 46.34581849081878 133.44286421215836 0.6170787086122806
143.85067506139316 11.703344325475264 13.942592478617108 169.49661186548553 1.001864737302873E-44
52.360232994873826 40.2839946368789 36.174200349343145 128.81842798109588 0.19233876873198252
45.31182277272506 45.07226830648406 36.54512762508313 126.92921870429225 0.5546593355981797
166.99078341013825 3.9884912012607145 4.020725388601036 175.0 1.1894692924744677E-66
139.65489357554458 10.444234314464865 10.936709391755544 161.035837281765 1.3978653133529333E-45
164.8924002265087 1.984627648065897 5.0728284460184785 171.94985632059309 1.6483688804464407E-66
47.80968903205887 39.748961966768036 32.810100396093155 120.36875139492005 0.24549491295827572
42.60352339529169 38.76181846086637 40.66215519154239 122.02749704770045 0.9132800603203767
57.11310642468765 34.26492266323901 36.8769601136356 128.25498920156227 0.02577896789533407
168.05134554893723 2.1042589925850246 5.979398311732652 176.1350028532549 4.439247980181948E-67
69.84705509726174 29.806834973775054 36.737505987237626 136.39139605827444 4.224179588103695E-5
48.58961054445473 36.86012347864179 48.4817119600072 133.9314459831037 0.36135812498759
51.792445619831504 44.23006546268914 33.237723778804956 129.2602348613256 0.13261056166622087
47.78112536974721 41.438413663382434 36.399673943711264 125.61921297684091 0.45988566249342433
51.292474935700675 34.57954028887827 43.39106706135602 129.26308228593496 0.19745135789345727
46.78106881157644 41.624434889620666 45.716923778653815 134.12242747985093 0.847225936469234
168.81560464547724 4.897213324154359 3.683733468554735 177.39655143818635 5.3620624326553205E-67
162.2036830982256 8.907742704348715 7.113402241067809 178.22482804364213 1.1440476152060155E-58
166.7055650780588 4.523364543272019 6.914248031204083 178.14317765253492 6.41576389421626E-64
64.24761222062219 58.54983686121663 56.3521380965344 179.14958717837322 0.7572421553668415
175.9068555407219 0.8442839711282304 5.176592604869004 181.9277321167191 4.036240913366393E-72
167.9854359430859 7.009435851785913 6.005128205128205 181.0 2.709692266764013E-63
175.9537037037037 1.0 0.0 176.9537037037037 2.7893533001496675E-76
145.44366083572152 17.009827536371517 17.546511627906977 180.0 2.32673008038315E-40
177.13463796715234 2.057884883315918 0.6099196782674076 179.80244252873567 2.218974541057515E-75
164.0 6.0 8.0 178.0 7.122855156469271E-61
179.00683760683762 0.29743589743589743 1.6957264957264957 181.0 9.217033754535769E-77
66.81570893943952 52.885853747930426 54.53486859975295 174.23643128712288 0.36882413042530626
127.50812498569042 6.122127585877596 8.494747428431994 142.125 6.88867030597716E-45
94.26721538238418 41.63951151385461 40.52954844695093 176.43627534318972 1.085621607332962E-7
79.93214640496609 57.95182368690705 38.48139964206387 176.36536973393703 6.651586841026636E-4
176.03901399314242 1.1327031785747381 0.8282828282828283 178.0 1.6952684472078896E-75
144.47486125154686 12.904664052503017 20.60284628275175 177.98237158680163 1.221802937267971E-40
92.72955379772719 51.29615080634333 35.97427282766045 179.99997743173097 5.752445736872858E-7
89.80989014522673 40.998474777087424 47.193877230152225 178.00224215246638 6.778808703630536E-6
91.60831853118033 70.75562474889323 13.516839583233542 175.8807828633071 7.745597009639028E-13
91.1351000242859 80.19908501273136 6.55291105304721 177.8870960900645 3.163196788072522E-16
144.9704648611749 16.587882163199932 18.881358713121045 180.43970573749587 1.0612586693425262E-39
99.68045593278204 57.83510767028159 14.96103896103896 172.4766025641026 2.785495542828913E-14
106.59910140148143 68.10549020431829 3.020007324681579 177.7245989304813 8.04174075170404E-21
178.0056803573899 0.9863013698630136 2.017200819005029 181.00918254625796 1.7836617482523617E-75
76.79044050077628 50.730724186657135 52.478835312566595 180.0 0.029108675034535826
62.970357110897886 57.98103114869504 58.04410723590257 178.9954954954955 0.871676710817979
143.99060287207993 22.99780716400632 14.507023753868074 181.49543378995435 2.1849579665654683E-38
179.98280458616395 1.0031007751937984 0.6807613053089057 181.66666666666663 1.912527268950663E-77
170.17861295162876 5.155592853075585 6.665794195295665 182.0 4.035678892972688E-65
76.20547409688442 73.74424897040842 32.05027693270718 182.0 3.912695983566849E-5
158.1403994903268 22.647503381667907 0.7133992113386044 181.50130208333334 6.457044216331669E-53
174.0 0.0 2.0 176.0 1.3814242931062353E-74
172.46774193548387 2.013824884792627 1.5184331797235022 176.0 1.2490083901180055E-72
104.33855681514561 36.5790199753798 36.832423209474584 177.75 6.664880347386091E-12
115.50823783034508 33.00620515913983 30.485557010515087 179.0 9.240904129945343E-18
163.01884544584328 2.9873172766277385 10.993837277528966 177.0 1.407926915877314E-60
133.47390758519623 22.96552813466667 23.93556428013711 180.375 7.11835521952376E-30
177.63022160096386 0.9813987657240657 2.388379633312077 181.0 5.227097024310834E-75
64.93557952816363 54.61329957230342 59.37114387172984 178.92002297219688 0.6391955113310959
168.5274532655659 6.654540945623167 5.778862281257279 180.96085649244634 5.9269662832841235E-64
168.50171381934751 7.92858121531372 4.579145730700484 181.00944076536172 6.606586803198043E-64
81.18504001939155 51.8354005686538 43.80101050576794 176.8214510938133 0.0014014622869763214
148.59788197541477 7.601613115641273 22.671686358170803 178.87118144922684 2.185851766386236E-44
151.90932491264894 13.54693060435678 14.277425422452284 179.73368093945803 9.64930090376387E-47
82.26585347803756 31.092696976357573 63.9389354332979 177.29748588769303 1.1481313525443613E-5
152.7390258593253 6.990720973928317 20.248496510903767 179.9782433441574 9.537463213397066E-48
174.81934023674245 2.870538540980028 2.353843668788945 180.04372244651142 2.9251462889884123E-72
80.60965653947585 15.092361951097029 77.66729254203754 173.36931103261043 5.109290261271359E-11
105.54974734007531 11.893017890804783 57.01075253586003 174.45351776674013 4.1243745031920335E-17
150.88827161777715 10.97702780953133 10.998914438688853 172.86421386599733 6.732143452093552E-50
134.942107587914 14.212537160014486 16.882440387057436 166.03708513498592 5.00916240774713E-38
115.56482179079933 12.220152325819614 5.30253013496193 133.08750425158087 4.563813848903071E-38
90.67910603150172 27.655878815184874 18.93655277097635 137.27153761766294 2.84896153105041E-15
69.28468745725068 16.23308998034865 19.05797179871626 104.5757492363156 7.960937016288318E-12
Extended species tree:
(P0109B,((P_018831,OSHQ)0:0.36710645689144683,((P_016909,WZFE)0:0.6843436482686083,(P0203H,((((SJEV,(P_019193,(P_019187,Wsal)0:0.7118442897056869)0:1.34346893298666)0:1.1455195535264289,(WKSU,(P_016921,(GAP_81227,(Pcol,(GAP_81226,P_006410)0:1.1018015617671706)0:1.0611781771957554)0:0.457361734259819)0:0.5663467892693066)0:1.1033104186212435)0:1.6320428518732322,((P_025525,(P_011589,(P_025523,P_025527)NA:0.2876820724517809)NA:0.2876820724517809)0:1.0308295083022094,(((Asie,QDVW)0:3.3133252788234184,(P_019189,(PAWA,P_019197)0:0.3988494341545774)0.0032:0.17098461573254925)0.0195:0.1434995258877417,((CSSK,(P_019185,(P2589,OPDF)0:0.34052753540166997)0.0015:0.21284605279918536)0:1.0056070759950264,((P_019191,P_019199)0.00533:0.36494718014362587,(GAP_80417,(GAP_79804,P2590)0:2.4375044108934167)0:0.7718070395228345)0:0.5521094719031988)0:1.457529853536084)0.00285:0.25201017765347017)0.00014:0.3851474672685736)0.00009:0.2668266067263442,(((WPHN,P_011613)0.67712:0.04727087696560149,(((GAP_79862,P_011587)0:1.1420662097757974,(P_014081,(P0104A,P_008647)0:2.71390682454522)0:1.8547249205828553)0:1.0635607059715477,((P_011607,(Sdec,P_011719)NA:0.0)NA:0.1154893848699193,(((P2619,P_011609)0:1.0222652855806378,((WAIL,MAQO)0:0.380606667477342,(P_011527,(P_014077,(GAP_80298,(P_014083,GAP_80297)0:1.9311785678755986)0.10789:0.0808989657896262)0.39518:0.09145282013415845)0:1.4733419887154402)0:0.4807515914788318)0.00179:0.14535213169097908,((KRJP,((GAP_80395,P_011549)0:2.3644231825208797,((P_011657,(P_011643,(P_011509,P_011651)0:1.1568088285170748)0.71569:0.03863648421874857)0:1.2609574093359714,((GAP_80393,GAP_80394)0:0.9794292608555812,((P_011647,(P_011465,(P_011501,(P_011523,(P_011487,P_011489)0.06637:0.10535938777971773)0.10518:0.10120035264675124)0:1.1077922913888065)0:1.5870260697327843)0.05153:0.14218340418319836,(P_011631,(P_011551,((P_007844,P_011637)0.00525:0.18024912307855992,(P_007843,(P_007783,P_006414)0.00993:0.170213461977854)0:0.3583200884067861)0.0475:0.11406442217624017)0.00456:0.12310202206343782)0.00037:0.17489924789274536)0:1.1191513164016322)0.29172:0.049765217910605244)0:1.9833906620039783)0:0.3150589550023468)0:0.45074101309831266,(VYLQ,((P_011531,(P_011699,(P_006411,Schi)0:0.9513805179478891)0:0.4545099628785825)0:1.696648117829802,(P_018635,(P_008631,(P_011709,((P_008632,(P_011671,P_011579)0.84746:0.014384967728435095)0:1.7426695307320714,((KAYP,((BCGB,ABSS)0:0.46427786619859823,(WIGA,(Dhai,(Apet,Msal)0.47485:0.10358442685995342)0.00115:0.18617826195866058)0:0.4669211789017485)0.75557:0.04932500294512682)0:0.792067926701999,((P_006413,(P_011713,P_011705)0.01461:0.22024668625936944)0.02206:0.12418046729618289,((P_016813,((GAP_80390,GAP_80389)0:2.345074450418375,(P_011679,(P_008646,(P_006412,P_008640)0:1.4113252074647602)0:0.19897644519063182)0.00015:0.1674951754519743)0.14109:0.11927325613298335)0:0.6769857435150877,((P_011673,P_011701)0.6819:0.05134844359480591,((P_011537,(P_011677,P_011739)0:0.9954951789224917)0.00005:0.32852057665831863,(P_011681,(P_011759,((P_011735,P_011675)0:1.4974327136321062,(P_011715,(P_014073,(P_011745,P_011611)NA:0.0)0.03717:0.22837929308116625)0.00382:0.19371228435855223)0.00001:0.29714691638907403)0:0.21190661499553312)0.00004:0.17436186318551347)0.22428:0.07652977831289041)0:0.9490489027060875)0.00046:0.2642840409839688)0:0.345149597767249)0:0.3880779117575173)0.28685:0.25937072125764254)NA:0.5977668595094072)0.42052:0.11987383901510347)0:0.7054785555776214)0:0.21095485944903206)0:0.38872777137033193)0:0.2363826040120559)0.65931:0.05467914019819051)0.0249:0.24409295287706476)0:0.47807690173567846)0:1.105328021909306,((OBPL,(((P_018639,P_018779)0:0.40964899368284924,(P_018695,(P_018783,P_018645)0.00049:0.22940402503536844)0:0.4116192665366044)0:0.5080053038708532,(P_018691,((P_016793,(P_006422,P_016795)0:0.7100401297976505)0:0.7831374496171353,((P_016797,(P_007845,(GAP_80397,P_016799)0.00047:0.60319880614424)0.00156:0.34260928768861243)0:1.7988844302896536,(P_018693,((P_014095,S08)0:0.7017820544497256,((S04,(S38,(S27,P_016789)0.00006:0.5311618400266453)0.70354:0.09560148342382366)0:0.6425702808105301,(P_016791,((S03,P_014099)0:2.4131709744421426,(S02,P_016787)0:3.574966078510152)0.98297:0.0)0.02071:0.14627797142051346)0.0068:0.2152706961347167)0:0.750441360891504)0.13361:0.12110681378087525)0.48013:0.06826713418171064)0.1625:0.13745857423606586)0.1877:0.14848960014472676)0:0.31205008193691136)0:1.4285330339525362,(((P2622,P2623)0.00024:0.17990757823485698,(XQWC,(P0110C,(P0110B,(P0207A,(P0207C,(P0207B,(P0206H,P0206G)0.00001:0.27534366279117267)0.00008:0.25344143509162614)0.05354:0.13422537001947588)0.5804:0.05407355608632054)0:1.5921222368311818)0:0.29356909559588323)0:0.8313788772990403)0:0.9208221259002917,((GAP_80322,DHPO)0:1.1068426468899797,((P_012795,P_012941)0:3.6961175788282605,((P_012861,((P_012855,(P_012827,P_007802)0:2.087275616881351)0:1.7731726441431805,((P_012813,P_018637)0:0.792853287046222,(P_012919,P_012921)0:2.3550113718966057)0:2.4449270621404846)0:2.8632845070044364)0:0.3527821979782218,(((P_012841,((P_012913,P_012877)0:1.9335308362239698,(P_012811,(P_012891,P_012895)0:0.5389424043663136)0:2.872693503106152)0:2.329376095909104)0:0.5700109987825127,(P_012797,((((P_012925,P_012883)0:4.733626109170921,(P_012857,(P_012815,P_012903)0:2.1740438179904227)0.02485:0.1505390785942799)0.81972:0.024241008336030614,(P_012875,((P_012905,P_012831)0:0.6439526257903675,(P_012901,(P_012851,P_012887)0:3.407540875504288)0.76312:0.02530135368580739)0.00032:0.2283427780685507)0:1.4185647816641656)0:0.9831330803143071,(P_018689,(P_012885,((P_012859,(P_006420,GAP_80294)0:1.73360654574123)0.61708:0.034941249560258895,(((P_012873,P_012881)0:1.450613642810662,(GAP_80291,P_012907)0.19234:0.11093328691649394)0.55466:0.031791761138221096,(((P_012911,(P_012821,P_012917)0:2.566770768050981)0:1.5741425510616458,(P_012897,(GAP_80293,P_012893)0:2.6609387108993827)0.24549:0.09527968227250307)0.91328:0.019630464018789394,(P_012889,((P_012863,P_006418)0.02578:0.1776872316422822,(P_012793,(GAP_80292,P_006419)0:2.5649701633854973)0.00004:0.3045843647179954)0.36136:0.040987485652845074)0.13261:0.10138093558110325)0.45989:0.06832292599997744)0.19745:0.09501528291865269)0.84723:0.019507743553389727)0:2.518767364111425)0:1.948719540715094)0:2.2619950994988614)0.75724:0.03557764715125568)0:2.8547379816531624,((P_012867,((P_012817,P_012899)0:2.1584445003002304,(P_012847,P_012923)0:4.082911136242077)0:1.2219134659476314)0:3.4923465783566594,(P_012843,(((P_012937,(P_012939,P_006421)0:2.073870496630381)0:3.702211093914641,((P_012803,P_012853)0.36882:0.07465175360913973,(P_012829,P_012837)0:1.8099012049084726)0:0.352271021002726)0.00067:0.19357947821674903,(((P_012801,(P_012879,P_012809)0:3.6963983744407214)0:1.2406452189045039,(YZRI,(P_012839,(P_012805,(P_012799,P_012825)0:0.31262670015280697)0.00001:0.2911379275646309)0:0.324159261710484)0:0.3067751413515017)0:1.1989891010260494,(((PSJT,(P_012927,GAP_80295)0:0.44927111007110765)0:0.501973336529303,((GAP_81172,P_012833)0:3.4114225059777423,((P_012791,P_012915)0.02911:0.1466280562112593,(P_012869,(P_012823,(P_012819,P_012835)0.87168:0.025077947736791742)0:1.150476332464018)0:3.8149410581863705)0:2.2529064049925718)0.00004:0.13311437510957994)0:1.60831270517878,(P_012909,((P_012865,(P_012931,(P_012935,P_012933)0:3.6720723357975578)0:3.2594643401770087)0:0.4709133372058319,((P_012807,P_012845)0:0.6209542454369196,(P_012849,P_012871)0:2.0695253940236515)0:0.9259632927848072)0:3.3238292807496244)0.6392:0.04225048240981802)0:2.200582098354953)0:2.1953315618838087)0.0014:0.2043592585802477)0:1.3440111464254192)0:1.4303387384775055)0.00001:0.21331067473942536)0:1.4522000106337847)0:2.9647992604493774)0:0.21497577822425293)0:0.5147894556065594)0:1.618361827077996)0:1.2440511911456344)0:1.5740314354984482)0:0.6610805593254478)0:0.6623921104385729));
Weight calculation took 87.75231893 secs
ASTRAL finished in 120.385 secs
