
================== ASTRAL ===================== 

This is ASTRAL version 5.7.7
Gene trees are treated as unrooted
327 trees read from all_bs10.trees
index198
All output trees will be *arbitrarily* rooted at P0109B

======== Running the main analysis
Number of taxa: 244 (244 species)
Taxa: [P_012841, P_012877, P_012913, P_012861, P_012837, P_012855, P_012813, P_012939, P_012937, P_006421, P_012827, P_007802, P_012803, P_012921, P_012919, P_012889, P_012891, GAP_80291, P_012881, P_012793, P_012911, P_006418, P_012811, P_012859, P_012907, P_012821, P_012917, P_012897, P_012873, GAP_80292, P_012863, P_018689, GAP_80293, P_012893, P_006420, GAP_80294, P_012885, P_006419, P_012895, P_012831, P_012905, P_012797, P_012815, P_012903, P_012857, P_012925, P_012883, P_012901, P_012941, P_012795, P_012851, P_012887, P_012867, P2589, OPDF, GAP_80417, PAWA, P2590, GAP_79804, CSSK, P_019185, P_012817, P_012899, P_012847, P_012923, P_011609, P_012875, P2622, P2623, P_018695, P_011701, P_011579, Sdec, P_011673, P0207B, P0110C, XQWC, P0207C, P0206G, P0207A, P0206H, P_016787, P_018691, P_018693, P_016793, P_006422, P_016791, P_016789, S02, S27, P_016797, P_007845, P_016799, OBPL, GAP_80397, P_018779, P_014099, S03, S04, P_018639, P_018783, P_018645, P_011699, GAP_80389, ABSS, P_011675, P_011735, P_011677, P_011537, P_008640, GAP_80390, P_006412, P_011759, P_011745, P_006413, P_008646, Apet, Dhai, P_016813, P_011681, P_011715, P_011713, VYLQ, P_008632, P_011671, P_008647, P0104A, P_014081, P_011549, GAP_80395, KRJP, P_011489, P_011487, P_011523, P_011509, P_011651, P2619, P_006414, P_007843, P_007783, GAP_80394, P_011637, P_007844, P_011465, P_011647, P_011501, P_011643, GAP_80393, P_011657, P_011587, GAP_79862, WAIL, P_011527, GAP_80297, GAP_80298, MAQO, Schi, P_006411, WPHN, P_012829, P_018635, P_014083, P_012845, P_012807, P_012805, P_012865, P_012799, YZRI, GAP_81172, P_012809, P_012879, P_012801, P_012839, P_012935, P_012933, P_012931, GAP_80295, P_012927, PSJT, P_012825, P_012835, P_012915, P_012791, P_012819, P_012869, P_012823, P_012849, P_012871, P_012833, P_012909, GAP_80322, DHPO, P_016795, Asie, QDVW, P0110B, P_011551, P0203H, P0109B, P_018831, WZFE, P_016909, P_019197, Wsal, P_019193, P_019187, SJEV, GAP_81226, P_006410, Pcol, WKSU, P_016921, GAP_81227, P_025523, P_019189, P_012853, P_012843, P_018637, P_025525, OSHQ, P_011531, P_008631, P_011705, WIGA, Msal, P_011739, BCGB, P_011679, P_011631, P_014077, P_019191, P_011613, S38, P_014095, S08, P_011719, KAYP, P_025527, P_014073, P_011709, P_011611, P_019199, P_011607, P_011589]
Taxon occupancy: {P_019193=247, P_019191=103, P_019197=270, OPDF=279, GAP_81172=310, P_018783=306, P_019199=75, Wsal=251, P_016921=311, WKSU=304, P_025523=40, P_025525=74, P_025527=31, P_014073=29, P0203H=183, P_014077=154, QDVW=304, P_011487=309, P_011489=311, P_016813=261, P_006421=302, P_006422=304, P_006420=213, P_006418=299, P_006419=299, P_014081=185, P_006414=307, P_014083=180, P_018689=310, P0206H=274, P0206G=254, Msal=268, P0109B=131, P_012901=298, P_006410=298, P_006411=300, P_012903=304, P_006412=300, P_006413=287, P_012905=311, P_012907=308, PAWA=297, GAP_79862=290, ABSS=297, P_012909=303, P_018691=125, GAP_80291=315, P_018695=297, P_014095=108, GAP_80293=305, GAP_80292=298, P_018693=295, GAP_80295=309, GAP_80294=300, P_014099=300, GAP_80297=305, GAP_80298=302, P_012911=303, P_011701=44, P_012913=254, P_012915=309, P_011705=142, P_012917=287, P_012919=269, P_011709=26, P_012881=308, P_011671=154, P_011551=168, P_012883=309, P_011673=226, MAQO=309, P_012885=302, P_011675=270, GAP_80322=314, P2590=238, P_012887=306, P_011677=210, P_012889=298, P_011679=235, P_008647=284, PSJT=288, P2589=239, P_012891=295, P_011681=199, P_012893=306, P_018637=298, P_012895=303, P_018635=268, P_012897=300, P0207C=283, P_012899=303, P0207B=290, P0207A=297, P_018639=269, P_008646=307, P_008640=305, BCGB=291, WZFE=308, P_018645=301, KRJP=301, KAYP=137, P_011699=133, P_011579=205, CSSK=290, P_008632=301, P_007783=280, P_016909=311, P_008631=51, P_019187=295, P_019185=283, Sdec=58, P_019189=248, P_012791=307, P_012793=303, P_012795=303, Asie=239, P_018779=216, P_011465=314, P_012797=310, P_011587=199, P_012799=309, P_011589=4, GAP_80417=141, WIGA=263, P_007802=224, GAP_79804=214, P_012841=301, P_011631=226, Pcol=237, P_012843=315, P_012845=306, P_012847=296, P_011637=299, P_011759=249, P_012849=290, Apet=134, OBPL=314, P0110C=271, P0110B=178, P_018831=298, YZRI=307, P_012851=306, P_011643=315, P_012853=304, P_011523=314, P_012855=285, P_012857=303, P_011647=255, P_011527=161, P_012859=294, WAIL=318, P_016789=297, P_012861=297, P_011651=242, P_016787=302, P_011531=220, P_012863=307, P_012865=294, Schi=238, P_012867=305, P_011657=249, P_011537=197, P_012869=300, P_016793=298, P_016791=307, P_016797=307, SJEV=309, P_016795=293, P_012871=290, P_012873=307, P_016799=303, P_012875=303, P_012877=294, P_012879=304, P_011549=268, P_007844=192, P_007845=39, S02=198, P_012921=260, S04=65, S03=275, P_012801=314, P_012923=291, P_011713=181, P_012803=307, P_012925=299, P_011715=229, S08=162, P_007843=258, P_012805=304, P_012927=300, P_012807=303, P_011719=28, P_012809=302, VYLQ=314, DHPO=317, GAP_80390=265, P2622=191, P2623=93, XQWC=308, GAP_80394=311, GAP_80393=315, GAP_80395=313, GAP_80397=307, P_012931=302, P_012811=298, WPHN=297, P_012933=285, P_012813=299, P_012935=295, P_012815=293, P_012937=307, P_012817=303, P_011607=6, P_012939=290, P_011609=173, P_012819=298, P2619=163, OSHQ=299, GAP_80389=279, P_012941=310, P_012821=306, P_011611=44, P_012823=304, P_011613=75, P_011735=300, S27=204, P_012825=307, P_012827=251, P_011739=235, P_012829=192, Dhai=294, P0104A=243, P_012831=288, P_011501=315, P_012833=300, GAP_81226=307, P_011745=251, GAP_81227=311, P_012835=303, S38=75, P_012837=312, P_012839=293, P_011509=311}
Number of gene trees: 327
327 trees have missing taxa
Calculating quartet distance matrix (for completion of X)
Species tree distances calculated ...
Will attempt to complete bipartitions from X before adding using a distance matrix.
Building set of clusters (X) from gene trees 
------------------------------
gradient0: 71299
Number of Clusters after addition by distance: 71299
calculating extra bipartitions to be added at level 1 ...
Adding to X using resolutions of greedy consensus ...
Limit for sigma of degrees:6150
polytomy size limit : 102
discarded polytomies:  [3, 3, 3, 3, 3, 3, 3, 3, 3, 3, 3, 3, 3, 3, 3, 3, 3, 3, 4, 4, 4, 4, 4, 4, 4, 4, 5, 5, 5, 6, 6, 7, 7, 8, 8, 8, 11, 13, 13, 16, 16, 22, 37, 102]
Threshold 0.0:
polytomy of size 3; rounds with additions with at least 5 support: 1; clusters: 71303
Threshold 0.01:
polytomy of size 5; rounds with additions with at least 5 support: 1; clusters: 71323
Threshold 0.02:
polytomy of size 6; rounds with additions with at least 5 support: 0; clusters: 71365
polytomy of size 3; rounds with additions with at least 5 support: 0; clusters: 71365
polytomy of size 4; rounds with additions with at least 5 support: 0; clusters: 71369
Threshold 0.05:
polytomy of size 11; rounds with additions with at least 5 support: 1; clusters: 71403
polytomy of size 3; rounds with additions with at least 5 support: 0; clusters: 71403
polytomy of size 4; rounds with additions with at least 5 support: 0; clusters: 71403
polytomy of size 7; rounds with additions with at least 5 support: 0; clusters: 71419
polytomy of size 4; rounds with additions with at least 5 support: 0; clusters: 71423
Threshold 0.1:
polytomy of size 13; rounds with additions with at least 5 support: 0; clusters: 71433
polytomy of size 4; rounds with additions with at least 5 support: 0; clusters: 71433
polytomy of size 5; rounds with additions with at least 5 support: 0; clusters: 71433
polytomy of size 8; rounds with additions with at least 5 support: 0; clusters: 71447
polytomy of size 3; rounds with additions with at least 5 support: 0; clusters: 71447
polytomy of size 3; rounds with additions with at least 5 support: 0; clusters: 71447
polytomy of size 16; rounds with additions with at least 5 support: 1; clusters: 71479
polytomy of size 8; rounds with additions with at least 5 support: 0; clusters: 71479
polytomy of size 3; rounds with additions with at least 5 support: 0; clusters: 71479
polytomy of size 3; rounds with additions with at least 5 support: 0; clusters: 71479
polytomy of size 3; rounds with additions with at least 5 support: 0; clusters: 71479
Threshold 0.2:
polytomy of size 22; rounds with additions with at least 5 support: 0; clusters: 71481
polytomy of size 3; rounds with additions with at least 5 support: 0; clusters: 71481
polytomy of size 3; rounds with additions with at least 5 support: 0; clusters: 71481
polytomy of size 3; rounds with additions with at least 5 support: 0; clusters: 71481
polytomy of size 6; rounds with additions with at least 5 support: 0; clusters: 71481
polytomy of size 13; rounds with additions with at least 5 support: 0; clusters: 71485
polytomy of size 3; rounds with additions with at least 5 support: 0; clusters: 71485
polytomy of size 4; rounds with additions with at least 5 support: 0; clusters: 71485
polytomy of size 8; rounds with additions with at least 5 support: 0; clusters: 71485
polytomy of size 3; rounds with additions with at least 5 support: 0; clusters: 71485
polytomy of size 37; rounds with additions with at least 5 support: 0; clusters: 71525
polytomy of size 4; rounds with additions with at least 5 support: 0; clusters: 71525
polytomy of size 4; rounds with additions with at least 5 support: 0; clusters: 71525
Threshold 0.3333333333333333:
polytomy of size 7; rounds with additions with at least 5 support: 0; clusters: 71525
polytomy of size 3; rounds with additions with at least 5 support: 0; clusters: 71525
polytomy of size 16; rounds with additions with at least 5 support: 0; clusters: 71555
polytomy of size 3; rounds with additions with at least 5 support: 0; clusters: 71555
polytomy of size 5; rounds with additions with at least 5 support: 0; clusters: 71555
polytomy of size 4; rounds with additions with at least 5 support: 0; clusters: 71555
polytomy of size 3; rounds with additions with at least 5 support: 0; clusters: 71555
polytomy of size 3; rounds with additions with at least 5 support: 0; clusters: 71555
polytomy of size 3; rounds with additions with at least 5 support: 0; clusters: 71555
polytomy of size 102; rounds with additions with at least 5 support: 0; clusters: 71605
max k is :2
Number of Clusters after addition by greedy: 71605
gradient0 in heuristiic: 71605
partitions formed in 36.032 secs
Dynamic Programming starting after 36.032 secs
Using tree-based weight calculation.
Using polytree-based weight calculation.
Polytree max score: 13175575932
Polytree building time: 0.218 seconds.
Number of quartet trees in the gene trees: 13175575932
Size of largest cluster: 244
Greedy score: 12161792994
estimationFactor: 1.0833580162481098
Sub-optimal score: 12258429454
Calculated 100000 weights; time (seconds): 217
Total Number of elements weighted: 187709
Normalized score (portion of input quartet trees satisfied before correcting for multiple individuals): 0.9439055009196997
Optimization score: 12436498600
Optimal tree inferred in 409.921 secs.
(P_012791,(P_012915,((P_012869,(P_012823,(P_012835,P_012819))),((P_012927,(GAP_80295,PSJT)),((GAP_81172,P_012833),(((P_012865,(P_012931,(P_012935,P_012933))),((P_012849,P_012871),(P_012845,P_012807))),(P_012909,(((P_012801,(P_012809,P_012879)),(P_012839,(P_012805,(P_012825,(P_012799,YZRI))))),((P_012843,((P_012937,(P_012939,P_006421)),((P_012803,P_012853),(P_012837,P_012829)))),((P_012867,((P_012847,P_012923),(P_012817,P_012899))),(((P_012797,(P_012841,((P_012877,P_012913),(P_012811,(P_012891,P_012895))))),(((P_012925,P_012883),((P_012857,(P_012815,P_012903)),(P_012875,((P_012851,P_012887),(P_012901,(P_012831,P_012905)))))),(P_018689,((P_006420,GAP_80294),(P_012885,(P_012897,(P_012859,(((GAP_80291,P_012907),(P_012881,P_012873)),((P_012889,(P_012793,(GAP_80292,P_006419))),(P_006418,((GAP_80293,P_012893),(P_012863,(P_012911,(P_012821,P_012917)))))))))))))),((P_012861,((P_012855,(P_012827,P_007802)),((P_012813,P_018637),(P_012921,P_012919)))),((P_012941,P_012795),((GAP_80322,DHPO),(((P2622,P2623),(P0110C,(P0110B,(P0207A,((P0207B,XQWC),(P0207C,(P0206G,P0206H))))))),((P_007845,(((P_018779,P_018639),(P_018695,(P_018783,P_018645))),(P_018691,(((P_018693,(P_016793,(P_006422,P_016795))),(P_016797,(OBPL,(P_016799,GAP_80397)))),((P_014095,S08),((S04,(S38,(P_016789,S27))),((P_016787,S02),(P_016791,(P_014099,S03))))))))),(((P0203H,((WZFE,P_016909),(P0109B,(P_018831,OSHQ)))),(((SJEV,(P_019193,(Wsal,P_019187))),(P_016921,(GAP_81227,(WKSU,(Pcol,(GAP_81226,P_006410)))))),((P_025527,(P_025523,P_025525)),(((Asie,QDVW),(P_019189,(PAWA,P_019197))),(((CSSK,P_019185),(P2589,OPDF)),((P_019191,P_019199),(GAP_80417,(P2590,GAP_79804)))))))),((WPHN,P_011613),(((P_011609,(Sdec,P2619)),(MAQO,(WAIL,(P_011527,((GAP_80298,P_014077),(GAP_80297,P_014083)))))),((((P_011587,GAP_79862),(P_014081,(P_008647,P0104A))),((KRJP,(P_011549,GAP_80395)),((P_011657,(P_011643,(P_011509,P_011651))),((GAP_80394,GAP_80393),(P_011631,((P_011551,((P_011637,P_007844),(P_007843,(P_006414,P_007783)))),(P_011647,(P_011465,(P_011501,(P_011489,(P_011487,P_011523))))))))))),(((P_011531,P_011589),(P_011699,(Schi,P_006411))),(VYLQ,((P_018635,P_008631),((P_011579,(P_008632,P_011671)),((P_011719,P_011607),((P_014073,P_011709),(((P_011713,P_011705),(P_006413,((KAYP,(ABSS,BCGB)),(WIGA,(Dhai,(Apet,Msal)))))),((P_016813,((GAP_80389,GAP_80390),((P_008646,P_011679),(P_008640,P_006412)))),(P_011701,((P_011673,(P_011537,(P_011677,P_011739))),(P_011759,((P_011675,P_011735),(P_011715,(P_011681,(P_011745,P_011611)))))))))))))))))))))))))))))))))));
Final quartet score is: 12436498600
Final normalized quartet score is: 0.9439055009196997
You may want to ignore posterior probabilities and other statistics related to the following branch branch because the effective number of genes impacting it is only 13:
	{P_025523, P_025525}
You may want to ignore posterior probabilities and other statistics related to the following branch branch because the effective number of genes impacting it is only 3:
	{P_011531, P_011589}
You may want to ignore posterior probabilities and other statistics related to the following branch branch because the effective number of genes impacting it is only 1:
	{P_011719, P_011607}
You may want to ignore posterior probabilities and other statistics related to the following branch branch because the effective number of genes impacting it is only 2:
	{P_014073, P_011709}
You may want to ignore posterior probabilities and other statistics related to the following branch branch because the effective number of genes impacting it is only 7:
	{P_011701, P_011673, GAP_80389, ABSS, P_011675, P_011735, P_011677, P_011537, P_008640, GAP_80390, P_006412, P_011759, P_011745, P_006413, P_008646, Apet, Dhai, P_016813, P_011681, P_011715, P_011713, P_011705, WIGA, Msal, P_011739, BCGB, P_011679, KAYP, P_014073, P_011709, P_011611}
97.5720618293175 16.541883507713187 1.053345303363402 115.16729064039409 4.00617640216344E-31
254.48352206340962 19.036830083062455 16.212627493021667 289.73297963949375 7.88782238872097E-85
114.22396507672235 48.98468490280734 44.01823304554351 207.22688302507322 2.2358397753112815E-10
114.6487284106663 54.06155312675266 52.545584830096196 221.25586636751515 4.0730772376286316E-8
234.5454671664816 10.911737233001768 14.19428116817993 259.65148556766326 3.6257557828492765E-83
155.03573641678813 29.976782530874463 35.036876996590586 220.04939594425318 2.145087581880077E-30
117.5389054231916 44.03113357668262 42.565734652051766 204.13577365192597 1.86492571941741E-12
130.09219021883004 84.60719290137976 49.10418382423262 263.8035669444424 7.25201436134682E-9
164.02680388559637 47.10987266398221 66.13533171011284 277.2720082596914 3.208756505880582E-19
234.874430880774 7.939783916187489 16.688676139588885 259.5028909365504 1.0168303784219397E-83
163.80187809976985 13.858991876098749 18.946140203561644 196.60701017943023 9.211082951069103E-49
6.005289929199121 2.014705882352941 2.0049019607843137 10.024897772336374 0.2034300132602498
Not enough genes
Cannot perform polytomy test with effective N (after polytomies) 10.024897772336374:
	(P_025523,P_025525):0.38133922907607826;
8.530560355834703 1.1191405226007858 2.283055416775185 11.932756295210673 0.018428718014360773
Not enough genes
Cannot perform polytomy test with effective N (after polytomies) 11.932756295210673:
	(P_025527,(P_025523,P_025525):0.38133922907607826):0.6721947389503771;
216.45944559467236 0.5770621770665113 3.0030385242834026 220.03954629602228 1.0885848080974551E-91
94.12359995364731 28.57191043461779 28.118719686862015 150.8142300751271 3.466337994984124E-13
67.11848413272592 62.218821220042216 38.92703304897579 168.26433840174394 0.017509001771040898
95.65075926072942 52.38497963783534 59.04960425317387 207.08534315173864 3.853079556418289E-4
93.4852689487307 74.6817559119248 70.88742002875668 239.05444488941217 0.15917941218222828
143.01616568306238 28.614916654249843 27.49739613254546 199.12847846985767 1.4948690911001054E-29
174.21543873882248 31.407044974653676 31.415488178424084 237.03797189190024 4.329580291697447E-38
23.850261498985077 9.371933255722702 11.347495076376866 44.569689831084645 0.015779354079876764
99.98229600588091 1.0158901654896173 8.012987012987013 109.01117318435755 3.4961846745830835E-37
47.22576201258734 14.711919693371648 15.083723045880975 77.02140475183997 1.2779591178042674E-6
66.99107326838381 34.48225573088982 5.960616538752528 107.43394553802617 4.911869380968835E-12
179.59143841944478 8.990675363921072 28.145001118632578 216.72711490199845 3.0965346783216283E-53
31.288103932209914 9.062358636321143 17.611862725683086 57.96232529421414 0.0014955859860234745
30.971597272408218 14.717268011873546 6.169556179658359 51.85842146394012 1.0279546860302428E-4
61.47924928303584 43.41802201738206 41.30723127576341 146.2045025761813 0.08026640479127581
18.643434821430212 10.806107285623652 9.711856843401259 39.16139895045512 0.16234323358446034
21.678898591535713 13.176805609466589 3.064265482579436 37.91996968358174 0.0010380220740791354
68.61234831850653 8.91496372541501 10.143440671955734 87.67075271587727 5.034219958049188E-18
50.642988985385756 36.52866457531369 46.53404947225701 133.70570303295645 0.3065215001149227
153.4871024408545 8.520204951912461 11.494523823123053 173.50183121589 2.8395072249047297E-52
47.698143848332286 48.09192046479696 38.319147370665846 134.10921168379508 0.5042817602952947
55.96945681654513 43.7972134460061 34.0453800788713 133.81205034142252 0.06686939656201599
155.61307045775433 19.882245894202526 78.23282346989669 253.72813982185355 1.56635328847364E-24
133.56758336642588 11.208136355248886 9.592424096375144 154.3681438180499 2.0661958228258347E-43
55.80965651160159 21.743810820475787 13.355349251762222 90.9088165838396 5.6856221577231874E-8
116.84044702296677 20.825269474788126 14.998004035897672 152.66372053365257 1.218875488006718E-28
147.99011327018846 3.010028149190711 5.0047846889952154 156.00492610837438 1.9037948027299997E-58
134.87281384286592 16.401787331513713 5.401796167943579 156.6763973423232 1.403849901541662E-43
138.1112730644093 13.786602850503835 22.796706860904578 174.6945827758177 1.4370401280621674E-36
175.00592082896375 23.18183517369826 29.071722329429793 227.25947833209182 3.915690856730725E-43
178.26724290331396 39.4189909742429 8.093977785469571 225.78021166302642 4.6016512036246344E-48
114.92915865686044 35.06884702662345 35.672602015426044 185.67060769890992 1.563808076614551E-15
67.93381251068011 59.42864868011613 51.16353451106787 178.5259957018641 0.30678790231806063
125.5687541070022 26.82867387871563 20.641251443879707 173.03867942959752 7.95949305806906E-27
132.22761702896474 35.49204651386706 33.15996689536981 200.87963043820162 1.8593137093891896E-21
61.53979770461363 28.577906834211017 39.02958416453482 129.14728870335946 0.0013725924098335004
77.88430805857958 37.13134280491009 68.78814245588114 183.8037933193708 5.704421701946568E-4
107.37432214902368 38.57410613781563 33.54799375543558 179.4964220422749 4.4617946566526035E-13
39.2265293408191 30.316909863037694 32.82876383404075 102.37220303789755 0.5387842789953791
36.56161302053517 37.59015059693082 28.394660013966487 102.54642363143248 0.4758469335295843
76.0292284493176 58.010974783841704 70.1209391293996 204.1611423625589 0.28945725938515804
72.6629470725328 62.90375691069508 67.97784341665289 203.54454739988077 0.7038971717418058
124.77035179148677 39.07271490667584 38.79702559251413 202.64009229067673 1.619928991801769E-16
135.45603367450965 18.712947976914982 9.694955176011574 163.86393682743622 7.463283505691286E-40
71.0802163115659 43.43899120340775 34.828134219833366 149.34734173480703 7.421103873253922E-4
59.90978388182922 32.29619303289003 47.98501721540407 140.19099413012333 0.01649698361108062
82.50394945835328 43.775866870843636 17.77792879835628 144.05774512755318 2.5428094426977426E-10
70.37373820708349 51.17348252413553 67.32454258251315 188.87176331373217 0.18431565145059245
204.35565247236016 9.146184857739339 11.411331664093503 224.913168994193 1.8280254248673852E-73
134.50797286044534 17.640174898119945 10.367801990554955 162.51594974912024 1.2265717739847507E-39
38.565535929692246 37.67412586917582 25.031638887464226 101.2713006863323 0.183161247448868
1.0 0.0 1.0 2.0 0.6065306597126334
Not enough genes
Cannot perform polytomy test with effective N (after polytomies) 2.0:
	(P_011531,P_011589):0.0;
70.22908459354272 21.98981341256475 11.134254387329843 103.35315239343733 3.358048106146978E-13
50.606667801145335 31.1046078870915 9.748414349203015 91.45969003743986 1.1235593558795188E-6
162.4033002525477 6.9381714165234785 9.4367648367967 178.77823650586788 1.6416144674941203E-58
18.627558674154074 6.579833163648158 3.261169754826521 28.468561592628753 0.001018086440051157
37.86555514690479 31.120367592316697 32.18561529343546 101.17153803265694 0.6771230469226384
140.3741582736846 11.626481962634754 9.05172305614751 161.05236329246688 2.451317790447134E-46
1.0 0.0 0.0 1.0 0.3678794411714423
Not enough genes
Cannot perform polytomy test with effective N (after polytomies) 1.0:
	(P_011719,P_011607):0.2876820724517809;
0.00101010101010101 0.038461538461538464 1.0904148674640477 1.1298865069356872 0.3622194039358627
Not enough genes
Cannot perform polytomy test with effective N (after polytomies) 1.1298865069356872:
	(P_014073,P_011709):0.0;
27.96372220863416 18.536020922180036 13.887543467543532 60.387286598357726 0.07766028829541338
48.386290788830635 15.031713234719637 17.67375098574324 81.09175500929351 2.994509208640894E-6
28.541300131869335 22.914781411099955 20.04698818498353 71.50306972795282 0.45683641521866125
23.98512123261036 22.195300020323696 21.977523018473907 68.15794427140796 0.9479863481565276
52.795582144025005 59.363324414782404 29.113829923750327 141.27273648255775 0.0046258303639342075
82.98713371728428 30.368633316053284 35.07398725568848 148.42975428902605 3.6192152853294995E-8
76.73891298024444 61.26368858814744 19.25782539968 157.26042696807187 4.683546548392824E-8
47.38177557389907 29.1553594795739 38.10544392538094 114.6425789788539 0.11377606711690359
43.82145305045259 43.13821947034922 25.900998802905605 112.86067132370741 0.06449750335173964
146.19839254364703 13.132926453197339 13.40446976381395 172.73578876065832 3.7407815348532647E-45
68.27682851323527 17.38079775297442 56.656235742786144 142.31386200899584 3.074233153792891E-7
140.5176009347331 20.670465839146622 25.72562910433 186.91369587820975 9.441925065894013E-33
60.7846971557264 49.741902305777 39.43112228899197 149.95772175049535 0.10213989339441637
46.88831835783929 30.08228032932379 33.90423408543692 110.8748327726 0.12247719850243956
67.73599690490714 19.702290591057423 21.132135372248925 108.57042286821348 1.0897664259547775E-9
70.0670281535048 18.87720936414639 13.135918731438728 102.0801562490899 2.891086682530783E-13
40.536971963719786 28.033427077858466 25.201030640499233 93.7714296820775 0.11878286902608796
41.46948658007642 42.787186563479914 37.26164728747424 121.51832043103056 0.8141402646000877
153.46307701199902 11.552965293878984 15.5932394020321 180.6092817079101 8.209152471124426E-48
11.06516999341667 8.004511947088297 4.019174971995651 23.088856912500617 0.1975189838388961
44.14588544153863 44.11771157882036 22.77207359488349 111.03567061524248 0.016425244720765564
61.45749386805976 28.882340159303666 42.11836292926858 132.458196956632 0.0022912601185482166
64.00560081600199 29.248155394373914 42.337044150173824 135.59080036054974 0.0010938693762401557
56.42270280870049 35.99774435818037 38.28032902086784 130.70077618774872 0.05641497752591731
12.233394539973968 5.169058237441081 7.048536243155218 24.45098902057027 0.19350146858231554
13.720951179137103 9.050756458678915 3.3140806884040264 26.085788326220044 0.04394793027647073
58.2009477206479 37.4713219802864 35.02422759871432 130.69649729964863 0.02418913083650023
14.20093487986737 9.813498853590794 4.044869059717429 28.05930279317559 0.06241258510796317
0.8391661047934946 2.2224048911385297 0.002089516806488164 3.0636605127385126 0.29194730334990127
Not enough genes
Cannot perform polytomy test with effective N (after polytomies) 3.0636605127385126:
	((P_014073,P_011709):0.0,(((P_011713,P_011705):0.20247647507629501,(P_006413,((KAYP,(ABSS,BCGB):0.48471250985599335):0.09484341051811829,(WIGA,(Dhai,(Apet,Msal):0.02043218221774087):0.058297452891952546):0.40502257667370906):0.2579098792370156):0.12170339739411629):0.08045506523436582,((P_016813,((GAP_80389,GAP_80390):1.436525638352329,((P_008646,P_011679):0.24159018462391887,(P_008640,P_006412):0.9719778446933542):0.10980438089704565):0.1377357958871779):0.5573827774372829,(P_011701,((P_011673,(P_011537,(P_011677,P_011739):0.7331364900439908):0.15268642336612054):0.007743605175607369,(P_011759,((P_011675,P_011735):1.4589799462847712,(P_011715,(P_011681,(P_011745,P_011611):0.20951448648400978):0.09546661613705827):0.21164730519783076):0.22676345144815607):0.15387849201200623):0.24974063820620765):0.30091690172937424):0.17781004979308854):0.26531035537988407):0.0;
8.73505757000492 5.965301555514268 1.2580342213558289 15.958393346875015 0.06813741384467473
136.56804144032026 9.55447770778691 17.99460351860688 164.11712266671404 9.075246466650252E-41
78.95337694020196 30.732731029695938 24.68988377680324 134.37599174670115 2.6621617905346008E-9
65.08512269576322 49.44699464334855 35.36088292865932 149.8930002677711 0.011976329657102044
102.00199909884226 15.415136630959477 19.344463473392786 136.76159920319452 1.6723118451895668E-23
62.23714299440618 17.193378398570996 23.92422563199376 103.35474702497093 3.614374656219735E-8
71.28361667129985 19.904465353174878 27.333329738729613 118.52141176320436 3.3372082456371473E-9
108.75886874454743 12.438273619736655 9.998949110431742 131.19609147471581 3.097288393830903E-32
86.79088144109843 52.30690386999525 22.743853538523805 161.84163884961748 5.3464650885774296E-9
83.23743127096573 61.97838245854748 63.035820323148386 208.2516340526616 0.1264864831145613
102.16513477630559 60.70854250374668 40.02506229047212 202.8987395705244 3.717551583443206E-7
110.60928975375049 66.04594261558175 23.705231182482112 200.36046355181435 5.244665081709173E-13
103.70195537204054 45.55631995996509 27.278933843298272 176.5372091753039 1.763756970472392E-12
92.51018297274915 40.2989949457227 30.81810561712954 163.62728353560138 1.630426028545626E-9
55.00494528157879 50.4529381057961 47.5478036911012 153.0056870784761 0.7580436337427687
106.13884843869681 98.14919102437078 45.23518139283644 249.52322085590404 1.9048901828374305E-6
186.10691762465362 50.99216440356967 12.156750868790766 249.25583289701405 2.6362549690868866E-44
159.37557648357475 20.83755985330461 28.575900425464443 208.7890367623438 1.5246675552332936E-38
58.97520762139311 46.66874747209019 58.68723208088564 164.33118717436895 0.40634739077460613
48.289438886868744 14.840106987666227 3.404073824929413 66.53361969946438 2.2187711677944373E-11
29.002189944774884 10.961465133159107 9.173741495277067 49.13739657321106 6.457954951120059E-4
10.482091700075948 5.069591742121203 7.533523195545211 23.08520663774236 0.38508373551505415
28.867125849210254 9.477308159327015 4.531859126738565 42.87629313527584 9.393579410994645E-6
160.09239414950815 3.7679287923573006 5.280806870051338 169.1411298119168 7.160540361754584E-63
194.79950153064914 13.049604983387844 7.062371738294552 214.91147825233153 9.445269909161695E-70
57.779229492345834 52.22127196776022 47.19555007006447 157.1960515301705 0.5857377219022328
60.1234443262543 55.42351592211746 48.14474040663662 163.6917006550084 0.5129411475765677
44.378488776633084 30.305247962516294 30.57312937197885 105.25686611112823 0.15778680471918738
51.93150501633178 29.670102363137296 20.563070593566348 102.16467797303542 4.775207489495485E-4
24.74082946471997 21.121134971705242 18.73527959992556 64.59724403635077 0.6540053069182059
31.45508580610106 21.311211937528324 18.087525479567198 70.85382322319657 0.12739619662392698
10.78318861555619 9.519388542449654 4.961584042405666 25.26416120041151 0.32841684584656783
29.252766609005583 0.8195698222202764 2.3587360597128715 32.43107249093873 5.3476924518568684E-11
27.193973455223723 12.172916761227501 22.949584575839808 62.31647479229103 0.055757405099731185
114.37730095413205 39.178049765825065 76.7457725001985 230.3011232201556 1.0048179441349167E-8
88.95573266560959 52.09270509983928 56.13728390152397 197.18572166697282 0.0019927710263362808
92.15792660462638 76.30826328406629 58.62066029542864 227.08685018412132 0.02427213881224335
100.721896612752 93.80524226519047 52.04447429664682 246.57161317458932 2.1641651687059925E-4
55.26880333212645 52.48805011670832 46.029495708846596 153.78634915768137 0.6451296863253118
133.09832281069913 14.971921371262383 11.50374121093282 159.57398539289434 7.51046304218653E-40
159.72402195651102 4.435071806260193 6.311159086290598 170.4702528490618 1.9866110052730237E-61
67.4517087105416 19.02009677228077 30.002655829111788 116.47446131193415 6.13070447936471E-8
262.52279418284274 5.465483425032354 11.001697230104492 278.98997483797956 2.0205088544033514E-101
288.7651065195153 1.144372679846571 1.086362464100807 290.9958416634627 3.2492703502924523E-124
165.96961462185632 12.045484626799185 2.998177760490128 181.01327700914564 4.1503432744325005E-61
138.59340163766942 30.636628481032393 38.70358715258121 207.93361727128303 2.1920457069145796E-23
119.61543533097282 47.52464959618037 66.58230168382298 233.72238661097614 1.663387547099917E-8
212.02588603305966 7.689831315646615 11.525903203687085 231.24162055239336 1.0662296584165832E-77
198.24122317192993 16.544857372075167 21.330140022196446 236.11622056620155 6.83016352073355E-60
199.87198459168434 8.190118269607648 7.128261118015889 215.19036397930788 2.7216285492685953E-75
56.85131375383778 37.243065947639714 43.379200158048526 137.473579859526 0.11130820718490851
144.0438349602365 17.43410323926291 27.455143251471632 188.93308145097106 6.885220452861078E-35
102.85477628345272 45.285548833077314 64.69695265774067 212.83727777427072 5.607047395671643E-6
156.474347486349 29.38753331572688 28.875717723118424 214.73759852519427 1.5970954479189478E-33
160.95285933940718 19.068519545967074 14.860782415359534 194.88216130073377 5.859276728162282E-47
79.65135396675575 38.82113735462696 29.427200846246684 147.89969216762938 5.239392462387612E-7
48.45997440374756 40.155949058943705 43.887346016571406 132.50326947926266 0.6759424893727483
207.4744612619799 3.63757038678441 7.964681171682364 219.0767128204467 2.209609354817003E-81
120.69849799766868 21.69978859475024 9.779181480285937 152.17746807270484 1.8051204007253244E-32
40.74541673083302 39.410421578516434 33.61056651754584 113.7664048268953 0.6842698331451038
203.8787152386633 9.272510337833285 11.113297074878455 224.26452265137505 2.2274086975632003E-73
94.20962819920972 32.443596829345324 34.54296870953162 161.19619373808666 1.1455164534620607E-10
55.641224238930555 51.619992931697695 54.67870427405596 161.93992144468422 0.9215726305644403
79.33311956223443 47.415768462397914 34.6826028147561 161.43149083938846 5.368351624954408E-5
92.06256976792056 23.004509689756024 20.599989026293834 135.6670684839704 1.52567294881937E-16
40.14117994510558 35.86355470644276 40.46639004531166 116.47112469686002 0.8437019404379222
74.00037635718903 20.040992928435706 19.924498152710466 113.96586743833521 7.595933075390958E-12
142.06895269482578 15.20114126882979 3.048206467303184 160.31830043095874 6.628734581962467E-49
39.580698164147606 34.00551194754273 34.18789066408482 107.77410077577515 0.7563279811682768
114.05493852961924 16.433338042820665 20.236509628246562 150.72478620068645 3.703977812245907E-27
38.79663075912495 32.11871666071699 32.9665693187185 103.88191673856043 0.6827013045529817
209.8185683148693 8.12624425188643 4.99914356573396 222.9439561324897 3.2221783350332145E-81
44.30519548208506 31.13583343839178 29.887470948035986 105.32849986851282 0.1624373448017098
35.89407977332138 29.47206550375161 30.387734185670414 95.7538794627434 0.6851924836297264
184.19988594374863 7.265565613983304 4.806857354752954 196.2723089124849 5.666932109770596E-71
172.19307221150933 10.220122803555856 12.175169118609745 194.58836413367493 1.3956607821072632E-58
89.35231871627126 23.248017584303955 16.53884045680825 129.13917675738347 4.587415811516443E-17
36.49067563092001 31.819735763540304 23.353150149568293 91.66356154402861 0.23422379689260436
37.280130557691876 35.18589808656829 24.839438748267018 97.30546739252718 0.25464435652523626
32.46586571125701 29.133481629746335 35.35087826004122 96.95022560104456 0.7411469938898333
36.461956023715494 30.56210724834404 30.95285428829478 97.97691756035431 0.716556338060309
33.11892211743905 25.983493089904147 33.59299622314091 92.69541143048411 0.5553357088624329
35.48949633424911 31.827078365987298 24.227078652925663 91.54365335316206 0.33907460419691265
35.570071200573004 35.570395368888164 28.695138670040144 99.83560523950132 0.6228512308970651
36.00183885546483 32.01278365967251 33.59068185721552 101.60530437235286 0.8876595337978849
108.75815590651214 18.15726355274843 8.419497032166628 135.3349164914272 3.335036972911148E-30
91.81362791101257 12.056011786950418 16.398190955547964 120.26783065351096 1.6275847303040134E-22
135.77689196889844 7.390285399483106 6.814651033040635 149.98182840142218 1.1369376629817465E-48
139.68984188740595 5.036830959882892 5.186039690661715 149.91271253795057 3.4017123911843013E-53
245.97975723982594 6.062618309536669 8.5050288204365 260.5474043697991 1.0526597425910111E-95
205.00051936864375 30.577683332847396 23.06439520101642 258.64259790250753 4.1688991666503136E-54
155.78827897088033 52.161439115273744 43.05514792713297 251.00486601328703 4.402958441514925E-21
235.05558548292694 2.092842389105043 3.726516417875625 240.8749442899076 6.765462913125157E-98
184.0158355310375 32.06388405995486 32.55032842918138 248.63004802017375 6.27051335971616E-41
246.26382457647466 4.022013491916697 1.7786360001364434 252.0644740685278 8.921078479637428E-103
56.88990749264834 57.549784452029826 48.177331247582856 162.61702319226103 0.6036092976187811
98.14809920402091 16.980292301920972 13.012254396211924 128.1406459021538 3.359469053276424E-24
70.27172743874912 47.20113286777332 44.02589789232202 161.49875819884448 0.022109984965837725
66.99115828206314 43.70356714461874 39.88468291206424 150.57940833874613 0.013719246586888011
51.07080973569524 47.35256832136241 40.394727865033786 138.81810592209143 0.530094715281908
268.0034748006717 5.8647892313749415 2.968227913862185 276.8364919459088 9.875539398852714E-110
117.16572017796243 34.185250326712605 40.74652213106861 192.09749263574366 3.683350618607725E-15
202.1428269479346 15.137119401950756 27.845238902048905 245.12518525193423 9.228248790435588E-59
84.48929349431786 54.58375705290985 64.7675691327244 203.8406196799521 0.033301200654169846
78.66931624347578 44.91283645316444 72.88321087806914 196.46536357470933 0.006899901721971024
115.85299182082315 39.983898302907065 39.936946164640304 195.7738362883705 1.671157963854277E-13
141.34945857631917 24.42481359423714 19.102989117706052 184.87726128826236 2.2717905570393327E-34
226.014666301779 15.035568662821177 14.862862037960886 255.91309700256107 2.5073384011106E-76
190.9007497680382 19.441672317629244 17.609632725951023 227.95205481161847 2.4301612463146298E-57
90.2235550348295 59.93103117860366 54.06938813637257 204.22397434980573 0.00396208289011912
176.95657715160397 20.390117749034985 21.56709489328592 218.91378979392488 5.399296922593104E-49
95.81451609522446 51.45615665121669 55.745898644190135 203.0165713906313 1.4403057930914432E-4
106.37016510762281 47.775733355431235 52.4797557235623 206.62565418661634 2.0727679512681355E-7
200.61194235274093 11.396575203614692 11.741097566731321 223.74961512308695 4.308223483882102E-70
223.1087789923491 10.377707658942565 12.022449966933399 245.50893661822508 3.638484734451866E-80
111.90946933846044 34.988954866269765 89.10692927073157 236.00535347546176 2.414771411469185E-9
237.5012790710418 8.220776269301178 13.077459926945076 258.7995152672881 4.087844781662804E-87
118.91551905086688 77.03618158492037 57.096516935687426 253.04821757147465 7.487965298108078E-6
144.55308726965876 65.52128590360932 42.579484400830275 252.65385757409837 1.7464172957637167E-15
225.89904851641637 10.869829105783001 14.587801907119589 251.35667952931897 2.938364543910909E-79
102.75467767346447 62.407731013188126 64.02762196753389 229.1900306541865 0.001081921680488954
182.9510529836969 30.374410679832284 25.486213151017832 238.81167681454704 1.8394989055571425E-44
85.7319562103883 65.397626701691 54.615939757159246 205.74552266923854 0.02624540334307472
192.59178598355894 9.726255437244795 14.072747619858891 216.3907890406626 2.7789970351623507E-66
62.39609147988585 57.22074351166782 55.78669207993151 175.4035270714852 0.8132332876663886
151.8779065425649 16.171760288528993 12.734061794751929 180.7837286258458 4.073777723761372E-46
155.90050284897387 9.716629996292856 9.930355810427816 175.54748865569454 1.620690637644886E-53
114.37836878621967 19.249353703780997 18.790287502757902 152.41800999275858 1.2290152591211388E-26
110.4995201255782 15.923107983080786 13.33024343219414 139.75287154085314 2.6339588428474524E-29
57.00203598628831 27.236775782380267 40.97454945491054 125.21336122357911 0.004906306170694588
117.85604327387722 16.08937760836841 22.509605439353813 156.45502632159943 8.939978693832107E-28
180.3641300919815 5.585594563685457 6.1761014838568045 192.12582613952375 1.5161760564919675E-69
102.6181755416025 18.692331343639125 67.20469878070881 188.51520566595042 5.384906870223631E-13
92.384160787881 20.713425632191818 49.06495482283579 162.16254124290862 3.4072300884089793E-11
129.73422066546902 9.93648880925987 7.523193209724462 147.19390268445335 6.106983411152075E-44
89.79888045972764 17.281281588493837 17.332712617739112 124.4128746659606 4.527269461331756E-19
129.03076013350045 11.962175507197669 2.542816354818129 143.53575199551625 8.469623578267334E-46
118.55801686429376 22.128217890646482 22.739306504062906 163.42554125900315 2.7848246086456304E-25
79.84349870495748 8.80661279681448 32.94525507993041 121.59536658170236 1.0470647556439729E-14
Extended species tree:
(P0109B,((P_018831,OSHQ)0:1.426661172496354,((WZFE,P_016909)0:1.676515724303713,(P0203H,((((SJEV,(P_019193,(Wsal,P_019187)0:0.3898373371032339)0:0.3198771778755437)0:1.8955532247323783,(P_016921,(GAP_81227,(WKSU,(Pcol,(GAP_81226,P_006410)0:0.8030593963446985)0:0.44546171580690463)0:0.27038864661830364)0:0.48478692014301017)0:1.913445395758597)0:1.360202525553578,((P_025527,(P_025523,P_025525)NA:0.38133922907607826)NA:0.6721947389503771,(((Asie,QDVW)0:3.4711555348385414,(P_019189,(PAWA,P_019197)0:0.5620977239685245)0.01751:0.09959478168624923)0.00039:0.21011161505869716,(((CSSK,P_019185)0.15918:0.08790313548075986,(P2589,OPDF)0:0.8484747156320059)0:0.9108587863881257,((P_019191,P_019199)0.01578:0.33557051588220976,(GAP_80417,(P2590,GAP_79804)0:1.9896481775351804)0:0.5241448903635693)0:0.5563601755203139)0:1.3366271694515606)0.0015:0.3509322343682457)0.0001:0.47626711736297506)0.08027:0.13521023281023287,(((WPHN,P_011613)0.16234:0.21855307394376003,(((P_011609,(Sdec,P2619)0.00104:0.4087479786528513)0:1.0808167563421442,(MAQO,(WAIL,(P_011527,((GAP_80298,P_014077)0.30652:0.0660641971029055,(GAP_80297,P_014083)0:1.7112465654350748)0.50428:0.029996409804448322)0.06687:0.13096310280161663)0:0.538450258019726)0:1.5583966358205754)0:0.5290622549927655,((((P_011587,GAP_79862)0:1.0231713961749755,(P_014081,(P_008647,P0104A)0:2.4519429779498036)0:1.5281620119310275)0:1.1367219931785624,((KRJP,(P_011549,GAP_80395)0:1.049953326675219)0:1.136685050469217,((P_011657,(P_011643,(P_011509,P_011651)0:0.5508118289795023)0.30679:0.07000390778163348)0:0.8728689528119759,((GAP_80394,GAP_80393)0:0.6586949154261502,(P_011631,((P_011551,((P_011637,P_007844)0.00137:0.23479996402184994,(P_007843,(P_006414,P_007783)0.00057:0.1417535004958407)0:0.4981152018017437)0.53878:0.0717143400365657)0.47585:0.03008905514720551,(P_011647,(P_011465,(P_011501,(P_011489,(P_011487,P_011523)0.28946:0.05749615220283268)0.7039:0.03341612649467825)0:0.5430914369611238)0:1.3183919473678607)0.00074:0.23465963757547578)0.0165:0.14673356038360905)0:0.4356398800606945)0.18432:0.05758396132604766)0:1.9439610590953293)0:1.3238745721639262)0.18316:0.06788892777219574,(((P_011531,P_011589)NA:0.0,(P_011699,(Schi,P_006411)0:0.712312798853679)0:0.3871436478009585)0:1.9312302412398927,(VYLQ,((P_018635,P_008631)0.00102:0.5945233663555759,((P_011579,(P_008632,P_011671)0.67712:0.057535364694227195)0:1.6061470262898108,((P_011719,P_011607)NA:0.2876820724517809,((P_014073,P_011709)NA:0.0,(((P_011713,P_011705)0.07766:0.20247647507629501,(P_006413,((KAYP,(ABSS,BCGB)0:0.48471250985599335)0.45684:0.09484341051811829,(WIGA,(Dhai,(Apet,Msal)0.94799:0.02043218221774087)0.00463:0.058297452891952546)0:0.40502257667370906)0:0.2579098792370156)0.11378:0.12170339739411629)0.0645:0.08045506523436582,((P_016813,((GAP_80389,GAP_80390)0:1.436525638352329,((P_008646,P_011679)0:0.24159018462391887,(P_008640,P_006412)0:0.9719778446933542)0.10214:0.10980438089704565)0.12248:0.1377357958871779)0:0.5573827774372829,(P_011701,((P_011673,(P_011537,(P_011677,P_011739)0:0.7331364900439908)0.11878:0.15268642336612054)0.81414:0.007743605175607369,(P_011759,((P_011675,P_011735)0:1.4589799462847712,(P_011715,(P_011681,(P_011745,P_011611)0.19752:0.20951448648400978)0.01643:0.09546661613705827)0.00229:0.21164730519783076)0.00109:0.22676345144815607)0.05641:0.15387849201200623)0.1935:0.24974063820620765)0.04395:0.30091690172937424)0.02419:0.17781004979308854)0.06241:0.26531035537988407)NA:0.0)0.06814:0.3183218468424278)0:1.3495651939508302)0:0.469720873225468)0.01198:0.15899505455468743)0:0.9432407736431361)0:0.5018652144720068)0:0.501887580823458)0:1.3244957801469834,((P_007845,(((P_018779,P_018639)0:0.35591210164197223,(P_018695,(P_018783,P_018645)0.12649:0.10167778923504645)0:0.289800708751119)0:0.39151013734576745,(P_018691,(((P_018693,(P_016793,(P_006422,P_016795)0:0.47187879663660925)0:0.4199277284225935)0.75804:0.03639707970014585,(P_016797,(OBPL,(P_016799,GAP_80397)0:0.14560750980362894)0:0.9558114364149665)0:1.0203791223838254)0.40635:0.03569378377075334,((P_014095,S08)0:0.8499517158127745,((S04,(S38,(P_016789,S27)0.00065:0.4583618495522388)0.38508:0.16583390540659548)0.00001:0.6672478795832134,((P_016787,S02)0:2.423716338045796,(P_016791,(P_014099,S03)0:1.9195628960800788)0.58574:0.04904024479165558)0.51294:0.048770108333931944)0.15779:0.13522351724781273)0.00048:0.2944741870957339)0.65401:0.0680047388825772)0.1274:0.17037018175334456)0.32842:0.12312851509993124)0:1.6741148005201403,(((P2622,P2623)0.05576:0.1557644755594584,(P0110C,(P0110B,(P0207A,((P0207B,XQWC)0:0.27673268623361724,(P0207C,(P0206G,P0206H)0.00199:0.19028382100435914)0.02427:0.1121292417909192)0.00022:0.11682505068552093)0.64513:0.03624669684932916)0:1.3599890806083557)0:2.275412276649239)0:0.44827789736404566,((GAP_80322,DHPO)0:2.3689649612232917,((P_012941,P_012795)0:4.098564743096938,((P_012861,((P_012855,(P_012827,P_007802)0:2.023300622147536)0:0.683207780061618,((P_012813,P_018637)0:0.30707666683985035,(P_012921,P_012919)0:2.0358519517107827)0:1.4027339914937993)0:2.17840218378901)0.11131:0.12311234649503401,(((P_012797,(P_012841,((P_012877,P_012913)0:1.014975890753943,(P_012811,(P_012891,P_012895)0.00001:0.2503776887842738)0:0.8866083382040286)0:1.3187220777759263)0:0.36010861652288095)0.67594:0.045500379270344705,(((P_012925,P_012883)0:2.454635578992973,((P_012857,(P_012815,P_012903)0:1.145539257859975)0.68427:0.03308501615834714,(P_012875,((P_012851,P_012887)0:1.9490827627853717,(P_012901,(P_012831,P_012905)0:0.46403144677214997)0.92157:0.012299936704633248)0.00005:0.26476610781457777)0:0.7142479810323272)0.8437:0.012646183841552146)0:0.626440139971394,(P_018689,((P_006420,GAP_80294)0:1.720437150129487,(P_012885,(P_012897,(P_012859,(((GAP_80291,P_012907)0.75633:0.046902633539916236,(P_012881,P_012873)0:0.9877431765662579)0.6827:0.056423887070644385,((P_012889,(P_012793,(GAP_80292,P_006419)0:2.3579569838352654)0.16244:0.13355805757201286)0.68519:0.05813246767440391,(P_006418,((GAP_80293,P_012893)0:2.3086150504619525,(P_012863,(P_012911,(P_012821,P_012917)0:1.7180123574411352)0:0.7547794374284968)0.23422:0.09507602441759737)0.25464:0.07132540107007901)0.74115:0.0)0.71656:0.05401564620467429)0.55534:0.030677256411749173)0.33907:0.07821441333736127)0.62285:0.029562324310774334)0.88766:0.026667911847043417)0:1.1926759613631643)0:1.00969986019307)0:1.8900742393276682)0:2.193282780324147,((P_012867,((P_012847,P_012923)0:2.4159555788104887,(P_012817,P_012899)0:1.1530366987376486)0:0.5573815235065134)0:3.1631902744861087,((P_012843,((P_012937,(P_012939,P_006421)0:0.9307225795558539)0:3.211161065210979,((P_012803,P_012853)0.60361:0.0217881080994531,(P_012837,P_012829)0:1.0216902341580827)0.02211:0.16095198891190426)0.01372:0.17784915822699643)0.53009:0.04908426395296749,(((P_012801,(P_012809,P_012879)0:2.9358218546424397)0:0.5278948901792083,(P_012839,(P_012805,(P_012825,(P_012799,YZRI)0:1.3165865756441353)0.0333:0.12635192009638532)0.0069:0.10268995179545275)0:0.48311847390539064)0:1.0235076881156966,(P_012909,(((P_012865,(P_012931,(P_012935,P_012933)0:1.712567379413018)0:1.389112124048228)0.00396:0.17370105785347612,((P_012849,P_012871)0:1.2275659314040415,(P_012845,P_012807)0.00014:0.2287357531754536)0:0.3126246929858059)0:1.8257480472898455,((GAP_81172,P_012833)0:1.949190380257216,((P_012927,(GAP_80295,PSJT)0:0.2335371049278017)0:2.0499375493355663,((P_012869,(P_012823,(P_012835,P_012819)0.00001:0.22580172619098673)0:0.4382335106949968)0:1.8498337498353974,(P_012915,P_012791)0.00108:0.18583087935134782)0:1.0337857497612737)0.02625:0.13012091098317782)0:1.7654280439105754)0.81323:0.031045359245760518)0:1.3992993881758842)0:1.7405554466382822)0:0.9631236082658056)0:1.131933591487108)0.00491:0.19534420106741882)0:0.9748713248991141)0:2.3114286291097343)0:0.37428029827336784)0:0.4297281881158191)0:1.6774674579081614)0:0.853407527311321)0:1.8268997598051206)0:0.8712353857806231)0:0.6480112342568125));
Weight calculation took 327.296407774 secs
ASTRAL finished in 412.897 secs
