
================== ASTRAL ===================== 

This is ASTRAL version 5.7.7
Gene trees are treated as unrooted
339 trees read from all_bs10.trees
index224
All output trees will be *arbitrarily* rooted at P0109B

======== Running the main analysis
Number of taxa: 239 (239 species)
Taxa: [KRJP, WAIL, MAQO, Asie, QDVW, PAWA, P2589, P_019185, OPDF, CSSK, P_018831, P_016909, SJEV, P_019187, P_006410, GAP_81226, P_016921, GAP_81227, P_012827, P_012813, P_012919, P_012921, P_012861, P_018689, GAP_80293, P_012893, GAP_80291, P_012859, GAP_80292, GAP_80294, P_012873, P_012889, P_012793, P_012911, P_012821, P_012917, P_012863, P_012885, P_012881, P_012897, P_012907, P_012891, P_012895, P_012811, P_012857, P_012815, P_012903, P_012925, P_012883, P_012887, P_012851, P_012901, P_012875, P_012831, P_012797, P_012841, P_012913, P_012877, P_012867, P_012899, P_012817, P_012923, P_012847, P_012803, P_012853, P_012937, P_006421, P_012939, P_012843, P_012837, P_012809, P_012801, P_012799, P_012825, P_012909, GAP_81172, P_012833, GAP_80295, P_012927, PSJT, P_012915, P_012791, P_012835, P_012819, P_012823, P_012869, P_012849, P_012871, P_012865, P_012931, P_012935, P_012933, P_012845, P_012807, P_012795, P_018695, P_018645, P_018783, GAP_80397, OBPL, P_016799, P_016797, P_016793, P_016795, P_006422, P_014099, S03, P_016789, P_016787, P_016791, P_018693, P_019189, P0110C, P0207C, P0207A, XQWC, P0207B, P0206H, P0206G, YZRI, GAP_80322, DHPO, P2590, GAP_79804, GAP_79862, P_011527, P_008646, P_006412, P_011715, P_011735, GAP_80389, GAP_80390, WKSU, WZFE, WPHN, BCGB, WIGA, ABSS, Apet, Dhai, VYLQ, P_006413, P_011675, P_011759, P_008640, P_016813, P_018635, P_011531, Schi, P_006411, GAP_80297, P_014083, GAP_80298, P_014077, P2619, P2622, P_012905, P_006419, P_006418, P_012879, P_012805, P_012839, P_012829, P_012855, P_007802, P_018637, P_012941, P_018639, OSHQ, P_019193, Wsal, Pcol, P_019191, P_019197, GAP_80395, P_011549, GAP_80393, GAP_80394, P_011651, P_011509, P_011643, P_006414, P_011631, P_007783, P_011637, P_011647, P_011489, P_011465, P_011501, P_011523, P_011487, P_011587, P_014081, P_008647, P0104A, P_008631, P_011671, P_011679, P_008632, KAYP, Msal, P_011537, P_011713, P_011705, P_018779, P0110B, S02, S08, S27, P_007844, P_011657, P_011739, P_011673, GAP_80417, P_018691, P_006420, P_007843, P_011611, P_011745, P_011677, P_011579, P0203H, P_011551, P_025525, P0109B, P_014095, P_011681, P2623, P_011609, P_025523, S38, P_011699, P_011607, P_019199, P_011613, P_007845, S04, P_011701, P_025527]
Taxon occupancy: {P_019193=93, P_019191=7, P_019197=177, OPDF=316, GAP_81172=240, P_018783=245, P_019199=1, Wsal=115, P_016921=261, WKSU=335, P_025523=4, P_025525=8, P_025527=1, P0203H=64, P_014077=48, QDVW=325, P_011487=260, P_011489=268, P_016813=235, P_006421=225, P_006422=251, P_006420=42, P_006418=207, P_006419=227, P_006414=243, P_014081=46, P_014083=78, P_018689=241, P0206H=182, P0206G=166, Msal=278, P0109B=41, P_006410=211, P_012901=231, P_006411=202, P_012903=250, P_006412=242, P_006413=250, P_012905=251, PAWA=316, P_012907=250, GAP_79862=202, ABSS=333, P_012909=234, P_018691=69, GAP_80291=266, P_018695=242, P_014095=13, GAP_80293=226, GAP_80292=217, P_018693=220, GAP_80295=217, GAP_80294=208, P_014099=195, GAP_80297=247, GAP_80298=244, P_012911=242, P_011701=2, P_012913=195, P_012915=243, P_011705=28, P_012917=192, P_012919=145, P_012881=238, P_011671=76, P_011551=31, MAQO=332, P_012883=243, P_011673=56, P_012885=234, GAP_80322=262, P_011675=152, P2590=166, P_012887=238, P_011677=82, P_012889=229, P_011679=78, P_008647=193, PSJT=322, P2589=153, P_012891=203, P_011681=54, P_012893=229, P_018637=201, P_012895=222, P_018635=126, P_012897=228, P0207C=191, P_012899=212, P0207B=206, P0207A=206, P_018639=111, P_008646=261, P_008640=256, BCGB=331, WZFE=330, P_018645=237, KRJP=329, KAYP=203, P_011699=10, P_011579=68, CSSK=318, P_008632=243, P_016909=258, P_007783=168, P_008631=48, P_019187=213, P_019185=224, P_019189=168, P_012791=225, P_012793=238, Asie=244, P_012795=240, P_011465=277, P_018779=44, P_012797=242, P_011587=56, P_012799=237, GAP_80417=44, WIGA=323, GAP_79804=123, P_007802=62, P_012841=234, P_011631=68, P_012843=251, Pcol=115, P_012845=234, P_012847=215, P_011637=215, P_011759=110, P_012849=211, Apet=138, OBPL=331, P0110C=155, P_018831=214, P0110B=86, YZRI=330, P_012851=233, P_012853=222, P_011643=254, P_011523=264, P_012855=181, P_012857=221, P_011647=133, P_011527=88, P_012859=191, WAIL=334, P_016789=229, P_012861=228, P_011651=119, P_016787=240, P_011531=83, P_012863=240, P_012865=210, Schi=125, P_012867=228, P_011657=118, P_011537=63, P_012869=217, P_016793=232, P_016791=241, P_016797=247, SJEV=326, P_016795=234, P_012871=206, P_012873=249, P_016799=248, P_012875=223, P_012877=231, P_012879=235, P_011549=158, P_007844=31, P_007845=1, S02=89, P_012921=109, S04=2, P_012801=231, S03=174, P_012923=196, P_011713=35, P_012803=224, P_012925=235, P_011715=85, S08=35, P_012805=220, P_007843=108, P_012927=216, P_012807=230, P_012809=242, VYLQ=330, DHPO=333, GAP_80390=236, P2622=87, P2623=20, XQWC=335, GAP_80394=250, GAP_80393=287, GAP_80395=270, GAP_80397=265, P_012931=211, P_012811=227, P_012933=187, WPHN=328, P_012813=203, P_012935=212, P_012815=228, P_012937=233, P_012817=221, P_011607=1, P_012939=218, P_012819=227, P_011609=29, P2619=50, OSHQ=326, GAP_80389=223, P_012941=236, P_012821=239, P_011611=23, P_012823=230, P_011613=1, P_011735=224, P_012825=196, S27=52, P_012827=131, P_011739=112, P_012829=165, Dhai=307, P0104A=129, P_012831=236, P_011501=279, GAP_81226=241, P_012833=221, GAP_81227=260, P_011745=104, P_012835=215, S38=6, P_012837=230, P_012839=209, P_011509=259}
Number of gene trees: 339
339 trees have missing taxa
Calculating quartet distance matrix (for completion of X)
Species tree distances calculated ...
Will attempt to complete bipartitions from X before adding using a distance matrix.
Building set of clusters (X) from gene trees 
------------------------------
gradient0: 20863
Number of Clusters after addition by distance: 20863
calculating extra bipartitions to be added at level 1 ...
Adding to X using resolutions of greedy consensus ...
Limit for sigma of degrees:6025
polytomy size limit : 10
discarded polytomies:  [3, 3, 3, 3, 3, 3, 3, 3, 3, 3, 3, 3, 4, 4, 4, 4, 4, 5, 5, 6, 8, 9, 10]
Threshold 0.0:
Threshold 0.01:
Threshold 0.02:
Threshold 0.05:
Threshold 0.1:
polytomy of size 3; rounds with additions with at least 5 support: 0; clusters: 20863
Threshold 0.2:
polytomy of size 3; rounds with additions with at least 5 support: 0; clusters: 20863
polytomy of size 6; rounds with additions with at least 5 support: 0; clusters: 20863
polytomy of size 3; rounds with additions with at least 5 support: 0; clusters: 20863
polytomy of size 3; rounds with additions with at least 5 support: 0; clusters: 20863
polytomy of size 4; rounds with additions with at least 5 support: 0; clusters: 20863
polytomy of size 8; rounds with additions with at least 5 support: 0; clusters: 20865
polytomy of size 3; rounds with additions with at least 5 support: 0; clusters: 20865
polytomy of size 3; rounds with additions with at least 5 support: 0; clusters: 20865
Threshold 0.3333333333333333:
polytomy of size 4; rounds with additions with at least 5 support: 0; clusters: 20865
polytomy of size 4; rounds with additions with at least 5 support: 0; clusters: 20865
polytomy of size 9; rounds with additions with at least 5 support: 0; clusters: 20865
polytomy of size 5; rounds with additions with at least 5 support: 0; clusters: 20865
polytomy of size 4; rounds with additions with at least 5 support: 0; clusters: 20865
polytomy of size 5; rounds with additions with at least 5 support: 0; clusters: 20865
polytomy of size 10; rounds with additions with at least 5 support: 0; clusters: 20867
polytomy of size 3; rounds with additions with at least 5 support: 0; clusters: 20867
polytomy of size 3; rounds with additions with at least 5 support: 0; clusters: 20867
polytomy of size 3; rounds with additions with at least 5 support: 0; clusters: 20867
polytomy of size 3; rounds with additions with at least 5 support: 0; clusters: 20867
polytomy of size 3; rounds with additions with at least 5 support: 0; clusters: 20867
polytomy of size 3; rounds with additions with at least 5 support: 0; clusters: 20867
polytomy of size 4; rounds with additions with at least 5 support: 0; clusters: 20867
max k is :0
Number of Clusters after addition by greedy: 20867
gradient0 in heuristiic: 20867
partitions formed in 14.069 secs
Dynamic Programming starting after 14.069 secs
Using tree-based weight calculation.
Using polytree-based weight calculation.
Polytree max score: 7982035250
Polytree building time: 0.183 seconds.
Number of quartet trees in the gene trees: 7982035250
Size of largest cluster: 239
Greedy score: 7282530452
estimationFactor: 1.0960524370767162
Sub-optimal score: 7455511195
Total Number of elements weighted: 69309
Normalized score (portion of input quartet trees satisfied before correcting for multiple individuals): 0.9473311669476779
Optimization score: 7561630768
Optimal tree inferred in 98.895 secs.
(P_012941,(P_012795,(((P_012861,((P_012855,(P_012827,P_007802)),((P_012919,P_012921),(P_012813,P_018637)))),(((P_012797,(P_012841,((P_012913,P_012877),(P_012811,(P_012891,P_012895))))),((((P_012925,P_012883),(P_012857,(P_012815,P_012903))),(P_012875,((P_012831,P_012905),(P_012901,(P_012887,P_012851))))),(P_018689,((P_012885,(GAP_80294,P_006420)),(P_012859,(((P_012873,P_012881),(GAP_80291,P_012907)),((P_012889,((P_012863,P_006418),(P_012793,(GAP_80292,P_006419)))),((P_012897,(GAP_80293,P_012893)),(P_012911,(P_012821,P_012917)))))))))),((P_012867,((P_012923,P_012847),(P_012899,P_012817))),(P_012843,(((P_012937,(P_006421,P_012939)),(P_012803,(P_012853,(P_012837,P_012829)))),(((P_012801,(P_012809,P_012879)),(P_012839,(P_012805,(P_012825,(P_012799,YZRI))))),(P_012909,(((P_012865,(P_012931,(P_012935,P_012933))),((P_012849,P_012871),(P_012845,P_012807))),((GAP_81172,P_012833),((P_012927,(GAP_80295,PSJT)),((P_012915,P_012791),(P_012869,(P_012835,(P_012819,P_012823)))))))))))))),((GAP_80322,DHPO),(((P2622,P2623),(P0110C,(P0110B,(XQWC,(P0207A,(P0207C,(P0207B,(P0206H,P0206G)))))))),(((P_018691,P_007845),(((P_018639,P_018779),(P_018695,(P_018645,P_018783))),((P_016797,(OBPL,(GAP_80397,P_016799))),((P_016793,(P_016795,P_006422)),(P_018693,((S08,(P_014095,S38)),((S27,(P_016789,S04)),(P_016791,((P_014099,S03),(P_016787,S02)))))))))),(((P0203H,((P_016909,WZFE),(P0109B,(P_018831,OSHQ)))),(((P_025527,(SJEV,(P_019193,(P_019187,Wsal)))),(P_016921,(GAP_81227,((WKSU,P_019199),(Pcol,(P_006410,GAP_81226)))))),(((P_019189,P_025525),((PAWA,P_019197),(Asie,QDVW))),(P_025523,((P_019191,(GAP_80417,(P2590,GAP_79804))),((P_019185,CSSK),(P2589,OPDF))))))),(P_011613,(WPHN,((P2619,P_011609),(((GAP_79862,P_011587),(P_014081,(P_008647,P0104A))),((MAQO,(WAIL,(P_011527,((GAP_80297,P_014083),(GAP_80298,P_014077))))),(((KRJP,(GAP_80395,P_011549)),((P_011643,(P_011657,(P_011651,P_011509))),((GAP_80393,GAP_80394),((P_011647,(P_011465,(P_011501,(P_011523,(P_011489,P_011487))))),(P_011631,((P_007843,(P_006414,P_007783)),(P_011551,(P_011637,P_007844)))))))),((P_011531,(P_011699,(Schi,P_006411))),(VYLQ,(P_018635,(P_008631,((P_008632,(P_011671,P_011579)),((P_011713,P_011705),(((WIGA,(Dhai,(Apet,Msal))),(KAYP,(BCGB,(ABSS,P_011607)))),(P_006413,((P_016813,((GAP_80389,GAP_80390),((P_006412,P_008640),(P_008646,P_011679)))),((P_011673,(P_011537,(P_011701,(P_011739,P_011677)))),(P_011759,((P_011735,P_011675),(P_011715,(P_011681,(P_011611,P_011745))))))))))))))))))))))))))));
Final quartet score is: 7561630768
Final normalized quartet score is: 0.9473311669476779
You may want to ignore posterior probabilities and other statistics related to the following branch branch because the effective number of genes impacting it is only 1:
	{SJEV, P_019187, P_019193, Wsal}
You may want to ignore posterior probabilities and other statistics related to the following branch branch because the effective number of genes impacting it is only 1:
	{SJEV, P_019187, P_019193, Wsal, P_025527}
You may want to ignore posterior probabilities and other statistics related to the following branch branch because the effective number of genes impacting it is only 1:
	{WKSU, P_019199}
You may want to ignore posterior probabilities and other statistics related to the following branch branch because the effective number of genes impacting it is only 7:
	{P_019189, P_025525}
You may want to ignore posterior probabilities and other statistics related to the following branch branch because the effective number of genes impacting it is only 4:
	{P2590, GAP_79804, GAP_80417}
You may want to ignore posterior probabilities and other statistics related to the following branch branch because the effective number of genes impacting it is only 5:
	{P2590, GAP_79804, P_019191, GAP_80417}
You may want to ignore posterior probabilities and other statistics related to the following branch branch because the effective number of genes impacting it is only 3:
	{P2589, P_019185, OPDF, CSSK, P2590, GAP_79804, P_019191, GAP_80417}
You may want to ignore posterior probabilities and other statistics related to the following branch branch because the effective number of genes impacting it is only 4:
	{P2589, P_019185, OPDF, CSSK, P2590, GAP_79804, P_019191, GAP_80417, P_025523}
You may want to ignore posterior probabilities and other statistics related to the following branch branch because the effective number of genes impacting it is only 11:
	{P2619, P_011609}
You may want to ignore posterior probabilities and other statistics related to the following branch branch because the effective number of genes impacting it is only 6:
	{P_011637, P_007844}
You may want to ignore posterior probabilities and other statistics related to the following branch branch because the effective number of genes impacting it is only 4:
	{Schi, P_006411}
You may want to ignore posterior probabilities and other statistics related to the following branch branch because the effective number of genes impacting it is only 5:
	{Schi, P_006411, P_011699}
You may want to ignore posterior probabilities and other statistics related to the following branch branch because the effective number of genes impacting it is only 11:
	{P_011713, P_011705}
You may want to ignore posterior probabilities and other statistics related to the following branch branch because the effective number of genes impacting it is only 1:
	{ABSS, P_011607}
You may want to ignore posterior probabilities and other statistics related to the following branch branch because the effective number of genes impacting it is only 0:
	{P_011739, P_011677}
You may want to ignore posterior probabilities and other statistics related to the following branch branch because the effective number of genes impacting it is only 2:
	{P_011739, P_011677, P_011701}
You may want to ignore posterior probabilities and other statistics related to the following branch branch because the effective number of genes impacting it is only 8:
	{P_011611, P_011745}
You may want to ignore posterior probabilities and other statistics related to the following branch branch because the effective number of genes impacting it is only 1:
	{KRJP, WAIL, MAQO, GAP_79862, P_011527, P_008646, P_006412, P_011715, P_011735, GAP_80389, GAP_80390, WPHN, BCGB, WIGA, ABSS, Apet, Dhai, VYLQ, P_006413, P_011675, P_011759, P_008640, P_016813, P_018635, P_011531, Schi, P_006411, GAP_80297, P_014083, GAP_80298, P_014077, P2619, GAP_80395, P_011549, GAP_80393, GAP_80394, P_011651, P_011509, P_011643, P_006414, P_011631, P_007783, P_011637, P_011647, P_011489, P_011465, P_011501, P_011523, P_011487, P_011587, P_014081, P_008647, P0104A, P_008631, P_011671, P_011679, P_008632, KAYP, Msal, P_011537, P_011713, P_011705, P_007844, P_011657, P_011739, P_011673, P_007843, P_011611, P_011745, P_011677, P_011579, P_011551, P_011681, P_011609, P_011699, P_011607, P_011701}
You may want to ignore posterior probabilities and other statistics related to the following branch branch because the effective number of genes impacting it is only 1:
	{KRJP, WAIL, MAQO, GAP_79862, P_011527, P_008646, P_006412, P_011715, P_011735, GAP_80389, GAP_80390, WPHN, BCGB, WIGA, ABSS, Apet, Dhai, VYLQ, P_006413, P_011675, P_011759, P_008640, P_016813, P_018635, P_011531, Schi, P_006411, GAP_80297, P_014083, GAP_80298, P_014077, P2619, GAP_80395, P_011549, GAP_80393, GAP_80394, P_011651, P_011509, P_011643, P_006414, P_011631, P_007783, P_011637, P_011647, P_011489, P_011465, P_011501, P_011523, P_011487, P_011587, P_014081, P_008647, P0104A, P_008631, P_011671, P_011679, P_008632, KAYP, Msal, P_011537, P_011713, P_011705, P_007844, P_011657, P_011739, P_011673, P_007843, P_011611, P_011745, P_011677, P_011579, P_011551, P_011681, P_011609, P_011699, P_011607, P_011613, P_011701}
You may want to ignore posterior probabilities and other statistics related to the following branch branch because the effective number of genes impacting it is only 1:
	{P_018691, P_007845}
You may want to ignore posterior probabilities and other statistics related to the following branch branch because the effective number of genes impacting it is only 0:
	{P_014095, S38}
You may want to ignore posterior probabilities and other statistics related to the following branch branch because the effective number of genes impacting it is only 6:
	{S08, P_014095, S38}
You may want to ignore posterior probabilities and other statistics related to the following branch branch because the effective number of genes impacting it is only 2:
	{P_016789, S04}
You may want to ignore posterior probabilities and other statistics related to the following branch branch because the effective number of genes impacting it is only 18:
	{P2622, P2623}
Extended species tree:
(P0109B,((P_018831,OSHQ)78.99:1.062582825088892,((P_016909,WZFE)90.03:1.864330162062891,(P0203H,((((P_025527,(SJEV,(P_019193,(P_019187,Wsal)73.97:0.9026382502112141)71.91:0.8362480242006187)100:0.2876820724517809)100:0.2876820724517809,(P_016921,(GAP_81227,((WKSU,P_019199)100:0.2876820724517809,(Pcol,(P_006410,GAP_81226)81.91:1.2626746026839413)65.06:0.6293540610740455)43.68:0.1652671071812146)57.63:0.4472904588817639)93.81:2.3195600306132396)89.19:1.7940571139954407,(((P_019189,P_025525)51.07:0.18669933532666924,((PAWA,P_019197)67.69:0.7120917946590088,(Asie,QDVW)99.13:3.9334635917517513)37.4:0.059338277115322934)45.57:0.19776974407162046,(P_025523,((P_019191,(GAP_80417,(P2590,GAP_79804)100:3.1780538303479453)100:1.2039728043259361)50:0.1053605156578264,((P_019185,CSSK)32.55:0.0,(P2589,OPDF)82.1:1.2844232423358257)85.6:1.498499500046086)90.91:0.5753641449035618)70.84:0.34262823934879455)88.72:1.7533137483523489)47.89:0.24346458652597083,((P_011613,(WPHN,((P2619,P_011609)100:2.0794415416798353,(((GAP_79862,P_011587)93.55:2.0762000477556652,(P_014081,(P_008647,P0104A)100:3.149882953381249)97.44:2.590267165445826)83.86:1.3843171046262455,((MAQO,(WAIL,(P_011527,((GAP_80297,P_014083)93.41:2.1455707160467177,(GAP_80298,P_014077)44.15:0.15930987674004518)49.91:0.27418741252799556)47.38:0.2260734639367958)67.9:0.7229455041478245)85.41:1.5016860299470292,(((KRJP,(GAP_80395,P_011549)91.32:1.9707885887024523)63.18:0.5871134991075093,((P_011643,(P_011657,(P_011651,P_011509)78.75:1.0987351282636444)34.94:0.019380319665822016)82.73:1.330787965460349,((GAP_80393,GAP_80394)68.58:0.743053241812834,((P_011647,(P_011465,(P_011501,(P_011523,(P_011489,P_011487)41.29:0.12406976481819625)38.64:0.08040438486625628)67.34:0.7055522524835214)83.58:1.36296305290681)41.31:0.1218482511864093,(P_011631,((P_007843,(P_006414,P_007783)35.05:0.020159635541652038)65.24:0.6326497903018237,(P_011551,(P_011637,P_007844)60.07:0.2884199820519394)43.69:0.13733269518286725)37.58:0.05594205556025327)44.78:0.17578363072655137)79.1:1.1453307221171263)37.66:0.06480595893680854)94.93:2.5111918096897314)80.57:1.2191356376330325,((P_011531,(P_011699,(Schi,P_006411)75:0.5108256237659905)50:0.13353139262452274)95.95:2.546750289233466,(VYLQ,(P_018635,(P_008631,((P_008632,(P_011671,P_011579)50:0.25131442828090594)91.29:1.9441738694039377,((P_011713,P_011705)71.08:0.6390730230710371,(((WIGA,(Dhai,(Apet,Msal)36.58:0.04477181039259111)41.72:0.1315860152650631)55.55:0.4009981084783564,(KAYP,(BCGB,(ABSS,P_011607)100:0.2876820724517809)60.51:0.5152214759177243)42.61:0.14577061005276096)57.06:0.43516442765993474,(P_006413,((P_016813,((GAP_80389,GAP_80390)88.89:1.7504316825538393,((P_006412,P_008640)75.74:0.9964602586830907,(P_008646,P_011679)47.84:0.23178757356833277)45.34:0.19449474546395795)37:0.05340119592679639)57.06:0.432585718931028,((P_011673,(P_011537,(P_011701,(P_011739,P_011677)NaN:0.0)0:0.0)40.42:0.08619607493773368)39.99:0.09102283078720214,(P_011759,((P_011735,P_011675)86.34:1.5278691284416759,(P_011715,(P_011681,(P_011611,P_011745)37.43:0.0)32.77:0.0)57.48:0.4293765963834667)55.13:0.3804317797604016)39.43:0.08828554688478636)78.2:1.091988726153706)43.14:0.15517660072283057)51.85:0.3206959174647768)39.54:0.08381593776438913)66.2:0.6397360953176763)90.51:1.755591334459659)42.78:0.13112701497725332)60.56:0.5125419305310743)51.47:0.3125414960221222)74.72:0.9560447512256925)61.32:0.5395501749374944)50.72:0.298103744722396)45.88:0.1942763197663978)56.89:0.41613231717129073)100:0.2876820724517809)100:0.2876820724517809,(((P_018691,P_007845)100:0.2876820724517809,(((P_018639,P_018779)66.98:0.6141050302612888,(P_018695,(P_018645,P_018783)46.66:0.21872088495719796)59.74:0.49179279284106225)49.61:0.2722210777488203,((P_016797,(OBPL,(GAP_80397,P_016799)55.42:0.39707559317392566)59.54:0.4931851854310859)68.49:0.7406026536683046,((P_016793,(P_016795,P_006422)59.51:0.49077724950300305)62.66:0.5712261046352982,(P_018693,((S08,(P_014095,S38)NaN:0.0)95.18:1.2863427658648097,((S27,(P_016789,S04)50:0.0)93.82:2.116637826074968,(P_016791,((P_014099,S03)94.68:2.415360906503803,(P_016787,S02)99.99:4.028669675008749)35.34:0.02731171500162747)35.05:0.023298833984384603)38.63:0.0667999459067726)69.17:0.7183667891929559)41.82:0.1322522104785875)47.26:0.2307254290844523)36.42:0.045206959415653065)40.54:0.10373124375178132)98.71:3.2067252011539344,(((P2622,P2623)69.93:0.6807372303201671,(P0110C,(P0110B,(XQWC,(P0207A,(P0207C,(P0207B,(P0206H,P0206G)44.36:0.17515771594723925)43.84:0.1667268363437341)43.26:0.15660072756777518)53.7:0.3585914842458662)47.92:0.2361988868539732)88.37:1.6519059821747721)96.63:2.67163350004987)63.05:0.5708606718131836,((GAP_80322,DHPO)95.55:2.628084357998227,(((P_012861,((P_012855,(P_012827,P_007802)100:3.5263605246161593)85.08:1.448752385619748,((P_012919,P_012921)96.74:2.7408400239252018,(P_012813,P_018637)69.77:0.7731898882334817)93.71:2.261763098473791)97.08:2.951306559979742)45.7:0.20115574711740233,(((P_012797,(P_012841,((P_012913,P_012877)90.39:1.8832724582243572,(P_012811,(P_012891,P_012895)59.53:0.49109936786774344)92.98:2.1872989375362493)92.35:2.1061173011657766)53.85:0.3620286443216859)37.1:0.05565321816650238,((((P_012925,P_012883)98.78:3.6818737688538485,(P_012857,(P_012815,P_012903)85.13:1.4706468491257707)39.38:0.09130706204910631)37.82:0.06672994589669166,(P_012875,((P_012831,P_012905)61.06:0.5302437808246234,(P_012901,(P_012887,P_012851)97.92:3.252093257559493)36.17:0.04075607413522273)49.02:0.2634013201676833)73.1:0.8944166483565732)67.89:0.7220421786231366,(P_018689,((P_012885,(GAP_80294,P_006420)99.92:3.225831338330528)36.24:0.04080816280323155,(P_012859,(((P_012873,P_012881)81.84:1.2774058670801782,(GAP_80291,P_012907)40.42:0.10838918784598135)35.34:0.027739309934864963,((P_012889,((P_012863,P_006418)36.21:0.039824433786161066,(P_012793,(GAP_80292,P_006419)98.89:3.6959170942148125)50.61:0.293853141612818)36.29:0.041619342875413)37.84:0.06616942455362708,((P_012897,(GAP_80293,P_012893)94.35:2.3809424347715344)41.72:0.12941680238843148,(P_012911,(P_012821,P_012917)93.78:2.290909162496846)84.64:1.4401156269940598)34.61:0.016305197293488335)35.37:0.02827896477265755)37.78:0.06455392849299296)37.38:0.05843697623724969)91.47:2.006737902432537)86.4:1.5611104919165106)94.02:2.355038933053043)93.11:2.222478904937072,((P_012867,((P_012923,P_012847)99.43:4.066173685255402,(P_012899,P_012817)90.79:1.9259826918702563)77.35:1.0625611502761074)98.86:3.7363258132426242,(P_012843,(((P_012937,(P_006421,P_012939)89.44:1.79729964960367)100:4.932072971593157,(P_012803,(P_012853,(P_012837,P_012829)85:1.4499506494586567)36:0.03764410267987161)54.26:0.3707913805560576)43.55:0.16317748752043104,(((P_012801,(P_012809,P_012879)98.96:3.7574973948851147)73.39:0.9054861139371664,(P_012839,(P_012805,(P_012825,(P_012799,YZRI)82.2:1.2946292016034733)47.99:0.24283661197839604)41.68:0.1298144929865783)71.56:0.839486104032422)73.47:0.9108468243603398,(P_012909,(((P_012865,(P_012931,(P_012935,P_012933)95.68:2.608843551018761)94.76:2.44446848668442)52.88:0.34117043558722115,((P_012849,P_012871)91.67:2.0190121454677996,(P_012845,P_012807)60.38:0.5121733502259457)63.71:0.6001272112953521)96.58:2.8619025147623103,((GAP_81172,P_012833)98.11:3.3372833848883396,((P_012927,(GAP_80295,PSJT)43.56:0.16220906968445495)87.72:1.6583879057355235,((P_012915,P_012791)41.56:0.12807498804993517,(P_012869,(P_012835,(P_012819,P_012823)35.06:0.023496272380325627)75.44:0.9831000993761844)97.97:3.283743988162618)90.96:1.9569167132519854)38.1:0.07164949360014443)91.65:2.0336327835929633)34.66:0.017663062402527772)88.75:1.7462400925782975)86.41:1.5690047816264452)47.07:0.22698133484810584)80.19:1.1961516213303847)77.02:1.052180835138189)43.3:0.15904180518937197)85.89:1.5273735378048066,(P_012795,P_012941)99.27:4.029162927273166)98.94:3.836647989201345)60.88:0.5283263934661769)66.97:0.6960608917095112)94.51:2.4457094363124234)68.46:0.7416505730600313)97.29:2.7590463354407766)87.6:1.5772763766675106)70.73:0.7672551527136672));
Weight calculation took 82.063201204 secs
ASTRAL finished in 101.078 secs
