
================== ASTRAL ===================== 

This is ASTRAL version 5.7.7
Gene trees are treated as unrooted
339 trees read from all_bs10.trees
index224
All output trees will be *arbitrarily* rooted at P0109B

======== Running the main analysis
Number of taxa: 239 (239 species)
Taxa: [KRJP, WAIL, MAQO, Asie, QDVW, PAWA, P2589, P_019185, OPDF, CSSK, P_018831, P_016909, SJEV, P_019187, P_006410, GAP_81226, P_016921, GAP_81227, P_012827, P_012813, P_012919, P_012921, P_012861, P_018689, GAP_80293, P_012893, GAP_80291, P_012859, GAP_80292, GAP_80294, P_012873, P_012889, P_012793, P_012911, P_012821, P_012917, P_012863, P_012885, P_012881, P_012897, P_012907, P_012891, P_012895, P_012811, P_012857, P_012815, P_012903, P_012925, P_012883, P_012887, P_012851, P_012901, P_012875, P_012831, P_012797, P_012841, P_012913, P_012877, P_012867, P_012899, P_012817, P_012923, P_012847, P_012803, P_012853, P_012937, P_006421, P_012939, P_012843, P_012837, P_012809, P_012801, P_012799, P_012825, P_012909, GAP_81172, P_012833, GAP_80295, P_012927, PSJT, P_012915, P_012791, P_012835, P_012819, P_012823, P_012869, P_012849, P_012871, P_012865, P_012931, P_012935, P_012933, P_012845, P_012807, P_012795, P_018695, P_018645, P_018783, GAP_80397, OBPL, P_016799, P_016797, P_016793, P_016795, P_006422, P_014099, S03, P_016789, P_016787, P_016791, P_018693, P_019189, P0110C, P0207C, P0207A, XQWC, P0207B, P0206H, P0206G, YZRI, GAP_80322, DHPO, P2590, GAP_79804, GAP_79862, P_011527, P_008646, P_006412, P_011715, P_011735, GAP_80389, GAP_80390, WKSU, WZFE, WPHN, BCGB, WIGA, ABSS, Apet, Dhai, VYLQ, P_006413, P_011675, P_011759, P_008640, P_016813, P_018635, P_011531, Schi, P_006411, GAP_80297, P_014083, GAP_80298, P_014077, P2619, P2622, P_012905, P_006419, P_006418, P_012879, P_012805, P_012839, P_012829, P_012855, P_007802, P_018637, P_012941, P_018639, OSHQ, P_019193, Wsal, Pcol, P_019191, P_019197, GAP_80395, P_011549, GAP_80393, GAP_80394, P_011651, P_011509, P_011643, P_006414, P_011631, P_007783, P_011637, P_011647, P_011489, P_011465, P_011501, P_011523, P_011487, P_011587, P_014081, P_008647, P0104A, P_008631, P_011671, P_011679, P_008632, KAYP, Msal, P_011537, P_011713, P_011705, P_018779, P0110B, S02, S08, S27, P_007844, P_011657, P_011739, P_011673, GAP_80417, P_018691, P_006420, P_007843, P_011611, P_011745, P_011677, P_011579, P0203H, P_011551, P_025525, P0109B, P_014095, P_011681, P2623, P_011609, P_025523, S38, P_011699, P_011607, P_019199, P_011613, P_007845, S04, P_011701, P_025527]
Taxon occupancy: {P_019193=93, P_019191=7, P_019197=177, OPDF=316, GAP_81172=240, P_018783=245, P_019199=1, Wsal=115, P_016921=261, WKSU=335, P_025523=4, P_025525=8, P_025527=1, P0203H=64, P_014077=48, QDVW=325, P_011487=260, P_011489=268, P_016813=235, P_006421=225, P_006422=251, P_006420=42, P_006418=207, P_006419=227, P_006414=243, P_014081=46, P_014083=78, P_018689=241, P0206H=182, P0206G=166, Msal=278, P0109B=41, P_006410=211, P_012901=231, P_006411=202, P_012903=250, P_006412=242, P_006413=250, P_012905=251, PAWA=316, P_012907=250, GAP_79862=202, ABSS=333, P_012909=234, P_018691=69, GAP_80291=266, P_018695=242, P_014095=13, GAP_80293=226, GAP_80292=217, P_018693=220, GAP_80295=217, GAP_80294=208, P_014099=195, GAP_80297=247, GAP_80298=244, P_012911=242, P_011701=2, P_012913=195, P_012915=243, P_011705=28, P_012917=192, P_012919=145, P_012881=238, P_011671=76, P_011551=31, MAQO=332, P_012883=243, P_011673=56, P_012885=234, GAP_80322=262, P_011675=152, P2590=166, P_012887=238, P_011677=82, P_012889=229, P_011679=78, P_008647=193, PSJT=322, P2589=153, P_012891=203, P_011681=54, P_012893=229, P_018637=201, P_012895=222, P_018635=126, P_012897=228, P0207C=191, P_012899=212, P0207B=206, P0207A=206, P_018639=111, P_008646=261, P_008640=256, BCGB=331, WZFE=330, P_018645=237, KRJP=329, KAYP=203, P_011699=10, P_011579=68, CSSK=318, P_008632=243, P_016909=258, P_007783=168, P_008631=48, P_019187=213, P_019185=224, P_019189=168, P_012791=225, P_012793=238, Asie=244, P_012795=240, P_011465=277, P_018779=44, P_012797=242, P_011587=56, P_012799=237, GAP_80417=44, WIGA=323, GAP_79804=123, P_007802=62, P_012841=234, P_011631=68, P_012843=251, Pcol=115, P_012845=234, P_012847=215, P_011637=215, P_011759=110, P_012849=211, Apet=138, OBPL=331, P0110C=155, P_018831=214, P0110B=86, YZRI=330, P_012851=233, P_012853=222, P_011643=254, P_011523=264, P_012855=181, P_012857=221, P_011647=133, P_011527=88, P_012859=191, WAIL=334, P_016789=229, P_012861=228, P_011651=119, P_016787=240, P_011531=83, P_012863=240, P_012865=210, Schi=125, P_012867=228, P_011657=118, P_011537=63, P_012869=217, P_016793=232, P_016791=241, P_016797=247, SJEV=326, P_016795=234, P_012871=206, P_012873=249, P_016799=248, P_012875=223, P_012877=231, P_012879=235, P_011549=158, P_007844=31, P_007845=1, S02=89, P_012921=109, S04=2, P_012801=231, S03=174, P_012923=196, P_011713=35, P_012803=224, P_012925=235, P_011715=85, S08=35, P_012805=220, P_007843=108, P_012927=216, P_012807=230, P_012809=242, VYLQ=330, DHPO=333, GAP_80390=236, P2622=87, P2623=20, XQWC=335, GAP_80394=250, GAP_80393=287, GAP_80395=270, GAP_80397=265, P_012931=211, P_012811=227, P_012933=187, WPHN=328, P_012813=203, P_012935=212, P_012815=228, P_012937=233, P_012817=221, P_011607=1, P_012939=218, P_012819=227, P_011609=29, P2619=50, OSHQ=326, GAP_80389=223, P_012941=236, P_012821=239, P_011611=23, P_012823=230, P_011613=1, P_011735=224, P_012825=196, S27=52, P_012827=131, P_011739=112, P_012829=165, Dhai=307, P0104A=129, P_012831=236, P_011501=279, GAP_81226=241, P_012833=221, GAP_81227=260, P_011745=104, P_012835=215, S38=6, P_012837=230, P_012839=209, P_011509=259}
Number of gene trees: 339
339 trees have missing taxa
Calculating quartet distance matrix (for completion of X)
Species tree distances calculated ...
Will attempt to complete bipartitions from X before adding using a distance matrix.
Building set of clusters (X) from gene trees 
------------------------------
gradient0: 20863
Number of Clusters after addition by distance: 20863
calculating extra bipartitions to be added at level 1 ...
Adding to X using resolutions of greedy consensus ...
Limit for sigma of degrees:6025
polytomy size limit : 10
discarded polytomies:  [3, 3, 3, 3, 3, 3, 3, 3, 3, 3, 3, 3, 4, 4, 4, 4, 4, 5, 5, 6, 8, 9, 10]
Threshold 0.0:
Threshold 0.01:
Threshold 0.02:
Threshold 0.05:
Threshold 0.1:
polytomy of size 3; rounds with additions with at least 5 support: 0; clusters: 20863
Threshold 0.2:
polytomy of size 3; rounds with additions with at least 5 support: 0; clusters: 20863
polytomy of size 6; rounds with additions with at least 5 support: 0; clusters: 20863
polytomy of size 3; rounds with additions with at least 5 support: 0; clusters: 20863
polytomy of size 3; rounds with additions with at least 5 support: 0; clusters: 20863
polytomy of size 4; rounds with additions with at least 5 support: 0; clusters: 20863
polytomy of size 8; rounds with additions with at least 5 support: 0; clusters: 20865
polytomy of size 3; rounds with additions with at least 5 support: 0; clusters: 20865
polytomy of size 3; rounds with additions with at least 5 support: 0; clusters: 20865
Threshold 0.3333333333333333:
polytomy of size 4; rounds with additions with at least 5 support: 0; clusters: 20865
polytomy of size 4; rounds with additions with at least 5 support: 0; clusters: 20865
polytomy of size 9; rounds with additions with at least 5 support: 0; clusters: 20865
polytomy of size 5; rounds with additions with at least 5 support: 0; clusters: 20865
polytomy of size 4; rounds with additions with at least 5 support: 0; clusters: 20865
polytomy of size 5; rounds with additions with at least 5 support: 0; clusters: 20865
polytomy of size 10; rounds with additions with at least 5 support: 0; clusters: 20867
polytomy of size 3; rounds with additions with at least 5 support: 0; clusters: 20867
polytomy of size 3; rounds with additions with at least 5 support: 0; clusters: 20867
polytomy of size 3; rounds with additions with at least 5 support: 0; clusters: 20867
polytomy of size 3; rounds with additions with at least 5 support: 0; clusters: 20867
polytomy of size 3; rounds with additions with at least 5 support: 0; clusters: 20867
polytomy of size 3; rounds with additions with at least 5 support: 0; clusters: 20867
polytomy of size 4; rounds with additions with at least 5 support: 0; clusters: 20867
max k is :0
Number of Clusters after addition by greedy: 20867
gradient0 in heuristiic: 20867
partitions formed in 15.317 secs
Dynamic Programming starting after 15.317 secs
Using tree-based weight calculation.
Using polytree-based weight calculation.
Polytree max score: 7982035250
Polytree building time: 0.182 seconds.
Number of quartet trees in the gene trees: 7982035250
Size of largest cluster: 239
Greedy score: 7282530452
estimationFactor: 1.0960524370767162
Sub-optimal score: 7455511195
Total Number of elements weighted: 69309
Normalized score (portion of input quartet trees satisfied before correcting for multiple individuals): 0.9473311669476779
Optimization score: 7561630768
Optimal tree inferred in 101.235 secs.
(P_012941,(P_012795,(((P_012861,((P_012855,(P_012827,P_007802)),((P_012919,P_012921),(P_012813,P_018637)))),(((P_012797,(P_012841,((P_012913,P_012877),(P_012811,(P_012891,P_012895))))),((((P_012925,P_012883),(P_012857,(P_012815,P_012903))),(P_012875,((P_012831,P_012905),(P_012901,(P_012887,P_012851))))),(P_018689,((P_012885,(GAP_80294,P_006420)),(P_012859,(((P_012873,P_012881),(GAP_80291,P_012907)),((P_012889,((P_012863,P_006418),(P_012793,(GAP_80292,P_006419)))),((P_012897,(GAP_80293,P_012893)),(P_012911,(P_012821,P_012917)))))))))),((P_012867,((P_012923,P_012847),(P_012899,P_012817))),(P_012843,(((P_012937,(P_006421,P_012939)),(P_012803,(P_012853,(P_012837,P_012829)))),(((P_012801,(P_012809,P_012879)),(P_012839,(P_012805,(P_012825,(P_012799,YZRI))))),(P_012909,(((P_012865,(P_012931,(P_012935,P_012933))),((P_012849,P_012871),(P_012845,P_012807))),((GAP_81172,P_012833),((P_012927,(GAP_80295,PSJT)),((P_012915,P_012791),(P_012869,(P_012835,(P_012819,P_012823)))))))))))))),((GAP_80322,DHPO),(((P2622,P2623),(P0110C,(P0110B,(XQWC,(P0207A,(P0207C,(P0207B,(P0206H,P0206G)))))))),(((P_018691,P_007845),(((P_018639,P_018779),(P_018695,(P_018645,P_018783))),((P_016797,(OBPL,(GAP_80397,P_016799))),((P_016793,(P_016795,P_006422)),(P_018693,((S08,(P_014095,S38)),((S27,(P_016789,S04)),(P_016791,((P_014099,S03),(P_016787,S02)))))))))),(((P0203H,((P_016909,WZFE),(P0109B,(P_018831,OSHQ)))),(((P_025527,(SJEV,(P_019193,(P_019187,Wsal)))),(P_016921,(GAP_81227,((WKSU,P_019199),(Pcol,(P_006410,GAP_81226)))))),(((P_019189,P_025525),((PAWA,P_019197),(Asie,QDVW))),(P_025523,((P_019191,(GAP_80417,(P2590,GAP_79804))),((P_019185,CSSK),(P2589,OPDF))))))),(P_011613,(WPHN,((P2619,P_011609),(((GAP_79862,P_011587),(P_014081,(P_008647,P0104A))),((MAQO,(WAIL,(P_011527,((GAP_80297,P_014083),(GAP_80298,P_014077))))),(((KRJP,(GAP_80395,P_011549)),((P_011643,(P_011657,(P_011651,P_011509))),((GAP_80393,GAP_80394),((P_011647,(P_011465,(P_011501,(P_011523,(P_011489,P_011487))))),(P_011631,((P_007843,(P_006414,P_007783)),(P_011551,(P_011637,P_007844)))))))),((P_011531,(P_011699,(Schi,P_006411))),(VYLQ,(P_018635,(P_008631,((P_008632,(P_011671,P_011579)),((P_011713,P_011705),(((WIGA,(Dhai,(Apet,Msal))),(KAYP,(BCGB,(ABSS,P_011607)))),(P_006413,((P_016813,((GAP_80389,GAP_80390),((P_006412,P_008640),(P_008646,P_011679)))),((P_011673,(P_011537,(P_011701,(P_011739,P_011677)))),(P_011759,((P_011735,P_011675),(P_011715,(P_011681,(P_011611,P_011745))))))))))))))))))))))))))));
Final quartet score is: 7561630768
Final normalized quartet score is: 0.9473311669476779
You may want to ignore posterior probabilities and other statistics related to the following branch branch because the effective number of genes impacting it is only 1:
	{SJEV, P_019187, P_019193, Wsal}
You may want to ignore posterior probabilities and other statistics related to the following branch branch because the effective number of genes impacting it is only 1:
	{SJEV, P_019187, P_019193, Wsal, P_025527}
You may want to ignore posterior probabilities and other statistics related to the following branch branch because the effective number of genes impacting it is only 1:
	{WKSU, P_019199}
You may want to ignore posterior probabilities and other statistics related to the following branch branch because the effective number of genes impacting it is only 7:
	{P_019189, P_025525}
You may want to ignore posterior probabilities and other statistics related to the following branch branch because the effective number of genes impacting it is only 4:
	{P2590, GAP_79804, GAP_80417}
You may want to ignore posterior probabilities and other statistics related to the following branch branch because the effective number of genes impacting it is only 5:
	{P2590, GAP_79804, P_019191, GAP_80417}
You may want to ignore posterior probabilities and other statistics related to the following branch branch because the effective number of genes impacting it is only 3:
	{P2589, P_019185, OPDF, CSSK, P2590, GAP_79804, P_019191, GAP_80417}
You may want to ignore posterior probabilities and other statistics related to the following branch branch because the effective number of genes impacting it is only 4:
	{P2589, P_019185, OPDF, CSSK, P2590, GAP_79804, P_019191, GAP_80417, P_025523}
You may want to ignore posterior probabilities and other statistics related to the following branch branch because the effective number of genes impacting it is only 11:
	{P2619, P_011609}
You may want to ignore posterior probabilities and other statistics related to the following branch branch because the effective number of genes impacting it is only 6:
	{P_011637, P_007844}
You may want to ignore posterior probabilities and other statistics related to the following branch branch because the effective number of genes impacting it is only 4:
	{Schi, P_006411}
You may want to ignore posterior probabilities and other statistics related to the following branch branch because the effective number of genes impacting it is only 5:
	{Schi, P_006411, P_011699}
You may want to ignore posterior probabilities and other statistics related to the following branch branch because the effective number of genes impacting it is only 11:
	{P_011713, P_011705}
You may want to ignore posterior probabilities and other statistics related to the following branch branch because the effective number of genes impacting it is only 1:
	{ABSS, P_011607}
You may want to ignore posterior probabilities and other statistics related to the following branch branch because the effective number of genes impacting it is only 0:
	{P_011739, P_011677}
You may want to ignore posterior probabilities and other statistics related to the following branch branch because the effective number of genes impacting it is only 2:
	{P_011739, P_011677, P_011701}
You may want to ignore posterior probabilities and other statistics related to the following branch branch because the effective number of genes impacting it is only 8:
	{P_011611, P_011745}
You may want to ignore posterior probabilities and other statistics related to the following branch branch because the effective number of genes impacting it is only 1:
	{KRJP, WAIL, MAQO, GAP_79862, P_011527, P_008646, P_006412, P_011715, P_011735, GAP_80389, GAP_80390, WPHN, BCGB, WIGA, ABSS, Apet, Dhai, VYLQ, P_006413, P_011675, P_011759, P_008640, P_016813, P_018635, P_011531, Schi, P_006411, GAP_80297, P_014083, GAP_80298, P_014077, P2619, GAP_80395, P_011549, GAP_80393, GAP_80394, P_011651, P_011509, P_011643, P_006414, P_011631, P_007783, P_011637, P_011647, P_011489, P_011465, P_011501, P_011523, P_011487, P_011587, P_014081, P_008647, P0104A, P_008631, P_011671, P_011679, P_008632, KAYP, Msal, P_011537, P_011713, P_011705, P_007844, P_011657, P_011739, P_011673, P_007843, P_011611, P_011745, P_011677, P_011579, P_011551, P_011681, P_011609, P_011699, P_011607, P_011701}
You may want to ignore posterior probabilities and other statistics related to the following branch branch because the effective number of genes impacting it is only 1:
	{KRJP, WAIL, MAQO, GAP_79862, P_011527, P_008646, P_006412, P_011715, P_011735, GAP_80389, GAP_80390, WPHN, BCGB, WIGA, ABSS, Apet, Dhai, VYLQ, P_006413, P_011675, P_011759, P_008640, P_016813, P_018635, P_011531, Schi, P_006411, GAP_80297, P_014083, GAP_80298, P_014077, P2619, GAP_80395, P_011549, GAP_80393, GAP_80394, P_011651, P_011509, P_011643, P_006414, P_011631, P_007783, P_011637, P_011647, P_011489, P_011465, P_011501, P_011523, P_011487, P_011587, P_014081, P_008647, P0104A, P_008631, P_011671, P_011679, P_008632, KAYP, Msal, P_011537, P_011713, P_011705, P_007844, P_011657, P_011739, P_011673, P_007843, P_011611, P_011745, P_011677, P_011579, P_011551, P_011681, P_011609, P_011699, P_011607, P_011613, P_011701}
You may want to ignore posterior probabilities and other statistics related to the following branch branch because the effective number of genes impacting it is only 1:
	{P_018691, P_007845}
You may want to ignore posterior probabilities and other statistics related to the following branch branch because the effective number of genes impacting it is only 0:
	{P_014095, S38}
You may want to ignore posterior probabilities and other statistics related to the following branch branch because the effective number of genes impacting it is only 6:
	{S08, P_014095, S38}
You may want to ignore posterior probabilities and other statistics related to the following branch branch because the effective number of genes impacting it is only 2:
	{P_016789, S04}
You may want to ignore posterior probabilities and other statistics related to the following branch branch because the effective number of genes impacting it is only 18:
	{P2622, P2623}
30.015384615384615 6.974514374514374 1.0101010101010102 38.0 9.025702080411265E-9
224.16666666666669 14.166666666666668 10.666666666666666 249.0 6.018178239657494E-79
53.99541024681869 12.993589743589745 6.011000009591562 73.0 1.0118478079785612E-12
64.0 13.0 12.0 89.0 1.1327150442284035E-13
1.0 0.0 0.0 1.0 0.3678794411714423
Not enough genes
Cannot perform polytomy test with effective N (after polytomies) 1.0:
	(SJEV,(P_019193,(P_019187,Wsal):0.9026382502112141):0.8362480242006187):0.2876820724517809;
1.0 0.0 0.0 1.0 0.3678794411714423
Not enough genes
Cannot perform polytomy test with effective N (after polytomies) 1.0:
	(P_025527,(SJEV,(P_019193,(P_019187,Wsal):0.9026382502112141):0.8362480242006187):0.2876820724517809):0.2876820724517809;
1.0 0.0 0.0 1.0 0.3678794411714423
Not enough genes
Cannot perform polytomy test with effective N (after polytomies) 1.0:
	(WKSU,P_019199):0.2876820724517809;
86.00865593101142 10.98990015932549 8.001443909663088 105.0 5.732777298095405E-25
70.91803151288042 20.511710253295686 17.570258233823893 109.0 1.7837849903213567E-11
100.45924260141447 94.0367290684459 35.50402833013962 230.0 5.533862132475164E-8
129.67003511104312 32.66672939434368 62.66323549461326 225.0 5.214002232778597E-15
238.96102296535554 9.170017563270413 6.591181693596305 254.72222222222226 8.893599748483686E-92
285.6472164637667 9.832402128210084 24.781337903646975 320.2609564956238 1.3403307010252614E-98
3.5749698223479878 0.030894756142280894 3.394135421509731 7.0 0.1813242612270946
Not enough genes
Cannot perform polytomy test with effective N (after polytomies) 7.0:
	(P_019189,P_025525):0.18669933532666924;
115.16163032803446 8.742232510270611 46.232782460840234 170.1366452991453 4.8726989916141105E-23
226.01143510577472 0.9885648942252716 1.0 228.0 3.5873891587546415E-97
60.67634175172949 36.36910724341746 65.17647002062319 162.22191901577014 0.011780449053603812
75.87369335958367 56.80867371057724 33.8237173399511 166.506084410112 3.396322725970514E-4
35.0 0.0 0.0 35.0 6.305116760146996E-16
4.0 0.0 0.0 4.0 0.018315638888734168
Not enough genes
Cannot perform polytomy test with effective N (after polytomies) 4.0:
	(GAP_80417,(P2590,GAP_79804):3.1780538303479453):1.2039728043259361;
2.0 2.0 0.0 4.0 0.36787944117144233
Not enough genes
Cannot perform polytomy test with effective N (after polytomies) 4.0:
	(P_019191,(GAP_80417,(P2590,GAP_79804):3.1780538303479453):1.2039728043259361):0.1053605156578264;
69.98934597838551 69.42192392375694 75.58873009785756 215.0 0.8503530624706326
121.50352112676056 9.0 17.496478873239436 148.0 2.83155309480074E-35
147.22701149425288 7.022988505747127 17.75 172.0 7.468144903440074E-47
2.0 0.12 0.08 2.2 0.19369809460467763
Not enough genes
Cannot perform polytomy test with effective N (after polytomies) 2.2:
	((P_019191,(GAP_80417,(P2590,GAP_79804):3.1780538303479453):1.2039728043259361):0.1053605156578264,((P_019185,CSSK):0.0,(P2589,OPDF):1.2844232423358257):1.498499500046086):0.5753641449035618;
2.05427807486631 0.5397058823529411 0.3060606060606061 2.9000445632798573 0.3938264769147668
Not enough genes
Cannot perform polytomy test with effective N (after polytomies) 2.9000445632798573:
	(P_025523,((P_019191,(GAP_80417,(P2590,GAP_79804):3.1780538303479453):1.2039728043259361):0.1053605156578264,((P_019185,CSSK):0.0,(P2589,OPDF):1.2844232423358257):1.498499500046086):0.5753641449035618):0.34262823934879455;
289.5436605839168 16.281181936138385 20.515510968317674 326.3403534883729 1.386158346374435E-98
155.32493286566452 105.78467528489423 63.24963460100492 324.35924275156367 2.9520527814063658E-9
11.0 0.0 0.0 11.0 1.6701700790245632E-5
Not enough genes
Cannot perform polytomy test with effective N (after polytomies) 11.0:
	(P2619,P_011609):2.0794415416798353;
44.90340909090909 0.03409090909090909 3.0625 48.0 8.529450251441881E-18
34.0 0.0 0.0 34.0 1.7139084315420148E-15
38.0 0.6 0.4 39.0 2.1878076064242003E-16
125.92419115236315 11.479447547729977 12.765229747191617 150.16886844728475 3.4833324267051586E-38
70.99393616706598 1.0001580556394838 4.005905777294524 76.0 1.4288996710698249E-27
18.986525765157815 9.992942835066469 14.02053139977572 43.0 0.2427079152348859
41.43191206638789 22.51592279754227 19.057293341198044 83.0051282051282 0.005284107533043211
40.0334084825556 24.581431682856 19.88515983458841 84.50000000000001 0.019343720099145843
182.47587719550523 9.849445359973368 76.42867573667488 268.7539982921535 1.7957001283300666E-37
280.1972199685979 31.642078058702698 16.224891472700406 328.06418950000096 6.729475681584066E-88
136.86232430303204 4.1240275188066615 8.892288954860318 149.878640776699 5.167373089969252E-50
164.91578440199498 88.55948043132048 7.553597599376758 261.0288624326922 1.233262735232507E-31
63.009155665077934 8.983088615652324 8.016684290698318 80.00892857142858 7.378580171602449E-17
37.38194846013325 37.54180959802315 32.076241941843605 107.00000000000001 0.7624222782787835
194.48945641113292 20.679322508082677 19.913484533943915 235.0822634531595 8.763356576171067E-57
161.69158911371798 34.833731360787525 39.248836493353885 235.7741569678594 2.2528349104404937E-29
97.79595926953982 71.91151487874689 67.16875680548429 236.876230953771 0.03200955288215551
94.4493353104922 82.01829070567082 67.95864733456187 244.4262733507249 0.11578855321905712
173.05465936719966 43.53595608465965 40.40105538257371 256.991670834433 8.886447336081051E-30
108.21232847954286 10.60223377650574 10.656200367764018 129.47076262381262 1.1428934088250834E-32
51.60591376422312 38.51681497952457 34.80323837804546 124.92596712179315 0.15398681591488528
31.871604439937666 27.2481144212004 31.825065300634652 90.94478416177272 0.792384273432309
64.43849315259902 18.63642242372248 15.693855118427308 98.76877069474881 1.396290915849688E-10
2.9953271028037385 0.9989691784352128 0.9919422508711405 4.986238532110092 0.44838090714359224
Not enough genes
Cannot perform polytomy test with effective N (after polytomies) 4.986238532110092:
	(P_011637,P_007844):0.2884199820519394;
10.164921021513702 8.016477004468797 5.085513351829759 23.266911377812256 0.43246886249878447
22.254172843501763 16.365443960159947 20.591230161361928 59.21084696502364 0.626896796371794
28.183125006786504 25.043327075461587 9.709804132896693 62.93625621514478 0.00949109202746411
202.45868053229702 19.097445957820774 34.396935222040355 255.95306171215816 2.0655128203695969E-53
98.67546041819489 73.6917622729874 89.65011946717912 262.01734215836143 0.16000767363324828
264.13876025788 7.140417153665382 6.971009496978976 278.25018690852437 6.977088481181303E-104
241.01641898834058 33.93680182284883 24.18813689247731 299.1413577036667 4.7315661555472514E-66
3.0 1.0 0.0 4.0 0.17377394345044508
Not enough genes
Cannot perform polytomy test with effective N (after polytomies) 4.0:
	(Schi,P_006411):0.5108256237659905;
2.5 1.5 1.0 5.0 0.7046880897187136
Not enough genes
Cannot perform polytomy test with effective N (after polytomies) 5.0:
	(P_011699,(Schi,P_006411):0.5108256237659905):0.13353139262452274;
77.35193964163305 1.9881422697349915 1.2740652432202781 80.61414715458832 1.2851087534694075E-31
13.0 6.0 7.0 26.0 0.19131267379416061
99.08054803653432 3.66197287324629 5.787594299468694 108.5301152092493 2.291517732198816E-36
7.3564537814678586 2.1377279510332095 0.8558182674989318 10.350000000000001 0.032175392572196884
Not enough genes
Cannot perform polytomy test with effective N (after polytomies) 10.350000000000001:
	(P_011713,P_011705):0.6390730230710371;
40.48485711263654 37.312200322734874 32.87825332640727 110.67531076177869 0.6732158749507628
106.13094577244946 82.02567064829273 66.25394839398936 254.41056481473154 0.008599380362941876
161.28850284420304 55.01901251130831 74.05533297085901 290.36284832637034 3.913380014086974E-15
1.0 0.0 0.0 1.0 0.3678794411714423
Not enough genes
Cannot perform polytomy test with effective N (after polytomies) 1.0:
	(ABSS,P_011607):0.2876820724517809;
109.56296425599535 41.29551433151951 30.21405691847934 181.0725355059942 5.1661045143302824E-14
76.30554676100112 47.05779387561901 55.703350845872585 179.06669148249273 0.022766490420134677
159.34669947587815 82.53621616793313 37.380156074699315 279.2630717185106 1.8191784858846337E-18
167.71920106758714 10.183370200571774 10.781965700644818 188.68453696880374 1.2410601235348902E-57
161.70275875114987 27.962804067486193 23.8292150128973 213.49477783153336 2.857093844787753E-38
31.72297141610424 7.537433489237072 27.055253391371217 66.31565829671253 5.833305307708225E-4
92.06194847512228 53.33809702171447 57.65318769801271 203.05323319484947 0.001289214810838781
68.24488603659128 52.77692568561488 63.426114650358606 184.44792637256478 0.36097655100327375
101.54077442504153 33.80459743545875 42.597758808758236 177.94313066925852 1.1664550531613097E-10
0.0 0.0 0.0 0.0 NaN
Not enough genes
Cannot perform polytomy test with effective N (after polytomies) 0.0:
	(P_011739,P_011677):0.0;
0.0 1.0002704530087898 0.058823529411764705 1.0590939824205545 0.4096611959675689
Not enough genes
Cannot perform polytomy test with effective N (after polytomies) 1.0590939824205545:
	(P_011701,(P_011739,P_011677):0.0):0.0;
9.943386950946035 8.03993745475801 6.618198659640116 24.60152306534416 0.7121711045390458
18.303629761802892 14.686841059558695 12.781757575613582 45.772228396975166 0.5971340212844654
91.64665083072273 12.287664260053756 2.2127743616820132 106.1470894524585 3.5171491230819926E-30
2.994155560410749 2.0 3.0058444395892505 8.0 0.8824855987075775
Not enough genes
Cannot perform polytomy test with effective N (after polytomies) 8.0:
	(P_011611,P_011745):0.0;
9.51629343262195 8.046710408745792 11.475247524752474 29.038251366120214 0.7366322347893449
37.030880738205234 14.124275984551167 13.26385881735134 64.41901554010774 2.111902639173606E-4
42.9713281133593 16.090304010861814 18.887808491355912 77.94944061557703 2.2360044281292566E-4
33.33305255342775 28.88322775072688 22.32611376654181 84.54239407069645 0.3369192152869825
105.61280160825113 16.181121155316877 13.252279706367034 135.04620246993505 2.5659945653952937E-27
82.1818871135025 50.52182417559994 57.79221340377313 190.49592469287558 0.013154433869373122
117.72563168654052 50.46369548333882 58.85619528331 227.04552245318934 1.9551520965716264E-8
18.146746111788186 12.765558379848516 14.986632131646537 45.89893662328324 0.6200405216097997
31.59539425469987 10.333211173479697 5.801222985665463 47.72982841384503 6.650404351716726E-6
39.37982631758166 1.0556596119929451 3.0717196099838753 43.50720553955848 1.1735922171993322E-14
14.126660277960756 7.077224652803212 11.814748609608703 33.018633540372676 0.30933464709935565
74.27510908033834 37.46056057281563 10.914818710970895 122.65048836412485 1.759313337852513E-11
109.8001311667827 68.67398928723108 34.86351573900538 213.33763619301916 2.506703164792101E-9
161.15599873748653 26.24493846435162 28.28625771581242 215.68719491765054 7.901830717220539E-37
195.62773429906983 46.40649726925839 76.97116020909348 319.00539177742166 4.1984791204135543E-26
124.04167792985703 104.07740138405146 16.418650673350363 244.53772998725884 3.446321021720093E-18
26.841161892357967 19.034751144405053 12.632730910110864 58.50864394687389 0.07455307992484785
36.87577562177273 16.413704119181386 11.528228493158597 64.81770823411271 2.316906169505842E-4
1.0 0.0 0.0 1.0 0.3678794411714423
Not enough genes
Cannot perform polytomy test with effective N (after polytomies) 1.0:
	(WPHN,((P2619,P_011609):2.0794415416798353,(((GAP_79862,P_011587):2.0762000477556652,(P_014081,(P_008647,P0104A):3.149882953381249):2.590267165445826):1.3843171046262455,((MAQO,(WAIL,(P_011527,((GAP_80297,P_014083):2.1455707160467177,(GAP_80298,P_014077):0.15930987674004518):0.27418741252799556):0.2260734639367958):0.7229455041478245):1.5016860299470292,(((KRJP,(GAP_80395,P_011549):1.9707885887024523):0.5871134991075093,((P_011643,(P_011657,(P_011651,P_011509):1.0987351282636444):0.019380319665822016):1.330787965460349,((GAP_80393,GAP_80394):0.743053241812834,((P_011647,(P_011465,(P_011501,(P_011523,(P_011489,P_011487):0.12406976481819625):0.08040438486625628):0.7055522524835214):1.36296305290681):0.1218482511864093,(P_011631,((P_007843,(P_006414,P_007783):0.020159635541652038):0.6326497903018237,(P_011551,(P_011637,P_007844):0.2884199820519394):0.13733269518286725):0.05594205556025327):0.17578363072655137):1.1453307221171263):0.06480595893680854):2.5111918096897314):1.2191356376330325,((P_011531,(P_011699,(Schi,P_006411):0.5108256237659905):0.13353139262452274):2.546750289233466,(VYLQ,(P_018635,(P_008631,((P_008632,(P_011671,P_011579):0.25131442828090594):1.9441738694039377,((P_011713,P_011705):0.6390730230710371,(((WIGA,(Dhai,(Apet,Msal):0.04477181039259111):0.1315860152650631):0.4009981084783564,(KAYP,(BCGB,(ABSS,P_011607):0.2876820724517809):0.5152214759177243):0.14577061005276096):0.43516442765993474,(P_006413,((P_016813,((GAP_80389,GAP_80390):1.7504316825538393,((P_006412,P_008640):0.9964602586830907,(P_008646,P_011679):0.23178757356833277):0.19449474546395795):0.05340119592679639):0.432585718931028,((P_011673,(P_011537,(P_011701,(P_011739,P_011677):0.0):0.0):0.08619607493773368):0.09102283078720214,(P_011759,((P_011735,P_011675):1.5278691284416759,(P_011715,(P_011681,(P_011611,P_011745):0.0):0.0):0.4293765963834667):0.3804317797604016):0.08828554688478636):1.091988726153706):0.15517660072283057):0.3206959174647768):0.08381593776438913):0.6397360953176763):1.755591334459659):0.13112701497725332):0.5125419305310743):0.3125414960221222):0.9560447512256925):0.5395501749374944):0.298103744722396):0.1942763197663978):0.41613231717129073):0.2876820724517809;
1.0 0.0 0.0 1.0 0.3678794411714423
Not enough genes
Cannot perform polytomy test with effective N (after polytomies) 1.0:
	(P_011613,(WPHN,((P2619,P_011609):2.0794415416798353,(((GAP_79862,P_011587):2.0762000477556652,(P_014081,(P_008647,P0104A):3.149882953381249):2.590267165445826):1.3843171046262455,((MAQO,(WAIL,(P_011527,((GAP_80297,P_014083):2.1455707160467177,(GAP_80298,P_014077):0.15930987674004518):0.27418741252799556):0.2260734639367958):0.7229455041478245):1.5016860299470292,(((KRJP,(GAP_80395,P_011549):1.9707885887024523):0.5871134991075093,((P_011643,(P_011657,(P_011651,P_011509):1.0987351282636444):0.019380319665822016):1.330787965460349,((GAP_80393,GAP_80394):0.743053241812834,((P_011647,(P_011465,(P_011501,(P_011523,(P_011489,P_011487):0.12406976481819625):0.08040438486625628):0.7055522524835214):1.36296305290681):0.1218482511864093,(P_011631,((P_007843,(P_006414,P_007783):0.020159635541652038):0.6326497903018237,(P_011551,(P_011637,P_007844):0.2884199820519394):0.13733269518286725):0.05594205556025327):0.17578363072655137):1.1453307221171263):0.06480595893680854):2.5111918096897314):1.2191356376330325,((P_011531,(P_011699,(Schi,P_006411):0.5108256237659905):0.13353139262452274):2.546750289233466,(VYLQ,(P_018635,(P_008631,((P_008632,(P_011671,P_011579):0.25131442828090594):1.9441738694039377,((P_011713,P_011705):0.6390730230710371,(((WIGA,(Dhai,(Apet,Msal):0.04477181039259111):0.1315860152650631):0.4009981084783564,(KAYP,(BCGB,(ABSS,P_011607):0.2876820724517809):0.5152214759177243):0.14577061005276096):0.43516442765993474,(P_006413,((P_016813,((GAP_80389,GAP_80390):1.7504316825538393,((P_006412,P_008640):0.9964602586830907,(P_008646,P_011679):0.23178757356833277):0.19449474546395795):0.05340119592679639):0.432585718931028,((P_011673,(P_011537,(P_011701,(P_011739,P_011677):0.0):0.0):0.08619607493773368):0.09102283078720214,(P_011759,((P_011735,P_011675):1.5278691284416759,(P_011715,(P_011681,(P_011611,P_011745):0.0):0.0):0.4293765963834667):0.3804317797604016):0.08828554688478636):1.091988726153706):0.15517660072283057):0.3206959174647768):0.08381593776438913):0.6397360953176763):1.755591334459659):0.13112701497725332):0.5125419305310743):0.3125414960221222):0.9560447512256925):0.5395501749374944):0.298103744722396):0.1942763197663978):0.41613231717129073):0.2876820724517809):0.2876820724517809;
1.0 0.0 0.0 1.0 0.3678794411714423
Not enough genes
Cannot perform polytomy test with effective N (after polytomies) 1.0:
	(P_018691,P_007845):0.2876820724517809;
14.0 5.775183755370891 1.1254803812514993 20.90066413662239 0.0022411247745624404
92.81750987605511 54.08939502605471 52.00042356716697 198.9073284692768 3.4595507249557915E-4
69.2631332838773 29.145720333935554 17.527667250738304 115.93652086855116 5.2437517004538235E-9
62.37311022818282 56.4067381951972 6.94082383872952 125.72067226210953 2.540542260395449E-10
129.02603734476972 24.82666603108564 78.97009311699188 232.82279649284723 6.345576990858253E-16
140.48913390796073 90.60915582110222 4.8617102709370235 235.95999999999998 1.0368999029486645E-26
165.97497274210838 10.50422786446455 65.84458685700602 242.32378746357895 4.086521518436626E-34
109.46353970300615 41.999861104973526 32.472552808643485 183.93595361662315 3.3251470558360757E-13
124.43831596626964 39.304925236356574 34.854657581779705 198.5978987844059 1.9006624773598073E-17
0.0 0.0 0.0 0.0 NaN
Not enough genes
Cannot perform polytomy test with effective N (after polytomies) 0.0:
	(P_014095,S38):0.0;
5.710696338837042 0.28427853553481697 0.005025125628140704 6.0 0.005666276646703468
Not enough genes
Cannot perform polytomy test with effective N (after polytomies) 6.0:
	(S08,(P_014095,S38):0.0):1.2863427658648097;
1.0 0.0 1.0 2.0 0.6065306597126334
Not enough genes
Cannot perform polytomy test with effective N (after polytomies) 2.0:
	(P_016789,S04):0.0;
46.733279482466905 2.979982741097662 0.09983007789708448 49.81309230146165 1.3765000434970827E-18
140.0505654332993 2.909787199293183 4.959385061495418 147.91973769408793 3.92253653735888E-55
84.11615018841067 0.010050251256281407 0.0 84.12620043966696 3.0029500421456274E-37
60.2171839855755 56.850110993213534 53.3476899366097 170.41498491539875 0.8124419214217136
67.19303529227865 52.91713448993181 71.59320671440794 191.7033764966184 0.22497184902670556
14.659237766553112 10.860363795504904 12.425080878495669 37.944682440553684 0.7496123953524971
27.9521189670907 5.588897626087902 6.8714881525165765 40.41250474569518 8.242762905884552E-6
77.82006944216461 56.46462549016155 51.818761292264135 186.10345622459027 0.04506546758997019
117.22458717307633 67.00630640075327 63.81482853956419 248.0457221133938 1.9323753952328163E-5
94.97418526630847 115.68675743022823 50.1199947860508 260.7809374825875 2.4423496499668757E-6
25.490343406593407 20.26177350427351 17.12999084249084 62.88210775335776 0.426932890824712
68.11051381412207 0.20700851035998355 0.6816553070968858 69.0 1.513419178818541E-29
12.587580603071588 2.9898477157360404 2.422571681192371 18.0 0.004348450535580027
62.09842091324065 29.86402213987962 48.026061086571495 139.98850413969177 0.003710085341808921
69.92397820963977 54.57596171515403 34.981867256530265 159.4818071813241 0.003119550058410295
69.65692929450645 44.0216694179582 47.325659867631394 161.00425858009606 0.026691535027484666
102.83953824306361 61.48258676191213 27.179498371647608 191.50162337662337 1.7187554099867838E-10
40.15994510336092 31.768289410719753 11.871765485919342 83.80000000000001 5.2256661551648E-4
67.16021037196637 2.268776371308017 6.571013256725619 76.0 2.671815186527183E-23
74.4047619047619 1.0 1.5952380952380953 77.0 7.139134459186857E-31
54.95463456223347 8.856748039187746 23.354802365882122 87.16618496730334 4.95434345182003E-9
246.67092580006917 2.801130018117756 8.67538007924898 258.1474358974359 1.9881411699750937E-98
50.0 0.0 0.0 50.0 1.9287498479639326E-22
96.99382716049382 9.75 7.256172839506172 114.0 1.4149090732835581E-30
89.0 0.0 3.0 92.0 6.700419791689117E-37
90.0 13.0 26.0 129.0 6.923377765325679E-18
134.0 6.25 2.75 143.0 1.0975890114140178E-51
165.03981411978708 2.8005780121601243 2.1583125312652247 169.99870466321244 3.0847393340614608E-68
93.91215503127633 43.64421049724036 67.93021669407763 205.48658222259434 9.84225108278246E-5
153.83548387096775 6.352688172043011 10.005376344086022 170.19354838709677 6.865263374289703E-55
107.15763965963744 38.0062893081761 34.83607103218646 180.0 8.114826313382747E-13
185.5 8.582278481012658 5.417721518987342 199.5 4.190340499484458E-70
183.88537256196867 6.0350159858141375 9.202939047440774 199.12332759522357 1.6566983611006425E-68
109.19408438611946 46.1000178863622 47.49271992766534 202.78682220014701 4.555113576717989E-9
86.07244819096879 77.23495579318664 68.68484321472417 231.9922471988796 0.37625893492344364
213.00072881881664 1.5703317727090707 1.0656639253864586 215.63672451691215 5.658270865252044E-91
161.76589948415048 17.434136380802254 10.828478184107018 190.02851404905974 1.2951221718617893E-50
67.87732052313496 45.73187781793799 58.764656782382445 172.3738551234554 0.11577440289630472
77.53198876539467 68.14484159173598 59.32357284583745 205.0004032029681 0.2971961871172682
126.00055052314377 41.53823602563945 38.80388199665766 206.34266854544086 3.0431258869684146E-16
190.0150551204568 2.110894823394823 1.9204076720424004 194.046357615894 7.891445808295565E-80
74.50861872796513 68.04793915811992 63.436086108562755 205.9926439946478 0.6372921299537784
97.41097850758864 50.39885520990714 50.921096132121534 198.73092984961733 1.6716785570368098E-5
148.67554536273406 25.508295847908325 29.199155318344843 203.38299652898723 3.531487122263751E-32
165.0579500870092 42.30136631377841 35.751287044794466 243.11060344558206 3.69217573581462E-29
37.89989088925259 0.015384615384615385 0.015575559192580468 37.93085106382979 3.6910803072787135E-17
54.942888627033035 47.66596629911804 49.01403312884926 151.62288805500035 0.74339151038774
158.0883534525913 20.335596087323193 14.749540993311722 193.1734905332262 3.453327896422757E-45
68.41143557425329 48.32859447555159 52.51625330103988 169.25628335084477 0.1367463940785942
67.06378369517755 63.06397324977774 59.62625628576789 189.75401323072316 0.8032773996161366
48.38899801045593 36.2836110615765 48.98019227788932 133.65280134992176 0.3158185519696724
177.97649883871983 1.045112781954887 0.9499271739558319 179.97153879463056 2.6123500281192903E-76
82.96850935073705 39.1978350126229 41.756060616386435 163.92240497974637 1.5974750899595534E-5
55.33932840792886 49.25625075071252 47.907272705892545 152.50285186453394 0.7346328068635535
60.53095703097786 49.5990808085683 49.848636414969576 159.97867425451574 0.4817413752893459
170.79236552402142 7.086772919150211 3.1328586205587756 181.0119970637304 1.2898507337214265E-66
58.337201813969834 46.75085541660343 34.7340939103723 139.82215114094558 0.05035649810146631
167.0220390720391 5.034095044028819 6.046296565832989 178.1024306819009 2.5827017269870437E-64
165.08080118349665 13.451979387423238 16.509712766849567 195.04249333776946 6.570667199273231E-51
60.43248734493788 61.36521299859173 52.819260018657495 174.61696036218711 0.6855168346685283
70.20962481482587 62.19625947468362 66.09753911743186 198.50342340694135 0.7845271960214155
51.56572936129836 39.34274159336278 45.59660971991879 136.50508067457992 0.43998927802394305
53.26013570183956 39.792105401927266 49.4384395478004 142.49068065156723 0.36267100137396924
191.9973408448485 9.423854807009668 8.47628109571104 209.89747674756921 4.69259568629087E-70
191.23636360269967 16.13591550497642 13.978839631208054 221.35111873888414 1.241833020079648E-61
256.75204743497034 9.418078117965115 6.920884869176013 273.0910104221115 5.28660373135445E-99
261.9192896208125 6.813748077584473 12.576573761076345 281.30961145947333 5.592896694036325E-99
173.0 1.0 0.0 174.0 5.347561139753682E-75
162.50714215137342 10.483423886362422 6.003939456769645 178.9945054945055 1.6760516577122257E-58
152.0 21.0 23.5 196.5 6.048197243336575E-38
217.41804312649256 0.18761512830304528 2.3239192099931345 219.92957746478874 5.287489338077922E-93
161.0 11.0 8.0 180.0 4.0340273027470803E-56
207.0 0.0 0.0 207.0 1.2619502849247672E-90
113.06442055901314 9.915194362480536 10.044567352635566 133.02418227412923 2.0278907083549067E-35
63.1088109783343 54.659732958887815 57.531314203017814 175.29985814023993 0.7291595662707158
108.93033844462526 50.37745226520287 41.46186711830631 200.76965782813446 1.9168897582121258E-9
103.83944410521732 77.53815065748915 57.045770203415735 238.42336496612222 9.845947893864487E-4
189.99665194140897 0.008695652173913044 1.9946524064171123 192.0 1.5793261868143903E-81
153.76112814484017 27.603791384347907 28.140897577479265 209.50581710666734 1.404477327084556E-33
143.0314566439615 4.138509757284812 26.827658130858538 173.99762453210485 2.6930759063881757E-42
80.16254441129277 36.37727565580389 50.492265308131195 167.03208537522784 1.2711013675911675E-4
75.03565454965704 40.43055667930314 64.56312758641323 180.02933881537342 0.005258321005652956
141.57609695212085 22.835337869379604 33.41881930824321 197.83025412974365 3.6368374099682316E-29
193.88654612585825 30.825996724947007 39.20406156729656 263.9166044181018 2.3922357801024578E-42
155.0 1.008 5.992 162.0 2.6240502600741833E-62
163.00653457843467 4.47092382789895 4.537684198782525 172.01514260511615 3.723189027528857E-64
99.68260516070833 41.52857142857143 47.284523809523805 188.4957003988036 7.998410757545316E-8
159.03734637519236 6.026672562715548 8.419360941880809 173.4833798797887 1.960735587124686E-58
111.99049164802203 33.04335743956305 40.44953079220363 185.4833798797887 4.4395419406916136E-14
135.93870007111533 41.818957079672614 35.59850353382489 213.35616068461286 4.984632869048007E-20
238.41940436235956 3.3272331743994097 5.118048799170649 246.8646863359296 3.196679849039059E-97
202.09639670953538 2.875 1.0286032904646043 206.0 3.4962639233366513E-85
77.96838940186726 25.962447940760242 75.0691626573725 179.0 6.07310309185706E-7
185.0756289923511 5.1642242967119705 20.750939251729424 210.9907925407925 4.434909078882569E-62
82.3135329458025 51.738394661292276 64.02545334528617 198.07738095238096 0.02773317227646406
66.96911753120033 62.994667738594345 61.02661750044717 190.99040277024184 0.8659386547266905
147.4846668664469 26.502347417840376 21.51063829787234 195.49765258215962 1.2242329841931304E-34
201.8267056170246 1.9765890839798557 2.196705298995548 206.0 7.761783471130907E-85
219.4694491600649 13.910126241558553 7.912743830299755 241.2923192319232 4.608478346749546E-79
91.86089392279975 94.24478093737609 54.99757075385923 241.10324561403507 0.002419372612136976
221.07090816117847 6.761807803418968 13.367633313229181 241.20034927782663 5.94105541416106E-81
77.01835420967389 62.27742957233214 82.94237810934489 222.2381618913509 0.21683780610537723
204.63157139443715 13.069117795585289 12.857825783598736 230.5585149736212 6.316243599499436E-70
249.62855331664707 23.763265201130398 15.48122739912166 288.8730459168992 2.44305936473417E-80
111.12345258068113 50.91024264305043 74.05012299109273 236.0838182148243 8.100171141302312E-6
183.90991872448456 16.67469369103515 28.754933786046205 229.3395462015659 3.8704255884485027E-50
200.23000191238376 19.39094978458654 40.36148573541058 259.98243743238083 9.356884047857012E-50
115.25709259881782 55.86567415556984 95.07219174189342 266.19495849628106 3.43800432033948E-5
204.04909800934462 7.352965798569799 26.178396664403568 237.580460472318 2.4961214226605057E-65
215.41463414634146 0.5263157894736842 1.0590500641848524 217.0 6.484857679147073E-93
255.276310550123 0.8210724053608773 1.9026170445161317 258.0 2.9586911727061688E-109
200.08806468114116 25.316273283244296 103.26294340478815 328.6672813691736 4.082415271732243E-31
220.33353092467732 46.05987438370508 62.626799068471136 329.02020437685354 2.2892175337822284E-37
313.4152531569649 7.808142106678125 10.410238431308287 331.63363369495136 5.310604952533606E-122
220.1733727002791 61.36439563814598 40.08486250040297 321.622630838828 5.885041694524773E-40
61.63440577161482 1.4400825825825825 0.2778225205070842 63.35231087470449 4.7011679210403397E-26
55.182232957595275 5.638517279821628 2.1728395061728394 62.993589743589745 6.470056249751209E-19
29.0 3.25 8.75 41.0 1.4329250935901276E-6
Extended species tree:
(P0109B,((P_018831,OSHQ)0:1.062582825088892,((P_016909,WZFE)0:1.864330162062891,(P0203H,((((P_025527,(SJEV,(P_019193,(P_019187,Wsal)0:0.9026382502112141)0:0.8362480242006187)NA:0.2876820724517809)NA:0.2876820724517809,(P_016921,(GAP_81227,((WKSU,P_019199)NA:0.2876820724517809,(Pcol,(P_006410,GAP_81226)0:1.2626746026839413)0:0.6293540610740455)0:0.1652671071812146)0:0.4472904588817639)0:2.3195600306132396)0:1.7940571139954407,(((P_019189,P_025525)NA:0.18669933532666924,((PAWA,P_019197)0:0.7120917946590088,(Asie,QDVW)0:3.9334635917517513)0.01178:0.059338277115322934)0.00034:0.19776974407162046,(P_025523,((P_019191,(GAP_80417,(P2590,GAP_79804)0:3.1780538303479453)NA:1.2039728043259361)NA:0.1053605156578264,((P_019185,CSSK)0.85035:0.0,(P2589,OPDF)0:1.2844232423358257)0:1.498499500046086)NA:0.5753641449035618)NA:0.34262823934879455)0:1.7533137483523489)0:0.24346458652597083,((P_011613,(WPHN,((P2619,P_011609)NA:2.0794415416798353,(((GAP_79862,P_011587)0:2.0762000477556652,(P_014081,(P_008647,P0104A)0:3.149882953381249)0:2.590267165445826)0:1.3843171046262455,((MAQO,(WAIL,(P_011527,((GAP_80297,P_014083)0:2.1455707160467177,(GAP_80298,P_014077)0.24271:0.15930987674004518)0.00528:0.27418741252799556)0.01934:0.2260734639367958)0:0.7229455041478245)0:1.5016860299470292,(((KRJP,(GAP_80395,P_011549)0:1.9707885887024523)0:0.5871134991075093,((P_011643,(P_011657,(P_011651,P_011509)0:1.0987351282636444)0.76242:0.019380319665822016)0:1.330787965460349,((GAP_80393,GAP_80394)0:0.743053241812834,((P_011647,(P_011465,(P_011501,(P_011523,(P_011489,P_011487)0.03201:0.12406976481819625)0.11579:0.08040438486625628)0:0.7055522524835214)0:1.36296305290681)0.15399:0.1218482511864093,(P_011631,((P_007843,(P_006414,P_007783)0.79238:0.020159635541652038)0:0.6326497903018237,(P_011551,(P_011637,P_007844)NA:0.2884199820519394)0.43247:0.13733269518286725)0.6269:0.05594205556025327)0.00949:0.17578363072655137)0:1.1453307221171263)0.16001:0.06480595893680854)0:2.5111918096897314)0:1.2191356376330325,((P_011531,(P_011699,(Schi,P_006411)NA:0.5108256237659905)NA:0.13353139262452274)0:2.546750289233466,(VYLQ,(P_018635,(P_008631,((P_008632,(P_011671,P_011579)0.19131:0.25131442828090594)0:1.9441738694039377,((P_011713,P_011705)NA:0.6390730230710371,(((WIGA,(Dhai,(Apet,Msal)0.67322:0.04477181039259111)0.0086:0.1315860152650631)0:0.4009981084783564,(KAYP,(BCGB,(ABSS,P_011607)NA:0.2876820724517809)0:0.5152214759177243)0.02277:0.14577061005276096)0:0.43516442765993474,(P_006413,((P_016813,((GAP_80389,GAP_80390)0:1.7504316825538393,((P_006412,P_008640)0:0.9964602586830907,(P_008646,P_011679)0.00058:0.23178757356833277)0.00129:0.19449474546395795)0.36098:0.05340119592679639)0:0.432585718931028,((P_011673,(P_011537,(P_011701,(P_011739,P_011677)NA:0.0)NA:0.0)0.71217:0.08619607493773368)0.59713:0.09102283078720214,(P_011759,((P_011735,P_011675)0:1.5278691284416759,(P_011715,(P_011681,(P_011611,P_011745)NA:0.0)0.73663:0.0)0.00021:0.4293765963834667)0.00022:0.3804317797604016)0.33692:0.08828554688478636)0:1.091988726153706)0.01315:0.15517660072283057)0:0.3206959174647768)0.62004:0.08381593776438913)0.00001:0.6397360953176763)0:1.755591334459659)0.30933:0.13112701497725332)0:0.5125419305310743)0:0.3125414960221222)0:0.9560447512256925)0:0.5395501749374944)0:0.298103744722396)0.07455:0.1942763197663978)0.00023:0.41613231717129073)NA:0.2876820724517809)NA:0.2876820724517809,(((P_018691,P_007845)NA:0.2876820724517809,(((P_018639,P_018779)0.00224:0.6141050302612888,(P_018695,(P_018645,P_018783)0.00035:0.21872088495719796)0:0.49179279284106225)0:0.2722210777488203,((P_016797,(OBPL,(GAP_80397,P_016799)0:0.39707559317392566)0:0.4931851854310859)0:0.7406026536683046,((P_016793,(P_016795,P_006422)0:0.49077724950300305)0:0.5712261046352982,(P_018693,((S08,(P_014095,S38)NA:0.0)NA:1.2863427658648097,((S27,(P_016789,S04)NA:0.0)0:2.116637826074968,(P_016791,((P_014099,S03)0:2.415360906503803,(P_016787,S02)0:4.028669675008749)0.81244:0.02731171500162747)0.22497:0.023298833984384603)0.74961:0.0667999459067726)0.00001:0.7183667891929559)0.04507:0.1322522104785875)0.00002:0.2307254290844523)0:0.045206959415653065)0.42693:0.10373124375178132)0:3.2067252011539344,(((P2622,P2623)0.00435:0.6807372303201671,(P0110C,(P0110B,(XQWC,(P0207A,(P0207C,(P0207B,(P0206H,P0206G)0.00371:0.17515771594723925)0.00312:0.1667268363437341)0.02669:0.15660072756777518)0:0.3585914842458662)0.00052:0.2361988868539732)0:1.6519059821747721)0:2.67163350004987)0:0.5708606718131836,((GAP_80322,DHPO)0:2.628084357998227,(((P_012861,((P_012855,(P_012827,P_007802)0:3.5263605246161593)0:1.448752385619748,((P_012919,P_012921)0:2.7408400239252018,(P_012813,P_018637)0:0.7731898882334817)0:2.261763098473791)0:2.951306559979742)0.0001:0.20115574711740233,(((P_012797,(P_012841,((P_012913,P_012877)0:1.8832724582243572,(P_012811,(P_012891,P_012895)0:0.49109936786774344)0:2.1872989375362493)0:2.1061173011657766)0:0.3620286443216859)0.37626:0.05565321816650238,((((P_012925,P_012883)0:3.6818737688538485,(P_012857,(P_012815,P_012903)0:1.4706468491257707)0.11577:0.09130706204910631)0.2972:0.06672994589669166,(P_012875,((P_012831,P_012905)0:0.5302437808246234,(P_012901,(P_012887,P_012851)0:3.252093257559493)0.63729:0.04075607413522273)0.00002:0.2634013201676833)0:0.8944166483565732)0:0.7220421786231366,(P_018689,((P_012885,(GAP_80294,P_006420)0:3.225831338330528)0.74339:0.04080816280323155,(P_012859,(((P_012873,P_012881)0:1.2774058670801782,(GAP_80291,P_012907)0.13675:0.10838918784598135)0.80328:0.027739309934864963,((P_012889,((P_012863,P_006418)0.31582:0.039824433786161066,(P_012793,(GAP_80292,P_006419)0:3.6959170942148125)0.00002:0.293853141612818)0.73463:0.041619342875413)0.48174:0.06616942455362708,((P_012897,(GAP_80293,P_012893)0:2.3809424347715344)0.05036:0.12941680238843148,(P_012911,(P_012821,P_012917)0:2.290909162496846)0:1.4401156269940598)0.68552:0.016305197293488335)0.78453:0.02827896477265755)0.43999:0.06455392849299296)0.36267:0.05843697623724969)0:2.006737902432537)0:1.5611104919165106)0:2.355038933053043)0:2.222478904937072,((P_012867,((P_012923,P_012847)0:4.066173685255402,(P_012899,P_012817)0:1.9259826918702563)0:1.0625611502761074)0:3.7363258132426242,(P_012843,(((P_012937,(P_006421,P_012939)0:1.79729964960367)0:4.932072971593157,(P_012803,(P_012853,(P_012837,P_012829)0:1.4499506494586567)0.72916:0.03764410267987161)0:0.3707913805560576)0.00098:0.16317748752043104,(((P_012801,(P_012809,P_012879)0:3.7574973948851147)0:0.9054861139371664,(P_012839,(P_012805,(P_012825,(P_012799,YZRI)0:1.2946292016034733)0.00013:0.24283661197839604)0.00526:0.1298144929865783)0:0.839486104032422)0:0.9108468243603398,(P_012909,(((P_012865,(P_012931,(P_012935,P_012933)0:2.608843551018761)0:2.44446848668442)0:0.34117043558722115,((P_012849,P_012871)0:2.0190121454677996,(P_012845,P_012807)0:0.5121733502259457)0:0.6001272112953521)0:2.8619025147623103,((GAP_81172,P_012833)0:3.3372833848883396,((P_012927,(GAP_80295,PSJT)0:0.16220906968445495)0:1.6583879057355235,((P_012915,P_012791)0.02773:0.12807498804993517,(P_012869,(P_012835,(P_012819,P_012823)0.86594:0.023496272380325627)0:0.9831000993761844)0:3.283743988162618)0:1.9569167132519854)0.00242:0.07164949360014443)0:2.0336327835929633)0.21684:0.017663062402527772)0:1.7462400925782975)0:1.5690047816264452)0.00001:0.22698133484810584)0:1.1961516213303847)0:1.052180835138189)0.00003:0.15904180518937197)0:1.5273735378048066,(P_012795,P_012941)0:4.029162927273166)0:3.836647989201345)0:0.5283263934661769)0:0.6960608917095112)0:2.4457094363124234)0:0.7416505730600313)0:2.7590463354407766)0:1.5772763766675106)0:0.7672551527136672));
Weight calculation took 82.996840753 secs
ASTRAL finished in 103.357 secs
