
================== ASTRAL ===================== 

This is ASTRAL version 5.7.7
Gene trees are treated as unrooted
167 trees read from all_bs10.trees
index191
All output trees will be *arbitrarily* rooted at P0109B

======== Running the main analysis
Number of taxa: 244 (244 species)
Taxa: [PAWA, CSSK, OPDF, P_019185, GAP_80417, GAP_79804, P2590, P2589, Asie, QDVW, SJEV, WKSU, DHPO, OBPL, P2622, P2623, P0207C, P0110B, P0206H, P0206G, P0207B, XQWC, P0207A, P0110C, P_018779, P_011609, Sdec, GAP_80322, P_019189, P_012855, P_007802, P_012827, P_012919, P_012921, P_018637, P_012813, P_012913, P_012877, P_012841, P_012797, P_012815, P_012903, P_012925, P_012883, P_012901, P_012851, P_012887, P_012875, P_012831, P_012905, P_012857, P_012895, P_012891, P_012811, P_012859, P_012873, P_012881, P_012897, GAP_80291, GAP_80294, P_006420, P_012907, P_012863, P_012911, P_012821, P_012917, P_006418, P_012793, P_012889, GAP_80293, P_012893, P_006419, GAP_80292, P_012885, P_018689, P_012861, P_012843, P_012939, P_006421, P_012937, P_012803, P_012853, P_012837, P_012829, P_012807, P_012845, P_012865, YZRI, P_012935, P_012933, P_012931, P_012871, P_012849, GAP_80295, PSJT, P_012927, P_012915, P_012791, P_012819, P_012835, P_012823, P_012869, GAP_81172, P_012833, P_012909, P_012801, P_012879, P_012809, P_012825, P_012799, P_012805, P_012839, P_012867, P_012923, P_012847, P_012899, P_012817, P_012941, P_012795, P_011587, P0203H, GAP_79862, P_025523, P_014081, P0104A, P_008647, P_008632, P_016813, Dhai, P_011713, P_011705, P_011537, s11679, P_008646, P_011715, P_011759, P_011735, P_011675, P_011673, P_006412, P_011681, P_011739, P_018635, s11677, P_011745, P_006413, P_008640, GAP_80390, GAP_80389, P_011671, P2619, P_011637, P_007844, P_011647, P_011643, P_011509, P_011651, GAP_80394, GAP_80393, s11657, P_011523, P_011487, P_011489, P_011501, P_007783, P_006414, P_007843, P_011465, P_011549, GAP_80395, P_011551, P_011527, GAP_80297, P_014083, P_014077, GAP_80298, P_011699, P_011531, P_006411, Schi, P_019193, P_019187, Wsal, P_016921, GAP_81226, P_006410, Pcol, GAP_81227, P_019197, P_016909, P_018831, P0109B, P_018783, P_018645, P_018695, P_016797, P_016799, GAP_80397, P_016795, P_006422, P_016793, P_018693, S27, P_016789, P_016787, S02, P_014099, S03, S04, P_016791, P_011701, P_007845, P_018691, P_011579, P_018639, VYLQ, P_011613, WPHN, KRJP, MAQO, WAIL, Apet, ABSS, BCGB, WIGA, WZFE, P_008631, P_011631, OSHQ, P_019191, P_025525, P_014095, S38, S08, KAYP, Msal, P_011719, P_014073, P_025527, P_011709, P_019199, P_011611, P_011607, P_011589]
Taxon occupancy: {P_019193=148, P_019191=81, P_019197=156, OPDF=162, GAP_81172=166, P_018783=164, P_019199=73, Wsal=149, P_016921=164, WKSU=167, P_025523=37, P_025525=55, P_025527=24, P_014073=32, P0203H=117, P_014077=109, QDVW=164, P_011487=164, P_011489=165, P_016813=148, P_006421=166, P_006422=163, P_006420=140, P_006418=166, P_006419=167, P_014081=127, P_006414=164, P_014083=133, P_018689=167, P0206H=160, P0206G=151, Msal=144, P0109B=85, P_012901=165, P_006410=161, P_006411=162, P_012903=165, P_006412=163, P_006413=159, P_012905=166, PAWA=162, P_012907=167, GAP_79862=160, ABSS=166, P_012909=165, P_018691=78, GAP_80291=167, P_018695=161, P_014095=81, GAP_80293=166, GAP_80292=167, P_018693=161, GAP_80295=164, GAP_80294=166, P_014099=161, GAP_80297=164, GAP_80298=162, P_012911=166, P_011701=42, P_012913=145, P_012915=162, P_011705=100, P_012917=163, P_012919=165, P_011709=34, P_012881=167, P_011671=96, P_011551=120, P_012883=167, P_011673=141, MAQO=166, GAP_80322=165, P_012885=166, P_011675=156, P2590=145, P_012887=167, P_012889=165, P_008647=156, PSJT=162, P2589=146, P_012891=166, P_011681=131, P_012893=166, P_018637=166, P_012895=167, P_018635=155, P_012897=166, P0207C=163, P0207B=162, P_012899=165, P0207A=164, P_018639=159, P_008646=164, P_008640=163, BCGB=165, WZFE=164, P_018645=161, KRJP=165, KAYP=105, P_011699=102, P_011579=135, CSSK=161, P_008632=161, P_007783=160, P_016909=164, P_008631=32, P_019187=161, P_019185=156, Sdec=45, P_019189=145, P_012791=165, P_012793=165, Asie=129, P_012795=165, P_018779=147, P_011465=165, P_012797=166, P_011587=138, P_012799=166, P_011589=3, GAP_80417=103, WIGA=162, GAP_79804=134, P_007802=146, P_012841=165, P_011631=141, P_012843=165, Pcol=142, P_012845=164, P_012847=162, P_011637=164, P_011759=156, P_012849=165, Apet=78, OBPL=165, P0110C=156, P0110B=123, P_018831=162, YZRI=165, P_012851=166, P_012853=163, P_011643=167, P_011523=165, P_012855=165, P_012857=164, P_011647=156, P_011527=105, P_012859=166, WAIL=165, P_016789=159, P_012861=166, P_011651=153, P_011531=144, P_016787=162, P_012863=166, P_012865=165, Schi=140, P_012867=165, P_011537=133, P_012869=166, P_016793=159, P_016791=163, P_016797=165, SJEV=164, P_016795=160, P_012871=162, P_012873=165, P_016799=163, P_012875=166, P_012877=164, P_012879=167, P_011549=159, P_007844=125, P_007845=42, S02=134, P_012921=161, S04=54, P_012801=165, S03=157, P_012923=166, P_011713=126, P_012803=164, P_012925=165, P_011715=147, S08=115, P_012805=165, P_007843=154, P_012927=166, P_012807=162, P_011719=32, P_012809=165, VYLQ=165, DHPO=167, s11657=148, GAP_80390=146, P2622=127, P2623=63, XQWC=166, GAP_80394=165, GAP_80393=166, GAP_80395=165, GAP_80397=164, P_012931=166, P_012811=166, P_012933=162, WPHN=165, P_012813=165, P_012935=163, P_012815=165, P_012937=166, P_012817=164, P_011607=7, P_012939=164, P_011609=115, P_012819=162, P2619=114, OSHQ=164, GAP_80389=157, P_012941=167, P_012821=165, P_011611=21, P_012823=165, P_011613=77, P_011735=163, P_012825=167, S27=135, P_012827=156, P_011739=148, P_012829=120, s11679=133, s11677=131, Dhai=160, P0104A=146, P_012831=161, P_011501=165, P_012833=164, GAP_81226=165, P_011745=150, GAP_81227=165, P_012835=165, S38=55, P_012837=165, P_012839=163, P_011509=164}
Number of gene trees: 167
167 trees have missing taxa
Calculating quartet distance matrix (for completion of X)
Species tree distances calculated ...
Will attempt to complete bipartitions from X before adding using a distance matrix.
Building set of clusters (X) from gene trees 
------------------------------
gradient0: 26825
Number of Clusters after addition by distance: 26825
calculating extra bipartitions to be added at level 1 ...
Adding to X using resolutions of greedy consensus ...
Limit for sigma of degrees:6150
polytomy size limit : 36
discarded polytomies:  [3, 3, 3, 3, 3, 3, 3, 3, 3, 3, 3, 3, 3, 3, 3, 3, 3, 3, 3, 4, 4, 4, 4, 4, 4, 4, 4, 4, 4, 4, 4, 4, 4, 4, 5, 5, 5, 6, 6, 7, 8, 9, 9, 10, 10, 11, 12, 13, 14, 14, 27, 36]
Threshold 0.0:
polytomy of size 4; rounds with additions with at least 5 support: 1; clusters: 26841
Threshold 0.01:
polytomy of size 6; rounds with additions with at least 5 support: 3; clusters: 26909
polytomy of size 3; rounds with additions with at least 5 support: 1; clusters: 26911
Threshold 0.02:
polytomy of size 3; rounds with additions with at least 5 support: 0; clusters: 26911
polytomy of size 8; rounds with additions with at least 5 support: 0; clusters: 27073
polytomy of size 3; rounds with additions with at least 5 support: 0; clusters: 27073
polytomy of size 4; rounds with additions with at least 5 support: 0; clusters: 27077
Threshold 0.05:
polytomy of size 3; rounds with additions with at least 5 support: 0; clusters: 27077
polytomy of size 4; rounds with additions with at least 5 support: 0; clusters: 27077
polytomy of size 9; rounds with additions with at least 5 support: 1; clusters: 27093
polytomy of size 3; rounds with additions with at least 5 support: 0; clusters: 27093
polytomy of size 5; rounds with additions with at least 5 support: 0; clusters: 27095
polytomy of size 3; rounds with additions with at least 5 support: 0; clusters: 27095
Threshold 0.1:
polytomy of size 9; rounds with additions with at least 5 support: 0; clusters: 27103
polytomy of size 3; rounds with additions with at least 5 support: 0; clusters: 27103
polytomy of size 12; rounds with additions with at least 5 support: 0; clusters: 27111
polytomy of size 3; rounds with additions with at least 5 support: 0; clusters: 27111
polytomy of size 4; rounds with additions with at least 5 support: 0; clusters: 27111
polytomy of size 4; rounds with additions with at least 5 support: 0; clusters: 27111
polytomy of size 10; rounds with additions with at least 5 support: 0; clusters: 27145
polytomy of size 4; rounds with additions with at least 5 support: 0; clusters: 27145
Threshold 0.2:
polytomy of size 10; rounds with additions with at least 5 support: 0; clusters: 27147
polytomy of size 4; rounds with additions with at least 5 support: 0; clusters: 27147
polytomy of size 14; rounds with additions with at least 5 support: 0; clusters: 27153
polytomy of size 3; rounds with additions with at least 5 support: 0; clusters: 27153
polytomy of size 4; rounds with additions with at least 5 support: 0; clusters: 27153
polytomy of size 4; rounds with additions with at least 5 support: 0; clusters: 27153
polytomy of size 3; rounds with additions with at least 5 support: 0; clusters: 27153
polytomy of size 5; rounds with additions with at least 5 support: 0; clusters: 27153
polytomy of size 3; rounds with additions with at least 5 support: 0; clusters: 27153
polytomy of size 27; rounds with additions with at least 5 support: 0; clusters: 27243
polytomy of size 4; rounds with additions with at least 5 support: 0; clusters: 27243
Threshold 0.3333333333333333:
polytomy of size 3; rounds with additions with at least 5 support: 0; clusters: 27243
polytomy of size 3; rounds with additions with at least 5 support: 0; clusters: 27243
polytomy of size 13; rounds with additions with at least 5 support: 0; clusters: 27251
polytomy of size 3; rounds with additions with at least 5 support: 0; clusters: 27251
polytomy of size 3; rounds with additions with at least 5 support: 0; clusters: 27251
polytomy of size 4; rounds with additions with at least 5 support: 0; clusters: 27251
polytomy of size 11; rounds with additions with at least 5 support: 0; clusters: 27251
polytomy of size 7; rounds with additions with at least 5 support: 0; clusters: 27251
polytomy of size 14; rounds with additions with at least 5 support: 0; clusters: 27251
polytomy of size 4; rounds with additions with at least 5 support: 0; clusters: 27251
polytomy of size 4; rounds with additions with at least 5 support: 0; clusters: 27251
polytomy of size 3; rounds with additions with at least 5 support: 0; clusters: 27251
polytomy of size 3; rounds with additions with at least 5 support: 0; clusters: 27251
polytomy of size 3; rounds with additions with at least 5 support: 0; clusters: 27251
polytomy of size 3; rounds with additions with at least 5 support: 0; clusters: 27251
polytomy of size 4; rounds with additions with at least 5 support: 0; clusters: 27251
polytomy of size 6; rounds with additions with at least 5 support: 0; clusters: 27251
polytomy of size 4; rounds with additions with at least 5 support: 0; clusters: 27251
polytomy of size 36; rounds with additions with at least 5 support: 0; clusters: 27317
polytomy of size 5; rounds with additions with at least 5 support: 0; clusters: 27317
max k is :6
Number of Clusters after addition by greedy: 27317
gradient0 in heuristiic: 27317
partitions formed in 21.336 secs
Dynamic Programming starting after 21.336 secs
Using tree-based weight calculation.
Using polytree-based weight calculation.
Polytree max score: 12895516742
Polytree building time: 0.17 seconds.
Number of quartet trees in the gene trees: 12895516742
Size of largest cluster: 244
Greedy score: 11988796401
estimationFactor: 1.0756306396966062
Sub-optimal score: 11992305544
Total Number of elements weighted: 72123
Normalized score (portion of input quartet trees satisfied before correcting for multiple individuals): 0.9528521873016695
Optimization score: 12287521334
Optimal tree inferred in 170.853 secs.
(Wsal,(P_019187,(P_019193,(SJEV,((P_016921,(GAP_81227,(WKSU,(Pcol,(GAP_81226,P_006410))))),(((P_025527,(P_025523,P_025525)),(((Asie,QDVW),(P_019189,(PAWA,P_019197))),(((OPDF,P2589),(CSSK,P_019185)),((P_019191,P_019199),(GAP_80417,(GAP_79804,P2590)))))),((P0203H,((P_016909,WZFE),(P0109B,(P_018831,OSHQ)))),(((P_011613,WPHN),(((P_011609,(Sdec,P2619)),(MAQO,(WAIL,(P_011527,((P_014077,GAP_80298),(GAP_80297,P_014083)))))),(((P_011587,GAP_79862),(P_014081,(P0104A,P_008647))),(((KRJP,(P_011549,GAP_80395)),(((GAP_80394,GAP_80393),(s11657,(P_011643,(P_011509,P_011651)))),((P_011647,(P_011465,(P_011523,(P_011501,(P_011487,P_011489))))),(P_011631,(P_011551,((P_011637,P_007844),(P_007843,(P_007783,P_006414)))))))),((P_011531,(P_011699,(P_006411,Schi))),(VYLQ,((P_018635,P_008631),(P_011709,(P_011719,((P_011579,(P_008632,P_011671)),((P_011713,P_011705),((KAYP,((ABSS,BCGB),(WIGA,(Dhai,(Apet,Msal))))),((P_006413,(P_016813,((GAP_80390,GAP_80389),((s11679,P_008646),(P_006412,P_008640))))),((P_014073,P_011589),(P_011701,(P_011607,(P_011681,(P_011673,((P_011537,(P_011739,s11677)),(P_011759,((P_011735,P_011675),(P_011715,(P_011745,P_011611))))))))))))))))))))))),((P_007845,(((P_018779,P_018639),(P_018695,(P_018783,P_018645))),((P_016797,(OBPL,(P_016799,GAP_80397))),((P_018691,(P_016793,(P_016795,P_006422))),(P_018693,((P_014095,S08),((S38,(S04,(S27,P_016789))),(P_016791,((P_014099,S03),(P_016787,S02)))))))))),(((P2622,P2623),(P0110C,(XQWC,(P0110B,(P0207A,(P0207C,(P0207B,(P0206H,P0206G)))))))),((DHPO,GAP_80322),((P_012941,P_012795),((P_012861,((P_012855,(P_007802,P_012827)),((P_012919,P_012921),(P_018637,P_012813)))),((P_012797,((P_012841,((P_012913,P_012877),(P_012811,(P_012895,P_012891)))),((((P_012925,P_012883),(P_012857,(P_012815,P_012903))),(P_012875,((P_012851,P_012887),(P_012901,(P_012831,P_012905))))),(P_018689,((P_012859,(P_012885,(GAP_80294,P_006420))),(((GAP_80291,P_012907),(P_012873,P_012881)),((P_012897,(GAP_80293,P_012893)),((P_012793,(P_006419,GAP_80292)),(P_012889,(P_006418,(P_012863,(P_012911,(P_012821,P_012917))))))))))))),((P_012867,((P_012899,P_012817),(P_012923,P_012847))),(P_012843,(((P_012937,(P_012939,P_006421)),(P_012803,(P_012853,(P_012837,P_012829)))),(((P_012801,(P_012879,P_012809)),(P_012839,(P_012805,(P_012825,(YZRI,P_012799))))),((P_012909,((P_012865,(P_012931,(P_012935,P_012933))),((P_012871,P_012849),(P_012807,P_012845)))),((GAP_81172,P_012833),((P_012927,(GAP_80295,PSJT)),((P_012915,P_012791),(P_012869,(P_012823,(P_012819,P_012835)))))))))))))))))))))))));
Final quartet score is: 12287521334
Final normalized quartet score is: 0.9528521873016695
You may want to ignore posterior probabilities and other statistics related to the following branch branch because the effective number of genes impacting it is only 1:
	{P_014073, P_011589}
You may want to ignore posterior probabilities and other statistics related to the following branch branch because the effective number of genes impacting it is only 17:
	{P_011745, P_011611}
You may want to ignore posterior probabilities and other statistics related to the following branch branch because the effective number of genes impacting it is only 6:
	{P_011537, P_011715, P_011759, P_011735, P_011675, P_011673, P_011681, P_011739, s11677, P_011745, P_011611}
You may want to ignore posterior probabilities and other statistics related to the following branch branch because the effective number of genes impacting it is only 1:
	{P_011537, P_011715, P_011759, P_011735, P_011675, P_011673, P_011681, P_011739, s11677, P_011745, P_011611, P_011607}
You may want to ignore posterior probabilities and other statistics related to the following branch branch because the effective number of genes impacting it is only 11:
	{P_011537, P_011715, P_011759, P_011735, P_011675, P_011673, P_011681, P_011739, s11677, P_011745, P_011701, P_011611, P_011607}
You may want to ignore posterior probabilities and other statistics related to the following branch branch because the effective number of genes impacting it is only 8:
	{P_008632, P_016813, Dhai, P_011713, P_011705, P_011537, s11679, P_008646, P_011715, P_011759, P_011735, P_011675, P_011673, P_006412, P_011681, P_011739, s11677, P_011745, P_006413, P_008640, GAP_80390, GAP_80389, P_011671, P_011701, P_011579, Apet, ABSS, BCGB, WIGA, KAYP, Msal, P_011719, P_014073, P_011611, P_011607, P_011589}
You may want to ignore posterior probabilities and other statistics related to the following branch branch because the effective number of genes impacting it is only 14:
	{P_025523, P_025525}
You may want to ignore posterior probabilities and other statistics related to the following branch branch because the effective number of genes impacting it is only 19:
	{P_025523, P_025525, P_025527}
Extended species tree:
(P0109B,((P_018831,OSHQ)73.98:0.9069619295502653,((P_016909,WZFE)86.94:1.5895086733115458,(P0203H,((((P_011613,WPHN)36.9:0.04504919261115599,(((P_011609,(Sdec,P2619)63.71:0.5601979431730448)73.9:0.9036655137791879,(MAQO,(WAIL,(P_011527,((P_014077,GAP_80298)36.56:0.0440636802599645,(GAP_80297,P_014083)92.43:2.0882323041951443)42.43:0.13942464622537656)59.1:0.47383734609603056)68.65:0.7406733185853509)87.28:1.6015819136216305)50.55:0.28648852973418143,(((P_011587,GAP_79862)76.21:1.0055750532423517,(P_014081,(P0104A,P_008647)94.78:2.4022149339428878)88.35:1.682848036586659)80.6:1.2039202319372366,(((KRJP,(P_011549,GAP_80395)88.32:1.6953835753237132)66.5:0.6747668385017034,(((GAP_80394,GAP_80393)73.56:0.9061589521015319,(s11657,(P_011643,(P_011509,P_011651)74.99:0.960036170262173)35.68:0.03177015922104038)74.48:0.9389232089766366)37.17:0.055036773711286874,((P_011647,(P_011465,(P_011523,(P_011501,(P_011487,P_011489)37.81:0.0654431515290026)35.68:0.03211432257948164)72.14:0.8554819486171528)82.57:1.3068028113355707)48.96:0.25898869470478886,(P_011631,(P_011551,((P_011637,P_007844)39.01:0.08323411799514267,(P_007843,(P_007783,P_006414)36.31:0.041628179730551954)58.26:0.45832617338007625)39.97:0.09800883322551683)40.61:0.10829256858465966)42.34:0.13887508037334864)73.82:0.9150153286583197)94.08:2.3221544253640167)90.11:1.8401843931000335,((P_011531,(P_011699,(P_006411,Schi)70.56:0.7907349756396559)52.8:0.3325534644426963)90.31:1.8601826347785186,(VYLQ,((P_018635,P_008631)42.85:0.126826238812665,(P_011709,(P_011719,((P_011579,(P_008632,P_011671)45.31:0.18831037015500388)81.4:1.2412106325477714,((P_011713,P_011705)45.1:0.18117489984105373,((KAYP,((ABSS,BCGB)70.45:0.7954391022027208,(WIGA,(Dhai,(Apet,Msal)46.57:0.20707105775119988)46.72:0.21693764824662823)62.8:0.5694563639832623)40.04:0.0971420199009602)51.71:0.3070184056617465,((P_006413,(P_016813,((GAP_80390,GAP_80389)88.26:1.6802567816925371,((s11679,P_008646)56.77:0.42094212373306034,(P_006412,P_008640)77.95:1.0821692189020096)43.13:0.15238747400780414)41.53:0.12428314587977261)60.69:0.5115966152930397)42.25:0.13512167225320781,((P_014073,P_011589)100:0.2876820724517809,(P_011701,(P_011607,(P_011681,(P_011673,((P_011537,(P_011739,s11677)64.87:0.6209405508869822)49.8:0.27370821599723066,(P_011759,((P_011735,P_011675)87.73:1.6443812653271608,(P_011715,(P_011745,P_011611)81.06:1.034372144501373)47.57:0.23247508014646914)50.33:0.285906517116039)43.45:0.1577828164522614)42.11:0.1339472132687523)34.1:0.006281747254483826)54.79:0.19566439600497426)0:0.0)78.44:0.7670009719985511)50.35:0.2561203220765179)55.09:0.3823889758964521)38.41:0.07246813230398584)65.25:0.6351070674691371)48.88:0.22863452731594652)50.95:0.16953824689247404)39.98:0.07603548753195512)58.03:0.45014854172647034)55.41:0.3916832434670461)81.36:1.234129152971909)46.85:0.2168502729564256)52.58:0.3283835865519143)67.98:0.7136290132098171)86.63:1.5545343814847856,((P_007845,(((P_018779,P_018639)54.6:0.37529729005839346,(P_018695,(P_018783,P_018645)47.3:0.22905456577177893)52.12:0.3236169384883743)59.01:0.4763852104002262,((P_016797,(OBPL,(P_016799,GAP_80397)44.91:0.18560928636392982)67.85:0.7160512186203721)76.84:1.035780444326643,((P_018691,(P_016793,(P_016795,P_006422)65.81:0.6546100307479983)61.33:0.5179917863783204)36.09:0.031789124197509615,(P_018693,((P_014095,S08)63.24:0.568550381175978,((S38,(S04,(S27,P_016789)71.79:0.8055859200601923)39.02:0.0622710215146259)59.45:0.4682072562365311,(P_016791,((P_014099,S03)93.82:2.284543533664173,(P_016787,S02)96.98:2.879935279739173)38.87:0.08159401039147283)37.61:0.06136383193975992)48.46:0.24763611878092648)52.98:0.3367481772961426)39.74:0.09502957797862734)42.03:0.1338152575664122)44.52:0.17732567066553168)43.11:0.13698846123803385)86.84:1.4691331601264657,(((P2622,P2623)56.86:0.4123549293189974,(P0110C,(XQWC,(P0110B,(P0207A,(P0207C,(P0207B,(P0206H,P0206G)53:0.34192096500145114)42.58:0.1446672729843662)40.39:0.10760203573790496)40.03:0.10013359758998708)49.63:0.27214093208496243)65.52:0.6471552861804298)89.75:1.806491367314974)62.18:0.5524767874787261,((DHPO,GAP_80322)97.38:3.033245232027657,((P_012941,P_012795)98.17:3.3168005523202755,((P_012861,((P_012855,(P_007802,P_012827)91.35:1.970621049482806)83.41:1.3594879679315297,((P_012919,P_012921)96.85:2.876534276102079,(P_018637,P_012813)63.49:0.5916828260213765)93.28:2.212470449133004)96.71:2.842262554908419)42.87:0.149285894462382,((P_012797,((P_012841,((P_012913,P_012877)85.57:1.4903623625397175,(P_012811,(P_012895,P_012891)55.92:0.4057899237676782)88.2:1.686702093392795)89.15:1.7661926774807952)58.86:0.4734800932329746,((((P_012925,P_012883)97.64:3.116749520126503,(P_012857,(P_012815,P_012903)83.42:1.3589515331623896)42.28:0.13839758087292978)39.04:0.08434421408821244,(P_012875,((P_012851,P_012887)97.98:3.2385589220561033,(P_012901,(P_012831,P_012905)56.72:0.4232367343248633)37.41:0.059152427550596784)48.17:0.2455056284834138)73.27:0.8944790080154563)69.88:0.7765369640809319,(P_018689,((P_012859,(P_012885,(GAP_80294,P_006420)88.3:1.6829744466994696)34.56:0.014402438180777404)38.71:0.07835948487632344,(((GAP_80291,P_012907)37.78:0.06276701936498295,(P_012873,P_012881)86.77:1.5718819832518793)36.37:0.04066560315638611,((P_012897,(GAP_80293,P_012893)94.1:2.3273846711113024)43.64:0.16018137273505567,((P_012793,(P_006419,GAP_80292)95.79:2.6321817628847453)47.31:0.22637953055813614,(P_012889,(P_006418,(P_012863,(P_012911,(P_012821,P_012917)90.4:1.880125462669125)77.58:1.0626125619065487)43.2:0.15226954640276402)36.76:0.04570786504076738)35.4:0.025552222359130676)37.48:0.0581719246005771)35.86:0.032795788527588784)40.72:0.11054509968448518)91.83:2.0235701652366673)81.31:1.240678501550885)95.48:2.5592421114723147)36.99:0.052642539663863404)96.38:2.7526067031559234,((P_012867,((P_012899,P_012817)92.25:2.0812203846313553,(P_012923,P_012847)98.4:3.4040644907451196)73.39:0.9019958688016767)98.24:3.3415529323998943,(P_012843,(((P_012937,(P_012939,P_006421)85.8:1.510231262350652)99.37:3.987904732285281,(P_012803,(P_012853,(P_012837,P_012829)85.86:1.498433827660608)37.91:0.06692742347046013)50.02:0.28128346950007377)47.41:0.23079520656332786,(((P_012801,(P_012879,P_012809)99.39:4.001194165400105)73.25:0.8962063495659776,(P_012839,(P_012805,(P_012825,(YZRI,P_012799)84.57:1.4302533641762993)45.11:0.18942752395680842)39.12:0.08676415517975576)70.88:0.8131584107658313)79.84:1.1716311296335085,((P_012909,((P_012865,(P_012931,(P_012935,P_012933)95.65:2.6020801151725377)94.4:2.378298755026266)50.38:0.2890213107782595,((P_012871,P_012849)90.94:1.934973448148535,(P_012807,P_012845)62.87:0.5745229488693241)63.44:0.5900414569743411)95.51:2.576130741650842)40.88:0.1157312467925265,((GAP_81172,P_012833)98.57:3.494426395262659,((P_012927,(GAP_80295,PSJT)49.66:0.27464250246831)92.94:2.167675258731569,((P_012915,P_012791)42.51:0.14343189957321362,(P_012869,(P_012823,(P_012819,P_012835)36.71:0.048268120566855276)74.46:0.9417154106301998)97.76:3.1579668788891126)90.72:1.9139864843765269)41.37:0.124046425501352)97.25:2.9908740347560716)94.76:2.4343418381554662)96.59:2.803469357586079)42.92:0.14998640677305777)82.89:1.3276238683448025)85.64:1.4956792698354544)58.23:0.4577813054838817)87.93:1.6611135059750948)99.61:4.154889953798431)68.34:0.7302398631767673)74.93:0.9561121610589838)94.02:2.2978614531984243)74.49:0.9358248154140661,(((P_025527,(P_025523,P_025525)78.54:0.9151065991129382)64.06:0.5218381334962524,(((Asie,QDVW)98.45:3.3611006325516644,(P_019189,(PAWA,P_019197)69.11:0.7513528279417264)41.06:0.1179683637437506)46.61:0.21630375942883878,(((OPDF,P2589)73.95:0.9199839061793676,(CSSK,P_019185)41.31:0.12280294717539174)85.19:1.4670231560919322,((P_019191,P_019199)49.39:0.25748153147975417,(GAP_80417,(GAP_79804,P2590)93.45:2.1780291603268442)62.39:0.5495986696359676)55.92:0.40033645432982284)86.67:1.5668737292125352)53.01:0.3307844583029513)57.72:0.43127946179455323,((P_016921,(GAP_81227,(WKSU,(Pcol,(GAP_81226,P_006410)76.06:1.0020332784601214)66.13:0.6635918446886613)45.72:0.20035395452596666)62.4:0.5626161437489844)96.12:2.70255687768221,(SJEV,(P_019193,(P_019187,Wsal)65.26:0.6387458016183184)75.5:0.9799505205141951)91.77:2.0235726679121595)93.28:2.211270229217338)50.43:0.28819005461104363)92.79:2.1100780528523013)80.18:1.1783927740263052)66.24:0.6578531252259002));
Weight calculation took 145.382971003 secs
ASTRAL finished in 173.898 secs
