
================== ASTRAL ===================== 

This is ASTRAL version 5.7.7
Gene trees are treated as unrooted
203 trees read from all_bs10.trees
index114
All output trees will be *arbitrarily* rooted at P0109B

======== Running the main analysis
Number of taxa: 244 (244 species)
Taxa: [P_012847, P_012923, P_012899, P_012817, P_012803, P_012909, P_012865, P_012931, P_012933, P_012935, P_012849, P_012915, P_012791, P_012869, P_012819, P_012823, P_012835, P_012833, GAP_81172, GAP_80295, P_012927, PSJT, P_012845, P_012807, P_012801, P_012879, P_012809, P_012839, P_012805, P_012799, P_012825, P_012853, P_012837, P_012829, P_012937, P_012939, P_006421, P_012843, P_012855, P_007802, P_012827, P_012921, P_012919, P_012813, P_018637, P_006411, Schi, P_011537, P_011675, P_011735, P_011673, P_011739, P_011715, P_008646, P_011705, P_011713, P_006413, GAP_80390, GAP_80389, P_008640, P_006412, P_011677, WIGA, P_016813, P_011679, P_011671, P_011531, P_011609, P0203H, P_008632, P_011745, P_011759, P_011681, GAP_80395, P_011549, P2619, P_011551, P_011501, P_011523, P_011489, P_011487, GAP_80393, GAP_80394, P_011657, P_011509, P_011651, P_011643, P_011647, P_007844, P_011637, P_007783, P_007843, P_006414, P_011465, P_011527, GAP_80298, P_014077, P_014083, P_018635, GAP_80297, P_014081, P_008647, P0104A, GAP_79862, Pcol, GAP_81226, P_006410, P_016921, GAP_81227, P_019197, SJEV, Wsal, P_019187, P_019193, P0109B, P_018831, P_016909, P_019189, P_011587, P_018779, P_011579, P_011701, P_018639, P_025523, Sdec, P2622, P_018645, P_018783, P_018691, P_018695, P_016797, P_007845, GAP_80397, P_016799, P_006422, P_016795, P_016793, P_018693, S27, P_016789, S03, P_014099, P_016787, S02, P_016791, S04, YZRI, P_012871, DHPO, OBPL, Apet, Dhai, BCGB, ABSS, VYLQ, WPHN, KRJP, P_011699, MAQO, WAIL, GAP_79804, P2590, GAP_80417, P2589, P_019185, OPDF, CSSK, PAWA, QDVW, Asie, WKSU, WZFE, GAP_80322, P0206G, P0207C, P0110C, P0110B, P0207A, P0206H, P0207B, XQWC, P2623, P_012795, P_012941, P_012861, P_012797, P_012815, P_012903, P_012883, P_012925, P_012857, P_012901, P_012887, P_012851, P_012875, P_012831, P_012905, P_012877, P_012913, P_012841, P_012907, P_012897, GAP_80294, P_006420, P_012859, P_006418, P_012863, P_012889, GAP_80291, P_012793, P_012821, P_012917, P_012911, GAP_80292, P_006419, GAP_80293, P_012893, P_012885, P_012881, P_012873, P_018689, P_012811, P_012891, P_012895, P_012867, OSHQ, P_025525, P_019191, P_011613, P_011631, P_008631, KAYP, Msal, P_014095, S08, S38, P_011719, P_014073, P_025527, P_011709, P_011611, P_019199, P_011607, P_011589]
Taxon occupancy: {P_019193=180, P_019191=88, P_019197=187, OPDF=195, GAP_81172=202, P_018783=197, P_019199=69, Wsal=182, P_016921=199, WKSU=203, P_025523=34, P_025525=60, P_025527=26, P_014073=32, P0203H=145, P_014077=129, QDVW=200, P_011487=199, P_011489=201, P_016813=183, P_006421=202, P_006422=198, P_006420=171, P_006418=201, P_006419=203, P_006414=200, P_014081=148, P_014083=161, P_018689=203, P0206H=191, P0206G=182, Msal=178, P0109B=109, P_006410=197, P_012901=201, P_006411=197, P_006412=198, P_012903=201, P_006413=195, P_012905=201, GAP_79862=195, PAWA=195, P_012907=203, ABSS=197, P_012909=201, P_018691=97, GAP_80291=203, P_018695=194, P_014095=93, GAP_80293=202, P_018693=194, GAP_80292=203, GAP_80295=199, P_014099=194, GAP_80294=202, GAP_80297=199, GAP_80298=197, P_011701=39, P_012911=202, P_012913=179, P_012915=198, P_011705=113, P_012917=198, P_012919=198, P_011709=21, P_011671=120, P_012881=203, P_011551=143, P_011673=169, MAQO=199, P_012883=203, P_011675=187, GAP_80322=200, P_012885=201, P2590=172, P_011677=161, P_012887=202, P_011679=175, P_012889=200, P_008647=191, PSJT=196, P2589=177, P_011681=148, P_012891=201, P_012893=202, P_018637=201, P_012895=202, P_018635=187, P_012897=202, P0207C=195, P_012899=201, P0207B=196, P_018639=191, P0207A=197, P_008646=200, P_008640=199, BCGB=200, WZFE=199, P_018645=194, KRJP=200, KAYP=116, P_011699=114, P_011579=159, CSSK=193, P_008632=197, P_007783=191, P_016909=200, P_008631=40, P_019187=195, P_019185=192, Sdec=48, P_019189=173, P_012791=201, P_012793=199, Asie=159, P_012795=200, P_011465=200, P_018779=168, P_011587=161, P_012797=201, P_012799=202, P_011589=3, GAP_80417=122, WIGA=195, P_007802=176, GAP_79804=158, P_012841=200, P_011631=170, P_012843=201, Pcol=170, P_012845=200, P_012847=195, P_011637=198, P_011759=188, P_012849=201, Apet=93, OBPL=198, P0110C=187, P_018831=198, P0110B=144, YZRI=198, P_012851=201, P_012853=198, P_011643=201, P_011523=201, P_012855=199, P_011647=187, P_012857=199, P_011527=126, P_012859=201, WAIL=201, P_016789=193, P_011651=186, P_012861=202, P_011531=174, P_016787=197, P_012863=202, P_012865=201, Schi=168, P_011657=186, P_012867=201, P_011537=155, P_012869=201, P_016793=193, P_016791=197, P_016797=199, SJEV=199, P_016795=194, P_012871=195, P_012873=201, P_016799=198, P_012875=202, P_012877=200, P_012879=203, P_011549=191, P_007844=153, P_007845=35, S02=162, P_012921=194, S04=62, P_012801=200, S03=190, P_012923=202, P_011713=146, P_012803=200, P_011715=174, P_012925=201, S08=138, P_012805=200, P_007843=185, P_012927=201, P_012807=198, P_011719=24, P_012809=201, VYLQ=201, DHPO=202, GAP_80390=182, P2622=154, P2623=77, GAP_80394=201, XQWC=201, GAP_80393=201, GAP_80395=201, GAP_80397=198, P_012931=202, P_012811=201, P_012933=196, WPHN=199, P_012813=201, P_012935=199, P_012815=199, P_012937=202, P_012817=200, P_011607=7, P_012939=199, P_012819=197, P_011609=137, P2619=135, OSHQ=198, GAP_80389=191, P_012941=203, P_012821=201, P_011611=35, P_012823=199, P_011613=68, P_011735=199, P_012825=203, S27=161, P_012827=192, P_011739=175, P_012829=148, Dhai=194, P0104A=177, P_012831=195, P_011501=201, P_012833=200, GAP_81226=200, P_011745=184, GAP_81227=200, P_012835=200, S38=59, P_012837=200, P_012839=198, P_011509=200}
Number of gene trees: 203
203 trees have missing taxa
Calculating quartet distance matrix (for completion of X)
Species tree distances calculated ...
Will attempt to complete bipartitions from X before adding using a distance matrix.
Building set of clusters (X) from gene trees 
------------------------------
gradient0: 30219
Number of Clusters after addition by distance: 30219
calculating extra bipartitions to be added at level 1 ...
Adding to X using resolutions of greedy consensus ...
Limit for sigma of degrees:6150
polytomy size limit : 32
discarded polytomies:  [3, 3, 3, 3, 3, 3, 3, 3, 3, 3, 3, 3, 3, 3, 3, 3, 3, 4, 4, 4, 4, 4, 4, 4, 4, 4, 4, 4, 4, 4, 4, 4, 5, 5, 5, 6, 6, 6, 7, 7, 8, 9, 10, 10, 10, 13, 14, 14, 14, 18, 32]
Threshold 0.0:
polytomy of size 4; rounds with additions with at least 5 support: 1; clusters: 30235
Threshold 0.01:
polytomy of size 7; rounds with additions with at least 5 support: 1; clusters: 30327
polytomy of size 3; rounds with additions with at least 5 support: 0; clusters: 30327
Threshold 0.02:
polytomy of size 8; rounds with additions with at least 5 support: 1; clusters: 30427
polytomy of size 4; rounds with additions with at least 5 support: 0; clusters: 30429
Threshold 0.05:
polytomy of size 10; rounds with additions with at least 5 support: 0; clusters: 30451
polytomy of size 3; rounds with additions with at least 5 support: 0; clusters: 30451
polytomy of size 3; rounds with additions with at least 5 support: 0; clusters: 30451
polytomy of size 4; rounds with additions with at least 5 support: 0; clusters: 30451
Threshold 0.1:
polytomy of size 13; rounds with additions with at least 5 support: 0; clusters: 30473
polytomy of size 3; rounds with additions with at least 5 support: 0; clusters: 30473
polytomy of size 4; rounds with additions with at least 5 support: 0; clusters: 30473
polytomy of size 5; rounds with additions with at least 5 support: 0; clusters: 30473
polytomy of size 5; rounds with additions with at least 5 support: 0; clusters: 30473
polytomy of size 4; rounds with additions with at least 5 support: 0; clusters: 30475
polytomy of size 7; rounds with additions with at least 5 support: 0; clusters: 30477
polytomy of size 4; rounds with additions with at least 5 support: 0; clusters: 30479
polytomy of size 3; rounds with additions with at least 5 support: 0; clusters: 30479
Threshold 0.2:
polytomy of size 4; rounds with additions with at least 5 support: 0; clusters: 30479
polytomy of size 14; rounds with additions with at least 5 support: 0; clusters: 30481
polytomy of size 4; rounds with additions with at least 5 support: 0; clusters: 30481
polytomy of size 10; rounds with additions with at least 5 support: 0; clusters: 30485
polytomy of size 3; rounds with additions with at least 5 support: 0; clusters: 30485
polytomy of size 5; rounds with additions with at least 5 support: 0; clusters: 30485
polytomy of size 3; rounds with additions with at least 5 support: 0; clusters: 30485
polytomy of size 18; rounds with additions with at least 5 support: 0; clusters: 30493
polytomy of size 9; rounds with additions with at least 5 support: 0; clusters: 30505
polytomy of size 3; rounds with additions with at least 5 support: 0; clusters: 30505
polytomy of size 4; rounds with additions with at least 5 support: 0; clusters: 30505
Threshold 0.3333333333333333:
polytomy of size 3; rounds with additions with at least 5 support: 0; clusters: 30505
polytomy of size 3; rounds with additions with at least 5 support: 0; clusters: 30505
polytomy of size 3; rounds with additions with at least 5 support: 0; clusters: 30505
polytomy of size 4; rounds with additions with at least 5 support: 0; clusters: 30505
polytomy of size 6; rounds with additions with at least 5 support: 0; clusters: 30505
polytomy of size 14; rounds with additions with at least 5 support: 0; clusters: 30505
polytomy of size 4; rounds with additions with at least 5 support: 0; clusters: 30505
polytomy of size 4; rounds with additions with at least 5 support: 0; clusters: 30505
polytomy of size 3; rounds with additions with at least 5 support: 0; clusters: 30505
polytomy of size 14; rounds with additions with at least 5 support: 0; clusters: 30505
polytomy of size 3; rounds with additions with at least 5 support: 0; clusters: 30505
polytomy of size 3; rounds with additions with at least 5 support: 0; clusters: 30505
polytomy of size 3; rounds with additions with at least 5 support: 0; clusters: 30505
polytomy of size 6; rounds with additions with at least 5 support: 0; clusters: 30505
polytomy of size 3; rounds with additions with at least 5 support: 0; clusters: 30505
polytomy of size 4; rounds with additions with at least 5 support: 0; clusters: 30505
polytomy of size 10; rounds with additions with at least 5 support: 0; clusters: 30505
polytomy of size 3; rounds with additions with at least 5 support: 0; clusters: 30505
polytomy of size 32; rounds with additions with at least 5 support: 0; clusters: 30561
polytomy of size 4; rounds with additions with at least 5 support: 0; clusters: 30561
polytomy of size 6; rounds with additions with at least 5 support: 0; clusters: 30561
polytomy of size 4; rounds with additions with at least 5 support: 0; clusters: 30561
max k is :2
Number of Clusters after addition by greedy: 30561
gradient0 in heuristiic: 30561
partitions formed in 13.086 secs
Dynamic Programming starting after 13.086 secs
Using tree-based weight calculation.
Using polytree-based weight calculation.
Polytree max score: 15632921102
Polytree building time: 0.121 seconds.
Number of quartet trees in the gene trees: 15632921102
Size of largest cluster: 244
Greedy score: 14581943593
estimationFactor: 1.0720738975773105
Sub-optimal score: 14611958521
Total Number of elements weighted: 84593
Normalized score (portion of input quartet trees satisfied before correcting for multiple individuals): 0.9505883555632366
Optimization score: 14860472763
Optimal tree inferred in 104.255 secs.
(CSSK,((P_019185,(P2589,OPDF)),(((P_019191,P_019199),(GAP_80417,(GAP_79804,P2590))),(((QDVW,Asie),(P_019189,(P_019197,PAWA))),((P_025527,(P_025523,P_025525)),(((SJEV,(P_019193,(Wsal,P_019187))),(P_016921,(WKSU,(GAP_81227,(Pcol,(GAP_81226,P_006410)))))),((P0203H,((P_016909,WZFE),(P0109B,(P_018831,OSHQ)))),(((WPHN,P_011613),(((P_011609,(P2619,Sdec)),(MAQO,(WAIL,(P_011527,((GAP_80298,P_014077),(P_014083,GAP_80297)))))),(((GAP_79862,P_011587),(P_014081,(P_008647,P0104A))),(((KRJP,(GAP_80395,P_011549)),((P_011643,(P_011657,(P_011509,P_011651))),((GAP_80393,GAP_80394),((P_011647,(P_011465,(P_011501,(P_011523,(P_011489,P_011487))))),(P_011551,(P_011631,((P_007844,P_011637),(P_007843,(P_007783,P_006414))))))))),((P_011589,(P_011531,(P_011699,(P_006411,Schi)))),(VYLQ,((P_018635,P_008631),(P_011709,((P_011579,(P_011671,P_008632)),(P_011719,((P_011705,(KAYP,((BCGB,ABSS),(WIGA,(Dhai,(Apet,Msal)))))),((P_011713,P_006413),((P_016813,((GAP_80390,GAP_80389),((P_008646,P_011679),(P_008640,P_006412)))),(P_011701,((P_011673,(P_011607,(P_011537,(P_011739,P_011677)))),(P_011759,((P_011675,P_011735),(P_011681,(P_011715,(P_011745,(P_014073,P_011611))))))))))))))))))))),((((P_018779,P_018639),(P_018695,(P_018645,P_018783))),((P_016797,(P_007845,(P_016799,(GAP_80397,OBPL)))),((P_016793,(P_006422,P_016795)),(P_018691,(P_018693,((P_014095,S08),((S04,(S38,(S27,P_016789))),((P_016787,S02),(P_016791,(S03,P_014099)))))))))),(((P2622,P2623),(P0110C,(XQWC,(P0110B,(P0207A,(P0207C,(P0207B,(P0206G,P0206H)))))))),((DHPO,GAP_80322),((P_012795,P_012941),((P_012861,((P_012855,(P_007802,P_012827)),((P_012813,P_018637),(P_012921,P_012919)))),((P_012797,((P_012841,((P_012877,P_012913),(P_012811,(P_012891,P_012895)))),((((P_012883,P_012925),(P_012857,(P_012815,P_012903))),(P_012875,((P_012831,P_012905),(P_012901,(P_012887,P_012851))))),(P_018689,((P_012859,(P_012885,(GAP_80294,P_006420))),((P_012881,P_012873),(((P_012911,(P_012821,P_012917)),(P_012897,(GAP_80293,P_012893))),((P_012907,GAP_80291),((P_012889,(P_006418,P_012863)),(P_012793,(GAP_80292,P_006419))))))))))),((P_012867,((P_012847,P_012923),(P_012899,P_012817))),(P_012843,(((P_012937,(P_012939,P_006421)),(P_012853,(P_012803,(P_012837,P_012829)))),(((P_012801,(P_012879,P_012809)),(P_012839,(P_012805,(P_012825,(P_012799,YZRI))))),((P_012909,((P_012865,(P_012931,(P_012933,P_012935))),((P_012845,P_012807),(P_012849,P_012871)))),((P_012833,GAP_81172),((P_012927,(GAP_80295,PSJT)),((P_012915,P_012791),(P_012869,(P_012823,(P_012819,P_012835)))))))))))))))))))))))));
Final quartet score is: 14860472763
Final normalized quartet score is: 0.9505883555632366
You may want to ignore posterior probabilities and other statistics related to the following branch branch because the effective number of genes impacting it is only 2:
	{P_006411, Schi, P_011531, P_011699}
You may want to ignore posterior probabilities and other statistics related to the following branch branch because the effective number of genes impacting it is only 3:
	{P_006411, Schi, P_011531, P_011699, P_011589}
You may want to ignore posterior probabilities and other statistics related to the following branch branch because the effective number of genes impacting it is only 7:
	{P_011537, P_011739, P_011677}
You may want to ignore posterior probabilities and other statistics related to the following branch branch because the effective number of genes impacting it is only 6:
	{P_011537, P_011739, P_011677, P_011607}
You may want to ignore posterior probabilities and other statistics related to the following branch branch because the effective number of genes impacting it is only 6:
	{P_014073, P_011611}
You may want to ignore posterior probabilities and other statistics related to the following branch branch because the effective number of genes impacting it is only 19:
	{P_011537, P_011675, P_011735, P_011673, P_011739, P_011715, P_008646, P_011705, P_011713, P_006413, GAP_80390, GAP_80389, P_008640, P_006412, P_011677, WIGA, P_016813, P_011679, P_011671, P_008632, P_011745, P_011759, P_011681, P_011579, P_011701, Apet, Dhai, BCGB, ABSS, KAYP, Msal, P_011719, P_014073, P_011709, P_011611, P_011607}
You may want to ignore posterior probabilities and other statistics related to the following branch branch because the effective number of genes impacting it is only 12:
	{P_025523, P_025525}
You may want to ignore posterior probabilities and other statistics related to the following branch branch because the effective number of genes impacting it is only 17:
	{P_025523, P_025525, P_025527}
Extended species tree:
(P0109B,((P_018831,OSHQ)1:0.7216971147849331,((P_016909,WZFE)1:1.2804041076540371,(P0203H,((((WPHN,P_011613)0.55:0.08129251999773301,(((P_011609,(P2619,Sdec)0.87:0.24728179400021735)1:0.9508462593534885,(MAQO,(WAIL,(P_011527,((GAP_80298,P_014077)0.75:0.11775305051373078,(P_014083,GAP_80297)1:1.9610307606040653)0.99:0.19603463885293712)1:0.5061894344236064)1:0.33787658674800813)1:1.0811392954319077)1:0.3607706081337515,(((GAP_79862,P_011587)1:1.180522466120382,(P_014081,(P_008647,P0104A)1:2.708050201102211)1:1.6519227677909696)1:1.2717573732334877,(((KRJP,(GAP_80395,P_011549)1:1.6544773561217234)1:0.709241370066252,((P_011643,(P_011657,(P_011509,P_011651)1:0.8933317887480741)0.63:0.047662055978532736)1:1.390078064539525,((GAP_80393,GAP_80394)1:0.8522496149995559,((P_011647,(P_011465,(P_011501,(P_011523,(P_011489,P_011487)0.52:0.0374056598829118)0.6:0.04148116922448333)1:0.9182847555470144)1:1.25960887781437)1:0.2210570801940801,(P_011551,(P_011631,((P_007844,P_011637)0.96:0.14359847583287808,(P_007843,(P_007783,P_006414)0.94:0.12181156459341662)1:0.43903884856494374)0.91:0.11593895202146763)0.74:0.13169617452229262)0.74:0.0880548016006701)1:1.0379042227530664)0.67:0.054757671956492796)1:2.437453689685533)1:1.5949214384155534,((P_011589,(P_011531,(P_011699,(P_006411,Schi)1:0.7965243152930529)1:0.5790948331705951)0.58:0.1823215567939546)0.63:0.23787375799318505,(VYLQ,((P_018635,P_008631)0.47:0.05031431579543601,(P_011709,((P_011579,(P_011671,P_008632)0.88:0.12605162366984174)1:1.5228287723355718,(P_011719,((P_011705,(KAYP,((BCGB,ABSS)1:0.6634019623031736,(WIGA,(Dhai,(Apet,Msal)0.94:0.1858631429461136)1:0.22538396712469094)1:0.5012591852853661)0.78:0.10532379337109991)1:0.6290449626278017)0.57:0.05624800549506352,((P_011713,P_006413)0.81:0.11169324061372479,((P_016813,((GAP_80390,GAP_80389)1:2.0086658927815866,((P_008646,P_011679)0.92:0.19895667051153107,(P_008640,P_006412)1:1.1472242669096453)0.99:0.1820316666024809)0.92:0.12934207085397378)1:0.5966580524188007,(P_011701,((P_011673,(P_011607,(P_011537,(P_011739,P_011677)1:1.0638039652548774)0.38:0.0)0.19:0.0)0.76:0.08165490804469468,(P_011759,((P_011675,P_011735)1:1.7631541743929517,(P_011681,(P_011715,(P_011745,(P_014073,P_011611)0.4:0.0)0.99:0.3628631656924167)0.66:0.06865025615046419)0.24:0.11840999585044443)1:0.2865573678455432)0.85:0.0982636907462158)0.84:0.20549807060393732)0.98:0.4192501349212767)0.99:0.21732093821232534)0.97:0.1629145231828356)0.92:0.3672981168590914)0.65:0.225307008885214)0.92:0.39868817262299383)0.94:0.49731415118306377)1:0.5007538727871131)1:0.34721048771764)1:1.2640540359177388)1:0.25149133921253064)1:0.2972388871026596)1:0.4481869899186657)1:1.6148389108442158,((((P_018779,P_018639)1:0.35209310234228014,(P_018695,(P_018645,P_018783)1:0.22028600799807901)1:0.3913522101834874)1:0.45701827883029383,((P_016797,(P_007845,(P_016799,(GAP_80397,OBPL)0.71:0.15682866821835614)1:0.4615620187409444)0.95:0.34284223624987337)1:1.276943590666568,((P_016793,(P_006422,P_016795)1:0.7442873395141303)1:0.6524497662315952,(P_018691,(P_018693,((P_014095,S08)1:0.7679029393726337,((S04,(S38,(S27,P_016789)1:0.42666356573600034)0.83:0.21843686159824)1:0.5960041490796908,((P_016787,S02)1:2.5571602622540985,(P_016791,(S03,P_014099)1:3.1674076649403955)0.39:0.010503393799547189)0.84:0.09334601265033227)1:0.22264792467522543)1:0.3821295009898506)0.66:0.08105187616203817)0.85:0.14454480337997774)0.64:0.05559108129008133)1:0.28837415808507627)1:2.519541234711779,(((P2622,P2623)0.65:0.15794230338946136,(P0110C,(XQWC,(P0110B,(P0207A,(P0207C,(P0207B,(P0206G,P0206H)1:0.18670142260970635)1:0.24413437637117927)0.75:0.0657654671066918)0.92:0.11953538709451492)0.99:0.23689975721458792)1:0.7697469669593051)1:2.476490723135801)1:0.623797535457381,((DHPO,GAP_80322)1:1.8226552934405784,((P_012795,P_012941)1:3.540630601937252,((P_012861,((P_012855,(P_007802,P_012827)1:1.7856923137833522)1:1.2330830789976082,((P_012813,P_018637)1:0.583244212479122,(P_012921,P_012919)1:2.554868995042409)1:2.0475104607713015)1:2.880148135940967)0.68:0.09499491618985258,((P_012797,((P_012841,((P_012877,P_012913)1:1.3152558016216613,(P_012811,(P_012891,P_012895)1:0.242227105134712)1:1.629935666662112)1:1.8714042911133866)1:0.48459172418413743,((((P_012883,P_012925)1:2.91531279218138,(P_012857,(P_012815,P_012903)1:1.512861937953984)0.55:0.03702777736125904)0.79:0.07739442642934992,(P_012875,((P_012831,P_012905)1:0.4503892483046225,(P_012901,(P_012887,P_012851)1:2.597885600022733)0.45:0.02280319900647028)1:0.28974399504154863)1:0.8118229715180361)1:0.641871495096507,(P_018689,((P_012859,(P_012885,(GAP_80294,P_006420)1:1.7265637602695745)0.3:0.019399099467238213)0.53:0.04160079960746206,((P_012881,P_012873)1:1.3818501046753076,(((P_012911,(P_012821,P_012917)1:1.8867999489422493)1:1.3984503216315052,(P_012897,(GAP_80293,P_012893)1:2.074871648945449)0.89:0.11936281948989601)0.46:0.03214722172672345,((P_012907,GAP_80291)0.91:0.12371889002777334,((P_012889,(P_006418,P_012863)0.63:0.06449777495229361)0.46:0.0232670881387931,(P_012793,(GAP_80292,P_006419)1:2.6975548349310734)0.99:0.18944549098013555)0.65:0.06549882838055822)0.52:0.03653125497951446)0.57:0.0500380572744052)0.76:0.08915694050418597)1:1.7943199536718657)1:1.3109431761971695)1:2.663519499254339)0.46:0.034662261574295895)1:2.713873951273674,((P_012867,((P_012847,P_012923)1:3.144927211844483,(P_012899,P_012817)1:1.9074623127247026)1:0.9292502278513659)1:3.8780807715261134,(P_012843,(((P_012937,(P_012939,P_006421)1:1.704717482648438)1:4.882079189539228,(P_012853,(P_012803,(P_012837,P_012829)1:1.2237625196800241)0.49:0.025098953110236473)1:0.3175782117852582)0.99:0.1786109738778873,(((P_012801,(P_012879,P_012809)1:4.201573121946967)1:0.8166544116247092,(P_012839,(P_012805,(P_012825,(P_012799,YZRI)1:0.8665938961041846)0.99:0.17825146982740556)0.74:0.09066310679810766)1:0.7518400234642371)1:1.252806376522182,((P_012909,((P_012865,(P_012931,(P_012933,P_012935)1:2.6754249737861335)1:2.4404525739141345)1:0.356347865607981,((P_012845,P_012807)1:0.4844016258295166,(P_012849,P_012871)1:1.8987228670304561)1:0.6215461447223166)1:2.679379793132156)0.6:0.04085089256699435,((P_012833,GAP_81172)1:3.664702187353141,((P_012927,(GAP_80295,PSJT)0.77:0.1762052941159845)1:1.8986720000683748,((P_012915,P_012791)1:0.20238978970130028,(P_012869,(P_012823,(P_012819,P_012835)0.68:0.05305100348808967)1:0.7840377701645069)1:3.464858803753915)1:1.9672772935667189)0.98:0.14538942230034252)1:2.574782027766493)1:2.1287553524394127)1:2.6580166094688007)0.99:0.159913096104732)1:1.5891964705907156)1:1.674465016286179)1:0.38844098586083387)1:1.6397726378259532)1:2.9966370297965486)1:0.6955547828275246)1:0.9265192630133794)1:2.3490598517780357)1:1.368979257447089,(((SJEV,(P_019193,(Wsal,P_019187)1:0.6759961575047363)1:0.944961037512194)1:1.5556493547366086,(P_016921,(WKSU,(GAP_81227,(Pcol,(GAP_81226,P_006410)1:0.9690068463728908)1:0.9008537975884219)1:0.24557427660241263)1:0.36102630196571117)1:2.378349111708058)1:2.033023954294774,((P_025527,(P_025523,P_025525)0.7:0.21357410029805904)1:1.0902498618004681,(((QDVW,Asie)1:3.1592436734262788,(P_019189,(P_019197,PAWA)1:0.5642171917257368)0.88:0.12313128881293438)1:0.23773126259182717,(((P_019191,P_019199)0.96:0.2515948410080229,(GAP_80417,(GAP_79804,P2590)1:2.3302654403648737)1:0.6927019023409154)1:0.6447711511870413,((P_019185,(P2589,OPDF)1:0.5536615933744498)0.57:0.07799483981277365,CSSK)1:1.1529926918272355)1:1.539363444125645)0.86:0.20191850172346962)1:0.7345890347616941)1:0.27615826868560034)1:2.121658989250077)1:0.6714741729716587)1:0.8939579519922226));
Weight calculation took 87.955725755 secs
ASTRAL finished in 106.127 secs
