
================== ASTRAL ===================== 

This is ASTRAL version 5.7.7
Gene trees are treated as unrooted
195 trees read from all_bs10.trees
index114
All output trees will be *arbitrarily* rooted at P0109B

======== Running the main analysis
Number of taxa: 244 (244 species)
Taxa: [P_012847, P_012923, P_012899, P_012817, P_012803, P_012909, P_012865, P_012931, P_012933, P_012935, P_012849, P_012915, P_012791, P_012869, P_012819, P_012823, P_012835, P_012833, GAP_81172, GAP_80295, P_012927, PSJT, P_012845, P_012807, P_012801, P_012879, P_012809, P_012839, P_012805, P_012799, P_012825, P_012853, P_012837, P_012829, P_012937, P_012939, P_006421, P_012843, P_012855, P_007802, P_012827, P_012921, P_012919, P_012813, P_018637, P_006411, Schi, P_011537, P_011675, P_011735, P_011673, P_011739, P_011715, P_008646, P_011705, P_011713, P_006413, GAP_80390, GAP_80389, P_008640, P_006412, P_011677, WIGA, P_016813, P_011679, P_011671, P_011531, P_011609, P0203H, P_008632, P_011745, P_011759, P_011681, GAP_80395, P_011549, P2619, P_011551, P_011501, P_011523, P_011489, P_011487, GAP_80393, GAP_80394, P_011657, P_011509, P_011651, P_011643, P_011647, P_007844, P_011637, P_007783, P_007843, P_006414, P_011465, P_011527, GAP_80298, P_014077, P_014083, P_018635, GAP_80297, P_014081, P_008647, P0104A, GAP_79862, Pcol, GAP_81226, P_006410, P_016921, GAP_81227, P_019197, SJEV, Wsal, P_019187, P_019193, P0109B, P_018831, P_016909, P_019189, P_011587, P_018779, P_011579, P_011701, P_018639, P_025523, Sdec, P2622, P_018645, P_018783, P_018691, P_018695, P_016797, P_007845, GAP_80397, P_016799, P_006422, P_016795, P_016793, P_018693, S27, P_016789, S03, P_014099, P_016787, S02, P_016791, S04, YZRI, P_012871, DHPO, OBPL, Apet, Dhai, BCGB, ABSS, VYLQ, WPHN, KRJP, P_011699, MAQO, WAIL, GAP_79804, P2590, GAP_80417, P2589, P_019185, OPDF, CSSK, PAWA, QDVW, Asie, WKSU, WZFE, GAP_80322, P0206G, P0207C, P0110C, P0110B, P0207A, P0206H, P0207B, XQWC, P2623, P_012795, P_012941, P_012861, P_012797, P_012815, P_012903, P_012883, P_012925, P_012857, P_012901, P_012887, P_012851, P_012875, P_012831, P_012905, P_012877, P_012913, P_012841, P_012907, P_012897, GAP_80294, P_006420, P_012859, P_006418, P_012863, P_012889, GAP_80291, P_012793, P_012821, P_012917, P_012911, GAP_80292, P_006419, GAP_80293, P_012893, P_012885, P_012881, P_012873, P_018689, P_012811, P_012891, P_012895, P_012867, OSHQ, P_025525, P_019191, P_011613, P_011631, P_008631, KAYP, Msal, P_014095, S08, S38, P_011719, P_014073, P_025527, P_011709, P_011611, P_019199, P_011607, P_011589]
Taxon occupancy: {P_019193=172, P_019191=83, P_019197=180, OPDF=187, GAP_81172=194, P_018783=189, P_019199=65, Wsal=174, P_016921=192, WKSU=195, P_025523=33, P_025525=60, P_025527=24, P_014073=29, P0203H=141, P_014077=122, QDVW=192, P_011487=191, P_011489=193, P_016813=175, P_006421=194, P_006422=190, P_006420=163, P_006418=193, P_006419=195, P_006414=192, P_014081=142, P_014083=154, P_018689=195, P0206H=183, P0206G=174, Msal=171, P0109B=106, P_006410=189, P_012901=193, P_006411=189, P_006412=190, P_012903=193, P_006413=187, P_012905=193, GAP_79862=188, PAWA=187, P_012907=195, ABSS=189, P_012909=193, P_018691=93, GAP_80291=195, P_018695=186, P_014095=89, GAP_80293=194, P_018693=186, GAP_80292=195, GAP_80295=191, P_014099=186, GAP_80294=194, GAP_80297=191, GAP_80298=189, P_011701=37, P_012911=194, P_012913=171, P_012915=190, P_011705=105, P_012917=190, P_012919=190, P_011709=20, P_011671=113, P_012881=195, P_011551=137, P_011673=161, MAQO=191, P_012883=195, P_011675=179, GAP_80322=192, P_012885=193, P2590=165, P_011677=154, P_012887=194, P_011679=167, P_012889=192, P_008647=183, PSJT=188, P2589=171, P_011681=140, P_012891=193, P_012893=194, P_018637=193, P_012895=194, P_018635=180, P_012897=194, P0207C=187, P_012899=193, P0207B=188, P_018639=183, P0207A=189, P_008646=192, P_008640=191, BCGB=192, WZFE=191, P_018645=186, KRJP=192, KAYP=111, P_011699=109, P_011579=151, CSSK=185, P_008632=189, P_007783=183, P_016909=192, P_008631=40, P_019187=187, P_019185=185, Sdec=46, P_019189=168, P_012791=193, P_012793=191, Asie=154, P_012795=192, P_011465=192, P_018779=162, P_011587=155, P_012797=193, P_012799=194, P_011589=3, GAP_80417=115, WIGA=187, P_007802=169, GAP_79804=152, P_012841=192, P_011631=163, P_012843=193, Pcol=163, P_012845=192, P_012847=187, P_011637=190, P_011759=180, P_012849=193, Apet=91, OBPL=190, P0110C=179, P_018831=190, P0110B=139, YZRI=190, P_012851=193, P_012853=190, P_011643=193, P_011523=193, P_012855=191, P_011647=179, P_012857=191, P_011527=121, P_012859=193, WAIL=193, P_016789=185, P_011651=179, P_012861=194, P_011531=166, P_016787=189, P_012863=194, P_012865=193, Schi=162, P_011657=178, P_012867=193, P_011537=148, P_012869=193, P_016793=185, P_016791=189, P_016797=191, SJEV=191, P_016795=186, P_012871=188, P_012873=193, P_016799=190, P_012875=194, P_012877=192, P_012879=195, P_011549=183, P_007844=147, P_007845=34, S02=154, P_012921=186, S04=59, P_012801=193, S03=182, P_012923=194, P_011713=140, P_012803=192, P_011715=166, P_012925=193, S08=131, P_012805=192, P_007843=177, P_012927=193, P_012807=190, P_011719=20, P_012809=193, VYLQ=193, DHPO=194, GAP_80390=175, P2622=147, P2623=73, GAP_80394=193, XQWC=193, GAP_80393=193, GAP_80395=193, GAP_80397=190, P_012931=194, P_012811=193, P_012933=188, WPHN=191, P_012813=193, P_012935=191, P_012815=191, P_012937=195, P_012817=192, P_011607=6, P_012939=191, P_012819=189, P_011609=133, P2619=128, OSHQ=190, GAP_80389=184, P_012941=195, P_012821=193, P_011611=33, P_012823=191, P_011613=65, P_011735=191, P_012825=195, S27=154, P_012827=184, P_011739=167, P_012829=144, Dhai=186, P0104A=169, P_012831=187, P_011501=193, P_012833=192, GAP_81226=192, P_011745=177, GAP_81227=193, P_012835=192, S38=56, P_012837=192, P_012839=190, P_011509=192}
Number of gene trees: 195
195 trees have missing taxa
Calculating quartet distance matrix (for completion of X)
Species tree distances calculated ...
Will attempt to complete bipartitions from X before adding using a distance matrix.
Building set of clusters (X) from gene trees 
------------------------------
gradient0: 29369
Number of Clusters after addition by distance: 29369
calculating extra bipartitions to be added at level 1 ...
Adding to X using resolutions of greedy consensus ...
Limit for sigma of degrees:6150
polytomy size limit : 34
discarded polytomies:  [3, 3, 3, 3, 3, 3, 3, 3, 3, 3, 3, 3, 3, 3, 3, 3, 3, 4, 4, 4, 4, 4, 4, 4, 4, 4, 4, 4, 4, 4, 4, 4, 4, 5, 5, 6, 6, 6, 6, 8, 8, 9, 9, 9, 10, 13, 14, 14, 14, 18, 34]
Threshold 0.0:
polytomy of size 4; rounds with additions with at least 5 support: 2; clusters: 29385
Threshold 0.01:
polytomy of size 6; rounds with additions with at least 5 support: 3; clusters: 29435
Threshold 0.02:
polytomy of size 8; rounds with additions with at least 5 support: 1; clusters: 29587
polytomy of size 3; rounds with additions with at least 5 support: 0; clusters: 29587
Threshold 0.05:
polytomy of size 9; rounds with additions with at least 5 support: 0; clusters: 29617
polytomy of size 3; rounds with additions with at least 5 support: 0; clusters: 29617
polytomy of size 4; rounds with additions with at least 5 support: 0; clusters: 29617
Threshold 0.1:
polytomy of size 13; rounds with additions with at least 5 support: 1; clusters: 29635
polytomy of size 3; rounds with additions with at least 5 support: 0; clusters: 29635
polytomy of size 4; rounds with additions with at least 5 support: 0; clusters: 29635
polytomy of size 5; rounds with additions with at least 5 support: 0; clusters: 29635
polytomy of size 4; rounds with additions with at least 5 support: 0; clusters: 29635
polytomy of size 3; rounds with additions with at least 5 support: 0; clusters: 29635
polytomy of size 4; rounds with additions with at least 5 support: 0; clusters: 29635
polytomy of size 8; rounds with additions with at least 5 support: 0; clusters: 29635
polytomy of size 4; rounds with additions with at least 5 support: 0; clusters: 29635
polytomy of size 3; rounds with additions with at least 5 support: 0; clusters: 29635
Threshold 0.2:
polytomy of size 14; rounds with additions with at least 5 support: 0; clusters: 29637
polytomy of size 4; rounds with additions with at least 5 support: 0; clusters: 29637
polytomy of size 10; rounds with additions with at least 5 support: 0; clusters: 29643
polytomy of size 3; rounds with additions with at least 5 support: 0; clusters: 29643
polytomy of size 5; rounds with additions with at least 5 support: 0; clusters: 29643
polytomy of size 3; rounds with additions with at least 5 support: 0; clusters: 29643
polytomy of size 18; rounds with additions with at least 5 support: 0; clusters: 29659
polytomy of size 9; rounds with additions with at least 5 support: 0; clusters: 29665
polytomy of size 4; rounds with additions with at least 5 support: 0; clusters: 29665
polytomy of size 3; rounds with additions with at least 5 support: 0; clusters: 29665
polytomy of size 4; rounds with additions with at least 5 support: 0; clusters: 29665
polytomy of size 4; rounds with additions with at least 5 support: 0; clusters: 29665
Threshold 0.3333333333333333:
polytomy of size 14; rounds with additions with at least 5 support: 0; clusters: 29667
polytomy of size 4; rounds with additions with at least 5 support: 0; clusters: 29667
polytomy of size 4; rounds with additions with at least 5 support: 0; clusters: 29667
polytomy of size 3; rounds with additions with at least 5 support: 0; clusters: 29667
polytomy of size 14; rounds with additions with at least 5 support: 0; clusters: 29667
polytomy of size 3; rounds with additions with at least 5 support: 0; clusters: 29667
polytomy of size 3; rounds with additions with at least 5 support: 0; clusters: 29667
polytomy of size 3; rounds with additions with at least 5 support: 0; clusters: 29667
polytomy of size 6; rounds with additions with at least 5 support: 0; clusters: 29667
polytomy of size 4; rounds with additions with at least 5 support: 0; clusters: 29667
polytomy of size 3; rounds with additions with at least 5 support: 0; clusters: 29667
polytomy of size 9; rounds with additions with at least 5 support: 0; clusters: 29667
polytomy of size 3; rounds with additions with at least 5 support: 0; clusters: 29667
polytomy of size 34; rounds with additions with at least 5 support: 0; clusters: 29723
polytomy of size 4; rounds with additions with at least 5 support: 0; clusters: 29723
polytomy of size 6; rounds with additions with at least 5 support: 0; clusters: 29723
polytomy of size 4; rounds with additions with at least 5 support: 0; clusters: 29723
polytomy of size 3; rounds with additions with at least 5 support: 0; clusters: 29723
polytomy of size 3; rounds with additions with at least 5 support: 0; clusters: 29723
polytomy of size 3; rounds with additions with at least 5 support: 0; clusters: 29723
polytomy of size 4; rounds with additions with at least 5 support: 0; clusters: 29723
polytomy of size 6; rounds with additions with at least 5 support: 0; clusters: 29723
max k is :6
Number of Clusters after addition by greedy: 29723
gradient0 in heuristiic: 29723
partitions formed in 13.913 secs
Dynamic Programming starting after 13.913 secs
Using tree-based weight calculation.
Using polytree-based weight calculation.
Polytree max score: 14912241528
Polytree building time: 0.12 seconds.
Number of quartet trees in the gene trees: 14912241528
Size of largest cluster: 244
Greedy score: 13856795519
estimationFactor: 1.076168116037565
Sub-optimal score: 13910026436
Total Number of elements weighted: 80969
Normalized score (portion of input quartet trees satisfied before correcting for multiple individuals): 0.9503962934337473
Optimization score: 14172539075
Optimal tree inferred in 106.729 secs.
(CSSK,(P_019185,((P2589,OPDF),(((P_019191,P_019199),(GAP_80417,(GAP_79804,P2590))),(((QDVW,Asie),(P_019189,(P_019197,PAWA))),((P_025527,(P_025523,P_025525)),(((SJEV,(P_019193,(Wsal,P_019187))),(P_016921,(WKSU,(GAP_81227,(Pcol,(GAP_81226,P_006410)))))),((P0203H,((P_016909,WZFE),(P0109B,(P_018831,OSHQ)))),(((WPHN,P_011613),(((P_011609,(P2619,Sdec)),(MAQO,(WAIL,(P_011527,((GAP_80298,P_014077),(P_014083,GAP_80297)))))),(((GAP_79862,P_011587),(P_014081,(P_008647,P0104A))),(((KRJP,(GAP_80395,P_011549)),((P_011643,(P_011657,(P_011509,P_011651))),((GAP_80393,GAP_80394),((P_011647,(P_011465,(P_011501,(P_011523,(P_011489,P_011487))))),(P_011551,(P_011631,((P_007844,P_011637),(P_007843,(P_007783,P_006414))))))))),((P_011589,(P_011531,(P_011699,(P_006411,Schi)))),(VYLQ,((P_018635,P_008631),(P_011709,((P_011579,(P_011671,P_008632)),((P_011705,(KAYP,((BCGB,ABSS),(WIGA,(Dhai,(Apet,Msal)))))),(P_011713,((P_006413,(P_011719,P_011607)),((P_016813,((GAP_80390,GAP_80389),((P_008646,P_011679),(P_008640,P_006412)))),((P_011673,(P_011537,(P_011739,P_011677))),((P_011759,P_011701),((P_011675,P_011735),(P_011681,(P_011715,(P_011745,(P_014073,P_011611)))))))))))))))))))),((((P_018779,P_018639),(P_018695,(P_018645,P_018783))),((P_016797,(P_007845,(P_016799,(GAP_80397,OBPL)))),((P_016793,(P_006422,P_016795)),(P_018691,(P_018693,((P_014095,S08),((S04,(S38,(S27,P_016789))),(P_016791,((P_016787,S02),(S03,P_014099)))))))))),(((P2622,P2623),(P0110C,(XQWC,(P0110B,(P0207A,(P0207C,(P0207B,(P0206G,P0206H)))))))),((DHPO,GAP_80322),((P_012795,P_012941),((P_012861,((P_012855,(P_007802,P_012827)),((P_012921,P_012919),(P_012813,P_018637)))),(((P_012797,(P_012841,((P_012877,P_012913),(P_012811,(P_012891,P_012895))))),((((P_012883,P_012925),(P_012857,(P_012815,P_012903))),(P_012875,((P_012831,P_012905),(P_012901,(P_012887,P_012851))))),(P_018689,((P_012859,(P_012885,(GAP_80294,P_006420))),((P_012907,(P_012881,P_012873)),((GAP_80291,(P_012897,(GAP_80293,P_012893))),((P_012863,(P_012911,(P_012821,P_012917))),(P_006418,(P_012889,(P_012793,(GAP_80292,P_006419))))))))))),((P_012867,((P_012847,P_012923),(P_012899,P_012817))),(P_012843,(((P_012937,(P_012939,P_006421)),(P_012853,(P_012803,(P_012837,P_012829)))),(((P_012801,(P_012879,P_012809)),(P_012839,(P_012805,(P_012825,(P_012799,YZRI))))),((P_012909,((P_012865,(P_012931,(P_012933,P_012935))),((P_012845,P_012807),(P_012849,P_012871)))),((P_012833,GAP_81172),((PSJT,(GAP_80295,P_012927)),((P_012915,P_012791),(P_012869,(P_012823,(P_012819,P_012835))))))))))))))))))))))))));
Final quartet score is: 14172539075
Final normalized quartet score is: 0.9503962934337473
You may want to ignore posterior probabilities and other statistics related to the following branch branch because the effective number of genes impacting it is only 2:
	{P_006411, Schi, P_011531, P_011699}
You may want to ignore posterior probabilities and other statistics related to the following branch branch because the effective number of genes impacting it is only 3:
	{P_006411, Schi, P_011531, P_011699, P_011589}
You may want to ignore posterior probabilities and other statistics related to the following branch branch because the effective number of genes impacting it is only 1:
	{P_011719, P_011607}
You may want to ignore posterior probabilities and other statistics related to the following branch branch because the effective number of genes impacting it is only 5:
	{P_014073, P_011611}
You may want to ignore posterior probabilities and other statistics related to the following branch branch because the effective number of genes impacting it is only 19:
	{P_011537, P_011675, P_011735, P_011673, P_011739, P_011715, P_008646, P_011705, P_011713, P_006413, GAP_80390, GAP_80389, P_008640, P_006412, P_011677, WIGA, P_016813, P_011679, P_011671, P_008632, P_011745, P_011759, P_011681, P_011579, P_011701, Apet, Dhai, BCGB, ABSS, KAYP, Msal, P_011719, P_014073, P_011709, P_011611, P_011607}
You may want to ignore posterior probabilities and other statistics related to the following branch branch because the effective number of genes impacting it is only 12:
	{P_025523, P_025525}
You may want to ignore posterior probabilities and other statistics related to the following branch branch because the effective number of genes impacting it is only 17:
	{P_025523, P_025525, P_025527}
Extended species tree:
(P0109B,((P_018831,OSHQ)68.3:0.7225492833639673,((P_016909,WZFE)81.38:1.2523794723989115,(P0203H,((((WPHN,P_011613)39.34:0.08013386402574318,(((P_011609,(P2619,Sdec)47.82:0.2204180841897863)74.36:0.9241321728026882,(MAQO,(WAIL,(P_011527,((GAP_80298,P_014077)41.83:0.1301820968878921,(P_014083,GAP_80297)90.78:1.9162934675920982)46.28:0.20827878952345402)60.01:0.49790854677782903)51.97:0.3219046662233244)76.85:1.0345711123450032)53.91:0.359027217914944,(((GAP_79862,P_011587)79.22:1.1398768520682594,(P_014081,(P_008647,P0104A)96.09:2.6625878270254533)88.14:1.672931660226801)81:1.2286860984036676,(((KRJP,(GAP_80395,P_011549)87.73:1.6536138704375565)66.93:0.6892719516356488,((P_011643,(P_011657,(P_011509,P_011651)74.53:0.9434997296272228)36.19:0.040275069809962726)83.76:1.3829732633837275,((GAP_80393,GAP_80394)72.87:0.8831727136025396,((P_011647,(P_011465,(P_011501,(P_011523,(P_011489,P_011487)35.71:0.03306713757441549)36.44:0.044441360771425256)74.29:0.9361356727209336)82.35:1.3003745475308188)46.97:0.2228460443884806,(P_011551,(P_011631,((P_007844,P_011637)42.56:0.14322220961315038,(P_007843,(P_007783,P_006414)42.05:0.1355715138142435)58.18:0.4574824444250969)42.21:0.1375972146057519)41.2:0.11881269668372818)38.99:0.08257470737192191)77.3:1.0567299406478412)37.05:0.05370109624413409)95.49:2.5787607806576642)86.53:1.5579339578021512,((P_011589,(P_011531,(P_011699,(P_006411,Schi)71.51:0.8243952668671727)61.32:0.5277934851407887)66.67:0.1823215567939546)69.09:0.23787375799318505,(VYLQ,((P_018635,P_008631)37.82:0.05031431579543601,(P_011709,((P_011579,(P_011671,P_008632)41.56:0.12394239677205464)85.99:1.5172074663095214,((P_011705,(KAYP,((BCGB,ABSS)65.79:0.6544090658308712,(WIGA,(Dhai,(Apet,Msal)45.17:0.18289280181813514)46.51:0.21404322698079595)59.81:0.4963289980738033)39.7:0.09291122493903832)65.65:0.6259035207207069)37.29:0.05269306772066035,(P_011713,((P_006413,(P_011719,P_011607)100:0.2876820724517809)32.37:0.0,((P_016813,((GAP_80390,GAP_80389)92.27:2.0838394304146672,((P_008646,P_011679)48.13:0.24338094616142772,(P_008640,P_006412)79.33:1.1476775529916305)43.95:0.1675216307027493)42.19:0.13635894212664096)63.21:0.5789656618097104,((P_011673,(P_011537,(P_011739,P_011677)77.62:1.0577149370075396)46.73:0.2151493357434253)39.46:0.09070762963034877,((P_011759,P_011701)18.9:0.0,((P_011675,P_011735)89.26:1.775897747620108,(P_011681,(P_011715,(P_011745,(P_014073,P_011611)24.89:0.0)53.96:0.3446975067189013)38.19:0.06989659469136991)40.35:0.10508083220188365)52.81:0.3375935455294986)38.82:0.08103828866546671)77.52:1.0613798575396793)48.75:0.25444834695923435)33.07:0.0)36.24:0.03858180386261312)70.38:0.7957654300642965)59.81:0.40248099638528345)64.7:0.49731415118306377)60.33:0.5087193901430158)52.85:0.3390472335850857)82.13:1.2840247209685152)48.09:0.24248251212767039)51.12:0.3021807689523557)57.61:0.4431303043348382)86.67:1.5669830376453724,((((P_018779,P_018639)53.92:0.3615437297960039,(P_018695,(P_018645,P_018783)47.17:0.22737422102804605)55.69:0.4009892428841911)59.01:0.4773024492952095,((P_016797,(P_007845,(P_016799,(GAP_80397,OBPL)42.37:0.14157831848597016)58.49:0.43128355707292193)54.33:0.3428576385015036)81.52:1.2580345183220862,((P_016793,(P_006422,P_016795)67.73:0.7120254095355084)66.15:0.6646567703564579,(P_018691,(P_018693,((P_014095,S08)71.17:0.802107413808984,((S04,(S38,(S27,P_016789)59.83:0.47760091523521175)50.31:0.2539036678278903)64.97:0.6072698618104806,(P_016791,((P_016787,S02)95.77:2.619887346205079,(S03,P_014099)96.83:2.8875926136857077)35.01:0.02159943154564306)35.19:0.024340080469104634)47.79:0.23574611958336886)55.39:0.38998549416851386)38.56:0.07169798389901169)42.65:0.1390138672134058)37.55:0.06092461810033371)49.24:0.2658229771526121)95.27:2.5415034301098642,(((P2622,P2623)43.3:0.15085913058685838,(P0110C,(XQWC,(P0110B,(P0207A,(P0207C,(P0207B,(P0206G,P0206H)44.43:0.1772078161594155)47.54:0.23437919149352435)37.73:0.06474481927287064)40.08:0.10172277041768951)49.04:0.2617329993584954)69.02:0.7538128296704325)94.78:2.4292695937002273)64.71:0.6232743587250141,((DHPO,GAP_80322)89.24:1.7807653254040539,((P_012795,P_012941)98.5:3.5000158827830634,((P_012861,((P_012855,(P_007802,P_012827)88.89:1.7436440775398532)81.26:1.2456708631526845,((P_012921,P_012919)95.11:2.5126463646200627,(P_012813,P_018637)63.14:0.5835782501958234)91.87:2.0461830572720516)96.61:2.8389057504045594)39.95:0.10068842825623467,(((P_012797,(P_012841,((P_012877,P_012913)82.92:1.3340099946397839,(P_012811,(P_012891,P_012895)48.37:0.2505768951863926)87.41:1.6307619138515994)89.78:1.8296714309782147)56.88:0.4285729741236827)36.59:0.04695946405385649,((((P_012883,P_012925)97.43:3.076675010569073,(P_012857,(P_012815,P_012903)85.72:1.5077165227894496)36.32:0.04210523843108509)37.46:0.06000671941281241,(P_012875,((P_012831,P_012905)58:0.45404156952455665,(P_012901,(P_012887,P_012851)95.33:2.5568286953421646)34.97:0.02176555820679715)49.73:0.27659060426029913)72.66:0.8757207921657283)64.89:0.6291973268641893,(P_018689,((P_012859,(P_012885,(GAP_80294,P_006420)88.81:1.732541089326736)35.68:0.03152199739553501)36.39:0.04232977449396172,((P_012907,(P_012881,P_012873)81.48:1.253341729468973)35.5:0.028075389622045324,((GAP_80291,(P_012897,(GAP_80293,P_012893)92.3:2.095697476862433)35.38:0.026413883534719934)35.13:0.022563917425200686,((P_012863,(P_012911,(P_012821,P_012917)90:1.8488633875413785)78.9:1.1251070673742978)44.92:0.18363511256612083,(P_006418,(P_012889,(P_012793,(GAP_80292,P_006419)95.82:2.656520354310043)43.96:0.1672564542619877)34.78:0.01752730618384518)34.69:0.015986376878290912)35.93:0.034757895103807654)35.94:0.034843649681117986)39.19:0.0864428271686157)89.28:1.7792534821079522)82.05:1.2846737072005505)95.76:2.637596605516483)96.79:2.8780904434886425,((P_012867,((P_012847,P_012923)97.53:3.1027143544628095,(P_012899,P_012817)90.69:1.918624500689289)73.48:0.9071245189906224)99.09:3.836483382843496,(P_012843,(((P_012937,(P_012939,P_006421)87.89:1.6687227581653006)100:4.851120796262559,(P_012853,(P_012803,(P_012837,P_012829)80.41:1.1954072608485584)35:0.02216871756148671)50.83:0.29863295722324174)43.86:0.16728595706267213,(((P_012801,(P_012879,P_012809)99.48:4.165762796811348)70.35:0.7976930040829935,(P_012839,(P_012805,(P_012825,(P_012799,YZRI)71.16:0.8249242518457708)43.69:0.16460376265174065)39.94:0.10073653726902014)68.8:0.7471922544385962)80.57:1.2107069831868764,((P_012909,((P_012865,(P_012931,(P_012933,P_012935)95.72:2.633752277385566)94.44:2.399214314354945)53.21:0.3478590253590207,((P_012845,P_012807)59.65:0.49395075465475713,(P_012849,P_012871)90.12:1.8621624767834062)64.01:0.6069656465250287)95.74:2.63833026552008)36.13:0.03982933931617798,((P_012833,GAP_81172)98.92:3.727135175093837,((PSJT,(GAP_80295,P_012927)44.19:0.17328869987091247)80.82:1.2227941789929848,((P_012915,P_012791)44.53:0.17963621459417337,(P_012869,(P_012823,(P_012819,P_012835)36.41:0.04408438369379278)70.24:0.7939875998338483)98.34:3.4241751528814945)90.76:1.9267159150513888)42.79:0.14898412037781997)95.27:2.5442413556467414)92.23:2.0856499641024455)95.65:2.6159259251260782)44.11:0.17177006817575005)86.84:1.5854968581192406)88.04:1.6763821817163767)55.37:0.39402450345827966)87.56:1.6398227480803946)97.08:2.9584980795594236)67.36:0.7020889387647778)73.39:0.9021830591105516)94.02:2.3216247142209547)83.4:1.3566149624756285,(((SJEV,(P_019193,(Wsal,P_019187)66.06:0.6630988660823763)77.18:1.0522013154368424)85.78:1.512383244171354,(P_016921,(WKSU,(GAP_81227,(Pcol,(GAP_81226,P_006410)75.92:0.9991492069386801)73.44:0.903403715426503)48.29:0.24912438643250068)53.95:0.3638195272879878)94.09:2.3417177716970787)91.4:1.9877116967735862,((P_025527,(P_025523,P_025525)50:0.21357410029805904)83.13:1.0902498618004681,(((QDVW,Asie)98.37:3.380184538761361,(P_019189,(P_019197,PAWA)62.59:0.5661302278625818)41.35:0.12332511156795639)48.19:0.24665230387949716,(((P_019191,P_019199)50.24:0.2706356681787153,(GAP_80417,(GAP_79804,P2590)95.04:2.4264061810730047)68.3:0.7138064316722471)64:0.5974791486627258,((P2589,OPDF)66.53:0.6766599315537131,(P_019185,CSSK)37.92:0.06786250417959502)80.36:1.1987884026169466)85.68:1.5033056894157097)44.65:0.1729051383961937)69.31:0.7369901539708295)49.5:0.2711200562275041)92.48:2.0909004484276412)66.16:0.6636647911805996)73.12:0.8829627227602933));
Weight calculation took 89.405597228 secs
ASTRAL finished in 108.554 secs
