
================== ASTRAL ===================== 

This is ASTRAL version 5.7.7
Gene trees are treated as unrooted
195 trees read from all_bs10.trees
index114
All output trees will be *arbitrarily* rooted at P0109B

======== Running the main analysis
Number of taxa: 244 (244 species)
Taxa: [P_012847, P_012923, P_012899, P_012817, P_012803, P_012909, P_012865, P_012931, P_012933, P_012935, P_012849, P_012915, P_012791, P_012869, P_012819, P_012823, P_012835, P_012833, GAP_81172, GAP_80295, P_012927, PSJT, P_012845, P_012807, P_012801, P_012879, P_012809, P_012839, P_012805, P_012799, P_012825, P_012853, P_012837, P_012829, P_012937, P_012939, P_006421, P_012843, P_012855, P_007802, P_012827, P_012921, P_012919, P_012813, P_018637, P_006411, Schi, P_011537, P_011675, P_011735, P_011673, P_011739, P_011715, P_008646, P_011705, P_011713, P_006413, GAP_80390, GAP_80389, P_008640, P_006412, P_011677, WIGA, P_016813, P_011679, P_011671, P_011531, P_011609, P0203H, P_008632, P_011745, P_011759, P_011681, GAP_80395, P_011549, P2619, P_011551, P_011501, P_011523, P_011489, P_011487, GAP_80393, GAP_80394, P_011657, P_011509, P_011651, P_011643, P_011647, P_007844, P_011637, P_007783, P_007843, P_006414, P_011465, P_011527, GAP_80298, P_014077, P_014083, P_018635, GAP_80297, P_014081, P_008647, P0104A, GAP_79862, Pcol, GAP_81226, P_006410, P_016921, GAP_81227, P_019197, SJEV, Wsal, P_019187, P_019193, P0109B, P_018831, P_016909, P_019189, P_011587, P_018779, P_011579, P_011701, P_018639, P_025523, Sdec, P2622, P_018645, P_018783, P_018691, P_018695, P_016797, P_007845, GAP_80397, P_016799, P_006422, P_016795, P_016793, P_018693, S27, P_016789, S03, P_014099, P_016787, S02, P_016791, S04, YZRI, P_012871, DHPO, OBPL, Apet, Dhai, BCGB, ABSS, VYLQ, WPHN, KRJP, P_011699, MAQO, WAIL, GAP_79804, P2590, GAP_80417, P2589, P_019185, OPDF, CSSK, PAWA, QDVW, Asie, WKSU, WZFE, GAP_80322, P0206G, P0207C, P0110C, P0110B, P0207A, P0206H, P0207B, XQWC, P2623, P_012795, P_012941, P_012861, P_012797, P_012815, P_012903, P_012883, P_012925, P_012857, P_012901, P_012887, P_012851, P_012875, P_012831, P_012905, P_012877, P_012913, P_012841, P_012907, P_012897, GAP_80294, P_006420, P_012859, P_006418, P_012863, P_012889, GAP_80291, P_012793, P_012821, P_012917, P_012911, GAP_80292, P_006419, GAP_80293, P_012893, P_012885, P_012881, P_012873, P_018689, P_012811, P_012891, P_012895, P_012867, OSHQ, P_025525, P_019191, P_011613, P_011631, P_008631, KAYP, Msal, P_014095, S08, S38, P_011719, P_014073, P_025527, P_011709, P_011611, P_019199, P_011607, P_011589]
Taxon occupancy: {P_019193=172, P_019191=83, P_019197=180, OPDF=187, GAP_81172=194, P_018783=189, P_019199=65, Wsal=174, P_016921=192, WKSU=195, P_025523=33, P_025525=60, P_025527=24, P_014073=29, P0203H=141, P_014077=122, QDVW=192, P_011487=191, P_011489=193, P_016813=175, P_006421=194, P_006422=190, P_006420=163, P_006418=193, P_006419=195, P_006414=192, P_014081=142, P_014083=154, P_018689=195, P0206H=183, P0206G=174, Msal=171, P0109B=106, P_006410=189, P_012901=193, P_006411=189, P_006412=190, P_012903=193, P_006413=187, P_012905=193, GAP_79862=188, PAWA=187, P_012907=195, ABSS=189, P_012909=193, P_018691=93, GAP_80291=195, P_018695=186, P_014095=89, GAP_80293=194, P_018693=186, GAP_80292=195, GAP_80295=191, P_014099=186, GAP_80294=194, GAP_80297=191, GAP_80298=189, P_011701=37, P_012911=194, P_012913=171, P_012915=190, P_011705=105, P_012917=190, P_012919=190, P_011709=20, P_011671=113, P_012881=195, P_011551=137, P_011673=161, MAQO=191, P_012883=195, P_011675=179, GAP_80322=192, P_012885=193, P2590=165, P_011677=154, P_012887=194, P_011679=167, P_012889=192, P_008647=183, PSJT=188, P2589=171, P_011681=140, P_012891=193, P_012893=194, P_018637=193, P_012895=194, P_018635=180, P_012897=194, P0207C=187, P_012899=193, P0207B=188, P_018639=183, P0207A=189, P_008646=192, P_008640=191, BCGB=192, WZFE=191, P_018645=186, KRJP=192, KAYP=111, P_011699=109, P_011579=151, CSSK=185, P_008632=189, P_007783=183, P_016909=192, P_008631=40, P_019187=187, P_019185=185, Sdec=46, P_019189=168, P_012791=193, P_012793=191, Asie=154, P_012795=192, P_011465=192, P_018779=162, P_011587=155, P_012797=193, P_012799=194, P_011589=3, GAP_80417=115, WIGA=187, P_007802=169, GAP_79804=152, P_012841=192, P_011631=163, P_012843=193, Pcol=163, P_012845=192, P_012847=187, P_011637=190, P_011759=180, P_012849=193, Apet=91, OBPL=190, P0110C=179, P_018831=190, P0110B=139, YZRI=190, P_012851=193, P_012853=190, P_011643=193, P_011523=193, P_012855=191, P_011647=179, P_012857=191, P_011527=121, P_012859=193, WAIL=193, P_016789=185, P_011651=179, P_012861=194, P_011531=166, P_016787=189, P_012863=194, P_012865=193, Schi=162, P_011657=178, P_012867=193, P_011537=148, P_012869=193, P_016793=185, P_016791=189, P_016797=191, SJEV=191, P_016795=186, P_012871=188, P_012873=193, P_016799=190, P_012875=194, P_012877=192, P_012879=195, P_011549=183, P_007844=147, P_007845=34, S02=154, P_012921=186, S04=59, P_012801=193, S03=182, P_012923=194, P_011713=140, P_012803=192, P_011715=166, P_012925=193, S08=131, P_012805=192, P_007843=177, P_012927=193, P_012807=190, P_011719=20, P_012809=193, VYLQ=193, DHPO=194, GAP_80390=175, P2622=147, P2623=73, GAP_80394=193, XQWC=193, GAP_80393=193, GAP_80395=193, GAP_80397=190, P_012931=194, P_012811=193, P_012933=188, WPHN=191, P_012813=193, P_012935=191, P_012815=191, P_012937=195, P_012817=192, P_011607=6, P_012939=191, P_012819=189, P_011609=133, P2619=128, OSHQ=190, GAP_80389=184, P_012941=195, P_012821=193, P_011611=33, P_012823=191, P_011613=65, P_011735=191, P_012825=195, S27=154, P_012827=184, P_011739=167, P_012829=144, Dhai=186, P0104A=169, P_012831=187, P_011501=193, P_012833=192, GAP_81226=192, P_011745=177, GAP_81227=193, P_012835=192, S38=56, P_012837=192, P_012839=190, P_011509=192}
Number of gene trees: 195
195 trees have missing taxa
Calculating quartet distance matrix (for completion of X)
Species tree distances calculated ...
Will attempt to complete bipartitions from X before adding using a distance matrix.
Building set of clusters (X) from gene trees 
------------------------------
gradient0: 29369
Number of Clusters after addition by distance: 29369
calculating extra bipartitions to be added at level 1 ...
Adding to X using resolutions of greedy consensus ...
Limit for sigma of degrees:6150
polytomy size limit : 34
discarded polytomies:  [3, 3, 3, 3, 3, 3, 3, 3, 3, 3, 3, 3, 3, 3, 3, 3, 3, 4, 4, 4, 4, 4, 4, 4, 4, 4, 4, 4, 4, 4, 4, 4, 4, 5, 5, 6, 6, 6, 6, 8, 8, 9, 9, 9, 10, 13, 14, 14, 14, 18, 34]
Threshold 0.0:
polytomy of size 4; rounds with additions with at least 5 support: 2; clusters: 29385
Threshold 0.01:
polytomy of size 6; rounds with additions with at least 5 support: 3; clusters: 29435
Threshold 0.02:
polytomy of size 8; rounds with additions with at least 5 support: 1; clusters: 29587
polytomy of size 3; rounds with additions with at least 5 support: 0; clusters: 29587
Threshold 0.05:
polytomy of size 9; rounds with additions with at least 5 support: 0; clusters: 29617
polytomy of size 3; rounds with additions with at least 5 support: 0; clusters: 29617
polytomy of size 4; rounds with additions with at least 5 support: 0; clusters: 29617
Threshold 0.1:
polytomy of size 13; rounds with additions with at least 5 support: 1; clusters: 29635
polytomy of size 3; rounds with additions with at least 5 support: 0; clusters: 29635
polytomy of size 4; rounds with additions with at least 5 support: 0; clusters: 29635
polytomy of size 5; rounds with additions with at least 5 support: 0; clusters: 29635
polytomy of size 4; rounds with additions with at least 5 support: 0; clusters: 29635
polytomy of size 3; rounds with additions with at least 5 support: 0; clusters: 29635
polytomy of size 4; rounds with additions with at least 5 support: 0; clusters: 29635
polytomy of size 8; rounds with additions with at least 5 support: 0; clusters: 29635
polytomy of size 4; rounds with additions with at least 5 support: 0; clusters: 29635
polytomy of size 3; rounds with additions with at least 5 support: 0; clusters: 29635
Threshold 0.2:
polytomy of size 14; rounds with additions with at least 5 support: 0; clusters: 29637
polytomy of size 4; rounds with additions with at least 5 support: 0; clusters: 29637
polytomy of size 10; rounds with additions with at least 5 support: 0; clusters: 29643
polytomy of size 3; rounds with additions with at least 5 support: 0; clusters: 29643
polytomy of size 5; rounds with additions with at least 5 support: 0; clusters: 29643
polytomy of size 3; rounds with additions with at least 5 support: 0; clusters: 29643
polytomy of size 18; rounds with additions with at least 5 support: 0; clusters: 29659
polytomy of size 9; rounds with additions with at least 5 support: 0; clusters: 29665
polytomy of size 4; rounds with additions with at least 5 support: 0; clusters: 29665
polytomy of size 3; rounds with additions with at least 5 support: 0; clusters: 29665
polytomy of size 4; rounds with additions with at least 5 support: 0; clusters: 29665
polytomy of size 4; rounds with additions with at least 5 support: 0; clusters: 29665
Threshold 0.3333333333333333:
polytomy of size 14; rounds with additions with at least 5 support: 0; clusters: 29667
polytomy of size 4; rounds with additions with at least 5 support: 0; clusters: 29667
polytomy of size 4; rounds with additions with at least 5 support: 0; clusters: 29667
polytomy of size 3; rounds with additions with at least 5 support: 0; clusters: 29667
polytomy of size 14; rounds with additions with at least 5 support: 0; clusters: 29667
polytomy of size 3; rounds with additions with at least 5 support: 0; clusters: 29667
polytomy of size 3; rounds with additions with at least 5 support: 0; clusters: 29667
polytomy of size 3; rounds with additions with at least 5 support: 0; clusters: 29667
polytomy of size 6; rounds with additions with at least 5 support: 0; clusters: 29667
polytomy of size 4; rounds with additions with at least 5 support: 0; clusters: 29667
polytomy of size 3; rounds with additions with at least 5 support: 0; clusters: 29667
polytomy of size 9; rounds with additions with at least 5 support: 0; clusters: 29667
polytomy of size 3; rounds with additions with at least 5 support: 0; clusters: 29667
polytomy of size 34; rounds with additions with at least 5 support: 0; clusters: 29723
polytomy of size 4; rounds with additions with at least 5 support: 0; clusters: 29723
polytomy of size 6; rounds with additions with at least 5 support: 0; clusters: 29723
polytomy of size 4; rounds with additions with at least 5 support: 0; clusters: 29723
polytomy of size 3; rounds with additions with at least 5 support: 0; clusters: 29723
polytomy of size 3; rounds with additions with at least 5 support: 0; clusters: 29723
polytomy of size 3; rounds with additions with at least 5 support: 0; clusters: 29723
polytomy of size 4; rounds with additions with at least 5 support: 0; clusters: 29723
polytomy of size 6; rounds with additions with at least 5 support: 0; clusters: 29723
max k is :6
Number of Clusters after addition by greedy: 29723
gradient0 in heuristiic: 29723
partitions formed in 14.992 secs
Dynamic Programming starting after 14.992 secs
Using tree-based weight calculation.
Using polytree-based weight calculation.
Polytree max score: 14912241528
Polytree building time: 0.118 seconds.
Number of quartet trees in the gene trees: 14912241528
Size of largest cluster: 244
Greedy score: 13856795519
estimationFactor: 1.076168116037565
Sub-optimal score: 13910026436
Total Number of elements weighted: 80969
Normalized score (portion of input quartet trees satisfied before correcting for multiple individuals): 0.9503962934337473
Optimization score: 14172539075
Optimal tree inferred in 108.072 secs.
(CSSK,(P_019185,((P2589,OPDF),(((P_019191,P_019199),(GAP_80417,(GAP_79804,P2590))),(((QDVW,Asie),(P_019189,(P_019197,PAWA))),((P_025527,(P_025523,P_025525)),(((SJEV,(P_019193,(Wsal,P_019187))),(P_016921,(WKSU,(GAP_81227,(Pcol,(GAP_81226,P_006410)))))),((P0203H,((P_016909,WZFE),(P0109B,(P_018831,OSHQ)))),(((WPHN,P_011613),(((P_011609,(P2619,Sdec)),(MAQO,(WAIL,(P_011527,((GAP_80298,P_014077),(P_014083,GAP_80297)))))),(((GAP_79862,P_011587),(P_014081,(P_008647,P0104A))),(((KRJP,(GAP_80395,P_011549)),((P_011643,(P_011657,(P_011509,P_011651))),((GAP_80393,GAP_80394),((P_011647,(P_011465,(P_011501,(P_011523,(P_011489,P_011487))))),(P_011551,(P_011631,((P_007844,P_011637),(P_007843,(P_007783,P_006414))))))))),((P_011589,(P_011531,(P_011699,(P_006411,Schi)))),(VYLQ,((P_018635,P_008631),(P_011709,((P_011579,(P_011671,P_008632)),((P_011705,(KAYP,((BCGB,ABSS),(WIGA,(Dhai,(Apet,Msal)))))),(P_011713,((P_006413,(P_011719,P_011607)),((P_016813,((GAP_80390,GAP_80389),((P_008646,P_011679),(P_008640,P_006412)))),((P_011673,(P_011537,(P_011739,P_011677))),((P_011759,P_011701),((P_011675,P_011735),(P_011681,(P_011715,(P_011745,(P_014073,P_011611)))))))))))))))))))),((((P_018779,P_018639),(P_018695,(P_018645,P_018783))),((P_016797,(P_007845,(P_016799,(GAP_80397,OBPL)))),((P_016793,(P_006422,P_016795)),(P_018691,(P_018693,((P_014095,S08),((S04,(S38,(S27,P_016789))),(P_016791,((P_016787,S02),(S03,P_014099)))))))))),(((P2622,P2623),(P0110C,(XQWC,(P0110B,(P0207A,(P0207C,(P0207B,(P0206G,P0206H)))))))),((DHPO,GAP_80322),((P_012795,P_012941),((P_012861,((P_012855,(P_007802,P_012827)),((P_012921,P_012919),(P_012813,P_018637)))),(((P_012797,(P_012841,((P_012877,P_012913),(P_012811,(P_012891,P_012895))))),((((P_012883,P_012925),(P_012857,(P_012815,P_012903))),(P_012875,((P_012831,P_012905),(P_012901,(P_012887,P_012851))))),(P_018689,((P_012859,(P_012885,(GAP_80294,P_006420))),((P_012907,(P_012881,P_012873)),((GAP_80291,(P_012897,(GAP_80293,P_012893))),((P_012863,(P_012911,(P_012821,P_012917))),(P_006418,(P_012889,(P_012793,(GAP_80292,P_006419))))))))))),((P_012867,((P_012847,P_012923),(P_012899,P_012817))),(P_012843,(((P_012937,(P_012939,P_006421)),(P_012853,(P_012803,(P_012837,P_012829)))),(((P_012801,(P_012879,P_012809)),(P_012839,(P_012805,(P_012825,(P_012799,YZRI))))),((P_012909,((P_012865,(P_012931,(P_012933,P_012935))),((P_012845,P_012807),(P_012849,P_012871)))),((P_012833,GAP_81172),((PSJT,(GAP_80295,P_012927)),((P_012915,P_012791),(P_012869,(P_012823,(P_012819,P_012835))))))))))))))))))))))))));
Final quartet score is: 14172539075
Final normalized quartet score is: 0.9503962934337473
You may want to ignore posterior probabilities and other statistics related to the following branch branch because the effective number of genes impacting it is only 2:
	{P_006411, Schi, P_011531, P_011699}
You may want to ignore posterior probabilities and other statistics related to the following branch branch because the effective number of genes impacting it is only 3:
	{P_006411, Schi, P_011531, P_011699, P_011589}
You may want to ignore posterior probabilities and other statistics related to the following branch branch because the effective number of genes impacting it is only 1:
	{P_011719, P_011607}
You may want to ignore posterior probabilities and other statistics related to the following branch branch because the effective number of genes impacting it is only 5:
	{P_014073, P_011611}
You may want to ignore posterior probabilities and other statistics related to the following branch branch because the effective number of genes impacting it is only 19:
	{P_011537, P_011675, P_011735, P_011673, P_011739, P_011715, P_008646, P_011705, P_011713, P_006413, GAP_80390, GAP_80389, P_008640, P_006412, P_011677, WIGA, P_016813, P_011679, P_011671, P_008632, P_011745, P_011759, P_011681, P_011579, P_011701, Apet, Dhai, BCGB, ABSS, KAYP, Msal, P_011719, P_014073, P_011709, P_011611, P_011607}
You may want to ignore posterior probabilities and other statistics related to the following branch branch because the effective number of genes impacting it is only 12:
	{P_025523, P_025525}
You may want to ignore posterior probabilities and other statistics related to the following branch branch because the effective number of genes impacting it is only 17:
	{P_025523, P_025525, P_025527}
68.98511825405078 31.98132734410665 0.03355440184259806 101.0 4.3655456802261003E-16
150.98847557647093 22.625681322511824 11.917853640474673 185.53201053945742 8.804845552726909E-43
17.384738887116377 15.755663404408862 11.05332760250174 44.19372989402698 0.4801143456963699
17.085891465394162 4.583681055496857 14.057606620630114 35.727179141521134 0.028101142961028183
66.8645160170929 10.645099601449584 12.41102953677518 89.92064515531766 1.5827325266761526E-15
48.5277532911371 25.00945447647089 42.47901071186218 116.01621847947018 0.021137314332784634
137.98614691804812 8.006361939533315 6.00259819609464 151.9951070536761 9.356693160204863E-50
51.96841060205318 30.75449080857018 29.577130091559034 112.3000315021824 0.01437672196712605
67.23907027599006 28.648916724552162 16.156917656136827 112.04490465667905 5.680083926874307E-9
94.58915828328247 6.3750629604788935 81.05661121211992 182.0208324558813 6.989336678193233E-17
108.63458068538041 21.231442962768583 11.497114620382328 141.36313826853132 4.223033971033183E-27
62.26732353079596 31.31040012524157 21.93398077247074 115.51170442850827 9.441719462172977E-6
113.79533029899365 8.687872857241139 21.15452234428647 143.63772550052127 1.2278644149617395E-30
123.0 2.0 3.0 128.0 5.386749542665306E-50
118.9021418434736 9.576499266674222 6.429816387408363 134.90845749755618 2.425199457174491E-40
128.01362521934607 13.918413674461771 16.11439503742839 158.0464339312362 8.016014651020313E-36
156.01415030421953 10.769900497512438 11.04336546621064 177.8274162679426 3.7663006070031854E-52
113.0495191933413 53.07047562534775 2.784131367698427 168.90412618638746 3.1102867945035866E-24
114.84191722318255 23.03218075084977 16.21472724710055 154.08882522113285 2.2281910701796376E-26
58.94088518498979 54.565544397257106 49.377641288942655 162.88407087118955 0.6556546888525996
145.48853456348147 14.418122487974976 13.795818128596089 173.70247518005255 6.961132762011904E-44
122.48027587244275 15.997974072503052 29.61072722310063 168.08897716804643 9.352514355097736E-27
62.14968039033255 60.896821106638065 51.01434283258783 174.06084432955845 0.5266401604194945
63.977019451273925 56.05103577042225 55.551751156629706 175.57980637832588 0.6826647921824185
126.83930292724195 21.52055500814097 22.37574104071701 170.7355989760999 1.0298868159138526E-28
132.2402309878507 18.566641395431265 9.780901697778958 160.58777408106096 1.3959300147566475E-38
69.06751702926644 38.13213090258595 39.85252067172399 147.05216860357638 0.0020994283447055106
54.5897736946361 39.134506474983155 34.5458212635471 128.27010143316636 0.07583084767921776
66.85323719240715 49.12800537507763 43.0100302863343 158.99127285381905 0.05537690137202578
91.62055551491447 30.278304315602398 35.591350542749865 157.49021037326673 2.7823675819097317E-10
57.42901124506913 36.87607305874489 41.746010944709845 136.05109524852386 0.0785896541456065
42.6079261952755 40.824167868725766 19.994679192184336 103.4267732561856 0.010204498543168124
40.232532420779904 34.96168331302182 27.988836116064036 103.18305184986576 0.33398943133405773
124.3767548279509 12.127114422483714 24.38749640509578 160.8913656555304 1.9857704114719936E-31
59.44114675178321 48.41744401969796 52.583010924592706 160.4416016960739 0.5602548888734904
166.64451184756945 2.9895182514357246 4.888155519292539 174.52218561829773 1.3045922308091532E-66
131.75974348663794 9.615567110191282 10.901500027490789 152.27681062432 7.826880076643941E-43
67.9326405085231 14.129575410822971 12.933044744161057 94.99526066350711 2.917281340635668E-14
57.491088541229956 26.2157094206831 10.048858146684234 93.7556561085973 8.24455845247383E-9
1.3333333333333333 0.0 0.6666666666666666 2.0 0.5134171190325922
Not enough genes
Cannot perform polytomy test with effective N (after polytomies) 2.0:
	(P_011531,(P_011699,(P_006411,Schi):0.8243952668671727):0.5277934851407887):0.1823215567939546;
1.5145320174682004 0.6442067736185383 0.033343622987086485 2.192082414073825 0.46845928423130834
Not enough genes
Cannot perform polytomy test with effective N (after polytomies) 2.192082414073825:
	(P_011589,(P_011531,(P_011699,(P_006411,Schi):0.8243952668671727):0.5277934851407887):0.1823215567939546):0.23787375799318505;
11.379043867420043 8.166168056218126 10.541135681555504 30.086347605193673 0.7580885659135712
37.75823202338688 27.984912212887807 25.115711850114835 90.85885608638952 0.23445062518889337
121.01961333396589 11.207670564934716 8.517661152054762 140.74494505095538 7.19362222456848E-39
97.88546194883736 23.489561584752003 27.41131619418286 148.78633972777223 4.480006542967748E-16
28.947583086720698 17.024333594935932 18.113683753438657 64.08560043509529 0.13078702772117246
65.35293460747799 41.55970261233547 33.60794966457347 140.52058688438694 0.0029525152802151286
91.11207658962084 30.84244583793128 30.39173486251652 152.34625729006865 3.689743541181407E-11
34.708700769364505 23.4747872311829 29.249987161281624 87.43347516182902 0.3386355925608458
32.4394438501074 10.617819161371141 6.355146924727168 49.412409936205705 6.878310346292764E-6
25.434964129048485 21.887980016292662 20.877943653202998 68.20088779854414 0.7772763186094924
1.0 0.0 0.0 1.0 0.3678794411714423
Not enough genes
Cannot perform polytomy test with effective N (after polytomies) 1.0:
	(P_011719,P_011607):0.2876820724517809;
4.69757649203449 2.6022855151378557 7.2139872310664614 14.513849238238807 0.33218499227018355
Not enough genes
Cannot perform polytomy test with effective N (after polytomies) 14.513849238238807:
	(P_006413,(P_011719,P_011607):0.2876820724517809):0.0;
148.26420509548598 7.5533601118873595 4.8607056430187345 160.6782708503921 2.7573051475211067E-55
58.40633080298952 15.192311074399951 47.75634250186331 121.35498437925278 3.6145180080437886E-6
127.67565029949559 15.550233719482545 17.713150702882427 160.93903472186054 5.199196915138593E-34
57.374691814986065 43.78574762476154 29.384279758594687 130.5447191983423 0.01108254686651324
49.814206276918675 31.914045220590012 36.3551096544938 118.0833611520025 0.10999943195982177
69.07594213744042 20.867576400207767 19.340104511948134 109.28362304959632 2.8993723671444056E-10
77.18384366648701 8.13493132489886 14.115494094068028 99.43426908545389 6.660668975033736E-20
43.70479097276249 26.08394825252761 23.73140456411786 93.52014378940797 0.021872672682146904
45.04598610226747 35.07400415324207 34.04485701458246 114.16484727009201 0.3790089896075247
4.835092567116533 5.58359826642389 15.17031127643021 25.589002109970636 0.020365747658196903
145.4937659259764 7.004817466350654 10.50967760702723 163.0082609993543 1.4532340618744036E-50
0.9954355764214918 1.995305164319249 1.0092592592592593 4.0 0.781510180966642
Not enough genes
Cannot perform polytomy test with effective N (after polytomies) 4.0:
	(P_014073,P_011611):0.0;
23.991672650141712 6.066344956365468 14.40570501598974 44.46372262249692 0.004389160159819107
40.889865558667736 36.9731695669675 29.214045820105255 107.07708094574049 0.37182549053747393
44.2352874473938 47.87394647631631 17.525405203322965 109.63463912703308 5.451408698798158E-4
73.83843034684959 20.83026450791276 45.152112961963454 139.8208078167258 2.750804859974872E-7
50.80648394277415 40.45158665666014 39.62880568876007 130.88687628819434 0.4108711699104636
101.6190902457561 11.885536029418757 17.580070533704873 131.08469680887973 8.094833816832E-26
54.09378268750981 21.356488025316807 35.521044412286685 110.97131512511329 6.84329453759502E-4
30.862247451725146 26.210738155818056 36.25610987759031 93.32909548513351 0.4437948509052716
34.04650785692157 30.22389889598427 29.681803050533155 93.95220980343899 0.8346745035923783
106.21700118748124 39.48416091917318 5.216197976138919 150.91736008279332 1.6782500963602652E-23
7.561514936766551 2.5581241662005048 2.5237070441075984 12.643346147074656 0.13618771261515103
Not enough genes
Cannot perform polytomy test with effective N (after polytomies) 12.643346147074656:
	((P_011579,(P_011671,P_008632):0.12394239677205464):1.5172074663095214,((P_011705,(KAYP,((BCGB,ABSS):0.6544090658308712,(WIGA,(Dhai,(Apet,Msal):0.18289280181813514):0.21404322698079595):0.4963289980738033):0.09291122493903832):0.6259035207207069):0.05269306772066035,(P_011713,((P_006413,(P_011719,P_011607):0.2876820724517809):0.0,((P_016813,((GAP_80390,GAP_80389):2.0838394304146672,((P_008646,P_011679):0.24338094616142772,(P_008640,P_006412):1.1476775529916305):0.1675216307027493):0.13635894212664096):0.5789656618097104,((P_011673,(P_011537,(P_011739,P_011677):1.0577149370075396):0.2151493357434253):0.09070762963034877,((P_011759,P_011701):0.0,((P_011675,P_011735):1.775897747620108,(P_011681,(P_011715,(P_011745,(P_014073,P_011611):0.0):0.3446975067189013):0.06989659469136991):0.10508083220188365):0.3375935455294986):0.08103828866546671):1.0613798575396793):0.25444834695923435):0.0):0.03858180386261312):0.7957654300642965):0.40248099638528345;
7.332865408586399 2.916098997726982 1.0843257959860324 11.333290202299413 0.0651396322815864
Not enough genes
Cannot perform polytomy test with effective N (after polytomies) 11.333290202299413:
	(P_011709,((P_011579,(P_011671,P_008632):0.12394239677205464):1.5172074663095214,((P_011705,(KAYP,((BCGB,ABSS):0.6544090658308712,(WIGA,(Dhai,(Apet,Msal):0.18289280181813514):0.21404322698079595):0.4963289980738033):0.09291122493903832):0.6259035207207069):0.05269306772066035,(P_011713,((P_006413,(P_011719,P_011607):0.2876820724517809):0.0,((P_016813,((GAP_80390,GAP_80389):2.0838394304146672,((P_008646,P_011679):0.24338094616142772,(P_008640,P_006412):1.1476775529916305):0.1675216307027493):0.13635894212664096):0.5789656618097104,((P_011673,(P_011537,(P_011739,P_011677):1.0577149370075396):0.2151493357434253):0.09070762963034877,((P_011759,P_011701):0.0,((P_011675,P_011735):1.775897747620108,(P_011681,(P_011715,(P_011745,(P_014073,P_011611):0.0):0.3446975067189013):0.06989659469136991):0.10508083220188365):0.3375935455294986):0.08103828866546671):1.0613798575396793):0.25444834695923435):0.0):0.03858180386261312):0.7957654300642965):0.40248099638528345):0.49731415118306377;
88.08293568535295 40.04669747247248 17.881904291073823 146.01153744889925 3.2251464528037293E-12
79.11374683856134 50.74424363445205 19.825063242327904 149.6830537153413 2.2185798711532014E-8
112.35895151399912 9.379702219766015 15.059773071946156 136.7984268057113 1.2237383829182449E-32
56.55973533754223 26.589662606394327 34.453888579658596 117.60328652359514 0.002113625201252524
64.05470614409711 42.425278612774854 18.811574634303433 125.29155939117541 4.733138224534853E-6
79.66816001284988 24.446892461205522 34.168769442308815 138.28382191636422 6.490771597635667E-9
128.82708238148018 12.330482943641146 7.487522620986078 148.64508794610742 4.2808969027531486E-42
79.1903097008624 48.31180406477428 19.35136426457745 146.85347803021412 1.1357754810352924E-8
79.75362296891909 46.11585441593072 43.21053479824523 169.08001218309502 6.621499338447484E-4
92.58691098939192 47.9094690574528 25.7602966961987 166.25667674304344 8.306583927700391E-10
92.26297031500683 49.362607666701635 14.722176879361466 156.34775486106992 2.670320352816854E-13
75.0140654730387 27.213107901999706 74.80893135061939 177.0361047256578 2.6223619477863517E-6
18.44032535203396 6.569607932090503 6.51936683580066 31.52930011992512 0.01123977207309156
17.3973019449163 12.265888059719831 2.358762200755145 32.02195220539128 0.004190238217931141
142.08653128361183 9.433522824105511 22.781736149701118 174.30179025741847 1.3282168921603064E-40
104.32232829872223 29.7935860828348 19.917922449543656 154.03383683110067 9.749060614977656E-19
96.34194163858297 22.62583458990248 26.66397558921845 145.6317518177039 4.304619391779323E-16
47.04692416173911 14.28287896884029 4.776746942851471 66.10655007343088 2.031389123703529E-10
29.78426881460588 6.991343147716335 13.008591561343854 49.78420352366607 2.2312727768976167E-4
12.00217700258398 7.356635020267031 4.499560646619471 23.858372669470484 0.16480409860345357
31.933125563523625 11.165065757395821 6.049955316821596 49.14814663774104 1.0443202156050832E-5
145.99207556872707 2.93672173501872 3.5113730572025523 152.44017036094834 8.510700301754837E-59
170.98925297565228 3.5236306206709322 2.071887575510661 176.58477117183386 2.6507602160571038E-70
49.17732572962705 46.09904488398203 45.20912915193763 140.4854997655467 0.9115696247723011
47.89888778297415 37.491718756694866 50.71242920145267 136.1030357411217 0.34332132928506326
49.35007654424385 27.286779490086364 26.621109781661335 103.25796581599154 0.0077440803874325274
57.30303477888971 27.62697418131809 18.518980689463337 103.44898964967113 6.604574437107735E-6
23.98997792037153 18.4850713825683 19.74653163240314 62.22158093534297 0.669647873914776
27.12472782886642 20.05229415512713 16.42780954160612 63.604831525599664 0.24759393378009337
50.19792541468696 39.92391400535842 43.55192573386763 133.673765153913 0.5437471281493602
70.22670378018739 45.610399054412085 26.79043829116335 142.62754112576283 4.6314338146233044E-5
174.30174528124022 6.842244636129347 1.8153663237655902 182.95935624113517 2.3785436938975587E-69
29.215145666755465 10.604614079948398 27.64990359032906 67.46966333703293 0.008756060931691349
72.86356153177344 54.09137333686357 37.04549167411344 164.00042654275046 0.002818347883404214
80.88727141361716 50.61506779569905 38.642206653827756 170.14454586314395 2.3433034631771584E-4
66.21626192882255 55.01304117278763 54.28671009447387 175.51601319608406 0.4655800053986646
53.90424490236842 41.47255996857637 39.12453287305446 134.50133774399927 0.24486484715545373
66.71021748643105 53.1886092606313 16.123751124823134 136.0225778718855 2.6902153403305156E-7
119.99832502650554 51.22909142127516 2.624006404060201 173.85142285184088 8.601217425732982E-27
136.26355182497434 1.1535887307776709 6.349128643412416 143.76626919916444 7.843493556714232E-54
90.43988732484848 25.316096713747722 23.99712416449227 139.7531082030885 3.532358673521292E-14
165.99646765016615 10.500675348994497 9.507295225593161 186.0044382247538 1.5225601362303586E-57
189.11466504341732 1.3752978088229808 1.5100371477597103 192.0 2.1493832691043618E-80
143.99616092834395 6.031682725586636 11.972156346069388 162.0 1.1887365031337382E-49
148.29885198151328 11.50314535176315 22.698002666723596 182.50000000000003 6.526018988627494E-42
175.47638900659524 4.018826304409549 5.0047846889952154 184.5 1.571857650157116E-69
119.01882406024669 26.494938641300042 42.986237298453275 188.5 1.4639196423257464E-17
172.97020216962522 9.363131163708086 5.943333333333333 188.27666666666664 8.686143414413337E-64
182.5939026154481 4.232334850595671 2.176457092797438 189.0026945588412 1.1154448744238758E-74
69.26520860187046 38.88454183838287 65.23826454613575 173.38801498638907 0.008994272460192096
140.97156791150846 10.009239107241925 19.020787877581355 170.00159489633177 9.825223611781704E-42
90.00693656840754 46.021772778329115 50.05742533859347 186.08613468533014 7.261174910124281E-5
163.51404745315074 12.010618098688752 11.534969257795346 187.05963480963484 3.481340712228592E-54
167.64111345610337 7.695792631484633 11.386379307328832 186.72328539491684 6.912387314533151E-59
103.38142734850787 39.40691047736699 38.95865094784117 181.74698877371603 1.4163427963379628E-10
65.59267834453456 62.742569707286314 50.906036039737714 179.2412840915586 0.3623374285341801
186.33765100635404 2.9043513705136146 2.0056391161588905 191.24764149302655 1.639821831865549E-77
151.943637709016 15.075292213260258 10.237076578326246 177.25600650060252 2.6464201588148785E-48
56.064086460349515 50.0237456204289 48.29149839499202 154.37933047577042 0.7235742352815207
56.58088575468346 47.0005739754324 47.45181593705079 151.03327566716663 0.559662441356475
99.49998725406863 35.60027862997712 36.45430234676827 171.55456823081403 6.30455368666419E-11
181.01040885954427 5.000617462935966 3.867857273211584 189.87888359569183 4.833762763636926E-72
60.67325080813369 53.99185902134149 58.84030082173984 173.50541065121502 0.813777118808247
85.51632942934414 45.61482565067496 40.83058175834963 171.96173683836872 2.7485369697376274E-5
120.8024937631214 20.078998320687823 25.367287531540708 166.24877961534995 6.544434132411723E-26
99.09293250019496 24.426690487718744 29.19536309612712 152.71498608404082 1.240072701951354E-15
131.118926976367 2.3097011710618847 14.213690922869308 147.64231907029819 1.9417934287813727E-45
46.05758024659667 48.63939248739732 34.40174808762423 129.0987208216182 0.2626072453900885
44.54316211983543 36.34925765715154 41.50806064611889 122.40048042310586 0.6566476793003968
128.9312946561851 15.164148346754484 14.150947118228078 158.24639012116765 1.4451543371895037E-36
39.44263529863981 35.453629212186286 36.223579433043675 111.11984394386977 0.8861284075439076
170.96257154859796 8.03581529948806 6.233246133319243 185.23163298140528 1.1642324455719448E-63
40.499323111751465 37.278006753221675 36.70008841989032 114.47741828486346 0.8959905756124192
38.998460101701895 33.70856922592493 38.29072960185099 110.99775892947781 0.8002048829153889
162.04156430841581 9.030069096217948 8.969064133104524 180.04069753773828 3.1751103402079977E-57
114.49966187880325 20.11242885648246 10.510148991330338 145.12223972661604 2.2425548861673953E-30
49.48534471085509 21.32109516997446 39.35318757703759 110.15962745786713 0.003918101728809761
182.0482479760474 2.9583734388868965 4.978727486928347 189.98534890186264 3.1660049767223387E-73
53.354927467808096 36.051549270942246 31.96395956318882 121.37043630193916 0.04128304722075137
41.42696108891144 36.567700704847695 41.11259136402125 119.10725315778038 0.8300666828560418
40.16125381896711 36.25216369805557 39.366262301369815 115.7796798183925 0.8952962469229937
40.478627190919944 31.910642631101204 40.280515246149434 112.66978506817058 0.5289633610257187
39.67872647541124 33.119746551769474 37.60780268577843 110.40627571295914 0.7367770720084399
45.75006453383913 31.225831682238912 39.77235724427514 116.74825346035318 0.2542820035670617
149.0250903841759 10.255946116989762 7.63633499482597 166.91737149599163 8.565550309847178E-52
134.17551029450743 16.112460887740255 13.24238881014082 163.53035999238853 1.1485374830232242E-38
171.8178527646352 3.699840527726394 3.9042390726449496 179.42193236500654 4.680473217170534E-69
173.10402297334537 2.810722716202994 2.9326005038788963 178.84734619342726 4.2679063142117675E-71
179.98656268962253 2.0649379172405484 2.4923590422597375 184.54385964912282 4.796809419935531E-75
170.9927271513922 9.001327095673037 8.54980540205758 188.54385964912282 2.4360453557897077E-61
137.24473684210525 24.756905370843988 24.77905370214982 186.78069591509905 3.84048964749658E-30
185.63914391126818 0.8737978075547848 0.8345536879277781 187.34749540675074 7.023841338214207E-80
166.9939393939394 12.0 11.0 189.9939393939394 5.37739902721528E-56
192.00339653848425 0.0 0.006172839506172839 192.00956937799043 4.162418837772499E-84
111.02212991664601 13.884707855997428 13.16992076044005 138.07675853308348 1.2643068331354165E-30
60.545278461303276 55.49793032616098 56.962544830577706 173.00575361804198 0.8896534479231044
88.7695549164334 41.54368133707921 44.313102169328054 174.6263384228407 5.74773330625508E-6
75.68793769933782 60.6412111342694 36.25580308530988 172.5849519189171 0.0010246458898675774
190.00899956312801 0.9862385321100917 0.0 190.9952380952381 2.1386552898950497E-82
131.80516515188154 29.15004787696225 26.403673057734395 187.3588860865782 7.978988841379025E-26
133.08033834936367 3.15861355662136 50.77510729063226 187.0140591966173 7.984464349261847E-31
80.62047732675798 38.550865622574506 65.37059261548377 184.54193556481624 6.272101204462607E-4
73.56610616050764 40.77963372584576 69.8570606086086 184.20280049496202 0.005246419706548466
123.65900317272082 27.707799460169056 28.367434082431327 179.73423671532117 8.049330379919319E-23
149.0933884420405 20.794985686345353 15.166182572351476 185.05455670073732 3.9867997405381924E-41
179.0 7.0 1.0 187.0 6.499259146196925E-72
178.52078928775916 4.555045347965077 5.946264811789568 189.0220994475138 1.0406533660296269E-69
97.67939762560572 44.42397398125788 41.4756228195992 183.5789944264628 7.915888698069379E-8
108.5572150458581 29.41533881442538 44.03239663476602 182.0049504950495 2.0180444480079776E-13
168.51805808968442 7.58755711864871 10.879750645325405 186.98536585365852 1.129577106418368E-59
119.79972173241299 33.56925177370138 33.79854080813337 187.16751431424774 6.199110085103441E-18
181.81614558347735 3.4714680392131836 4.626282095547716 189.91389571823825 5.3974081194289644E-73
65.84612157662488 58.57384598938961 57.809434899963776 182.22940246597827 0.7233018469211305
187.32117309209823 0.7597041586384072 1.2941227492633365 189.37499999999997 2.5652085326166516E-80
79.101540223592 20.995015805899186 78.92373933299915 179.02029536249034 6.824685923783217E-9
146.12417304364976 29.463230043211137 5.220345549724994 180.80774863658587 1.2730052787326978E-41
83.28077343063222 49.77805711113376 53.954859166608465 187.01368970837444 0.004762894015018156
66.97701802441816 56.992977059558235 60.00619980624187 183.97619489021827 0.6520430399370246
130.99516908212559 31.0 24.504830917874397 186.49999999999997 1.2735442690854974E-25
188.4820914608577 2.3416842682513908 0.8425321763696757 191.66630790547876 7.137256344205378E-80
174.49668295472532 9.270424442410567 8.491888222388491 192.25899561952437 1.0980892457459677E-62
79.9062835752851 65.39444967559895 41.44393385234284 186.74466710322687 0.00233297931260693
177.59808870510082 1.817092992011867 6.994768402280889 186.4099500993936 1.1752662513779951E-70
166.5790243629593 9.449070733500921 4.5922875672851395 180.62038266374535 5.528900243814461E-62
173.3368673466621 4.188054977616958 3.6919913825200488 181.21691370679912 1.6982554249080892E-69
75.00397373935608 46.01968949890769 49.00295203695488 170.02661527521866 0.011280105407142969
151.48646956825678 10.248581553613782 12.71103662010388 174.44608774197442 1.5438502652487082E-49
152.48883098592154 10.671174736160733 10.053142658624632 173.2131483807069 2.2499669744597654E-51
92.65504887304 30.968799231653396 43.70471080349693 167.32855890819033 5.518930771453694E-9
153.40642639880954 10.767073725777209 11.022657513231064 175.1961576378178 4.512979029714277E-51
172.975518500519 3.40622046743153 1.7928380820815772 178.1745770500321 1.7399284891695431E-71
112.90874363408142 11.304509662816358 43.39937580849713 167.61262910539492 1.0759034384148803E-21
122.46923347546404 12.702464839511995 31.699092928810238 166.87079124378627 1.3486069267182636E-27
156.397380138704 4.335694803760003 5.610117275554222 166.3431922180182 1.3552974277688489E-60
121.35040221907008 11.330766756118333 12.8219723117611 145.5031412869495 2.2612581036925417E-36
107.00926522410774 18.990270505638154 36.000464270254106 162.0 2.943010702366878E-18
128.893153425941 18.577787380937313 19.529059193121693 167.0 4.1977526131729005E-32
154.34817620853732 16.857909754651136 8.724979654105121 179.93106561729357 3.26865017295773E-49
122.98909292395831 17.024570282588268 21.985477334160205 161.99914054070678 1.7437413245455925E-29
117.88687807208044 27.039460156663147 15.590290854157063 160.51662908290066 3.1705083044612364E-26
92.05860848935527 77.7704518121769 20.82209393524301 190.65115423677517 1.966729567503485E-10
102.49057116496583 76.8663801066814 10.62321006363732 189.98016133528455 3.866984286771545E-16
175.5869345797599 6.956661847052247 4.070971841452521 186.6145682682647 4.6852712962512826E-68
156.8193190517603 3.7946408089577255 10.968916193841332 171.58287605455934 2.3916389238977184E-57
6.0 2.0 4.0 12.0 0.36787944117144233
Not enough genes
Cannot perform polytomy test with effective N (after polytomies) 12.0:
	(P_025523,P_025525):0.21357410029805904;
11.635647735913455 0.49631971801783126 1.864130943886229 13.996098397817516 3.667950399738901E-4
Not enough genes
Cannot perform polytomy test with effective N (after polytomies) 13.996098397817516:
	(P_025527,(P_025523,P_025525):0.21357410029805904):1.0902498618004681;
149.52321214106342 1.8271317829457363 0.6449612403100775 151.99530516431923 1.471781499306175E-63
89.17358830031262 20.59825086614144 32.70449262605948 142.47633179251355 5.61686999316384E-13
60.99783311152804 54.661969503306246 31.868149344006685 147.527951958841 0.008456752477648113
81.11841996988896 46.80139303243608 40.40904802048837 168.3288610228134 1.9507468574966045E-4
22.360510104288014 8.655804164757376 13.48702312840455 44.50333739744994 0.03850214730515652
96.01393052371715 4.0 1.009433962264151 101.0233644859813 2.405768190748493E-38
48.48464118230207 7.991001892566623 14.515308022551414 70.99095109742011 2.111420292992473E-9
59.5934717987733 29.218851369826258 4.302134192910565 93.11445736151013 1.867260125098877E-11
106.45064486404299 23.092232486028134 30.471433956886372 160.0143113069575 4.596791875246911E-18
65.99127049057616 41.615415915127684 66.40210075749593 174.00878716319977 0.031017956302153083
139.13938814476234 15.989461023570255 18.021688714351733 173.15053788268432 3.787822722338158E-38
145.4080212649669 19.538036027055348 4.773236572620168 169.7192938646424 1.3973622712521977E-46
26.92046211011736 8.844529468017283 24.530940943555972 60.29593252169062 0.008252181939480055
38.89186263680138 11.379350872151976 5.841630912338357 56.11284442129171 5.3090551321673257E-8
72.79894350510804 37.64080752908016 36.63090508280889 147.0706561169971 1.7458049676984734E-4
117.50573062609506 3.227387205285207 6.322315575936892 127.05543340731717 3.441441575008605E-44
89.14988728137901 30.32981047435255 15.276128415017533 134.7558261707491 1.8435312601221216E-15
76.41405834401417 8.734541209581026 19.352531668124282 104.50113122171948 3.032969275227624E-17
Extended species tree:
(P0109B,((P_018831,OSHQ)0:0.7225492833639673,((P_016909,WZFE)0:1.2523794723989115,(P0203H,((((WPHN,P_011613)0.48011:0.08013386402574318,(((P_011609,(P2619,Sdec)0.0281:0.2204180841897863)0:0.9241321728026882,(MAQO,(WAIL,(P_011527,((GAP_80298,P_014077)0.02114:0.1301820968878921,(P_014083,GAP_80297)0:1.9162934675920982)0.01438:0.20827878952345402)0:0.49790854677782903)0:0.3219046662233244)0:1.0345711123450032)0.00001:0.359027217914944,(((GAP_79862,P_011587)0:1.1398768520682594,(P_014081,(P_008647,P0104A)0:2.6625878270254533)0:1.672931660226801)0:1.2286860984036676,(((KRJP,(GAP_80395,P_011549)0:1.6536138704375565)0:0.6892719516356488,((P_011643,(P_011657,(P_011509,P_011651)0:0.9434997296272228)0.65565:0.040275069809962726)0:1.3829732633837275,((GAP_80393,GAP_80394)0:0.8831727136025396,((P_011647,(P_011465,(P_011501,(P_011523,(P_011489,P_011487)0.52664:0.03306713757441549)0.68266:0.044441360771425256)0:0.9361356727209336)0:1.3003745475308188)0.0021:0.2228460443884806,(P_011551,(P_011631,((P_007844,P_011637)0.07583:0.14322220961315038,(P_007843,(P_007783,P_006414)0.05538:0.1355715138142435)0:0.4574824444250969)0.07859:0.1375972146057519)0.0102:0.11881269668372818)0.33399:0.08257470737192191)0:1.0567299406478412)0.56025:0.05370109624413409)0:2.5787607806576642)0:1.5579339578021512,((P_011589,(P_011531,(P_011699,(P_006411,Schi)0:0.8243952668671727)0:0.5277934851407887)NA:0.1823215567939546)NA:0.23787375799318505,(VYLQ,((P_018635,P_008631)0.75809:0.05031431579543601,(P_011709,((P_011579,(P_011671,P_008632)0.23445:0.12394239677205464)0:1.5172074663095214,((P_011705,(KAYP,((BCGB,ABSS)0:0.6544090658308712,(WIGA,(Dhai,(Apet,Msal)0.13079:0.18289280181813514)0.00295:0.21404322698079595)0:0.4963289980738033)0.33864:0.09291122493903832)0.00001:0.6259035207207069)0.77728:0.05269306772066035,(P_011713,((P_006413,(P_011719,P_011607)NA:0.2876820724517809)NA:0.0,((P_016813,((GAP_80390,GAP_80389)0:2.0838394304146672,((P_008646,P_011679)0:0.24338094616142772,(P_008640,P_006412)0:1.1476775529916305)0.01108:0.1675216307027493)0.11:0.13635894212664096)0:0.5789656618097104,((P_011673,(P_011537,(P_011739,P_011677)0:1.0577149370075396)0.02187:0.2151493357434253)0.37901:0.09070762963034877,((P_011759,P_011701)0.02037:0.0,((P_011675,P_011735)0:1.775897747620108,(P_011681,(P_011715,(P_011745,(P_014073,P_011611)NA:0.0)0.00439:0.3446975067189013)0.37183:0.06989659469136991)0.00055:0.10508083220188365)0:0.3375935455294986)0.41087:0.08103828866546671)0:1.0613798575396793)0.00068:0.25444834695923435)0.44379:0.0)0.83467:0.03858180386261312)0:0.7957654300642965)NA:0.40248099638528345)NA:0.49731415118306377)0:0.5087193901430158)0:0.3390472335850857)0:1.2840247209685152)0.00211:0.24248251212767039)0:0.3021807689523557)0:0.4431303043348382)0:1.5669830376453724,((((P_018779,P_018639)0:0.3615437297960039,(P_018695,(P_018645,P_018783)0.00066:0.22737422102804605)0:0.4009892428841911)0:0.4773024492952095,((P_016797,(P_007845,(P_016799,(GAP_80397,OBPL)0:0.14157831848597016)0.01124:0.43128355707292193)0.00419:0.3428576385015036)0:1.2580345183220862,((P_016793,(P_006422,P_016795)0:0.7120254095355084)0:0.6646567703564579,(P_018691,(P_018693,((P_014095,S08)0:0.802107413808984,((S04,(S38,(S27,P_016789)0.00022:0.47760091523521175)0.1648:0.2539036678278903)0.00001:0.6072698618104806,(P_016791,((P_016787,S02)0:2.619887346205079,(S03,P_014099)0:2.8875926136857077)0.91157:0.02159943154564306)0.34332:0.024340080469104634)0.00774:0.23574611958336886)0.00001:0.38998549416851386)0.66965:0.07169798389901169)0.24759:0.1390138672134058)0.54375:0.06092461810033371)0.00005:0.2658229771526121)0:2.5415034301098642,(((P2622,P2623)0.00876:0.15085913058685838,(P0110C,(XQWC,(P0110B,(P0207A,(P0207C,(P0207B,(P0206G,P0206H)0.00282:0.1772078161594155)0.00023:0.23437919149352435)0.46558:0.06474481927287064)0.24486:0.10172277041768951)0:0.2617329993584954)0:0.7538128296704325)0:2.4292695937002273)0:0.6232743587250141,((DHPO,GAP_80322)0:1.7807653254040539,((P_012795,P_012941)0:3.5000158827830634,((P_012861,((P_012855,(P_007802,P_012827)0:1.7436440775398532)0:1.2456708631526845,((P_012921,P_012919)0:2.5126463646200627,(P_012813,P_018637)0:0.5835782501958234)0:2.0461830572720516)0:2.8389057504045594)0.00899:0.10068842825623467,(((P_012797,(P_012841,((P_012877,P_012913)0:1.3340099946397839,(P_012811,(P_012891,P_012895)0.00007:0.2505768951863926)0:1.6307619138515994)0:1.8296714309782147)0:0.4285729741236827)0.36234:0.04695946405385649,((((P_012883,P_012925)0:3.076675010569073,(P_012857,(P_012815,P_012903)0:1.5077165227894496)0.72357:0.04210523843108509)0.55966:0.06000671941281241,(P_012875,((P_012831,P_012905)0:0.45404156952455665,(P_012901,(P_012887,P_012851)0:2.5568286953421646)0.81378:0.02176555820679715)0.00003:0.27659060426029913)0:0.8757207921657283)0:0.6291973268641893,(P_018689,((P_012859,(P_012885,(GAP_80294,P_006420)0:1.732541089326736)0.26261:0.03152199739553501)0.65665:0.04232977449396172,((P_012907,(P_012881,P_012873)0:1.253341729468973)0.88613:0.028075389622045324,((GAP_80291,(P_012897,(GAP_80293,P_012893)0:2.095697476862433)0.89599:0.026413883534719934)0.8002:0.022563917425200686,((P_012863,(P_012911,(P_012821,P_012917)0:1.8488633875413785)0:1.1251070673742978)0.00392:0.18363511256612083,(P_006418,(P_012889,(P_012793,(GAP_80292,P_006419)0:2.656520354310043)0.04128:0.1672564542619877)0.83007:0.01752730618384518)0.8953:0.015986376878290912)0.52896:0.034757895103807654)0.73678:0.034843649681117986)0.25428:0.0864428271686157)0:1.7792534821079522)0:1.2846737072005505)0:2.637596605516483)0:2.8780904434886425,((P_012867,((P_012847,P_012923)0:3.1027143544628095,(P_012899,P_012817)0:1.918624500689289)0:0.9071245189906224)0:3.836483382843496,(P_012843,(((P_012937,(P_012939,P_006421)0:1.6687227581653006)0:4.851120796262559,(P_012853,(P_012803,(P_012837,P_012829)0:1.1954072608485584)0.88965:0.02216871756148671)0.00001:0.29863295722324174)0.00102:0.16728595706267213,(((P_012801,(P_012879,P_012809)0:4.165762796811348)0:0.7976930040829935,(P_012839,(P_012805,(P_012825,(P_012799,YZRI)0:0.8249242518457708)0.00063:0.16460376265174065)0.00525:0.10073653726902014)0:0.7471922544385962)0:1.2107069831868764,((P_012909,((P_012865,(P_012931,(P_012933,P_012935)0:2.633752277385566)0:2.399214314354945)0:0.3478590253590207,((P_012845,P_012807)0:0.49395075465475713,(P_012849,P_012871)0:1.8621624767834062)0:0.6069656465250287)0:2.63833026552008)0.7233:0.03982933931617798,((P_012833,GAP_81172)0:3.727135175093837,((PSJT,(GAP_80295,P_012927)0:0.17328869987091247)0:1.2227941789929848,((P_012915,P_012791)0.00476:0.17963621459417337,(P_012869,(P_012823,(P_012819,P_012835)0.65204:0.04408438369379278)0:0.7939875998338483)0:3.4241751528814945)0:1.9267159150513888)0.00233:0.14898412037781997)0:2.5442413556467414)0:2.0856499641024455)0:2.6159259251260782)0.01128:0.17177006817575005)0:1.5854968581192406)0:1.6763821817163767)0:0.39402450345827966)0:1.6398227480803946)0:2.9584980795594236)0:0.7020889387647778)0:0.9021830591105516)0:2.3216247142209547)0:1.3566149624756285,(((SJEV,(P_019193,(Wsal,P_019187)0:0.6630988660823763)0:1.0522013154368424)0:1.512383244171354,(P_016921,(WKSU,(GAP_81227,(Pcol,(GAP_81226,P_006410)0:0.9991492069386801)0:0.903403715426503)0:0.24912438643250068)0:0.3638195272879878)0:2.3417177716970787)0:1.9877116967735862,((P_025527,(P_025523,P_025525)NA:0.21357410029805904)NA:1.0902498618004681,(((QDVW,Asie)0:3.380184538761361,(P_019189,(P_019197,PAWA)0:0.5661302278625818)0.00846:0.12332511156795639)0.0002:0.24665230387949716,(((P_019191,P_019199)0.0385:0.2706356681787153,(GAP_80417,(GAP_79804,P2590)0:2.4264061810730047)0:0.7138064316722471)0:0.5974791486627258,((P2589,OPDF)0:0.6766599315537131,(P_019185,CSSK)0.03102:0.06786250417959502)0:1.1987884026169466)0:1.5033056894157097)0.00825:0.1729051383961937)0:0.7369901539708295)0.00017:0.2711200562275041)0:2.0909004484276412)0:0.6636647911805996)0:0.8829627227602933));
Weight calculation took 89.694950567 secs
ASTRAL finished in 110.272 secs
