
================== ASTRAL ===================== 

This is ASTRAL version 5.7.7
Gene trees are treated as unrooted
297 trees read from all_bs10.trees
index76
All output trees will be *arbitrarily* rooted at P0109B

======== Running the main analysis
Number of taxa: 244 (244 species)
Taxa: [P_006411, P_011671, P_011679, P_011531, P_008632, P_011677, P_011735, P_011675, P_011759, P_011537, P_011715, P_011739, P_011673, P_011745, P_006412, P_011681, P_008640, GAP_80390, GAP_80389, P_008646, P_006413, P_011713, P_011705, P_016813, GAP_80395, P_011549, P_011501, P_011487, P_011489, P_011523, P_007783, P_006414, P_007843, GAP_80393, GAP_80394, P_011643, P_011509, P_011651, P_011657, P_011647, P_011551, P_007844, P_011637, P_011465, P2619, P_014083, P_018635, GAP_80297, P_014077, GAP_80298, P_011527, P_014081, P0104A, P_008647, SJEV, P_019187, Wsal, P_019193, GAP_81227, Pcol, GAP_81226, P_006410, P_016921, PAWA, P2589, P_019185, GAP_80417, GAP_79804, P2590, P_011699, P_019197, P_019189, GAP_79862, Sdec, P_016909, P_018831, P0109B, S04, P_018783, P_018645, P_018695, P_016793, P_006422, P_016795, P_007845, GAP_80397, P_016799, P_016797, S03, P_014099, P_016791, S02, P_016787, S27, P_016789, P_011579, P_018639, P_025523, P_011701, P_011587, P_018691, P_018693, P_018779, P2622, GAP_80322, XQWC, P0110B, P0110C, P0207A, P0207C, P0206H, P0207B, P0206G, P2623, P0203H, Asie, QDVW, CSSK, OPDF, WKSU, WZFE, KRJP, WAIL, MAQO, BCGB, WIGA, ABSS, Apet, Dhai, VYLQ, WPHN, OBPL, DHPO, YZRI, P_012871, PSJT, P_012795, P_012941, P_011609, P_012855, P_012827, P_007802, P_012813, P_018637, P_012919, P_012921, P_012811, P_012891, P_012895, P_018689, P_012859, P_012793, P_012911, P_012889, P_006420, GAP_80294, GAP_80293, P_012873, GAP_80292, P_006419, P_012881, P_012893, GAP_80291, P_012863, P_012821, P_012917, P_006418, P_012885, P_012897, P_012907, P_012797, P_012857, P_012901, P_012851, P_012887, P_012905, P_012831, P_012875, P_012925, P_012883, P_012815, P_012903, P_012913, P_012877, P_012841, P_012861, P_012867, P_012847, P_012923, P_012817, P_012899, P_012937, P_012939, P_006421, P_012843, P_012829, P_012837, P_012909, P_012927, GAP_80295, GAP_81172, P_012833, P_012791, P_012869, P_012819, P_012823, P_012835, P_012915, P_012807, P_012845, P_012849, P_012931, P_012935, P_012933, P_012865, P_012801, P_012879, P_012809, P_012805, P_012799, P_012825, P_012839, P_012803, P_012853, Schi, S38, P_014095, S08, OSHQ, P_025525, P_008631, Msal, KAYP, P_011631, P_011613, P_019191, P_011719, P_025527, P_014073, P_011709, P_019199, P_011611, P_011607, P_011589]
Taxon occupancy: {P_019193=248, P_019191=105, P_019197=263, OPDF=281, GAP_81172=292, P_018783=288, P_019199=78, Wsal=244, P_016921=288, WKSU=295, P_025523=42, P_025525=76, P_025527=30, P_014073=42, P0203H=179, P_014077=164, QDVW=288, P_011487=291, P_011489=293, P_016813=252, P_006421=286, P_006422=287, P_006420=224, P_006418=285, P_006419=288, P_006414=288, P_014081=195, P_014083=207, P_018689=294, P0206H=271, P0206G=256, Msal=249, P0109B=133, P_006410=280, P_012901=290, P_006411=284, P_006412=285, P_012903=292, P_006413=274, P_012905=294, PAWA=283, GAP_79862=279, P_012907=293, ABSS=293, P_012909=289, P_018691=126, GAP_80291=293, P_018695=280, P_014095=113, GAP_80293=289, P_018693=286, GAP_80292=289, GAP_80295=288, P_014099=286, GAP_80294=289, GAP_80297=289, GAP_80298=284, P_011701=52, P_012911=291, P_012913=249, P_011705=155, P_012915=289, P_012917=280, P_012919=273, P_011709=27, P_011671=159, P_012881=293, P_011551=185, P_011673=231, MAQO=291, P_012883=293, P_011675=264, GAP_80322=291, P_012885=288, P2590=231, P_011677=225, P_012887=290, P_011679=243, P_012889=286, P_008647=274, PSJT=285, P2589=236, P_011681=201, P_012891=287, P_012893=293, P_018637=287, P_012895=288, P_018635=263, P_012897=287, P0207C=277, P0207B=280, P_012899=288, P_018639=268, P0207A=283, P_008646=289, P_008640=288, BCGB=290, WZFE=288, P_018645=286, KRJP=289, KAYP=181, P_011699=143, P_011579=214, CSSK=278, P_008632=284, P_007783=278, P_016909=289, P_008631=50, P_019187=283, P_019185=268, Sdec=58, P_019189=238, P_012791=291, P_012793=288, Asie=228, P_012795=288, P_011465=293, P_018779=227, P_011587=206, P_012797=295, P_012799=292, P_011589=4, GAP_80417=145, WIGA=284, GAP_79804=212, P_007802=246, P_012841=289, P_011631=232, Pcol=242, P_012843=293, P_012845=288, P_011637=289, P_012847=280, P_011759=257, P_012849=279, Apet=130, OBPL=292, P0110C=263, P_018831=283, P0110B=189, YZRI=289, P_012851=291, P_011643=295, P_012853=287, P_011523=292, P_012855=283, P_011647=259, P_012857=288, P_011527=161, P_012859=283, WAIL=293, P_016789=284, P_011651=261, P_012861=288, P_011531=228, P_016787=287, P_012863=292, P_012865=281, Schi=237, P_011657=251, P_012867=291, P_011537=212, P_012869=288, P_016793=284, P_016791=291, P_016797=289, SJEV=289, P_016795=282, P_012871=276, P_012873=290, P_016799=287, P_012875=290, P_012877=284, P_012879=286, P_011549=271, P_007844=201, P_007845=43, S02=207, S04=73, P_012921=265, S03=270, P_012801=291, P_011713=191, P_012923=286, P_012803=289, P_011715=243, P_012925=286, S08=176, P_007843=261, P_012805=288, P_012927=288, P_012807=285, P_011719=28, P_012809=285, VYLQ=292, DHPO=294, GAP_80390=253, P2622=198, P2623=95, GAP_80394=294, XQWC=294, GAP_80393=294, GAP_80395=291, GAP_80397=289, P_012931=291, P_012811=289, WPHN=292, P_012933=277, P_012813=290, P_012935=285, P_012815=287, P_012937=291, P_012817=289, P_011607=7, P_012939=280, P_011609=178, P_012819=283, P2619=163, OSHQ=288, GAP_80389=269, P_012941=292, P_012821=289, P_011611=46, P_012823=290, P_011613=78, P_011735=285, S27=223, P_012825=292, P_012827=263, P_011739=246, P_012829=188, Dhai=277, P0104A=241, P_012831=279, P_011501=294, GAP_81226=287, P_012833=286, P_011745=254, GAP_81227=291, P_012835=291, S38=83, P_012837=293, P_012839=281, P_011509=291}
Number of gene trees: 297
297 trees have missing taxa
Calculating quartet distance matrix (for completion of X)
Species tree distances calculated ...
Will attempt to complete bipartitions from X before adding using a distance matrix.
Building set of clusters (X) from gene trees 
------------------------------
gradient0: 37009
Number of Clusters after addition by distance: 37009
calculating extra bipartitions to be added at level 1 ...
Adding to X using resolutions of greedy consensus ...
Limit for sigma of degrees:6150
polytomy size limit : 41
discarded polytomies:  [3, 3, 3, 3, 3, 3, 3, 3, 3, 3, 3, 3, 3, 3, 3, 3, 3, 3, 3, 3, 3, 3, 3, 4, 4, 4, 4, 4, 4, 4, 4, 4, 4, 4, 5, 5, 5, 5, 6, 6, 6, 6, 6, 8, 10, 13, 13, 14, 14, 22, 41]
Threshold 0.0:
Threshold 0.01:
polytomy of size 4; rounds with additions with at least 5 support: 0; clusters: 37021
Threshold 0.02:
polytomy of size 3; rounds with additions with at least 5 support: 0; clusters: 37021
polytomy of size 6; rounds with additions with at least 5 support: 1; clusters: 37051
Threshold 0.05:
polytomy of size 3; rounds with additions with at least 5 support: 0; clusters: 37051
polytomy of size 3; rounds with additions with at least 5 support: 0; clusters: 37051
polytomy of size 8; rounds with additions with at least 5 support: 1; clusters: 37057
polytomy of size 4; rounds with additions with at least 5 support: 0; clusters: 37057
Threshold 0.1:
polytomy of size 3; rounds with additions with at least 5 support: 0; clusters: 37057
polytomy of size 5; rounds with additions with at least 5 support: 0; clusters: 37057
polytomy of size 13; rounds with additions with at least 5 support: 0; clusters: 37061
polytomy of size 3; rounds with additions with at least 5 support: 0; clusters: 37061
polytomy of size 4; rounds with additions with at least 5 support: 0; clusters: 37061
polytomy of size 3; rounds with additions with at least 5 support: 0; clusters: 37061
polytomy of size 4; rounds with additions with at least 5 support: 0; clusters: 37061
polytomy of size 3; rounds with additions with at least 5 support: 0; clusters: 37061
polytomy of size 6; rounds with additions with at least 5 support: 2; clusters: 37071
Threshold 0.2:
polytomy of size 5; rounds with additions with at least 5 support: 0; clusters: 37071
polytomy of size 6; rounds with additions with at least 5 support: 0; clusters: 37071
polytomy of size 3; rounds with additions with at least 5 support: 0; clusters: 37071
polytomy of size 13; rounds with additions with at least 5 support: 0; clusters: 37071
polytomy of size 3; rounds with additions with at least 5 support: 0; clusters: 37071
polytomy of size 4; rounds with additions with at least 5 support: 0; clusters: 37071
polytomy of size 3; rounds with additions with at least 5 support: 0; clusters: 37071
polytomy of size 3; rounds with additions with at least 5 support: 0; clusters: 37071
polytomy of size 3; rounds with additions with at least 5 support: 0; clusters: 37071
polytomy of size 3; rounds with additions with at least 5 support: 0; clusters: 37071
polytomy of size 3; rounds with additions with at least 5 support: 0; clusters: 37071
polytomy of size 5; rounds with additions with at least 5 support: 0; clusters: 37071
polytomy of size 3; rounds with additions with at least 5 support: 0; clusters: 37071
polytomy of size 22; rounds with additions with at least 5 support: 0; clusters: 37107
Threshold 0.3333333333333333:
polytomy of size 4; rounds with additions with at least 5 support: 1; clusters: 37109
polytomy of size 3; rounds with additions with at least 5 support: 0; clusters: 37109
polytomy of size 4; rounds with additions with at least 5 support: 0; clusters: 37109
polytomy of size 3; rounds with additions with at least 5 support: 0; clusters: 37109
polytomy of size 10; rounds with additions with at least 5 support: 0; clusters: 37109
polytomy of size 14; rounds with additions with at least 5 support: 0; clusters: 37113
polytomy of size 4; rounds with additions with at least 5 support: 0; clusters: 37113
polytomy of size 4; rounds with additions with at least 5 support: 0; clusters: 37113
polytomy of size 3; rounds with additions with at least 5 support: 0; clusters: 37113
polytomy of size 4; rounds with additions with at least 5 support: 0; clusters: 37113
polytomy of size 3; rounds with additions with at least 5 support: 0; clusters: 37113
polytomy of size 3; rounds with additions with at least 5 support: 0; clusters: 37113
polytomy of size 3; rounds with additions with at least 5 support: 0; clusters: 37113
polytomy of size 3; rounds with additions with at least 5 support: 0; clusters: 37113
polytomy of size 6; rounds with additions with at least 5 support: 0; clusters: 37113
polytomy of size 4; rounds with additions with at least 5 support: 0; clusters: 37113
polytomy of size 3; rounds with additions with at least 5 support: 0; clusters: 37113
polytomy of size 14; rounds with additions with at least 5 support: 0; clusters: 37123
polytomy of size 6; rounds with additions with at least 5 support: 0; clusters: 37123
polytomy of size 5; rounds with additions with at least 5 support: 0; clusters: 37123
polytomy of size 41; rounds with additions with at least 5 support: 0; clusters: 37151
max k is :4
Number of Clusters after addition by greedy: 37151
gradient0 in heuristiic: 37151
partitions formed in 35.164 secs
Dynamic Programming starting after 35.165 secs
Using tree-based weight calculation.
Using polytree-based weight calculation.
Polytree max score: 21734293912
Polytree building time: 0.317 seconds.
Number of quartet trees in the gene trees: 21734293912
Size of largest cluster: 244
Greedy score: 18829365605
estimationFactor: 1.1542764832304608
Sub-optimal score: 19660395658
Calculated 100000 weights; time (seconds): 253
Total Number of elements weighted: 110367
Normalized score (portion of input quartet trees satisfied before correcting for multiple individuals): 0.9140168964970055
Optimization score: 19865511869
Optimal tree inferred in 285.57 secs.
(P_012871,(P_012849,((P_012807,P_012845),((P_012865,(P_012931,(P_012935,P_012933))),((P_012909,(PSJT,((GAP_81172,P_012833),((P_012927,GAP_80295),((P_012791,P_012915),(P_012869,(P_012823,(P_012819,P_012835)))))))),((YZRI,((P_012801,(P_012879,P_012809)),(P_012839,(P_012805,(P_012799,P_012825))))),(((P_012937,(P_012939,P_006421)),((P_012803,P_012853),(P_012829,P_012837))),(P_012843,((P_012867,((P_012817,P_012899),(P_012847,P_012923))),(((P_012797,(P_012841,((P_012913,P_012877),(P_012811,(P_012891,P_012895))))),(((P_012857,(P_012815,P_012903)),((P_012925,P_012883),(P_012875,((P_012905,P_012831),(P_012901,(P_012851,P_012887)))))),(P_018689,((P_006420,GAP_80294),(P_012885,(P_012859,(((P_012873,P_012881),(GAP_80291,P_012907)),((P_012897,(GAP_80293,P_012893)),((P_012911,(P_012821,P_012917)),(P_012889,((P_012863,P_006418),(P_012793,(GAP_80292,P_006419))))))))))))),((P_012861,((P_012855,(P_012827,P_007802)),((P_012813,P_018637),(P_012919,P_012921)))),((P_012795,P_012941),((GAP_80322,DHPO),(((P2622,P2623),(XQWC,(P0110C,(P0207A,(P0110B,(P0207C,(P0207B,(P0206H,P0206G)))))))),((OBPL,(((P_018639,P_018779),(P_018695,(P_018783,P_018645))),(P_018691,((P_016793,(P_006422,P_016795)),((P_016797,(P_007845,(GAP_80397,P_016799))),(P_018693,((P_014095,S08),((S04,(S38,(S27,P_016789))),((S03,P_014099),(P_016791,(S02,P_016787))))))))))),(((P0203H,((P_016909,WZFE),(OSHQ,(P_018831,P0109B)))),(((SJEV,(P_019193,(P_019187,Wsal))),(WKSU,(P_016921,(GAP_81227,(Pcol,(GAP_81226,P_006410)))))),((P_025525,(P_011589,(P_025523,P_025527))),(((Asie,QDVW),(P_019189,(PAWA,P_019197))),((CSSK,(OPDF,(P2589,P_019185))),((P_019191,P_019199),(GAP_80417,(GAP_79804,P2590)))))))),((WPHN,P_011613),(((GAP_79862,P_011587),(P_014081,(P0104A,P_008647))),((P_011609,(P2619,Sdec)),((WAIL,MAQO),(((P_011527,(P_014077,(GAP_80298,(P_014083,GAP_80297)))),(KRJP,((GAP_80395,P_011549),((P_011657,(P_011643,(P_011509,P_011651))),((GAP_80393,GAP_80394),((P_011647,(P_011465,(P_011501,(P_011523,(P_011487,P_011489))))),(P_011631,(P_011551,((P_007844,P_011637),(P_007843,(P_007783,P_006414))))))))))),(VYLQ,((P_011531,(P_011699,(P_006411,Schi))),((P_018635,P_008631),(P_011709,((P_011671,(P_008632,P_011579)),(((KAYP,(BCGB,ABSS)),(WIGA,(Dhai,(Apet,Msal)))),((P_014073,(P_011719,P_011607)),((P_006413,(P_011713,P_011705)),((P_011679,(P_016813,((GAP_80390,GAP_80389),(P_008646,(P_006412,P_008640))))),(P_011701,(P_011681,(P_011673,((P_011537,(P_011677,P_011739)),(P_011759,((P_011735,P_011675),(P_011715,(P_011745,P_011611))))))))))))))))))))))))))))))))))))));
Final quartet score is: 19865511869
Final normalized quartet score is: 0.9140168964970055
You may want to ignore posterior probabilities and other statistics related to the following branch branch because the effective number of genes impacting it is only 1:
	{P_025523, P_025527}
You may want to ignore posterior probabilities and other statistics related to the following branch branch because the effective number of genes impacting it is only 1:
	{P_025523, P_025527, P_011589}
You may want to ignore posterior probabilities and other statistics related to the following branch branch because the effective number of genes impacting it is only 1:
	{P_011719, P_011607}
You may want to ignore posterior probabilities and other statistics related to the following branch branch because the effective number of genes impacting it is only 4:
	{P_011719, P_014073, P_011607}
Extended species tree:
(P0109B,(P_018831,(OSHQ,((P_016909,WZFE)58.39:0.4664421910126892,(P0203H,((((SJEV,(P_019193,(P_019187,Wsal)63:0.581293964525656)85.75:1.5186513302129674)71.61:0.8446179196213934,(WKSU,(P_016921,(GAP_81227,(Pcol,(GAP_81226,P_006410)79.75:1.175343497964388)74.53:0.9500635649889458)58.13:0.4602566778222052)68.44:0.7401356542180244)71.21:0.830874902320215)82.05:1.2957940927273215,((P_025525,(P_011589,(P_025523,P_025527)100:0.2876820724517809)100:0.2876820724517809)78.39:1.0330093537262057,(((Asie,QDVW)98.87:3.746201091923027,(P_019189,(PAWA,P_019197)49.74:0.2778017355098864)40.53:0.11109242534175501)40.15:0.10540657740722638,((CSSK,(OPDF,(P2589,P_019185)48.94:0.26221811542707485)41.41:0.12635338582670513)71.34:0.8340707477694587,((P_019191,P_019199)53.56:0.3403175606999089,(GAP_80417,(GAP_79804,P2590)95:2.444415288433263)72.12:0.8431912518774495)59.28:0.4808807651584851)79.39:1.1588119370754528)49.91:0.2752912019424147)50.72:0.29098491291737777)43.89:0.16951516342256318,(((WPHN,P_011613)35.71:0.028205180086412197,(((GAP_79862,P_011587)76.64:1.0319793881458568,(P_014081,(P0104A,P_008647)94.88:2.467185162666797)88.33:1.7029806678164487)73.83:0.9244715620514076,((P_011609,(P2619,Sdec)51.54:0.2957128099736571)70.39:0.7919936539607942,((WAIL,MAQO)91.87:2.064095811694841,(((P_011527,(P_014077,(GAP_80298,(P_014083,GAP_80297)91.67:2.027726918012715)37.18:0.05576541016885626)39.81:0.0961819030677807)96.54:2.7967725025836403,(KRJP,((GAP_80395,P_011549)94.39:2.4146984219640513,((P_011657,(P_011643,(P_011509,P_011651)77.16:1.0576040920897507)36.65:0.048543451136345624)80.82:1.22845756304909,((GAP_80393,GAP_80394)74.48:0.9497182578025418,((P_011647,(P_011465,(P_011501,(P_011523,(P_011487,P_011489)41.65:0.130656820368972)36.52:0.04700577230922208)76.24:1.020529324386478)84.7:1.4500329367631963)42.79:0.1497502438295085,(P_011631,(P_011551,((P_007844,P_011637)43.09:0.15425369548267726,(P_007843,(P_007783,P_006414)45.04:0.18966942810118662)53.31:0.3514379785327624)40.68:0.11273633144056791)38.53:0.07687969943395866)43.36:0.1593126662616467)78.74:1.1295017426721607)36.94:0.05348236924298411)92.19:2.102448253930018)59.21:0.48606830909686055)48.32:0.25093297260604447)48.23:0.24905136000573833,(VYLQ,((P_011531,(P_011699,(P_006411,Schi)70.07:0.7816620807423292)54.78:0.3780960318373543)87.18:1.618969440211472,((P_018635,P_008631)32.74:0.0,(P_011709,((P_011671,(P_008632,P_011579)35.7:0.03171072798369391)86.26:1.540227689881055,(((KAYP,(BCGB,ABSS)60:0.5013396051574167)34.39:0.012555147716298376,(WIGA,(Dhai,(Apet,Msal)39.68:0.09341357152522924)41.21:0.12269817605473571)55.48:0.3987218896882545)79.96:1.1869708945447008,((P_014073,(P_011719,P_011607)100:0.2876820724517809)28.99:0.0,((P_006413,(P_011713,P_011705)42.54:0.1410826150627672)40.46:0.10941377411040426,((P_011679,(P_016813,((GAP_80390,GAP_80389)93.11:2.2146187132307764,(P_008646,(P_006412,P_008640)82.2:1.303044719931689)57.52:0.44475435110855654)45.45:0.1962497902597071)42.23:0.13912085527521043)50.96:0.3018379462868443,(P_011701,(P_011681,(P_011673,((P_011537,(P_011677,P_011739)77.33:1.0571660819541893)50.36:0.2888470190678069,(P_011759,((P_011735,P_011675)84.67:1.447411608997554,(P_011715,(P_011745,P_011611)71.98:0.7996046497132054)50.52:0.2931691244028101)50.95:0.30215937170112167)42.06:0.13684370366521337)40.28:0.10640510383931373)38.18:0.07138748595024134)45.05:0.17090827675947423)56.7:0.39865997503012873)45.57:0.19898582071406623)43.21:0.14767625464054812)51.15:0.29536195765003914)45.68:0.2016646664461035)56.68:0.37772491688657345)55.4:0.3520687482610849)63.53:0.5960208358252063)49.56:0.27519626010204484)50.77:0.299201243952806)56.24:0.4159968858241693)37.9:0.06782927002271812)39.49:0.09348705788001282)58.78:0.47528103870557137)72.97:0.8928019478203355,((OBPL,(((P_018639,P_018779)54.35:0.373036672889778,(P_018695,(P_018783,P_018645)43.87:0.16906746481471754)55.78:0.40564781765519353)58.59:0.4705377388653671,(P_018691,((P_016793,(P_006422,P_016795)63.19:0.5872815849045305)67.76:0.7179906615705884,((P_016797,(P_007845,(GAP_80397,P_016799)62.35:0.5317546187814837)55.76:0.3817336963273387)85.64:1.5142025395614258,(P_018693,((P_014095,S08)68.48:0.7243025512357271,((S04,(S38,(S27,P_016789)62.44:0.5494613699782253)43.07:0.13377313410429884)66.2:0.6480808187725013,((S03,P_014099)94.32:2.40107639688259,(P_016791,(S02,P_016787)98.55:3.5440048776877555)37.42:0.06085244388731945)39.48:0.09395974750084687)44.93:0.1860175528143802)67.95:0.7195794529954375)41.92:0.13471740108208186)33.15:0.0)42.08:0.13353994228766553)43.36:0.15539350155701329)62.76:0.5759270651320209)77.01:1.052915767857045,(((P2622,P2623)47.65:0.2311305041769073,(XQWC,(P0110C,(P0207A,(P0110B,(P0207C,(P0207B,(P0206H,P0206G)45.07:0.19028148267979375)47.86:0.24235391998546027)37.81:0.066232361893608)36.91:0.05206710202816537)85.81:1.5239618142850846)60.45:0.5161490595732107)63.1:0.5831281287251634)72.36:0.8674619007433712,((GAP_80322,DHPO)69.34:0.7688446545918726,((P_012795,P_012941)99.31:4.166167045959308,((P_012861,((P_012855,(P_012827,P_007802)89.31:1.794436681108904)83.31:1.366170929714356,((P_012813,P_018637)70.09:0.7930266122701065,(P_012919,P_012921)94.33:2.401619158931303)93.43:2.267883437893598)94.9:2.5056994236494274)52.09:0.3266435357486835,(((P_012797,(P_012841,((P_012913,P_012877)90.49:1.9092737389724754,(P_012811,(P_012891,P_012895)57.76:0.4513672723125768)95.16:2.5559252715612963)92.55:2.1488961834677953)55.99:0.41094450816872613)34.82:0.02076399713041018,(((P_012857,(P_012815,P_012903)89.56:1.8233852106465804)41.2:0.1230064655590499,((P_012925,P_012883)98.42:3.5469782699779,(P_012875,((P_012905,P_012831)64.74:0.6304028964648776,(P_012901,(P_012851,P_012887)97.88:3.2986363195049035)36.21:0.042071393190136384)47.57:0.23697776995716396)80.99:1.2396874923228625)34.61:0.017336830603911)73.73:0.9212367464945735,(P_018689,((P_006420,GAP_80294)87.69:1.6568020394399805,(P_012885,(P_012859,(((P_012873,P_012881)81.88:1.2855252222378821,(GAP_80291,P_012907)38.59:0.07920604769758723)35.37:0.02836939038823598,((P_012897,(GAP_80293,P_012893)91.98:2.0763792748061896)37.64:0.06368072088921342,((P_012911,(P_012821,P_012917)95.25:2.57183385817195)81.73:1.2766511979803425,(P_012889,((P_012863,P_006418)40.96:0.11824068808245607,(P_012793,(GAP_80292,P_006419)96.71:2.907590974524107)51.96:0.32270361645545415)34.92:0.021518104460483127)36.92:0.05235734927944153)35.62:0.032093886055319924)37.28:0.058095199339231615)36.77:0.05010950495835035)38.48:0.07731150331494618)36.29:0.04273822947290051)85.79:1.5246816767129001)89.08:1.7805527809798691)94.66:2.4658448984490393)95.34:2.5941128776372375,((P_012867,((P_012817,P_012899)88.82:1.757537033051622,(P_012847,P_012923)98.68:3.678670509447975)73.58:0.9157741701497241)97.61:3.197793491050981,(P_012843,(((P_012937,(P_012939,P_006421)90.97:1.9630926039358594)98.91:3.834163276836809,((P_012803,P_012853)35.75:0.03491789288258044,(P_012829,P_012837)87.88:1.6669422077687353)54.13:0.36970549029004224)47.09:0.22796096257912693,((YZRI,((P_012801,(P_012879,P_012809)98.93:3.850157456200806)73.92:0.9285556862605605,(P_012839,(P_012805,(P_012799,P_012825)51.88:0.3220728161695134)48.95:0.2635112164298197)77.08:1.055685756455029)54.4:0.37564582097335736)43.57:0.16400406177934898,((P_012909,(PSJT,((GAP_81172,P_012833)97.8:3.2656186605231836,((P_012927,GAP_80295)97.63:3.1993114441802035,((P_012791,P_012915)45.59:0.20018893268873583,(P_012869,(P_012823,(P_012819,P_012835)35.38:0.029144779565515016)75.26:0.9806939289015999)97.47:3.144036132949126)91.22:1.991482221936383)45.6:0.20047510911826216)63.29:0.5905588853511846)51.69:0.31826342395225043)35.15:0.02580695058889173,((P_012865,(P_012931,(P_012935,P_012933)96.35:2.812919436966314)94.02:2.3555575909588824)53.57:0.357622480052033,((P_012807,P_012845)63.13:0.5861652017231911,(P_012849,P_012871)92.5:2.139669273910275)70.78:0.8165460440982362)96.28:2.801670069259067)90.08:1.8741965250721124)89.1:1.783348212716681)41.47:0.12759013087186064)81.1:1.2458508556003434)80.14:1.1971774682615097)43.61:0.16472835927281926)80.4:1.2098967242009118)94.35:2.411452430793344)47.24:0.2306893046905541)58.19:0.46162546313235875)84.64:1.448759854891252)76.68:1.0385464722799602)82.02:1.2841475753318616)61.96:0.552053890571791)55.02:0.3890756408298403)51.67:0.31307854872594526));
Weight calculation took 231.421573332 secs
ASTRAL finished in 289.236 secs
