
================== ASTRAL ===================== 

This is ASTRAL version 5.7.7
Gene trees are treated as unrooted
297 trees read from all_bs10.trees
index76
All output trees will be *arbitrarily* rooted at P0109B

======== Running the main analysis
Number of taxa: 244 (244 species)
Taxa: [P_006411, P_011671, P_011679, P_011531, P_008632, P_011677, P_011735, P_011675, P_011759, P_011537, P_011715, P_011739, P_011673, P_011745, P_006412, P_011681, P_008640, GAP_80390, GAP_80389, P_008646, P_006413, P_011713, P_011705, P_016813, GAP_80395, P_011549, P_011501, P_011487, P_011489, P_011523, P_007783, P_006414, P_007843, GAP_80393, GAP_80394, P_011643, P_011509, P_011651, P_011657, P_011647, P_011551, P_007844, P_011637, P_011465, P2619, P_014083, P_018635, GAP_80297, P_014077, GAP_80298, P_011527, P_014081, P0104A, P_008647, SJEV, P_019187, Wsal, P_019193, GAP_81227, Pcol, GAP_81226, P_006410, P_016921, PAWA, P2589, P_019185, GAP_80417, GAP_79804, P2590, P_011699, P_019197, P_019189, GAP_79862, Sdec, P_016909, P_018831, P0109B, S04, P_018783, P_018645, P_018695, P_016793, P_006422, P_016795, P_007845, GAP_80397, P_016799, P_016797, S03, P_014099, P_016791, S02, P_016787, S27, P_016789, P_011579, P_018639, P_025523, P_011701, P_011587, P_018691, P_018693, P_018779, P2622, GAP_80322, XQWC, P0110B, P0110C, P0207A, P0207C, P0206H, P0207B, P0206G, P2623, P0203H, Asie, QDVW, CSSK, OPDF, WKSU, WZFE, KRJP, WAIL, MAQO, BCGB, WIGA, ABSS, Apet, Dhai, VYLQ, WPHN, OBPL, DHPO, YZRI, P_012871, PSJT, P_012795, P_012941, P_011609, P_012855, P_012827, P_007802, P_012813, P_018637, P_012919, P_012921, P_012811, P_012891, P_012895, P_018689, P_012859, P_012793, P_012911, P_012889, P_006420, GAP_80294, GAP_80293, P_012873, GAP_80292, P_006419, P_012881, P_012893, GAP_80291, P_012863, P_012821, P_012917, P_006418, P_012885, P_012897, P_012907, P_012797, P_012857, P_012901, P_012851, P_012887, P_012905, P_012831, P_012875, P_012925, P_012883, P_012815, P_012903, P_012913, P_012877, P_012841, P_012861, P_012867, P_012847, P_012923, P_012817, P_012899, P_012937, P_012939, P_006421, P_012843, P_012829, P_012837, P_012909, P_012927, GAP_80295, GAP_81172, P_012833, P_012791, P_012869, P_012819, P_012823, P_012835, P_012915, P_012807, P_012845, P_012849, P_012931, P_012935, P_012933, P_012865, P_012801, P_012879, P_012809, P_012805, P_012799, P_012825, P_012839, P_012803, P_012853, Schi, S38, P_014095, S08, OSHQ, P_025525, P_008631, Msal, KAYP, P_011631, P_011613, P_019191, P_011719, P_025527, P_014073, P_011709, P_019199, P_011611, P_011607, P_011589]
Taxon occupancy: {P_019193=248, P_019191=105, P_019197=263, OPDF=281, GAP_81172=292, P_018783=288, P_019199=78, Wsal=244, P_016921=288, WKSU=295, P_025523=42, P_025525=76, P_025527=30, P_014073=42, P0203H=179, P_014077=164, QDVW=288, P_011487=291, P_011489=293, P_016813=252, P_006421=286, P_006422=287, P_006420=224, P_006418=285, P_006419=288, P_006414=288, P_014081=195, P_014083=207, P_018689=294, P0206H=271, P0206G=256, Msal=249, P0109B=133, P_006410=280, P_012901=290, P_006411=284, P_006412=285, P_012903=292, P_006413=274, P_012905=294, PAWA=283, GAP_79862=279, P_012907=293, ABSS=293, P_012909=289, P_018691=126, GAP_80291=293, P_018695=280, P_014095=113, GAP_80293=289, P_018693=286, GAP_80292=289, GAP_80295=288, P_014099=286, GAP_80294=289, GAP_80297=289, GAP_80298=284, P_011701=52, P_012911=291, P_012913=249, P_011705=155, P_012915=289, P_012917=280, P_012919=273, P_011709=27, P_011671=159, P_012881=293, P_011551=185, P_011673=231, MAQO=291, P_012883=293, P_011675=264, GAP_80322=291, P_012885=288, P2590=231, P_011677=225, P_012887=290, P_011679=243, P_012889=286, P_008647=274, PSJT=285, P2589=236, P_011681=201, P_012891=287, P_012893=293, P_018637=287, P_012895=288, P_018635=263, P_012897=287, P0207C=277, P0207B=280, P_012899=288, P_018639=268, P0207A=283, P_008646=289, P_008640=288, BCGB=290, WZFE=288, P_018645=286, KRJP=289, KAYP=181, P_011699=143, P_011579=214, CSSK=278, P_008632=284, P_007783=278, P_016909=289, P_008631=50, P_019187=283, P_019185=268, Sdec=58, P_019189=238, P_012791=291, P_012793=288, Asie=228, P_012795=288, P_011465=293, P_018779=227, P_011587=206, P_012797=295, P_012799=292, P_011589=4, GAP_80417=145, WIGA=284, GAP_79804=212, P_007802=246, P_012841=289, P_011631=232, Pcol=242, P_012843=293, P_012845=288, P_011637=289, P_012847=280, P_011759=257, P_012849=279, Apet=130, OBPL=292, P0110C=263, P_018831=283, P0110B=189, YZRI=289, P_012851=291, P_011643=295, P_012853=287, P_011523=292, P_012855=283, P_011647=259, P_012857=288, P_011527=161, P_012859=283, WAIL=293, P_016789=284, P_011651=261, P_012861=288, P_011531=228, P_016787=287, P_012863=292, P_012865=281, Schi=237, P_011657=251, P_012867=291, P_011537=212, P_012869=288, P_016793=284, P_016791=291, P_016797=289, SJEV=289, P_016795=282, P_012871=276, P_012873=290, P_016799=287, P_012875=290, P_012877=284, P_012879=286, P_011549=271, P_007844=201, P_007845=43, S02=207, S04=73, P_012921=265, S03=270, P_012801=291, P_011713=191, P_012923=286, P_012803=289, P_011715=243, P_012925=286, S08=176, P_007843=261, P_012805=288, P_012927=288, P_012807=285, P_011719=28, P_012809=285, VYLQ=292, DHPO=294, GAP_80390=253, P2622=198, P2623=95, GAP_80394=294, XQWC=294, GAP_80393=294, GAP_80395=291, GAP_80397=289, P_012931=291, P_012811=289, WPHN=292, P_012933=277, P_012813=290, P_012935=285, P_012815=287, P_012937=291, P_012817=289, P_011607=7, P_012939=280, P_011609=178, P_012819=283, P2619=163, OSHQ=288, GAP_80389=269, P_012941=292, P_012821=289, P_011611=46, P_012823=290, P_011613=78, P_011735=285, S27=223, P_012825=292, P_012827=263, P_011739=246, P_012829=188, Dhai=277, P0104A=241, P_012831=279, P_011501=294, GAP_81226=287, P_012833=286, P_011745=254, GAP_81227=291, P_012835=291, S38=83, P_012837=293, P_012839=281, P_011509=291}
Number of gene trees: 297
297 trees have missing taxa
Calculating quartet distance matrix (for completion of X)
Species tree distances calculated ...
Will attempt to complete bipartitions from X before adding using a distance matrix.
Building set of clusters (X) from gene trees 
------------------------------
gradient0: 37009
Number of Clusters after addition by distance: 37009
calculating extra bipartitions to be added at level 1 ...
Adding to X using resolutions of greedy consensus ...
Limit for sigma of degrees:6150
polytomy size limit : 41
discarded polytomies:  [3, 3, 3, 3, 3, 3, 3, 3, 3, 3, 3, 3, 3, 3, 3, 3, 3, 3, 3, 3, 3, 3, 3, 4, 4, 4, 4, 4, 4, 4, 4, 4, 4, 4, 5, 5, 5, 5, 6, 6, 6, 6, 6, 8, 10, 13, 13, 14, 14, 22, 41]
Threshold 0.0:
Threshold 0.01:
polytomy of size 4; rounds with additions with at least 5 support: 0; clusters: 37021
Threshold 0.02:
polytomy of size 3; rounds with additions with at least 5 support: 0; clusters: 37021
polytomy of size 6; rounds with additions with at least 5 support: 1; clusters: 37051
Threshold 0.05:
polytomy of size 3; rounds with additions with at least 5 support: 0; clusters: 37051
polytomy of size 3; rounds with additions with at least 5 support: 0; clusters: 37051
polytomy of size 8; rounds with additions with at least 5 support: 1; clusters: 37057
polytomy of size 4; rounds with additions with at least 5 support: 0; clusters: 37057
Threshold 0.1:
polytomy of size 3; rounds with additions with at least 5 support: 0; clusters: 37057
polytomy of size 5; rounds with additions with at least 5 support: 0; clusters: 37057
polytomy of size 13; rounds with additions with at least 5 support: 0; clusters: 37061
polytomy of size 3; rounds with additions with at least 5 support: 0; clusters: 37061
polytomy of size 4; rounds with additions with at least 5 support: 0; clusters: 37061
polytomy of size 3; rounds with additions with at least 5 support: 0; clusters: 37061
polytomy of size 4; rounds with additions with at least 5 support: 0; clusters: 37061
polytomy of size 3; rounds with additions with at least 5 support: 0; clusters: 37061
polytomy of size 6; rounds with additions with at least 5 support: 2; clusters: 37071
Threshold 0.2:
polytomy of size 5; rounds with additions with at least 5 support: 0; clusters: 37071
polytomy of size 6; rounds with additions with at least 5 support: 0; clusters: 37071
polytomy of size 3; rounds with additions with at least 5 support: 0; clusters: 37071
polytomy of size 13; rounds with additions with at least 5 support: 0; clusters: 37071
polytomy of size 3; rounds with additions with at least 5 support: 0; clusters: 37071
polytomy of size 4; rounds with additions with at least 5 support: 0; clusters: 37071
polytomy of size 3; rounds with additions with at least 5 support: 0; clusters: 37071
polytomy of size 3; rounds with additions with at least 5 support: 0; clusters: 37071
polytomy of size 3; rounds with additions with at least 5 support: 0; clusters: 37071
polytomy of size 3; rounds with additions with at least 5 support: 0; clusters: 37071
polytomy of size 3; rounds with additions with at least 5 support: 0; clusters: 37071
polytomy of size 5; rounds with additions with at least 5 support: 0; clusters: 37071
polytomy of size 3; rounds with additions with at least 5 support: 0; clusters: 37071
polytomy of size 22; rounds with additions with at least 5 support: 0; clusters: 37107
Threshold 0.3333333333333333:
polytomy of size 4; rounds with additions with at least 5 support: 1; clusters: 37109
polytomy of size 3; rounds with additions with at least 5 support: 0; clusters: 37109
polytomy of size 4; rounds with additions with at least 5 support: 0; clusters: 37109
polytomy of size 3; rounds with additions with at least 5 support: 0; clusters: 37109
polytomy of size 10; rounds with additions with at least 5 support: 0; clusters: 37109
polytomy of size 14; rounds with additions with at least 5 support: 0; clusters: 37113
polytomy of size 4; rounds with additions with at least 5 support: 0; clusters: 37113
polytomy of size 4; rounds with additions with at least 5 support: 0; clusters: 37113
polytomy of size 3; rounds with additions with at least 5 support: 0; clusters: 37113
polytomy of size 4; rounds with additions with at least 5 support: 0; clusters: 37113
polytomy of size 3; rounds with additions with at least 5 support: 0; clusters: 37113
polytomy of size 3; rounds with additions with at least 5 support: 0; clusters: 37113
polytomy of size 3; rounds with additions with at least 5 support: 0; clusters: 37113
polytomy of size 3; rounds with additions with at least 5 support: 0; clusters: 37113
polytomy of size 6; rounds with additions with at least 5 support: 0; clusters: 37113
polytomy of size 4; rounds with additions with at least 5 support: 0; clusters: 37113
polytomy of size 3; rounds with additions with at least 5 support: 0; clusters: 37113
polytomy of size 14; rounds with additions with at least 5 support: 0; clusters: 37123
polytomy of size 6; rounds with additions with at least 5 support: 0; clusters: 37123
polytomy of size 5; rounds with additions with at least 5 support: 0; clusters: 37123
polytomy of size 41; rounds with additions with at least 5 support: 0; clusters: 37151
max k is :4
Number of Clusters after addition by greedy: 37151
gradient0 in heuristiic: 37151
partitions formed in 35.913 secs
Dynamic Programming starting after 35.913 secs
Using tree-based weight calculation.
Using polytree-based weight calculation.
Polytree max score: 21734293912
Polytree building time: 0.279 seconds.
Number of quartet trees in the gene trees: 21734293912
Size of largest cluster: 244
Greedy score: 18829365605
estimationFactor: 1.1542764832304608
Sub-optimal score: 19660395658
Calculated 100000 weights; time (seconds): 252
Total Number of elements weighted: 110367
Normalized score (portion of input quartet trees satisfied before correcting for multiple individuals): 0.9140168964970055
Optimization score: 19865511869
Optimal tree inferred in 284.765 secs.
(P_012871,(P_012849,((P_012807,P_012845),((P_012865,(P_012931,(P_012935,P_012933))),((P_012909,(PSJT,((GAP_81172,P_012833),((P_012927,GAP_80295),((P_012791,P_012915),(P_012869,(P_012823,(P_012819,P_012835)))))))),((YZRI,((P_012801,(P_012879,P_012809)),(P_012839,(P_012805,(P_012799,P_012825))))),(((P_012937,(P_012939,P_006421)),((P_012803,P_012853),(P_012829,P_012837))),(P_012843,((P_012867,((P_012817,P_012899),(P_012847,P_012923))),(((P_012797,(P_012841,((P_012913,P_012877),(P_012811,(P_012891,P_012895))))),(((P_012857,(P_012815,P_012903)),((P_012925,P_012883),(P_012875,((P_012905,P_012831),(P_012901,(P_012851,P_012887)))))),(P_018689,((P_006420,GAP_80294),(P_012885,(P_012859,(((P_012873,P_012881),(GAP_80291,P_012907)),((P_012897,(GAP_80293,P_012893)),((P_012911,(P_012821,P_012917)),(P_012889,((P_012863,P_006418),(P_012793,(GAP_80292,P_006419))))))))))))),((P_012861,((P_012855,(P_012827,P_007802)),((P_012813,P_018637),(P_012919,P_012921)))),((P_012795,P_012941),((GAP_80322,DHPO),(((P2622,P2623),(XQWC,(P0110C,(P0207A,(P0110B,(P0207C,(P0207B,(P0206H,P0206G)))))))),((OBPL,(((P_018639,P_018779),(P_018695,(P_018783,P_018645))),(P_018691,((P_016793,(P_006422,P_016795)),((P_016797,(P_007845,(GAP_80397,P_016799))),(P_018693,((P_014095,S08),((S04,(S38,(S27,P_016789))),((S03,P_014099),(P_016791,(S02,P_016787))))))))))),(((P0203H,((P_016909,WZFE),(OSHQ,(P_018831,P0109B)))),(((SJEV,(P_019193,(P_019187,Wsal))),(WKSU,(P_016921,(GAP_81227,(Pcol,(GAP_81226,P_006410)))))),((P_025525,(P_011589,(P_025523,P_025527))),(((Asie,QDVW),(P_019189,(PAWA,P_019197))),((CSSK,(OPDF,(P2589,P_019185))),((P_019191,P_019199),(GAP_80417,(GAP_79804,P2590)))))))),((WPHN,P_011613),(((GAP_79862,P_011587),(P_014081,(P0104A,P_008647))),((P_011609,(P2619,Sdec)),((WAIL,MAQO),(((P_011527,(P_014077,(GAP_80298,(P_014083,GAP_80297)))),(KRJP,((GAP_80395,P_011549),((P_011657,(P_011643,(P_011509,P_011651))),((GAP_80393,GAP_80394),((P_011647,(P_011465,(P_011501,(P_011523,(P_011487,P_011489))))),(P_011631,(P_011551,((P_007844,P_011637),(P_007843,(P_007783,P_006414))))))))))),(VYLQ,((P_011531,(P_011699,(P_006411,Schi))),((P_018635,P_008631),(P_011709,((P_011671,(P_008632,P_011579)),(((KAYP,(BCGB,ABSS)),(WIGA,(Dhai,(Apet,Msal)))),((P_014073,(P_011719,P_011607)),((P_006413,(P_011713,P_011705)),((P_011679,(P_016813,((GAP_80390,GAP_80389),(P_008646,(P_006412,P_008640))))),(P_011701,(P_011681,(P_011673,((P_011537,(P_011677,P_011739)),(P_011759,((P_011735,P_011675),(P_011715,(P_011745,P_011611))))))))))))))))))))))))))))))))))))));
Final quartet score is: 19865511869
Final normalized quartet score is: 0.9140168964970055
You may want to ignore posterior probabilities and other statistics related to the following branch branch because the effective number of genes impacting it is only 1:
	{P_025523, P_025527}
You may want to ignore posterior probabilities and other statistics related to the following branch branch because the effective number of genes impacting it is only 1:
	{P_025523, P_025527, P_011589}
You may want to ignore posterior probabilities and other statistics related to the following branch branch because the effective number of genes impacting it is only 1:
	{P_011719, P_011607}
You may want to ignore posterior probabilities and other statistics related to the following branch branch because the effective number of genes impacting it is only 4:
	{P_011719, P_014073, P_011607}
162.08083066853305 76.68789388341786 38.794022837635325 277.56274738958626 1.9082477284285185E-19
143.00549933651826 55.82240696601903 28.17209369746271 227.0 2.417194340083134E-21
210.07772906116708 16.1960316026192 18.720251312261624 244.9940119760479 1.6643378881962007E-66
197.24983272358713 49.84641869484889 28.350255947739306 275.44650736617535 1.0411272948865826E-40
189.01392370669558 26.99065980356512 20.990850279693635 236.99543378995432 1.1134258207800544E-50
175.9074366138589 38.519142731415826 21.585054212774317 236.01163355804903 2.867480055576195E-40
162.76184905460136 63.99149382851093 53.23279044960062 279.9861333327129 1.0964815104304598E-17
194.44778084489144 76.8514050227006 12.82857445555064 284.1277603231427 1.2274213634306623E-39
201.43506268002477 47.49438581861857 33.95995872742944 282.88940722607276 1.3778147966227009E-40
228.8368779731938 21.962181409892423 28.10785155357221 278.90691093665845 1.906175333327806E-65
1.0 0.0 0.0 1.0 0.3678794411714423
Not enough genes
Cannot perform polytomy test with effective N (after polytomies) 1.0:
	(P_025523,P_025527):0.2876820724517809;
1.0 0.0 0.0 1.0 0.3678794411714423
Not enough genes
Cannot perform polytomy test with effective N (after polytomies) 1.0:
	(P_011589,(P_025523,P_025527):0.2876820724517809):0.2876820724517809;
28.209956454626774 5.32793280578302 2.4485631336218807 35.98645239403167 6.109749755786021E-8
218.50139385807992 0.0 2.4937984496124033 220.99519230769232 1.719775263802842E-93
102.53007121504072 67.03073868178446 36.555857848395505 206.11666774522067 1.2835277571648922E-7
86.74603274821668 82.4838238562473 44.79178656716448 214.02164317162845 5.678927579186529E-4
107.2674304748911 86.13229608606264 73.75032286239761 267.15004942335133 0.0397345179276093
105.98375395909271 11.09272875843046 99.50259256364068 216.57907528116385 1.2392162258909882E-17
102.84102174033976 42.44500364573632 103.04704117887785 248.33306656495392 3.971578324597761E-7
172.15633122952275 58.30832617048481 10.844744046132988 241.30940144614055 7.821783242726671E-38
28.291143950671792 14.348005038053918 10.183427793640984 52.822576782366696 0.006047665316933624
114.0 6.0 0.0 120.0 2.0469055905514832E-45
63.46678867311661 7.461698956668522 17.07151237021487 88.0 5.25839705654942E-14
69.71960660009215 41.3347794963472 6.548461938149288 117.60284803458863 8.119839680127036E-12
198.81582663951696 13.78501790867951 37.82263766578334 250.4234822139798 2.173607688853341E-53
46.15936844383074 18.450999038813368 27.873927424453562 92.48429490709768 0.0015989552038838239
46.150873480381726 28.01536180622078 16.83215690363945 90.99839219024196 7.336898197583424E-4
117.42326024786679 77.69789872016109 72.40742257547696 267.52858154350486 0.001126060532182403
24.031490441175887 25.087239554361126 18.176979939876635 67.29570993541364 0.5391652377794499
149.05306278130303 17.941251476823897 27.49382989541264 194.48814415353957 1.6099436530290647E-36
166.9908521303258 3.004385964912281 6.004761904761905 176.0 6.835163413242108E-66
164.86278853799942 12.0629189804138 9.722561837731728 186.64826935614494 6.750751906494082E-56
192.09594071144954 31.71020519727491 36.36907716097404 260.1752230696985 1.87178679389095E-42
22.83538627202553 4.858012294098061 16.614971477929274 44.308370044052865 0.003540572887867665
84.20217115621995 19.34698255648404 16.07751882568833 119.62667253839231 8.339844978987071E-17
256.3395808832083 5.345115672784755 17.352165546302516 279.0368621022956 2.6024659629097984E-94
187.01445953953004 10.981833029487667 6.0086335393566515 204.00492610837435 1.306672646374395E-68
59.487867569335705 43.95898560345221 56.55191713030756 159.99877030309545 0.2791245979443289
43.526576556379176 35.98499286046835 29.831053658721487 109.34262307556901 0.2750067827261714
152.79279016291815 3.0562385217380226 2.4214671032184674 158.27049578787464 1.6395595634458183E-62
253.59824621100967 6.836900642845448 8.234377206515232 268.6695240603703 1.3363760063566036E-98
192.81186350922468 26.146860469712685 30.94307515992899 249.90179913886635 1.1919557638929666E-47
87.19431006138191 80.36749878917955 70.37731291382131 237.93912176438278 0.40577576484659694
194.94428183888266 24.339616965945734 21.93180910510533 241.2157079099337 7.021707566568038E-54
205.2687263847472 32.91380675139177 37.42267694051178 275.60521007665074 2.4095858395303094E-46
114.98063255146496 66.03934597482014 95.05018525553359 276.0701637818187 0.0013852935757687232
102.46318149071615 100.55754922969736 77.51375130258157 280.53448202299506 0.12715445436886294
215.5199534089486 33.44657691284369 33.712917365881744 282.67944768767404 1.3909264084707388E-51
210.72625296563044 23.03315554890979 15.0272423425093 248.78665085704952 5.861603193267002E-65
97.8071717493124 70.10704900666873 60.65240553289287 228.56662628887403 0.007492157346108351
80.21152424924558 45.02259845986817 60.900398149265975 186.13452085837974 0.0067029357064162035
109.34574947670535 59.18735476635798 74.26380339530249 242.7969076383658 2.79194303761819E-4
129.54903237980236 60.40428962230507 53.07225616192783 243.02557816403527 2.8455436214216354E-10
68.13228957769738 42.42013523602269 56.92121057298334 167.4736353867034 0.05095360438258408
55.39061434901979 54.39028154361354 33.96841036421948 143.74930625685283 0.04734351769724814
90.25362974105234 76.53307237367609 41.36926268666694 208.15596480139538 1.049077543381299E-4
215.6561638198358 20.307906417357156 37.91922786756592 273.88329810475886 2.8314861959440063E-56
100.88489476729339 76.42142311262012 95.79901010850436 273.10532798841786 0.1603392694600744
254.75515047484592 10.44393373685694 11.142182596813939 276.3412668085168 2.900428232414969E-94
162.96127315545633 5.245495130858268 107.01119927632327 275.21796756263785 5.409843055091792E-31
121.58477666432483 108.10573468566889 21.93551527497895 251.62602662497267 7.345433026737321E-16
116.84099329588321 93.59534065627042 31.826961963979578 242.26329591613322 4.147332459219383E-11
84.06595201521469 16.224436299753833 19.684611685031477 119.975 1.3996915314386252E-16
65.72322312665023 42.442791976523445 11.821422082755987 119.98743718592965 1.1591908598392975E-8
193.6311032145366 12.8365370815663 15.62727365887579 222.0949139549787 1.1333953754954694E-63
14.5644555311356 18.749407379086094 11.165320176158065 44.47918308637976 0.3778207724402265
44.941511683167434 41.02028000342833 39.940675255547326 125.90246694214309 0.8478864470495823
134.24454038775426 12.203141953032027 9.17662247150663 155.6243048122929 2.394995501788785E-43
94.42557996102678 32.89442630484484 30.062337957452243 157.38234422332386 1.1203376876462568E-11
52.50634811340941 50.196696133770764 49.98107098247798 152.68411522965815 0.9622275006501567
38.97003352503629 31.199338772430718 28.044325227510402 98.2136975249774 0.38067983145749995
92.51050717636411 83.33724824066407 48.61554071066919 224.46329612769736 7.732569994527225E-4
138.84455454420274 49.613188324862 61.82258650395753 250.28032937302225 6.538360450524226E-13
206.98279586015283 17.025574644362795 34.834020896969456 258.8423914014851 3.992218310938054E-56
1.0 0.0 0.0 1.0 0.3678794411714423
Not enough genes
Cannot perform polytomy test with effective N (after polytomies) 1.0:
	(P_011719,P_011607):0.2876820724517809;
1.0480912173481831 0.0945928323482503 2.4721517027863777 3.6148357524828114 0.30478630507295373
Not enough genes
Cannot perform polytomy test with effective N (after polytomies) 3.6148357524828114:
	(P_014073,(P_011719,P_011607):0.2876820724517809):0.0;
41.34416493151853 31.021449028758944 24.826235429378496 97.19184938965597 0.11657037490800888
73.91810645012836 41.92066546871561 66.8419959694793 182.68076788832326 0.00966555793177049
221.57833608195315 6.42783381874941 9.968767500536284 237.97493740123883 7.772532570146248E-84
212.1138656683272 20.252437276402883 25.667846743443043 258.0341496881731 5.540033621998169E-61
129.1953770346786 35.69793820252539 59.70498519103643 224.5983004282404 2.1004109374621812E-14
86.35551881198846 58.75607838635731 44.88604622374854 189.9976434220943 8.792279361989589E-4
75.41127389201543 69.36769372789729 33.80670746345778 178.58567508337052 2.0570680342366188E-4
99.34902183065714 55.291131659217406 40.30367422690805 194.94382771678258 5.060273927584053E-7
119.99458077694878 17.94839879255827 17.223918222390868 155.16689779189792 4.4220309477113266E-30
84.53100635949166 44.43429683971374 38.90010487327324 167.86540807247863 1.538755744986146E-5
204.76223114134712 18.23418823496552 18.83885987946197 241.83527925577462 5.250243484538151E-63
25.884545962581573 5.0240718333584695 5.051938529689655 35.960556325629696 5.644237369592439E-6
101.33272735001096 60.765965237263735 38.463806959754535 200.56249954702923 2.51421527764832E-7
113.38301896343239 43.71097650492417 65.45891490193947 222.55291037029602 3.641608846207093E-8
89.1953951372745 65.27667197877479 57.610402295423754 212.08246941147303 0.021509040988304584
73.9047156402126 49.18612758100901 60.38204948916165 183.47289271038326 0.08167101951602673
56.07011373068137 53.01862285147263 37.74976475238221 146.8385013345362 0.1396749345443938
15.87164918494341 11.547343857195628 7.812072731324401 35.231065773463435 0.2502577749994876
21.705980661161426 13.882488282852936 2.6968993466095474 38.285368290623914 7.829308347807774E-4
97.46567456124836 55.400119305767966 60.99346947585255 213.85926334286887 6.61978577019104E-4
25.275616510329254 22.298059278687095 10.917994676836093 58.491670465852444 0.05260337143830447
33.38780871847869 23.173237994943044 8.707584533048644 65.26863124647038 8.514871653959229E-4
119.88726413730062 132.09785857897123 10.452794921186893 262.4379176374588 5.292705546209988E-23
12.965532429699984 5.36725638183634 4.542429451868448 22.875218263404772 0.05915611852716436
12.877819226395589 7.918529414353511 2.4475007219729044 23.243849362722006 0.029802890071357137
154.83683488247308 41.35022585838284 47.54971794109671 243.73677868195264 1.7247603075418585E-22
130.87812314905395 108.3583506776064 24.850345948940625 264.086819775601 4.0289989046573965E-16
131.3141283952552 111.7968400038334 15.543445650775102 258.6544140498637 4.468688719469644E-20
141.83697763627248 41.58122789652482 68.7663611442157 252.18456667701298 1.2924176426077115E-14
73.00561067315847 68.39605115205852 51.219779428299375 192.62144125351637 0.12835222462973642
74.48461919973867 59.01963948026842 55.1043823195126 188.6086409995197 0.18817942925138348
150.88271067314224 76.12785009508136 29.67670105220257 256.68726182042616 1.0453860863578463E-19
194.44756881638048 49.195863282634996 22.823924663040486 266.46735676205594 1.7268568740313876E-42
114.99306316626006 35.41980197925049 61.18029949712144 211.593164642632 7.063884492837987E-11
115.83380781256541 73.18602985374956 75.02664763070416 264.0464852970191 0.0013551448034916805
143.8552751274933 72.45342160131014 41.592958914234494 257.90165564303794 1.2603710274412246E-14
147.6437880778195 75.72211309087095 28.64123734694498 252.00713851563543 2.692634075911782E-19
161.77875954304963 45.93711313347084 48.30324424715269 256.01911692367315 4.918595625813894E-23
168.9536882996108 38.041567607444115 42.36369498980408 249.358950896859 1.272496112605655E-29
24.948318698140078 6.074359058447237 8.991542626687943 40.01422038327526 4.3542572244399734E-4
23.972255830992008 15.980722232730136 3.0423288034193336 42.99530686714147 4.164522160617653E-4
238.20443721973348 9.990054410880454 29.947744315566343 278.1422359461803 1.474354448517785E-75
58.78335111230299 16.578246045734243 10.4814720562801 85.84306921431732 3.15064607500993E-11
41.72880771296322 13.055128009983068 12.050184514388471 66.83412023733476 2.9079619351729125E-6
12.915917474308765 9.927581841070943 7.144216467706132 29.98771578308584 0.4345237314662629
40.317036560492134 14.817377652884002 5.767904847850557 60.90231906122669 1.3604207876864377E-7
248.37563428237513 5.587825006001889 9.38224298851298 263.34570227689 1.9289061591543434E-96
203.9795032880418 1.108838833236458 1.8979992618624122 206.98634138314068 9.569111632611875E-87
90.18991253223543 75.95253079590212 74.85342593979412 240.99586926793165 0.4021015302893609
93.9285885757655 76.81338167907741 67.18887442865206 237.93084468349497 0.09898353314697626
72.40553350334005 46.01506339097177 42.744036504172485 161.16463339848428 0.007274242613153388
110.92896134545931 28.881699470195244 23.440454109743765 163.25111492539833 6.686506298624583E-20
94.8862830446754 63.19155940209219 68.2719663132867 226.3498087600543 0.02147834876025716
76.76875486035313 80.34974493546912 74.46595570147392 231.58445549729615 0.8923656612534363
42.23429912543444 31.71568211878647 26.411123417387245 100.36110466160815 0.14388200540288473
43.5350730200388 29.53556242940495 27.343253470590213 100.41388892003397 0.09972924526902559
166.04263832801908 77.13106993972244 21.4048385774879 264.5785468452294 6.2157578524679605E-27
217.7001969578519 43.27430807257174 21.71557975833084 282.69008478875446 5.863368845411743E-54
40.12546360278396 7.900844673792872 36.18214760620085 84.20845588277768 1.658096768833445E-5
109.94347148655434 57.02396027434222 76.97787023398034 243.9453019948769 1.5324804718390143E-4
125.86945979765196 74.06545140250725 63.04506972129399 262.9799809214532 2.659175510663785E-6
69.4501546155615 49.11443420067038 65.11490204808257 183.67949086431446 0.15354175688128865
68.1098618492877 65.22723991760205 51.16921936716597 184.50632113405572 0.2629507749712813
220.08466673828192 18.247874680051698 18.146111448361587 256.4786528666952 9.6277416763297E-70
155.4654479184587 97.45278192855854 4.27696100721143 257.19519085422866 3.387917988970808E-30
126.36694431870876 68.61261993115744 5.273660620131916 200.25322486999812 1.3555440924929252E-24
143.75141062331824 24.435876907095874 30.470451788163718 198.65773931857782 2.3554490109525173E-30
193.8286207293205 36.21726051169789 49.47171161491076 279.51759285592914 2.377705670512372E-36
285.0 1.887090909090909 0.09090909090909091 286.97799999999995 8.455859556472198E-123
200.96063392380125 13.978073899956904 10.066473523392112 225.00518134715028 1.190724541133603E-69
220.76768653390738 18.78936322760967 25.445595741128475 265.0026455026455 1.8800116972108757E-65
192.04656906297689 38.456259622396715 43.49717131462639 274.0 6.257339927868397E-37
241.48213690875122 3.9985945767195767 10.519268514529177 256.0 7.535038109733575E-94
259.7432194356953 5.5186786870907545 12.738101877213948 278.0 6.606149930022368E-99
266.51467610204986 8.098451822712507 6.237708348999161 280.8508362737615 9.711319343061212E-105
147.80431725587312 58.54242992837214 77.38177623262256 283.7285234168678 6.837111030925939E-11
218.99354875121386 11.160483824072681 11.845967424713475 242.00000000000003 5.465123998732663E-78
161.13870527355252 63.01059792795408 54.85069679849341 279.0 4.582988381463823E-17
270.25212800873237 7.564543164904285 6.183328826363324 284.0 8.31276365469493E-107
260.23790987457147 10.289247047775838 10.647541872833417 281.17469879518075 4.3856917507672504E-97
159.16076152696567 62.19653925417563 62.88512346128287 284.2424242424242 5.443353146001254E-15
100.64570069741409 93.26354802190492 95.10818907257531 289.01743779189434 0.8579462823349212
243.79649198925298 11.171149740607694 17.240261513712387 272.20790324357307 7.187919410415499E-85
110.99626858255964 83.6282858861936 74.77179349625362 269.39634796500684 0.01885069449417553
279.52651760745374 2.731351799183152 1.742860333665853 284.00072974030275 2.6268089336863397E-118
177.60812575673387 48.164469501818246 48.55391264989986 274.32650790845196 3.5742203195563314E-27
277.97814044426354 3.0216455694674655 2.99560569133815 283.99539170506915 2.3854140358404816E-116
102.23994996960121 88.8655942083356 91.26529982271549 282.37084400065226 0.5826302029165398
134.78723709115877 68.80695916295251 79.77059400380243 283.36479025791374 1.7876967710452605E-6
225.32209732600313 26.733342369051474 26.14825537558005 278.2036950706347 1.792795049946052E-62
94.37343318721558 89.61839865837662 88.71968232622345 272.7115141718157 0.9034438996896021
204.91158156949444 39.67187493381408 33.341006213148475 277.924462716457 4.327571914001257E-45
190.15030689332463 24.575366035171875 2.1280806643531918 216.85375359284967 4.39612608167652E-64
215.2215134445647 24.576131056483423 23.06314305518363 262.86078755623174 2.9506722565453224E-61
81.08501962533803 57.4584065233254 71.56033844125301 210.10376458991644 0.13297733087561023
73.70102891884154 72.48250312981739 62.20598763345689 208.38951968211583 0.5632727455986837
249.08474771574825 13.41060186962321 8.30924919014314 270.8045987755146 9.035160345090916E-92
73.44831684043758 60.7266717472632 60.967728745585454 195.14271733328624 0.44311500139008964
259.9897548848578 5.0078695240341276 7.944037522661202 272.9416619315531 5.332223676294347E-103
202.98284578094749 18.519388932133158 26.856304367748105 248.35853908082873 1.1652615975063262E-57
85.05965009550229 58.01121916060992 64.57305072418369 207.6439199802959 0.05635864204509848
267.05109851336414 3.093389427367633 5.995834061459336 276.1403220021911 4.108681188020808E-109
111.28949397120294 50.804030559155066 52.08017729376007 214.1737018241181 5.4280990781941084E-8
72.18084861471623 64.66440904415408 69.85417665171374 206.69943431058405 0.80661324544712
73.5769077243225 63.53000991998862 62.18944464654561 199.29636229085673 0.5581763361918921
69.70879989342102 59.30687032330833 66.6853824643017 195.70105268103106 0.644749782418349
75.27151676263033 62.397050876265205 64.2415374151736 201.9101050540691 0.48667524431974385
75.4389766089152 59.24320309135543 70.48228347502308 205.16446317529372 0.3653243296845783
80.090737148827 58.20133494466884 69.85906896999221 208.15114106348807 0.17748349087360968
76.24748717097546 67.5637323782257 66.26897024344579 210.08018979264693 0.656753755669907
238.88971906735264 25.091006865040118 14.463927933746817 278.44465386613956 9.675278879219291E-76
250.3450849825577 14.704576579168656 15.985866666815943 281.03552822854226 4.5392479105799046E-86
275.18142472137316 8.406304007916374 7.111051703959248 290.69878043324877 1.4360103647957046E-107
280.30737654019737 5.198951087246096 8.494473493102683 294.00080112054616 3.3323977383231416E-111
249.57580414378245 16.906286095915732 14.517909760301817 281.0 2.9160394785106304E-85
268.3577946127946 2.002840909090909 1.5930681818181816 271.9537037037037 3.391527854240172E-114
209.69392671538438 41.46289631944031 33.84317696517533 285.0 6.775104602266162E-46
283.7881627489259 3.214777181678352 3.7305344865819805 290.73347441718624 4.193367891141669E-118
249.98397590361446 10.81952380952381 14.0 274.80349971313825 6.14996994131852E-90
281.1800585058404 0.6547634579017081 2.4571343642436285 284.29195632798576 3.556354138315871E-120
97.02710262819062 83.60680505860373 90.75330384863206 271.3872115354264 0.6074810560636965
162.82694206496205 9.382434190511272 13.06640399283015 185.27578024830348 1.2654002703656963E-54
152.0577411747152 66.62568953377196 62.23136958490586 280.914800293393 1.276609260307658E-12
130.2656757355135 88.88001295469623 57.470274678509796 276.6159633687195 5.260879240643669E-7
276.02840793253637 1.1327031785747381 1.8388888888888888 279.0 4.698597279704689E-118
206.45524140457903 31.478064007098787 41.354126757567826 279.2874321692457 8.429212200964761E-46
144.70864776895033 79.08389949487065 55.16062249066759 278.95316975448856 9.118043660306873E-11
134.4509840367802 61.44418344305166 78.7505669330623 274.64573441289417 1.2475476050319793E-7
213.5469273731347 33.19566071039884 30.302140240619714 277.04472832415325 1.5144566055446035E-52
153.70573464684327 118.9420938836991 9.88822509942524 282.5360536299676 1.0820475045157803E-26
124.0581034703754 113.70469768255516 46.97062004307591 284.7334211960065 9.771842402469641E-9
277.468421859763 3.349393586854814 2.896259109111318 283.71407455572916 6.127926345437883E-116
275.22064959922693 1.2674539696367375 5.425975838319182 281.91407940718284 1.2934745377739571E-114
130.37910951254275 79.12921162754495 76.49167885991226 285.99999999999994 6.247738324892189E-5
97.99905293537013 84.96588560246376 94.06014275647819 277.0250812943121 0.6163980837372153
214.48689916837625 39.97897665840048 30.52955796317762 284.99543378995435 8.806567128982261E-50
276.15844203747224 4.167389327753583 3.00395586881668 283.3297872340425 1.3059887986580852E-114
262.70158578587257 12.701924196695876 12.5956428359392 287.99915281850764 5.151802233240517E-95
130.58159178550187 90.20555540682054 65.5598026987451 286.34694989106754 1.250259187080796E-5
177.04188481827052 80.759453585838 21.92567898266033 279.7270173867688 2.744225324338178E-29
142.37083449181696 127.36991378149027 5.675680124202801 275.41642839751006 2.5941569956929365E-27
100.02877454300673 83.58495675859295 100.92344665083776 284.53717795243745 0.36610697820239724
263.99459459459456 3.0054054054054054 7.0 274.0 4.6047480709860644E-107
259.50646540375874 6.03573538589796 10.479538340778056 276.02173913043475 4.5067177320992266E-100
148.169106032083 64.74664069643708 63.671290308516944 276.587037037037 8.509077465225034E-12
172.98120638631664 54.55673042666366 46.45942615204704 273.9973629650274 1.4031688365966097E-24
246.50877511336247 6.9873172766277385 13.001190218705437 266.4972826086957 6.240248272203214E-92
200.76492047585975 40.927168586041724 41.934299826987434 283.6263888888889 1.3340105927330132E-39
279.83348025757255 4.16808635209655 6.63514960816004 290.63671621782913 2.8458927527504614E-113
262.5135659607393 14.474140463241925 14.447483751710935 291.4351901756922 2.0333607090200203E-92
259.6308316129571 20.03802298048372 11.724552010061396 291.3934066035022 2.3550504297406622E-89
116.77412567760933 76.86337989398457 87.9781238601027 281.6156294316966 0.010892705453371477
232.02133756512035 15.367661506802516 38.69411786659188 286.08311693851476 3.885956933802086E-65
229.60883600641148 27.904911101549796 28.987377833847095 286.50112494180837 4.5434406791780935E-62
125.21106724014511 49.14080833850743 112.76521651192401 287.11709209057653 2.784891518546475E-8
231.36846572925367 15.455146425997748 40.96055072962758 287.784162884879 9.481030390386633E-64
271.346493280745 10.446387488646963 5.809113996111803 287.6019947655038 2.2538140829545374E-105
132.40454718310957 37.6221901222067 110.28050767800795 280.3072449833242 3.729692861683619E-12
163.74552903565038 29.733961861461257 87.92424791395545 281.4037388110671 1.2378246264702362E-21
237.40619430492816 22.304075131599816 20.76820489101756 280.47847432754554 6.946051771066599E-73
207.2892817529701 29.469098305931077 33.55528557521057 270.31366563411177 2.181941911498389E-50
140.56033855157716 21.335445662092756 9.484382629708902 171.38016684337882 1.1025570191283102E-40
109.6744007104315 37.19998436206732 30.12340254516413 176.99778761766296 5.378927658041379E-15
150.09318270604902 72.63159756755162 50.0623068615159 272.7870871351165 7.126208365041261E-14
64.25006514423495 0.0912001333331605 60.01533532438385 124.35660060195195 3.239880839649124E-14
Extended species tree:
(P0109B,(P_018831,(OSHQ,((P_016909,WZFE)0:0.4664421910126892,(P0203H,((((SJEV,(P_019193,(P_019187,Wsal)0:0.581293964525656)0:1.5186513302129674)0:0.8446179196213934,(WKSU,(P_016921,(GAP_81227,(Pcol,(GAP_81226,P_006410)0:1.175343497964388)0:0.9500635649889458)0:0.4602566778222052)0:0.7401356542180244)0:0.830874902320215)0:1.2957940927273215,((P_025525,(P_011589,(P_025523,P_025527)NA:0.2876820724517809)NA:0.2876820724517809)0:1.0330093537262057,(((Asie,QDVW)0:3.746201091923027,(P_019189,(PAWA,P_019197)0:0.2778017355098864)0.00057:0.11109242534175501)0.03973:0.10540657740722638,((CSSK,(OPDF,(P2589,P_019185)0:0.26221811542707485)0:0.12635338582670513)0:0.8340707477694587,((P_019191,P_019199)0.00605:0.3403175606999089,(GAP_80417,(GAP_79804,P2590)0:2.444415288433263)0:0.8431912518774495)0:0.4808807651584851)0:1.1588119370754528)0.0016:0.2752912019424147)0.00073:0.29098491291737777)0.00113:0.16951516342256318,(((WPHN,P_011613)0.53917:0.028205180086412197,(((GAP_79862,P_011587)0:1.0319793881458568,(P_014081,(P0104A,P_008647)0:2.467185162666797)0:1.7029806678164487)0:0.9244715620514076,((P_011609,(P2619,Sdec)0.00354:0.2957128099736571)0:0.7919936539607942,((WAIL,MAQO)0:2.064095811694841,(((P_011527,(P_014077,(GAP_80298,(P_014083,GAP_80297)0:2.027726918012715)0.27912:0.05576541016885626)0.27501:0.0961819030677807)0:2.7967725025836403,(KRJP,((GAP_80395,P_011549)0:2.4146984219640513,((P_011657,(P_011643,(P_011509,P_011651)0:1.0576040920897507)0.40578:0.048543451136345624)0:1.22845756304909,((GAP_80393,GAP_80394)0:0.9497182578025418,((P_011647,(P_011465,(P_011501,(P_011523,(P_011487,P_011489)0.00139:0.130656820368972)0.12715:0.04700577230922208)0:1.020529324386478)0:1.4500329367631963)0.00749:0.1497502438295085,(P_011631,(P_011551,((P_007844,P_011637)0.0067:0.15425369548267726,(P_007843,(P_007783,P_006414)0.00028:0.18966942810118662)0:0.3514379785327624)0.05095:0.11273633144056791)0.04734:0.07687969943395866)0.0001:0.1593126662616467)0:1.1295017426721607)0.16034:0.05348236924298411)0:2.102448253930018)0:0.48606830909686055)0:0.25093297260604447)0:0.24905136000573833,(VYLQ,((P_011531,(P_011699,(P_006411,Schi)0:0.7816620807423292)0:0.3780960318373543)0:1.618969440211472,((P_018635,P_008631)0.37782:0.0,(P_011709,((P_011671,(P_008632,P_011579)0.84789:0.03171072798369391)0:1.540227689881055,(((KAYP,(BCGB,ABSS)0:0.5013396051574167)0.96223:0.012555147716298376,(WIGA,(Dhai,(Apet,Msal)0.38068:0.09341357152522924)0.00077:0.12269817605473571)0:0.3987218896882545)0:1.1869708945447008,((P_014073,(P_011719,P_011607)NA:0.2876820724517809)NA:0.0,((P_006413,(P_011713,P_011705)0.11657:0.1410826150627672)0.00967:0.10941377411040426,((P_011679,(P_016813,((GAP_80390,GAP_80389)0:2.2146187132307764,(P_008646,(P_006412,P_008640)0:1.303044719931689)0:0.44475435110855654)0.00088:0.1962497902597071)0.00021:0.13912085527521043)0:0.3018379462868443,(P_011701,(P_011681,(P_011673,((P_011537,(P_011677,P_011739)0:1.0571660819541893)0.00002:0.2888470190678069,(P_011759,((P_011735,P_011675)0:1.447411608997554,(P_011715,(P_011745,P_011611)0.00001:0.7996046497132054)0:0.2931691244028101)0:0.30215937170112167)0.02151:0.13684370366521337)0.08167:0.10640510383931373)0.13967:0.07138748595024134)0.25026:0.17090827675947423)0.00078:0.39865997503012873)0.00066:0.19898582071406623)0.0526:0.14767625464054812)0.00085:0.29536195765003914)0:0.2016646664461035)0.05916:0.37772491688657345)0.0298:0.3520687482610849)0:0.5960208358252063)0:0.27519626010204484)0:0.299201243952806)0:0.4159968858241693)0.12835:0.06782927002271812)0.18818:0.09348705788001282)0:0.47528103870557137)0:0.8928019478203355,((OBPL,(((P_018639,P_018779)0:0.373036672889778,(P_018695,(P_018783,P_018645)0.00136:0.16906746481471754)0:0.40564781765519353)0:0.4705377388653671,(P_018691,((P_016793,(P_006422,P_016795)0:0.5872815849045305)0:0.7179906615705884,((P_016797,(P_007845,(GAP_80397,P_016799)0.00044:0.5317546187814837)0.00042:0.3817336963273387)0:1.5142025395614258,(P_018693,((P_014095,S08)0:0.7243025512357271,((S04,(S38,(S27,P_016789)0:0.5494613699782253)0.43452:0.13377313410429884)0:0.6480808187725013,((S03,P_014099)0:2.40107639688259,(P_016791,(S02,P_016787)0:3.5440048776877555)0.4021:0.06085244388731945)0.09898:0.09395974750084687)0.00727:0.1860175528143802)0:0.7195794529954375)0.02148:0.13471740108208186)0.89237:0.0)0.14388:0.13353994228766553)0.09973:0.15539350155701329)0:0.5759270651320209)0:1.052915767857045,(((P2622,P2623)0.00002:0.2311305041769073,(XQWC,(P0110C,(P0207A,(P0110B,(P0207C,(P0207B,(P0206H,P0206G)0.00015:0.19028148267979375)0:0.24235391998546027)0.15354:0.066232361893608)0.26295:0.05206710202816537)0:1.5239618142850846)0:0.5161490595732107)0:0.5831281287251634)0:0.8674619007433712,((GAP_80322,DHPO)0:0.7688446545918726,((P_012795,P_012941)0:4.166167045959308,((P_012861,((P_012855,(P_012827,P_007802)0:1.794436681108904)0:1.366170929714356,((P_012813,P_018637)0:0.7930266122701065,(P_012919,P_012921)0:2.401619158931303)0:2.267883437893598)0:2.5056994236494274)0:0.3266435357486835,(((P_012797,(P_012841,((P_012913,P_012877)0:1.9092737389724754,(P_012811,(P_012891,P_012895)0:0.4513672723125768)0:2.5559252715612963)0:2.1488961834677953)0:0.41094450816872613)0.85795:0.02076399713041018,(((P_012857,(P_012815,P_012903)0:1.8233852106465804)0.01885:0.1230064655590499,((P_012925,P_012883)0:3.5469782699779,(P_012875,((P_012905,P_012831)0:0.6304028964648776,(P_012901,(P_012851,P_012887)0:3.2986363195049035)0.58263:0.042071393190136384)0:0.23697776995716396)0:1.2396874923228625)0.90344:0.017336830603911)0:0.9212367464945735,(P_018689,((P_006420,GAP_80294)0:1.6568020394399805,(P_012885,(P_012859,(((P_012873,P_012881)0:1.2855252222378821,(GAP_80291,P_012907)0.13298:0.07920604769758723)0.56327:0.02836939038823598,((P_012897,(GAP_80293,P_012893)0:2.0763792748061896)0.44312:0.06368072088921342,((P_012911,(P_012821,P_012917)0:2.57183385817195)0:1.2766511979803425,(P_012889,((P_012863,P_006418)0.05636:0.11824068808245607,(P_012793,(GAP_80292,P_006419)0:2.907590974524107)0:0.32270361645545415)0.80661:0.021518104460483127)0.55818:0.05235734927944153)0.64475:0.032093886055319924)0.48668:0.058095199339231615)0.36532:0.05010950495835035)0.17748:0.07731150331494618)0.65675:0.04273822947290051)0:1.5246816767129001)0:1.7805527809798691)0:2.4658448984490393)0:2.5941128776372375,((P_012867,((P_012817,P_012899)0:1.757537033051622,(P_012847,P_012923)0:3.678670509447975)0:0.9157741701497241)0:3.197793491050981,(P_012843,(((P_012937,(P_012939,P_006421)0:1.9630926039358594)0:3.834163276836809,((P_012803,P_012853)0.60748:0.03491789288258044,(P_012829,P_012837)0:1.6669422077687353)0:0.36970549029004224)0:0.22796096257912693,((YZRI,((P_012801,(P_012879,P_012809)0:3.850157456200806)0:0.9285556862605605,(P_012839,(P_012805,(P_012799,P_012825)0:0.3220728161695134)0:0.2635112164298197)0:1.055685756455029)0:0.37564582097335736)0:0.16400406177934898,((P_012909,(PSJT,((GAP_81172,P_012833)0:3.2656186605231836,((P_012927,GAP_80295)0:3.1993114441802035,((P_012791,P_012915)0.00006:0.20018893268873583,(P_012869,(P_012823,(P_012819,P_012835)0.6164:0.029144779565515016)0:0.9806939289015999)0:3.144036132949126)0:1.991482221936383)0.00001:0.20047510911826216)0:0.5905588853511846)0:0.31826342395225043)0.36611:0.02580695058889173,((P_012865,(P_012931,(P_012935,P_012933)0:2.812919436966314)0:2.3555575909588824)0:0.357622480052033,((P_012807,P_012845)0:0.5861652017231911,(P_012849,P_012871)0:2.139669273910275)0:0.8165460440982362)0:2.801670069259067)0:1.8741965250721124)0:1.783348212716681)0.01089:0.12759013087186064)0:1.2458508556003434)0:1.1971774682615097)0:0.16472835927281926)0:1.2098967242009118)0:2.411452430793344)0:0.2306893046905541)0:0.46162546313235875)0:1.448759854891252)0:1.0385464722799602)0:1.2841475753318616)0:0.552053890571791)0:0.3890756408298403)0:0.31307854872594526));
Weight calculation took 229.895590828 secs
ASTRAL finished in 288.387 secs
