
================== ASTRAL ===================== 

This is ASTRAL version 5.7.7
Gene trees are treated as unrooted
180 trees read from all_bs10.trees
index186
All output trees will be *arbitrarily* rooted at P0109B

======== Running the main analysis
Number of taxa: 244 (244 species)
Taxa: [P_014099, P_018693, P_016795, P_006422, P_016789, S27, P_018783, P_018645, P_016797, WZFE, P_016909, P_008632, P_018831, P_012921, P_012919, P_012855, P_007802, P_012827, P_018637, P_012813, P_012853, P_012803, P_012833, GAP_81172, PSJT, GAP_80295, P_012927, P_012835, P_012869, P_012791, P_012819, P_012823, P_012915, P_012933, P_012931, P_012935, P_012909, P_012805, P_012799, P_012801, YZRI, P_012809, P_012825, P_012879, P_012865, P_012845, P_012807, P0110B, P0207C, P0207A, P0206H, P0207B, P0206G, XQWC, P0110C, P_012831, P_012891, P_012905, P_012925, P_012883, P_012897, P_012893, P_012863, P_012885, P_012873, P_012917, P_012881, GAP_80293, P_012793, P_012889, P_018689, P_012911, P_006420, GAP_80294, P_012875, P_012907, P_012821, GAP_80292, P_006419, P_006418, GAP_80291, P_012859, P_012811, P_012901, P_012841, P_012877, P_012913, P_012797, P_012857, P_012815, P_012903, P_012895, P_012851, P_012887, P_012847, P_012923, P_012817, P_012899, P_012867, P_012829, P_012837, P_012937, P_012861, P_006421, P_012939, P_012849, P_012871, P_012843, GAP_80322, DHPO, P_012795, P_012941, P2623, MAQO, P_006414, P_007783, P_007843, P_011487, P_011523, P_011501, P_014081, P_008647, P0104A, PAWA, QDVW, Asie, P_011489, KRJP, P_011657, P_011509, P_011699, P_006411, P_011531, P_011651, P_018779, P_011705, P2589, GAP_79804, P2590, CSSK, P_019185, GAP_80394, P_011549, P_011643, P_011465, P_011637, GAP_80395, P_011647, P_011551, GAP_80393, GAP_80298, P_018635, P_011715, GAP_80390, P_008646, P_011611, P_011739, P_011673, Msal, P_011745, P_008640, P_016813, P_011735, P_011713, P_006413, Dhai, Apet, P_006412, GAP_80389, ABSS, P_011679, P_011671, P_008631, P_019197, WPHN, VYLQ, GAP_79862, Wsal, P_019187, SJEV, P_019193, P_019189, GAP_81227, P_016921, GAP_81226, WKSU, P0109B, P_011579, Pcol, P_006410, P_011527, WAIL, GAP_80297, P_014083, P_014077, P2619, P_016787, P_018691, GAP_80397, P_018639, S03, P_016791, P_016793, OBPL, P_016799, P_018695, P2622, P_011613, Schi, WIGA, P_011677, P_011681, P_011759, P_011675, P_011537, BCGB, P_011631, P_007844, P_011587, P_011609, P_019191, GAP_80417, OPDF, P_025525, P0203H, OSHQ, S04, S08, P_014095, S38, S02, P_012839, KAYP, P_014073, P_011607, P_025527, P_025523, Sdec, P_011709, P_019199, P_011701, P_011719, P_007845, P_011589]
Taxon occupancy: {P_019193=158, P_019191=65, P_019197=164, OPDF=162, GAP_81172=179, P_018783=172, P_019199=59, Wsal=152, P_016921=173, WKSU=175, P_025523=27, P_025525=51, P_025527=21, P_014073=18, P0203H=121, P_014077=100, QDVW=172, P_011487=176, P_011489=178, P_016813=178, P_006421=179, P_006422=175, P_006420=141, P_006418=179, P_006419=179, P_006414=177, P_014081=124, P_014083=135, P_018689=180, P0206H=168, P0206G=156, Msal=176, P0109B=89, P_012901=177, P_006410=172, P_006411=173, P_012903=176, P_006412=175, P_006413=177, P_012905=178, P_012907=180, PAWA=172, GAP_79862=167, ABSS=166, P_012909=178, P_018691=154, GAP_80291=180, P_018695=174, P_014095=74, GAP_80293=177, P_018693=174, GAP_80292=177, GAP_80295=174, P_014099=171, GAP_80294=178, GAP_80297=175, GAP_80298=171, P_012911=177, P_011701=26, P_012913=178, P_012915=175, P_011705=108, P_012917=175, P_012919=172, P_011709=17, P_012881=180, P_011671=155, P_011551=117, P_012883=179, MAQO=173, P_011673=144, P_012885=177, GAP_80322=176, P_011675=165, P2590=153, P_012887=179, P_011677=136, P_012889=180, P_011679=151, P_008647=163, PSJT=167, P2589=156, P_012891=178, P_011681=121, P_012893=178, P_018637=175, P_012895=179, P_018635=163, P_012897=179, P0207C=172, P0207B=173, P_012899=177, P0207A=173, P_018639=162, P_008646=176, P_008640=176, BCGB=163, WZFE=175, P_018645=170, KRJP=169, KAYP=82, P_011699=93, P_011579=143, CSSK=165, P_008632=176, P_016909=177, P_007783=165, P_008631=176, P_019187=174, P_019185=170, Sdec=37, P_019189=171, P_012791=177, P_012793=176, P_012795=176, Asie=162, P_018779=132, P_011465=177, P_012797=178, P_011587=136, P_012799=177, P_011589=4, GAP_80417=99, WIGA=153, P_007802=145, GAP_79804=140, P_012841=174, P_011631=142, P_012843=178, Pcol=148, P_012845=177, P_012847=172, P_011637=172, P_011759=165, P_012849=176, Apet=170, OBPL=177, P0110C=162, P_018831=173, P0110B=123, YZRI=176, P_012851=177, P_012853=174, P_011643=178, P_011523=178, P_012855=171, P_012857=174, P_011647=165, P_011527=144, P_012859=178, WAIL=178, P_016789=167, P_012861=178, P_011651=159, P_011531=142, P_016787=171, P_012863=178, P_012865=174, Schi=139, P_012867=178, P_011657=159, P_011537=133, P_012869=176, P_016793=171, P_016791=172, P_016797=175, SJEV=176, P_016795=173, P_012871=174, P_012873=177, P_016799=175, P_012875=178, P_012877=175, P_012879=178, P_011549=167, P_007844=128, P_007845=31, S02=141, P_012921=165, S04=51, P_012801=178, S03=165, P_012923=175, P_011713=119, P_012803=176, P_012925=177, P_011715=147, S08=117, P_012805=176, P_007843=149, P_012927=176, P_012807=176, P_011719=15, P_012809=177, VYLQ=178, DHPO=176, GAP_80390=177, P2622=133, P2623=64, XQWC=172, GAP_80394=178, GAP_80393=178, GAP_80395=178, GAP_80397=173, P_012931=177, P_012811=178, P_012933=170, WPHN=169, P_012813=176, P_012935=173, P_012815=174, P_012937=179, P_012817=177, P_011607=13, P_012939=176, P_012819=172, P_011609=116, P2619=115, OSHQ=171, GAP_80389=178, P_012941=179, P_012821=178, P_011611=159, P_012823=176, P_011613=56, P_011735=175, S27=131, P_012825=179, P_012827=160, P_011739=149, P_012829=179, Dhai=171, P0104A=148, P_012831=177, P_011501=178, P_012833=176, GAP_81226=178, P_011745=161, GAP_81227=177, P_012835=176, S38=43, P_012837=177, P_012839=170, P_011509=177}
Number of gene trees: 180
180 trees have missing taxa
Calculating quartet distance matrix (for completion of X)
Species tree distances calculated ...
Will attempt to complete bipartitions from X before adding using a distance matrix.
Building set of clusters (X) from gene trees 
------------------------------
gradient0: 37659
Number of Clusters after addition by distance: 37659
calculating extra bipartitions to be added at level 1 ...
Adding to X using resolutions of greedy consensus ...
Limit for sigma of degrees:6150
polytomy size limit : 40
discarded polytomies:  [3, 3, 3, 3, 3, 3, 3, 3, 3, 3, 3, 3, 3, 3, 3, 3, 3, 3, 3, 3, 3, 3, 4, 4, 4, 4, 4, 4, 4, 4, 4, 4, 4, 4, 4, 5, 5, 5, 5, 5, 5, 6, 6, 6, 7, 8, 9, 10, 11, 13, 14, 15, 16, 19, 22, 37, 40]
Threshold 0.0:
polytomy of size 4; rounds with additions with at least 5 support: 2; clusters: 37673
polytomy of size 3; rounds with additions with at least 5 support: 1; clusters: 37677
Threshold 0.01:
polytomy of size 7; rounds with additions with at least 5 support: 4; clusters: 37809
Threshold 0.02:
polytomy of size 8; rounds with additions with at least 5 support: 2; clusters: 37933
polytomy of size 3; rounds with additions with at least 5 support: 0; clusters: 37933
Threshold 0.05:
polytomy of size 3; rounds with additions with at least 5 support: 0; clusters: 37933
polytomy of size 3; rounds with additions with at least 5 support: 0; clusters: 37935
polytomy of size 6; rounds with additions with at least 5 support: 0; clusters: 37937
polytomy of size 11; rounds with additions with at least 5 support: 2; clusters: 38015
polytomy of size 3; rounds with additions with at least 5 support: 0; clusters: 38015
polytomy of size 3; rounds with additions with at least 5 support: 0; clusters: 38015
polytomy of size 4; rounds with additions with at least 5 support: 0; clusters: 38015
polytomy of size 3; rounds with additions with at least 5 support: 0; clusters: 38015
Threshold 0.1:
polytomy of size 4; rounds with additions with at least 5 support: 0; clusters: 38015
polytomy of size 3; rounds with additions with at least 5 support: 0; clusters: 38015
polytomy of size 5; rounds with additions with at least 5 support: 0; clusters: 38017
polytomy of size 10; rounds with additions with at least 5 support: 0; clusters: 38023
polytomy of size 3; rounds with additions with at least 5 support: 0; clusters: 38023
polytomy of size 3; rounds with additions with at least 5 support: 0; clusters: 38023
polytomy of size 13; rounds with additions with at least 5 support: 0; clusters: 38043
polytomy of size 3; rounds with additions with at least 5 support: 0; clusters: 38043
polytomy of size 4; rounds with additions with at least 5 support: 0; clusters: 38043
polytomy of size 5; rounds with additions with at least 5 support: 0; clusters: 38043
polytomy of size 9; rounds with additions with at least 5 support: 0; clusters: 38057
Threshold 0.2:
polytomy of size 4; rounds with additions with at least 5 support: 0; clusters: 38057
polytomy of size 3; rounds with additions with at least 5 support: 0; clusters: 38057
polytomy of size 4; rounds with additions with at least 5 support: 0; clusters: 38057
polytomy of size 5; rounds with additions with at least 5 support: 0; clusters: 38057
polytomy of size 3; rounds with additions with at least 5 support: 0; clusters: 38057
polytomy of size 3; rounds with additions with at least 5 support: 0; clusters: 38057
polytomy of size 19; rounds with additions with at least 5 support: 0; clusters: 38097
polytomy of size 4; rounds with additions with at least 5 support: 0; clusters: 38097
polytomy of size 5; rounds with additions with at least 5 support: 0; clusters: 38097
polytomy of size 4; rounds with additions with at least 5 support: 0; clusters: 38097
polytomy of size 4; rounds with additions with at least 5 support: 0; clusters: 38097
polytomy of size 22; rounds with additions with at least 5 support: 0; clusters: 38117
polytomy of size 3; rounds with additions with at least 5 support: 0; clusters: 38117
polytomy of size 3; rounds with additions with at least 5 support: 0; clusters: 38117
polytomy of size 3; rounds with additions with at least 5 support: 0; clusters: 38117
polytomy of size 3; rounds with additions with at least 5 support: 0; clusters: 38117
polytomy of size 6; rounds with additions with at least 5 support: 0; clusters: 38117
polytomy of size 4; rounds with additions with at least 5 support: 0; clusters: 38117
polytomy of size 14; rounds with additions with at least 5 support: 0; clusters: 38139
Threshold 0.3333333333333333:
polytomy of size 4; rounds with additions with at least 5 support: 0; clusters: 38139
polytomy of size 3; rounds with additions with at least 5 support: 0; clusters: 38139
polytomy of size 3; rounds with additions with at least 5 support: 0; clusters: 38139
polytomy of size 3; rounds with additions with at least 5 support: 0; clusters: 38139
polytomy of size 5; rounds with additions with at least 5 support: 0; clusters: 38139
polytomy of size 37; rounds with additions with at least 5 support: 0; clusters: 38143
polytomy of size 3; rounds with additions with at least 5 support: 0; clusters: 38143
polytomy of size 4; rounds with additions with at least 5 support: 0; clusters: 38143
polytomy of size 16; rounds with additions with at least 5 support: 0; clusters: 38143
polytomy of size 5; rounds with additions with at least 5 support: 0; clusters: 38143
polytomy of size 40; rounds with additions with at least 5 support: 0; clusters: 38167
polytomy of size 6; rounds with additions with at least 5 support: 0; clusters: 38167
polytomy of size 4; rounds with additions with at least 5 support: 0; clusters: 38167
polytomy of size 15; rounds with additions with at least 5 support: 0; clusters: 38169
max k is :8
Number of Clusters after addition by greedy: 38169
gradient0 in heuristiic: 38169
partitions formed in 20.172 secs
Dynamic Programming starting after 20.172 secs
Using tree-based weight calculation.
Using polytree-based weight calculation.
Polytree max score: 11329685862
Polytree building time: 0.144 seconds.
Number of quartet trees in the gene trees: 11329685862
Size of largest cluster: 244
Greedy score: 10404731736
estimationFactor: 1.0888974506473523
Sub-optimal score: 10554550119
Total Number of elements weighted: 92629
Normalized score (portion of input quartet trees satisfied before correcting for multiple individuals): 0.9498729058406792
Optimization score: 10761761632
Optimal tree inferred in 137.271 secs.
(P_018779,(P_018639,((P_018695,(P_018783,P_018645)),((((P_016793,(P_016795,P_006422)),(P_016797,(P_007845,(P_016799,(GAP_80397,OBPL))))),(P_018691,(P_018693,((P_016787,S02),((P_016791,(S08,P_014095)),((P_014099,S03),(S04,(S38,(P_016789,S27))))))))),((((P2623,P2622),(P0110C,((P0207A,(P0110B,P0207C)),((P0206H,P0206G),(P0207B,XQWC))))),((GAP_80322,DHPO),((P_012795,P_012941),((P_012861,((P_012855,(P_007802,P_012827)),((P_012921,P_012919),(P_018637,P_012813)))),(((P_012797,(P_012841,((P_012877,P_012913),(P_012811,(P_012891,P_012895))))),((((P_012815,P_012903),(P_012925,P_012883)),(P_012857,(P_012875,(P_012901,((P_012851,P_012887),(P_012831,P_012905)))))),(P_018689,(P_012885,((P_012859,(P_006420,GAP_80294)),((P_012907,(P_012873,P_012881)),((P_012911,(P_012917,P_012821)),((GAP_80291,(P_012897,(P_012893,GAP_80293))),((P_012863,P_006418),(P_012889,(P_012793,(GAP_80292,P_006419)))))))))))),((P_012867,((P_012847,P_012923),(P_012817,P_012899))),(P_012843,(((P_012937,(P_006421,P_012939)),((P_012829,P_012837),(P_012853,P_012803))),(((P_012801,(P_012809,P_012879)),(P_012839,(P_012805,(P_012825,(P_012799,YZRI))))),((((P_012845,P_012807),(P_012849,P_012871)),(P_012865,(P_012931,(P_012933,P_012935)))),(P_012909,((P_012927,(PSJT,GAP_80295)),((P_012833,GAP_81172),((P_012791,P_012915),(P_012869,(P_012823,(P_012835,P_012819))))))))))))))))),(((P0203H,((WZFE,P_016909),(P0109B,(P_018831,OSHQ)))),(((SJEV,(P_019193,(Wsal,P_019187))),(P_016921,(GAP_81227,(WKSU,(Pcol,(GAP_81226,P_006410)))))),((P_025527,(P_025525,P_025523)),(((QDVW,Asie),(P_019189,(PAWA,P_019197))),(((CSSK,P_019185),(P2589,OPDF)),((P_019191,P_019199),(GAP_80417,(GAP_79804,P2590)))))))),((WPHN,P_011613),(((P_011609,(P2619,Sdec)),(MAQO,(P_011527,((GAP_80298,WAIL),(P_014077,(GAP_80297,P_014083)))))),((((GAP_79862,P_011587),(P_014081,(P_008647,P0104A))),((KRJP,(P_011549,GAP_80395)),(((GAP_80394,GAP_80393),(P_011657,(P_011643,(P_011509,P_011651)))),((P_011647,(P_011465,(P_011501,(P_011523,(P_011487,P_011489))))),(P_011631,(P_011551,((P_011637,P_007844),(P_007783,(P_006414,P_007843))))))))),((P_011589,(P_011531,(P_011699,(P_006411,Schi)))),(VYLQ,((P_018635,P_008631),((P_011709,(P_011579,(P_008632,P_011671))),(((P_011713,(P_011705,Dhai)),(WIGA,(P_006413,(Msal,Apet)))),(((P_016813,KAYP),((GAP_80390,GAP_80389),((P_008640,P_006412),(P_008646,P_011679)))),((ABSS,BCGB),(P_011719,(P_011607,(P_011701,((P_011537,(P_011673,(P_011739,P_011677))),(P_011759,((P_011735,P_011675),(P_014073,(P_011715,(P_011745,(P_011611,P_011681))))))))))))))))))))))))));
Final quartet score is: 10761761632
Final normalized quartet score is: 0.9498729058406792
You may want to ignore posterior probabilities and other statistics related to the following branch branch because the effective number of genes impacting it is only 9:
	{P_025525, P_025523}
You may want to ignore posterior probabilities and other statistics related to the following branch branch because the effective number of genes impacting it is only 15:
	{P_025525, P_025527, P_025523}
You may want to ignore posterior probabilities and other statistics related to the following branch branch because the effective number of genes impacting it is only 3:
	{P_011699, P_006411, P_011531, Schi}
You may want to ignore posterior probabilities and other statistics related to the following branch branch because the effective number of genes impacting it is only 4:
	{P_011699, P_006411, P_011531, Schi, P_011589}
You may want to ignore posterior probabilities and other statistics related to the following branch branch because the effective number of genes impacting it is only 15:
	{P_008632, P_011671, P_011579}
You may want to ignore posterior probabilities and other statistics related to the following branch branch because the effective number of genes impacting it is only 17:
	{P_008632, P_011671, P_011579, P_011709}
You may want to ignore posterior probabilities and other statistics related to the following branch branch because the effective number of genes impacting it is only 16:
	{P_011715, P_011611, P_011745, P_011681}
You may want to ignore posterior probabilities and other statistics related to the following branch branch because the effective number of genes impacting it is only 18:
	{P_011715, P_011611, P_011745, P_011681, P_014073}
You may want to ignore posterior probabilities and other statistics related to the following branch branch because the effective number of genes impacting it is only 1:
	{P_011715, P_011611, P_011739, P_011673, P_011745, P_011735, P_011677, P_011681, P_011759, P_011675, P_011537, P_014073, P_011701}
You may want to ignore posterior probabilities and other statistics related to the following branch branch because the effective number of genes impacting it is only 1:
	{P_011715, P_011611, P_011739, P_011673, P_011745, P_011735, P_011677, P_011681, P_011759, P_011675, P_011537, P_014073, P_011607, P_011701}
You may want to ignore posterior probabilities and other statistics related to the following branch branch because the effective number of genes impacting it is only 15:
	{P_011715, P_011611, P_011739, P_011673, P_011745, P_011735, P_011677, P_011681, P_011759, P_011675, P_011537, P_014073, P_011607, P_011701, P_011719}
Extended species tree:
(P0109B,((P_018831,OSHQ)96.27:2.6101169605655175,((WZFE,P_016909)95.61:2.6001495930608534,(P0203H,((((SJEV,(P_019193,(Wsal,P_019187)70.48:0.797664334035003)48.02:0.2428690781094714)97.77:3.165461991974311,(P_016921,(GAP_81227,(WKSU,(Pcol,(GAP_81226,P_006410)72.12:0.8535097396150301)55.73:0.40023777033872204)56.51:0.419350162479535)62.23:0.5580068566853189)94.97:2.474269898136423)84.93:1.4445676854940455,((P_025527,(P_025525,P_025523)77.78:0.7985076962177715)86.31:1.2144782062168542,(((QDVW,Asie)98.09:3.274677626437663,(P_019189,(PAWA,P_019197)72.41:0.8619569225101371)39.25:0.08816442530653727)46.3:0.2100168963409352,(((CSSK,P_019185)52.21:0.32586993898556343,(P2589,OPDF)85.42:1.4797812577176745)70.36:0.7954305195456641,((P_019191,P_019199)72.56:0.8230305770350855,(GAP_80417,(GAP_79804,P2590)91.77:1.9695050660836222)71.37:0.8057453502413247)83.06:1.312904180273161)92.72:2.1320411764425677)46.48:0.20189853116718023)70.41:0.756910366437951)45.58:0.19523646868944164,(((WPHN,P_011613)78.02:1.0205743159199123,(((P_011609,(P2619,Sdec)86.64:1.4177834293986906)79.46:1.127172051815012,(MAQO,(P_011527,((GAP_80298,WAIL)36.64:0.0470383190650409,(P_014077,(GAP_80297,P_014083)86.03:1.4890344990398134)37.95:0.06464091653977964)39.06:0.08485860733554892)76.2:1.0043893868091327)84.65:1.4226374492101612)66.69:0.669136198049203,((((GAP_79862,P_011587)79.77:1.1596681829276334,(P_014081,(P_008647,P0104A)92.65:2.096791724323687)86.78:1.5604606678834956)86.85:1.5671839034858042,((KRJP,(P_011549,GAP_80395)78.75:1.1185606385675984)89.43:1.7830439919942955,(((GAP_80394,GAP_80393)69.2:0.7552678418203359,(P_011657,(P_011643,(P_011509,P_011651)57.15:0.4317929533889183)38.82:0.0807094759358112)63.67:0.5929441412975235)37.65:0.06158019796557745,((P_011647,(P_011465,(P_011501,(P_011523,(P_011487,P_011489)37.2:0.055279817495789786)36.09:0.03788103859671523)60.2:0.5038472902437939)79.02:1.1234325725027634)43.49:0.15716822978350725,(P_011631,(P_011551,((P_011637,P_007844)55.39:0.3890445363270735,(P_007783,(P_006414,P_007843)45.89:0.2012137544711793)67.52:0.702218254968976)39.76:0.09172936111189245)36.48:0.03905632233308409)42.19:0.13408594365320214)67.82:0.710885175975269)93.26:2.191025086511367)81.54:1.2435233131619676)38.01:0.06364555843739228,((P_011589,(P_011531,(P_011699,(P_006411,Schi)63.24:0.5706981694115812)62.28:0.5447808984110241)30.25:0.0)70.62:0.33211120340416433,(VYLQ,((P_018635,P_008631)36.81:0.04790735275393577,((P_011709,(P_011579,(P_008632,P_011671)42.57:0.14255448604591633)76.85:0.814914903770238)62.29:0.3739487948161179,(((P_011713,(P_011705,Dhai)49.04:0.25274693564841766)59.75:0.48498998467774135,(WIGA,(P_006413,(Msal,Apet)37.04:0.05050053366603055)44.06:0.16593259931684437)36.27:0.03809845629833708)62.81:0.5644228360619907,(((P_016813,KAYP)38.88:0.0713338953337686,((GAP_80390,GAP_80389)84.82:1.4323252431679472,((P_008640,P_006412)77.15:1.0388883461472713,(P_008646,P_011679)53.94:0.35609753313013043)36.6:0.0424598020000737)42.63:0.1405668484638772)52.82:0.33060675082569896,((ABSS,BCGB)63.99:0.5912217903738994,(P_011719,(P_011607,(P_011701,((P_011537,(P_011673,(P_011739,P_011677)67.32:0.6886599534138496)38.35:0.06913283456555748)44.06:0.1645089699618042,(P_011759,((P_011735,P_011675)85.38:1.4730676190770873,(P_014073,(P_011715,(P_011745,(P_011611,P_011681)45.14:0.18535817406033225)51.92:0.3156273570313033)55.47:0.3175218705663467)47.58:0.1814644572848209)49.32:0.26422167782192907)37.39:0.05604897721211045)31.17:0.0)0.71:0.0)100:0.2876820724517809)10.48:0.0)41.8:0.1257558478212102)46.97:0.2160705420182954)85.64:1.4834296884932467)87.14:1.5930052325939894)62.66:0.5645278628342357)46.33:0.20857774162103332)85.52:1.4582567840500433)68.51:0.7171389916262081)60.66:0.5094715474248859)92.77:2.1042947318375176,((((P2623,P2622)50.22:0.27279267088374093,(P0110C,((P0207A,(P0110B,P0207C)41.42:0.12302790816585599)35.34:0.027023220879615957,((P0206H,P0206G)44.29:0.1740772194428633,(P0207B,XQWC)55.77:0.40172006211250005)41.64:0.12839089595682956)86.21:1.534664286630542)90.11:1.8389731345125735)60.75:0.5145545882977589,((GAP_80322,DHPO)97.78:3.174397733334106,((P_012795,P_012941)98.44:3.4358670771599793,((P_012861,((P_012855,(P_007802,P_012827)85.21:1.4620807672045808)68.92:0.748208119798842,((P_012921,P_012919)87.69:1.6457435327347596,(P_018637,P_012813)51.12:0.30386989758315214)80.53:1.2053062285021887)94.24:2.34653733601561)35.65:0.029662789853502118,(((P_012797,(P_012841,((P_012877,P_012913)69.04:0.751120580113759,(P_012811,(P_012891,P_012895)50.51:0.29102917983967674)73.81:0.9150069099732872)83.13:1.3374285022962882)52.34:0.32587015837654826)37.24:0.054262873262800326,((((P_012815,P_012903)82.9:1.3157693968590016,(P_012925,P_012883)89.71:1.8079872033115614)36.83:0.045503678152190745,(P_012857,(P_012875,(P_012901,((P_012851,P_012887)90.67:1.9028096403000445,(P_012831,P_012905)49.39:0.26695594934673234)35.62:0.02974432652529427)48.49:0.2484982863473609)64.15:0.6011159933030662)37.32:0.05428543006392264)61.41:0.5257669957236112,(P_018689,(P_012885,((P_012859,(P_006420,GAP_80294)89.95:1.8179771025270108)44.4:0.17095574482558826,((P_012907,(P_012873,P_012881)77.68:1.0571855736346585)35.64:0.026665824828520302,((P_012911,(P_012917,P_012821)83.98:1.3867777387000793)75.38:0.9609659949905486,((GAP_80291,(P_012897,(P_012893,GAP_80293)90.96:1.9184817274342019)35.06:0.01789285418538228)37.82:0.060018085930637975,((P_012863,P_006418)39.02:0.07911022355664829,(P_012889,(P_012793,(GAP_80292,P_006419)96.03:2.6695385511448073)40.84:0.10971624398106669)34.61:0.010834814486598896)40.21:0.09844606861052825)35.1:0.018139087505040535)38.96:0.07735902249052722)39.36:0.08514076623910068)33.82:3.4765897620087636E-4)74.5:0.9275719184765415)71.93:0.8310925817419484)91.58:1.9697591284473313)87.02:1.5765921198959707,((P_012867,((P_012847,P_012923)95.24:2.5218817355154264,(P_012817,P_012899)84.67:1.4363622492348003)62.31:0.5601006852567139)95.98:2.665315675533149,(P_012843,(((P_012937,(P_006421,P_012939)75.76:0.9926395940792215)97.06:2.939502664950389,((P_012829,P_012837)71.62:0.8332965807825792,(P_012853,P_012803)39.07:0.08417629797406828)41.17:0.11914882317218317)41.08:0.11672875175332567,(((P_012801,(P_012809,P_012879)98.77:3.6041384815872335)60.59:0.5134091602969845,(P_012839,(P_012805,(P_012825,(P_012799,YZRI)93.35:2.2175217661281352)40.08:0.1014736621455963)36.98:0.051380744141842634)61.87:0.5460362866555954)76.96:1.0339070729592659,((((P_012845,P_012807)55.02:0.3845503997920048,(P_012849,P_012871)78.33:1.1000380449915408)54.48:0.3729661444369275,(P_012865,(P_012931,(P_012933,P_012935)90.62:1.9028237554100635)84.35:1.4131853858568757)46.54:0.21428706114069207)91.24:1.9600200116788666,(P_012909,((P_012927,(PSJT,GAP_80295)51.64:0.3140714640745769)94.58:2.408829747024633,((P_012833,GAP_81172)88.85:1.7395315467256338,((P_012791,P_012915)47.98:0.24184189745359133,(P_012869,(P_012823,(P_012835,P_012819)40.36:0.10714905770025163)56.27:0.4138693616672563)92.6:2.1256832964160246)81.29:1.2411745737745792)35.68:0.03147913805518619)83.58:1.3651388218920337)35.58:0.029603398457325708)87.07:1.5872233392611697)91.67:1.9919314421483918)39.2:0.08598619787281805)76.73:1.0232324505342802)83.01:1.3211101975317892)52.93:0.33617970750189596)81.39:1.2396462700919175)96.63:2.7943489109195783)63.63:0.5921108511612903)61:0.52230538879954,((((P_016793,(P_016795,P_006422)54.91:0.37995365395385033)50.63:0.28998183968256225,(P_016797,(P_007845,(P_016799,(GAP_80397,OBPL)54.33:0.3697151315928544)50.03:0.25062806018887285)57.99:0.41302993915639974)78.98:1.126259764495983)38.16:0.06877335126269295,(P_018691,(P_018693,((P_016787,S02)91.94:2.0269111024613236,((P_016791,(S08,P_014095)80.9:1.1746053938321923)30.85:0.0,((P_014099,S03)92.48:2.0967801995005413,(S04,(S38,(P_016789,S27)43.65:0.140949175433566)67.08:0.5953734504555571)54.71:0.35522258002478435)34.1:0.005961293484526867)37.88:0.06419199640237279)49.76:0.27240804708369104)40.15:0.10053523931301146)36.76:0.04639057074048026)47.39:0.2273820836937395,((P_018695,(P_018783,P_018645)39.75:0.09560910828253964)48.15:0.24324228524096633,(P_018639,P_018779)57.57:0.4384725451429118)60.26:0.5041681969400941)96.41:2.7643161262739278)94.28:2.3186533927595163)69.5:0.759929920745261)92.63:2.0901126061478417)76.62:1.0189038890912445)75.88:0.9797808835110149));
Weight calculation took 107.327921815 secs
ASTRAL finished in 139.256 secs
