
================== ASTRAL ===================== 

This is ASTRAL version 5.7.7
Gene trees are treated as unrooted
327 trees read from all_bs10.trees
index223
All output trees will be *arbitrarily* rooted at P0109B

======== Running the main analysis
Number of taxa: 243 (243 species)
Taxa: [Apet, WAIL, MAQO, KRJP, VYLQ, WPHN, YZRI, DHPO, P_012941, P_012795, P_012855, P_012827, P_007802, P_018637, P_012813, P_012921, P_012919, P_012797, P_012857, P_012901, P_012851, P_012887, P_012831, P_012905, P_012875, P_012883, P_012925, P_012815, P_012903, P_012841, P_012877, P_012913, P_012895, P_012891, P_012811, P_018689, P_012907, P_012897, P_012863, GAP_80291, P_012889, P_006418, P_012793, P_012917, P_012821, P_012911, GAP_80292, P_006419, GAP_80293, P_012893, P_012881, P_012873, P_012885, P_012859, GAP_80294, P_006420, P_012861, P_012843, P_012853, P_012803, P_012839, P_012909, P_012807, P_012845, P_012849, P_012871, P_012931, P_012933, P_012935, P_012865, GAP_80295, P_012927, PSJT, P_012915, P_012791, P_012823, P_012819, P_012835, P_012869, GAP_81172, P_012833, P_012801, P_012879, P_012809, P_012799, P_012825, P_012805, P_012829, P_012837, P_012937, P_006421, P_012939, P_012899, P_012817, P_012847, P_012923, P_012867, P2590, GAP_79804, P_011699, P_011527, GAP_80298, GAP_80297, P_011657, P_011643, P_011509, P_011651, P_011647, P_011637, P_007783, P_011551, P_007843, P_006414, P_011489, P_011487, P_011523, P_011501, P_011465, GAP_80393, GAP_80394, P_006411, P_011549, GAP_80395, P_014081, P0104A, P_008647, GAP_79862, P_019189, P_019197, GAP_80322, P0110C, P0110B, P0207A, P0207B, P0206H, P0206G, P0207C, XQWC, P2623, P_018691, P_011701, P_018639, P_016799, GAP_80397, OBPL, P_016797, P_006422, P_016795, P_016793, P_018693, P_016789, S27, P_018779, P_014099, S03, P_016791, P_016787, P_018645, P_018783, P_018695, CSSK, P_019185, P2589, OPDF, PAWA, Asie, QDVW, P_016909, P_018831, WZFE, GAP_81227, P_016921, Pcol, P_006410, GAP_81226, WKSU, SJEV, Wsal, P_019187, P_019193, P_008632, P_011671, P_011673, P_011735, P_011715, P_006413, P_011713, P_016813, WIGA, P_008646, GAP_80389, GAP_80390, P_006412, P_008640, P_011745, P_011739, P_011679, BCGB, ABSS, Dhai, KAYP, P_011705, P_011681, P_011537, P_011759, P_011675, P_008631, P_018635, P_011677, Schi, P_011531, P_011587, P_011631, P_014077, P_014083, P2619, P_019191, P2622, S08, S38, S02, P0203H, OSHQ, P0109B, GAP_80417, P_025525, P_011579, Msal, S04, P_007844, P_025527, P_011609, P_014095, P_011611, P_011709, P_011613, Sdec, P_025523, P_014073, P_007845, P_019199, P_011719, P_011607]
Taxon occupancy: {P_019193=209, P_019191=46, P_019197=248, OPDF=307, GAP_81172=302, P_018783=306, P_019199=18, Wsal=207, P_016921=308, WKSU=325, P_025523=14, P_025525=40, P_025527=20, P_014073=8, P0203H=136, P_014077=106, QDVW=316, P_011487=304, P_011489=308, P_016813=264, P_006421=297, P_006422=301, P_006420=120, P_006418=287, P_006419=286, P_006414=299, P_014081=132, P_014083=145, P_018689=296, P0206H=256, P0206G=238, Msal=272, P0109B=93, P_012901=293, P_006410=290, P_006411=279, P_012903=300, P_006412=302, P_006413=288, P_012905=306, P_012907=302, GAP_79862=277, PAWA=306, ABSS=321, P_012909=295, P_018691=110, GAP_80291=308, P_018695=297, P_014095=50, GAP_80293=298, GAP_80292=284, P_018693=290, GAP_80295=292, GAP_80294=282, P_014099=290, GAP_80297=295, GAP_80298=292, P_012911=302, P_011701=11, P_012913=241, P_012915=301, P_011705=101, P_012917=271, P_012919=248, P_011709=9, P_012881=296, P_011671=134, P_011551=100, MAQO=319, P_012883=297, P_011673=166, P_012885=286, GAP_80322=305, P_011675=251, P2590=226, P_012887=294, P_011677=165, P_012889=290, P_011679=179, P_008647=257, PSJT=311, P2589=227, P_012891=282, P_011681=131, P_012893=301, P_018637=277, P_012895=286, P_018635=228, P_012897=290, P0207C=270, P_012899=287, P0207B=281, P0207A=284, P_018639=212, P_008646=309, P_008640=309, BCGB=319, WZFE=318, P_018645=300, KRJP=316, KAYP=189, P_011699=57, P_011579=163, CSSK=307, P_008632=300, P_007783=257, P_016909=310, P_008631=51, P_019187=288, P_019185=269, Sdec=16, P_019189=238, P_012791=293, P_012793=290, P_012795=298, Asie=243, P_011465=308, P_018779=146, P_012797=297, P_011587=142, P_012799=298, GAP_80417=104, WIGA=308, P_007802=180, GAP_79804=194, P_012841=290, P_011631=159, P_012843=307, Pcol=214, P_012845=295, P_012847=286, P_011637=291, P_011759=215, P_012849=278, Apet=137, OBPL=320, P0110C=245, P0110B=166, P_018831=286, YZRI=319, P_012851=295, P_012853=294, P_011643=306, P_011523=310, P_012855=264, P_012857=293, P_011647=230, P_011527=149, P_012859=280, WAIL=322, P_016789=301, P_012861=287, P_011651=225, P_016787=299, P_011531=177, P_012863=301, P_012865=285, Schi=201, P_012867=295, P_011657=220, P_011537=160, P_012869=287, P_016793=297, P_016791=308, P_016797=309, SJEV=316, P_016795=291, P_012871=277, P_012873=295, P_016799=303, P_012875=292, P_012877=289, P_012879=293, P_011549=239, P_007844=122, P_007845=7, S02=178, P_012921=224, S04=31, P_012801=297, S03=262, P_012923=279, P_011713=118, P_012803=298, P_012925=293, P_011715=204, S08=120, P_012805=287, P_007843=210, P_012927=291, P_012807=291, P_011719=3, P_012809=289, VYLQ=319, DHPO=321, GAP_80390=267, P2622=168, P2623=55, GAP_80394=308, XQWC=323, GAP_80393=317, GAP_80395=309, GAP_80397=309, P_012931=290, P_012811=296, WPHN=315, P_012933=267, P_012813=274, P_012935=279, P_012815=289, P_012937=302, P_012817=294, P_011607=3, P_012939=278, P_012819=288, P_011609=107, P2619=114, OSHQ=314, GAP_80389=275, P_012941=303, P_012821=299, P_011611=40, P_012823=296, P_011613=21, P_011735=294, P_012825=292, S27=161, P_012827=224, P_011739=205, P_012829=190, Dhai=299, P0104A=207, P_012831=283, P_011501=312, P_012833=289, GAP_81226=304, GAP_81227=314, P_011745=223, P_012835=295, S38=33, P_012837=300, P_012839=281, P_011509=307}
Number of gene trees: 327
327 trees have missing taxa
Calculating quartet distance matrix (for completion of X)
Species tree distances calculated ...
Will attempt to complete bipartitions from X before adding using a distance matrix.
Building set of clusters (X) from gene trees 
------------------------------
gradient0: 34267
Number of Clusters after addition by distance: 34267
calculating extra bipartitions to be added at level 1 ...
Adding to X using resolutions of greedy consensus ...
Limit for sigma of degrees:6125
polytomy size limit : 21
discarded polytomies:  [3, 3, 3, 3, 3, 3, 3, 3, 3, 3, 3, 3, 4, 4, 4, 4, 4, 4, 4, 4, 4, 4, 4, 4, 4, 4, 5, 5, 6, 6, 6, 6, 7, 9, 11, 11, 12, 13, 14, 21]
Threshold 0.0:
Threshold 0.01:
Threshold 0.02:
Threshold 0.05:
polytomy of size 7; rounds with additions with at least 5 support: 1; clusters: 34273
polytomy of size 3; rounds with additions with at least 5 support: 0; clusters: 34273
Threshold 0.1:
polytomy of size 4; rounds with additions with at least 5 support: 0; clusters: 34273
polytomy of size 4; rounds with additions with at least 5 support: 0; clusters: 34273
polytomy of size 9; rounds with additions with at least 5 support: 0; clusters: 34273
polytomy of size 3; rounds with additions with at least 5 support: 0; clusters: 34273
polytomy of size 3; rounds with additions with at least 5 support: 0; clusters: 34273
polytomy of size 4; rounds with additions with at least 5 support: 0; clusters: 34273
Threshold 0.2:
polytomy of size 3; rounds with additions with at least 5 support: 0; clusters: 34273
polytomy of size 4; rounds with additions with at least 5 support: 0; clusters: 34273
polytomy of size 5; rounds with additions with at least 5 support: 0; clusters: 34273
polytomy of size 6; rounds with additions with at least 5 support: 0; clusters: 34273
polytomy of size 12; rounds with additions with at least 5 support: 0; clusters: 34273
polytomy of size 4; rounds with additions with at least 5 support: 0; clusters: 34273
polytomy of size 4; rounds with additions with at least 5 support: 0; clusters: 34273
polytomy of size 4; rounds with additions with at least 5 support: 0; clusters: 34273
polytomy of size 4; rounds with additions with at least 5 support: 0; clusters: 34273
polytomy of size 6; rounds with additions with at least 5 support: 0; clusters: 34275
polytomy of size 11; rounds with additions with at least 5 support: 0; clusters: 34277
Threshold 0.3333333333333333:
polytomy of size 3; rounds with additions with at least 5 support: 0; clusters: 34277
polytomy of size 3; rounds with additions with at least 5 support: 0; clusters: 34277
polytomy of size 11; rounds with additions with at least 5 support: 0; clusters: 34281
polytomy of size 6; rounds with additions with at least 5 support: 0; clusters: 34281
polytomy of size 14; rounds with additions with at least 5 support: 0; clusters: 34281
polytomy of size 4; rounds with additions with at least 5 support: 0; clusters: 34281
polytomy of size 4; rounds with additions with at least 5 support: 0; clusters: 34281
polytomy of size 3; rounds with additions with at least 5 support: 0; clusters: 34281
polytomy of size 3; rounds with additions with at least 5 support: 0; clusters: 34281
polytomy of size 3; rounds with additions with at least 5 support: 0; clusters: 34281
polytomy of size 4; rounds with additions with at least 5 support: 0; clusters: 34281
polytomy of size 6; rounds with additions with at least 5 support: 0; clusters: 34281
polytomy of size 3; rounds with additions with at least 5 support: 0; clusters: 34281
polytomy of size 4; rounds with additions with at least 5 support: 0; clusters: 34281
polytomy of size 4; rounds with additions with at least 5 support: 0; clusters: 34281
polytomy of size 3; rounds with additions with at least 5 support: 0; clusters: 34281
polytomy of size 4; rounds with additions with at least 5 support: 0; clusters: 34281
polytomy of size 5; rounds with additions with at least 5 support: 0; clusters: 34281
polytomy of size 3; rounds with additions with at least 5 support: 0; clusters: 34281
polytomy of size 13; rounds with additions with at least 5 support: 0; clusters: 34295
polytomy of size 21; rounds with additions with at least 5 support: 0; clusters: 34329
max k is :2
Number of Clusters after addition by greedy: 34329
gradient0 in heuristiic: 34329
partitions formed in 24.447 secs
Dynamic Programming starting after 24.447 secs
Using tree-based weight calculation.
Using polytree-based weight calculation.
Polytree max score: 16154931638
Polytree building time: 0.254 seconds.
Number of quartet trees in the gene trees: 16154931638
Size of largest cluster: 243
Greedy score: 14585864459
estimationFactor: 1.1075745070448553
Sub-optimal score: 15096745788
Calculated 100000 weights; time (seconds): 191
Total Number of elements weighted: 115144
Normalized score (portion of input quartet trees satisfied before correcting for multiple individuals): 0.9445376995039438
Optimization score: 15258941965
Optimal tree inferred in 226.151 secs.
(P_016789,(S27,(S04,(S38,(((P_014099,S03),(P_016791,(P_016787,S02))),((S08,P_014095),(P_018693,((P_016793,(P_006422,P_016795)),((P_016797,(P_007845,(OBPL,(P_016799,GAP_80397)))),(P_018691,(((P_018639,P_018779),(P_018695,(P_018645,P_018783))),((((P2623,P2622),(P0110C,(XQWC,(P0207A,(P0110B,(P0207C,(P0207B,(P0206H,P0206G)))))))),((DHPO,GAP_80322),((P_012941,P_012795),((P_012861,((P_012855,(P_012827,P_007802)),((P_018637,P_012813),(P_012921,P_012919)))),(((P_012797,(P_012841,((P_012877,P_012913),(P_012811,(P_012895,P_012891))))),((((P_012883,P_012925),(P_012857,(P_012815,P_012903))),(P_012875,((P_012831,P_012905),(P_012901,(P_012851,P_012887))))),(P_018689,((P_012885,(GAP_80294,P_006420)),(P_012859,(((P_012907,GAP_80291),(P_012881,P_012873)),((P_012897,(GAP_80293,P_012893)),((P_012911,(P_012917,P_012821)),(P_012889,((P_012863,P_006418),(P_012793,(GAP_80292,P_006419)))))))))))),((P_012867,((P_012899,P_012817),(P_012847,P_012923))),(P_012843,(((P_012937,(P_006421,P_012939)),(P_012803,(P_012853,(P_012829,P_012837)))),(((P_012801,(P_012879,P_012809)),(P_012839,(P_012805,(P_012825,(YZRI,P_012799))))),((P_012909,((P_012865,(P_012931,(P_012933,P_012935))),((P_012807,P_012845),(P_012849,P_012871)))),((GAP_81172,P_012833),((PSJT,(GAP_80295,P_012927)),((P_012915,P_012791),(P_012869,(P_012823,(P_012819,P_012835)))))))))))))))),(((P0203H,((P_016909,WZFE),(P0109B,(P_018831,OSHQ)))),(((SJEV,(P_019193,(Wsal,P_019187))),(P_016921,(WKSU,(GAP_81227,(Pcol,(P_006410,GAP_81226)))))),(((P_025527,(P_025525,P_025523)),(P_019189,((P_019197,PAWA),(Asie,QDVW)))),(((P2589,OPDF),(CSSK,P_019185)),((P_019191,P_019199),(GAP_80417,(P2590,GAP_79804))))))),(WPHN,(P_011613,(((P_011609,(P2619,Sdec)),(MAQO,(WAIL,(P_011527,((GAP_80298,P_014077),(GAP_80297,P_014083)))))),(((GAP_79862,P_011587),(P_014081,(P0104A,P_008647))),(((KRJP,(P_011549,GAP_80395)),((P_011643,(P_011657,(P_011509,P_011651))),((GAP_80393,GAP_80394),((P_011647,(P_011465,(P_011501,(P_011523,(P_011489,P_011487))))),((P_011637,P_011551),((P_011631,P_007844),(P_007843,(P_007783,P_006414)))))))),((P_011531,(P_011699,(P_006411,Schi))),(VYLQ,(P_018635,(P_008631,(P_011709,((P_011579,(P_008632,P_011671)),(P_011713,((P_011705,((KAYP,(BCGB,ABSS)),(WIGA,(Dhai,(Apet,Msal))))),(P_006413,((P_016813,(P_011679,((GAP_80389,GAP_80390),(P_008646,(P_006412,P_008640))))),((P_011673,((P_011537,P_011607),(P_011701,(P_011739,P_011677)))),(P_011759,((P_011681,P_011719),((P_011735,P_011675),(P_011715,(P_011745,(P_011611,P_014073)))))))))))))))))))))))))))))))))));
Final quartet score is: 15258941965
Final normalized quartet score is: 0.9445376995039438
You may want to ignore posterior probabilities and other statistics related to the following branch branch because the effective number of genes impacting it is only 2:
	{P_025525, P_025523}
You may want to ignore posterior probabilities and other statistics related to the following branch branch because the effective number of genes impacting it is only 11:
	{P_025525, P_025527, P_025523}
You may want to ignore posterior probabilities and other statistics related to the following branch branch because the effective number of genes impacting it is only 12:
	{P_019191, P_019199}
You may want to ignore posterior probabilities and other statistics related to the following branch branch because the effective number of genes impacting it is only 9:
	{P2619, Sdec}
You may want to ignore posterior probabilities and other statistics related to the following branch branch because the effective number of genes impacting it is only 3:
	{P_011537, P_011607}
You may want to ignore posterior probabilities and other statistics related to the following branch branch because the effective number of genes impacting it is only 5:
	{P_011739, P_011677}
You may want to ignore posterior probabilities and other statistics related to the following branch branch because the effective number of genes impacting it is only 7:
	{P_011701, P_011739, P_011677}
You may want to ignore posterior probabilities and other statistics related to the following branch branch because the effective number of genes impacting it is only 1:
	{P_011681, P_011719}
You may want to ignore posterior probabilities and other statistics related to the following branch branch because the effective number of genes impacting it is only 2:
	{P_011611, P_014073}
You may want to ignore posterior probabilities and other statistics related to the following branch branch because the effective number of genes impacting it is only 9:
	{Apet, P_011701, P_008632, P_011671, P_011673, P_011735, P_011715, P_006413, P_011713, P_016813, WIGA, P_008646, GAP_80389, GAP_80390, P_006412, P_008640, P_011745, P_011739, P_011679, BCGB, ABSS, Dhai, KAYP, P_011705, P_011681, P_011537, P_011759, P_011675, P_011677, P_011579, Msal, P_011611, P_014073, P_011719, P_011607}
You may want to ignore posterior probabilities and other statistics related to the following branch branch because the effective number of genes impacting it is only 2:
	{Apet, P_011701, P_008632, P_011671, P_011673, P_011735, P_011715, P_006413, P_011713, P_016813, WIGA, P_008646, GAP_80389, GAP_80390, P_006412, P_008640, P_011745, P_011739, P_011679, BCGB, ABSS, Dhai, KAYP, P_011705, P_011681, P_011537, P_011759, P_011675, P_011677, P_011579, Msal, P_011611, P_011709, P_014073, P_011719, P_011607}
You may want to ignore posterior probabilities and other statistics related to the following branch branch because the effective number of genes impacting it is only 18:
	{Apet, WAIL, MAQO, KRJP, VYLQ, P_011699, P_011527, GAP_80298, GAP_80297, P_011657, P_011643, P_011509, P_011651, P_011647, P_011637, P_007783, P_011551, P_007843, P_006414, P_011489, P_011487, P_011523, P_011501, P_011465, GAP_80393, GAP_80394, P_006411, P_011549, GAP_80395, P_014081, P0104A, P_008647, GAP_79862, P_011701, P_008632, P_011671, P_011673, P_011735, P_011715, P_006413, P_011713, P_016813, WIGA, P_008646, GAP_80389, GAP_80390, P_006412, P_008640, P_011745, P_011739, P_011679, BCGB, ABSS, Dhai, KAYP, P_011705, P_011681, P_011537, P_011759, P_011675, P_008631, P_018635, P_011677, Schi, P_011531, P_011587, P_011631, P_014077, P_014083, P2619, P_011579, Msal, P_007844, P_011609, P_011611, P_011709, P_011613, Sdec, P_014073, P_011719, P_011607}
You may want to ignore posterior probabilities and other statistics related to the following branch branch because the effective number of genes impacting it is only 7:
	{P_016799, GAP_80397, OBPL}
You may want to ignore posterior probabilities and other statistics related to the following branch branch because the effective number of genes impacting it is only 7:
	{P_016799, GAP_80397, OBPL, P_007845}
You may want to ignore posterior probabilities and other statistics related to the following branch branch because the effective number of genes impacting it is only 10:
	{P_016789, S27, S04}
61.997580029237845 21.999456488263583 2.019817415082836 86.01685393258427 7.449367319696176E-15
249.96386722429503 29.938807246539856 18.789141949179207 298.6918164200141 7.298525481563275E-75
117.01541100580627 31.98410932311105 25.988918977441067 174.9884393063584 5.024030441034377E-20
156.9859895411406 21.517299159822525 25.999618275781067 204.5029069767442 1.879107034109988E-38
256.0698156979135 18.227745502358935 12.765632988283603 287.063194188556 2.553296524220086E-88
160.9874623920348 22.98186352379343 24.024138136459396 207.9934640522876 3.3930887349890687E-40
152.8958131911424 36.95120982396795 19.141081158387234 208.9881041734976 1.2990948106349439E-33
142.86391202029526 118.64540590394887 38.51537493618542 300.0246928604295 1.1156485193284878E-13
146.19514582972826 126.61254496774465 31.451038705076343 304.2587295025493 7.356818985150954E-17
284.926813599195 8.162123169586344 8.5347934138741 301.62373018265544 7.199221005364612E-111
271.32364071031157 13.392599874052687 22.849233278698073 307.5654738630623 2.3832974262244792E-91
2.0 0.0 0.0 2.0 0.1353352832366126
Not enough genes
Cannot perform polytomy test with effective N (after polytomies) 2.0:
	(P_025525,P_025523):0.6931471805599453;
7.7559127641710575 0.07027123109141925 2.165522437937908 9.991706433200385 0.008742910673477527
Not enough genes
Cannot perform polytomy test with effective N (after polytomies) 9.991706433200385:
	(P_025527,(P_025525,P_025523):0.6931471805599453):0.8174016836531708;
147.72976145208267 69.4059213818956 17.278783925782097 234.41446675976036 1.087032320550828E-24
229.48453608247422 0.004784688995215311 2.5106792285305577 232.0 3.058927377144409E-98
94.60671810222732 46.041905490626974 84.33470975829046 224.98333335114472 1.6087932643979157E-4
22.096208530490983 11.5467725252146 10.33280212754095 43.975783183246534 0.0575294335169629
16.5811709000088 20.185811494318163 13.684926520548293 50.451908914875254 0.5322025931448708
152.48935832290897 29.552315316949773 34.95832636014126 217.0 1.0569813564192751E-29
92.98328749233734 91.50566613548004 71.51104637218263 256.0 0.18533387807856588
203.79536430698897 21.859243743858492 16.87514124293785 242.5297492937853 1.1447513953378574E-61
8.988950276243095 1.3333333333333333 1.6777163904235728 12.0 0.009332828561298715
Not enough genes
Cannot perform polytomy test with effective N (after polytomies) 12.0:
	(P_019191,P_019199):0.7704312657944021;
82.00975609756097 5.0 1.9902439024390244 89.0 7.68460790744052E-31
26.970873786407765 3.0 7.029126213592233 37.0 1.5797523057712593E-6
35.42975128021277 11.818798136472244 1.7358661677305744 48.98441558441559 1.1100907998034276E-8
206.63870711294354 8.906987219033535 22.232583100064595 237.77827743204168 1.1947245426380398E-67
250.9064255009602 21.842415842129107 26.435113463515492 299.18395480660485 2.1416173070635552E-75
127.71108669919893 102.4413767463862 56.450589223451324 286.60305266903646 1.1646445056571127E-6
9.0 0.0 0.0 9.0 1.2340980408667962E-4
Not enough genes
Cannot perform polytomy test with effective N (after polytomies) 9.0:
	(P2619,Sdec):1.8971199848858815;
55.78207078137009 2.606216233100928 2.337100187661956 60.72538720213297 4.723436922725323E-21
39.06601572902353 28.499607468332183 32.9319513464805 100.49757454383622 0.4315269706575634
134.490007415619 2.2602468370100484 6.245301913762726 142.99555616639176 2.8120152183542444E-52
70.66892636830835 37.99141168926061 35.58726959793343 144.2476076555024 3.397211159637279E-4
80.14876033766998 45.98605689721294 20.000670186500667 146.13548742138357 7.702536822752313E-9
183.36789596101525 10.70431897043752 104.58788718692192 298.6601021183747 2.5299602217162445E-33
123.67210588279549 9.448269945316207 13.190589845456255 146.31096567356795 3.1596159796046663E-38
53.82563878713254 54.192790793944965 21.10726130687796 129.12569088795544 2.2840594163790184E-4
103.66430037517587 6.838104935388031 12.031371594707846 122.53377690527175 2.869897282606449E-32
108.0 0.0 3.0 111.0 3.947513714985457E-45
114.5177751294401 5.052551973363651 2.0065789473684212 121.57690605017217 9.368585843823869E-45
181.2255202858307 21.907386808214888 27.01570940310026 230.14861649714584 3.8879414209911117E-47
197.95103480823704 17.271530007251446 15.147761232985761 230.37032604847425 5.315507126249694E-63
172.4722323546133 105.0643070515943 13.149802898051279 290.6863423042589 2.1514025894137563E-29
136.05301541956305 24.109943887132346 20.815691356103702 180.9786506627991 1.0417876484289808E-31
82.56152143445857 69.14044011701944 53.37217122549571 205.07413277697373 0.0440368267084536
234.94750684133297 27.365601787839363 22.203951613177647 284.51706024235 3.5457491367266494E-68
197.93227996783546 41.995591371864215 48.696001093013585 288.62387243271326 8.23721573125325E-36
103.91696026137534 91.14374317691477 76.93273680268209 271.9934402409722 0.13402748307417933
105.66981254978302 95.1606482860752 80.09107499214426 280.92153582800245 0.171140063990058
190.33695337627648 53.907816798167936 39.396484250290776 283.6412544247352 1.4037855320336608E-32
172.0394216883575 18.937352588987167 17.860532618254936 208.83730689559957 8.106121202347174E-50
80.0878444054985 60.48677408099639 54.36420845319209 194.93882693968698 0.06211280872982727
38.49398760315387 21.723932106762888 27.43512875151611 87.65304846143286 0.0830810144943012
37.34880332828843 25.955369177500213 17.297979229772714 80.60215173556136 0.02318744101101149
64.82805543908589 60.05996578003333 56.133065104816495 181.02108632393572 0.7303639936435747
76.8519223986834 25.521976349501536 51.636245667265314 154.01014441545024 2.6735449065489442E-6
63.43104205177909 50.746268293473236 57.72780438990947 171.9051147351618 0.49441616418110923
122.23207128519996 61.233183767451614 72.8984160893101 256.3636711419617 4.694145600503669E-6
229.20079308985223 22.998899348352214 41.108238043388674 293.30793048159313 1.219756426814367E-58
106.56057969282362 82.34033879941421 103.19019613995339 292.09111463219125 0.1707143405835646
286.73861756859463 9.018639882605637 10.512365556395777 306.269623007596 1.6443079817752775E-109
242.96730614783516 29.617993158679617 20.473978591715444 293.0592778982302 3.392100567018671E-71
34.054015837104075 3.0048076923076925 6.9411764705882355 44.0 3.4506303579753816E-9
22.970443349753694 16.529556650246306 3.5 43.0 0.0010441372547794472
153.97676575627668 6.902487088364123 6.209394696833143 167.08864754147393 3.244995280682458E-57
36.91410424452583 30.0520425119435 22.003084012761434 88.96923076923076 0.1528580310266461
139.44110923860464 9.834850131303435 9.638074934640382 158.91403430454844 1.0561237542988112E-46
92.29559012252143 35.75595915773898 25.231250573094353 153.28279985335476 8.768237657644541E-12
71.82650138417226 42.8107513178654 40.90546961645276 155.54272231849043 0.003053372108684124
38.674451338440406 38.09174201762391 27.19402632779284 103.96021968385716 0.2991796152519418
100.98804803170103 73.33448859585909 59.82092677593404 234.14346340349414 0.0035458247876486958
141.95103797135616 51.78899307770866 65.35043883611779 259.0904698851826 1.3029068756010299E-12
41.684548350075545 36.39310756486002 8.472502732651364 86.55015864758693 1.608654430368341E-5
30.30289085221526 22.895028804541884 25.860995241916502 79.05891489867365 0.5900907935682826
202.47455399045526 13.822480102886312 13.31578563144457 229.61281972478616 3.190020012969748E-68
194.4109268081349 32.80598594800287 26.15931457984255 253.3762273359803 2.0859233407140256E-47
109.98497129013444 53.46811799088554 63.60139151395488 227.05448079497484 6.158206744500681E-6
53.22375673387042 49.16147408763051 30.25424595843262 132.63947677993355 0.03341916992164892
49.74445254831853 48.733257772730944 20.235138887960822 118.7128492090103 8.312355212126704E-4
113.11172326577994 34.6266736725745 43.001605757951765 190.7400026963062 2.0487088433523169E-13
1.0 1.0 1.0 3.0 1.0
Not enough genes
Cannot perform polytomy test with effective N (after polytomies) 3.0:
	(P_011537,P_011607):0.0;
3.0068027210884356 0.04215625644197073 0.07575757575757576 3.124716553287982 0.06196053649507104
Not enough genes
Cannot perform polytomy test with effective N (after polytomies) 3.124716553287982:
	(P_011739,P_011677):0.900067896367268;
3.0710659898477157 2.452902379225802 0.017766497461928935 5.541734866535447 0.2439900520174445
Not enough genes
Cannot perform polytomy test with effective N (after polytomies) 5.541734866535447:
	(P_011701,(P_011739,P_011677):0.900067896367268):0.22838995706015475;
37.50212751376271 28.925934890263754 17.72232226204453 84.15038466607099 0.02997214857038084
43.213304106055254 46.52473569269487 31.88252850955146 121.62056830830159 0.2335631282580009
0.9949748743718593 0.005025125628140704 0.0 1.0 0.373439085486007
Not enough genes
Cannot perform polytomy test with effective N (after polytomies) 1.0:
	(P_011681,P_011719):0.28266953062823674;
180.04962890618145 17.47905741513264 19.094535886922056 216.62322220823614 3.42806748665975E-53
2.0 0.0 0.0 2.0 0.1353352832366126
Not enough genes
Cannot perform polytomy test with effective N (after polytomies) 2.0:
	(P_011611,P_014073):0.6931471805599453;
12.986022923889166 6.9719430517855905 5.10689743583046 25.064863411505215 0.13142770928419806
73.49630438321041 38.857496817832605 34.04071243665841 146.39451363770144 7.528863222571324E-5
49.937624227235034 50.10312275000208 13.101464538853893 113.14221151609101 5.8620037535814774E-6
38.776837420713555 38.78747659091785 13.906133286902952 91.47044729853437 0.0011532071088182789
69.96623356613664 49.76229802962158 41.26503491666211 160.99356651242033 0.01741623940423634
172.26280179388192 23.49408120083972 22.75259299029445 218.5094759850161 6.18515546507511E-45
87.73085822354038 55.95541791110781 72.25805157494642 215.9443277095946 0.029970864866823304
121.32898346771827 45.63374851046606 68.05575747231633 235.01848945050068 4.160927435981209E-9
32.26546058435343 32.06570156756944 26.10836952611935 90.43953167804221 0.6663006660634507
70.75485645394917 18.93124538410626 13.258178764443084 102.94428060249852 1.966648873213409E-13
6.970770487682252 0.04040849673202614 0.11455605832076421 7.125735042735043 0.0012696644443667261
Not enough genes
Cannot perform polytomy test with effective N (after polytomies) 7.125735042735043:
	((P_011579,(P_008632,P_011671):0.12267112731929494):1.650067992416207,(P_011713,((P_011705,((KAYP,(BCGB,ABSS):0.506394103837563):0.20855675691595268,(WIGA,(Dhai,(Apet,Msal):0.05414109138351235):0.15573175824427246):0.38369887019677495):0.2410311574402084):0.07016614912782128,(P_006413,((P_016813,(P_011679,((GAP_80389,GAP_80390):1.698144671213457,(P_008646,(P_006412,P_008640):1.0395832025930327):0.2528459285210719):0.10247091419328187):0.13158717997177535):0.48594376968399433,((P_011673,((P_011537,P_011607):0.0,(P_011701,(P_011739,P_011677):0.900067896367268):0.22838995706015475):0.17510776309725515):0.029039816165419882,(P_011759,((P_011681,P_011719):0.28266953062823674,((P_011735,P_011675):1.3509986230192603,(P_011715,(P_011745,(P_011611,P_014073):0.6931471805599453):0.2841273754314522):0.28495905439227764):0.16990537104150596):0.13812999895281952):0.16000588328273985):1.130548030276579):0.11270981928036465):0.316216510023892):0.029729332071273817):0.7361586085909739):1.5455014275770416;
1.0 0.9940828402366864 0.005917159763313609 2.0 0.6119058920068069
Not enough genes
Cannot perform polytomy test with effective N (after polytomies) 2.0:
	(P_011709,((P_011579,(P_008632,P_011671):0.12267112731929494):1.650067992416207,(P_011713,((P_011705,((KAYP,(BCGB,ABSS):0.506394103837563):0.20855675691595268,(WIGA,(Dhai,(Apet,Msal):0.05414109138351235):0.15573175824427246):0.38369887019677495):0.2410311574402084):0.07016614912782128,(P_006413,((P_016813,(P_011679,((GAP_80389,GAP_80390):1.698144671213457,(P_008646,(P_006412,P_008640):1.0395832025930327):0.2528459285210719):0.10247091419328187):0.13158717997177535):0.48594376968399433,((P_011673,((P_011537,P_011607):0.0,(P_011701,(P_011739,P_011677):0.900067896367268):0.22838995706015475):0.17510776309725515):0.029039816165419882,(P_011759,((P_011681,P_011719):0.28266953062823674,((P_011735,P_011675):1.3509986230192603,(P_011715,(P_011745,(P_011611,P_014073):0.6931471805599453):0.2841273754314522):0.28495905439227764):0.16990537104150596):0.13812999895281952):0.16000588328273985):1.130548030276579):0.11270981928036465):0.316216510023892):0.029729332071273817):0.7361586085909739):1.5455014275770416):0.0;
17.43745918806751 13.720584628197468 12.85300590749193 44.01104972375691 0.6674610982466115
125.96925587608146 52.96198789104552 25.407479586779523 204.3387233539065 6.059430939327953E-18
130.64339717578645 96.51911565854013 33.363102683334404 260.525615517661 6.563093253665707E-13
182.40701716943386 33.623876394852964 38.53917219717772 254.57006576146455 2.765909910863185E-37
134.60129249833693 46.77814932405816 63.65912408427079 245.0385659066659 2.8349283191539925E-12
104.00268502409253 118.411208709091 26.03814140587895 248.45203513906247 1.1176540609614565E-13
13.797149412185254 3.350155367324003 1.23121085054133 18.378515630050586 6.191122446212893E-4
5.903576570638521 4.973570004179695 5.044813520909204 15.921960095727421 0.9507735190925745
257.18042361071196 14.352495592708706 11.232257318773627 282.7651765221943 1.8085239265373205E-92
23.325554115061525 21.9860758044102 2.565147331713112 47.87677725118484 2.1202416226984616E-4
107.91098595997806 43.0271064903708 67.09321849573115 218.03131094608 3.723820037602233E-7
107.8406553959749 81.60326373548214 51.573656305754014 241.01757543721106 5.1867495071883184E-5
60.57615061565985 44.60331409623654 56.81562483531369 161.99508954721009 0.2748749182538441
59.70022858093533 57.314144072688904 44.22360297882648 161.2379756324507 0.27476963063754456
154.084600036285 75.83455436912722 42.469913568369876 272.38906797378206 1.995048781899892E-16
137.14185453112353 97.63526262098488 5.222882847891633 240.00000000000006 1.3044830687900405E-25
140.46168177145893 2.1156970535233977 12.108263442376177 154.6856422673585 7.323279303892406E-51
97.16554768517386 25.235207638977617 42.253678667076336 164.65443399122782 6.57591313374318E-12
273.0942608794536 17.48872036527688 6.540181824064737 297.12316306879524 1.7282953744391681E-100
288.9046234772979 0.15891472868217055 1.4126522702104096 290.4761904761905 7.67875676621704E-125
136.03304593357336 2.984375 7.9825790664266165 147.0 3.913032761123142E-51
181.4804484035737 13.833333333333332 22.18621826309295 217.49999999999997 3.4425007233403335E-54
159.01510075630677 43.48982640779048 32.48994974874372 234.99487691284097 5.793634232671856E-28
203.99494949494948 3.005050505050505 4.0 211.0 1.8274644122519968E-83
232.82165234514855 7.249999999999999 7.9283476548514145 247.99999999999997 1.4529024020725257E-89
248.21365941167258 5.875012616970104 3.815302522736286 257.90397455137895 1.8110802558896127E-100
114.52210665067861 54.66902157813447 86.63889535244468 255.83002358125776 2.7029495373065852E-5
203.1859443011255 16.878502632721315 10.978518039198374 231.04296497304517 4.19426057059938E-68
143.92618539552927 57.66692575881886 56.01800316769558 257.6111143220437 1.628433770531235E-13
246.98456987492662 14.259503210696696 15.30853803191497 276.5526111175383 2.1282696463075357E-85
243.81776183268585 8.901012800652941 17.490852161283392 270.2096267946222 2.673979232043923E-86
141.91985222645826 60.97063208673166 59.59604606559397 262.48653037878387 9.35275349700472E-12
97.5054737829594 90.97503395203141 82.62792905890207 271.10843679389285 0.5404427451054885
272.1299372109897 3.4990420194211045 5.674159825490906 281.3031390559017 3.0579474630613625E-111
214.23086426717256 23.378933754302718 18.590474856700467 256.2002728781757 4.650840790167378E-64
80.4223993017659 70.19944111070264 78.51799881683795 229.1398392293065 0.6791210549684072
93.5993803522608 72.7393231241104 69.88864746244624 236.22735093881744 0.11905414105374953
144.8719312863255 54.1086102515652 61.52274895968944 260.5032904975801 1.9787530604599136E-13
264.86183183099797 2.8921553388049293 5.250758818421071 273.00474598822393 6.321848859220699E-109
93.53888639065023 85.06054447089406 81.40735090667265 260.00678176821697 0.6395977842878267
121.9200524371733 67.55665492314002 69.26746664175394 258.7441740020672 1.5512354353021667E-5
175.13983685562837 34.9914424334293 39.032414181243844 249.1636934703015 5.287303880030664E-34
166.0387435299543 35.11348174877187 49.87071230563422 251.0229375843604 2.0397780927072594E-27
104.07962130550781 2.0860686209908046 7.6247826433468004 113.79047256984542 2.1673270710087658E-38
63.32351158592222 59.895781537058035 60.06550572656095 183.2847988495412 0.9407411228820844
73.45797822707596 63.78934894266376 54.90080192109187 192.1481290908316 0.26055395529936975
185.19710831202417 21.665107929744767 22.985722641083388 229.84793888285233 7.495061762504825E-51
72.6974857819894 54.83248566629984 68.03648465696385 195.5664561052531 0.2678648252751511
239.1456216593423 12.604002927593674 5.823375238094604 257.5729998250306 6.306981682650208E-90
70.48416205115944 55.3693737973758 50.578657411649125 176.43219326018436 0.15955436828743946
236.0625470917263 11.005330287515331 10.08009692169693 257.14797430093853 1.2687061482101949E-86
180.51414756584938 26.590652135079964 21.48854395317415 228.59334365410348 2.794395314203891E-47
66.63786471874948 56.59855147868055 56.69529490135536 179.9317110987854 0.5741876654284183
252.96844618698591 0.14701796287616575 2.914386822928985 256.02985097279105 5.6336429198812544E-108
97.03754381836542 51.208730402874394 52.45848334168521 200.704757562925 3.765894605035375E-5
64.11966163971138 57.16436255092277 51.45112670531312 172.73515089594727 0.4970457563500381
62.52624519384816 54.18598003848068 56.31007364382057 173.02229887614942 0.7220095351967952
68.29752133555874 53.65828779745513 64.2468414022954 186.20265053530926 0.398283943734853
65.39007563176364 64.26979539786247 62.70776161858417 192.3676326482103 0.9720922021832767
69.66978173536455 51.13983098372937 58.670129371183876 179.4797420902778 0.2342009952659123
66.12539582229675 53.302393012633445 67.92730766178337 187.35509649671357 0.3612113394846833
222.09149370924604 17.57260863235905 13.616272923073126 253.2803752646782 7.314706469584732E-74
206.85509164956326 25.74499520411412 20.414770034693834 253.01485688837124 9.823012896606438E-59
277.88087078778784 10.616764149788466 6.030861386375994 294.5284963239523 6.840272297572357E-108
273.56937366143023 9.037433964915106 11.258022049270465 293.86482967561585 2.7771626487113987E-103
236.46611343923067 14.52246154930211 20.00484606409882 270.9934210526316 9.105829840136755E-78
255.4935064935065 1.0064935064935066 4.5 261.0 4.9511646248268236E-107
199.99367088607596 36.012091352594354 41.49337748344371 277.499139722114 1.8883537995320932E-41
284.2746190286017 3.454560537790859 3.2571985111226254 290.9863780775152 1.6578412577934255E-118
236.0 9.0 22.0 267.0 5.123171760170582E-80
286.72171792948626 1.4239278083028084 0.797428471951777 288.94307420974087 2.458417632057672E-123
148.32926936516878 13.446059503133798 17.776767636913625 179.5520965052162 2.3001931116812056E-43
89.29758548551257 88.12547265712236 81.3576271823147 258.7806853249497 0.8081874503373899
134.7133190364762 73.72221714557335 59.73260903256265 268.1681452146122 1.8918679053543284E-8
126.35844463204613 88.35112902545893 61.70498490751739 276.41455856502245 1.0558374083437346E-5
270.00566744386776 1.9881213760080012 1.0062111801242235 273.0 2.021295767444763E-115
183.28011083132537 42.782370832462114 45.59286251138532 271.6553441751728 1.1507739653514617E-31
193.54162421811063 73.41892885287042 4.661117020778107 271.62167009175914 1.4586274215311839E-44
108.49179482363978 61.95576009248286 95.98678079026784 266.43433570639047 0.0014577582567459426
103.23617131645213 58.57606176342388 97.15015142126192 258.96238450113793 0.0011188683161168717
187.59127941665565 34.9300402888808 50.38908538909987 272.9104050946363 1.9420424175298054E-34
237.29783392398136 28.902400922138266 34.956375143262655 301.1566099893823 1.3757809758392974E-61
241.99446940235865 6.03705674500936 5.974091830160059 254.00561797752806 6.037870677089914E-96
242.48053035823747 11.043208665736554 12.044119472871737 265.56785849684576 6.066491335430309E-88
145.01218266437905 56.83060896024501 62.5839952239208 264.42678684854485 1.0176768160142428E-12
154.2665257236609 60.19716364004953 52.63965644167182 267.1033458053822 2.3076542353874945E-16
229.02320691562338 11.511289181983365 12.465503902393273 253.0 1.3832622715441055E-81
176.99525971334324 49.36601195497919 55.075754911439844 281.4370265797623 8.66552349695616E-25
264.9530915767618 7.172593314920604 6.922609802104101 279.0482946937865 3.016381488456983E-104
103.44112808834743 79.6157540055558 91.46853121428434 274.5254133081876 0.2120736732311655
273.530744951691 3.7462015109073934 3.532995057869393 280.8099415204678 2.2146278560119013E-113
120.63608927549717 33.75919066324279 106.19194381797168 260.58722375671164 1.4615967270077984E-11
200.377223474847 72.22031476383148 9.177526095691055 281.7750643343695 1.2807832955559673E-44
119.54471210756668 82.89748578348642 79.57919248327846 282.02139037433153 0.005340923470869315
100.96387102895741 82.01579403929696 90.0110465486485 272.9907116169029 0.36994932859437946
197.00371190642144 39.96016560686505 40.00808449428625 276.97196200757276 2.1902988850930236E-39
269.9721518070364 6.170356960124117 3.5099533540515426 279.6524621212121 6.68520877114605E-110
261.3711413006066 20.60955443578962 16.404583179522017 298.38527891591826 1.3553436250346299E-86
122.92402544901209 111.40114801986803 62.38859077644654 296.7137642453267 2.903481146231743E-5
278.93163180994117 5.028149009520961 16.93478688047015 300.8945676999323 1.6531786462950398E-104
265.67211508562696 15.6701158797883 21.82350254084715 303.16573350626237 4.1195666903451614E-88
266.07341167493024 21.204094677046456 16.33631017306578 303.61381652504247 3.1035440665339345E-88
110.01763840515756 71.24636502589452 90.39977382834577 271.6637772593978 0.01576105209639762
225.60723069056723 23.906813653097203 26.565759057316313 276.0798034009807 6.839074963498574E-64
231.84256070405448 25.57544247736132 32.351058476094174 289.76906165750995 1.817116933322812E-62
129.66338030394618 54.11909948959621 97.81048372527599 281.59296351881835 2.2115701033630444E-7
237.4069794101953 18.48064757952948 34.95176151462023 290.83938850434504 2.5710843421603156E-67
300.5694372491019 2.5586035319638154 2.317800177082621 305.4458409581483 4.2054003100950105E-127
180.04703824986248 33.184187193707814 94.61279040736491 307.8440158509352 9.452342447778698E-24
196.76948737586346 31.97636959544598 75.78776735350323 304.53362432481265 6.771164544546523E-32
59.68234484942273 18.71993202804078 25.647541676556028 104.04981855401955 9.564034456309239E-7
123.01976301975779 76.65497344195708 74.05596231794419 273.73069877965906 2.440307406331783E-4
123.20993683486793 66.96611615366147 38.34729203380156 228.52334502233097 2.358742774473361E-11
127.28864415740868 79.41615133705646 20.292071045284516 226.99686653974965 3.252186691168296E-17
173.307890064786 87.73536432949493 33.545318700447524 294.5885730947284 1.094268635821743E-22
4.067491905018889 2.898104425256341 0.0 6.965596330275229 0.15127785117709694
Not enough genes
Cannot perform polytomy test with effective N (after polytomies) 6.965596330275229:
	(OBPL,(P_016799,GAP_80397):0.47718434077699795):0.3091763111154061;
3.4373556352050976 2.0 1.2508164078056552 6.688172043010753 0.5747443005724346
Not enough genes
Cannot perform polytomy test with effective N (after polytomies) 6.688172043010753:
	(P_007845,(OBPL,(P_016799,GAP_80397):0.47718434077699795):0.3091763111154061):0.1871068809900555;
201.84437006743167 19.641476300017715 72.74145094030202 294.22729730775137 1.3094215025976692E-39
143.840827493165 56.756693185424744 51.59907613060005 252.1965968091898 1.3223358221152023E-14
156.50651409202538 49.54344466329793 46.543746236574606 252.5937049918979 5.777341746537818E-21
32.75672248381141 2.703067597594045 4.409420674348314 39.86921075575376 4.876616605193653E-10
237.02741955991507 5.561600760222917 6.722496447500652 249.31151676763864 1.370660148059667E-93
169.9927226772039 2.953139004386907 0.08836264120795245 173.03422432279876 5.58757798140047E-72
87.71264195692622 81.11135662880095 74.14196115725923 242.9659597429864 0.5663038263936716
86.30996991410368 83.61057680134162 76.65065896734517 246.5712056827905 0.7391874679834018
14.090741166404882 6.053933378269662 1.9093795093795094 22.054054054054053 0.0054185145455086
3.913550524390759 3.0965736107333757 1.010989010989011 8.021113146113146 0.432612773655916
Not enough genes
Cannot perform polytomy test with effective N (after polytomies) 8.021113146113146:
	(S04,(S27,P_016789):0.5392366261650218):0.16338031863906444;
18.549190193706366 6.163134813577098 3.68516491873314 28.397489926016604 0.001231614629241774
42.071976288433454 25.659075041450134 30.046115229033557 97.77716655891714 0.10909886290310676
68.29638398964418 18.955007366750788 19.771337585835663 107.02272894223064 1.9113508031256157E-10
93.46819513996493 68.4647916694347 67.91388034154443 229.84686715094406 0.06196458038008895
118.51036346613543 74.14015799119697 65.54749725643826 258.19801871377064 8.377330951983493E-5
39.67073784417191 33.06206847861914 22.554644864478597 95.28745118726965 0.0957753319018814
36.72767042533169 29.52587739101925 27.51867949844248 93.77222731479341 0.47226118445207776
304.63444624642284 6.025210154745947 3.4924391581245153 314.1520955592933 4.758285503822397E-125
285.0188350621291 8.80119496346599 7.749089844256914 301.569119869852 5.064607364263406E-111
188.79961001605432 45.485004001080895 39.40384828471419 273.68846230184937 9.258625200633065E-35
120.13778415037444 9.445474589849594 2.2727113450310275 131.85597008525508 7.217603408512661E-44
110.37641379898969 15.172102990090279 10.451483210920042 136.0 3.545447374416769E-31
60.745535714285715 5.250054334326876 26.755830405932866 92.75142045454547 1.0051338800989178E-11
Extended species tree:
(P0109B,((P_018831,OSHQ)0:0.8409902311794747,((P_016909,WZFE)0:1.3907224268344796,(P0203H,((((SJEV,(P_019193,(Wsal,P_019187)0:0.6878730070795568)0:1.0380825213727896)0:1.7921858130026582,(P_016921,(WKSU,(GAP_81227,(Pcol,(P_006410,GAP_81226)0:1.0655118332102411)0:0.8969166757301086)0:0.2381150734802773)0:0.24639058275673634)0:2.4336346910516755)0:1.7090362690959446,(((P_025527,(P_025525,P_025523)NA:0.6931471805599453)NA:0.8174016836531708,(P_019189,((P_019197,PAWA)0:0.5821350545943546,(Asie,QDVW)0:3.7884018466774005)0.00016:0.13692801814038527)0.05753:0.27041450933606226)0.5322:0.0,(((P2589,OPDF)0:0.796817356883737,(CSSK,P_019185)0.18533:0.04364264862034474)0:1.4075570672416202,((P_019191,P_019199)NA:0.7704312657944021,(GAP_80417,(P2590,GAP_79804)0:2.0161232769474933)0:0.8315814405667603)0:0.8283346474421249)0:1.5999823125638435)0:1.4014621791918593)0:0.18161775748316789,((WPHN,(P_011613,(((P_011609,(P2619,Sdec)NA:1.8971199848858815)0:1.9349629025572872,(MAQO,(WAIL,(P_011527,((GAP_80298,P_014077)0.43153:0.0804988962041027,(GAP_80297,P_014083)0:2.3124416239086036)0.00034:0.26112012421956793)0:0.3813942407823668)0:0.5410776889925734)0:1.4241886979070022)0.00023:0.12836210709850493,(((GAP_79862,P_011587)0:1.4218647962942947,(P_014081,(P0104A,P_008647)0:2.92673940206704)0:2.3164678048880503)0:1.127112011403232,(((KRJP,(P_011549,GAP_80395)0:1.52942114652914)0:0.48929282694833487,((P_011643,(P_011657,(P_011509,P_011651)0:0.9714008048438458)0.04404:0.10642759680563953)0:1.3254869911174876,((GAP_80393,GAP_80394)0:0.7446872916052484,((P_011647,(P_011465,(P_011501,(P_011523,(P_011489,P_011487)0.13403:0.0736315015529881)0.17114:0.06425046325920727)0:0.6992377239874865)0:1.3086142391209792)0.06211:0.12003266302444796,((P_011637,P_011551)0.08308:0.1640661382003115,((P_011631,P_007844)0.02319:0.20645948401063388,(P_007843,(P_007783,P_006414)0.73036:0.034835019245183986)0:0.27929019502957525)0.49442:0.051590124113361176)0:0.2387759219685321)0:1.1031273131398012)0.17071:0.04642347210958741)0:2.300324300914369)0:1.3446888881470382,((P_011531,(P_011699,(P_006411,Schi)0:1.008224735780876)0.00104:0.33279561809392216)0:2.0720092737367155,(VYLQ,(P_018635,(P_008631,(P_011709,((P_011579,(P_008632,P_011671)0.15286:0.12267112731929494)0:1.650067992416207,(P_011713,((P_011705,((KAYP,(BCGB,ABSS)0:0.506394103837563)0.00305:0.20855675691595268,(WIGA,(Dhai,(Apet,Msal)0.29918:0.05414109138351235)0.00355:0.15573175824427246)0:0.38369887019677495)0.00002:0.2410311574402084)0.59009:0.07016614912782128,(P_006413,((P_016813,(P_011679,((GAP_80389,GAP_80390)0:1.698144671213457,(P_008646,(P_006412,P_008640)0:1.0395832025930327)0.00001:0.2528459285210719)0.03342:0.10247091419328187)0.00083:0.13158717997177535)0:0.48594376968399433,((P_011673,((P_011537,P_011607)NA:0.0,(P_011701,(P_011739,P_011677)NA:0.900067896367268)NA:0.22838995706015475)0.02997:0.17510776309725515)0.23356:0.029039816165419882,(P_011759,((P_011681,P_011719)NA:0.28266953062823674,((P_011735,P_011675)0:1.3509986230192603,(P_011715,(P_011745,(P_011611,P_014073)NA:0.6931471805599453)0.13143:0.2841273754314522)0.00008:0.28495905439227764)0.00001:0.16990537104150596)0.00115:0.13812999895281952)0.01742:0.16000588328273985)0:1.130548030276579)0.02997:0.11270981928036465)0:0.316216510023892)0.6663:0.029729332071273817)0:0.7361586085909739)NA:1.5455014275770416)NA:0.0)0.66746:0.0845844509497019)0:0.5450820627960595)0:0.2867693045454757)0:0.8453410010703853)0:0.38656132524584846)0:0.13397362783854336)0.00062:0.8392663142087445)0.95077:0.023581976859789924)0:1.9623440921679656,((((P2623,P2622)0.00021:0.243152084972649,(P0110C,(XQWC,(P0207A,(P0110B,(P0207C,(P0207B,(P0206H,P0206G)0:0.273135960762535)0.00005:0.1843860132469538)0.27487:0.0591833207599861)0.27477:0.05336813990300081)0:0.4237520502360726)0:0.43630584319278604)0:1.919503217263684)0:0.47776729910895493,((DHPO,GAP_80322)0:2.072010347214121,((P_012941,P_012795)0:4.324977774724892,((P_012861,((P_012855,(P_012827,P_007802)0:2.10959814242519)0:1.3698747118237111,((P_018637,P_012813)0:0.7148022486472883,(P_012921,P_012919)0:2.8710485109470008)0:2.3283140046325816)0:2.7816539257542945)0.00003:0.18495623209025217,(((P_012797,(P_012841,((P_012877,P_012913)0:1.6791041260656834,(P_012811,(P_012895,P_012891)0:0.4076717162047418)0:1.8005903373688432)0:1.887180874247062)0:0.36807423683274393)0.54044:0.03822092988384322,((((P_012883,P_012925)0:2.917759353811468,(P_012857,(P_012815,P_012903)0:1.3839015103541412)0.67912:0.024472228887062325)0.11905:0.09632744097708656,(P_012875,((P_012831,P_012905)0:0.40196357380245523,(P_012901,(P_012851,P_012887)0:2.9947011490232986)0.6396:0.03828961915669291)0.00002:0.22825370146744145)0:0.7988442182117703)0:0.6698915081241552,(P_018689,((P_012885,(GAP_80294,P_006420)0:1.9663860163489737)0.94074:0.015546718261853765,(P_012859,(((P_012907,GAP_80291)0.26055:0.07308596731691758,(P_012881,P_012873)0:1.2152723112241741)0.26786:0.056311149061547786,((P_012897,(GAP_80293,P_012893)0:2.1830296268972553)0.15955:0.10078039117998606,((P_012911,(P_012917,P_012821)0:2.053149867477853)0:1.1374093247748036,(P_012889,((P_012863,P_006418)0.57419:0.05388183331359521,(P_012793,(GAP_80292,P_006419)0:3.7421982015638853)0.00004:0.2505539998108768)0.49705:0.05508822035619303)0.72201:0.03972914006593036)0.39828:0.048400673141290415)0.97209:0.007273188540730604)0.2342:0.08233676600662344)0.36121:0.02696181739922162)0:1.6613512901387475)0:1.2783865512022103)0:2.4126989145485815)0:2.2225582214450754,((P_012867,((P_012899,P_012817)0:1.6300111412655829,(P_012847,P_012923)0:3.2900787164217493)0:0.8607815732224608)0:3.2284957294898144,(P_012843,(((P_012937,(P_006421,P_012939)0:1.7197859696029656)0:4.09441702385294,(P_012803,(P_012853,(P_012829,P_012837)0:1.3178791325387758)0.80819:0.01573647833050009)0:0.28864287358274215)0.00001:0.20239649737213108,(((P_012801,(P_012879,P_012809)0:3.8227865028235812)0:0.7098998020833422,(P_012839,(P_012805,(P_012825,(YZRI,P_012799)0:0.8321593237012347)0.00146:0.11486619528789795)0.00112:0.1005714194654256)0:0.7492847640495311)0:1.1332681206822495,((P_012909,((P_012865,(P_012931,(P_012933,P_012935)0:2.570013895439072)0:1.9984778327550983)0:0.38493311606737285,((P_012807,P_012845)0:0.4511413965807752,(P_012849,P_012871)0:1.9139220417826701)0:0.5798316751743527)0:2.5151199422547137)0.21207:0.06523037340770109,((GAP_81172,P_012833)0:3.1220218384403697,((PSJT,(GAP_80295,P_012927)0:0.21288940508375145)0:0.8276274144090827,((P_012915,P_012791)0.00534:0.14338703144738593,(P_012869,(P_012823,(P_012819,P_012835)0.36995:0.054182368126144714)0:0.8279980406376218)0:2.863250117421518)0:1.6583080610071064)0.00003:0.12708363517292)0:2.170731301686135)0:1.661615148504411)0:1.6618725232898193)0.01576:0.11119742926864014)0:1.2777913584323988)0:1.190773320675746)0:0.2085648877244912)0:1.2737787715870292)0:3.5486309693592175)0:0.46913389069746275)0:0.6274130712502621,(((P_018639,P_018779)0:0.4341741818888361,(P_018695,(P_018645,P_018783)0.00024:0.18834926076420871)0:0.36414822470815034)0:0.4116393288563661,(P_018691,((P_016797,(P_007845,(OBPL,(P_016799,GAP_80397)0:0.47718434077699795)NA:0.3091763111154061)NA:0.1871068809900555)0:0.7455719142309316,((P_016793,(P_006422,P_016795)0:0.4340946355268417)0:0.5546588415463035,(P_018693,((S08,P_014095)0:1.2115072418398152,(((P_014099,S03)0:2.5306734799850625,(P_016791,(P_016787,S02)0:3.357170545909498)0.5663:0.04008507598079969)0.73919:0.023207499817341416,(S38,(S04,(S27,P_016789)0.00542:0.5392366261650218)NA:0.16338031863906444)0.00123:0.5914358249184012)0.1091:0.14953561652666675)0:0.5948619816143977)0.06196:0.11354832762253773)0.00008:0.20558499033046265)0.09578:0.1255686622557473)0.47226:0.08480035957013568)0:2.9945355242375262)0:2.4417744605586766)0:0.7571184379424885)0:1.9407675690704542)0:1.232718295531787)0:0.6384958371119229));
Weight calculation took 186.526016239 secs
ASTRAL finished in 228.824 secs
