
================== ASTRAL ===================== 

This is ASTRAL version 5.7.7
Gene trees are treated as unrooted
197 trees read from all_bs10.trees
index128
All output trees will be *arbitrarily* rooted at P0109B

======== Running the main analysis
Number of taxa: 244 (244 species)
Taxa: [P_012877, P_012913, P_012921, P_012919, P_012851, P_012887, P_012815, P_012903, P_012797, P_012883, P_012925, P_012831, P_012905, P_012901, P_011609, P_012875, P_012795, P_012941, GAP_80292, P_012859, P_012911, P_012881, P_012811, P_012793, P_012821, P_012891, P_006419, GAP_80291, P_018783, P_018639, P_018645, P_016795, S04, S27, P_007845, P_016799, GAP_80397, OBPL, P_016797, P_006422, P_016791, P_018691, P_018693, P_016793, P_016787, P_016789, S02, P_018779, S03, P_014099, P_011701, P_011673, P_011579, Sdec, P_018695, P2622, P2623, P0110C, P0206H, XQWC, P0207C, P0207A, P0206G, P0207B, DHPO, GAP_80322, P_011671, P_008632, P_011713, P_011677, Dhai, P_008646, GAP_80390, P_008640, Apet, P_011759, P_006413, P_016813, P_006412, P_011715, P_011681, P_011675, P_011735, ABSS, P_011745, P_011537, GAP_80389, VYLQ, WPHN, GAP_79862, P_011587, P_006411, Schi, P_011527, WAIL, GAP_80297, GAP_80298, MAQO, KRJP, GAP_80395, P_011549, GAP_80394, P_007783, P_007843, P_006414, P_007844, P_011637, P_011651, P_011509, P_011465, P_011501, P_011523, P_011489, P_011487, P_011643, GAP_80393, P_011647, P_011657, QDVW, Asie, P_025523, P_014081, P0104A, P_008647, P0110B, P_011551, P0203H, P_018831, P0109B, WZFE, P_016909, P_019193, P_019187, P_019197, Wsal, SJEV, P_016921, GAP_81227, Pcol, WKSU, PAWA, P_019189, GAP_81226, P_006410, P_012889, P_012873, P_012895, P_012907, GAP_80294, P_006420, P_006418, GAP_80293, P_012893, P_018689, P_012885, P_012897, P_012917, P_012863, P_012855, P_012827, P_007802, P_012813, P_012803, P_006421, P_012939, P_012937, P_012867, P_012899, P_012817, P_019185, P_012829, P_018635, P_014083, P2589, OPDF, CSSK, GAP_80417, P2590, GAP_79804, P_012923, P_012847, P_012853, P_012837, P_012843, P_012801, P_012823, P_012835, P_012819, P_012791, P_012869, P_012933, P_012935, GAP_81172, PSJT, P_012927, P_012807, GAP_80295, P_012915, P_012931, P_011699, P_012825, P_012799, YZRI, P_012845, P_012805, P_012865, P_012849, P_012909, P_012833, P_012871, P_012839, P_012879, P_012809, P_012857, P_018637, P_012861, P_012841, P2619, S38, P_014095, S08, OSHQ, P_025525, P_019191, P_011613, P_014077, P_008631, P_011679, BCGB, P_011739, P_011705, WIGA, Msal, P_011531, P_011631, KAYP, P_011719, P_025527, P_014073, P_011709, P_019199, P_011611, P_011607, P_011589]
Taxon occupancy: {P_019193=169, P_019191=84, P_019197=178, OPDF=178, GAP_81172=196, P_018783=191, P_019199=66, Wsal=173, P_016921=192, WKSU=189, P_025523=31, P_025525=56, P_025527=24, P_014073=23, P0203H=142, P_014077=114, QDVW=187, P_011487=191, P_011489=193, P_016813=175, P_006421=196, P_006422=190, P_006420=155, P_006418=196, P_006419=195, P_006414=193, P_014081=138, P_014083=141, P_018689=197, P0206H=185, P0206G=171, Msal=169, P0109B=105, P_012901=194, P_006410=189, P_006411=191, P_012903=194, P_006412=190, P_006413=186, P_012905=194, GAP_79862=188, PAWA=183, P_012907=197, ABSS=181, P_012909=194, P_018691=94, GAP_80291=197, P_018695=188, P_014095=85, GAP_80293=195, GAP_80292=195, P_018693=188, GAP_80295=193, P_014099=187, GAP_80294=196, GAP_80297=190, GAP_80298=190, P_012911=194, P_011701=34, P_012913=173, P_012915=191, P_011705=101, P_012917=190, P_012919=184, P_011709=21, P_012881=197, P_011671=113, P_011551=127, P_012883=197, P_011673=156, MAQO=188, GAP_80322=195, P_011675=177, P_012885=194, P2590=163, P_012887=195, P_011677=151, P_012889=194, P_011679=164, P_008647=183, PSJT=181, P2589=169, P_012891=195, P_011681=137, P_012893=194, P_018637=191, P_012895=196, P_018635=178, P_012897=195, P0207C=189, P0207B=190, P_012899=193, P_018639=180, P0207A=189, P_008646=192, P_008640=190, BCGB=179, WZFE=188, P_018645=189, KRJP=188, KAYP=86, P_011699=99, P_011579=145, CSSK=181, P_008632=188, P_007783=178, P_016909=192, P_008631=40, P_019187=187, P_019185=183, Sdec=48, P_019189=168, P_012791=194, P_012793=193, P_012795=194, Asie=153, P_018779=152, P_011465=193, P_012797=194, P_011587=149, P_012799=196, P_011589=3, GAP_80417=111, WIGA=169, P_007802=154, GAP_79804=148, P_012841=193, P_011631=161, Pcol=161, P_012843=195, P_012845=194, P_011637=189, P_012847=189, P_011759=176, P_012849=195, Apet=88, OBPL=190, P0110C=180, P0110B=135, P_018831=189, YZRI=190, P_012851=194, P_011643=194, P_012853=191, P_011523=193, P_012855=189, P_011647=173, P_012857=193, P_011527=117, P_012859=195, WAIL=194, P_016789=186, P_011651=167, P_012861=196, P_016787=190, P_011531=159, P_012863=195, P_012865=191, Schi=160, P_011657=174, P_012867=194, P_011537=140, P_012869=194, P_016793=186, P_016791=190, P_016797=191, SJEV=190, P_016795=187, P_012871=190, P_012873=195, P_016799=193, P_012875=195, P_012877=193, P_012879=196, P_011549=180, P_007844=139, P_007845=32, S02=151, P_012921=177, S04=53, S03=184, P_012801=195, P_011713=132, P_012923=191, P_012803=194, P_012925=194, P_011715=161, S08=128, P_007843=171, P_012805=194, P_012927=195, P_012807=192, P_011719=20, P_012809=195, VYLQ=193, DHPO=195, GAP_80390=173, P2622=146, P2623=72, XQWC=187, GAP_80394=194, GAP_80393=193, GAP_80395=194, GAP_80397=190, P_012931=196, P_012811=195, WPHN=186, P_012933=189, P_012813=194, P_012935=192, P_012815=191, P_012937=196, P_012817=193, P_011607=5, P_012939=192, P_011609=132, P_012819=190, P2619=128, OSHQ=185, GAP_80389=184, P_012941=197, P_012821=195, P_011611=32, P_012823=192, P_011613=63, P_011735=190, S27=144, P_012825=197, P_012827=173, P_011739=160, P_012829=144, Dhai=185, P0104A=168, P_012831=189, P_011501=194, GAP_81226=193, P_012833=192, P_011745=173, GAP_81227=191, P_012835=193, S38=52, P_012837=194, P_012839=191, P_011509=193}
Number of gene trees: 197
197 trees have missing taxa
Calculating quartet distance matrix (for completion of X)
Species tree distances calculated ...
Will attempt to complete bipartitions from X before adding using a distance matrix.
Building set of clusters (X) from gene trees 
------------------------------
gradient0: 41427
Number of Clusters after addition by distance: 41427
calculating extra bipartitions to be added at level 1 ...
Adding to X using resolutions of greedy consensus ...
Limit for sigma of degrees:6150
polytomy size limit : 49
discarded polytomies:  [3, 3, 3, 3, 3, 3, 3, 3, 3, 3, 3, 3, 3, 3, 3, 3, 3, 4, 4, 4, 4, 4, 4, 4, 4, 4, 4, 4, 4, 4, 4, 4, 5, 5, 5, 5, 5, 5, 6, 6, 6, 6, 8, 8, 8, 10, 11, 13, 14, 15, 15, 16, 24, 28, 49]
Threshold 0.0:
polytomy of size 5; rounds with additions with at least 5 support: 1; clusters: 41469
Threshold 0.01:
polytomy of size 5; rounds with additions with at least 5 support: 1; clusters: 41473
polytomy of size 3; rounds with additions with at least 5 support: 0; clusters: 41473
Threshold 0.02:
polytomy of size 8; rounds with additions with at least 5 support: 1; clusters: 41695
polytomy of size 4; rounds with additions with at least 5 support: 1; clusters: 41701
Threshold 0.05:
polytomy of size 10; rounds with additions with at least 5 support: 4; clusters: 41757
polytomy of size 3; rounds with additions with at least 5 support: 0; clusters: 41757
polytomy of size 4; rounds with additions with at least 5 support: 0; clusters: 41757
polytomy of size 3; rounds with additions with at least 5 support: 0; clusters: 41757
polytomy of size 6; rounds with additions with at least 5 support: 1; clusters: 41769
polytomy of size 3; rounds with additions with at least 5 support: 0; clusters: 41769
Threshold 0.1:
polytomy of size 13; rounds with additions with at least 5 support: 0; clusters: 41795
polytomy of size 4; rounds with additions with at least 5 support: 0; clusters: 41795
polytomy of size 4; rounds with additions with at least 5 support: 0; clusters: 41795
polytomy of size 3; rounds with additions with at least 5 support: 0; clusters: 41795
polytomy of size 8; rounds with additions with at least 5 support: 0; clusters: 41805
polytomy of size 5; rounds with additions with at least 5 support: 0; clusters: 41805
polytomy of size 15; rounds with additions with at least 5 support: 0; clusters: 41831
polytomy of size 3; rounds with additions with at least 5 support: 0; clusters: 41831
polytomy of size 5; rounds with additions with at least 5 support: 0; clusters: 41831
polytomy of size 3; rounds with additions with at least 5 support: 0; clusters: 41831
Threshold 0.2:
polytomy of size 14; rounds with additions with at least 5 support: 0; clusters: 41833
polytomy of size 4; rounds with additions with at least 5 support: 0; clusters: 41833
polytomy of size 4; rounds with additions with at least 5 support: 0; clusters: 41833
polytomy of size 3; rounds with additions with at least 5 support: 0; clusters: 41833
polytomy of size 6; rounds with additions with at least 5 support: 0; clusters: 41833
polytomy of size 5; rounds with additions with at least 5 support: 0; clusters: 41833
polytomy of size 4; rounds with additions with at least 5 support: 0; clusters: 41833
polytomy of size 11; rounds with additions with at least 5 support: 0; clusters: 41855
polytomy of size 4; rounds with additions with at least 5 support: 0; clusters: 41855
polytomy of size 4; rounds with additions with at least 5 support: 0; clusters: 41855
polytomy of size 8; rounds with additions with at least 5 support: 0; clusters: 41857
polytomy of size 3; rounds with additions with at least 5 support: 0; clusters: 41857
polytomy of size 28; rounds with additions with at least 5 support: 0; clusters: 41887
polytomy of size 4; rounds with additions with at least 5 support: 0; clusters: 41887
polytomy of size 4; rounds with additions with at least 5 support: 0; clusters: 41887
polytomy of size 3; rounds with additions with at least 5 support: 0; clusters: 41887
Threshold 0.3333333333333333:
polytomy of size 24; rounds with additions with at least 5 support: 0; clusters: 41889
polytomy of size 4; rounds with additions with at least 5 support: 0; clusters: 41889
polytomy of size 3; rounds with additions with at least 5 support: 0; clusters: 41889
polytomy of size 3; rounds with additions with at least 5 support: 0; clusters: 41889
polytomy of size 3; rounds with additions with at least 5 support: 0; clusters: 41889
polytomy of size 5; rounds with additions with at least 5 support: 0; clusters: 41889
polytomy of size 6; rounds with additions with at least 5 support: 0; clusters: 41889
polytomy of size 3; rounds with additions with at least 5 support: 0; clusters: 41889
polytomy of size 6; rounds with additions with at least 5 support: 0; clusters: 41889
polytomy of size 3; rounds with additions with at least 5 support: 0; clusters: 41889
polytomy of size 16; rounds with additions with at least 5 support: 0; clusters: 41905
polytomy of size 3; rounds with additions with at least 5 support: 0; clusters: 41905
polytomy of size 4; rounds with additions with at least 5 support: 0; clusters: 41905
polytomy of size 3; rounds with additions with at least 5 support: 0; clusters: 41905
polytomy of size 15; rounds with additions with at least 5 support: 0; clusters: 41905
polytomy of size 49; rounds with additions with at least 5 support: 0; clusters: 41943
polytomy of size 4; rounds with additions with at least 5 support: 0; clusters: 41943
polytomy of size 4; rounds with additions with at least 5 support: 0; clusters: 41943
max k is :8
Number of Clusters after addition by greedy: 41943
gradient0 in heuristiic: 41943
partitions formed in 9.487 secs
Dynamic Programming starting after 9.487 secs
Using tree-based weight calculation.
Using polytree-based weight calculation.
Polytree max score: 11633854994
Polytree building time: 0.101 seconds.
Number of quartet trees in the gene trees: 11633854994
Size of largest cluster: 244
Greedy score: 10442979234
estimationFactor: 1.1140360172433146
Sub-optimal score: 10714717369
Calculated 100000 weights; time (seconds): 123
Total Number of elements weighted: 102374
Normalized score (portion of input quartet trees satisfied before correcting for multiple individuals): 0.9486640722006578
Optimization score: 11036620254
Optimal tree inferred in 126.538 secs.
(P_012867,(((P_012899,P_012817),(P_012923,P_012847)),((((P_012937,(P_006421,P_012939)),(P_012853,(P_012803,(P_012829,P_012837)))),(P_012843,(((P_012801,(P_012879,P_012809)),(P_012839,(P_012805,(P_012825,(P_012799,YZRI))))),((P_012909,((P_012865,(P_012931,(P_012933,P_012935))),((P_012807,P_012845),(P_012849,P_012871)))),((GAP_81172,P_012833),((P_012927,(PSJT,GAP_80295)),((P_012791,P_012915),(P_012869,(P_012823,(P_012835,P_012819)))))))))),(((P_012797,(P_012841,((P_012877,P_012913),(P_012811,(P_012891,P_012895))))),(((P_012883,P_012925),(P_012857,((P_012815,P_012903),(P_012875,((P_012831,P_012905),(P_012901,(P_012851,P_012887))))))),(P_018689,((P_012859,(P_012885,(GAP_80294,P_006420))),(((P_012881,P_012873),(GAP_80291,P_012907)),((P_012897,(GAP_80293,P_012893)),((P_006418,(P_012793,(GAP_80292,P_006419))),((P_012889,P_012863),(P_012911,(P_012821,P_012917)))))))))),(P_012861,(((P_012855,(P_012827,P_007802)),((P_012813,P_018637),(P_012921,P_012919))),((P_012795,P_012941),((DHPO,GAP_80322),((P2623,(P2622,(P0110C,(P0110B,(P0207A,((XQWC,P0207B),(P0207C,(P0206H,P0206G)))))))),((((P_018639,P_018779),(P_018695,(P_018783,P_018645))),(P_007845,(((P_016793,(P_016795,P_006422)),(P_016797,(OBPL,(P_016799,GAP_80397)))),(P_018691,(P_018693,((P_014095,S08),((P_016787,S02),((P_016791,(S03,P_014099)),(S04,(S38,(S27,P_016789))))))))))),(((P0203H,((WZFE,P_016909),(P0109B,(P_018831,OSHQ)))),(((SJEV,(P_019193,(P_019187,Wsal))),(P_016921,(GAP_81227,(WKSU,(Pcol,(GAP_81226,P_006410)))))),((P_025527,(P_025523,P_025525)),(((QDVW,Asie),(P_019189,(P_019197,PAWA))),(((P2589,OPDF),(P_019185,CSSK)),((P_019191,P_019199),(GAP_80417,(P2590,GAP_79804)))))))),((WPHN,P_011613),(((P_011609,(Sdec,P2619)),(MAQO,(WAIL,(P_011527,((GAP_80297,P_014083),(GAP_80298,P_014077)))))),(((GAP_79862,P_011587),(P_014081,(P0104A,P_008647))),(((KRJP,(GAP_80395,P_011549)),((P_011657,(P_011643,(P_011651,P_011509))),((GAP_80394,GAP_80393),(P_011631,((P_011647,(P_011465,(P_011501,(P_011489,(P_011523,P_011487))))),((P_011551,P_011589),((P_007844,P_011637),(P_007843,(P_007783,P_006414))))))))),((P_011531,(P_011699,(P_006411,Schi))),(VYLQ,((P_018635,P_008631),(P_011709,((P_011579,(P_011671,P_008632)),(P_011701,(((P_011719,P_011607),((P_011713,P_011705),((KAYP,(ABSS,BCGB)),(WIGA,(Dhai,(Apet,Msal)))))),((P_006413,(P_016813,((GAP_80390,GAP_80389),((P_008640,P_006412),(P_008646,P_011679))))),((P_011759,(P_011673,(P_011537,(P_011677,P_011739)))),((P_011675,P_011735),(P_011681,(P_011715,(P_011745,(P_014073,P_011611)))))))))))))))))))))))))))));
Final quartet score is: 11036620254
Final normalized quartet score is: 0.9486640722006578
You may want to ignore posterior probabilities and other statistics related to the following branch branch because the effective number of genes impacting it is only 12:
	{P_025523, P_025525}
You may want to ignore posterior probabilities and other statistics related to the following branch branch because the effective number of genes impacting it is only 17:
	{P_025523, P_025525, P_025527}
You may want to ignore posterior probabilities and other statistics related to the following branch branch because the effective number of genes impacting it is only 1:
	{P_011551, P_011589}
You may want to ignore posterior probabilities and other statistics related to the following branch branch because the effective number of genes impacting it is only 1:
	{P_011719, P_011607}
You may want to ignore posterior probabilities and other statistics related to the following branch branch because the effective number of genes impacting it is only 4:
	{P_014073, P_011611}
You may want to ignore posterior probabilities and other statistics related to the following branch branch because the effective number of genes impacting it is only 19:
	{P_011701, P_011673, P_011579, P_011671, P_008632, P_011713, P_011677, Dhai, P_008646, GAP_80390, P_008640, Apet, P_011759, P_006413, P_016813, P_006412, P_011715, P_011681, P_011675, P_011735, ABSS, P_011745, P_011537, GAP_80389, P_011679, BCGB, P_011739, P_011705, WIGA, Msal, KAYP, P_011719, P_014073, P_011709, P_011611, P_011607}
76.02554822882242 16.021487671814263 1.0341197343343826 93.08115563497105 9.057797919763105E-23
160.31843880471436 12.37393860880895 9.330961021628974 182.02333843515228 4.804137437251452E-54
97.99801844010136 29.022666422366186 28.007137703735186 155.02782256620273 2.971383915578712E-14
88.55770034986456 32.03423200687823 37.01658778417922 157.608520140922 8.016220794317507E-9
158.43275493290207 4.668812911984572 4.743358054527531 167.84492589941416 7.129794650291838E-62
109.99003932941858 18.99032449764455 24.04176775118201 153.02213157824514 5.369293498462014E-23
83.45370007419288 32.01109902605574 30.076126600984207 145.54092570123282 6.238945692355832E-9
84.17921940857924 57.26623018592681 31.66695309943794 173.11240269394398 6.463270107277978E-6
106.05969503166669 23.796487629357586 43.232770604658526 173.0889532656828 1.214348418907812E-14
159.17968902256248 6.273824831115321 8.302368401606095 173.7558822552839 2.124663455962036E-58
124.80257689789772 5.361137983834811 6.903863037912259 137.0675779196448 2.3664236554175593E-45
5.995412844036697 2.0094268476621417 2.0 10.00483969169884 0.2035579665263129
Not enough genes
Cannot perform polytomy test with effective N (after polytomies) 10.00483969169884:
	(P_025523,P_025525):0.3815485330153787;
8.435120967726307 1.8735456414088179 1.54220625526915 11.850872864404275 0.021802651776043208
Not enough genes
Cannot perform polytomy test with effective N (after polytomies) 11.850872864404275:
	(P_025527,(P_025523,P_025525):0.3815485330153787):0.6627685035381199;
143.98542590248002 2.4767878589365653 0.5377862385834292 147.0 1.0413821273773682E-60
82.2282513844372 18.06356075955768 22.460899492657965 122.75271163665286 2.3102871790875948E-14
53.602412831776206 41.67102733366401 30.08497316887044 125.35841333431065 0.036546497965526885
71.75381813799395 32.992904096520874 40.088197978158625 144.83492021267344 1.474552863683234E-4
114.51745865430172 18.526677431111274 15.974843699494809 149.0189797849078 2.5917237555210894E-28
63.99514575571694 47.52152466982118 51.03121056939462 162.54788099493274 0.24916833905471988
127.38501918843683 18.52916970892811 15.834514611937768 161.74870350930271 2.381274362021602E-33
19.060645765503253 11.573540484243951 11.197107476831787 41.83129372657899 0.24394074736187618
88.95782627242428 2.0135882635882636 5.0 95.97141453601255 8.451143839848935E-34
42.52313835609312 14.025878211527443 12.574484533260483 69.12350110088104 4.21322226595787E-6
52.16504607526116 31.35515135340057 5.716256998882905 89.23645442754463 1.2491092022707809E-8
129.71075645567996 4.591106799654942 21.44356364793351 155.7454269032684 2.7176338834655298E-39
23.05857685895017 7.132804138568286 18.44566982641694 48.6370508239354 0.015894182835200825
28.184525163790955 12.50410976535539 3.352473565513875 44.04110849466022 2.15981610634561E-5
44.03252357890125 33.10277233970654 29.957051093396508 107.0923470120043 0.21676693213333123
18.005374453010823 9.08485463448476 8.673999440458445 35.76422852795403 0.0970814323953382
19.223604249814144 13.058415160711059 2.067211857909532 34.349231268434735 0.0013653662416214928
62.09666335476905 5.8505268504747105 11.775330795840132 79.72252100108389 2.4550444478119127E-16
121.51470976606795 8.497903775260042 9.47528586134575 139.48789940267375 3.7405556237457465E-40
42.024252256333384 24.04140214842857 33.96675612050797 100.03241052526994 0.08774632303661688
36.813286478455126 32.77824774499681 29.535137974402307 99.12667219785423 0.6687347999092497
46.413415842844906 27.57116265371727 22.69067768321771 96.6752561797799 0.00767332761023162
100.02193056541708 10.497341699291262 50.88973837245629 161.40901063716464 5.959047955319022E-17
96.10004315862552 13.061320986334103 10.111934713964285 119.27329885892392 9.31358782635369E-27
50.45301228436482 18.70168215410974 17.508431384381392 86.66312582285596 5.634799794253185E-6
106.99302503186958 7.888808076497663 11.729414101419982 126.61124720978722 3.675799416452261E-33
120.99021531100479 2.0047846889952154 1.0 123.995 9.788936032415123E-51
108.92592926934645 12.636644395056507 4.719892793329347 126.28246645773231 1.8926387365708355E-35
114.99947996661204 9.13767367752772 11.097247266552488 135.23440091069224 4.617055776421155E-36
132.93897437099716 10.051126821815732 13.09190368591777 156.08200487873066 9.877812822261154E-42
115.75863570782197 29.438170695968886 3.6007393492677005 148.79754575305856 6.225312309258275E-31
93.98864578733833 33.66185852056856 16.12866386687584 143.77916817478274 7.650880245008197E-16
58.075701363700105 48.994280151929146 34.04513168684518 141.11511320247445 0.043712078457588295
109.43914112753406 19.2593387079689 12.927268910604212 141.62574874610715 1.541914293751762E-27
91.33917484684696 28.48744950700831 21.506502315336096 141.33312666919136 2.307930436364921E-14
50.9401652979382 49.12950294898421 46.964642802852396 147.03431104977483 0.9223494427157434
56.02247130215748 46.93377723636349 46.49617277934676 149.45242131786773 0.5595586543275686
94.1204800398663 24.480012928584408 28.034069184861707 146.6345621533124 2.1467169464229627E-14
107.06920149769269 15.660412689316153 8.30676360045597 131.03637778746483 7.944104512104304E-31
54.826201315613126 32.53977885286092 25.042340837435834 112.40832100590987 0.0016530940628785515
0.00644122383252818 0.011272141706924315 0.9677938808373591 0.9855072463768115 0.393331992211707
Not enough genes
Cannot perform polytomy test with effective N (after polytomies) 0.9855072463768115:
	(P_011551,P_011589):0.0;
47.32742210579901 35.796461047425275 21.4566185607409 104.58050171396519 0.008076952758738857
54.923673772251306 50.771715949548415 28.289696525572463 133.98508624737218 0.01007489761823573
79.72967483206357 25.121984780221766 26.587643250755452 131.43930286304078 2.5374321638509925E-10
34.5107614874146 25.153523790646343 25.010931522230848 84.67521680029179 0.34992319411616385
33.48297171799392 28.242806760292016 22.757630994179635 84.48340947246557 0.36009747891122934
42.307655792760606 38.17480872580715 28.84083130691303 109.32329582548078 0.2708934789499908
69.17183125269278 30.72200450910911 15.62239419225228 115.51622995405418 2.5230959185588323E-9
50.711240390871104 40.33670234115997 45.91037063579112 136.9583133678222 0.5540554487573027
139.02031241061025 5.261522025094555 6.045452399998539 150.32728683570335 4.1019207814509245E-52
104.02787624660093 6.172866229516675 7.5811473252069765 117.78188980132457 1.5592586263097365E-35
56.00983058608058 10.132248052674033 14.995567538281092 81.1376461770357 6.336185610439576E-11
46.50510443281012 24.57059861535275 6.013888888888889 77.08959193705175 1.1389685976526353E-7
124.8410407368598 5.715525519129313 6.36821141203595 136.92477766802506 1.717770146802064E-45
9.513556331877899 8.808679985178236 8.971316352343173 27.293552669399308 0.98513866938126
33.99386187396858 27.047409862973904 24.07566203179806 85.11693376874054 0.4012438597147483
111.43283414060397 8.515065332334874 6.188971602688957 126.1368710756278 4.877444125051466E-38
1.0 0.0 0.0 1.0 0.3678794411714423
Not enough genes
Cannot perform polytomy test with effective N (after polytomies) 1.0:
	(P_011719,P_011607):0.2876820724517809;
21.44769659622229 17.137775427427453 14.49658230593989 53.08205432958963 0.49867382310406716
38.869591240580235 13.059205921253845 6.9305548006542 58.85935196248828 4.368357128477875E-7
19.97245685544234 18.044551097951995 11.965843558987936 49.98285151238227 0.35060568605522086
20.040188103896764 15.106057576429984 14.053273204905938 49.19951888523269 0.5363627374930522
40.44115032341883 34.4321372943853 18.657410342639363 93.53069796044349 0.0172478842173149
61.53025585265766 21.3297928440043 22.16501845056808 105.02506714723005 2.8394623518563405E-7
58.15092491222721 34.60089103875782 10.711974015575828 103.46378996656087 8.224009037409436E-8
6.359345732500307 1.9173672427183528 5.818490896154579 14.095203871373238 0.2864595443211302
Not enough genes
Cannot perform polytomy test with effective N (after polytomies) 14.095203871373238:
	((P_011713,P_011705):0.0996716581765461,((KAYP,(ABSS,BCGB):0.6424978342278744):0.09170176342293992,(WIGA,(Dhai,(Apet,Msal):0.10404598063825522):0.1528185570878899):0.46283785831545415):0.4079556103120803):0.14147578065845598;
2.498216541303982 6.657025403046834 2.490170078573964 11.64541202292478 0.2258074373675792
Not enough genes
Cannot perform polytomy test with effective N (after polytomies) 11.64541202292478:
	((P_011719,P_011607):0.2876820724517809,((P_011713,P_011705):0.0996716581765461,((KAYP,(ABSS,BCGB):0.6424978342278744):0.09170176342293992,(WIGA,(Dhai,(Apet,Msal):0.10404598063825522):0.1528185570878899):0.46283785831545415):0.4079556103120803):0.14147578065845598):0.0;
110.64073973118988 8.44702415398788 9.03120261427553 128.1189664994533 6.308211775086554E-36
100.31460543058871 15.679319528851742 12.926884538643108 128.92080949808354 1.1464329130808102E-25
53.78316480409264 17.620029985203985 37.7102798573503 109.11347464664694 1.2023608575335214E-4
41.51826222714073 28.137092900748765 34.39338004322755 104.04873517111704 0.27459034415799843
36.96735483758361 28.163180445605793 26.42712873516487 91.55766401835427 0.3511770701062779
59.620842590823294 16.72288733531616 15.341878243485269 91.68560816962471 9.852870704509239E-10
29.902225300350597 34.55950814374464 19.89574315577019 84.35747659986542 0.13580449974952777
63.0705952381054 14.93588997670351 9.017091097152173 87.02357631196108 6.926937908110516E-14
34.94946198957414 26.107135585043522 17.538859418675703 78.59545699329337 0.05541753855723227
34.81569506980194 32.4570695046571 19.18728817732927 86.46005275178831 0.08518144728467035
26.429346374817733 31.16504474432532 42.56599461694395 100.160385736087 0.1273654828724628
122.46937342287887 10.21454905961595 7.812088088408053 140.49601057090288 1.5720262922482763E-40
1.995435576421492 1.950260119274204 0.009259259259259259 3.954954954954955 0.37708462893942296
Not enough genes
Cannot perform polytomy test with effective N (after polytomies) 3.954954954954955:
	(P_014073,P_011611):0.10989608577090178;
19.08506134167958 3.055993912967078 9.455015493064318 31.596070747710975 0.002067519524073969
35.176003594933825 32.28349137636427 23.53493297089936 90.99442794219745 0.2978502557824318
47.09767866223395 32.53887220509215 14.703995737228968 94.34054660455506 2.315539856649398E-4
63.94906803482258 19.68511889582659 30.05133514734816 113.68552207799733 7.204036879966421E-7
88.23079953057368 11.907700729973358 12.625157178396629 112.76365743894367 5.94096878508626E-23
41.33082969023188 23.484817894931147 26.421858460470677 91.2375060456337 0.04925549996956479
9.370853860569508 6.355170214609205 2.4692470939616746 18.195271169140387 0.13893071329889406
9.543023966649857 7.527170527445453 3.962878284521274 21.033072778616585 0.32019585284798674
6.7974800979012135 3.348157244302383 2.1382214927036536 12.28385883490725 0.23990748944306303
Not enough genes
Cannot perform polytomy test with effective N (after polytomies) 12.28385883490725:
	((P_011579,(P_011671,P_008632):0.09663327017607769):1.6858813141052367,(P_011701,(((P_011719,P_011607):0.2876820724517809,((P_011713,P_011705):0.0996716581765461,((KAYP,(ABSS,BCGB):0.6424978342278744):0.09170176342293992,(WIGA,(Dhai,(Apet,Msal):0.10404598063825522):0.1528185570878899):0.46283785831545415):0.4079556103120803):0.14147578065845598):0.0,((P_006413,(P_016813,((GAP_80390,GAP_80389):1.5386759846837006,((P_008640,P_006412):1.0734760627859468,(P_008646,P_011679):0.2648135602794472):0.09743959918413568):0.10435784621795352):0.6252798693413613):0.025806523951238298,((P_011759,(P_011673,(P_011537,(P_011677,P_011739):0.8551462861455866):0.1727273044305124):0.10215797472646708):0.0,((P_011675,P_011735):1.6009664622284607,(P_011681,(P_011715,(P_011745,(P_014073,P_011611):0.10989608577090178):0.475221779135557):0.07640225582025037):0.2757420726729601):0.41008401691739216):1.088691839784476):0.18890764874765678):0.26432799833555604):0.16214729231896619):0.31138016946756275;
6.402732518999402 3.1675922658185884 1.823440364067139 11.39376514888513 0.23251161312687935
Not enough genes
Cannot perform polytomy test with effective N (after polytomies) 11.39376514888513:
	(P_011709,((P_011579,(P_011671,P_008632):0.09663327017607769):1.6858813141052367,(P_011701,(((P_011719,P_011607):0.2876820724517809,((P_011713,P_011705):0.0996716581765461,((KAYP,(ABSS,BCGB):0.6424978342278744):0.09170176342293992,(WIGA,(Dhai,(Apet,Msal):0.10404598063825522):0.1528185570878899):0.46283785831545415):0.4079556103120803):0.14147578065845598):0.0,((P_006413,(P_016813,((GAP_80390,GAP_80389):1.5386759846837006,((P_008640,P_006412):1.0734760627859468,(P_008646,P_011679):0.2648135602794472):0.09743959918413568):0.10435784621795352):0.6252798693413613):0.025806523951238298,((P_011759,(P_011673,(P_011537,(P_011677,P_011739):0.8551462861455866):0.1727273044305124):0.10215797472646708):0.0,((P_011675,P_011735):1.6009664622284607,(P_011681,(P_011715,(P_011745,(P_014073,P_011611):0.10989608577090178):0.475221779135557):0.07640225582025037):0.2757420726729601):0.41008401691739216):1.088691839784476):0.18890764874765678):0.26432799833555604):0.16214729231896619):0.31138016946756275):0.32146463790645147;
65.91571697588294 27.769435135609086 16.192343423181317 109.87749553467334 9.40223366971639E-9
49.50608248237209 35.485559795340876 18.7806017152045 103.77224399291747 0.0010696830015017227
73.77338390949394 8.97873455478803 11.063916600338443 93.81603506462042 1.4800458872981438E-19
34.6871258179243 19.573662641881352 24.51849053793367 78.77927899773933 0.10422677857309647
49.145449276728236 26.1158150137433 10.024101513953518 85.28536580442506 1.240311834226539E-6
62.892422363402446 17.68981250554155 19.453424555049086 100.03565942399308 2.8968165018823215E-9
94.24474655932133 6.011274333220066 6.503761916527215 106.75978280906861 3.2071867391592685E-32
62.95318263693073 18.767186058710152 42.63122240086441 124.35159109650527 7.499157307261406E-6
62.46233777284423 47.75567279154058 32.23554954997998 142.4535601143648 0.008135980101774475
71.23580422527671 41.422526288468276 32.702540489102425 145.3608710028474 2.1905037668419196E-4
81.02237370268692 45.58399000861697 14.797595189489503 141.40395890079338 7.602780183716261E-11
87.03673252084894 13.990188503859281 28.816735750036962 129.8436567747452 1.0972040377283597E-15
71.51530671666671 23.675236176643843 21.842743600283757 117.0332864935943 1.4766271382499753E-9
68.46236931973792 63.18279058428627 29.104659258285707 160.7498191623099 2.000324773257079E-4
128.23520541695086 29.117759617738745 7.44100473387445 164.79396976856407 1.617301814462262E-33
115.46801248483783 15.75977672656766 18.331334295960886 149.55912350736637 7.181926095016049E-29
40.608880958354504 33.26554143278886 37.51520612133916 111.38962851248252 0.6934470774926909
46.74045736605702 10.357649123933694 3.4413156029768333 60.53942209296755 2.268388675555059E-12
129.16160145560835 3.6591609998627255 3.281119194582811 136.10188165005388 3.871798186556996E-51
150.88497633491238 6.024121418893602 7.978132033112253 164.88722978691823 2.9122537706051107E-55
46.79521016121441 34.012116001919736 32.44379152150563 113.25111768463978 0.19366625824580186
21.784994754448498 13.053676095870939 7.915195240498008 42.753866090817446 0.031742082297155236
11.454968410371638 3.34120563946431 6.115559844275903 20.91173389411185 0.0871812564078188
24.985624415717048 13.190786719364166 5.859207803076483 44.0356189381577 0.0017579351504331403
42.80930177056692 38.165473357696 38.264501739589484 119.2392768678524 0.837711451146945
37.40310460328936 30.332639308348085 26.690132440199598 94.42587635183705 0.3895816568642724
41.66179729777764 27.24152683445214 18.78349524123173 87.68681937346152 0.01027316021760385
25.611876934811825 12.057865897129462 17.35984043763779 55.02958326957908 0.0786031576318851
19.919147078013175 20.048600608676665 15.801077460911225 55.76882514760106 0.7305590712013565
8.937664123470132 3.284701296873329 7.790064436422096 20.012429856765557 0.26225186178703774
8.087151699540275 8.038295493636051 4.179634502923976 20.305081696100302 0.4758371254020637
163.5353100205069 5.170268261398459 1.2943174860043434 169.9998957679097 2.1066202256818105E-66
82.9756793477136 51.36728496306438 25.99774796919661 160.34071227997458 2.391324070383755E-7
65.86894531882747 43.087148716639746 39.917860108012874 148.8739541434801 0.017620423591613584
64.09742093271028 59.03131789850181 39.5457696351297 162.6745084663418 0.04511105247452962
63.76994857201786 57.1819344245646 41.71939532991221 162.67127832649467 0.09415634627268211
44.706629354885195 40.60314819486629 33.19906513642035 118.50884268617185 0.4227198504708908
107.85769429778756 7.312551126676578 10.0678615136876 125.23810693815174 7.546363912635858E-35
120.41385826370815 4.501893617195056 4.224642166358379 129.14039404726157 5.1083943743987956E-46
23.932248161351907 8.194081361800787 22.81981858978654 54.94614811293923 0.0148203148902266
22.561857645104013 8.465399395501622 18.51360191344956 49.540858954055196 0.04117427971067099
172.8788318782832 4.053664126338026 4.750035989568904 181.68253199419013 1.4084793733338682E-68
188.98828674133998 0.9556217423678331 1.107014708208268 191.05092319191607 4.934167589448287E-81
126.98374044194564 5.032992237120677 3.961978665467503 135.97871134453382 1.203426861015552E-48
115.24480908065097 15.855536700314111 23.14807789589839 154.24842367686347 1.197606834364385E-26
96.00689310212165 29.974907386369058 44.06303605481992 170.04483654331062 5.407379724832322E-10
157.98117369559046 4.0142180094786735 4.0046082949308754 166.0 9.466714015130034E-63
150.4161629046851 7.862028340383946 10.026243693917575 168.30443493898662 2.2168820593629745E-52
151.6576542421256 0.938296685425162 3.1936617185919354 155.7896126461427 4.047325742674713E-63
99.67338330260542 16.10092662351707 23.738559110320118 139.5128690364426 1.1575523805252788E-20
82.27933920451017 30.05262700105757 38.99788404221999 151.32985024778773 1.9195813878217685E-7
121.5583850431659 14.591113463676006 16.43220989831735 152.58170840515925 9.626125848244448E-33
123.53859699696143 7.86799216309544 11.133789619223071 142.54037877927996 2.2542069094424317E-40
69.01308288612508 29.10518099975793 23.762568827185753 121.88083271306877 2.907683837196543E-7
42.065326755406154 33.57928805971998 35.21384448270594 110.85845929783207 0.5777749521549269
152.53483569699307 4.2857740955003925 3.560192073873982 160.38080186636745 1.5622383653491057E-60
99.26216147385874 8.814883700528872 9.67527236169646 117.75231753608406 1.294683132788058E-30
69.00796429001832 30.61493717324793 28.56729381199395 128.1901952752602 5.316428205219544E-6
153.09799493969507 2.109145318632536 4.097577094141448 159.30471735246905 4.540382627062816E-62
44.71501015693563 43.52983528686646 40.60517799646009 128.8500234402622 0.9010568352995849
63.44578212614288 33.372801574335035 32.287965260300034 129.10654896077796 6.983765461210371E-4
75.95174683219963 14.38907416596381 14.902714229614356 105.2435352277778 3.0893240438870703E-16
34.23889473863675 27.063743021182926 30.370976836572584 91.67361459639226 0.6557023675435898
35.670598955521946 33.588799084452496 32.27551314248236 101.5349111824568 0.9170466770283239
70.3809130682838 19.37837654961316 10.891227842453116 100.65051746035009 3.9565834909875874E-14
119.20297673374456 1.1643152869734912 10.420487342452022 130.78777936317007 1.1943981727105564E-43
28.77309625024301 33.869615831334414 30.68091534058719 93.32362742216462 0.8080425684291292
34.35687268240728 22.695139159618734 30.00583672590731 87.05784856793332 0.30217315653478594
91.08056555754845 12.384548585214436 10.70811586223065 114.17323000499354 8.51483389741421E-25
29.95616059442506 24.6056693129769 21.75161110035583 76.31344100775779 0.5056163518877677
30.7199832704293 25.025993418421486 21.868538143730564 77.61451483258135 0.4594097375419989
134.40621330851204 2.1745056284097433 1.0492021536786433 137.62992109060042 2.2460468044527655E-56
29.42516456478662 23.665124975369245 21.376972795815913 74.46726233597178 0.500155994363388
156.59321893348047 2.1133963634416117 3.13835120689556 161.84496650381763 2.4288540990645347E-64
38.29612751064071 19.582973052727322 30.593856918754195 88.47295748212223 0.04981269622469078
28.17814760182589 26.580898569127488 25.985672468033385 80.74471863898677 0.9533642770682766
27.419467949084158 25.976263412368343 22.03258280794478 75.42831416939728 0.7339895833688133
133.13635146488167 4.99570106780133 8.427209925860888 146.55926245854388 4.084623960447059E-48
84.35908623354 11.635398347918946 12.776993539623657 108.77147812108261 1.621133102268064E-21
27.25473330373807 18.543308829360438 25.651776696919367 71.44981883001788 0.4054927010321604
27.34614888904792 26.412413309625673 21.061506868455258 74.82006906712886 0.6305823692497401
26.559975746825973 24.409563070958857 24.336628296217707 75.30616711400253 0.93841813603682
32.68746058037895 20.007781432434804 29.133554400472747 81.82879641328651 0.20837364051112664
91.28566114587922 11.769606013145902 9.226114658838682 112.2813818178638 5.453228851430657E-26
82.89231141139314 10.794052392343678 7.862215162095275 101.54857896583209 6.732444598974826E-24
109.78761799715066 3.7284370298577203 4.201817157266835 117.71787218427521 4.845300560369539E-42
109.64427682602579 2.3774388724703415 5.334611914987012 117.35632761348313 3.6408631931796505E-42
142.00546457479751 20.00902995323931 16.032732084229036 178.04722661226586 2.986177889486117E-38
174.86821977353696 2.1117675836075493 1.456168251435724 178.43615560858024 1.2141392865573392E-73
78.68238585709658 9.768263952126453 17.668295075869242 106.11894488509226 3.440398733395825E-18
42.67636481616165 39.78603317112159 42.17667464770202 124.63907263498527 0.9441772618709805
54.99393955546969 33.47243842209014 34.79150385803883 123.25788183559865 0.02896775083724565
52.36749221687714 37.398005964542385 26.150331706584485 115.91582988800401 0.011366245579219203
179.0247002095269 3.0389620885042126 1.0051546391752577 183.06881693720638 4.662073206599066E-75
103.66004320225008 21.33771689585181 26.35352353430264 151.35128363240455 4.639789609669245E-19
139.43695018814802 8.041711466461187 22.490457839659793 169.969119494269 1.5987746289178991E-40
65.70437278998546 36.285028073419134 52.60298188892121 154.59238275232582 0.014762477119134865
57.87007960160628 36.3517602427072 53.86138396825274 148.08322381256622 0.07044789086597017
94.52601880032684 27.4819250404371 22.179473750288977 144.1874175910529 2.022167337615816E-15
106.33485341720919 14.171317131234733 12.531557277288291 133.03772782573222 5.878841763894221E-29
168.9854830196442 10.032019100743746 1.0150042432451392 180.03250636363308 2.491026653603097E-65
140.10164841135102 11.535778903281665 12.602021608936825 164.2394489235695 4.484884741603414E-44
73.2528921723563 39.416878434776685 38.60251978674433 151.2722903938773 4.286592483600653E-4
72.28524461220836 33.22075669741148 40.25338245493427 145.75938376455412 1.3314599455496233E-4
133.9229300902781 11.21111504293549 17.45683324639341 162.590878379607 5.263128858252746E-39
87.87494826294134 30.927219885281648 32.25437330042682 151.0565414486498 7.732641092893152E-10
142.86573783048829 11.56956209900017 8.092675144744305 162.52797507423276 4.830670847160565E-48
50.04173010492499 42.05113346859066 42.49311306880833 134.58597664232397 0.6378669273049268
155.86032628423519 4.9262685015950725 7.059077598904141 167.8456723847344 7.515196826905504E-59
80.94504655951862 54.057025888413726 29.010210809329728 164.01228325726206 4.3771011468517565E-6
167.34913913685062 2.3983092039021474 8.436435189354373 178.18388353010715 1.0512527783644629E-64
69.01928150332303 50.532567241945536 45.54340015981274 165.0952489050813 0.06206898763813388
70.97351437845775 51.01699450571024 49.02021344043585 171.01072232460382 0.07538025178772136
113.08042490003237 34.04420371256732 26.99398758735447 174.11861619995415 8.041042972525138E-18
159.6691286951327 5.045199237919634 7.864415400738542 172.5787433337909 8.148675414976362E-60
125.73958535195786 16.451308283584137 19.14613097065539 161.33702460619736 4.1880934428901376E-32
60.7596581684082 43.574986703335426 43.07460890832224 147.40925378006585 0.12702318468139026
135.3931161863987 5.477700032834622 8.524359279455435 149.39517549868876 1.1453580736601335E-48
122.80760509080187 7.974215397223774 4.963198616377149 135.74501910440281 4.742548423284121E-44
122.49893876189896 5.902194354283591 7.375161063995704 135.77629418017824 1.1429458575748563E-43
40.14078281156004 40.23512257210597 35.82098863271004 116.19689401637605 0.8485904011420287
98.77187035037646 11.072675557662604 8.971290876666059 118.81583678470513 1.5762812114263123E-29
152.50450532908297 10.086748673618377 14.007760373794287 176.59901437649566 2.8557038534305633E-49
167.45024227315625 4.505390379502055 5.5376911253502605 177.49332377800854 2.775551769815625E-65
117.77851806170243 26.284775497960517 30.09351245565769 174.15680601532065 9.07424230260974E-21
170.67710677210553 2.5534551816907354 0.3980869993890755 173.62864895318535 2.408842449647379E-72
96.58665212806359 9.654007303551552 10.409227512505147 116.64988694412028 1.2766919484503985E-28
49.5863665605017 25.751684102226033 28.28680945166845 103.62486011439618 0.007005099739521089
40.09881637345388 31.792820419618483 37.58857203554274 109.4802088286151 0.6081910135360902
107.89653664368221 4.362662755067254 12.587677644370403 124.84687704311986 2.7462152181449444E-35
144.16055420084263 3.321210365335562 2.554054899020931 150.03581946519913 1.8576500451799127E-58
86.10081194967262 7.29751626561805 41.068478885262586 134.46680710055324 7.163559007591337E-16
77.01192520662264 14.639065247151349 33.44286203517111 125.09385248894509 2.177092326399975E-11
108.77713538772784 4.375100187960313 5.999771304407199 119.15200688009536 7.58992374941833E-40
81.39574851911976 9.477811223830516 8.526967192556372 99.40052693550665 1.2568194117839063E-23
108.72864515276923 6.388232980425014 1.4412360712574048 116.55811420445166 9.954938174551855E-42
96.36541839703006 18.29979238077047 15.769995180633316 130.43520595843384 1.071184118016735E-21
67.73180774589677 6.752352710545365 24.279389853711947 98.76355031015409 9.944207315189547E-14
Extended species tree:
(P0109B,((P_018831,OSHQ)0:1.2452363633470869,((WZFE,P_016909)0:1.6815678250869825,(P0203H,((((SJEV,(P_019193,(P_019187,Wsal)0:0.5836124902157631)0:0.4117529449325302)0:2.3805401801967294,(P_016921,(GAP_81227,(WKSU,(Pcol,(GAP_81226,P_006410)0:0.846712458177738)0:0.43732133508768356)0.00001:0.2551689883683351)0:0.5341634053552813)0:2.012181259621978)0:1.9371490876419404,((P_025527,(P_025523,P_025525)NA:0.3815485330153787)NA:0.6627685035381199,(((QDVW,Asie)0:3.201815901712024,(P_019189,(P_019197,PAWA)0:0.6865375480415629)0.03655:0.1465459272536437)0.00015:0.27184972337523156,(((P2589,OPDF)0:1.0357211655701353,(P_019185,CSSK)0.24917:0.09095318331177106)0:1.1210567798639202,((P_019191,P_019199)0.24394:0.1833523485302407,(GAP_80417,(P2590,GAP_79804)0:2.0878124977063073)0:0.5269639652669256)0:0.45750482492883077)0:1.3520377636020278)0.01589:0.21917080044887557)0.00002:0.5773692041354352)0.21677:0.1177034306788079,(((WPHN,P_011613)0.09708:0.2673943551608692,(((P_011609,(Sdec,P2619)0.00137:0.3794017909003818)0:1.0610016875504429,(MAQO,(WAIL,(P_011527,((GAP_80297,P_014083)0:1.5966293407992038,(GAP_80298,P_014077)0.08775:0.13230054345549672)0.66873:0.05287422668701302)0.00767:0.23923653330734432)0:0.5512945984939214)0:1.1990546499166117)0.00001:0.4514556510888305,(((GAP_79862,P_011587)0:1.4173481466592872,(P_014081,(P0104A,P_008647)0:3.0353188098694495)0:1.5309578928301664)0:1.4532647893001986,(((KRJP,(GAP_80395,P_011549)0:1.467307138309084)0:1.0763152959799471,((P_011657,(P_011643,(P_011651,P_011509)0:0.6420347252951414)0.04371:0.11988640007854034)0:1.0526125402557984,((GAP_80394,GAP_80393)0:0.6209981305053673,(P_011631,((P_011647,(P_011465,(P_011501,(P_011489,(P_011523,P_011487)0.92235:0.016297887643152407)0.55956:0.060323498727529665)0:0.6093301012369332)0:1.2600503520222817)0.00165:0.25510013268667237,((P_011551,P_011589)NA:0.0,((P_007844,P_011637)0.00808:0.18921164339720345,(P_007843,(P_007783,P_006414)0.01007:0.11690519587029242)0:0.5158612068168508)0.34992:0.11005343136150181)0.3601:0.09160507084717975)0.27089:0.07821232085972488)0:0.49511695111196546)0.55406:0.05274244139211555)0:2.103813717526741)0:1.6803086932731497,((P_011531,(P_011699,(P_006411,Schi)0:0.7399308654825661)0:0.49972557570934134)0:1.9498733357452478,(VYLQ,((P_018635,P_008631)0.98514:0.004376570956690076,(P_011709,((P_011579,(P_011671,P_008632)0.40124:0.09663327017607769)0:1.6858813141052367,(P_011701,(((P_011719,P_011607)NA:0.2876820724517809,((P_011713,P_011705)0.49867:0.0996716581765461,((KAYP,(ABSS,BCGB)0:0.6424978342278744)0.35061:0.09170176342293992,(WIGA,(Dhai,(Apet,Msal)0.53636:0.10404598063825522)0.01725:0.1528185570878899)0:0.46283785831545415)0:0.4079556103120803)NA:0.14147578065845598)NA:0.0,((P_006413,(P_016813,((GAP_80390,GAP_80389)0:1.5386759846837006,((P_008640,P_006412)0:1.0734760627859468,(P_008646,P_011679)0.00012:0.2648135602794472)0.27459:0.09743959918413568)0.35118:0.10435784621795352)0:0.6252798693413613)0.1358:0.025806523951238298,((P_011759,(P_011673,(P_011537,(P_011677,P_011739)0:0.8551462861455866)0.05542:0.1727273044305124)0.08518:0.10215797472646708)0.12737:0.0,((P_011675,P_011735)0:1.6009664622284607,(P_011681,(P_011715,(P_011745,(P_014073,P_011611)NA:0.10989608577090178)0.00207:0.475221779135557)0.29785:0.07640225582025037)0.00023:0.2757420726729601)0:0.41008401691739216)0:1.088691839784476)0.04926:0.18890764874765678)0.13893:0.26432799833555604)0.3202:0.16214729231896619)NA:0.31138016946756275)NA:0.32146463790645147)0:0.4971480764141143)0.00107:0.23416296765332564)0:1.0999220476971907)0.10423:0.16509045671987957)0:0.4375025936548338)0:0.5686599403393505)0:1.6706365465747963,((((P_018639,P_018779)0.00001:0.29211764005199886,(P_018695,(P_018783,P_018645)0.00814:0.16620546917157286)0.00022:0.2614559013830098)0:0.4360928169236682,(P_007845,(((P_016793,(P_016795,P_006422)0:0.6887461497416973)0:0.5256626657783798,(P_016797,(OBPL,(P_016799,GAP_80397)0.0002:0.144900122472548)0:1.079374007604269)0:1.0509428949836055)0.69345:0.042890251889798794,(P_018691,(P_018693,((P_014095,S08)0:1.0196556435481614,((P_016787,S02)0:2.4433106394104604,((P_016791,(S03,P_014099)0:1.9976426908077916)0.19367:0.12145954185508079,(S04,(S38,(S27,P_016789)0.03174:0.28348835645082343)0.08718:0.3343079958391767)0.00176:0.40375971996743987)0.83771:0.034644642462646126)0.38958:0.09204912430523679)0.01027:0.22896632771401623)0.0786:0.20538983173175607)0.73056:0.026675331550737084)0.26225:0.14853125407286896)0.47584:0.07190627246864346)0:2.726027902043847,((P2623,(P2622,(P0110C,(P0110B,(P0207A,((XQWC,P0207B)0:0.3166754268191097,(P0207C,(P0206H,P0206G)0.01762:0.17345310109271123)0.04511:0.09148254982362646)0.09416:0.08821191134736046)0.42272:0.06307778336643372)0:1.5214191859548793)0:2.1882909156018022)0.01482:0.15275429713944266)0.04117:0.18586271366900534,((DHPO,GAP_80322)0:2.5195248631176885,((P_012795,P_012941)0:3.7330193235431532,(((P_012855,(P_012827,P_007802)0:2.212278357248344)0:0.9505916442671356,((P_012813,P_018637)0:0.4184667178783322,(P_012921,P_012919)0:2.513214500162947)0:1.7876921742558078)0:3.0139524102328568,(P_012861,(((P_012797,(P_012841,((P_012877,P_012913)0:0.8301845700368584,(P_012811,(P_012891,P_012895)0:0.3713665607987019)0:1.1623031272340467)0:1.56532991402986)0:0.4192179725143597)0.57777:0.06623359042059064,(((P_012883,P_012925)0:2.498340138067954,(P_012857,((P_012815,P_012903)0:1.4016653299247295,(P_012875,((P_012831,P_012905)0.00001:0.35844345001181377,(P_012901,(P_012851,P_012887)0:2.6965971204836783)0.90106:0.016676622619357765)0.0007:0.26327203755997314)0:0.8493921871916632)0.6557:0.055708460472034545)0.91705:0.02207285410564122)0:0.7734290025289852,(P_018689,((P_012859,(P_012885,(GAP_80294,P_006420)0:1.9432378431301156)0.80804:0.0)0.30217:0.08909768622260256,(((P_012881,P_012873)0:1.1590648203310794,(GAP_80291,P_012907)0.50562:0.08468214823121185)0.45941:0.09008990708900465,((P_012897,(GAP_80293,P_012893)0:3.0856294725991926)0.50016:0.08867769574997611,((P_006418,(P_012793,(GAP_80292,P_006419)0:2.85447247842973)0.04981:0.15318443047907862)0.95336:0.017210896946872264,((P_012889,P_012863)0.73399:0.03888730679442159,(P_012911,(P_012821,P_012917)0:1.9199467829166144)0:1.057698700477066)0.40549:0.0664407064022791)0.63058:0.04187198788635757)0.93842:0.022354748857667178)0.20837:0.09646494115416528)0:1.2335618004857176)0:1.2464752723538122)0:2.18183988928722)0:2.2035274764706743,((((P_012937,(P_006421,P_012939)0:1.170138518904301)0:3.26529293185473,(P_012853,(P_012803,(P_012829,P_012837)0:0.9207991363475189)0.94418:0.009556981964382849)0.02897:0.1789695327854029)0.01137:0.18857480074506952,(P_012843,(((P_012801,(P_012879,P_012809)0:3.191622024949674)0:0.7352246768907654,(P_012839,(P_012805,(P_012825,(P_012799,YZRI)0:1.2850095718075834)0.01476:0.14320998665152304)0.07045:0.08584057916901154)0:0.647396079281593)0:1.171120026082625,((P_012909,((P_012865,(P_012931,(P_012933,P_012935)0:2.3043938961762302)0:1.4775578096436064)0.00043:0.2505118248602568,((P_012807,P_012845)0.00013:0.2728773527851849,(P_012849,P_012871)0:1.3018362779854058)0:0.45707086770069216)0:1.6632112224743318)0.63787:0.05510709951278745,((GAP_81172,P_012833)0:2.1596985098262786,((P_012927,(PSJT,GAP_80295)0:0.2689378914625491)0:2.3119078075255763,((P_012791,P_012915)0.06207:0.13160246320269087,(P_012869,(P_012823,(P_012835,P_012819)0.07538:0.12660286135212923)0:0.6322482589545722)0:2.118585938742091)0:1.08423119266656)0.12702:0.12116158000483129)0:1.89961374592665)0:1.8780760293888383)0:1.8542068489451713)0.84859:0.01385639370274564)0:1.3338768735208724,(((P_012899,P_012817)0:1.551414113598288,(P_012923,P_012847)0:2.377281966890158)0:0.7105505258695455,P_012867)0:3.3830906768820945)0:1.3147189512005428)0.00701:0.2368832604548648)0.60819:0.0454423746738838)0:1.541991719740187)0:2.6841216888623545)0:0.603999706257321)0:0.5380704953426777)0:1.951885889657796)0:1.2590119043512784)0:2.1833728094205993)0:0.915708885149368)0:0.7306104148739492));
Weight calculation took 112.942500992 secs
ASTRAL finished in 128.189 secs
