
================== ASTRAL ===================== 

This is ASTRAL version 5.7.7
Gene trees are treated as unrooted
197 trees read from all_bs10.trees
index128
All output trees will be *arbitrarily* rooted at P0109B

======== Running the main analysis
Number of taxa: 244 (244 species)
Taxa: [P_012877, P_012913, P_012921, P_012919, P_012851, P_012887, P_012815, P_012903, P_012797, P_012883, P_012925, P_012831, P_012905, P_012901, P_011609, P_012875, P_012795, P_012941, GAP_80292, P_012859, P_012911, P_012881, P_012811, P_012793, P_012821, P_012891, P_006419, GAP_80291, P_018783, P_018639, P_018645, P_016795, S04, S27, P_007845, P_016799, GAP_80397, OBPL, P_016797, P_006422, P_016791, P_018691, P_018693, P_016793, P_016787, P_016789, S02, P_018779, S03, P_014099, P_011701, P_011673, P_011579, Sdec, P_018695, P2622, P2623, P0110C, P0206H, XQWC, P0207C, P0207A, P0206G, P0207B, DHPO, GAP_80322, P_011671, P_008632, P_011713, P_011677, Dhai, P_008646, GAP_80390, P_008640, Apet, P_011759, P_006413, P_016813, P_006412, P_011715, P_011681, P_011675, P_011735, ABSS, P_011745, P_011537, GAP_80389, VYLQ, WPHN, GAP_79862, P_011587, P_006411, Schi, P_011527, WAIL, GAP_80297, GAP_80298, MAQO, KRJP, GAP_80395, P_011549, GAP_80394, P_007783, P_007843, P_006414, P_007844, P_011637, P_011651, P_011509, P_011465, P_011501, P_011523, P_011489, P_011487, P_011643, GAP_80393, P_011647, P_011657, QDVW, Asie, P_025523, P_014081, P0104A, P_008647, P0110B, P_011551, P0203H, P_018831, P0109B, WZFE, P_016909, P_019193, P_019187, P_019197, Wsal, SJEV, P_016921, GAP_81227, Pcol, WKSU, PAWA, P_019189, GAP_81226, P_006410, P_012889, P_012873, P_012895, P_012907, GAP_80294, P_006420, P_006418, GAP_80293, P_012893, P_018689, P_012885, P_012897, P_012917, P_012863, P_012855, P_012827, P_007802, P_012813, P_012803, P_006421, P_012939, P_012937, P_012867, P_012899, P_012817, P_019185, P_012829, P_018635, P_014083, P2589, OPDF, CSSK, GAP_80417, P2590, GAP_79804, P_012923, P_012847, P_012853, P_012837, P_012843, P_012801, P_012823, P_012835, P_012819, P_012791, P_012869, P_012933, P_012935, GAP_81172, PSJT, P_012927, P_012807, GAP_80295, P_012915, P_012931, P_011699, P_012825, P_012799, YZRI, P_012845, P_012805, P_012865, P_012849, P_012909, P_012833, P_012871, P_012839, P_012879, P_012809, P_012857, P_018637, P_012861, P_012841, P2619, S38, P_014095, S08, OSHQ, P_025525, P_019191, P_011613, P_014077, P_008631, P_011679, BCGB, P_011739, P_011705, WIGA, Msal, P_011531, P_011631, KAYP, P_011719, P_025527, P_014073, P_011709, P_019199, P_011611, P_011607, P_011589]
Taxon occupancy: {P_019193=169, P_019191=84, P_019197=178, OPDF=178, GAP_81172=196, P_018783=191, P_019199=66, Wsal=173, P_016921=192, WKSU=189, P_025523=31, P_025525=56, P_025527=24, P_014073=23, P0203H=142, P_014077=114, QDVW=187, P_011487=191, P_011489=193, P_016813=175, P_006421=196, P_006422=190, P_006420=155, P_006418=196, P_006419=195, P_006414=193, P_014081=138, P_014083=141, P_018689=197, P0206H=185, P0206G=171, Msal=169, P0109B=105, P_012901=194, P_006410=189, P_006411=191, P_012903=194, P_006412=190, P_006413=186, P_012905=194, GAP_79862=188, PAWA=183, P_012907=197, ABSS=181, P_012909=194, P_018691=94, GAP_80291=197, P_018695=188, P_014095=85, GAP_80293=195, GAP_80292=195, P_018693=188, GAP_80295=193, P_014099=187, GAP_80294=196, GAP_80297=190, GAP_80298=190, P_012911=194, P_011701=34, P_012913=173, P_012915=191, P_011705=101, P_012917=190, P_012919=184, P_011709=21, P_012881=197, P_011671=113, P_011551=127, P_012883=197, P_011673=156, MAQO=188, GAP_80322=195, P_011675=177, P_012885=194, P2590=163, P_012887=195, P_011677=151, P_012889=194, P_011679=164, P_008647=183, PSJT=181, P2589=169, P_012891=195, P_011681=137, P_012893=194, P_018637=191, P_012895=196, P_018635=178, P_012897=195, P0207C=189, P0207B=190, P_012899=193, P_018639=180, P0207A=189, P_008646=192, P_008640=190, BCGB=179, WZFE=188, P_018645=189, KRJP=188, KAYP=86, P_011699=99, P_011579=145, CSSK=181, P_008632=188, P_007783=178, P_016909=192, P_008631=40, P_019187=187, P_019185=183, Sdec=48, P_019189=168, P_012791=194, P_012793=193, P_012795=194, Asie=153, P_018779=152, P_011465=193, P_012797=194, P_011587=149, P_012799=196, P_011589=3, GAP_80417=111, WIGA=169, P_007802=154, GAP_79804=148, P_012841=193, P_011631=161, Pcol=161, P_012843=195, P_012845=194, P_011637=189, P_012847=189, P_011759=176, P_012849=195, Apet=88, OBPL=190, P0110C=180, P0110B=135, P_018831=189, YZRI=190, P_012851=194, P_011643=194, P_012853=191, P_011523=193, P_012855=189, P_011647=173, P_012857=193, P_011527=117, P_012859=195, WAIL=194, P_016789=186, P_011651=167, P_012861=196, P_016787=190, P_011531=159, P_012863=195, P_012865=191, Schi=160, P_011657=174, P_012867=194, P_011537=140, P_012869=194, P_016793=186, P_016791=190, P_016797=191, SJEV=190, P_016795=187, P_012871=190, P_012873=195, P_016799=193, P_012875=195, P_012877=193, P_012879=196, P_011549=180, P_007844=139, P_007845=32, S02=151, P_012921=177, S04=53, S03=184, P_012801=195, P_011713=132, P_012923=191, P_012803=194, P_012925=194, P_011715=161, S08=128, P_007843=171, P_012805=194, P_012927=195, P_012807=192, P_011719=20, P_012809=195, VYLQ=193, DHPO=195, GAP_80390=173, P2622=146, P2623=72, XQWC=187, GAP_80394=194, GAP_80393=193, GAP_80395=194, GAP_80397=190, P_012931=196, P_012811=195, WPHN=186, P_012933=189, P_012813=194, P_012935=192, P_012815=191, P_012937=196, P_012817=193, P_011607=5, P_012939=192, P_011609=132, P_012819=190, P2619=128, OSHQ=185, GAP_80389=184, P_012941=197, P_012821=195, P_011611=32, P_012823=192, P_011613=63, P_011735=190, S27=144, P_012825=197, P_012827=173, P_011739=160, P_012829=144, Dhai=185, P0104A=168, P_012831=189, P_011501=194, GAP_81226=193, P_012833=192, P_011745=173, GAP_81227=191, P_012835=193, S38=52, P_012837=194, P_012839=191, P_011509=193}
Number of gene trees: 197
197 trees have missing taxa
Calculating quartet distance matrix (for completion of X)
Species tree distances calculated ...
Will attempt to complete bipartitions from X before adding using a distance matrix.
Building set of clusters (X) from gene trees 
------------------------------
gradient0: 41427
Number of Clusters after addition by distance: 41427
calculating extra bipartitions to be added at level 1 ...
Adding to X using resolutions of greedy consensus ...
Limit for sigma of degrees:6150
polytomy size limit : 49
discarded polytomies:  [3, 3, 3, 3, 3, 3, 3, 3, 3, 3, 3, 3, 3, 3, 3, 3, 3, 4, 4, 4, 4, 4, 4, 4, 4, 4, 4, 4, 4, 4, 4, 4, 5, 5, 5, 5, 5, 5, 6, 6, 6, 6, 8, 8, 8, 10, 11, 13, 14, 15, 15, 16, 24, 28, 49]
Threshold 0.0:
polytomy of size 5; rounds with additions with at least 5 support: 1; clusters: 41469
Threshold 0.01:
polytomy of size 5; rounds with additions with at least 5 support: 1; clusters: 41473
polytomy of size 3; rounds with additions with at least 5 support: 0; clusters: 41473
Threshold 0.02:
polytomy of size 8; rounds with additions with at least 5 support: 1; clusters: 41695
polytomy of size 4; rounds with additions with at least 5 support: 1; clusters: 41701
Threshold 0.05:
polytomy of size 10; rounds with additions with at least 5 support: 4; clusters: 41757
polytomy of size 3; rounds with additions with at least 5 support: 0; clusters: 41757
polytomy of size 4; rounds with additions with at least 5 support: 0; clusters: 41757
polytomy of size 3; rounds with additions with at least 5 support: 0; clusters: 41757
polytomy of size 6; rounds with additions with at least 5 support: 1; clusters: 41769
polytomy of size 3; rounds with additions with at least 5 support: 0; clusters: 41769
Threshold 0.1:
polytomy of size 13; rounds with additions with at least 5 support: 0; clusters: 41795
polytomy of size 4; rounds with additions with at least 5 support: 0; clusters: 41795
polytomy of size 4; rounds with additions with at least 5 support: 0; clusters: 41795
polytomy of size 3; rounds with additions with at least 5 support: 0; clusters: 41795
polytomy of size 8; rounds with additions with at least 5 support: 0; clusters: 41805
polytomy of size 5; rounds with additions with at least 5 support: 0; clusters: 41805
polytomy of size 15; rounds with additions with at least 5 support: 0; clusters: 41831
polytomy of size 3; rounds with additions with at least 5 support: 0; clusters: 41831
polytomy of size 5; rounds with additions with at least 5 support: 0; clusters: 41831
polytomy of size 3; rounds with additions with at least 5 support: 0; clusters: 41831
Threshold 0.2:
polytomy of size 14; rounds with additions with at least 5 support: 0; clusters: 41833
polytomy of size 4; rounds with additions with at least 5 support: 0; clusters: 41833
polytomy of size 4; rounds with additions with at least 5 support: 0; clusters: 41833
polytomy of size 3; rounds with additions with at least 5 support: 0; clusters: 41833
polytomy of size 6; rounds with additions with at least 5 support: 0; clusters: 41833
polytomy of size 5; rounds with additions with at least 5 support: 0; clusters: 41833
polytomy of size 4; rounds with additions with at least 5 support: 0; clusters: 41833
polytomy of size 11; rounds with additions with at least 5 support: 0; clusters: 41855
polytomy of size 4; rounds with additions with at least 5 support: 0; clusters: 41855
polytomy of size 4; rounds with additions with at least 5 support: 0; clusters: 41855
polytomy of size 8; rounds with additions with at least 5 support: 0; clusters: 41857
polytomy of size 3; rounds with additions with at least 5 support: 0; clusters: 41857
polytomy of size 28; rounds with additions with at least 5 support: 0; clusters: 41887
polytomy of size 4; rounds with additions with at least 5 support: 0; clusters: 41887
polytomy of size 4; rounds with additions with at least 5 support: 0; clusters: 41887
polytomy of size 3; rounds with additions with at least 5 support: 0; clusters: 41887
Threshold 0.3333333333333333:
polytomy of size 24; rounds with additions with at least 5 support: 0; clusters: 41889
polytomy of size 4; rounds with additions with at least 5 support: 0; clusters: 41889
polytomy of size 3; rounds with additions with at least 5 support: 0; clusters: 41889
polytomy of size 3; rounds with additions with at least 5 support: 0; clusters: 41889
polytomy of size 3; rounds with additions with at least 5 support: 0; clusters: 41889
polytomy of size 5; rounds with additions with at least 5 support: 0; clusters: 41889
polytomy of size 6; rounds with additions with at least 5 support: 0; clusters: 41889
polytomy of size 3; rounds with additions with at least 5 support: 0; clusters: 41889
polytomy of size 6; rounds with additions with at least 5 support: 0; clusters: 41889
polytomy of size 3; rounds with additions with at least 5 support: 0; clusters: 41889
polytomy of size 16; rounds with additions with at least 5 support: 0; clusters: 41905
polytomy of size 3; rounds with additions with at least 5 support: 0; clusters: 41905
polytomy of size 4; rounds with additions with at least 5 support: 0; clusters: 41905
polytomy of size 3; rounds with additions with at least 5 support: 0; clusters: 41905
polytomy of size 15; rounds with additions with at least 5 support: 0; clusters: 41905
polytomy of size 49; rounds with additions with at least 5 support: 0; clusters: 41943
polytomy of size 4; rounds with additions with at least 5 support: 0; clusters: 41943
polytomy of size 4; rounds with additions with at least 5 support: 0; clusters: 41943
max k is :8
Number of Clusters after addition by greedy: 41943
gradient0 in heuristiic: 41943
partitions formed in 9.888 secs
Dynamic Programming starting after 9.888 secs
Using tree-based weight calculation.
Using polytree-based weight calculation.
Polytree max score: 11633854994
Polytree building time: 0.106 seconds.
Number of quartet trees in the gene trees: 11633854994
Size of largest cluster: 244
Greedy score: 10442979234
estimationFactor: 1.1140360172433146
Sub-optimal score: 10714717369
Calculated 100000 weights; time (seconds): 121
Total Number of elements weighted: 102374
Normalized score (portion of input quartet trees satisfied before correcting for multiple individuals): 0.9486640722006578
Optimization score: 11036620254
Optimal tree inferred in 124.518 secs.
(P_012867,(((P_012899,P_012817),(P_012923,P_012847)),((((P_012937,(P_006421,P_012939)),(P_012853,(P_012803,(P_012829,P_012837)))),(P_012843,(((P_012801,(P_012879,P_012809)),(P_012839,(P_012805,(P_012825,(P_012799,YZRI))))),((P_012909,((P_012865,(P_012931,(P_012933,P_012935))),((P_012807,P_012845),(P_012849,P_012871)))),((GAP_81172,P_012833),((P_012927,(PSJT,GAP_80295)),((P_012791,P_012915),(P_012869,(P_012823,(P_012835,P_012819)))))))))),(((P_012797,(P_012841,((P_012877,P_012913),(P_012811,(P_012891,P_012895))))),(((P_012883,P_012925),(P_012857,((P_012815,P_012903),(P_012875,((P_012831,P_012905),(P_012901,(P_012851,P_012887))))))),(P_018689,((P_012859,(P_012885,(GAP_80294,P_006420))),(((P_012881,P_012873),(GAP_80291,P_012907)),((P_012897,(GAP_80293,P_012893)),((P_006418,(P_012793,(GAP_80292,P_006419))),((P_012889,P_012863),(P_012911,(P_012821,P_012917)))))))))),(P_012861,(((P_012855,(P_012827,P_007802)),((P_012813,P_018637),(P_012921,P_012919))),((P_012795,P_012941),((DHPO,GAP_80322),((P2623,(P2622,(P0110C,(P0110B,(P0207A,((XQWC,P0207B),(P0207C,(P0206H,P0206G)))))))),((((P_018639,P_018779),(P_018695,(P_018783,P_018645))),(P_007845,(((P_016793,(P_016795,P_006422)),(P_016797,(OBPL,(P_016799,GAP_80397)))),(P_018691,(P_018693,((P_014095,S08),((P_016787,S02),((P_016791,(S03,P_014099)),(S04,(S38,(S27,P_016789))))))))))),(((P0203H,((WZFE,P_016909),(P0109B,(P_018831,OSHQ)))),(((SJEV,(P_019193,(P_019187,Wsal))),(P_016921,(GAP_81227,(WKSU,(Pcol,(GAP_81226,P_006410)))))),((P_025527,(P_025523,P_025525)),(((QDVW,Asie),(P_019189,(P_019197,PAWA))),(((P2589,OPDF),(P_019185,CSSK)),((P_019191,P_019199),(GAP_80417,(P2590,GAP_79804)))))))),((WPHN,P_011613),(((P_011609,(Sdec,P2619)),(MAQO,(WAIL,(P_011527,((GAP_80297,P_014083),(GAP_80298,P_014077)))))),(((GAP_79862,P_011587),(P_014081,(P0104A,P_008647))),(((KRJP,(GAP_80395,P_011549)),((P_011657,(P_011643,(P_011651,P_011509))),((GAP_80394,GAP_80393),(P_011631,((P_011647,(P_011465,(P_011501,(P_011489,(P_011523,P_011487))))),((P_011551,P_011589),((P_007844,P_011637),(P_007843,(P_007783,P_006414))))))))),((P_011531,(P_011699,(P_006411,Schi))),(VYLQ,((P_018635,P_008631),(P_011709,((P_011579,(P_011671,P_008632)),(P_011701,(((P_011719,P_011607),((P_011713,P_011705),((KAYP,(ABSS,BCGB)),(WIGA,(Dhai,(Apet,Msal)))))),((P_006413,(P_016813,((GAP_80390,GAP_80389),((P_008640,P_006412),(P_008646,P_011679))))),((P_011759,(P_011673,(P_011537,(P_011677,P_011739)))),((P_011675,P_011735),(P_011681,(P_011715,(P_011745,(P_014073,P_011611)))))))))))))))))))))))))))));
Final quartet score is: 11036620254
Final normalized quartet score is: 0.9486640722006578
You may want to ignore posterior probabilities and other statistics related to the following branch branch because the effective number of genes impacting it is only 12:
	{P_025523, P_025525}
You may want to ignore posterior probabilities and other statistics related to the following branch branch because the effective number of genes impacting it is only 17:
	{P_025523, P_025525, P_025527}
You may want to ignore posterior probabilities and other statistics related to the following branch branch because the effective number of genes impacting it is only 1:
	{P_011551, P_011589}
You may want to ignore posterior probabilities and other statistics related to the following branch branch because the effective number of genes impacting it is only 1:
	{P_011719, P_011607}
You may want to ignore posterior probabilities and other statistics related to the following branch branch because the effective number of genes impacting it is only 4:
	{P_014073, P_011611}
You may want to ignore posterior probabilities and other statistics related to the following branch branch because the effective number of genes impacting it is only 19:
	{P_011701, P_011673, P_011579, P_011671, P_008632, P_011713, P_011677, Dhai, P_008646, GAP_80390, P_008640, Apet, P_011759, P_006413, P_016813, P_006412, P_011715, P_011681, P_011675, P_011735, ABSS, P_011745, P_011537, GAP_80389, P_011679, BCGB, P_011739, P_011705, WIGA, Msal, KAYP, P_011719, P_014073, P_011709, P_011611, P_011607}
Extended species tree:
(P0109B,((P_018831,OSHQ)81.68:1.2452363633470869,((WZFE,P_016909)88.08:1.6815678250869825,(P0203H,((((SJEV,(P_019193,(P_019187,Wsal)63.21:0.5836124902157631)56.19:0.4117529449325302)94.39:2.3805401801967294,(P_016921,(GAP_81227,(WKSU,(Pcol,(GAP_81226,P_006410)71.88:0.846712458177738)57.34:0.43732133508768356)48.63:0.2551689883683351)61.27:0.5341634053552813)91.61:2.012181259621978)91.05:1.9371490876419404,((P_025527,(P_025523,P_025525)59.93:0.3815485330153787)71.18:0.6627685035381199,(((QDVW,Asie)97.95:3.201815901712024,(P_019189,(P_019197,PAWA)66.99:0.6865375480415629)42.76:0.1465459272536437)49.54:0.27184972337523156,(((P2589,OPDF)76.85:1.0357211655701353,(P_019185,CSSK)39.37:0.09095318331177106)78.75:1.1210567798639202,((P_019191,P_019199)45.57:0.1833523485302407,(GAP_80417,(P2590,GAP_79804)92.69:2.0878124977063073)61.52:0.5269639652669256)58.46:0.45750482492883077)83.28:1.3520377636020278)47.41:0.21917080044887557)64:0.5773692041354352)41.12:0.1177034306788079,(((WPHN,P_011613)50.34:0.2673943551608692,(((P_011609,(Sdec,P2619)55.97:0.3794017909003818)77.89:1.0610016875504429,(MAQO,(WAIL,(P_011527,((GAP_80297,P_014083)87.11:1.5966293407992038,(GAP_80298,P_014077)42.01:0.13230054345549672)37.14:0.05287422668701302)48.01:0.23923653330734432)61.97:0.5512945984939214)80.57:1.1990546499166117)58.22:0.4514556510888305,(((GAP_79862,P_011587)84.51:1.4173481466592872,(P_014081,(P0104A,P_008647)97.58:3.0353188098694495)86.26:1.5309578928301664)85.04:1.4532647893001986,(((KRJP,(GAP_80395,P_011549)85.17:1.467307138309084)77.8:1.0763152959799471,((P_011657,(P_011643,(P_011651,P_011509)65.37:0.6420347252951414)41.15:0.11988640007854034)77.27:1.0526125402557984,((GAP_80394,GAP_80393)64.63:0.6209981305053673,(P_011631,((P_011647,(P_011465,(P_011501,(P_011489,(P_011523,P_011487)34.65:0.016297887643152407)37.49:0.060323498727529665)64.19:0.6093301012369332)81.71:1.2600503520222817)48.77:0.25510013268667237,((P_011551,P_011589)0.65:0.0,((P_007844,P_011637)45.25:0.18921164339720345,(P_007843,(P_007783,P_006414)40.99:0.11690519587029242)60.66:0.5158612068168508)40.76:0.11005343136150181)39.63:0.09160507084717975)38.7:0.07821232085972488)59.88:0.49511695111196546)37.03:0.05274244139211555)92.48:2.103813717526741)88.32:1.6803086932731497,((P_011531,(P_011699,(P_006411,Schi)69.03:0.7399308654825661)60.33:0.49972557570934134)91.17:1.9498733357452478,(VYLQ,((P_018635,P_008631)34.86:0.004376570956690076,(P_011709,((P_011579,(P_011671,P_008632)39.94:0.09663327017607769)88.34:1.6858813141052367,(P_011701,(((P_011719,P_011607)100:0.2876820724517809,((P_011713,P_011705)40.4:0.0996716581765461,((KAYP,(ABSS,BCGB)66.04:0.6424978342278744)39.96:0.09170176342293992,(WIGA,(Dhai,(Apet,Msal)40.73:0.10404598063825522)43.24:0.1528185570878899)58.59:0.46283785831545415)56.2:0.4079556103120803)45.12:0.14147578065845598)21.45:0.0,((P_006413,(P_016813,((GAP_80390,GAP_80389)86.36:1.5386759846837006,((P_008640,P_006412)77.81:1.0734760627859468,(P_008646,P_011679)49.29:0.2648135602794472)39.9:0.09743959918413568)40.38:0.10435784621795352)65.03:0.6252798693413613)35.45:0.025806523951238298,((P_011759,(P_011673,(P_011537,(P_011677,P_011739)72.48:0.8551462861455866)44.47:0.1727273044305124)40.27:0.10215797472646708)26.39:0.0,((P_011675,P_011735)87.17:1.6009664622284607,(P_011681,(P_011715,(P_011745,(P_014073,P_011611)50.45:0.10989608577090178)60.4:0.475221779135557)38.66:0.07640225582025037)49.92:0.2757420726729601)56.25:0.41008401691739216)78.24:1.088691839784476)45.3:0.18890764874765678)51.5:0.26432799833555604)45.37:0.16214729231896619)55.34:0.31138016946756275)56.2:0.32146463790645147)59.99:0.4971480764141143)47.71:0.23416296765332564)78.64:1.0999220476971907)44.03:0.16509045671987957)57.62:0.4375025936548338)62.87:0.5686599403393505)88.28:1.6706365465747963,((((P_018639,P_018779)50.63:0.29211764005199886,(P_018695,(P_018783,P_018645)43.85:0.16620546917157286)49.01:0.2614559013830098)57.3:0.4360928169236682,(P_007845,(((P_016793,(P_016795,P_006422)67.03:0.6887461497416973)61.11:0.5256626657783798,(P_016797,(OBPL,(P_016799,GAP_80397)42.59:0.144900122472548)77.82:1.079374007604269)77.21:1.0509428949836055)36.46:0.042890251889798794,(P_018691,(P_018693,((P_014095,S08)77.21:1.0196556435481614,((P_016787,S02)94.9:2.4433106394104604,((P_016791,(S03,P_014099)91.51:1.9976426908077916)41.32:0.12145954185508079,(S04,(S38,(S27,P_016789)50.95:0.28348835645082343)54.78:0.3343079958391767)56.74:0.40375971996743987)35.9:0.034644642462646126)39.61:0.09204912430523679)47.51:0.22896632771401623)46.54:0.20538983173175607)35.72:0.026675331550737084)44.66:0.14853125407286896)39.83:0.07190627246864346)96.2:2.726027902043847,((P2623,(P2622,(P0110C,(P0110B,(P0207A,((XQWC,P0207B)51.75:0.3166754268191097,(P0207C,(P0206H,P0206G)44.24:0.17345310109271123)39.4:0.09148254982362646)39.2:0.08821191134736046)37.72:0.06307778336643372)86.12:1.5214191859548793)93.24:2.1882909156018022)43.56:0.15275429713944266)45.54:0.18586271366900534,((DHPO,GAP_80322)95.15:2.5195248631176885,((P_012795,P_012941)98.92:3.7330193235431532,(((P_012855,(P_012827,P_007802)93.39:2.212278357248344)74.71:0.9505916442671356,((P_012813,P_018637)56.46:0.4184667178783322,(P_012921,P_012919)95.17:2.513214500162947)89.37:1.7876921742558078)97.35:3.0139524102328568,(P_012861,(((P_012797,(P_012841,((P_012877,P_012913)71.44:0.8301845700368584,(P_012811,(P_012891,P_012895)54.37:0.3713665607987019)79.67:1.1623031272340467)86.67:1.56532991402986)56.62:0.4192179725143597)37.95:0.06623359042059064,(((P_012883,P_012925)95.11:2.498340138067954,(P_012857,((P_012815,P_012903)84.3:1.4016653299247295,(P_012875,((P_012831,P_012905)53.83:0.35844345001181377,(P_012901,(P_012851,P_012887)96.1:2.6965971204836783)34.7:0.016676622619357765)49.14:0.26327203755997314)72.17:0.8493921871916632)37.35:0.055708460472034545)35.13:0.02207285410564122)69.93:0.7734290025289852,(P_018689,((P_012859,(P_012885,(GAP_80294,P_006420)91.14:1.9432378431301156)30.83:0.0)39.46:0.08909768622260256,(((P_012881,P_012873)79.77:1.1590648203310794,(GAP_80291,P_012907)39.25:0.08468214823121185)39.58:0.09008990708900465,((P_012897,(GAP_80293,P_012893)97.66:3.0856294725991926)39.51:0.08867769574997611,((P_006418,(P_012793,(GAP_80292,P_006419)96.76:2.85447247842973)43.29:0.15318443047907862)34.9:0.017210896946872264,((P_012889,P_012863)36.35:0.03888730679442159,(P_012911,(P_012821,P_012917)90.84:1.9199467829166144)77.56:1.057698700477066)38.15:0.0664407064022791)36.55:0.04187198788635757)35.27:0.022354748857667178)39.95:0.09646494115416528)81.3:1.2335618004857176)81.63:1.2464752723538122)93.26:2.18183988928722)93.43:2.2035274764706743,((((P_012937,(P_006421,P_012939)79.76:1.170138518904301)98:3.26529293185473,(P_012853,(P_012803,(P_012829,P_012837)74.15:0.9207991363475189)34.24:0.009556981964382849)44.62:0.1789695327854029)45.18:0.18857480074506952,(P_012843,(((P_012801,(P_012879,P_012809)97.79:3.191622024949674)68.49:0.7352246768907654,(P_012839,(P_012805,(P_012825,(P_012799,YZRI)82.04:1.2850095718075834)42.5:0.14320998665152304)39.08:0.08584057916901154)65.56:0.647396079281593)79.93:1.171120026082625,((P_012909,((P_012865,(P_012931,(P_012933,P_012935)93.86:2.3043938961762302)85.3:1.4775578096436064)48.42:0.2505118248602568,((P_012807,P_012845)49.59:0.2728773527851849,(P_012849,P_012871)82.37:1.3018362779854058)58.17:0.45707086770069216)87.9:1.6632112224743318)37.18:0.05510709951278745,((GAP_81172,P_012833)92.86:2.1596985098262786,((P_012927,(PSJT,GAP_80295)49.35:0.2689378914625491)93.92:2.3119078075255763,((P_012791,P_012915)41.81:0.13160246320269087,(P_012869,(P_012823,(P_012835,P_012819)41.5:0.12660286135212923)64.94:0.6322482589545722)92.52:2.118585938742091)77.94:1.08423119266656)41.22:0.12116158000483129)90.63:1.89961374592665)90.47:1.8780760293888383)90.22:1.8542068489451713)34.55:0.01385639370274564)83.13:1.3338768735208724,(((P_012899,P_012817)86.36:1.551414113598288,(P_012923,P_012847)94.34:2.377281966890158)67.63:0.7105505258695455,P_012867)98.3:3.3830906768820945)82.8:1.3147189512005428)47.85:0.2368832604548648)36.63:0.0454423746738838)86.42:1.541991719740187)96.08:2.6841216888623545)64.03:0.603999706257321)61.56:0.5380704953426777)91.29:1.951885889657796)81.89:1.2590119043512784)93.28:2.1833728094205993)73.88:0.915708885149368)68.58:0.7306104148739492));
Weight calculation took 110.340879278 secs
ASTRAL finished in 126.134 secs
