
================== ASTRAL ===================== 

This is ASTRAL version 5.7.7
Gene trees are treated as unrooted
195 trees read from all_bs10.trees
index128
All output trees will be *arbitrarily* rooted at P0109B

======== Running the main analysis
Number of taxa: 244 (244 species)
Taxa: [P_012877, P_012913, P_012921, P_012919, P_012851, P_012887, P_012815, P_012903, P_012797, P_012883, P_012925, P_012831, P_012905, P_012901, P_011609, P_012875, P_012795, P_012941, GAP_80292, P_012859, P_012911, P_012881, P_012811, P_012793, P_012821, P_012891, P_006419, GAP_80291, P_018783, P_018639, P_018645, P_016795, S04, S27, P_007845, P_016799, GAP_80397, OBPL, P_016797, P_006422, P_016791, P_018691, P_018693, P_016793, P_016787, P_016789, S02, P_018779, S03, P_014099, P_011701, P_011673, P_011579, Sdec, P_018695, P2622, P2623, P0110C, P0206H, XQWC, P0207C, P0207A, P0206G, P0207B, DHPO, GAP_80322, P_011671, P_008632, P_011713, P_011677, Dhai, P_008646, GAP_80390, P_008640, Apet, P_011759, P_006413, P_016813, P_006412, P_011715, P_011681, P_011675, P_011735, ABSS, P_011745, P_011537, GAP_80389, VYLQ, WPHN, GAP_79862, P_011587, P_006411, Schi, P_011527, WAIL, GAP_80297, GAP_80298, MAQO, KRJP, GAP_80395, P_011549, GAP_80394, P_007783, P_007843, P_006414, P_007844, P_011637, P_011651, P_011509, P_011465, P_011501, P_011523, P_011489, P_011487, P_011643, GAP_80393, P_011647, P_011657, QDVW, Asie, P_025523, P_014081, P0104A, P_008647, P0110B, P_011551, P0203H, P_018831, P0109B, WZFE, P_016909, P_019193, P_019187, P_019197, Wsal, SJEV, P_016921, GAP_81227, Pcol, WKSU, PAWA, P_019189, GAP_81226, P_006410, P_012889, P_012873, P_012895, P_012907, GAP_80294, P_006420, P_006418, GAP_80293, P_012893, P_018689, P_012885, P_012897, P_012917, P_012863, P_012855, P_012827, P_007802, P_012813, P_012803, P_006421, P_012939, P_012937, P_012867, P_012899, P_012817, P_019185, P_012829, P_018635, P_014083, P2589, OPDF, CSSK, GAP_80417, P2590, GAP_79804, P_012923, P_012847, P_012853, P_012837, P_012843, P_012801, P_012823, P_012835, P_012819, P_012791, P_012869, P_012933, P_012935, GAP_81172, PSJT, P_012927, P_012807, GAP_80295, P_012915, P_012931, P_011699, P_012825, P_012799, YZRI, P_012845, P_012805, P_012865, P_012849, P_012909, P_012833, P_012871, P_012839, P_012879, P_012809, P_012857, P_018637, P_012861, P_012841, P2619, S38, P_014095, S08, OSHQ, P_025525, P_019191, P_011613, P_014077, P_008631, P_011679, BCGB, P_011739, P_011705, WIGA, Msal, P_011531, P_011631, KAYP, P_011719, P_025527, P_014073, P_011709, P_019199, P_011611, P_011607, P_011589]
Taxon occupancy: {P_019193=167, P_019191=81, P_019197=177, OPDF=176, GAP_81172=194, P_018783=189, P_019199=64, Wsal=171, P_016921=191, WKSU=187, P_025523=30, P_025525=56, P_025527=24, P_014073=22, P0203H=140, P_014077=113, QDVW=185, P_011487=189, P_011489=191, P_016813=173, P_006421=194, P_006422=188, P_006420=152, P_006418=194, P_006419=193, P_006414=191, P_014081=136, P_014083=139, P_018689=195, P0206H=183, P0206G=169, Msal=168, P0109B=104, P_012901=192, P_006410=187, P_006411=189, P_012903=192, P_006412=188, P_006413=184, P_012905=192, GAP_79862=186, PAWA=181, P_012907=195, ABSS=179, P_012909=192, P_018691=92, GAP_80291=195, P_018695=186, P_014095=83, GAP_80293=193, GAP_80292=193, P_018693=186, GAP_80295=191, P_014099=185, GAP_80294=194, GAP_80297=188, GAP_80298=188, P_012911=192, P_011701=33, P_012913=171, P_012915=189, P_011705=98, P_012917=188, P_012919=182, P_011709=20, P_012881=195, P_011671=110, P_011551=124, P_012883=195, P_011673=154, MAQO=186, GAP_80322=193, P_011675=175, P_012885=192, P2590=161, P_012887=193, P_011677=149, P_012889=192, P_011679=162, P_008647=181, PSJT=179, P2589=167, P_012891=193, P_011681=135, P_012893=192, P_018637=189, P_012895=194, P_018635=177, P_012897=193, P0207C=187, P0207B=188, P_012899=191, P_018639=178, P0207A=187, P_008646=190, P_008640=188, BCGB=177, WZFE=186, P_018645=187, KRJP=186, KAYP=86, P_011699=98, P_011579=142, CSSK=179, P_008632=186, P_007783=176, P_016909=190, P_008631=40, P_019187=185, P_019185=182, Sdec=46, P_019189=166, P_012791=192, P_012793=191, P_012795=192, Asie=152, P_018779=151, P_011465=191, P_012797=192, P_011587=147, P_012799=194, P_011589=3, GAP_80417=108, WIGA=167, P_007802=151, GAP_79804=145, P_012841=191, P_011631=158, Pcol=159, P_012843=193, P_012845=192, P_011637=187, P_012847=187, P_011759=174, P_012849=193, Apet=89, OBPL=188, P0110C=178, P0110B=132, P_018831=187, YZRI=188, P_012851=192, P_011643=192, P_012853=189, P_011523=191, P_012855=187, P_011647=171, P_012857=191, P_011527=117, P_012859=193, WAIL=192, P_016789=184, P_011651=166, P_012861=194, P_016787=188, P_011531=157, P_012863=193, P_012865=189, Schi=159, P_011657=171, P_012867=192, P_011537=139, P_012869=192, P_016793=184, P_016791=188, P_016797=189, SJEV=188, P_016795=185, P_012871=188, P_012873=193, P_016799=191, P_012875=193, P_012877=191, P_012879=194, P_011549=178, P_007844=136, P_007845=31, S02=149, P_012921=175, S04=52, S03=182, P_012801=193, P_011713=130, P_012923=189, P_012803=192, P_012925=192, P_011715=159, S08=125, P_007843=169, P_012805=192, P_012927=193, P_012807=190, P_011719=19, P_012809=193, VYLQ=191, DHPO=193, GAP_80390=172, P2622=143, P2623=71, XQWC=185, GAP_80394=192, GAP_80393=191, GAP_80395=192, GAP_80397=188, P_012931=194, P_012811=193, WPHN=184, P_012933=187, P_012813=192, P_012935=190, P_012815=189, P_012937=195, P_012817=191, P_011607=5, P_012939=190, P_011609=130, P_012819=188, P2619=126, OSHQ=183, GAP_80389=182, P_012941=195, P_012821=193, P_011611=31, P_012823=190, P_011613=62, P_011735=188, S27=142, P_012825=195, P_012827=171, P_011739=158, P_012829=143, Dhai=183, P0104A=166, P_012831=187, P_011501=192, GAP_81226=191, P_012833=190, P_011745=171, GAP_81227=190, P_012835=191, S38=51, P_012837=192, P_012839=189, P_011509=191}
Number of gene trees: 195
195 trees have missing taxa
Calculating quartet distance matrix (for completion of X)
Species tree distances calculated ...
Will attempt to complete bipartitions from X before adding using a distance matrix.
Building set of clusters (X) from gene trees 
------------------------------
gradient0: 40921
Number of Clusters after addition by distance: 40921
calculating extra bipartitions to be added at level 1 ...
Adding to X using resolutions of greedy consensus ...
Limit for sigma of degrees:6150
polytomy size limit : 49
discarded polytomies:  [3, 3, 3, 3, 3, 3, 3, 3, 3, 3, 3, 3, 3, 3, 3, 3, 3, 3, 4, 4, 4, 4, 4, 4, 4, 4, 4, 4, 4, 4, 4, 4, 4, 5, 5, 5, 5, 5, 5, 6, 6, 6, 6, 8, 8, 8, 9, 10, 13, 14, 15, 15, 16, 23, 31, 49]
Threshold 0.0:
polytomy of size 5; rounds with additions with at least 5 support: 2; clusters: 40963
Threshold 0.01:
polytomy of size 5; rounds with additions with at least 5 support: 0; clusters: 40965
polytomy of size 3; rounds with additions with at least 5 support: 0; clusters: 40965
Threshold 0.02:
polytomy of size 8; rounds with additions with at least 5 support: 3; clusters: 41197
polytomy of size 4; rounds with additions with at least 5 support: 0; clusters: 41203
Threshold 0.05:
polytomy of size 10; rounds with additions with at least 5 support: 1; clusters: 41233
polytomy of size 3; rounds with additions with at least 5 support: 0; clusters: 41233
polytomy of size 3; rounds with additions with at least 5 support: 0; clusters: 41233
polytomy of size 4; rounds with additions with at least 5 support: 0; clusters: 41233
polytomy of size 3; rounds with additions with at least 5 support: 0; clusters: 41233
polytomy of size 6; rounds with additions with at least 5 support: 2; clusters: 41243
polytomy of size 3; rounds with additions with at least 5 support: 0; clusters: 41243
Threshold 0.1:
polytomy of size 13; rounds with additions with at least 5 support: 0; clusters: 41259
polytomy of size 4; rounds with additions with at least 5 support: 0; clusters: 41259
polytomy of size 4; rounds with additions with at least 5 support: 0; clusters: 41259
polytomy of size 4; rounds with additions with at least 5 support: 0; clusters: 41259
polytomy of size 8; rounds with additions with at least 5 support: 0; clusters: 41269
polytomy of size 5; rounds with additions with at least 5 support: 0; clusters: 41269
polytomy of size 15; rounds with additions with at least 5 support: 1; clusters: 41301
polytomy of size 3; rounds with additions with at least 5 support: 0; clusters: 41301
polytomy of size 5; rounds with additions with at least 5 support: 0; clusters: 41303
polytomy of size 3; rounds with additions with at least 5 support: 0; clusters: 41303
Threshold 0.2:
polytomy of size 14; rounds with additions with at least 5 support: 0; clusters: 41307
polytomy of size 4; rounds with additions with at least 5 support: 0; clusters: 41307
polytomy of size 4; rounds with additions with at least 5 support: 0; clusters: 41307
polytomy of size 3; rounds with additions with at least 5 support: 0; clusters: 41307
polytomy of size 6; rounds with additions with at least 5 support: 0; clusters: 41307
polytomy of size 5; rounds with additions with at least 5 support: 0; clusters: 41307
polytomy of size 4; rounds with additions with at least 5 support: 0; clusters: 41307
polytomy of size 3; rounds with additions with at least 5 support: 0; clusters: 41307
polytomy of size 9; rounds with additions with at least 5 support: 0; clusters: 41321
polytomy of size 4; rounds with additions with at least 5 support: 0; clusters: 41321
polytomy of size 3; rounds with additions with at least 5 support: 0; clusters: 41321
polytomy of size 4; rounds with additions with at least 5 support: 0; clusters: 41321
polytomy of size 8; rounds with additions with at least 5 support: 0; clusters: 41327
polytomy of size 31; rounds with additions with at least 5 support: 0; clusters: 41361
polytomy of size 4; rounds with additions with at least 5 support: 0; clusters: 41361
polytomy of size 3; rounds with additions with at least 5 support: 0; clusters: 41361
Threshold 0.3333333333333333:
polytomy of size 23; rounds with additions with at least 5 support: 0; clusters: 41361
polytomy of size 4; rounds with additions with at least 5 support: 0; clusters: 41361
polytomy of size 3; rounds with additions with at least 5 support: 0; clusters: 41361
polytomy of size 3; rounds with additions with at least 5 support: 0; clusters: 41361
polytomy of size 3; rounds with additions with at least 5 support: 0; clusters: 41361
polytomy of size 5; rounds with additions with at least 5 support: 0; clusters: 41361
polytomy of size 6; rounds with additions with at least 5 support: 0; clusters: 41361
polytomy of size 3; rounds with additions with at least 5 support: 0; clusters: 41361
polytomy of size 6; rounds with additions with at least 5 support: 0; clusters: 41361
polytomy of size 3; rounds with additions with at least 5 support: 0; clusters: 41361
polytomy of size 16; rounds with additions with at least 5 support: 0; clusters: 41383
polytomy of size 3; rounds with additions with at least 5 support: 0; clusters: 41383
polytomy of size 4; rounds with additions with at least 5 support: 0; clusters: 41383
polytomy of size 3; rounds with additions with at least 5 support: 0; clusters: 41383
polytomy of size 15; rounds with additions with at least 5 support: 0; clusters: 41383
polytomy of size 49; rounds with additions with at least 5 support: 0; clusters: 41427
polytomy of size 4; rounds with additions with at least 5 support: 0; clusters: 41427
polytomy of size 4; rounds with additions with at least 5 support: 0; clusters: 41427
max k is :6
Number of Clusters after addition by greedy: 41427
gradient0 in heuristiic: 41427
partitions formed in 14.734 secs
Dynamic Programming starting after 14.735 secs
Using tree-based weight calculation.
Using polytree-based weight calculation.
Polytree max score: 11425591815
Polytree building time: 0.15 seconds.
Number of quartet trees in the gene trees: 11425591815
Size of largest cluster: 244
Greedy score: 10311952801
estimationFactor: 1.107994968120103
Sub-optimal score: 10581888900
Calculated 100000 weights; time (seconds): 111
Total Number of elements weighted: 100051
Normalized score (portion of input quartet trees satisfied before correcting for multiple individuals): 0.9480367271461115
Optimization score: 10831880670
Optimal tree inferred in 111.671 secs.
(P_012867,(((P_012899,P_012817),(P_012923,P_012847)),((((P_012937,(P_006421,P_012939)),(P_012853,(P_012803,(P_012829,P_012837)))),(P_012843,(((P_012801,(P_012879,P_012809)),(P_012839,(P_012805,(P_012825,(P_012799,YZRI))))),((P_012909,((P_012865,(P_012931,(P_012933,P_012935))),((P_012807,P_012845),(P_012849,P_012871)))),((GAP_81172,P_012833),((P_012927,(PSJT,GAP_80295)),((P_012791,P_012915),(P_012869,(P_012823,(P_012835,P_012819)))))))))),(((P_012797,(P_012841,((P_012877,P_012913),(P_012811,(P_012891,P_012895))))),(((P_012883,P_012925),(P_012857,((P_012815,P_012903),(P_012875,((P_012831,P_012905),(P_012901,(P_012851,P_012887))))))),(P_018689,((P_012859,(P_012885,(GAP_80294,P_006420))),(((P_012881,P_012873),(GAP_80291,P_012907)),((P_012897,(GAP_80293,P_012893)),((P_006418,(P_012793,(GAP_80292,P_006419))),((P_012889,P_012863),(P_012911,(P_012821,P_012917)))))))))),(P_012861,(((P_012855,(P_012827,P_007802)),((P_012813,P_018637),(P_012921,P_012919))),((P_012795,P_012941),((DHPO,GAP_80322),(((P2622,P2623),(P0110C,(P0110B,(P0207A,((XQWC,P0207B),(P0207C,(P0206H,P0206G))))))),((((P_018639,P_018779),(P_018695,(P_018783,P_018645))),(P_007845,(P_018691,(((P_016793,(P_016795,P_006422)),(P_016797,(OBPL,(P_016799,GAP_80397)))),(P_018693,((P_014095,S08),((P_016787,S02),((P_016791,(S03,P_014099)),(S04,(S38,(S27,P_016789))))))))))),(((P0203H,((WZFE,P_016909),(P0109B,(P_018831,OSHQ)))),(((SJEV,(P_019193,(P_019187,Wsal))),(P_016921,(GAP_81227,(WKSU,(Pcol,(GAP_81226,P_006410)))))),((P_025527,(P_025523,P_025525)),(((QDVW,Asie),(P_019189,(P_019197,PAWA))),(((P_019185,CSSK),(P2589,OPDF)),((P_019191,P_019199),(GAP_80417,(P2590,GAP_79804)))))))),((WPHN,P_011613),(Sdec,(((P_011609,P2619),(MAQO,(WAIL,(P_011527,((GAP_80297,P_014083),(GAP_80298,P_014077)))))),(((GAP_79862,P_011587),(P_014081,(P0104A,P_008647))),(((KRJP,(GAP_80395,P_011549)),((P_011657,(P_011643,(P_011651,P_011509))),((GAP_80394,GAP_80393),(P_011631,((P_011647,(P_011465,(P_011501,(P_011489,(P_011523,P_011487))))),((P_011551,P_011589),((P_007844,P_011637),(P_007843,(P_007783,P_006414))))))))),((P_011531,(P_011699,(P_006411,Schi))),(VYLQ,((P_018635,P_008631),(P_011709,((P_011579,(P_011671,P_008632)),(P_011701,(((P_011719,P_011607),((P_011713,P_011705),((KAYP,(ABSS,BCGB)),(WIGA,(Dhai,(Apet,Msal)))))),((P_006413,(P_016813,((GAP_80390,GAP_80389),((P_008640,P_006412),(P_008646,P_011679))))),((P_011759,(P_011673,(P_011537,(P_011677,P_011739)))),((P_011675,P_011735),(P_011715,(P_011681,(P_011745,(P_014073,P_011611))))))))))))))))))))))))))))));
Final quartet score is: 10831880670
Final normalized quartet score is: 0.9480367271461115
You may want to ignore posterior probabilities and other statistics related to the following branch branch because the effective number of genes impacting it is only 12:
	{P_025523, P_025525}
You may want to ignore posterior probabilities and other statistics related to the following branch branch because the effective number of genes impacting it is only 17:
	{P_025523, P_025525, P_025527}
You may want to ignore posterior probabilities and other statistics related to the following branch branch because the effective number of genes impacting it is only 1:
	{P_011551, P_011589}
You may want to ignore posterior probabilities and other statistics related to the following branch branch because the effective number of genes impacting it is only 1:
	{P_011719, P_011607}
You may want to ignore posterior probabilities and other statistics related to the following branch branch because the effective number of genes impacting it is only 4:
	{P_014073, P_011611}
You may want to ignore posterior probabilities and other statistics related to the following branch branch because the effective number of genes impacting it is only 19:
	{P_011701, P_011673, P_011579, P_011671, P_008632, P_011713, P_011677, Dhai, P_008646, GAP_80390, P_008640, Apet, P_011759, P_006413, P_016813, P_006412, P_011715, P_011681, P_011675, P_011735, ABSS, P_011745, P_011537, GAP_80389, P_011679, BCGB, P_011739, P_011705, WIGA, Msal, KAYP, P_011719, P_014073, P_011709, P_011611, P_011607}
Extended species tree:
(P0109B,((P_018831,OSHQ)1:1.2345503495967327,((WZFE,P_016909)1:1.6705801125288484,(P0203H,((((SJEV,(P_019193,(P_019187,Wsal)1:0.5536256729638986)1:0.43540388060309)1:2.368624278336647,(P_016921,(GAP_81227,(WKSU,(Pcol,(GAP_81226,P_006410)1:0.8566148359326932)1:0.43153638837375036)1:0.2643458378973502)1:0.5320843125809448)1:2.006442556678647)1:2.0734564891774396,((P_025527,(P_025523,P_025525)0.87:0.3815485330153787)0.99:0.6627685035381199,(((QDVW,Asie)1:3.1950362147266462,(P_019189,(P_019197,PAWA)1:0.6945044675784147)0.95:0.15218084822457573)1:0.276202911091954,(((P_019185,CSSK)0.87:0.09468194338358898,(P2589,OPDF)1:1.0222998549107372)1:1.1669091770507773,((P_019191,P_019199)0.92:0.22342104365961843,(GAP_80417,(P2590,GAP_79804)1:2.056386893480501)1:0.5201442617865216)1:0.4369138458375684)1:1.3429019305483683)0.88:0.21808668619551522)1:0.5549170909851224)0.77:0.09234966839526615,(((WPHN,P_011613)0.96:0.2945988699573945,(Sdec,(((P_011609,P2619)1:1.2878141833147776,(MAQO,(WAIL,(P_011527,((GAP_80297,P_014083)1:1.5822909338590114,(GAP_80298,P_014077)0.84:0.12250474277581624)0.66:0.0687947364691805)0.99:0.21998132651475363)1:0.5518848272597078)1:1.14665437863139)1:0.5245430754545329,(((GAP_79862,P_011587)1:1.4015514332293006,(P_014081,(P0104A,P_008647)1:3.019188777506833)1:1.5151200503953781)1:1.4384753833441695,(((KRJP,(GAP_80395,P_011549)1:1.4967952554160375)1:1.0659255559784135,((P_011657,(P_011643,(P_011651,P_011509)1:0.6349951352283246)0.9:0.12263687085143354)1:1.0366129464090552,((GAP_80394,GAP_80393)1:0.6379052972386469,(P_011631,((P_011647,(P_011465,(P_011501,(P_011489,(P_011523,P_011487)0.39:0.009550874392069305)0.7:0.062331840568950116)1:0.6169268912276359)1:1.2855387806033616)1:0.23457507900839727,((P_011551,P_011589)0.17:0.0,((P_007844,P_011637)0.98:0.199874481791567,(P_007843,(P_007783,P_006414)0.8:0.12209468208602962)1:0.5070145794218603)0.79:0.10806848896294732)0.8:0.11428194628157341)0.68:0.08524468220090757)1:0.4960778313173417)0.61:0.054754359947717456)1:2.108598739104917)1:1.72468104304436,((P_011531,(P_011699,(P_006411,Schi)1:0.7276814615520374)1:0.5059534430545706)1:1.9352665159000704,(VYLQ,((P_018635,P_008631)0.38:0.004376570956690076,(P_011709,((P_011579,(P_011671,P_008632)0.75:0.10030192984370034)1:1.6710946642435025,(P_011701,(((P_011719,P_011607)0.67:0.2876820724517809,((P_011713,P_011705)0.67:0.0982545035491973,((KAYP,(ABSS,BCGB)1:0.6418760910925115)0.59:0.09189339363959854,(WIGA,(Dhai,(Apet,Msal)0.76:0.12377067317451969)0.83:0.14513498627115526)1:0.4625936443499866)1:0.39791412867198356)0.55:0.16915310939361863)0.06:0.0,((P_006413,(P_016813,((GAP_80390,GAP_80389)1:1.5666535831016197,((P_008640,P_006412)1:1.1002823035605491,(P_008646,P_011679)1:0.2648422474584508)0.72:0.08584873299389296)0.85:0.11995108671564321)1:0.6080190093771475)0.18:0.02119344619208618,((P_011759,(P_011673,(P_011537,(P_011677,P_011739)1:0.8437206689480061)0.96:0.1954265850184843)0.68:0.10844509377351932)0.03:0.0,((P_011675,P_011735)1:1.6691260575574205,(P_011715,(P_011681,(P_011745,(P_014073,P_011611)0.45:0.10989608577090178)0.87:0.2392487244625398)0.35:0.03840141968348709)0.98:0.18947313445366573)1:0.4119483282383392)1:1.1218816359612254)0.97:0.19288360951226974)0.83:0.2820505280072774)0.69:0.17505746119250587)0.84:0.3130467925401349)0.84:0.32146463790645147)1:0.5093961979571864)0.98:0.215684135072331)1:1.0652541696402196)0.87:0.14042357372155434)1:0.435134216466385)0.3:0.0)0.96:0.35286399108515815)1:1.651414256817865,((((P_018639,P_018779)1:0.2919237082371272,(P_018695,(P_018783,P_018645)0.99:0.1780293348951009)1:0.24210455696193567)1:0.4519079491178091,(P_007845,(P_018691,(((P_016793,(P_016795,P_006422)1:0.6805307423096973)1:0.5045177153694915,(P_016797,(OBPL,(P_016799,GAP_80397)0.89:0.14951831065547103)1:1.0836733105905643)1:1.0421459492625464)0.51:0.037224590945271176,(P_018693,((P_014095,S08)1:1.0032465717764683,((P_016787,S02)1:2.4359729761318887,((P_016791,(S03,P_014099)1:1.9924745926368854)0.91:0.12746734715908814,(S04,(S38,(S27,P_016789)0.98:0.3051991475590065)0.93:0.3343079958391767)0.99:0.38130483908864266)0.51:0.03295964453655102)0.77:0.09893158991298748)0.99:0.23368528001160238)0.86:0.1219012886509615)0.44:0.034842315369046535)0.5:0.09602604680567034)0.44:0.06943283928125416)1:2.714263053250713,(((P2622,P2623)0.48:0.14277370886741703,(P0110C,(P0110B,(P0207A,((XQWC,P0207B)1:0.3190016638369855,(P0207C,(P0206H,P0206G)0.98:0.16028868141137106)0.78:0.09542837919004316)0.72:0.0796627867865274)0.61:0.06201230460728026)1:1.4976230961914605)1:2.2479063959060097)1:0.5000857706127871,((DHPO,GAP_80322)1:2.508516539008561,((P_012795,P_012941)1:3.722550814773351,(((P_012855,(P_012827,P_007802)1:2.190133751906956)1:0.962940856907673,((P_012813,P_018637)1:0.42012116561929624,(P_012921,P_012919)1:2.5011661616467733)1:1.7936140175658035)1:3.001114407525196,(P_012861,(((P_012797,(P_012841,((P_012877,P_012913)1:0.8158487294336436,(P_012811,(P_012891,P_012895)1:0.3871165344848781)1:1.1491952084862578)1:1.5958358927392793)1:0.45399825090803697)0.68:0.06865231205236202,(((P_012883,P_012925)1:2.4858696559686058,(P_012857,((P_012815,P_012903)1:1.3851619987726593,(P_012875,((P_012831,P_012905)1:0.35107603135540594,(P_012901,(P_012851,P_012887)1:2.554103033565247)0.5:0.032930411107027324)1:0.2580439958896429)1:0.8880259775204908)0.64:0.06565818011664497)0.45:0.02269343882723346)1:0.7353403205541713,(P_018689,((P_012859,(P_012885,(GAP_80294,P_006420)1:1.9202108748771485)0.21:0.0)0.69:0.08747432652421232,(((P_012881,P_012873)1:1.1468398986490258,(GAP_80291,P_012907)0.66:0.07728446578434435)0.73:0.0940857715876717,((P_012897,(GAP_80293,P_012893)1:3.0758584674754954)0.69:0.08497480770591136,((P_006418,(P_012793,(GAP_80292,P_006419)1:2.6943661268185983)0.92:0.1641795347945472)0.41:0.014745788226815394,((P_012889,P_012863)0.44:0.03174410910860639,(P_012911,(P_012821,P_012917)1:1.9131154775365233)1:1.0479083182049698)0.57:0.07243670665939057)0.47:0.03926352161878088)0.45:0.02478949518276687)0.68:0.09671856401126401)1:1.2269008357331654)1:1.209876940012736)1:2.181483593948095)1:2.2198300655839764,((((P_012937,(P_006421,P_012939)1:1.1919054023330273)1:3.2597043318353447,(P_012853,(P_012803,(P_012829,P_012837)1:0.9202107758208236)0.41:0.016066268217538655)0.97:0.1639927072646779)0.99:0.20037699362991154,(P_012843,(((P_012801,(P_012879,P_012809)1:3.1806970628185605)1:0.7415265908434876,(P_012839,(P_012805,(P_012825,(P_012799,YZRI)1:1.273242592706533)0.97:0.14796903409218237)0.69:0.08932385018027608)1:0.6335250210365583)1:1.145776494102502,((P_012909,((P_012865,(P_012931,(P_012933,P_012935)1:2.293284677016425)1:1.465380316792351)1:0.2564556049983837,((P_012807,P_012845)1:0.2594166557397953,(P_012849,P_012871)1:1.2895353098201654)1:0.4754880314947848)1:1.6509054933374387)0.69:0.0639037920714955,((GAP_81172,P_012833)1:2.147782660962835,((P_012927,(PSJT,GAP_80295)1:0.26871008671185925)1:2.300683329988767,((P_012791,P_012915)0.97:0.1403057082257564,(P_012869,(P_012823,(P_012835,P_012819)0.94:0.11495154410698348)1:0.6370121390716467)1:2.1816048433463457)1:1.0855909675191138)0.9:0.10759370261698394)1:1.886226232814847)1:1.8724243088781958)1:1.846836056889343)0.35:0.004267337160950759)1:1.317043703130139,(((P_012899,P_012817)1:1.5400889010326595,(P_012923,P_012847)1:2.366013818211399)1:0.6990664958956238,P_012867)1:3.3715717131256513)1:1.3057772803123526)1:0.2550251306631328)0.52:0.04345246998903588)1:1.53073851506752)1:2.670791341326663)1:0.5891258729685757)1:0.5301082801287199)1:1.935100213847812)1:1.2304482522801687)1:2.1662135658391146)1:0.900375301155564)1:0.7205361383197812));
Weight calculation took 92.452635298 secs
ASTRAL finished in 113.49 secs
