
================== ASTRAL ===================== 

This is ASTRAL version 5.7.7
Gene trees are treated as unrooted
195 trees read from all_bs10.trees
index19
All output trees will be *arbitrarily* rooted at P0109B

======== Running the main analysis
Number of taxa: 244 (244 species)
Taxa: [Apet, VYLQ, WPHN, WAIL, MAQO, P_011609, Sdec, P_019189, P_019197, P2590, GAP_79804, P_008647, P0104A, P_014081, P_011587, P_011701, GAP_80417, P_025523, P0203H, P0109B, P_016909, P_018831, P0110C, P2622, P0110B, P0207A, P0207C, P0207B, P0206H, P0206G, XQWC, P2623, P_007845, P_011579, P_018639, GAP_80322, P_012855, P_007802, P_012827, P_012919, P_012921, P_012813, P_018637, P_012795, P_012941, P_012839, P_012799, P_012805, P_012825, P_012879, P_012809, P_012801, P_012909, GAP_80295, PSJT, P_012927, P_012915, P_012791, P_012869, P_012835, P_012819, P_012823, GAP_81172, P_012833, P_012865, P_012935, P_012933, P_012931, P_012871, P_012849, P_012845, P_012807, P_012803, P_012853, P_012837, P_012829, P_012937, P_006421, P_012939, P_012867, P_012899, P_012817, P_012847, P_012923, P_012843, P_012861, P_012841, P_012913, P_012877, P_012797, P_012901, P_012851, P_012887, P_012905, P_012875, P_012831, P_012857, P_012903, P_012815, P_012925, P_012883, P_012897, P_012907, P_006420, GAP_80294, GAP_80291, GAP_80293, P_012893, P_012885, P_012881, P_012873, GAP_80292, P_006419, P_012859, P_012889, P_012863, P_006418, P_012917, P_012821, P_012911, P_012793, P_018689, P_012891, P_012895, P_012811, GAP_81227, P_016921, Pcol, GAP_81226, P_006410, GAP_79862, P_014077, P_018635, P_011527, GAP_80298, P_014083, GAP_80297, P_007844, P_011637, P_011647, Schi, P_006411, P_011531, P_011549, GAP_80395, P_011739, P_011465, P_011501, P_011489, P_011487, P_011523, P_006414, P_007843, P_007783, GAP_80393, GAP_80394, P_011651, P_011509, P_011643, P_011551, P_011657, P2619, BCGB, P_011699, P_011715, P_011705, P_011713, P_006413, P_011759, P_011675, P_011735, P_011537, P_011671, P_008632, P_011677, WIGA, GAP_80389, P_011679, P_011681, GAP_80390, P_008646, P_006412, P_008640, P_011673, P_011745, P_016813, OBPL, GAP_80397, P_016799, P_016797, P_016793, P_018695, P_018783, P_018645, P_016789, S27, P_016791, S02, P_016787, S04, S03, P_018779, P_014099, P_018691, P_018693, P_006422, P_016795, YZRI, DHPO, WKSU, PAWA, P2589, P_019185, OPDF, CSSK, P_019193, Wsal, P_019187, SJEV, WZFE, QDVW, Asie, KRJP, ABSS, Dhai, Msal, P_011631, S38, S08, OSHQ, P_019191, P_025525, P_014095, P_011613, P_008631, KAYP, P_011719, P_014073, P_025527, P_011709, P_011611, P_019199, P_011607, P_011589]
Taxon occupancy: {P_019193=173, P_019191=83, P_019197=182, OPDF=189, GAP_81172=194, P_018783=190, P_019199=68, Wsal=174, P_016921=192, WKSU=195, P_025523=33, P_025525=61, P_025527=24, P_014073=32, P0203H=141, P_014077=121, QDVW=192, P_011487=191, P_011489=193, P_016813=175, P_006421=194, P_006422=191, P_006420=163, P_006418=193, P_006419=195, P_014081=143, P_006414=192, P_014083=155, P_018689=195, P0206H=185, P0206G=175, Msal=171, P0109B=106, P_012901=193, P_006410=189, P_006411=189, P_012903=193, P_006412=191, P_006413=187, P_012905=193, P_012907=195, GAP_79862=188, PAWA=188, ABSS=192, P_012909=193, P_018691=95, GAP_80291=195, P_018695=187, P_014095=90, GAP_80293=194, GAP_80292=195, P_018693=187, GAP_80295=192, GAP_80294=194, P_014099=187, GAP_80297=191, GAP_80298=189, P_011701=37, P_012911=194, P_012913=171, P_012915=190, P_011705=108, P_012917=191, P_012919=191, P_011709=20, P_012881=195, P_011671=114, P_011551=139, MAQO=192, P_012883=195, P_011673=164, GAP_80322=193, P_012885=193, P_011675=180, P2590=167, P_012887=194, P_011677=155, P_012889=192, P_011679=169, P_008647=183, PSJT=187, P2589=171, P_012891=193, P_011681=140, P_012893=194, P_018637=193, P_012895=194, P_018635=180, P_012897=194, P0207C=188, P0207B=189, P_012899=193, P0207A=191, P_018639=184, P_008646=192, P_008640=191, BCGB=191, WZFE=191, P_018645=187, KRJP=192, KAYP=112, P_011699=113, P_011579=153, CSSK=187, P_008632=189, P_016909=192, P_007783=183, P_008631=40, P_019187=189, P_019185=185, Sdec=46, P_019189=168, P_012791=193, P_012793=192, P_012795=192, Asie=154, P_011465=192, P_018779=163, P_011587=156, P_012797=194, P_012799=194, P_011589=3, GAP_80417=116, WIGA=189, GAP_79804=154, P_007802=170, P_012841=192, P_011631=164, P_012843=193, Pcol=167, P_012845=192, P_012847=187, P_011637=191, P_011759=182, P_012849=193, Apet=91, OBPL=191, P0110C=180, P_018831=190, P0110B=142, YZRI=192, P_012851=193, P_012853=191, P_011643=195, P_011523=193, P_012855=192, P_012857=192, P_011647=180, P_011527=122, P_012859=193, WAIL=193, P_016789=186, P_012861=194, P_011651=179, P_011531=167, P_016787=190, P_012863=194, P_012865=193, Schi=165, P_012867=193, P_011657=180, P_011537=152, P_012869=193, P_016793=186, P_016791=189, P_016797=192, SJEV=191, P_016795=187, P_012871=188, P_012873=193, P_016799=191, P_012875=194, P_012877=192, P_012879=195, P_011549=184, P_007844=148, P_007845=35, S02=155, P_012921=186, S04=60, P_012801=193, S03=184, P_012923=194, P_011713=141, P_012803=192, P_012925=192, P_011715=169, S08=133, P_012805=192, P_007843=177, P_012927=194, P_012807=190, P_011719=20, P_012809=193, VYLQ=193, DHPO=193, GAP_80390=175, P2622=147, P2623=73, XQWC=194, GAP_80394=193, GAP_80393=193, GAP_80395=193, GAP_80397=191, P_012931=194, P_012811=193, WPHN=191, P_012933=188, P_012813=193, P_012935=191, P_012815=191, P_012937=195, P_012817=192, P_011607=6, P_012939=191, P_011609=133, P_012819=189, P2619=128, OSHQ=190, GAP_80389=184, P_012941=195, P_012821=193, P_011611=33, P_012823=192, P_011613=65, P_011735=191, P_012825=195, S27=157, P_012827=184, P_011739=169, P_012829=144, Dhai=186, P0104A=169, P_012831=187, P_011501=193, P_012833=192, GAP_81226=192, GAP_81227=193, P_011745=177, P_012835=192, S38=58, P_012837=193, P_012839=190, P_011509=192}
Number of gene trees: 195
195 trees have missing taxa
Calculating quartet distance matrix (for completion of X)
Species tree distances calculated ...
Will attempt to complete bipartitions from X before adding using a distance matrix.
Building set of clusters (X) from gene trees 
------------------------------
gradient0: 28315
Number of Clusters after addition by distance: 28315
calculating extra bipartitions to be added at level 1 ...
Adding to X using resolutions of greedy consensus ...
Limit for sigma of degrees:6150
polytomy size limit : 30
discarded polytomies:  [3, 3, 3, 3, 3, 3, 3, 3, 3, 3, 3, 3, 3, 3, 3, 3, 3, 3, 4, 4, 4, 4, 4, 4, 4, 4, 4, 4, 4, 4, 4, 4, 4, 4, 4, 4, 5, 5, 5, 6, 6, 6, 7, 8, 10, 10, 11, 13, 13, 14, 14, 17, 30]
Threshold 0.0:
polytomy of size 4; rounds with additions with at least 5 support: 2; clusters: 28327
Threshold 0.01:
polytomy of size 6; rounds with additions with at least 5 support: 6; clusters: 28387
Threshold 0.02:
polytomy of size 7; rounds with additions with at least 5 support: 1; clusters: 28435
Threshold 0.05:
polytomy of size 3; rounds with additions with at least 5 support: 0; clusters: 28435
polytomy of size 3; rounds with additions with at least 5 support: 0; clusters: 28435
polytomy of size 3; rounds with additions with at least 5 support: 0; clusters: 28435
polytomy of size 10; rounds with additions with at least 5 support: 1; clusters: 28469
polytomy of size 3; rounds with additions with at least 5 support: 0; clusters: 28469
polytomy of size 4; rounds with additions with at least 5 support: 0; clusters: 28469
Threshold 0.1:
polytomy of size 4; rounds with additions with at least 5 support: 0; clusters: 28469
polytomy of size 3; rounds with additions with at least 5 support: 0; clusters: 28469
polytomy of size 5; rounds with additions with at least 5 support: 0; clusters: 28469
polytomy of size 13; rounds with additions with at least 5 support: 0; clusters: 28485
polytomy of size 3; rounds with additions with at least 5 support: 0; clusters: 28485
polytomy of size 4; rounds with additions with at least 5 support: 0; clusters: 28485
polytomy of size 5; rounds with additions with at least 5 support: 0; clusters: 28485
polytomy of size 8; rounds with additions with at least 5 support: 1; clusters: 28487
polytomy of size 3; rounds with additions with at least 5 support: 0; clusters: 28487
Threshold 0.2:
polytomy of size 3; rounds with additions with at least 5 support: 0; clusters: 28487
polytomy of size 4; rounds with additions with at least 5 support: 0; clusters: 28487
polytomy of size 3; rounds with additions with at least 5 support: 0; clusters: 28487
polytomy of size 10; rounds with additions with at least 5 support: 0; clusters: 28491
polytomy of size 4; rounds with additions with at least 5 support: 0; clusters: 28491
polytomy of size 4; rounds with additions with at least 5 support: 0; clusters: 28491
polytomy of size 13; rounds with additions with at least 5 support: 0; clusters: 28503
polytomy of size 4; rounds with additions with at least 5 support: 0; clusters: 28503
polytomy of size 3; rounds with additions with at least 5 support: 0; clusters: 28503
polytomy of size 4; rounds with additions with at least 5 support: 0; clusters: 28503
polytomy of size 3; rounds with additions with at least 5 support: 0; clusters: 28503
polytomy of size 5; rounds with additions with at least 5 support: 0; clusters: 28505
polytomy of size 4; rounds with additions with at least 5 support: 0; clusters: 28505
polytomy of size 17; rounds with additions with at least 5 support: 0; clusters: 28517
Threshold 0.3333333333333333:
polytomy of size 4; rounds with additions with at least 5 support: 0; clusters: 28517
polytomy of size 3; rounds with additions with at least 5 support: 0; clusters: 28517
polytomy of size 4; rounds with additions with at least 5 support: 0; clusters: 28517
polytomy of size 11; rounds with additions with at least 5 support: 0; clusters: 28517
polytomy of size 3; rounds with additions with at least 5 support: 0; clusters: 28517
polytomy of size 4; rounds with additions with at least 5 support: 0; clusters: 28517
polytomy of size 14; rounds with additions with at least 5 support: 0; clusters: 28519
polytomy of size 3; rounds with additions with at least 5 support: 0; clusters: 28519
polytomy of size 3; rounds with additions with at least 5 support: 0; clusters: 28519
polytomy of size 3; rounds with additions with at least 5 support: 0; clusters: 28519
polytomy of size 4; rounds with additions with at least 5 support: 0; clusters: 28519
polytomy of size 6; rounds with additions with at least 5 support: 0; clusters: 28519
polytomy of size 14; rounds with additions with at least 5 support: 0; clusters: 28525
polytomy of size 4; rounds with additions with at least 5 support: 0; clusters: 28525
polytomy of size 4; rounds with additions with at least 5 support: 0; clusters: 28525
polytomy of size 3; rounds with additions with at least 5 support: 0; clusters: 28525
polytomy of size 4; rounds with additions with at least 5 support: 0; clusters: 28525
polytomy of size 6; rounds with additions with at least 5 support: 0; clusters: 28525
polytomy of size 3; rounds with additions with at least 5 support: 0; clusters: 28525
polytomy of size 4; rounds with additions with at least 5 support: 0; clusters: 28525
polytomy of size 30; rounds with additions with at least 5 support: 0; clusters: 28587
max k is :12
Number of Clusters after addition by greedy: 28587
gradient0 in heuristiic: 28587
partitions formed in 21.459 secs
Dynamic Programming starting after 21.459 secs
Using tree-based weight calculation.
Using polytree-based weight calculation.
Polytree max score: 15444792729
Polytree building time: 0.202 seconds.
Number of quartet trees in the gene trees: 15444792729
Size of largest cluster: 244
Greedy score: 13838307707
estimationFactor: 1.1160897022970064
Sub-optimal score: 13862436358
Total Number of elements weighted: 80206
Normalized score (portion of input quartet trees satisfied before correcting for multiple individuals): 0.9505877293149396
Optimization score: 14681630450
Optimal tree inferred in 127.503 secs.
(P_008640,(P_006412,((P_011679,P_008646),((GAP_80389,GAP_80390),(P_016813,(P_006413,(((P_014073,(P_011701,P_011681)),(P_011673,((P_011537,(P_011739,P_011677)),(P_011759,((P_011675,P_011735),(P_011715,(P_011745,P_011611))))))),(((P_011705,P_011713),((KAYP,(BCGB,ABSS)),(WIGA,(Dhai,(Apet,Msal))))),((P_011579,(P_011671,P_008632)),(P_011709,((P_011719,P_011607),(P_008631,(P_018635,(VYLQ,((P_011531,(P_011699,(Schi,P_006411))),(((KRJP,(P_011549,GAP_80395)),((P_011643,(P_011657,(P_011651,P_011509))),((GAP_80393,GAP_80394),(P_011631,((P_011551,((P_007844,P_011637),(P_007843,(P_006414,P_007783)))),(P_011647,(P_011465,(P_011501,(P_011523,(P_011489,P_011487)))))))))),(((P_011587,GAP_79862),(P_014081,(P_008647,P0104A))),(((P_011609,(P2619,(Sdec,P_011589))),(MAQO,(WAIL,(P_011527,(P_014077,(GAP_80298,(P_014083,GAP_80297))))))),(P_011613,(WPHN,(((P0203H,((P_016909,WZFE),(P0109B,(P_018831,OSHQ)))),(((SJEV,(P_019193,(Wsal,P_019187))),(P_016921,(GAP_81227,(WKSU,(Pcol,(GAP_81226,P_006410)))))),((P_025527,(P_025523,P_025525)),(((QDVW,Asie),(P_019189,(P_019197,PAWA))),(((P_019185,CSSK),(P2589,OPDF)),((P_019191,P_019199),(GAP_80417,(P2590,GAP_79804)))))))),((((P_018639,P_018779),(P_018695,(P_018783,P_018645))),(P_018691,((P_007845,(P_016797,(OBPL,(GAP_80397,P_016799)))),((P_016793,(P_006422,P_016795)),(P_018693,((S08,P_014095),((S04,(S38,(P_016789,S27))),((S02,P_016787),(P_016791,(S03,P_014099)))))))))),(((P2622,P2623),(P0110C,(XQWC,((P0110B,P0207A),(P0207C,(P0207B,(P0206H,P0206G))))))),((GAP_80322,DHPO),((P_012795,P_012941),((P_012861,((P_012855,(P_007802,P_012827)),((P_012813,P_018637),(P_012919,P_012921)))),(((P_012797,(P_012841,((P_012913,P_012877),(P_012811,(P_012891,P_012895))))),((((P_012903,P_012815),(P_012857,(P_012925,P_012883))),(P_012875,((P_012851,P_012887),(P_012901,(P_012905,P_012831))))),(P_018689,((P_012885,(P_006420,GAP_80294)),(P_012859,(((P_012881,P_012873),(P_012907,GAP_80291)),((P_012897,(GAP_80293,P_012893)),(P_012889,((P_012793,(GAP_80292,P_006419)),((P_012863,P_006418),(P_012911,(P_012917,P_012821)))))))))))),((P_012867,((P_012899,P_012817),(P_012847,P_012923))),(P_012843,(((P_012937,(P_006421,P_012939)),(P_012803,(P_012853,(P_012837,P_012829)))),(((P_012801,(P_012879,P_012809)),(P_012839,(P_012805,(P_012825,(P_012799,YZRI))))),((P_012909,((P_012865,(P_012931,(P_012935,P_012933))),((P_012845,P_012807),(P_012871,P_012849)))),((GAP_81172,P_012833),((P_012927,(GAP_80295,PSJT)),((P_012915,P_012791),(P_012869,(P_012823,(P_012835,P_012819))))))))))))))))))))))))))))))))))))));
Final quartet score is: 14681630450
Final normalized quartet score is: 0.9505877293149396
You may want to ignore posterior probabilities and other statistics related to the following branch branch because the effective number of genes impacting it is only 12:
	{P_025523, P_025525}
You may want to ignore posterior probabilities and other statistics related to the following branch branch because the effective number of genes impacting it is only 17:
	{P_025523, P_025525, P_025527}
You may want to ignore posterior probabilities and other statistics related to the following branch branch because the effective number of genes impacting it is only 1:
	{Sdec, P_011589}
You may want to ignore posterior probabilities and other statistics related to the following branch branch because the effective number of genes impacting it is only 1:
	{P_011719, P_011607}
You may want to ignore posterior probabilities and other statistics related to the following branch branch because the effective number of genes impacting it is only 6:
	{P_011701, P_011681}
You may want to ignore posterior probabilities and other statistics related to the following branch branch because the effective number of genes impacting it is only 5:
	{Apet, P_011701, P_011579, P_011739, BCGB, P_011715, P_011705, P_011713, P_006413, P_011759, P_011675, P_011735, P_011537, P_011671, P_008632, P_011677, WIGA, GAP_80389, P_011679, P_011681, GAP_80390, P_008646, P_006412, P_008640, P_011673, P_011745, P_016813, ABSS, Dhai, Msal, KAYP, P_014073, P_011709, P_011611}
You may want to ignore posterior probabilities and other statistics related to the following branch branch because the effective number of genes impacting it is only 9:
	{Apet, P_011701, P_011579, P_011739, BCGB, P_011715, P_011705, P_011713, P_006413, P_011759, P_011675, P_011735, P_011537, P_011671, P_008632, P_011677, WIGA, GAP_80389, P_011679, P_011681, GAP_80390, P_008646, P_006412, P_008640, P_011673, P_011745, P_016813, ABSS, Dhai, Msal, KAYP, P_011719, P_014073, P_011709, P_011611, P_011607}
Extended species tree:
(P0109B,((P_018831,OSHQ)76.23:1.0003654981664227,((P_016909,WZFE)90.79:1.9282285091169193,(P0203H,((((SJEV,(P_019193,(Wsal,P_019187)61.96:0.5512734549203677)75.42:0.9799707561574736)94.23:2.3620933059129157,(P_016921,(GAP_81227,(WKSU,(Pcol,(GAP_81226,P_006410)79.52:1.1571827994085913)63.91:0.6031372013367586)47.48:0.23387055474487647)57.9:0.4525742442474853)97.03:2.9547154193971927)94.73:2.4437012961727445,((P_025527,(P_025523,P_025525)66.67:0.5500463369192721)82.15:1.0729648567880443,(((QDVW,Asie)98.7:3.5357063870343985,(P_019189,(P_019197,PAWA)68.59:0.737707460388237)41.02:0.11809501964355053)47.85:0.24058787007471458,(((P_019185,CSSK)34.45:0.013927267072612718,(P2589,OPDF)75.06:0.9651267914566541)86.74:1.5780578377408412,((P_019191,P_019199)64.7:0.5997052349667809,(GAP_80417,(P2590,GAP_79804)94.11:2.2827016280107726)66.01:0.6478909065094564)59.86:0.4918846948823814)83.58:1.3721169676603924)50.01:0.27330493225054703)65.69:0.6344998496097212)50.75:0.2964138346900229,(((((P_018639,P_018779)49.6:0.273202570165232,(P_018695,(P_018783,P_018645)44.39:0.17669687677278745)52.79:0.3384586345515021)60.7:0.5188465353059697,(P_018691,((P_007845,(P_016797,(OBPL,(GAP_80397,P_016799)45.59:0.19853368518173942)68.86:0.749376783666388)55.33:0.3645248468138688)46.95:0.19856652739651856,((P_016793,(P_006422,P_016795)65.5:0.6471468984802263)65.97:0.6584681298542943,(P_018693,((S08,P_014095)66.12:0.6495454226444805,((S04,(S38,(P_016789,S27)56.22:0.39457207108493625)43.84:0.13941004571498208)61.66:0.5225785422900946,((S02,P_016787)97.13:2.94723167755171,(P_016791,(S03,P_014099)97.1:2.9616614319466494)35.57:0.03030953959360236)37.59:0.06155283975937753)47.14:0.22411309681064107)54.4:0.36910601316182085)43.41:0.1577111164129388)41.91:0.13248480069568155)38.89:0.07825523929074858)39.24:0.08390471408229773)96.54:2.819547550796524,(((P2622,P2623)48.88:0.25213031146521775,(P0110C,(XQWC,((P0110B,P0207A)33.53:0.0,(P0207C,(P0207B,(P0206H,P0206G)49.34:0.26881673286726)44.27:0.17476819565111495)37.91:0.067847160833025)48.31:0.24939124622668732)68.74:0.7449869396581422)93.61:2.251014843855699)60.54:0.5131217317572403,((GAP_80322,DHPO)98.05:3.2953660481579865,((P_012795,P_012941)98.92:3.7293059331658958,((P_012861,((P_012855,(P_007802,P_012827)92.02:2.0549706525791644)85.03:1.462867970114139,((P_012813,P_018637)71.31:0.8303655715155845,(P_012919,P_012921)95.92:2.673695388192336)94.49:2.4064495522475515)96.84:2.900376633580297)45.08:0.1890138327205293,(((P_012797,(P_012841,((P_012913,P_012877)89.87:1.8331480645640565,(P_012811,(P_012891,P_012895)54.23:0.369726783894428)88.56:1.7227160478388275)88.62:1.7276099986114466)52.79:0.33898571237254993)37.06:0.05418473415247804,((((P_012903,P_012815)87.83:1.661076036778845,(P_012857,(P_012925,P_012883)97.79:3.194216680610393)37.78:0.06515156763186164)35.16:0.024111757105686218,(P_012875,((P_012851,P_012887)96:2.696320476723813,(P_012901,(P_012905,P_012831)57.43:0.44077117997554305)36.04:0.03826543086664263)52.42:0.33106585442854075)71.41:0.8317003781884361)68.23:0.7271734571428902,(P_018689,((P_012885,(P_006420,GAP_80294)86.74:1.5725207501482115)34.85:0.018786582374027604,(P_012859,(((P_012881,P_012873)82.24:1.2950048887580916,(P_012907,GAP_80291)35.96:0.03563149254479611)36.29:0.04065895819545206,((P_012897,(GAP_80293,P_012893)93.44:2.2442060485087483)41.03:0.11678386035761873,(P_012889,((P_012793,(GAP_80292,P_006419)97.3:3.031905578729092)54.55:0.3736225508085588,((P_012863,P_006418)42.22:0.1366283943103881,(P_012911,(P_012917,P_012821)90.23:1.8719717869027361)80.28:1.1901454366667852)38.33:0.0724719273558712)35.26:0.02453487279108456)39.31:0.08836771592641374)36.04:0.03667116973469314)38.05:0.0681228369342064)38.88:0.08176579859034763)86.98:1.5948779292187518)79.35:1.1494987014860323)95.58:2.5988984874435377)97.37:3.0430847246511794,((P_012867,((P_012899,P_012817)93.11:2.201346620533875,(P_012847,P_012923)98.32:3.4079405077073677)70.38:0.7988290139542493)98.21:3.3703885725804326,(P_012843,(((P_012937,(P_006421,P_012939)87.83:1.6635051337043765)99.93:4.732509778702797,(P_012803,(P_012853,(P_012837,P_012829)80.67:1.2079684704250908)36.13:0.03968197152922721)48.88:0.260359731476536)41.62:0.12853999675492414,(((P_012801,(P_012879,P_012809)98.94:3.741160079444341)65.85:0.6587702608470939,(P_012839,(P_012805,(P_012825,(P_012799,YZRI)81.74:1.271800627233488)45.39:0.19515145647405613)40.14:0.10409937540192092)69.49:0.769546122236577)85.17:1.472897220964097,((P_012909,((P_012865,(P_012931,(P_012935,P_012933)95.72:2.63372499932667)88.18:1.6914233594375088)48.36:0.2503187168540819,((P_012845,P_012807)59.3:0.4856153812435342,(P_012871,P_012849)88.51:1.718231583953946)65.52:0.6494587031547423)96.63:2.8441742880965633)35.62:0.031886799898414496,((GAP_81172,P_012833)96.92:2.921076455833258,((P_012927,(GAP_80295,PSJT)47.28:0.2297415773547579)92.16:2.0810655501231907,((P_012915,P_012791)42.53:0.14447208597381359,(P_012869,(P_012823,(P_012835,P_012819)38.91:0.08387691339903007)74.02:0.9277142069921234)97.53:3.106847896723118)87.03:1.6029154101353758)41.58:0.12828811989076905)96:2.6943782145732595)94.22:2.361432074382153)95.56:2.5991621818891524)43.08:0.15368643618584438)87.5:1.6350203604652804)91.28:1.976959457415065)54.16:0.36753042778184675)91.58:2.009667712329958)99.09:3.826355108599566)61.38:0.5369846691023349)73.21:0.8961880024117649)96.11:2.7033758241825563,(WPHN,(P_011613,(((P_011609,(P2619,(Sdec,P_011589)100:0.2876820724517809)55.03:0.3644924226331368)71.02:0.8074374983002625,(MAQO,(WAIL,(P_011527,(P_014077,(GAP_80298,(P_014083,GAP_80297)92.83:2.1485343478006556)43.68:0.1620114061198826)44.07:0.16678277092707083)53.4:0.34853864562574705)67.62:0.7109088883050859)85.6:1.4930710764461546)48.39:0.24837378203567814,(((P_011587,GAP_79862)77.7:1.071482725688008,(P_014081,(P_008647,P0104A)95.35:2.516159193292104)88.26:1.6835639089893495)79.09:1.1359711084049686,(((KRJP,(P_011549,GAP_80395)87.06:1.6029015248040666)76.05:1.0060510990578522,((P_011643,(P_011657,(P_011651,P_011509)73.5:0.9057028145338578)36.61:0.0470813285470518)81.11:1.2376428494794023,((GAP_80393,GAP_80394)73.34:0.9007878573779755,(P_011631,((P_011551,((P_007844,P_011637)37.61:0.06187535074286709,(P_007843,(P_006414,P_007783)39.52:0.0932754993784342)52.91:0.34063542108328454)39.34:0.0891134121751401)40.27:0.10400071000410571,(P_011647,(P_011465,(P_011501,(P_011523,(P_011489,P_011487)36.98:0.0529047835630831)40.58:0.11102489321631828)69.99:0.7854459363148746)82.08:1.2865108595418335)49.72:0.2754600205065376)44.19:0.17222324752337378)57.84:0.44889005435003754)38.05:0.06976528136412487)92.9:2.1705575498261123)89.46:1.794244689505549,((P_011531,(P_011699,(Schi,P_006411)79.59:1.1450275618531514)52.14:0.3204909149404043)87.85:1.6580879126376438,(VYLQ,(P_018635,(P_008631,((P_011719,P_011607)100:0.2876820724517809,(P_011709,((P_011579,(P_011671,P_008632)41.15:0.11733228880656524)83.11:1.34061067089181,(((P_011705,P_011713)46.19:0.20234808361960924,((KAYP,(BCGB,ABSS)70.32:0.7849300832993183)37.8:0.06212320438715143,(WIGA,(Dhai,(Apet,Msal)39.96:0.0952940610413198)47.31:0.22909189643489172)60.57:0.5152407221427047)56.93:0.42669745662922187)32.79:0.0,(((P_014073,(P_011701,P_011681)57.82:0.24994544270375185)40.2:0.08047941841366926,(P_011673,((P_011537,(P_011739,P_011677)77.22:1.0447488457841432)42.66:0.14457597503419112,(P_011759,((P_011675,P_011735)85.57:1.4955948247597044,(P_011715,(P_011745,P_011611)70.54:0.7253156921698092)51.12:0.3023697740874605)49.83:0.2776028056179451)45.37:0.19328870835130105)40.93:0.11551166556754283)41.5:0.12440756275807428)58.82:0.46915409171573075,(P_006413,(P_016813,((GAP_80389,GAP_80390)91.17:1.9590629671191366,((P_011679,P_008646)46.08:0.20575055472038115,(P_006412,P_008640)79.6:1.1610561524405518)41.43:0.124143717118689)38.78:0.07993761179329333)65.83:0.6522594631144892)30.19:0.0)58.22:0.45666731892329476)70.68:0.8067878237085992)66.7:0.5893631191442463)41.46:0.018480038516137293)70.15:0.5716468981395059)45.41:0.17700289426425897)54.62:0.376586407864125)51.95:0.3207313056699376)79.39:1.1483511769753094)50:0.2797362103212932)47.78:0.23733513126028938)56.27:0.39428849163039975)36.21:0.03297720237566859)94.25:2.3562381105733694)71.3:0.8264115251887708)89.4:1.7788707375975206)84.01:1.3911676902317989)68.37:0.725542822276062));
Weight calculation took 90.874045435 secs
ASTRAL finished in 130.482 secs
