
================== ASTRAL ===================== 

This is ASTRAL version 5.7.7
Gene trees are treated as unrooted
197 trees read from all_bs10.trees
index19
All output trees will be *arbitrarily* rooted at P0109B

======== Running the main analysis
Number of taxa: 244 (244 species)
Taxa: [Apet, VYLQ, WPHN, WAIL, MAQO, P_011609, Sdec, P_019189, P_019197, P2590, GAP_79804, P_008647, P0104A, P_014081, P_011587, P_011701, GAP_80417, P_025523, P0203H, P0109B, P_016909, P_018831, P0110C, P2622, P0110B, P0207A, P0207C, P0207B, P0206H, P0206G, XQWC, P2623, P_007845, P_011579, P_018639, GAP_80322, P_012855, P_007802, P_012827, P_012919, P_012921, P_012813, P_018637, P_012795, P_012941, P_012839, P_012799, P_012805, P_012825, P_012879, P_012809, P_012801, P_012909, GAP_80295, PSJT, P_012927, P_012915, P_012791, P_012869, P_012835, P_012819, P_012823, GAP_81172, P_012833, P_012865, P_012935, P_012933, P_012931, P_012871, P_012849, P_012845, P_012807, P_012803, P_012853, P_012837, P_012829, P_012937, P_006421, P_012939, P_012867, P_012899, P_012817, P_012847, P_012923, P_012843, P_012861, P_012841, P_012913, P_012877, P_012797, P_012901, P_012851, P_012887, P_012905, P_012875, P_012831, P_012857, P_012903, P_012815, P_012925, P_012883, P_012897, P_012907, P_006420, GAP_80294, GAP_80291, GAP_80293, P_012893, P_012885, P_012881, P_012873, GAP_80292, P_006419, P_012859, P_012889, P_012863, P_006418, P_012917, P_012821, P_012911, P_012793, P_018689, P_012891, P_012895, P_012811, GAP_81227, P_016921, Pcol, GAP_81226, P_006410, GAP_79862, P_014077, P_018635, P_011527, GAP_80298, P_014083, GAP_80297, P_007844, P_011637, P_011647, Schi, P_006411, P_011531, P_011549, GAP_80395, P_011739, P_011465, P_011501, P_011489, P_011487, P_011523, P_006414, P_007843, P_007783, GAP_80393, GAP_80394, P_011651, P_011509, P_011643, P_011551, P_011657, P2619, BCGB, P_011699, P_011715, P_011705, P_011713, P_006413, P_011759, P_011675, P_011735, P_011537, P_011671, P_008632, P_011677, WIGA, GAP_80389, P_011679, P_011681, GAP_80390, P_008646, P_006412, P_008640, P_011673, P_011745, P_016813, OBPL, GAP_80397, P_016799, P_016797, P_016793, P_018695, P_018783, P_018645, P_016789, S27, P_016791, S02, P_016787, S04, S03, P_018779, P_014099, P_018691, P_018693, P_006422, P_016795, YZRI, DHPO, WKSU, PAWA, P2589, P_019185, OPDF, CSSK, P_019193, Wsal, P_019187, SJEV, WZFE, QDVW, Asie, KRJP, ABSS, Dhai, Msal, P_011631, S38, S08, OSHQ, P_019191, P_025525, P_014095, P_011613, P_008631, KAYP, P_011719, P_014073, P_025527, P_011709, P_011611, P_019199, P_011607, P_011589]
Taxon occupancy: {P_019193=175, P_019191=86, P_019197=183, OPDF=191, GAP_81172=196, P_018783=192, P_019199=70, Wsal=176, P_016921=193, WKSU=197, P_025523=34, P_025525=61, P_025527=24, P_014073=33, P0203H=143, P_014077=122, QDVW=194, P_011487=193, P_011489=195, P_016813=177, P_006421=196, P_006422=193, P_006420=166, P_006418=195, P_006419=197, P_014081=145, P_006414=194, P_014083=157, P_018689=197, P0206H=187, P0206G=177, Msal=172, P0109B=107, P_012901=195, P_006410=191, P_006411=191, P_012903=195, P_006412=193, P_006413=189, P_012905=195, P_012907=197, GAP_79862=190, PAWA=190, ABSS=194, P_012909=195, P_018691=97, GAP_80291=197, P_018695=189, P_014095=92, GAP_80293=196, GAP_80292=197, P_018693=189, GAP_80295=194, GAP_80294=196, P_014099=189, GAP_80297=193, GAP_80298=191, P_011701=38, P_012911=196, P_012913=173, P_012915=192, P_011705=111, P_012917=193, P_012919=193, P_011709=21, P_012881=197, P_011671=117, P_011551=142, MAQO=194, P_012883=197, P_011673=166, GAP_80322=195, P_012885=195, P_011675=182, P2590=169, P_012887=196, P_011677=157, P_012889=194, P_011679=171, P_008647=185, PSJT=189, P2589=173, P_012891=195, P_011681=142, P_012893=196, P_018637=195, P_012895=196, P_018635=181, P_012897=196, P0207C=190, P0207B=191, P_012899=195, P0207A=193, P_018639=186, P_008646=194, P_008640=193, BCGB=193, WZFE=193, P_018645=189, KRJP=194, KAYP=112, P_011699=114, P_011579=156, CSSK=189, P_008632=191, P_016909=194, P_007783=185, P_008631=40, P_019187=191, P_019185=186, Sdec=48, P_019189=170, P_012791=195, P_012793=194, P_012795=194, Asie=155, P_011465=194, P_018779=164, P_011587=158, P_012797=196, P_012799=196, P_011589=3, GAP_80417=119, WIGA=191, GAP_79804=157, P_007802=173, P_012841=194, P_011631=167, P_012843=195, Pcol=169, P_012845=194, P_012847=189, P_011637=193, P_011759=184, P_012849=195, Apet=90, OBPL=193, P0110C=182, P_018831=192, P0110B=145, YZRI=194, P_012851=195, P_012853=193, P_011643=197, P_011523=195, P_012855=194, P_012857=194, P_011647=182, P_011527=122, P_012859=195, WAIL=195, P_016789=188, P_012861=196, P_011651=180, P_011531=169, P_016787=192, P_012863=196, P_012865=195, Schi=166, P_012867=195, P_011657=183, P_011537=153, P_012869=195, P_016793=188, P_016791=191, P_016797=194, SJEV=193, P_016795=189, P_012871=190, P_012873=195, P_016799=193, P_012875=196, P_012877=194, P_012879=197, P_011549=186, P_007844=151, P_007845=36, S02=157, P_012921=188, S04=61, P_012801=195, S03=186, P_012923=196, P_011713=143, P_012803=194, P_012925=194, P_011715=171, S08=136, P_012805=194, P_007843=179, P_012927=196, P_012807=192, P_011719=21, P_012809=195, VYLQ=195, DHPO=195, GAP_80390=176, P2622=150, P2623=74, XQWC=196, GAP_80394=195, GAP_80393=195, GAP_80395=195, GAP_80397=193, P_012931=196, P_012811=195, WPHN=193, P_012933=190, P_012813=195, P_012935=193, P_012815=193, P_012937=196, P_012817=194, P_011607=6, P_012939=193, P_011609=135, P_012819=191, P2619=130, OSHQ=192, GAP_80389=186, P_012941=197, P_012821=195, P_011611=34, P_012823=194, P_011613=66, P_011735=193, P_012825=197, S27=159, P_012827=186, P_011739=171, P_012829=145, Dhai=188, P0104A=171, P_012831=189, P_011501=195, P_012833=194, GAP_81226=194, GAP_81227=194, P_011745=179, P_012835=194, S38=59, P_012837=195, P_012839=192, P_011509=194}
Number of gene trees: 197
197 trees have missing taxa
Calculating quartet distance matrix (for completion of X)
Species tree distances calculated ...
Will attempt to complete bipartitions from X before adding using a distance matrix.
Building set of clusters (X) from gene trees 
------------------------------
gradient0: 28335
Number of Clusters after addition by distance: 28335
calculating extra bipartitions to be added at level 1 ...
Adding to X using resolutions of greedy consensus ...
Limit for sigma of degrees:6150
polytomy size limit : 30
discarded polytomies:  [3, 3, 3, 3, 3, 3, 3, 3, 3, 3, 3, 3, 3, 3, 3, 3, 3, 3, 4, 4, 4, 4, 4, 4, 4, 4, 4, 4, 4, 4, 4, 4, 4, 4, 4, 5, 5, 5, 6, 6, 6, 6, 7, 8, 10, 10, 11, 13, 13, 14, 14, 17, 30]
Threshold 0.0:
polytomy of size 4; rounds with additions with at least 5 support: 1; clusters: 28351
Threshold 0.01:
polytomy of size 6; rounds with additions with at least 5 support: 1; clusters: 28409
Threshold 0.02:
polytomy of size 7; rounds with additions with at least 5 support: 1; clusters: 28463
Threshold 0.05:
polytomy of size 3; rounds with additions with at least 5 support: 0; clusters: 28463
polytomy of size 3; rounds with additions with at least 5 support: 0; clusters: 28463
polytomy of size 10; rounds with additions with at least 5 support: 1; clusters: 28489
polytomy of size 3; rounds with additions with at least 5 support: 0; clusters: 28489
polytomy of size 4; rounds with additions with at least 5 support: 0; clusters: 28489
Threshold 0.1:
polytomy of size 4; rounds with additions with at least 5 support: 0; clusters: 28489
polytomy of size 3; rounds with additions with at least 5 support: 0; clusters: 28489
polytomy of size 5; rounds with additions with at least 5 support: 0; clusters: 28489
polytomy of size 13; rounds with additions with at least 5 support: 0; clusters: 28513
polytomy of size 3; rounds with additions with at least 5 support: 0; clusters: 28513
polytomy of size 4; rounds with additions with at least 5 support: 0; clusters: 28513
polytomy of size 6; rounds with additions with at least 5 support: 1; clusters: 28515
polytomy of size 4; rounds with additions with at least 5 support: 0; clusters: 28515
polytomy of size 5; rounds with additions with at least 5 support: 1; clusters: 28519
polytomy of size 3; rounds with additions with at least 5 support: 0; clusters: 28519
Threshold 0.2:
polytomy of size 3; rounds with additions with at least 5 support: 0; clusters: 28519
polytomy of size 4; rounds with additions with at least 5 support: 0; clusters: 28519
polytomy of size 3; rounds with additions with at least 5 support: 0; clusters: 28519
polytomy of size 10; rounds with additions with at least 5 support: 0; clusters: 28521
polytomy of size 4; rounds with additions with at least 5 support: 0; clusters: 28521
polytomy of size 3; rounds with additions with at least 5 support: 0; clusters: 28521
polytomy of size 4; rounds with additions with at least 5 support: 0; clusters: 28521
polytomy of size 13; rounds with additions with at least 5 support: 0; clusters: 28523
polytomy of size 4; rounds with additions with at least 5 support: 0; clusters: 28523
polytomy of size 3; rounds with additions with at least 5 support: 0; clusters: 28523
polytomy of size 4; rounds with additions with at least 5 support: 0; clusters: 28523
polytomy of size 3; rounds with additions with at least 5 support: 0; clusters: 28523
polytomy of size 8; rounds with additions with at least 5 support: 0; clusters: 28527
polytomy of size 17; rounds with additions with at least 5 support: 0; clusters: 28529
Threshold 0.3333333333333333:
polytomy of size 4; rounds with additions with at least 5 support: 0; clusters: 28529
polytomy of size 3; rounds with additions with at least 5 support: 0; clusters: 28529
polytomy of size 4; rounds with additions with at least 5 support: 0; clusters: 28529
polytomy of size 11; rounds with additions with at least 5 support: 0; clusters: 28529
polytomy of size 3; rounds with additions with at least 5 support: 0; clusters: 28529
polytomy of size 3; rounds with additions with at least 5 support: 0; clusters: 28529
polytomy of size 4; rounds with additions with at least 5 support: 0; clusters: 28529
polytomy of size 14; rounds with additions with at least 5 support: 0; clusters: 28531
polytomy of size 3; rounds with additions with at least 5 support: 0; clusters: 28531
polytomy of size 3; rounds with additions with at least 5 support: 0; clusters: 28531
polytomy of size 4; rounds with additions with at least 5 support: 0; clusters: 28531
polytomy of size 6; rounds with additions with at least 5 support: 0; clusters: 28531
polytomy of size 14; rounds with additions with at least 5 support: 0; clusters: 28533
polytomy of size 4; rounds with additions with at least 5 support: 0; clusters: 28533
polytomy of size 5; rounds with additions with at least 5 support: 0; clusters: 28533
polytomy of size 3; rounds with additions with at least 5 support: 0; clusters: 28533
polytomy of size 4; rounds with additions with at least 5 support: 0; clusters: 28533
polytomy of size 6; rounds with additions with at least 5 support: 0; clusters: 28533
polytomy of size 3; rounds with additions with at least 5 support: 0; clusters: 28533
polytomy of size 4; rounds with additions with at least 5 support: 0; clusters: 28533
polytomy of size 30; rounds with additions with at least 5 support: 0; clusters: 28559
max k is :2
Number of Clusters after addition by greedy: 28559
gradient0 in heuristiic: 28559
partitions formed in 8.699 secs
Dynamic Programming starting after 8.699 secs
Using tree-based weight calculation.
Using polytree-based weight calculation.
Polytree max score: 15644833182
Polytree building time: 0.116 seconds.
Number of quartet trees in the gene trees: 15644833182
Size of largest cluster: 244
Greedy score: 14657725742
estimationFactor: 1.067343833373247
Sub-optimal score: 14742891357
Total Number of elements weighted: 79750
Normalized score (portion of input quartet trees satisfied before correcting for multiple individuals): 0.9509236420696787
Optimization score: 14877041749
Optimal tree inferred in 103.715 secs.
(P_008640,(P_006412,((P_011679,P_008646),((GAP_80389,GAP_80390),(P_016813,(((P_011701,P_011681),(P_011673,((P_011537,(P_011739,P_011677)),(P_011759,((P_011675,P_011735),(P_014073,(P_011715,(P_011745,P_011611)))))))),(P_006413,((KAYP,((BCGB,ABSS),(WIGA,(Dhai,(Apet,Msal))))),((P_011705,P_011713),((P_011719,P_011607),((P_011579,(P_011671,P_008632)),(P_011709,(P_008631,(P_018635,(VYLQ,((P_011531,(P_011699,(Schi,P_006411))),(((KRJP,(P_011549,GAP_80395)),((P_011643,(P_011657,(P_011651,P_011509))),((GAP_80393,GAP_80394),(P_011631,((P_011551,((P_007844,P_011637),(P_007843,(P_006414,P_007783)))),(P_011647,(P_011465,(P_011501,(P_011523,(P_011489,P_011487)))))))))),(((P_011587,GAP_79862),(P_014081,(P_008647,P0104A))),(((P_011609,(P2619,(Sdec,P_011589))),(MAQO,(WAIL,(P_011527,(P_014077,(GAP_80298,(P_014083,GAP_80297))))))),(P_011613,(WPHN,(((P0203H,((P_016909,WZFE),(P0109B,(P_018831,OSHQ)))),(((SJEV,(P_019193,(Wsal,P_019187))),(P_016921,(GAP_81227,(WKSU,(Pcol,(GAP_81226,P_006410)))))),((P_025527,(P_025523,P_025525)),(((QDVW,Asie),(P_019189,(P_019197,PAWA))),(((P_019185,CSSK),(P2589,OPDF)),((P_019191,P_019199),(GAP_80417,(P2590,GAP_79804)))))))),((((P_018639,P_018779),(P_018695,(P_018783,P_018645))),(P_018691,((P_007845,(P_016797,(P_016799,(OBPL,GAP_80397)))),((P_016793,(P_006422,P_016795)),(P_018693,((S08,P_014095),((S04,(S38,(P_016789,S27))),((S02,P_016787),(P_016791,(S03,P_014099)))))))))),(((P2622,P2623),(P0110C,(XQWC,((P0110B,P0207A),(P0207C,(P0207B,(P0206H,P0206G))))))),((GAP_80322,DHPO),((P_012795,P_012941),((P_012861,((P_012855,(P_007802,P_012827)),((P_012813,P_018637),(P_012919,P_012921)))),(((P_012797,(P_012841,((P_012913,P_012877),(P_012811,(P_012891,P_012895))))),((((P_012903,P_012815),(P_012857,(P_012925,P_012883))),(P_012875,((P_012851,P_012887),(P_012901,(P_012905,P_012831))))),(P_018689,((P_012885,(P_006420,GAP_80294)),(P_012859,(((P_012881,P_012873),(P_012907,GAP_80291)),((P_012897,(GAP_80293,P_012893)),((P_012911,(P_012917,P_012821)),(P_012889,((P_012863,P_006418),(P_012793,(GAP_80292,P_006419)))))))))))),((P_012867,((P_012899,P_012817),(P_012847,P_012923))),(P_012843,(((P_012937,(P_006421,P_012939)),(P_012803,(P_012853,(P_012837,P_012829)))),(((P_012801,(P_012879,P_012809)),(P_012839,(P_012805,(P_012825,(P_012799,YZRI))))),((P_012909,((P_012865,(P_012931,(P_012935,P_012933))),((P_012845,P_012807),(P_012871,P_012849)))),((GAP_81172,P_012833),((P_012927,(GAP_80295,PSJT)),((P_012915,P_012791),(P_012869,(P_012823,(P_012835,P_012819)))))))))))))))))))))))))))))))))))))));
Final quartet score is: 14877041749
Final normalized quartet score is: 0.9509236420696787
You may want to ignore posterior probabilities and other statistics related to the following branch branch because the effective number of genes impacting it is only 12:
	{P_025523, P_025525}
You may want to ignore posterior probabilities and other statistics related to the following branch branch because the effective number of genes impacting it is only 17:
	{P_025523, P_025525, P_025527}
You may want to ignore posterior probabilities and other statistics related to the following branch branch because the effective number of genes impacting it is only 1:
	{Sdec, P_011589}
You may want to ignore posterior probabilities and other statistics related to the following branch branch because the effective number of genes impacting it is only 1:
	{P_011719, P_011607}
You may want to ignore posterior probabilities and other statistics related to the following branch branch because the effective number of genes impacting it is only 6:
	{Apet, P_011701, P_011579, P_011739, BCGB, P_011715, P_011705, P_011713, P_006413, P_011759, P_011675, P_011735, P_011537, P_011671, P_008632, P_011677, WIGA, GAP_80389, P_011679, P_011681, GAP_80390, P_008646, P_006412, P_008640, P_011673, P_011745, P_016813, ABSS, Dhai, Msal, KAYP, P_011719, P_014073, P_011709, P_011611, P_011607}
Extended species tree:
(P0109B,((P_018831,OSHQ)1:1.0101216731117872,((P_016909,WZFE)1:1.9387549221039064,(P0203H,((((SJEV,(P_019193,(Wsal,P_019187)1:0.5694008395129246)1:0.9125947698757424)1:2.3741494346622747,(P_016921,(GAP_81227,(WKSU,(Pcol,(GAP_81226,P_006410)1:1.1689566486211695)1:0.5906733399094731)1:0.23250745277147467)1:0.43993646286249183)1:2.9594608495100974)1:2.4519817498848346,((P_025527,(P_025523,P_025525)0.97:0.5500463369192721)1:1.0729648567880443,(((QDVW,Asie)1:3.5422210680555954,(P_019189,(P_019197,PAWA)1:0.7512193401956354)0.85:0.10434627882447291)1:0.24682366995649813,(((P_019185,CSSK)0.46:0.028032004355119003,(P2589,OPDF)1:0.9771340360491607)1:1.5688627385083083,((P_019191,P_019199)1:0.6051782949299639,(GAP_80417,(P2590,GAP_79804)1:2.3114117338932028)1:0.6496011231714551)1:0.49530963267778455)1:1.373837284133914)0.98:0.2594813984641584)1:0.6462678906775017)1:0.2944569435519504,(((((P_018639,P_018779)1:0.26744776239632767,(P_018695,(P_018783,P_018645)0.99:0.16237810593792654)1:0.337590860775483)1:0.5116212466738573,(P_018691,((P_007845,(P_016797,(P_016799,(OBPL,GAP_80397)0.38:0.17520808268067742)1:1.187966939864696)0.84:0.30468808854384344)0.85:0.2279688766525605,((P_016793,(P_006422,P_016795)1:0.6146591267387256)1:0.6388653731958674,(P_018693,((S08,P_014095)1:0.6129848300278258,((S04,(S38,(P_016789,S27)1:0.37044070310876404)0.55:0.13941004571498208)1:0.5522503916034588,((S02,P_016787)1:2.9601008113753466,(P_016791,(S03,P_014099)1:2.965125046312665)0.46:0.0252319058582052)0.6:0.049922397510301995)1:0.2546947388577155)1:0.370030907045944)0.99:0.18737849219916733)0.91:0.12364632533065102)0.65:0.09311187333845398)0.8:0.11473575010626927)1:2.7560188729582387,(((P2622,P2623)0.79:0.2530893311936417,(P0110C,(XQWC,((P0110B,P0207A)0.41:0.011942969841266103,(P0207C,(P0207B,(P0206H,P0206G)1:0.2633168721522722)0.99:0.1727546056029922)0.85:0.0900475778619175)1:0.24415885359164094)1:0.7327026483676135)1:2.256102164539335)1:0.5309062654380935,((GAP_80322,DHPO)1:3.301811481428535,((P_012795,P_012941)1:3.7397195406218513,((P_012861,((P_012855,(P_007802,P_012827)1:1.940370706201736)1:1.445798239771324,((P_012813,P_018637)1:0.8228469472775577,(P_012919,P_012921)1:2.6844480448959414)1:2.417410557280954)1:2.911975831038193)1:0.19378876111761195,(((P_012797,(P_012841,((P_012913,P_012877)1:1.8409555013164238,(P_012811,(P_012891,P_012895)1:0.3749972112570866)1:1.752957822201555)1:1.7526249500585098)1:0.3373642758714921)0.57:0.048626328947380754,((((P_012903,P_012815)1:1.6799888871123092,(P_012857,(P_012925,P_012883)1:3.204846340296137)0.75:0.07232248777075212)0.59:0.04720940933558899,(P_012875,((P_012851,P_012887)1:2.7409143526459694,(P_012901,(P_012905,P_012831)1:0.4177546118940478)0.51:0.03707059726902922)1:0.3294705423123499)1:0.7938059313849828)1:0.7122166215129906,(P_018689,((P_012885,(P_006420,GAP_80294)1:1.591516603496231)0.43:0.021740310789685854,(P_012859,(((P_012881,P_012873)1:1.3090400097859642,(P_012907,GAP_80291)0.6:0.049806672437068364)0.48:0.0353442003434855,((P_012897,(GAP_80293,P_012893)1:2.253502489384022)0.85:0.10733172148628904,((P_012911,(P_012917,P_012821)1:1.8872086715520457)1:1.2675200228441523,(P_012889,((P_012863,P_006418)0.87:0.11406963465417451,(P_012793,(GAP_80292,P_006419)1:3.2171542141133442)1:0.25328586140357956)0.75:0.08307279049944999)0.43:0.02583007716992494)0.68:0.07131365040540769)0.52:0.036103973876332594)0.64:0.06203429913994199)0.78:0.08905744472177668)1:1.652157875190514)1:1.1569790642607474)1:2.629848897593232)1:3.102616302242462,((P_012867,((P_012899,P_012817)1:2.206576121067339,(P_012847,P_012923)1:3.4185995532050457)1:0.7750277010314671)1:3.380650472758042,(P_012843,(((P_012937,(P_006421,P_012939)1:1.711314104009316)1:4.737704563299984,(P_012803,(P_012853,(P_012837,P_012829)1:1.2224634537981764)0.53:0.03020466616833395)1:0.2698137470108827)0.97:0.13452636349563674,(((P_012801,(P_012879,P_012809)1:3.7531582309182547)1:0.6686408609337579,(P_012839,(P_012805,(P_012825,(P_012799,YZRI)1:1.2546700101018664)1:0.1956574447592285)0.88:0.10439081083972762)1:0.7836577884731716)1:1.4929585065874784,((P_012909,((P_012865,(P_012931,(P_012935,P_012933)1:2.6390573296152575)1:1.696865574712576)1:0.26801193839813364,((P_012845,P_012807)1:0.4736093688539261,(P_012871,P_012849)1:1.7255533332443012)1:0.639574904950801)1:2.807954207356816)0.6:0.04102668550144754,((GAP_81172,P_012833)1:2.928928942451803,((P_012927,(GAP_80295,PSJT)1:0.21013909406360332)1:2.094726767322467,((P_012915,P_012791)0.98:0.13675783182219864,(P_012869,(P_012823,(P_012835,P_012819)0.75:0.08380034622371194)1:0.9355166766715278)1:3.0331390159400073)1:1.6044193578120318)0.97:0.13607024306877694)1:2.705163970907909)1:2.392882851352871)1:2.5849047087352552)0.99:0.1563373480438327)1:1.6936349146361813)1:1.9886986070871358)1:0.3487163790073576)1:1.9581961839698387)1:3.8413693387726897)1:0.5281395614440803)1:0.8983379421179523)1:2.65620285915133,(WPHN,(P_011613,(((P_011609,(P2619,(Sdec,P_011589)0.67:0.2876820724517809)1:0.41803611790827155)1:0.8050407421703125,(MAQO,(WAIL,(P_011527,(P_014077,(GAP_80298,(P_014083,GAP_80297)1:2.1614377526365636)0.96:0.15544772119722264)0.91:0.15695155125507626)1:0.3515197402131647)1:0.6975761030665519)1:1.47045183376185)0.99:0.25945195471267485,(((P_011587,GAP_79862)1:1.0906814636052347,(P_014081,(P_008647,P0104A)1:2.531426665422894)1:1.6918261755957982)1:1.1031358873930819,(((KRJP,(P_011549,GAP_80395)1:1.4611306206936923)1:0.9965042210174303,((P_011643,(P_011657,(P_011651,P_011509)1:0.8229894026694976)0.6:0.043067749077970126)1:1.2736464062296935,((GAP_80393,GAP_80394)1:0.8796121405324008,(P_011631,((P_011551,((P_007844,P_011637)0.8:0.08601617271546401,(P_007843,(P_006414,P_007783)0.88:0.10312972536699862)1:0.35899478909269916)0.7:0.08050385005077125)0.91:0.1251373324240635,(P_011647,(P_011465,(P_011501,(P_011523,(P_011489,P_011487)0.59:0.04754218902560577)0.91:0.11158964812636499)1:0.7580357119692095)1:1.2980521750099063)1:0.27967939491808913)0.97:0.15890587474455609)1:0.46980614065303944)0.55:0.06493494702431966)1:2.1680692410675517)1:1.8099392052999503,((P_011531,(P_011699,(Schi,P_006411)1:1.1086637055767132)1:0.35139574562386255)1:1.70481487795816,(VYLQ,(P_018635,(P_008631,(P_011709,((P_011579,(P_011671,P_008632)0.96:0.17398386516170034)1:1.3520438981000085,((P_011719,P_011607)0.67:0.2876820724517809,((P_011705,P_011713)0.99:0.2689301273804498,((KAYP,((BCGB,ABSS)1:0.7054564274871798,(WIGA,(Dhai,(Apet,Msal)0.79:0.12325903855540275)1:0.3019004357358522)1:0.49673282878850405)0.53:0.06924661329115568)1:0.40323576768932085,(P_006413,(((P_011701,P_011681)0.52:0.06506581689492161,(P_011673,((P_011537,(P_011739,P_011677)1:1.0174853401920247)0.87:0.11523246091907866,(P_011759,((P_011675,P_011735)1:1.4345690560334163,(P_014073,(P_011715,(P_011745,P_011611)1:0.724327450420907)0.74:0.1816275602277646)0.61:0.13722859223647943)1:0.27880392573856866)1:0.19703599001956146)0.79:0.09716878605049667)0.82:0.09969463107492547)1:0.46384877248858236,(P_016813,((GAP_80389,GAP_80390)1:1.8659887735473375,((P_011679,P_008646)0.97:0.1889657011898417,(P_006412,P_008640)1:1.130914168594967)0.96:0.13858352255999237)0.65:0.060725661753956786)1:0.5957201407347533)1:0.21960796702931218)0.96:0.14915900098449214)0.54:0.03922952767603982)0.9:0.307190249026981)0.71:0.2077946809445563)1:0.7012804543430585)0.2:0.0)0.79:0.1772786757293823)1:0.37660507836951085)1:0.3375418185954045)1:1.0930628167079295)1:0.2916139399528819)0.96:0.22972621245631283)1:0.4135576547869497)0.45:0.031202983702766335)1:2.3670360723967727)1:0.8792845626615914)1:1.8345309258488243)1:1.3633803567289235)1:0.7062961021966642));
Weight calculation took 89.701544221 secs
ASTRAL finished in 105.475 secs
