
================== ASTRAL ===================== 

This is ASTRAL version 5.7.7
Gene trees are treated as unrooted
182 trees read from all_bs10.trees
index19
All output trees will be *arbitrarily* rooted at P0109B

======== Running the main analysis
Number of taxa: 244 (244 species)
Taxa: [Apet, VYLQ, WPHN, WAIL, MAQO, P_011609, Sdec, P_019189, P_019197, P2590, GAP_79804, P_008647, P0104A, P_014081, P_011587, P_011701, GAP_80417, P_025523, P0203H, P0109B, P_016909, P_018831, P0110C, P2622, P0110B, P0207A, P0207C, P0207B, P0206H, P0206G, XQWC, P2623, P_007845, P_011579, P_018639, GAP_80322, P_012855, P_007802, P_012827, P_012919, P_012921, P_012813, P_018637, P_012795, P_012941, P_012839, P_012799, P_012805, P_012825, P_012879, P_012809, P_012801, P_012909, GAP_80295, PSJT, P_012927, P_012915, P_012791, P_012869, P_012835, P_012819, P_012823, GAP_81172, P_012833, P_012865, P_012935, P_012933, P_012931, P_012871, P_012849, P_012845, P_012807, P_012803, P_012853, P_012837, P_012829, P_012937, P_006421, P_012939, P_012867, P_012899, P_012817, P_012847, P_012923, P_012843, P_012861, P_012841, P_012913, P_012877, P_012797, P_012901, P_012851, P_012887, P_012905, P_012875, P_012831, P_012857, P_012903, P_012815, P_012925, P_012883, P_012897, P_012907, P_006420, GAP_80294, GAP_80291, GAP_80293, P_012893, P_012885, P_012881, P_012873, GAP_80292, P_006419, P_012859, P_012889, P_012863, P_006418, P_012917, P_012821, P_012911, P_012793, P_018689, P_012891, P_012895, P_012811, GAP_81227, P_016921, Pcol, GAP_81226, P_006410, GAP_79862, P_014077, P_018635, P_011527, GAP_80298, P_014083, GAP_80297, P_007844, P_011637, P_011647, Schi, P_006411, P_011531, P_011549, GAP_80395, P_011739, P_011465, P_011501, P_011489, P_011487, P_011523, P_006414, P_007843, P_007783, GAP_80393, GAP_80394, P_011651, P_011509, P_011643, P_011551, P_011657, P2619, BCGB, P_011699, P_011715, P_011705, P_011713, P_006413, P_011759, P_011675, P_011735, P_011537, P_011671, P_008632, P_011677, WIGA, GAP_80389, P_011679, P_011681, GAP_80390, P_008646, P_006412, P_008640, P_011673, P_011745, P_016813, OBPL, GAP_80397, P_016799, P_016797, P_016793, P_018695, P_018783, P_018645, P_016789, S27, P_016791, S02, P_016787, S04, S03, P_018779, P_014099, P_018691, P_018693, P_006422, P_016795, YZRI, DHPO, WKSU, PAWA, P2589, P_019185, OPDF, CSSK, P_019193, Wsal, P_019187, SJEV, WZFE, QDVW, Asie, KRJP, ABSS, Dhai, Msal, P_011631, S38, S08, OSHQ, P_019191, P_025525, P_014095, P_011613, P_008631, KAYP, P_011719, P_014073, P_025527, P_011709, P_011611, P_019199, P_011607, P_011589]
Taxon occupancy: {P_019193=169, P_019191=88, P_019197=177, OPDF=177, GAP_81172=182, P_018783=181, P_019199=68, Wsal=169, P_016921=179, WKSU=182, P_025523=34, P_025525=66, P_025527=26, P_014073=34, P0203H=139, P_014077=121, QDVW=178, P_011487=182, P_011489=182, P_016813=172, P_006421=180, P_006422=182, P_006420=155, P_006418=180, P_006419=180, P_014081=144, P_006414=181, P_014083=154, P_018689=182, P0206H=175, P0206G=170, Msal=159, P0109B=106, P_012901=181, P_006410=179, P_006411=180, P_012903=181, P_006412=180, P_006413=178, P_012905=181, P_012907=181, GAP_79862=179, PAWA=175, ABSS=181, P_012909=181, P_018691=101, GAP_80291=181, P_018695=179, P_014095=91, GAP_80293=181, GAP_80292=179, P_018693=179, GAP_80295=179, GAP_80294=180, P_014099=179, GAP_80297=182, GAP_80298=180, P_011701=36, P_012911=180, P_012913=166, P_012915=180, P_011705=111, P_012917=177, P_012919=178, P_011709=21, P_012881=182, P_011671=115, P_011551=138, MAQO=179, P_012883=182, P_011673=159, GAP_80322=181, P_012885=182, P_011675=175, P2590=161, P_012887=181, P_011677=155, P_012889=180, P_011679=166, P_008647=174, PSJT=175, P2589=162, P_012891=180, P_011681=138, P_012893=182, P_018637=181, P_012895=182, P_018635=176, P_012897=180, P0207C=180, P0207B=179, P_012899=182, P0207A=180, P_018639=177, P_008646=181, P_008640=182, BCGB=180, WZFE=178, P_018645=179, KRJP=179, KAYP=105, P_011699=104, P_011579=149, CSSK=176, P_008632=180, P_016909=181, P_007783=180, P_008631=40, P_019187=178, P_019185=176, Sdec=48, P_019189=164, P_012791=182, P_012793=181, P_012795=179, Asie=146, P_011465=182, P_018779=160, P_011587=153, P_012797=181, P_012799=182, P_011589=4, GAP_80417=114, WIGA=173, GAP_79804=152, P_007802=163, P_012841=181, P_011631=160, P_012843=181, Pcol=166, P_012845=181, P_012847=178, P_011637=182, P_011759=173, P_012849=179, Apet=84, OBPL=179, P0110C=176, P_018831=182, P0110B=139, YZRI=180, P_012851=180, P_012853=181, P_011643=182, P_011523=182, P_012855=181, P_012857=180, P_011647=176, P_011527=121, P_012859=180, WAIL=179, P_016789=179, P_012861=182, P_011651=171, P_011531=162, P_016787=182, P_012863=181, P_012865=178, Schi=161, P_012867=180, P_011657=174, P_011537=148, P_012869=182, P_016793=179, P_016791=180, P_016797=181, SJEV=177, P_016795=178, P_012871=179, P_012873=181, P_016799=182, P_012875=182, P_012877=180, P_012879=179, P_011549=179, P_007844=149, P_007845=36, S02=158, P_012921=174, S04=63, P_012801=182, S03=179, P_012923=181, P_011713=142, P_012803=181, P_012925=180, P_011715=164, S08=132, P_012805=181, P_007843=173, P_012927=181, P_012807=181, P_011719=19, P_012809=178, VYLQ=181, DHPO=180, GAP_80390=166, P2622=146, P2623=78, XQWC=181, GAP_80394=182, GAP_80393=182, GAP_80395=182, GAP_80397=180, P_012931=182, P_012811=180, WPHN=177, P_012933=176, P_012813=181, P_012935=179, P_012815=180, P_012937=182, P_012817=181, P_011607=7, P_012939=179, P_011609=138, P_012819=181, P2619=129, OSHQ=176, GAP_80389=178, P_012941=182, P_012821=180, P_011611=28, P_012823=182, P_011613=67, P_011735=180, P_012825=182, S27=153, P_012827=173, P_011739=166, P_012829=143, Dhai=175, P0104A=167, P_012831=177, P_011501=182, P_012833=182, GAP_81226=180, GAP_81227=180, P_011745=170, P_012835=182, S38=63, P_012837=182, P_012839=180, P_011509=181}
Number of gene trees: 182
182 trees have missing taxa
Calculating quartet distance matrix (for completion of X)
Species tree distances calculated ...
Will attempt to complete bipartitions from X before adding using a distance matrix.
Building set of clusters (X) from gene trees 
------------------------------
gradient0: 27287
Number of Clusters after addition by distance: 27287
calculating extra bipartitions to be added at level 1 ...
Adding to X using resolutions of greedy consensus ...
Limit for sigma of degrees:6150
polytomy size limit : 31
discarded polytomies:  [3, 3, 3, 3, 3, 3, 3, 3, 3, 3, 3, 3, 3, 3, 3, 3, 3, 3, 4, 4, 4, 4, 4, 4, 4, 4, 4, 4, 4, 4, 4, 4, 4, 4, 5, 5, 5, 5, 5, 6, 6, 7, 8, 10, 10, 11, 13, 13, 13, 14, 14, 19, 31]
Threshold 0.0:
polytomy of size 3; rounds with additions with at least 5 support: 1; clusters: 27291
Threshold 0.01:
polytomy of size 5; rounds with additions with at least 5 support: 4; clusters: 27319
Threshold 0.02:
polytomy of size 7; rounds with additions with at least 5 support: 2; clusters: 27421
polytomy of size 3; rounds with additions with at least 5 support: 0; clusters: 27421
polytomy of size 3; rounds with additions with at least 5 support: 0; clusters: 27423
Threshold 0.05:
polytomy of size 3; rounds with additions with at least 5 support: 0; clusters: 27423
polytomy of size 3; rounds with additions with at least 5 support: 0; clusters: 27423
polytomy of size 4; rounds with additions with at least 5 support: 0; clusters: 27423
polytomy of size 10; rounds with additions with at least 5 support: 2; clusters: 27457
polytomy of size 4; rounds with additions with at least 5 support: 0; clusters: 27459
polytomy of size 4; rounds with additions with at least 5 support: 1; clusters: 27463
Threshold 0.1:
polytomy of size 4; rounds with additions with at least 5 support: 0; clusters: 27463
polytomy of size 4; rounds with additions with at least 5 support: 0; clusters: 27463
polytomy of size 5; rounds with additions with at least 5 support: 0; clusters: 27463
polytomy of size 13; rounds with additions with at least 5 support: 1; clusters: 27481
polytomy of size 3; rounds with additions with at least 5 support: 0; clusters: 27481
polytomy of size 4; rounds with additions with at least 5 support: 0; clusters: 27481
polytomy of size 13; rounds with additions with at least 5 support: 0; clusters: 27501
Threshold 0.2:
polytomy of size 3; rounds with additions with at least 5 support: 0; clusters: 27501
polytomy of size 5; rounds with additions with at least 5 support: 0; clusters: 27501
polytomy of size 3; rounds with additions with at least 5 support: 0; clusters: 27501
polytomy of size 10; rounds with additions with at least 5 support: 0; clusters: 27503
polytomy of size 4; rounds with additions with at least 5 support: 0; clusters: 27503
polytomy of size 13; rounds with additions with at least 5 support: 0; clusters: 27513
polytomy of size 4; rounds with additions with at least 5 support: 0; clusters: 27513
polytomy of size 3; rounds with additions with at least 5 support: 0; clusters: 27513
polytomy of size 5; rounds with additions with at least 5 support: 0; clusters: 27513
polytomy of size 4; rounds with additions with at least 5 support: 0; clusters: 27513
polytomy of size 3; rounds with additions with at least 5 support: 0; clusters: 27513
polytomy of size 8; rounds with additions with at least 5 support: 0; clusters: 27515
polytomy of size 19; rounds with additions with at least 5 support: 1; clusters: 27543
Threshold 0.3333333333333333:
polytomy of size 4; rounds with additions with at least 5 support: 0; clusters: 27543
polytomy of size 4; rounds with additions with at least 5 support: 0; clusters: 27543
polytomy of size 3; rounds with additions with at least 5 support: 0; clusters: 27543
polytomy of size 11; rounds with additions with at least 5 support: 0; clusters: 27545
polytomy of size 3; rounds with additions with at least 5 support: 0; clusters: 27545
polytomy of size 14; rounds with additions with at least 5 support: 0; clusters: 27545
polytomy of size 14; rounds with additions with at least 5 support: 0; clusters: 27545
polytomy of size 4; rounds with additions with at least 5 support: 0; clusters: 27545
polytomy of size 5; rounds with additions with at least 5 support: 0; clusters: 27545
polytomy of size 3; rounds with additions with at least 5 support: 0; clusters: 27545
polytomy of size 3; rounds with additions with at least 5 support: 0; clusters: 27545
polytomy of size 3; rounds with additions with at least 5 support: 0; clusters: 27545
polytomy of size 3; rounds with additions with at least 5 support: 0; clusters: 27545
polytomy of size 4; rounds with additions with at least 5 support: 0; clusters: 27545
polytomy of size 6; rounds with additions with at least 5 support: 0; clusters: 27545
polytomy of size 4; rounds with additions with at least 5 support: 0; clusters: 27545
polytomy of size 6; rounds with additions with at least 5 support: 0; clusters: 27545
polytomy of size 3; rounds with additions with at least 5 support: 0; clusters: 27545
polytomy of size 3; rounds with additions with at least 5 support: 0; clusters: 27545
polytomy of size 4; rounds with additions with at least 5 support: 0; clusters: 27545
polytomy of size 4; rounds with additions with at least 5 support: 0; clusters: 27545
polytomy of size 31; rounds with additions with at least 5 support: 0; clusters: 27619
max k is :8
Number of Clusters after addition by greedy: 27619
gradient0 in heuristiic: 27619
partitions formed in 18.123 secs
Dynamic Programming starting after 18.123 secs
Using tree-based weight calculation.
Using polytree-based weight calculation.
Polytree max score: 15117358380
Polytree building time: 0.17 seconds.
Number of quartet trees in the gene trees: 15117358380
Size of largest cluster: 244
Greedy score: 14048987233
estimationFactor: 1.0760461326700104
Sub-optimal score: 14153007402
Total Number of elements weighted: 76152
Normalized score (portion of input quartet trees satisfied before correcting for multiple individuals): 0.9494144261995064
Optimization score: 14352638132
Optimal tree inferred in 109.673 secs.
(P_011713,(P_011705,((KAYP,((BCGB,ABSS),(WIGA,(Dhai,(Apet,Msal))))),((P_006413,((P_016813,((GAP_80389,GAP_80390),((P_006412,P_008640),(P_011679,P_008646)))),(P_011701,((P_014073,P_011589),(P_011681,(P_011673,((P_011537,(P_011739,P_011677)),(P_011611,(P_011759,((P_011715,P_011745),(P_011675,P_011735))))))))))),((P_011719,P_011607),((P_011579,(P_011671,P_008632)),((P_018635,P_008631),(VYLQ,((P_011531,(P_011699,(Schi,P_006411))),(((KRJP,(P_011549,GAP_80395)),((P_011643,(P_011657,(P_011651,P_011509))),((GAP_80393,GAP_80394),(P_011631,((P_011647,(P_011465,(P_011501,(P_011523,(P_011489,P_011487))))),(P_011551,((P_007844,P_011637),(P_007843,(P_006414,P_007783))))))))),(((P_011587,GAP_79862),(P_014081,(P_008647,P0104A))),(((P_011609,(Sdec,P2619)),(MAQO,(WAIL,(P_011527,(P_014077,(GAP_80298,(P_014083,GAP_80297))))))),((WPHN,P_011613),(((P0203H,((P_016909,WZFE),(P0109B,(P_018831,OSHQ)))),(((SJEV,(P_019193,(Wsal,P_019187))),(P_016921,(GAP_81227,(WKSU,(Pcol,(GAP_81226,P_006410)))))),((P_011709,(P_025527,(P_025523,P_025525))),(((QDVW,Asie),(P_019189,(P_019197,PAWA))),(((P_019185,CSSK),(P2589,OPDF)),((P_019191,P_019199),(GAP_80417,(P2590,GAP_79804)))))))),((((P_018639,P_018779),(P_018695,(P_018783,P_018645))),(P_018691,((P_007845,(P_016797,(OBPL,(GAP_80397,P_016799)))),((P_016793,(P_006422,P_016795)),(P_018693,((S08,P_014095),((S38,(S04,(P_016789,S27))),((S02,P_016787),(P_016791,(S03,P_014099)))))))))),(((P2622,P2623),(P0110C,(XQWC,((P0110B,P0207A),(P0207C,(P0207B,(P0206H,P0206G))))))),((GAP_80322,DHPO),((P_012795,P_012941),((P_012861,((P_012855,(P_007802,P_012827)),((P_012813,P_018637),(P_012919,P_012921)))),(((P_012797,(P_012841,((P_012913,P_012877),(P_012811,(P_012891,P_012895))))),((((P_012903,P_012815),(P_012857,(P_012925,P_012883))),(P_012875,((P_012905,P_012831),(P_012901,(P_012851,P_012887))))),(P_018689,((P_012885,(P_006420,GAP_80294)),(P_012859,(((P_012881,P_012873),(P_012907,GAP_80291)),((P_012897,(GAP_80293,P_012893)),(P_012889,((P_012863,(P_012911,(P_012917,P_012821))),(P_006418,(P_012793,(GAP_80292,P_006419)))))))))))),((P_012867,((P_012899,P_012817),(P_012847,P_012923))),(P_012843,(((P_012937,(P_006421,P_012939)),((P_012837,P_012829),(P_012803,P_012853))),(((P_012801,(P_012879,P_012809)),(P_012839,(P_012805,(P_012825,(P_012799,YZRI))))),(P_012909,((((P_012845,P_012807),(P_012871,P_012849)),(P_012865,(P_012931,(P_012935,P_012933)))),((GAP_81172,P_012833),((P_012927,(GAP_80295,PSJT)),((P_012915,P_012791),(P_012869,(P_012823,(P_012835,P_012819))))))))))))))))))))))))))))))));
Final quartet score is: 14352638132
Final normalized quartet score is: 0.9494144261995064
You may want to ignore posterior probabilities and other statistics related to the following branch branch because the effective number of genes impacting it is only 11:
	{P_025523, P_025525}
You may want to ignore posterior probabilities and other statistics related to the following branch branch because the effective number of genes impacting it is only 0:
	{P_025523, P_025525, P_025527}
You may want to ignore posterior probabilities and other statistics related to the following branch branch because the effective number of genes impacting it is only 9:
	{P_025523, P_025525, P_025527, P_011709}
You may want to ignore posterior probabilities and other statistics related to the following branch branch because the effective number of genes impacting it is only 1:
	{P_011719, P_011607}
You may want to ignore posterior probabilities and other statistics related to the following branch branch because the effective number of genes impacting it is only 1:
	{P_014073, P_011589}
You may want to ignore posterior probabilities and other statistics related to the following branch branch because the effective number of genes impacting it is only 8:
	{P_011739, P_011715, P_011759, P_011675, P_011735, P_011537, P_011677, P_011681, P_011673, P_011745, P_014073, P_011611, P_011589}
Extended species tree:
(P0109B,((P_018831,OSHQ)1:0.8078843649630477,((P_016909,WZFE)1:1.9021919899862592,(P0203H,((((SJEV,(P_019193,(Wsal,P_019187)1:0.5938652297117881)1:0.933037253899701)1:2.2407072635920264,(P_016921,(GAP_81227,(WKSU,(Pcol,(GAP_81226,P_006410)1:1.2101586243660192)1:0.5908946237788267)1:0.25647501555751223)1:0.4250505304077104)1:3.075449269199781)1:2.3013856556757397,((P_011709,(P_025527,(P_025523,P_025525)0.93:0.4700036292457356)0.33:0.0)0.31:0.0,(((QDVW,Asie)1:3.468113095901871,(P_019189,(P_019197,PAWA)1:0.6930059028459233)0.87:0.12119429331642831)1:0.2327175919965897,(((P_019185,CSSK)0.72:0.061421183888804416,(P2589,OPDF)1:0.9276832144782587)1:1.5280027877412115,((P_019191,P_019199)1:0.7309744874503475,(GAP_80417,(P2590,GAP_79804)1:2.149251725016739)1:0.5957989734826663)1:0.5012278365964662)1:1.4194861411552866)1:0.4231041759527989)1:0.4271713748530025)1:0.339378684237793,(((((P_018639,P_018779)1:0.35784073571329195,(P_018695,(P_018783,P_018645)0.98:0.14893651103101946)1:0.3217895475932847)1:0.5093642380708618,(P_018691,((P_007845,(P_016797,(OBPL,(GAP_80397,P_016799)0.99:0.2282089975422262)1:0.8308884848637164)0.97:0.39352241526048154)0.68:0.17150377470708136,((P_016793,(P_006422,P_016795)1:0.650144602916939)1:0.665532275259656,(P_018693,((S08,P_014095)1:0.7091027638398532,((S38,(S04,(P_016789,S27)1:0.76527324467659)0.5:0.12921650199009835)0.99:0.34772042934748953,((S02,P_016787)1:3.027989360993929,(P_016791,(S03,P_014099)1:3.1109555749629316)0.49:0.0353603377085203)0.62:0.056475821531990066)0.99:0.20900103132263245)1:0.4261206282466211)0.98:0.17181248861536824)0.85:0.10258872474255704)0.72:0.10335426939421596)0.63:0.0681390469299216)1:2.843667953265068,(((P2622,P2623)0.44:0.21946641955676255,(P0110C,(XQWC,((P0110B,P0207A)0.45:0.021629619933507677,(P0207C,(P0207B,(P0206H,P0206G)1:0.2389691257311716)0.99:0.17399454503409686)0.81:0.09086843827926534)1:0.2579394309028617)1:0.6262609392545465)1:2.217824307108636)1:0.5432281550967833,((GAP_80322,DHPO)1:2.3488741798976576,((P_012795,P_012941)1:3.6833084090644785,((P_012861,((P_012855,(P_007802,P_012827)1:1.9474466928161773)1:1.4980859605662389,((P_012813,P_018637)1:0.874277626988156,(P_012919,P_012921)1:2.3973571569372005)1:2.438919885991737)1:2.674256326528888)1:0.25137152144490893,(((P_012797,(P_012841,((P_012913,P_012877)1:2.0375316253472198,(P_012811,(P_012891,P_012895)1:0.4449596888047385)1:1.7788068145719895)1:1.6470570947000016)1:0.369467500606562)0.71:0.06598504117310104,((((P_012903,P_012815)1:1.503952967531741,(P_012857,(P_012925,P_012883)1:3.3511638740504415)0.49:0.026869254651017145)0.42:0.014135319545005609,(P_012875,((P_012905,P_012831)1:0.4144219578339996,(P_012901,(P_012851,P_012887)1:2.6973963321134637)0.48:0.031217578087196707)1:0.2804949884224457)1:0.9285014546944835)1:0.6909037432509806,(P_018689,((P_012885,(P_006420,GAP_80294)1:1.6403563319163732)0.54:0.044693458781463684,(P_012859,(((P_012881,P_012873)1:1.3620372612956633,(P_012907,GAP_80291)0.67:0.06633550164588727)0.54:0.045674972942301224,((P_012897,(GAP_80293,P_012893)1:2.187056676067165)0.78:0.08943808978803099,(P_012889,((P_012863,(P_012911,(P_012917,P_012821)1:1.9218575766087709)1:1.0522220641536677)0.69:0.09774580416484989,(P_006418,(P_012793,(GAP_80292,P_006419)1:3.131582133243877)1:0.23744565065735368)0.62:0.0720545228844742)0.45:0.03249219258615916)0.56:0.06433521349542197)0.55:0.04552493912916391)0.62:0.06145819790073101)0.67:0.07003316171510048)1:1.6418932882671338)1:1.0554154757058645)1:2.5957019177462035)1:2.9234651740851096,((P_012867,((P_012899,P_012817)1:1.9360802494073468,(P_012847,P_012923)1:3.1668805297498217)1:0.9161036316908838)1:3.4182931787519113,(P_012843,(((P_012937,(P_006421,P_012939)1:1.8374817185661496)1:4.101602215665956,((P_012837,P_012829)1:1.343481045461742,(P_012803,P_012853)0.43:0.035123476742073896)1:0.24677843657470783)0.98:0.15356833293420158,(((P_012801,(P_012879,P_012809)1:3.6811047269566908)1:0.7327149173331342,(P_012839,(P_012805,(P_012825,(P_012799,YZRI)1:1.0774912869694353)0.97:0.16819855182557344)0.67:0.08659004850051193)1:0.7629477086894649)1:1.4817645430222552,(P_012909,((((P_012845,P_012807)1:0.426913973444789,(P_012871,P_012849)1:1.6127872664522835)1:0.6892994486911703,(P_012865,(P_012931,(P_012935,P_012933)1:3.155580974495886)1:2.024326308004206)1:0.28528962720656453)1:2.9227556806909525,((GAP_81172,P_012833)1:2.9173941400434082,((P_012927,(GAP_80295,PSJT)1:0.2209538396499157)1:1.9211876969040658,((P_012915,P_012791)0.95:0.12709423170115686,(P_012869,(P_012823,(P_012835,P_012819)0.89:0.09754920359744453)1:0.905972850322614)1:3.149534326486047)1:1.6159836700493546)0.96:0.13420374836229565)1:2.5792758703962138)0.51:0.027982628953787166)1:1.8988415842129245)1:2.3186296598732765)0.98:0.14858336536091302)1:1.553273198100489)1:1.6720057129052626)1:0.3984086844675474)1:2.0897501228956648)1:3.7802985970561305)1:0.488286435588858)1:0.8792683602632902)1:2.739694522540858,((WPHN,P_011613)0.37:0.01375972442703088,(((P_011609,(Sdec,P2619)0.99:0.3847371684477386)1:0.8229915695941322,(MAQO,(WAIL,(P_011527,(P_014077,(GAP_80298,(P_014083,GAP_80297)1:1.9191657428964477)0.93:0.1397061830943159)0.88:0.14052686299016548)1:0.3238257005874815)1:0.6804782399965179)1:1.4094708920513968)0.99:0.2738920538017591,(((P_011587,GAP_79862)1:1.0798948361479517,(P_014081,(P_008647,P0104A)1:2.708050201102211)1:1.770473354497173)1:1.3525981295676348,(((KRJP,(P_011549,GAP_80395)1:1.5443119453048213)1:0.905813563078701,((P_011643,(P_011657,(P_011651,P_011509)1:0.8768552899732784)0.54:0.0349491125976266)1:1.3547382422129435,((GAP_80393,GAP_80394)1:0.9806265145708136,(P_011631,((P_011647,(P_011465,(P_011501,(P_011523,(P_011489,P_011487)0.55:0.04294141761674476)0.98:0.14837397983060094)1:0.81944381941527)1:1.299762558532923)1:0.28910746282438093,(P_011551,((P_007844,P_011637)0.68:0.06645911933504048,(P_007843,(P_006414,P_007783)0.78:0.09570823408843021)1:0.3956326178513049)0.78:0.09011478806016426)0.92:0.1342835391629719)0.98:0.18052792760374514)1:0.44481452947477795)0.47:0.050532567537185435)1:2.339999791507813)1:1.9863720898971267,((P_011531,(P_011699,(Schi,P_006411)1:1.230648376348891)1:0.32672065590942195)1:1.8278576083825202,(VYLQ,((P_018635,P_008631)0.16:0.009409389375292837,((P_011579,(P_011671,P_008632)0.89:0.13477950144515288)1:1.281048970407884,((P_011719,P_011607)0.67:0.2876820724517809,((P_006413,((P_016813,((GAP_80389,GAP_80390)1:1.9808809189027476,((P_006412,P_008640)1:1.2207832797505274,(P_011679,P_008646)1:0.26029720085636227)0.92:0.12503181691813395)0.45:0.021248158023333075)1:0.632936029517594,(P_011701,((P_014073,P_011589)0.61:0.18816332903557767,(P_011681,(P_011673,((P_011537,(P_011739,P_011677)1:1.1104394515769949)0.96:0.1477671591106694,(P_011611,(P_011759,((P_011715,P_011745)1:0.32805102412954834,(P_011675,P_011735)1:1.3780545208097235)1:0.27344163246550024)0:0.0)1:0.8459047053148426)0.91:0.12949222834914947)0.52:0.03900805399790685)0.65:0.1324764178057218)0.24:0.0)0.76:0.25402593466850903)1:0.2547829449095219)0.86:0.11549298912615631,((KAYP,((BCGB,ABSS)1:0.6711910498520346,(WIGA,(Dhai,(Apet,Msal)0.56:0.07205504569758295)1:0.21939835262212679)1:0.4907352312477708)0.66:0.11214857918518513)1:0.3655493227609191,(P_011705,P_011713)0.97:0.21322671467796067)0.27:0.0)0.86:0.29133678250499706)0.88:0.28085823047065844)1:1.333115234449232)1:0.5276826861670825)1:0.2732825462733506)1:1.2570214405490594)1:0.23062613319602962)0.99:0.2553369423354888)1:0.696756091341585)1:1.8738293895829787)1:0.8193896862754044)1:1.744296594421496)1:1.2939465212562729)1:0.8136970172737341));
Weight calculation took 81.764118089 secs
ASTRAL finished in 111.715 secs
