
================== ASTRAL ===================== 

This is ASTRAL version 5.7.7
Gene trees are treated as unrooted
182 trees read from all_bs10.trees
index19
All output trees will be *arbitrarily* rooted at P0109B

======== Running the main analysis
Number of taxa: 244 (244 species)
Taxa: [Apet, VYLQ, WPHN, WAIL, MAQO, P_011609, Sdec, P_019189, P_019197, P2590, GAP_79804, P_008647, P0104A, P_014081, P_011587, P_011701, GAP_80417, P_025523, P0203H, P0109B, P_016909, P_018831, P0110C, P2622, P0110B, P0207A, P0207C, P0207B, P0206H, P0206G, XQWC, P2623, P_007845, P_011579, P_018639, GAP_80322, P_012855, P_007802, P_012827, P_012919, P_012921, P_012813, P_018637, P_012795, P_012941, P_012839, P_012799, P_012805, P_012825, P_012879, P_012809, P_012801, P_012909, GAP_80295, PSJT, P_012927, P_012915, P_012791, P_012869, P_012835, P_012819, P_012823, GAP_81172, P_012833, P_012865, P_012935, P_012933, P_012931, P_012871, P_012849, P_012845, P_012807, P_012803, P_012853, P_012837, P_012829, P_012937, P_006421, P_012939, P_012867, P_012899, P_012817, P_012847, P_012923, P_012843, P_012861, P_012841, P_012913, P_012877, P_012797, P_012901, P_012851, P_012887, P_012905, P_012875, P_012831, P_012857, P_012903, P_012815, P_012925, P_012883, P_012897, P_012907, P_006420, GAP_80294, GAP_80291, GAP_80293, P_012893, P_012885, P_012881, P_012873, GAP_80292, P_006419, P_012859, P_012889, P_012863, P_006418, P_012917, P_012821, P_012911, P_012793, P_018689, P_012891, P_012895, P_012811, GAP_81227, P_016921, Pcol, GAP_81226, P_006410, GAP_79862, P_014077, P_018635, P_011527, GAP_80298, P_014083, GAP_80297, P_007844, P_011637, P_011647, Schi, P_006411, P_011531, P_011549, GAP_80395, P_011739, P_011465, P_011501, P_011489, P_011487, P_011523, P_006414, P_007843, P_007783, GAP_80393, GAP_80394, P_011651, P_011509, P_011643, P_011551, P_011657, P2619, BCGB, P_011699, P_011715, P_011705, P_011713, P_006413, P_011759, P_011675, P_011735, P_011537, P_011671, P_008632, P_011677, WIGA, GAP_80389, P_011679, P_011681, GAP_80390, P_008646, P_006412, P_008640, P_011673, P_011745, P_016813, OBPL, GAP_80397, P_016799, P_016797, P_016793, P_018695, P_018783, P_018645, P_016789, S27, P_016791, S02, P_016787, S04, S03, P_018779, P_014099, P_018691, P_018693, P_006422, P_016795, YZRI, DHPO, WKSU, PAWA, P2589, P_019185, OPDF, CSSK, P_019193, Wsal, P_019187, SJEV, WZFE, QDVW, Asie, KRJP, ABSS, Dhai, Msal, P_011631, S38, S08, OSHQ, P_019191, P_025525, P_014095, P_011613, P_008631, KAYP, P_011719, P_014073, P_025527, P_011709, P_011611, P_019199, P_011607, P_011589]
Taxon occupancy: {P_019193=169, P_019191=88, P_019197=177, OPDF=177, GAP_81172=182, P_018783=181, P_019199=68, Wsal=169, P_016921=179, WKSU=182, P_025523=34, P_025525=66, P_025527=26, P_014073=34, P0203H=139, P_014077=121, QDVW=178, P_011487=182, P_011489=182, P_016813=172, P_006421=180, P_006422=182, P_006420=155, P_006418=180, P_006419=180, P_014081=144, P_006414=181, P_014083=154, P_018689=182, P0206H=175, P0206G=170, Msal=159, P0109B=106, P_012901=181, P_006410=179, P_006411=180, P_012903=181, P_006412=180, P_006413=178, P_012905=181, P_012907=181, GAP_79862=179, PAWA=175, ABSS=181, P_012909=181, P_018691=101, GAP_80291=181, P_018695=179, P_014095=91, GAP_80293=181, GAP_80292=179, P_018693=179, GAP_80295=179, GAP_80294=180, P_014099=179, GAP_80297=182, GAP_80298=180, P_011701=36, P_012911=180, P_012913=166, P_012915=180, P_011705=111, P_012917=177, P_012919=178, P_011709=21, P_012881=182, P_011671=115, P_011551=138, MAQO=179, P_012883=182, P_011673=159, GAP_80322=181, P_012885=182, P_011675=175, P2590=161, P_012887=181, P_011677=155, P_012889=180, P_011679=166, P_008647=174, PSJT=175, P2589=162, P_012891=180, P_011681=138, P_012893=182, P_018637=181, P_012895=182, P_018635=176, P_012897=180, P0207C=180, P0207B=179, P_012899=182, P0207A=180, P_018639=177, P_008646=181, P_008640=182, BCGB=180, WZFE=178, P_018645=179, KRJP=179, KAYP=105, P_011699=104, P_011579=149, CSSK=176, P_008632=180, P_016909=181, P_007783=180, P_008631=40, P_019187=178, P_019185=176, Sdec=48, P_019189=164, P_012791=182, P_012793=181, P_012795=179, Asie=146, P_011465=182, P_018779=160, P_011587=153, P_012797=181, P_012799=182, P_011589=4, GAP_80417=114, WIGA=173, GAP_79804=152, P_007802=163, P_012841=181, P_011631=160, P_012843=181, Pcol=166, P_012845=181, P_012847=178, P_011637=182, P_011759=173, P_012849=179, Apet=84, OBPL=179, P0110C=176, P_018831=182, P0110B=139, YZRI=180, P_012851=180, P_012853=181, P_011643=182, P_011523=182, P_012855=181, P_012857=180, P_011647=176, P_011527=121, P_012859=180, WAIL=179, P_016789=179, P_012861=182, P_011651=171, P_011531=162, P_016787=182, P_012863=181, P_012865=178, Schi=161, P_012867=180, P_011657=174, P_011537=148, P_012869=182, P_016793=179, P_016791=180, P_016797=181, SJEV=177, P_016795=178, P_012871=179, P_012873=181, P_016799=182, P_012875=182, P_012877=180, P_012879=179, P_011549=179, P_007844=149, P_007845=36, S02=158, P_012921=174, S04=63, P_012801=182, S03=179, P_012923=181, P_011713=142, P_012803=181, P_012925=180, P_011715=164, S08=132, P_012805=181, P_007843=173, P_012927=181, P_012807=181, P_011719=19, P_012809=178, VYLQ=181, DHPO=180, GAP_80390=166, P2622=146, P2623=78, XQWC=181, GAP_80394=182, GAP_80393=182, GAP_80395=182, GAP_80397=180, P_012931=182, P_012811=180, WPHN=177, P_012933=176, P_012813=181, P_012935=179, P_012815=180, P_012937=182, P_012817=181, P_011607=7, P_012939=179, P_011609=138, P_012819=181, P2619=129, OSHQ=176, GAP_80389=178, P_012941=182, P_012821=180, P_011611=28, P_012823=182, P_011613=67, P_011735=180, P_012825=182, S27=153, P_012827=173, P_011739=166, P_012829=143, Dhai=175, P0104A=167, P_012831=177, P_011501=182, P_012833=182, GAP_81226=180, GAP_81227=180, P_011745=170, P_012835=182, S38=63, P_012837=182, P_012839=180, P_011509=181}
Number of gene trees: 182
182 trees have missing taxa
Calculating quartet distance matrix (for completion of X)
Species tree distances calculated ...
Will attempt to complete bipartitions from X before adding using a distance matrix.
Building set of clusters (X) from gene trees 
------------------------------
gradient0: 27287
Number of Clusters after addition by distance: 27287
calculating extra bipartitions to be added at level 1 ...
Adding to X using resolutions of greedy consensus ...
Limit for sigma of degrees:6150
polytomy size limit : 31
discarded polytomies:  [3, 3, 3, 3, 3, 3, 3, 3, 3, 3, 3, 3, 3, 3, 3, 3, 3, 3, 4, 4, 4, 4, 4, 4, 4, 4, 4, 4, 4, 4, 4, 4, 4, 4, 5, 5, 5, 5, 5, 6, 6, 7, 8, 10, 10, 11, 13, 13, 13, 14, 14, 19, 31]
Threshold 0.0:
polytomy of size 3; rounds with additions with at least 5 support: 1; clusters: 27291
Threshold 0.01:
polytomy of size 5; rounds with additions with at least 5 support: 4; clusters: 27319
Threshold 0.02:
polytomy of size 7; rounds with additions with at least 5 support: 2; clusters: 27421
polytomy of size 3; rounds with additions with at least 5 support: 0; clusters: 27421
polytomy of size 3; rounds with additions with at least 5 support: 0; clusters: 27423
Threshold 0.05:
polytomy of size 3; rounds with additions with at least 5 support: 0; clusters: 27423
polytomy of size 3; rounds with additions with at least 5 support: 0; clusters: 27423
polytomy of size 4; rounds with additions with at least 5 support: 0; clusters: 27423
polytomy of size 10; rounds with additions with at least 5 support: 2; clusters: 27457
polytomy of size 4; rounds with additions with at least 5 support: 0; clusters: 27459
polytomy of size 4; rounds with additions with at least 5 support: 1; clusters: 27463
Threshold 0.1:
polytomy of size 4; rounds with additions with at least 5 support: 0; clusters: 27463
polytomy of size 4; rounds with additions with at least 5 support: 0; clusters: 27463
polytomy of size 5; rounds with additions with at least 5 support: 0; clusters: 27463
polytomy of size 13; rounds with additions with at least 5 support: 1; clusters: 27481
polytomy of size 3; rounds with additions with at least 5 support: 0; clusters: 27481
polytomy of size 4; rounds with additions with at least 5 support: 0; clusters: 27481
polytomy of size 13; rounds with additions with at least 5 support: 0; clusters: 27501
Threshold 0.2:
polytomy of size 3; rounds with additions with at least 5 support: 0; clusters: 27501
polytomy of size 5; rounds with additions with at least 5 support: 0; clusters: 27501
polytomy of size 3; rounds with additions with at least 5 support: 0; clusters: 27501
polytomy of size 10; rounds with additions with at least 5 support: 0; clusters: 27503
polytomy of size 4; rounds with additions with at least 5 support: 0; clusters: 27503
polytomy of size 13; rounds with additions with at least 5 support: 0; clusters: 27513
polytomy of size 4; rounds with additions with at least 5 support: 0; clusters: 27513
polytomy of size 3; rounds with additions with at least 5 support: 0; clusters: 27513
polytomy of size 5; rounds with additions with at least 5 support: 0; clusters: 27513
polytomy of size 4; rounds with additions with at least 5 support: 0; clusters: 27513
polytomy of size 3; rounds with additions with at least 5 support: 0; clusters: 27513
polytomy of size 8; rounds with additions with at least 5 support: 0; clusters: 27515
polytomy of size 19; rounds with additions with at least 5 support: 1; clusters: 27543
Threshold 0.3333333333333333:
polytomy of size 4; rounds with additions with at least 5 support: 0; clusters: 27543
polytomy of size 4; rounds with additions with at least 5 support: 0; clusters: 27543
polytomy of size 3; rounds with additions with at least 5 support: 0; clusters: 27543
polytomy of size 11; rounds with additions with at least 5 support: 0; clusters: 27545
polytomy of size 3; rounds with additions with at least 5 support: 0; clusters: 27545
polytomy of size 14; rounds with additions with at least 5 support: 0; clusters: 27545
polytomy of size 14; rounds with additions with at least 5 support: 0; clusters: 27545
polytomy of size 4; rounds with additions with at least 5 support: 0; clusters: 27545
polytomy of size 5; rounds with additions with at least 5 support: 0; clusters: 27545
polytomy of size 3; rounds with additions with at least 5 support: 0; clusters: 27545
polytomy of size 3; rounds with additions with at least 5 support: 0; clusters: 27545
polytomy of size 3; rounds with additions with at least 5 support: 0; clusters: 27545
polytomy of size 3; rounds with additions with at least 5 support: 0; clusters: 27545
polytomy of size 4; rounds with additions with at least 5 support: 0; clusters: 27545
polytomy of size 6; rounds with additions with at least 5 support: 0; clusters: 27545
polytomy of size 4; rounds with additions with at least 5 support: 0; clusters: 27545
polytomy of size 6; rounds with additions with at least 5 support: 0; clusters: 27545
polytomy of size 3; rounds with additions with at least 5 support: 0; clusters: 27545
polytomy of size 3; rounds with additions with at least 5 support: 0; clusters: 27545
polytomy of size 4; rounds with additions with at least 5 support: 0; clusters: 27545
polytomy of size 4; rounds with additions with at least 5 support: 0; clusters: 27545
polytomy of size 31; rounds with additions with at least 5 support: 0; clusters: 27619
max k is :8
Number of Clusters after addition by greedy: 27619
gradient0 in heuristiic: 27619
partitions formed in 20.253 secs
Dynamic Programming starting after 20.253 secs
Using tree-based weight calculation.
Using polytree-based weight calculation.
Polytree max score: 15117358380
Polytree building time: 0.179 seconds.
Number of quartet trees in the gene trees: 15117358380
Size of largest cluster: 244
Greedy score: 14048987233
estimationFactor: 1.0760461326700104
Sub-optimal score: 14153007402
Total Number of elements weighted: 76152
Normalized score (portion of input quartet trees satisfied before correcting for multiple individuals): 0.9494144261995064
Optimization score: 14352638132
Optimal tree inferred in 116.41 secs.
(P_011713,(P_011705,((KAYP,((BCGB,ABSS),(WIGA,(Dhai,(Apet,Msal))))),((P_006413,((P_016813,((GAP_80389,GAP_80390),((P_006412,P_008640),(P_011679,P_008646)))),(P_011701,((P_014073,P_011589),(P_011681,(P_011673,((P_011537,(P_011739,P_011677)),(P_011611,(P_011759,((P_011715,P_011745),(P_011675,P_011735))))))))))),((P_011719,P_011607),((P_011579,(P_011671,P_008632)),((P_018635,P_008631),(VYLQ,((P_011531,(P_011699,(Schi,P_006411))),(((KRJP,(P_011549,GAP_80395)),((P_011643,(P_011657,(P_011651,P_011509))),((GAP_80393,GAP_80394),(P_011631,((P_011647,(P_011465,(P_011501,(P_011523,(P_011489,P_011487))))),(P_011551,((P_007844,P_011637),(P_007843,(P_006414,P_007783))))))))),(((P_011587,GAP_79862),(P_014081,(P_008647,P0104A))),(((P_011609,(Sdec,P2619)),(MAQO,(WAIL,(P_011527,(P_014077,(GAP_80298,(P_014083,GAP_80297))))))),((WPHN,P_011613),(((P0203H,((P_016909,WZFE),(P0109B,(P_018831,OSHQ)))),(((SJEV,(P_019193,(Wsal,P_019187))),(P_016921,(GAP_81227,(WKSU,(Pcol,(GAP_81226,P_006410)))))),((P_011709,(P_025527,(P_025523,P_025525))),(((QDVW,Asie),(P_019189,(P_019197,PAWA))),(((P_019185,CSSK),(P2589,OPDF)),((P_019191,P_019199),(GAP_80417,(P2590,GAP_79804)))))))),((((P_018639,P_018779),(P_018695,(P_018783,P_018645))),(P_018691,((P_007845,(P_016797,(OBPL,(GAP_80397,P_016799)))),((P_016793,(P_006422,P_016795)),(P_018693,((S08,P_014095),((S38,(S04,(P_016789,S27))),((S02,P_016787),(P_016791,(S03,P_014099)))))))))),(((P2622,P2623),(P0110C,(XQWC,((P0110B,P0207A),(P0207C,(P0207B,(P0206H,P0206G))))))),((GAP_80322,DHPO),((P_012795,P_012941),((P_012861,((P_012855,(P_007802,P_012827)),((P_012813,P_018637),(P_012919,P_012921)))),(((P_012797,(P_012841,((P_012913,P_012877),(P_012811,(P_012891,P_012895))))),((((P_012903,P_012815),(P_012857,(P_012925,P_012883))),(P_012875,((P_012905,P_012831),(P_012901,(P_012851,P_012887))))),(P_018689,((P_012885,(P_006420,GAP_80294)),(P_012859,(((P_012881,P_012873),(P_012907,GAP_80291)),((P_012897,(GAP_80293,P_012893)),(P_012889,((P_012863,(P_012911,(P_012917,P_012821))),(P_006418,(P_012793,(GAP_80292,P_006419)))))))))))),((P_012867,((P_012899,P_012817),(P_012847,P_012923))),(P_012843,(((P_012937,(P_006421,P_012939)),((P_012837,P_012829),(P_012803,P_012853))),(((P_012801,(P_012879,P_012809)),(P_012839,(P_012805,(P_012825,(P_012799,YZRI))))),(P_012909,((((P_012845,P_012807),(P_012871,P_012849)),(P_012865,(P_012931,(P_012935,P_012933)))),((GAP_81172,P_012833),((P_012927,(GAP_80295,PSJT)),((P_012915,P_012791),(P_012869,(P_012823,(P_012835,P_012819))))))))))))))))))))))))))))))));
Final quartet score is: 14352638132
Final normalized quartet score is: 0.9494144261995064
You may want to ignore posterior probabilities and other statistics related to the following branch branch because the effective number of genes impacting it is only 11:
	{P_025523, P_025525}
You may want to ignore posterior probabilities and other statistics related to the following branch branch because the effective number of genes impacting it is only 0:
	{P_025523, P_025525, P_025527}
You may want to ignore posterior probabilities and other statistics related to the following branch branch because the effective number of genes impacting it is only 9:
	{P_025523, P_025525, P_025527, P_011709}
You may want to ignore posterior probabilities and other statistics related to the following branch branch because the effective number of genes impacting it is only 1:
	{P_011719, P_011607}
You may want to ignore posterior probabilities and other statistics related to the following branch branch because the effective number of genes impacting it is only 1:
	{P_014073, P_011589}
You may want to ignore posterior probabilities and other statistics related to the following branch branch because the effective number of genes impacting it is only 8:
	{P_011739, P_011715, P_011759, P_011675, P_011735, P_011537, P_011677, P_011681, P_011673, P_011745, P_014073, P_011611, P_011589}
71.04217673640811 25.491049624940974 3.5512806809044455 100.08450704225352 3.724696282253293E-16
160.01264608692063 13.16596591529935 3.513331125742128 176.6919431279621 1.9255557476156126E-57
102.99548178400703 23.994689504794795 35.009828711198175 162.0 1.8888637931715725E-15
122.46847334198156 19.519444717213936 23.012081940804503 165.0 1.0425733750779055E-27
159.24625323299588 7.12739747872531 4.028836796218203 170.40248750793938 6.285552849194974E-61
133.00473534449367 12.981506675444534 19.013757980061783 165.0 7.818855188650561E-37
104.4403038451012 36.007668932351386 24.125570435386955 164.57354321283952 1.3292147619753226E-15
86.43469019901612 65.96842084565253 25.125464925848686 177.52857597051735 7.072307355589043E-8
100.84508265809473 35.153180793146696 41.74945377998096 177.7477172312224 2.561343026405483E-10
172.89720442930417 1.571025794935502 2.919619187950935 177.3878494121906 4.986514189050591E-72
158.70573860070652 5.146237592925564 5.204464765429619 169.0564409590617 2.7938966108868588E-61
7.0 1.0 3.0 11.0 0.07843739051713064
Not enough genes
Cannot perform polytomy test with effective N (after polytomies) 11.0:
	(P_025523,P_025525):0.4700036292457356;
0.0 0.0 0.0 0.0 NaN
Not enough genes
Cannot perform polytomy test with effective N (after polytomies) 0.0:
	(P_025527,(P_025523,P_025525):0.4700036292457356):0.0;
1.8808943686658188 2.5058511931997147 0.8072449145465989 5.193990476412132 0.6529103051759594
Not enough genes
Cannot perform polytomy test with effective N (after polytomies) 5.193990476412132:
	(P_011709,(P_025527,(P_025523,P_025525):0.4700036292457356):0.0):0.0;
140.0279069767442 1.3271317829457363 0.6449612403100775 142.0 7.443215229608258E-60
97.60736477152369 22.113881561818253 25.700144594295587 145.42139092763753 5.617442381214786E-17
63.15065250699079 55.56764453666203 34.52383078030112 153.24212782395395 0.013482207315510683
78.45846934916987 42.17051541130279 44.685220002104295 165.31420476257696 5.804048595906957E-4
64.00137250040275 52.011511255432694 54.550200356314086 170.56308411214954 0.49551206550945104
116.02592154414921 19.51098860462417 21.031199089004286 156.56810923777766 3.6468066872460985E-26
144.1883458504907 10.848436569334513 12.534706352369248 167.57148877219447 3.13481722098664E-46
34.70507205157381 5.79737291743548 9.606559770327204 50.10900473933649 3.854688202715892E-7
94.99543378995435 3.0 4.004566210045662 102.0 2.263808942243536E-36
49.1415794952391 15.546700194718696 11.995441240274763 76.68372093023255 7.261761977705663E-8
59.24308475982508 31.75937796673411 7.374941911818939 98.37740463837812 1.207773623691835E-9
139.36082136123386 6.305587098044889 19.481730274837417 165.14813873411617 3.961755290765346E-43
45.90340560459445 10.433965126432462 24.14896691723436 80.48633764826127 6.629379117248578E-6
42.01679694662569 25.541495564457982 5.794713136944583 73.35300564802824 1.4391441800283734E-6
78.08987485637773 44.60669045425771 24.991807091822693 147.68837240245813 4.3704119249007133E-7
78.74819180718714 29.80727493012405 37.94701803554539 146.50248477285658 7.65780306480697E-7
69.73034335487654 53.66046023484829 39.45540148504743 162.84620507477226 0.014600814063922869
83.80722963726672 48.92127631866537 28.44779716212311 161.17630311805522 4.641887649898373E-7
92.52034481931064 47.51903501620046 13.31168241967709 153.3510622551882 3.902810001618919E-14
82.50755433052545 20.028202507839293 72.25107408934822 174.78683092771297 4.2794018147791596E-9
126.02128335079573 43.76341404928241 6.820472457673673 176.6051698577518 3.4008733127103293E-28
19.25098949550111 13.799049508494758 0.9380275537416155 33.988066557737476 4.080490802784753E-4
13.218167308318703 11.344035635877558 4.588592630235512 29.150795574431775 0.11999341160454652
100.08850037282376 25.7117415921209 26.70506514971984 152.5053071146645 2.845755253143061E-16
86.82690798340602 18.940659938533127 25.322030663272262 131.0895985852114 1.0773942649161346E-14
48.37459194961776 5.1676070437135335 17.4499085740401 70.99210756737139 8.001407573933716E-10
37.91753065382348 4.996265665957919 11.050128731773867 53.96392505155527 3.860487586837147E-8
10.329851445594688 10.0466895266646 3.566102729218582 23.94264370147787 0.15975696174475246
27.071041335094666 15.78336034648254 7.30645649390576 50.16085817548297 0.002794318331377185
152.2640009546825 2.6814628532116798 1.3967986493391609 156.34226245723335 2.0301369653320808E-63
167.99549839797643 1.0580966802129474 3.085086682186249 172.13868176037562 3.4196888546779736E-70
48.18396257067819 46.42814595780632 39.54817623012065 134.16028475860517 0.6276095012001196
46.72426338773077 36.56982278757786 42.008036861975135 125.30212303728376 0.5389005264841165
48.89504211037741 30.9661322167066 25.647635710666655 105.50881003775066 0.014720967893723898
61.251400753626335 28.797192281265094 17.429772796460796 107.47836583135222 5.383981429306654E-7
53.04760243562256 30.251508361035974 36.65527021765868 119.95438101431722 0.03152234856853407
49.87022849334662 39.67236085240746 34.65423307605744 124.19682242181152 0.23406669598789548
30.215860826035122 25.74062589899662 18.811407801736173 74.76789452676792 0.26585910022406706
29.12108488835654 24.01468744409555 23.058056354759344 76.19382868721144 0.6581345350166832
171.6565506100309 3.9963932130525825 1.9341871015723773 177.58713092465587 2.5142774343799606E-70
34.35783691294116 3.849169255164675 34.728210068076905 72.93521623618274 2.452194709130517E-6
46.92861271516539 41.797913705221056 45.28166916414714 134.00819558453358 0.8575966640317276
76.96447252372668 32.09864271021063 51.95352636320845 161.01664159714576 8.129957201705472E-5
75.4253222173893 55.133002970417756 39.941200954516354 170.4995261423234 0.003784563659624693
68.59722160054385 44.6905524535816 61.044422984609646 174.3321970387351 0.07654538338134936
85.42802558663324 61.161872417305595 28.58475529592851 175.17465329986734 8.895173658726437E-7
111.8440595048729 55.777051420056274 5.1553719416728745 172.77648286660207 3.3338746765266425E-22
138.3805102884818 3.353313838485507 6.4737514668469105 148.20757559381423 6.02109177065688E-53
83.92296197392396 21.705746891634718 30.33173681086977 135.96044567642844 1.2932270825331432E-11
165.04876053121734 4.518320537547053 5.70135222692783 175.26843329569223 4.09299348900507E-64
176.0 0.9212860310421286 1.0787139689578713 178.0 1.9025893072590768E-75
142.98010140138882 8.045742434904996 5.979258204522504 157.00510204081633 7.135333044486633E-52
147.70458518411593 10.780729904611253 14.08842885104037 172.57374393976755 8.534051822014733E-47
128.5 20.00467289719626 28.5 177.00467289719626 1.595022948276246E-27
162.51170270299914 4.80195450031597 4.688679245283019 172.00233644859813 1.4249212865019187E-63
167.83175730871105 1.1698738558511355 8.195880882243731 177.1975120468059 4.700271903626387E-66
170.17764716607655 4.220600802559386 2.9798059910866126 177.37805395972254 1.1442966883134295E-68
77.14057522017823 27.743607032459483 54.32100866296709 159.20519091560482 9.958743467672958E-6
150.73915485816738 3.9892353828325753 9.356663117093852 164.0850533580938 1.0210013611062612E-55
101.96414285262986 38.03384785086496 37.02241745977049 177.0204081632653 6.482993656054504E-11
157.9689556738086 11.511849945828818 7.524349019537842 177.0051546391753 7.939888698126144E-55
154.04703696621516 6.46921366855134 15.226422007973245 175.74267264273973 1.525781709598213E-51
91.90960849718165 42.264987166034224 35.26031005489919 169.4349057181151 4.631071455416938E-8
60.91433906256298 46.51429404224196 53.61921106381598 161.0478441686209 0.3807021507157957
138.27786854989938 9.276336562070908 13.775501415206666 161.32970652717694 5.126405022584039E-44
172.03916320901004 0.0 3.115386485324092 175.15454969433412 8.282013211989334E-73
50.88881187748609 46.04126513861306 47.04912970471478 143.97920672081392 0.8725537660714231
47.12175306505028 44.965853163664484 44.41763739898079 136.50524362769556 0.956084276790369
94.97523731754808 33.80986698683159 39.95945256393793 168.7445568683176 1.746145737661394E-9
170.99772052378222 4.858922440909799 2.183653817135328 178.04029678182735 3.701938024603544E-69
59.45340253824497 49.42537249476414 58.15243936358061 167.03121439658972 0.5862091857720295
82.71274192441896 38.45635917805043 44.45826143052767 165.62736253299707 2.9260736605876075E-5
115.84950280481866 20.38859274645588 20.04437022657518 156.28246577784972 3.843889169552005E-26
94.91092575141325 22.262077916790204 24.35343899688149 141.52644266508494 1.8069521899489763E-16
129.09844848720778 15.886980087183883 2.2798602727825434 147.2652888471742 1.2982134445658106E-43
42.44214838384272 33.96565067810112 39.68272790371503 116.09052696565888 0.616911389449694
125.3567707368254 10.357401978372797 14.456311007650255 150.17048372284845 1.170081727452964E-37
41.41461967224721 33.04020053410549 34.654687310009024 109.10950751636173 0.5811591385112893
39.01895592083971 35.982210053499 31.45994612050158 106.46111209484029 0.6651692337132995
159.17726874636998 4.998646805837478 6.876201339253971 171.05211689146142 2.3566011835152052E-60
42.72660868933128 33.512190329625675 32.2127461899865 108.45154520894346 0.40298183486215833
156.99970062662356 9.918328996049981 6.053765674454782 172.97179529712832 1.6587756621412567E-56
101.38268360998863 12.704329371281073 17.05486711652731 131.141880097797 1.4883879888700233E-25
41.604277653185626 24.636700877515903 37.97609944487105 104.21707797557258 0.10044982547507633
170.00364421096617 0.13989609251405985 3.9553274029862053 174.09886770646642 4.018427853711634E-71
60.12870417901533 28.321405708920114 37.33945490068043 125.78956478861588 0.0016466134818272327
39.20684743912686 27.06878777186591 35.98726667786994 102.26290188886271 0.3135053003629117
36.024754511649334 35.32481611310612 29.229714937898184 100.57928556265362 0.6592515643891281
39.13233219825112 37.1233687798024 27.132560031869872 103.38826100992338 0.3016097812106959
38.12944555702472 34.72904632437624 31.180487623126396 104.03897950452736 0.7059907342886952
40.45093639410259 30.783001597554666 36.192732590617425 107.42667058227468 0.5191097074739293
43.91668631968171 32.569481337988854 38.56514321302839 115.05131087069896 0.4315982803520577
138.40241454449375 13.237097145479364 6.274839426304651 157.91435111627777 2.424511704956369E-46
120.18787287453245 17.024136593462483 18.28910927450431 155.50111874249924 4.326715903793543E-30
157.87500689327226 3.667086394720648 3.5947316850508346 165.13682497304376 2.6992180971395984E-63
159.62808663024492 2.5914898119924534 2.340771572242158 164.56034801447953 6.515245693003687E-66
164.49544155534866 9.481665365508245 7.022893079143079 181.0 2.598545123178883E-59
173.0 1.5068181818181818 2.493181818181818 177.0 1.7835653229335295E-72
131.9910183509951 21.506849315068493 25.502132333936416 179.0 2.6055880004914955E-29
177.04595642803486 1.0167999942031505 1.9372435777620027 180.0 4.235083117932142E-75
160.0 8.0 10.0 178.0 2.2988423200408257E-56
179.0046149756676 0.852991452991453 0.14358974358974358 180.00119617224883 1.3140160310542178E-77
114.07626145552294 14.022662664653982 9.000769327688566 137.0996934478655 4.14207358473548E-34
58.847431277602844 59.29818948182025 45.997254679412585 164.1428754388357 0.35256442394712834
81.90798877499783 43.23877042166868 44.80682330351713 169.95358250018364 2.1261539462198552E-4
69.35028627360698 50.89400727771992 40.69882046621682 160.94311401754373 0.01961503008891584
175.0147093050319 1.1515151515151516 0.8383838383838383 177.00460829493088 4.993920913343263E-75
120.06789837174213 22.089708726149677 33.51717744616069 175.6747845440525 5.165698820115615E-22
139.07989045541387 4.283679425434995 35.55068438250548 178.91425426335434 5.647718478634086E-37
77.31742915595342 32.147862940265505 66.647818778002 176.11311087422092 7.522931687511452E-5
67.66028593648572 41.12529370663075 64.31330576908715 173.09888541220363 0.026801554769633265
120.44770188247888 25.292490666286422 28.03952082603467 173.77971337479997 1.0143180587857307E-22
147.11917927505746 12.823617390271256 12.442711082822042 172.38550774815076 2.7167566738957992E-46
100.00390580698722 35.93176566614711 40.06650291260172 176.00217438573605 3.031320202035838E-10
153.52589891969566 10.987889285426068 11.540398986996488 176.0541871921182 1.188151536316764E-50
118.13400953179419 32.65438553461533 25.754846603169113 176.54324166957863 2.86748648347852E-20
171.0 1.0 3.0 175.0 1.297818086935433E-71
160.47594969887598 5.508266486911583 8.986905388601908 174.97112157438949 5.018768636734152E-59
86.01865316790402 43.38101129572872 42.05071388896375 171.4503783525965 1.7652762861122775E-5
174.0812796505795 3.233529436742163 2.2406185922343567 179.55542767955603 9.713522452152413E-72
176.1887102679875 2.700734176456934 2.888333333333333 181.77777777777774 1.4751417447801906E-72
79.13458195107569 28.776811389131048 61.088606659793264 169.0 9.587291189171576E-6
164.13801660464787 4.0960086625102345 12.660933866262098 180.8949591334202 4.18567958673447E-59
74.31681973978944 59.911486623634055 44.75934621873614 178.98765258215963 0.02569260487432283
69.96162138258633 56.99566714386649 49.028623653940336 175.98591218039317 0.14913000705537552
131.51175084520028 24.504784688995215 22.996567945081672 179.01310347927716 6.660325426192533E-29
176.1593666005195 2.150599761224852 2.032417840375587 180.34238420211992 1.0800605438711387E-73
157.27663924102347 11.353656835705445 11.660778123551022 180.29107420027992 6.528319126127793E-52
75.32580610545433 61.321851132375 42.964324852497285 179.6119820903266 0.012284534558165009
172.30125132621748 3.4474831758568647 4.726564299791743 180.47529880186607 8.048031450095455E-69
60.420826808586234 55.501906267786424 54.85919168210367 170.78192475847632 0.8499252087453226
157.35951677978753 8.239868501402755 8.211111727259706 173.81049700845 2.6746070659433766E-56
160.6737421933661 6.18521711069402 4.095983941262759 170.9549432453229 3.450743064020329E-62
69.34900936546974 44.38232182134809 48.29656907505069 162.02790026186852 0.0354899591290932
143.52587676180784 11.722751467469013 10.843262795769082 166.09189102504592 1.8649715637706494E-46
148.7843609804701 11.692750049834736 8.610090785663163 169.087201815968 4.1508544387448307E-50
85.60644187247134 26.287785296156127 42.07528647229054 153.96951364091802 1.0314543474483154E-8
153.59579976048718 5.787506253863851 7.0196734514983286 166.40297946584937 2.8327165950901123E-57
169.44071395676633 0.5263738590186285 1.0907261630807734 171.05781397886574 6.336997126827378E-73
97.72363712760722 14.563971856108994 52.09844902073909 164.3860580044553 1.7950152522152933E-14
116.01758099446275 6.505469513486846 36.882705887378386 159.40575639532798 7.501538808275734E-27
150.1611156945358 1.8954945244582115 3.8614029356306707 155.91801315462467 3.719243581871485E-61
18.071906682951255 18.681791205265824 15.019673966444676 51.773371854661754 0.8000510066962824
22.87022806914667 14.704758079400802 3.2929383797544176 40.86792452830189 8.266177758823209E-4
66.85730221258773 14.554659526596842 12.118596958933898 93.53055869811845 4.77145458014553E-14
138.033609251651 7.971513474927526 5.994877273421475 152.0 8.345697419184492E-50
48.960001910180054 29.0068097179405 37.53318758890484 115.49999921702539 0.0740164500246813
37.3063546583567 28.991973925384727 21.371550452366055 87.66987903610749 0.11376779154299162
60.28091197697525 34.91748354741507 20.230410041739198 115.42880556612951 2.325110202899229E-5
115.08615960650076 6.61840058501385 51.03221043885853 172.73677063037314 3.7360222220937586E-23
124.22600580197614 9.54191411781277 13.623357672755933 147.39127759254484 3.7662860289564863E-38
59.239945148123695 49.817920214989975 10.090347695060917 119.14821305817459 3.624297444734671E-8
108.65737374742977 27.23260761807174 3.5705914604798736 139.4605728259814 4.0748096879376504E-29
129.0 3.0 2.0 134.0 1.3621327928035244E-52
122.91425062124331 9.1864618675688 5.550692606003185 137.65140509481532 7.022979428806557E-43
124.4482871464789 13.408941512093659 11.511353617049128 149.3685822756217 3.3708888778227245E-37
147.6374016608639 14.163324031592577 9.332186875287999 171.13291256774446 1.2396152466642111E-47
122.29871127014077 39.01566191049124 5.097769809297245 166.41214298992924 3.344058518916266E-29
114.01682198792959 24.812200059468957 17.956336820766786 156.78535886816533 1.3602420492315818E-24
58.56794515142053 53.911662731541426 50.93073470187057 163.41034258483253 0.761857396491536
138.6705901570144 11.28934339739151 16.51862342674243 166.47855698114836 2.1749868210160845E-41
123.64298674619728 16.024484027532278 24.20098774211614 163.8684585158457 2.8855996846551896E-29
59.98351179120704 57.00195451033873 48.01061158734434 164.9960778888901 0.49345048399899794
68.51415477724379 51.08851755222821 40.508198828962854 160.11087115843486 0.023584083110488912
118.61337142991408 22.970948903679226 25.372010043533624 166.95633037712693 6.13105242148902E-24
131.94539993609052 14.012153767288762 14.291865650970525 160.2494193543498 2.490106959460242E-38
71.2804040023884 39.17222644179603 30.905406333915295 141.35803677809972 6.415139440340092E-5
48.96035658620611 37.21071253881909 42.973688590929314 129.1447577159545 0.4485040757719009
61.90060743025615 38.31953384750036 55.81602146363515 156.03616274139165 0.05605423570921486
85.49108901722332 39.11575797352994 29.50322585628507 154.11007284703834 2.6459884401527547E-8
47.34322099407636 33.414016654496265 39.39256729826413 120.14980494683675 0.29545979222490903
47.140729501105305 35.18354776097142 29.694508921267182 112.0187861833439 0.11869187092149981
59.49621980091086 46.07759320018251 27.59376007616864 133.167573077262 0.0030880032135992418
80.50905444029833 46.3837207472301 12.684161490290691 139.5769366778191 1.8393265089351822E-11
57.30148885466271 41.02434372264926 57.1566487162725 155.48248129358447 0.18470539805230712
158.6410547312356 4.397152805498059 5.489662344237825 168.52786988097148 1.3230174652258122E-61
138.1524419580164 6.387551392420687 6.520091536740512 151.0600848871776 1.364025808625804E-50
75.17369266336236 8.150306722128246 9.02878692429438 92.35278630978499 1.4083885273697732E-21
49.476732930300464 36.75700926467154 8.070853983640228 94.30459617861223 6.094421360084542E-7
137.2100597741583 6.395652897024575 9.074525057068454 152.68023772825134 1.9982099261591707E-48
12.612203083970858 16.41914412283739 7.1095929530042925 36.140940159812544 0.16228095601242173
40.13005159187617 25.083711056385475 29.930468120969127 95.14423076923077 0.1556903167318083
117.79635018178733 17.113993775495057 8.654121716205715 143.5644656734881 3.481547944176506E-34
1.0 0.0 0.0 1.0 0.3678794411714423
Not enough genes
Cannot perform polytomy test with effective N (after polytomies) 1.0:
	(P_011719,P_011607):0.2876820724517809;
139.73378410574284 5.751659634397908 7.400475673547986 152.88591941368873 4.234595702189433E-51
126.56598129666463 18.459434756516334 11.525468523769435 156.5508845769504 2.3207431092862748E-35
65.03849158077306 48.15155764574511 19.60142455809514 132.79147378461332 6.679621886634031E-6
52.77981185893162 38.02046288877487 36.40332201788405 127.20359676559055 0.14650261706506723
40.94739527801384 37.573931768712114 38.364014456680955 116.88534150340692 0.9232084035762013
71.26038664483323 20.68415752502679 17.369111449418096 109.31365561927812 1.3417680168226989E-11
0.8953608247422681 0.004639175257731959 0.1 1.0 0.4879517296635
Not enough genes
Cannot perform polytomy test with effective N (after polytomies) 1.0:
	(P_014073,P_011589):0.18816332903557767;
89.00693756524049 13.924848913117344 10.122563627756305 113.05435010611414 1.5567250385049275E-23
52.28361473403791 33.76834672670642 35.99377608381654 122.04573754456088 0.08111625181166826
65.57802401422109 35.379832263996 24.20650141866957 125.16435769688667 1.7054917212584963E-5
134.36695626244392 9.058376618178107 17.08227358495233 160.50760646557436 1.1478819024735228E-40
68.8279186992008 40.93577169928148 28.895178925566317 138.6588693240486 1.141163369265532E-4
3.320165627358378 17.260340202598982 3.946500927575214 24.527006757532575 5.090059462293951E-4
16.772209602631428 3.505293124425262 2.2166922635203825 22.49419499057707 1.7363425250613412E-4
51.89610324444015 31.20156167999265 41.16274161626345 124.26040654069624 0.07531484615478194
38.43954093273246 35.72208052742187 31.960640695685512 106.12226215583985 0.741391525365916
10.906033778402977 5.6107460561695754 8.69643766110845 25.213217495681 0.4309776713713762
2.1915369006740892 3.319438706367041 0.23081064074159707 5.741786247782727 0.27907402667642844
Not enough genes
Cannot perform polytomy test with effective N (after polytomies) 5.741786247782727:
	((P_014073,P_011589):0.18816332903557767,(P_011681,(P_011673,((P_011537,(P_011739,P_011677):1.1104394515769949):0.1477671591106694,(P_011611,(P_011759,((P_011715,P_011745):0.32805102412954834,(P_011675,P_011735):1.3780545208097235):0.27344163246550024):0.0):0.8459047053148426):0.12949222834914947):0.03900805399790685):0.1324764178057218):0.0;
12.254738042149066 10.227976200106822 1.8954280759309263 24.378142318186814 0.024493287940789706
54.42438750768913 24.24380869048156 32.947143882831924 111.61534008100261 0.0015245453305061476
52.49266839828244 31.418046026421454 44.36603749101813 128.27675191572203 0.07121370309005777
95.92908760722628 20.51910666312406 28.06050662577337 144.5087008961237 2.805182279831287E-16
23.959960969546408 22.106415164485327 16.03925839409191 62.105634528123645 0.436441944428951
62.903615774035785 46.398200824468674 25.07216354838084 134.3739801468853 3.250625230192603E-4
83.48598031525977 24.877504392533034 31.68810872710467 140.05159343489746 2.7687597955799543E-10
32.877204823196365 17.042684895633613 30.44743802377619 80.36732774260616 0.06623436648005494
38.71432474922868 23.14269344923913 9.17547707611336 71.03249527458118 9.885541045710041E-5
33.151177876310186 18.119112421185648 19.586389133430025 70.85667943092585 0.05457826627368809
37.99284970460531 38.695515914390484 40.682552895272515 117.37091851426831 0.9514747494766544
10.581559023311968 2.472129530011451 7.0325062170460955 20.086194770369513 0.08473267974482267
11.74786586958353 7.557835450271987 3.3520190283563855 22.6577203482119 0.09697311791505331
130.47954577170145 14.52849217943699 12.296691567968162 157.30472951910662 1.4228787533012231E-38
87.77392957354252 37.99630152577493 17.907385658920422 143.67761675823786 1.8527766045045422E-12
72.09195663217433 48.45119871461135 24.76273447130992 145.3058898180956 9.520097592052644E-6
111.41256514925524 10.406978586697493 14.670271649854612 136.48981538580733 7.085476361883522E-32
54.8872625633212 26.824744818451137 33.90998161556894 115.62198899734128 0.003983648883482727
58.00085372080644 49.308525063789375 11.635383127709753 118.94476191230558 2.220265309168798E-7
86.83630167182672 24.713383255483397 17.47057466693651 129.02025959424662 2.0808372758326713E-15
135.8010837919122 4.686321723649509 9.798787436955404 150.2861929525171 1.524244598188578E-48
97.37640192007628 19.324016930401275 20.187504370837946 136.8879232213155 7.642852218370946E-20
116.30954608954082 9.240841616972679 5.097733627263649 130.64812133377714 2.2973366751345834E-40
113.18549406868259 14.497138392174465 9.819880101957034 137.50251256281408 5.147955050292787E-33
74.70955283850188 2.5371476622637723 27.796140299551855 105.0428408003175 2.309427502704579E-17
Extended species tree:
(P0109B,((P_018831,OSHQ)0:0.8078843649630477,((P_016909,WZFE)0:1.9021919899862592,(P0203H,((((SJEV,(P_019193,(Wsal,P_019187)0:0.5938652297117881)0:0.933037253899701)0:2.2407072635920264,(P_016921,(GAP_81227,(WKSU,(Pcol,(GAP_81226,P_006410)0:1.2101586243660192)0:0.5908946237788267)0:0.25647501555751223)0:0.4250505304077104)0:3.075449269199781)0:2.3013856556757397,((P_011709,(P_025527,(P_025523,P_025525)NA:0.4700036292457356)NA:0.0)NA:0.0,(((QDVW,Asie)0:3.468113095901871,(P_019189,(P_019197,PAWA)0:0.6930059028459233)0.01348:0.12119429331642831)0.00058:0.2327175919965897,(((P_019185,CSSK)0.49551:0.061421183888804416,(P2589,OPDF)0:0.9276832144782587)0:1.5280027877412115,((P_019191,P_019199)0:0.7309744874503475,(GAP_80417,(P2590,GAP_79804)0:2.149251725016739)0:0.5957989734826663)0:0.5012278365964662)0:1.4194861411552866)0.00001:0.4231041759527989)0:0.4271713748530025)0:0.339378684237793,(((((P_018639,P_018779)0:0.35784073571329195,(P_018695,(P_018783,P_018645)0.0146:0.14893651103101946)0:0.3217895475932847)0:0.5093642380708618,(P_018691,((P_007845,(P_016797,(OBPL,(GAP_80397,P_016799)0:0.2282089975422262)0:0.8308884848637164)0.00041:0.39352241526048154)0.11999:0.17150377470708136,((P_016793,(P_006422,P_016795)0:0.650144602916939)0:0.665532275259656,(P_018693,((S08,P_014095)0:0.7091027638398532,((S38,(S04,(P_016789,S27)0:0.76527324467659)0.15976:0.12921650199009835)0.00279:0.34772042934748953,((S02,P_016787)0:3.027989360993929,(P_016791,(S03,P_014099)0:3.1109555749629316)0.62761:0.0353603377085203)0.5389:0.056475821531990066)0.01472:0.20900103132263245)0:0.4261206282466211)0.03152:0.17181248861536824)0.23407:0.10258872474255704)0.26586:0.10335426939421596)0.65813:0.0681390469299216)0:2.843667953265068,(((P2622,P2623)0:0.21946641955676255,(P0110C,(XQWC,((P0110B,P0207A)0.8576:0.021629619933507677,(P0207C,(P0207B,(P0206H,P0206G)0.00008:0.2389691257311716)0.00378:0.17399454503409686)0.07655:0.09086843827926534)0:0.2579394309028617)0:0.6262609392545465)0:2.217824307108636)0:0.5432281550967833,((GAP_80322,DHPO)0:2.3488741798976576,((P_012795,P_012941)0:3.6833084090644785,((P_012861,((P_012855,(P_007802,P_012827)0:1.9474466928161773)0:1.4980859605662389,((P_012813,P_018637)0:0.874277626988156,(P_012919,P_012921)0:2.3973571569372005)0:2.438919885991737)0:2.674256326528888)0.00001:0.25137152144490893,(((P_012797,(P_012841,((P_012913,P_012877)0:2.0375316253472198,(P_012811,(P_012891,P_012895)0:0.4449596888047385)0:1.7788068145719895)0:1.6470570947000016)0:0.369467500606562)0.3807:0.06598504117310104,((((P_012903,P_012815)0:1.503952967531741,(P_012857,(P_012925,P_012883)0:3.3511638740504415)0.87255:0.026869254651017145)0.95608:0.014135319545005609,(P_012875,((P_012905,P_012831)0:0.4144219578339996,(P_012901,(P_012851,P_012887)0:2.6973963321134637)0.58621:0.031217578087196707)0.00003:0.2804949884224457)0:0.9285014546944835)0:0.6909037432509806,(P_018689,((P_012885,(P_006420,GAP_80294)0:1.6403563319163732)0.61691:0.044693458781463684,(P_012859,(((P_012881,P_012873)0:1.3620372612956633,(P_012907,GAP_80291)0.58116:0.06633550164588727)0.66517:0.045674972942301224,((P_012897,(GAP_80293,P_012893)0:2.187056676067165)0.40298:0.08943808978803099,(P_012889,((P_012863,(P_012911,(P_012917,P_012821)0:1.9218575766087709)0:1.0522220641536677)0.10045:0.09774580416484989,(P_006418,(P_012793,(GAP_80292,P_006419)0:3.131582133243877)0.00165:0.23744565065735368)0.31351:0.0720545228844742)0.65925:0.03249219258615916)0.30161:0.06433521349542197)0.70599:0.04552493912916391)0.51911:0.06145819790073101)0.4316:0.07003316171510048)0:1.6418932882671338)0:1.0554154757058645)0:2.5957019177462035)0:2.9234651740851096,((P_012867,((P_012899,P_012817)0:1.9360802494073468,(P_012847,P_012923)0:3.1668805297498217)0:0.9161036316908838)0:3.4182931787519113,(P_012843,(((P_012937,(P_006421,P_012939)0:1.8374817185661496)0:4.101602215665956,((P_012837,P_012829)0:1.343481045461742,(P_012803,P_012853)0.35256:0.035123476742073896)0.00021:0.24677843657470783)0.01962:0.15356833293420158,(((P_012801,(P_012879,P_012809)0:3.6811047269566908)0:0.7327149173331342,(P_012839,(P_012805,(P_012825,(P_012799,YZRI)0:1.0774912869694353)0.00008:0.16819855182557344)0.0268:0.08659004850051193)0:0.7629477086894649)0:1.4817645430222552,(P_012909,((((P_012845,P_012807)0:0.426913973444789,(P_012871,P_012849)0:1.6127872664522835)0:0.6892994486911703,(P_012865,(P_012931,(P_012935,P_012933)0:3.155580974495886)0:2.024326308004206)0.00002:0.28528962720656453)0:2.9227556806909525,((GAP_81172,P_012833)0:2.9173941400434082,((P_012927,(GAP_80295,PSJT)0.00001:0.2209538396499157)0:1.9211876969040658,((P_012915,P_012791)0.02569:0.12709423170115686,(P_012869,(P_012823,(P_012835,P_012819)0.14913:0.09754920359744453)0:0.905972850322614)0:3.149534326486047)0:1.6159836700493546)0.01228:0.13420374836229565)0:2.5792758703962138)0.84993:0.027982628953787166)0:1.8988415842129245)0:2.3186296598732765)0.03549:0.14858336536091302)0:1.553273198100489)0:1.6720057129052626)0:0.3984086844675474)0:2.0897501228956648)0:3.7802985970561305)0:0.488286435588858)0:0.8792683602632902)0:2.739694522540858,((WPHN,P_011613)0.80005:0.01375972442703088,(((P_011609,(Sdec,P2619)0.00083:0.3847371684477386)0:0.8229915695941322,(MAQO,(WAIL,(P_011527,(P_014077,(GAP_80298,(P_014083,GAP_80297)0:1.9191657428964477)0.07402:0.1397061830943159)0.11377:0.14052686299016548)0.00002:0.3238257005874815)0:0.6804782399965179)0:1.4094708920513968)0:0.2738920538017591,(((P_011587,GAP_79862)0:1.0798948361479517,(P_014081,(P_008647,P0104A)0:2.708050201102211)0:1.770473354497173)0:1.3525981295676348,(((KRJP,(P_011549,GAP_80395)0:1.5443119453048213)0:0.905813563078701,((P_011643,(P_011657,(P_011651,P_011509)0:0.8768552899732784)0.76186:0.0349491125976266)0:1.3547382422129435,((GAP_80393,GAP_80394)0:0.9806265145708136,(P_011631,((P_011647,(P_011465,(P_011501,(P_011523,(P_011489,P_011487)0.49345:0.04294141761674476)0.02358:0.14837397983060094)0:0.81944381941527)0:1.299762558532923)0.00006:0.28910746282438093,(P_011551,((P_007844,P_011637)0.4485:0.06645911933504048,(P_007843,(P_006414,P_007783)0.05605:0.09570823408843021)0:0.3956326178513049)0.29546:0.09011478806016426)0.11869:0.1342835391629719)0.00309:0.18052792760374514)0:0.44481452947477795)0.18471:0.050532567537185435)0:2.339999791507813)0:1.9863720898971267,((P_011531,(P_011699,(Schi,P_006411)0:1.230648376348891)0:0.32672065590942195)0:1.8278576083825202,(VYLQ,((P_018635,P_008631)0.16228:0.009409389375292837,((P_011579,(P_011671,P_008632)0.15569:0.13477950144515288)0:1.281048970407884,((P_011719,P_011607)NA:0.2876820724517809,((P_006413,((P_016813,((GAP_80389,GAP_80390)0:1.9808809189027476,((P_006412,P_008640)0:1.2207832797505274,(P_011679,P_008646)0.00001:0.26029720085636227)0.1465:0.12503181691813395)0.92321:0.021248158023333075)0:0.632936029517594,(P_011701,((P_014073,P_011589)NA:0.18816332903557767,(P_011681,(P_011673,((P_011537,(P_011739,P_011677)0:1.1104394515769949)0.08112:0.1477671591106694,(P_011611,(P_011759,((P_011715,P_011745)0.00002:0.32805102412954834,(P_011675,P_011735)0:1.3780545208097235)0.00011:0.27344163246550024)0.00051:0.0)0.00017:0.8459047053148426)0.07531:0.12949222834914947)0.74139:0.03900805399790685)0.43098:0.1324764178057218)NA:0.0)0.02449:0.25402593466850903)0.00152:0.2547829449095219)0.07121:0.11549298912615631,((KAYP,((BCGB,ABSS)0:0.6711910498520346,(WIGA,(Dhai,(Apet,Msal)0.43644:0.07205504569758295)0.00033:0.21939835262212679)0:0.4907352312477708)0.06623:0.11214857918518513)0.0001:0.3655493227609191,(P_011705,P_011713)0.05458:0.21322671467796067)0.95147:0.0)0.08473:0.29133678250499706)0.09697:0.28085823047065844)0:1.333115234449232)0:0.5276826861670825)0.00001:0.2732825462733506)0:1.2570214405490594)0.00398:0.23062613319602962)0:0.2553369423354888)0:0.696756091341585)0:1.8738293895829787)0:0.8193896862754044)0:1.744296594421496)0:1.2939465212562729)0:0.8136970172737341));
Weight calculation took 84.964426117 secs
ASTRAL finished in 119.037 secs
