
================== ASTRAL ===================== 

This is ASTRAL version 5.7.7
Gene trees are treated as unrooted
297 trees read from all_bs10.trees
index19
All output trees will be *arbitrarily* rooted at P0109B

======== Running the main analysis
Number of taxa: 244 (244 species)
Taxa: [Apet, VYLQ, WPHN, WAIL, MAQO, P_011609, Sdec, P_019189, P_019197, P2590, GAP_79804, P_008647, P0104A, P_014081, P_011587, P_011701, GAP_80417, P_025523, P0203H, P0109B, P_016909, P_018831, P0110C, P2622, P0110B, P0207A, P0207C, P0207B, P0206H, P0206G, XQWC, P2623, P_007845, P_011579, P_018639, GAP_80322, P_012855, P_007802, P_012827, P_012919, P_012921, P_012813, P_018637, P_012795, P_012941, P_012839, P_012799, P_012805, P_012825, P_012879, P_012809, P_012801, P_012909, GAP_80295, PSJT, P_012927, P_012915, P_012791, P_012869, P_012835, P_012819, P_012823, GAP_81172, P_012833, P_012865, P_012935, P_012933, P_012931, P_012871, P_012849, P_012845, P_012807, P_012803, P_012853, P_012837, P_012829, P_012937, P_006421, P_012939, P_012867, P_012899, P_012817, P_012847, P_012923, P_012843, P_012861, P_012841, P_012913, P_012877, P_012797, P_012901, P_012851, P_012887, P_012905, P_012875, P_012831, P_012857, P_012903, P_012815, P_012925, P_012883, P_012897, P_012907, P_006420, GAP_80294, GAP_80291, GAP_80293, P_012893, P_012885, P_012881, P_012873, GAP_80292, P_006419, P_012859, P_012889, P_012863, P_006418, P_012917, P_012821, P_012911, P_012793, P_018689, P_012891, P_012895, P_012811, GAP_81227, P_016921, Pcol, GAP_81226, P_006410, GAP_79862, P_014077, P_018635, P_011527, GAP_80298, P_014083, GAP_80297, P_007844, P_011637, P_011647, Schi, P_006411, P_011531, P_011549, GAP_80395, P_011739, P_011465, P_011501, P_011489, P_011487, P_011523, P_006414, P_007843, P_007783, GAP_80393, GAP_80394, P_011651, P_011509, P_011643, P_011551, P_011657, P2619, BCGB, P_011699, P_011715, P_011705, P_011713, P_006413, P_011759, P_011675, P_011735, P_011537, P_011671, P_008632, P_011677, WIGA, GAP_80389, P_011679, P_011681, GAP_80390, P_008646, P_006412, P_008640, P_011673, P_011745, P_016813, OBPL, GAP_80397, P_016799, P_016797, P_016793, P_018695, P_018783, P_018645, P_016789, S27, P_016791, S02, P_016787, S04, S03, P_018779, P_014099, P_018691, P_018693, P_006422, P_016795, YZRI, DHPO, WKSU, PAWA, P2589, P_019185, OPDF, CSSK, P_019193, Wsal, P_019187, SJEV, WZFE, QDVW, Asie, KRJP, ABSS, Dhai, Msal, P_011631, S38, S08, OSHQ, P_019191, P_025525, P_014095, P_011613, P_008631, KAYP, P_011719, P_014073, P_025527, P_011709, P_011611, P_019199, P_011607, P_011589]
Taxon occupancy: {P_019193=248, P_019191=104, P_019197=263, OPDF=281, GAP_81172=292, P_018783=288, P_019199=79, Wsal=244, P_016921=288, WKSU=295, P_025523=42, P_025525=77, P_025527=30, P_014073=42, P0203H=179, P_014077=161, QDVW=289, P_011487=291, P_011489=293, P_016813=252, P_006421=286, P_006422=287, P_006420=223, P_006418=284, P_006419=288, P_014081=195, P_006414=288, P_014083=204, P_018689=294, P0206H=272, P0206G=257, Msal=249, P0109B=134, P_012901=289, P_006410=280, P_006411=284, P_012903=292, P_006412=286, P_006413=274, P_012905=293, P_012907=293, GAP_79862=279, PAWA=284, ABSS=293, P_012909=289, P_018691=128, GAP_80291=293, P_018695=280, P_014095=113, GAP_80293=289, GAP_80292=289, P_018693=286, GAP_80295=287, GAP_80294=287, P_014099=286, GAP_80297=289, GAP_80298=284, P_011701=50, P_012911=290, P_012913=249, P_012915=289, P_011705=156, P_012917=280, P_012919=273, P_011709=27, P_012881=293, P_011671=160, P_011551=185, MAQO=291, P_012883=292, P_011673=231, GAP_80322=291, P_012885=288, P_011675=265, P2590=233, P_012887=290, P_011677=223, P_012889=286, P_011679=243, P_008647=274, PSJT=281, P2589=236, P_012891=287, P_011681=200, P_012893=293, P_018637=287, P_012895=288, P_018635=263, P_012897=287, P0207C=277, P0207B=281, P_012899=288, P0207A=285, P_018639=268, P_008646=289, P_008640=288, BCGB=289, WZFE=289, P_018645=286, KRJP=288, KAYP=170, P_011699=145, P_011579=213, CSSK=279, P_008632=284, P_016909=289, P_007783=277, P_008631=50, P_019187=284, P_019185=268, Sdec=58, P_019189=238, P_012791=291, P_012793=288, P_012795=288, Asie=227, P_011465=293, P_018779=227, P_011587=206, P_012797=295, P_012799=292, P_011589=4, GAP_80417=145, WIGA=280, GAP_79804=214, P_007802=245, P_012841=289, P_011631=232, P_012843=293, Pcol=243, P_012845=288, P_012847=280, P_011637=289, P_011759=255, P_012849=279, Apet=130, OBPL=291, P0110C=264, P_018831=283, P0110B=191, YZRI=289, P_012851=291, P_012853=287, P_011643=296, P_011523=292, P_012855=283, P_012857=288, P_011647=259, P_011527=162, P_012859=283, WAIL=293, P_016789=284, P_012861=288, P_011651=260, P_011531=228, P_016787=287, P_012863=292, P_012865=281, Schi=238, P_012867=291, P_011657=252, P_011537=212, P_012869=288, P_016793=284, P_016791=290, P_016797=289, SJEV=289, P_016795=282, P_012871=276, P_012873=290, P_016799=287, P_012875=290, P_012877=284, P_012879=286, P_011549=270, P_007844=201, P_007845=43, S02=208, P_012921=265, S04=73, P_012801=291, S03=268, P_012923=286, P_011713=191, P_012803=289, P_012925=285, P_011715=244, S08=172, P_012805=288, P_007843=261, P_012927=287, P_012807=285, P_011719=28, P_012809=284, VYLQ=292, DHPO=292, GAP_80390=253, P2622=198, P2623=95, XQWC=293, GAP_80394=294, GAP_80393=294, GAP_80395=291, GAP_80397=289, P_012931=291, P_012811=289, WPHN=289, P_012933=277, P_012813=290, P_012935=285, P_012815=286, P_012937=291, P_012817=289, P_011607=7, P_012939=280, P_011609=179, P_012819=283, P2619=163, OSHQ=285, GAP_80389=269, P_012941=292, P_012821=288, P_011611=46, P_012823=290, P_011613=78, P_011735=285, P_012825=292, S27=222, P_012827=262, P_011739=247, P_012829=188, Dhai=277, P0104A=241, P_012831=279, P_011501=294, P_012833=286, GAP_81226=287, GAP_81227=291, P_011745=253, P_012835=291, S38=85, P_012837=293, P_012839=280, P_011509=291}
Number of gene trees: 297
297 trees have missing taxa
Calculating quartet distance matrix (for completion of X)
Species tree distances calculated ...
Will attempt to complete bipartitions from X before adding using a distance matrix.
Building set of clusters (X) from gene trees 
------------------------------
gradient0: 44121
Number of Clusters after addition by distance: 44121
calculating extra bipartitions to be added at level 1 ...
Adding to X using resolutions of greedy consensus ...
Limit for sigma of degrees:6150
polytomy size limit : 41
discarded polytomies:  [3, 3, 3, 3, 3, 3, 3, 3, 3, 3, 3, 3, 3, 3, 3, 3, 3, 3, 3, 3, 3, 4, 4, 4, 4, 4, 4, 4, 4, 4, 4, 4, 4, 5, 5, 5, 5, 5, 5, 6, 6, 7, 7, 7, 8, 10, 10, 11, 13, 14, 14, 14, 18, 41]
Threshold 0.0:
polytomy of size 3; rounds with additions with at least 5 support: 1; clusters: 44125
Threshold 0.01:
polytomy of size 5; rounds with additions with at least 5 support: 1; clusters: 44149
Threshold 0.02:
polytomy of size 7; rounds with additions with at least 5 support: 2; clusters: 44255
Threshold 0.05:
polytomy of size 4; rounds with additions with at least 5 support: 0; clusters: 44255
polytomy of size 10; rounds with additions with at least 5 support: 1; clusters: 44267
polytomy of size 3; rounds with additions with at least 5 support: 0; clusters: 44267
polytomy of size 3; rounds with additions with at least 5 support: 0; clusters: 44267
polytomy of size 3; rounds with additions with at least 5 support: 0; clusters: 44267
polytomy of size 4; rounds with additions with at least 5 support: 0; clusters: 44267
Threshold 0.1:
polytomy of size 4; rounds with additions with at least 5 support: 0; clusters: 44267
polytomy of size 3; rounds with additions with at least 5 support: 0; clusters: 44267
polytomy of size 5; rounds with additions with at least 5 support: 0; clusters: 44267
polytomy of size 13; rounds with additions with at least 5 support: 0; clusters: 44279
polytomy of size 3; rounds with additions with at least 5 support: 0; clusters: 44279
polytomy of size 4; rounds with additions with at least 5 support: 0; clusters: 44279
polytomy of size 3; rounds with additions with at least 5 support: 0; clusters: 44279
polytomy of size 5; rounds with additions with at least 5 support: 0; clusters: 44279
polytomy of size 7; rounds with additions with at least 5 support: 0; clusters: 44279
polytomy of size 3; rounds with additions with at least 5 support: 0; clusters: 44279
Threshold 0.2:
polytomy of size 3; rounds with additions with at least 5 support: 0; clusters: 44279
polytomy of size 5; rounds with additions with at least 5 support: 0; clusters: 44279
polytomy of size 3; rounds with additions with at least 5 support: 0; clusters: 44279
polytomy of size 3; rounds with additions with at least 5 support: 0; clusters: 44279
polytomy of size 10; rounds with additions with at least 5 support: 0; clusters: 44281
polytomy of size 5; rounds with additions with at least 5 support: 0; clusters: 44281
polytomy of size 14; rounds with additions with at least 5 support: 0; clusters: 44291
polytomy of size 3; rounds with additions with at least 5 support: 0; clusters: 44291
polytomy of size 4; rounds with additions with at least 5 support: 0; clusters: 44291
polytomy of size 3; rounds with additions with at least 5 support: 0; clusters: 44291
polytomy of size 6; rounds with additions with at least 5 support: 0; clusters: 44291
polytomy of size 3; rounds with additions with at least 5 support: 0; clusters: 44291
polytomy of size 4; rounds with additions with at least 5 support: 0; clusters: 44291
polytomy of size 4; rounds with additions with at least 5 support: 0; clusters: 44291
polytomy of size 8; rounds with additions with at least 5 support: 0; clusters: 44301
polytomy of size 18; rounds with additions with at least 5 support: 0; clusters: 44319
polytomy of size 4; rounds with additions with at least 5 support: 0; clusters: 44319
Threshold 0.3333333333333333:
polytomy of size 3; rounds with additions with at least 5 support: 0; clusters: 44319
polytomy of size 14; rounds with additions with at least 5 support: 0; clusters: 44321
polytomy of size 3; rounds with additions with at least 5 support: 0; clusters: 44321
polytomy of size 14; rounds with additions with at least 5 support: 0; clusters: 44321
polytomy of size 4; rounds with additions with at least 5 support: 0; clusters: 44321
polytomy of size 5; rounds with additions with at least 5 support: 0; clusters: 44321
polytomy of size 3; rounds with additions with at least 5 support: 0; clusters: 44321
polytomy of size 3; rounds with additions with at least 5 support: 0; clusters: 44321
polytomy of size 3; rounds with additions with at least 5 support: 0; clusters: 44321
polytomy of size 4; rounds with additions with at least 5 support: 0; clusters: 44321
polytomy of size 6; rounds with additions with at least 5 support: 0; clusters: 44321
polytomy of size 4; rounds with additions with at least 5 support: 0; clusters: 44321
polytomy of size 3; rounds with additions with at least 5 support: 0; clusters: 44321
polytomy of size 4; rounds with additions with at least 5 support: 0; clusters: 44321
polytomy of size 11; rounds with additions with at least 5 support: 0; clusters: 44321
polytomy of size 3; rounds with additions with at least 5 support: 0; clusters: 44321
polytomy of size 7; rounds with additions with at least 5 support: 0; clusters: 44321
polytomy of size 41; rounds with additions with at least 5 support: 0; clusters: 44367
max k is :4
Number of Clusters after addition by greedy: 44367
gradient0 in heuristiic: 44367
partitions formed in 26.935 secs
Dynamic Programming starting after 26.935 secs
Using tree-based weight calculation.
Using polytree-based weight calculation.
Polytree max score: 20017630592
Polytree building time: 0.242 seconds.
Number of quartet trees in the gene trees: 20017630592
Size of largest cluster: 244
Greedy score: 18238722617
estimationFactor: 1.097534680051656
Sub-optimal score: 18720650887
Calculated 100000 weights; time (seconds): 196
Total Number of elements weighted: 137107
Normalized score (portion of input quartet trees satisfied before correcting for multiple individuals): 0.945030172230286
Optimization score: 18917264886
Optimal tree inferred in 280.509 secs.
(P_011713,(P_011705,(((KAYP,(BCGB,ABSS)),(WIGA,(Apet,(Dhai,Msal)))),((P_006413,((P_016813,((GAP_80389,GAP_80390),((P_006412,P_008640),(P_011679,P_008646)))),((P_014073,P_011589),((P_011701,P_011681),(P_011673,((P_011537,(P_011739,P_011677)),(P_011759,((P_011675,P_011735),(P_011715,(P_011745,P_011611)))))))))),((P_011719,P_011607),((P_011579,(P_011671,P_008632)),(P_008631,(P_018635,(VYLQ,((P_011531,(P_011699,(Schi,P_006411))),(((KRJP,(P_011549,GAP_80395)),((P_011657,(P_011643,(P_011651,P_011509))),((GAP_80393,GAP_80394),(P_011631,((P_011551,((P_007844,P_011637),(P_007843,(P_006414,P_007783)))),(P_011647,(P_011465,(P_011501,(P_011523,(P_011489,P_011487)))))))))),(((P_011587,GAP_79862),(P_014081,(P_008647,P0104A))),(((P_011609,(Sdec,P2619)),(MAQO,(WAIL,(P_011527,(P_014077,(GAP_80298,(P_014083,GAP_80297))))))),((WPHN,P_011613),(((P0203H,((P_016909,WZFE),(P0109B,(P_018831,OSHQ)))),(((SJEV,(P_019193,(Wsal,P_019187))),(P_016921,(WKSU,(GAP_81227,(Pcol,(GAP_81226,P_006410)))))),((P_011709,(P_025527,(P_025523,P_025525))),(((QDVW,Asie),(P_019189,(P_019197,PAWA))),(((P_019185,CSSK),(P2589,OPDF)),((P_019191,P_019199),(GAP_80417,(P2590,GAP_79804)))))))),((P_007845,(((P_018639,P_018779),(P_018695,(P_018783,P_018645))),(P_018691,((P_016797,(OBPL,(GAP_80397,P_016799))),((P_016793,(P_006422,P_016795)),(P_018693,((S08,P_014095),((S38,(S04,(P_016789,S27))),((S02,P_016787),(P_016791,(S03,P_014099))))))))))),(((P2622,P2623),(P0110C,(XQWC,(P0207A,(P0110B,(P0207C,(P0207B,(P0206H,P0206G)))))))),((GAP_80322,DHPO),((P_012795,P_012941),((P_012861,((P_012855,(P_007802,P_012827)),((P_012813,P_018637),(P_012919,P_012921)))),(((P_012797,(P_012841,((P_012913,P_012877),(P_012811,(P_012891,P_012895))))),((((P_012903,P_012815),(P_012857,(P_012925,P_012883))),(P_012875,((P_012905,P_012831),(P_012901,(P_012851,P_012887))))),(P_018689,((P_012885,(P_006420,GAP_80294)),(P_012859,((P_012907,(GAP_80291,(P_012881,P_012873))),((P_012897,(GAP_80293,P_012893)),(P_012889,((P_012863,(P_012911,(P_012917,P_012821))),(P_006418,(P_012793,(GAP_80292,P_006419)))))))))))),((P_012867,((P_012899,P_012817),(P_012847,P_012923))),(P_012843,(((P_012937,(P_006421,P_012939)),(P_012803,(P_012853,(P_012837,P_012829)))),(((P_012801,(P_012879,P_012809)),((P_012839,P_012805),(P_012825,(P_012799,YZRI)))),(((P_012865,(P_012931,(P_012935,P_012933))),((P_012845,P_012807),(P_012871,P_012849))),(P_012909,((GAP_81172,P_012833),((PSJT,(GAP_80295,P_012927)),((P_012915,P_012791),(P_012869,(P_012823,(P_012835,P_012819)))))))))))))))))))))))))))))))));
Final quartet score is: 18917264886
Final normalized quartet score is: 0.945030172230286
You may want to ignore posterior probabilities and other statistics related to the following branch branch because the effective number of genes impacting it is only 13:
	{P_025523, P_025525}
You may want to ignore posterior probabilities and other statistics related to the following branch branch because the effective number of genes impacting it is only 0:
	{P_025523, P_025525, P_025527}
You may want to ignore posterior probabilities and other statistics related to the following branch branch because the effective number of genes impacting it is only 9:
	{P_025523, P_025525, P_025527, P_011709}
You may want to ignore posterior probabilities and other statistics related to the following branch branch because the effective number of genes impacting it is only 1:
	{P_011719, P_011607}
You may want to ignore posterior probabilities and other statistics related to the following branch branch because the effective number of genes impacting it is only 1:
	{P_014073, P_011589}
Extended species tree:
(P0109B,((P_018831,OSHQ)70.6:0.8000246487619164,((P_016909,WZFE)84.91:1.4656717650042028,(P0203H,((((SJEV,(P_019193,(Wsal,P_019187)58.83:0.4756515061042565)76.97:1.0495111611554477)88.7:1.746626901746761,(P_016921,(WKSU,(GAP_81227,(Pcol,(GAP_81226,P_006410)79.99:1.1867802020430758)69.84:0.7835789716815413)43.95:0.170701115755795)52.35:0.3319940748413075)95.24:2.571410527632962)91.52:2.0213237838715505,((P_011709,(P_025527,(P_025523,P_025525)69.23:0.6241543090729941)NaN:0.0)36.21:0.0,(((QDVW,Asie)99.1:3.8988960119943257,(P_019189,(P_019197,PAWA)64.95:0.6333366220075641)38.25:0.07380266976933506)46.94:0.22490509557626592,(((P_019185,CSSK)33.91:0.006697926459984304,(P2589,OPDF)68.6:0.7433469746089076)82.44:1.3152450311859218,((P_019191,P_019199)65.39:0.6212993615275375,(GAP_80417,(P2590,GAP_79804)91.66:1.991614232881444)66.98:0.6797126194188581)58.69:0.46677222392743356)79.96:1.1854778638443317)57.36:0.43332904795502625)54.51:0.36881839959697926)48.65:0.25672301000624564,(((P_007845,(((P_018639,P_018779)50.07:0.2842450467823148,(P_018695,(P_018783,P_018645)41.49:0.1277474302252446)54.28:0.37240929108180326)56.73:0.42684020607773765,(P_018691,((P_016797,(OBPL,(GAP_80397,P_016799)53.23:0.3503806077542763)60.19:0.5101942489404461)73.8:0.9233532580390502,((P_016793,(P_006422,P_016795)59.92:0.5023185716273254)61.96:0.5533400620209448,(P_018693,((S08,P_014095)69.62:0.7592425483433833,((S38,(S04,(P_016789,S27)69.2:0.7371932753937523)40.53:0.09105383214630983)64.25:0.5982685929946171,((S02,P_016787)97.01:2.958032362221168,(P_016791,(S03,P_014099)96.08:2.7412508251857615)35.42:0.029283409854889673)34.95:0.021904276716842464)49.05:0.2621365680611503)54.21:0.36741561859855243)41.82:0.1323697584290374)44.56:0.18055192767173717)41.71:0.12664885005633736)37.73:0.061814687428575404)40.95:0.10167525464349053)91.91:1.8637068186330743,(((P2622,P2623)48.99:0.25630005223857233,(P0110C,(XQWC,(P0207A,(P0110B,(P0207C,(P0207B,(P0206H,P0206G)46.4:0.21443826870439087)42.46:0.14435546445066122)39.57:0.09462676591420911)35.06:0.02326393563514879)57.06:0.43502292570535284)59.76:0.49912618098513795)90.79:1.9299991387068824)61.92:0.5508101517311064,((GAP_80322,DHPO)92.52:2.143362748907593,((P_012795,P_012941)99.27:4.129927757014,((P_012861,((P_012855,(P_007802,P_012827)88.81:1.7499435135380834)80.51:1.2136734983792974,((P_012813,P_018637)70.48:0.8058135829177421,(P_012919,P_012921)94.88:2.4959302256942677)91.62:2.0345766743373552)95.99:2.727463967185923)46.91:0.2239348111008535,(((P_012797,(P_012841,((P_012913,P_012877)89.66:1.8284667682144398,(P_012811,(P_012891,P_012895)54.15:0.3699779633826469)85.26:1.4884925364809964)87.63:1.659070568936122)52.12:0.3267270414807396)36.6:0.04784924885378532,((((P_012903,P_012815)82.94:1.34396998986661,(P_012857,(P_012925,P_012883)97.36:3.1017299527394186)35.48:0.030121968231485677)34.48:0.014815247177600447,(P_012875,((P_012905,P_012831)58.14:0.45991667422162774,(P_012901,(P_012851,P_012887)95.62:2.647500746980245)35.32:0.028191979064426085)48.73:0.2588394656790056)71.77:0.848575143435434)68.41:0.7366209805436537,(P_018689,((P_012885,(P_006420,GAP_80294)86.14:1.541022227053703)35.28:0.026524388303591755,(P_012859,((P_012907,(GAP_80291,(P_012881,P_012873)78.23:1.1031664038687632)35.99:0.037382294165307195)36.24:0.04122351107076366,((P_012897,(GAP_80293,P_012893)92.11:2.0913105237817082)38.37:0.07479106798037252,(P_012889,((P_012863,(P_012911,(P_012917,P_012821)91.31:1.9982710265214159)73.84:0.9211644584066045)41.52:0.12650838391105565,(P_006418,(P_012793,(GAP_80292,P_006419)97.75:3.239403372874464)48.05:0.2446355409999805)37.15:0.05524039785230938)33.68:0.0018953085639020577)38.32:0.07391406425939792)36.29:0.04199550106190054)36.8:0.049826004245051604)38.38:0.07513420948019404)85.18:1.4803608599278253)77.13:1.0552095170846307)93.98:2.3447321629307756)94.68:2.4581508133599654,((P_012867,((P_012899,P_012817)87.84:1.675888378806243,(P_012847,P_012923)97.56:3.170505215110518)68.99:0.7576046108368765)97.03:3.0037025912119426,(P_012843,(((P_012937,(P_006421,P_012939)86.72:1.5894542602029482)98.96:3.8727585243646505,(P_012803,(P_012853,(P_012837,P_012829)77.93:1.085955696775249)36.39:0.04461559716788296)48.75:0.2593192258580338)43.31:0.15892184560326134,(((P_012801,(P_012879,P_012809)98.55:3.6053225066356975)66.95:0.6943517384237875,((P_012839,P_012805)38.67:0.08104301978759115,(P_012825,(P_012799,YZRI)71.11:0.8274472340289067)46.44:0.21564320252305436)69.26:0.7658409377062223)80.89:1.2337358976741568,(((P_012865,(P_012931,(P_012935,P_012933)94.87:2.499594080925438)87.24:1.62865094527754)47.81:0.24134806034930475,((P_012845,P_012807)54.37:0.374735759826314,(P_012871,P_012849)87.69:1.662850616167032)62.52:0.5700292257098458)96.12:2.7596764689022297,(P_012909,((GAP_81172,P_012833)96.07:2.7477289491574868,((PSJT,(GAP_80295,P_012927)43.2:0.15732060290612046)76.05:1.012263789221107,((P_012915,P_012791)41.55:0.12903475769150832,(P_012869,(P_012823,(P_012835,P_012819)42:0.13663363102843534)68.91:0.755067522363935)95.73:2.67142249980325)86.3:1.5603854332349025)40.64:0.11363976160761388)93.22:2.237769864157925)32.77:0.0)91.77:2.052198804000035)91.96:2.0737401702341223)41.49:0.12755110984474838)84.18:1.417075139155139)84.61:1.4436433875415238)51.63:0.3160648429720494)85.74:1.5182406423608532)98.16:3.4064450078841237)56.78:0.4282329408245394)68.06:0.7271211130038671)94.59:2.438734081593543,((WPHN,P_011613)36.33:0.036074857813433656,(((P_011609,(Sdec,P2619)59.33:0.4627049244856682)69.3:0.7553636848764551,(MAQO,(WAIL,(P_011527,(P_014077,(GAP_80298,(P_014083,GAP_80297)91.59:2.018165641795202)42.86:0.14925322813470315)43.11:0.15176604457521128)53.71:0.3573322155695904)63.63:0.5997108006460466)83.34:1.3611251545402003)45.32:0.19294528670928512,(((P_011587,GAP_79862)76.61:1.0296950574498802,(P_014081,(P_008647,P0104A)94.29:2.367123614131617)88.09:1.682583787511463)76.54:1.0295072385718416,(((KRJP,(P_011549,GAP_80395)86.73:1.5888471295287343)68.18:0.7314072905138767,((P_011657,(P_011643,(P_011651,P_011509)70.19:0.7953589991187673)37.13:0.056180189366034174)75.11:0.9722262725082915,((GAP_80393,GAP_80394)73.23:0.9016886312029377,(P_011631,((P_011551,((P_007844,P_011637)38.74:0.08097206437500376,(P_007843,(P_006414,P_007783)39.1:0.08772956619039508)54.63:0.37961457182083236)38.62:0.07870341528223913)39.47:0.09208993807693795,(P_011647,(P_011465,(P_011501,(P_011523,(P_011489,P_011487)37.48:0.061941847558092206)38.59:0.07972133426966067)70.01:0.7899461291630072)81.39:1.257465329066208)50.53:0.2933957007474116)43.37:0.15928086915073877)57.58:0.4453619750123927)37.41:0.06063228682720045)92.4:2.127669370157614)87.54:1.6481375551949917,((P_011531,(P_011699,(Schi,P_006411)78.97:1.1229680553156685)47.95:0.23978458250212975)88.9:1.7552568591809543,(VYLQ,(P_018635,(P_008631,((P_011579,(P_011671,P_008632)36.49:0.0439750601130757)81.69:1.2703526461408314,((P_011719,P_011607)100:0.2876820724517809,((P_006413,((P_016813,((GAP_80389,GAP_80390)89:1.7660886566629563,((P_006412,P_008640)78.49:1.1163682250634148,(P_011679,P_008646)42.27:0.13991052299239548)41.54:0.1278033038005722)35.8:0.03423945961265132)63.32:0.5863651685742866,((P_014073,P_011589)89.54:0.18816332903557767,((P_011701,P_011681)35.32:0.013311653199972646,(P_011673,((P_011537,(P_011739,P_011677)75.53:0.980964580826429)42.88:0.14985400462166157,(P_011759,((P_011675,P_011735)82:1.289419571015053,(P_011715,(P_011745,P_011611)65.25:0.5964606551911499)49.57:0.273678960597369)50.25:0.2875644478462323)43.06:0.15363403024102912)40.71:0.11325185296378501)38.91:0.08302911121866577)41.19:0.10386046128787604)56.71:0.3931977786777377)43.17:0.15495701795865036)48.12:0.24583714325440578,(((KAYP,(BCGB,ABSS)65.7:0.6505638053552802)37.92:0.06639823810817336,(WIGA,(Apet,(Dhai,Msal)40.21:0.10162745905492743)48.96:0.2573392941969417)57.74:0.4495673501467314)57.25:0.4369234596509893,(P_011705,P_011713)48.5:0.24743573741859878)32.34:0.0)52.93:0.30626244451291695)50.72:0.26632504704947213)81.68:1.202457658017337)46.87:0.20712989952136832)55.61:0.40063147634518764)48.71:0.2578741270854311)74.67:0.9535089164410845)52.12:0.3247560830690308)44.34:0.1760045361962451)63.76:0.6007420201567831)89.74:1.8327742744080342)69.55:0.7726432094049264)87:1.5943498253032282)81.6:1.2623343064978674)65.55:0.6461001168938952));
Weight calculation took 225.431323559 secs
ASTRAL finished in 283.085 secs
