
================== ASTRAL ===================== 

This is ASTRAL version 5.7.7
Gene trees are treated as unrooted
299 trees read from all_bs10.trees
index19
All output trees will be *arbitrarily* rooted at P0109B

======== Running the main analysis
Number of taxa: 244 (244 species)
Taxa: [Apet, VYLQ, WPHN, WAIL, MAQO, P_011609, Sdec, P_019189, P_019197, P2590, GAP_79804, P_008647, P0104A, P_014081, P_011587, P_011701, GAP_80417, P_025523, P0203H, P0109B, P_016909, P_018831, P0110C, P2622, P0110B, P0207A, P0207C, P0207B, P0206H, P0206G, XQWC, P2623, P_007845, P_011579, P_018639, GAP_80322, P_012855, P_007802, P_012827, P_012919, P_012921, P_012813, P_018637, P_012795, P_012941, P_012839, P_012799, P_012805, P_012825, P_012879, P_012809, P_012801, P_012909, GAP_80295, PSJT, P_012927, P_012915, P_012791, P_012869, P_012835, P_012819, P_012823, GAP_81172, P_012833, P_012865, P_012935, P_012933, P_012931, P_012871, P_012849, P_012845, P_012807, P_012803, P_012853, P_012837, P_012829, P_012937, P_006421, P_012939, P_012867, P_012899, P_012817, P_012847, P_012923, P_012843, P_012861, P_012841, P_012913, P_012877, P_012797, P_012901, P_012851, P_012887, P_012905, P_012875, P_012831, P_012857, P_012903, P_012815, P_012925, P_012883, P_012897, P_012907, P_006420, GAP_80294, GAP_80291, GAP_80293, P_012893, P_012885, P_012881, P_012873, GAP_80292, P_006419, P_012859, P_012889, P_012863, P_006418, P_012917, P_012821, P_012911, P_012793, P_018689, P_012891, P_012895, P_012811, GAP_81227, P_016921, Pcol, GAP_81226, P_006410, GAP_79862, P_014077, P_018635, P_011527, GAP_80298, P_014083, GAP_80297, P_007844, P_011637, P_011647, Schi, P_006411, P_011531, P_011549, GAP_80395, P_011739, P_011465, P_011501, P_011489, P_011487, P_011523, P_006414, P_007843, P_007783, GAP_80393, GAP_80394, P_011651, P_011509, P_011643, P_011551, P_011657, P2619, BCGB, P_011699, P_011715, P_011705, P_011713, P_006413, P_011759, P_011675, P_011735, P_011537, P_011671, P_008632, P_011677, WIGA, GAP_80389, P_011679, P_011681, GAP_80390, P_008646, P_006412, P_008640, P_011673, P_011745, P_016813, OBPL, GAP_80397, P_016799, P_016797, P_016793, P_018695, P_018783, P_018645, P_016789, S27, P_016791, S02, P_016787, S04, S03, P_018779, P_014099, P_018691, P_018693, P_006422, P_016795, YZRI, DHPO, WKSU, PAWA, P2589, P_019185, OPDF, CSSK, P_019193, Wsal, P_019187, SJEV, WZFE, QDVW, Asie, KRJP, ABSS, Dhai, Msal, P_011631, S38, S08, OSHQ, P_019191, P_025525, P_014095, P_011613, P_008631, KAYP, P_011719, P_014073, P_025527, P_011709, P_011611, P_019199, P_011607, P_011589]
Taxon occupancy: {P_019193=250, P_019191=107, P_019197=264, OPDF=283, GAP_81172=294, P_018783=290, P_019199=81, Wsal=246, P_016921=289, WKSU=297, P_025523=43, P_025525=77, P_025527=30, P_014073=43, P0203H=181, P_014077=162, QDVW=291, P_011487=293, P_011489=295, P_016813=254, P_006421=288, P_006422=289, P_006420=226, P_006418=286, P_006419=290, P_014081=197, P_006414=290, P_014083=206, P_018689=296, P0206H=274, P0206G=259, Msal=250, P0109B=135, P_012901=291, P_006410=282, P_006411=286, P_012903=294, P_006412=288, P_006413=276, P_012905=295, P_012907=295, GAP_79862=281, PAWA=286, ABSS=295, P_012909=291, P_018691=130, GAP_80291=295, P_018695=282, P_014095=115, GAP_80293=291, GAP_80292=291, P_018693=288, GAP_80295=289, GAP_80294=289, P_014099=288, GAP_80297=291, GAP_80298=286, P_011701=51, P_012911=292, P_012913=251, P_012915=291, P_011705=159, P_012917=282, P_012919=275, P_011709=28, P_012881=295, P_011671=163, P_011551=188, MAQO=293, P_012883=294, P_011673=233, GAP_80322=293, P_012885=290, P_011675=267, P2590=235, P_012887=292, P_011677=225, P_012889=288, P_011679=245, P_008647=276, PSJT=283, P2589=238, P_012891=289, P_011681=202, P_012893=295, P_018637=289, P_012895=290, P_018635=264, P_012897=289, P0207C=279, P0207B=283, P_012899=290, P0207A=287, P_018639=270, P_008646=291, P_008640=290, BCGB=291, WZFE=291, P_018645=288, KRJP=290, KAYP=170, P_011699=146, P_011579=216, CSSK=281, P_008632=286, P_016909=291, P_007783=279, P_008631=50, P_019187=286, P_019185=269, Sdec=60, P_019189=240, P_012791=293, P_012793=290, P_012795=290, Asie=228, P_011465=295, P_018779=228, P_011587=208, P_012797=297, P_012799=294, P_011589=4, GAP_80417=148, WIGA=282, GAP_79804=217, P_007802=248, P_012841=291, P_011631=235, P_012843=295, Pcol=245, P_012845=290, P_012847=282, P_011637=291, P_011759=257, P_012849=281, Apet=129, OBPL=293, P0110C=266, P_018831=285, P0110B=194, YZRI=291, P_012851=293, P_012853=289, P_011643=298, P_011523=294, P_012855=285, P_012857=290, P_011647=261, P_011527=162, P_012859=285, WAIL=295, P_016789=286, P_012861=290, P_011651=261, P_011531=230, P_016787=289, P_012863=294, P_012865=283, Schi=239, P_012867=293, P_011657=255, P_011537=213, P_012869=290, P_016793=286, P_016791=292, P_016797=291, SJEV=291, P_016795=284, P_012871=278, P_012873=292, P_016799=289, P_012875=292, P_012877=286, P_012879=288, P_011549=272, P_007844=204, P_007845=44, S02=210, P_012921=267, S04=74, P_012801=293, S03=270, P_012923=288, P_011713=193, P_012803=291, P_012925=287, P_011715=246, S08=175, P_012805=290, P_007843=263, P_012927=289, P_012807=287, P_011719=29, P_012809=286, VYLQ=294, DHPO=294, GAP_80390=254, P2622=201, P2623=96, XQWC=295, GAP_80394=296, GAP_80393=296, GAP_80395=293, GAP_80397=291, P_012931=293, P_012811=291, WPHN=291, P_012933=279, P_012813=292, P_012935=287, P_012815=288, P_012937=292, P_012817=291, P_011607=7, P_012939=282, P_011609=181, P_012819=285, P2619=165, OSHQ=287, GAP_80389=271, P_012941=294, P_012821=290, P_011611=47, P_012823=292, P_011613=79, P_011735=287, P_012825=294, S27=224, P_012827=264, P_011739=249, P_012829=189, Dhai=279, P0104A=243, P_012831=281, P_011501=296, P_012833=288, GAP_81226=289, GAP_81227=292, P_011745=255, P_012835=293, S38=86, P_012837=295, P_012839=282, P_011509=293}
Number of gene trees: 299
299 trees have missing taxa
Calculating quartet distance matrix (for completion of X)
Species tree distances calculated ...
Will attempt to complete bipartitions from X before adding using a distance matrix.
Building set of clusters (X) from gene trees 
------------------------------
gradient0: 44523
Number of Clusters after addition by distance: 44523
calculating extra bipartitions to be added at level 1 ...
Adding to X using resolutions of greedy consensus ...
Limit for sigma of degrees:6150
polytomy size limit : 40
discarded polytomies:  [3, 3, 3, 3, 3, 3, 3, 3, 3, 3, 3, 3, 3, 3, 3, 3, 3, 3, 3, 3, 3, 3, 3, 3, 3, 4, 4, 4, 4, 4, 4, 4, 4, 4, 4, 4, 4, 5, 5, 5, 5, 5, 6, 6, 7, 7, 7, 8, 9, 10, 11, 13, 13, 14, 14, 16, 40]
Threshold 0.0:
polytomy of size 3; rounds with additions with at least 5 support: 1; clusters: 44529
Threshold 0.01:
polytomy of size 5; rounds with additions with at least 5 support: 1; clusters: 44555
Threshold 0.02:
polytomy of size 7; rounds with additions with at least 5 support: 1; clusters: 44645
polytomy of size 3; rounds with additions with at least 5 support: 0; clusters: 44647
Threshold 0.05:
polytomy of size 3; rounds with additions with at least 5 support: 0; clusters: 44647
polytomy of size 4; rounds with additions with at least 5 support: 0; clusters: 44647
polytomy of size 9; rounds with additions with at least 5 support: 0; clusters: 44653
polytomy of size 3; rounds with additions with at least 5 support: 0; clusters: 44653
polytomy of size 3; rounds with additions with at least 5 support: 0; clusters: 44653
polytomy of size 3; rounds with additions with at least 5 support: 0; clusters: 44653
polytomy of size 3; rounds with additions with at least 5 support: 0; clusters: 44653
Threshold 0.1:
polytomy of size 4; rounds with additions with at least 5 support: 0; clusters: 44653
polytomy of size 3; rounds with additions with at least 5 support: 0; clusters: 44653
polytomy of size 5; rounds with additions with at least 5 support: 0; clusters: 44653
polytomy of size 3; rounds with additions with at least 5 support: 0; clusters: 44653
polytomy of size 13; rounds with additions with at least 5 support: 0; clusters: 44659
polytomy of size 3; rounds with additions with at least 5 support: 0; clusters: 44659
polytomy of size 4; rounds with additions with at least 5 support: 0; clusters: 44659
polytomy of size 5; rounds with additions with at least 5 support: 0; clusters: 44659
polytomy of size 7; rounds with additions with at least 5 support: 0; clusters: 44663
polytomy of size 3; rounds with additions with at least 5 support: 0; clusters: 44663
Threshold 0.2:
polytomy of size 4; rounds with additions with at least 5 support: 0; clusters: 44663
polytomy of size 5; rounds with additions with at least 5 support: 0; clusters: 44663
polytomy of size 3; rounds with additions with at least 5 support: 0; clusters: 44663
polytomy of size 3; rounds with additions with at least 5 support: 0; clusters: 44663
polytomy of size 10; rounds with additions with at least 5 support: 0; clusters: 44665
polytomy of size 4; rounds with additions with at least 5 support: 0; clusters: 44665
polytomy of size 13; rounds with additions with at least 5 support: 0; clusters: 44665
polytomy of size 3; rounds with additions with at least 5 support: 0; clusters: 44665
polytomy of size 4; rounds with additions with at least 5 support: 0; clusters: 44665
polytomy of size 3; rounds with additions with at least 5 support: 0; clusters: 44665
polytomy of size 6; rounds with additions with at least 5 support: 0; clusters: 44665
polytomy of size 3; rounds with additions with at least 5 support: 0; clusters: 44665
polytomy of size 4; rounds with additions with at least 5 support: 0; clusters: 44665
polytomy of size 3; rounds with additions with at least 5 support: 0; clusters: 44665
polytomy of size 8; rounds with additions with at least 5 support: 0; clusters: 44665
polytomy of size 16; rounds with additions with at least 5 support: 0; clusters: 44679
polytomy of size 4; rounds with additions with at least 5 support: 0; clusters: 44679
Threshold 0.3333333333333333:
polytomy of size 3; rounds with additions with at least 5 support: 0; clusters: 44679
polytomy of size 3; rounds with additions with at least 5 support: 0; clusters: 44679
polytomy of size 14; rounds with additions with at least 5 support: 0; clusters: 44681
polytomy of size 14; rounds with additions with at least 5 support: 0; clusters: 44681
polytomy of size 4; rounds with additions with at least 5 support: 0; clusters: 44681
polytomy of size 5; rounds with additions with at least 5 support: 0; clusters: 44681
polytomy of size 3; rounds with additions with at least 5 support: 0; clusters: 44681
polytomy of size 3; rounds with additions with at least 5 support: 0; clusters: 44681
polytomy of size 3; rounds with additions with at least 5 support: 0; clusters: 44681
polytomy of size 4; rounds with additions with at least 5 support: 0; clusters: 44681
polytomy of size 6; rounds with additions with at least 5 support: 0; clusters: 44681
polytomy of size 4; rounds with additions with at least 5 support: 0; clusters: 44681
polytomy of size 3; rounds with additions with at least 5 support: 0; clusters: 44681
polytomy of size 3; rounds with additions with at least 5 support: 0; clusters: 44681
polytomy of size 7; rounds with additions with at least 5 support: 0; clusters: 44681
polytomy of size 3; rounds with additions with at least 5 support: 0; clusters: 44681
polytomy of size 4; rounds with additions with at least 5 support: 0; clusters: 44681
polytomy of size 11; rounds with additions with at least 5 support: 0; clusters: 44681
polytomy of size 40; rounds with additions with at least 5 support: 0; clusters: 44731
max k is :2
Number of Clusters after addition by greedy: 44731
gradient0 in heuristiic: 44731
partitions formed in 13.299 secs
Dynamic Programming starting after 13.299 secs
Using tree-based weight calculation.
Using polytree-based weight calculation.
Polytree max score: 20239311382
Polytree building time: 0.17 seconds.
Number of quartet trees in the gene trees: 20239311382
Size of largest cluster: 244
Greedy score: 18860026025
estimationFactor: 1.07313273879748
Sub-optimal score: 18901024775
Calculated 100000 weights; time (seconds): 179
Total Number of elements weighted: 138627
Normalized score (portion of input quartet trees satisfied before correcting for multiple individuals): 0.9450163877616061
Optimization score: 19126480933
Optimal tree inferred in 252.119 secs.
(P_011713,(P_011705,(((KAYP,(BCGB,ABSS)),(WIGA,(Apet,(Dhai,Msal)))),((P_006413,((P_011679,(P_016813,((GAP_80389,GAP_80390),(P_008646,(P_006412,P_008640))))),((P_014073,P_011589),(P_011701,(P_011681,(P_011673,((P_011537,(P_011739,P_011677)),(P_011759,((P_011675,P_011735),(P_011715,(P_011745,P_011611))))))))))),((P_011719,P_011607),((P_011579,(P_011671,P_008632)),(P_008631,(P_018635,(VYLQ,((P_011531,(P_011699,(Schi,P_006411))),(((KRJP,(P_011549,GAP_80395)),((P_011657,(P_011643,(P_011651,P_011509))),((GAP_80393,GAP_80394),(P_011631,((P_011551,((P_007844,P_011637),(P_007843,(P_006414,P_007783)))),(P_011647,(P_011465,(P_011501,(P_011523,(P_011489,P_011487)))))))))),(((P_011587,GAP_79862),(P_014081,(P_008647,P0104A))),(((P_011609,(Sdec,P2619)),(MAQO,(WAIL,(P_011527,(P_014077,(GAP_80298,(P_014083,GAP_80297))))))),((WPHN,P_011613),(((P0203H,((P_016909,WZFE),(P0109B,(P_018831,OSHQ)))),(((SJEV,(P_019193,(Wsal,P_019187))),(P_016921,(WKSU,(GAP_81227,(Pcol,(GAP_81226,P_006410)))))),((P_011709,(P_025527,(P_025523,P_025525))),(((QDVW,Asie),(P_019189,(P_019197,PAWA))),(((P_019185,CSSK),(P2589,OPDF)),((P_019191,P_019199),(GAP_80417,(P2590,GAP_79804)))))))),((((P_018639,P_018779),(P_018695,(P_018783,P_018645))),(P_018691,((P_007845,(P_016797,(OBPL,(GAP_80397,P_016799)))),((P_016793,(P_006422,P_016795)),(P_018693,((S08,P_014095),((S38,(S04,(P_016789,S27))),((S02,P_016787),(P_016791,(S03,P_014099)))))))))),(((P2622,P2623),(P0110C,(XQWC,(P0207A,(P0110B,(P0207C,(P0207B,(P0206H,P0206G)))))))),((GAP_80322,DHPO),((P_012795,P_012941),((P_012861,((P_012855,(P_007802,P_012827)),((P_012919,P_012921),(P_012813,P_018637)))),(((P_012797,(P_012841,((P_012913,P_012877),(P_012811,(P_012891,P_012895))))),((((P_012903,P_012815),(P_012857,(P_012925,P_012883))),(P_012875,((P_012905,P_012831),(P_012901,(P_012851,P_012887))))),(P_018689,((P_006420,GAP_80294),(P_012885,(P_012859,(((P_012907,GAP_80291),(P_012881,P_012873)),((P_012897,(GAP_80293,P_012893)),(P_012889,((P_012863,(P_012911,(P_012917,P_012821))),(P_006418,(P_012793,(GAP_80292,P_006419))))))))))))),((P_012867,((P_012899,P_012817),(P_012847,P_012923))),(P_012843,(((P_012937,(P_006421,P_012939)),(P_012803,(P_012853,(P_012837,P_012829)))),(((P_012801,(P_012879,P_012809)),((P_012839,P_012805),(P_012825,(P_012799,YZRI)))),(((P_012865,(P_012931,(P_012935,P_012933))),((P_012845,P_012807),(P_012871,P_012849))),(P_012909,((GAP_81172,P_012833),((PSJT,(GAP_80295,P_012927)),((P_012915,P_012791),(P_012869,(P_012823,(P_012835,P_012819)))))))))))))))))))))))))))))))));
Final quartet score is: 19126480933
Final normalized quartet score is: 0.9450163877616061
You may want to ignore posterior probabilities and other statistics related to the following branch branch because the effective number of genes impacting it is only 13:
	{P_025523, P_025525}
You may want to ignore posterior probabilities and other statistics related to the following branch branch because the effective number of genes impacting it is only 0:
	{P_025523, P_025525, P_025527}
You may want to ignore posterior probabilities and other statistics related to the following branch branch because the effective number of genes impacting it is only 9:
	{P_025523, P_025525, P_025527, P_011709}
You may want to ignore posterior probabilities and other statistics related to the following branch branch because the effective number of genes impacting it is only 1:
	{P_011719, P_011607}
You may want to ignore posterior probabilities and other statistics related to the following branch branch because the effective number of genes impacting it is only 1:
	{P_014073, P_011589}
You may want to ignore posterior probabilities and other statistics related to the following branch branch because the effective number of genes impacting it is only 9:
	{P_011701, P_011739, P_011715, P_011759, P_011675, P_011735, P_011537, P_011677, P_011681, P_011673, P_011745, P_011611}
Extended species tree:
(P0109B,((P_018831,OSHQ)1:0.8078626311523717,((P_016909,WZFE)1:1.4846660056022407,(P0203H,((((SJEV,(P_019193,(Wsal,P_019187)1:0.4782031101246807)1:0.9933579484090256)1:1.7506309857103834,(P_016921,(WKSU,(GAP_81227,(Pcol,(GAP_81226,P_006410)1:1.216020011881896)1:0.7847256351358709)0.94:0.1636118685895722)1:0.32461734722704344)1:2.602322682867628)1:2.0687507032333947,((P_011709,(P_025527,(P_025523,P_025525)0.98:0.6241543090729941)0.33:0.0)0.29:0.0,(((QDVW,Asie)1:3.907945847514246,(P_019189,(P_019197,PAWA)1:0.6378142672292695)0.32:0.06610920802553967)1:0.23240095381370957,(((P_019185,CSSK)0.49:0.020967432119615204,(P2589,OPDF)1:0.7491075287029219)1:1.324904523951578,((P_019191,P_019199)1:0.6255226888777199,(GAP_80417,(P2590,GAP_79804)1:2.0240973066402366)1:0.6695127364396808)1:0.47175652452933353)1:1.1840088382878295)1:0.4292635840994815)1:0.3784375885692386)1:0.25698562510888595,(((((P_018639,P_018779)1:0.2875049963563137,(P_018695,(P_018783,P_018645)0.98:0.12144765887727162)1:0.3699387407650315)1:0.41107604444470264,(P_018691,((P_007845,(P_016797,(OBPL,(GAP_80397,P_016799)1:0.33460559295170433)1:0.49646256268607886)0.84:0.2766055916530142)0.81:0.190818892744802,((P_016793,(P_006422,P_016795)1:0.4852734559978883)1:0.5338578369629626,(P_018693,((S08,P_014095)1:0.7147910351278436,((S38,(S04,(P_016789,S27)1:0.7681156628793394)0.39:0.09105383214630983)1:0.5899470951115696,((S02,P_016787)1:2.967750550024491,(P_016791,(S03,P_014099)1:2.743970500476145)0.63:0.04249104700285767)0.43:0.014054585053872191)1:0.29016343901981034)1:0.37564337376419665)0.99:0.1534734051497101)1:0.17550239786697283)0.86:0.1340924068089314)0.7:0.0784152206876756)1:2.867556709057613,(((P2622,P2623)0.91:0.25701484605803554,(P0110C,(XQWC,(P0207A,(P0110B,(P0207C,(P0207B,(P0206H,P0206G)1:0.21191211036347002)1:0.14549277804534852)0.88:0.09943991909099859)0.43:0.01406012759700544)1:0.4315815261376151)1:0.5005675235595263)1:1.9395562292303274)1:0.5612609451251066,((GAP_80322,DHPO)1:2.162181790242737,((P_012795,P_012941)1:4.136895014914019,((P_012861,((P_012855,(P_007802,P_012827)1:1.7255463039940495)1:1.1848030592496221,((P_012919,P_012921)1:2.5400779488200835,(P_012813,P_018637)1:0.8023743171626352)1:2.0438462245162423)1:2.721987191440065)1:0.22631587870253206,(((P_012797,(P_012841,((P_012913,P_012877)1:1.8783986777032053,(P_012811,(P_012891,P_012895)1:0.3700275179257156)1:1.5303750701330208)1:1.6972201459896359)1:0.31802935353419814)0.64:0.04496686492148736,((((P_012903,P_012815)1:1.3406295990864812,(P_012857,(P_012925,P_012883)1:3.1090651437846475)0.55:0.034113692785068005)0.55:0.03285655408688644,(P_012875,((P_012905,P_012831)1:0.4655509677158941,(P_012901,(P_012851,P_012887)1:2.647945217730083)0.46:0.02594557012267783)1:0.2517517319935963)1:0.8279809045733175)1:0.7180279766249682,(P_018689,((P_006420,GAP_80294)1:1.4619547034156097,(P_012885,(P_012859,(((P_012907,GAP_80291)0.38:0.01842989292365138,(P_012881,P_012873)1:1.1659798115586202)0.55:0.04241509299787114,((P_012897,(GAP_80293,P_012893)1:2.106913205964917)0.77:0.07287429449238825,(P_012889,((P_012863,(P_012911,(P_012917,P_012821)1:2.0093340771943344)1:0.9322925753032121)0.94:0.12868523874198948,(P_006418,(P_012793,(GAP_80292,P_006419)1:3.394147952321959)1:0.2513730946170218)0.54:0.043700358139712805)0.36:0.0027720138255486614)0.75:0.08036170617605835)0.6:0.042794564686245325)0.67:0.05575048335068941)0.58:0.044105836989716776)0.47:0.03393942924472077)1:1.4056489279399813)1:1.0813247513510524)1:2.3465707627022323)1:2.4799921814162547,((P_012867,((P_012899,P_012817)1:1.679449703158526,(P_012847,P_012923)1:3.1778142317844065)1:0.7385475848912746)1:3.007680006148865,(P_012843,(((P_012937,(P_006421,P_012939)1:1.60042307241423)1:3.8742661830832814,(P_012803,(P_012853,(P_012837,P_012829)1:1.1224001284921776)0.56:0.02984056276937514)1:0.26017175764775147)1:0.16176875460073487,(((P_012801,(P_012879,P_012809)1:3.61340181648555)1:0.713340828464941,((P_012839,P_012805)0.66:0.07860725716230069,(P_012825,(P_012799,YZRI)1:0.8375361778781243)1:0.21107985798035878)1:0.7727192897640196)1:1.2531999189635643,(((P_012865,(P_012931,(P_012935,P_012933)1:2.568605668664646)1:1.5859097629655725)1:0.2574306210658293,((P_012845,P_012807)1:0.3774312281432069,(P_012871,P_012849)1:1.659401850203853)1:0.5736852556337144)1:2.7457379330594156,(P_012909,((GAP_81172,P_012833)1:2.737276158233044,((PSJT,(GAP_80295,P_012927)0.99:0.1744112362041882)1:1.005183999901647,((P_012915,P_012791)1:0.13610670881860643,(P_012869,(P_012823,(P_012835,P_012819)0.98:0.11873575224253212)1:0.7456129653922592)1:2.686689217174899)1:1.579685492270774)0.95:0.11699933734857029)1:2.2561328509426084)0.28:0.0)1:2.079665763666444)1:2.068501851958298)0.98:0.11711381711029942)1:1.501344776321365)1:1.444512154805838)1:0.3071064776042413)1:1.4823331667345834)1:3.4200408153036204)1:0.4085155799584182)1:0.7368790632081729)1:2.3774260562262994,((WPHN,P_011613)0.42:0.02809092778429612,(((P_011609,(Sdec,P2619)1:0.5162296444498367)1:0.7325695400011576,(MAQO,(WAIL,(P_011527,(P_014077,(GAP_80298,(P_014083,GAP_80297)1:2.0799783458274548)0.96:0.13881396692282766)0.94:0.1537993525154788)1:0.37672995419002486)1:0.5781455355661995)1:1.372702062999935)0.61:0.19519212142475556,(((P_011587,GAP_79862)1:1.042835822128102,(P_014081,(P_008647,P0104A)1:2.4675574530257633)1:1.6381239036366808)1:1.0053876270011113,(((KRJP,(P_011549,GAP_80395)1:1.4879197495075713)1:0.7303298833861885,((P_011657,(P_011643,(P_011651,P_011509)1:0.795974675174747)0.65:0.04569568967458772)1:0.9504169688114545,((GAP_80393,GAP_80394)1:0.8700095291768872,(P_011631,((P_011551,((P_007844,P_011637)0.86:0.0893009978929245,(P_007843,(P_006414,P_007783)0.91:0.09210632937645473)1:0.38924749219779614)0.65:0.07708557674758319)0.87:0.10038395837122185,(P_011647,(P_011465,(P_011501,(P_011523,(P_011489,P_011487)0.77:0.05977497883607754)0.87:0.08221844313011054)1:0.7641348703134483)1:1.2487644452690554)1:0.29496406229879873)0.98:0.15880874468529493)1:0.46593549580880145)0.58:0.061898337346314336)1:2.1280143863193706)1:1.6573374344952154,((P_011531,(P_011699,(Schi,P_006411)1:1.0936570480055563)0.99:0.26499979896160686)1:1.7859461460734745,(VYLQ,(P_018635,(P_008631,((P_011579,(P_011671,P_008632)0.76:0.08303025283226563)1:1.2775854256486776,((P_011719,P_011607)0.67:0.2876820724517809,((P_006413,((P_011679,(P_016813,((GAP_80389,GAP_80390)1:1.675424333954025,(P_008646,(P_006412,P_008640)1:0.9873000306024211)1:0.2548858866529753)0.59:0.04358126826196307)0.91:0.14312115269698025)1:0.31090650858483926,((P_014073,P_011589)0.61:0.18816332903557767,(P_011701,(P_011681,(P_011673,((P_011537,(P_011739,P_011677)1:0.9612470956535373)0.94:0.12260013377704099,(P_011759,((P_011675,P_011735)1:1.245108488651031,(P_011715,(P_011745,P_011611)1:0.6509245682432308)1:0.2749565646796905)1:0.2997432433446592)0.99:0.1645694019380734)0.89:0.10808169844298289)0.61:0.05962219520796069)0.48:0.05162625339026681)0.72:0.30613247841948066)0.99:0.4273444820865746)0.96:0.1410479911036676)1:0.24558790999378227,(((KAYP,(BCGB,ABSS)1:0.6538800764945768)0.49:0.0608633880776545,(WIGA,(Apet,(Dhai,Msal)0.74:0.11347202063482109)1:0.27963737148042395)1:0.4493523413700554)1:0.4312635767917346,(P_011705,P_011713)0.99:0.24590221390828124)0.21:0.0)0.96:0.3548393061686176)0.84:0.24202048350503588)1:1.2194263488805015)0.87:0.19320166076394166)1:0.41843131097150943)1:0.2607865640068096)1:0.9365132922116586)1:0.31533342442682677)0.66:0.17958349830015616)1:0.588733479382761)1:1.8269607251748787)1:0.8057519277599365)1:1.6395130475826192)1:1.2324884803083003)1:0.6642662940297097));
Weight calculation took 226.345446251 secs
ASTRAL finished in 254.35 secs
