
================== ASTRAL ===================== 

This is ASTRAL version 5.7.7
Gene trees are treated as unrooted
192 trees read from all_bs10.trees
index46
All output trees will be *arbitrarily* rooted at P0109B

======== Running the main analysis
Number of taxa: 244 (244 species)
Taxa: [P_016813, P_011713, Dhai, P_006413, ABSS, P_008632, P_018635, P_011671, P_011537, P_014081, GAP_79862, P0104A, P_008647, P_011699, P_011531, P_006411, Schi, P_014077, WAIL, GAP_80298, MAQO, P_011527, GAP_80297, P_014083, P_011657, P_011489, P_011487, P_011523, P_011501, P_011465, P_011509, P_011651, GAP_80393, P_011647, GAP_80394, P_011643, P_007783, P_006414, P_007843, P_007844, P_011637, GAP_80395, P_011549, KRJP, P_011587, P0203H, P0109B, P_011701, GAP_80417, P_025523, DHPO, GAP_80322, XQWC, P0110C, P0207B, P0110B, P0207C, P0206G, P0207A, P0206H, P_012941, P_012795, P_012919, P_012921, P_012813, P_018637, P_012855, P_012827, P_007802, P_012833, P_012839, GAP_81172, P_012869, P_012823, P_012791, P_012819, P_012835, P_012915, P_012927, PSJT, GAP_80295, P_012871, P_012849, P_012865, P_012807, P_012845, P_012935, P_012933, P_012931, P_012805, P_012909, YZRI, P_012799, P_012825, P_012809, P_012879, P_012801, P_012843, P_012853, P_012867, P_012899, P_012817, P_012923, P_012847, P_012803, P_012837, P_012937, P_012939, P_006421, P_012887, P_012875, Sdec, P_011609, P_012831, P_012797, P_012815, P_012903, P_012883, P_012925, P_012901, P_012905, P_012829, P_012851, P_006418, GAP_80291, P_012889, P_012873, P_012911, P_012881, P_012793, GAP_80293, P_012893, P_018689, P_012863, P_012907, GAP_80292, P_006419, P_012897, P_012821, P_012917, P_006420, GAP_80294, P_012859, P_012885, P_012895, P_012811, P_012891, P_012861, P_012841, P_012857, P_012877, P_012913, P2622, P2623, P_006422, P_016795, S03, P_018779, P_014099, P_016797, P_016799, OBPL, GAP_80397, S02, P_016787, S04, P_016793, P_016789, P_007845, S27, P_018691, P_018693, P_016791, P_018695, P_018645, P_018783, P_018639, P_011579, P_016909, WZFE, P_018831, BCGB, P2619, P_011551, VYLQ, WPHN, PAWA, P_019197, P_019189, P_019193, Wsal, P_019187, SJEV, WKSU, Pcol, GAP_81227, P_016921, GAP_81226, P_006410, P_019185, P2589, OPDF, P2590, GAP_79804, CSSK, Asie, QDVW, P_011715, GAP_80389, GAP_80390, P_011681, P_011679, P_006412, P_011675, P_011735, P_011673, P_011739, P_011745, P_008640, P_008646, Apet, P_011759, P_011677, P_008631, P_011631, S38, S08, P_019191, P_025525, OSHQ, P_011613, P_014095, P_011705, Msal, WIGA, KAYP, P_025527, P_014073, P_011709, P_019199, P_011611, P_011719, P_011607, P_011589]
Taxon occupancy: {P_019193=166, P_019191=81, P_019197=179, OPDF=177, GAP_81172=191, P_018783=186, P_019199=66, Wsal=169, P_016921=189, WKSU=187, P_025523=33, P_025525=59, P_025527=24, P_014073=20, P0203H=139, P_014077=111, QDVW=183, P_011487=187, P_011489=189, P_016813=173, P_006421=191, P_006422=186, P_006420=156, P_006418=190, P_006419=190, P_014081=134, P_006414=189, P_014083=138, P_018689=192, P0206H=181, P0206G=167, Msal=169, P0109B=103, P_012901=189, P_006410=184, P_006411=186, P_012903=189, P_006412=188, P_006413=184, P_012905=188, GAP_79862=185, P_012907=192, PAWA=179, ABSS=179, P_012909=190, P_018691=93, GAP_80291=192, P_018695=183, P_014095=78, GAP_80293=191, GAP_80292=190, P_018693=183, GAP_80295=188, GAP_80294=190, P_014099=184, GAP_80297=187, GAP_80298=186, P_011701=31, P_012911=190, P_012913=167, P_012915=187, P_011705=102, P_012917=185, P_012919=179, P_011709=19, P_011671=110, P_012881=191, P_011551=121, MAQO=186, P_012883=192, P_011673=156, GAP_80322=190, P_012885=190, P_011675=172, P2590=163, P_012887=191, P_011677=141, P_012889=188, P_011679=160, P_008647=178, PSJT=174, P2589=168, P_012891=189, P_011681=130, P_012893=190, P_018637=185, P_012895=190, P_018635=176, P_012897=191, P0207C=184, P0207B=186, P_012899=188, P0207A=186, P_018639=176, P_008646=188, P_008640=188, BCGB=177, WZFE=185, P_018645=183, KRJP=181, KAYP=88, P_011699=104, P_011579=143, CSSK=178, P_008632=186, P_007783=174, P_016909=189, P_008631=40, P_019187=186, P_019185=181, Sdec=46, P_019189=165, P_012791=189, P_012793=189, P_012795=189, Asie=150, P_011465=189, P_018779=149, P_011587=152, P_012797=188, P_012799=190, P_011589=2, GAP_80417=107, WIGA=166, P_007802=148, GAP_79804=150, P_012841=187, P_011631=157, P_012843=190, Pcol=160, P_012845=189, P_011637=184, P_012847=182, P_011759=174, P_012849=190, Apet=91, OBPL=188, P0110C=174, P0110B=131, P_018831=187, YZRI=185, P_012851=189, P_011643=191, P_012853=186, P_011523=189, P_012855=185, P_011647=170, P_012857=187, P_011527=115, P_012859=190, WAIL=190, P_016789=180, P_011651=160, P_012861=190, P_011531=156, P_016787=184, P_012863=190, P_012865=188, Schi=157, P_011657=169, P_012867=189, P_011537=136, P_012869=189, P_016793=183, P_016791=183, P_016797=187, SJEV=187, P_016795=181, P_012871=185, P_012873=190, P_016799=188, P_012875=191, P_012877=187, P_012879=192, P_011549=178, P_007844=139, P_007845=33, S02=146, P_012921=175, S04=52, P_012801=190, S03=178, P_011713=131, P_012923=185, P_012803=188, P_012925=189, P_011715=160, S08=122, P_007843=168, P_012805=189, P_012927=191, P_012807=187, P_011719=19, P_012809=190, VYLQ=190, DHPO=188, GAP_80390=172, P2622=143, P2623=72, GAP_80394=190, XQWC=185, GAP_80393=189, GAP_80395=190, GAP_80397=187, P_012931=191, P_012811=190, P_012933=185, WPHN=181, P_012813=187, P_012935=187, P_012815=185, P_012937=192, P_012817=187, P_011607=3, P_012939=186, P_012819=184, P_011609=129, P2619=124, OSHQ=183, GAP_80389=179, P_012941=191, P_012821=190, P_011611=32, P_012823=188, P_011613=64, P_011735=186, P_012825=192, S27=144, P_012827=168, P_011739=156, P_012829=142, Dhai=183, P0104A=161, P_012831=184, P_011501=190, P_012833=188, GAP_81226=189, GAP_81227=189, P_011745=169, P_012835=187, S38=52, P_012837=189, P_012839=185, P_011509=189}
Number of gene trees: 192
192 trees have missing taxa
Calculating quartet distance matrix (for completion of X)
Species tree distances calculated ...
Will attempt to complete bipartitions from X before adding using a distance matrix.
Building set of clusters (X) from gene trees 
------------------------------
gradient0: 42689
Number of Clusters after addition by distance: 42689
calculating extra bipartitions to be added at level 1 ...
Adding to X using resolutions of greedy consensus ...
Limit for sigma of degrees:6150
polytomy size limit : 58
discarded polytomies:  [3, 3, 3, 3, 3, 3, 3, 3, 3, 3, 3, 3, 3, 3, 3, 3, 3, 3, 4, 4, 4, 4, 4, 4, 4, 4, 4, 4, 4, 4, 5, 5, 5, 5, 5, 5, 6, 6, 6, 7, 8, 8, 8, 9, 11, 12, 13, 13, 14, 15, 16, 21, 23, 25, 58]
Threshold 0.0:
polytomy of size 4; rounds with additions with at least 5 support: 1; clusters: 42707
Threshold 0.01:
polytomy of size 8; rounds with additions with at least 5 support: 1; clusters: 42917
polytomy of size 3; rounds with additions with at least 5 support: 1; clusters: 42921
Threshold 0.02:
polytomy of size 8; rounds with additions with at least 5 support: 0; clusters: 42971
polytomy of size 4; rounds with additions with at least 5 support: 0; clusters: 42975
Threshold 0.05:
polytomy of size 5; rounds with additions with at least 5 support: 0; clusters: 42981
polytomy of size 11; rounds with additions with at least 5 support: 0; clusters: 43007
polytomy of size 4; rounds with additions with at least 5 support: 0; clusters: 43007
polytomy of size 3; rounds with additions with at least 5 support: 0; clusters: 43007
polytomy of size 4; rounds with additions with at least 5 support: 0; clusters: 43007
polytomy of size 3; rounds with additions with at least 5 support: 0; clusters: 43007
polytomy of size 6; rounds with additions with at least 5 support: 0; clusters: 43011
Threshold 0.1:
polytomy of size 4; rounds with additions with at least 5 support: 0; clusters: 43011
polytomy of size 3; rounds with additions with at least 5 support: 0; clusters: 43011
polytomy of size 9; rounds with additions with at least 5 support: 0; clusters: 43011
polytomy of size 4; rounds with additions with at least 5 support: 0; clusters: 43011
polytomy of size 14; rounds with additions with at least 5 support: 0; clusters: 43017
polytomy of size 3; rounds with additions with at least 5 support: 0; clusters: 43017
polytomy of size 4; rounds with additions with at least 5 support: 0; clusters: 43017
polytomy of size 3; rounds with additions with at least 5 support: 0; clusters: 43017
polytomy of size 5; rounds with additions with at least 5 support: 0; clusters: 43017
polytomy of size 4; rounds with additions with at least 5 support: 0; clusters: 43017
polytomy of size 3; rounds with additions with at least 5 support: 0; clusters: 43017
polytomy of size 15; rounds with additions with at least 5 support: 0; clusters: 43037
Threshold 0.2:
polytomy of size 4; rounds with additions with at least 5 support: 0; clusters: 43037
polytomy of size 3; rounds with additions with at least 5 support: 0; clusters: 43037
polytomy of size 8; rounds with additions with at least 5 support: 0; clusters: 43039
polytomy of size 4; rounds with additions with at least 5 support: 0; clusters: 43039
polytomy of size 3; rounds with additions with at least 5 support: 0; clusters: 43039
polytomy of size 13; rounds with additions with at least 5 support: 0; clusters: 43049
polytomy of size 5; rounds with additions with at least 5 support: 0; clusters: 43049
polytomy of size 23; rounds with additions with at least 5 support: 0; clusters: 43055
polytomy of size 3; rounds with additions with at least 5 support: 0; clusters: 43055
polytomy of size 3; rounds with additions with at least 5 support: 0; clusters: 43055
polytomy of size 3; rounds with additions with at least 5 support: 0; clusters: 43055
polytomy of size 6; rounds with additions with at least 5 support: 0; clusters: 43055
polytomy of size 4; rounds with additions with at least 5 support: 0; clusters: 43055
polytomy of size 5; rounds with additions with at least 5 support: 0; clusters: 43055
polytomy of size 12; rounds with additions with at least 5 support: 0; clusters: 43061
polytomy of size 21; rounds with additions with at least 5 support: 0; clusters: 43109
Threshold 0.3333333333333333:
polytomy of size 7; rounds with additions with at least 5 support: 0; clusters: 43109
polytomy of size 3; rounds with additions with at least 5 support: 0; clusters: 43109
polytomy of size 16; rounds with additions with at least 5 support: 0; clusters: 43131
polytomy of size 3; rounds with additions with at least 5 support: 0; clusters: 43131
polytomy of size 3; rounds with additions with at least 5 support: 0; clusters: 43131
polytomy of size 4; rounds with additions with at least 5 support: 0; clusters: 43131
polytomy of size 3; rounds with additions with at least 5 support: 0; clusters: 43131
polytomy of size 3; rounds with additions with at least 5 support: 0; clusters: 43131
polytomy of size 3; rounds with additions with at least 5 support: 0; clusters: 43131
polytomy of size 6; rounds with additions with at least 5 support: 0; clusters: 43131
polytomy of size 25; rounds with additions with at least 5 support: 0; clusters: 43131
polytomy of size 13; rounds with additions with at least 5 support: 0; clusters: 43131
polytomy of size 5; rounds with additions with at least 5 support: 0; clusters: 43131
polytomy of size 5; rounds with additions with at least 5 support: 0; clusters: 43131
polytomy of size 58; rounds with additions with at least 5 support: 0; clusters: 43155
max k is :2
Number of Clusters after addition by greedy: 43155
gradient0 in heuristiic: 43155
partitions formed in 24.865 secs
Dynamic Programming starting after 24.865 secs
Using tree-based weight calculation.
Using polytree-based weight calculation.
Polytree max score: 10868091964
Polytree building time: 0.162 seconds.
Number of quartet trees in the gene trees: 10868091964
Size of largest cluster: 244
Greedy score: 10102014226
estimationFactor: 1.075834157511708
Sub-optimal score: 10254400030
Calculated 100000 weights; time (seconds): 172
Total Number of elements weighted: 105153
Normalized score (portion of input quartet trees satisfied before correcting for multiple individuals): 0.9519472094338269
Optimization score: 10345849817
Optimal tree inferred in 182.643 secs.
(P_012877,(P_012913,((P_012811,(P_012895,P_012891)),(P_012841,(P_012797,(((P_012857,(((P_012815,P_012903),(P_012883,P_012925)),(P_012875,((P_012831,P_012905),(P_012901,(P_012887,P_012851)))))),(P_018689,(((P_012859,P_012885),(P_006420,GAP_80294)),(((P_012873,P_012881),(GAP_80291,P_012907)),((P_012897,(GAP_80293,P_012893)),(P_006418,((P_012863,(P_012911,(P_012821,P_012917))),(P_012889,(P_012793,(GAP_80292,P_006419)))))))))),(((P_012867,((P_012923,P_012847),(P_012899,P_012817))),(P_012843,(((P_012937,(P_012939,P_006421)),((P_012837,P_012829),(P_012853,P_012803))),(((P_012801,(P_012809,P_012879)),(P_012839,(P_012805,(P_012825,(YZRI,P_012799))))),(((P_012865,(P_012931,(P_012935,P_012933))),((P_012807,P_012845),(P_012871,P_012849))),(P_012909,((P_012833,GAP_81172),((P_012927,(PSJT,GAP_80295)),((P_012791,P_012915),(P_012869,(P_012823,(P_012819,P_012835)))))))))))),((P_012861,((P_012855,(P_012827,P_007802)),((P_012919,P_012921),(P_012813,P_018637)))),((P_012941,P_012795),((DHPO,GAP_80322),(((P2622,P2623),(P0110C,((P0207A,(P0110B,P0207C)),((XQWC,P0207B),(P0206G,P0206H))))),((((P_018779,P_018639),(P_018695,(P_018645,P_018783))),(P_018691,((P_007845,(P_016797,(P_016799,(OBPL,GAP_80397)))),((P_016793,(P_006422,P_016795)),(P_018693,((S04,(S38,(P_016789,S27))),((S08,P_014095),((S02,P_016787),(P_016791,(S03,P_014099)))))))))),(((P0203H,((P_016909,WZFE),(P0109B,(P_018831,OSHQ)))),(((SJEV,(P_019193,(Wsal,P_019187))),(P_016921,(GAP_81227,(WKSU,(Pcol,(GAP_81226,P_006410)))))),((P_025527,(P_025523,P_025525)),(((Asie,QDVW),(P_019189,(PAWA,P_019197))),(((P_019185,CSSK),(P2589,OPDF)),((P_019191,P_019199),(GAP_80417,(P2590,GAP_79804)))))))),((WPHN,P_011613),(((P_011609,(Sdec,P2619)),(MAQO,(P_011527,(WAIL,((GAP_80297,P_014083),(P_014077,GAP_80298)))))),(((GAP_79862,P_011587),(P_014081,(P0104A,P_008647))),(((KRJP,(GAP_80395,P_011549)),(((GAP_80393,GAP_80394),(P_011657,(P_011643,(P_011509,P_011651)))),((P_011647,(P_011465,(P_011501,(P_011489,(P_011487,P_011523))))),(P_011631,(P_011551,((P_007844,P_011637),(P_007843,(P_007783,P_006414)))))))),((P_011531,(P_011589,(P_011699,(P_006411,Schi)))),(VYLQ,((P_018635,P_008631),(P_011709,((P_011579,(P_008632,P_011671)),(((P_011713,(Dhai,P_011705)),(WIGA,(Apet,(P_006413,Msal)))),((KAYP,(P_016813,((GAP_80389,GAP_80390),((P_006412,P_008640),(P_011679,P_008646))))),((ABSS,BCGB),(P_011701,((P_011719,P_011607),((P_011681,P_014073),((P_011537,(P_011673,(P_011739,P_011677))),(P_011759,((P_011675,P_011735),(P_011715,(P_011745,P_011611)))))))))))))))))))))))))))))))));
Final quartet score is: 10345849817
Final normalized quartet score is: 0.9519472094338269
You may want to ignore posterior probabilities and other statistics related to the following branch branch because the effective number of genes impacting it is only 12:
	{P_025523, P_025525}
You may want to ignore posterior probabilities and other statistics related to the following branch branch because the effective number of genes impacting it is only 17:
	{P_025523, P_025525, P_025527}
You may want to ignore posterior probabilities and other statistics related to the following branch branch because the effective number of genes impacting it is only 2:
	{P_011699, P_006411, Schi}
You may want to ignore posterior probabilities and other statistics related to the following branch branch because the effective number of genes impacting it is only 2:
	{P_011699, P_006411, Schi, P_011589}
You may want to ignore posterior probabilities and other statistics related to the following branch branch because the effective number of genes impacting it is only 1:
	{P_011719, P_011607}
You may want to ignore posterior probabilities and other statistics related to the following branch branch because the effective number of genes impacting it is only 16:
	{P_011681, P_014073}
You may want to ignore posterior probabilities and other statistics related to the following branch branch because the effective number of genes impacting it is only 16:
	{P_011537, P_011715, P_011681, P_011675, P_011735, P_011673, P_011739, P_011745, P_011759, P_011677, P_014073, P_011611}
You may want to ignore posterior probabilities and other statistics related to the following branch branch because the effective number of genes impacting it is only 7:
	{P_011537, P_011715, P_011681, P_011675, P_011735, P_011673, P_011739, P_011745, P_011759, P_011677, P_014073, P_011611, P_011719, P_011607}
You may want to ignore posterior probabilities and other statistics related to the following branch branch because the effective number of genes impacting it is only 19:
	{P_016813, P_011713, Dhai, P_006413, ABSS, P_008632, P_011671, P_011537, P_011701, P_011579, BCGB, P_011715, GAP_80389, GAP_80390, P_011681, P_011679, P_006412, P_011675, P_011735, P_011673, P_011739, P_011745, P_008640, P_008646, Apet, P_011759, P_011677, P_011705, Msal, WIGA, KAYP, P_014073, P_011611, P_011719, P_011607}
You may want to ignore posterior probabilities and other statistics related to the following branch branch because the effective number of genes impacting it is only 18:
	{P_016813, P_011713, Dhai, P_006413, ABSS, P_008632, P_011671, P_011537, P_011701, P_011579, BCGB, P_011715, GAP_80389, GAP_80390, P_011681, P_011679, P_006412, P_011675, P_011735, P_011673, P_011739, P_011745, P_008640, P_008646, Apet, P_011759, P_011677, P_011705, Msal, WIGA, KAYP, P_014073, P_011709, P_011611, P_011719, P_011607}
Extended species tree:
(P0109B,((P_018831,OSHQ)90.41:1.8441762780862692,((P_016909,WZFE)94.9:2.470599513019724,(P0203H,((((SJEV,(P_019193,(Wsal,P_019187)63:0.5778179205145654)44.66:0.18125029996832703)97.89:3.2142874229255414,(P_016921,(GAP_81227,(WKSU,(Pcol,(GAP_81226,P_006410)75.64:0.986613543500089)54.98:0.3845117540855834)54.74:0.3803888048242411)65.36:0.643813752359544)94.95:2.475678855948053)88.24:1.6820003121495437,((P_025527,(P_025523,P_025525)58.33:0.3677247801253174)73.88:0.7831656046375238,(((Asie,QDVW)97.53:3.050295159932438,(P_019189,(PAWA,P_019197)74.41:0.9342535995969313)42.1:0.13502496294223235)50.24:0.28493398257549707,(((P_019185,CSSK)49.01:0.2622146433319732,(P2589,OPDF)84.31:1.4121321278194785)78.04:1.088968074238934,((P_019191,P_019199)57.47:0.42066670609574214,(GAP_80417,(P2590,GAP_79804)88.3:1.6635103506525502)69.53:0.7502822933338114)63.33:0.5791910136712861)85.91:1.516273103975345)46.7:0.20721417385789423)66.65:0.6523749789952524)45.47:0.19351344917320115,(((WPHN,P_011613)55.41:0.36994355215273966,(((P_011609,(Sdec,P2619)66.17:0.6251156902913223)81.5:1.2284036558039617,(MAQO,(P_011527,(WAIL,((GAP_80297,P_014083)91.31:1.961709107496102,(P_014077,GAP_80298)42.09:0.1332650798215776)40.67:0.1122829804502038)36.8:0.047690849933832824)75.15:0.9564902184305788)88.12:1.6643528441318458)67.3:0.6852197683234825,(((GAP_79862,P_011587)79.53:1.1509150334755422,(P_014081,(P0104A,P_008647)93.86:2.2598975870437297)88.98:1.732213355910731)89.11:1.7418227110749245,(((KRJP,(GAP_80395,P_011549)78.01:1.0872840907525123)88.73:1.7272826776903167,(((GAP_80393,GAP_80394)72.75:0.8760853132334557,(P_011657,(P_011643,(P_011509,P_011651)61.85:0.5459473925042803)38.31:0.07281928556596541)65.66:0.648328267597201)38.63:0.07759577178383517,((P_011647,(P_011465,(P_011501,(P_011489,(P_011487,P_011523)36.99:0.05217212106634658)35.41:0.027788528449978055)63.01:0.5764273655238893)80.32:1.1881442061986478)44.88:0.18255583666448033,(P_011631,(P_011551,((P_007844,P_011637)50.56:0.28974941001696736,(P_007843,(P_007783,P_006414)43.51:0.15978609027774582)56.97:0.4277303177730037)36.6:0.04308914973277872)38.95:0.07965129713122862)39.62:0.09260274508842531)64.2:0.6076285746311082)92.5:2.1037495994194315)89.25:1.7502763111501947,((P_011531,(P_011589,(P_011699,(P_006411,Schi)76.44:1.0031274734812599)NaN:0.0)100:0.2876820724517809)92.12:2.047110139531176,(VYLQ,((P_018635,P_008631)44.39:0.14897979909466771,(P_011709,((P_011579,(P_008632,P_011671)42.42:0.1376517094978124)87.33:1.6026905617511458,(((P_011713,(Dhai,P_011705)58.6:0.45227582226347013)45.07:0.18427690824158102,(WIGA,(Apet,(P_006413,Msal)37.2:0.048941371602289514)36.47:0.036836405148123336)45.07:0.1849384010170432)55.99:0.40277025857838844,((KAYP,(P_016813,((GAP_80389,GAP_80390)87.21:1.59420509897459,((P_006412,P_008640)73.16:0.886660917425578,(P_011679,P_008646)52.7:0.3307587130698319)36.18:0.03687119274258351)45.45:0.18966660753655384)38.13:0.06057064359142408)48.73:0.23979500126858852,((ABSS,BCGB)70.82:0.7970609216273907,(P_011701,((P_011719,P_011607)100:0.2876820724517809,((P_011681,P_014073)41.35:0.06918548126866476,((P_011537,(P_011673,(P_011739,P_011677)72.02:0.8391705971505555)39.49:0.08813010612786004)38.55:0.07370581707163874,(P_011759,((P_011675,P_011735)88.18:1.678500718679399,(P_011715,(P_011745,P_011611)88.29:1.4054570390785321)52.83:0.3351355887957422)50.16:0.28158356715778304)43.94:0.1649394578167837)39.13:0.08325771540774966)65.51:0.49390001322432925)47.8:0.07959830614323163)41.9:0.09017896645829765)45.04:0.18200830704558865)45.1:0.1839874449002144)81.27:1.2347591791908423)64.93:0.478978758723531)50.05:0.18101240292299228)59.34:0.4798654880342246)46.14:0.205327460110839)82:1.2579203960595007)38.2:0.06645482157844873)59.43:0.4764661093037826)62.22:0.5482056321277383)91.02:1.9036751069973628,((((P_018779,P_018639)47.91:0.23913288711519246,(P_018695,(P_018645,P_018783)44.85:0.18356611905809578)50.13:0.2827600901789623)57.86:0.4482027139339166,(P_018691,((P_007845,(P_016797,(P_016799,(OBPL,GAP_80397)43.03:0.15237788577063055)85.93:1.5183292210508168)51.47:0.2825775829499717)51.24:0.27251321138329093,((P_016793,(P_006422,P_016795)63.08:0.5771466025351579)57.04:0.4275314817186713,(P_018693,((S04,(S38,(P_016789,S27)45.69:0.18192330302440798)57.09:0.36522209769203134)64.83:0.5935254946108658,((S08,P_014095)76.25:0.975116191677147,((S02,P_016787)95.24:2.49802314756037,(P_016791,(S03,P_014099)93.34:2.214742228532034)35.32:0.024548008445258646)42.2:0.13371200062094543)35.03:0.018917840955024984)50.27:0.2836763120513636)38.56:0.07539167605232387)35.39:0.026165726578495956)39.31:0.082993278185024)47.42:0.22232637367100497)96.36:2.7590218159534263,(((P2622,P2623)50.48:0.27952216235368166,(P0110C,((P0207A,(P0110B,P0207C)41.59:0.12636098161201842)37.16:0.055589543546057905,((XQWC,P0207B)52.49:0.33167364046511005,(P0206G,P0206H)42.19:0.13768459268794145)39.68:0.09588516073333977)85.48:1.4879875831747307)95.55:2.5526612035683987)59.66:0.4878172442192151,((DHPO,GAP_80322)98.17:3.335857372967542,((P_012941,P_012795)98.76:3.620649003452353,((P_012861,((P_012855,(P_012827,P_007802)91.26:1.9522874345799517)67.58:0.7074564932005295,((P_012919,P_012921)91:1.9417073462720875,(P_012813,P_018637)55.9:0.4051450298859952)83.23:1.3504266718336808)95.97:2.662752058746802)45.63:0.1949805704321832,(((P_012867,((P_012923,P_012847)96.02:2.6858374020580276,(P_012899,P_012817)85.67:1.5026020337996213)59.73:0.4951183500575876)99.04:3.749685220383272,(P_012843,(((P_012937,(P_012939,P_006421)77.56:1.0693363442844543)98.63:3.537934768267912,((P_012837,P_012829)71.22:0.8152893743288476,(P_012853,P_012803)35.51:0.028589289532685056)42.31:0.1384105092991429)44.93:0.1834927295759342,(((P_012801,(P_012809,P_012879)97.16:2.9801865844930426)58.13:0.45449816730474857,(P_012839,(P_012805,(P_012825,(YZRI,P_012799)90.27:1.8696406081846146)39.36:0.09035004550540938)40.94:0.11601199841169434)62.5:0.5625972099893471)78.53:1.1034314084130494,(((P_012865,(P_012931,(P_012935,P_012933)94.2:2.3530850011426327)84.68:1.4354877655151321)45.45:0.19446281602086563,((P_012807,P_012845)54.06:0.36373855856447634,(P_012871,P_012849)81.02:1.2297378957067038)57.06:0.4303777170652349)92.23:2.0710360821185163,(P_012909,((P_012833,GAP_81172)93.04:2.1788164786139794,((P_012927,(PSJT,GAP_80295)51.57:0.3130318207307081)94.59:2.4170746648219024,((P_012791,P_012915)46.42:0.21283562562069158,(P_012869,(P_012823,(P_012819,P_012835)42.18:0.13794336034072335)57.24:0.4361972788168931)93.09:2.1882260636780893)75.48:0.9803313890834983)41.55:0.12624921741301953)88.6:1.7106412317908968)35.34:0.025905613308374074)91.46:1.9719542390887947)92.12:2.0424357506749207)36.17:0.03837785718623844)74.26:0.9260452991516879)84.97:1.4358192079168253,(((P_012857,(((P_012815,P_012903)82.23:1.2793199812909388,(P_012883,P_012925)92.85:2.146579838393011)36.08:0.03448572272482143,(P_012875,((P_012831,P_012905)54.26:0.3655630192036894,(P_012901,(P_012887,P_012851)92.83:2.1498825926383387)35.8:0.03271349394334806)43.27:0.15422775578634212)72.05:0.842617193694335)38.68:0.07522951126237866)61.66:0.5320696305440736,(P_018689,(((P_012859,P_012885)35.26:0.022421489871229272,(P_006420,GAP_80294)89.63:1.7941601859680734)39.47:0.08795855957776323,(((P_012873,P_012881)79.87:1.1550321404232542,(GAP_80291,P_012907)39.16:0.08242836578739036)35.58:0.0257034463876751,((P_012897,(GAP_80293,P_012893)94.14:2.311246901734281)41.8:0.12438612978493131,(P_006418,((P_012863,(P_012911,(P_012821,P_012917)88.79:1.725783422566628)75.37:0.9627186792588656)40.82:0.10823327217835328,(P_012889,(P_012793,(GAP_80292,P_006419)96.74:2.845533317120071)38.37:0.06955198159415743)39.68:0.08780829069085246)37.21:0.0495643952882926)40.24:0.09857199157546168)34.03:0.0020161796841617085)40.36:0.10145932097415829)77.58:1.0528786174744882)70.99:0.8002532469148128)93.39:2.1831808270166837,(P_012797,(P_012841,((P_012811,(P_012895,P_012891)46.44:0.21327282746168783)76.81:1.0338246869363856,(P_012913,P_012877)71.82:0.8423079674986143)84.31:1.40794620729622)57.5:0.43791384095735647)36.96:0.049705812553313834)93.66:2.223638342197061)46.03:0.2016263899716965)85.23:1.4592622811776366)97.43:3.013085759859186)65.92:0.6549381084180779)60.42:0.5082250063590192)94.5:2.347630840227744)73.69:0.8999873097678005)93.03:2.143288059461716)75.04:0.9595140180132291)68.13:0.7164854127723237));
Weight calculation took 146.163950297 secs
ASTRAL finished in 185.852 secs
