
================== ASTRAL ===================== 

This is ASTRAL version 5.7.7
Gene trees are treated as unrooted
192 trees read from all_bs10.trees
index46
All output trees will be *arbitrarily* rooted at P0109B

======== Running the main analysis
Number of taxa: 244 (244 species)
Taxa: [P_016813, P_011713, Dhai, P_006413, ABSS, P_008632, P_018635, P_011671, P_011537, P_014081, GAP_79862, P0104A, P_008647, P_011699, P_011531, P_006411, Schi, P_014077, WAIL, GAP_80298, MAQO, P_011527, GAP_80297, P_014083, P_011657, P_011489, P_011487, P_011523, P_011501, P_011465, P_011509, P_011651, GAP_80393, P_011647, GAP_80394, P_011643, P_007783, P_006414, P_007843, P_007844, P_011637, GAP_80395, P_011549, KRJP, P_011587, P0203H, P0109B, P_011701, GAP_80417, P_025523, DHPO, GAP_80322, XQWC, P0110C, P0207B, P0110B, P0207C, P0206G, P0207A, P0206H, P_012941, P_012795, P_012919, P_012921, P_012813, P_018637, P_012855, P_012827, P_007802, P_012833, P_012839, GAP_81172, P_012869, P_012823, P_012791, P_012819, P_012835, P_012915, P_012927, PSJT, GAP_80295, P_012871, P_012849, P_012865, P_012807, P_012845, P_012935, P_012933, P_012931, P_012805, P_012909, YZRI, P_012799, P_012825, P_012809, P_012879, P_012801, P_012843, P_012853, P_012867, P_012899, P_012817, P_012923, P_012847, P_012803, P_012837, P_012937, P_012939, P_006421, P_012887, P_012875, Sdec, P_011609, P_012831, P_012797, P_012815, P_012903, P_012883, P_012925, P_012901, P_012905, P_012829, P_012851, P_006418, GAP_80291, P_012889, P_012873, P_012911, P_012881, P_012793, GAP_80293, P_012893, P_018689, P_012863, P_012907, GAP_80292, P_006419, P_012897, P_012821, P_012917, P_006420, GAP_80294, P_012859, P_012885, P_012895, P_012811, P_012891, P_012861, P_012841, P_012857, P_012877, P_012913, P2622, P2623, P_006422, P_016795, S03, P_018779, P_014099, P_016797, P_016799, OBPL, GAP_80397, S02, P_016787, S04, P_016793, P_016789, P_007845, S27, P_018691, P_018693, P_016791, P_018695, P_018645, P_018783, P_018639, P_011579, P_016909, WZFE, P_018831, BCGB, P2619, P_011551, VYLQ, WPHN, PAWA, P_019197, P_019189, P_019193, Wsal, P_019187, SJEV, WKSU, Pcol, GAP_81227, P_016921, GAP_81226, P_006410, P_019185, P2589, OPDF, P2590, GAP_79804, CSSK, Asie, QDVW, P_011715, GAP_80389, GAP_80390, P_011681, P_011679, P_006412, P_011675, P_011735, P_011673, P_011739, P_011745, P_008640, P_008646, Apet, P_011759, P_011677, P_008631, P_011631, S38, S08, P_019191, P_025525, OSHQ, P_011613, P_014095, P_011705, Msal, WIGA, KAYP, P_025527, P_014073, P_011709, P_019199, P_011611, P_011719, P_011607, P_011589]
Taxon occupancy: {P_019193=166, P_019191=81, P_019197=179, OPDF=177, GAP_81172=191, P_018783=186, P_019199=66, Wsal=169, P_016921=189, WKSU=187, P_025523=33, P_025525=59, P_025527=24, P_014073=20, P0203H=139, P_014077=111, QDVW=183, P_011487=187, P_011489=189, P_016813=173, P_006421=191, P_006422=186, P_006420=156, P_006418=190, P_006419=190, P_014081=134, P_006414=189, P_014083=138, P_018689=192, P0206H=181, P0206G=167, Msal=169, P0109B=103, P_012901=189, P_006410=184, P_006411=186, P_012903=189, P_006412=188, P_006413=184, P_012905=188, GAP_79862=185, P_012907=192, PAWA=179, ABSS=179, P_012909=190, P_018691=93, GAP_80291=192, P_018695=183, P_014095=78, GAP_80293=191, GAP_80292=190, P_018693=183, GAP_80295=188, GAP_80294=190, P_014099=184, GAP_80297=187, GAP_80298=186, P_011701=31, P_012911=190, P_012913=167, P_012915=187, P_011705=102, P_012917=185, P_012919=179, P_011709=19, P_011671=110, P_012881=191, P_011551=121, MAQO=186, P_012883=192, P_011673=156, GAP_80322=190, P_012885=190, P_011675=172, P2590=163, P_012887=191, P_011677=141, P_012889=188, P_011679=160, P_008647=178, PSJT=174, P2589=168, P_012891=189, P_011681=130, P_012893=190, P_018637=185, P_012895=190, P_018635=176, P_012897=191, P0207C=184, P0207B=186, P_012899=188, P0207A=186, P_018639=176, P_008646=188, P_008640=188, BCGB=177, WZFE=185, P_018645=183, KRJP=181, KAYP=88, P_011699=104, P_011579=143, CSSK=178, P_008632=186, P_007783=174, P_016909=189, P_008631=40, P_019187=186, P_019185=181, Sdec=46, P_019189=165, P_012791=189, P_012793=189, P_012795=189, Asie=150, P_011465=189, P_018779=149, P_011587=152, P_012797=188, P_012799=190, P_011589=2, GAP_80417=107, WIGA=166, P_007802=148, GAP_79804=150, P_012841=187, P_011631=157, P_012843=190, Pcol=160, P_012845=189, P_011637=184, P_012847=182, P_011759=174, P_012849=190, Apet=91, OBPL=188, P0110C=174, P0110B=131, P_018831=187, YZRI=185, P_012851=189, P_011643=191, P_012853=186, P_011523=189, P_012855=185, P_011647=170, P_012857=187, P_011527=115, P_012859=190, WAIL=190, P_016789=180, P_011651=160, P_012861=190, P_011531=156, P_016787=184, P_012863=190, P_012865=188, Schi=157, P_011657=169, P_012867=189, P_011537=136, P_012869=189, P_016793=183, P_016791=183, P_016797=187, SJEV=187, P_016795=181, P_012871=185, P_012873=190, P_016799=188, P_012875=191, P_012877=187, P_012879=192, P_011549=178, P_007844=139, P_007845=33, S02=146, P_012921=175, S04=52, P_012801=190, S03=178, P_011713=131, P_012923=185, P_012803=188, P_012925=189, P_011715=160, S08=122, P_007843=168, P_012805=189, P_012927=191, P_012807=187, P_011719=19, P_012809=190, VYLQ=190, DHPO=188, GAP_80390=172, P2622=143, P2623=72, GAP_80394=190, XQWC=185, GAP_80393=189, GAP_80395=190, GAP_80397=187, P_012931=191, P_012811=190, P_012933=185, WPHN=181, P_012813=187, P_012935=187, P_012815=185, P_012937=192, P_012817=187, P_011607=3, P_012939=186, P_012819=184, P_011609=129, P2619=124, OSHQ=183, GAP_80389=179, P_012941=191, P_012821=190, P_011611=32, P_012823=188, P_011613=64, P_011735=186, P_012825=192, S27=144, P_012827=168, P_011739=156, P_012829=142, Dhai=183, P0104A=161, P_012831=184, P_011501=190, P_012833=188, GAP_81226=189, GAP_81227=189, P_011745=169, P_012835=187, S38=52, P_012837=189, P_012839=185, P_011509=189}
Number of gene trees: 192
192 trees have missing taxa
Calculating quartet distance matrix (for completion of X)
Species tree distances calculated ...
Will attempt to complete bipartitions from X before adding using a distance matrix.
Building set of clusters (X) from gene trees 
------------------------------
gradient0: 42689
Number of Clusters after addition by distance: 42689
calculating extra bipartitions to be added at level 1 ...
Adding to X using resolutions of greedy consensus ...
Limit for sigma of degrees:6150
polytomy size limit : 58
discarded polytomies:  [3, 3, 3, 3, 3, 3, 3, 3, 3, 3, 3, 3, 3, 3, 3, 3, 3, 3, 4, 4, 4, 4, 4, 4, 4, 4, 4, 4, 4, 4, 5, 5, 5, 5, 5, 5, 6, 6, 6, 7, 8, 8, 8, 9, 11, 12, 13, 13, 14, 15, 16, 21, 23, 25, 58]
Threshold 0.0:
polytomy of size 4; rounds with additions with at least 5 support: 1; clusters: 42707
Threshold 0.01:
polytomy of size 8; rounds with additions with at least 5 support: 1; clusters: 42917
polytomy of size 3; rounds with additions with at least 5 support: 1; clusters: 42921
Threshold 0.02:
polytomy of size 8; rounds with additions with at least 5 support: 0; clusters: 42971
polytomy of size 4; rounds with additions with at least 5 support: 0; clusters: 42975
Threshold 0.05:
polytomy of size 5; rounds with additions with at least 5 support: 0; clusters: 42981
polytomy of size 11; rounds with additions with at least 5 support: 0; clusters: 43007
polytomy of size 4; rounds with additions with at least 5 support: 0; clusters: 43007
polytomy of size 3; rounds with additions with at least 5 support: 0; clusters: 43007
polytomy of size 4; rounds with additions with at least 5 support: 0; clusters: 43007
polytomy of size 3; rounds with additions with at least 5 support: 0; clusters: 43007
polytomy of size 6; rounds with additions with at least 5 support: 0; clusters: 43011
Threshold 0.1:
polytomy of size 4; rounds with additions with at least 5 support: 0; clusters: 43011
polytomy of size 3; rounds with additions with at least 5 support: 0; clusters: 43011
polytomy of size 9; rounds with additions with at least 5 support: 0; clusters: 43011
polytomy of size 4; rounds with additions with at least 5 support: 0; clusters: 43011
polytomy of size 14; rounds with additions with at least 5 support: 0; clusters: 43017
polytomy of size 3; rounds with additions with at least 5 support: 0; clusters: 43017
polytomy of size 4; rounds with additions with at least 5 support: 0; clusters: 43017
polytomy of size 3; rounds with additions with at least 5 support: 0; clusters: 43017
polytomy of size 5; rounds with additions with at least 5 support: 0; clusters: 43017
polytomy of size 4; rounds with additions with at least 5 support: 0; clusters: 43017
polytomy of size 3; rounds with additions with at least 5 support: 0; clusters: 43017
polytomy of size 15; rounds with additions with at least 5 support: 0; clusters: 43037
Threshold 0.2:
polytomy of size 4; rounds with additions with at least 5 support: 0; clusters: 43037
polytomy of size 3; rounds with additions with at least 5 support: 0; clusters: 43037
polytomy of size 8; rounds with additions with at least 5 support: 0; clusters: 43039
polytomy of size 4; rounds with additions with at least 5 support: 0; clusters: 43039
polytomy of size 3; rounds with additions with at least 5 support: 0; clusters: 43039
polytomy of size 13; rounds with additions with at least 5 support: 0; clusters: 43049
polytomy of size 5; rounds with additions with at least 5 support: 0; clusters: 43049
polytomy of size 23; rounds with additions with at least 5 support: 0; clusters: 43055
polytomy of size 3; rounds with additions with at least 5 support: 0; clusters: 43055
polytomy of size 3; rounds with additions with at least 5 support: 0; clusters: 43055
polytomy of size 3; rounds with additions with at least 5 support: 0; clusters: 43055
polytomy of size 6; rounds with additions with at least 5 support: 0; clusters: 43055
polytomy of size 4; rounds with additions with at least 5 support: 0; clusters: 43055
polytomy of size 5; rounds with additions with at least 5 support: 0; clusters: 43055
polytomy of size 12; rounds with additions with at least 5 support: 0; clusters: 43061
polytomy of size 21; rounds with additions with at least 5 support: 0; clusters: 43109
Threshold 0.3333333333333333:
polytomy of size 7; rounds with additions with at least 5 support: 0; clusters: 43109
polytomy of size 3; rounds with additions with at least 5 support: 0; clusters: 43109
polytomy of size 16; rounds with additions with at least 5 support: 0; clusters: 43131
polytomy of size 3; rounds with additions with at least 5 support: 0; clusters: 43131
polytomy of size 3; rounds with additions with at least 5 support: 0; clusters: 43131
polytomy of size 4; rounds with additions with at least 5 support: 0; clusters: 43131
polytomy of size 3; rounds with additions with at least 5 support: 0; clusters: 43131
polytomy of size 3; rounds with additions with at least 5 support: 0; clusters: 43131
polytomy of size 3; rounds with additions with at least 5 support: 0; clusters: 43131
polytomy of size 6; rounds with additions with at least 5 support: 0; clusters: 43131
polytomy of size 25; rounds with additions with at least 5 support: 0; clusters: 43131
polytomy of size 13; rounds with additions with at least 5 support: 0; clusters: 43131
polytomy of size 5; rounds with additions with at least 5 support: 0; clusters: 43131
polytomy of size 5; rounds with additions with at least 5 support: 0; clusters: 43131
polytomy of size 58; rounds with additions with at least 5 support: 0; clusters: 43155
max k is :2
Number of Clusters after addition by greedy: 43155
gradient0 in heuristiic: 43155
partitions formed in 23.963 secs
Dynamic Programming starting after 23.964 secs
Using tree-based weight calculation.
Using polytree-based weight calculation.
Polytree max score: 10868091964
Polytree building time: 0.239 seconds.
Number of quartet trees in the gene trees: 10868091964
Size of largest cluster: 244
Greedy score: 10102014226
estimationFactor: 1.075834157511708
Sub-optimal score: 10254400030
Calculated 100000 weights; time (seconds): 172
Total Number of elements weighted: 105153
Normalized score (portion of input quartet trees satisfied before correcting for multiple individuals): 0.9519472094338269
Optimization score: 10345849817
Optimal tree inferred in 182.405 secs.
(P_012877,(P_012913,((P_012811,(P_012895,P_012891)),(P_012841,(P_012797,(((P_012857,(((P_012815,P_012903),(P_012883,P_012925)),(P_012875,((P_012831,P_012905),(P_012901,(P_012887,P_012851)))))),(P_018689,(((P_012859,P_012885),(P_006420,GAP_80294)),(((P_012873,P_012881),(GAP_80291,P_012907)),((P_012897,(GAP_80293,P_012893)),(P_006418,((P_012863,(P_012911,(P_012821,P_012917))),(P_012889,(P_012793,(GAP_80292,P_006419)))))))))),(((P_012867,((P_012923,P_012847),(P_012899,P_012817))),(P_012843,(((P_012937,(P_012939,P_006421)),((P_012837,P_012829),(P_012853,P_012803))),(((P_012801,(P_012809,P_012879)),(P_012839,(P_012805,(P_012825,(YZRI,P_012799))))),(((P_012865,(P_012931,(P_012935,P_012933))),((P_012807,P_012845),(P_012871,P_012849))),(P_012909,((P_012833,GAP_81172),((P_012927,(PSJT,GAP_80295)),((P_012791,P_012915),(P_012869,(P_012823,(P_012819,P_012835)))))))))))),((P_012861,((P_012855,(P_012827,P_007802)),((P_012919,P_012921),(P_012813,P_018637)))),((P_012941,P_012795),((DHPO,GAP_80322),(((P2622,P2623),(P0110C,((P0207A,(P0110B,P0207C)),((XQWC,P0207B),(P0206G,P0206H))))),((((P_018779,P_018639),(P_018695,(P_018645,P_018783))),(P_018691,((P_007845,(P_016797,(P_016799,(OBPL,GAP_80397)))),((P_016793,(P_006422,P_016795)),(P_018693,((S04,(S38,(P_016789,S27))),((S08,P_014095),((S02,P_016787),(P_016791,(S03,P_014099)))))))))),(((P0203H,((P_016909,WZFE),(P0109B,(P_018831,OSHQ)))),(((SJEV,(P_019193,(Wsal,P_019187))),(P_016921,(GAP_81227,(WKSU,(Pcol,(GAP_81226,P_006410)))))),((P_025527,(P_025523,P_025525)),(((Asie,QDVW),(P_019189,(PAWA,P_019197))),(((P_019185,CSSK),(P2589,OPDF)),((P_019191,P_019199),(GAP_80417,(P2590,GAP_79804)))))))),((WPHN,P_011613),(((P_011609,(Sdec,P2619)),(MAQO,(P_011527,(WAIL,((GAP_80297,P_014083),(P_014077,GAP_80298)))))),(((GAP_79862,P_011587),(P_014081,(P0104A,P_008647))),(((KRJP,(GAP_80395,P_011549)),(((GAP_80393,GAP_80394),(P_011657,(P_011643,(P_011509,P_011651)))),((P_011647,(P_011465,(P_011501,(P_011489,(P_011487,P_011523))))),(P_011631,(P_011551,((P_007844,P_011637),(P_007843,(P_007783,P_006414)))))))),((P_011531,(P_011589,(P_011699,(P_006411,Schi)))),(VYLQ,((P_018635,P_008631),(P_011709,((P_011579,(P_008632,P_011671)),(((P_011713,(Dhai,P_011705)),(WIGA,(Apet,(P_006413,Msal)))),((KAYP,(P_016813,((GAP_80389,GAP_80390),((P_006412,P_008640),(P_011679,P_008646))))),((ABSS,BCGB),(P_011701,((P_011719,P_011607),((P_011681,P_014073),((P_011537,(P_011673,(P_011739,P_011677))),(P_011759,((P_011675,P_011735),(P_011715,(P_011745,P_011611)))))))))))))))))))))))))))))))));
Final quartet score is: 10345849817
Final normalized quartet score is: 0.9519472094338269
You may want to ignore posterior probabilities and other statistics related to the following branch branch because the effective number of genes impacting it is only 12:
	{P_025523, P_025525}
You may want to ignore posterior probabilities and other statistics related to the following branch branch because the effective number of genes impacting it is only 17:
	{P_025523, P_025525, P_025527}
You may want to ignore posterior probabilities and other statistics related to the following branch branch because the effective number of genes impacting it is only 2:
	{P_011699, P_006411, Schi}
You may want to ignore posterior probabilities and other statistics related to the following branch branch because the effective number of genes impacting it is only 2:
	{P_011699, P_006411, Schi, P_011589}
You may want to ignore posterior probabilities and other statistics related to the following branch branch because the effective number of genes impacting it is only 1:
	{P_011719, P_011607}
You may want to ignore posterior probabilities and other statistics related to the following branch branch because the effective number of genes impacting it is only 16:
	{P_011681, P_014073}
You may want to ignore posterior probabilities and other statistics related to the following branch branch because the effective number of genes impacting it is only 16:
	{P_011537, P_011715, P_011681, P_011675, P_011735, P_011673, P_011739, P_011745, P_011759, P_011677, P_014073, P_011611}
You may want to ignore posterior probabilities and other statistics related to the following branch branch because the effective number of genes impacting it is only 7:
	{P_011537, P_011715, P_011681, P_011675, P_011735, P_011673, P_011739, P_011745, P_011759, P_011677, P_014073, P_011611, P_011719, P_011607}
You may want to ignore posterior probabilities and other statistics related to the following branch branch because the effective number of genes impacting it is only 19:
	{P_016813, P_011713, Dhai, P_006413, ABSS, P_008632, P_011671, P_011537, P_011701, P_011579, BCGB, P_011715, GAP_80389, GAP_80390, P_011681, P_011679, P_006412, P_011675, P_011735, P_011673, P_011739, P_011745, P_008640, P_008646, Apet, P_011759, P_011677, P_011705, Msal, WIGA, KAYP, P_014073, P_011611, P_011719, P_011607}
You may want to ignore posterior probabilities and other statistics related to the following branch branch because the effective number of genes impacting it is only 18:
	{P_016813, P_011713, Dhai, P_006413, ABSS, P_008632, P_011671, P_011537, P_011701, P_011579, BCGB, P_011715, GAP_80389, GAP_80390, P_011681, P_011679, P_006412, P_011675, P_011735, P_011673, P_011739, P_011745, P_008640, P_008646, Apet, P_011759, P_011677, P_011705, Msal, WIGA, KAYP, P_014073, P_011709, P_011611, P_011719, P_011607}
85.02492426323471 6.011560693641618 3.0098415908324907 94.04632654770882 1.0794755590389069E-30
167.60107170926136 3.8333333333333335 5.176103988603989 176.6105090311987 3.844583103357511E-66
97.05069256885824 28.00333425502512 28.99908180864396 154.0531086325273 5.633267551113864E-14
71.04629223343571 42.99635537206292 45.02596801538772 159.06861562088636 0.009909275227022897
168.65047252876317 1.585414136921302 2.056981393471022 172.29286805915552 6.984096708238807E-71
114.99185293958053 14.03540811870622 23.001007901738756 152.02826896002549 1.7389685362852015E-27
82.99178678515541 34.99021621251355 32.977333483255975 150.95933648092495 1.206614990195719E-7
93.81277059423572 39.16691718659046 38.384830481709606 171.36451826253577 2.0998847660536223E-8
112.55244103481091 26.727197656026245 32.92864472918147 172.20828342001863 4.665827611618753E-18
159.6066009115358 4.0428535952183156 4.43797735480436 168.08743186155846 4.282135437037411E-63
121.06032026394195 7.654613177430196 8.4819414203241 137.19687486169624 3.8371154763217895E-41
7.0 3.0 2.0 12.0 0.1737739434504451
Not enough genes
Cannot perform polytomy test with effective N (after polytomies) 12.0:
	(P_025523,P_025525):0.3677247801253174;
11.827936051555517 1.0866791744840525 3.0951408715214077 16.009756097560977 0.002218401324259381
137.53670212424902 1.4881790525858323 1.9944185198842084 141.01929969671906 1.6176381359713623E-57
90.63820703124316 15.503643239345864 15.66072568078686 121.80257595137587 8.19749052619715E-21
50.9477165793721 34.67644294541171 35.39540798179505 121.01956750657885 0.12303284037831463
67.1774277168077 35.298890350478786 31.249284621218838 133.72560268850532 1.6868778037575663E-4
78.43330154735028 40.00931274800954 41.57741919938941 160.0200334947492 1.412193719853776E-4
129.01919704322881 17.507738600951846 6.510300550737755 153.03723619491842 7.739257950279674E-40
127.1331707955778 14.389338052454427 21.388264446623776 162.910773294656 1.2218243202177888E-32
25.896275874728115 6.391920700802186 12.769218794807587 45.057415370337885 0.0013808772758727576
83.00006260321479 2.0 8.999937396785214 94.0 1.20321929562766E-28
46.854330273233955 12.91564124578873 7.612756121733195 67.38272764075589 1.717926384505838E-9
57.523124179773546 24.519399403249064 8.7840331192363 90.82655670225891 1.3321654382143153E-9
133.82373955311553 4.765023628357561 17.17818799874003 155.76695118021314 3.962066951997394E-43
24.06678962508387 10.909098043622155 16.559876261665078 51.535763930371104 0.07916675325814906
31.686628255624274 12.8109514692355 3.0423524505043495 47.53993217536413 1.5450587929239195E-6
49.918790647386416 34.30246326074384 25.55492127996123 109.77617518809149 0.015561452677391936
20.50677530525104 10.536584499133939 5.968440599487275 37.01180040387225 0.011331868763783557
23.03633890462196 8.728284537835926 3.050561797752809 34.815185240210695 1.07338719198276E-4
64.35167381666889 7.579897879352983 7.025582418779471 78.95715411480134 1.2511107044108676E-18
120.99749021189201 5.029747731223428 6.486535136633539 132.51377307974897 2.9592136316124265E-44
39.99160408313797 28.999705457117525 26.02434330315797 95.01565284341348 0.18105104795275592
63.78516911291663 46.28910969531424 46.75544728619145 156.8297260944223 0.14938370032485315
37.25377730819409 35.129426877410715 28.855323343088973 101.23852752869377 0.5683272133089404
72.5968189310421 14.420782995138916 9.579679088270439 96.59728101445145 2.5832404750416764E-17
104.28522389952602 6.153513391380472 7.909247221479393 118.34798451238588 1.9183338840827453E-35
49.82845788280111 16.32526902432414 7.887583712174104 74.04131061929935 2.189677726821289E-9
100.66815355969302 4.37302806943095 21.531892451797216 126.57307408092119 6.961669528302286E-28
106.98529341431919 2.0 5.0 113.98529341431919 1.4832671549449277E-41
101.57232776558521 6.594578833189398 5.985101788717581 114.1520083874922 2.874582041238173E-35
100.18937281628737 4.548595801086322 7.7011515985073995 112.43912021588109 6.243592881766465E-35
124.06131142340342 14.01405694183026 20.952928941436053 159.02829730666974 7.607777656726872E-32
135.42499675955943 11.097915104860839 6.109212747601745 152.63212461202204 1.5237798471438316E-46
102.21977243038351 19.61553610656703 18.666215007102085 140.50152354405265 4.605747833140468E-22
80.19973793072221 23.923270142295433 25.536983048113733 129.65999112113138 4.869624803503495E-11
49.12292188202891 42.38017444144337 36.71534642035967 128.21844274383196 0.4054460932322219
82.39106578614764 25.676301764969985 17.418182216967413 125.48554976808504 1.0251484096990525E-13
46.637306180092814 32.61713807040236 41.47973657762328 120.73418082811844 0.28665215397829535
50.994309550174165 45.927906018296895 40.94247381357274 137.8646893820438 0.5771356029973909
49.04053711390349 45.534430276275685 43.901657075115224 138.4766244652944 0.8612556340054094
83.92431846589234 21.18301503644909 28.086015254837935 133.19334875717936 2.638961601117101E-12
100.77606356315411 12.153716274133863 12.544760203067206 125.47454004035518 8.615988476082161E-28
47.25778745970063 32.22813155778431 25.812976798641714 105.29889581612666 0.03169107147441266
54.94809229404036 32.93416822076599 20.78743399045533 108.66969450526167 2.5407854257934883E-4
56.9781194452577 54.50720355107507 19.474877790667094 130.96020078699985 4.195668470648235E-5
74.1999308773824 33.1323295492802 22.915639370448087 130.24789979711068 4.2595787287971947E-8
29.272163369022415 23.556644204453704 27.156715074677308 79.98552264815342 0.7311043184569874
29.264779071435868 23.25648668222207 22.614849929996343 75.13611568365428 0.584356606999058
39.72237856550596 36.32234680802429 24.21133656377656 100.25606193730681 0.13682495947868176
80.1369283304846 14.557678343241006 30.127604339205973 124.82221101293158 5.570593860061392E-13
134.5785264309475 4.296457042406661 6.61813339147926 145.49311686483344 1.6650351217832843E-50
95.03683561552253 4.735466528858696 6.713214704174448 106.48551684855568 2.8541546714346167E-33
65.01497998886612 9.020563041713267 11.018557643917564 85.05410067449695 3.4780975511326886E-16
0.0 0.0 0.0 0.0 NaN
Not enough genes
Cannot perform polytomy test with effective N (after polytomies) 0.0:
	(P_011699,(P_006411,Schi):1.0031274734812599):0.0;
1.0 0.0 0.0 1.0 0.3678794411714423
Not enough genes
Cannot perform polytomy test with effective N (after polytomies) 1.0:
	(P_011589,(P_011699,(P_006411,Schi):1.0031274734812599):0.0):0.2876820724517809;
116.19098343322521 4.484714015937839 5.45788233658039 126.13357978574345 2.550615383471558E-43
10.323611240458373 7.909759321593716 5.022722604705073 23.25609316675716 0.4030872000344585
34.63914016822904 24.000497110482577 23.018471438551508 81.65810871726313 0.21745081405541097
100.70888660448783 6.467574920065822 8.14725852946195 115.3237200540156 1.3777754641774728E-33
33.30891096639347 11.593117996327353 11.937902634477236 56.83993159719806 2.8389058231846625E-4
38.57270644898648 33.48319704315098 13.521281739676883 85.57718523181434 0.002141528638439045
19.770437026351203 19.43329409316495 13.935838671828023 53.13956979134417 0.5456669208447031
18.046802975814646 13.279946336926539 18.161708368964458 49.48845768170564 0.6246956056143917
41.50085950275308 26.408258326200507 24.1637674967376 92.07288532569117 0.0552098770542804
56.186359829103885 29.583850539958558 14.584039572715401 100.35424994177784 1.7251531236601827E-6
101.27868226013445 8.19992627000259 6.658021741894423 116.13663027203145 1.1391130438561869E-33
84.11001796705672 19.396075488848112 11.457527704125527 114.96362116003036 1.0016867284059792E-18
46.11807265877073 29.239554050549856 12.146985209781313 87.5046119191019 5.061127072118155E-5
29.831559679929 25.0097396902281 27.61144625522901 82.45274562538611 0.8090247224019935
33.886502044433406 21.016595587359134 19.650393022430766 74.55349065422331 0.08352868339029154
16.1460615430387 12.230911671173944 13.966395620277325 42.34336883448997 0.7613465623894612
19.62678152150866 12.06693448336087 8.584640424913308 40.27835642978284 0.09314812442767025
57.29991742174015 13.873703382186436 9.734227494848634 80.90784829877522 6.612625694582353E-12
1.0 0.0 0.0 1.0 0.3678794411714423
Not enough genes
Cannot perform polytomy test with effective N (after polytomies) 1.0:
	(P_011719,P_011607):0.2876820724517809;
4.388251351199229 2.8071388286905354 3.416885759675253 10.612275939565018 0.835473306367069
Not enough genes
Cannot perform polytomy test with effective N (after polytomies) 10.612275939565018:
	(P_011681,P_014073):0.06918548126866476;
62.04642062913213 10.119366470517265 13.983670826924284 86.14945792657367 2.203806116397105E-13
29.06268548739321 24.48903839528982 20.04981954316908 73.60154342585211 0.4370038647837118
30.562995871165672 22.923572661593855 25.793769541834067 79.2803380745936 0.5692298551793682
124.17981058897836 12.541961438710718 4.106551159138087 140.82832318682716 2.7689610923216945E-42
15.916085240574501 0.05095375412621578 2.0600356015997425 18.02707459630046 4.044164473463706E-6
53.741915869781366 32.34504294485644 15.636150050353853 101.72310886499164 2.1233968474844786E-5
53.38389642339633 21.396176030838916 31.644853601330052 106.4249260555653 5.416113328232261E-4
41.01001415158208 28.923248940643642 23.406976465100378 93.3402395573261 0.07387011113863022
32.149442568048194 35.286415797716096 14.725595689750804 82.1614540555151 0.011332603729507213
6.278822934446724 0.7259909974147587 2.5803477007222324 9.585161632583715 0.08197591667818746
Not enough genes
Cannot perform polytomy test with effective N (after polytomies) 9.585161632583715:
	((P_011681,P_014073):0.06918548126866476,((P_011537,(P_011673,(P_011739,P_011677):0.8391705971505555):0.08813010612786004):0.07370581707163874,(P_011759,((P_011675,P_011735):1.678500718679399,(P_011715,(P_011745,P_011611):1.4054570390785321):0.3351355887957422):0.28158356715778304):0.1649394578167837):0.08325771540774966):0.49390001322432925;
1.9612049649375327 2.0464954915083093 0.09506153910122327 4.102761995547065 0.4109088706907128
Not enough genes
Cannot perform polytomy test with effective N (after polytomies) 4.102761995547065:
	((P_011719,P_011607):0.2876820724517809,((P_011681,P_014073):0.06918548126866476,((P_011537,(P_011673,(P_011739,P_011677):0.8391705971505555):0.08813010612786004):0.07370581707163874,(P_011759,((P_011675,P_011735):1.678500718679399,(P_011715,(P_011745,P_011611):1.4054570390785321):0.3351355887957422):0.28158356715778304):0.1649394578167837):0.08325771540774966):0.49390001322432925):0.07959830614323163;
5.803858027953401 5.721386691160254 2.32515861853932 13.850403337652974 0.4259234746092945
Not enough genes
Cannot perform polytomy test with effective N (after polytomies) 13.850403337652974:
	(P_011701,((P_011719,P_011607):0.2876820724517809,((P_011681,P_014073):0.06918548126866476,((P_011537,(P_011673,(P_011739,P_011677):0.8391705971505555):0.08813010612786004):0.07370581707163874,(P_011759,((P_011675,P_011735):1.678500718679399,(P_011715,(P_011745,P_011611):1.4054570390785321):0.3351355887957422):0.28158356715778304):0.1649394578167837):0.08325771540774966):0.49390001322432925):0.07959830614323163):0.09017896645829765;
32.708327488675735 15.863910366412616 24.050331324143105 72.62256917923146 0.05334393467431785
35.477505658148296 18.281868214377194 24.899273956230523 78.65864782875602 0.056742786394139946
99.26285744704045 11.911938006188759 10.97041874111981 122.14521419434902 3.7572116720428163E-28
6.127794933853626 2.1034548659368966 1.206923799907429 9.43817359969795 0.11266120117149375
Not enough genes
Cannot perform polytomy test with effective N (after polytomies) 9.43817359969795:
	((P_011579,(P_008632,P_011671):0.1376517094978124):1.6026905617511458,(((P_011713,(Dhai,P_011705):0.45227582226347013):0.18427690824158102,(WIGA,(Apet,(P_006413,Msal):0.048941371602289514):0.036836405148123336):0.1849384010170432):0.40277025857838844,((KAYP,(P_016813,((GAP_80389,GAP_80390):1.59420509897459,((P_006412,P_008640):0.886660917425578,(P_011679,P_008646):0.3307587130698319):0.03687119274258351):0.18966660753655384):0.06057064359142408):0.23979500126858852,((ABSS,BCGB):0.7970609216273907,(P_011701,((P_011719,P_011607):0.2876820724517809,((P_011681,P_014073):0.06918548126866476,((P_011537,(P_011673,(P_011739,P_011677):0.8391705971505555):0.08813010612786004):0.07370581707163874,(P_011759,((P_011675,P_011735):1.678500718679399,(P_011715,(P_011745,P_011611):1.4054570390785321):0.3351355887957422):0.28158356715778304):0.1649394578167837):0.08325771540774966):0.49390001322432925):0.07959830614323163):0.09017896645829765):0.18200830704558865):0.1839874449002144):1.2347591791908423):0.478978758723531;
3.913141337429249 1.784145326957889 2.1217225958147408 7.819009260201879 0.6051067954030485
Not enough genes
Cannot perform polytomy test with effective N (after polytomies) 7.819009260201879:
	(P_011709,((P_011579,(P_008632,P_011671):0.1376517094978124):1.6026905617511458,(((P_011713,(Dhai,P_011705):0.45227582226347013):0.18427690824158102,(WIGA,(Apet,(P_006413,Msal):0.048941371602289514):0.036836405148123336):0.1849384010170432):0.40277025857838844,((KAYP,(P_016813,((GAP_80389,GAP_80390):1.59420509897459,((P_006412,P_008640):0.886660917425578,(P_011679,P_008646):0.3307587130698319):0.03687119274258351):0.18966660753655384):0.06057064359142408):0.23979500126858852,((ABSS,BCGB):0.7970609216273907,(P_011701,((P_011719,P_011607):0.2876820724517809,((P_011681,P_014073):0.06918548126866476,((P_011537,(P_011673,(P_011739,P_011677):0.8391705971505555):0.08813010612786004):0.07370581707163874,(P_011759,((P_011675,P_011735):1.678500718679399,(P_011715,(P_011745,P_011611):1.4054570390785321):0.3351355887957422):0.28158356715778304):0.1649394578167837):0.08325771540774966):0.49390001322432925):0.07959830614323163):0.09017896645829765):0.18200830704558865):0.1839874449002144):1.2347591791908423):0.478978758723531):0.18101240292299228;
58.35985497517483 17.557184038804795 22.432032942602543 98.34907195658216 2.6402494306868615E-7
48.28650438566237 28.153524485519974 28.20131691326775 104.64134578445008 0.02097531491190965
70.04360012144066 7.143635960265062 8.232609545021326 85.41984562672704 1.686286125298964E-20
24.793893736024227 19.04855455864607 21.064307981840468 64.90675627651076 0.6752092966498724
42.08002929413035 16.457338278063386 12.26942995703173 70.80679752922546 1.6124214385031303E-5
50.94967931264481 15.66878177266717 15.270214103512773 81.88867518882475 2.104385195344888E-7
86.0043084170804 3.290546712632859 5.196164426758682 94.49101955647194 1.8319886703388974E-31
57.854484342167275 47.56860829239709 15.343393779422513 120.76648641398688 4.932406065768024E-6
59.49031881848927 33.94719453610377 39.20792073337555 132.6454340879686 0.016336393961385892
66.4256239876121 39.67563134117687 26.408746365171304 132.51000169396028 8.218432685434426E-5
74.96661051131487 41.68133353157031 12.921813647327449 129.5697576902126 2.0210216982200578E-10
67.99329214899292 55.89890938665441 34.135043609451536 158.02724514509887 0.0037400378794362494
136.02660097397614 11.481098418985813 10.783685713388834 158.2913851063508 1.5928169564524596E-43
14.874164308220669 11.091641298833078 2.9355443520041824 28.901349959057928 0.020980116465436266
12.610746072637934 7.362882075040224 4.639345289439159 24.612973437117315 0.13520045528715002
77.50495975600587 23.646971611053523 21.72364046897172 122.87557183603113 2.3364689811065673E-11
62.944341017669906 30.204534939405708 17.206696997344046 110.35557295441967 2.7675114786555006E-7
16.005008198177674 10.043020603150378 8.981179176441358 35.02920797776941 0.29298126376183864
9.122518327051537 3.8617281447773717 2.994039970989335 15.978286442818245 0.12683130753449753
24.754224576646262 7.041230380975173 6.388181599460404 38.18363655708184 1.9726029021133607E-4
41.04632701048779 1.34996250349472 11.436867081655649 53.833156595638165 4.975445679530554E-11
123.86518371973227 3.5945291905778576 2.5912048498092872 130.05091776011943 1.9447983663811985E-49
139.97605852213502 6.866722213070851 3.121641375055054 149.96442211026093 1.6010627858763154E-53
33.42900463091035 31.35899109034859 29.86024009541855 94.64823581667748 0.9032249189243576
33.42156863918189 23.92498582441184 21.844935587295307 79.19149005088904 0.2362426703587158
27.12808880140946 29.475703105940404 20.8403834038979 77.44417531124776 0.46196425887327053
52.766681663526484 29.687228301521976 22.504749613370166 104.95865957841863 7.881429635304841E-4
38.094056321144016 28.171865192604105 32.52294841871691 98.78886993246503 0.47180328346133416
37.24073657105077 29.615709049394003 38.3784410625431 105.23488668298788 0.5234974867605169
22.88219785740292 19.155994505433426 16.17638720475061 58.21457956758696 0.5589295579502827
27.64554333482266 16.934144403126016 13.716162318574911 58.295850056523584 0.06476121148499854
158.71205016467428 4.0685476682006065 1.930389517146252 164.71098735002113 1.1489596500792772E-64
28.11122473024748 5.189521305873345 22.386155815001466 55.68690185112229 4.680105870980482E-4
49.84240007110373 44.806879810087835 25.18989289708498 119.83917277827655 0.014306206467880027
61.13172134120029 55.732765956420494 47.632901443022966 164.49738874064374 0.4308989631383182
81.07829163470595 42.9319409885485 30.455423847485996 154.46565647074044 1.3581077812156024E-6
62.411676050169035 44.57799555495578 40.93423151829693 147.92390312342175 0.06862675786820195
63.45632733308435 53.045838705133846 43.43695668743625 159.93912272565444 0.152536217727384
136.14903278894835 11.773086069541467 11.357132103515834 159.27925096200565 4.778695197519167E-43
122.000331718614 2.6651216281394388 3.015491248363554 127.68094459511701 5.04395339670642E-49
59.61433398524452 17.4959803022967 22.81290870776397 99.9232229953052 1.3814269739834478E-7
175.17471454701916 1.1752023132526064 2.081394570695781 178.43131143096755 4.9164717624663225E-74
177.92324719569245 0.2561230618587672 1.9763348099908837 180.1557050675421 4.321368183890197E-76
115.01190783546187 6.020087595273954 5.001423686625517 126.03341911736133 4.782270329963635E-42
103.91540293012002 26.50134733155483 23.356887020816725 153.77363728249156 2.285914915790517E-18
147.07196921144794 6.055819838994786 8.497536968256556 161.62532601869927 2.9909765449358864E-53
87.52084084330346 27.011678667160513 42.04535026124449 156.57786977170846 5.506462760931497E-9
135.1767543102118 14.321048278241324 12.907774264667223 162.40557685312035 3.014524626139121E-40
146.42779897554195 4.0493758775814435 2.09221339468644 152.56938824780983 3.1043727566405054E-59
42.675009158377755 24.02620826614836 26.831123654000127 93.53234107852623 0.039041722832492555
163.14683982580732 3.6284365222482213 3.1383443517560536 169.9136206998116 5.754226360567872E-66
145.06475979168115 11.231674407765013 13.040717661170664 169.33715186061684 4.741535149111503E-46
98.52026435830464 34.81669187109861 31.6149721475026 164.95192837690587 5.642919444435892E-12
161.25359890009017 0.318510223231059 1.2507953700327927 162.82290449335403 2.0654509799143745E-69
134.98023042816817 18.046606154007165 21.004878048780487 174.03171463095583 5.240644598997046E-34
170.15934251743087 1.53513917517859 0.8281113817702148 172.52259307437967 1.3208486854887426E-72
70.11185157761146 18.979850040164266 9.358791927178197 98.45049354495393 7.732144348964249E-15
41.754676489043575 35.6509312517732 40.17420061631866 117.57980835713543 0.7741001163776553
50.012446392747336 35.69854291136394 32.50651887252253 118.2175081766338 0.11015956944636986
48.02224926056992 34.12046433055169 24.749489188629784 106.89220277975139 0.02131697647104222
171.98291926649588 3.0017370359423357 2.0248775043382174 177.00953380677643 3.4165684277264867E-71
75.5082951784562 24.061615003977206 30.33398362709505 129.90389380952845 1.2550134610257958E-8
148.18416647948874 5.980328611074364 9.995849450363787 164.16034454092687 9.329745919931195E-53
58.20159782565892 43.8116568684999 45.86819591189901 147.88145060605785 0.2926642163014079
54.50580658072223 36.5030290109771 42.12398376350926 133.1328193552086 0.14783738774762836
80.3933366484362 24.716451663229424 23.518892579849208 128.62868089151482 2.0121441052042303E-11
94.13418797434292 15.843648074786094 9.88581842877281 119.86365447790182 9.398500397434472E-25
163.13186138866706 2.010242474916388 8.029372927186898 173.17147679077036 1.722393117044575E-63
131.32844784365466 12.111897212354028 11.655181379607622 155.0955264356163 1.1200468989553657E-40
60.76892142142104 40.67957567522749 32.249679112282074 133.69817620893062 0.008092720888286074
72.29925649333455 32.26579947314785 29.16625528053559 133.731311247018 2.296734383248683E-6
126.95826214074002 18.54282837432976 11.19395422173439 156.6950447368042 1.161691370051484E-35
78.9255364806315 26.92782896366114 32.47017232230879 138.32353776660142 2.086325264577419E-8
132.4287315607553 7.457958855270799 3.6919596233188248 143.57865003934492 1.9649729547810252E-49
147.99993010582966 4.485717352329999 6.592198481555273 159.07784593971493 3.8343099095739743E-56
83.04243025127748 48.95789663225701 29.02876063623348 161.02908751976796 9.19570028170146E-7
165.49740351614508 3.858361713898314 5.603236615408525 174.95900184545192 6.886121829105255E-65
70.73848173051708 39.82339239962342 41.83704651843276 152.39892064857327 0.0027685092879737544
69.9986775359078 42.983445440986095 52.98565581073449 165.9677787876284 0.03431852958969427
96.43320594348975 38.533754502496485 33.50948212085895 168.4764425668452 3.495017658597603E-10
153.40299281221894 6.321538692763677 5.070592120112411 164.79512362509504 3.1649779891630826E-58
115.8499568954881 16.91866828424313 20.7236291044721 153.49225428420334 2.1449782281499202E-27
54.85657469516167 37.026754847568355 40.1335121851046 132.01684172783462 0.12725447439742563
120.22304008387248 9.052910257171035 6.418792897626629 135.69474323867013 3.06139571636022E-41
40.6501432526669 37.041136733673014 37.32537542188519 115.01665540822509 0.9002998529905599
112.12847578542511 6.32072427379924 4.147808380754382 122.59700843997874 3.2362189144721897E-41
109.52118608947414 6.016988604382553 3.350363003406236 118.88853769726292 6.780187569770679E-41
39.261735501320224 29.256228114922884 40.01894734779241 108.53691096403551 0.36881976819836704
81.81249298683046 13.731024258332948 14.626557147386347 110.17007439254976 9.236352768086827E-19
85.81108312709881 7.849055338234543 7.327582782088731 100.98772124742209 4.8463490839622034E-27
86.07559756957615 9.337273466627325 9.26415463110533 104.6770256673088 3.5057464137523347E-25
132.45883810128151 3.807487035048167 6.386229807236564 142.65255494356623 3.9905501019080665E-50
26.26649166683323 21.553469495352864 24.976433106662945 72.79639426884904 0.7831171151931959
56.5705368455575 25.22763579327964 22.456637375497174 104.25481001433431 3.2653234465604945E-5
143.0464872220219 7.0460997706038375 3.999133288472452 154.0917202810982 4.7446669737342605E-54
40.100863571632345 34.12929414308406 37.79705338652872 112.02721110124511 0.7843610718521059
45.5934317001944 29.30820163115839 30.47210924607257 105.37374257742536 0.09538672102430615
67.57947468549416 10.685800454808575 15.523875977454743 93.78915111775748 1.5053760039837262E-14
28.672973033214205 23.72304347308553 21.7336904899796 74.12970699627934 0.5964562129549313
45.88212154980631 12.845345905898995 15.685944742927283 74.41341219863259 1.3513459809695772E-6
27.5822418034666 20.694462165976564 29.9565046074958 78.23320857693896 0.4116833682359622
111.65344816996031 11.261318873756037 1.6577243466443763 124.57249139036072 1.5153455879317513E-39
29.260797643087056 19.616565140761487 25.252915098464854 74.1302778823134 0.38675339869357006
72.33800176295277 7.463838895446859 10.768913859714875 90.5707545181145 6.235700341640751E-20
27.2366377340743 19.245118690813285 23.064543667057688 69.54630009194527 0.5019914478037368
22.326188920733713 18.76257530309166 21.654703625582876 62.74346784940825 0.8424430226582927
116.98482404241031 4.108250273061588 3.1706425285772686 124.26371684404917 1.2518883315494294E-45
25.605826563590405 20.814117931861663 14.834765054910042 61.254709550362115 0.24020833020492796
118.24749811181582 10.934453836231265 3.9903210044230373 133.1722729524701 7.192476246678849E-41
67.72261796663314 8.745439510724395 13.382213144883957 89.8502706222415 2.543045930411106E-16
25.17798811502515 13.032799090147204 23.46449440692278 61.675281612095134 0.12223250816524715
151.88738012939302 2.1048618118827136 3.0156553046416317 157.00789724591735 2.0838688858006976E-62
26.068099303756554 20.551335532644238 21.320888918697385 67.94032375509818 0.6742254007002113
20.815682510218764 15.726314924991458 15.917123492815703 52.459120928025925 0.6213057172177683
20.79608915138555 19.129209561829406 15.961334429902195 55.88663314311715 0.7234169766288209
24.74317617263699 20.65540579564865 16.097911858710837 61.49649382699648 0.40155145342743226
20.267231356689024 19.403629993392755 19.88688811233277 59.55774946241455 0.9906081060756127
26.868183921638106 16.954896327172357 22.743537593140193 66.56661784195066 0.3270524034876989
70.81969432183837 11.514967527595369 8.953134027367541 91.28779587680128 3.265103748552928E-18
53.21214004508221 9.976329404946325 11.772097458417647 74.96056690844618 3.989229915087299E-11
95.48477657128954 4.027232291590819 2.7283586870622147 102.24036754994258 9.073191284782188E-37
70.27864226769856 42.869647260433354 38.17564969378765 151.32393922191955 0.0025789966310330167
113.68414239642692 15.276244788829816 19.054633275380162 148.0150204606369 4.312126556510837E-28
95.56199688579153 16.69641878023102 20.796616755102306 133.05503242112485 5.0015154174560616E-20
113.79716204757727 10.336151448918857 10.840791619670954 134.9741051161671 5.312015646903353E-35
62.45532696223455 23.84884919015562 22.31547043403031 108.61964658642049 6.231486461614214E-7
34.67500419635422 32.60832328970558 26.545093139465152 93.82842062552496 0.5650284586557828
99.2877263592598 4.906362501930865 1.8134979393668171 106.00758680055749 1.8665797466804234E-38
39.98391449149132 24.659063361197106 22.220916913476923 86.86389476616536 0.04067061806194951
99.94031222341349 6.003206989741026 11.32042413888951 117.26394335204402 1.1594420064015392E-31
133.93492165538072 1.2775881141648542 2.2587116437555688 137.47122141330112 6.504631663690983E-56
78.53861786535789 8.227435012262163 32.38165595437491 119.14770883199496 1.1068100803395994E-14
68.77094223509373 17.487235032766737 27.559383224581303 113.81756049244177 3.535711957428263E-9
101.81076976022744 2.056791160926824 3.8732904734670113 107.74085139462127 4.036763722142888E-40
67.77279561353201 12.73335589696352 11.46700770405068 91.9731592145462 2.2848566393881848E-15
101.56806418803102 5.3423170681706305 2.2716097863213984 109.18199104252304 9.035520793893299E-39
95.82476148099339 18.21268393597433 13.653073912260254 127.69051932922797 1.731449751118539E-22
66.44342154207824 5.508615409109898 25.576665213370095 97.52870216455823 1.311557301649088E-13
Extended species tree:
(P0109B,((P_018831,OSHQ)0:1.8441762780862692,((P_016909,WZFE)0:2.470599513019724,(P0203H,((((SJEV,(P_019193,(Wsal,P_019187)0:0.5778179205145654)0.00991:0.18125029996832703)0:3.2142874229255414,(P_016921,(GAP_81227,(WKSU,(Pcol,(GAP_81226,P_006410)0:0.986613543500089)0:0.3845117540855834)0:0.3803888048242411)0:0.643813752359544)0:2.475678855948053)0:1.6820003121495437,((P_025527,(P_025523,P_025525)NA:0.3677247801253174)0.00222:0.7831656046375238,(((Asie,QDVW)0:3.050295159932438,(P_019189,(PAWA,P_019197)0:0.9342535995969313)0.12303:0.13502496294223235)0.00017:0.28493398257549707,(((P_019185,CSSK)0.00014:0.2622146433319732,(P2589,OPDF)0:1.4121321278194785)0:1.088968074238934,((P_019191,P_019199)0.00138:0.42066670609574214,(GAP_80417,(P2590,GAP_79804)0:1.6635103506525502)0:0.7502822933338114)0:0.5791910136712861)0:1.516273103975345)0.07917:0.20721417385789423)0:0.6523749789952524)0.01556:0.19351344917320115,(((WPHN,P_011613)0.01133:0.36994355215273966,(((P_011609,(Sdec,P2619)0.00011:0.6251156902913223)0:1.2284036558039617,(MAQO,(P_011527,(WAIL,((GAP_80297,P_014083)0:1.961709107496102,(P_014077,GAP_80298)0.18105:0.1332650798215776)0.14938:0.1122829804502038)0.56833:0.047690849933832824)0:0.9564902184305788)0:1.6643528441318458)0:0.6852197683234825,(((GAP_79862,P_011587)0:1.1509150334755422,(P_014081,(P0104A,P_008647)0:2.2598975870437297)0:1.732213355910731)0:1.7418227110749245,(((KRJP,(GAP_80395,P_011549)0:1.0872840907525123)0:1.7272826776903167,(((GAP_80393,GAP_80394)0:0.8760853132334557,(P_011657,(P_011643,(P_011509,P_011651)0:0.5459473925042803)0.40545:0.07281928556596541)0:0.648328267597201)0.28665:0.07759577178383517,((P_011647,(P_011465,(P_011501,(P_011489,(P_011487,P_011523)0.57714:0.05217212106634658)0.86126:0.027788528449978055)0:0.5764273655238893)0:1.1881442061986478)0.03169:0.18255583666448033,(P_011631,(P_011551,((P_007844,P_011637)0.00025:0.28974941001696736,(P_007843,(P_007783,P_006414)0.00004:0.15978609027774582)0:0.4277303177730037)0.7311:0.04308914973277872)0.58436:0.07965129713122862)0.13682:0.09260274508842531)0:0.6076285746311082)0:2.1037495994194315)0:1.7502763111501947,((P_011531,(P_011589,(P_011699,(P_006411,Schi)0:1.0031274734812599)NA:0.0)NA:0.2876820724517809)0:2.047110139531176,(VYLQ,((P_018635,P_008631)0.40309:0.14897979909466771,(P_011709,((P_011579,(P_008632,P_011671)0.21745:0.1376517094978124)0:1.6026905617511458,(((P_011713,(Dhai,P_011705)0.00028:0.45227582226347013)0.00214:0.18427690824158102,(WIGA,(Apet,(P_006413,Msal)0.54567:0.048941371602289514)0.6247:0.036836405148123336)0.05521:0.1849384010170432)0:0.40277025857838844,((KAYP,(P_016813,((GAP_80389,GAP_80390)0:1.59420509897459,((P_006412,P_008640)0:0.886660917425578,(P_011679,P_008646)0.00005:0.3307587130698319)0.80902:0.03687119274258351)0.08353:0.18966660753655384)0.76135:0.06057064359142408)0.09315:0.23979500126858852,((ABSS,BCGB)0:0.7970609216273907,(P_011701,((P_011719,P_011607)NA:0.2876820724517809,((P_011681,P_014073)NA:0.06918548126866476,((P_011537,(P_011673,(P_011739,P_011677)0:0.8391705971505555)0.437:0.08813010612786004)0.56923:0.07370581707163874,(P_011759,((P_011675,P_011735)0:1.678500718679399,(P_011715,(P_011745,P_011611)0:1.4054570390785321)0.00002:0.3351355887957422)0.00054:0.28158356715778304)0.07387:0.1649394578167837)0.01133:0.08325771540774966)NA:0.49390001322432925)NA:0.07959830614323163)NA:0.09017896645829765)0.05334:0.18200830704558865)0.05674:0.1839874449002144)0:1.2347591791908423)NA:0.478978758723531)NA:0.18101240292299228)0:0.4798654880342246)0.02098:0.205327460110839)0:1.2579203960595007)0.67521:0.06645482157844873)0.00002:0.4764661093037826)0:0.5482056321277383)0:1.9036751069973628,((((P_018779,P_018639)0:0.23913288711519246,(P_018695,(P_018645,P_018783)0.01634:0.18356611905809578)0.00008:0.2827600901789623)0:0.4482027139339166,(P_018691,((P_007845,(P_016797,(P_016799,(OBPL,GAP_80397)0.00374:0.15237788577063055)0:1.5183292210508168)0.02098:0.2825775829499717)0.1352:0.27251321138329093,((P_016793,(P_006422,P_016795)0:0.5771466025351579)0:0.4275314817186713,(P_018693,((S04,(S38,(P_016789,S27)0.29298:0.18192330302440798)0.12683:0.36522209769203134)0.0002:0.5935254946108658,((S08,P_014095)0:0.975116191677147,((S02,P_016787)0:2.49802314756037,(P_016791,(S03,P_014099)0:2.214742228532034)0.90322:0.024548008445258646)0.23624:0.13371200062094543)0.46196:0.018917840955024984)0.00079:0.2836763120513636)0.4718:0.07539167605232387)0.5235:0.026165726578495956)0.55893:0.082993278185024)0.06476:0.22232637367100497)0:2.7590218159534263,(((P2622,P2623)0.00047:0.27952216235368166,(P0110C,((P0207A,(P0110B,P0207C)0.01431:0.12636098161201842)0.4309:0.055589543546057905,((XQWC,P0207B)0:0.33167364046511005,(P0206G,P0206H)0.06863:0.13768459268794145)0.15254:0.09588516073333977)0:1.4879875831747307)0:2.5526612035683987)0:0.4878172442192151,((DHPO,GAP_80322)0:3.335857372967542,((P_012941,P_012795)0:3.620649003452353,((P_012861,((P_012855,(P_012827,P_007802)0:1.9522874345799517)0:0.7074564932005295,((P_012919,P_012921)0:1.9417073462720875,(P_012813,P_018637)0:0.4051450298859952)0:1.3504266718336808)0:2.662752058746802)0.03904:0.1949805704321832,(((P_012867,((P_012923,P_012847)0:2.6858374020580276,(P_012899,P_012817)0:1.5026020337996213)0:0.4951183500575876)0:3.749685220383272,(P_012843,(((P_012937,(P_012939,P_006421)0:1.0693363442844543)0:3.537934768267912,((P_012837,P_012829)0:0.8152893743288476,(P_012853,P_012803)0.7741:0.028589289532685056)0.11016:0.1384105092991429)0.02132:0.1834927295759342,(((P_012801,(P_012809,P_012879)0:2.9801865844930426)0:0.45449816730474857,(P_012839,(P_012805,(P_012825,(YZRI,P_012799)0:1.8696406081846146)0.29266:0.09035004550540938)0.14784:0.11601199841169434)0:0.5625972099893471)0:1.1034314084130494,(((P_012865,(P_012931,(P_012935,P_012933)0:2.3530850011426327)0:1.4354877655151321)0.00809:0.19446281602086563,((P_012807,P_012845)0:0.36373855856447634,(P_012871,P_012849)0:1.2297378957067038)0:0.4303777170652349)0:2.0710360821185163,(P_012909,((P_012833,GAP_81172)0:2.1788164786139794,((P_012927,(PSJT,GAP_80295)0:0.3130318207307081)0:2.4170746648219024,((P_012791,P_012915)0.00277:0.21283562562069158,(P_012869,(P_012823,(P_012819,P_012835)0.03432:0.13794336034072335)0:0.4361972788168931)0:2.1882260636780893)0:0.9803313890834983)0.12725:0.12624921741301953)0:1.7106412317908968)0.9003:0.025905613308374074)0:1.9719542390887947)0:2.0424357506749207)0.36882:0.03837785718623844)0:0.9260452991516879)0:1.4358192079168253,(((P_012857,(((P_012815,P_012903)0:1.2793199812909388,(P_012883,P_012925)0:2.146579838393011)0.78312:0.03448572272482143,(P_012875,((P_012831,P_012905)0.00003:0.3655630192036894,(P_012901,(P_012887,P_012851)0:2.1498825926383387)0.78436:0.03271349394334806)0.09539:0.15422775578634212)0:0.842617193694335)0.59646:0.07522951126237866)0:0.5320696305440736,(P_018689,(((P_012859,P_012885)0.41168:0.022421489871229272,(P_006420,GAP_80294)0:1.7941601859680734)0.38675:0.08795855957776323,(((P_012873,P_012881)0:1.1550321404232542,(GAP_80291,P_012907)0.50199:0.08242836578739036)0.84244:0.0257034463876751,((P_012897,(GAP_80293,P_012893)0:2.311246901734281)0.24021:0.12438612978493131,(P_006418,((P_012863,(P_012911,(P_012821,P_012917)0:1.725783422566628)0:0.9627186792588656)0.12223:0.10823327217835328,(P_012889,(P_012793,(GAP_80292,P_006419)0:2.845533317120071)0.67423:0.06955198159415743)0.62131:0.08780829069085246)0.72342:0.0495643952882926)0.40155:0.09857199157546168)0.99061:0.0020161796841617085)0.32705:0.10145932097415829)0:1.0528786174744882)0:0.8002532469148128)0:2.1831808270166837,(P_012797,(P_012841,((P_012811,(P_012895,P_012891)0.00258:0.21327282746168783)0:1.0338246869363856,(P_012913,P_012877)0:0.8423079674986143)0:1.40794620729622)0:0.43791384095735647)0.56503:0.049705812553313834)0:2.223638342197061)0.04067:0.2016263899716965)0:1.4592622811776366)0:3.013085759859186)0:0.6549381084180779)0:0.5082250063590192)0:2.347630840227744)0:0.8999873097678005)0:2.143288059461716)0:0.9595140180132291)0:0.7164854127723237));
Weight calculation took 146.949514941 secs
ASTRAL finished in 185.057 secs
