
================== ASTRAL ===================== 

This is ASTRAL version 5.7.7
Gene trees are treated as unrooted
194 trees read from all_bs10.trees
index46
All output trees will be *arbitrarily* rooted at P0109B

======== Running the main analysis
Number of taxa: 244 (244 species)
Taxa: [P_016813, P_011713, Dhai, P_006413, ABSS, P_008632, P_018635, P_011671, P_011537, P_014081, GAP_79862, P0104A, P_008647, P_011699, P_011531, P_006411, Schi, P_014077, WAIL, GAP_80298, MAQO, P_011527, GAP_80297, P_014083, P_011657, P_011489, P_011487, P_011523, P_011501, P_011465, P_011509, P_011651, GAP_80393, P_011647, GAP_80394, P_011643, P_007783, P_006414, P_007843, P_007844, P_011637, GAP_80395, P_011549, KRJP, P_011587, P0203H, P0109B, P_011701, GAP_80417, P_025523, DHPO, GAP_80322, XQWC, P0110C, P0207B, P0110B, P0207C, P0206G, P0207A, P0206H, P_012941, P_012795, P_012919, P_012921, P_012813, P_018637, P_012855, P_012827, P_007802, P_012833, P_012839, GAP_81172, P_012869, P_012823, P_012791, P_012819, P_012835, P_012915, P_012927, PSJT, GAP_80295, P_012871, P_012849, P_012865, P_012807, P_012845, P_012935, P_012933, P_012931, P_012805, P_012909, YZRI, P_012799, P_012825, P_012809, P_012879, P_012801, P_012843, P_012853, P_012867, P_012899, P_012817, P_012923, P_012847, P_012803, P_012837, P_012937, P_012939, P_006421, P_012887, P_012875, Sdec, P_011609, P_012831, P_012797, P_012815, P_012903, P_012883, P_012925, P_012901, P_012905, P_012829, P_012851, P_006418, GAP_80291, P_012889, P_012873, P_012911, P_012881, P_012793, GAP_80293, P_012893, P_018689, P_012863, P_012907, GAP_80292, P_006419, P_012897, P_012821, P_012917, P_006420, GAP_80294, P_012859, P_012885, P_012895, P_012811, P_012891, P_012861, P_012841, P_012857, P_012877, P_012913, P2622, P2623, P_006422, P_016795, S03, P_018779, P_014099, P_016797, P_016799, OBPL, GAP_80397, S02, P_016787, S04, P_016793, P_016789, P_007845, S27, P_018691, P_018693, P_016791, P_018695, P_018645, P_018783, P_018639, P_011579, P_016909, WZFE, P_018831, BCGB, P2619, P_011551, VYLQ, WPHN, PAWA, P_019197, P_019189, P_019193, Wsal, P_019187, SJEV, WKSU, Pcol, GAP_81227, P_016921, GAP_81226, P_006410, P_019185, P2589, OPDF, P2590, GAP_79804, CSSK, Asie, QDVW, P_011715, GAP_80389, GAP_80390, P_011681, P_011679, P_006412, P_011675, P_011735, P_011673, P_011739, P_011745, P_008640, P_008646, Apet, P_011759, P_011677, P_008631, P_011631, S38, S08, P_019191, P_025525, OSHQ, P_011613, P_014095, P_011705, Msal, WIGA, KAYP, P_025527, P_014073, P_011709, P_019199, P_011611, P_011719, P_011607, P_011589]
Taxon occupancy: {P_019193=168, P_019191=84, P_019197=180, OPDF=179, GAP_81172=193, P_018783=188, P_019199=68, Wsal=171, P_016921=190, WKSU=189, P_025523=34, P_025525=59, P_025527=24, P_014073=21, P0203H=141, P_014077=112, QDVW=185, P_011487=189, P_011489=191, P_016813=175, P_006421=193, P_006422=188, P_006420=159, P_006418=192, P_006419=192, P_014081=136, P_006414=191, P_014083=140, P_018689=194, P0206H=183, P0206G=169, Msal=170, P0109B=104, P_012901=191, P_006410=186, P_006411=188, P_012903=191, P_006412=190, P_006413=186, P_012905=190, GAP_79862=187, P_012907=194, PAWA=181, ABSS=181, P_012909=192, P_018691=95, GAP_80291=194, P_018695=185, P_014095=80, GAP_80293=193, GAP_80292=192, P_018693=185, GAP_80295=190, GAP_80294=192, P_014099=186, GAP_80297=189, GAP_80298=188, P_011701=32, P_012911=192, P_012913=169, P_012915=189, P_011705=105, P_012917=187, P_012919=181, P_011709=20, P_011671=113, P_012881=193, P_011551=124, MAQO=188, P_012883=194, P_011673=158, GAP_80322=192, P_012885=192, P_011675=174, P2590=165, P_012887=193, P_011677=143, P_012889=190, P_011679=162, P_008647=180, PSJT=176, P2589=170, P_012891=191, P_011681=132, P_012893=192, P_018637=187, P_012895=192, P_018635=177, P_012897=193, P0207C=186, P0207B=188, P_012899=190, P0207A=188, P_018639=178, P_008646=190, P_008640=190, BCGB=179, WZFE=187, P_018645=185, KRJP=183, KAYP=88, P_011699=105, P_011579=146, CSSK=180, P_008632=188, P_007783=176, P_016909=191, P_008631=40, P_019187=188, P_019185=182, Sdec=48, P_019189=167, P_012791=191, P_012793=191, P_012795=191, Asie=151, P_011465=191, P_018779=150, P_011587=154, P_012797=190, P_012799=192, P_011589=2, GAP_80417=110, WIGA=168, P_007802=151, GAP_79804=153, P_012841=189, P_011631=160, P_012843=192, Pcol=162, P_012845=191, P_011637=186, P_012847=184, P_011759=176, P_012849=192, Apet=90, OBPL=190, P0110C=176, P0110B=134, P_018831=189, YZRI=187, P_012851=191, P_011643=193, P_012853=188, P_011523=191, P_012855=187, P_011647=172, P_012857=189, P_011527=115, P_012859=192, WAIL=192, P_016789=182, P_011651=161, P_012861=192, P_011531=158, P_016787=186, P_012863=192, P_012865=190, Schi=158, P_011657=172, P_012867=191, P_011537=137, P_012869=191, P_016793=185, P_016791=185, P_016797=189, SJEV=189, P_016795=183, P_012871=187, P_012873=192, P_016799=190, P_012875=193, P_012877=189, P_012879=194, P_011549=180, P_007844=142, P_007845=34, S02=148, P_012921=177, S04=53, P_012801=192, S03=180, P_011713=133, P_012923=187, P_012803=190, P_012925=191, P_011715=162, S08=125, P_007843=170, P_012805=191, P_012927=193, P_012807=189, P_011719=20, P_012809=192, VYLQ=192, DHPO=190, GAP_80390=173, P2622=146, P2623=73, GAP_80394=192, XQWC=187, GAP_80393=191, GAP_80395=192, GAP_80397=189, P_012931=193, P_012811=192, P_012933=187, WPHN=183, P_012813=189, P_012935=189, P_012815=187, P_012937=193, P_012817=189, P_011607=3, P_012939=188, P_012819=186, P_011609=131, P2619=126, OSHQ=185, GAP_80389=181, P_012941=193, P_012821=192, P_011611=33, P_012823=190, P_011613=65, P_011735=188, P_012825=194, S27=146, P_012827=170, P_011739=158, P_012829=143, Dhai=185, P0104A=163, P_012831=186, P_011501=192, P_012833=190, GAP_81226=191, GAP_81227=190, P_011745=171, P_012835=189, S38=53, P_012837=191, P_012839=187, P_011509=191}
Number of gene trees: 194
194 trees have missing taxa
Calculating quartet distance matrix (for completion of X)
Species tree distances calculated ...
Will attempt to complete bipartitions from X before adding using a distance matrix.
Building set of clusters (X) from gene trees 
------------------------------
gradient0: 42603
Number of Clusters after addition by distance: 42603
calculating extra bipartitions to be added at level 1 ...
Adding to X using resolutions of greedy consensus ...
Limit for sigma of degrees:6150
polytomy size limit : 57
discarded polytomies:  [3, 3, 3, 3, 3, 3, 3, 3, 3, 3, 3, 3, 3, 3, 3, 3, 3, 3, 3, 4, 4, 4, 4, 4, 4, 4, 4, 4, 4, 4, 4, 4, 5, 5, 5, 5, 5, 5, 6, 6, 6, 7, 8, 8, 8, 8, 9, 11, 13, 13, 14, 15, 16, 21, 23, 25, 57]
Threshold 0.0:
polytomy of size 5; rounds with additions with at least 5 support: 2; clusters: 42649
Threshold 0.01:
polytomy of size 8; rounds with additions with at least 5 support: 1; clusters: 42871
polytomy of size 3; rounds with additions with at least 5 support: 0; clusters: 42875
Threshold 0.02:
polytomy of size 8; rounds with additions with at least 5 support: 0; clusters: 42931
polytomy of size 4; rounds with additions with at least 5 support: 0; clusters: 42937
Threshold 0.05:
polytomy of size 5; rounds with additions with at least 5 support: 0; clusters: 42937
polytomy of size 11; rounds with additions with at least 5 support: 3; clusters: 42989
polytomy of size 4; rounds with additions with at least 5 support: 0; clusters: 42989
polytomy of size 3; rounds with additions with at least 5 support: 0; clusters: 42989
polytomy of size 4; rounds with additions with at least 5 support: 0; clusters: 42995
polytomy of size 3; rounds with additions with at least 5 support: 0; clusters: 42995
polytomy of size 6; rounds with additions with at least 5 support: 0; clusters: 43003
Threshold 0.1:
polytomy of size 4; rounds with additions with at least 5 support: 0; clusters: 43003
polytomy of size 3; rounds with additions with at least 5 support: 0; clusters: 43003
polytomy of size 9; rounds with additions with at least 5 support: 0; clusters: 43003
polytomy of size 4; rounds with additions with at least 5 support: 0; clusters: 43003
polytomy of size 14; rounds with additions with at least 5 support: 0; clusters: 43019
polytomy of size 3; rounds with additions with at least 5 support: 0; clusters: 43019
polytomy of size 4; rounds with additions with at least 5 support: 0; clusters: 43019
polytomy of size 3; rounds with additions with at least 5 support: 0; clusters: 43019
polytomy of size 4; rounds with additions with at least 5 support: 0; clusters: 43019
polytomy of size 4; rounds with additions with at least 5 support: 0; clusters: 43019
polytomy of size 3; rounds with additions with at least 5 support: 0; clusters: 43019
polytomy of size 15; rounds with additions with at least 5 support: 0; clusters: 43043
Threshold 0.2:
polytomy of size 4; rounds with additions with at least 5 support: 0; clusters: 43043
polytomy of size 3; rounds with additions with at least 5 support: 0; clusters: 43043
polytomy of size 13; rounds with additions with at least 5 support: 0; clusters: 43055
polytomy of size 5; rounds with additions with at least 5 support: 0; clusters: 43055
polytomy of size 23; rounds with additions with at least 5 support: 0; clusters: 43059
polytomy of size 3; rounds with additions with at least 5 support: 0; clusters: 43059
polytomy of size 3; rounds with additions with at least 5 support: 0; clusters: 43059
polytomy of size 3; rounds with additions with at least 5 support: 0; clusters: 43059
polytomy of size 6; rounds with additions with at least 5 support: 0; clusters: 43059
polytomy of size 4; rounds with additions with at least 5 support: 0; clusters: 43059
polytomy of size 5; rounds with additions with at least 5 support: 0; clusters: 43059
polytomy of size 4; rounds with additions with at least 5 support: 0; clusters: 43059
polytomy of size 4; rounds with additions with at least 5 support: 0; clusters: 43059
polytomy of size 3; rounds with additions with at least 5 support: 0; clusters: 43059
polytomy of size 8; rounds with additions with at least 5 support: 0; clusters: 43059
polytomy of size 8; rounds with additions with at least 5 support: 0; clusters: 43067
polytomy of size 21; rounds with additions with at least 5 support: 0; clusters: 43125
Threshold 0.3333333333333333:
polytomy of size 7; rounds with additions with at least 5 support: 0; clusters: 43125
polytomy of size 3; rounds with additions with at least 5 support: 0; clusters: 43125
polytomy of size 16; rounds with additions with at least 5 support: 0; clusters: 43153
polytomy of size 3; rounds with additions with at least 5 support: 0; clusters: 43153
polytomy of size 3; rounds with additions with at least 5 support: 0; clusters: 43153
polytomy of size 4; rounds with additions with at least 5 support: 0; clusters: 43153
polytomy of size 3; rounds with additions with at least 5 support: 0; clusters: 43153
polytomy of size 3; rounds with additions with at least 5 support: 0; clusters: 43153
polytomy of size 3; rounds with additions with at least 5 support: 0; clusters: 43153
polytomy of size 3; rounds with additions with at least 5 support: 0; clusters: 43153
polytomy of size 6; rounds with additions with at least 5 support: 0; clusters: 43153
polytomy of size 25; rounds with additions with at least 5 support: 0; clusters: 43153
polytomy of size 13; rounds with additions with at least 5 support: 0; clusters: 43153
polytomy of size 5; rounds with additions with at least 5 support: 0; clusters: 43153
polytomy of size 5; rounds with additions with at least 5 support: 0; clusters: 43153
polytomy of size 57; rounds with additions with at least 5 support: 0; clusters: 43205
max k is :6
Number of Clusters after addition by greedy: 43205
gradient0 in heuristiic: 43205
partitions formed in 9.721 secs
Dynamic Programming starting after 9.721 secs
Using tree-based weight calculation.
Using polytree-based weight calculation.
Polytree max score: 11081772905
Polytree building time: 0.119 seconds.
Number of quartet trees in the gene trees: 11081772905
Size of largest cluster: 244
Greedy score: 10172428740
estimationFactor: 1.08939302385322
Sub-optimal score: 10322571559
Calculated 100000 weights; time (seconds): 119
Total Number of elements weighted: 106613
Normalized score (portion of input quartet trees satisfied before correcting for multiple individuals): 0.952502928501403
Optimization score: 10555421145
Optimal tree inferred in 127.54 secs.
(P_012877,(P_012913,((P_012811,(P_012895,P_012891)),(P_012841,(P_012797,(((P_012857,(((P_012883,P_012925),(P_012815,P_012903)),(P_012875,((P_012831,P_012905),(P_012901,(P_012887,P_012851)))))),(P_018689,(((P_012859,P_012885),(P_006420,GAP_80294)),(((P_012873,P_012881),(GAP_80291,P_012907)),((P_012897,(GAP_80293,P_012893)),(P_006418,((P_012863,(P_012911,(P_012821,P_012917))),(P_012889,(P_012793,(GAP_80292,P_006419)))))))))),(((P_012867,((P_012923,P_012847),(P_012899,P_012817))),(P_012843,(((P_012937,(P_012939,P_006421)),((P_012837,P_012829),(P_012853,P_012803))),(((P_012801,(P_012809,P_012879)),(P_012839,(P_012805,(P_012825,(YZRI,P_012799))))),(((P_012865,(P_012931,(P_012935,P_012933))),((P_012807,P_012845),(P_012871,P_012849))),(P_012909,((P_012833,GAP_81172),((P_012927,(PSJT,GAP_80295)),((P_012791,P_012915),(P_012869,(P_012823,(P_012819,P_012835)))))))))))),((P_012861,((P_012855,(P_012827,P_007802)),((P_012919,P_012921),(P_012813,P_018637)))),((P_012941,P_012795),((DHPO,GAP_80322),(((P2622,P2623),(P0110C,((P0207A,(P0110B,P0207C)),((XQWC,P0207B),(P0206G,P0206H))))),((((P_018779,P_018639),(P_018695,(P_018645,P_018783))),(P_018691,((P_007845,(P_016797,(P_016799,(OBPL,GAP_80397)))),((P_016793,(P_006422,P_016795)),(P_018693,((S04,(S38,(P_016789,S27))),((S08,P_014095),((S02,P_016787),(P_016791,(S03,P_014099)))))))))),(((P0203H,((P_016909,WZFE),(P0109B,(P_018831,OSHQ)))),(((SJEV,(P_019193,(Wsal,P_019187))),(P_016921,(GAP_81227,(WKSU,(Pcol,(GAP_81226,P_006410)))))),((P_025527,(P_025523,P_025525)),(((Asie,QDVW),(P_019189,(PAWA,P_019197))),(((P2589,OPDF),(P_019185,CSSK)),((P_019191,P_019199),(GAP_80417,(P2590,GAP_79804)))))))),((WPHN,P_011613),(((P_011609,(Sdec,P2619)),(MAQO,(P_011527,(WAIL,((GAP_80297,P_014083),(P_014077,GAP_80298)))))),(((GAP_79862,P_011587),(P_014081,(P0104A,P_008647))),(((KRJP,(GAP_80395,P_011549)),(((GAP_80393,GAP_80394),(P_011657,(P_011643,(P_011509,P_011651)))),((P_011647,(P_011465,(P_011501,(P_011489,(P_011487,P_011523))))),(P_011631,(P_011551,((P_007844,P_011637),(P_007843,(P_007783,P_006414)))))))),((P_011531,(P_011589,(P_011699,(P_006411,Schi)))),(VYLQ,((P_018635,P_008631),(P_011709,((P_011579,(P_008632,P_011671)),(((P_011713,(Dhai,P_011705)),((Apet,WIGA),(P_006413,Msal))),(((ABSS,BCGB),(KAYP,(P_016813,((GAP_80389,GAP_80390),((P_006412,P_008640),(P_011679,P_008646)))))),(P_011701,((P_011537,(P_011673,(P_011739,P_011677))),(P_011759,((P_011719,P_011607),((P_011675,P_011735),(P_014073,(P_011681,(P_011715,(P_011745,P_011611)))))))))))))))))))))))))))))))));
Final quartet score is: 10555421145
Final normalized quartet score is: 0.952502928501403
You may want to ignore posterior probabilities and other statistics related to the following branch branch because the effective number of genes impacting it is only 12:
	{P_025523, P_025525}
You may want to ignore posterior probabilities and other statistics related to the following branch branch because the effective number of genes impacting it is only 17:
	{P_025523, P_025525, P_025527}
You may want to ignore posterior probabilities and other statistics related to the following branch branch because the effective number of genes impacting it is only 2:
	{P_011699, P_006411, Schi}
You may want to ignore posterior probabilities and other statistics related to the following branch branch because the effective number of genes impacting it is only 2:
	{P_011699, P_006411, Schi, P_011589}
You may want to ignore posterior probabilities and other statistics related to the following branch branch because the effective number of genes impacting it is only 1:
	{P_011719, P_011607}
You may want to ignore posterior probabilities and other statistics related to the following branch branch because the effective number of genes impacting it is only 17:
	{P_011715, P_011681, P_011745, P_011611}
You may want to ignore posterior probabilities and other statistics related to the following branch branch because the effective number of genes impacting it is only 18:
	{P_016813, P_011713, Dhai, P_006413, ABSS, P_008632, P_011671, P_011537, P_011701, P_011579, BCGB, P_011715, GAP_80389, GAP_80390, P_011681, P_011679, P_006412, P_011675, P_011735, P_011673, P_011739, P_011745, P_008640, P_008646, Apet, P_011759, P_011677, P_011705, Msal, WIGA, KAYP, P_014073, P_011709, P_011611, P_011719, P_011607}
Extended species tree:
(P0109B,((P_018831,OSHQ)1:1.854642500751237,((P_016909,WZFE)1:2.4817971794323004,(P0203H,((((SJEV,(P_019193,(Wsal,P_019187)1:0.608025257565827)0.99:0.16597177669339486)1:3.225762487673787,(P_016921,(GAP_81227,(WKSU,(Pcol,(GAP_81226,P_006410)1:0.9736474179932976)1:0.3903636779315772)1:0.3693625518621538)1:0.6453769211881637)1:2.4810482955009503)1:1.6960616147029755,((P_025527,(P_025523,P_025525)0.89:0.3677247801253174)1:0.7831656046375238,(((Asie,QDVW)1:3.0573117822767375,(P_019189,(PAWA,P_019197)1:0.9200685837977636)0.91:0.12402209917227575)1:0.2819395108282622,(((P2589,OPDF)1:1.4250324334836149,(P_019185,CSSK)1:0.25664578177059333)1:1.048142200689875,((P_019191,P_019199)1:0.3685910596876605,(GAP_80417,(P2590,GAP_79804)1:1.6942306339908926)1:0.7478142035308651)1:0.596868378292835)1:1.5202707997720823)0.93:0.21211734214042177)1:0.672767230963413)0.98:0.1845972013541608,(((WPHN,P_011613)0.98:0.34035674456046977,(((P_011609,(Sdec,P2619)1:0.6526541205562745)1:1.2531093380786251,(MAQO,(P_011527,(WAIL,((GAP_80297,P_014083)1:1.976577747339797,(P_014077,GAP_80298)0.88:0.1258665842712165)0.96:0.13011018982399153)0.44:0.0324710229399414)1:0.9564902184305792)1:1.6917830651152737)1:0.6756388816418919,(((GAP_79862,P_011587)1:1.1664707036183497,(P_014081,(P0104A,P_008647)1:2.2771415797956753)1:1.7494325968396225)1:1.7592996971219579,(((KRJP,(GAP_80395,P_011549)1:1.0722806456967908)1:1.7179722224737162,(((GAP_80393,GAP_80394)1:0.8428862249244577,(P_011657,(P_011643,(P_011509,P_011651)1:0.5338278191376266)0.62:0.05900949648937804)1:0.6716897896749477)0.65:0.06574695336025738,((P_011647,(P_011465,(P_011501,(P_011489,(P_011487,P_011523)0.52:0.03682127795062926)0.5:0.029415975114051526)1:0.5640161917365439)1:1.1881473929295734)0.99:0.20360169867713468,(P_011631,(P_011551,((P_007844,P_011637)1:0.29975024544769296,(P_007843,(P_007783,P_006414)0.64:0.14844722192318338)1:0.4513217100321774)0.46:0.02821920600036966)0.59:0.058745432116855095)0.72:0.09536310171464522)1:0.6146258105252462)1:2.1342383874623656)1:1.7013994572432527,((P_011531,(P_011589,(P_011699,(P_006411,Schi)1:1.014681069624955)0.33:0.0)0.67:0.2876820724517809)1:2.0627191673140373,(VYLQ,((P_018635,P_008631)0.67:0.14897979909466771,(P_011709,((P_011579,(P_008632,P_011671)0.87:0.13249648042086706)1:1.6281537035512066,(((P_011713,(Dhai,P_011705)1:0.3874678431048456)0.89:0.18344006551546657,((Apet,WIGA)0.49:0.051802012923792856,(P_006413,Msal)0.37:0.02317566161720379)0.95:0.16468672521058095)1:0.3917071633493536,(((ABSS,BCGB)1:0.9000894492045136,(KAYP,(P_016813,((GAP_80389,GAP_80390)1:1.5626213656481749,((P_006412,P_008640)1:0.8642355638111707,(P_011679,P_008646)1:0.31807377540049303)0.54:0.04521481983526594)0.94:0.1785157395487766)0.54:0.06291267171454158)0.61:0.11104364793931558)0.04:0.0,(P_011701,((P_011537,(P_011673,(P_011739,P_011677)1:0.8227974766103291)0.77:0.10985408768179356)0.78:0.10559649225615401,(P_011759,((P_011719,P_011607)0.67:0.2876820724517809,((P_011675,P_011735)1:1.6436310572411048,(P_014073,(P_011681,(P_011715,(P_011745,P_011611)1:1.456679183381095)0.93:0.1738388244366775)0.32:0.03233660674584963)0.33:0.0089150536646011)0.99:0.6792398476245606)0:0.0)0.85:0.11664485602780045)0.66:0.15081689244141872)0.66:0.18006716143430784)0.97:0.21531127515505277)1:1.2137063168605857)0.89:0.4201648998289844)0.64:0.18101240292299228)1:0.46577687224300424)0.99:0.20679739332279623)1:1.2827479566574287)0.73:0.09963122855418256)1:0.44043151375466516)1:0.570029939369336)1:1.8767478565529716,((((P_018779,P_018639)0.99:0.2320150960446529,(P_018695,(P_018645,P_018783)0.99:0.18418067472462474)1:0.2888145044971771)1:0.4286377701290227,(P_018691,((P_007845,(P_016797,(P_016799,(OBPL,GAP_80397)0.97:0.15862470420604272)1:1.524502740538325)0.88:0.28272754168818637)0.9:0.27530000861444864,((P_016793,(P_006422,P_016795)1:0.5811692190163723)1:0.4215822870660044,(P_018693,((S04,(S38,(P_016789,S27)0.79:0.16226132088538167)0.92:0.36522209769203134)1:0.6187261316713585,((S08,P_014095)1:0.9822619803009051,((S02,P_016787)1:2.5131691099447453,(P_016791,(S03,P_014099)1:2.219857130425378)0.4:0.013330013940098246)0.85:0.124917426030623)0.35:0.0258727317139813)1:0.2845211495568365)0.7:0.07872353514833133)0.42:0.029523273426894533)0.62:0.07688175505126478)0.98:0.24395124059658393)1:2.7429696707055977,(((P2622,P2623)0.91:0.24654662915372658,(P0110C,((P0207A,(P0110B,P0207C)0.7:0.11506497828573474)0.59:0.04734351621178352,((XQWC,P0207B)1:0.3380853303745435,(P0206G,P0206H)0.95:0.1283282058133118)0.9:0.10722177516991764)1:1.5003885933409278)1:2.495908968643558)1:0.5149169402133685,((DHPO,GAP_80322)1:3.346942037056013,((P_012941,P_012795)1:3.6316287314362863,((P_012861,((P_012855,(P_012827,P_007802)1:1.9755915755868425)1:0.6817243498173526,((P_012919,P_012921)1:1.9539305451478408,(P_012813,P_018637)1:0.4035841277420002)1:1.3625918593140525)1:2.6752293904357307)0.98:0.19573917519502637,(((P_012867,((P_012923,P_012847)1:2.6974712827806324,(P_012899,P_012817)1:1.5546480596727388)1:0.4923770479747154)1:3.761819605143907,(P_012843,(((P_012937,(P_012939,P_006421)1:1.1003181841460306)1:3.5436811643771033,((P_012837,P_012829)1:0.8252944108849306,(P_012853,P_012803)0.45:0.02335566181431583)0.95:0.1484494164473929)0.98:0.18158173254449292,(((P_012801,(P_012809,P_012879)1:2.991359290003838)1:0.4274917310554862,(P_012839,(P_012805,(P_012825,(YZRI,P_012799)1:1.8816773197871237)0.85:0.09272667786720748)0.86:0.10193036770891394)1:0.5779080824307329)1:1.1304399597435606,(((P_012865,(P_012931,(P_012935,P_012933)1:2.364502509079286)1:1.4482190447536394)0.99:0.18250824526424247,((P_012807,P_012845)1:0.3545921378270396,(P_012871,P_012849)1:1.2103245755814256)1:0.41808144306931155)1:2.0847745764448824,(P_012909,((P_012833,GAP_81172)1:2.19123299488439,((P_012927,(PSJT,GAP_80295)1:0.3002942508910961)1:2.4283768380312347,((P_012791,P_012915)1:0.19013928803796007,(P_012869,(P_012823,(P_012819,P_012835)0.96:0.12939033133998243)1:0.4343315866628353)1:2.122611343179595)1:0.9931939434489773)0.96:0.14117299187238674)1:1.7251663699051571)0.45:0.021306892964859835)1:1.9777794760700766)1:2.0490360237309018)0.42:0.032846249820836976)1:0.9439397043935845)1:1.4465384061001634,(((P_012857,(((P_012883,P_012925)1:2.1604062921496197,(P_012815,P_012903)1:1.310813179217167)0.46:0.03343195013386381,(P_012875,((P_012831,P_012905)1:0.36173469624393007,(P_012901,(P_012887,P_012851)1:2.2489407922470837)0.49:0.03250031743129711)0.96:0.1632592843678583)1:0.7998881336765769)0.59:0.06037204915611323)1:0.5701991510634425,(P_018689,(((P_012859,P_012885)0.36:0.022350941406804322,(P_006420,GAP_80294)1:1.8174211575486832)0.68:0.0908701820643285,(((P_012873,P_012881)1:1.1703851988222376,(GAP_80291,P_012907)0.69:0.090886445371147)0.42:0.022425628483913638,((P_012897,(GAP_80293,P_012893)1:2.317602356822423)0.75:0.12275383410350449,(P_006418,((P_012863,(P_012911,(P_012821,P_012917)1:1.7332428251843637)1:0.961731578787441)0.6:0.09991426255471944,(P_012889,(P_012793,(GAP_80292,P_006419)1:3.035559631824867)0.56:0.05511380376950344)0.66:0.08945967546132481)0.51:0.05018144751177803)0.72:0.10822969790176773)0.34:0.0)0.7:0.10269442359203995)1:1.0610052675321862)1:0.8331174090421237)1:2.1872143658439076,(P_012797,(P_012841,((P_012811,(P_012895,P_012891)1:0.21420258111735682)1:1.040513003098294,(P_012913,P_012877)1:0.8571170161903393)1:1.378442964113829)1:0.4084584802565232)0.63:0.06453460706216463)1:2.2605558616379353)0.96:0.18214278070722767)1:1.4756400365143276)1:3.0257215181418418)1:0.671245334310436)1:0.5462094998589695)1:2.3621628540958395)1:0.9587263183556677)1:2.1612770693277437)1:0.9749356513599313)1:0.7265835810394795));
Weight calculation took 113.017715953 secs
ASTRAL finished in 129.288 secs
