
================== ASTRAL ===================== 

This is ASTRAL version 5.7.7
Gene trees are treated as unrooted
170 trees read from all_bs10.trees
index136
All output trees will be *arbitrarily* rooted at P0109B

======== Running the main analysis
Number of taxa: 244 (244 species)
Taxa: [BCGB, WIGA, MAQO, WAIL, KRJP, P0110C, P0110B, P0207A, P0206G, P0206H, P0207C, P0207B, XQWC, P_011579, P_018639, P_018695, P_018645, P_018783, P_016799, P_007845, GAP_80397, P_016797, P_006422, P_016795, P_016793, S27, P_016789, S03, P_014099, P_016791, S04, S02, P_016787, P_018693, P_018691, P2622, P2623, P_012923, P_012847, P_012899, P_012817, P_012867, P_012853, P_012829, P_012837, P_012803, P_012931, P_012935, P_012933, P_012849, P_012865, P_012845, P_012807, GAP_80295, PSJT, P_012927, P_012915, P_012791, P_012869, P_012835, P_012819, P_012823, GAP_81172, P_012833, P_012909, P_012801, P_012809, P_012879, P_012805, P_012839, P_012825, P_012799, P_006421, P_012939, P_012937, P_012843, P_012913, P_012877, P_012841, P_012797, P_012903, P_012815, P_012883, P_012925, P_012857, P_012875, P_012905, P_012831, P_012901, P_012887, P_012851, P_012891, P_012895, P_012811, P_018689, P_012885, P_012859, P_006420, GAP_80294, P_012897, P_012907, P_012881, P_012873, GAP_80291, GAP_80293, P_012893, P_012863, P_012889, P_006418, P_012793, P_012821, P_012917, P_012911, GAP_80292, P_006419, P_012861, P_012855, P_012827, P_007802, P_018637, P_012813, P_012921, P_012919, P_012795, P_012941, GAP_80417, P2590, GAP_79804, P2589, P_019185, GAP_80322, P_011609, P_018779, P_011701, P0203H, P_016909, P0109B, P_018831, P_019189, P_025523, P_019197, P_019193, P_019187, Wsal, GAP_81226, P_006410, Pcol, P_016921, GAP_81227, Schi, P_006411, P_014077, GAP_80298, GAP_80297, P_014083, P_011527, P_007844, P_011637, s11657, P_011647, GAP_80393, GAP_80394, P_011509, P_011651, P_011643, P_011501, P_011489, P_011523, P_011487, P_007783, P_006414, P_007843, P_011465, P2619, P_011551, P_011549, GAP_80395, P_011613, Sdec, P_011739, P_018635, P_008632, P_011531, P_011671, P_011705, P_011713, P_006413, s11677, P_006412, P_008640, GAP_80389, s11679, GAP_80390, P_008646, P_011675, P_011735, P_011745, P_011537, P_011681, P_011759, P_011715, P_011673, P_016813, P_011699, P_014081, P_008647, P0104A, GAP_79862, P_011587, OBPL, DHPO, P_012871, YZRI, WZFE, QDVW, Asie, PAWA, CSSK, OPDF, SJEV, WKSU, WPHN, VYLQ, Apet, Dhai, ABSS, S38, P_014095, P_019191, S08, OSHQ, P_025525, P_011631, P_008631, KAYP, Msal, P_011719, P_014073, P_025527, P_011709, P_011611, P_019199, P_011607, P_011589]
Taxon occupancy: {P_019193=151, P_019191=81, P_019197=159, OPDF=165, GAP_81172=169, P_018783=167, P_019199=75, Wsal=152, P_016921=167, WKSU=170, P_025523=38, P_025525=57, P_025527=26, P_014073=34, P0203H=120, P_014077=111, QDVW=167, P_011487=167, P_011489=168, P_016813=151, P_006421=169, P_006422=166, P_006420=142, P_006418=169, P_006419=170, P_006414=167, P_014081=130, P_014083=136, P_018689=170, P0206H=163, P0206G=154, Msal=146, P0109B=88, P_012901=168, P_006410=164, P_006411=165, P_012903=168, P_006412=166, P_006413=162, P_012905=169, P_012907=170, GAP_79862=163, PAWA=165, ABSS=169, P_012909=168, P_018691=81, GAP_80291=170, P_018695=164, P_014095=83, GAP_80293=169, P_018693=164, GAP_80292=170, GAP_80295=167, P_014099=164, GAP_80294=169, GAP_80297=167, GAP_80298=165, P_012911=169, P_011701=44, P_012913=148, P_012915=165, P_011705=101, P_012917=166, P_012919=168, P_011709=36, P_012881=170, P_011671=97, P_011551=123, MAQO=169, P_012883=170, P_011673=144, P_012885=169, GAP_80322=168, P_011675=159, P2590=148, P_012887=170, P_012889=168, P_008647=159, PSJT=165, P2589=149, P_012891=169, P_011681=134, P_012893=169, P_018637=169, P_012895=170, P_018635=158, P_012897=169, P0207C=166, P0207B=165, P_012899=168, P0207A=167, P_018639=162, P_008646=167, P_008640=166, BCGB=168, WZFE=167, P_018645=164, KRJP=168, KAYP=105, P_011699=104, P_011579=138, CSSK=164, P_008632=164, P_016909=167, P_007783=163, P_008631=33, P_019187=164, P_019185=159, Sdec=46, P_019189=148, P_012791=168, P_012793=168, P_012795=168, Asie=132, P_018779=150, P_011465=168, P_012797=169, P_011587=140, P_012799=169, P_011589=5, GAP_80417=107, WIGA=165, P_007802=149, GAP_79804=136, P_012841=168, P_011631=144, P_012843=168, Pcol=145, P_012845=167, P_012847=165, P_011637=167, P_011759=159, P_012849=168, Apet=77, OBPL=168, P0110C=159, P0110B=126, P_018831=165, YZRI=168, P_012851=169, P_012853=166, P_011643=170, P_011523=168, P_012855=168, P_012857=167, P_011647=159, P_011527=109, P_012859=169, WAIL=168, P_016789=162, P_012861=169, P_011651=156, P_016787=165, P_011531=147, P_012863=169, P_012865=168, Schi=143, P_012867=168, P_011537=136, P_012869=169, P_016793=162, P_016791=166, P_016797=168, SJEV=167, P_016795=163, P_012871=165, P_012873=168, P_016799=166, P_012875=169, P_012877=167, P_012879=170, P_011549=162, P_007844=128, P_007845=43, S02=137, S04=57, P_012921=164, S03=160, P_012801=168, P_012923=169, P_011713=129, P_012803=167, P_012925=168, P_011715=150, S08=118, P_012805=168, P_007843=157, P_012927=169, P_012807=165, P_011719=33, P_012809=168, VYLQ=168, s11657=151, DHPO=170, GAP_80390=149, P2622=130, P2623=65, XQWC=169, GAP_80394=168, GAP_80393=169, GAP_80395=168, GAP_80397=167, P_012931=169, P_012811=169, P_012933=165, WPHN=168, P_012813=168, P_012935=166, P_012815=168, P_012937=169, P_012817=167, P_011607=7, P_012939=167, P_012819=165, P_011609=118, P2619=117, OSHQ=167, GAP_80389=160, P_012941=170, P_012821=168, P_011611=23, P_012823=168, P_011613=77, P_011735=166, S27=138, P_012825=170, P_012827=159, P_011739=151, P_012829=122, s11679=136, s11677=134, Dhai=163, P0104A=149, P_012831=164, P_011501=168, P_012833=167, GAP_81226=168, GAP_81227=168, P_011745=153, P_012835=168, S38=57, P_012837=168, P_012839=166, P_011509=167}
Number of gene trees: 170
170 trees have missing taxa
Calculating quartet distance matrix (for completion of X)
Species tree distances calculated ...
Will attempt to complete bipartitions from X before adding using a distance matrix.
Building set of clusters (X) from gene trees 
------------------------------
gradient0: 27001
Number of Clusters after addition by distance: 27001
calculating extra bipartitions to be added at level 1 ...
Adding to X using resolutions of greedy consensus ...
Limit for sigma of degrees:6150
polytomy size limit : 38
discarded polytomies:  [3, 3, 3, 3, 3, 3, 3, 3, 3, 3, 3, 3, 3, 3, 3, 3, 3, 3, 3, 3, 4, 4, 4, 4, 4, 4, 4, 4, 4, 4, 4, 5, 5, 5, 5, 5, 5, 5, 6, 7, 7, 9, 10, 10, 12, 13, 14, 14, 14, 26, 38]
Threshold 0.0:
polytomy of size 3; rounds with additions with at least 5 support: 0; clusters: 27005
Threshold 0.01:
polytomy of size 5; rounds with additions with at least 5 support: 0; clusters: 27035
Threshold 0.02:
polytomy of size 7; rounds with additions with at least 5 support: 0; clusters: 27103
polytomy of size 3; rounds with additions with at least 5 support: 0; clusters: 27105
Threshold 0.05:
polytomy of size 3; rounds with additions with at least 5 support: 0; clusters: 27105
polytomy of size 9; rounds with additions with at least 5 support: 0; clusters: 27127
polytomy of size 4; rounds with additions with at least 5 support: 0; clusters: 27127
polytomy of size 5; rounds with additions with at least 5 support: 1; clusters: 27133
polytomy of size 4; rounds with additions with at least 5 support: 0; clusters: 27133
Threshold 0.1:
polytomy of size 3; rounds with additions with at least 5 support: 0; clusters: 27133
polytomy of size 4; rounds with additions with at least 5 support: 0; clusters: 27133
polytomy of size 13; rounds with additions with at least 5 support: 0; clusters: 27153
polytomy of size 3; rounds with additions with at least 5 support: 0; clusters: 27153
polytomy of size 3; rounds with additions with at least 5 support: 0; clusters: 27153
polytomy of size 4; rounds with additions with at least 5 support: 0; clusters: 27155
polytomy of size 5; rounds with additions with at least 5 support: 0; clusters: 27159
polytomy of size 12; rounds with additions with at least 5 support: 1; clusters: 27215
Threshold 0.2:
polytomy of size 10; rounds with additions with at least 5 support: 0; clusters: 27231
polytomy of size 14; rounds with additions with at least 5 support: 0; clusters: 27247
polytomy of size 4; rounds with additions with at least 5 support: 0; clusters: 27247
polytomy of size 4; rounds with additions with at least 5 support: 0; clusters: 27247
polytomy of size 5; rounds with additions with at least 5 support: 0; clusters: 27247
polytomy of size 3; rounds with additions with at least 5 support: 0; clusters: 27247
polytomy of size 3; rounds with additions with at least 5 support: 0; clusters: 27247
polytomy of size 3; rounds with additions with at least 5 support: 0; clusters: 27247
polytomy of size 5; rounds with additions with at least 5 support: 0; clusters: 27247
polytomy of size 3; rounds with additions with at least 5 support: 0; clusters: 27247
polytomy of size 26; rounds with additions with at least 5 support: 0; clusters: 27303
polytomy of size 4; rounds with additions with at least 5 support: 0; clusters: 27303
Threshold 0.3333333333333333:
polytomy of size 3; rounds with additions with at least 5 support: 0; clusters: 27303
polytomy of size 3; rounds with additions with at least 5 support: 0; clusters: 27303
polytomy of size 4; rounds with additions with at least 5 support: 0; clusters: 27303
polytomy of size 3; rounds with additions with at least 5 support: 0; clusters: 27303
polytomy of size 10; rounds with additions with at least 5 support: 0; clusters: 27303
polytomy of size 3; rounds with additions with at least 5 support: 0; clusters: 27303
polytomy of size 3; rounds with additions with at least 5 support: 0; clusters: 27303
polytomy of size 5; rounds with additions with at least 5 support: 0; clusters: 27303
polytomy of size 3; rounds with additions with at least 5 support: 0; clusters: 27303
polytomy of size 14; rounds with additions with at least 5 support: 0; clusters: 27307
polytomy of size 14; rounds with additions with at least 5 support: 0; clusters: 27309
polytomy of size 4; rounds with additions with at least 5 support: 0; clusters: 27309
polytomy of size 5; rounds with additions with at least 5 support: 0; clusters: 27309
polytomy of size 3; rounds with additions with at least 5 support: 0; clusters: 27309
polytomy of size 3; rounds with additions with at least 5 support: 0; clusters: 27309
polytomy of size 3; rounds with additions with at least 5 support: 0; clusters: 27309
polytomy of size 3; rounds with additions with at least 5 support: 0; clusters: 27309
polytomy of size 4; rounds with additions with at least 5 support: 0; clusters: 27309
polytomy of size 6; rounds with additions with at least 5 support: 0; clusters: 27309
polytomy of size 4; rounds with additions with at least 5 support: 0; clusters: 27309
polytomy of size 7; rounds with additions with at least 5 support: 0; clusters: 27309
polytomy of size 38; rounds with additions with at least 5 support: 0; clusters: 27347
max k is :2
Number of Clusters after addition by greedy: 27347
gradient0 in heuristiic: 27347
partitions formed in 22.507 secs
Dynamic Programming starting after 22.508 secs
Using tree-based weight calculation.
Using polytree-based weight calculation.
Polytree max score: 13113716198
Polytree building time: 0.21 seconds.
Number of quartet trees in the gene trees: 13113716198
Size of largest cluster: 244
Greedy score: 12090299401
estimationFactor: 1.0846477628928983
Sub-optimal score: 12156737696
Total Number of elements weighted: 71477
Normalized score (portion of input quartet trees satisfied before correcting for multiple individuals): 0.9502925337747195
Optimization score: 12461866593
Optimal tree inferred in 178.447 secs.
(P_011531,((P_011699,(Schi,P_006411)),((VYLQ,((P_018635,P_008631),(P_011709,((P_011719,P_011589),((P_011579,(P_008632,P_011671)),((KAYP,((BCGB,ABSS),(WIGA,(Dhai,(Apet,Msal))))),((P_011713,(P_011705,P_006413)),((P_016813,((GAP_80389,GAP_80390),((P_006412,P_008640),(s11679,P_008646)))),(P_011701,(P_014073,((P_011673,(P_011607,(P_011537,(P_011739,s11677)))),(P_011759,((P_011675,P_011735),(P_011715,(P_011745,(P_011681,P_011611)))))))))))))))),(((KRJP,(P_011549,GAP_80395)),((s11657,(P_011643,(P_011509,P_011651))),((GAP_80393,GAP_80394),((P_011647,(P_011465,(P_011523,(P_011501,(P_011489,P_011487))))),(P_011631,(P_011551,((P_007844,P_011637),(P_007843,(P_007783,P_006414))))))))),(((GAP_79862,P_011587),(P_014081,(P_008647,P0104A))),(((P_011609,(P2619,Sdec)),(MAQO,(WAIL,(P_011527,((P_014077,GAP_80298),(GAP_80297,P_014083)))))),((P_011613,WPHN),(((P0203H,((P_016909,WZFE),(P0109B,(P_018831,OSHQ)))),(((SJEV,(P_019193,(P_019187,Wsal))),(P_016921,(WKSU,(GAP_81227,(Pcol,(GAP_81226,P_006410)))))),((P_025527,(P_025523,P_025525)),(((QDVW,Asie),(P_019189,(P_019197,PAWA))),((CSSK,(P_019185,(P2589,OPDF))),((P_019191,P_019199),(GAP_80417,(P2590,GAP_79804)))))))),((((P_018639,P_018779),(P_018695,(P_018645,P_018783))),((P_007845,(P_016797,(OBPL,(P_016799,GAP_80397)))),((P_016793,(P_006422,P_016795)),(P_018691,(P_018693,((P_014095,S08),((S04,(S38,(S27,P_016789))),((S03,P_014099),(P_016791,(S02,P_016787)))))))))),((P2623,(P2622,(P0110C,(XQWC,(P0110B,(P0207A,(P0207C,(P0207B,(P0206G,P0206H))))))))),((GAP_80322,DHPO),((P_012795,P_012941),((P_012861,((P_012855,(P_012827,P_007802)),((P_012921,P_012919),(P_018637,P_012813)))),(((P_012797,(P_012841,((P_012913,P_012877),(P_012811,(P_012891,P_012895))))),((((P_012903,P_012815),(P_012857,(P_012883,P_012925))),(P_012875,((P_012905,P_012831),(P_012901,(P_012887,P_012851))))),(P_018689,((P_012859,(P_012885,(P_006420,GAP_80294))),(((P_012881,P_012873),(P_012907,GAP_80291)),((P_012897,(GAP_80293,P_012893)),((P_012911,(P_012821,P_012917)),((P_012889,(P_012863,P_006418)),(P_012793,(GAP_80292,P_006419)))))))))),((P_012867,((P_012923,P_012847),(P_012899,P_012817))),(P_012843,(((P_012937,(P_006421,P_012939)),((P_012829,P_012837),(P_012853,P_012803))),(((P_012801,(P_012809,P_012879)),((P_012805,P_012839),(P_012825,(P_012799,YZRI)))),(P_012909,(((P_012865,(P_012931,(P_012935,P_012933))),((P_012849,P_012871),(P_012845,P_012807))),((PSJT,(GAP_80295,P_012927)),((GAP_81172,P_012833),((P_012915,P_012791),(P_012869,(P_012823,(P_012835,P_012819))))))))))))))))))))))))));
Final quartet score is: 12461866593
Final normalized quartet score is: 0.9502925337747195
You may want to ignore posterior probabilities and other statistics related to the following branch branch because the effective number of genes impacting it is only 16:
	{P_025523, P_025525}
You may want to ignore posterior probabilities and other statistics related to the following branch branch because the effective number of genes impacting it is only 1:
	{P_011719, P_011589}
You may want to ignore posterior probabilities and other statistics related to the following branch branch because the effective number of genes impacting it is only 6:
	{P_011739, s11677, P_011537}
You may want to ignore posterior probabilities and other statistics related to the following branch branch because the effective number of genes impacting it is only 7:
	{P_011739, s11677, P_011537, P_011607}
You may want to ignore posterior probabilities and other statistics related to the following branch branch because the effective number of genes impacting it is only 12:
	{P_011739, s11677, P_011675, P_011735, P_011745, P_011537, P_011681, P_011759, P_011715, P_011673, P_014073, P_011611, P_011607}
You may want to ignore posterior probabilities and other statistics related to the following branch branch because the effective number of genes impacting it is only 9:
	{BCGB, WIGA, P_011579, P_011701, P_011739, P_008632, P_011671, P_011705, P_011713, P_006413, s11677, P_006412, P_008640, GAP_80389, s11679, GAP_80390, P_008646, P_011675, P_011735, P_011745, P_011537, P_011681, P_011759, P_011715, P_011673, P_016813, Apet, Dhai, ABSS, KAYP, Msal, P_011719, P_014073, P_011611, P_011607, P_011589}
Extended species tree:
(P0109B,((P_018831,OSHQ)1:0.44407907744976893,((P_016909,WZFE)1:0.9834171938623534,(P0203H,((((SJEV,(P_019193,(P_019187,Wsal)1:0.7000669717582044)1:1.0764618257445304)1:1.5031427876235868,(P_016921,(WKSU,(GAP_81227,(Pcol,(GAP_81226,P_006410)1:1.0230369381343074)1:1.0126012455555695)1:0.28354240856556046)0.8:0.22918291390485204)1:2.827781912444501)1:2.114926312975004,((P_025527,(P_025523,P_025525)1:0.8209687211805611)1:0.8396094317060498,(((QDVW,Asie)1:3.386170618453243,(P_019189,(P_019197,PAWA)1:0.4192861260668144)0.57:0.11290523400832023)0.99:0.1675620793810874,((CSSK,(P_019185,(P2589,OPDF)1:0.417370732324498)0.87:0.09841657220294656)1:1.0618652476960828,((P_019191,P_019199)1:0.370834307249365,(GAP_80417,(P2590,GAP_79804)1:2.079960437183616)1:0.6864148462949997)1:0.6602666721473114)1:1.7010459990643656)1:0.3569235140251979)1:0.5307622902487239)1:0.25224249998339976,(((((P_018639,P_018779)1:0.3341460982046071,(P_018695,(P_018645,P_018783)1:0.24511546540301984)1:0.2661368923099704)1:0.5326465726792264,((P_007845,(P_016797,(OBPL,(P_016799,GAP_80397)1:0.4866800742588264)1:0.4211033545823097)0.7:0.16566086388995108)0.98:0.32774942763397413,((P_016793,(P_006422,P_016795)1:0.7503157764717618)1:0.729482415990712,(P_018691,(P_018693,((P_014095,S08)1:0.6881443460242345,((S04,(S38,(S27,P_016789)1:0.430228134686675)0.51:0.09801958185139303)1:0.4699372977155559,((S03,P_014099)1:2.6454047227644897,(P_016791,(S02,P_016787)1:3.3743637376627365)0.71:0.07756304572345096)0.67:0.07674339931751703)0.97:0.18253920249392158)1:0.36902619269294124)0.95:0.22838894210181326)0.38:0.0060257867232878385)0.98:0.1751100336193685)0.72:0.13871949969473818)1:2.839194858063179,((P2623,(P2622,(P0110C,(XQWC,(P0110B,(P0207A,(P0207C,(P0207B,(P0206G,P0206H)1:0.29249352171995435)0.86:0.11901417507985677)0.95:0.12778190400802514)0.58:0.047003319480370065)1:0.5329483846999694)1:0.3781211202152665)1:1.6083083770689572)0.64:0.1561258666237539)0.92:0.19144678464554557,((GAP_80322,DHPO)1:1.887327377697706,((P_012795,P_012941)1:3.3342390988729877,((P_012861,((P_012855,(P_012827,P_007802)1:1.860366187245007)1:1.1455068300130724,((P_012921,P_012919)1:2.6227134064333635,(P_018637,P_012813)1:0.6217006971887918)1:2.3481065500029223)1:2.682345265272006)0.95:0.19864396377735993,(((P_012797,(P_012841,((P_012913,P_012877)1:1.6150717301523554,(P_012811,(P_012891,P_012895)1:0.364262977217898)1:1.8752941855274574)1:1.8496714364817994)1:0.47744400929714154)0.66:0.06769274039921895,((((P_012903,P_012815)1:1.363390597459893,(P_012857,(P_012883,P_012925)1:2.6481836436553685)0.47:0.041796758519664766)0.68:0.062231724793971155,(P_012875,((P_012905,P_012831)1:0.5113589273535453,(P_012901,(P_012887,P_012851)1:2.929520751918621)0.53:0.0355377412035632)1:0.23679246158882886)1:0.8683913718178221)1:0.6043265542906432,(P_018689,((P_012859,(P_012885,(P_006420,GAP_80294)1:1.9377681454069027)0.52:0.047755103587811376)0.7:0.081585035291062,(((P_012881,P_012873)1:1.3280927692555322,(P_012907,GAP_80291)0.87:0.12028067820830506)0.6:0.06504328323950113,((P_012897,(GAP_80293,P_012893)1:2.283556839118264)0.69:0.07158393476721486,((P_012911,(P_012821,P_012917)1:1.783718990987795)1:1.3191090284763933,((P_012889,(P_012863,P_006418)0.76:0.08855396499088246)0.43:0.022132462414250643,(P_012793,(GAP_80292,P_006419)1:2.7918848778900545)0.98:0.1833613687610816)0.71:0.10033597654134024)0.44:0.02159849553038834)0.56:0.048230269006014265)0.83:0.11986465410604384)1:1.8655192819047204)1:1.2396880580260137)1:2.437653377851965)1:2.908864521183295,((P_012867,((P_012923,P_012847)1:3.1716277707013893,(P_012899,P_012817)1:2.4417072199875567)1:1.0160878841387582)1:3.3784674909971195,(P_012843,(((P_012937,(P_006421,P_012939)1:1.6094379124341005)1:4.488234517804979,((P_012829,P_012837)1:1.3859994420043313,(P_012853,P_012803)0.43:0.017443757819239243)1:0.31195017186495294)0.97:0.1468833118442062,(((P_012801,(P_012809,P_012879)1:4.017121635781209)1:0.8644425366477517,((P_012805,P_012839)0.94:0.12509818485311255,(P_012825,(P_012799,YZRI)1:0.6513137008131765)1:0.2786499282533202)1:0.7795288483660227)1:1.1608115817039197,(P_012909,(((P_012865,(P_012931,(P_012935,P_012933)1:2.1355310083308803)1:2.505792935419484)1:0.3140893481998398,((P_012849,P_012871)1:2.020235931914978,(P_012845,P_012807)1:0.5900230269307118)1:0.5931709859456854)1:3.2063612468528846,((PSJT,(GAP_80295,P_012927)1:0.2456465591563997)1:0.8718061159890721,((GAP_81172,P_012833)1:3.327006212018123,((P_012915,P_012791)1:0.2111521071796392,(P_012869,(P_012823,(P_012835,P_012819)0.72:0.06426312782850768)1:0.8369246934210478)1:3.413516006038965)1:2.044303886033423)0.74:0.1331983798742721)1:1.8722151972208825)0.7:0.0788982770679804)1:2.0174817769438307)1:2.3251791923902583)1:0.19989424698431663)1:1.455271973688076)1:1.6396228547808334)1:0.46577705749189524)1:1.4545950558986467)1:3.68533282621564)1:0.7908764610525081)1:1.0804444914495357)1:2.5016490234884246,((P_011613,WPHN)0.37:0.004962018098089416,(((P_011609,(P2619,Sdec)0.91:0.30909994613433045)1:0.9274570974057432,(MAQO,(WAIL,(P_011527,((P_014077,GAP_80298)0.96:0.1674787229149764,(GAP_80297,P_014083)1:1.8929474895943421)0.6:0.07209846457252754)1:0.9562498857582492)0.98:0.2938973061890505)1:0.985058651389295)0.99:0.22434298139937153,(((GAP_79862,P_011587)1:1.3918316712080974,(P_014081,(P_008647,P0104A)1:2.9862681333628407)1:2.048014438152082)1:1.2910109053134518,(((KRJP,(P_011549,GAP_80395)1:2.115778328112581)1:0.46335585991162326,((s11657,(P_011643,(P_011509,P_011651)1:0.9247189841205539)0.95:0.1450023067168846)1:0.9083396237546362,((GAP_80393,GAP_80394)1:0.8015162769266845,((P_011647,(P_011465,(P_011523,(P_011501,(P_011489,P_011487)0.98:0.16113637348909182)0.53:0.06428059024431207)1:0.7628904492009759)1:1.3641119650570368)0.99:0.18898015015369143,(P_011631,(P_011551,((P_007844,P_011637)0.78:0.09343270887501706,(P_007843,(P_007783,P_006414)0.84:0.10457113106820415)1:0.38203049356856955)0.92:0.1508588622679097)0.54:0.08288831555097669)0.74:0.08990245205708249)1:0.979819568783954)0.37:0.030187482057369455)1:2.387307829643248)1:1.4644458474522528,((VYLQ,((P_018635,P_008631)0.79:0.2082335972661192,(P_011709,((P_011719,P_011589)0.67:0.2876820724517809,((P_011579,(P_008632,P_011671)0.5:0.03571752583390393)1:1.6162890363748887,((KAYP,((BCGB,ABSS)1:0.7795010310357915,(WIGA,(Dhai,(Apet,Msal)0.5:0.10877017800495287)1:0.21506311743975084)1:0.5323288275068475)0.75:0.09916957534883021)1:0.5392576286747105,((P_011713,(P_011705,P_006413)0.45:0.03821842356394896)0.95:0.1873281669424121,((P_016813,((GAP_80389,GAP_80390)1:1.8287145959745725,((P_006412,P_008640)1:1.0824227994727784,(s11679,P_008646)1:0.29601239725353773)1:0.3104322170889879)0.67:0.07339740089109859)1:0.8504218873501712,(P_011701,(P_014073,((P_011673,(P_011607,(P_011537,(P_011739,s11677)1:0.5583621246273055)0.76:0.3335028210988094)0.16:0.0)0.73:0.08158720960304984,(P_011759,((P_011675,P_011735)1:1.8156601944541344,(P_011715,(P_011745,(P_011681,P_011611)0.47:0.1879334321140202)0.72:0.08542217193605493)1:0.2142562615874365)0.87:0.13342148108959506)0.98:0.18589304608254636)0.83:0.23612580407929115)0.59:0.1941722410401783)0.89:0.2809878743698602)0.99:0.23378680952500516)1:0.2820994057361241)1:0.5255926457501676)0.97:0.36145651187032934)0.54:0.12602056590958896)0.89:0.29323715050628874)1:0.6973153200559529)1:0.2722370660427844,((P_011699,(Schi,P_006411)1:1.1098229932932462)1:0.4182159312031505,P_011531)1:1.9355483912483824)1:1.0220988694889368)0.99:0.23385274921080926)1:0.2951339758794886)1:0.7965292522604382)1:1.5163660098118732)1:0.9261098887643454)1:2.0524426625759418)1:0.8213484401103966)1:1.1319270467473164));
Weight calculation took 149.676374839 secs
ASTRAL finished in 181.627 secs
