
================== ASTRAL ===================== 

This is ASTRAL version 5.7.7
Gene trees are treated as unrooted
170 trees read from all_bs10.trees
index136
All output trees will be *arbitrarily* rooted at P0109B

======== Running the main analysis
Number of taxa: 244 (244 species)
Taxa: [BCGB, WIGA, MAQO, WAIL, KRJP, P0110C, P0110B, P0207A, P0206G, P0206H, P0207C, P0207B, XQWC, P_011579, P_018639, P_018695, P_018645, P_018783, P_016799, P_007845, GAP_80397, P_016797, P_006422, P_016795, P_016793, S27, P_016789, S03, P_014099, P_016791, S04, S02, P_016787, P_018693, P_018691, P2622, P2623, P_012923, P_012847, P_012899, P_012817, P_012867, P_012853, P_012829, P_012837, P_012803, P_012931, P_012935, P_012933, P_012849, P_012865, P_012845, P_012807, GAP_80295, PSJT, P_012927, P_012915, P_012791, P_012869, P_012835, P_012819, P_012823, GAP_81172, P_012833, P_012909, P_012801, P_012809, P_012879, P_012805, P_012839, P_012825, P_012799, P_006421, P_012939, P_012937, P_012843, P_012913, P_012877, P_012841, P_012797, P_012903, P_012815, P_012883, P_012925, P_012857, P_012875, P_012905, P_012831, P_012901, P_012887, P_012851, P_012891, P_012895, P_012811, P_018689, P_012885, P_012859, P_006420, GAP_80294, P_012897, P_012907, P_012881, P_012873, GAP_80291, GAP_80293, P_012893, P_012863, P_012889, P_006418, P_012793, P_012821, P_012917, P_012911, GAP_80292, P_006419, P_012861, P_012855, P_012827, P_007802, P_018637, P_012813, P_012921, P_012919, P_012795, P_012941, GAP_80417, P2590, GAP_79804, P2589, P_019185, GAP_80322, P_011609, P_018779, P_011701, P0203H, P_016909, P0109B, P_018831, P_019189, P_025523, P_019197, P_019193, P_019187, Wsal, GAP_81226, P_006410, Pcol, P_016921, GAP_81227, Schi, P_006411, P_014077, GAP_80298, GAP_80297, P_014083, P_011527, P_007844, P_011637, s11657, P_011647, GAP_80393, GAP_80394, P_011509, P_011651, P_011643, P_011501, P_011489, P_011523, P_011487, P_007783, P_006414, P_007843, P_011465, P2619, P_011551, P_011549, GAP_80395, P_011613, Sdec, P_011739, P_018635, P_008632, P_011531, P_011671, P_011705, P_011713, P_006413, s11677, P_006412, P_008640, GAP_80389, s11679, GAP_80390, P_008646, P_011675, P_011735, P_011745, P_011537, P_011681, P_011759, P_011715, P_011673, P_016813, P_011699, P_014081, P_008647, P0104A, GAP_79862, P_011587, OBPL, DHPO, P_012871, YZRI, WZFE, QDVW, Asie, PAWA, CSSK, OPDF, SJEV, WKSU, WPHN, VYLQ, Apet, Dhai, ABSS, S38, P_014095, P_019191, S08, OSHQ, P_025525, P_011631, P_008631, KAYP, Msal, P_011719, P_014073, P_025527, P_011709, P_011611, P_019199, P_011607, P_011589]
Taxon occupancy: {P_019193=151, P_019191=81, P_019197=159, OPDF=165, GAP_81172=169, P_018783=167, P_019199=75, Wsal=152, P_016921=167, WKSU=170, P_025523=38, P_025525=57, P_025527=26, P_014073=34, P0203H=120, P_014077=111, QDVW=167, P_011487=167, P_011489=168, P_016813=151, P_006421=169, P_006422=166, P_006420=142, P_006418=169, P_006419=170, P_006414=167, P_014081=130, P_014083=136, P_018689=170, P0206H=163, P0206G=154, Msal=146, P0109B=88, P_012901=168, P_006410=164, P_006411=165, P_012903=168, P_006412=166, P_006413=162, P_012905=169, P_012907=170, GAP_79862=163, PAWA=165, ABSS=169, P_012909=168, P_018691=81, GAP_80291=170, P_018695=164, P_014095=83, GAP_80293=169, P_018693=164, GAP_80292=170, GAP_80295=167, P_014099=164, GAP_80294=169, GAP_80297=167, GAP_80298=165, P_012911=169, P_011701=44, P_012913=148, P_012915=165, P_011705=101, P_012917=166, P_012919=168, P_011709=36, P_012881=170, P_011671=97, P_011551=123, MAQO=169, P_012883=170, P_011673=144, P_012885=169, GAP_80322=168, P_011675=159, P2590=148, P_012887=170, P_012889=168, P_008647=159, PSJT=165, P2589=149, P_012891=169, P_011681=134, P_012893=169, P_018637=169, P_012895=170, P_018635=158, P_012897=169, P0207C=166, P0207B=165, P_012899=168, P0207A=167, P_018639=162, P_008646=167, P_008640=166, BCGB=168, WZFE=167, P_018645=164, KRJP=168, KAYP=105, P_011699=104, P_011579=138, CSSK=164, P_008632=164, P_016909=167, P_007783=163, P_008631=33, P_019187=164, P_019185=159, Sdec=46, P_019189=148, P_012791=168, P_012793=168, P_012795=168, Asie=132, P_018779=150, P_011465=168, P_012797=169, P_011587=140, P_012799=169, P_011589=5, GAP_80417=107, WIGA=165, P_007802=149, GAP_79804=136, P_012841=168, P_011631=144, P_012843=168, Pcol=145, P_012845=167, P_012847=165, P_011637=167, P_011759=159, P_012849=168, Apet=77, OBPL=168, P0110C=159, P0110B=126, P_018831=165, YZRI=168, P_012851=169, P_012853=166, P_011643=170, P_011523=168, P_012855=168, P_012857=167, P_011647=159, P_011527=109, P_012859=169, WAIL=168, P_016789=162, P_012861=169, P_011651=156, P_016787=165, P_011531=147, P_012863=169, P_012865=168, Schi=143, P_012867=168, P_011537=136, P_012869=169, P_016793=162, P_016791=166, P_016797=168, SJEV=167, P_016795=163, P_012871=165, P_012873=168, P_016799=166, P_012875=169, P_012877=167, P_012879=170, P_011549=162, P_007844=128, P_007845=43, S02=137, S04=57, P_012921=164, S03=160, P_012801=168, P_012923=169, P_011713=129, P_012803=167, P_012925=168, P_011715=150, S08=118, P_012805=168, P_007843=157, P_012927=169, P_012807=165, P_011719=33, P_012809=168, VYLQ=168, s11657=151, DHPO=170, GAP_80390=149, P2622=130, P2623=65, XQWC=169, GAP_80394=168, GAP_80393=169, GAP_80395=168, GAP_80397=167, P_012931=169, P_012811=169, P_012933=165, WPHN=168, P_012813=168, P_012935=166, P_012815=168, P_012937=169, P_012817=167, P_011607=7, P_012939=167, P_012819=165, P_011609=118, P2619=117, OSHQ=167, GAP_80389=160, P_012941=170, P_012821=168, P_011611=23, P_012823=168, P_011613=77, P_011735=166, S27=138, P_012825=170, P_012827=159, P_011739=151, P_012829=122, s11679=136, s11677=134, Dhai=163, P0104A=149, P_012831=164, P_011501=168, P_012833=167, GAP_81226=168, GAP_81227=168, P_011745=153, P_012835=168, S38=57, P_012837=168, P_012839=166, P_011509=167}
Number of gene trees: 170
170 trees have missing taxa
Calculating quartet distance matrix (for completion of X)
Species tree distances calculated ...
Will attempt to complete bipartitions from X before adding using a distance matrix.
Building set of clusters (X) from gene trees 
------------------------------
gradient0: 27001
Number of Clusters after addition by distance: 27001
calculating extra bipartitions to be added at level 1 ...
Adding to X using resolutions of greedy consensus ...
Limit for sigma of degrees:6150
polytomy size limit : 38
discarded polytomies:  [3, 3, 3, 3, 3, 3, 3, 3, 3, 3, 3, 3, 3, 3, 3, 3, 3, 3, 3, 3, 4, 4, 4, 4, 4, 4, 4, 4, 4, 4, 4, 5, 5, 5, 5, 5, 5, 5, 6, 7, 7, 9, 10, 10, 12, 13, 14, 14, 14, 26, 38]
Threshold 0.0:
polytomy of size 3; rounds with additions with at least 5 support: 0; clusters: 27005
Threshold 0.01:
polytomy of size 5; rounds with additions with at least 5 support: 0; clusters: 27035
Threshold 0.02:
polytomy of size 7; rounds with additions with at least 5 support: 0; clusters: 27103
polytomy of size 3; rounds with additions with at least 5 support: 0; clusters: 27105
Threshold 0.05:
polytomy of size 3; rounds with additions with at least 5 support: 0; clusters: 27105
polytomy of size 9; rounds with additions with at least 5 support: 0; clusters: 27127
polytomy of size 4; rounds with additions with at least 5 support: 0; clusters: 27127
polytomy of size 5; rounds with additions with at least 5 support: 1; clusters: 27133
polytomy of size 4; rounds with additions with at least 5 support: 0; clusters: 27133
Threshold 0.1:
polytomy of size 3; rounds with additions with at least 5 support: 0; clusters: 27133
polytomy of size 4; rounds with additions with at least 5 support: 0; clusters: 27133
polytomy of size 13; rounds with additions with at least 5 support: 0; clusters: 27153
polytomy of size 3; rounds with additions with at least 5 support: 0; clusters: 27153
polytomy of size 3; rounds with additions with at least 5 support: 0; clusters: 27153
polytomy of size 4; rounds with additions with at least 5 support: 0; clusters: 27155
polytomy of size 5; rounds with additions with at least 5 support: 0; clusters: 27159
polytomy of size 12; rounds with additions with at least 5 support: 1; clusters: 27215
Threshold 0.2:
polytomy of size 10; rounds with additions with at least 5 support: 0; clusters: 27231
polytomy of size 14; rounds with additions with at least 5 support: 0; clusters: 27247
polytomy of size 4; rounds with additions with at least 5 support: 0; clusters: 27247
polytomy of size 4; rounds with additions with at least 5 support: 0; clusters: 27247
polytomy of size 5; rounds with additions with at least 5 support: 0; clusters: 27247
polytomy of size 3; rounds with additions with at least 5 support: 0; clusters: 27247
polytomy of size 3; rounds with additions with at least 5 support: 0; clusters: 27247
polytomy of size 3; rounds with additions with at least 5 support: 0; clusters: 27247
polytomy of size 5; rounds with additions with at least 5 support: 0; clusters: 27247
polytomy of size 3; rounds with additions with at least 5 support: 0; clusters: 27247
polytomy of size 26; rounds with additions with at least 5 support: 0; clusters: 27303
polytomy of size 4; rounds with additions with at least 5 support: 0; clusters: 27303
Threshold 0.3333333333333333:
polytomy of size 3; rounds with additions with at least 5 support: 0; clusters: 27303
polytomy of size 3; rounds with additions with at least 5 support: 0; clusters: 27303
polytomy of size 4; rounds with additions with at least 5 support: 0; clusters: 27303
polytomy of size 3; rounds with additions with at least 5 support: 0; clusters: 27303
polytomy of size 10; rounds with additions with at least 5 support: 0; clusters: 27303
polytomy of size 3; rounds with additions with at least 5 support: 0; clusters: 27303
polytomy of size 3; rounds with additions with at least 5 support: 0; clusters: 27303
polytomy of size 5; rounds with additions with at least 5 support: 0; clusters: 27303
polytomy of size 3; rounds with additions with at least 5 support: 0; clusters: 27303
polytomy of size 14; rounds with additions with at least 5 support: 0; clusters: 27307
polytomy of size 14; rounds with additions with at least 5 support: 0; clusters: 27309
polytomy of size 4; rounds with additions with at least 5 support: 0; clusters: 27309
polytomy of size 5; rounds with additions with at least 5 support: 0; clusters: 27309
polytomy of size 3; rounds with additions with at least 5 support: 0; clusters: 27309
polytomy of size 3; rounds with additions with at least 5 support: 0; clusters: 27309
polytomy of size 3; rounds with additions with at least 5 support: 0; clusters: 27309
polytomy of size 3; rounds with additions with at least 5 support: 0; clusters: 27309
polytomy of size 4; rounds with additions with at least 5 support: 0; clusters: 27309
polytomy of size 6; rounds with additions with at least 5 support: 0; clusters: 27309
polytomy of size 4; rounds with additions with at least 5 support: 0; clusters: 27309
polytomy of size 7; rounds with additions with at least 5 support: 0; clusters: 27309
polytomy of size 38; rounds with additions with at least 5 support: 0; clusters: 27347
max k is :2
Number of Clusters after addition by greedy: 27347
gradient0 in heuristiic: 27347
partitions formed in 23.555 secs
Dynamic Programming starting after 23.555 secs
Using tree-based weight calculation.
Using polytree-based weight calculation.
Polytree max score: 13113716198
Polytree building time: 0.206 seconds.
Number of quartet trees in the gene trees: 13113716198
Size of largest cluster: 244
Greedy score: 12090299401
estimationFactor: 1.0846477628928983
Sub-optimal score: 12156737696
Total Number of elements weighted: 71477
Normalized score (portion of input quartet trees satisfied before correcting for multiple individuals): 0.9502925337747195
Optimization score: 12461866593
Optimal tree inferred in 167.991 secs.
(P_011531,((P_011699,(Schi,P_006411)),((VYLQ,((P_018635,P_008631),(P_011709,((P_011719,P_011589),((P_011579,(P_008632,P_011671)),((KAYP,((BCGB,ABSS),(WIGA,(Dhai,(Apet,Msal))))),((P_011713,(P_011705,P_006413)),((P_016813,((GAP_80389,GAP_80390),((P_006412,P_008640),(s11679,P_008646)))),(P_011701,(P_014073,((P_011673,(P_011607,(P_011537,(P_011739,s11677)))),(P_011759,((P_011675,P_011735),(P_011715,(P_011745,(P_011681,P_011611)))))))))))))))),(((KRJP,(P_011549,GAP_80395)),((s11657,(P_011643,(P_011509,P_011651))),((GAP_80393,GAP_80394),((P_011647,(P_011465,(P_011523,(P_011501,(P_011489,P_011487))))),(P_011631,(P_011551,((P_007844,P_011637),(P_007843,(P_007783,P_006414))))))))),(((GAP_79862,P_011587),(P_014081,(P_008647,P0104A))),(((P_011609,(P2619,Sdec)),(MAQO,(WAIL,(P_011527,((P_014077,GAP_80298),(GAP_80297,P_014083)))))),((P_011613,WPHN),(((P0203H,((P_016909,WZFE),(P0109B,(P_018831,OSHQ)))),(((SJEV,(P_019193,(P_019187,Wsal))),(P_016921,(WKSU,(GAP_81227,(Pcol,(GAP_81226,P_006410)))))),((P_025527,(P_025523,P_025525)),(((QDVW,Asie),(P_019189,(P_019197,PAWA))),((CSSK,(P_019185,(P2589,OPDF))),((P_019191,P_019199),(GAP_80417,(P2590,GAP_79804)))))))),((((P_018639,P_018779),(P_018695,(P_018645,P_018783))),((P_007845,(P_016797,(OBPL,(P_016799,GAP_80397)))),((P_016793,(P_006422,P_016795)),(P_018691,(P_018693,((P_014095,S08),((S04,(S38,(S27,P_016789))),((S03,P_014099),(P_016791,(S02,P_016787)))))))))),((P2623,(P2622,(P0110C,(XQWC,(P0110B,(P0207A,(P0207C,(P0207B,(P0206G,P0206H))))))))),((GAP_80322,DHPO),((P_012795,P_012941),((P_012861,((P_012855,(P_012827,P_007802)),((P_012921,P_012919),(P_018637,P_012813)))),(((P_012797,(P_012841,((P_012913,P_012877),(P_012811,(P_012891,P_012895))))),((((P_012903,P_012815),(P_012857,(P_012883,P_012925))),(P_012875,((P_012905,P_012831),(P_012901,(P_012887,P_012851))))),(P_018689,((P_012859,(P_012885,(P_006420,GAP_80294))),(((P_012881,P_012873),(P_012907,GAP_80291)),((P_012897,(GAP_80293,P_012893)),((P_012911,(P_012821,P_012917)),((P_012889,(P_012863,P_006418)),(P_012793,(GAP_80292,P_006419)))))))))),((P_012867,((P_012923,P_012847),(P_012899,P_012817))),(P_012843,(((P_012937,(P_006421,P_012939)),((P_012829,P_012837),(P_012853,P_012803))),(((P_012801,(P_012809,P_012879)),((P_012805,P_012839),(P_012825,(P_012799,YZRI)))),(P_012909,(((P_012865,(P_012931,(P_012935,P_012933))),((P_012849,P_012871),(P_012845,P_012807))),((PSJT,(GAP_80295,P_012927)),((GAP_81172,P_012833),((P_012915,P_012791),(P_012869,(P_012823,(P_012835,P_012819))))))))))))))))))))))))));
Final quartet score is: 12461866593
Final normalized quartet score is: 0.9502925337747195
You may want to ignore posterior probabilities and other statistics related to the following branch branch because the effective number of genes impacting it is only 16:
	{P_025523, P_025525}
You may want to ignore posterior probabilities and other statistics related to the following branch branch because the effective number of genes impacting it is only 1:
	{P_011719, P_011589}
You may want to ignore posterior probabilities and other statistics related to the following branch branch because the effective number of genes impacting it is only 6:
	{P_011739, s11677, P_011537}
You may want to ignore posterior probabilities and other statistics related to the following branch branch because the effective number of genes impacting it is only 7:
	{P_011739, s11677, P_011537, P_011607}
You may want to ignore posterior probabilities and other statistics related to the following branch branch because the effective number of genes impacting it is only 12:
	{P_011739, s11677, P_011675, P_011735, P_011745, P_011537, P_011681, P_011759, P_011715, P_011673, P_014073, P_011611, P_011607}
You may want to ignore posterior probabilities and other statistics related to the following branch branch because the effective number of genes impacting it is only 9:
	{BCGB, WIGA, P_011579, P_011701, P_011739, P_008632, P_011671, P_011705, P_011713, P_006413, s11677, P_006412, P_008640, GAP_80389, s11679, GAP_80390, P_008646, P_011675, P_011735, P_011745, P_011537, P_011681, P_011759, P_011715, P_011673, P_016813, Apet, Dhai, ABSS, KAYP, Msal, P_011719, P_014073, P_011611, P_011607, P_011589}
49.16014132696805 33.0685232982483 2.6570496604979366 84.88571428571429 2.7523024064413808E-9
120.70858566281413 26.501145053476794 12.59651049746109 159.806241213752 6.246007256813743E-29
96.9999687209667 30.000253609051892 16.999777669981405 144.0 2.1129745462658928E-17
113.98807847554679 15.00943396226415 17.502487562189053 146.5 4.686754117825662E-29
133.47808851132714 14.238258441888165 8.000806995483446 155.71715394869878 1.4549393914541385E-42
111.00852097341316 15.995066781559672 17.996412245027173 145.0 3.302157437605605E-27
109.88539931674806 22.55902204923239 11.55791270120808 144.0023340671885 5.480960825716004E-27
82.32509511477419 64.7684518185942 17.24249757235371 164.33604450572207 1.0260819407489744E-9
77.41084033373839 74.91419506529104 11.421660636212874 163.7466960352423 7.431664591966517E-12
157.10833015508138 2.687132249838055 2.7618104921076085 162.55727289702702 2.1043666803168073E-64
138.06643044862426 4.400642296582916 6.675002442452938 149.14207518766014 6.977133971222152E-52
12.013274336283185 1.9867256637168142 2.0 16.0 0.0018829371272568356
14.08446074116106 2.248504491283143 2.4463429644309422 18.779308196875146 6.508755110199318E-4
129.02225531752396 0.9900599534119984 0.9876847290640394 131.0 4.518736068865569E-55
68.5588463682915 16.380939804442754 36.12576513900991 121.06555131174414 3.3945115784323066E-8
53.37073096666696 52.365649443420665 25.2028985807778 130.93927899086543 0.0028770145257325445
65.66092452676197 41.72271040961097 42.151313457533846 149.5349483939068 0.023173388250760065
79.07246789619212 6.067006544945421 54.85601875450439 139.99549319564193 1.352470133147882E-13
60.76597160113806 44.26595953615549 47.48760909259151 152.51954022988508 0.22211883594887744
114.2240930698117 29.21739997681736 4.0056147307818275 147.44710777741088 3.3977120745399584E-30
27.816897856546987 8.519762243948708 14.186182054321502 50.5228421548172 0.00290374099044953
88.00415008720633 2.004694835680751 4.991155077112912 95.0 2.10285184131131E-33
49.517850429427504 13.506904838958086 10.503742140940835 73.52849740932642 4.451554832331123E-9
61.75331945915614 29.69532609381665 1.755822175018013 93.2044677279908 2.5142078575129677E-13
128.6943250051541 2.535082233260022 14.290815950117718 145.52022318853184 3.2594646051020097E-44
30.83161330171286 10.238605368949925 15.726487116635726 56.79670578729851 0.0024615040678886628
30.851488458826047 14.898125385443851 4.001672197536578 49.75128604180648 1.676445641785405E-5
56.053263724616464 34.90905314826229 24.339814474832828 115.30213134771157 0.001131199195572687
72.65271624720177 26.012451013528278 39.329743519011025 137.99491077974108 3.552451445406144E-6
70.73941677566923 40.02037508497691 36.151026076735555 146.9108179373817 6.527337222188439E-4
72.54445949702328 47.968600594247846 26.806094868842177 147.3191549601133 2.3229032467793903E-5
86.81162166613827 43.012884874813395 11.80907096752924 141.6335775084809 8.738966095953242E-14
96.62093229988015 46.57789336699212 19.503249999193287 162.70207566606555 5.522163177291233E-13
92.32422688100728 68.66263130859728 2.159159194324055 163.1460173839286 3.5278301018667656E-18
18.54476733466519 16.321961876859607 6.754047248824938 41.62077646034974 0.05906013034131742
19.795464841492997 10.391286849045372 6.907996369530395 37.09474806006877 0.027480129443781778
99.9307684100998 24.02724214769542 20.88621239722633 144.84422295502156 9.571998880080978E-19
85.80155621967826 23.64142526853048 16.003358324829364 125.44633981303811 5.992309079322013E-16
43.584193748261605 17.765806266918126 3.190645888968534 64.54064590414826 3.571614782792012E-9
29.944361141975897 10.849179229106184 11.071883972935472 51.865424344017555 9.594065262485991E-4
9.477032191560799 8.847242816190814 4.633080166632799 22.95735517438441 0.40395323006314676
26.831035901813802 13.482797392530793 4.684407705126551 44.99824099947115 2.5104392606721066E-4
147.43847330064338 2.0373493946160464 4.28561323834947 153.7614359336089 1.5687665978589582E-59
131.08520440563004 1.9950056319469534 0.06712157409924696 133.14733161167624 6.626126522259847E-56
46.816772127657984 40.83120079979875 33.5610957294531 121.20906865690984 0.3359964894360874
45.78734331667966 41.64154626332001 31.251023906687333 118.679913486687 0.24232149245591578
42.13479061652777 26.621288172909313 25.02141801024233 93.77749679967941 0.05736392855112969
49.87388112773465 24.651397833906255 16.99450476637987 91.51978372802077 6.115931925131197E-5
25.50392359831202 15.626087388373865 12.19643401894156 53.32644500562745 0.0681825443453997
18.50661437247654 17.919225503769812 17.43483380474881 53.86067368099516 0.9840831671642437
55.47076827088696 38.168378607488116 31.309537721801284 124.94868460017636 0.024179409294944658
54.42431128451204 51.691253126894004 22.563318696090782 128.67888310749683 6.960090566295209E-4
153.16644843167887 3.02602532987443 2.186871166003398 158.3793449275567 6.908980062877014E-63
75.83190183049953 44.07871622138819 30.02869309809005 149.93931114997778 1.6428984575454155E-5
64.4735518492047 57.44875560551987 35.048244749163494 156.97055220388808 0.010959817380242204
65.2345038361625 43.67057477901557 47.931864279309636 156.83694289448772 0.08251575390915335
44.126081345661404 39.13947651357484 36.978644486648456 120.2442023458847 0.7151665933423651
76.07167115550592 36.66499615929647 11.226665520446923 123.96333283524932 6.033308249857589E-12
86.36656389833918 70.93760742040342 0.6814702606996034 157.9856415794422 6.268976290482814E-18
110.85821783157564 3.5179376690450015 12.559417289347023 126.93557278996767 4.167896423121454E-37
26.240180367804154 9.087098690391056 24.739143734332398 60.066422792527604 0.011028833147819803
27.639873176912054 13.55499595965256 19.2966311010314 60.491500237596014 0.0831074606554735
145.88053588430674 1.3704886353747425 14.015884447679486 161.266908967361 1.785958007955008E-52
164.0081300813008 1.0239028213166144 1.9679670973825725 167.0 2.0737889950122545E-69
130.09843700996657 7.041832689147643 7.017365768866054 144.15763546798027 2.3485407830846702E-46
126.37589345156753 13.229480737018426 19.778629161497793 159.38400335008376 1.0439357920912747E-33
153.56200076529393 4.514424513212336 2.296632527941945 160.3730578064482 8.555188317796595E-62
106.80355297639333 32.502635780856934 26.059726192055074 165.36591494930533 1.364997042609552E-16
155.3343347170636 5.869892942975748 3.6980737018425462 164.9023013618819 1.9860693804522395E-60
157.9453368898487 3.85335827732924 2.693360092834175 164.49205526001214 6.828860346207827E-64
66.0153397289456 19.52699094214575 59.04585762252891 144.58818829362025 2.1670409973030588E-6
128.66666666666666 12.333333333333332 6.333333333333333 147.33333333333334 8.787240960585867E-43
86.994707940233 33.0335555399769 41.014994619986524 161.04325810019643 1.3716241306088953E-7
147.4691570596956 9.519185645985836 6.268993707904998 163.25733641358642 1.4300705392874819E-52
146.14230999337752 8.736795273926012 7.382712361929574 162.26181762923312 9.203739473631772E-52
92.92034734084702 35.137395920716486 29.395298048530794 157.4530413100943 6.087699979030539E-11
58.48280305362187 54.2121825744777 41.444865570221424 154.139851198321 0.21662984325741316
131.89885206130296 10.584285884167572 15.532300654314962 158.01543859978548 1.3590351861806456E-39
158.16705124168985 5.161758265707646 1.6711904926025027 165.0 8.777919010660119E-64
49.508838632643055 37.811465550020344 48.96645736772029 136.2867615503837 0.3830530944613819
49.939531897143915 39.75629602996765 42.99083023515993 132.6866581622715 0.5421906957074257
93.34590996263958 30.346726396808243 30.828601630296166 154.52123798974398 8.506731834609216E-12
160.03550262208947 1.1127262707315781 3.797443763547942 164.94567265636897 4.030146030749783E-66
56.205323316327174 47.734346635880065 52.67077553524706 156.61044548745429 0.7069606988878936
72.81256760749974 36.35650736685682 43.47744325196935 152.6465182263259 6.502194017890133E-4
106.47946664275388 16.393939861576282 23.96355017123429 146.83695667556447 6.994528725721533E-23
84.68313642574925 21.892482175645732 25.63572760454792 132.2113462059429 5.956326459086068E-13
119.22605714811674 9.53131513568008 2.1322940022793957 130.88966628607622 1.5842272103652801E-43
39.37290817740679 37.65548195165901 30.01372885073236 107.04211897979816 0.4987210793720134
40.133973380365966 28.24181487611427 34.715871013782994 103.09165927026322 0.35644665026559713
118.18624228391415 14.031465425728301 10.32626221636757 142.54396992601005 5.378827875349724E-35
41.85732789089006 31.825912576537483 27.686036607086784 101.36927707451432 0.20774387686741871
35.86628625733324 32.76966789970891 25.92710180078964 94.56305595783179 0.44016687828303536
146.22271448928538 5.641589994450652 4.018159749642184 155.88246423337822 1.977882355324389E-56
40.00444656643214 33.22435213997783 31.215907667033736 104.44470637344371 0.5438208283116548
143.04305774128068 8.000649030293138 9.042286869627421 160.08599364120124 8.041072321943832E-50
110.83451145894685 11.558404978374984 11.48310328571081 133.87601972303264 1.0084238439607761E-32
38.81030549856367 29.403760051604102 30.342716620927174 98.55678217109495 0.4417033547741678
35.93814585760601 35.36763165426981 30.986654472162673 102.29243198403849 0.8063444709788916
158.39684568556575 2.6927245980029886 3.056871179693515 164.14644146326225 1.0141521750143434E-64
48.727315589812925 29.893050815085154 29.873850891025835 108.49421729592392 0.0378960918412544
40.49273498130378 23.977787003287016 36.53202374567494 101.00254573026572 0.10991354476557863
35.76583433251155 31.665232106363646 34.469116943602174 101.90018338247738 0.8786810057352198
35.54805988326845 29.72570292815236 31.191941836460515 96.46570464788132 0.7518583188570968
39.95502161556029 24.005712162443654 32.814944782798115 96.77567856080205 0.13826050275651938
127.64754367498539 8.076299217401697 5.6145186036552115 141.3383614960423 1.3970782147559001E-45
111.76739040983617 14.298191837781557 11.428886513835241 137.49446876145296 1.2101621092716527E-31
140.96686688484718 4.135012973001642 3.583207877308508 148.6850877351573 1.232140250487675E-55
145.35181186368084 0.8406250595093676 3.6435315314657126 149.83596845465593 4.180109224089735E-60
160.00385633155656 1.5060240963855422 2.095833857772184 163.6057142857143 3.643878645351083E-67
155.99923861773055 3.101082431498158 5.505393236485563 164.60571428571427 1.8824614204698618E-61
125.78364870595006 20.25827299544114 18.754971518665446 164.79689322005666 1.6981330173105382E-30
165.12901446037336 1.06987445202324 1.7713453450717012 167.9702342574683 5.073602676941943E-70
143.0 9.994871794871795 11.005128205128205 164.0 3.210822170535125E-47
166.71341308851862 0.006106173140143675 0.2526178010471204 166.97213706270588 6.629780401637831E-73
99.09738983995285 7.782589057426897 11.043904530336892 117.92388342771663 2.2318065580491582E-30
53.443020378975234 48.91880186812317 51.607621820922425 153.96944406802083 0.9040352913255394
80.0407777259417 39.7454578949766 35.54707292785627 155.33330854877457 8.669715196167537E-6
63.20146031788726 47.028253393617305 37.68860879880147 147.91832251030604 0.034072862463279265
164.99547511312218 0.004524886877828055 1.0 166.0 1.6143975111620207E-71
117.18376893810495 21.354949007314183 23.41059820916779 161.94931615458694 7.775480687296368E-25
66.30598183170237 41.76318869719581 51.97458740016423 160.04375792906242 0.057887563029799576
108.30571958895419 4.295098561679989 52.403686353870334 165.00450450450452 4.024945747799638E-22
80.4017454065919 24.9788085344388 55.89527473118673 161.27582867221741 5.869126556972591E-7
113.37353202472904 15.311606456430718 33.618008619813814 162.30314710097358 1.4986783558193363E-22
126.1594875146544 16.917961367429147 15.380178604521763 158.45762748660533 6.693441746963477E-34
152.0 9.0 3.0 164.0 3.0255908605824E-57
156.00408077102915 4.489875488396178 3.4862417603766374 163.98019801980195 6.239518519663516E-62
82.00118402888393 33.92123287671233 42.91434108527132 158.83675799086757 4.36985795987767E-6
149.49975729153812 4.570176703498664 8.930066004963225 163.00000000000003 4.662882783135092E-55
101.48943900079433 19.61186050227467 38.87627897226734 159.97757847533634 1.1890292056320254E-15
103.03204083992928 30.06901447690837 29.022803130650924 162.12385844748857 3.4026010575801E-15
163.45957724352144 2.0596359183170967 1.4766705253914607 166.99588368723 1.0189826523625456E-68
77.04622839604404 19.981346822479452 62.97705441110613 160.00462962962962 6.355806937281228E-8
117.25816374108659 39.817343215945215 4.511406750431141 161.58691370746294 1.5243056291473876E-27
163.00308628406123 0.985781990521327 2.0111317254174392 166.0 5.712321091528873E-69
75.00573169603402 48.01819515418135 38.949557381451555 161.97348423166693 0.0014805963736547632
59.972712775532 50.019952205098605 49.00801772972953 159.00068271036014 0.500182041867503
119.49773591103187 25.995049504950494 21.50473933649289 166.99752475247524 1.315968163563671E-24
163.1713159399356 1.0065040650406503 1.6555133283570806 165.83333333333331 2.542223277839192E-69
151.22097430018502 9.734315444514245 3.551126436008151 164.50641618070742 5.508498498319207E-56
67.03062674276292 63.9456335556613 28.972293468501704 159.94855376692593 2.2915860471171942E-4
149.16080367493507 15.747019076129712 0.2920865134776043 165.19990926454238 1.4423558945409365E-53
61.272567013048636 40.770885410355056 56.557632887436405 158.6010853108401 0.1129452744990846
144.80342575668016 5.643676055478264 7.443564265574181 157.8906660777326 2.590711138729172E-53
148.2182370036096 6.412645535374842 2.921358661556447 157.5522412005409 1.4842165008977538E-57
67.62584228964401 44.1225078368331 36.16730719349546 147.91565731997258 0.004398422640789222
128.6239279767988 9.611210507389961 13.083099109531567 151.3182375937203 3.1587506665139515E-40
128.35487246314898 8.002969769957776 10.069534492273391 146.42737672538016 5.816246205222507E-43
77.07131618819399 19.266378381913444 35.185493268892714 131.52318783900014 1.4732833472635856E-9
122.70960475807706 9.144899946750686 12.478038149980183 144.33254285480794 1.9899612017517028E-38
151.36636479297553 1.1200344713284762 0.454767327901055 152.94116659220506 4.106679833988873E-65
97.6572641682363 12.185682863822532 29.12695718047302 138.96990421253184 6.282756499900887E-20
103.30301743351349 6.928817841892474 22.285726864623975 132.51756214002992 4.348513229729054E-27
118.83930883831901 2.184634523552645 3.6831416072657017 124.70708496913736 1.62097524642665E-47
20.112862354633556 18.310127060317324 20.32413367779095 58.74712309274183 0.9393545192917213
18.927383478260555 2.080340304262185 15.061540286741328 36.069264069264065 0.0015376106929267943
63.96755765471104 9.50592084539418 12.404204925950165 85.87768342605538 5.701212267298208E-15
46.02653665070446 31.978190882530352 26.527581375996714 104.53230890923153 0.0547640587688299
121.0017771452206 5.998040550574431 6.509091387898765 133.5089090836938 1.470969402009993E-43
39.48992563816551 36.965192148441815 26.54588853407038 103.0010063206777 0.25378459185253693
75.89021502937166 12.507418325459748 12.635649712303996 101.03328306713541 5.835084401181567E-18
78.0964015460554 4.180023491374888 71.95457313509965 154.23099817252995 6.1271323399257495E-15
92.05303414396388 22.336088713121246 7.17582888735551 121.56495174444063 1.0936919049767872E-22
49.13556313759113 35.69618506483569 19.31469828333277 104.14644648575958 0.0016207500804312376
107.49905891453062 6.198206296043958 14.159296108676617 127.8565613192512 4.6480050899226906E-33
114.99561403508773 2.0 1.0043859649122806 118.0 3.891636399233513E-48
112.86529718242707 7.0795707191248125 2.5393084996912947 122.48417640124319 3.508512683936732E-42
108.13037958819778 11.241021699874182 12.032350831895961 131.40375211996792 1.679284079865164E-31
144.68813998853383 5.093470699599348 6.549606528948856 156.33121721708204 2.6548001275066476E-54
87.37295297576505 57.884571358244216 4.24169287872563 149.4992172127349 3.3066175959950835E-16
106.0002283113548 18.96205501233145 18.14367984921205 143.1059631728983 6.18618052481973E-24
57.762923433116434 44.63510775268172 33.05418113353067 135.45221231932882 0.03388165999858232
99.58355803998595 23.898695729503018 11.708847781343156 135.19110155083212 1.4366389777170998E-22
102.77963464282136 18.005809557578594 24.853813981549 145.63925818194895 1.448571019711063E-20
64.96512151897294 40.092617051552764 44.133499852511164 149.19123842303685 0.02780875671146143
56.97164021930324 55.89075396612408 38.12732623371621 150.98972041914354 0.10809906068294761
105.65854955002264 25.62919814105209 21.035626051630576 152.32337374270531 4.276095574931537E-20
120.98796188347612 13.204042919938551 10.64779422477832 144.839799028193 2.0901997779514326E-36
56.994082300213854 36.03484177878314 33.15271404537965 126.18163812437665 0.017846084915033287
44.91839834833212 37.845469685973256 30.59037151152757 113.35423954583294 0.25707819869221826
59.976483769968084 51.86819535099881 37.27435295574552 149.11903207671241 0.06976129409804525
78.05251271178827 34.70357987599731 29.455014701755303 142.2111072895409 3.036936726092949E-7
44.32349317892879 23.382246694101852 35.172426083089434 102.87816595612007 0.040198378601962015
36.35841030118809 35.31843579643288 21.42717667471702 93.10402277233798 0.10652464837550273
45.85088525879184 40.063464216227416 30.455472014787482 116.36982148980675 0.21035950621047927
107.53994636406263 12.902675423225762 21.992272394198363 142.43489418148675 1.1555475777648595E-25
50.457830647249914 38.959572927247486 52.45884077079997 141.87624434529738 0.32554307835070234
148.16845884187248 4.148093542973806 4.5195462701080675 156.83609865495436 5.146394197119523E-58
115.72905498029876 14.335050240757013 5.753686585002185 135.81779180605795 1.2832272294132501E-36
13.772736632059766 10.523705999463122 4.732082554856369 29.028525186379255 0.1144755011785471
1.0 0.0 0.0 1.0 0.3678794411714423
Not enough genes
Cannot perform polytomy test with effective N (after polytomies) 1.0:
	(P_011719,P_011589):0.2876820724517809;
29.97404912006209 26.027694291028535 27.023954058480157 83.02569746957079 0.8588356962051408
111.69949996609132 8.783914541473102 7.2653840278373485 127.74879853540176 2.842066026861613E-37
94.7782187223214 20.879224379087812 19.862701717248783 135.520144818658 1.799579735528758E-18
22.180727486274197 21.928861582614353 10.060542865789595 54.170131934678146 0.07018479472074282
55.10551995609147 32.117663800600276 30.965211067229152 118.1883948239209 0.009035706131736501
76.36491705201641 23.156920721673732 24.97319831718021 124.49503609087034 2.8151635362999676E-10
31.87844820229394 22.563617591955143 25.003421778957826 79.4454875732069 0.4143637645385081
47.9502039116021 12.163530239722514 17.337201213310507 77.45093536463511 5.09151079996813E-7
25.284943074183744 19.588537001254792 24.689504201957654 69.5629842773962 0.6552049690835144
38.03162966792832 27.642732409669723 18.36593023667021 84.04029231426826 0.03158550798347012
118.58207180699948 8.304550584506714 4.915938479028203 131.8025608705344 4.565142973845033E-42
115.24996471197721 16.957457983635248 15.665328864354407 147.87275155996684 1.7660878902654085E-29
56.58055383728809 38.04651669854267 16.603007410946276 111.23007794677704 2.0494250557605382E-5
61.95695828881748 27.036626255215758 31.19441266858389 120.18799721261713 1.1371470632577935E-4
39.142416925722884 28.679985569163986 34.04526320716599 101.86766570205286 0.44659947039335623
61.72587076305819 10.112446431319325 13.470218088464115 85.30853528284163 1.8326765994467569E-13
58.18843215969703 10.129335822776017 24.751548709159476 93.06931669163252 3.1893942149035745E-9
3.3919684801127272 1.5334268872777512 0.5677348732219892 5.4931302406124685 0.3245493414076441
Not enough genes
Cannot perform polytomy test with effective N (after polytomies) 5.4931302406124685:
	(P_011537,(P_011739,s11677):0.5583621246273055):0.3335028210988094;
2.0342969467081478 3.7482051220498454 0.042965078056773916 5.825467146814767 0.17019366280723833
Not enough genes
Cannot perform polytomy test with effective N (after polytomies) 5.825467146814767:
	(P_011607,(P_011537,(P_011739,s11677):0.5583621246273055):0.3335028210988094):0.0;
39.769602002447805 30.56831718255892 31.80834739085472 102.14626657586145 0.48085019229513304
127.84378335796436 4.7465012676198635 9.810627693188858 142.40091231877307 4.069249181979023E-45
8.95501162597575 9.026747792418167 1.0270511542933067 19.008810572687224 0.035554604271978804
40.02103858684183 27.765476782933536 34.38257801576101 102.16909338553639 0.3312378468020527
54.56531366880914 32.4023940299538 30.16315562402374 117.13086332278668 0.009465861663628177
50.87784386242115 26.292602744191672 43.95517191583673 121.12561852244956 0.018673001924686093
49.924250089291434 29.903747740411774 31.003200444094563 110.83119827379777 0.03242591547768185
13.136014828554735 9.504932295260351 4.098746155289711 26.7396932791048 0.09825216669512479
4.614027991662002 3.844649600482403 0.772225853721627 9.230903445866032 0.26110418939819535
Not enough genes
Cannot perform polytomy test with effective N (after polytomies) 9.230903445866032:
	(P_014073,((P_011673,(P_011607,(P_011537,(P_011739,s11677):0.5583621246273055):0.3335028210988094):0.0):0.08158720960304984,(P_011759,((P_011675,P_011735):1.8156601944541344,(P_011715,(P_011745,(P_011681,P_011611):0.1879334321140202):0.08542217193605493):0.2142562615874365):0.13342148108959506):0.18589304608254636):0.23612580407929115):0.1941722410401783;
15.740862248043113 11.84201118454114 3.111732776798674 30.69460620938293 0.016785151139828383
43.49073654205972 19.341076911523864 28.24852158896663 91.08033504255022 0.00735369839502142
56.00331915955618 24.18165142687906 31.45224225775812 111.63721284419336 5.689707434601664E-4
77.61870917295121 46.51070498372137 2.9831404737186324 127.11255463039122 3.927786673366569E-15
16.036314182269106 9.122571398208034 3.784224409741055 28.943109990218193 0.02001407828933878
2.8487196313876244 0.8910167969017536 2.1701224873589036 5.9098589156482815 0.605538681383691
Not enough genes
Cannot perform polytomy test with effective N (after polytomies) 5.9098589156482815:
	((P_011719,P_011589):0.2876820724517809,((P_011579,(P_008632,P_011671):0.03571752583390393):1.6162890363748887,((KAYP,((BCGB,ABSS):0.7795010310357915,(WIGA,(Dhai,(Apet,Msal):0.10877017800495287):0.21506311743975084):0.5323288275068475):0.09916957534883021):0.5392576286747105,((P_011713,(P_011705,P_006413):0.03821842356394896):0.1873281669424121,((P_016813,((GAP_80389,GAP_80390):1.8287145959745725,((P_006412,P_008640):1.0824227994727784,(s11679,P_008646):0.29601239725353773):0.3104322170889879):0.07339740089109859):0.8504218873501712,(P_011701,(P_014073,((P_011673,(P_011607,(P_011537,(P_011739,s11677):0.5583621246273055):0.3335028210988094):0.0):0.08158720960304984,(P_011759,((P_011675,P_011735):1.8156601944541344,(P_011715,(P_011745,(P_011681,P_011611):0.1879334321140202):0.08542217193605493):0.2142562615874365):0.13342148108959506):0.18589304608254636):0.23612580407929115):0.1941722410401783):0.2809878743698602):0.23378680952500516):0.2820994057361241):0.5255926457501676):0.36145651187032934):0.12602056590958896;
12.67522047094482 8.663981896489528 2.8715789853297187 24.210781352764066 0.04928715000014746
80.76909190114243 26.023110027824792 13.109991709830325 119.90219363879754 9.541905081848172E-15
60.18707547474586 46.25844177667629 14.83186860978411 121.27738586120627 1.5887286888763875E-6
71.00321710999836 11.104445112657656 7.892337777343984 90.0 5.111746635742801E-19
50.51687309573869 28.464599460518585 10.036485935589075 89.01795849184634 9.728374881303614E-7
123.48137928424741 8.756800547546845 3.3910371584653913 135.62921699025964 6.192419749617954E-45
80.68064543767348 15.117714006212546 9.345384035791584 105.14374347967761 3.5019809736812234E-20
47.2866127342721 20.585992065899116 31.237136962118274 99.10974176228949 0.004217714209451444
51.544160598276854 36.985501630171974 12.798950184361995 101.32861241281083 1.1887644604626295E-5
79.59105997096131 16.637482484586023 16.569557228479177 112.79809968402651 5.304123991081489E-16
104.35018699200774 8.756739368411214 8.131476020762316 121.23840238118127 1.1230369820211163E-33
84.47370773300693 15.222957429106096 14.086913543977976 113.78357870609099 2.4573764383946934E-19
102.60476914004016 6.5188444881279555 2.0880306089182703 111.21164423708639 1.6097648638538616E-38
83.87255538186433 17.593123337318758 16.20378117961948 117.66945989880257 2.7508023500685522E-17
69.43330274856208 7.4261687059149875 10.583937559416539 87.44340901389361 6.714816873500628E-19
Extended species tree:
(P0109B,((P_018831,OSHQ)0:0.44407907744976893,((P_016909,WZFE)0:0.9834171938623534,(P0203H,((((SJEV,(P_019193,(P_019187,Wsal)0:0.7000669717582044)0:1.0764618257445304)0:1.5031427876235868,(P_016921,(WKSU,(GAP_81227,(Pcol,(GAP_81226,P_006410)0:1.0230369381343074)0:1.0126012455555695)0:0.28354240856556046)0:0.22918291390485204)0:2.827781912444501)0:2.114926312975004,((P_025527,(P_025523,P_025525)0.00188:0.8209687211805611)0.00065:0.8396094317060498,(((QDVW,Asie)0:3.386170618453243,(P_019189,(P_019197,PAWA)0:0.4192861260668144)0.00288:0.11290523400832023)0.02317:0.1675620793810874,((CSSK,(P_019185,(P2589,OPDF)0:0.417370732324498)0.22212:0.09841657220294656)0:1.0618652476960828,((P_019191,P_019199)0.0029:0.370834307249365,(GAP_80417,(P2590,GAP_79804)0:2.079960437183616)0:0.6864148462949997)0:0.6602666721473114)0:1.7010459990643656)0.00246:0.3569235140251979)0.00002:0.5307622902487239)0.00113:0.25224249998339976,(((((P_018639,P_018779)0:0.3341460982046071,(P_018695,(P_018645,P_018783)0.00065:0.24511546540301984)0.00002:0.2661368923099704)0:0.5326465726792264,((P_007845,(P_016797,(OBPL,(P_016799,GAP_80397)0:0.4866800742588264)0:0.4211033545823097)0.05906:0.16566086388995108)0.02748:0.32774942763397413,((P_016793,(P_006422,P_016795)0:0.7503157764717618)0:0.729482415990712,(P_018691,(P_018693,((P_014095,S08)0:0.6881443460242345,((S04,(S38,(S27,P_016789)0.00096:0.430228134686675)0.40395:0.09801958185139303)0.00025:0.4699372977155559,((S03,P_014099)0:2.6454047227644897,(P_016791,(S02,P_016787)0:3.3743637376627365)0.336:0.07756304572345096)0.24232:0.07674339931751703)0.05736:0.18253920249392158)0.00006:0.36902619269294124)0.06818:0.22838894210181326)0.98408:0.0060257867232878385)0.02418:0.1751100336193685)0.0007:0.13871949969473818)0:2.839194858063179,((P2623,(P2622,(P0110C,(XQWC,(P0110B,(P0207A,(P0207C,(P0207B,(P0206G,P0206H)0.00002:0.29249352171995435)0.01096:0.11901417507985677)0.08252:0.12778190400802514)0.71517:0.047003319480370065)0:0.5329483846999694)0:0.3781211202152665)0:1.6083083770689572)0.01103:0.1561258666237539)0.08311:0.19144678464554557,((GAP_80322,DHPO)0:1.887327377697706,((P_012795,P_012941)0:3.3342390988729877,((P_012861,((P_012855,(P_012827,P_007802)0:1.860366187245007)0:1.1455068300130724,((P_012921,P_012919)0:2.6227134064333635,(P_018637,P_012813)0:0.6217006971887918)0:2.3481065500029223)0:2.682345265272006)0:0.19864396377735993,(((P_012797,(P_012841,((P_012913,P_012877)0:1.6150717301523554,(P_012811,(P_012891,P_012895)0:0.364262977217898)0:1.8752941855274574)0:1.8496714364817994)0:0.47744400929714154)0.21663:0.06769274039921895,((((P_012903,P_012815)0:1.363390597459893,(P_012857,(P_012883,P_012925)0:2.6481836436553685)0.38305:0.041796758519664766)0.54219:0.062231724793971155,(P_012875,((P_012905,P_012831)0:0.5113589273535453,(P_012901,(P_012887,P_012851)0:2.929520751918621)0.70696:0.0355377412035632)0.00065:0.23679246158882886)0:0.8683913718178221)0:0.6043265542906432,(P_018689,((P_012859,(P_012885,(P_006420,GAP_80294)0:1.9377681454069027)0.49872:0.047755103587811376)0.35645:0.081585035291062,(((P_012881,P_012873)0:1.3280927692555322,(P_012907,GAP_80291)0.20774:0.12028067820830506)0.44017:0.06504328323950113,((P_012897,(GAP_80293,P_012893)0:2.283556839118264)0.54382:0.07158393476721486,((P_012911,(P_012821,P_012917)0:1.783718990987795)0:1.3191090284763933,((P_012889,(P_012863,P_006418)0.4417:0.08855396499088246)0.80634:0.022132462414250643,(P_012793,(GAP_80292,P_006419)0:2.7918848778900545)0.0379:0.1833613687610816)0.10991:0.10033597654134024)0.87868:0.02159849553038834)0.75186:0.048230269006014265)0.13826:0.11986465410604384)0:1.8655192819047204)0:1.2396880580260137)0:2.437653377851965)0:2.908864521183295,((P_012867,((P_012923,P_012847)0:3.1716277707013893,(P_012899,P_012817)0:2.4417072199875567)0:1.0160878841387582)0:3.3784674909971195,(P_012843,(((P_012937,(P_006421,P_012939)0:1.6094379124341005)0:4.488234517804979,((P_012829,P_012837)0:1.3859994420043313,(P_012853,P_012803)0.90404:0.017443757819239243)0.00001:0.31195017186495294)0.03407:0.1468833118442062,(((P_012801,(P_012809,P_012879)0:4.017121635781209)0:0.8644425366477517,((P_012805,P_012839)0.05789:0.12509818485311255,(P_012825,(P_012799,YZRI)0:0.6513137008131765)0:0.2786499282533202)0:0.7795288483660227)0:1.1608115817039197,(P_012909,(((P_012865,(P_012931,(P_012935,P_012933)0:2.1355310083308803)0:2.505792935419484)0:0.3140893481998398,((P_012849,P_012871)0:2.020235931914978,(P_012845,P_012807)0:0.5900230269307118)0:0.5931709859456854)0:3.2063612468528846,((PSJT,(GAP_80295,P_012927)0:0.2456465591563997)0:0.8718061159890721,((GAP_81172,P_012833)0:3.327006212018123,((P_012915,P_012791)0.00148:0.2111521071796392,(P_012869,(P_012823,(P_012835,P_012819)0.50018:0.06426312782850768)0:0.8369246934210478)0:3.413516006038965)0:2.044303886033423)0.00023:0.1331983798742721)0:1.8722151972208825)0.11295:0.0788982770679804)0:2.0174817769438307)0:2.3251791923902583)0.0044:0.19989424698431663)0:1.455271973688076)0:1.6396228547808334)0:0.46577705749189524)0:1.4545950558986467)0:3.68533282621564)0:0.7908764610525081)0:1.0804444914495357)0:2.5016490234884246,((P_011613,WPHN)0.93935:0.004962018098089416,(((P_011609,(P2619,Sdec)0.00154:0.30909994613433045)0:0.9274570974057432,(MAQO,(WAIL,(P_011527,((P_014077,GAP_80298)0.05476:0.1674787229149764,(GAP_80297,P_014083)0:1.8929474895943421)0.25378:0.07209846457252754)0:0.9562498857582492)0:0.2938973061890505)0:0.985058651389295)0.00162:0.22434298139937153,(((GAP_79862,P_011587)0:1.3918316712080974,(P_014081,(P_008647,P0104A)0:2.9862681333628407)0:2.048014438152082)0:1.2910109053134518,(((KRJP,(P_011549,GAP_80395)0:2.115778328112581)0:0.46335585991162326,((s11657,(P_011643,(P_011509,P_011651)0:0.9247189841205539)0.03388:0.1450023067168846)0:0.9083396237546362,((GAP_80393,GAP_80394)0:0.8015162769266845,((P_011647,(P_011465,(P_011523,(P_011501,(P_011489,P_011487)0.02781:0.16113637348909182)0.1081:0.06428059024431207)0:0.7628904492009759)0:1.3641119650570368)0.01785:0.18898015015369143,(P_011631,(P_011551,((P_007844,P_011637)0.25708:0.09343270887501706,(P_007843,(P_007783,P_006414)0.06976:0.10457113106820415)0:0.38203049356856955)0.0402:0.1508588622679097)0.10652:0.08288831555097669)0.21036:0.08990245205708249)0:0.979819568783954)0.32554:0.030187482057369455)0:2.387307829643248)0:1.4644458474522528,((VYLQ,((P_018635,P_008631)0.11448:0.2082335972661192,(P_011709,((P_011719,P_011589)NA:0.2876820724517809,((P_011579,(P_008632,P_011671)0.85884:0.03571752583390393)0:1.6162890363748887,((KAYP,((BCGB,ABSS)0:0.7795010310357915,(WIGA,(Dhai,(Apet,Msal)0.07018:0.10877017800495287)0.00904:0.21506311743975084)0:0.5323288275068475)0.41436:0.09916957534883021)0:0.5392576286747105,((P_011713,(P_011705,P_006413)0.6552:0.03821842356394896)0.03159:0.1873281669424121,((P_016813,((GAP_80389,GAP_80390)0:1.8287145959745725,((P_006412,P_008640)0:1.0824227994727784,(s11679,P_008646)0.00002:0.29601239725353773)0.00011:0.3104322170889879)0.4466:0.07339740089109859)0:0.8504218873501712,(P_011701,(P_014073,((P_011673,(P_011607,(P_011537,(P_011739,s11677)0:0.5583621246273055)NA:0.3335028210988094)NA:0.0)0.48085:0.08158720960304984,(P_011759,((P_011675,P_011735)0:1.8156601944541344,(P_011715,(P_011745,(P_011681,P_011611)0.03555:0.1879334321140202)0.33124:0.08542217193605493)0.00947:0.2142562615874365)0.01867:0.13342148108959506)0.03243:0.18589304608254636)0.09825:0.23612580407929115)NA:0.1941722410401783)0.01679:0.2809878743698602)0.00735:0.23378680952500516)0.00057:0.2820994057361241)0:0.5255926457501676)0.02001:0.36145651187032934)NA:0.12602056590958896)0.04929:0.29323715050628874)0:0.6973153200559529)0:0.2722370660427844,((P_011699,(Schi,P_006411)0:1.1098229932932462)0:0.4182159312031505,P_011531)0:1.9355483912483824)0:1.0220988694889368)0.00422:0.23385274921080926)0.00001:0.2951339758794886)0:0.7965292522604382)0:1.5163660098118732)0:0.9261098887643454)0:2.0524426625759418)0:0.8213484401103966)0:1.1319270467473164));
Weight calculation took 140.011769633 secs
ASTRAL finished in 171.215 secs
