
================== ASTRAL ===================== 

This is ASTRAL version 5.7.7
Gene trees are treated as unrooted
297 trees read from all_bs10.trees
index224
All output trees will be *arbitrarily* rooted at P0109B

======== Running the main analysis
Number of taxa: 239 (239 species)
Taxa: [KRJP, WAIL, MAQO, Asie, QDVW, PAWA, P2589, P_019185, OPDF, CSSK, P_018831, P_016909, SJEV, P_019187, P_006410, GAP_81226, P_016921, GAP_81227, P_012827, P_012813, P_012919, P_012921, P_012861, P_018689, GAP_80293, P_012893, GAP_80291, P_012859, GAP_80292, GAP_80294, P_012873, P_012889, P_012793, P_012911, P_012821, P_012917, P_012863, P_012885, P_012881, P_012897, P_012907, P_012891, P_012895, P_012811, P_012857, P_012815, P_012903, P_012925, P_012883, P_012887, P_012851, P_012901, P_012875, P_012831, P_012797, P_012841, P_012913, P_012877, P_012867, P_012899, P_012817, P_012923, P_012847, P_012803, P_012853, P_012937, P_006421, P_012939, P_012843, P_012837, P_012809, P_012801, P_012799, P_012825, P_012909, GAP_81172, P_012833, GAP_80295, P_012927, PSJT, P_012915, P_012791, P_012835, P_012819, P_012823, P_012869, P_012849, P_012871, P_012865, P_012931, P_012935, P_012933, P_012845, P_012807, P_012795, P_018695, P_018645, P_018783, GAP_80397, OBPL, P_016799, P_016797, P_016793, P_016795, P_006422, P_014099, S03, P_016789, P_016787, P_016791, P_018693, P_019189, P0110C, P0207C, P0207A, XQWC, P0207B, P0206H, P0206G, YZRI, GAP_80322, DHPO, P2590, GAP_79804, GAP_79862, P_011527, P_008646, P_006412, P_011715, P_011735, GAP_80389, GAP_80390, WKSU, WZFE, WPHN, BCGB, WIGA, ABSS, Apet, Dhai, VYLQ, P_006413, P_011675, P_011759, P_008640, P_016813, P_018635, P_011531, Schi, P_006411, GAP_80297, P_014083, GAP_80298, P_014077, P2619, P2622, P_012905, P_006419, P_006418, P_012879, P_012805, P_012839, P_012829, P_012855, P_007802, P_018637, P_012941, P_018639, OSHQ, P_019193, Wsal, Pcol, P_019191, P_019197, GAP_80395, P_011549, GAP_80393, GAP_80394, P_011651, P_011509, P_011643, P_006414, P_011631, P_007783, P_011637, P_011647, P_011489, P_011465, P_011501, P_011523, P_011487, P_011587, P_014081, P_008647, P0104A, P_008631, P_011671, P_011679, P_008632, KAYP, Msal, P_011537, P_011713, P_011705, P_018779, P0110B, S02, S08, S27, P_007844, P_011657, P_011739, P_011673, GAP_80417, P_018691, P_006420, P_007843, P_011611, P_011745, P_011677, P_011579, P0203H, P_011551, P_025525, P0109B, P_014095, P_011681, P2623, P_011609, P_025523, S38, P_011699, P_011607, P_019199, P_011613, P_007845, S04, P_011701, P_025527]
Taxon occupancy: {P_019193=91, P_019191=7, P_019197=170, OPDF=281, GAP_81172=231, P_018783=230, P_019199=1, Wsal=114, P_016921=242, WKSU=295, P_025523=3, P_025525=8, P_025527=1, P0203H=62, P_014077=45, QDVW=289, P_011487=246, P_011489=253, P_016813=224, P_006421=219, P_006422=239, P_006420=42, P_006418=205, P_006419=221, P_006414=230, P_014081=44, P_014083=77, P_018689=233, P0206H=179, P0206G=164, Msal=247, P0109B=40, P_006410=202, P_012901=225, P_006411=194, P_012903=243, P_006412=223, P_006413=237, P_012905=238, PAWA=284, P_012907=241, GAP_79862=194, ABSS=294, P_012909=219, P_018691=68, GAP_80291=255, P_018695=232, P_014095=13, GAP_80293=218, GAP_80292=213, P_018693=214, GAP_80295=210, GAP_80294=204, P_014099=191, GAP_80297=233, GAP_80298=231, P_012911=233, P_011701=2, P_012913=192, P_012915=233, P_011705=28, P_012917=189, P_012919=145, P_012881=232, P_011671=75, P_011551=31, MAQO=291, P_012883=235, P_011673=56, P_012885=227, GAP_80322=248, P_011675=148, P2590=157, P_012887=233, P_011677=79, P_012889=223, P_011679=76, P_008647=189, PSJT=283, P2589=147, P_012891=203, P_011681=54, P_012893=222, P_018637=199, P_012895=218, P_018635=124, P_012897=223, P0207C=189, P_012899=208, P0207B=202, P0207A=199, P_018639=109, P_008646=244, P_008640=237, BCGB=291, WZFE=290, P_018645=227, KRJP=289, KAYP=178, P_011699=7, P_011579=65, CSSK=281, P_008632=225, P_016909=242, P_007783=165, P_008631=48, P_019187=205, P_019185=211, P_019189=161, P_012791=216, P_012793=231, Asie=222, P_012795=230, P_011465=260, P_018779=41, P_012797=238, P_011587=56, P_012799=228, GAP_80417=41, WIGA=285, GAP_79804=118, P_007802=62, P_012841=226, P_011631=68, P_012843=240, Pcol=112, P_012845=222, P_012847=209, P_011637=209, P_011759=107, P_012849=208, Apet=129, OBPL=292, P0110C=154, P_018831=202, P0110B=86, YZRI=290, P_012851=229, P_012853=213, P_011643=236, P_011523=246, P_012855=179, P_012857=217, P_011647=131, P_011527=84, P_012859=188, WAIL=293, P_016789=220, P_012861=224, P_011651=114, P_016787=228, P_011531=82, P_012863=230, P_012865=201, Schi=121, P_012867=222, P_011657=115, P_011537=62, P_012869=210, P_016793=224, P_016791=225, P_016797=234, SJEV=290, P_016795=222, P_012871=200, P_012873=240, P_016799=238, P_012875=216, P_012877=227, P_012879=225, P_011549=152, P_007844=31, P_007845=1, S02=89, P_012921=109, S04=2, P_012801=221, S03=169, P_012923=193, P_011713=35, P_012803=217, P_012925=228, P_011715=84, S08=35, P_012805=214, P_007843=106, P_012927=211, P_012807=222, P_012809=234, VYLQ=292, DHPO=293, GAP_80390=225, P2622=85, P2623=20, XQWC=294, GAP_80394=237, GAP_80393=264, GAP_80395=251, GAP_80397=244, P_012931=205, P_012811=221, P_012933=182, WPHN=292, P_012813=200, P_012935=206, P_012815=226, P_012937=222, P_012817=217, P_011607=1, P_012939=213, P_012819=219, P_011609=29, P2619=49, OSHQ=287, GAP_80389=217, P_012941=228, P_012821=232, P_011611=23, P_012823=221, P_011613=1, P_011735=212, P_012825=190, S27=51, P_012827=128, P_011739=112, P_012829=163, Dhai=274, P0104A=127, P_012831=229, P_011501=261, GAP_81226=229, P_012833=215, GAP_81227=243, P_011745=102, P_012835=208, S38=6, P_012837=224, P_012839=202, P_011509=242}
Number of gene trees: 297
297 trees have missing taxa
Calculating quartet distance matrix (for completion of X)
Species tree distances calculated ...
Will attempt to complete bipartitions from X before adding using a distance matrix.
Building set of clusters (X) from gene trees 
------------------------------
gradient0: 19819
Number of Clusters after addition by distance: 19819
calculating extra bipartitions to be added at level 1 ...
Adding to X using resolutions of greedy consensus ...
Limit for sigma of degrees:6025
polytomy size limit : 12
discarded polytomies:  [3, 3, 3, 3, 3, 3, 3, 3, 3, 3, 3, 3, 3, 3, 3, 4, 4, 4, 4, 4, 4, 4, 4, 4, 5, 5, 5, 6, 9, 9, 12]
Threshold 0.0:
Threshold 0.01:
Threshold 0.02:
Threshold 0.05:
Threshold 0.1:
polytomy of size 3; rounds with additions with at least 5 support: 0; clusters: 19819
polytomy of size 3; rounds with additions with at least 5 support: 0; clusters: 19819
polytomy of size 5; rounds with additions with at least 5 support: 0; clusters: 19823
Threshold 0.2:
polytomy of size 3; rounds with additions with at least 5 support: 0; clusters: 19823
polytomy of size 6; rounds with additions with at least 5 support: 0; clusters: 19823
polytomy of size 3; rounds with additions with at least 5 support: 0; clusters: 19823
polytomy of size 4; rounds with additions with at least 5 support: 0; clusters: 19823
polytomy of size 4; rounds with additions with at least 5 support: 0; clusters: 19823
polytomy of size 9; rounds with additions with at least 5 support: 0; clusters: 19829
polytomy of size 3; rounds with additions with at least 5 support: 0; clusters: 19829
polytomy of size 3; rounds with additions with at least 5 support: 0; clusters: 19829
Threshold 0.3333333333333333:
polytomy of size 4; rounds with additions with at least 5 support: 0; clusters: 19829
polytomy of size 4; rounds with additions with at least 5 support: 0; clusters: 19829
polytomy of size 3; rounds with additions with at least 5 support: 0; clusters: 19829
polytomy of size 3; rounds with additions with at least 5 support: 0; clusters: 19829
polytomy of size 3; rounds with additions with at least 5 support: 0; clusters: 19831
polytomy of size 9; rounds with additions with at least 5 support: 0; clusters: 19831
polytomy of size 3; rounds with additions with at least 5 support: 0; clusters: 19831
polytomy of size 4; rounds with additions with at least 5 support: 0; clusters: 19831
polytomy of size 5; rounds with additions with at least 5 support: 0; clusters: 19831
polytomy of size 5; rounds with additions with at least 5 support: 0; clusters: 19831
polytomy of size 12; rounds with additions with at least 5 support: 0; clusters: 19835
polytomy of size 3; rounds with additions with at least 5 support: 0; clusters: 19835
polytomy of size 4; rounds with additions with at least 5 support: 0; clusters: 19835
polytomy of size 3; rounds with additions with at least 5 support: 0; clusters: 19835
polytomy of size 4; rounds with additions with at least 5 support: 0; clusters: 19835
polytomy of size 3; rounds with additions with at least 5 support: 0; clusters: 19835
polytomy of size 3; rounds with additions with at least 5 support: 0; clusters: 19835
polytomy of size 3; rounds with additions with at least 5 support: 0; clusters: 19835
polytomy of size 4; rounds with additions with at least 5 support: 0; clusters: 19835
polytomy of size 4; rounds with additions with at least 5 support: 0; clusters: 19835
max k is :0
Number of Clusters after addition by greedy: 19835
gradient0 in heuristiic: 19835
partitions formed in 17.317 secs
Dynamic Programming starting after 17.317 secs
Using tree-based weight calculation.
Using polytree-based weight calculation.
Polytree max score: 7947436246
Polytree building time: 0.203 seconds.
Number of quartet trees in the gene trees: 7947436246
Size of largest cluster: 239
Greedy score: 7234007721
estimationFactor: 1.098621476851476
Sub-optimal score: 7427995286
Total Number of elements weighted: 64881
Normalized score (portion of input quartet trees satisfied before correcting for multiple individuals): 0.9474970843320685
Optimization score: 7530172671
Optimal tree inferred in 95.458 secs.
(P_012941,(P_012795,(((P_012861,((P_012855,(P_012827,P_007802)),((P_012919,P_012921),(P_012813,P_018637)))),(((P_012797,(P_012841,((P_012913,P_012877),(P_012811,(P_012891,P_012895))))),((((P_012925,P_012883),(P_012857,(P_012815,P_012903))),(P_012875,((P_012831,P_012905),(P_012901,(P_012887,P_012851))))),(P_018689,((P_012885,(GAP_80294,P_006420)),(P_012859,(((P_012873,P_012881),(GAP_80291,P_012907)),((P_012889,((P_012863,P_006418),(P_012793,(GAP_80292,P_006419)))),((P_012897,(GAP_80293,P_012893)),(P_012911,(P_012821,P_012917)))))))))),((P_012867,((P_012923,P_012847),(P_012899,P_012817))),(P_012843,(((P_012937,(P_006421,P_012939)),(P_012803,(P_012853,(P_012837,P_012829)))),(((P_012801,(P_012809,P_012879)),(P_012839,(P_012805,(P_012825,(P_012799,YZRI))))),(P_012909,(((P_012865,(P_012931,(P_012935,P_012933))),((P_012849,P_012871),(P_012845,P_012807))),((GAP_81172,P_012833),((P_012927,(GAP_80295,PSJT)),((P_012915,P_012791),(P_012869,(P_012835,(P_012819,P_012823)))))))))))))),((GAP_80322,DHPO),(((P2622,P2623),(P0110C,(P0110B,(XQWC,(P0207A,(P0207C,(P0207B,(P0206H,P0206G)))))))),(((P_018691,P_007845),(((P_018639,P_018779),(P_018695,(P_018645,P_018783))),((P_016797,(OBPL,(GAP_80397,P_016799))),((P_016793,(P_016795,P_006422)),(P_018693,((S08,(P_014095,S38)),((S27,(P_016789,S04)),(P_016791,((P_014099,S03),(P_016787,S02)))))))))),(((P0203H,((P_016909,WZFE),(P0109B,(P_018831,OSHQ)))),(((P_025527,(SJEV,(P_019193,(P_019187,Wsal)))),(P_016921,(GAP_81227,((WKSU,P_019199),(Pcol,(P_006410,GAP_81226)))))),(((P_019189,P_025525),((PAWA,P_019197),(Asie,QDVW))),(P_025523,((P_019191,(GAP_80417,(P2590,GAP_79804))),((P2589,OPDF),(P_019185,CSSK))))))),(P_011613,(WPHN,((P2619,P_011609),(((GAP_79862,P_011587),(P_014081,(P_008647,P0104A))),((MAQO,(WAIL,(P_011527,((GAP_80297,P_014083),(GAP_80298,P_014077))))),(((KRJP,(GAP_80395,P_011549)),((P_011643,(P_011657,(P_011651,P_011509))),((GAP_80393,GAP_80394),((P_011647,(P_011465,(P_011501,(P_011523,(P_011489,P_011487))))),(P_011631,((P_007843,(P_006414,P_007783)),(P_011551,(P_011637,P_007844)))))))),((P_011531,(P_011699,(Schi,P_006411))),(VYLQ,(P_018635,(P_008631,((P_008632,(P_011671,P_011579)),((P_011713,P_011705),(((KAYP,(BCGB,(ABSS,P_011607))),(WIGA,(Dhai,(Apet,Msal)))),(P_006413,((P_016813,((GAP_80389,GAP_80390),((P_006412,P_008640),(P_008646,P_011679)))),((P_011673,(P_011537,(P_011701,(P_011739,P_011677)))),(P_011759,((P_011735,P_011675),(P_011715,(P_011681,(P_011611,P_011745))))))))))))))))))))))))))));
Final quartet score is: 7530172671
Final normalized quartet score is: 0.9474970843320685
You may want to ignore posterior probabilities and other statistics related to the following branch branch because the effective number of genes impacting it is only 1:
	{SJEV, P_019187, P_019193, Wsal}
You may want to ignore posterior probabilities and other statistics related to the following branch branch because the effective number of genes impacting it is only 1:
	{SJEV, P_019187, P_019193, Wsal, P_025527}
You may want to ignore posterior probabilities and other statistics related to the following branch branch because the effective number of genes impacting it is only 1:
	{WKSU, P_019199}
You may want to ignore posterior probabilities and other statistics related to the following branch branch because the effective number of genes impacting it is only 7:
	{P_019189, P_025525}
You may want to ignore posterior probabilities and other statistics related to the following branch branch because the effective number of genes impacting it is only 4:
	{P2590, GAP_79804, GAP_80417}
You may want to ignore posterior probabilities and other statistics related to the following branch branch because the effective number of genes impacting it is only 5:
	{P2590, GAP_79804, P_019191, GAP_80417}
You may want to ignore posterior probabilities and other statistics related to the following branch branch because the effective number of genes impacting it is only 2:
	{P2589, P_019185, OPDF, CSSK, P2590, GAP_79804, P_019191, GAP_80417}
You may want to ignore posterior probabilities and other statistics related to the following branch branch because the effective number of genes impacting it is only 3:
	{P2589, P_019185, OPDF, CSSK, P2590, GAP_79804, P_019191, GAP_80417, P_025523}
You may want to ignore posterior probabilities and other statistics related to the following branch branch because the effective number of genes impacting it is only 11:
	{P2619, P_011609}
You may want to ignore posterior probabilities and other statistics related to the following branch branch because the effective number of genes impacting it is only 6:
	{P_011637, P_007844}
You may want to ignore posterior probabilities and other statistics related to the following branch branch because the effective number of genes impacting it is only 3:
	{Schi, P_006411}
You may want to ignore posterior probabilities and other statistics related to the following branch branch because the effective number of genes impacting it is only 5:
	{Schi, P_006411, P_011699}
You may want to ignore posterior probabilities and other statistics related to the following branch branch because the effective number of genes impacting it is only 11:
	{P_011713, P_011705}
You may want to ignore posterior probabilities and other statistics related to the following branch branch because the effective number of genes impacting it is only 1:
	{ABSS, P_011607}
You may want to ignore posterior probabilities and other statistics related to the following branch branch because the effective number of genes impacting it is only 0:
	{P_011739, P_011677}
You may want to ignore posterior probabilities and other statistics related to the following branch branch because the effective number of genes impacting it is only 2:
	{P_011739, P_011677, P_011701}
You may want to ignore posterior probabilities and other statistics related to the following branch branch because the effective number of genes impacting it is only 8:
	{P_011611, P_011745}
You may want to ignore posterior probabilities and other statistics related to the following branch branch because the effective number of genes impacting it is only 1:
	{KRJP, WAIL, MAQO, GAP_79862, P_011527, P_008646, P_006412, P_011715, P_011735, GAP_80389, GAP_80390, WPHN, BCGB, WIGA, ABSS, Apet, Dhai, VYLQ, P_006413, P_011675, P_011759, P_008640, P_016813, P_018635, P_011531, Schi, P_006411, GAP_80297, P_014083, GAP_80298, P_014077, P2619, GAP_80395, P_011549, GAP_80393, GAP_80394, P_011651, P_011509, P_011643, P_006414, P_011631, P_007783, P_011637, P_011647, P_011489, P_011465, P_011501, P_011523, P_011487, P_011587, P_014081, P_008647, P0104A, P_008631, P_011671, P_011679, P_008632, KAYP, Msal, P_011537, P_011713, P_011705, P_007844, P_011657, P_011739, P_011673, P_007843, P_011611, P_011745, P_011677, P_011579, P_011551, P_011681, P_011609, P_011699, P_011607, P_011701}
You may want to ignore posterior probabilities and other statistics related to the following branch branch because the effective number of genes impacting it is only 1:
	{KRJP, WAIL, MAQO, GAP_79862, P_011527, P_008646, P_006412, P_011715, P_011735, GAP_80389, GAP_80390, WPHN, BCGB, WIGA, ABSS, Apet, Dhai, VYLQ, P_006413, P_011675, P_011759, P_008640, P_016813, P_018635, P_011531, Schi, P_006411, GAP_80297, P_014083, GAP_80298, P_014077, P2619, GAP_80395, P_011549, GAP_80393, GAP_80394, P_011651, P_011509, P_011643, P_006414, P_011631, P_007783, P_011637, P_011647, P_011489, P_011465, P_011501, P_011523, P_011487, P_011587, P_014081, P_008647, P0104A, P_008631, P_011671, P_011679, P_008632, KAYP, Msal, P_011537, P_011713, P_011705, P_007844, P_011657, P_011739, P_011673, P_007843, P_011611, P_011745, P_011677, P_011579, P_011551, P_011681, P_011609, P_011699, P_011607, P_011613, P_011701}
You may want to ignore posterior probabilities and other statistics related to the following branch branch because the effective number of genes impacting it is only 1:
	{P_018691, P_007845}
You may want to ignore posterior probabilities and other statistics related to the following branch branch because the effective number of genes impacting it is only 0:
	{P_014095, S38}
You may want to ignore posterior probabilities and other statistics related to the following branch branch because the effective number of genes impacting it is only 6:
	{S08, P_014095, S38}
You may want to ignore posterior probabilities and other statistics related to the following branch branch because the effective number of genes impacting it is only 2:
	{P_016789, S04}
You may want to ignore posterior probabilities and other statistics related to the following branch branch because the effective number of genes impacting it is only 18:
	{P2622, P2623}
Extended species tree:
(P0109B,((P_018831,OSHQ)1:1.1526795099383855,((P_016909,WZFE)1:1.948040075313139,(P0203H,((((P_025527,(SJEV,(P_019193,(P_019187,Wsal)1:0.9026382502112141)1:0.8137751683485602)0.67:0.2876820724517809)0.67:0.2876820724517809,(P_016921,(GAP_81227,((WKSU,P_019199)0.67:0.2876820724517809,(Pcol,(P_006410,GAP_81226)1:1.2436264077132466)1:0.602528265649871)0.99:0.1912117073672186)1:0.4863624559209126)1:2.4408549584349193)1:1.963316368606102,(((P_019189,P_025525)0.5:0.18669933532666924,((PAWA,P_019197)1:0.7512561112926053,(Asie,QDVW)1:3.8563278628695294)0.15:0.06195441228455688)1:0.20187586680164674,(P_025523,((P_019191,(GAP_80417,(P2590,GAP_79804)1:3.120895416507997)0.98:1.2039728043259361)0.44:0.1053605156578264,((P2589,OPDF)1:1.2873363400119657,(P_019185,CSSK)0.25:0.0)1:1.5627099737275907)0.87:0.6931471805599453)0.73:0.3621824322895644)1:1.7784512571902389)1:0.24226453863209382,((P_011613,(WPHN,((P2619,P_011609)1:2.0794415416798353,(((GAP_79862,P_011587)1:2.0762000477556652,(P_014081,(P_008647,P0104A)1:3.120895416507997)1:2.590267165445826)1:1.377680009111939,((MAQO,(WAIL,(P_011527,((GAP_80297,P_014083)1:2.132498634479365,(GAP_80298,P_014077)0.77:0.1535894109163686)1:0.29860467806984364)0.99:0.23084356099547373)1:0.7904545728998893)1:1.540461694054085,(((KRJP,(GAP_80395,P_011549)1:2.0042276398807983)1:0.637834095680797,((P_011643,(P_011657,(P_011651,P_011509)1:1.0609990393921103)0.42:0.019939599952733037)1:1.418508200303921,((GAP_80393,GAP_80394)1:0.7636548510343049,((P_011647,(P_011465,(P_011501,(P_011523,(P_011489,P_011487)0.99:0.13184497165905978)0.78:0.07057102502017819)1:0.755574494184524)1:1.3552689768466166)0.89:0.11387537826250693,(P_011631,((P_007843,(P_006414,P_007783)0.46:0.032026930045169585)1:0.6368293077684691,(P_011551,(P_011637,P_007844)0.72:0.2884199820519394)0.65:0.13733269518286725)0.52:0.05594205556025327)0.78:0.17578363072655137)1:1.1375015670246986)0.73:0.05909234205769381)1:2.5468356805178876)1:1.299913215894326,((P_011531,(P_011699,(Schi,P_006411)0.67:0.2876820724517809)0.56:0.13353139262452274)1:2.798578318185938,(VYLQ,(P_018635,(P_008631,((P_008632,(P_011671,P_011579)0.89:0.25131442828090594)1:1.906970697620511,((P_011713,P_011705)0.98:0.6390730230710371,(((KAYP,(BCGB,(ABSS,P_011607)0.67:0.2876820724517809)1:0.5061908546208923)0.98:0.14867259252602408,(WIGA,(Dhai,(Apet,Msal)0.63:0.059941652968539504)0.99:0.14535595208316826)1:0.39944961784451294)1:0.42273527478434975,(P_006413,((P_016813,((GAP_80389,GAP_80390)1:1.7703136533844923,((P_006412,P_008640)1:1.0495595851666981,(P_008646,P_011679)0.91:0.24355553952831144)1:0.20791352718975092)0.69:0.06338698951037391)1:0.42279095486451757,((P_011673,(P_011537,(P_011701,(P_011739,P_011677)0.33:0.0)0.17:0.0)0.56:0.08619607493773368)0.64:0.09102283078720214,(P_011759,((P_011735,P_011675)1:1.5184923387689444,(P_011715,(P_011681,(P_011611,P_011745)0.39:0.0)0.27:0.0)1:0.4293765963834667)1:0.3804317797604016)0.69:0.08828554688478636)1:1.1165563587839726)1:0.17429565276602296)1:0.2911359567506327)0.61:0.08381593776438913)1:0.6397360953176763)1:1.755591334459659)0.66:0.13112701497725332)1:0.5375843062541927)1:0.3310042575360148)1:1.0341647716559779)1:0.5528578681208526)1:0.32092957770881103)0.92:0.1942763197663978)1:0.43598521160739856)0.67:0.2876820724517809)0.67:0.2876820724517809,(((P_018691,P_007845)0.67:0.2876820724517809,(((P_018639,P_018779)1:0.6141050302612888,(P_018695,(P_018645,P_018783)1:0.19890238995209814)1:0.5173990756856934)0.98:0.27757558544080585,((P_016797,(OBPL,(GAP_80397,P_016799)1:0.364281686873813)1:0.544265749156149)1:0.7982936893217348,((P_016793,(P_016795,P_006422)1:0.48545040673603856)1:0.5622087986907321,(P_018693,((S08,(P_014095,S38)0.33:0.0)1:1.2863427658648097,((S27,(P_016789,S04)0.42:0.0)1:2.116637826074968,(P_016791,((P_014099,S03)1:2.415360906503803,(P_016787,S02)1:4.028669675008749)0.54:0.033725203863380605)0.36:0.028724239111221583)0.54:0.0667999459067726)1:0.7183667891929559)0.97:0.1292919973913217)1:0.18837943584003203)0.02:0.05816558481972855)0.69:0.0944867008519113)1:3.1923364637018365,(((P2622,P2623)1:0.6807372303201671,(P0110C,(P0110B,(XQWC,(P0207A,(P0207C,(P0207B,(P0206H,P0206G)0.98:0.18051749323362848)0.99:0.1714561370301963)0.99:0.15765422687542824)1:0.3491453984521131)0.97:0.2361988868539732)1:1.6519059821747721)1:2.67163350004987)1:0.5784876103732236,((GAP_80322,DHPO)1:2.846665374028099,(((P_012861,((P_012855,(P_012827,P_007802)1:3.5263605246161593)1:1.448752385619748,((P_012919,P_012921)1:2.7408400239252018,(P_012813,P_018637)1:0.7731898882334817)1:2.261763098473791)1:2.951306559979742)1:0.19757086003610141,(((P_012797,(P_012841,((P_012913,P_012877)1:1.8832724582243572,(P_012811,(P_012891,P_012895)1:0.49109936786774344)1:2.2462666624038223)1:2.096073190120862)1:0.37024898744322754)0.67:0.048884882610184546,((((P_012925,P_012883)1:3.6714163612513624,(P_012857,(P_012815,P_012903)1:1.4601220156712007)0.79:0.08337615300543019)0.71:0.06083716968726531,(P_012875,((P_012831,P_012905)1:0.5264066537141235,(P_012901,(P_012887,P_012851)1:3.236592784686336)0.62:0.04293466020580763)1:0.27242072800231387)1:0.9096476074137252)1:0.7083077106266019,(P_018689,((P_012885,(GAP_80294,P_006420)1:3.225831338330528)0.62:0.0488663157957272,(P_012859,(((P_012873,P_012881)1:1.2870648502649136,(GAP_80291,P_012907)0.94:0.11786669006032068)0.56:0.03714197335163809,((P_012889,((P_012863,P_006418)0.38:0.03282659544324791,(P_012793,(GAP_80292,P_006419)1:3.679200962637142)1:0.2769454086165932)0.64:0.052146632110879394)0.71:0.06167324680962816,((P_012897,(GAP_80293,P_012893)1:2.448480909500263)0.85:0.11034027208421131,(P_012911,(P_012821,P_012917)1:2.3604236856039265)1:1.452331921395875)0.39:0.01835143960505738)0.5:0.026062506796894938)0.72:0.07301843331586212)0.6:0.05609987001632027)1:1.999251421387483)1:1.570348895319398)1:2.3926631682104844)1:2.288813838360253,((P_012867,((P_012923,P_012847)1:4.048882188145342,(P_012899,P_012817)1:1.9091750561645493)1:1.0421000784047671)1:3.718054589569204,(P_012843,(((P_012937,(P_006421,P_012939)1:1.7805861686299294)1:4.912654885736056,(P_012803,(P_012853,(P_012837,P_012829)1:1.4833200416056214)0.55:0.03523639216143799)1:0.3749846782821762)1:0.1702926850438157,(((P_012801,(P_012809,P_012879)1:3.7259158228348173)1:0.9264395135171066,(P_012839,(P_012805,(P_012825,(P_012799,YZRI)1:1.2773374677325726)1:0.25940652689399235)0.91:0.12567498159582255)1:0.837342771079554)1:0.9794355603736874,(P_012909,(((P_012865,(P_012931,(P_012935,P_012933)1:2.5839975524322316)1:2.421077678630611)1:0.3455279626070787,((P_012849,P_012871)1:2.00748353590987,(P_012845,P_012807)1:0.5349952572908807)1:0.61572972339181)1:2.824940020655496,((GAP_81172,P_012833)1:3.3423981796352455,((P_012927,(GAP_80295,PSJT)0.91:0.1740308820313394)1:1.6575498131647264,((P_012915,P_012791)0.98:0.13725311914647054,(P_012869,(P_012835,(P_012819,P_012823)0.47:0.021625235323680676)1:0.9989865870086214)1:3.2543301029563256)1:1.9841773418815762)0.48:0.07664020759436842)1:2.104971570229229)0.26:0.01656440080807417)1:1.8672639295933906)1:1.6743625029352922)1:0.2397224178351653)1:1.2519373867740389)1:1.053231202797874)1:0.1634497409017894)1:1.5937793437929701,(P_012795,P_012941)1:4.001254139156088)1:3.9619587099407885)1:0.4869590264126063)1:0.6873107998286971)1:2.5329719579506835)1:0.7012264361049698)1:2.727474225400186)1:1.6659872073969324)1:0.7823783142878878));
Weight calculation took 75.56791682 secs
ASTRAL finished in 97.974 secs
