
================== ASTRAL ===================== 

This is ASTRAL version 5.7.7
Gene trees are treated as unrooted
297 trees read from all_bs10.trees
index224
All output trees will be *arbitrarily* rooted at P0109B

======== Running the main analysis
Number of taxa: 239 (239 species)
Taxa: [KRJP, WAIL, MAQO, Asie, QDVW, PAWA, P2589, P_019185, OPDF, CSSK, P_018831, P_016909, SJEV, P_019187, P_006410, GAP_81226, P_016921, GAP_81227, P_012827, P_012813, P_012919, P_012921, P_012861, P_018689, GAP_80293, P_012893, GAP_80291, P_012859, GAP_80292, GAP_80294, P_012873, P_012889, P_012793, P_012911, P_012821, P_012917, P_012863, P_012885, P_012881, P_012897, P_012907, P_012891, P_012895, P_012811, P_012857, P_012815, P_012903, P_012925, P_012883, P_012887, P_012851, P_012901, P_012875, P_012831, P_012797, P_012841, P_012913, P_012877, P_012867, P_012899, P_012817, P_012923, P_012847, P_012803, P_012853, P_012937, P_006421, P_012939, P_012843, P_012837, P_012809, P_012801, P_012799, P_012825, P_012909, GAP_81172, P_012833, GAP_80295, P_012927, PSJT, P_012915, P_012791, P_012835, P_012819, P_012823, P_012869, P_012849, P_012871, P_012865, P_012931, P_012935, P_012933, P_012845, P_012807, P_012795, P_018695, P_018645, P_018783, GAP_80397, OBPL, P_016799, P_016797, P_016793, P_016795, P_006422, P_014099, S03, P_016789, P_016787, P_016791, P_018693, P_019189, P0110C, P0207C, P0207A, XQWC, P0207B, P0206H, P0206G, YZRI, GAP_80322, DHPO, P2590, GAP_79804, GAP_79862, P_011527, P_008646, P_006412, P_011715, P_011735, GAP_80389, GAP_80390, WKSU, WZFE, WPHN, BCGB, WIGA, ABSS, Apet, Dhai, VYLQ, P_006413, P_011675, P_011759, P_008640, P_016813, P_018635, P_011531, Schi, P_006411, GAP_80297, P_014083, GAP_80298, P_014077, P2619, P2622, P_012905, P_006419, P_006418, P_012879, P_012805, P_012839, P_012829, P_012855, P_007802, P_018637, P_012941, P_018639, OSHQ, P_019193, Wsal, Pcol, P_019191, P_019197, GAP_80395, P_011549, GAP_80393, GAP_80394, P_011651, P_011509, P_011643, P_006414, P_011631, P_007783, P_011637, P_011647, P_011489, P_011465, P_011501, P_011523, P_011487, P_011587, P_014081, P_008647, P0104A, P_008631, P_011671, P_011679, P_008632, KAYP, Msal, P_011537, P_011713, P_011705, P_018779, P0110B, S02, S08, S27, P_007844, P_011657, P_011739, P_011673, GAP_80417, P_018691, P_006420, P_007843, P_011611, P_011745, P_011677, P_011579, P0203H, P_011551, P_025525, P0109B, P_014095, P_011681, P2623, P_011609, P_025523, S38, P_011699, P_011607, P_019199, P_011613, P_007845, S04, P_011701, P_025527]
Taxon occupancy: {P_019193=91, P_019191=7, P_019197=170, OPDF=281, GAP_81172=231, P_018783=230, P_019199=1, Wsal=114, P_016921=242, WKSU=295, P_025523=3, P_025525=8, P_025527=1, P0203H=62, P_014077=45, QDVW=289, P_011487=246, P_011489=253, P_016813=224, P_006421=219, P_006422=239, P_006420=42, P_006418=205, P_006419=221, P_006414=230, P_014081=44, P_014083=77, P_018689=233, P0206H=179, P0206G=164, Msal=247, P0109B=40, P_006410=202, P_012901=225, P_006411=194, P_012903=243, P_006412=223, P_006413=237, P_012905=238, PAWA=284, P_012907=241, GAP_79862=194, ABSS=294, P_012909=219, P_018691=68, GAP_80291=255, P_018695=232, P_014095=13, GAP_80293=218, GAP_80292=213, P_018693=214, GAP_80295=210, GAP_80294=204, P_014099=191, GAP_80297=233, GAP_80298=231, P_012911=233, P_011701=2, P_012913=192, P_012915=233, P_011705=28, P_012917=189, P_012919=145, P_012881=232, P_011671=75, P_011551=31, MAQO=291, P_012883=235, P_011673=56, P_012885=227, GAP_80322=248, P_011675=148, P2590=157, P_012887=233, P_011677=79, P_012889=223, P_011679=76, P_008647=189, PSJT=283, P2589=147, P_012891=203, P_011681=54, P_012893=222, P_018637=199, P_012895=218, P_018635=124, P_012897=223, P0207C=189, P_012899=208, P0207B=202, P0207A=199, P_018639=109, P_008646=244, P_008640=237, BCGB=291, WZFE=290, P_018645=227, KRJP=289, KAYP=178, P_011699=7, P_011579=65, CSSK=281, P_008632=225, P_016909=242, P_007783=165, P_008631=48, P_019187=205, P_019185=211, P_019189=161, P_012791=216, P_012793=231, Asie=222, P_012795=230, P_011465=260, P_018779=41, P_012797=238, P_011587=56, P_012799=228, GAP_80417=41, WIGA=285, GAP_79804=118, P_007802=62, P_012841=226, P_011631=68, P_012843=240, Pcol=112, P_012845=222, P_012847=209, P_011637=209, P_011759=107, P_012849=208, Apet=129, OBPL=292, P0110C=154, P_018831=202, P0110B=86, YZRI=290, P_012851=229, P_012853=213, P_011643=236, P_011523=246, P_012855=179, P_012857=217, P_011647=131, P_011527=84, P_012859=188, WAIL=293, P_016789=220, P_012861=224, P_011651=114, P_016787=228, P_011531=82, P_012863=230, P_012865=201, Schi=121, P_012867=222, P_011657=115, P_011537=62, P_012869=210, P_016793=224, P_016791=225, P_016797=234, SJEV=290, P_016795=222, P_012871=200, P_012873=240, P_016799=238, P_012875=216, P_012877=227, P_012879=225, P_011549=152, P_007844=31, P_007845=1, S02=89, P_012921=109, S04=2, P_012801=221, S03=169, P_012923=193, P_011713=35, P_012803=217, P_012925=228, P_011715=84, S08=35, P_012805=214, P_007843=106, P_012927=211, P_012807=222, P_012809=234, VYLQ=292, DHPO=293, GAP_80390=225, P2622=85, P2623=20, XQWC=294, GAP_80394=237, GAP_80393=264, GAP_80395=251, GAP_80397=244, P_012931=205, P_012811=221, P_012933=182, WPHN=292, P_012813=200, P_012935=206, P_012815=226, P_012937=222, P_012817=217, P_011607=1, P_012939=213, P_012819=219, P_011609=29, P2619=49, OSHQ=287, GAP_80389=217, P_012941=228, P_012821=232, P_011611=23, P_012823=221, P_011613=1, P_011735=212, P_012825=190, S27=51, P_012827=128, P_011739=112, P_012829=163, Dhai=274, P0104A=127, P_012831=229, P_011501=261, GAP_81226=229, P_012833=215, GAP_81227=243, P_011745=102, P_012835=208, S38=6, P_012837=224, P_012839=202, P_011509=242}
Number of gene trees: 297
297 trees have missing taxa
Calculating quartet distance matrix (for completion of X)
Species tree distances calculated ...
Will attempt to complete bipartitions from X before adding using a distance matrix.
Building set of clusters (X) from gene trees 
------------------------------
gradient0: 19819
Number of Clusters after addition by distance: 19819
calculating extra bipartitions to be added at level 1 ...
Adding to X using resolutions of greedy consensus ...
Limit for sigma of degrees:6025
polytomy size limit : 12
discarded polytomies:  [3, 3, 3, 3, 3, 3, 3, 3, 3, 3, 3, 3, 3, 3, 3, 4, 4, 4, 4, 4, 4, 4, 4, 4, 5, 5, 5, 6, 9, 9, 12]
Threshold 0.0:
Threshold 0.01:
Threshold 0.02:
Threshold 0.05:
Threshold 0.1:
polytomy of size 3; rounds with additions with at least 5 support: 0; clusters: 19819
polytomy of size 3; rounds with additions with at least 5 support: 0; clusters: 19819
polytomy of size 5; rounds with additions with at least 5 support: 0; clusters: 19823
Threshold 0.2:
polytomy of size 3; rounds with additions with at least 5 support: 0; clusters: 19823
polytomy of size 6; rounds with additions with at least 5 support: 0; clusters: 19823
polytomy of size 3; rounds with additions with at least 5 support: 0; clusters: 19823
polytomy of size 4; rounds with additions with at least 5 support: 0; clusters: 19823
polytomy of size 4; rounds with additions with at least 5 support: 0; clusters: 19823
polytomy of size 9; rounds with additions with at least 5 support: 0; clusters: 19829
polytomy of size 3; rounds with additions with at least 5 support: 0; clusters: 19829
polytomy of size 3; rounds with additions with at least 5 support: 0; clusters: 19829
Threshold 0.3333333333333333:
polytomy of size 4; rounds with additions with at least 5 support: 0; clusters: 19829
polytomy of size 4; rounds with additions with at least 5 support: 0; clusters: 19829
polytomy of size 3; rounds with additions with at least 5 support: 0; clusters: 19829
polytomy of size 3; rounds with additions with at least 5 support: 0; clusters: 19829
polytomy of size 3; rounds with additions with at least 5 support: 0; clusters: 19831
polytomy of size 9; rounds with additions with at least 5 support: 0; clusters: 19831
polytomy of size 3; rounds with additions with at least 5 support: 0; clusters: 19831
polytomy of size 4; rounds with additions with at least 5 support: 0; clusters: 19831
polytomy of size 5; rounds with additions with at least 5 support: 0; clusters: 19831
polytomy of size 5; rounds with additions with at least 5 support: 0; clusters: 19831
polytomy of size 12; rounds with additions with at least 5 support: 0; clusters: 19835
polytomy of size 3; rounds with additions with at least 5 support: 0; clusters: 19835
polytomy of size 4; rounds with additions with at least 5 support: 0; clusters: 19835
polytomy of size 3; rounds with additions with at least 5 support: 0; clusters: 19835
polytomy of size 4; rounds with additions with at least 5 support: 0; clusters: 19835
polytomy of size 3; rounds with additions with at least 5 support: 0; clusters: 19835
polytomy of size 3; rounds with additions with at least 5 support: 0; clusters: 19835
polytomy of size 3; rounds with additions with at least 5 support: 0; clusters: 19835
polytomy of size 4; rounds with additions with at least 5 support: 0; clusters: 19835
polytomy of size 4; rounds with additions with at least 5 support: 0; clusters: 19835
max k is :0
Number of Clusters after addition by greedy: 19835
gradient0 in heuristiic: 19835
partitions formed in 16.605 secs
Dynamic Programming starting after 16.605 secs
Using tree-based weight calculation.
Using polytree-based weight calculation.
Polytree max score: 7947436246
Polytree building time: 0.182 seconds.
Number of quartet trees in the gene trees: 7947436246
Size of largest cluster: 239
Greedy score: 7234007721
estimationFactor: 1.098621476851476
Sub-optimal score: 7427995286
Total Number of elements weighted: 64881
Normalized score (portion of input quartet trees satisfied before correcting for multiple individuals): 0.9474970843320685
Optimization score: 7530172671
Optimal tree inferred in 93.736 secs.
(P_012941,(P_012795,(((P_012861,((P_012855,(P_012827,P_007802)),((P_012919,P_012921),(P_012813,P_018637)))),(((P_012797,(P_012841,((P_012913,P_012877),(P_012811,(P_012891,P_012895))))),((((P_012925,P_012883),(P_012857,(P_012815,P_012903))),(P_012875,((P_012831,P_012905),(P_012901,(P_012887,P_012851))))),(P_018689,((P_012885,(GAP_80294,P_006420)),(P_012859,(((P_012873,P_012881),(GAP_80291,P_012907)),((P_012889,((P_012863,P_006418),(P_012793,(GAP_80292,P_006419)))),((P_012897,(GAP_80293,P_012893)),(P_012911,(P_012821,P_012917)))))))))),((P_012867,((P_012923,P_012847),(P_012899,P_012817))),(P_012843,(((P_012937,(P_006421,P_012939)),(P_012803,(P_012853,(P_012837,P_012829)))),(((P_012801,(P_012809,P_012879)),(P_012839,(P_012805,(P_012825,(P_012799,YZRI))))),(P_012909,(((P_012865,(P_012931,(P_012935,P_012933))),((P_012849,P_012871),(P_012845,P_012807))),((GAP_81172,P_012833),((P_012927,(GAP_80295,PSJT)),((P_012915,P_012791),(P_012869,(P_012835,(P_012819,P_012823)))))))))))))),((GAP_80322,DHPO),(((P2622,P2623),(P0110C,(P0110B,(XQWC,(P0207A,(P0207C,(P0207B,(P0206H,P0206G)))))))),(((P_018691,P_007845),(((P_018639,P_018779),(P_018695,(P_018645,P_018783))),((P_016797,(OBPL,(GAP_80397,P_016799))),((P_016793,(P_016795,P_006422)),(P_018693,((S08,(P_014095,S38)),((S27,(P_016789,S04)),(P_016791,((P_014099,S03),(P_016787,S02)))))))))),(((P0203H,((P_016909,WZFE),(P0109B,(P_018831,OSHQ)))),(((P_025527,(SJEV,(P_019193,(P_019187,Wsal)))),(P_016921,(GAP_81227,((WKSU,P_019199),(Pcol,(P_006410,GAP_81226)))))),(((P_019189,P_025525),((PAWA,P_019197),(Asie,QDVW))),(P_025523,((P_019191,(GAP_80417,(P2590,GAP_79804))),((P2589,OPDF),(P_019185,CSSK))))))),(P_011613,(WPHN,((P2619,P_011609),(((GAP_79862,P_011587),(P_014081,(P_008647,P0104A))),((MAQO,(WAIL,(P_011527,((GAP_80297,P_014083),(GAP_80298,P_014077))))),(((KRJP,(GAP_80395,P_011549)),((P_011643,(P_011657,(P_011651,P_011509))),((GAP_80393,GAP_80394),((P_011647,(P_011465,(P_011501,(P_011523,(P_011489,P_011487))))),(P_011631,((P_007843,(P_006414,P_007783)),(P_011551,(P_011637,P_007844)))))))),((P_011531,(P_011699,(Schi,P_006411))),(VYLQ,(P_018635,(P_008631,((P_008632,(P_011671,P_011579)),((P_011713,P_011705),(((KAYP,(BCGB,(ABSS,P_011607))),(WIGA,(Dhai,(Apet,Msal)))),(P_006413,((P_016813,((GAP_80389,GAP_80390),((P_006412,P_008640),(P_008646,P_011679)))),((P_011673,(P_011537,(P_011701,(P_011739,P_011677)))),(P_011759,((P_011735,P_011675),(P_011715,(P_011681,(P_011611,P_011745))))))))))))))))))))))))))));
Final quartet score is: 7530172671
Final normalized quartet score is: 0.9474970843320685
You may want to ignore posterior probabilities and other statistics related to the following branch branch because the effective number of genes impacting it is only 1:
	{SJEV, P_019187, P_019193, Wsal}
You may want to ignore posterior probabilities and other statistics related to the following branch branch because the effective number of genes impacting it is only 1:
	{SJEV, P_019187, P_019193, Wsal, P_025527}
You may want to ignore posterior probabilities and other statistics related to the following branch branch because the effective number of genes impacting it is only 1:
	{WKSU, P_019199}
You may want to ignore posterior probabilities and other statistics related to the following branch branch because the effective number of genes impacting it is only 7:
	{P_019189, P_025525}
You may want to ignore posterior probabilities and other statistics related to the following branch branch because the effective number of genes impacting it is only 4:
	{P2590, GAP_79804, GAP_80417}
You may want to ignore posterior probabilities and other statistics related to the following branch branch because the effective number of genes impacting it is only 5:
	{P2590, GAP_79804, P_019191, GAP_80417}
You may want to ignore posterior probabilities and other statistics related to the following branch branch because the effective number of genes impacting it is only 2:
	{P2589, P_019185, OPDF, CSSK, P2590, GAP_79804, P_019191, GAP_80417}
You may want to ignore posterior probabilities and other statistics related to the following branch branch because the effective number of genes impacting it is only 3:
	{P2589, P_019185, OPDF, CSSK, P2590, GAP_79804, P_019191, GAP_80417, P_025523}
You may want to ignore posterior probabilities and other statistics related to the following branch branch because the effective number of genes impacting it is only 11:
	{P2619, P_011609}
You may want to ignore posterior probabilities and other statistics related to the following branch branch because the effective number of genes impacting it is only 6:
	{P_011637, P_007844}
You may want to ignore posterior probabilities and other statistics related to the following branch branch because the effective number of genes impacting it is only 3:
	{Schi, P_006411}
You may want to ignore posterior probabilities and other statistics related to the following branch branch because the effective number of genes impacting it is only 5:
	{Schi, P_006411, P_011699}
You may want to ignore posterior probabilities and other statistics related to the following branch branch because the effective number of genes impacting it is only 11:
	{P_011713, P_011705}
You may want to ignore posterior probabilities and other statistics related to the following branch branch because the effective number of genes impacting it is only 1:
	{ABSS, P_011607}
You may want to ignore posterior probabilities and other statistics related to the following branch branch because the effective number of genes impacting it is only 0:
	{P_011739, P_011677}
You may want to ignore posterior probabilities and other statistics related to the following branch branch because the effective number of genes impacting it is only 2:
	{P_011739, P_011677, P_011701}
You may want to ignore posterior probabilities and other statistics related to the following branch branch because the effective number of genes impacting it is only 8:
	{P_011611, P_011745}
You may want to ignore posterior probabilities and other statistics related to the following branch branch because the effective number of genes impacting it is only 1:
	{KRJP, WAIL, MAQO, GAP_79862, P_011527, P_008646, P_006412, P_011715, P_011735, GAP_80389, GAP_80390, WPHN, BCGB, WIGA, ABSS, Apet, Dhai, VYLQ, P_006413, P_011675, P_011759, P_008640, P_016813, P_018635, P_011531, Schi, P_006411, GAP_80297, P_014083, GAP_80298, P_014077, P2619, GAP_80395, P_011549, GAP_80393, GAP_80394, P_011651, P_011509, P_011643, P_006414, P_011631, P_007783, P_011637, P_011647, P_011489, P_011465, P_011501, P_011523, P_011487, P_011587, P_014081, P_008647, P0104A, P_008631, P_011671, P_011679, P_008632, KAYP, Msal, P_011537, P_011713, P_011705, P_007844, P_011657, P_011739, P_011673, P_007843, P_011611, P_011745, P_011677, P_011579, P_011551, P_011681, P_011609, P_011699, P_011607, P_011701}
You may want to ignore posterior probabilities and other statistics related to the following branch branch because the effective number of genes impacting it is only 1:
	{KRJP, WAIL, MAQO, GAP_79862, P_011527, P_008646, P_006412, P_011715, P_011735, GAP_80389, GAP_80390, WPHN, BCGB, WIGA, ABSS, Apet, Dhai, VYLQ, P_006413, P_011675, P_011759, P_008640, P_016813, P_018635, P_011531, Schi, P_006411, GAP_80297, P_014083, GAP_80298, P_014077, P2619, GAP_80395, P_011549, GAP_80393, GAP_80394, P_011651, P_011509, P_011643, P_006414, P_011631, P_007783, P_011637, P_011647, P_011489, P_011465, P_011501, P_011523, P_011487, P_011587, P_014081, P_008647, P0104A, P_008631, P_011671, P_011679, P_008632, KAYP, Msal, P_011537, P_011713, P_011705, P_007844, P_011657, P_011739, P_011673, P_007843, P_011611, P_011745, P_011677, P_011579, P_011551, P_011681, P_011609, P_011699, P_011607, P_011613, P_011701}
You may want to ignore posterior probabilities and other statistics related to the following branch branch because the effective number of genes impacting it is only 1:
	{P_018691, P_007845}
You may want to ignore posterior probabilities and other statistics related to the following branch branch because the effective number of genes impacting it is only 0:
	{P_014095, S38}
You may want to ignore posterior probabilities and other statistics related to the following branch branch because the effective number of genes impacting it is only 6:
	{S08, P_014095, S38}
You may want to ignore posterior probabilities and other statistics related to the following branch branch because the effective number of genes impacting it is only 2:
	{P_016789, S04}
You may want to ignore posterior probabilities and other statistics related to the following branch branch because the effective number of genes impacting it is only 18:
	{P2622, P2623}
30.0 5.98989898989899 1.0101010101010102 37.0 3.458607605157459E-9
212.66666666666669 12.666666666666668 8.666666666666668 234.0 1.7667057251076043E-76
53.99541024681869 12.993589743589745 6.011000009591562 73.0 1.0118478079785612E-12
62.0 13.0 12.0 87.0 5.8193723705654E-13
1.0 0.0 0.0 1.0 0.3678794411714423
Not enough genes
Cannot perform polytomy test with effective N (after polytomies) 1.0:
	(SJEV,(P_019193,(P_019187,Wsal):0.9026382502112141):0.8137751683485602):0.2876820724517809;
1.0 0.0 0.0 1.0 0.3678794411714423
Not enough genes
Cannot perform polytomy test with effective N (after polytomies) 1.0:
	(P_025527,(SJEV,(P_019193,(P_019187,Wsal):0.9026382502112141):0.8137751683485602):0.2876820724517809):0.2876820724517809;
1.0 0.0 0.0 1.0 0.3678794411714423
Not enough genes
Cannot perform polytomy test with effective N (after polytomies) 1.0:
	(WKSU,P_019199):0.2876820724517809;
84.00865593101142 10.98990015932549 8.001443909663088 103.0 3.641170233972868E-24
67.95028957739655 20.479452188779554 17.570258233823893 106.0 1.4680140563277678E-10
98.41017458698651 84.13795725147239 35.45186816154109 218.0 3.0746400511587543E-7
125.6900351110431 30.89672939434368 55.413235494613254 212.0 1.3233256345924064E-15
226.06618169551425 7.370414388667237 5.563403915818527 239.0 2.3253027546493282E-88
259.85881058859616 7.609213722412983 18.223604453522213 285.69162876453134 1.4855627409328866E-93
3.5749698223479878 0.030894756142280894 3.394135421509731 7.0 0.1813242612270946
Not enough genes
Cannot perform polytomy test with effective N (after polytomies) 7.0:
	(P_019189,P_025525):0.18669933532666924;
113.19857437394552 8.623190218930267 42.31488070626953 164.1366452991453 2.4157205462471468E-23
209.01143510577472 0.9885648942252716 1.0 211.0 8.638119579443485E-90
58.694860270248 32.88762576193597 64.6150427396837 156.19752877186767 0.004226222950462782
73.29036002625034 53.22534037724391 33.49038400661777 160.006084410112 5.961212829862959E-4
33.0 0.0 0.0 33.0 4.658886145103395E-15
4.0 0.0 0.0 4.0 0.018315638888734168
Not enough genes
Cannot perform polytomy test with effective N (after polytomies) 4.0:
	(GAP_80417,(P2590,GAP_79804):3.120895416507997):1.2039728043259361;
2.0 2.0 0.0 4.0 0.36787944117144233
Not enough genes
Cannot perform polytomy test with effective N (after polytomies) 4.0:
	(P_019191,(GAP_80417,(P2590,GAP_79804):3.120895416507997):1.2039728043259361):0.1053605156578264;
117.50352112676056 9.0 16.496478873239436 143.0 3.5050622352350205E-34
65.98934597838553 64.4885905904236 71.52206343119089 202.0 0.8156299833899571
140.22701149425288 15.25 6.522988505747127 162.0 9.984911422095311E-46
2.0 0.0 0.0 2.0 0.1353352832366126
Not enough genes
Cannot perform polytomy test with effective N (after polytomies) 2.0:
	((P_019191,(GAP_80417,(P2590,GAP_79804):3.120895416507997):1.2039728043259361):0.1053605156578264,((P2589,OPDF):1.2873363400119657,(P_019185,CSSK):0.0):1.5627099737275907):0.6931471805599453;
2.0088235294117647 0.5397058823529411 0.2 2.748529411764706 0.36464858539225653
Not enough genes
Cannot perform polytomy test with effective N (after polytomies) 2.748529411764706:
	(P_025523,((P_019191,(GAP_80417,(P2590,GAP_79804):3.120895416507997):1.2039728043259361):0.1053605156578264,((P2589,OPDF):1.2873363400119657,(P_019185,CSSK):0.0):1.5627099737275907):0.6931471805599453):0.3621824322895644;
257.6507312909875 14.153939271395721 17.53862410246022 289.3432946648434 1.6847189594995885E-88
136.77590954878409 90.74269613399964 58.363086048371805 285.88169173115557 8.390588256209578E-8
11.0 0.0 0.0 11.0 1.6701700790245632E-5
Not enough genes
Cannot perform polytomy test with effective N (after polytomies) 11.0:
	(P2619,P_011609):2.0794415416798353;
44.90340909090909 0.03409090909090909 3.0625 48.0 8.529450251441881E-18
33.0 0.0 0.0 33.0 4.658886145103395E-15
38.0 0.6 0.4 39.0 2.1878076064242003E-16
124.92419115236314 11.479447547729977 12.765229747191617 149.16886844728475 8.925323714829757E-38
69.99393616706598 1.0001580556394838 4.005905777294524 75.0 3.841348831002895E-27
17.986525765157815 9.013776168399803 13.999698066442384 41.0 0.22790310308850062
40.94255036426023 21.01592279754227 18.046655043325703 80.0051282051282 0.0029890220838722312
38.366741815888936 23.23055448987354 18.902703694237534 80.50000000000001 0.02039546962518855
174.22197275848674 8.828171109532452 65.70385442413424 248.75399829215343 1.0397257143452137E-37
247.9681655899964 26.069313653982082 14.257911006524704 288.2953902505032 4.6424354663438214E-79
131.86232430303204 3.124027518806661 8.892288954860318 143.878640776699 1.3007292319154689E-48
158.87411773532833 78.95711417617646 6.454832167277992 244.2860640787828 9.987704492120774E-32
60.009155665077934 8.983088615652324 8.016684290698318 77.00892857142858 1.079470139914495E-15
36.38194846013325 35.54180959802315 32.076241941843605 104.00000000000001 0.8604799971815686
186.99698241003827 17.840036793796962 17.145627391086773 221.98264659492202 6.133253350698059E-57
157.627692784542 32.76015759029573 37.27023516445022 227.65808553928795 1.956388951693212E-29
93.94616084365241 64.89412324860939 66.16454711834278 225.0048312106046 0.027480938494510325
88.44157194937017 79.57199972315316 64.49000182903113 232.50357350155446 0.15076343045380383
167.60363224966312 38.37836194923533 37.039527381803246 243.02152158070172 7.001078867853046E-31
107.21232847954286 10.60223377650574 10.656200367764018 128.47076262381262 2.922475205287918E-32
50.60591376422312 38.51681497952457 34.80323837804546 123.92596712179315 0.19150377794329174
31.871604439937666 26.2481144212004 30.825065300634652 88.94478416177272 0.7395678787330828
63.93849315259903 18.13642242372248 15.693855118427308 97.76877069474881 1.4383509274204967E-10
2.9953271028037385 0.9989691784352128 0.9919422508711405 4.986238532110092 0.44838090714359224
Not enough genes
Cannot perform polytomy test with effective N (after polytomies) 4.986238532110092:
	(P_011637,P_007844):0.2884199820519394;
10.164921021513702 8.016477004468797 5.085513351829759 23.266911377812256 0.43246886249878447
22.254172843501763 16.365443960159947 20.591230161361928 59.21084696502364 0.626896796371794
28.183125006786504 25.043327075461587 9.709804132896693 62.93625621514478 0.00949109202746411
191.51675618709257 18.665560711919134 32.39897757176714 242.58129447077886 2.644420262358141E-50
92.11239106001683 70.92509560632074 83.85177667428987 246.88926334062745 0.2501438634860685
245.19828406740373 6.0628157427306375 6.446759056061867 257.70785886619626 6.079422952820748E-97
222.45160201380156 28.66187105306422 19.733757664816753 270.84723073168254 7.595985078213075E-64
2.0 1.0 0.0 3.0 0.36787944117144233
Not enough genes
Cannot perform polytomy test with effective N (after polytomies) 3.0:
	(Schi,P_006411):0.2876820724517809;
2.5 1.5 1.0 5.0 0.7046880897187136
Not enough genes
Cannot perform polytomy test with effective N (after polytomies) 5.0:
	(P_011699,(Schi,P_006411):0.2876820724517809):0.13353139262452274;
77.35193964163305 1.1804499620426838 1.0927465619015968 79.62513616557733 2.077335295432296E-32
13.0 6.0 7.0 26.0 0.19131267379416061
95.08054803653432 3.66197287324629 5.787594299468694 104.5301152092493 1.1641718743905726E-34
7.3564537814678586 2.1377279510332095 0.8558182674989318 10.350000000000001 0.032175392572196884
Not enough genes
Cannot perform polytomy test with effective N (after polytomies) 10.350000000000001:
	(P_011713,P_011705):0.6390730230710371;
1.0 0.0 0.0 1.0 0.3678794411714423
Not enough genes
Cannot perform polytomy test with effective N (after polytomies) 1.0:
	(ABSS,P_011607):0.2876820724517809;
94.54978925518554 36.30645765018276 26.216288600625884 157.07253550599418 5.177975353987552E-12
66.91577895914352 40.94549362856645 48.427553397706724 156.2888259854167 0.03237553746368404
38.626207323607005 33.283350111764406 30.89075332640727 102.80031076177869 0.6327234614198612
97.61980161039368 73.32782168943424 58.54668030468096 229.49430360450887 0.0061709235971830504
144.40416133324416 48.619133749362774 67.16492361413387 260.1882186967408 1.1936747986247958E-13
146.56991343855762 35.31752888707213 77.37347438633891 259.26091671196866 1.3856007789473982E-16
163.71920106758714 9.183370200571774 10.781965700644818 183.68453696880374 1.3009132124226109E-56
152.93377384713898 22.877801342375307 22.68320264201907 198.49477783153336 8.64022627287099E-38
31.6526566176341 6.598039549843133 27.04554465350714 65.29624082098437 2.8275979071434464E-4
88.54100753617658 51.829154590868185 51.747654401138 192.11781652818274 8.84146488881769E-4
66.91634268115035 50.20937471533731 60.66119202692456 177.78690942341223 0.300515976997662
95.9223283669993 31.75812857025123 41.63932001356808 169.3197769508186 6.543720801024725E-10
0.0 0.0 0.0 0.0 NaN
Not enough genes
Cannot perform polytomy test with effective N (after polytomies) 0.0:
	(P_011739,P_011677):0.0;
0.0 1.0002704530087898 0.058823529411764705 1.0590939824205545 0.4096611959675689
Not enough genes
Cannot perform polytomy test with effective N (after polytomies) 1.0590939824205545:
	(P_011701,(P_011739,P_011677):0.0):0.0;
9.943386950946035 8.03993745475801 6.618198659640116 24.60152306534416 0.7121711045390458
18.303629761802892 14.686841059558695 12.781757575613582 45.772228396975166 0.5971340212844654
90.64665083072273 12.287664260053756 2.2127743616820132 105.1470894524585 9.101527651572782E-30
2.994155560410749 2.0 3.0058444395892505 8.0 0.8824855987075775
Not enough genes
Cannot perform polytomy test with effective N (after polytomies) 8.0:
	(P_011611,P_011745):0.0;
9.51629343262195 8.046710408745792 11.475247524752474 29.038251366120214 0.7366322347893449
37.030880738205234 14.124275984551167 13.26385881735134 64.41901554010774 2.111902639173606E-4
42.9713281133593 16.090304010861814 18.887808491355912 77.94944061557703 2.2360044281292566E-4
33.33305255342775 28.88322775072688 22.32611376654181 84.54239407069645 0.3369192152869825
104.61280160825113 16.181121155316877 12.028279706367034 132.82220246993504 1.4890149602736917E-27
80.63645051503708 47.82223056166671 53.81944687205923 182.27812794876303 0.006571656200614164
107.99531811306265 49.61757282374867 56.63558436687865 214.24847530368996 6.64505751852985E-7
18.146746111788186 12.765558379848516 14.986632131646537 45.89893662328324 0.6200405216097997
31.59539425469987 10.333211173479697 5.801222985665463 47.72982841384503 6.650404351716726E-6
39.37982631758166 1.0556596119929451 3.0717196099838753 43.50720553955848 1.1735922171993322E-14
14.126660277960756 7.077224652803212 11.814748609608703 33.018633540372676 0.30933464709935565
74.27510908033834 35.46056057281563 10.914818710970895 120.65048836412485 9.522248689486889E-12
106.23990543039152 65.03083245847495 31.566929673749236 202.83766756261568 1.0321673716516012E-9
156.94944458712257 22.464248614290533 25.29092823067155 204.70462143208465 2.6201925806801466E-38
173.04662476262075 40.26297815130839 66.39859268072655 279.7081955946557 8.951206778600103E-24
120.75396261692218 98.14177610217253 13.964742590915455 232.86048131001016 1.910523463313972E-18
26.841161892357967 19.034751144405053 12.632730910110864 58.50864394687389 0.07455307992484785
36.87577562177273 16.413704119181386 10.528228493158597 63.817708234112715 1.2456609479510089E-4
1.0 0.0 0.0 1.0 0.3678794411714423
Not enough genes
Cannot perform polytomy test with effective N (after polytomies) 1.0:
	(WPHN,((P2619,P_011609):2.0794415416798353,(((GAP_79862,P_011587):2.0762000477556652,(P_014081,(P_008647,P0104A):3.120895416507997):2.590267165445826):1.377680009111939,((MAQO,(WAIL,(P_011527,((GAP_80297,P_014083):2.132498634479365,(GAP_80298,P_014077):0.1535894109163686):0.29860467806984364):0.23084356099547373):0.7904545728998893):1.540461694054085,(((KRJP,(GAP_80395,P_011549):2.0042276398807983):0.637834095680797,((P_011643,(P_011657,(P_011651,P_011509):1.0609990393921103):0.019939599952733037):1.418508200303921,((GAP_80393,GAP_80394):0.7636548510343049,((P_011647,(P_011465,(P_011501,(P_011523,(P_011489,P_011487):0.13184497165905978):0.07057102502017819):0.755574494184524):1.3552689768466166):0.11387537826250693,(P_011631,((P_007843,(P_006414,P_007783):0.032026930045169585):0.6368293077684691,(P_011551,(P_011637,P_007844):0.2884199820519394):0.13733269518286725):0.05594205556025327):0.17578363072655137):1.1375015670246986):0.05909234205769381):2.5468356805178876):1.299913215894326,((P_011531,(P_011699,(Schi,P_006411):0.2876820724517809):0.13353139262452274):2.798578318185938,(VYLQ,(P_018635,(P_008631,((P_008632,(P_011671,P_011579):0.25131442828090594):1.906970697620511,((P_011713,P_011705):0.6390730230710371,(((KAYP,(BCGB,(ABSS,P_011607):0.2876820724517809):0.5061908546208923):0.14867259252602408,(WIGA,(Dhai,(Apet,Msal):0.059941652968539504):0.14535595208316826):0.39944961784451294):0.42273527478434975,(P_006413,((P_016813,((GAP_80389,GAP_80390):1.7703136533844923,((P_006412,P_008640):1.0495595851666981,(P_008646,P_011679):0.24355553952831144):0.20791352718975092):0.06338698951037391):0.42279095486451757,((P_011673,(P_011537,(P_011701,(P_011739,P_011677):0.0):0.0):0.08619607493773368):0.09102283078720214,(P_011759,((P_011735,P_011675):1.5184923387689444,(P_011715,(P_011681,(P_011611,P_011745):0.0):0.0):0.4293765963834667):0.3804317797604016):0.08828554688478636):1.1165563587839726):0.17429565276602296):0.2911359567506327):0.08381593776438913):0.6397360953176763):1.755591334459659):0.13112701497725332):0.5375843062541927):0.3310042575360148):1.0341647716559779):0.5528578681208526):0.32092957770881103):0.1942763197663978):0.43598521160739856):0.2876820724517809;
1.0 0.0 0.0 1.0 0.3678794411714423
Not enough genes
Cannot perform polytomy test with effective N (after polytomies) 1.0:
	(P_011613,(WPHN,((P2619,P_011609):2.0794415416798353,(((GAP_79862,P_011587):2.0762000477556652,(P_014081,(P_008647,P0104A):3.120895416507997):2.590267165445826):1.377680009111939,((MAQO,(WAIL,(P_011527,((GAP_80297,P_014083):2.132498634479365,(GAP_80298,P_014077):0.1535894109163686):0.29860467806984364):0.23084356099547373):0.7904545728998893):1.540461694054085,(((KRJP,(GAP_80395,P_011549):2.0042276398807983):0.637834095680797,((P_011643,(P_011657,(P_011651,P_011509):1.0609990393921103):0.019939599952733037):1.418508200303921,((GAP_80393,GAP_80394):0.7636548510343049,((P_011647,(P_011465,(P_011501,(P_011523,(P_011489,P_011487):0.13184497165905978):0.07057102502017819):0.755574494184524):1.3552689768466166):0.11387537826250693,(P_011631,((P_007843,(P_006414,P_007783):0.032026930045169585):0.6368293077684691,(P_011551,(P_011637,P_007844):0.2884199820519394):0.13733269518286725):0.05594205556025327):0.17578363072655137):1.1375015670246986):0.05909234205769381):2.5468356805178876):1.299913215894326,((P_011531,(P_011699,(Schi,P_006411):0.2876820724517809):0.13353139262452274):2.798578318185938,(VYLQ,(P_018635,(P_008631,((P_008632,(P_011671,P_011579):0.25131442828090594):1.906970697620511,((P_011713,P_011705):0.6390730230710371,(((KAYP,(BCGB,(ABSS,P_011607):0.2876820724517809):0.5061908546208923):0.14867259252602408,(WIGA,(Dhai,(Apet,Msal):0.059941652968539504):0.14535595208316826):0.39944961784451294):0.42273527478434975,(P_006413,((P_016813,((GAP_80389,GAP_80390):1.7703136533844923,((P_006412,P_008640):1.0495595851666981,(P_008646,P_011679):0.24355553952831144):0.20791352718975092):0.06338698951037391):0.42279095486451757,((P_011673,(P_011537,(P_011701,(P_011739,P_011677):0.0):0.0):0.08619607493773368):0.09102283078720214,(P_011759,((P_011735,P_011675):1.5184923387689444,(P_011715,(P_011681,(P_011611,P_011745):0.0):0.0):0.4293765963834667):0.3804317797604016):0.08828554688478636):1.1165563587839726):0.17429565276602296):0.2911359567506327):0.08381593776438913):0.6397360953176763):1.755591334459659):0.13112701497725332):0.5375843062541927):0.3310042575360148):1.0341647716559779):0.5528578681208526):0.32092957770881103):0.1942763197663978):0.43598521160739856):0.2876820724517809):0.2876820724517809;
1.0 0.0 0.0 1.0 0.3678794411714423
Not enough genes
Cannot perform polytomy test with effective N (after polytomies) 1.0:
	(P_018691,P_007845):0.2876820724517809;
14.0 5.775183755370891 1.1254803812514993 20.90066413662239 0.0022411247745624404
88.8320026296783 54.07719990410349 51.937150325738905 194.8463528595207 0.0013543269423216236
69.2631332838773 28.145720333935554 16.527667250738304 113.93652086855116 1.6609718486472126E-9
60.767049622122215 54.255223043682044 6.759005656911338 121.7812783227156 5.022074638499831E-10
120.70054272274275 24.575029410371606 78.54722435973287 223.82279649284723 3.0580939381197565E-14
139.16163020300607 82.19726119915858 4.60110859783535 225.96 4.953763310443076E-27
161.91279310311842 9.506613233999543 58.90580259056906 230.32520892768702 6.270308607842368E-35
108.42353970300614 41.999861104973526 32.432552808643486 182.85595361662317 6.226303653726866E-13
120.45532284436807 38.28659567859039 34.53015866520332 193.27207718816177 1.2682859646307203E-16
0.0 0.0 0.0 0.0 NaN
Not enough genes
Cannot perform polytomy test with effective N (after polytomies) 0.0:
	(P_014095,S38):0.0;
5.710696338837042 0.28427853553481697 0.005025125628140704 6.0 0.005666276646703468
Not enough genes
Cannot perform polytomy test with effective N (after polytomies) 6.0:
	(S08,(P_014095,S38):0.0):1.2863427658648097;
1.0 0.0 1.0 2.0 0.6065306597126334
Not enough genes
Cannot perform polytomy test with effective N (after polytomies) 2.0:
	(P_016789,S04):0.0;
46.733279482466905 2.979982741097662 0.09983007789708448 49.81309230146165 1.3765000434970827E-18
140.0505654332993 2.909787199293183 4.959385061495418 147.91973769408793 3.92253653735888E-55
84.11615018841067 0.010050251256281407 0.0 84.12620043966696 3.0029500421456274E-37
60.2171839855755 55.811649454751986 52.38615147507124 168.41498491539872 0.7599339225252475
64.71512790450913 50.78901854790283 67.23581541006011 182.73996186247206 0.2757846173817451
14.659237766553112 10.860363795504904 12.425080878495669 37.944682440553684 0.7496123953524971
27.9521189670907 5.588897626087902 6.8714881525165765 40.41250474569518 8.242762905884552E-6
75.70321602747948 54.59070004364529 51.48090165581295 181.77481772693773 0.05689542607160288
104.81998923290013 66.01530169241543 62.24252401342517 233.07781493874074 7.850907100902415E-4
90.45037574249893 103.76413838260918 48.58428050033652 242.79879462544463 3.5542370094531864E-5
24.740343406593407 20.26177350427351 16.87999084249084 61.88210775335776 0.4706292677348364
67.11051381412207 0.20700851035998355 0.6816553070968858 68.0 4.112192186215397E-29
12.587580603071588 2.9898477157360404 2.422571681192371 18.0 0.004348450535580027
62.07668178280587 28.929239531183967 47.98258282570193 138.98850413969177 0.002545951051927872
69.91286709852866 54.06485060404292 34.50408947875249 158.4818071813241 0.0025924658393319533
69.32359596117313 44.0216694179582 46.65899320096473 160.00425858009606 0.026582866334920904
99.33953824306361 61.23258676191213 25.929498371647608 186.50162337662337 3.8335180949191157E-10
40.15994510336092 31.768289410719753 11.871765485919342 83.80000000000001 5.2256661551648E-4
67.16021037196637 2.268776371308017 6.571013256725619 76.0 2.671815186527183E-23
74.4047619047619 1.0 1.5952380952380953 77.0 7.139134459186857E-31
53.95463456223347 8.856748039187746 22.354802365882122 85.16618496730334 6.365866029743116E-9
235.66226779141115 2.3907404077281456 6.094427698296599 244.1474358974359 5.210017449084013E-96
50.0 0.0 0.0 50.0 1.9287498479639326E-22
96.99382716049382 9.75 7.256172839506172 114.0 1.4149090732835581E-30
89.0 0.0 3.0 92.0 6.700419791689117E-37
90.0 13.0 26.0 129.0 6.923377765325679E-18
134.0 6.25 2.75 143.0 1.0975890114140178E-51
165.03981411978708 2.8005780121601243 2.1583125312652247 169.99870466321244 3.0847393340614608E-68
93.05501217413347 43.50135335438321 67.93021669407763 204.48658222259428 1.2255838463733816E-4
153.83548387096775 6.352688172043011 10.005376344086022 170.19354838709677 6.865263374289703E-55
107.15763965963744 38.0062893081761 34.83607103218646 180.0 8.114826313382747E-13
184.5 8.582278481012658 4.417721518987342 197.5 1.9932740334526327E-70
181.88537256196867 6.0350159858141375 9.202939047440774 197.12332759522357 1.191530027899736E-67
108.34960661618297 45.1000178863622 46.33719769760182 199.786822200147 2.954655406033309E-9
83.61411485763544 76.23495579318664 68.14317654805751 227.9922471988796 0.454790264405753
210.01338704666475 1.5703317727090707 1.0530056975383573 212.63672451691218 1.0937333072611416E-89
159.76589948415048 17.434136380802254 10.828478184107018 188.02851404905974 8.638025095379887E-50
65.87732052313496 45.71889080495098 57.77764379536945 169.37385512345537 0.1616150504312936
75.2819887653947 68.06150825840265 57.65690617917078 201.00040320296813 0.30983184679410125
123.66721718981043 41.53823602563945 37.803881996657665 203.00933521210754 7.6598953268322205E-16
187.01505512045682 2.110894823394823 1.9204076720424004 191.04635761589404 1.580352524934486E-78
72.99944441603851 66.10839552132856 61.91044508292173 201.01828502028883 0.6263748272108931
95.87240292791716 49.73218854324047 48.134996387117674 193.73958785827529 1.1397580580468033E-5
145.27554536273405 25.508295847908325 26.800488651678187 197.58432986232057 6.421888682334515E-32
158.1714558341356 42.30136631377841 34.01278129766803 234.48560344558203 1.6893069821301938E-27
37.89989088925259 0.015384615384615385 0.015575559192580468 37.93085106382979 3.6910803072787135E-17
54.80592860124322 46.716675518976196 47.57810469558041 149.1007088157998 0.6722583841769831
156.09073440497227 19.45988180160891 14.749540993311722 190.30015719989288 7.540002344446825E-45
67.9818201896379 47.19623683319395 50.66611011089671 165.84416713372855 0.10615964832191244
64.91563837648124 60.47277607320717 55.12248239608612 180.51089684577454 0.6705765941103038
47.43486957008896 36.25608812579669 48.98019227788932 132.671149973775 0.33617481312929526
174.97649883871983 1.045112781954887 0.9499271739558319 176.97153879463056 5.242617773507271E-75
79.1070533755196 38.13981046835983 41.69372295404877 158.9405867979282 5.990062575868982E-5
55.265254333854784 46.38490572147275 47.851523974705216 149.50168403003275 0.6345998573632712
58.654978230366694 48.5344163064038 48.97549120233907 156.16488573910956 0.5333681849873046
167.78275013940603 6.125234457611749 3.1328586205587756 177.04084321757657 4.839480055532891E-66
54.936619289698 46.65991690527657 33.729239541440265 135.3257757364148 0.0794501045301861
165.0220390720391 5.034095044028819 5.046296565832989 175.1024306819009 3.315088126375862E-64
162.08080118349665 13.451979387423238 15.509712766849567 191.04249333776946 2.9343938438825888E-50
59.02425600764773 60.16086428847831 50.67382325933838 169.8589435554644 0.6225085820549403
67.32860540994406 59.853217558641056 63.92004076252948 191.1018637311146 0.8026154590844445
51.26621122070879 38.047064155721046 44.499344980689756 133.81262035711958 0.37545764796302195
52.42031807266023 39.59620874539231 48.77362191862107 140.79014873667361 0.39439763392372906
188.83673478424245 9.26627904943391 8.47628109571104 206.5792949293874 8.131947793459289E-69
185.5344405257766 15.802582171643087 13.062172964541386 214.39919566196107 4.855962538774441E-60
249.27808910163697 8.418078117965115 6.754218202509346 264.4503854221114 1.1597943099758677E-96
253.90390500542784 6.813748077584473 10.591958376460958 271.3096114594733 5.508719867228335E-97
170.0 1.0 0.0 171.0 1.073761526338505E-73
159.50714215137342 10.483423886362422 6.003939456769645 175.9945054945055 3.17141031335182E-57
148.0 21.0 23.5 192.5 2.0604686927104343E-36
213.41804312649256 0.18761512830304528 2.3239192099931345 215.92957746478874 2.882591180334505E-91
158.0 11.0 8.0 177.0 7.501188469622397E-55
203.0 0.0 0.0 203.0 6.890015099069305E-89
112.05480517439776 9.886348208634383 9.083028891097102 131.02418227412926 1.3383840649895726E-35
61.76670571517641 54.054469800993076 56.478682624070444 172.29985814023993 0.7627668753643658
106.60982562411245 49.82843265735973 39.33139954666227 195.76965782813443 1.909541781861184E-9
101.76870527931658 76.01213771572708 53.71569270278585 231.4965356978295 5.564679276151465E-4
183.99665194140897 0.008695652173913044 1.9946524064171123 186.0 6.358636474643644E-79
149.85372073743272 27.593791384347906 25.150897577479267 202.5984096992599 2.019302763768569E-33
140.0314566439615 4.138509757284812 26.827658130858538 170.99762453210485 4.1854980780058173E-41
80.14955739830575 33.39026266879091 50.492265308131195 164.03208537522784 3.581226710150024E-5
72.53565454965702 38.93055667930314 63.56312758641323 175.0293388153734 0.005575703164735702
137.18943028545416 21.782004536046276 32.86548597490987 191.8369207964103 2.920192343633187E-28
188.51904312659656 28.460371457658205 33.496217611624864 250.47563219587963 8.584660140553816E-44
151.0 1.008 5.992 158.0 1.4041163350893575E-60
159.00653457843467 4.47092382789895 4.537684198782525 168.01514260511615 1.982062032242157E-62
97.43260516070833 39.77857142857144 46.284523809523805 183.4957003988036 8.32588183231593E-8
157.03734637519236 6.026672562715548 8.419360941880809 171.4833798797887 1.4033738124899427E-57
110.01399701337716 30.990725860615676 38.47865700579587 179.4833798797887 1.534322847174644E-14
133.31370007111533 39.443957079672614 34.59850353382489 207.35616068461286 3.4913588083385146E-20
229.42495991791515 3.3272331743994097 5.118048799170649 237.8702418914852 2.5124745461249745E-93
197.23925385239255 2.875 0.8857461476074615 201.0 3.399798669020387E-83
76.96838940186726 25.962447940760242 71.0691626573725 174.0 1.4814653064601196E-6
181.5613432780654 5.1642242967119705 20.26522496601514 206.99079254079254 6.68445434049506E-61
81.28613568552854 50.738394661292276 61.052850605560145 193.07738095238096 0.02346555259087418
64.99700214658493 60.96678312320972 60.02661750044717 185.99040277024181 0.8936370822583027
144.4846668664469 24.502347417840376 21.51063829787234 190.49765258215962 2.1977040882786547E-34
195.8267056170246 1.9765890839798557 2.196705298995548 200.0 3.113491421459106E-82
211.01782256883436 12.410126241558551 7.884172401728327 231.31212121212124 1.6398879860449806E-76
89.54869880084851 89.83014679103462 53.72440002215191 233.10324561403505 0.0038904726141584128
214.2599734169104 6.031737256681755 11.912047399446548 232.20375807303873 1.3501677481936924E-79
73.67359614515776 60.12291540869865 79.19343787579889 212.98994942965533 0.2576013611486919
194.61092703130282 10.346695720746423 11.007339175353437 215.96496192740267 9.237598527006373E-69
238.43129593072672 20.262246016849026 12.784342679000828 271.47788462657655 1.4340740685552258E-79
108.69412830402351 49.36828821075729 69.55755690286536 227.61997341764618 6.199066816045912E-6
180.763544795476 15.171724027292461 26.40427737879746 222.33954620156595 6.700778559317212E-51
194.92155545687848 19.187147051372044 38.87373492413036 252.9824374323809 1.8101276772969967E-48
112.02060611233134 54.36905253394823 90.80529985000153 257.1949584962811 4.931107252518596E-5
200.21576467601128 5.352965798569799 25.011729997736904 230.58046047231798 9.301666634173237E-66
209.41463414634146 0.5263157894736842 1.0590500641848524 211.0 2.6141673776376187E-90
244.85439912821155 0.6688246531131251 1.476776218675306 247.0 3.2037422544748852E-105
172.51588927200922 18.297060298161743 100.4191876748341 291.23213724500505 2.304430001571061E-27
193.44659962197122 39.0550402625566 57.51999921255531 290.02163909708315 1.1586591666835898E-32
277.1502872328648 5.310726556567944 9.184384611400962 291.6453984008337 3.196860719470698E-109
189.84946892603628 57.39084613832655 35.39273244113197 282.6330475054948 6.589904279561819E-33
59.63440577161482 1.4400825825825825 0.2778225205070842 61.35231087470449 3.4600663839811624E-25
54.182232957595275 4.638517279821628 2.1728395061728394 60.993589743589745 4.0689515564772693E-19
28.5 2.75 8.75 40.0 1.2231727013325875E-6
Extended species tree:
(P0109B,((P_018831,OSHQ)0:1.1526795099383855,((P_016909,WZFE)0:1.948040075313139,(P0203H,((((P_025527,(SJEV,(P_019193,(P_019187,Wsal)0:0.9026382502112141)0:0.8137751683485602)NA:0.2876820724517809)NA:0.2876820724517809,(P_016921,(GAP_81227,((WKSU,P_019199)NA:0.2876820724517809,(Pcol,(P_006410,GAP_81226)0:1.2436264077132466)0:0.602528265649871)0:0.1912117073672186)0:0.4863624559209126)0:2.4408549584349193)0:1.963316368606102,(((P_019189,P_025525)NA:0.18669933532666924,((PAWA,P_019197)0:0.7512561112926053,(Asie,QDVW)0:3.8563278628695294)0.00423:0.06195441228455688)0.0006:0.20187586680164674,(P_025523,((P_019191,(GAP_80417,(P2590,GAP_79804)0:3.120895416507997)NA:1.2039728043259361)NA:0.1053605156578264,((P2589,OPDF)0:1.2873363400119657,(P_019185,CSSK)0.81563:0.0)0:1.5627099737275907)NA:0.6931471805599453)NA:0.3621824322895644)0:1.7784512571902389)0:0.24226453863209382,((P_011613,(WPHN,((P2619,P_011609)NA:2.0794415416798353,(((GAP_79862,P_011587)0:2.0762000477556652,(P_014081,(P_008647,P0104A)0:3.120895416507997)0:2.590267165445826)0:1.377680009111939,((MAQO,(WAIL,(P_011527,((GAP_80297,P_014083)0:2.132498634479365,(GAP_80298,P_014077)0.2279:0.1535894109163686)0.00299:0.29860467806984364)0.0204:0.23084356099547373)0:0.7904545728998893)0:1.540461694054085,(((KRJP,(GAP_80395,P_011549)0:2.0042276398807983)0:0.637834095680797,((P_011643,(P_011657,(P_011651,P_011509)0:1.0609990393921103)0.86048:0.019939599952733037)0:1.418508200303921,((GAP_80393,GAP_80394)0:0.7636548510343049,((P_011647,(P_011465,(P_011501,(P_011523,(P_011489,P_011487)0.02748:0.13184497165905978)0.15076:0.07057102502017819)0:0.755574494184524)0:1.3552689768466166)0.1915:0.11387537826250693,(P_011631,((P_007843,(P_006414,P_007783)0.73957:0.032026930045169585)0:0.6368293077684691,(P_011551,(P_011637,P_007844)NA:0.2884199820519394)0.43247:0.13733269518286725)0.6269:0.05594205556025327)0.00949:0.17578363072655137)0:1.1375015670246986)0.25014:0.05909234205769381)0:2.5468356805178876)0:1.299913215894326,((P_011531,(P_011699,(Schi,P_006411)NA:0.2876820724517809)NA:0.13353139262452274)0:2.798578318185938,(VYLQ,(P_018635,(P_008631,((P_008632,(P_011671,P_011579)0.19131:0.25131442828090594)0:1.906970697620511,((P_011713,P_011705)NA:0.6390730230710371,(((KAYP,(BCGB,(ABSS,P_011607)NA:0.2876820724517809)0:0.5061908546208923)0.03238:0.14867259252602408,(WIGA,(Dhai,(Apet,Msal)0.63272:0.059941652968539504)0.00617:0.14535595208316826)0:0.39944961784451294)0:0.42273527478434975,(P_006413,((P_016813,((GAP_80389,GAP_80390)0:1.7703136533844923,((P_006412,P_008640)0:1.0495595851666981,(P_008646,P_011679)0.00028:0.24355553952831144)0.00088:0.20791352718975092)0.30052:0.06338698951037391)0:0.42279095486451757,((P_011673,(P_011537,(P_011701,(P_011739,P_011677)NA:0.0)NA:0.0)0.71217:0.08619607493773368)0.59713:0.09102283078720214,(P_011759,((P_011735,P_011675)0:1.5184923387689444,(P_011715,(P_011681,(P_011611,P_011745)NA:0.0)0.73663:0.0)0.00021:0.4293765963834667)0.00022:0.3804317797604016)0.33692:0.08828554688478636)0:1.1165563587839726)0.00657:0.17429565276602296)0:0.2911359567506327)0.62004:0.08381593776438913)0.00001:0.6397360953176763)0:1.755591334459659)0.30933:0.13112701497725332)0:0.5375843062541927)0:0.3310042575360148)0:1.0341647716559779)0:0.5528578681208526)0:0.32092957770881103)0.07455:0.1942763197663978)0.00012:0.43598521160739856)NA:0.2876820724517809)NA:0.2876820724517809,(((P_018691,P_007845)NA:0.2876820724517809,(((P_018639,P_018779)0.00224:0.6141050302612888,(P_018695,(P_018645,P_018783)0.00135:0.19890238995209814)0:0.5173990756856934)0:0.27757558544080585,((P_016797,(OBPL,(GAP_80397,P_016799)0:0.364281686873813)0:0.544265749156149)0:0.7982936893217348,((P_016793,(P_016795,P_006422)0:0.48545040673603856)0:0.5622087986907321,(P_018693,((S08,(P_014095,S38)NA:0.0)NA:1.2863427658648097,((S27,(P_016789,S04)NA:0.0)0:2.116637826074968,(P_016791,((P_014099,S03)0:2.415360906503803,(P_016787,S02)0:4.028669675008749)0.75993:0.033725203863380605)0.27578:0.028724239111221583)0.74961:0.0667999459067726)0.00001:0.7183667891929559)0.0569:0.1292919973913217)0.00079:0.18837943584003203)0.00004:0.05816558481972855)0.47063:0.0944867008519113)0:3.1923364637018365,(((P2622,P2623)0.00435:0.6807372303201671,(P0110C,(P0110B,(XQWC,(P0207A,(P0207C,(P0207B,(P0206H,P0206G)0.00255:0.18051749323362848)0.00259:0.1714561370301963)0.02658:0.15765422687542824)0:0.3491453984521131)0.00052:0.2361988868539732)0:1.6519059821747721)0:2.67163350004987)0:0.5784876103732236,((GAP_80322,DHPO)0:2.846665374028099,(((P_012861,((P_012855,(P_012827,P_007802)0:3.5263605246161593)0:1.448752385619748,((P_012919,P_012921)0:2.7408400239252018,(P_012813,P_018637)0:0.7731898882334817)0:2.261763098473791)0:2.951306559979742)0.00012:0.19757086003610141,(((P_012797,(P_012841,((P_012913,P_012877)0:1.8832724582243572,(P_012811,(P_012891,P_012895)0:0.49109936786774344)0:2.2462666624038223)0:2.096073190120862)0:0.37024898744322754)0.45479:0.048884882610184546,((((P_012925,P_012883)0:3.6714163612513624,(P_012857,(P_012815,P_012903)0:1.4601220156712007)0.16162:0.08337615300543019)0.30983:0.06083716968726531,(P_012875,((P_012831,P_012905)0:0.5264066537141235,(P_012901,(P_012887,P_012851)0:3.236592784686336)0.62637:0.04293466020580763)0.00001:0.27242072800231387)0:0.9096476074137252)0:0.7083077106266019,(P_018689,((P_012885,(GAP_80294,P_006420)0:3.225831338330528)0.67226:0.0488663157957272,(P_012859,(((P_012873,P_012881)0:1.2870648502649136,(GAP_80291,P_012907)0.10616:0.11786669006032068)0.67058:0.03714197335163809,((P_012889,((P_012863,P_006418)0.33617:0.03282659544324791,(P_012793,(GAP_80292,P_006419)0:3.679200962637142)0.00006:0.2769454086165932)0.6346:0.052146632110879394)0.53337:0.06167324680962816,((P_012897,(GAP_80293,P_012893)0:2.448480909500263)0.07945:0.11034027208421131,(P_012911,(P_012821,P_012917)0:2.3604236856039265)0:1.452331921395875)0.62251:0.01835143960505738)0.80262:0.026062506796894938)0.37546:0.07301843331586212)0.3944:0.05609987001632027)0:1.999251421387483)0:1.570348895319398)0:2.3926631682104844)0:2.288813838360253,((P_012867,((P_012923,P_012847)0:4.048882188145342,(P_012899,P_012817)0:1.9091750561645493)0:1.0421000784047671)0:3.718054589569204,(P_012843,(((P_012937,(P_006421,P_012939)0:1.7805861686299294)0:4.912654885736056,(P_012803,(P_012853,(P_012837,P_012829)0:1.4833200416056214)0.76277:0.03523639216143799)0:0.3749846782821762)0.00056:0.1702926850438157,(((P_012801,(P_012809,P_012879)0:3.7259158228348173)0:0.9264395135171066,(P_012839,(P_012805,(P_012825,(P_012799,YZRI)0:1.2773374677325726)0.00004:0.25940652689399235)0.00558:0.12567498159582255)0:0.837342771079554)0:0.9794355603736874,(P_012909,(((P_012865,(P_012931,(P_012935,P_012933)0:2.5839975524322316)0:2.421077678630611)0:0.3455279626070787,((P_012849,P_012871)0:2.00748353590987,(P_012845,P_012807)0:0.5349952572908807)0:0.61572972339181)0:2.824940020655496,((GAP_81172,P_012833)0:3.3423981796352455,((P_012927,(GAP_80295,PSJT)0:0.1740308820313394)0:1.6575498131647264,((P_012915,P_012791)0.02347:0.13725311914647054,(P_012869,(P_012835,(P_012819,P_012823)0.89364:0.021625235323680676)0:0.9989865870086214)0:3.2543301029563256)0:1.9841773418815762)0.00389:0.07664020759436842)0:2.104971570229229)0.2576:0.01656440080807417)0:1.8672639295933906)0:1.6743625029352922)0.00001:0.2397224178351653)0:1.2519373867740389)0:1.053231202797874)0.00005:0.1634497409017894)0:1.5937793437929701,(P_012795,P_012941)0:4.001254139156088)0:3.9619587099407885)0:0.4869590264126063)0:0.6873107998286971)0:2.5329719579506835)0:0.7012264361049698)0:2.727474225400186)0:1.6659872073969324)0:0.7823783142878878));
Weight calculation took 74.571777814 secs
ASTRAL finished in 95.815 secs
