
================== ASTRAL ===================== 

This is ASTRAL version 5.7.7
Gene trees are treated as unrooted
327 trees read from all_bs10.trees
index76
All output trees will be *arbitrarily* rooted at P0109B

======== Running the main analysis
Number of taxa: 244 (244 species)
Taxa: [P_006411, P_011671, P_011679, P_011531, P_008632, P_011677, P_011735, P_011675, P_011759, P_011537, P_011715, P_011739, P_011673, P_011745, P_006412, P_011681, P_008640, GAP_80390, GAP_80389, P_008646, P_006413, P_011713, P_011705, P_016813, GAP_80395, P_011549, P_011501, P_011487, P_011489, P_011523, P_007783, P_006414, P_007843, GAP_80393, GAP_80394, P_011643, P_011509, P_011651, P_011657, P_011647, P_011551, P_007844, P_011637, P_011465, P2619, P_014083, P_018635, GAP_80297, P_014077, GAP_80298, P_011527, P_014081, P0104A, P_008647, SJEV, P_019187, Wsal, P_019193, GAP_81227, Pcol, GAP_81226, P_006410, P_016921, PAWA, P2589, P_019185, GAP_80417, GAP_79804, P2590, P_011699, P_019197, P_019189, GAP_79862, Sdec, P_016909, P_018831, P0109B, S04, P_018783, P_018645, P_018695, P_016793, P_006422, P_016795, P_007845, GAP_80397, P_016799, P_016797, S03, P_014099, P_016791, S02, P_016787, S27, P_016789, P_011579, P_018639, P_025523, P_011701, P_011587, P_018691, P_018693, P_018779, P2622, GAP_80322, XQWC, P0110B, P0110C, P0207A, P0207C, P0206H, P0207B, P0206G, P2623, P0203H, Asie, QDVW, CSSK, OPDF, WKSU, WZFE, KRJP, WAIL, MAQO, BCGB, WIGA, ABSS, Apet, Dhai, VYLQ, WPHN, OBPL, DHPO, YZRI, P_012871, PSJT, P_012795, P_012941, P_011609, P_012855, P_012827, P_007802, P_012813, P_018637, P_012919, P_012921, P_012811, P_012891, P_012895, P_018689, P_012859, P_012793, P_012911, P_012889, P_006420, GAP_80294, GAP_80293, P_012873, GAP_80292, P_006419, P_012881, P_012893, GAP_80291, P_012863, P_012821, P_012917, P_006418, P_012885, P_012897, P_012907, P_012797, P_012857, P_012901, P_012851, P_012887, P_012905, P_012831, P_012875, P_012925, P_012883, P_012815, P_012903, P_012913, P_012877, P_012841, P_012861, P_012867, P_012847, P_012923, P_012817, P_012899, P_012937, P_012939, P_006421, P_012843, P_012829, P_012837, P_012909, P_012927, GAP_80295, GAP_81172, P_012833, P_012791, P_012869, P_012819, P_012823, P_012835, P_012915, P_012807, P_012845, P_012849, P_012931, P_012935, P_012933, P_012865, P_012801, P_012879, P_012809, P_012805, P_012799, P_012825, P_012839, P_012803, P_012853, Schi, S38, P_014095, S08, OSHQ, P_025525, P_008631, Msal, KAYP, P_011631, P_011613, P_019191, P_011719, P_025527, P_014073, P_011709, P_019199, P_011611, P_011607, P_011589]
Taxon occupancy: {P_019193=263, P_019191=107, P_019197=277, OPDF=308, GAP_81172=315, P_018783=311, P_019199=81, Wsal=256, P_016921=314, WKSU=324, P_025523=43, P_025525=78, P_025527=31, P_014073=43, P0203H=185, P_014077=172, QDVW=315, P_011487=312, P_011489=314, P_016813=266, P_006421=305, P_006422=309, P_006420=229, P_006418=301, P_006419=303, P_006414=309, P_014081=200, P_014083=214, P_018689=313, P0206H=279, P0206G=266, Msal=272, P0109B=137, P_006410=302, P_012901=305, P_006411=301, P_006412=307, P_012903=309, P_006413=293, P_012905=314, PAWA=305, GAP_79862=295, P_012907=310, ABSS=320, P_012909=312, P_018691=127, GAP_80291=315, P_018695=300, P_014095=119, GAP_80293=310, P_018693=304, GAP_80292=305, GAP_80295=314, P_014099=308, GAP_80294=303, GAP_80297=308, GAP_80298=305, P_011701=55, P_012911=309, P_012913=255, P_011705=159, P_012915=312, P_012917=293, P_012919=284, P_011709=27, P_011671=163, P_012881=309, P_011551=191, P_011673=242, MAQO=320, P_012883=313, P_011675=279, GAP_80322=315, P_012885=305, P2590=245, P_011677=233, P_012887=310, P_011679=254, P_012889=300, P_008647=288, PSJT=314, P2589=245, P_011681=210, P_012891=298, P_012893=310, P_018637=304, P_012895=305, P_018635=277, P_012897=302, P0207C=290, P0207B=294, P_012899=308, P_018639=280, P0207A=303, P_008646=312, P_008640=311, BCGB=318, WZFE=317, P_018645=307, KRJP=317, KAYP=200, P_011699=149, P_011579=227, CSSK=305, P_008632=306, P_007783=292, P_016909=315, P_008631=51, P_019187=304, P_019185=287, Sdec=58, P_019189=251, P_012791=313, P_012793=304, Asie=244, P_012795=307, P_011465=315, P_018779=239, P_011587=213, P_012797=314, P_012799=312, P_011589=4, GAP_80417=152, WIGA=311, GAP_79804=223, P_007802=254, P_012841=305, P_011631=238, Pcol=254, P_012843=317, P_012845=308, P_011637=307, P_012847=300, P_011759=269, P_012849=295, Apet=137, OBPL=320, P0110C=274, P_018831=307, P0110B=191, YZRI=318, P_012851=309, P_011643=320, P_012853=308, P_011523=316, P_012855=295, P_011647=275, P_012857=308, P_011527=168, P_012859=297, WAIL=322, P_016789=305, P_011651=272, P_012861=302, P_011531=240, P_016787=310, P_012863=309, P_012865=302, Schi=249, P_011657=267, P_012867=311, P_011537=219, P_012869=305, P_016793=304, P_016791=315, P_016797=314, SJEV=315, P_016795=299, P_012871=295, P_012873=308, P_016799=307, P_012875=306, P_012877=299, P_012879=308, P_011549=287, P_007844=209, P_007845=43, S02=212, S04=74, P_012921=275, S03=287, P_012801=315, P_011713=199, P_012923=299, P_012803=311, P_011715=252, P_012925=303, S08=179, P_007843=272, P_012805=307, P_012927=307, P_012807=308, P_011719=29, P_012809=303, VYLQ=319, DHPO=323, GAP_80390=270, P2622=201, P2623=96, GAP_80394=314, XQWC=324, GAP_80393=318, GAP_80395=315, GAP_80397=314, P_012931=309, P_012811=306, WPHN=317, P_012933=290, P_012813=304, P_012935=300, P_012815=298, P_012937=312, P_012817=306, P_011607=7, P_012939=294, P_011609=180, P_012819=304, P2619=170, OSHQ=317, GAP_80389=283, P_012941=313, P_012821=307, P_011611=47, P_012823=310, P_011613=79, P_011735=307, S27=231, P_012825=311, P_012827=275, P_011739=257, P_012829=194, Dhai=300, P0104A=249, P_012831=290, P_011501=316, GAP_81226=310, P_012833=306, P_011745=266, GAP_81227=317, P_012835=308, S38=83, P_012837=315, P_012839=301, P_011509=315}
Number of gene trees: 327
327 trees have missing taxa
Calculating quartet distance matrix (for completion of X)
Species tree distances calculated ...
Will attempt to complete bipartitions from X before adding using a distance matrix.
Building set of clusters (X) from gene trees 
------------------------------
gradient0: 39941
Number of Clusters after addition by distance: 39941
calculating extra bipartitions to be added at level 1 ...
Adding to X using resolutions of greedy consensus ...
Limit for sigma of degrees:6150
polytomy size limit : 39
discarded polytomies:  [3, 3, 3, 3, 3, 3, 3, 3, 3, 3, 3, 3, 3, 3, 3, 3, 3, 3, 3, 3, 3, 3, 3, 3, 4, 4, 4, 4, 4, 4, 4, 4, 5, 5, 5, 5, 5, 6, 6, 7, 10, 10, 13, 13, 14, 20, 39]
Threshold 0.0:
Threshold 0.01:
Threshold 0.02:
polytomy of size 3; rounds with additions with at least 5 support: 0; clusters: 39943
polytomy of size 3; rounds with additions with at least 5 support: 0; clusters: 39947
Threshold 0.05:
polytomy of size 3; rounds with additions with at least 5 support: 0; clusters: 39947
polytomy of size 3; rounds with additions with at least 5 support: 0; clusters: 39947
polytomy of size 7; rounds with additions with at least 5 support: 0; clusters: 39949
polytomy of size 4; rounds with additions with at least 5 support: 0; clusters: 39949
Threshold 0.1:
polytomy of size 3; rounds with additions with at least 5 support: 0; clusters: 39949
polytomy of size 4; rounds with additions with at least 5 support: 0; clusters: 39949
polytomy of size 3; rounds with additions with at least 5 support: 0; clusters: 39949
polytomy of size 5; rounds with additions with at least 5 support: 0; clusters: 39949
polytomy of size 10; rounds with additions with at least 5 support: 0; clusters: 39951
polytomy of size 3; rounds with additions with at least 5 support: 0; clusters: 39951
polytomy of size 5; rounds with additions with at least 5 support: 0; clusters: 39951
Threshold 0.2:
polytomy of size 3; rounds with additions with at least 5 support: 0; clusters: 39951
polytomy of size 4; rounds with additions with at least 5 support: 0; clusters: 39951
polytomy of size 5; rounds with additions with at least 5 support: 0; clusters: 39951
polytomy of size 3; rounds with additions with at least 5 support: 0; clusters: 39951
polytomy of size 13; rounds with additions with at least 5 support: 0; clusters: 39953
polytomy of size 3; rounds with additions with at least 5 support: 0; clusters: 39953
polytomy of size 3; rounds with additions with at least 5 support: 0; clusters: 39953
polytomy of size 3; rounds with additions with at least 5 support: 0; clusters: 39953
polytomy of size 3; rounds with additions with at least 5 support: 0; clusters: 39953
polytomy of size 3; rounds with additions with at least 5 support: 0; clusters: 39953
polytomy of size 3; rounds with additions with at least 5 support: 0; clusters: 39953
polytomy of size 6; rounds with additions with at least 5 support: 0; clusters: 39953
polytomy of size 3; rounds with additions with at least 5 support: 0; clusters: 39953
polytomy of size 20; rounds with additions with at least 5 support: 1; clusters: 39989
Threshold 0.3333333333333333:
polytomy of size 3; rounds with additions with at least 5 support: 0; clusters: 39989
polytomy of size 4; rounds with additions with at least 5 support: 0; clusters: 39991
polytomy of size 4; rounds with additions with at least 5 support: 0; clusters: 39991
polytomy of size 3; rounds with additions with at least 5 support: 0; clusters: 39991
polytomy of size 10; rounds with additions with at least 5 support: 0; clusters: 39991
polytomy of size 14; rounds with additions with at least 5 support: 0; clusters: 39991
polytomy of size 4; rounds with additions with at least 5 support: 0; clusters: 39991
polytomy of size 4; rounds with additions with at least 5 support: 0; clusters: 39991
polytomy of size 3; rounds with additions with at least 5 support: 0; clusters: 39991
polytomy of size 4; rounds with additions with at least 5 support: 0; clusters: 39991
polytomy of size 3; rounds with additions with at least 5 support: 0; clusters: 39991
polytomy of size 3; rounds with additions with at least 5 support: 0; clusters: 39991
polytomy of size 3; rounds with additions with at least 5 support: 0; clusters: 39991
polytomy of size 6; rounds with additions with at least 5 support: 0; clusters: 39991
polytomy of size 3; rounds with additions with at least 5 support: 0; clusters: 39991
polytomy of size 3; rounds with additions with at least 5 support: 0; clusters: 39991
polytomy of size 13; rounds with additions with at least 5 support: 0; clusters: 40001
polytomy of size 5; rounds with additions with at least 5 support: 0; clusters: 40001
polytomy of size 5; rounds with additions with at least 5 support: 0; clusters: 40001
polytomy of size 39; rounds with additions with at least 5 support: 0; clusters: 40027
max k is :2
Number of Clusters after addition by greedy: 40027
gradient0 in heuristiic: 40027
partitions formed in 35.974 secs
Dynamic Programming starting after 35.974 secs
Using tree-based weight calculation.
Using polytree-based weight calculation.
Polytree max score: 22225739521
Polytree building time: 0.396 seconds.
Number of quartet trees in the gene trees: 22225739521
Size of largest cluster: 244
Greedy score: 19219706794
estimationFactor: 1.1564036725023517
Sub-optimal score: 19946867668
Calculated 100000 weights; time (seconds): 279
Total Number of elements weighted: 120579
Normalized score (portion of input quartet trees satisfied before correcting for multiple individuals): 0.9119798889413071
Optimization score: 20269427460
Optimal tree inferred in 341.05 secs.
(P_012871,(P_012849,((P_012807,P_012845),((P_012865,(P_012931,(P_012935,P_012933))),(P_012909,((PSJT,((GAP_81172,P_012833),((P_012927,GAP_80295),((P_012791,P_012915),(P_012869,(P_012823,(P_012819,P_012835))))))),((YZRI,((P_012801,(P_012879,P_012809)),(P_012839,(P_012805,(P_012799,P_012825))))),(((P_012937,(P_012939,P_006421)),((P_012803,P_012853),(P_012829,P_012837))),(P_012843,((P_012867,((P_012817,P_012899),(P_012847,P_012923))),(((P_012797,(P_012841,((P_012913,P_012877),(P_012811,(P_012891,P_012895))))),(((P_012857,(P_012815,P_012903)),((P_012925,P_012883),(P_012875,((P_012905,P_012831),(P_012901,(P_012851,P_012887)))))),(P_018689,((P_006420,GAP_80294),(P_012885,(P_012859,(((P_012873,P_012881),(GAP_80291,P_012907)),(((P_012911,(P_012821,P_012917)),(P_012897,(GAP_80293,P_012893))),(P_012889,((P_012863,P_006418),(P_012793,(GAP_80292,P_006419)))))))))))),((P_012861,((P_012855,(P_012827,P_007802)),((P_012813,P_018637),(P_012919,P_012921)))),((P_012795,P_012941),((GAP_80322,DHPO),(((P2622,P2623),(XQWC,(P0110C,(P0207A,(P0110B,(P0207C,(P0207B,(P0206H,P0206G)))))))),((OBPL,(((P_018639,P_018779),(P_018695,(P_018783,P_018645))),(P_018691,((P_016793,(P_006422,P_016795)),((P_016797,(P_007845,(GAP_80397,P_016799))),(P_018693,((P_014095,S08),((S04,(S38,(S27,P_016789))),((S03,P_014099),(P_016791,(S02,P_016787))))))))))),(((P0203H,((P_016909,WZFE),(OSHQ,(P_018831,P0109B)))),(((SJEV,(P_019193,(P_019187,Wsal))),(WKSU,(P_016921,(GAP_81227,(Pcol,(GAP_81226,P_006410)))))),((P_025525,(P_011589,(P_025523,P_025527))),(((Asie,QDVW),(P_019189,(PAWA,P_019197))),((CSSK,(OPDF,(P2589,P_019185))),((P_019191,P_019199),(GAP_80417,(GAP_79804,P2590)))))))),((WPHN,P_011613),(((GAP_79862,P_011587),(P_014081,(P0104A,P_008647))),((P_011609,(P2619,Sdec)),((WAIL,MAQO),(((P_011527,(P_014077,(GAP_80298,(P_014083,GAP_80297)))),(KRJP,((GAP_80395,P_011549),((P_011657,(P_011643,(P_011509,P_011651))),((GAP_80393,GAP_80394),((P_011647,(P_011465,(P_011501,(P_011523,(P_011487,P_011489))))),(P_011631,(P_011551,((P_007844,P_011637),(P_007843,(P_007783,P_006414))))))))))),(VYLQ,((P_011531,(P_011699,(P_006411,Schi))),((P_018635,P_008631),(P_011709,((P_011671,(P_008632,P_011579)),(((KAYP,(BCGB,ABSS)),(WIGA,(Dhai,(Apet,Msal)))),((P_014073,(P_011719,P_011607)),((P_006413,(P_011713,P_011705)),((P_011679,(P_016813,((GAP_80390,GAP_80389),(P_008646,(P_006412,P_008640))))),(P_011701,(P_011681,(P_011673,((P_011537,(P_011677,P_011739)),(P_011759,((P_011735,P_011675),(P_011715,(P_011745,P_011611)))))))))))))))))))))))))))))))))))))));
Final quartet score is: 20269427460
Final normalized quartet score is: 0.9119798889413071
You may want to ignore posterior probabilities and other statistics related to the following branch branch because the effective number of genes impacting it is only 1:
	{P_025523, P_025527}
You may want to ignore posterior probabilities and other statistics related to the following branch branch because the effective number of genes impacting it is only 1:
	{P_025523, P_025527, P_011589}
You may want to ignore posterior probabilities and other statistics related to the following branch branch because the effective number of genes impacting it is only 1:
	{P_011719, P_011607}
You may want to ignore posterior probabilities and other statistics related to the following branch branch because the effective number of genes impacting it is only 4:
	{P_011719, P_014073, P_011607}
168.03984263080585 86.04350623101392 48.47939852776646 302.56274738958626 7.993601058064402E-17
147.99932649701208 56.82240696601903 31.178266536968884 236.0 1.5446056575880004E-21
224.0199714892903 16.206340880969716 18.767699605787907 258.99401197604794 2.9121182852378605E-72
206.756695015924 58.96722947818254 31.461057396442655 297.1849818905492 1.0841686851673641E-39
197.01392370669558 29.99065980356512 21.990850279693635 248.99543378995432 7.956157306270176E-52
187.4074366138589 38.519142731415826 22.085054212774317 248.01163355804903 2.6568292660031773E-44
175.428515721268 68.970858907876 58.5867587035689 302.9861333327129 1.037640545628272E-18
216.63482075190424 78.15874713815973 13.33419243307873 308.1277603231427 2.4977904955610716E-46
213.30455651991412 55.37283001300214 40.79611651795692 309.4735030508732 2.941885249095318E-39
246.17133795005347 25.240899250241473 33.95364129584571 305.3658784961407 1.6263490553150306E-67
1.0 0.0 0.0 1.0 0.3678794411714423
Not enough genes
Cannot perform polytomy test with effective N (after polytomies) 1.0:
	(P_025523,P_025527):0.2876820724517809;
1.0 0.0 0.0 1.0 0.3678794411714423
Not enough genes
Cannot perform polytomy test with effective N (after polytomies) 1.0:
	(P_011589,(P_025523,P_025527):0.2876820724517809):0.2876820724517809;
28.617599766728684 5.334302232534613 3.0345503947683774 36.98645239403167 8.783995443899657E-8
233.50139385807992 0.0 2.4937984496124033 235.99519230769232 5.289137848238692E-100
105.4153831204821 69.37686804543011 39.542343338952854 214.33459450486507 2.433338679935526E-7
88.45094815449832 87.89046717740266 49.28525574166813 225.6266710735691 0.0012275598035044037
117.68026638449616 92.01349272547866 80.89855236191568 290.5923114718905 0.0253770663849823
110.98375395909271 12.087409609494292 101.50791171257684 224.57907528116385 5.308014546402512E-18
106.39387143699874 46.9823033567949 111.95689177116029 265.3330665649539 4.2750436151076883E-7
182.45294646259487 62.33372438962055 12.421573193470586 257.208244045686 2.0310981956932254E-39
29.291143950671792 14.348005038053918 10.183427793640984 53.822576782366696 0.0035984664994233775
118.0 6.0 0.0 124.0 3.859476794350942E-47
65.46678867311661 7.461698956668522 17.07151237021487 90.0 1.0194801939614796E-14
71.84462787583578 42.47221579426768 6.571725086558862 120.88856875666232 3.0348718207588925E-12
207.13261509580335 15.08347880521514 42.88290475831692 265.0989986593354 1.1414224763972664E-53
47.738625486962135 19.287149624702174 28.431145075912053 95.45692018757636 0.0013193392885826312
47.447650644285964 29.28976327951728 17.20536132352895 93.9427752473322 6.113027541389329E-4
129.56900822152528 88.80988140864491 77.70981317591999 296.08870280609017 5.234916716404453E-4
24.071490441175886 26.047239554361127 18.176979939876635 68.29570993541364 0.47882093742089715
151.07445315563456 19.197935968802508 28.215755029102482 198.48814415353957 2.3523776099364263E-36
169.9908521303258 3.004385964912281 6.004761904761905 179.0 3.464951533016378E-67
167.86278853799942 13.0629189804138 9.722561837731728 190.64826935614494 1.6189650854984932E-56
201.29868028910732 33.07404417932639 36.802498601264794 271.1752230696985 4.568570616068673E-45
22.83538627202553 4.858012294098061 16.614971477929274 44.308370044052865 0.003540572887867665
84.45582647171858 19.38740388630629 17.738575441883192 121.58180579990807 3.0438203278301633E-16
280.931040094757 6.491207611611248 19.612500869357124 307.03474857572536 2.0669253473108595E-102
192.02023988635085 11.976052682666857 6.0086335393566515 210.00492610837435 4.6528042545898485E-70
62.46968575115389 44.96807651254312 59.561008039398466 166.99877030309548 0.20597246593825222
44.026576556379176 37.47887665251728 29.837169866672554 111.34262307556901 0.25694286932831784
158.41777793206828 4.391001382521313 2.46171647328506 165.27049578787467 7.366189560552975E-64
266.67359155635506 7.6069006428454475 9.389031861169887 283.6695240603704 8.89027218055691E-103
199.67750900546716 27.273828530891276 32.95046160250789 259.90179913886635 8.212800072587898E-49
91.62326033762501 88.42749878917954 71.88836263757823 251.93912176438278 0.2628738779930401
207.90602762843284 26.571498627375952 22.738181654124936 257.2157079099337 1.9130956368856463E-57
218.6890831304744 35.47391347049286 38.4422134756835 292.60521007665074 9.368083439523196E-50
121.92813946855392 75.00299435817294 98.11966088023077 295.0507947069576 0.0037064947879503363
109.43070962033481 108.06869234262926 83.98261597957125 301.4820179425353 0.13012514129692326
230.76766436011997 38.11883403965583 34.764273688590976 303.6507720883668 9.509774092924747E-55
221.41741086385628 23.55534011204034 17.5591530457099 262.5319040216065 1.6399526570205133E-67
104.90031646587677 74.55018774650078 64.01612207649644 243.466626288874 0.0038784092363779777
82.56805136790429 47.996188795917746 63.57028069455772 194.13452085837974 0.009729776785785231
110.37678614064261 62.13207822572182 77.28804327200137 249.7969076383658 6.686976042777648E-4
133.81130665523455 61.41366188208789 55.303283423504304 250.52825196082674 1.208733784809603E-10
70.07329701515512 43.12422583778064 56.94277920043432 170.14030205337008 0.04067635487088885
55.39061434901979 54.39028154361354 33.96841036421948 143.74930625685283 0.04734351769724814
93.22630312103755 79.4905531724472 41.43910850791062 214.15596480139536 4.180069854620794E-5
231.74660566319722 22.16507552970316 41.97161691185852 295.88329810475886 1.1099318257679E-59
109.87814973500492 81.20665967140783 105.02051858200515 296.1053279884179 0.09203792980641896
274.7142111173308 11.474153999050886 13.152901692135059 299.34126680851676 1.2619392786314494E-100
180.66814644607078 5.520639910855753 111.64009642335486 297.8288827802814 8.890233611925114E-35
127.89268753541103 120.07312272631512 27.27246023664734 275.2382704983735 1.4784884295939541E-15
126.6050815695607 102.14852172796382 33.666336780320044 262.41994007784456 2.9984171442796337E-12
86.83613835061841 16.317604001617187 20.70324522540415 123.85698757763974 3.8022572389896926E-17
66.76697312665021 44.33029197652345 11.830797082755987 122.92806218592966 8.200743367234282E-9
201.15707365068008 14.223654650577982 16.68993801513998 232.07066631639802 2.8666614444418157E-65
15.5644555311356 18.749407379086094 11.165320176158065 45.47918308637976 0.38418039806158033
46.935523659215335 41.02028000342833 40.94666327949942 128.90246694214306 0.7596734276233653
137.8282724451705 12.619409895615759 9.17662247150663 159.62430481229288 1.3847116766053803E-44
105.43122295777768 36.928075808006525 32.07769026628282 174.43698903206703 2.696816515092548E-13
61.48657309283861 54.791657374080835 54.359471260628986 170.63770172754843 0.7552366071435771
40.97003352503629 33.21096667940746 30.032697320533654 104.21369752497742 0.40202066182110796
102.51290132572731 86.82903900049607 55.12135580147401 244.4632961276974 7.824691912477588E-4
152.18951578451288 55.82835366683039 65.73925317062421 273.7571226219675 4.251690943720056E-14
229.421972004085 17.902891110544584 36.30357950244011 283.6284426170697 8.597597348330495E-64
1.0 0.0 0.0 1.0 0.3678794411714423
Not enough genes
Cannot perform polytomy test with effective N (after polytomies) 1.0:
	(P_011719,P_011607):0.2876820724517809;
1.0480912173481831 0.0945928323482503 2.4721517027863777 3.6148357524828114 0.30478630507295373
Not enough genes
Cannot perform polytomy test with effective N (after polytomies) 3.6148357524828114:
	(P_014073,(P_011719,P_011607):0.2876820724517809):0.0;
41.34416493151853 31.021449028758944 25.846235429378495 98.21184938965597 0.1493235613831104
77.41061466440458 44.03069519973964 69.2545954054545 190.6959052695987 0.00853064973593032
234.57833608195315 6.42783381874941 9.968767500536284 250.97493740123883 2.008190014711551E-89
225.125133573457 24.249698503805952 27.683707854812628 277.0585399320756 6.485492544875497E-63
135.12110676133892 40.26883003635128 61.75731790827808 237.1472547059683 2.574360921841497E-14
88.34470800117765 61.471748602027525 49.187449921614515 199.00390652481968 0.0023673387303183957
79.29218059918693 69.6339497635541 35.17995288389478 184.10608324663582 1.5658265340380993E-4
100.74029184116273 59.84648635742924 41.91422817912868 202.50100637772064 1.4162109418175995E-6
120.97468027943634 17.94839879255827 18.24381871990331 157.16689779189792 5.667275269425873E-30
87.68360920120838 45.8576511117121 38.929755236193685 172.47101554911416 5.550716786285056E-6
213.06526144437743 18.249339750117034 19.32875886936096 250.64336006385543 3.9815291799600246E-66
25.884545962581573 5.0240718333584695 5.051938529689655 35.960556325629696 5.644237369592439E-6
103.33827708956855 62.55384402514252 40.478459240398955 206.37058035511004 3.7957886299271067E-7
115.88019363975454 45.90221518105799 68.18732424186321 229.96973306267574 5.746484028190021E-8
92.25341940081961 67.65867978804266 60.27132366778403 220.1834228566463 0.021921460797484766
79.23046976275471 51.91482493918958 61.30049798981354 192.44579269175784 0.0496521492475715
56.074947984825016 54.61935949972308 39.872681419048874 150.56698890359695 0.20170731763598912
15.98276029605452 11.547343857195628 8.700961620213288 36.23106577346344 0.3278966074283776
24.491694946875715 13.982488282852936 2.754042203752405 41.22822543348106 1.8428115941589445E-4
103.48598582909477 60.63800662035008 67.31216622031937 231.43615866976424 0.0010182466509447562
26.731515874123357 22.455194906217457 11.227566683776521 60.41427746411734 0.04141934372465107
35.27062121847869 23.251362994943044 8.746647033048644 67.26863124647038 3.832792749546932E-4
125.78416304018451 148.50457395837586 11.070562149937912 285.3592991484983 1.6612170709725232E-25
12.965532429699984 5.36725638183634 4.542429451868448 22.875218263404772 0.05915611852716436
12.877819226395589 7.918529414353511 2.4475007219729044 23.243849362722006 0.029802890071357137
163.11085911550575 42.5654560316089 49.58824131261576 255.26455645973041 4.302674972033964E-24
141.54071202711606 118.99159011271144 26.236540900056287 286.7688430398838 1.078822899263682E-17
140.97866163121026 125.69251236522663 17.824823232407656 284.49599722884454 2.3134225359050126E-21
157.3172017598144 45.98777788883942 74.99856979350763 278.30354944216145 2.4288342991307E-16
74.3667144523957 71.82796854697492 53.252737933801896 199.4474209331725 0.13550681294279912
74.68062622301842 60.681502768495335 55.8361941440517 191.1983231355655 0.22256480580390509
162.73427024890208 80.99271657566682 32.146147002996635 275.87313382756554 2.7511138655720346E-21
209.51071580609226 55.33166740890713 26.06305544759566 290.9054386625951 3.1337585066625604E-44
119.31859922863822 35.449023011311375 63.0940243714933 217.8616466114429 1.1922944556940132E-11
123.91377492993806 79.03401514222146 78.06401314393474 281.0118032160943 6.582603273144338E-4
149.89220746137272 76.82270343954679 43.71013655498393 270.42504745590344 6.011109762679086E-15
155.61829277162911 82.34173403721093 29.186630415934317 267.14665722477434 2.2163852224355633E-20
166.80818064423806 48.044316802131455 54.14002373262277 268.99252117899226 2.1688759165089017E-22
177.73718829557518 42.914479838657726 46.508324982009356 267.1599931162423 1.6516454169566202E-29
24.948318698140078 6.074359058447237 8.991542626687943 40.01422038327526 4.3542572244399734E-4
23.972255830992008 15.980722232730136 3.0423288034193336 42.99530686714147 4.164522160617653E-4
251.60037240089386 10.828480244944348 37.60227218923096 300.0311248350692 2.4012445582657696E-76
59.44070068099645 16.62979243748682 10.4814720562801 86.55196517476337 1.9643154715839793E-11
41.72880771296322 13.055128009983068 12.050184514388471 66.83412023733476 2.9079619351729125E-6
12.915917474308765 9.927581841070943 7.144216467706132 29.98771578308584 0.4345237314662629
40.320097784981925 14.817377652884002 6.701578317238311 61.83905375510424 3.2822697714505176E-7
261.17149635134064 6.151043396806487 11.03558488899131 278.3581246371384 2.741194928386406E-100
207.9795032880418 1.108838833236458 1.8979992618624122 210.98634138314068 1.7559876772923907E-88
98.00510127714081 82.38656299180246 78.63976978254527 259.03143405148853 0.29468555059487944
99.65919749614496 83.76157224629357 70.89416577773268 254.31493552017122 0.08636342878888788
73.47423547068013 48.13498120347584 45.18446600293954 166.7936826770955 0.012907224103466551
113.13235073302504 29.323329636342837 25.16894338812429 167.62462375749217 7.161814131581463E-20
102.17183344402306 68.04849562599281 73.40347025591845 243.62379932593433 0.015809156760857663
83.50043867801342 90.76104953965509 79.47071274849155 253.73220096616006 0.6790400544352825
42.3235053284131 32.29467797323143 26.734476710800415 101.35266001244494 0.15762068041444996
43.7225730200388 29.53556242940495 28.030753470590213 101.28888892003397 0.1085843135358436
187.9119686258443 80.00784467984704 21.649135060169193 289.5689483658606 9.662029296378544E-33
233.46327397821653 50.65621165123962 26.331390123878805 310.45087575333497 1.5925699845357263E-54
40.24273164402108 8.011669416060915 36.9540548226957 85.20845588277768 1.5499337020905285E-5
112.94794776767023 60.995875328475556 76.98284535835846 250.92666845450424 2.1075736777852243E-4
127.85615088434305 77.07497521203106 66.0488548250791 270.9799809214532 5.955293610811024E-6
70.45854035979629 49.11443420067038 65.77737584263184 185.3503504030985 0.1304121827504016
69.1098618492877 65.2335690315261 52.16289025324192 186.50632113405572 0.28132738966001253
226.994963978197 21.08630355478631 18.397385333711906 266.4786528666952 9.704464460684668E-71
164.9048239774032 98.50737962970796 4.776852277792355 268.1890558849035 3.598223508820799E-32
127.37467627747165 69.143547766209 5.735000826317482 202.25322486999812 1.4351426217436425E-24
146.15561840840599 24.76676369437658 30.735357215795297 201.65773931857785 5.616424749070199E-31
202.49259625011805 40.10050695408096 60.68026125876389 303.27336446296295 2.6010626906727048E-34
301.77559607293125 1.887090909090909 0.10540184453227931 303.7680888265544 4.518626460636196E-130
202.96063392380125 14.978073899956904 10.066473523392112 228.00518134715028 7.694008067628017E-70
226.31831944529978 20.238730316217264 28.445595741128475 275.0026455026455 3.134956655956939E-65
195.04656906297689 40.45625962239671 46.4971713146264 282.0 3.780961397107206E-36
249.48213690875122 4.998594576719577 10.519268514529177 265.0 1.601494508560412E-96
267.44258652430295 6.0186786870907545 13.538734788606353 287.0 2.965124004362969E-101
274.02081554180205 8.246190650649353 8.083830081310163 290.35083627376156 1.9092100788734334E-106
151.78959882656414 62.76416878540313 80.14447258049965 294.6982401924669 1.4297990476004948E-10
222.32688208454718 11.160483824072681 12.512634091380141 246.0 6.002891062729193E-79
165.13338612461635 65.01059792795408 57.85601594742958 288.0 5.3195354082762273E-17
279.25212800873237 8.564543164904286 6.183328826363324 294.0 6.353289543275659E-110
270.11072071153325 11.416436210814057 11.647541872833417 293.17469879518075 8.963173775028478E-100
163.7729645027596 67.73663420614331 64.66658621728197 296.1761849261849 1.0711393402385731E-14
109.49870020931367 98.66137925080398 97.76745517848948 305.9275346386071 0.65824030967305
253.76370510400707 11.182078702356327 17.245725994586703 282.1915098009501 4.3960521792312925E-89
114.96600452358064 88.3862652456923 81.49489691835193 284.84716668762485 0.03725422965539843
292.5295757114293 3.7374680071342223 2.7336860217392474 299.00072974030275 2.746886094699566E-122
184.28487988116242 50.155574649900146 49.87964312097917 284.32009765204174 2.9032483314209113E-28
290.97044813657124 3.0216455694674655 3.003297999030458 296.99539170506915 5.583499024770193E-122
110.1715143774156 88.8655942083356 97.31702296068863 296.3541315464398 0.31186914251200964
139.59204252372933 72.97480263818139 83.31027133494818 295.8771164968589 2.18701716148213E-6
234.81852833911938 27.998430127978622 29.025443595634485 291.8424020627325 4.582962023756913E-64
98.45096389748191 96.92486867094446 94.01007189340945 289.3859044618358 0.9485903956754661
219.55111213208045 41.752490727601746 34.7572762807687 296.0608791404509 5.386591298451583E-49
192.15088930450693 25.515960094577814 2.3535708604316237 220.02042025951638 3.260655526599643E-64
222.7031662005511 26.548561091386674 23.134793465587638 272.3865207575254 3.684906576935432E-63
84.21418923168353 59.55626424858919 77.86614075852046 221.63659423879318 0.10873264678760106
77.63482702295228 78.09868959312918 67.97598092873424 223.7094975448157 0.6453139743066714
269.9897548848578 5.0078695240341276 9.944037522661201 284.9416619315531 8.659357856177418E-106
211.5065497941826 22.659198882390356 26.739109129866744 260.9048578064397 7.775056150523257E-59
261.04501291758174 14.415554059094124 8.315460370267363 283.77602734694324 3.5610000120486433E-96
73.46039400534745 67.19159475313201 58.36988751485883 199.0218762733383 0.4204850548560767
73.65927098623268 62.44356991424378 72.20830917258007 208.31115007305652 0.5851712417699799
86.46508061407064 60.981017790745575 68.19779151862174 215.64388992343794 0.09069219839896188
277.95916686724684 3.1194763838893724 6.000809185837445 287.07945243697367 8.186537853616707E-114
118.27192350552461 53.271779449061206 55.00326308466111 226.54696603924694 1.2899478179975111E-8
74.17112520897616 69.18225128716227 70.43185448002527 213.7852309761637 0.9097700531421699
83.97235166965011 66.51001055261538 58.26370455156716 208.74606677383264 0.08404686767338106
80.97649452261922 72.2988761504838 66.13348758309371 219.40885825619674 0.4675316649755785
78.45686185521934 61.60063118139457 74.03338590761366 214.0908789442276 0.3429135534300096
83.55801480934025 60.31672339989327 71.91899097572586 215.79372918495937 0.15299628193659184
79.06439642600354 70.86599901137467 70.21747124273928 220.1478666801175 0.7179368791089711
250.59702137974148 26.62857416285082 14.630965456200723 291.85656099879304 1.394472369254098E-79
264.8242105493442 16.024401223035323 16.55686974278282 297.4054815151623 6.308263665185246E-91
294.76268818322217 11.910004580517331 8.078358191576676 314.7510509553162 1.2367760597291402E-112
300.8920805773982 7.1645059556954465 9.876050374518348 317.932636907612 1.680562897255334E-117
261.5753147872863 18.89646617406143 14.528219038652333 295.0 5.1270291914236926E-89
279.3577946127946 2.002840909090909 1.5930681818181816 282.9537037037037 5.688137795099877E-119
221.68843220988987 44.968390824934815 35.34317696517533 302.0 3.236401542887084E-48
301.99733332795563 3.375507182598908 4.3389437657866194 309.7117842763411 2.270745206563812E-125
260.98397590361446 10.81952380952381 15.0 286.80349971313825 6.187031529645685E-94
296.1800585058404 1.1840032239835794 2.9629823174600025 300.32704404728395 8.189806577735626E-126
100.5260795832846 87.6479906242458 97.26826173939938 285.4423319469298 0.6242447165578738
165.83625883514839 10.842569164233204 13.596952248921884 190.27578024830348 1.3358307199805657E-54
160.60558823936913 71.10732258291618 66.32972673457564 298.042637556861 4.698420379578811E-13
139.16082715124202 92.62598804185261 63.07303997776343 294.85985517085805 3.1515681758684885E-7
294.02840793253637 1.1327031785747381 1.8388888888888888 297.0 7.187489306770721E-126
213.97987060729258 36.54275156988762 46.53616429136095 297.05878646854114 2.614901221311113E-44
149.72390421258484 82.11023142357418 61.106611758081186 292.94074739424025 2.904162477374184E-10
138.44189551379876 66.45684571522091 84.74074318387453 289.6394844128942 5.0398472047371E-7
226.62981451029052 36.15852423388066 32.91498672461282 295.703325468784 6.228470827295243E-55
169.2981814180468 124.24367622362404 10.946471167939848 304.4883288096107 3.2778380522543E-29
129.8381352809834 130.4788636210987 49.40878990914061 309.72578881122274 7.187284984478697E-10
293.86639140291015 3.9463479015756264 4.901335251243298 302.7140745557291 6.408750290150094E-121
290.20993923920867 1.456912659095427 6.531647798733825 298.19849969703796 4.6232678372230305E-120
134.96367322027223 85.75479642286658 83.28153035686115 303.99999999999994 2.2804267343863835E-4
99.99951413325476 92.96542440457912 99.06014275647817 292.02508129431203 0.8608569728919199
226.48689916837625 40.97897665840048 31.52955796317762 298.99543378995435 2.1805197974346326E-53
289.8251087041389 6.136746966642471 3.034598229927791 298.9964539007092 6.475977198808127E-119
276.5121441483093 16.802735362916177 15.474758124397466 308.7896376356229 4.460994093596595E-96
139.60295358120842 97.13401135526813 70.04645219105815 306.78341712753473 6.0188155650367565E-6
195.65584240061887 84.34050428530466 23.216315520372554 303.2126622062961 1.4296483890666942E-33
147.03261978084765 154.07619152928584 6.219225801452759 307.32803711158624 3.222431244425429E-30
274.99459459459456 3.0054054054054054 7.0 285.0 7.952033559173238E-112
271.50646540375874 6.064306814469388 11.479538340778056 289.05031055900616 1.7827211937210702E-104
154.41910603208296 68.41330736310377 69.42129030851696 292.2537037037037 1.3653370089539007E-11
180.92430642106495 60.06967697937867 48.997391540631625 289.99137494107526 8.679817579721357E-25
254.50877511336247 8.982555371865834 14.005952123467342 277.4972826086957 3.5096125256689577E-93
208.32742047585975 43.614668586041724 48.684299826987434 300.6263888888889 9.460241789839666E-39
289.4576862952632 4.988525916289004 8.017607868630733 302.4638200801829 1.0733168321391064E-115
112.11842912473476 91.33381176964062 103.91203266758558 307.364273561961 0.3431216075821588
280.75259011027754 21.785747887387654 17.271775344976028 319.8101133426412 2.05981155922517E-93
277.2749455150701 25.083418601326972 15.568811160736598 317.92717527713364 5.23606364762647E-91
123.42019613076364 81.0321601489175 96.64788196561658 301.1002382452977 0.01026725002962076
242.846966975208 19.495816758291454 41.42846705143092 303.7712507849304 9.893588766462104E-66
242.05510852204952 29.834794292880645 34.3505988146766 306.2405016296068 2.886366635315792E-63
135.27289257738258 50.971014760500225 122.61947386157837 308.8633811994612 1.9136074813657094E-9
246.26081736318505 17.242641757465705 44.213844542643976 307.71730366329473 4.6460424045548495E-67
288.20170423102553 12.638242474229267 7.737815471085316 308.5777621763401 1.5628340982265387E-109
146.55344128456008 43.809458291704345 118.42487570050336 308.7877752767678 1.2733550162466278E-12
178.87338943694522 34.512102925874245 96.21681956836969 309.60231193118915 8.334707665265692E-23
254.81635553901415 28.46809071519935 25.01474668190486 308.29919293611835 5.134603822931505E-74
224.2703963562702 34.432387941643164 38.574005843974184 297.27679014188755 2.98276887508367E-52
145.06507011151268 22.481343907667814 9.814473321092738 177.36088734027325 1.022568157074161E-41
113.1744007104315 39.11665102873399 30.706735878497465 182.99778761766294 2.1777209466100387E-15
158.30355839618014 80.995543248481 57.48798549045539 296.7870871351165 6.115927653014931E-13
68.2337263834932 0.09617525771126996 60.02669896074749 128.35660060195195 9.026489030098437E-15
Extended species tree:
(P0109B,(P_018831,(OSHQ,((P_016909,WZFE)0:0.40098256210734484,(P0203H,((((SJEV,(P_019193,(P_019187,Wsal)0:0.5739510958741575)0:1.5723959110306707)0:0.776694015429388,(WKSU,(P_016921,(GAP_81227,(Pcol,(GAP_81226,P_006410)0:1.1460345584166052)0:0.9913045079523493)0:0.4551397882990191)0:0.8011572345203147)0:0.7561822729463322)0:1.2217333013473763,((P_025525,(P_011589,(P_025523,P_025527)NA:0.2876820724517809)NA:0.2876820724517809)0:0.9943738350808649,(((Asie,QDVW)0:3.8115852218647337,(P_019189,(PAWA,P_019197)0:0.2669823098252771)0.00123:0.08931270506356093)0.02538:0.11134184157533702,((CSSK,(OPDF,(P2589,P_019185)0:0.27179867851348927)0:0.10448883480235927)0:0.8207929216745681,((P_019191,P_019199)0.0036:0.3587266329537655,(GAP_80417,(GAP_79804,P2590)0:2.4769384801388226)0:0.8654143886621599)0:0.4847407112901745)0:1.1014357954290594)0.00132:0.27757675688460687)0.00061:0.28718217034275556)0.00052:0.1674647247879702,(((WPHN,P_011613)0.47882:0.02128511762622556,(((GAP_79862,P_011587)0:1.0105070530746183,(P_014081,(P0104A,P_008647)0:2.483992280983179)0:1.6811213085825176)0:0.9400414238022311,((P_011609,(P2619,Sdec)0.00354:0.2957128099736571)0:0.7624175795495769,((WAIL,MAQO)0:2.0250769257132615,(((P_011527,(P_014077,(GAP_80298,(P_014083,GAP_80297)0:2.0027837057118907)0.20597:0.05950495376452447)0.25694:0.0919435474608227)0:2.6472911512213297,(KRJP,((GAP_80395,P_011549)0:2.3557180742832213,((P_011657,(P_011643,(P_011509,P_011651)0:1.0441349715253858)0.26287:0.04431941098478737)0:1.2301326951520517,((GAP_80393,GAP_80394)0:0.960401753587715,((P_011647,(P_011465,(P_011501,(P_011523,(P_011487,P_011489)0.00371:0.12530596919160825)0.13013:0.04360072297469695)0:1.0112167839418815)0:1.4283173934502706)0.00388:0.1550738661376041,(P_011631,(P_011551,((P_007844,P_011637)0.00973:0.14468017609122505,(P_007843,(P_007783,P_006414)0.00067:0.17453957375014623)0:0.3538072347485274)0.04068:0.12123487873122805)0.04734:0.07687969943395866)0.00004:0.1624537398477182)0:1.1113859953923564)0.09204:0.05629887103328962)0:2.055805619713814)0:0.5223601331891673)0:0.21625411222673918)0:0.24965576686816396,(VYLQ,((P_011531,(P_011699,(P_006411,Schi)0:0.7835692016995569)0:0.36836273978485906)0:1.5828445669777655,((P_018635,P_008631)0.38418:0.0023067384194775404,(P_011709,((P_011671,(P_008632,P_011579)0.75967:0.042876551709715306)0:1.5470165176836272,(((KAYP,(BCGB,ABSS)0:0.5132372223274947)0.75524:0.038067442311520365,(WIGA,(Dhai,(Apet,Msal)0.40202:0.08784528420394916)0.00078:0.13518464075791123)0:0.4017596385515983)0:1.2346393438126655,((P_014073,(P_011719,P_011607)NA:0.2876820724517809)NA:0.0,((P_006413,(P_011713,P_011705)0.14932:0.1336332465758936)0.00853:0.11174731021812334,((P_011679,(P_016813,((GAP_80390,GAP_80389)0:2.2675896590363696,(P_008646,(P_006412,P_008640)0:1.2533319189949887)0:0.4324412719368421)0.00237:0.17742042884550557)0.00016:0.1537820598041695)0:0.27780271643946447,(P_011701,(P_011681,(P_011673,((P_011537,(P_011677,P_011739)0:1.0420861498110516)0.00001:0.29867320341044273,(P_011759,((P_011735,P_011675)0:1.4698630170019442,(P_011715,(P_011745,P_011611)0.00001:0.7996046497132054)0:0.2843408686080248)0:0.2911111390400829)0.02192:0.13425756862735855)0.04965:0.12144675950489639)0.20171:0.05651968724439188)0.3279:0.15540125615366654)0.00018:0.46199735646139195)0.00102:0.18372442015077295)0.04142:0.16593445263778644)0.00038:0.32153801653330716)0:0.1730202341935189)0.05916:0.37772491688657345)0.0298:0.3520687482610849)0:0.6064944377981419)0:0.2715244780210854)0:0.2753634307848925)0:0.42292493888378657)0.13551:0.05816463498638008)0.22256:0.08647372954410476)0:0.48067848386443035)0:0.8594434096549866,((OBPL,(((P_018639,P_018779)0:0.3823844838198881,(P_018695,(P_018783,P_018645)0.00066:0.173268544500909)0:0.39803641056937006)0:0.4628636328406207,(P_018691,((P_016793,(P_006422,P_016795)0:0.5564120486398958)0:0.6816221822153866,((P_016797,(P_007845,(GAP_80397,P_016799)0.00044:0.5317546187814837)0.00042:0.3817336963273387)0:1.4011758066426898,(P_018693,((P_014095,S08)0:0.7305970290090454,((S04,(S38,(S27,P_016789)0:0.5494613699782253)0.43452:0.13377313410429884)0:0.6207542050851628,((S03,P_014099)0:2.3263428369720267,(P_016791,(S02,P_016787)0:3.563054311728239)0.29469:0.06757854578486433)0.08636:0.08938595514658496)0.01291:0.17058264190385672)0:0.7059661889039228)0.01581:0.1352515480194633)0.67904:0.0)0.15762:0.12812883742965708)0.10858:0.1521762289224276)0:0.6349826471222862)0:0.9792266529921518,(((P2622,P2623)0.00002:0.22340716733740393,(XQWC,(P0110C,(P0207A,(P0110B,(P0207C,(P0207B,(P0206H,P0206G)0.00021:0.18935210603114583)0.00001:0.22959049506517748)0.13041:0.06950631430799678)0.28133:0.054308632135712326)0:1.4826755031803451)0:0.5428286642189668)0:0.5798534894974008)0:0.8717752591237933,((GAP_80322,DHPO)0:0.6896402455341925,((P_012795,P_012941)0:4.217979277838117,((P_012861,((P_012855,(P_012827,P_007802)0:1.7684710868331999)0:1.3092558304344575,((P_012813,P_018637)0:0.7631743090268411,(P_012919,P_012921)0:2.3735887937774787)0:2.2342737430660007)0:2.41662275578605)0:0.314695704127116,(((P_012797,(P_012841,((P_012913,P_012877)0:1.8982089210656694,(P_012811,(P_012891,P_012895)0:0.4417562879272116)0:2.5248050037539644)0:2.0979926593302443)0:0.3954837957563403)0.65824:0.03576838069150008,(((P_012857,(P_012815,P_012903)0:1.8587183083381027)0.03725:0.10902382086519267,((P_012925,P_012883)0:3.287270323329803,(P_012875,((P_012905,P_012831)0:0.6326774446925361,(P_012901,(P_012851,P_012887)0:3.34214573196721)0.31187:0.05737397977568955)0:0.2297932792643506)0:1.2133149375020311)0.94859:0.008589171932484048)0:0.9380680356266681,(P_018689,((P_006420,GAP_80294)0:1.6300032417581491,(P_012885,(P_012859,(((P_012873,P_012881)0:1.2798239684844168,(GAP_80291,P_012907)0.10873:0.06976579585472786)0.64531:0.01840291731394382,(((P_012911,(P_012821,P_012917)0:2.4807443165050143)0:1.242558588230528,(P_012897,(GAP_80293,P_012893)0:2.079455075897316)0.42049:0.05223341789566321)0.58517:0.028264901614416617,(P_012889,((P_012863,P_006418)0.09069:0.10388087554919183,(P_012793,(GAP_80292,P_006419)0:2.9432293286844784)0:0.32802352311982)0.90977:0.018154195210736263)0.08405:0.10594810459434167)0.46753:0.052439524191209265)0.34291:0.0482895803333989)0.153:0.08136138850534982)0.71794:0.036951746081417686)0:1.5303877100170737)0:1.7790196299157213)0:2.305520851144419)0:2.4668924499460116,((P_012867,((P_012817,P_012899)0:1.7461204457907356,(P_012847,P_012923)0:3.718179521891828)0:0.9099794057278177)0:3.1684179594936497,(P_012843,(((P_012937,(P_012939,P_006421)0:1.9676827238529024)0:3.6643198803299915,((P_012803,P_012853)0.62424:0.02677580692515766,(P_012829,P_012837)0:1.6119472282789074)0:0.3647053509009121)0:0.2300938253042605,((YZRI,((P_012801,(P_012879,P_012809)0:3.912461339536962)0:0.8600697966187428,(P_012839,(P_012805,(P_012799,P_012825)0:0.3065950771025145)0:0.241438902191163)0:1.037722779741173)0:0.40239441437470147)0:0.13556956731077366,((PSJT,((GAP_81172,P_012833)0:3.0233853918789055,((P_012927,GAP_80295)0:3.099689414985224,((P_012791,P_012915)0.00023:0.1788345673372127,(P_012869,(P_012823,(P_012819,P_012835)0.86086:0.011970446464074823)0:1.000900628953967)0:2.9787310737845933)0:1.8255470735229946)0.00001:0.19889364571403387)0:0.62498817471012)0:0.24246158977043245,(P_012909,((P_012865,(P_012931,(P_012935,P_012933)0:2.852140150119597)0:2.344451348076187)0:0.34228972942057573,((P_012807,P_012845)0:0.5667386254355841,(P_012849,P_012871)0:2.046368332672235)0:0.7679149693881833)0:2.670301925164233)0.34312:0.04644850079303174)0:1.6750677908944718)0:1.6301427750634327)0.01027:0.11969703673275287)0:1.1881839798220242)0:1.1449303139762803)0:0.1682232197476476)0:1.1924907800890934)0:2.26747269531623)0:0.23523555878938562)0:0.4523020524598373)0:1.3309582203258477)0:0.9884052813047669)0:1.2729120662836317)0:0.5492693559081566)0:0.3529671296048532)0:0.344221658649984));
Weight calculation took 284.797169469 secs
ASTRAL finished in 344.921 secs
