
================== ASTRAL ===================== 

This is ASTRAL version 5.7.7
Gene trees are treated as unrooted
327 trees read from all_bs10.trees
index76
All output trees will be *arbitrarily* rooted at P0109B

======== Running the main analysis
Number of taxa: 244 (244 species)
Taxa: [P_006411, P_011671, P_011679, P_011531, P_008632, P_011677, P_011735, P_011675, P_011759, P_011537, P_011715, P_011739, P_011673, P_011745, P_006412, P_011681, P_008640, GAP_80390, GAP_80389, P_008646, P_006413, P_011713, P_011705, P_016813, GAP_80395, P_011549, P_011501, P_011487, P_011489, P_011523, P_007783, P_006414, P_007843, GAP_80393, GAP_80394, P_011643, P_011509, P_011651, P_011657, P_011647, P_011551, P_007844, P_011637, P_011465, P2619, P_014083, P_018635, GAP_80297, P_014077, GAP_80298, P_011527, P_014081, P0104A, P_008647, SJEV, P_019187, Wsal, P_019193, GAP_81227, Pcol, GAP_81226, P_006410, P_016921, PAWA, P2589, P_019185, GAP_80417, GAP_79804, P2590, P_011699, P_019197, P_019189, GAP_79862, Sdec, P_016909, P_018831, P0109B, S04, P_018783, P_018645, P_018695, P_016793, P_006422, P_016795, P_007845, GAP_80397, P_016799, P_016797, S03, P_014099, P_016791, S02, P_016787, S27, P_016789, P_011579, P_018639, P_025523, P_011701, P_011587, P_018691, P_018693, P_018779, P2622, GAP_80322, XQWC, P0110B, P0110C, P0207A, P0207C, P0206H, P0207B, P0206G, P2623, P0203H, Asie, QDVW, CSSK, OPDF, WKSU, WZFE, KRJP, WAIL, MAQO, BCGB, WIGA, ABSS, Apet, Dhai, VYLQ, WPHN, OBPL, DHPO, YZRI, P_012871, PSJT, P_012795, P_012941, P_011609, P_012855, P_012827, P_007802, P_012813, P_018637, P_012919, P_012921, P_012811, P_012891, P_012895, P_018689, P_012859, P_012793, P_012911, P_012889, P_006420, GAP_80294, GAP_80293, P_012873, GAP_80292, P_006419, P_012881, P_012893, GAP_80291, P_012863, P_012821, P_012917, P_006418, P_012885, P_012897, P_012907, P_012797, P_012857, P_012901, P_012851, P_012887, P_012905, P_012831, P_012875, P_012925, P_012883, P_012815, P_012903, P_012913, P_012877, P_012841, P_012861, P_012867, P_012847, P_012923, P_012817, P_012899, P_012937, P_012939, P_006421, P_012843, P_012829, P_012837, P_012909, P_012927, GAP_80295, GAP_81172, P_012833, P_012791, P_012869, P_012819, P_012823, P_012835, P_012915, P_012807, P_012845, P_012849, P_012931, P_012935, P_012933, P_012865, P_012801, P_012879, P_012809, P_012805, P_012799, P_012825, P_012839, P_012803, P_012853, Schi, S38, P_014095, S08, OSHQ, P_025525, P_008631, Msal, KAYP, P_011631, P_011613, P_019191, P_011719, P_025527, P_014073, P_011709, P_019199, P_011611, P_011607, P_011589]
Taxon occupancy: {P_019193=263, P_019191=107, P_019197=277, OPDF=308, GAP_81172=315, P_018783=311, P_019199=81, Wsal=256, P_016921=314, WKSU=324, P_025523=43, P_025525=78, P_025527=31, P_014073=43, P0203H=185, P_014077=172, QDVW=315, P_011487=312, P_011489=314, P_016813=266, P_006421=305, P_006422=309, P_006420=229, P_006418=301, P_006419=303, P_006414=309, P_014081=200, P_014083=214, P_018689=313, P0206H=279, P0206G=266, Msal=272, P0109B=137, P_006410=302, P_012901=305, P_006411=301, P_006412=307, P_012903=309, P_006413=293, P_012905=314, PAWA=305, GAP_79862=295, P_012907=310, ABSS=320, P_012909=312, P_018691=127, GAP_80291=315, P_018695=300, P_014095=119, GAP_80293=310, P_018693=304, GAP_80292=305, GAP_80295=314, P_014099=308, GAP_80294=303, GAP_80297=308, GAP_80298=305, P_011701=55, P_012911=309, P_012913=255, P_011705=159, P_012915=312, P_012917=293, P_012919=284, P_011709=27, P_011671=163, P_012881=309, P_011551=191, P_011673=242, MAQO=320, P_012883=313, P_011675=279, GAP_80322=315, P_012885=305, P2590=245, P_011677=233, P_012887=310, P_011679=254, P_012889=300, P_008647=288, PSJT=314, P2589=245, P_011681=210, P_012891=298, P_012893=310, P_018637=304, P_012895=305, P_018635=277, P_012897=302, P0207C=290, P0207B=294, P_012899=308, P_018639=280, P0207A=303, P_008646=312, P_008640=311, BCGB=318, WZFE=317, P_018645=307, KRJP=317, KAYP=200, P_011699=149, P_011579=227, CSSK=305, P_008632=306, P_007783=292, P_016909=315, P_008631=51, P_019187=304, P_019185=287, Sdec=58, P_019189=251, P_012791=313, P_012793=304, Asie=244, P_012795=307, P_011465=315, P_018779=239, P_011587=213, P_012797=314, P_012799=312, P_011589=4, GAP_80417=152, WIGA=311, GAP_79804=223, P_007802=254, P_012841=305, P_011631=238, Pcol=254, P_012843=317, P_012845=308, P_011637=307, P_012847=300, P_011759=269, P_012849=295, Apet=137, OBPL=320, P0110C=274, P_018831=307, P0110B=191, YZRI=318, P_012851=309, P_011643=320, P_012853=308, P_011523=316, P_012855=295, P_011647=275, P_012857=308, P_011527=168, P_012859=297, WAIL=322, P_016789=305, P_011651=272, P_012861=302, P_011531=240, P_016787=310, P_012863=309, P_012865=302, Schi=249, P_011657=267, P_012867=311, P_011537=219, P_012869=305, P_016793=304, P_016791=315, P_016797=314, SJEV=315, P_016795=299, P_012871=295, P_012873=308, P_016799=307, P_012875=306, P_012877=299, P_012879=308, P_011549=287, P_007844=209, P_007845=43, S02=212, S04=74, P_012921=275, S03=287, P_012801=315, P_011713=199, P_012923=299, P_012803=311, P_011715=252, P_012925=303, S08=179, P_007843=272, P_012805=307, P_012927=307, P_012807=308, P_011719=29, P_012809=303, VYLQ=319, DHPO=323, GAP_80390=270, P2622=201, P2623=96, GAP_80394=314, XQWC=324, GAP_80393=318, GAP_80395=315, GAP_80397=314, P_012931=309, P_012811=306, WPHN=317, P_012933=290, P_012813=304, P_012935=300, P_012815=298, P_012937=312, P_012817=306, P_011607=7, P_012939=294, P_011609=180, P_012819=304, P2619=170, OSHQ=317, GAP_80389=283, P_012941=313, P_012821=307, P_011611=47, P_012823=310, P_011613=79, P_011735=307, S27=231, P_012825=311, P_012827=275, P_011739=257, P_012829=194, Dhai=300, P0104A=249, P_012831=290, P_011501=316, GAP_81226=310, P_012833=306, P_011745=266, GAP_81227=317, P_012835=308, S38=83, P_012837=315, P_012839=301, P_011509=315}
Number of gene trees: 327
327 trees have missing taxa
Calculating quartet distance matrix (for completion of X)
Species tree distances calculated ...
Will attempt to complete bipartitions from X before adding using a distance matrix.
Building set of clusters (X) from gene trees 
------------------------------
gradient0: 39941
Number of Clusters after addition by distance: 39941
calculating extra bipartitions to be added at level 1 ...
Adding to X using resolutions of greedy consensus ...
Limit for sigma of degrees:6150
polytomy size limit : 39
discarded polytomies:  [3, 3, 3, 3, 3, 3, 3, 3, 3, 3, 3, 3, 3, 3, 3, 3, 3, 3, 3, 3, 3, 3, 3, 3, 4, 4, 4, 4, 4, 4, 4, 4, 5, 5, 5, 5, 5, 6, 6, 7, 10, 10, 13, 13, 14, 20, 39]
Threshold 0.0:
Threshold 0.01:
Threshold 0.02:
polytomy of size 3; rounds with additions with at least 5 support: 0; clusters: 39943
polytomy of size 3; rounds with additions with at least 5 support: 0; clusters: 39947
Threshold 0.05:
polytomy of size 3; rounds with additions with at least 5 support: 0; clusters: 39947
polytomy of size 3; rounds with additions with at least 5 support: 0; clusters: 39947
polytomy of size 7; rounds with additions with at least 5 support: 0; clusters: 39949
polytomy of size 4; rounds with additions with at least 5 support: 0; clusters: 39949
Threshold 0.1:
polytomy of size 3; rounds with additions with at least 5 support: 0; clusters: 39949
polytomy of size 4; rounds with additions with at least 5 support: 0; clusters: 39949
polytomy of size 3; rounds with additions with at least 5 support: 0; clusters: 39949
polytomy of size 5; rounds with additions with at least 5 support: 0; clusters: 39949
polytomy of size 10; rounds with additions with at least 5 support: 0; clusters: 39951
polytomy of size 3; rounds with additions with at least 5 support: 0; clusters: 39951
polytomy of size 5; rounds with additions with at least 5 support: 0; clusters: 39951
Threshold 0.2:
polytomy of size 3; rounds with additions with at least 5 support: 0; clusters: 39951
polytomy of size 4; rounds with additions with at least 5 support: 0; clusters: 39951
polytomy of size 5; rounds with additions with at least 5 support: 0; clusters: 39951
polytomy of size 3; rounds with additions with at least 5 support: 0; clusters: 39951
polytomy of size 13; rounds with additions with at least 5 support: 0; clusters: 39953
polytomy of size 3; rounds with additions with at least 5 support: 0; clusters: 39953
polytomy of size 3; rounds with additions with at least 5 support: 0; clusters: 39953
polytomy of size 3; rounds with additions with at least 5 support: 0; clusters: 39953
polytomy of size 3; rounds with additions with at least 5 support: 0; clusters: 39953
polytomy of size 3; rounds with additions with at least 5 support: 0; clusters: 39953
polytomy of size 3; rounds with additions with at least 5 support: 0; clusters: 39953
polytomy of size 6; rounds with additions with at least 5 support: 0; clusters: 39953
polytomy of size 3; rounds with additions with at least 5 support: 0; clusters: 39953
polytomy of size 20; rounds with additions with at least 5 support: 1; clusters: 39989
Threshold 0.3333333333333333:
polytomy of size 3; rounds with additions with at least 5 support: 0; clusters: 39989
polytomy of size 4; rounds with additions with at least 5 support: 0; clusters: 39991
polytomy of size 4; rounds with additions with at least 5 support: 0; clusters: 39991
polytomy of size 3; rounds with additions with at least 5 support: 0; clusters: 39991
polytomy of size 10; rounds with additions with at least 5 support: 0; clusters: 39991
polytomy of size 14; rounds with additions with at least 5 support: 0; clusters: 39991
polytomy of size 4; rounds with additions with at least 5 support: 0; clusters: 39991
polytomy of size 4; rounds with additions with at least 5 support: 0; clusters: 39991
polytomy of size 3; rounds with additions with at least 5 support: 0; clusters: 39991
polytomy of size 4; rounds with additions with at least 5 support: 0; clusters: 39991
polytomy of size 3; rounds with additions with at least 5 support: 0; clusters: 39991
polytomy of size 3; rounds with additions with at least 5 support: 0; clusters: 39991
polytomy of size 3; rounds with additions with at least 5 support: 0; clusters: 39991
polytomy of size 6; rounds with additions with at least 5 support: 0; clusters: 39991
polytomy of size 3; rounds with additions with at least 5 support: 0; clusters: 39991
polytomy of size 3; rounds with additions with at least 5 support: 0; clusters: 39991
polytomy of size 13; rounds with additions with at least 5 support: 0; clusters: 40001
polytomy of size 5; rounds with additions with at least 5 support: 0; clusters: 40001
polytomy of size 5; rounds with additions with at least 5 support: 0; clusters: 40001
polytomy of size 39; rounds with additions with at least 5 support: 0; clusters: 40027
max k is :2
Number of Clusters after addition by greedy: 40027
gradient0 in heuristiic: 40027
partitions formed in 32.944 secs
Dynamic Programming starting after 32.944 secs
Using tree-based weight calculation.
Using polytree-based weight calculation.
Polytree max score: 22225739521
Polytree building time: 0.262 seconds.
Number of quartet trees in the gene trees: 22225739521
Size of largest cluster: 244
Greedy score: 19219706794
estimationFactor: 1.1564036725023517
Sub-optimal score: 19946867668
Calculated 100000 weights; time (seconds): 256
Total Number of elements weighted: 120579
Normalized score (portion of input quartet trees satisfied before correcting for multiple individuals): 0.9119798889413071
Optimization score: 20269427460
Optimal tree inferred in 313.36 secs.
(P_012871,(P_012849,((P_012807,P_012845),((P_012865,(P_012931,(P_012935,P_012933))),(P_012909,((PSJT,((GAP_81172,P_012833),((P_012927,GAP_80295),((P_012791,P_012915),(P_012869,(P_012823,(P_012819,P_012835))))))),((YZRI,((P_012801,(P_012879,P_012809)),(P_012839,(P_012805,(P_012799,P_012825))))),(((P_012937,(P_012939,P_006421)),((P_012803,P_012853),(P_012829,P_012837))),(P_012843,((P_012867,((P_012817,P_012899),(P_012847,P_012923))),(((P_012797,(P_012841,((P_012913,P_012877),(P_012811,(P_012891,P_012895))))),(((P_012857,(P_012815,P_012903)),((P_012925,P_012883),(P_012875,((P_012905,P_012831),(P_012901,(P_012851,P_012887)))))),(P_018689,((P_006420,GAP_80294),(P_012885,(P_012859,(((P_012873,P_012881),(GAP_80291,P_012907)),(((P_012911,(P_012821,P_012917)),(P_012897,(GAP_80293,P_012893))),(P_012889,((P_012863,P_006418),(P_012793,(GAP_80292,P_006419)))))))))))),((P_012861,((P_012855,(P_012827,P_007802)),((P_012813,P_018637),(P_012919,P_012921)))),((P_012795,P_012941),((GAP_80322,DHPO),(((P2622,P2623),(XQWC,(P0110C,(P0207A,(P0110B,(P0207C,(P0207B,(P0206H,P0206G)))))))),((OBPL,(((P_018639,P_018779),(P_018695,(P_018783,P_018645))),(P_018691,((P_016793,(P_006422,P_016795)),((P_016797,(P_007845,(GAP_80397,P_016799))),(P_018693,((P_014095,S08),((S04,(S38,(S27,P_016789))),((S03,P_014099),(P_016791,(S02,P_016787))))))))))),(((P0203H,((P_016909,WZFE),(OSHQ,(P_018831,P0109B)))),(((SJEV,(P_019193,(P_019187,Wsal))),(WKSU,(P_016921,(GAP_81227,(Pcol,(GAP_81226,P_006410)))))),((P_025525,(P_011589,(P_025523,P_025527))),(((Asie,QDVW),(P_019189,(PAWA,P_019197))),((CSSK,(OPDF,(P2589,P_019185))),((P_019191,P_019199),(GAP_80417,(GAP_79804,P2590)))))))),((WPHN,P_011613),(((GAP_79862,P_011587),(P_014081,(P0104A,P_008647))),((P_011609,(P2619,Sdec)),((WAIL,MAQO),(((P_011527,(P_014077,(GAP_80298,(P_014083,GAP_80297)))),(KRJP,((GAP_80395,P_011549),((P_011657,(P_011643,(P_011509,P_011651))),((GAP_80393,GAP_80394),((P_011647,(P_011465,(P_011501,(P_011523,(P_011487,P_011489))))),(P_011631,(P_011551,((P_007844,P_011637),(P_007843,(P_007783,P_006414))))))))))),(VYLQ,((P_011531,(P_011699,(P_006411,Schi))),((P_018635,P_008631),(P_011709,((P_011671,(P_008632,P_011579)),(((KAYP,(BCGB,ABSS)),(WIGA,(Dhai,(Apet,Msal)))),((P_014073,(P_011719,P_011607)),((P_006413,(P_011713,P_011705)),((P_011679,(P_016813,((GAP_80390,GAP_80389),(P_008646,(P_006412,P_008640))))),(P_011701,(P_011681,(P_011673,((P_011537,(P_011677,P_011739)),(P_011759,((P_011735,P_011675),(P_011715,(P_011745,P_011611)))))))))))))))))))))))))))))))))))))));
Final quartet score is: 20269427460
Final normalized quartet score is: 0.9119798889413071
You may want to ignore posterior probabilities and other statistics related to the following branch branch because the effective number of genes impacting it is only 1:
	{P_025523, P_025527}
You may want to ignore posterior probabilities and other statistics related to the following branch branch because the effective number of genes impacting it is only 1:
	{P_025523, P_025527, P_011589}
You may want to ignore posterior probabilities and other statistics related to the following branch branch because the effective number of genes impacting it is only 1:
	{P_011719, P_011607}
You may want to ignore posterior probabilities and other statistics related to the following branch branch because the effective number of genes impacting it is only 4:
	{P_011719, P_014073, P_011607}
Extended species tree:
(P0109B,(P_018831,(OSHQ,((P_016909,WZFE)55.54:0.40098256210734484,(P0203H,((((SJEV,(P_019193,(P_019187,Wsal)62.71:0.5739510958741575)86.5:1.5723959110306707)69.57:0.776694015429388,(WKSU,(P_016921,(GAP_81227,(Pcol,(GAP_81226,P_006410)79.12:1.1460345584166052)75.56:0.9913045079523493)57.9:0.4551397882990191)70.31:0.8011572345203147)68.92:0.7561822729463322)80.62:1.2217333013473763,((P_025525,(P_011589,(P_025523,P_025527)100:0.2876820724517809)100:0.2876820724517809)77.37:0.9943738350808649,(((Asie,QDVW)98.94:3.8115852218647337,(P_019189,(PAWA,P_019197)49.18:0.2669823098252771)39.2:0.08931270506356093)40.5:0.11134184157533702,((CSSK,(OPDF,(P2589,P_019185)49.42:0.27179867851348927)40.1:0.10448883480235927)70.94:0.8207929216745681,((P_019191,P_019199)54.42:0.3587266329537655,(GAP_80417,(GAP_79804,P2590)95.16:2.4769384801388226)72.74:0.8654143886621599)59.43:0.4847407112901745)78.13:1.1014357954290594)50.01:0.27757675688460687)50.51:0.28718217034275556)43.76:0.1674647247879702,(((WPHN,P_011613)35.25:0.02128511762622556,(((GAP_79862,P_011587)76.11:1.0105070530746183,(P_014081,(P0104A,P_008647)94.97:2.483992280983179)88.05:1.6811213085825176)74.23:0.9400414238022311,((P_011609,(P2619,Sdec)51.54:0.2957128099736571)69.46:0.7624175795495769,((WAIL,MAQO)91.5:2.0250769257132615,(((P_011527,(P_014077,(GAP_80298,(P_014083,GAP_80297)91.44:2.0027837057118907)37.41:0.05950495376452447)39.54:0.0919435474608227)95.85:2.6472911512213297,(KRJP,((GAP_80395,P_011549)94.01:2.3557180742832213,((P_011657,(P_011643,(P_011509,P_011651)76.83:1.0441349715253858)36.37:0.04431941098478737)80.83:1.2301326951520517,((GAP_80393,GAP_80394)74.74:0.960401753587715,((P_011647,(P_011465,(P_011501,(P_011523,(P_011487,P_011489)41.32:0.12530596919160825)36.3:0.04360072297469695)76:1.0112167839418815)84.34:1.4283173934502706)43.09:0.1550738661376041,(P_011631,(P_011551,((P_007844,P_011637)42.53:0.14468017609122505,(P_007843,(P_007783,P_006414)44.19:0.17453957375014623)53.41:0.3538072347485274)41.19:0.12123487873122805)38.53:0.07687969943395866)43.53:0.1624537398477182)78.32:1.1113859953923564)37.11:0.05629887103328962)91.77:2.055805619713814)60.66:0.5223601331891673)46.47:0.21625411222673918)48.25:0.24965576686816396,(VYLQ,((P_011531,(P_011699,(P_006411,Schi)70.11:0.7835692016995569)54.31:0.36836273978485906)86.68:1.5828445669777655,((P_018635,P_008631)34.22:0.0023067384194775404,(P_011709,((P_011671,(P_008632,P_011579)36.41:0.042876551709715306)86.35:1.5470165176836272,(((KAYP,(BCGB,ABSS)60.44:0.5132372223274947)36.03:0.038067442311520365,(WIGA,(Dhai,(Apet,Msal)39.31:0.08784528420394916)41.93:0.13518464075791123)55.59:0.4017596385515983)80.89:1.2346393438126655,((P_014073,(P_011719,P_011607)100:0.2876820724517809)28.99:0.0,((P_006413,(P_011713,P_011705)42.1:0.1336332465758936)40.59:0.11174731021812334,((P_011679,(P_016813,((GAP_80390,GAP_80389)93.47:2.2675896590363696,(P_008646,(P_006412,P_008640)81.26:1.2533319189949887)56.98:0.4324412719368421)44.39:0.17742042884550557)43.07:0.1537820598041695)49.75:0.27780271643946447,(P_011701,(P_011681,(P_011673,((P_011537,(P_011677,P_011739)76.97:1.0420861498110516)50.84:0.29867320341044273,(P_011759,((P_011735,P_011675)85.01:1.4698630170019442,(P_011715,(P_011745,P_011611)71.98:0.7996046497132054)50.07:0.2843408686080248)50.39:0.2911111390400829)41.9:0.13425756862735855)41.17:0.12144675950489639)37.24:0.05651968724439188)44.11:0.15540125615366654)59.41:0.46199735646139195)44.71:0.18372442015077295)44.25:0.16593445263778644)52.43:0.32153801653330716)44.08:0.1730202341935189)56.68:0.37772491688657345)55.4:0.3520687482610849)63.9:0.6064944377981419)49.36:0.2715244780210854)49.55:0.2753634307848925)56.53:0.42292493888378657)37.29:0.05816463498638008)39.06:0.08647372954410476)58.99:0.48067848386443035)72.02:0.8594434096549866,((OBPL,(((P_018639,P_018779)54.77:0.3823844838198881,(P_018695,(P_018783,P_018645)44.1:0.173268544500909)55.43:0.39803641056937006)58.25:0.4628636328406207,(P_018691,((P_016793,(P_006422,P_016795)62.01:0.5564120486398958)66.53:0.6816221822153866,((P_016797,(P_007845,(GAP_80397,P_016799)62.35:0.5317546187814837)55.76:0.3817336963273387)83.86:1.4011758066426898,(P_018693,((P_014095,S08)68.68:0.7305970290090454,((S04,(S38,(S27,P_016789)62.44:0.5494613699782253)43.07:0.13377313410429884)65.2:0.6207542050851628,((S03,P_014099)93.83:2.3263428369720267,(P_016791,(S02,P_016787)98.57:3.563054311728239)37.84:0.06757854578486433)39.19:0.08938595514658496)44.05:0.17058264190385672)67.49:0.7059661889039228)41.94:0.1352515480194633)32.91:0.0)41.76:0.12812883742965708)43.17:0.1521762289224276)64.89:0.6349826471222862)75.2:0.9792266529921518,(((P2622,P2623)47.23:0.22340716733740393,(XQWC,(P0110C,(P0207A,(P0110B,(P0207C,(P0207B,(P0206H,P0206G)45.01:0.18935210603114583)47.18:0.22959049506517748)38.01:0.06950631430799678)37.05:0.054308632135712326)85.18:1.4826755031803451)61.49:0.5428286642189668)62.98:0.5798534894974008)72.48:0.8717752591237933,((GAP_80322,DHPO)66.77:0.6896402455341925,((P_012795,P_012941)99.34:4.217979277838117,((P_012861,((P_012855,(P_012827,P_007802)89.02:1.7684710868331999)82.3:1.3092558304344575,((P_012813,P_018637)69.17:0.7631743090268411,(P_012919,P_012921)94.14:2.3735887937774787)93.19:2.2342737430660007)94.38:2.41662275578605)51.51:0.314695704127116,(((P_012797,(P_012841,((P_012913,P_012877)90.38:1.8982089210656694,(P_012811,(P_012891,P_012895)57.34:0.4417562879272116)94.98:2.5248050037539644)92.13:2.0979926593302443)55.3:0.3954837957563403)35.79:0.03576838069150008,(((P_012857,(P_012815,P_012903)89.93:1.8587183083381027)40.36:0.10902382086519267,((P_012925,P_012883)97.84:3.287270323329803,(P_012875,((P_012905,P_012831)64.82:0.6326774446925361,(P_012901,(P_012851,P_012887)97.97:3.34214573196721)37.18:0.05737397977568955)47.18:0.2297932792643506)80.46:1.2133149375020311)34.02:0.008589171932484048)74.16:0.9380680356266681,(P_018689,((P_006420,GAP_80294)87.33:1.6300032417581491,(P_012885,(P_012859,(((P_012873,P_012881)81.76:1.2798239684844168,(GAP_80291,P_012907)38:0.06976579585472786)34.7:0.01840291731394382,(((P_012911,(P_012821,P_012917)94.75:2.4807443165050143)81.07:1.242558588230528,(P_012897,(GAP_80293,P_012893)91.99:2.079455075897316)36.91:0.05223341789566321)35.36:0.028264901614416617,(P_012889,((P_012863,P_006418)40.1:0.10388087554919183,(P_012793,(GAP_80292,P_006419)96.82:2.9432293286844784)52.21:0.32802352311982)34.69:0.018154195210736263)40.23:0.10594810459434167)36.91:0.052439524191209265)36.65:0.0482895803333989)38.72:0.08136138850534982)35.91:0.036951746081417686)85.86:1.5303877100170737)89.04:1.7790196299157213)93.65:2.305520851144419)94.64:2.4668924499460116,((P_012867,((P_012817,P_012899)88.67:1.7461204457907356,(P_012847,P_012923)98.73:3.718179521891828)73.41:0.9099794057278177)97.51:3.1684179594936497,(P_012843,(((P_012937,(P_012939,P_006421)91:1.9676827238529024)98.62:3.6643198803299915,((P_012803,P_012853)35.22:0.02677580692515766,(P_012829,P_012837)87.16:1.6119472282789074)53.89:0.3647053509009121)47.2:0.2300938253042605,((YZRI,((P_012801,(P_012879,P_012809)99:3.912461339536962)72.03:0.8600697966187428,(P_012839,(P_012805,(P_012799,P_012825)51.11:0.3065950771025145)47.8:0.241438902191163)76.64:1.037722779741173)55.6:0.40239441437470147)41.92:0.13556956731077366,((PSJT,((GAP_81172,P_012833)97.08:3.0233853918789055,((P_012927,GAP_80295)97.32:3.099689414985224,((P_012791,P_012915)44.4:0.1788345673372127,(P_012869,(P_012823,(P_012819,P_012835)34.24:0.011970446464074823)75.75:1.000900628953967)96.93:2.9787310737845933)89.55:1.8255470735229946)45.51:0.19889364571403387)64.53:0.62498817471012)47.84:0.24246158977043245,(P_012909,((P_012865,(P_012931,(P_012935,P_012933)96.49:2.852140150119597)93.93:2.344451348076187)52.84:0.34228972942057573,((P_012807,P_012845)62.39:0.5667386254355841,(P_012849,P_012871)91.72:2.046368332672235)69.3:0.7679149693881833)95.7:2.670301925164233)36.48:0.04644850079303174)87.79:1.6750677908944718)87.21:1.6301427750634327)40.99:0.11969703673275287)79.94:1.1881839798220242)79.04:1.1449303139762803)43.8:0.1682232197476476)80.03:1.1924907800890934)93.4:2.26747269531623)47.46:0.23523555878938562)57.78:0.4523020524598373)82.65:1.3309582203258477)75.44:0.9884052813047669)81.79:1.2729120662836317)61.84:0.5492693559081566)53.34:0.3529671296048532)53.16:0.344221658649984));
Weight calculation took 264.150542458 secs
ASTRAL finished in 316.813 secs
